<?xml version="1.0" encoding="UTF-8"?>
<testsuites name="Primo WB booking" time="180" tests="2" failures="1" errors="0">
   <testsuite name="Primo WB booking" tests="2" failures="1" errors="0" time="180" timestamp="2017-10-30 10:13:22" hostname="Cornel - NEACSUNEW-PC.zlin.roweb.ro" id="Test Suites/Primo WB booking">
      <properties>
         <property name="deviceName" value="LGE Nexus 5 6.0.1"/>
         <property name="devicePlatform" value=""/>
         <property name="logFolder" value="C:\\Users\\Cornel\\Katalon Studio\\Primo WB test\\Reports\\Primo WB booking\\20171030_101320"/>
         <property name="logFiles" value="C:\\Users\\Cornel\\Katalon Studio\\Primo WB test\\Reports\\Primo WB booking\\20171030_101320\\appium.log, C:\\Users\\Cornel\\Katalon Studio\\Primo WB test\\Reports\\Primo WB booking\\20171030_101320\\execution0.log"/>
         <property name="attachments" value="C:\\Users\\Cornel\\Katalon Studio\\Primo WB test\\Reports\\Primo WB booking\\20171030_101320\\1509351271011.png, C:\\Users\\Cornel\\Katalon Studio\\Primo WB test\\Reports\\Primo WB booking\\20171030_101320\\1509351378902.png"/>
         <property name="hostName" value="Cornel - NEACSUNEW-PC.zlin.roweb.ro"/>
         <property name="os" value="Windows 8.1 64bit"/>
         <property name="katalonVersion" value="5.0.0.1"/>
         <property name="deviceOS" value="Android"/>
         <property name="appiumVersion" value="1.6.5"/>
         <property name="sessionId" value="e46e755e-97a6-4528-ae66-d02d96cf2899"/>
         <property name="deviceId" value="0b0b094f02a0a32e"/>
         <property name="deviceName" value="LGE Nexus 5 6.0.1"/>
         <property name="proxyInformation" value="ProxyInformation{proxyOption=NO_PROXY, proxyServerType=, password=, proxyServerAddress=, proxyServerPort=0}"/>
         <property name="deviceOSVersion" value="6.0.1"/>
         <property name="platform" value="Windows 8.1"/>
         <property name="browser" value="Chrome 61.0.3163.98"/>
         <property name="deviceModel" value="Nexus 5"/>
         <property name="hostAddress" value="10.10.10.211"/>
         <property name="deviceManufacturer" value="LGE"/>
         <property name="seleniumVersion" value="2.53.0"/>
      </properties>
      <testcase name="Test Cases/Main Test Cases/TC1_Verify Successful Login" classname="Test Cases/Main Test Cases/TC1_Verify Successful Login" status="PASSED">
         <system-out><![CDATA[2017-10-30 10:13:23 - [TEST_CASE][PASSED] - Test Cases/Main Test Cases/TC1_Verify Successful Login: Test Cases/Main Test Cases/TC1_Verify Successful Login

2017-10-30 10:13:23 - [TEST_STEP][PASSED] - comment: Story: Login to CURA system

2017-10-30 10:13:23 - [TEST_STEP][PASSED] - comment: Given that the user has the valid login information

2017-10-30 10:13:23 - [TEST_STEP][PASSED] - openBrowser: Browser is opened with url: 'http://demoaut.katalon.com'

2017-10-30 10:13:57 - [MESSAGE][PASSED] - Browser is opened with url: 'http://demoaut.katalon.com'

2017-10-30 10:13:57 - [TEST_STEP][PASSED] - click: Object: 'Object Repository/Page_CuraHomepage/btn_MakeAppointment' is clicked on

2017-10-30 10:13:59 - [MESSAGE][PASSED] - Object: 'Object Repository/Page_CuraHomepage/btn_MakeAppointment' is clicked on

2017-10-30 10:13:59 - [TEST_STEP][PASSED] - setText: Text 'John Doe' is set on object 'Object Repository/Page_Login/txt_UserName'

2017-10-30 10:14:00 - [MESSAGE][PASSED] - Text 'John Doe' is set on object 'Object Repository/Page_Login/txt_UserName'

2017-10-30 10:14:00 - [TEST_STEP][PASSED] - setText: Text 'ThisIsNotAPassword' is set on object 'Object Repository/Page_Login/txt_Password'

2017-10-30 10:14:02 - [MESSAGE][PASSED] - Text 'ThisIsNotAPassword' is set on object 'Object Repository/Page_Login/txt_Password'

2017-10-30 10:14:02 - [TEST_STEP][PASSED] - comment: When he logins to CURA system

2017-10-30 10:14:02 - [TEST_STEP][PASSED] - click: Object: 'Object Repository/Page_Login/btn_Login' is clicked on

2017-10-30 10:14:04 - [MESSAGE][PASSED] - Object: 'Object Repository/Page_Login/btn_Login' is clicked on

2017-10-30 10:14:04 - [TEST_STEP][PASSED] - comment: Then he should be able to login successfully

2017-10-30 10:14:04 - [TEST_STEP][PASSED] - Statement - landingPage = com.kms.katalon.core.webui.keyword.WebUiBuiltInKeywords.verifyElementPresent(com.kms.katalon.core.testobject.ObjectRepository.findTestObject(Page_CuraAppointment/div_Appointment), G_Timeout): Object 'Object Repository/Page_CuraAppointment/div_Appointment' is present

2017-10-30 10:14:04 - [MESSAGE][PASSED] - Object 'Object Repository/Page_CuraAppointment/div_Appointment' is present

2017-10-30 10:14:04 - [TEST_STEP][PASSED] - closeBrowser: Browser is closed

2017-10-30 10:14:07 - [MESSAGE][PASSED] - Browser is closed]]></system-out>
         <system-err><![CDATA[]]></system-err>
      </testcase>
      <testcase name="Test Cases/WB Primo - place booking" classname="Test Cases/WB Primo - place booking" status="PASSED">
         <system-out><![CDATA[2017-10-30 10:14:07 - [TEST_CASE][PASSED] - Test Cases/WB Primo - place booking: Test Cases/WB Primo - place booking

2017-10-30 10:14:08 - [TEST_STEP][PASSED] - openBrowser: Browser is opened with url: ''

2017-10-30 10:14:30 - [MESSAGE][PASSED] - Browser is opened with url: ''

2017-10-30 10:14:30 - [TEST_STEP][PASSED] - maximizeWindow: Unable to maximize current window (Root cause: org.openqa.selenium.WebDriverException: unknown error: operation is unsupported on Android
  (Session info: chrome=61.0.3163.98)
  (Driver info: chromedriver=2.28.455520 (cc17746adff54984afff480136733114c6b3704b),platform=Windows NT 6.3.9600 x86_64) (WARNING: The server did not provide any stacktrace information)
Command duration or timeout: 406 milliseconds
Build info: version: '2.53.0', revision: '35ae25b', time: '2016-03-15 17:00:58'
System info: host: 'NEACSUNEW-PC', ip: '10.10.10.211', os.name: 'Windows 8.1', os.arch: 'amd64', os.version: '6.3', java.version: '1.8.0_102'
Driver info: com.kms.katalon.core.appium.driver.SwipeableAndroidDriver
Capabilities [{deviceScreenSize=1080x1920, networkConnectionEnabled=true, warnings={}, databaseEnabled=false, deviceName=0b0b094f02a0a32e, platform=ANDROID, deviceUDID=0b0b094f02a0a32e, desired={newCommandTimeout=1800, browserName=Chrome, udid=0b0b094f02a0a32e, platformName=Android, deviceName=LGE Nexus 5 6.0.1, platform=ANDROID}, newCommandTimeout=1800, platformVersion=6.0.1, webStorageEnabled=false, locationContextEnabled=false, takesScreenshot=true, browserName=Chrome, javascriptEnabled=true, deviceModel=Nexus 5, udid=0b0b094f02a0a32e, platformName=Android, deviceManufacturer=LGE}]
Session ID: d54a1075-9d0a-48a6-b213-1aaedac1a3ee)

2017-10-30 10:14:31 - [MESSAGE][WARNING] - Unable to maximize current window (Root cause: org.openqa.selenium.WebDriverException: unknown error: operation is unsupported on Android
  (Session info: chrome=61.0.3163.98)
  (Driver info: chromedriver=2.28.455520 (cc17746adff54984afff480136733114c6b3704b),platform=Windows NT 6.3.9600 x86_64) (WARNING: The server did not provide any stacktrace information)
Command duration or timeout: 406 milliseconds
Build info: version: '2.53.0', revision: '35ae25b', time: '2016-03-15 17:00:58'
System info: host: 'NEACSUNEW-PC', ip: '10.10.10.211', os.name: 'Windows 8.1', os.arch: 'amd64', os.version: '6.3', java.version: '1.8.0_102'
Driver info: com.kms.katalon.core.appium.driver.SwipeableAndroidDriver
Capabilities [{deviceScreenSize=1080x1920, networkConnectionEnabled=true, warnings={}, databaseEnabled=false, deviceName=0b0b094f02a0a32e, platform=ANDROID, deviceUDID=0b0b094f02a0a32e, desired={newCommandTimeout=1800, browserName=Chrome, udid=0b0b094f02a0a32e, platformName=Android, deviceName=LGE Nexus 5 6.0.1, platform=ANDROID}, newCommandTimeout=1800, platformVersion=6.0.1, webStorageEnabled=false, locationContextEnabled=false, takesScreenshot=true, browserName=Chrome, javascriptEnabled=true, deviceModel=Nexus 5, udid=0b0b094f02a0a32e, platformName=Android, deviceManufacturer=LGE}]
Session ID: d54a1075-9d0a-48a6-b213-1aaedac1a3ee)
[[ATTACHMENT|C:\\Users\\Cornel\\Katalon Studio\\Primo WB test\\Reports\\Primo WB booking\\20171030_101320\\1509351271011.png]]

2017-10-30 10:14:31 - [TEST_STEP][PASSED] - navigateToUrl: Navigate to 'https://primotours-webbooking.tourpaq.com/DoBooking.aspx?pltaID=1480269&p=1&rno=1&pt=1&a=2&c=0&aa=&ca=' successfully

2017-10-30 10:14:46 - [MESSAGE][PASSED] - Navigate to 'https://primotours-webbooking.tourpaq.com/DoBooking.aspx?pltaID=1480269&p=1&rno=1&pt=1&a=2&c=0&aa=&ca=' successfully

2017-10-30 10:14:46 - [TEST_STEP][PASSED] - setText: Text 'Cornel' is set on object 'Object Repository/Coco/PrimoT/Page_Primo Tours  Danmarks bedste c/input_firstName'

2017-10-30 10:14:50 - [MESSAGE][PASSED] - Text 'Cornel' is set on object 'Object Repository/Coco/PrimoT/Page_Primo Tours  Danmarks bedste c/input_firstName'

2017-10-30 10:14:50 - [TEST_STEP][PASSED] - setText: Text 'Neacsu' is set on object 'Object Repository/Coco/PrimoT/Page_Primo Tours  Danmarks bedste c/input_lastName'

2017-10-30 10:14:52 - [MESSAGE][PASSED] - Text 'Neacsu' is set on object 'Object Repository/Coco/PrimoT/Page_Primo Tours  Danmarks bedste c/input_lastName'

2017-10-30 10:14:52 - [TEST_STEP][PASSED] - setText: Text 'Home address' is set on object 'Object Repository/Coco/PrimoT/Page_Primo Tours  Danmarks bedste c/input_customerAddress'

2017-10-30 10:14:54 - [MESSAGE][PASSED] - Text 'Home address' is set on object 'Object Repository/Coco/PrimoT/Page_Primo Tours  Danmarks bedste c/input_customerAddress'

2017-10-30 10:14:54 - [TEST_STEP][PASSED] - setText: Text '6700' is set on object 'Object Repository/Coco/PrimoT/Page_Primo Tours  Danmarks bedste c/input_customerPostcode'

2017-10-30 10:14:56 - [MESSAGE][PASSED] - Text '6700' is set on object 'Object Repository/Coco/PrimoT/Page_Primo Tours  Danmarks bedste c/input_customerPostcode'

2017-10-30 10:14:56 - [TEST_STEP][PASSED] - setText: Text 'cornel.neacsu@roweb.ro' is set on object 'Object Repository/Coco/PrimoT/Page_Primo Tours  Danmarks bedste c/input_customerEmail'

2017-10-30 10:14:59 - [MESSAGE][PASSED] - Text 'cornel.neacsu@roweb.ro' is set on object 'Object Repository/Coco/PrimoT/Page_Primo Tours  Danmarks bedste c/input_customerEmail'

2017-10-30 10:14:59 - [TEST_STEP][PASSED] - setText: Text '12345678' is set on object 'Object Repository/Coco/PrimoT/Page_Primo Tours  Danmarks bedste c/input_customerPhone'

2017-10-30 10:15:02 - [MESSAGE][PASSED] - Text '12345678' is set on object 'Object Repository/Coco/PrimoT/Page_Primo Tours  Danmarks bedste c/input_customerPhone'

2017-10-30 10:15:02 - [TEST_STEP][PASSED] - setText: Text 'FirstName of passenger' is set on object 'Object Repository/Coco/PrimoT/Page_Primo Tours  Danmarks bedste c/input_firstname-0_1'

2017-10-30 10:15:05 - [MESSAGE][PASSED] - Text 'FirstName of passenger' is set on object 'Object Repository/Coco/PrimoT/Page_Primo Tours  Danmarks bedste c/input_firstname-0_1'

2017-10-30 10:15:05 - [TEST_STEP][PASSED] - setText: Text 'Last name of passenger' is set on object 'Object Repository/Coco/PrimoT/Page_Primo Tours  Danmarks bedste c/input_lastname0_1'

2017-10-30 10:15:09 - [MESSAGE][PASSED] - Text 'Last name of passenger' is set on object 'Object Repository/Coco/PrimoT/Page_Primo Tours  Danmarks bedste c/input_lastname0_1'

2017-10-30 10:15:09 - [TEST_STEP][PASSED] - scrollToElement: Scroll to object 'Object Repository/Coco/PrimoT/SaveBooking2/Success/span_kr. 7.892-' successfully

2017-10-30 10:15:10 - [MESSAGE][PASSED] - Scroll to object 'Object Repository/Coco/PrimoT/SaveBooking2/Success/span_kr. 7.892-' successfully

2017-10-30 10:15:10 - [TEST_STEP][PASSED] - click: Object: 'Object Repository/Coco/PrimoT/SaveBooking2/Success/span_kr. 7.892-' is clicked on

2017-10-30 10:15:11 - [MESSAGE][PASSED] - Object: 'Object Repository/Coco/PrimoT/SaveBooking2/Success/span_kr. 7.892-' is clicked on

2017-10-30 10:15:11 - [TEST_STEP][PASSED] - scrollToElement: Scroll to object 'Object Repository/Coco/PrimoT/Page_Primo Tours  Danmarks bedste c/Page_Primo Tours  Danmarks bedste c/Page_Primo Tours  Danmarks bedste c/i_fa fa-arrow-circle-right' successfully

2017-10-30 10:15:11 - [MESSAGE][PASSED] - Scroll to object 'Object Repository/Coco/PrimoT/Page_Primo Tours  Danmarks bedste c/Page_Primo Tours  Danmarks bedste c/Page_Primo Tours  Danmarks bedste c/i_fa fa-arrow-circle-right' successfully

2017-10-30 10:15:11 - [TEST_STEP][PASSED] - waitForElementClickable: Object 'Object Repository/Coco/PrimoT/Page_Primo Tours  Danmarks bedste c/Page_Primo Tours  Danmarks bedste c/Page_Primo Tours  Danmarks bedste c/i_fa fa-arrow-circle-right' is clickable

2017-10-30 10:15:12 - [MESSAGE][PASSED] - Object 'Object Repository/Coco/PrimoT/Page_Primo Tours  Danmarks bedste c/Page_Primo Tours  Danmarks bedste c/Page_Primo Tours  Danmarks bedste c/i_fa fa-arrow-circle-right' is clickable

2017-10-30 10:15:12 - [TEST_STEP][PASSED] - waitForElementVisible: Object 'Object Repository/Coco/PrimoT/Page_Primo Tours  Danmarks bedste c/Page_Primo Tours  Danmarks bedste c/Page_Primo Tours  Danmarks bedste c/i_fa fa-arrow-circle-right' is visible

2017-10-30 10:15:12 - [MESSAGE][PASSED] - Object 'Object Repository/Coco/PrimoT/Page_Primo Tours  Danmarks bedste c/Page_Primo Tours  Danmarks bedste c/Page_Primo Tours  Danmarks bedste c/i_fa fa-arrow-circle-right' is visible

2017-10-30 10:15:12 - [TEST_STEP][PASSED] - scrollToElement: Scroll to object 'Object Repository/Coco/PrimoT/Page_Primo Tours  Danmarks bedste c/Page_Primo Tours  Danmarks bedste c/Page_Primo Tours  Danmarks bedste c/i_fa fa-arrow-circle-right' successfully

2017-10-30 10:15:12 - [MESSAGE][PASSED] - Scroll to object 'Object Repository/Coco/PrimoT/Page_Primo Tours  Danmarks bedste c/Page_Primo Tours  Danmarks bedste c/Page_Primo Tours  Danmarks bedste c/i_fa fa-arrow-circle-right' successfully

2017-10-30 10:15:12 - [TEST_STEP][PASSED] - click: Object: 'Object Repository/Coco/PrimoT/Page_Primo Tours  Danmarks bedste c/Page_Primo Tours  Danmarks bedste c/Page_Primo Tours  Danmarks bedste c/i_fa fa-arrow-circle-right' is clicked on

2017-10-30 10:15:13 - [MESSAGE][PASSED] - Object: 'Object Repository/Coco/PrimoT/Page_Primo Tours  Danmarks bedste c/Page_Primo Tours  Danmarks bedste c/Page_Primo Tours  Danmarks bedste c/i_fa fa-arrow-circle-right' is clicked on

2017-10-30 10:15:13 - [TEST_STEP][PASSED] - waitForElementPresent: Object 'Object Repository/Coco/PrimoT/Ins2/Page_Primo Tours  Danmarks bedste c/span_Vlg forsikring' is present

2017-10-30 10:15:20 - [MESSAGE][PASSED] - Object 'Object Repository/Coco/PrimoT/Ins2/Page_Primo Tours  Danmarks bedste c/span_Vlg forsikring' is present

2017-10-30 10:15:20 - [TEST_STEP][PASSED] - click: Object: 'Object Repository/Coco/PrimoT/Ins2/Page_Primo Tours  Danmarks bedste c/span_Vlg forsikring' is clicked on

2017-10-30 10:15:23 - [MESSAGE][PASSED] - Object: 'Object Repository/Coco/PrimoT/Ins2/Page_Primo Tours  Danmarks bedste c/span_Vlg forsikring' is clicked on

2017-10-30 10:15:23 - [TEST_STEP][PASSED] - click: Object: 'Object Repository/Coco/PrimoT/Ins2/Page_Primo Tours  Danmarks bedste c/li_Har selv forsikring - kr. 0' is clicked on

2017-10-30 10:15:25 - [MESSAGE][PASSED] - Object: 'Object Repository/Coco/PrimoT/Ins2/Page_Primo Tours  Danmarks bedste c/li_Har selv forsikring - kr. 0' is clicked on

2017-10-30 10:15:25 - [TEST_STEP][NOT_RUN] - click: NOT_RUN: click

2017-10-30 10:15:25 - [MESSAGE][NOT_RUN] - NOT_RUN: click

2017-10-30 10:15:25 - [TEST_STEP][NOT_RUN] - scrollToElement: NOT_RUN: scrollToElement

2017-10-30 10:15:25 - [MESSAGE][NOT_RUN] - NOT_RUN: scrollToElement

2017-10-30 10:15:25 - [TEST_STEP][NOT_RUN] - click: NOT_RUN: click

2017-10-30 10:15:25 - [MESSAGE][NOT_RUN] - NOT_RUN: click

2017-10-30 10:15:25 - [TEST_STEP][PASSED] - scrollToElement: Scroll to object 'Object Repository/Coco/PrimoT/SaveBooking2/Page_Primo Tours  Danmarks bedste c/a_toggle checkbox kalypto' successfully

2017-10-30 10:15:25 - [MESSAGE][PASSED] - Scroll to object 'Object Repository/Coco/PrimoT/SaveBooking2/Page_Primo Tours  Danmarks bedste c/a_toggle checkbox kalypto' successfully

2017-10-30 10:15:25 - [TEST_STEP][PASSED] - waitForElementVisible: Object 'Object Repository/Coco/PrimoT/SaveBooking2/Page_Primo Tours  Danmarks bedste c/a_toggle checkbox kalypto' is visible

2017-10-30 10:15:26 - [MESSAGE][PASSED] - Object 'Object Repository/Coco/PrimoT/SaveBooking2/Page_Primo Tours  Danmarks bedste c/a_toggle checkbox kalypto' is visible

2017-10-30 10:15:26 - [TEST_STEP][PASSED] - click: Object: 'Object Repository/Coco/PrimoT/SaveBooking2/Page_Primo Tours  Danmarks bedste c/a_toggle checkbox kalypto' is clicked on

2017-10-30 10:15:26 - [MESSAGE][PASSED] - Object: 'Object Repository/Coco/PrimoT/SaveBooking2/Page_Primo Tours  Danmarks bedste c/a_toggle checkbox kalypto' is clicked on

2017-10-30 10:15:26 - [TEST_STEP][PASSED] - scrollToElement: Scroll to object 'Object Repository/Coco/PrimoT/SaveBooking2/Success/a_toggle radio kalypto' successfully

2017-10-30 10:15:27 - [MESSAGE][PASSED] - Scroll to object 'Object Repository/Coco/PrimoT/SaveBooking2/Success/a_toggle radio kalypto' successfully

2017-10-30 10:15:27 - [TEST_STEP][PASSED] - click: Object: 'Object Repository/Coco/PrimoT/SaveBooking2/Success/a_toggle radio kalypto' is clicked on

2017-10-30 10:15:28 - [MESSAGE][PASSED] - Object: 'Object Repository/Coco/PrimoT/SaveBooking2/Success/a_toggle radio kalypto' is clicked on

2017-10-30 10:15:28 - [TEST_STEP][PASSED] - scrollToElement: Scroll to object 'Object Repository/Coco/PrimoT/SaveBooking2/Success/a_toggle checkbox kalypto (1)' successfully

2017-10-30 10:15:28 - [MESSAGE][PASSED] - Scroll to object 'Object Repository/Coco/PrimoT/SaveBooking2/Success/a_toggle checkbox kalypto (1)' successfully

2017-10-30 10:15:28 - [TEST_STEP][PASSED] - click: Object: 'Object Repository/Coco/PrimoT/SaveBooking2/Success/a_toggle checkbox kalypto (1)' is clicked on

2017-10-30 10:15:29 - [MESSAGE][PASSED] - Object: 'Object Repository/Coco/PrimoT/SaveBooking2/Success/a_toggle checkbox kalypto (1)' is clicked on

2017-10-30 10:15:29 - [TEST_STEP][NOT_RUN] - scrollToElement: NOT_RUN: scrollToElement

2017-10-30 10:15:29 - [MESSAGE][NOT_RUN] - NOT_RUN: scrollToElement

2017-10-30 10:15:29 - [TEST_STEP][NOT_RUN] - scrollToElement: NOT_RUN: scrollToElement

2017-10-30 10:15:29 - [MESSAGE][NOT_RUN] - NOT_RUN: scrollToElement

2017-10-30 10:15:29 - [TEST_STEP][NOT_RUN] - click: NOT_RUN: click

2017-10-30 10:15:29 - [MESSAGE][NOT_RUN] - NOT_RUN: click

2017-10-30 10:15:29 - [TEST_STEP][PASSED] - scrollToElement: Scroll to object 'Object Repository/Coco/PrimoT/SaveBooking2/Success/a_toggle checkbox kalypto' successfully

2017-10-30 10:15:29 - [MESSAGE][PASSED] - Scroll to object 'Object Repository/Coco/PrimoT/SaveBooking2/Success/a_toggle checkbox kalypto' successfully

2017-10-30 10:15:29 - [TEST_STEP][PASSED] - click: Object: 'Object Repository/Coco/PrimoT/SaveBooking2/Success/a_toggle checkbox kalypto' is clicked on

2017-10-30 10:15:30 - [MESSAGE][PASSED] - Object: 'Object Repository/Coco/PrimoT/SaveBooking2/Success/a_toggle checkbox kalypto' is clicked on

2017-10-30 10:15:30 - [TEST_STEP][PASSED] - scrollToElement: Scroll to object 'Object Repository/Coco/PrimoT/SaveBooking2/Page_Primo Tours  Danmarks bedste c/a_btn btn-success col-xs-12 st' successfully

2017-10-30 10:15:31 - [MESSAGE][PASSED] - Scroll to object 'Object Repository/Coco/PrimoT/SaveBooking2/Page_Primo Tours  Danmarks bedste c/a_btn btn-success col-xs-12 st' successfully

2017-10-30 10:15:31 - [TEST_STEP][PASSED] - waitForElementClickable: Object 'Object Repository/Coco/PrimoT/SaveBooking2/Page_Primo Tours  Danmarks bedste c/a_btn btn-success col-xs-12 st' is clickable

2017-10-30 10:15:32 - [MESSAGE][PASSED] - Object 'Object Repository/Coco/PrimoT/SaveBooking2/Page_Primo Tours  Danmarks bedste c/a_btn btn-success col-xs-12 st' is clickable

2017-10-30 10:15:32 - [TEST_STEP][NOT_RUN] - click: NOT_RUN: click

2017-10-30 10:15:32 - [MESSAGE][NOT_RUN] - NOT_RUN: click]]></system-out>
         <system-err><![CDATA[]]></system-err>
      </testcase>
      <testcase name="Test Cases/Main Test Cases/TC2_Verify Successful Appointment" classname="Test Cases/Main Test Cases/TC2_Verify Successful Appointment" status="FAILED">
         <failure type="FAILED" message="Unable to click on object 'Object Repository/Page_CuraAppointment/btn_BookAppointment' (Root cause: org.openqa.selenium.WebDriverException: unknown error: Element is not clickable at point (68, 282)
  (Session info: chrome=61.0.3163.98)
  (Driver info: chromedriver=2.28.455520 (cc17746adff54984afff480136733114c6b3704b),platform=Windows NT 6.3.9600 x86_64) (WARNING: The server did not provide any stacktrace information)
Command duration or timeout: 368 milliseconds
Build info: version: '2.53.0', revision: '35ae25b', time: '2016-03-15 17:00:58'
System info: host: 'NEACSUNEW-PC', ip: '10.10.10.211', os.name: 'Windows 8.1', os.arch: 'amd64', os.version: '6.3', java.version: '1.8.0_102'
Driver info: com.kms.katalon.core.appium.driver.SwipeableAndroidDriver
Capabilities [{deviceScreenSize=1080x1920, networkConnectionEnabled=true, warnings={}, databaseEnabled=false, deviceName=0b0b094f02a0a32e, platform=ANDROID, deviceUDID=0b0b094f02a0a32e, desired={newCommandTimeout=1800, browserName=Chrome, udid=0b0b094f02a0a32e, platformName=Android, deviceName=LGE Nexus 5 6.0.1, platform=ANDROID}, newCommandTimeout=1800, platformVersion=6.0.1, webStorageEnabled=false, locationContextEnabled=false, takesScreenshot=true, browserName=Chrome, javascriptEnabled=true, deviceModel=Nexus 5, udid=0b0b094f02a0a32e, platformName=Android, deviceManufacturer=LGE}]
Session ID: e46e755e-97a6-4528-ae66-d02d96cf2899)"/>
         <system-out><![CDATA[2017-10-30 10:15:32 - [TEST_CASE][FAILED] - Test Cases/Main Test Cases/TC2_Verify Successful Appointment: Test Cases/Main Test Cases/TC2_Verify Successful Appointment FAILED because (of) Unable to click on object 'Object Repository/Page_CuraAppointment/btn_BookAppointment' (Root cause: org.openqa.selenium.WebDriverException: unknown error: Element is not clickable at point (68, 282)
  (Session info: chrome=61.0.3163.98)
  (Driver info: chromedriver=2.28.455520 (cc17746adff54984afff480136733114c6b3704b),platform=Windows NT 6.3.9600 x86_64) (WARNING: The server did not provide any stacktrace information)
Command duration or timeout: 368 milliseconds
Build info: version: '2.53.0', revision: '35ae25b', time: '2016-03-15 17:00:58'
System info: host: 'NEACSUNEW-PC', ip: '10.10.10.211', os.name: 'Windows 8.1', os.arch: 'amd64', os.version: '6.3', java.version: '1.8.0_102'
Driver info: com.kms.katalon.core.appium.driver.SwipeableAndroidDriver
Capabilities [{deviceScreenSize=1080x1920, networkConnectionEnabled=true, warnings={}, databaseEnabled=false, deviceName=0b0b094f02a0a32e, platform=ANDROID, deviceUDID=0b0b094f02a0a32e, desired={newCommandTimeout=1800, browserName=Chrome, udid=0b0b094f02a0a32e, platformName=Android, deviceName=LGE Nexus 5 6.0.1, platform=ANDROID}, newCommandTimeout=1800, platformVersion=6.0.1, webStorageEnabled=false, locationContextEnabled=false, takesScreenshot=true, browserName=Chrome, javascriptEnabled=true, deviceModel=Nexus 5, udid=0b0b094f02a0a32e, platformName=Android, deviceManufacturer=LGE}]
Session ID: e46e755e-97a6-4528-ae66-d02d96cf2899)

2017-10-30 10:15:32 - [TEST_STEP][PASSED] - comment: Story: Book an appointment

2017-10-30 10:15:32 - [TEST_STEP][PASSED] - comment: Given that the user has logged into their account

2017-10-30 10:15:32 - [TEST_STEP][PASSED] - openBrowser: Browser is opened with url: 'http://demoaut.katalon.com'

2017-10-30 10:15:32 - [MESSAGE][WARNING] - A browser is already opened. Closing browser and opening a new one

2017-10-30 10:16:00 - [MESSAGE][PASSED] - Browser is opened with url: 'http://demoaut.katalon.com'

2017-10-30 10:16:00 - [TEST_STEP][PASSED] - callTestCase: Call Test Case 'Test Cases/Common Test Cases/Login' successfully

2017-10-30 10:16:00 - [TEST_CASE][PASSED] - Test Cases/Common Test Cases/Login: Test Cases/Common Test Cases/Login

2017-10-30 10:16:00 - [TEST_STEP][PASSED] - click: Object: 'Object Repository/Page_CuraHomepage/btn_MakeAppointment' is clicked on

2017-10-30 10:16:02 - [MESSAGE][PASSED] - Object: 'Object Repository/Page_CuraHomepage/btn_MakeAppointment' is clicked on

2017-10-30 10:16:02 - [TEST_STEP][PASSED] - setText: Text 'John Doe' is set on object 'Object Repository/Page_Login/txt_UserName'

2017-10-30 10:16:04 - [MESSAGE][PASSED] - Text 'John Doe' is set on object 'Object Repository/Page_Login/txt_UserName'

2017-10-30 10:16:04 - [TEST_STEP][PASSED] - setText: Text 'ThisIsNotAPassword' is set on object 'Object Repository/Page_Login/txt_Password'

2017-10-30 10:16:06 - [MESSAGE][PASSED] - Text 'ThisIsNotAPassword' is set on object 'Object Repository/Page_Login/txt_Password'

2017-10-30 10:16:06 - [TEST_STEP][PASSED] - click: Object: 'Object Repository/Page_Login/btn_Login' is clicked on

2017-10-30 10:16:08 - [MESSAGE][PASSED] - Object: 'Object Repository/Page_Login/btn_Login' is clicked on

2017-10-30 10:16:08 - [TEST_STEP][PASSED] - Statement - landingPage = com.kms.katalon.core.webui.keyword.WebUiBuiltInKeywords.verifyElementPresent(com.kms.katalon.core.testobject.ObjectRepository.findTestObject(Page_CuraAppointment/div_Appointment), G_Timeout): Object 'Object Repository/Page_CuraAppointment/div_Appointment' is present

2017-10-30 10:16:08 - [MESSAGE][PASSED] - Object 'Object Repository/Page_CuraAppointment/div_Appointment' is present

2017-10-30 10:16:08 - [MESSAGE][PASSED] - Call Test Case 'Test Cases/Common Test Cases/Login' successfully

2017-10-30 10:16:08 - [TEST_STEP][PASSED] - comment: And Appointment page is displayed

2017-10-30 10:16:08 - [TEST_STEP][PASSED] - Statement - If (true): Text 'Please make appointment as soon as possible.' is set on object 'Object Repository/Page_CuraAppointment/txt_Comment'

2017-10-30 10:16:08 - [TEST_STEP][PASSED] - selectOptionByLabel: All options with label 'Hongkong CURA Healthcare Center' are selected in object 'Object Repository/Page_CuraAppointment/lst_Facility' 

2017-10-30 10:16:10 - [MESSAGE][PASSED] - All options with label 'Hongkong CURA Healthcare Center' are selected in object 'Object Repository/Page_CuraAppointment/lst_Facility' 

2017-10-30 10:16:10 - [TEST_STEP][PASSED] - check: Object 'Object Repository/Page_CuraAppointment/chk_Medicaid' is checked

2017-10-30 10:16:11 - [MESSAGE][PASSED] - Object 'Object Repository/Page_CuraAppointment/chk_Medicaid' is checked

2017-10-30 10:16:11 - [TEST_STEP][PASSED] - check: Object 'Object Repository/Page_CuraAppointment/chk_Readmission' is checked

2017-10-30 10:16:12 - [MESSAGE][PASSED] - Object 'Object Repository/Page_CuraAppointment/chk_Readmission' is checked

2017-10-30 10:16:12 - [TEST_STEP][PASSED] - setText: Text '27/12/2016' is set on object 'Object Repository/Page_CuraAppointment/txt_VisitDate'

2017-10-30 10:16:15 - [MESSAGE][PASSED] - Text '27/12/2016' is set on object 'Object Repository/Page_CuraAppointment/txt_VisitDate'

2017-10-30 10:16:15 - [TEST_STEP][PASSED] - setText: Text 'Please make appointment as soon as possible.' is set on object 'Object Repository/Page_CuraAppointment/txt_Comment'

2017-10-30 10:16:18 - [MESSAGE][PASSED] - Text 'Please make appointment as soon as possible.' is set on object 'Object Repository/Page_CuraAppointment/txt_Comment'

2017-10-30 10:16:18 - [TEST_STEP][PASSED] - comment: When he fills in valid information in Appointment page

2017-10-30 10:16:18 - [TEST_STEP][FAILED] - click: Unable to click on object 'Object Repository/Page_CuraAppointment/btn_BookAppointment' (Root cause: org.openqa.selenium.WebDriverException: unknown error: Element is not clickable at point (68, 282)
  (Session info: chrome=61.0.3163.98)
  (Driver info: chromedriver=2.28.455520 (cc17746adff54984afff480136733114c6b3704b),platform=Windows NT 6.3.9600 x86_64) (WARNING: The server did not provide any stacktrace information)
Command duration or timeout: 368 milliseconds
Build info: version: '2.53.0', revision: '35ae25b', time: '2016-03-15 17:00:58'
System info: host: 'NEACSUNEW-PC', ip: '10.10.10.211', os.name: 'Windows 8.1', os.arch: 'amd64', os.version: '6.3', java.version: '1.8.0_102'
Driver info: com.kms.katalon.core.appium.driver.SwipeableAndroidDriver
Capabilities [{deviceScreenSize=1080x1920, networkConnectionEnabled=true, warnings={}, databaseEnabled=false, deviceName=0b0b094f02a0a32e, platform=ANDROID, deviceUDID=0b0b094f02a0a32e, desired={newCommandTimeout=1800, browserName=Chrome, udid=0b0b094f02a0a32e, platformName=Android, deviceName=LGE Nexus 5 6.0.1, platform=ANDROID}, newCommandTimeout=1800, platformVersion=6.0.1, webStorageEnabled=false, locationContextEnabled=false, takesScreenshot=true, browserName=Chrome, javascriptEnabled=true, deviceModel=Nexus 5, udid=0b0b094f02a0a32e, platformName=Android, deviceManufacturer=LGE}]
Session ID: e46e755e-97a6-4528-ae66-d02d96cf2899)

2017-10-30 10:16:19 - [MESSAGE][FAILED] - Unable to click on object 'Object Repository/Page_CuraAppointment/btn_BookAppointment' (Root cause: org.openqa.selenium.WebDriverException: unknown error: Element is not clickable at point (68, 282)
  (Session info: chrome=61.0.3163.98)
  (Driver info: chromedriver=2.28.455520 (cc17746adff54984afff480136733114c6b3704b),platform=Windows NT 6.3.9600 x86_64) (WARNING: The server did not provide any stacktrace information)
Command duration or timeout: 368 milliseconds
Build info: version: '2.53.0', revision: '35ae25b', time: '2016-03-15 17:00:58'
System info: host: 'NEACSUNEW-PC', ip: '10.10.10.211', os.name: 'Windows 8.1', os.arch: 'amd64', os.version: '6.3', java.version: '1.8.0_102'
Driver info: com.kms.katalon.core.appium.driver.SwipeableAndroidDriver
Capabilities [{deviceScreenSize=1080x1920, networkConnectionEnabled=true, warnings={}, databaseEnabled=false, deviceName=0b0b094f02a0a32e, platform=ANDROID, deviceUDID=0b0b094f02a0a32e, desired={newCommandTimeout=1800, browserName=Chrome, udid=0b0b094f02a0a32e, platformName=Android, deviceName=LGE Nexus 5 6.0.1, platform=ANDROID}, newCommandTimeout=1800, platformVersion=6.0.1, webStorageEnabled=false, locationContextEnabled=false, takesScreenshot=true, browserName=Chrome, javascriptEnabled=true, deviceModel=Nexus 5, udid=0b0b094f02a0a32e, platformName=Android, deviceManufacturer=LGE}]
Session ID: e46e755e-97a6-4528-ae66-d02d96cf2899)
[[ATTACHMENT|C:\\Users\\Cornel\\Katalon Studio\\Primo WB test\\Reports\\Primo WB booking\\20171030_101320\\1509351378902.png]]]]></system-out>
         <system-err><![CDATA[2017-10-30 10:15:32 - [TEST_CASE][FAILED] - Test Cases/Main Test Cases/TC2_Verify Successful Appointment: Test Cases/Main Test Cases/TC2_Verify Successful Appointment FAILED because (of) Unable to click on object 'Object Repository/Page_CuraAppointment/btn_BookAppointment' (Root cause: org.openqa.selenium.WebDriverException: unknown error: Element is not clickable at point (68, 282)
  (Session info: chrome=61.0.3163.98)
  (Driver info: chromedriver=2.28.455520 (cc17746adff54984afff480136733114c6b3704b),platform=Windows NT 6.3.9600 x86_64) (WARNING: The server did not provide any stacktrace information)
Command duration or timeout: 368 milliseconds
Build info: version: '2.53.0', revision: '35ae25b', time: '2016-03-15 17:00:58'
System info: host: 'NEACSUNEW-PC', ip: '10.10.10.211', os.name: 'Windows 8.1', os.arch: 'amd64', os.version: '6.3', java.version: '1.8.0_102'
Driver info: com.kms.katalon.core.appium.driver.SwipeableAndroidDriver
Capabilities [{deviceScreenSize=1080x1920, networkConnectionEnabled=true, warnings={}, databaseEnabled=false, deviceName=0b0b094f02a0a32e, platform=ANDROID, deviceUDID=0b0b094f02a0a32e, desired={newCommandTimeout=1800, browserName=Chrome, udid=0b0b094f02a0a32e, platformName=Android, deviceName=LGE Nexus 5 6.0.1, platform=ANDROID}, newCommandTimeout=1800, platformVersion=6.0.1, webStorageEnabled=false, locationContextEnabled=false, takesScreenshot=true, browserName=Chrome, javascriptEnabled=true, deviceModel=Nexus 5, udid=0b0b094f02a0a32e, platformName=Android, deviceManufacturer=LGE}]
Session ID: e46e755e-97a6-4528-ae66-d02d96cf2899)]]></system-err>
      </testcase>
      <system-out><![CDATA[2017-10-30 10:13:22 - [TEST_SUITE][FAILED] - Primo WB booking: Test Cases/Main Test Cases/TC2_Verify Successful Appointment FAILED because (of) Unable to click on object 'Object Repository/Page_CuraAppointment/btn_BookAppointment' (Root cause: org.openqa.selenium.WebDriverException: unknown error: Element is not clickable at point (68, 282)
  (Session info: chrome=61.0.3163.98)
  (Driver info: chromedriver=2.28.455520 (cc17746adff54984afff480136733114c6b3704b),platform=Windows NT 6.3.9600 x86_64) (WARNING: The server did not provide any stacktrace information)
Command duration or timeout: 368 milliseconds
Build info: version: '2.53.0', revision: '35ae25b', time: '2016-03-15 17:00:58'
System info: host: 'NEACSUNEW-PC', ip: '10.10.10.211', os.name: 'Windows 8.1', os.arch: 'amd64', os.version: '6.3', java.version: '1.8.0_102'
Driver info: com.kms.katalon.core.appium.driver.SwipeableAndroidDriver
Capabilities [{deviceScreenSize=1080x1920, networkConnectionEnabled=true, warnings={}, databaseEnabled=false, deviceName=0b0b094f02a0a32e, platform=ANDROID, deviceUDID=0b0b094f02a0a32e, desired={newCommandTimeout=1800, browserName=Chrome, udid=0b0b094f02a0a32e, platformName=Android, deviceName=LGE Nexus 5 6.0.1, platform=ANDROID}, newCommandTimeout=1800, platformVersion=6.0.1, webStorageEnabled=false, locationContextEnabled=false, takesScreenshot=true, browserName=Chrome, javascriptEnabled=true, deviceModel=Nexus 5, udid=0b0b094f02a0a32e, platformName=Android, deviceManufacturer=LGE}]
Session ID: e46e755e-97a6-4528-ae66-d02d96cf2899)]]></system-out>
      <system-err><![CDATA[2017-10-30 10:13:22 - [TEST_SUITE][FAILED] - Primo WB booking: Test Cases/Main Test Cases/TC2_Verify Successful Appointment FAILED because (of) Unable to click on object 'Object Repository/Page_CuraAppointment/btn_BookAppointment' (Root cause: org.openqa.selenium.WebDriverException: unknown error: Element is not clickable at point (68, 282)
  (Session info: chrome=61.0.3163.98)
  (Driver info: chromedriver=2.28.455520 (cc17746adff54984afff480136733114c6b3704b),platform=Windows NT 6.3.9600 x86_64) (WARNING: The server did not provide any stacktrace information)
Command duration or timeout: 368 milliseconds
Build info: version: '2.53.0', revision: '35ae25b', time: '2016-03-15 17:00:58'
System info: host: 'NEACSUNEW-PC', ip: '10.10.10.211', os.name: 'Windows 8.1', os.arch: 'amd64', os.version: '6.3', java.version: '1.8.0_102'
Driver info: com.kms.katalon.core.appium.driver.SwipeableAndroidDriver
Capabilities [{deviceScreenSize=1080x1920, networkConnectionEnabled=true, warnings={}, databaseEnabled=false, deviceName=0b0b094f02a0a32e, platform=ANDROID, deviceUDID=0b0b094f02a0a32e, desired={newCommandTimeout=1800, browserName=Chrome, udid=0b0b094f02a0a32e, platformName=Android, deviceName=LGE Nexus 5 6.0.1, platform=ANDROID}, newCommandTimeout=1800, platformVersion=6.0.1, webStorageEnabled=false, locationContextEnabled=false, takesScreenshot=true, browserName=Chrome, javascriptEnabled=true, deviceModel=Nexus 5, udid=0b0b094f02a0a32e, platformName=Android, deviceManufacturer=LGE}]
Session ID: e46e755e-97a6-4528-ae66-d02d96cf2899)]]></system-err>
   </testsuite>
</testsuites>
