<?xml version="1.0" encoding="UTF-8"?>
<testsuites name="WB Primo From Excel URLs" time="151" tests="6" failures="3" errors="0">
   <testsuite name="WB Primo From Excel URLs" tests="6" failures="3" errors="0" time="151" timestamp="2017-11-27 14:36:18" hostname="Cornel - NEACSUNEW-PC.zlin.roweb.ro" id="Test Suites/WB Primo From Excel URLs">
      <properties>
         <property name="deviceName" value=""/>
         <property name="devicePlatform" value=""/>
         <property name="logFolder" value="D:\\Software testing\\Tourpaq\\Automated Katalon tests\\Primo WB test\\Reports\\WB Primo From Excel URLs\\20171127_143614"/>
         <property name="logFiles" value="D:\\Software testing\\Tourpaq\\Automated Katalon tests\\Primo WB test\\Reports\\WB Primo From Excel URLs\\20171127_143614\\execution0.log"/>
         <property name="attachments" value="D:\\Software testing\\Tourpaq\\Automated Katalon tests\\Primo WB test\\Reports\\WB Primo From Excel URLs\\20171127_143614\\1511786206872.png, D:\\Software testing\\Tourpaq\\Automated Katalon tests\\Primo WB test\\Reports\\WB Primo From Excel URLs\\20171127_143614\\1511786297904.png, D:\\Software testing\\Tourpaq\\Automated Katalon tests\\Primo WB test\\Reports\\WB Primo From Excel URLs\\20171127_143614\\1511786312257.png"/>
         <property name="hostName" value="Cornel - NEACSUNEW-PC.zlin.roweb.ro"/>
         <property name="os" value="Windows 8.1 64bit"/>
         <property name="katalonVersion" value="5.1.0.1"/>
         <property name="browser" value="Chrome 62.0.3202.94"/>
         <property name="hostAddress" value="10.10.10.211"/>
         <property name="sessionId" value="c448efd8f1683c1cb8827db099a3521c"/>
         <property name="seleniumVersion" value="3.7.1"/>
         <property name="proxyInformation" value="ProxyInformation{proxyOption=NO_PROXY, proxyServerType=, password=, proxyServerAddress=, proxyServerPort=0}"/>
         <property name="platform" value="Windows 8.1"/>
      </properties>
      <testcase name="Test Cases/PrimoTours/WB Primo/WB Primo staging - place booking - Iteration 1" classname="Test Cases/PrimoTours/WB Primo/WB Primo staging - place booking" status="FAILED">
         <failure type="FAILED" message="Test Cases/PrimoTours/WB Primo/WB Primo staging - place booking FAILED because (of) Unable to scroll to object 'Object Repository/PrimoTours/Old Objects/Coco/PrimoT/Ins2/Page_Primo Tours  Danmarks bedste c/span_Vlg forsikring' (Root cause: com.kms.katalon.core.webui.exception.WebElementNotFoundException: Web element with id: 'Object Repository/PrimoTours/Old Objects/Coco/PrimoT/Ins2/Page_Primo Tours  Danmarks bedste c/span_Vlg forsikring' located by 'By.xpath: id(&quot;options&quot;)/div[@class=&quot;wrapper first-bg-topmost&quot;]/div[@class=&quot;container-mx padding-top&quot;]/div[@class=&quot;row&quot;]/div[@class=&quot;col-md-12&quot;]/div[@class=&quot;row confirmation-passenger-insurances&quot;][1]/div[@class=&quot;col-md-4&quot;]/div[@class=&quot;form-group ddl withlabel travelInsOfPax&quot;]/span[contains(@class,'select2 select2-container')]/span/span[contains(@class,'select2-selection')]/span[@class='select2-selection__rendered']' not found)"/>
         <system-out><![CDATA[2017-11-27 14:36:18 - [TEST_CASE][FAILED] - Test Cases/PrimoTours/WB Primo/WB Primo staging - place booking - Iteration 1: Test Cases/PrimoTours/WB Primo/WB Primo staging - place booking FAILED because (of) Unable to scroll to object 'Object Repository/PrimoTours/Old Objects/Coco/PrimoT/Ins2/Page_Primo Tours  Danmarks bedste c/span_Vlg forsikring' (Root cause: com.kms.katalon.core.webui.exception.WebElementNotFoundException: Web element with id: 'Object Repository/PrimoTours/Old Objects/Coco/PrimoT/Ins2/Page_Primo Tours  Danmarks bedste c/span_Vlg forsikring' located by 'By.xpath: id("options")/div[@class="wrapper first-bg-topmost"]/div[@class="container-mx padding-top"]/div[@class="row"]/div[@class="col-md-12"]/div[@class="row confirmation-passenger-insurances"][1]/div[@class="col-md-4"]/div[@class="form-group ddl withlabel travelInsOfPax"]/span[contains(@class,'select2 select2-container')]/span/span[contains(@class,'select2-selection')]/span[@class='select2-selection__rendered']' not found)

2017-11-27 14:36:19 - [TEST_STEP][PASSED] - openBrowser: Browser is opened with url: ''

2017-11-27 14:36:23 - [MESSAGE][PASSED] - Browser is opened with url: ''

2017-11-27 14:36:23 - [TEST_STEP][PASSED] - maximizeWindow: Current window maximized

2017-11-27 14:36:24 - [MESSAGE][PASSED] - Current window maximized

2017-11-27 14:36:24 - [TEST_STEP][PASSED] - navigateToUrl: Navigate to 'https://staging-primotours-webbooking.tourpaq.com/DoBooking.aspx?pltaID=1480269&p=1&rno=1&pt=1&a=2&c=0&aa=&ca=' successfully

2017-11-27 14:36:26 - [MESSAGE][PASSED] - Navigate to 'https://staging-primotours-webbooking.tourpaq.com/DoBooking.aspx?pltaID=1480269&p=1&rno=1&pt=1&a=2&c=0&aa=&ca=' successfully

2017-11-27 14:36:26 - [TEST_STEP][PASSED] - setText: Text 'Pedersen AUT' is set on object 'Object Repository/PrimoTours/Old Objects/Coco/PrimoT/Page_Primo Tours  Danmarks bedste c/input_firstName'

2017-11-27 14:36:27 - [MESSAGE][PASSED] - Text 'Pedersen AUT' is set on object 'Object Repository/PrimoTours/Old Objects/Coco/PrimoT/Page_Primo Tours  Danmarks bedste c/input_firstName'

2017-11-27 14:36:27 - [TEST_STEP][PASSED] - setText: Text 'Vibe Dalby' is set on object 'Object Repository/PrimoTours/Old Objects/Coco/PrimoT/Page_Primo Tours  Danmarks bedste c/input_lastName'

2017-11-27 14:36:27 - [MESSAGE][PASSED] - Text 'Vibe Dalby' is set on object 'Object Repository/PrimoTours/Old Objects/Coco/PrimoT/Page_Primo Tours  Danmarks bedste c/input_lastName'

2017-11-27 14:36:27 - [TEST_STEP][PASSED] - setText: Text 'Home address' is set on object 'Object Repository/PrimoTours/Old Objects/Coco/PrimoT/Page_Primo Tours  Danmarks bedste c/input_customerAddress'

2017-11-27 14:36:27 - [MESSAGE][PASSED] - Text 'Home address' is set on object 'Object Repository/PrimoTours/Old Objects/Coco/PrimoT/Page_Primo Tours  Danmarks bedste c/input_customerAddress'

2017-11-27 14:36:27 - [TEST_STEP][PASSED] - setText: Text '6700' is set on object 'Object Repository/PrimoTours/Old Objects/Coco/PrimoT/Page_Primo Tours  Danmarks bedste c/input_customerPostcode'

2017-11-27 14:36:28 - [MESSAGE][PASSED] - Text '6700' is set on object 'Object Repository/PrimoTours/Old Objects/Coco/PrimoT/Page_Primo Tours  Danmarks bedste c/input_customerPostcode'

2017-11-27 14:36:28 - [TEST_STEP][PASSED] - setText: Text 'cornel.neacsu@roweb.ro' is set on object 'Object Repository/PrimoTours/Old Objects/Coco/PrimoT/Page_Primo Tours  Danmarks bedste c/input_customerEmail'

2017-11-27 14:36:28 - [MESSAGE][PASSED] - Text 'cornel.neacsu@roweb.ro' is set on object 'Object Repository/PrimoTours/Old Objects/Coco/PrimoT/Page_Primo Tours  Danmarks bedste c/input_customerEmail'

2017-11-27 14:36:28 - [TEST_STEP][PASSED] - setText: Text '12345678' is set on object 'Object Repository/PrimoTours/Old Objects/Coco/PrimoT/Page_Primo Tours  Danmarks bedste c/input_customerPhone'

2017-11-27 14:36:28 - [MESSAGE][PASSED] - Text '12345678' is set on object 'Object Repository/PrimoTours/Old Objects/Coco/PrimoT/Page_Primo Tours  Danmarks bedste c/input_customerPhone'

2017-11-27 14:36:28 - [TEST_STEP][PASSED] - waitForElementClickable: Web element with id: 'Object Repository/PrimoTours/Old Objects/Coco/PrimoT/Page_Primo Tours  Danmarks bedste c/input_firstname-0_1' located by 'By.xpath: //input[count(. | //*[@name = 'firstname-0_1']) = count(//*[@name = 'firstname-0_1'])][count(. | //*[@placeholder = 'Fornavn']) = count(//*[@placeholder = 'Fornavn'])][count(. | //*[@type = 'text']) = count(//*[@type = 'text'])]' not found

2017-11-27 14:36:30 - [MESSAGE][WARNING] - Web element with id: 'Object Repository/PrimoTours/Old Objects/Coco/PrimoT/Page_Primo Tours  Danmarks bedste c/input_firstname-0_1' located by 'By.xpath: //input[count(. | //*[@name = 'firstname-0_1']) = count(//*[@name = 'firstname-0_1'])][count(. | //*[@placeholder = 'Fornavn']) = count(//*[@placeholder = 'Fornavn'])][count(. | //*[@type = 'text']) = count(//*[@type = 'text'])]' not found

2017-11-27 14:36:30 - [TEST_STEP][PASSED] - Statement - excelInfo = ["fname":"", "lname":"", "pgender":"", "pday":"", "pmonth":"", "pyear":""]: null

2017-11-27 14:36:30 - [TEST_STEP][PASSED] - Statement - rawData = com.kms.katalon.core.testdata.TestDataFactory.findTestData("Data Files/WB_Primo/Passenger_details"): Reading excel file with source file 'D:\Software testing\Tourpaq\Automated Katalon tests\Primo WB test\Data Files\Primo_URLs_For_Automated_Test.xls' and sheet name 'Passenger Names'

2017-11-27 14:36:31 - [TEST_STEP][PASSED] - Statement - excelRowNo = rawData.getRowNumbers(): null

2017-11-27 14:36:31 - [TEST_STEP][PASSED] - Statement - randomPaxIndex = 1: null

2017-11-27 14:36:31 - [TEST_STEP][PASSED] - Statement - driver = com.kms.katalon.core.webui.driver.DriverFactory.getWebDriver(): null

2017-11-27 14:36:31 - [TEST_STEP][PASSED] - Statement - roomContainerXpath = "id("booking")/div[@class="wrapper second-bg"]/div[contains(@class,"container-mx")]/div[@class="row"]/div[@class="col-md-12 roomContainer"]": null

2017-11-27 14:36:31 - [TEST_STEP][PASSED] - Statement - roomsCount = driver.findElements(org.openqa.selenium.By.xpath(roomContainerXpath)).size(): null

2017-11-27 14:36:31 - [TEST_STEP][PASSED] - Statement - println("roomsCount=" + roomsCount): null

2017-11-27 14:36:31 - [TEST_STEP][PASSED] - Statement - For ([i = 1, i <= roomsCount, (i++)]): null

2017-11-27 14:36:31 - [TEST_STEP][PASSED] - scrollToElement: Scroll to object 'Object Repository/PrimoTours/Old Objects/Coco (1)/PrimoT/SaveBooking2/Success/span_kr. 7.892-' successfully

2017-11-27 14:36:35 - [MESSAGE][PASSED] - Scroll to object 'Object Repository/PrimoTours/Old Objects/Coco (1)/PrimoT/SaveBooking2/Success/span_kr. 7.892-' successfully

2017-11-27 14:36:35 - [TEST_STEP][PASSED] - click: Object: 'Object Repository/PrimoTours/Old Objects/Coco (1)/PrimoT/SaveBooking2/Success/span_kr. 7.892-' is clicked on

2017-11-27 14:36:35 - [MESSAGE][PASSED] - Object: 'Object Repository/PrimoTours/Old Objects/Coco (1)/PrimoT/SaveBooking2/Success/span_kr. 7.892-' is clicked on

2017-11-27 14:36:35 - [TEST_STEP][PASSED] - scrollToElement: Scroll to object 'Object Repository/PrimoTours/Old Objects/Coco (1)/PrimoT/SaveBooking2/Success/Page_Primo Tours  Danmarks bedste c/i_fa fa-arrow-circle-right' successfully

2017-11-27 14:36:35 - [MESSAGE][PASSED] - Scroll to object 'Object Repository/PrimoTours/Old Objects/Coco (1)/PrimoT/SaveBooking2/Success/Page_Primo Tours  Danmarks bedste c/i_fa fa-arrow-circle-right' successfully

2017-11-27 14:36:35 - [TEST_STEP][PASSED] - waitForElementClickable: Object 'Object Repository/PrimoTours/Old Objects/Coco (1)/PrimoT/SaveBooking2/Success/Page_Primo Tours  Danmarks bedste c/i_fa fa-arrow-circle-right' is clickable

2017-11-27 14:36:35 - [MESSAGE][PASSED] - Object 'Object Repository/PrimoTours/Old Objects/Coco (1)/PrimoT/SaveBooking2/Success/Page_Primo Tours  Danmarks bedste c/i_fa fa-arrow-circle-right' is clickable

2017-11-27 14:36:35 - [TEST_STEP][PASSED] - waitForElementVisible: Object 'Object Repository/PrimoTours/Old Objects/Coco (1)/PrimoT/SaveBooking2/Success/Page_Primo Tours  Danmarks bedste c/i_fa fa-arrow-circle-right' is visible

2017-11-27 14:36:35 - [MESSAGE][PASSED] - Object 'Object Repository/PrimoTours/Old Objects/Coco (1)/PrimoT/SaveBooking2/Success/Page_Primo Tours  Danmarks bedste c/i_fa fa-arrow-circle-right' is visible

2017-11-27 14:36:35 - [TEST_STEP][PASSED] - scrollToElement: Scroll to object 'Object Repository/PrimoTours/Old Objects/Coco (1)/PrimoT/SaveBooking2/Success/Page_Primo Tours  Danmarks bedste c/i_fa fa-arrow-circle-right' successfully

2017-11-27 14:36:35 - [MESSAGE][PASSED] - Scroll to object 'Object Repository/PrimoTours/Old Objects/Coco (1)/PrimoT/SaveBooking2/Success/Page_Primo Tours  Danmarks bedste c/i_fa fa-arrow-circle-right' successfully

2017-11-27 14:36:35 - [TEST_STEP][PASSED] - click: Object: 'Object Repository/PrimoTours/Old Objects/Coco (1)/PrimoT/SaveBooking2/Success/Page_Primo Tours  Danmarks bedste c/i_fa fa-arrow-circle-right' is clicked on

2017-11-27 14:36:35 - [MESSAGE][PASSED] - Object: 'Object Repository/PrimoTours/Old Objects/Coco (1)/PrimoT/SaveBooking2/Success/Page_Primo Tours  Danmarks bedste c/i_fa fa-arrow-circle-right' is clicked on

2017-11-27 14:36:35 - [TEST_STEP][FAILED] - scrollToElement: Unable to scroll to object 'Object Repository/PrimoTours/Old Objects/Coco/PrimoT/Ins2/Page_Primo Tours  Danmarks bedste c/span_Vlg forsikring' (Root cause: com.kms.katalon.core.webui.exception.WebElementNotFoundException: Web element with id: 'Object Repository/PrimoTours/Old Objects/Coco/PrimoT/Ins2/Page_Primo Tours  Danmarks bedste c/span_Vlg forsikring' located by 'By.xpath: id("options")/div[@class="wrapper first-bg-topmost"]/div[@class="container-mx padding-top"]/div[@class="row"]/div[@class="col-md-12"]/div[@class="row confirmation-passenger-insurances"][1]/div[@class="col-md-4"]/div[@class="form-group ddl withlabel travelInsOfPax"]/span[contains(@class,'select2 select2-container')]/span/span[contains(@class,'select2-selection')]/span[@class='select2-selection__rendered']' not found)

2017-11-27 14:36:47 - [MESSAGE][FAILED] - Unable to scroll to object 'Object Repository/PrimoTours/Old Objects/Coco/PrimoT/Ins2/Page_Primo Tours  Danmarks bedste c/span_Vlg forsikring' (Root cause: com.kms.katalon.core.webui.exception.WebElementNotFoundException: Web element with id: 'Object Repository/PrimoTours/Old Objects/Coco/PrimoT/Ins2/Page_Primo Tours  Danmarks bedste c/span_Vlg forsikring' located by 'By.xpath: id("options")/div[@class="wrapper first-bg-topmost"]/div[@class="container-mx padding-top"]/div[@class="row"]/div[@class="col-md-12"]/div[@class="row confirmation-passenger-insurances"][1]/div[@class="col-md-4"]/div[@class="form-group ddl withlabel travelInsOfPax"]/span[contains(@class,'select2 select2-container')]/span/span[contains(@class,'select2-selection')]/span[@class='select2-selection__rendered']' not found)
[[ATTACHMENT|D:\\Software testing\\Tourpaq\\Automated Katalon tests\\Primo WB test\\Reports\\WB Primo From Excel URLs\\20171127_143614\\1511786206872.png]]]]></system-out>
         <system-err><![CDATA[2017-11-27 14:36:18 - [TEST_CASE][FAILED] - Test Cases/PrimoTours/WB Primo/WB Primo staging - place booking - Iteration 1: Test Cases/PrimoTours/WB Primo/WB Primo staging - place booking FAILED because (of) Unable to scroll to object 'Object Repository/PrimoTours/Old Objects/Coco/PrimoT/Ins2/Page_Primo Tours  Danmarks bedste c/span_Vlg forsikring' (Root cause: com.kms.katalon.core.webui.exception.WebElementNotFoundException: Web element with id: 'Object Repository/PrimoTours/Old Objects/Coco/PrimoT/Ins2/Page_Primo Tours  Danmarks bedste c/span_Vlg forsikring' located by 'By.xpath: id("options")/div[@class="wrapper first-bg-topmost"]/div[@class="container-mx padding-top"]/div[@class="row"]/div[@class="col-md-12"]/div[@class="row confirmation-passenger-insurances"][1]/div[@class="col-md-4"]/div[@class="form-group ddl withlabel travelInsOfPax"]/span[contains(@class,'select2 select2-container')]/span/span[contains(@class,'select2-selection')]/span[@class='select2-selection__rendered']' not found)]]></system-err>
      </testcase>
      <testcase name="Test Cases/PrimoTours/WB Primo/WB Primo staging - place booking - Iteration 2" classname="Test Cases/PrimoTours/WB Primo/WB Primo staging - place booking" status="PASSED">
         <system-out><![CDATA[2017-11-27 14:36:47 - [TEST_CASE][PASSED] - Test Cases/PrimoTours/WB Primo/WB Primo staging - place booking - Iteration 2: Test Cases/PrimoTours/WB Primo/WB Primo staging - place booking

2017-11-27 14:36:47 - [TEST_STEP][PASSED] - openBrowser: Browser is opened with url: ''

2017-11-27 14:36:47 - [MESSAGE][WARNING] - A browser is already opened. Closing browser and opening a new one

2017-11-27 14:36:50 - [MESSAGE][PASSED] - Browser is opened with url: ''

2017-11-27 14:36:50 - [TEST_STEP][PASSED] - maximizeWindow: Current window maximized

2017-11-27 14:36:51 - [MESSAGE][PASSED] - Current window maximized

2017-11-27 14:36:51 - [TEST_STEP][PASSED] - navigateToUrl: Navigate to 'https://staging-primotours-webbooking.tourpaq.com/DoBooking.aspx?pltaID=1480269&p=1&rno=1&pt=1&a=2&c=2&aa=&ca=1,5' successfully

2017-11-27 14:36:53 - [MESSAGE][PASSED] - Navigate to 'https://staging-primotours-webbooking.tourpaq.com/DoBooking.aspx?pltaID=1480269&p=1&rno=1&pt=1&a=2&c=2&aa=&ca=1,5' successfully

2017-11-27 14:36:53 - [TEST_STEP][PASSED] - setText: Text 'Pedersen AUT' is set on object 'Object Repository/PrimoTours/Old Objects/Coco/PrimoT/Page_Primo Tours  Danmarks bedste c/input_firstName'

2017-11-27 14:36:54 - [MESSAGE][PASSED] - Text 'Pedersen AUT' is set on object 'Object Repository/PrimoTours/Old Objects/Coco/PrimoT/Page_Primo Tours  Danmarks bedste c/input_firstName'

2017-11-27 14:36:54 - [TEST_STEP][PASSED] - setText: Text 'Vibe Dalby' is set on object 'Object Repository/PrimoTours/Old Objects/Coco/PrimoT/Page_Primo Tours  Danmarks bedste c/input_lastName'

2017-11-27 14:36:54 - [MESSAGE][PASSED] - Text 'Vibe Dalby' is set on object 'Object Repository/PrimoTours/Old Objects/Coco/PrimoT/Page_Primo Tours  Danmarks bedste c/input_lastName'

2017-11-27 14:36:54 - [TEST_STEP][PASSED] - setText: Text 'Home address' is set on object 'Object Repository/PrimoTours/Old Objects/Coco/PrimoT/Page_Primo Tours  Danmarks bedste c/input_customerAddress'

2017-11-27 14:36:54 - [MESSAGE][PASSED] - Text 'Home address' is set on object 'Object Repository/PrimoTours/Old Objects/Coco/PrimoT/Page_Primo Tours  Danmarks bedste c/input_customerAddress'

2017-11-27 14:36:54 - [TEST_STEP][PASSED] - setText: Text '6700' is set on object 'Object Repository/PrimoTours/Old Objects/Coco/PrimoT/Page_Primo Tours  Danmarks bedste c/input_customerPostcode'

2017-11-27 14:36:54 - [MESSAGE][PASSED] - Text '6700' is set on object 'Object Repository/PrimoTours/Old Objects/Coco/PrimoT/Page_Primo Tours  Danmarks bedste c/input_customerPostcode'

2017-11-27 14:36:54 - [TEST_STEP][PASSED] - setText: Text 'cornel.neacsu@roweb.ro' is set on object 'Object Repository/PrimoTours/Old Objects/Coco/PrimoT/Page_Primo Tours  Danmarks bedste c/input_customerEmail'

2017-11-27 14:36:55 - [MESSAGE][PASSED] - Text 'cornel.neacsu@roweb.ro' is set on object 'Object Repository/PrimoTours/Old Objects/Coco/PrimoT/Page_Primo Tours  Danmarks bedste c/input_customerEmail'

2017-11-27 14:36:55 - [TEST_STEP][PASSED] - setText: Text '12345678' is set on object 'Object Repository/PrimoTours/Old Objects/Coco/PrimoT/Page_Primo Tours  Danmarks bedste c/input_customerPhone'

2017-11-27 14:36:55 - [MESSAGE][PASSED] - Text '12345678' is set on object 'Object Repository/PrimoTours/Old Objects/Coco/PrimoT/Page_Primo Tours  Danmarks bedste c/input_customerPhone'

2017-11-27 14:36:55 - [TEST_STEP][PASSED] - waitForElementClickable: Object 'Object Repository/PrimoTours/Old Objects/Coco/PrimoT/Page_Primo Tours  Danmarks bedste c/input_firstname-0_1' is clickable

2017-11-27 14:36:57 - [MESSAGE][PASSED] - Object 'Object Repository/PrimoTours/Old Objects/Coco/PrimoT/Page_Primo Tours  Danmarks bedste c/input_firstname-0_1' is clickable

2017-11-27 14:36:57 - [TEST_STEP][PASSED] - Statement - excelInfo = ["fname":"", "lname":"", "pgender":"", "pday":"", "pmonth":"", "pyear":""]: null

2017-11-27 14:36:57 - [TEST_STEP][PASSED] - Statement - rawData = com.kms.katalon.core.testdata.TestDataFactory.findTestData("Data Files/WB_Primo/Passenger_details"): Reading excel file with source file 'D:\Software testing\Tourpaq\Automated Katalon tests\Primo WB test\Data Files\Primo_URLs_For_Automated_Test.xls' and sheet name 'Passenger Names'

2017-11-27 14:36:57 - [TEST_STEP][PASSED] - Statement - excelRowNo = rawData.getRowNumbers(): null

2017-11-27 14:36:57 - [TEST_STEP][PASSED] - Statement - randomPaxIndex = 1: null

2017-11-27 14:36:57 - [TEST_STEP][PASSED] - Statement - driver = com.kms.katalon.core.webui.driver.DriverFactory.getWebDriver(): null

2017-11-27 14:36:57 - [TEST_STEP][PASSED] - Statement - roomContainerXpath = "id("booking")/div[@class="wrapper second-bg"]/div[contains(@class,"container-mx")]/div[@class="row"]/div[@class="col-md-12 roomContainer"]": null

2017-11-27 14:36:57 - [TEST_STEP][PASSED] - Statement - roomsCount = driver.findElements(org.openqa.selenium.By.xpath(roomContainerXpath)).size(): null

2017-11-27 14:36:57 - [TEST_STEP][PASSED] - Statement - println("roomsCount=" + roomsCount): null

2017-11-27 14:36:57 - [TEST_STEP][PASSED] - Statement - For ([i = 1, i <= roomsCount, (i++)]): Text 'Sebastian Kevin Nørgaard' is set on object 'Object Repository/PrimoTours/Old Objects/allPaxLastNameFields'

2017-11-27 14:36:57 - [TEST_STEP][PASSED] - Statement - paxInRoomXpath = roomContainerXpath + "[" + i + "]/div[@class="row"]/div[@class="col-md-12"]/div[@class="row"]": null

2017-11-27 14:36:57 - [TEST_STEP][PASSED] - Statement - paxInRoomCount = driver.findElements(org.openqa.selenium.By.xpath(paxInRoomXpath)).size(): null

2017-11-27 14:36:57 - [TEST_STEP][PASSED] - Statement - println("paxInRoomCount=" + paxInRoomCount): null

2017-11-27 14:36:57 - [TEST_STEP][PASSED] - Statement - For ([j = 1, j <= paxInRoomCount, (j++)]): Text 'Sebastian Kevin Nørgaard' is set on object 'Object Repository/PrimoTours/Old Objects/allPaxLastNameFields'

2017-11-27 14:36:57 - [TEST_STEP][PASSED] - Statement - If (i == 1 & j == 1): null

2017-11-27 14:36:57 - [TEST_STEP][PASSED] - Statement - <not implemented yet for class: org.codehaus.groovy.ast.stmt.ContinueStatement>: null

2017-11-27 14:36:57 - [TEST_STEP][PASSED] - Statement - If (i == 1 & j == 1): null

2017-11-27 14:36:57 - [TEST_STEP][PASSED] - Statement - randomPaxIndex = java.lang.Math.abs(new java.util.Random().nextInt() % excelRowNo) + 1: null

2017-11-27 14:36:57 - [TEST_STEP][PASSED] - Statement - println(randomPaxIndex): null

2017-11-27 14:36:57 - [TEST_STEP][PASSED] - Statement - fname = rawData.getValue("FirstName", randomPaxIndex) + " AUT": null

2017-11-27 14:36:57 - [TEST_STEP][PASSED] - Statement - lname = rawData.getValue("LastName", randomPaxIndex): null

2017-11-27 14:36:57 - [TEST_STEP][PASSED] - Statement - pgender = rawData.getValue("Gender", randomPaxIndex): null

2017-11-27 14:36:57 - [TEST_STEP][PASSED] - Statement - pday = rawData.getValue("Day DOB", randomPaxIndex): null

2017-11-27 14:36:57 - [TEST_STEP][PASSED] - Statement - pmonth = rawData.getValue("Month DOB", randomPaxIndex): null

2017-11-27 14:36:57 - [TEST_STEP][PASSED] - Statement - pyear = rawData.getValue("Year DOB", randomPaxIndex): null

2017-11-27 14:36:57 - [TEST_STEP][PASSED] - Statement - paxDetailFields = paxInRoomXpath + "[" + j + "]/div[@class="col-md-x col-md-9"]/div[@class="row paxContainer"]/div[@class="col-md-5"]": null

2017-11-27 14:36:57 - [TEST_STEP][PASSED] - Statement - xpathval = paxDetailFields + "[1]/div[contains(@class,"form-group")]/input[@class="form-control paxFirstName"]": null

2017-11-27 14:36:57 - [TEST_STEP][PASSED] - Statement - println("fn: " + xpathval): null

2017-11-27 14:36:57 - [TEST_STEP][PASSED] - Statement - repObj = com.kms.katalon.core.testobject.ObjectRepository.findTestObject(Object Repository/PrimoTours/Old Objects/allPaxFirstNameFields): Finding Test Object with id 'Object Repository/PrimoTours/Old Objects/allPaxFirstNameFields'

2017-11-27 14:36:57 - [TEST_STEP][PASSED] - Statement - repObj.findProperty("xpath").setValue(xpathval): null

2017-11-27 14:36:57 - [TEST_STEP][PASSED] - setText: Text 'Pedersen AUT' is set on object 'Object Repository/PrimoTours/Old Objects/allPaxFirstNameFields'

2017-11-27 14:36:57 - [MESSAGE][PASSED] - Text 'Pedersen AUT' is set on object 'Object Repository/PrimoTours/Old Objects/allPaxFirstNameFields'

2017-11-27 14:36:57 - [TEST_STEP][PASSED] - Statement - xpathval = paxDetailFields + "[2]/div[contains(@class,"form-group")]/input[@class="form-control paxLastName"]": null

2017-11-27 14:36:57 - [TEST_STEP][PASSED] - Statement - println("ln: " + xpathval): null

2017-11-27 14:36:57 - [TEST_STEP][PASSED] - Statement - repObj = com.kms.katalon.core.testobject.ObjectRepository.findTestObject(Object Repository/PrimoTours/Old Objects/allPaxLastNameFields): Finding Test Object with id 'Object Repository/PrimoTours/Old Objects/allPaxLastNameFields'

2017-11-27 14:36:57 - [TEST_STEP][PASSED] - Statement - repObj.findProperty("xpath").setValue(xpathval): null

2017-11-27 14:36:57 - [TEST_STEP][PASSED] - setText: Text 'Eddie Bjerg' is set on object 'Object Repository/PrimoTours/Old Objects/allPaxLastNameFields'

2017-11-27 14:36:57 - [MESSAGE][PASSED] - Text 'Eddie Bjerg' is set on object 'Object Repository/PrimoTours/Old Objects/allPaxLastNameFields'

2017-11-27 14:36:57 - [TEST_STEP][PASSED] - Statement - If (i == 1 & j == 1): null

2017-11-27 14:36:57 - [TEST_STEP][PASSED] - Statement - randomPaxIndex = java.lang.Math.abs(new java.util.Random().nextInt() % excelRowNo) + 1: null

2017-11-27 14:36:57 - [TEST_STEP][PASSED] - Statement - println(randomPaxIndex): null

2017-11-27 14:36:57 - [TEST_STEP][PASSED] - Statement - fname = rawData.getValue("FirstName", randomPaxIndex) + " AUT": null

2017-11-27 14:36:57 - [TEST_STEP][PASSED] - Statement - lname = rawData.getValue("LastName", randomPaxIndex): null

2017-11-27 14:36:57 - [TEST_STEP][PASSED] - Statement - pgender = rawData.getValue("Gender", randomPaxIndex): null

2017-11-27 14:36:57 - [TEST_STEP][PASSED] - Statement - pday = rawData.getValue("Day DOB", randomPaxIndex): null

2017-11-27 14:36:57 - [TEST_STEP][PASSED] - Statement - pmonth = rawData.getValue("Month DOB", randomPaxIndex): null

2017-11-27 14:36:57 - [TEST_STEP][PASSED] - Statement - pyear = rawData.getValue("Year DOB", randomPaxIndex): null

2017-11-27 14:36:57 - [TEST_STEP][PASSED] - Statement - paxDetailFields = paxInRoomXpath + "[" + j + "]/div[@class="col-md-x col-md-9"]/div[@class="row paxContainer"]/div[@class="col-md-5"]": null

2017-11-27 14:36:57 - [TEST_STEP][PASSED] - Statement - xpathval = paxDetailFields + "[1]/div[contains(@class,"form-group")]/input[@class="form-control paxFirstName"]": null

2017-11-27 14:36:57 - [TEST_STEP][PASSED] - Statement - println("fn: " + xpathval): null

2017-11-27 14:36:57 - [TEST_STEP][PASSED] - Statement - repObj = com.kms.katalon.core.testobject.ObjectRepository.findTestObject(Object Repository/PrimoTours/Old Objects/allPaxFirstNameFields): Finding Test Object with id 'Object Repository/PrimoTours/Old Objects/allPaxFirstNameFields'

2017-11-27 14:36:57 - [TEST_STEP][PASSED] - Statement - repObj.findProperty("xpath").setValue(xpathval): null

2017-11-27 14:36:57 - [TEST_STEP][PASSED] - setText: Text 'Strandbygaard AUT' is set on object 'Object Repository/PrimoTours/Old Objects/allPaxFirstNameFields'

2017-11-27 14:36:58 - [MESSAGE][PASSED] - Text 'Strandbygaard AUT' is set on object 'Object Repository/PrimoTours/Old Objects/allPaxFirstNameFields'

2017-11-27 14:36:58 - [TEST_STEP][PASSED] - Statement - xpathval = paxDetailFields + "[2]/div[contains(@class,"form-group")]/input[@class="form-control paxLastName"]": null

2017-11-27 14:36:58 - [TEST_STEP][PASSED] - Statement - println("ln: " + xpathval): null

2017-11-27 14:36:58 - [TEST_STEP][PASSED] - Statement - repObj = com.kms.katalon.core.testobject.ObjectRepository.findTestObject(Object Repository/PrimoTours/Old Objects/allPaxLastNameFields): Finding Test Object with id 'Object Repository/PrimoTours/Old Objects/allPaxLastNameFields'

2017-11-27 14:36:58 - [TEST_STEP][PASSED] - Statement - repObj.findProperty("xpath").setValue(xpathval): null

2017-11-27 14:36:58 - [TEST_STEP][PASSED] - setText: Text 'Birthe' is set on object 'Object Repository/PrimoTours/Old Objects/allPaxLastNameFields'

2017-11-27 14:36:58 - [MESSAGE][PASSED] - Text 'Birthe' is set on object 'Object Repository/PrimoTours/Old Objects/allPaxLastNameFields'

2017-11-27 14:36:58 - [TEST_STEP][PASSED] - Statement - If (i == 1 & j == 1): null

2017-11-27 14:36:58 - [TEST_STEP][PASSED] - Statement - randomPaxIndex = java.lang.Math.abs(new java.util.Random().nextInt() % excelRowNo) + 1: null

2017-11-27 14:36:58 - [TEST_STEP][PASSED] - Statement - println(randomPaxIndex): null

2017-11-27 14:36:58 - [TEST_STEP][PASSED] - Statement - fname = rawData.getValue("FirstName", randomPaxIndex) + " AUT": null

2017-11-27 14:36:58 - [TEST_STEP][PASSED] - Statement - lname = rawData.getValue("LastName", randomPaxIndex): null

2017-11-27 14:36:58 - [TEST_STEP][PASSED] - Statement - pgender = rawData.getValue("Gender", randomPaxIndex): null

2017-11-27 14:36:58 - [TEST_STEP][PASSED] - Statement - pday = rawData.getValue("Day DOB", randomPaxIndex): null

2017-11-27 14:36:58 - [TEST_STEP][PASSED] - Statement - pmonth = rawData.getValue("Month DOB", randomPaxIndex): null

2017-11-27 14:36:58 - [TEST_STEP][PASSED] - Statement - pyear = rawData.getValue("Year DOB", randomPaxIndex): null

2017-11-27 14:36:58 - [TEST_STEP][PASSED] - Statement - paxDetailFields = paxInRoomXpath + "[" + j + "]/div[@class="col-md-x col-md-9"]/div[@class="row paxContainer"]/div[@class="col-md-5"]": null

2017-11-27 14:36:58 - [TEST_STEP][PASSED] - Statement - xpathval = paxDetailFields + "[1]/div[contains(@class,"form-group")]/input[@class="form-control paxFirstName"]": null

2017-11-27 14:36:58 - [TEST_STEP][PASSED] - Statement - println("fn: " + xpathval): null

2017-11-27 14:36:58 - [TEST_STEP][PASSED] - Statement - repObj = com.kms.katalon.core.testobject.ObjectRepository.findTestObject(Object Repository/PrimoTours/Old Objects/allPaxFirstNameFields): Finding Test Object with id 'Object Repository/PrimoTours/Old Objects/allPaxFirstNameFields'

2017-11-27 14:36:58 - [TEST_STEP][PASSED] - Statement - repObj.findProperty("xpath").setValue(xpathval): null

2017-11-27 14:36:58 - [TEST_STEP][PASSED] - setText: Text 'Hansen AUT' is set on object 'Object Repository/PrimoTours/Old Objects/allPaxFirstNameFields'

2017-11-27 14:36:58 - [MESSAGE][PASSED] - Text 'Hansen AUT' is set on object 'Object Repository/PrimoTours/Old Objects/allPaxFirstNameFields'

2017-11-27 14:36:58 - [TEST_STEP][PASSED] - Statement - xpathval = paxDetailFields + "[2]/div[contains(@class,"form-group")]/input[@class="form-control paxLastName"]": null

2017-11-27 14:36:58 - [TEST_STEP][PASSED] - Statement - println("ln: " + xpathval): null

2017-11-27 14:36:58 - [TEST_STEP][PASSED] - Statement - repObj = com.kms.katalon.core.testobject.ObjectRepository.findTestObject(Object Repository/PrimoTours/Old Objects/allPaxLastNameFields): Finding Test Object with id 'Object Repository/PrimoTours/Old Objects/allPaxLastNameFields'

2017-11-27 14:36:58 - [TEST_STEP][PASSED] - Statement - repObj.findProperty("xpath").setValue(xpathval): null

2017-11-27 14:36:58 - [TEST_STEP][PASSED] - setText: Text 'Sebastian Kevin Nørgaard' is set on object 'Object Repository/PrimoTours/Old Objects/allPaxLastNameFields'

2017-11-27 14:36:58 - [MESSAGE][PASSED] - Text 'Sebastian Kevin Nørgaard' is set on object 'Object Repository/PrimoTours/Old Objects/allPaxLastNameFields'

2017-11-27 14:36:58 - [TEST_STEP][PASSED] - scrollToElement: Scroll to object 'Object Repository/PrimoTours/Old Objects/Coco (1)/PrimoT/SaveBooking2/Success/span_kr. 7.892-' successfully

2017-11-27 14:36:58 - [MESSAGE][PASSED] - Scroll to object 'Object Repository/PrimoTours/Old Objects/Coco (1)/PrimoT/SaveBooking2/Success/span_kr. 7.892-' successfully

2017-11-27 14:36:58 - [TEST_STEP][PASSED] - click: Object: 'Object Repository/PrimoTours/Old Objects/Coco (1)/PrimoT/SaveBooking2/Success/span_kr. 7.892-' is clicked on

2017-11-27 14:36:58 - [MESSAGE][PASSED] - Object: 'Object Repository/PrimoTours/Old Objects/Coco (1)/PrimoT/SaveBooking2/Success/span_kr. 7.892-' is clicked on

2017-11-27 14:36:58 - [TEST_STEP][PASSED] - scrollToElement: Scroll to object 'Object Repository/PrimoTours/Old Objects/Coco (1)/PrimoT/SaveBooking2/Success/Page_Primo Tours  Danmarks bedste c/i_fa fa-arrow-circle-right' successfully

2017-11-27 14:36:58 - [MESSAGE][PASSED] - Scroll to object 'Object Repository/PrimoTours/Old Objects/Coco (1)/PrimoT/SaveBooking2/Success/Page_Primo Tours  Danmarks bedste c/i_fa fa-arrow-circle-right' successfully

2017-11-27 14:36:58 - [TEST_STEP][PASSED] - waitForElementClickable: Object 'Object Repository/PrimoTours/Old Objects/Coco (1)/PrimoT/SaveBooking2/Success/Page_Primo Tours  Danmarks bedste c/i_fa fa-arrow-circle-right' is clickable

2017-11-27 14:36:58 - [MESSAGE][PASSED] - Object 'Object Repository/PrimoTours/Old Objects/Coco (1)/PrimoT/SaveBooking2/Success/Page_Primo Tours  Danmarks bedste c/i_fa fa-arrow-circle-right' is clickable

2017-11-27 14:36:58 - [TEST_STEP][PASSED] - waitForElementVisible: Object 'Object Repository/PrimoTours/Old Objects/Coco (1)/PrimoT/SaveBooking2/Success/Page_Primo Tours  Danmarks bedste c/i_fa fa-arrow-circle-right' is visible

2017-11-27 14:36:59 - [MESSAGE][PASSED] - Object 'Object Repository/PrimoTours/Old Objects/Coco (1)/PrimoT/SaveBooking2/Success/Page_Primo Tours  Danmarks bedste c/i_fa fa-arrow-circle-right' is visible

2017-11-27 14:36:59 - [TEST_STEP][PASSED] - scrollToElement: Scroll to object 'Object Repository/PrimoTours/Old Objects/Coco (1)/PrimoT/SaveBooking2/Success/Page_Primo Tours  Danmarks bedste c/i_fa fa-arrow-circle-right' successfully

2017-11-27 14:36:59 - [MESSAGE][PASSED] - Scroll to object 'Object Repository/PrimoTours/Old Objects/Coco (1)/PrimoT/SaveBooking2/Success/Page_Primo Tours  Danmarks bedste c/i_fa fa-arrow-circle-right' successfully

2017-11-27 14:36:59 - [TEST_STEP][PASSED] - click: Object: 'Object Repository/PrimoTours/Old Objects/Coco (1)/PrimoT/SaveBooking2/Success/Page_Primo Tours  Danmarks bedste c/i_fa fa-arrow-circle-right' is clicked on

2017-11-27 14:36:59 - [MESSAGE][PASSED] - Object: 'Object Repository/PrimoTours/Old Objects/Coco (1)/PrimoT/SaveBooking2/Success/Page_Primo Tours  Danmarks bedste c/i_fa fa-arrow-circle-right' is clicked on

2017-11-27 14:36:59 - [TEST_STEP][PASSED] - scrollToElement: Scroll to object 'Object Repository/PrimoTours/Old Objects/Coco/PrimoT/Ins2/Page_Primo Tours  Danmarks bedste c/span_Vlg forsikring' successfully

2017-11-27 14:36:59 - [MESSAGE][PASSED] - Scroll to object 'Object Repository/PrimoTours/Old Objects/Coco/PrimoT/Ins2/Page_Primo Tours  Danmarks bedste c/span_Vlg forsikring' successfully

2017-11-27 14:36:59 - [TEST_STEP][PASSED] - waitForElementPresent: Object 'Object Repository/PrimoTours/Old Objects/Coco/PrimoT/Ins2/Page_Primo Tours  Danmarks bedste c/span_Vlg forsikring' is present

2017-11-27 14:36:59 - [MESSAGE][PASSED] - Object 'Object Repository/PrimoTours/Old Objects/Coco/PrimoT/Ins2/Page_Primo Tours  Danmarks bedste c/span_Vlg forsikring' is present

2017-11-27 14:36:59 - [TEST_STEP][PASSED] - waitForElementVisible: Object 'Object Repository/PrimoTours/Old Objects/Coco/PrimoT/Ins2/Page_Primo Tours  Danmarks bedste c/span_Vlg forsikring' is visible

2017-11-27 14:36:59 - [MESSAGE][PASSED] - Object 'Object Repository/PrimoTours/Old Objects/Coco/PrimoT/Ins2/Page_Primo Tours  Danmarks bedste c/span_Vlg forsikring' is visible

2017-11-27 14:36:59 - [TEST_STEP][PASSED] - waitForElementClickable: Object 'Object Repository/PrimoTours/Old Objects/Coco/PrimoT/Ins2/Page_Primo Tours  Danmarks bedste c/span_Vlg forsikring' is clickable

2017-11-27 14:37:00 - [MESSAGE][PASSED] - Object 'Object Repository/PrimoTours/Old Objects/Coco/PrimoT/Ins2/Page_Primo Tours  Danmarks bedste c/span_Vlg forsikring' is clickable

2017-11-27 14:37:00 - [TEST_STEP][PASSED] - click: Object: 'Object Repository/PrimoTours/Old Objects/Coco/PrimoT/Ins2/Page_Primo Tours  Danmarks bedste c/span_Vlg forsikring' is clicked on

2017-11-27 14:37:00 - [MESSAGE][PASSED] - Object: 'Object Repository/PrimoTours/Old Objects/Coco/PrimoT/Ins2/Page_Primo Tours  Danmarks bedste c/span_Vlg forsikring' is clicked on

2017-11-27 14:37:00 - [TEST_STEP][PASSED] - click: Object: 'Object Repository/PrimoTours/Old Objects/Coco/PrimoT/Ins2/Page_Primo Tours  Danmarks bedste c/li_Har selv forsikring - kr. 0' is clicked on

2017-11-27 14:37:00 - [MESSAGE][PASSED] - Object: 'Object Repository/PrimoTours/Old Objects/Coco/PrimoT/Ins2/Page_Primo Tours  Danmarks bedste c/li_Har selv forsikring - kr. 0' is clicked on

2017-11-27 14:37:00 - [TEST_STEP][NOT_RUN] - click: NOT_RUN: click

2017-11-27 14:37:00 - [MESSAGE][NOT_RUN] - NOT_RUN: click

2017-11-27 14:37:00 - [TEST_STEP][NOT_RUN] - scrollToElement: NOT_RUN: scrollToElement

2017-11-27 14:37:00 - [MESSAGE][NOT_RUN] - NOT_RUN: scrollToElement

2017-11-27 14:37:00 - [TEST_STEP][NOT_RUN] - click: NOT_RUN: click

2017-11-27 14:37:00 - [MESSAGE][NOT_RUN] - NOT_RUN: click

2017-11-27 14:37:00 - [TEST_STEP][PASSED] - scrollToElement: Scroll to object 'Object Repository/PrimoTours/Old Objects/Coco (1)/PrimoT/SaveBooking2/Page_Primo Tours  Danmarks bedste c/a_toggle checkbox kalypto' successfully

2017-11-27 14:37:00 - [MESSAGE][PASSED] - Scroll to object 'Object Repository/PrimoTours/Old Objects/Coco (1)/PrimoT/SaveBooking2/Page_Primo Tours  Danmarks bedste c/a_toggle checkbox kalypto' successfully

2017-11-27 14:37:00 - [TEST_STEP][PASSED] - waitForElementVisible: Object 'Object Repository/PrimoTours/Old Objects/Coco (1)/PrimoT/SaveBooking2/Page_Primo Tours  Danmarks bedste c/a_toggle checkbox kalypto' is visible

2017-11-27 14:37:00 - [MESSAGE][PASSED] - Object 'Object Repository/PrimoTours/Old Objects/Coco (1)/PrimoT/SaveBooking2/Page_Primo Tours  Danmarks bedste c/a_toggle checkbox kalypto' is visible

2017-11-27 14:37:00 - [TEST_STEP][PASSED] - click: Object: 'Object Repository/PrimoTours/Old Objects/Coco (1)/PrimoT/SaveBooking2/Page_Primo Tours  Danmarks bedste c/a_toggle checkbox kalypto' is clicked on

2017-11-27 14:37:00 - [MESSAGE][PASSED] - Object: 'Object Repository/PrimoTours/Old Objects/Coco (1)/PrimoT/SaveBooking2/Page_Primo Tours  Danmarks bedste c/a_toggle checkbox kalypto' is clicked on

2017-11-27 14:37:00 - [TEST_STEP][PASSED] - scrollToElement: Scroll to object 'Object Repository/PrimoTours/Old Objects/Coco (1)/PrimoT/SaveBooking2/Success/a_toggle radio kalypto' successfully

2017-11-27 14:37:00 - [MESSAGE][PASSED] - Scroll to object 'Object Repository/PrimoTours/Old Objects/Coco (1)/PrimoT/SaveBooking2/Success/a_toggle radio kalypto' successfully

2017-11-27 14:37:00 - [TEST_STEP][PASSED] - waitForElementClickable: Object 'Object Repository/PrimoTours/Old Objects/Coco (1)/PrimoT/SaveBooking2/Success/a_toggle radio kalypto' is clickable

2017-11-27 14:37:00 - [MESSAGE][PASSED] - Object 'Object Repository/PrimoTours/Old Objects/Coco (1)/PrimoT/SaveBooking2/Success/a_toggle radio kalypto' is clickable

2017-11-27 14:37:00 - [TEST_STEP][PASSED] - click: Object: 'Object Repository/PrimoTours/Old Objects/Coco (1)/PrimoT/SaveBooking2/Success/a_toggle radio kalypto' is clicked on

2017-11-27 14:37:01 - [MESSAGE][PASSED] - Object: 'Object Repository/PrimoTours/Old Objects/Coco (1)/PrimoT/SaveBooking2/Success/a_toggle radio kalypto' is clicked on

2017-11-27 14:37:01 - [TEST_STEP][PASSED] - scrollToElement: Scroll to object 'Object Repository/PrimoTours/Old Objects/Coco (1)/PrimoT/SaveBooking2/Success/a_toggle checkbox kalypto (1)' successfully

2017-11-27 14:37:01 - [MESSAGE][PASSED] - Scroll to object 'Object Repository/PrimoTours/Old Objects/Coco (1)/PrimoT/SaveBooking2/Success/a_toggle checkbox kalypto (1)' successfully

2017-11-27 14:37:01 - [TEST_STEP][PASSED] - click: Object: 'Object Repository/PrimoTours/Old Objects/Coco (1)/PrimoT/SaveBooking2/Success/a_toggle checkbox kalypto (1)' is clicked on

2017-11-27 14:37:01 - [MESSAGE][PASSED] - Object: 'Object Repository/PrimoTours/Old Objects/Coco (1)/PrimoT/SaveBooking2/Success/a_toggle checkbox kalypto (1)' is clicked on

2017-11-27 14:37:01 - [TEST_STEP][NOT_RUN] - scrollToElement: NOT_RUN: scrollToElement

2017-11-27 14:37:01 - [MESSAGE][NOT_RUN] - NOT_RUN: scrollToElement

2017-11-27 14:37:01 - [TEST_STEP][NOT_RUN] - scrollToElement: NOT_RUN: scrollToElement

2017-11-27 14:37:01 - [MESSAGE][NOT_RUN] - NOT_RUN: scrollToElement

2017-11-27 14:37:01 - [TEST_STEP][NOT_RUN] - click: NOT_RUN: click

2017-11-27 14:37:01 - [MESSAGE][NOT_RUN] - NOT_RUN: click

2017-11-27 14:37:01 - [TEST_STEP][PASSED] - scrollToElement: Scroll to object 'Object Repository/PrimoTours/Old Objects/Coco (1)/PrimoT/SaveBooking2/Success/a_toggle checkbox kalypto' successfully

2017-11-27 14:37:01 - [MESSAGE][PASSED] - Scroll to object 'Object Repository/PrimoTours/Old Objects/Coco (1)/PrimoT/SaveBooking2/Success/a_toggle checkbox kalypto' successfully

2017-11-27 14:37:01 - [TEST_STEP][PASSED] - click: Object: 'Object Repository/PrimoTours/Old Objects/Coco (1)/PrimoT/SaveBooking2/Success/a_toggle checkbox kalypto' is clicked on

2017-11-27 14:37:01 - [MESSAGE][PASSED] - Object: 'Object Repository/PrimoTours/Old Objects/Coco (1)/PrimoT/SaveBooking2/Success/a_toggle checkbox kalypto' is clicked on

2017-11-27 14:37:01 - [TEST_STEP][PASSED] - scrollToElement: Scroll to object 'Object Repository/PrimoTours/Old Objects/Coco (1)/PrimoT/SaveBooking2/Page_Primo Tours  Danmarks bedste c/a_btn btn-success col-xs-12 st' successfully

2017-11-27 14:37:01 - [MESSAGE][PASSED] - Scroll to object 'Object Repository/PrimoTours/Old Objects/Coco (1)/PrimoT/SaveBooking2/Page_Primo Tours  Danmarks bedste c/a_btn btn-success col-xs-12 st' successfully

2017-11-27 14:37:01 - [TEST_STEP][PASSED] - waitForElementClickable: Object 'Object Repository/PrimoTours/Old Objects/Coco (1)/PrimoT/SaveBooking2/Page_Primo Tours  Danmarks bedste c/a_btn btn-success col-xs-12 st' is clickable

2017-11-27 14:37:02 - [MESSAGE][PASSED] - Object 'Object Repository/PrimoTours/Old Objects/Coco (1)/PrimoT/SaveBooking2/Page_Primo Tours  Danmarks bedste c/a_btn btn-success col-xs-12 st' is clickable

2017-11-27 14:37:02 - [TEST_STEP][NOT_RUN] - click: NOT_RUN: click

2017-11-27 14:37:02 - [MESSAGE][NOT_RUN] - NOT_RUN: click]]></system-out>
         <system-err><![CDATA[]]></system-err>
      </testcase>
      <testcase name="Test Cases/PrimoTours/WB Primo/WB Primo staging - place booking - Iteration 3" classname="Test Cases/PrimoTours/WB Primo/WB Primo staging - place booking" status="PASSED">
         <system-out><![CDATA[2017-11-27 14:37:02 - [TEST_CASE][PASSED] - Test Cases/PrimoTours/WB Primo/WB Primo staging - place booking - Iteration 3: Test Cases/PrimoTours/WB Primo/WB Primo staging - place booking

2017-11-27 14:37:02 - [TEST_STEP][PASSED] - openBrowser: Browser is opened with url: ''

2017-11-27 14:37:02 - [MESSAGE][WARNING] - A browser is already opened. Closing browser and opening a new one

2017-11-27 14:37:05 - [MESSAGE][PASSED] - Browser is opened with url: ''

2017-11-27 14:37:05 - [TEST_STEP][PASSED] - maximizeWindow: Current window maximized

2017-11-27 14:37:06 - [MESSAGE][PASSED] - Current window maximized

2017-11-27 14:37:06 - [TEST_STEP][PASSED] - navigateToUrl: Navigate to 'https://staging-primotours-webbooking.tourpaq.com/DoBooking.aspx?pltaID=1480269&p=1&rno=1&pt=2&a=2&c=2&aa=&ca=1%2C5' successfully

2017-11-27 14:37:08 - [MESSAGE][PASSED] - Navigate to 'https://staging-primotours-webbooking.tourpaq.com/DoBooking.aspx?pltaID=1480269&p=1&rno=1&pt=2&a=2&c=2&aa=&ca=1%2C5' successfully

2017-11-27 14:37:08 - [TEST_STEP][PASSED] - setText: Text 'Pedersen AUT' is set on object 'Object Repository/PrimoTours/Old Objects/Coco/PrimoT/Page_Primo Tours  Danmarks bedste c/input_firstName'

2017-11-27 14:37:09 - [MESSAGE][PASSED] - Text 'Pedersen AUT' is set on object 'Object Repository/PrimoTours/Old Objects/Coco/PrimoT/Page_Primo Tours  Danmarks bedste c/input_firstName'

2017-11-27 14:37:09 - [TEST_STEP][PASSED] - setText: Text 'Vibe Dalby' is set on object 'Object Repository/PrimoTours/Old Objects/Coco/PrimoT/Page_Primo Tours  Danmarks bedste c/input_lastName'

2017-11-27 14:37:09 - [MESSAGE][PASSED] - Text 'Vibe Dalby' is set on object 'Object Repository/PrimoTours/Old Objects/Coco/PrimoT/Page_Primo Tours  Danmarks bedste c/input_lastName'

2017-11-27 14:37:09 - [TEST_STEP][PASSED] - setText: Text 'Home address' is set on object 'Object Repository/PrimoTours/Old Objects/Coco/PrimoT/Page_Primo Tours  Danmarks bedste c/input_customerAddress'

2017-11-27 14:37:09 - [MESSAGE][PASSED] - Text 'Home address' is set on object 'Object Repository/PrimoTours/Old Objects/Coco/PrimoT/Page_Primo Tours  Danmarks bedste c/input_customerAddress'

2017-11-27 14:37:09 - [TEST_STEP][PASSED] - setText: Text '6700' is set on object 'Object Repository/PrimoTours/Old Objects/Coco/PrimoT/Page_Primo Tours  Danmarks bedste c/input_customerPostcode'

2017-11-27 14:37:09 - [MESSAGE][PASSED] - Text '6700' is set on object 'Object Repository/PrimoTours/Old Objects/Coco/PrimoT/Page_Primo Tours  Danmarks bedste c/input_customerPostcode'

2017-11-27 14:37:09 - [TEST_STEP][PASSED] - setText: Text 'cornel.neacsu@roweb.ro' is set on object 'Object Repository/PrimoTours/Old Objects/Coco/PrimoT/Page_Primo Tours  Danmarks bedste c/input_customerEmail'

2017-11-27 14:37:10 - [MESSAGE][PASSED] - Text 'cornel.neacsu@roweb.ro' is set on object 'Object Repository/PrimoTours/Old Objects/Coco/PrimoT/Page_Primo Tours  Danmarks bedste c/input_customerEmail'

2017-11-27 14:37:10 - [TEST_STEP][PASSED] - setText: Text '12345678' is set on object 'Object Repository/PrimoTours/Old Objects/Coco/PrimoT/Page_Primo Tours  Danmarks bedste c/input_customerPhone'

2017-11-27 14:37:10 - [MESSAGE][PASSED] - Text '12345678' is set on object 'Object Repository/PrimoTours/Old Objects/Coco/PrimoT/Page_Primo Tours  Danmarks bedste c/input_customerPhone'

2017-11-27 14:37:10 - [TEST_STEP][PASSED] - waitForElementClickable: Object 'Object Repository/PrimoTours/Old Objects/Coco/PrimoT/Page_Primo Tours  Danmarks bedste c/input_firstname-0_1' is clickable

2017-11-27 14:37:12 - [MESSAGE][PASSED] - Object 'Object Repository/PrimoTours/Old Objects/Coco/PrimoT/Page_Primo Tours  Danmarks bedste c/input_firstname-0_1' is clickable

2017-11-27 14:37:12 - [TEST_STEP][PASSED] - Statement - excelInfo = ["fname":"", "lname":"", "pgender":"", "pday":"", "pmonth":"", "pyear":""]: null

2017-11-27 14:37:12 - [TEST_STEP][PASSED] - Statement - rawData = com.kms.katalon.core.testdata.TestDataFactory.findTestData("Data Files/WB_Primo/Passenger_details"): Reading excel file with source file 'D:\Software testing\Tourpaq\Automated Katalon tests\Primo WB test\Data Files\Primo_URLs_For_Automated_Test.xls' and sheet name 'Passenger Names'

2017-11-27 14:37:12 - [TEST_STEP][PASSED] - Statement - excelRowNo = rawData.getRowNumbers(): null

2017-11-27 14:37:12 - [TEST_STEP][PASSED] - Statement - randomPaxIndex = 1: null

2017-11-27 14:37:12 - [TEST_STEP][PASSED] - Statement - driver = com.kms.katalon.core.webui.driver.DriverFactory.getWebDriver(): null

2017-11-27 14:37:12 - [TEST_STEP][PASSED] - Statement - roomContainerXpath = "id("booking")/div[@class="wrapper second-bg"]/div[contains(@class,"container-mx")]/div[@class="row"]/div[@class="col-md-12 roomContainer"]": null

2017-11-27 14:37:12 - [TEST_STEP][PASSED] - Statement - roomsCount = driver.findElements(org.openqa.selenium.By.xpath(roomContainerXpath)).size(): null

2017-11-27 14:37:12 - [TEST_STEP][PASSED] - Statement - println("roomsCount=" + roomsCount): null

2017-11-27 14:37:12 - [TEST_STEP][PASSED] - Statement - For ([i = 1, i <= roomsCount, (i++)]): Text 'Kjed Skov' is set on object 'Object Repository/PrimoTours/Old Objects/allPaxLastNameFields'

2017-11-27 14:37:12 - [TEST_STEP][PASSED] - Statement - paxInRoomXpath = roomContainerXpath + "[" + i + "]/div[@class="row"]/div[@class="col-md-12"]/div[@class="row"]": null

2017-11-27 14:37:12 - [TEST_STEP][PASSED] - Statement - paxInRoomCount = driver.findElements(org.openqa.selenium.By.xpath(paxInRoomXpath)).size(): null

2017-11-27 14:37:12 - [TEST_STEP][PASSED] - Statement - println("paxInRoomCount=" + paxInRoomCount): null

2017-11-27 14:37:12 - [TEST_STEP][PASSED] - Statement - For ([j = 1, j <= paxInRoomCount, (j++)]): Text 'Kjed Skov' is set on object 'Object Repository/PrimoTours/Old Objects/allPaxLastNameFields'

2017-11-27 14:37:12 - [TEST_STEP][PASSED] - Statement - If (i == 1 & j == 1): null

2017-11-27 14:37:12 - [TEST_STEP][PASSED] - Statement - <not implemented yet for class: org.codehaus.groovy.ast.stmt.ContinueStatement>: null

2017-11-27 14:37:12 - [TEST_STEP][PASSED] - Statement - If (i == 1 & j == 1): null

2017-11-27 14:37:12 - [TEST_STEP][PASSED] - Statement - randomPaxIndex = java.lang.Math.abs(new java.util.Random().nextInt() % excelRowNo) + 1: null

2017-11-27 14:37:12 - [TEST_STEP][PASSED] - Statement - println(randomPaxIndex): null

2017-11-27 14:37:12 - [TEST_STEP][PASSED] - Statement - fname = rawData.getValue("FirstName", randomPaxIndex) + " AUT": null

2017-11-27 14:37:12 - [TEST_STEP][PASSED] - Statement - lname = rawData.getValue("LastName", randomPaxIndex): null

2017-11-27 14:37:12 - [TEST_STEP][PASSED] - Statement - pgender = rawData.getValue("Gender", randomPaxIndex): null

2017-11-27 14:37:12 - [TEST_STEP][PASSED] - Statement - pday = rawData.getValue("Day DOB", randomPaxIndex): null

2017-11-27 14:37:12 - [TEST_STEP][PASSED] - Statement - pmonth = rawData.getValue("Month DOB", randomPaxIndex): null

2017-11-27 14:37:12 - [TEST_STEP][PASSED] - Statement - pyear = rawData.getValue("Year DOB", randomPaxIndex): null

2017-11-27 14:37:12 - [TEST_STEP][PASSED] - Statement - paxDetailFields = paxInRoomXpath + "[" + j + "]/div[@class="col-md-x col-md-9"]/div[@class="row paxContainer"]/div[@class="col-md-5"]": null

2017-11-27 14:37:12 - [TEST_STEP][PASSED] - Statement - xpathval = paxDetailFields + "[1]/div[contains(@class,"form-group")]/input[@class="form-control paxFirstName"]": null

2017-11-27 14:37:12 - [TEST_STEP][PASSED] - Statement - println("fn: " + xpathval): null

2017-11-27 14:37:12 - [TEST_STEP][PASSED] - Statement - repObj = com.kms.katalon.core.testobject.ObjectRepository.findTestObject(Object Repository/PrimoTours/Old Objects/allPaxFirstNameFields): Finding Test Object with id 'Object Repository/PrimoTours/Old Objects/allPaxFirstNameFields'

2017-11-27 14:37:12 - [TEST_STEP][PASSED] - Statement - repObj.findProperty("xpath").setValue(xpathval): null

2017-11-27 14:37:12 - [TEST_STEP][PASSED] - setText: Text 'Jeppesen AUT' is set on object 'Object Repository/PrimoTours/Old Objects/allPaxFirstNameFields'

2017-11-27 14:37:12 - [MESSAGE][PASSED] - Text 'Jeppesen AUT' is set on object 'Object Repository/PrimoTours/Old Objects/allPaxFirstNameFields'

2017-11-27 14:37:12 - [TEST_STEP][PASSED] - Statement - xpathval = paxDetailFields + "[2]/div[contains(@class,"form-group")]/input[@class="form-control paxLastName"]": null

2017-11-27 14:37:12 - [TEST_STEP][PASSED] - Statement - println("ln: " + xpathval): null

2017-11-27 14:37:12 - [TEST_STEP][PASSED] - Statement - repObj = com.kms.katalon.core.testobject.ObjectRepository.findTestObject(Object Repository/PrimoTours/Old Objects/allPaxLastNameFields): Finding Test Object with id 'Object Repository/PrimoTours/Old Objects/allPaxLastNameFields'

2017-11-27 14:37:12 - [TEST_STEP][PASSED] - Statement - repObj.findProperty("xpath").setValue(xpathval): null

2017-11-27 14:37:12 - [TEST_STEP][PASSED] - setText: Text 'Martin' is set on object 'Object Repository/PrimoTours/Old Objects/allPaxLastNameFields'

2017-11-27 14:37:12 - [MESSAGE][PASSED] - Text 'Martin' is set on object 'Object Repository/PrimoTours/Old Objects/allPaxLastNameFields'

2017-11-27 14:37:12 - [TEST_STEP][PASSED] - Statement - If (i == 1 & j == 1): null

2017-11-27 14:37:12 - [TEST_STEP][PASSED] - Statement - randomPaxIndex = java.lang.Math.abs(new java.util.Random().nextInt() % excelRowNo) + 1: null

2017-11-27 14:37:12 - [TEST_STEP][PASSED] - Statement - println(randomPaxIndex): null

2017-11-27 14:37:12 - [TEST_STEP][PASSED] - Statement - fname = rawData.getValue("FirstName", randomPaxIndex) + " AUT": null

2017-11-27 14:37:12 - [TEST_STEP][PASSED] - Statement - lname = rawData.getValue("LastName", randomPaxIndex): null

2017-11-27 14:37:12 - [TEST_STEP][PASSED] - Statement - pgender = rawData.getValue("Gender", randomPaxIndex): null

2017-11-27 14:37:12 - [TEST_STEP][PASSED] - Statement - pday = rawData.getValue("Day DOB", randomPaxIndex): null

2017-11-27 14:37:12 - [TEST_STEP][PASSED] - Statement - pmonth = rawData.getValue("Month DOB", randomPaxIndex): null

2017-11-27 14:37:12 - [TEST_STEP][PASSED] - Statement - pyear = rawData.getValue("Year DOB", randomPaxIndex): null

2017-11-27 14:37:12 - [TEST_STEP][PASSED] - Statement - paxDetailFields = paxInRoomXpath + "[" + j + "]/div[@class="col-md-x col-md-9"]/div[@class="row paxContainer"]/div[@class="col-md-5"]": null

2017-11-27 14:37:12 - [TEST_STEP][PASSED] - Statement - xpathval = paxDetailFields + "[1]/div[contains(@class,"form-group")]/input[@class="form-control paxFirstName"]": null

2017-11-27 14:37:12 - [TEST_STEP][PASSED] - Statement - println("fn: " + xpathval): null

2017-11-27 14:37:12 - [TEST_STEP][PASSED] - Statement - repObj = com.kms.katalon.core.testobject.ObjectRepository.findTestObject(Object Repository/PrimoTours/Old Objects/allPaxFirstNameFields): Finding Test Object with id 'Object Repository/PrimoTours/Old Objects/allPaxFirstNameFields'

2017-11-27 14:37:12 - [TEST_STEP][PASSED] - Statement - repObj.findProperty("xpath").setValue(xpathval): null

2017-11-27 14:37:12 - [TEST_STEP][PASSED] - setText: Text 'Høpfner AUT' is set on object 'Object Repository/PrimoTours/Old Objects/allPaxFirstNameFields'

2017-11-27 14:37:12 - [MESSAGE][PASSED] - Text 'Høpfner AUT' is set on object 'Object Repository/PrimoTours/Old Objects/allPaxFirstNameFields'

2017-11-27 14:37:12 - [TEST_STEP][PASSED] - Statement - xpathval = paxDetailFields + "[2]/div[contains(@class,"form-group")]/input[@class="form-control paxLastName"]": null

2017-11-27 14:37:12 - [TEST_STEP][PASSED] - Statement - println("ln: " + xpathval): null

2017-11-27 14:37:12 - [TEST_STEP][PASSED] - Statement - repObj = com.kms.katalon.core.testobject.ObjectRepository.findTestObject(Object Repository/PrimoTours/Old Objects/allPaxLastNameFields): Finding Test Object with id 'Object Repository/PrimoTours/Old Objects/allPaxLastNameFields'

2017-11-27 14:37:12 - [TEST_STEP][PASSED] - Statement - repObj.findProperty("xpath").setValue(xpathval): null

2017-11-27 14:37:12 - [TEST_STEP][PASSED] - setText: Text 'Rasmus Gaarde' is set on object 'Object Repository/PrimoTours/Old Objects/allPaxLastNameFields'

2017-11-27 14:37:13 - [MESSAGE][PASSED] - Text 'Rasmus Gaarde' is set on object 'Object Repository/PrimoTours/Old Objects/allPaxLastNameFields'

2017-11-27 14:37:13 - [TEST_STEP][PASSED] - Statement - If (i == 1 & j == 1): null

2017-11-27 14:37:13 - [TEST_STEP][PASSED] - Statement - randomPaxIndex = java.lang.Math.abs(new java.util.Random().nextInt() % excelRowNo) + 1: null

2017-11-27 14:37:13 - [TEST_STEP][PASSED] - Statement - println(randomPaxIndex): null

2017-11-27 14:37:13 - [TEST_STEP][PASSED] - Statement - fname = rawData.getValue("FirstName", randomPaxIndex) + " AUT": null

2017-11-27 14:37:13 - [TEST_STEP][PASSED] - Statement - lname = rawData.getValue("LastName", randomPaxIndex): null

2017-11-27 14:37:13 - [TEST_STEP][PASSED] - Statement - pgender = rawData.getValue("Gender", randomPaxIndex): null

2017-11-27 14:37:13 - [TEST_STEP][PASSED] - Statement - pday = rawData.getValue("Day DOB", randomPaxIndex): null

2017-11-27 14:37:13 - [TEST_STEP][PASSED] - Statement - pmonth = rawData.getValue("Month DOB", randomPaxIndex): null

2017-11-27 14:37:13 - [TEST_STEP][PASSED] - Statement - pyear = rawData.getValue("Year DOB", randomPaxIndex): null

2017-11-27 14:37:13 - [TEST_STEP][PASSED] - Statement - paxDetailFields = paxInRoomXpath + "[" + j + "]/div[@class="col-md-x col-md-9"]/div[@class="row paxContainer"]/div[@class="col-md-5"]": null

2017-11-27 14:37:13 - [TEST_STEP][PASSED] - Statement - xpathval = paxDetailFields + "[1]/div[contains(@class,"form-group")]/input[@class="form-control paxFirstName"]": null

2017-11-27 14:37:13 - [TEST_STEP][PASSED] - Statement - println("fn: " + xpathval): null

2017-11-27 14:37:13 - [TEST_STEP][PASSED] - Statement - repObj = com.kms.katalon.core.testobject.ObjectRepository.findTestObject(Object Repository/PrimoTours/Old Objects/allPaxFirstNameFields): Finding Test Object with id 'Object Repository/PrimoTours/Old Objects/allPaxFirstNameFields'

2017-11-27 14:37:13 - [TEST_STEP][PASSED] - Statement - repObj.findProperty("xpath").setValue(xpathval): null

2017-11-27 14:37:13 - [TEST_STEP][PASSED] - setText: Text 'Jensen AUT' is set on object 'Object Repository/PrimoTours/Old Objects/allPaxFirstNameFields'

2017-11-27 14:37:13 - [MESSAGE][PASSED] - Text 'Jensen AUT' is set on object 'Object Repository/PrimoTours/Old Objects/allPaxFirstNameFields'

2017-11-27 14:37:13 - [TEST_STEP][PASSED] - Statement - xpathval = paxDetailFields + "[2]/div[contains(@class,"form-group")]/input[@class="form-control paxLastName"]": null

2017-11-27 14:37:13 - [TEST_STEP][PASSED] - Statement - println("ln: " + xpathval): null

2017-11-27 14:37:13 - [TEST_STEP][PASSED] - Statement - repObj = com.kms.katalon.core.testobject.ObjectRepository.findTestObject(Object Repository/PrimoTours/Old Objects/allPaxLastNameFields): Finding Test Object with id 'Object Repository/PrimoTours/Old Objects/allPaxLastNameFields'

2017-11-27 14:37:13 - [TEST_STEP][PASSED] - Statement - repObj.findProperty("xpath").setValue(xpathval): null

2017-11-27 14:37:13 - [TEST_STEP][PASSED] - setText: Text 'Kjed Skov' is set on object 'Object Repository/PrimoTours/Old Objects/allPaxLastNameFields'

2017-11-27 14:37:13 - [MESSAGE][PASSED] - Text 'Kjed Skov' is set on object 'Object Repository/PrimoTours/Old Objects/allPaxLastNameFields'

2017-11-27 14:37:13 - [TEST_STEP][PASSED] - scrollToElement: Scroll to object 'Object Repository/PrimoTours/Old Objects/Coco (1)/PrimoT/SaveBooking2/Success/span_kr. 7.892-' successfully

2017-11-27 14:37:13 - [MESSAGE][PASSED] - Scroll to object 'Object Repository/PrimoTours/Old Objects/Coco (1)/PrimoT/SaveBooking2/Success/span_kr. 7.892-' successfully

2017-11-27 14:37:13 - [TEST_STEP][PASSED] - click: Object: 'Object Repository/PrimoTours/Old Objects/Coco (1)/PrimoT/SaveBooking2/Success/span_kr. 7.892-' is clicked on

2017-11-27 14:37:13 - [MESSAGE][PASSED] - Object: 'Object Repository/PrimoTours/Old Objects/Coco (1)/PrimoT/SaveBooking2/Success/span_kr. 7.892-' is clicked on

2017-11-27 14:37:13 - [TEST_STEP][PASSED] - scrollToElement: Scroll to object 'Object Repository/PrimoTours/Old Objects/Coco (1)/PrimoT/SaveBooking2/Success/Page_Primo Tours  Danmarks bedste c/i_fa fa-arrow-circle-right' successfully

2017-11-27 14:37:13 - [MESSAGE][PASSED] - Scroll to object 'Object Repository/PrimoTours/Old Objects/Coco (1)/PrimoT/SaveBooking2/Success/Page_Primo Tours  Danmarks bedste c/i_fa fa-arrow-circle-right' successfully

2017-11-27 14:37:13 - [TEST_STEP][PASSED] - waitForElementClickable: Object 'Object Repository/PrimoTours/Old Objects/Coco (1)/PrimoT/SaveBooking2/Success/Page_Primo Tours  Danmarks bedste c/i_fa fa-arrow-circle-right' is clickable

2017-11-27 14:37:13 - [MESSAGE][PASSED] - Object 'Object Repository/PrimoTours/Old Objects/Coco (1)/PrimoT/SaveBooking2/Success/Page_Primo Tours  Danmarks bedste c/i_fa fa-arrow-circle-right' is clickable

2017-11-27 14:37:13 - [TEST_STEP][PASSED] - waitForElementVisible: Object 'Object Repository/PrimoTours/Old Objects/Coco (1)/PrimoT/SaveBooking2/Success/Page_Primo Tours  Danmarks bedste c/i_fa fa-arrow-circle-right' is visible

2017-11-27 14:37:13 - [MESSAGE][PASSED] - Object 'Object Repository/PrimoTours/Old Objects/Coco (1)/PrimoT/SaveBooking2/Success/Page_Primo Tours  Danmarks bedste c/i_fa fa-arrow-circle-right' is visible

2017-11-27 14:37:13 - [TEST_STEP][PASSED] - scrollToElement: Scroll to object 'Object Repository/PrimoTours/Old Objects/Coco (1)/PrimoT/SaveBooking2/Success/Page_Primo Tours  Danmarks bedste c/i_fa fa-arrow-circle-right' successfully

2017-11-27 14:37:13 - [MESSAGE][PASSED] - Scroll to object 'Object Repository/PrimoTours/Old Objects/Coco (1)/PrimoT/SaveBooking2/Success/Page_Primo Tours  Danmarks bedste c/i_fa fa-arrow-circle-right' successfully

2017-11-27 14:37:13 - [TEST_STEP][PASSED] - click: Object: 'Object Repository/PrimoTours/Old Objects/Coco (1)/PrimoT/SaveBooking2/Success/Page_Primo Tours  Danmarks bedste c/i_fa fa-arrow-circle-right' is clicked on

2017-11-27 14:37:13 - [MESSAGE][PASSED] - Object: 'Object Repository/PrimoTours/Old Objects/Coco (1)/PrimoT/SaveBooking2/Success/Page_Primo Tours  Danmarks bedste c/i_fa fa-arrow-circle-right' is clicked on

2017-11-27 14:37:13 - [TEST_STEP][PASSED] - scrollToElement: Scroll to object 'Object Repository/PrimoTours/Old Objects/Coco/PrimoT/Ins2/Page_Primo Tours  Danmarks bedste c/span_Vlg forsikring' successfully

2017-11-27 14:37:14 - [MESSAGE][PASSED] - Scroll to object 'Object Repository/PrimoTours/Old Objects/Coco/PrimoT/Ins2/Page_Primo Tours  Danmarks bedste c/span_Vlg forsikring' successfully

2017-11-27 14:37:14 - [TEST_STEP][PASSED] - waitForElementPresent: Object 'Object Repository/PrimoTours/Old Objects/Coco/PrimoT/Ins2/Page_Primo Tours  Danmarks bedste c/span_Vlg forsikring' is present

2017-11-27 14:37:14 - [MESSAGE][PASSED] - Object 'Object Repository/PrimoTours/Old Objects/Coco/PrimoT/Ins2/Page_Primo Tours  Danmarks bedste c/span_Vlg forsikring' is present

2017-11-27 14:37:14 - [TEST_STEP][PASSED] - waitForElementVisible: Object 'Object Repository/PrimoTours/Old Objects/Coco/PrimoT/Ins2/Page_Primo Tours  Danmarks bedste c/span_Vlg forsikring' is visible

2017-11-27 14:37:14 - [MESSAGE][PASSED] - Object 'Object Repository/PrimoTours/Old Objects/Coco/PrimoT/Ins2/Page_Primo Tours  Danmarks bedste c/span_Vlg forsikring' is visible

2017-11-27 14:37:14 - [TEST_STEP][PASSED] - waitForElementClickable: Object 'Object Repository/PrimoTours/Old Objects/Coco/PrimoT/Ins2/Page_Primo Tours  Danmarks bedste c/span_Vlg forsikring' is clickable

2017-11-27 14:37:14 - [MESSAGE][PASSED] - Object 'Object Repository/PrimoTours/Old Objects/Coco/PrimoT/Ins2/Page_Primo Tours  Danmarks bedste c/span_Vlg forsikring' is clickable

2017-11-27 14:37:14 - [TEST_STEP][PASSED] - click: Object: 'Object Repository/PrimoTours/Old Objects/Coco/PrimoT/Ins2/Page_Primo Tours  Danmarks bedste c/span_Vlg forsikring' is clicked on

2017-11-27 14:37:14 - [MESSAGE][PASSED] - Object: 'Object Repository/PrimoTours/Old Objects/Coco/PrimoT/Ins2/Page_Primo Tours  Danmarks bedste c/span_Vlg forsikring' is clicked on

2017-11-27 14:37:14 - [TEST_STEP][PASSED] - click: Object: 'Object Repository/PrimoTours/Old Objects/Coco/PrimoT/Ins2/Page_Primo Tours  Danmarks bedste c/li_Har selv forsikring - kr. 0' is clicked on

2017-11-27 14:37:15 - [MESSAGE][PASSED] - Object: 'Object Repository/PrimoTours/Old Objects/Coco/PrimoT/Ins2/Page_Primo Tours  Danmarks bedste c/li_Har selv forsikring - kr. 0' is clicked on

2017-11-27 14:37:15 - [TEST_STEP][NOT_RUN] - click: NOT_RUN: click

2017-11-27 14:37:15 - [MESSAGE][NOT_RUN] - NOT_RUN: click

2017-11-27 14:37:15 - [TEST_STEP][NOT_RUN] - scrollToElement: NOT_RUN: scrollToElement

2017-11-27 14:37:15 - [MESSAGE][NOT_RUN] - NOT_RUN: scrollToElement

2017-11-27 14:37:15 - [TEST_STEP][NOT_RUN] - click: NOT_RUN: click

2017-11-27 14:37:15 - [MESSAGE][NOT_RUN] - NOT_RUN: click

2017-11-27 14:37:15 - [TEST_STEP][PASSED] - scrollToElement: Scroll to object 'Object Repository/PrimoTours/Old Objects/Coco (1)/PrimoT/SaveBooking2/Page_Primo Tours  Danmarks bedste c/a_toggle checkbox kalypto' successfully

2017-11-27 14:37:15 - [MESSAGE][PASSED] - Scroll to object 'Object Repository/PrimoTours/Old Objects/Coco (1)/PrimoT/SaveBooking2/Page_Primo Tours  Danmarks bedste c/a_toggle checkbox kalypto' successfully

2017-11-27 14:37:15 - [TEST_STEP][PASSED] - waitForElementVisible: Object 'Object Repository/PrimoTours/Old Objects/Coco (1)/PrimoT/SaveBooking2/Page_Primo Tours  Danmarks bedste c/a_toggle checkbox kalypto' is visible

2017-11-27 14:37:15 - [MESSAGE][PASSED] - Object 'Object Repository/PrimoTours/Old Objects/Coco (1)/PrimoT/SaveBooking2/Page_Primo Tours  Danmarks bedste c/a_toggle checkbox kalypto' is visible

2017-11-27 14:37:15 - [TEST_STEP][PASSED] - click: Object: 'Object Repository/PrimoTours/Old Objects/Coco (1)/PrimoT/SaveBooking2/Page_Primo Tours  Danmarks bedste c/a_toggle checkbox kalypto' is clicked on

2017-11-27 14:37:15 - [MESSAGE][PASSED] - Object: 'Object Repository/PrimoTours/Old Objects/Coco (1)/PrimoT/SaveBooking2/Page_Primo Tours  Danmarks bedste c/a_toggle checkbox kalypto' is clicked on

2017-11-27 14:37:15 - [TEST_STEP][PASSED] - scrollToElement: Scroll to object 'Object Repository/PrimoTours/Old Objects/Coco (1)/PrimoT/SaveBooking2/Success/a_toggle radio kalypto' successfully

2017-11-27 14:37:15 - [MESSAGE][PASSED] - Scroll to object 'Object Repository/PrimoTours/Old Objects/Coco (1)/PrimoT/SaveBooking2/Success/a_toggle radio kalypto' successfully

2017-11-27 14:37:15 - [TEST_STEP][PASSED] - waitForElementClickable: Object 'Object Repository/PrimoTours/Old Objects/Coco (1)/PrimoT/SaveBooking2/Success/a_toggle radio kalypto' is clickable

2017-11-27 14:37:15 - [MESSAGE][PASSED] - Object 'Object Repository/PrimoTours/Old Objects/Coco (1)/PrimoT/SaveBooking2/Success/a_toggle radio kalypto' is clickable

2017-11-27 14:37:15 - [TEST_STEP][PASSED] - click: Object: 'Object Repository/PrimoTours/Old Objects/Coco (1)/PrimoT/SaveBooking2/Success/a_toggle radio kalypto' is clicked on

2017-11-27 14:37:15 - [MESSAGE][PASSED] - Object: 'Object Repository/PrimoTours/Old Objects/Coco (1)/PrimoT/SaveBooking2/Success/a_toggle radio kalypto' is clicked on

2017-11-27 14:37:15 - [TEST_STEP][PASSED] - scrollToElement: Scroll to object 'Object Repository/PrimoTours/Old Objects/Coco (1)/PrimoT/SaveBooking2/Success/a_toggle checkbox kalypto (1)' successfully

2017-11-27 14:37:15 - [MESSAGE][PASSED] - Scroll to object 'Object Repository/PrimoTours/Old Objects/Coco (1)/PrimoT/SaveBooking2/Success/a_toggle checkbox kalypto (1)' successfully

2017-11-27 14:37:15 - [TEST_STEP][PASSED] - click: Object: 'Object Repository/PrimoTours/Old Objects/Coco (1)/PrimoT/SaveBooking2/Success/a_toggle checkbox kalypto (1)' is clicked on

2017-11-27 14:37:16 - [MESSAGE][PASSED] - Object: 'Object Repository/PrimoTours/Old Objects/Coco (1)/PrimoT/SaveBooking2/Success/a_toggle checkbox kalypto (1)' is clicked on

2017-11-27 14:37:16 - [TEST_STEP][NOT_RUN] - scrollToElement: NOT_RUN: scrollToElement

2017-11-27 14:37:16 - [MESSAGE][NOT_RUN] - NOT_RUN: scrollToElement

2017-11-27 14:37:16 - [TEST_STEP][NOT_RUN] - scrollToElement: NOT_RUN: scrollToElement

2017-11-27 14:37:16 - [MESSAGE][NOT_RUN] - NOT_RUN: scrollToElement

2017-11-27 14:37:16 - [TEST_STEP][NOT_RUN] - click: NOT_RUN: click

2017-11-27 14:37:16 - [MESSAGE][NOT_RUN] - NOT_RUN: click

2017-11-27 14:37:16 - [TEST_STEP][PASSED] - scrollToElement: Scroll to object 'Object Repository/PrimoTours/Old Objects/Coco (1)/PrimoT/SaveBooking2/Success/a_toggle checkbox kalypto' successfully

2017-11-27 14:37:16 - [MESSAGE][PASSED] - Scroll to object 'Object Repository/PrimoTours/Old Objects/Coco (1)/PrimoT/SaveBooking2/Success/a_toggle checkbox kalypto' successfully

2017-11-27 14:37:16 - [TEST_STEP][PASSED] - click: Object: 'Object Repository/PrimoTours/Old Objects/Coco (1)/PrimoT/SaveBooking2/Success/a_toggle checkbox kalypto' is clicked on

2017-11-27 14:37:16 - [MESSAGE][PASSED] - Object: 'Object Repository/PrimoTours/Old Objects/Coco (1)/PrimoT/SaveBooking2/Success/a_toggle checkbox kalypto' is clicked on

2017-11-27 14:37:16 - [TEST_STEP][PASSED] - scrollToElement: Scroll to object 'Object Repository/PrimoTours/Old Objects/Coco (1)/PrimoT/SaveBooking2/Page_Primo Tours  Danmarks bedste c/a_btn btn-success col-xs-12 st' successfully

2017-11-27 14:37:16 - [MESSAGE][PASSED] - Scroll to object 'Object Repository/PrimoTours/Old Objects/Coco (1)/PrimoT/SaveBooking2/Page_Primo Tours  Danmarks bedste c/a_btn btn-success col-xs-12 st' successfully

2017-11-27 14:37:16 - [TEST_STEP][PASSED] - waitForElementClickable: Object 'Object Repository/PrimoTours/Old Objects/Coco (1)/PrimoT/SaveBooking2/Page_Primo Tours  Danmarks bedste c/a_btn btn-success col-xs-12 st' is clickable

2017-11-27 14:37:16 - [MESSAGE][PASSED] - Object 'Object Repository/PrimoTours/Old Objects/Coco (1)/PrimoT/SaveBooking2/Page_Primo Tours  Danmarks bedste c/a_btn btn-success col-xs-12 st' is clickable

2017-11-27 14:37:16 - [TEST_STEP][NOT_RUN] - click: NOT_RUN: click

2017-11-27 14:37:16 - [MESSAGE][NOT_RUN] - NOT_RUN: click]]></system-out>
         <system-err><![CDATA[]]></system-err>
      </testcase>
      <testcase name="Test Cases/PrimoTours/WB Primo/WB Primo staging - place booking - Iteration 4" classname="Test Cases/PrimoTours/WB Primo/WB Primo staging - place booking" status="PASSED">
         <system-out><![CDATA[2017-11-27 14:37:16 - [TEST_CASE][PASSED] - Test Cases/PrimoTours/WB Primo/WB Primo staging - place booking - Iteration 4: Test Cases/PrimoTours/WB Primo/WB Primo staging - place booking

2017-11-27 14:37:16 - [TEST_STEP][PASSED] - openBrowser: Browser is opened with url: ''

2017-11-27 14:37:16 - [MESSAGE][WARNING] - A browser is already opened. Closing browser and opening a new one

2017-11-27 14:37:19 - [MESSAGE][PASSED] - Browser is opened with url: ''

2017-11-27 14:37:19 - [TEST_STEP][PASSED] - maximizeWindow: Current window maximized

2017-11-27 14:37:20 - [MESSAGE][PASSED] - Current window maximized

2017-11-27 14:37:20 - [TEST_STEP][PASSED] - navigateToUrl: Navigate to 'https://staging-primotours-webbooking.tourpaq.com/DoBooking.aspx?pltaID=1480269&p=1&rno=2&pt=1&a=4&c=4&aa=&ca=1,4|0,5' successfully

2017-11-27 14:37:22 - [MESSAGE][PASSED] - Navigate to 'https://staging-primotours-webbooking.tourpaq.com/DoBooking.aspx?pltaID=1480269&p=1&rno=2&pt=1&a=4&c=4&aa=&ca=1,4|0,5' successfully

2017-11-27 14:37:22 - [TEST_STEP][PASSED] - setText: Text 'Pedersen AUT' is set on object 'Object Repository/PrimoTours/Old Objects/Coco/PrimoT/Page_Primo Tours  Danmarks bedste c/input_firstName'

2017-11-27 14:37:23 - [MESSAGE][PASSED] - Text 'Pedersen AUT' is set on object 'Object Repository/PrimoTours/Old Objects/Coco/PrimoT/Page_Primo Tours  Danmarks bedste c/input_firstName'

2017-11-27 14:37:23 - [TEST_STEP][PASSED] - setText: Text 'Vibe Dalby' is set on object 'Object Repository/PrimoTours/Old Objects/Coco/PrimoT/Page_Primo Tours  Danmarks bedste c/input_lastName'

2017-11-27 14:37:23 - [MESSAGE][PASSED] - Text 'Vibe Dalby' is set on object 'Object Repository/PrimoTours/Old Objects/Coco/PrimoT/Page_Primo Tours  Danmarks bedste c/input_lastName'

2017-11-27 14:37:23 - [TEST_STEP][PASSED] - setText: Text 'Home address' is set on object 'Object Repository/PrimoTours/Old Objects/Coco/PrimoT/Page_Primo Tours  Danmarks bedste c/input_customerAddress'

2017-11-27 14:37:24 - [MESSAGE][PASSED] - Text 'Home address' is set on object 'Object Repository/PrimoTours/Old Objects/Coco/PrimoT/Page_Primo Tours  Danmarks bedste c/input_customerAddress'

2017-11-27 14:37:24 - [TEST_STEP][PASSED] - setText: Text '6700' is set on object 'Object Repository/PrimoTours/Old Objects/Coco/PrimoT/Page_Primo Tours  Danmarks bedste c/input_customerPostcode'

2017-11-27 14:37:24 - [MESSAGE][PASSED] - Text '6700' is set on object 'Object Repository/PrimoTours/Old Objects/Coco/PrimoT/Page_Primo Tours  Danmarks bedste c/input_customerPostcode'

2017-11-27 14:37:24 - [TEST_STEP][PASSED] - setText: Text 'cornel.neacsu@roweb.ro' is set on object 'Object Repository/PrimoTours/Old Objects/Coco/PrimoT/Page_Primo Tours  Danmarks bedste c/input_customerEmail'

2017-11-27 14:37:24 - [MESSAGE][PASSED] - Text 'cornel.neacsu@roweb.ro' is set on object 'Object Repository/PrimoTours/Old Objects/Coco/PrimoT/Page_Primo Tours  Danmarks bedste c/input_customerEmail'

2017-11-27 14:37:24 - [TEST_STEP][PASSED] - setText: Text '12345678' is set on object 'Object Repository/PrimoTours/Old Objects/Coco/PrimoT/Page_Primo Tours  Danmarks bedste c/input_customerPhone'

2017-11-27 14:37:24 - [MESSAGE][PASSED] - Text '12345678' is set on object 'Object Repository/PrimoTours/Old Objects/Coco/PrimoT/Page_Primo Tours  Danmarks bedste c/input_customerPhone'

2017-11-27 14:37:24 - [TEST_STEP][PASSED] - waitForElementClickable: Object 'Object Repository/PrimoTours/Old Objects/Coco/PrimoT/Page_Primo Tours  Danmarks bedste c/input_firstname-0_1' is clickable

2017-11-27 14:37:25 - [MESSAGE][PASSED] - Object 'Object Repository/PrimoTours/Old Objects/Coco/PrimoT/Page_Primo Tours  Danmarks bedste c/input_firstname-0_1' is clickable

2017-11-27 14:37:25 - [TEST_STEP][PASSED] - Statement - excelInfo = ["fname":"", "lname":"", "pgender":"", "pday":"", "pmonth":"", "pyear":""]: null

2017-11-27 14:37:25 - [TEST_STEP][PASSED] - Statement - rawData = com.kms.katalon.core.testdata.TestDataFactory.findTestData("Data Files/WB_Primo/Passenger_details"): Reading excel file with source file 'D:\Software testing\Tourpaq\Automated Katalon tests\Primo WB test\Data Files\Primo_URLs_For_Automated_Test.xls' and sheet name 'Passenger Names'

2017-11-27 14:37:25 - [TEST_STEP][PASSED] - Statement - excelRowNo = rawData.getRowNumbers(): null

2017-11-27 14:37:25 - [TEST_STEP][PASSED] - Statement - randomPaxIndex = 1: null

2017-11-27 14:37:25 - [TEST_STEP][PASSED] - Statement - driver = com.kms.katalon.core.webui.driver.DriverFactory.getWebDriver(): null

2017-11-27 14:37:25 - [TEST_STEP][PASSED] - Statement - roomContainerXpath = "id("booking")/div[@class="wrapper second-bg"]/div[contains(@class,"container-mx")]/div[@class="row"]/div[@class="col-md-12 roomContainer"]": null

2017-11-27 14:37:25 - [TEST_STEP][PASSED] - Statement - roomsCount = driver.findElements(org.openqa.selenium.By.xpath(roomContainerXpath)).size(): null

2017-11-27 14:37:26 - [TEST_STEP][PASSED] - Statement - println("roomsCount=" + roomsCount): null

2017-11-27 14:37:26 - [TEST_STEP][PASSED] - Statement - For ([i = 1, i <= roomsCount, (i++)]): Text 'Mathilde' is set on object 'Object Repository/PrimoTours/Old Objects/allPaxLastNameFields'

2017-11-27 14:37:26 - [TEST_STEP][PASSED] - Statement - paxInRoomXpath = roomContainerXpath + "[" + i + "]/div[@class="row"]/div[@class="col-md-12"]/div[@class="row"]": null

2017-11-27 14:37:26 - [TEST_STEP][PASSED] - Statement - paxInRoomCount = driver.findElements(org.openqa.selenium.By.xpath(paxInRoomXpath)).size(): null

2017-11-27 14:37:26 - [TEST_STEP][PASSED] - Statement - println("paxInRoomCount=" + paxInRoomCount): null

2017-11-27 14:37:26 - [TEST_STEP][PASSED] - Statement - For ([j = 1, j <= paxInRoomCount, (j++)]): Text 'Maria' is set on object 'Object Repository/PrimoTours/Old Objects/allPaxLastNameFields'

2017-11-27 14:37:26 - [TEST_STEP][PASSED] - Statement - If (i == 1 & j == 1): null

2017-11-27 14:37:26 - [TEST_STEP][PASSED] - Statement - <not implemented yet for class: org.codehaus.groovy.ast.stmt.ContinueStatement>: null

2017-11-27 14:37:26 - [TEST_STEP][PASSED] - Statement - If (i == 1 & j == 1): null

2017-11-27 14:37:26 - [TEST_STEP][PASSED] - Statement - randomPaxIndex = java.lang.Math.abs(new java.util.Random().nextInt() % excelRowNo) + 1: null

2017-11-27 14:37:26 - [TEST_STEP][PASSED] - Statement - println(randomPaxIndex): null

2017-11-27 14:37:26 - [TEST_STEP][PASSED] - Statement - fname = rawData.getValue("FirstName", randomPaxIndex) + " AUT": null

2017-11-27 14:37:26 - [TEST_STEP][PASSED] - Statement - lname = rawData.getValue("LastName", randomPaxIndex): null

2017-11-27 14:37:26 - [TEST_STEP][PASSED] - Statement - pgender = rawData.getValue("Gender", randomPaxIndex): null

2017-11-27 14:37:26 - [TEST_STEP][PASSED] - Statement - pday = rawData.getValue("Day DOB", randomPaxIndex): null

2017-11-27 14:37:26 - [TEST_STEP][PASSED] - Statement - pmonth = rawData.getValue("Month DOB", randomPaxIndex): null

2017-11-27 14:37:26 - [TEST_STEP][PASSED] - Statement - pyear = rawData.getValue("Year DOB", randomPaxIndex): null

2017-11-27 14:37:26 - [TEST_STEP][PASSED] - Statement - paxDetailFields = paxInRoomXpath + "[" + j + "]/div[@class="col-md-x col-md-9"]/div[@class="row paxContainer"]/div[@class="col-md-5"]": null

2017-11-27 14:37:26 - [TEST_STEP][PASSED] - Statement - xpathval = paxDetailFields + "[1]/div[contains(@class,"form-group")]/input[@class="form-control paxFirstName"]": null

2017-11-27 14:37:26 - [TEST_STEP][PASSED] - Statement - println("fn: " + xpathval): null

2017-11-27 14:37:26 - [TEST_STEP][PASSED] - Statement - repObj = com.kms.katalon.core.testobject.ObjectRepository.findTestObject(Object Repository/PrimoTours/Old Objects/allPaxFirstNameFields): Finding Test Object with id 'Object Repository/PrimoTours/Old Objects/allPaxFirstNameFields'

2017-11-27 14:37:26 - [TEST_STEP][PASSED] - Statement - repObj.findProperty("xpath").setValue(xpathval): null

2017-11-27 14:37:26 - [TEST_STEP][PASSED] - setText: Text 'Skovfo AUT' is set on object 'Object Repository/PrimoTours/Old Objects/allPaxFirstNameFields'

2017-11-27 14:37:26 - [MESSAGE][PASSED] - Text 'Skovfo AUT' is set on object 'Object Repository/PrimoTours/Old Objects/allPaxFirstNameFields'

2017-11-27 14:37:26 - [TEST_STEP][PASSED] - Statement - xpathval = paxDetailFields + "[2]/div[contains(@class,"form-group")]/input[@class="form-control paxLastName"]": null

2017-11-27 14:37:26 - [TEST_STEP][PASSED] - Statement - println("ln: " + xpathval): null

2017-11-27 14:37:26 - [TEST_STEP][PASSED] - Statement - repObj = com.kms.katalon.core.testobject.ObjectRepository.findTestObject(Object Repository/PrimoTours/Old Objects/allPaxLastNameFields): Finding Test Object with id 'Object Repository/PrimoTours/Old Objects/allPaxLastNameFields'

2017-11-27 14:37:26 - [TEST_STEP][PASSED] - Statement - repObj.findProperty("xpath").setValue(xpathval): null

2017-11-27 14:37:26 - [TEST_STEP][PASSED] - setText: Text 'Kristoffer' is set on object 'Object Repository/PrimoTours/Old Objects/allPaxLastNameFields'

2017-11-27 14:37:26 - [MESSAGE][PASSED] - Text 'Kristoffer' is set on object 'Object Repository/PrimoTours/Old Objects/allPaxLastNameFields'

2017-11-27 14:37:26 - [TEST_STEP][PASSED] - Statement - If (i == 1 & j == 1): null

2017-11-27 14:37:26 - [TEST_STEP][PASSED] - Statement - randomPaxIndex = java.lang.Math.abs(new java.util.Random().nextInt() % excelRowNo) + 1: null

2017-11-27 14:37:26 - [TEST_STEP][PASSED] - Statement - println(randomPaxIndex): null

2017-11-27 14:37:26 - [TEST_STEP][PASSED] - Statement - fname = rawData.getValue("FirstName", randomPaxIndex) + " AUT": null

2017-11-27 14:37:26 - [TEST_STEP][PASSED] - Statement - lname = rawData.getValue("LastName", randomPaxIndex): null

2017-11-27 14:37:26 - [TEST_STEP][PASSED] - Statement - pgender = rawData.getValue("Gender", randomPaxIndex): null

2017-11-27 14:37:26 - [TEST_STEP][PASSED] - Statement - pday = rawData.getValue("Day DOB", randomPaxIndex): null

2017-11-27 14:37:26 - [TEST_STEP][PASSED] - Statement - pmonth = rawData.getValue("Month DOB", randomPaxIndex): null

2017-11-27 14:37:26 - [TEST_STEP][PASSED] - Statement - pyear = rawData.getValue("Year DOB", randomPaxIndex): null

2017-11-27 14:37:26 - [TEST_STEP][PASSED] - Statement - paxDetailFields = paxInRoomXpath + "[" + j + "]/div[@class="col-md-x col-md-9"]/div[@class="row paxContainer"]/div[@class="col-md-5"]": null

2017-11-27 14:37:26 - [TEST_STEP][PASSED] - Statement - xpathval = paxDetailFields + "[1]/div[contains(@class,"form-group")]/input[@class="form-control paxFirstName"]": null

2017-11-27 14:37:26 - [TEST_STEP][PASSED] - Statement - println("fn: " + xpathval): null

2017-11-27 14:37:26 - [TEST_STEP][PASSED] - Statement - repObj = com.kms.katalon.core.testobject.ObjectRepository.findTestObject(Object Repository/PrimoTours/Old Objects/allPaxFirstNameFields): Finding Test Object with id 'Object Repository/PrimoTours/Old Objects/allPaxFirstNameFields'

2017-11-27 14:37:26 - [TEST_STEP][PASSED] - Statement - repObj.findProperty("xpath").setValue(xpathval): null

2017-11-27 14:37:26 - [TEST_STEP][PASSED] - setText: Text 'Søndergaard AUT' is set on object 'Object Repository/PrimoTours/Old Objects/allPaxFirstNameFields'

2017-11-27 14:37:26 - [MESSAGE][PASSED] - Text 'Søndergaard AUT' is set on object 'Object Repository/PrimoTours/Old Objects/allPaxFirstNameFields'

2017-11-27 14:37:26 - [TEST_STEP][PASSED] - Statement - xpathval = paxDetailFields + "[2]/div[contains(@class,"form-group")]/input[@class="form-control paxLastName"]": null

2017-11-27 14:37:26 - [TEST_STEP][PASSED] - Statement - println("ln: " + xpathval): null

2017-11-27 14:37:26 - [TEST_STEP][PASSED] - Statement - repObj = com.kms.katalon.core.testobject.ObjectRepository.findTestObject(Object Repository/PrimoTours/Old Objects/allPaxLastNameFields): Finding Test Object with id 'Object Repository/PrimoTours/Old Objects/allPaxLastNameFields'

2017-11-27 14:37:26 - [TEST_STEP][PASSED] - Statement - repObj.findProperty("xpath").setValue(xpathval): null

2017-11-27 14:37:26 - [TEST_STEP][PASSED] - setText: Text 'Micki Skov' is set on object 'Object Repository/PrimoTours/Old Objects/allPaxLastNameFields'

2017-11-27 14:37:27 - [MESSAGE][PASSED] - Text 'Micki Skov' is set on object 'Object Repository/PrimoTours/Old Objects/allPaxLastNameFields'

2017-11-27 14:37:27 - [TEST_STEP][PASSED] - Statement - If (i == 1 & j == 1): null

2017-11-27 14:37:27 - [TEST_STEP][PASSED] - Statement - randomPaxIndex = java.lang.Math.abs(new java.util.Random().nextInt() % excelRowNo) + 1: null

2017-11-27 14:37:27 - [TEST_STEP][PASSED] - Statement - println(randomPaxIndex): null

2017-11-27 14:37:27 - [TEST_STEP][PASSED] - Statement - fname = rawData.getValue("FirstName", randomPaxIndex) + " AUT": null

2017-11-27 14:37:27 - [TEST_STEP][PASSED] - Statement - lname = rawData.getValue("LastName", randomPaxIndex): null

2017-11-27 14:37:27 - [TEST_STEP][PASSED] - Statement - pgender = rawData.getValue("Gender", randomPaxIndex): null

2017-11-27 14:37:27 - [TEST_STEP][PASSED] - Statement - pday = rawData.getValue("Day DOB", randomPaxIndex): null

2017-11-27 14:37:27 - [TEST_STEP][PASSED] - Statement - pmonth = rawData.getValue("Month DOB", randomPaxIndex): null

2017-11-27 14:37:27 - [TEST_STEP][PASSED] - Statement - pyear = rawData.getValue("Year DOB", randomPaxIndex): null

2017-11-27 14:37:27 - [TEST_STEP][PASSED] - Statement - paxDetailFields = paxInRoomXpath + "[" + j + "]/div[@class="col-md-x col-md-9"]/div[@class="row paxContainer"]/div[@class="col-md-5"]": null

2017-11-27 14:37:27 - [TEST_STEP][PASSED] - Statement - xpathval = paxDetailFields + "[1]/div[contains(@class,"form-group")]/input[@class="form-control paxFirstName"]": null

2017-11-27 14:37:27 - [TEST_STEP][PASSED] - Statement - println("fn: " + xpathval): null

2017-11-27 14:37:27 - [TEST_STEP][PASSED] - Statement - repObj = com.kms.katalon.core.testobject.ObjectRepository.findTestObject(Object Repository/PrimoTours/Old Objects/allPaxFirstNameFields): Finding Test Object with id 'Object Repository/PrimoTours/Old Objects/allPaxFirstNameFields'

2017-11-27 14:37:27 - [TEST_STEP][PASSED] - Statement - repObj.findProperty("xpath").setValue(xpathval): null

2017-11-27 14:37:27 - [TEST_STEP][PASSED] - setText: Text 'Grønning Høier AUT' is set on object 'Object Repository/PrimoTours/Old Objects/allPaxFirstNameFields'

2017-11-27 14:37:27 - [MESSAGE][PASSED] - Text 'Grønning Høier AUT' is set on object 'Object Repository/PrimoTours/Old Objects/allPaxFirstNameFields'

2017-11-27 14:37:27 - [TEST_STEP][PASSED] - Statement - xpathval = paxDetailFields + "[2]/div[contains(@class,"form-group")]/input[@class="form-control paxLastName"]": null

2017-11-27 14:37:27 - [TEST_STEP][PASSED] - Statement - println("ln: " + xpathval): null

2017-11-27 14:37:27 - [TEST_STEP][PASSED] - Statement - repObj = com.kms.katalon.core.testobject.ObjectRepository.findTestObject(Object Repository/PrimoTours/Old Objects/allPaxLastNameFields): Finding Test Object with id 'Object Repository/PrimoTours/Old Objects/allPaxLastNameFields'

2017-11-27 14:37:27 - [TEST_STEP][PASSED] - Statement - repObj.findProperty("xpath").setValue(xpathval): null

2017-11-27 14:37:27 - [TEST_STEP][PASSED] - setText: Text 'Maria' is set on object 'Object Repository/PrimoTours/Old Objects/allPaxLastNameFields'

2017-11-27 14:37:27 - [MESSAGE][PASSED] - Text 'Maria' is set on object 'Object Repository/PrimoTours/Old Objects/allPaxLastNameFields'

2017-11-27 14:37:27 - [TEST_STEP][PASSED] - Statement - paxInRoomXpath = roomContainerXpath + "[" + i + "]/div[@class="row"]/div[@class="col-md-12"]/div[@class="row"]": null

2017-11-27 14:37:27 - [TEST_STEP][PASSED] - Statement - paxInRoomCount = driver.findElements(org.openqa.selenium.By.xpath(paxInRoomXpath)).size(): null

2017-11-27 14:37:27 - [TEST_STEP][PASSED] - Statement - println("paxInRoomCount=" + paxInRoomCount): null

2017-11-27 14:37:27 - [TEST_STEP][PASSED] - Statement - For ([j = 1, j <= paxInRoomCount, (j++)]): Text 'Mathilde' is set on object 'Object Repository/PrimoTours/Old Objects/allPaxLastNameFields'

2017-11-27 14:37:27 - [TEST_STEP][PASSED] - Statement - If (i == 1 & j == 1): null

2017-11-27 14:37:27 - [TEST_STEP][PASSED] - Statement - randomPaxIndex = java.lang.Math.abs(new java.util.Random().nextInt() % excelRowNo) + 1: null

2017-11-27 14:37:27 - [TEST_STEP][PASSED] - Statement - println(randomPaxIndex): null

2017-11-27 14:37:27 - [TEST_STEP][PASSED] - Statement - fname = rawData.getValue("FirstName", randomPaxIndex) + " AUT": null

2017-11-27 14:37:27 - [TEST_STEP][PASSED] - Statement - lname = rawData.getValue("LastName", randomPaxIndex): null

2017-11-27 14:37:27 - [TEST_STEP][PASSED] - Statement - pgender = rawData.getValue("Gender", randomPaxIndex): null

2017-11-27 14:37:27 - [TEST_STEP][PASSED] - Statement - pday = rawData.getValue("Day DOB", randomPaxIndex): null

2017-11-27 14:37:27 - [TEST_STEP][PASSED] - Statement - pmonth = rawData.getValue("Month DOB", randomPaxIndex): null

2017-11-27 14:37:27 - [TEST_STEP][PASSED] - Statement - pyear = rawData.getValue("Year DOB", randomPaxIndex): null

2017-11-27 14:37:27 - [TEST_STEP][PASSED] - Statement - paxDetailFields = paxInRoomXpath + "[" + j + "]/div[@class="col-md-x col-md-9"]/div[@class="row paxContainer"]/div[@class="col-md-5"]": null

2017-11-27 14:37:27 - [TEST_STEP][PASSED] - Statement - xpathval = paxDetailFields + "[1]/div[contains(@class,"form-group")]/input[@class="form-control paxFirstName"]": null

2017-11-27 14:37:27 - [TEST_STEP][PASSED] - Statement - println("fn: " + xpathval): null

2017-11-27 14:37:27 - [TEST_STEP][PASSED] - Statement - repObj = com.kms.katalon.core.testobject.ObjectRepository.findTestObject(Object Repository/PrimoTours/Old Objects/allPaxFirstNameFields): Finding Test Object with id 'Object Repository/PrimoTours/Old Objects/allPaxFirstNameFields'

2017-11-27 14:37:27 - [TEST_STEP][PASSED] - Statement - repObj.findProperty("xpath").setValue(xpathval): null

2017-11-27 14:37:27 - [TEST_STEP][PASSED] - setText: Text 'Hansson AUT' is set on object 'Object Repository/PrimoTours/Old Objects/allPaxFirstNameFields'

2017-11-27 14:37:27 - [MESSAGE][PASSED] - Text 'Hansson AUT' is set on object 'Object Repository/PrimoTours/Old Objects/allPaxFirstNameFields'

2017-11-27 14:37:27 - [TEST_STEP][PASSED] - Statement - xpathval = paxDetailFields + "[2]/div[contains(@class,"form-group")]/input[@class="form-control paxLastName"]": null

2017-11-27 14:37:27 - [TEST_STEP][PASSED] - Statement - println("ln: " + xpathval): null

2017-11-27 14:37:27 - [TEST_STEP][PASSED] - Statement - repObj = com.kms.katalon.core.testobject.ObjectRepository.findTestObject(Object Repository/PrimoTours/Old Objects/allPaxLastNameFields): Finding Test Object with id 'Object Repository/PrimoTours/Old Objects/allPaxLastNameFields'

2017-11-27 14:37:27 - [TEST_STEP][PASSED] - Statement - repObj.findProperty("xpath").setValue(xpathval): null

2017-11-27 14:37:27 - [TEST_STEP][PASSED] - setText: Text 'Bodil' is set on object 'Object Repository/PrimoTours/Old Objects/allPaxLastNameFields'

2017-11-27 14:37:27 - [MESSAGE][PASSED] - Text 'Bodil' is set on object 'Object Repository/PrimoTours/Old Objects/allPaxLastNameFields'

2017-11-27 14:37:27 - [TEST_STEP][PASSED] - Statement - If (i == 1 & j == 1): null

2017-11-27 14:37:27 - [TEST_STEP][PASSED] - Statement - randomPaxIndex = java.lang.Math.abs(new java.util.Random().nextInt() % excelRowNo) + 1: null

2017-11-27 14:37:27 - [TEST_STEP][PASSED] - Statement - println(randomPaxIndex): null

2017-11-27 14:37:27 - [TEST_STEP][PASSED] - Statement - fname = rawData.getValue("FirstName", randomPaxIndex) + " AUT": null

2017-11-27 14:37:27 - [TEST_STEP][PASSED] - Statement - lname = rawData.getValue("LastName", randomPaxIndex): null

2017-11-27 14:37:27 - [TEST_STEP][PASSED] - Statement - pgender = rawData.getValue("Gender", randomPaxIndex): null

2017-11-27 14:37:27 - [TEST_STEP][PASSED] - Statement - pday = rawData.getValue("Day DOB", randomPaxIndex): null

2017-11-27 14:37:27 - [TEST_STEP][PASSED] - Statement - pmonth = rawData.getValue("Month DOB", randomPaxIndex): null

2017-11-27 14:37:27 - [TEST_STEP][PASSED] - Statement - pyear = rawData.getValue("Year DOB", randomPaxIndex): null

2017-11-27 14:37:27 - [TEST_STEP][PASSED] - Statement - paxDetailFields = paxInRoomXpath + "[" + j + "]/div[@class="col-md-x col-md-9"]/div[@class="row paxContainer"]/div[@class="col-md-5"]": null

2017-11-27 14:37:27 - [TEST_STEP][PASSED] - Statement - xpathval = paxDetailFields + "[1]/div[contains(@class,"form-group")]/input[@class="form-control paxFirstName"]": null

2017-11-27 14:37:27 - [TEST_STEP][PASSED] - Statement - println("fn: " + xpathval): null

2017-11-27 14:37:27 - [TEST_STEP][PASSED] - Statement - repObj = com.kms.katalon.core.testobject.ObjectRepository.findTestObject(Object Repository/PrimoTours/Old Objects/allPaxFirstNameFields): Finding Test Object with id 'Object Repository/PrimoTours/Old Objects/allPaxFirstNameFields'

2017-11-27 14:37:27 - [TEST_STEP][PASSED] - Statement - repObj.findProperty("xpath").setValue(xpathval): null

2017-11-27 14:37:27 - [TEST_STEP][PASSED] - setText: Text 'Grønning Nielsen AUT' is set on object 'Object Repository/PrimoTours/Old Objects/allPaxFirstNameFields'

2017-11-27 14:37:28 - [MESSAGE][PASSED] - Text 'Grønning Nielsen AUT' is set on object 'Object Repository/PrimoTours/Old Objects/allPaxFirstNameFields'

2017-11-27 14:37:28 - [TEST_STEP][PASSED] - Statement - xpathval = paxDetailFields + "[2]/div[contains(@class,"form-group")]/input[@class="form-control paxLastName"]": null

2017-11-27 14:37:28 - [TEST_STEP][PASSED] - Statement - println("ln: " + xpathval): null

2017-11-27 14:37:28 - [TEST_STEP][PASSED] - Statement - repObj = com.kms.katalon.core.testobject.ObjectRepository.findTestObject(Object Repository/PrimoTours/Old Objects/allPaxLastNameFields): Finding Test Object with id 'Object Repository/PrimoTours/Old Objects/allPaxLastNameFields'

2017-11-27 14:37:28 - [TEST_STEP][PASSED] - Statement - repObj.findProperty("xpath").setValue(xpathval): null

2017-11-27 14:37:28 - [TEST_STEP][PASSED] - setText: Text 'Mathilde' is set on object 'Object Repository/PrimoTours/Old Objects/allPaxLastNameFields'

2017-11-27 14:37:28 - [MESSAGE][PASSED] - Text 'Mathilde' is set on object 'Object Repository/PrimoTours/Old Objects/allPaxLastNameFields'

2017-11-27 14:37:28 - [TEST_STEP][PASSED] - scrollToElement: Scroll to object 'Object Repository/PrimoTours/Old Objects/Coco (1)/PrimoT/SaveBooking2/Success/span_kr. 7.892-' successfully

2017-11-27 14:37:28 - [MESSAGE][PASSED] - Scroll to object 'Object Repository/PrimoTours/Old Objects/Coco (1)/PrimoT/SaveBooking2/Success/span_kr. 7.892-' successfully

2017-11-27 14:37:28 - [TEST_STEP][PASSED] - click: Object: 'Object Repository/PrimoTours/Old Objects/Coco (1)/PrimoT/SaveBooking2/Success/span_kr. 7.892-' is clicked on

2017-11-27 14:37:28 - [MESSAGE][PASSED] - Object: 'Object Repository/PrimoTours/Old Objects/Coco (1)/PrimoT/SaveBooking2/Success/span_kr. 7.892-' is clicked on

2017-11-27 14:37:28 - [TEST_STEP][PASSED] - scrollToElement: Scroll to object 'Object Repository/PrimoTours/Old Objects/Coco (1)/PrimoT/SaveBooking2/Success/Page_Primo Tours  Danmarks bedste c/i_fa fa-arrow-circle-right' successfully

2017-11-27 14:37:28 - [MESSAGE][PASSED] - Scroll to object 'Object Repository/PrimoTours/Old Objects/Coco (1)/PrimoT/SaveBooking2/Success/Page_Primo Tours  Danmarks bedste c/i_fa fa-arrow-circle-right' successfully

2017-11-27 14:37:28 - [TEST_STEP][PASSED] - waitForElementClickable: Object 'Object Repository/PrimoTours/Old Objects/Coco (1)/PrimoT/SaveBooking2/Success/Page_Primo Tours  Danmarks bedste c/i_fa fa-arrow-circle-right' is clickable

2017-11-27 14:37:28 - [MESSAGE][PASSED] - Object 'Object Repository/PrimoTours/Old Objects/Coco (1)/PrimoT/SaveBooking2/Success/Page_Primo Tours  Danmarks bedste c/i_fa fa-arrow-circle-right' is clickable

2017-11-27 14:37:28 - [TEST_STEP][PASSED] - waitForElementVisible: Object 'Object Repository/PrimoTours/Old Objects/Coco (1)/PrimoT/SaveBooking2/Success/Page_Primo Tours  Danmarks bedste c/i_fa fa-arrow-circle-right' is visible

2017-11-27 14:37:28 - [MESSAGE][PASSED] - Object 'Object Repository/PrimoTours/Old Objects/Coco (1)/PrimoT/SaveBooking2/Success/Page_Primo Tours  Danmarks bedste c/i_fa fa-arrow-circle-right' is visible

2017-11-27 14:37:28 - [TEST_STEP][PASSED] - scrollToElement: Scroll to object 'Object Repository/PrimoTours/Old Objects/Coco (1)/PrimoT/SaveBooking2/Success/Page_Primo Tours  Danmarks bedste c/i_fa fa-arrow-circle-right' successfully

2017-11-27 14:37:29 - [MESSAGE][PASSED] - Scroll to object 'Object Repository/PrimoTours/Old Objects/Coco (1)/PrimoT/SaveBooking2/Success/Page_Primo Tours  Danmarks bedste c/i_fa fa-arrow-circle-right' successfully

2017-11-27 14:37:29 - [TEST_STEP][PASSED] - click: Object: 'Object Repository/PrimoTours/Old Objects/Coco (1)/PrimoT/SaveBooking2/Success/Page_Primo Tours  Danmarks bedste c/i_fa fa-arrow-circle-right' is clicked on

2017-11-27 14:37:29 - [MESSAGE][PASSED] - Object: 'Object Repository/PrimoTours/Old Objects/Coco (1)/PrimoT/SaveBooking2/Success/Page_Primo Tours  Danmarks bedste c/i_fa fa-arrow-circle-right' is clicked on

2017-11-27 14:37:29 - [TEST_STEP][PASSED] - scrollToElement: Scroll to object 'Object Repository/PrimoTours/Old Objects/Coco/PrimoT/Ins2/Page_Primo Tours  Danmarks bedste c/span_Vlg forsikring' successfully

2017-11-27 14:37:30 - [MESSAGE][PASSED] - Scroll to object 'Object Repository/PrimoTours/Old Objects/Coco/PrimoT/Ins2/Page_Primo Tours  Danmarks bedste c/span_Vlg forsikring' successfully

2017-11-27 14:37:30 - [TEST_STEP][PASSED] - waitForElementPresent: Object 'Object Repository/PrimoTours/Old Objects/Coco/PrimoT/Ins2/Page_Primo Tours  Danmarks bedste c/span_Vlg forsikring' is present

2017-11-27 14:37:30 - [MESSAGE][PASSED] - Object 'Object Repository/PrimoTours/Old Objects/Coco/PrimoT/Ins2/Page_Primo Tours  Danmarks bedste c/span_Vlg forsikring' is present

2017-11-27 14:37:30 - [TEST_STEP][PASSED] - waitForElementVisible: Object 'Object Repository/PrimoTours/Old Objects/Coco/PrimoT/Ins2/Page_Primo Tours  Danmarks bedste c/span_Vlg forsikring' is visible

2017-11-27 14:37:30 - [MESSAGE][PASSED] - Object 'Object Repository/PrimoTours/Old Objects/Coco/PrimoT/Ins2/Page_Primo Tours  Danmarks bedste c/span_Vlg forsikring' is visible

2017-11-27 14:37:30 - [TEST_STEP][PASSED] - waitForElementClickable: Object 'Object Repository/PrimoTours/Old Objects/Coco/PrimoT/Ins2/Page_Primo Tours  Danmarks bedste c/span_Vlg forsikring' is clickable

2017-11-27 14:37:30 - [MESSAGE][PASSED] - Object 'Object Repository/PrimoTours/Old Objects/Coco/PrimoT/Ins2/Page_Primo Tours  Danmarks bedste c/span_Vlg forsikring' is clickable

2017-11-27 14:37:30 - [TEST_STEP][PASSED] - click: Object: 'Object Repository/PrimoTours/Old Objects/Coco/PrimoT/Ins2/Page_Primo Tours  Danmarks bedste c/span_Vlg forsikring' is clicked on

2017-11-27 14:37:30 - [MESSAGE][PASSED] - Object: 'Object Repository/PrimoTours/Old Objects/Coco/PrimoT/Ins2/Page_Primo Tours  Danmarks bedste c/span_Vlg forsikring' is clicked on

2017-11-27 14:37:30 - [TEST_STEP][PASSED] - click: Object: 'Object Repository/PrimoTours/Old Objects/Coco/PrimoT/Ins2/Page_Primo Tours  Danmarks bedste c/li_Har selv forsikring - kr. 0' is clicked on

2017-11-27 14:37:31 - [MESSAGE][PASSED] - Object: 'Object Repository/PrimoTours/Old Objects/Coco/PrimoT/Ins2/Page_Primo Tours  Danmarks bedste c/li_Har selv forsikring - kr. 0' is clicked on

2017-11-27 14:37:31 - [TEST_STEP][NOT_RUN] - click: NOT_RUN: click

2017-11-27 14:37:31 - [MESSAGE][NOT_RUN] - NOT_RUN: click

2017-11-27 14:37:31 - [TEST_STEP][NOT_RUN] - scrollToElement: NOT_RUN: scrollToElement

2017-11-27 14:37:31 - [MESSAGE][NOT_RUN] - NOT_RUN: scrollToElement

2017-11-27 14:37:31 - [TEST_STEP][NOT_RUN] - click: NOT_RUN: click

2017-11-27 14:37:31 - [MESSAGE][NOT_RUN] - NOT_RUN: click

2017-11-27 14:37:31 - [TEST_STEP][PASSED] - scrollToElement: Scroll to object 'Object Repository/PrimoTours/Old Objects/Coco (1)/PrimoT/SaveBooking2/Page_Primo Tours  Danmarks bedste c/a_toggle checkbox kalypto' successfully

2017-11-27 14:37:31 - [MESSAGE][PASSED] - Scroll to object 'Object Repository/PrimoTours/Old Objects/Coco (1)/PrimoT/SaveBooking2/Page_Primo Tours  Danmarks bedste c/a_toggle checkbox kalypto' successfully

2017-11-27 14:37:31 - [TEST_STEP][PASSED] - waitForElementVisible: Object 'Object Repository/PrimoTours/Old Objects/Coco (1)/PrimoT/SaveBooking2/Page_Primo Tours  Danmarks bedste c/a_toggle checkbox kalypto' is visible

2017-11-27 14:37:31 - [MESSAGE][PASSED] - Object 'Object Repository/PrimoTours/Old Objects/Coco (1)/PrimoT/SaveBooking2/Page_Primo Tours  Danmarks bedste c/a_toggle checkbox kalypto' is visible

2017-11-27 14:37:31 - [TEST_STEP][PASSED] - click: Object: 'Object Repository/PrimoTours/Old Objects/Coco (1)/PrimoT/SaveBooking2/Page_Primo Tours  Danmarks bedste c/a_toggle checkbox kalypto' is clicked on

2017-11-27 14:37:31 - [MESSAGE][PASSED] - Object: 'Object Repository/PrimoTours/Old Objects/Coco (1)/PrimoT/SaveBooking2/Page_Primo Tours  Danmarks bedste c/a_toggle checkbox kalypto' is clicked on

2017-11-27 14:37:31 - [TEST_STEP][PASSED] - scrollToElement: Scroll to object 'Object Repository/PrimoTours/Old Objects/Coco (1)/PrimoT/SaveBooking2/Success/a_toggle radio kalypto' successfully

2017-11-27 14:37:31 - [MESSAGE][PASSED] - Scroll to object 'Object Repository/PrimoTours/Old Objects/Coco (1)/PrimoT/SaveBooking2/Success/a_toggle radio kalypto' successfully

2017-11-27 14:37:31 - [TEST_STEP][PASSED] - waitForElementClickable: Object 'Object Repository/PrimoTours/Old Objects/Coco (1)/PrimoT/SaveBooking2/Success/a_toggle radio kalypto' is clickable

2017-11-27 14:37:31 - [MESSAGE][PASSED] - Object 'Object Repository/PrimoTours/Old Objects/Coco (1)/PrimoT/SaveBooking2/Success/a_toggle radio kalypto' is clickable

2017-11-27 14:37:31 - [TEST_STEP][PASSED] - click: Object: 'Object Repository/PrimoTours/Old Objects/Coco (1)/PrimoT/SaveBooking2/Success/a_toggle radio kalypto' is clicked on

2017-11-27 14:37:31 - [MESSAGE][PASSED] - Object: 'Object Repository/PrimoTours/Old Objects/Coco (1)/PrimoT/SaveBooking2/Success/a_toggle radio kalypto' is clicked on

2017-11-27 14:37:31 - [TEST_STEP][PASSED] - scrollToElement: Scroll to object 'Object Repository/PrimoTours/Old Objects/Coco (1)/PrimoT/SaveBooking2/Success/a_toggle checkbox kalypto (1)' successfully

2017-11-27 14:37:31 - [MESSAGE][PASSED] - Scroll to object 'Object Repository/PrimoTours/Old Objects/Coco (1)/PrimoT/SaveBooking2/Success/a_toggle checkbox kalypto (1)' successfully

2017-11-27 14:37:31 - [TEST_STEP][PASSED] - click: Object: 'Object Repository/PrimoTours/Old Objects/Coco (1)/PrimoT/SaveBooking2/Success/a_toggle checkbox kalypto (1)' is clicked on

2017-11-27 14:37:32 - [MESSAGE][PASSED] - Object: 'Object Repository/PrimoTours/Old Objects/Coco (1)/PrimoT/SaveBooking2/Success/a_toggle checkbox kalypto (1)' is clicked on

2017-11-27 14:37:32 - [TEST_STEP][NOT_RUN] - scrollToElement: NOT_RUN: scrollToElement

2017-11-27 14:37:32 - [MESSAGE][NOT_RUN] - NOT_RUN: scrollToElement

2017-11-27 14:37:32 - [TEST_STEP][NOT_RUN] - scrollToElement: NOT_RUN: scrollToElement

2017-11-27 14:37:32 - [MESSAGE][NOT_RUN] - NOT_RUN: scrollToElement

2017-11-27 14:37:32 - [TEST_STEP][NOT_RUN] - click: NOT_RUN: click

2017-11-27 14:37:32 - [MESSAGE][NOT_RUN] - NOT_RUN: click

2017-11-27 14:37:32 - [TEST_STEP][PASSED] - scrollToElement: Scroll to object 'Object Repository/PrimoTours/Old Objects/Coco (1)/PrimoT/SaveBooking2/Success/a_toggle checkbox kalypto' successfully

2017-11-27 14:37:32 - [MESSAGE][PASSED] - Scroll to object 'Object Repository/PrimoTours/Old Objects/Coco (1)/PrimoT/SaveBooking2/Success/a_toggle checkbox kalypto' successfully

2017-11-27 14:37:32 - [TEST_STEP][PASSED] - click: Object: 'Object Repository/PrimoTours/Old Objects/Coco (1)/PrimoT/SaveBooking2/Success/a_toggle checkbox kalypto' is clicked on

2017-11-27 14:37:32 - [MESSAGE][PASSED] - Object: 'Object Repository/PrimoTours/Old Objects/Coco (1)/PrimoT/SaveBooking2/Success/a_toggle checkbox kalypto' is clicked on

2017-11-27 14:37:32 - [TEST_STEP][PASSED] - scrollToElement: Scroll to object 'Object Repository/PrimoTours/Old Objects/Coco (1)/PrimoT/SaveBooking2/Page_Primo Tours  Danmarks bedste c/a_btn btn-success col-xs-12 st' successfully

2017-11-27 14:37:32 - [MESSAGE][PASSED] - Scroll to object 'Object Repository/PrimoTours/Old Objects/Coco (1)/PrimoT/SaveBooking2/Page_Primo Tours  Danmarks bedste c/a_btn btn-success col-xs-12 st' successfully

2017-11-27 14:37:32 - [TEST_STEP][PASSED] - waitForElementClickable: Object 'Object Repository/PrimoTours/Old Objects/Coco (1)/PrimoT/SaveBooking2/Page_Primo Tours  Danmarks bedste c/a_btn btn-success col-xs-12 st' is clickable

2017-11-27 14:37:32 - [MESSAGE][PASSED] - Object 'Object Repository/PrimoTours/Old Objects/Coco (1)/PrimoT/SaveBooking2/Page_Primo Tours  Danmarks bedste c/a_btn btn-success col-xs-12 st' is clickable

2017-11-27 14:37:32 - [TEST_STEP][NOT_RUN] - click: NOT_RUN: click

2017-11-27 14:37:32 - [MESSAGE][NOT_RUN] - NOT_RUN: click]]></system-out>
         <system-err><![CDATA[]]></system-err>
      </testcase>
      <testcase name="Test Cases/PrimoTours/WB Primo/WB Primo staging - place booking - Iteration 5" classname="Test Cases/PrimoTours/WB Primo/WB Primo staging - place booking" status="PASSED">
         <system-out><![CDATA[2017-11-27 14:37:32 - [TEST_CASE][PASSED] - Test Cases/PrimoTours/WB Primo/WB Primo staging - place booking - Iteration 5: Test Cases/PrimoTours/WB Primo/WB Primo staging - place booking

2017-11-27 14:37:32 - [TEST_STEP][PASSED] - openBrowser: Browser is opened with url: ''

2017-11-27 14:37:32 - [MESSAGE][WARNING] - A browser is already opened. Closing browser and opening a new one

2017-11-27 14:37:35 - [MESSAGE][PASSED] - Browser is opened with url: ''

2017-11-27 14:37:35 - [TEST_STEP][PASSED] - maximizeWindow: Current window maximized

2017-11-27 14:37:36 - [MESSAGE][PASSED] - Current window maximized

2017-11-27 14:37:36 - [TEST_STEP][PASSED] - navigateToUrl: Navigate to 'https://staging-primotours-webbooking.tourpaq.com/DoBooking.aspx?pltaID=1480269&p=1&rno=3&pt=1&a=8&c=2&aa=&ca=0|1|6' successfully

2017-11-27 14:37:39 - [MESSAGE][PASSED] - Navigate to 'https://staging-primotours-webbooking.tourpaq.com/DoBooking.aspx?pltaID=1480269&p=1&rno=3&pt=1&a=8&c=2&aa=&ca=0|1|6' successfully

2017-11-27 14:37:39 - [TEST_STEP][PASSED] - setText: Text 'Pedersen AUT' is set on object 'Object Repository/PrimoTours/Old Objects/Coco/PrimoT/Page_Primo Tours  Danmarks bedste c/input_firstName'

2017-11-27 14:37:39 - [MESSAGE][PASSED] - Text 'Pedersen AUT' is set on object 'Object Repository/PrimoTours/Old Objects/Coco/PrimoT/Page_Primo Tours  Danmarks bedste c/input_firstName'

2017-11-27 14:37:39 - [TEST_STEP][PASSED] - setText: Text 'Vibe Dalby' is set on object 'Object Repository/PrimoTours/Old Objects/Coco/PrimoT/Page_Primo Tours  Danmarks bedste c/input_lastName'

2017-11-27 14:37:39 - [MESSAGE][PASSED] - Text 'Vibe Dalby' is set on object 'Object Repository/PrimoTours/Old Objects/Coco/PrimoT/Page_Primo Tours  Danmarks bedste c/input_lastName'

2017-11-27 14:37:39 - [TEST_STEP][PASSED] - setText: Text 'Home address' is set on object 'Object Repository/PrimoTours/Old Objects/Coco/PrimoT/Page_Primo Tours  Danmarks bedste c/input_customerAddress'

2017-11-27 14:37:40 - [MESSAGE][PASSED] - Text 'Home address' is set on object 'Object Repository/PrimoTours/Old Objects/Coco/PrimoT/Page_Primo Tours  Danmarks bedste c/input_customerAddress'

2017-11-27 14:37:40 - [TEST_STEP][PASSED] - setText: Text '6700' is set on object 'Object Repository/PrimoTours/Old Objects/Coco/PrimoT/Page_Primo Tours  Danmarks bedste c/input_customerPostcode'

2017-11-27 14:37:40 - [MESSAGE][PASSED] - Text '6700' is set on object 'Object Repository/PrimoTours/Old Objects/Coco/PrimoT/Page_Primo Tours  Danmarks bedste c/input_customerPostcode'

2017-11-27 14:37:40 - [TEST_STEP][PASSED] - setText: Text 'cornel.neacsu@roweb.ro' is set on object 'Object Repository/PrimoTours/Old Objects/Coco/PrimoT/Page_Primo Tours  Danmarks bedste c/input_customerEmail'

2017-11-27 14:37:40 - [MESSAGE][PASSED] - Text 'cornel.neacsu@roweb.ro' is set on object 'Object Repository/PrimoTours/Old Objects/Coco/PrimoT/Page_Primo Tours  Danmarks bedste c/input_customerEmail'

2017-11-27 14:37:40 - [TEST_STEP][PASSED] - setText: Text '12345678' is set on object 'Object Repository/PrimoTours/Old Objects/Coco/PrimoT/Page_Primo Tours  Danmarks bedste c/input_customerPhone'

2017-11-27 14:37:40 - [MESSAGE][PASSED] - Text '12345678' is set on object 'Object Repository/PrimoTours/Old Objects/Coco/PrimoT/Page_Primo Tours  Danmarks bedste c/input_customerPhone'

2017-11-27 14:37:40 - [TEST_STEP][PASSED] - waitForElementClickable: Object 'Object Repository/PrimoTours/Old Objects/Coco/PrimoT/Page_Primo Tours  Danmarks bedste c/input_firstname-0_1' is clickable

2017-11-27 14:37:42 - [MESSAGE][PASSED] - Object 'Object Repository/PrimoTours/Old Objects/Coco/PrimoT/Page_Primo Tours  Danmarks bedste c/input_firstname-0_1' is clickable

2017-11-27 14:37:42 - [TEST_STEP][PASSED] - Statement - excelInfo = ["fname":"", "lname":"", "pgender":"", "pday":"", "pmonth":"", "pyear":""]: null

2017-11-27 14:37:42 - [TEST_STEP][PASSED] - Statement - rawData = com.kms.katalon.core.testdata.TestDataFactory.findTestData("Data Files/WB_Primo/Passenger_details"): Reading excel file with source file 'D:\Software testing\Tourpaq\Automated Katalon tests\Primo WB test\Data Files\Primo_URLs_For_Automated_Test.xls' and sheet name 'Passenger Names'

2017-11-27 14:37:42 - [TEST_STEP][PASSED] - Statement - excelRowNo = rawData.getRowNumbers(): null

2017-11-27 14:37:42 - [TEST_STEP][PASSED] - Statement - randomPaxIndex = 1: null

2017-11-27 14:37:42 - [TEST_STEP][PASSED] - Statement - driver = com.kms.katalon.core.webui.driver.DriverFactory.getWebDriver(): null

2017-11-27 14:37:42 - [TEST_STEP][PASSED] - Statement - roomContainerXpath = "id("booking")/div[@class="wrapper second-bg"]/div[contains(@class,"container-mx")]/div[@class="row"]/div[@class="col-md-12 roomContainer"]": null

2017-11-27 14:37:42 - [TEST_STEP][PASSED] - Statement - roomsCount = driver.findElements(org.openqa.selenium.By.xpath(roomContainerXpath)).size(): null

2017-11-27 14:37:42 - [TEST_STEP][PASSED] - Statement - println("roomsCount=" + roomsCount): null

2017-11-27 14:37:42 - [TEST_STEP][PASSED] - Statement - For ([i = 1, i <= roomsCount, (i++)]): Text 'Ryan Vilsgaard' is set on object 'Object Repository/PrimoTours/Old Objects/allPaxLastNameFields'

2017-11-27 14:37:42 - [TEST_STEP][PASSED] - Statement - paxInRoomXpath = roomContainerXpath + "[" + i + "]/div[@class="row"]/div[@class="col-md-12"]/div[@class="row"]": null

2017-11-27 14:37:42 - [TEST_STEP][PASSED] - Statement - paxInRoomCount = driver.findElements(org.openqa.selenium.By.xpath(paxInRoomXpath)).size(): null

2017-11-27 14:37:42 - [TEST_STEP][PASSED] - Statement - println("paxInRoomCount=" + paxInRoomCount): null

2017-11-27 14:37:42 - [TEST_STEP][PASSED] - Statement - For ([j = 1, j <= paxInRoomCount, (j++)]): Text 'Thorstein' is set on object 'Object Repository/PrimoTours/Old Objects/allPaxLastNameFields'

2017-11-27 14:37:42 - [TEST_STEP][PASSED] - Statement - If (i == 1 & j == 1): null

2017-11-27 14:37:42 - [TEST_STEP][PASSED] - Statement - <not implemented yet for class: org.codehaus.groovy.ast.stmt.ContinueStatement>: null

2017-11-27 14:37:42 - [TEST_STEP][PASSED] - Statement - If (i == 1 & j == 1): null

2017-11-27 14:37:42 - [TEST_STEP][PASSED] - Statement - randomPaxIndex = java.lang.Math.abs(new java.util.Random().nextInt() % excelRowNo) + 1: null

2017-11-27 14:37:42 - [TEST_STEP][PASSED] - Statement - println(randomPaxIndex): null

2017-11-27 14:37:42 - [TEST_STEP][PASSED] - Statement - fname = rawData.getValue("FirstName", randomPaxIndex) + " AUT": null

2017-11-27 14:37:42 - [TEST_STEP][PASSED] - Statement - lname = rawData.getValue("LastName", randomPaxIndex): null

2017-11-27 14:37:42 - [TEST_STEP][PASSED] - Statement - pgender = rawData.getValue("Gender", randomPaxIndex): null

2017-11-27 14:37:42 - [TEST_STEP][PASSED] - Statement - pday = rawData.getValue("Day DOB", randomPaxIndex): null

2017-11-27 14:37:42 - [TEST_STEP][PASSED] - Statement - pmonth = rawData.getValue("Month DOB", randomPaxIndex): null

2017-11-27 14:37:42 - [TEST_STEP][PASSED] - Statement - pyear = rawData.getValue("Year DOB", randomPaxIndex): null

2017-11-27 14:37:42 - [TEST_STEP][PASSED] - Statement - paxDetailFields = paxInRoomXpath + "[" + j + "]/div[@class="col-md-x col-md-9"]/div[@class="row paxContainer"]/div[@class="col-md-5"]": null

2017-11-27 14:37:42 - [TEST_STEP][PASSED] - Statement - xpathval = paxDetailFields + "[1]/div[contains(@class,"form-group")]/input[@class="form-control paxFirstName"]": null

2017-11-27 14:37:42 - [TEST_STEP][PASSED] - Statement - println("fn: " + xpathval): null

2017-11-27 14:37:42 - [TEST_STEP][PASSED] - Statement - repObj = com.kms.katalon.core.testobject.ObjectRepository.findTestObject(Object Repository/PrimoTours/Old Objects/allPaxFirstNameFields): Finding Test Object with id 'Object Repository/PrimoTours/Old Objects/allPaxFirstNameFields'

2017-11-27 14:37:42 - [TEST_STEP][PASSED] - Statement - repObj.findProperty("xpath").setValue(xpathval): null

2017-11-27 14:37:42 - [TEST_STEP][PASSED] - setText: Text 'Andersen AUT' is set on object 'Object Repository/PrimoTours/Old Objects/allPaxFirstNameFields'

2017-11-27 14:37:42 - [MESSAGE][PASSED] - Text 'Andersen AUT' is set on object 'Object Repository/PrimoTours/Old Objects/allPaxFirstNameFields'

2017-11-27 14:37:42 - [TEST_STEP][PASSED] - Statement - xpathval = paxDetailFields + "[2]/div[contains(@class,"form-group")]/input[@class="form-control paxLastName"]": null

2017-11-27 14:37:42 - [TEST_STEP][PASSED] - Statement - println("ln: " + xpathval): null

2017-11-27 14:37:42 - [TEST_STEP][PASSED] - Statement - repObj = com.kms.katalon.core.testobject.ObjectRepository.findTestObject(Object Repository/PrimoTours/Old Objects/allPaxLastNameFields): Finding Test Object with id 'Object Repository/PrimoTours/Old Objects/allPaxLastNameFields'

2017-11-27 14:37:42 - [TEST_STEP][PASSED] - Statement - repObj.findProperty("xpath").setValue(xpathval): null

2017-11-27 14:37:42 - [TEST_STEP][PASSED] - setText: Text 'Dorthe Broberg' is set on object 'Object Repository/PrimoTours/Old Objects/allPaxLastNameFields'

2017-11-27 14:37:42 - [MESSAGE][PASSED] - Text 'Dorthe Broberg' is set on object 'Object Repository/PrimoTours/Old Objects/allPaxLastNameFields'

2017-11-27 14:37:42 - [TEST_STEP][PASSED] - Statement - If (i == 1 & j == 1): null

2017-11-27 14:37:42 - [TEST_STEP][PASSED] - Statement - randomPaxIndex = java.lang.Math.abs(new java.util.Random().nextInt() % excelRowNo) + 1: null

2017-11-27 14:37:42 - [TEST_STEP][PASSED] - Statement - println(randomPaxIndex): null

2017-11-27 14:37:42 - [TEST_STEP][PASSED] - Statement - fname = rawData.getValue("FirstName", randomPaxIndex) + " AUT": null

2017-11-27 14:37:42 - [TEST_STEP][PASSED] - Statement - lname = rawData.getValue("LastName", randomPaxIndex): null

2017-11-27 14:37:42 - [TEST_STEP][PASSED] - Statement - pgender = rawData.getValue("Gender", randomPaxIndex): null

2017-11-27 14:37:42 - [TEST_STEP][PASSED] - Statement - pday = rawData.getValue("Day DOB", randomPaxIndex): null

2017-11-27 14:37:42 - [TEST_STEP][PASSED] - Statement - pmonth = rawData.getValue("Month DOB", randomPaxIndex): null

2017-11-27 14:37:42 - [TEST_STEP][PASSED] - Statement - pyear = rawData.getValue("Year DOB", randomPaxIndex): null

2017-11-27 14:37:42 - [TEST_STEP][PASSED] - Statement - paxDetailFields = paxInRoomXpath + "[" + j + "]/div[@class="col-md-x col-md-9"]/div[@class="row paxContainer"]/div[@class="col-md-5"]": null

2017-11-27 14:37:42 - [TEST_STEP][PASSED] - Statement - xpathval = paxDetailFields + "[1]/div[contains(@class,"form-group")]/input[@class="form-control paxFirstName"]": null

2017-11-27 14:37:42 - [TEST_STEP][PASSED] - Statement - println("fn: " + xpathval): null

2017-11-27 14:37:42 - [TEST_STEP][PASSED] - Statement - repObj = com.kms.katalon.core.testobject.ObjectRepository.findTestObject(Object Repository/PrimoTours/Old Objects/allPaxFirstNameFields): Finding Test Object with id 'Object Repository/PrimoTours/Old Objects/allPaxFirstNameFields'

2017-11-27 14:37:42 - [TEST_STEP][PASSED] - Statement - repObj.findProperty("xpath").setValue(xpathval): null

2017-11-27 14:37:42 - [TEST_STEP][PASSED] - setText: Text 'Andersen AUT' is set on object 'Object Repository/PrimoTours/Old Objects/allPaxFirstNameFields'

2017-11-27 14:37:43 - [MESSAGE][PASSED] - Text 'Andersen AUT' is set on object 'Object Repository/PrimoTours/Old Objects/allPaxFirstNameFields'

2017-11-27 14:37:43 - [TEST_STEP][PASSED] - Statement - xpathval = paxDetailFields + "[2]/div[contains(@class,"form-group")]/input[@class="form-control paxLastName"]": null

2017-11-27 14:37:43 - [TEST_STEP][PASSED] - Statement - println("ln: " + xpathval): null

2017-11-27 14:37:43 - [TEST_STEP][PASSED] - Statement - repObj = com.kms.katalon.core.testobject.ObjectRepository.findTestObject(Object Repository/PrimoTours/Old Objects/allPaxLastNameFields): Finding Test Object with id 'Object Repository/PrimoTours/Old Objects/allPaxLastNameFields'

2017-11-27 14:37:43 - [TEST_STEP][PASSED] - Statement - repObj.findProperty("xpath").setValue(xpathval): null

2017-11-27 14:37:43 - [TEST_STEP][PASSED] - setText: Text 'Kim Nyvang' is set on object 'Object Repository/PrimoTours/Old Objects/allPaxLastNameFields'

2017-11-27 14:37:43 - [MESSAGE][PASSED] - Text 'Kim Nyvang' is set on object 'Object Repository/PrimoTours/Old Objects/allPaxLastNameFields'

2017-11-27 14:37:43 - [TEST_STEP][PASSED] - Statement - If (i == 1 & j == 1): null

2017-11-27 14:37:43 - [TEST_STEP][PASSED] - Statement - randomPaxIndex = java.lang.Math.abs(new java.util.Random().nextInt() % excelRowNo) + 1: null

2017-11-27 14:37:43 - [TEST_STEP][PASSED] - Statement - println(randomPaxIndex): null

2017-11-27 14:37:43 - [TEST_STEP][PASSED] - Statement - fname = rawData.getValue("FirstName", randomPaxIndex) + " AUT": null

2017-11-27 14:37:43 - [TEST_STEP][PASSED] - Statement - lname = rawData.getValue("LastName", randomPaxIndex): null

2017-11-27 14:37:43 - [TEST_STEP][PASSED] - Statement - pgender = rawData.getValue("Gender", randomPaxIndex): null

2017-11-27 14:37:43 - [TEST_STEP][PASSED] - Statement - pday = rawData.getValue("Day DOB", randomPaxIndex): null

2017-11-27 14:37:43 - [TEST_STEP][PASSED] - Statement - pmonth = rawData.getValue("Month DOB", randomPaxIndex): null

2017-11-27 14:37:43 - [TEST_STEP][PASSED] - Statement - pyear = rawData.getValue("Year DOB", randomPaxIndex): null

2017-11-27 14:37:43 - [TEST_STEP][PASSED] - Statement - paxDetailFields = paxInRoomXpath + "[" + j + "]/div[@class="col-md-x col-md-9"]/div[@class="row paxContainer"]/div[@class="col-md-5"]": null

2017-11-27 14:37:43 - [TEST_STEP][PASSED] - Statement - xpathval = paxDetailFields + "[1]/div[contains(@class,"form-group")]/input[@class="form-control paxFirstName"]": null

2017-11-27 14:37:43 - [TEST_STEP][PASSED] - Statement - println("fn: " + xpathval): null

2017-11-27 14:37:43 - [TEST_STEP][PASSED] - Statement - repObj = com.kms.katalon.core.testobject.ObjectRepository.findTestObject(Object Repository/PrimoTours/Old Objects/allPaxFirstNameFields): Finding Test Object with id 'Object Repository/PrimoTours/Old Objects/allPaxFirstNameFields'

2017-11-27 14:37:43 - [TEST_STEP][PASSED] - Statement - repObj.findProperty("xpath").setValue(xpathval): null

2017-11-27 14:37:43 - [TEST_STEP][PASSED] - setText: Text 'Strandbygaard AUT' is set on object 'Object Repository/PrimoTours/Old Objects/allPaxFirstNameFields'

2017-11-27 14:37:43 - [MESSAGE][PASSED] - Text 'Strandbygaard AUT' is set on object 'Object Repository/PrimoTours/Old Objects/allPaxFirstNameFields'

2017-11-27 14:37:43 - [TEST_STEP][PASSED] - Statement - xpathval = paxDetailFields + "[2]/div[contains(@class,"form-group")]/input[@class="form-control paxLastName"]": null

2017-11-27 14:37:43 - [TEST_STEP][PASSED] - Statement - println("ln: " + xpathval): null

2017-11-27 14:37:43 - [TEST_STEP][PASSED] - Statement - repObj = com.kms.katalon.core.testobject.ObjectRepository.findTestObject(Object Repository/PrimoTours/Old Objects/allPaxLastNameFields): Finding Test Object with id 'Object Repository/PrimoTours/Old Objects/allPaxLastNameFields'

2017-11-27 14:37:43 - [TEST_STEP][PASSED] - Statement - repObj.findProperty("xpath").setValue(xpathval): null

2017-11-27 14:37:43 - [TEST_STEP][PASSED] - setText: Text 'Thorstein' is set on object 'Object Repository/PrimoTours/Old Objects/allPaxLastNameFields'

2017-11-27 14:37:44 - [MESSAGE][PASSED] - Text 'Thorstein' is set on object 'Object Repository/PrimoTours/Old Objects/allPaxLastNameFields'

2017-11-27 14:37:44 - [TEST_STEP][PASSED] - Statement - paxInRoomXpath = roomContainerXpath + "[" + i + "]/div[@class="row"]/div[@class="col-md-12"]/div[@class="row"]": null

2017-11-27 14:37:44 - [TEST_STEP][PASSED] - Statement - paxInRoomCount = driver.findElements(org.openqa.selenium.By.xpath(paxInRoomXpath)).size(): null

2017-11-27 14:37:44 - [TEST_STEP][PASSED] - Statement - println("paxInRoomCount=" + paxInRoomCount): null

2017-11-27 14:37:44 - [TEST_STEP][PASSED] - Statement - For ([j = 1, j <= paxInRoomCount, (j++)]): Text 'Paul Jonathan ' is set on object 'Object Repository/PrimoTours/Old Objects/allPaxLastNameFields'

2017-11-27 14:37:44 - [TEST_STEP][PASSED] - Statement - If (i == 1 & j == 1): null

2017-11-27 14:37:44 - [TEST_STEP][PASSED] - Statement - randomPaxIndex = java.lang.Math.abs(new java.util.Random().nextInt() % excelRowNo) + 1: null

2017-11-27 14:37:44 - [TEST_STEP][PASSED] - Statement - println(randomPaxIndex): null

2017-11-27 14:37:44 - [TEST_STEP][PASSED] - Statement - fname = rawData.getValue("FirstName", randomPaxIndex) + " AUT": null

2017-11-27 14:37:44 - [TEST_STEP][PASSED] - Statement - lname = rawData.getValue("LastName", randomPaxIndex): null

2017-11-27 14:37:44 - [TEST_STEP][PASSED] - Statement - pgender = rawData.getValue("Gender", randomPaxIndex): null

2017-11-27 14:37:44 - [TEST_STEP][PASSED] - Statement - pday = rawData.getValue("Day DOB", randomPaxIndex): null

2017-11-27 14:37:44 - [TEST_STEP][PASSED] - Statement - pmonth = rawData.getValue("Month DOB", randomPaxIndex): null

2017-11-27 14:37:44 - [TEST_STEP][PASSED] - Statement - pyear = rawData.getValue("Year DOB", randomPaxIndex): null

2017-11-27 14:37:44 - [TEST_STEP][PASSED] - Statement - paxDetailFields = paxInRoomXpath + "[" + j + "]/div[@class="col-md-x col-md-9"]/div[@class="row paxContainer"]/div[@class="col-md-5"]": null

2017-11-27 14:37:44 - [TEST_STEP][PASSED] - Statement - xpathval = paxDetailFields + "[1]/div[contains(@class,"form-group")]/input[@class="form-control paxFirstName"]": null

2017-11-27 14:37:44 - [TEST_STEP][PASSED] - Statement - println("fn: " + xpathval): null

2017-11-27 14:37:44 - [TEST_STEP][PASSED] - Statement - repObj = com.kms.katalon.core.testobject.ObjectRepository.findTestObject(Object Repository/PrimoTours/Old Objects/allPaxFirstNameFields): Finding Test Object with id 'Object Repository/PrimoTours/Old Objects/allPaxFirstNameFields'

2017-11-27 14:37:44 - [TEST_STEP][PASSED] - Statement - repObj.findProperty("xpath").setValue(xpathval): null

2017-11-27 14:37:44 - [TEST_STEP][PASSED] - setText: Text 'Schramm AUT' is set on object 'Object Repository/PrimoTours/Old Objects/allPaxFirstNameFields'

2017-11-27 14:37:44 - [MESSAGE][PASSED] - Text 'Schramm AUT' is set on object 'Object Repository/PrimoTours/Old Objects/allPaxFirstNameFields'

2017-11-27 14:37:44 - [TEST_STEP][PASSED] - Statement - xpathval = paxDetailFields + "[2]/div[contains(@class,"form-group")]/input[@class="form-control paxLastName"]": null

2017-11-27 14:37:44 - [TEST_STEP][PASSED] - Statement - println("ln: " + xpathval): null

2017-11-27 14:37:44 - [TEST_STEP][PASSED] - Statement - repObj = com.kms.katalon.core.testobject.ObjectRepository.findTestObject(Object Repository/PrimoTours/Old Objects/allPaxLastNameFields): Finding Test Object with id 'Object Repository/PrimoTours/Old Objects/allPaxLastNameFields'

2017-11-27 14:37:44 - [TEST_STEP][PASSED] - Statement - repObj.findProperty("xpath").setValue(xpathval): null

2017-11-27 14:37:44 - [TEST_STEP][PASSED] - setText: Text 'Sebastian Mariager' is set on object 'Object Repository/PrimoTours/Old Objects/allPaxLastNameFields'

2017-11-27 14:37:44 - [MESSAGE][PASSED] - Text 'Sebastian Mariager' is set on object 'Object Repository/PrimoTours/Old Objects/allPaxLastNameFields'

2017-11-27 14:37:44 - [TEST_STEP][PASSED] - Statement - If (i == 1 & j == 1): null

2017-11-27 14:37:44 - [TEST_STEP][PASSED] - Statement - randomPaxIndex = java.lang.Math.abs(new java.util.Random().nextInt() % excelRowNo) + 1: null

2017-11-27 14:37:44 - [TEST_STEP][PASSED] - Statement - println(randomPaxIndex): null

2017-11-27 14:37:44 - [TEST_STEP][PASSED] - Statement - fname = rawData.getValue("FirstName", randomPaxIndex) + " AUT": null

2017-11-27 14:37:44 - [TEST_STEP][PASSED] - Statement - lname = rawData.getValue("LastName", randomPaxIndex): null

2017-11-27 14:37:44 - [TEST_STEP][PASSED] - Statement - pgender = rawData.getValue("Gender", randomPaxIndex): null

2017-11-27 14:37:44 - [TEST_STEP][PASSED] - Statement - pday = rawData.getValue("Day DOB", randomPaxIndex): null

2017-11-27 14:37:44 - [TEST_STEP][PASSED] - Statement - pmonth = rawData.getValue("Month DOB", randomPaxIndex): null

2017-11-27 14:37:44 - [TEST_STEP][PASSED] - Statement - pyear = rawData.getValue("Year DOB", randomPaxIndex): null

2017-11-27 14:37:44 - [TEST_STEP][PASSED] - Statement - paxDetailFields = paxInRoomXpath + "[" + j + "]/div[@class="col-md-x col-md-9"]/div[@class="row paxContainer"]/div[@class="col-md-5"]": null

2017-11-27 14:37:44 - [TEST_STEP][PASSED] - Statement - xpathval = paxDetailFields + "[1]/div[contains(@class,"form-group")]/input[@class="form-control paxFirstName"]": null

2017-11-27 14:37:44 - [TEST_STEP][PASSED] - Statement - println("fn: " + xpathval): null

2017-11-27 14:37:44 - [TEST_STEP][PASSED] - Statement - repObj = com.kms.katalon.core.testobject.ObjectRepository.findTestObject(Object Repository/PrimoTours/Old Objects/allPaxFirstNameFields): Finding Test Object with id 'Object Repository/PrimoTours/Old Objects/allPaxFirstNameFields'

2017-11-27 14:37:44 - [TEST_STEP][PASSED] - Statement - repObj.findProperty("xpath").setValue(xpathval): null

2017-11-27 14:37:44 - [TEST_STEP][PASSED] - setText: Text 'Jakobsen AUT' is set on object 'Object Repository/PrimoTours/Old Objects/allPaxFirstNameFields'

2017-11-27 14:37:45 - [MESSAGE][PASSED] - Text 'Jakobsen AUT' is set on object 'Object Repository/PrimoTours/Old Objects/allPaxFirstNameFields'

2017-11-27 14:37:45 - [TEST_STEP][PASSED] - Statement - xpathval = paxDetailFields + "[2]/div[contains(@class,"form-group")]/input[@class="form-control paxLastName"]": null

2017-11-27 14:37:45 - [TEST_STEP][PASSED] - Statement - println("ln: " + xpathval): null

2017-11-27 14:37:45 - [TEST_STEP][PASSED] - Statement - repObj = com.kms.katalon.core.testobject.ObjectRepository.findTestObject(Object Repository/PrimoTours/Old Objects/allPaxLastNameFields): Finding Test Object with id 'Object Repository/PrimoTours/Old Objects/allPaxLastNameFields'

2017-11-27 14:37:45 - [TEST_STEP][PASSED] - Statement - repObj.findProperty("xpath").setValue(xpathval): null

2017-11-27 14:37:45 - [TEST_STEP][PASSED] - setText: Text 'Joakim Lyngholm' is set on object 'Object Repository/PrimoTours/Old Objects/allPaxLastNameFields'

2017-11-27 14:37:45 - [MESSAGE][PASSED] - Text 'Joakim Lyngholm' is set on object 'Object Repository/PrimoTours/Old Objects/allPaxLastNameFields'

2017-11-27 14:37:45 - [TEST_STEP][PASSED] - Statement - If (i == 1 & j == 1): null

2017-11-27 14:37:45 - [TEST_STEP][PASSED] - Statement - randomPaxIndex = java.lang.Math.abs(new java.util.Random().nextInt() % excelRowNo) + 1: null

2017-11-27 14:37:45 - [TEST_STEP][PASSED] - Statement - println(randomPaxIndex): null

2017-11-27 14:37:45 - [TEST_STEP][PASSED] - Statement - fname = rawData.getValue("FirstName", randomPaxIndex) + " AUT": null

2017-11-27 14:37:45 - [TEST_STEP][PASSED] - Statement - lname = rawData.getValue("LastName", randomPaxIndex): null

2017-11-27 14:37:45 - [TEST_STEP][PASSED] - Statement - pgender = rawData.getValue("Gender", randomPaxIndex): null

2017-11-27 14:37:45 - [TEST_STEP][PASSED] - Statement - pday = rawData.getValue("Day DOB", randomPaxIndex): null

2017-11-27 14:37:45 - [TEST_STEP][PASSED] - Statement - pmonth = rawData.getValue("Month DOB", randomPaxIndex): null

2017-11-27 14:37:45 - [TEST_STEP][PASSED] - Statement - pyear = rawData.getValue("Year DOB", randomPaxIndex): null

2017-11-27 14:37:45 - [TEST_STEP][PASSED] - Statement - paxDetailFields = paxInRoomXpath + "[" + j + "]/div[@class="col-md-x col-md-9"]/div[@class="row paxContainer"]/div[@class="col-md-5"]": null

2017-11-27 14:37:45 - [TEST_STEP][PASSED] - Statement - xpathval = paxDetailFields + "[1]/div[contains(@class,"form-group")]/input[@class="form-control paxFirstName"]": null

2017-11-27 14:37:45 - [TEST_STEP][PASSED] - Statement - println("fn: " + xpathval): null

2017-11-27 14:37:45 - [TEST_STEP][PASSED] - Statement - repObj = com.kms.katalon.core.testobject.ObjectRepository.findTestObject(Object Repository/PrimoTours/Old Objects/allPaxFirstNameFields): Finding Test Object with id 'Object Repository/PrimoTours/Old Objects/allPaxFirstNameFields'

2017-11-27 14:37:45 - [TEST_STEP][PASSED] - Statement - repObj.findProperty("xpath").setValue(xpathval): null

2017-11-27 14:37:45 - [TEST_STEP][PASSED] - setText: Text 'Meyer  AUT' is set on object 'Object Repository/PrimoTours/Old Objects/allPaxFirstNameFields'

2017-11-27 14:37:45 - [MESSAGE][PASSED] - Text 'Meyer  AUT' is set on object 'Object Repository/PrimoTours/Old Objects/allPaxFirstNameFields'

2017-11-27 14:37:45 - [TEST_STEP][PASSED] - Statement - xpathval = paxDetailFields + "[2]/div[contains(@class,"form-group")]/input[@class="form-control paxLastName"]": null

2017-11-27 14:37:45 - [TEST_STEP][PASSED] - Statement - println("ln: " + xpathval): null

2017-11-27 14:37:45 - [TEST_STEP][PASSED] - Statement - repObj = com.kms.katalon.core.testobject.ObjectRepository.findTestObject(Object Repository/PrimoTours/Old Objects/allPaxLastNameFields): Finding Test Object with id 'Object Repository/PrimoTours/Old Objects/allPaxLastNameFields'

2017-11-27 14:37:45 - [TEST_STEP][PASSED] - Statement - repObj.findProperty("xpath").setValue(xpathval): null

2017-11-27 14:37:45 - [TEST_STEP][PASSED] - setText: Text 'Paul Jonathan ' is set on object 'Object Repository/PrimoTours/Old Objects/allPaxLastNameFields'

2017-11-27 14:37:46 - [MESSAGE][PASSED] - Text 'Paul Jonathan ' is set on object 'Object Repository/PrimoTours/Old Objects/allPaxLastNameFields'

2017-11-27 14:37:46 - [TEST_STEP][PASSED] - Statement - paxInRoomXpath = roomContainerXpath + "[" + i + "]/div[@class="row"]/div[@class="col-md-12"]/div[@class="row"]": null

2017-11-27 14:37:46 - [TEST_STEP][PASSED] - Statement - paxInRoomCount = driver.findElements(org.openqa.selenium.By.xpath(paxInRoomXpath)).size(): null

2017-11-27 14:37:46 - [TEST_STEP][PASSED] - Statement - println("paxInRoomCount=" + paxInRoomCount): null

2017-11-27 14:37:46 - [TEST_STEP][PASSED] - Statement - For ([j = 1, j <= paxInRoomCount, (j++)]): Text 'Ryan Vilsgaard' is set on object 'Object Repository/PrimoTours/Old Objects/allPaxLastNameFields'

2017-11-27 14:37:46 - [TEST_STEP][PASSED] - Statement - If (i == 1 & j == 1): null

2017-11-27 14:37:46 - [TEST_STEP][PASSED] - Statement - randomPaxIndex = java.lang.Math.abs(new java.util.Random().nextInt() % excelRowNo) + 1: null

2017-11-27 14:37:46 - [TEST_STEP][PASSED] - Statement - println(randomPaxIndex): null

2017-11-27 14:37:46 - [TEST_STEP][PASSED] - Statement - fname = rawData.getValue("FirstName", randomPaxIndex) + " AUT": null

2017-11-27 14:37:46 - [TEST_STEP][PASSED] - Statement - lname = rawData.getValue("LastName", randomPaxIndex): null

2017-11-27 14:37:46 - [TEST_STEP][PASSED] - Statement - pgender = rawData.getValue("Gender", randomPaxIndex): null

2017-11-27 14:37:46 - [TEST_STEP][PASSED] - Statement - pday = rawData.getValue("Day DOB", randomPaxIndex): null

2017-11-27 14:37:46 - [TEST_STEP][PASSED] - Statement - pmonth = rawData.getValue("Month DOB", randomPaxIndex): null

2017-11-27 14:37:46 - [TEST_STEP][PASSED] - Statement - pyear = rawData.getValue("Year DOB", randomPaxIndex): null

2017-11-27 14:37:46 - [TEST_STEP][PASSED] - Statement - paxDetailFields = paxInRoomXpath + "[" + j + "]/div[@class="col-md-x col-md-9"]/div[@class="row paxContainer"]/div[@class="col-md-5"]": null

2017-11-27 14:37:46 - [TEST_STEP][PASSED] - Statement - xpathval = paxDetailFields + "[1]/div[contains(@class,"form-group")]/input[@class="form-control paxFirstName"]": null

2017-11-27 14:37:46 - [TEST_STEP][PASSED] - Statement - println("fn: " + xpathval): null

2017-11-27 14:37:46 - [TEST_STEP][PASSED] - Statement - repObj = com.kms.katalon.core.testobject.ObjectRepository.findTestObject(Object Repository/PrimoTours/Old Objects/allPaxFirstNameFields): Finding Test Object with id 'Object Repository/PrimoTours/Old Objects/allPaxFirstNameFields'

2017-11-27 14:37:46 - [TEST_STEP][PASSED] - Statement - repObj.findProperty("xpath").setValue(xpathval): null

2017-11-27 14:37:46 - [TEST_STEP][PASSED] - setText: Text 'Larsen AUT' is set on object 'Object Repository/PrimoTours/Old Objects/allPaxFirstNameFields'

2017-11-27 14:37:46 - [MESSAGE][PASSED] - Text 'Larsen AUT' is set on object 'Object Repository/PrimoTours/Old Objects/allPaxFirstNameFields'

2017-11-27 14:37:46 - [TEST_STEP][PASSED] - Statement - xpathval = paxDetailFields + "[2]/div[contains(@class,"form-group")]/input[@class="form-control paxLastName"]": null

2017-11-27 14:37:46 - [TEST_STEP][PASSED] - Statement - println("ln: " + xpathval): null

2017-11-27 14:37:46 - [TEST_STEP][PASSED] - Statement - repObj = com.kms.katalon.core.testobject.ObjectRepository.findTestObject(Object Repository/PrimoTours/Old Objects/allPaxLastNameFields): Finding Test Object with id 'Object Repository/PrimoTours/Old Objects/allPaxLastNameFields'

2017-11-27 14:37:46 - [TEST_STEP][PASSED] - Statement - repObj.findProperty("xpath").setValue(xpathval): null

2017-11-27 14:37:46 - [TEST_STEP][PASSED] - setText: Text 'Anna Bille' is set on object 'Object Repository/PrimoTours/Old Objects/allPaxLastNameFields'

2017-11-27 14:37:46 - [MESSAGE][PASSED] - Text 'Anna Bille' is set on object 'Object Repository/PrimoTours/Old Objects/allPaxLastNameFields'

2017-11-27 14:37:46 - [TEST_STEP][PASSED] - Statement - If (i == 1 & j == 1): null

2017-11-27 14:37:46 - [TEST_STEP][PASSED] - Statement - randomPaxIndex = java.lang.Math.abs(new java.util.Random().nextInt() % excelRowNo) + 1: null

2017-11-27 14:37:46 - [TEST_STEP][PASSED] - Statement - println(randomPaxIndex): null

2017-11-27 14:37:46 - [TEST_STEP][PASSED] - Statement - fname = rawData.getValue("FirstName", randomPaxIndex) + " AUT": null

2017-11-27 14:37:46 - [TEST_STEP][PASSED] - Statement - lname = rawData.getValue("LastName", randomPaxIndex): null

2017-11-27 14:37:46 - [TEST_STEP][PASSED] - Statement - pgender = rawData.getValue("Gender", randomPaxIndex): null

2017-11-27 14:37:46 - [TEST_STEP][PASSED] - Statement - pday = rawData.getValue("Day DOB", randomPaxIndex): null

2017-11-27 14:37:46 - [TEST_STEP][PASSED] - Statement - pmonth = rawData.getValue("Month DOB", randomPaxIndex): null

2017-11-27 14:37:46 - [TEST_STEP][PASSED] - Statement - pyear = rawData.getValue("Year DOB", randomPaxIndex): null

2017-11-27 14:37:46 - [TEST_STEP][PASSED] - Statement - paxDetailFields = paxInRoomXpath + "[" + j + "]/div[@class="col-md-x col-md-9"]/div[@class="row paxContainer"]/div[@class="col-md-5"]": null

2017-11-27 14:37:46 - [TEST_STEP][PASSED] - Statement - xpathval = paxDetailFields + "[1]/div[contains(@class,"form-group")]/input[@class="form-control paxFirstName"]": null

2017-11-27 14:37:46 - [TEST_STEP][PASSED] - Statement - println("fn: " + xpathval): null

2017-11-27 14:37:46 - [TEST_STEP][PASSED] - Statement - repObj = com.kms.katalon.core.testobject.ObjectRepository.findTestObject(Object Repository/PrimoTours/Old Objects/allPaxFirstNameFields): Finding Test Object with id 'Object Repository/PrimoTours/Old Objects/allPaxFirstNameFields'

2017-11-27 14:37:46 - [TEST_STEP][PASSED] - Statement - repObj.findProperty("xpath").setValue(xpathval): null

2017-11-27 14:37:46 - [TEST_STEP][PASSED] - setText: Text 'Votborg AUT' is set on object 'Object Repository/PrimoTours/Old Objects/allPaxFirstNameFields'

2017-11-27 14:37:47 - [MESSAGE][PASSED] - Text 'Votborg AUT' is set on object 'Object Repository/PrimoTours/Old Objects/allPaxFirstNameFields'

2017-11-27 14:37:47 - [TEST_STEP][PASSED] - Statement - xpathval = paxDetailFields + "[2]/div[contains(@class,"form-group")]/input[@class="form-control paxLastName"]": null

2017-11-27 14:37:47 - [TEST_STEP][PASSED] - Statement - println("ln: " + xpathval): null

2017-11-27 14:37:47 - [TEST_STEP][PASSED] - Statement - repObj = com.kms.katalon.core.testobject.ObjectRepository.findTestObject(Object Repository/PrimoTours/Old Objects/allPaxLastNameFields): Finding Test Object with id 'Object Repository/PrimoTours/Old Objects/allPaxLastNameFields'

2017-11-27 14:37:47 - [TEST_STEP][PASSED] - Statement - repObj.findProperty("xpath").setValue(xpathval): null

2017-11-27 14:37:47 - [TEST_STEP][PASSED] - setText: Text 'Ryan Vilsgaard' is set on object 'Object Repository/PrimoTours/Old Objects/allPaxLastNameFields'

2017-11-27 14:37:47 - [MESSAGE][PASSED] - Text 'Ryan Vilsgaard' is set on object 'Object Repository/PrimoTours/Old Objects/allPaxLastNameFields'

2017-11-27 14:37:47 - [TEST_STEP][PASSED] - scrollToElement: Scroll to object 'Object Repository/PrimoTours/Old Objects/Coco (1)/PrimoT/SaveBooking2/Success/span_kr. 7.892-' successfully

2017-11-27 14:37:47 - [MESSAGE][PASSED] - Scroll to object 'Object Repository/PrimoTours/Old Objects/Coco (1)/PrimoT/SaveBooking2/Success/span_kr. 7.892-' successfully

2017-11-27 14:37:47 - [TEST_STEP][PASSED] - click: Object: 'Object Repository/PrimoTours/Old Objects/Coco (1)/PrimoT/SaveBooking2/Success/span_kr. 7.892-' is clicked on

2017-11-27 14:37:47 - [MESSAGE][PASSED] - Object: 'Object Repository/PrimoTours/Old Objects/Coco (1)/PrimoT/SaveBooking2/Success/span_kr. 7.892-' is clicked on

2017-11-27 14:37:47 - [TEST_STEP][PASSED] - scrollToElement: Scroll to object 'Object Repository/PrimoTours/Old Objects/Coco (1)/PrimoT/SaveBooking2/Success/Page_Primo Tours  Danmarks bedste c/i_fa fa-arrow-circle-right' successfully

2017-11-27 14:37:47 - [MESSAGE][PASSED] - Scroll to object 'Object Repository/PrimoTours/Old Objects/Coco (1)/PrimoT/SaveBooking2/Success/Page_Primo Tours  Danmarks bedste c/i_fa fa-arrow-circle-right' successfully

2017-11-27 14:37:47 - [TEST_STEP][PASSED] - waitForElementClickable: Object 'Object Repository/PrimoTours/Old Objects/Coco (1)/PrimoT/SaveBooking2/Success/Page_Primo Tours  Danmarks bedste c/i_fa fa-arrow-circle-right' is clickable

2017-11-27 14:37:47 - [MESSAGE][PASSED] - Object 'Object Repository/PrimoTours/Old Objects/Coco (1)/PrimoT/SaveBooking2/Success/Page_Primo Tours  Danmarks bedste c/i_fa fa-arrow-circle-right' is clickable

2017-11-27 14:37:47 - [TEST_STEP][PASSED] - waitForElementVisible: Object 'Object Repository/PrimoTours/Old Objects/Coco (1)/PrimoT/SaveBooking2/Success/Page_Primo Tours  Danmarks bedste c/i_fa fa-arrow-circle-right' is visible

2017-11-27 14:37:47 - [MESSAGE][PASSED] - Object 'Object Repository/PrimoTours/Old Objects/Coco (1)/PrimoT/SaveBooking2/Success/Page_Primo Tours  Danmarks bedste c/i_fa fa-arrow-circle-right' is visible

2017-11-27 14:37:47 - [TEST_STEP][PASSED] - scrollToElement: Scroll to object 'Object Repository/PrimoTours/Old Objects/Coco (1)/PrimoT/SaveBooking2/Success/Page_Primo Tours  Danmarks bedste c/i_fa fa-arrow-circle-right' successfully

2017-11-27 14:37:47 - [MESSAGE][PASSED] - Scroll to object 'Object Repository/PrimoTours/Old Objects/Coco (1)/PrimoT/SaveBooking2/Success/Page_Primo Tours  Danmarks bedste c/i_fa fa-arrow-circle-right' successfully

2017-11-27 14:37:47 - [TEST_STEP][PASSED] - click: Object: 'Object Repository/PrimoTours/Old Objects/Coco (1)/PrimoT/SaveBooking2/Success/Page_Primo Tours  Danmarks bedste c/i_fa fa-arrow-circle-right' is clicked on

2017-11-27 14:37:47 - [MESSAGE][PASSED] - Object: 'Object Repository/PrimoTours/Old Objects/Coco (1)/PrimoT/SaveBooking2/Success/Page_Primo Tours  Danmarks bedste c/i_fa fa-arrow-circle-right' is clicked on

2017-11-27 14:37:47 - [TEST_STEP][PASSED] - scrollToElement: Scroll to object 'Object Repository/PrimoTours/Old Objects/Coco/PrimoT/Ins2/Page_Primo Tours  Danmarks bedste c/span_Vlg forsikring' successfully

2017-11-27 14:37:49 - [MESSAGE][PASSED] - Scroll to object 'Object Repository/PrimoTours/Old Objects/Coco/PrimoT/Ins2/Page_Primo Tours  Danmarks bedste c/span_Vlg forsikring' successfully

2017-11-27 14:37:49 - [TEST_STEP][PASSED] - waitForElementPresent: Object 'Object Repository/PrimoTours/Old Objects/Coco/PrimoT/Ins2/Page_Primo Tours  Danmarks bedste c/span_Vlg forsikring' is present

2017-11-27 14:37:49 - [MESSAGE][PASSED] - Object 'Object Repository/PrimoTours/Old Objects/Coco/PrimoT/Ins2/Page_Primo Tours  Danmarks bedste c/span_Vlg forsikring' is present

2017-11-27 14:37:49 - [TEST_STEP][PASSED] - waitForElementVisible: Object 'Object Repository/PrimoTours/Old Objects/Coco/PrimoT/Ins2/Page_Primo Tours  Danmarks bedste c/span_Vlg forsikring' is visible

2017-11-27 14:37:50 - [MESSAGE][PASSED] - Object 'Object Repository/PrimoTours/Old Objects/Coco/PrimoT/Ins2/Page_Primo Tours  Danmarks bedste c/span_Vlg forsikring' is visible

2017-11-27 14:37:50 - [TEST_STEP][PASSED] - waitForElementClickable: Object 'Object Repository/PrimoTours/Old Objects/Coco/PrimoT/Ins2/Page_Primo Tours  Danmarks bedste c/span_Vlg forsikring' is clickable

2017-11-27 14:37:50 - [MESSAGE][PASSED] - Object 'Object Repository/PrimoTours/Old Objects/Coco/PrimoT/Ins2/Page_Primo Tours  Danmarks bedste c/span_Vlg forsikring' is clickable

2017-11-27 14:37:50 - [TEST_STEP][PASSED] - click: Object: 'Object Repository/PrimoTours/Old Objects/Coco/PrimoT/Ins2/Page_Primo Tours  Danmarks bedste c/span_Vlg forsikring' is clicked on

2017-11-27 14:37:50 - [MESSAGE][PASSED] - Object: 'Object Repository/PrimoTours/Old Objects/Coco/PrimoT/Ins2/Page_Primo Tours  Danmarks bedste c/span_Vlg forsikring' is clicked on

2017-11-27 14:37:50 - [TEST_STEP][PASSED] - click: Object: 'Object Repository/PrimoTours/Old Objects/Coco/PrimoT/Ins2/Page_Primo Tours  Danmarks bedste c/li_Har selv forsikring - kr. 0' is clicked on

2017-11-27 14:37:50 - [MESSAGE][PASSED] - Object: 'Object Repository/PrimoTours/Old Objects/Coco/PrimoT/Ins2/Page_Primo Tours  Danmarks bedste c/li_Har selv forsikring - kr. 0' is clicked on

2017-11-27 14:37:50 - [TEST_STEP][NOT_RUN] - click: NOT_RUN: click

2017-11-27 14:37:50 - [MESSAGE][NOT_RUN] - NOT_RUN: click

2017-11-27 14:37:50 - [TEST_STEP][NOT_RUN] - scrollToElement: NOT_RUN: scrollToElement

2017-11-27 14:37:50 - [MESSAGE][NOT_RUN] - NOT_RUN: scrollToElement

2017-11-27 14:37:50 - [TEST_STEP][NOT_RUN] - click: NOT_RUN: click

2017-11-27 14:37:50 - [MESSAGE][NOT_RUN] - NOT_RUN: click

2017-11-27 14:37:50 - [TEST_STEP][PASSED] - scrollToElement: Scroll to object 'Object Repository/PrimoTours/Old Objects/Coco (1)/PrimoT/SaveBooking2/Page_Primo Tours  Danmarks bedste c/a_toggle checkbox kalypto' successfully

2017-11-27 14:37:50 - [MESSAGE][PASSED] - Scroll to object 'Object Repository/PrimoTours/Old Objects/Coco (1)/PrimoT/SaveBooking2/Page_Primo Tours  Danmarks bedste c/a_toggle checkbox kalypto' successfully

2017-11-27 14:37:50 - [TEST_STEP][PASSED] - waitForElementVisible: Object 'Object Repository/PrimoTours/Old Objects/Coco (1)/PrimoT/SaveBooking2/Page_Primo Tours  Danmarks bedste c/a_toggle checkbox kalypto' is visible

2017-11-27 14:37:50 - [MESSAGE][PASSED] - Object 'Object Repository/PrimoTours/Old Objects/Coco (1)/PrimoT/SaveBooking2/Page_Primo Tours  Danmarks bedste c/a_toggle checkbox kalypto' is visible

2017-11-27 14:37:50 - [TEST_STEP][PASSED] - click: Object: 'Object Repository/PrimoTours/Old Objects/Coco (1)/PrimoT/SaveBooking2/Page_Primo Tours  Danmarks bedste c/a_toggle checkbox kalypto' is clicked on

2017-11-27 14:37:50 - [MESSAGE][PASSED] - Object: 'Object Repository/PrimoTours/Old Objects/Coco (1)/PrimoT/SaveBooking2/Page_Primo Tours  Danmarks bedste c/a_toggle checkbox kalypto' is clicked on

2017-11-27 14:37:50 - [TEST_STEP][PASSED] - scrollToElement: Scroll to object 'Object Repository/PrimoTours/Old Objects/Coco (1)/PrimoT/SaveBooking2/Success/a_toggle radio kalypto' successfully

2017-11-27 14:37:50 - [MESSAGE][PASSED] - Scroll to object 'Object Repository/PrimoTours/Old Objects/Coco (1)/PrimoT/SaveBooking2/Success/a_toggle radio kalypto' successfully

2017-11-27 14:37:50 - [TEST_STEP][PASSED] - waitForElementClickable: Object 'Object Repository/PrimoTours/Old Objects/Coco (1)/PrimoT/SaveBooking2/Success/a_toggle radio kalypto' is clickable

2017-11-27 14:37:50 - [MESSAGE][PASSED] - Object 'Object Repository/PrimoTours/Old Objects/Coco (1)/PrimoT/SaveBooking2/Success/a_toggle radio kalypto' is clickable

2017-11-27 14:37:50 - [TEST_STEP][PASSED] - click: Object: 'Object Repository/PrimoTours/Old Objects/Coco (1)/PrimoT/SaveBooking2/Success/a_toggle radio kalypto' is clicked on

2017-11-27 14:37:51 - [MESSAGE][PASSED] - Object: 'Object Repository/PrimoTours/Old Objects/Coco (1)/PrimoT/SaveBooking2/Success/a_toggle radio kalypto' is clicked on

2017-11-27 14:37:51 - [TEST_STEP][PASSED] - scrollToElement: Scroll to object 'Object Repository/PrimoTours/Old Objects/Coco (1)/PrimoT/SaveBooking2/Success/a_toggle checkbox kalypto (1)' successfully

2017-11-27 14:37:51 - [MESSAGE][PASSED] - Scroll to object 'Object Repository/PrimoTours/Old Objects/Coco (1)/PrimoT/SaveBooking2/Success/a_toggle checkbox kalypto (1)' successfully

2017-11-27 14:37:51 - [TEST_STEP][PASSED] - click: Object: 'Object Repository/PrimoTours/Old Objects/Coco (1)/PrimoT/SaveBooking2/Success/a_toggle checkbox kalypto (1)' is clicked on

2017-11-27 14:37:51 - [MESSAGE][PASSED] - Object: 'Object Repository/PrimoTours/Old Objects/Coco (1)/PrimoT/SaveBooking2/Success/a_toggle checkbox kalypto (1)' is clicked on

2017-11-27 14:37:51 - [TEST_STEP][NOT_RUN] - scrollToElement: NOT_RUN: scrollToElement

2017-11-27 14:37:51 - [MESSAGE][NOT_RUN] - NOT_RUN: scrollToElement

2017-11-27 14:37:51 - [TEST_STEP][NOT_RUN] - scrollToElement: NOT_RUN: scrollToElement

2017-11-27 14:37:51 - [MESSAGE][NOT_RUN] - NOT_RUN: scrollToElement

2017-11-27 14:37:51 - [TEST_STEP][NOT_RUN] - click: NOT_RUN: click

2017-11-27 14:37:51 - [MESSAGE][NOT_RUN] - NOT_RUN: click

2017-11-27 14:37:51 - [TEST_STEP][PASSED] - scrollToElement: Scroll to object 'Object Repository/PrimoTours/Old Objects/Coco (1)/PrimoT/SaveBooking2/Success/a_toggle checkbox kalypto' successfully

2017-11-27 14:37:51 - [MESSAGE][PASSED] - Scroll to object 'Object Repository/PrimoTours/Old Objects/Coco (1)/PrimoT/SaveBooking2/Success/a_toggle checkbox kalypto' successfully

2017-11-27 14:37:51 - [TEST_STEP][PASSED] - click: Object: 'Object Repository/PrimoTours/Old Objects/Coco (1)/PrimoT/SaveBooking2/Success/a_toggle checkbox kalypto' is clicked on

2017-11-27 14:37:51 - [MESSAGE][PASSED] - Object: 'Object Repository/PrimoTours/Old Objects/Coco (1)/PrimoT/SaveBooking2/Success/a_toggle checkbox kalypto' is clicked on

2017-11-27 14:37:51 - [TEST_STEP][PASSED] - scrollToElement: Scroll to object 'Object Repository/PrimoTours/Old Objects/Coco (1)/PrimoT/SaveBooking2/Page_Primo Tours  Danmarks bedste c/a_btn btn-success col-xs-12 st' successfully

2017-11-27 14:37:51 - [MESSAGE][PASSED] - Scroll to object 'Object Repository/PrimoTours/Old Objects/Coco (1)/PrimoT/SaveBooking2/Page_Primo Tours  Danmarks bedste c/a_btn btn-success col-xs-12 st' successfully

2017-11-27 14:37:51 - [TEST_STEP][PASSED] - waitForElementClickable: Object 'Object Repository/PrimoTours/Old Objects/Coco (1)/PrimoT/SaveBooking2/Page_Primo Tours  Danmarks bedste c/a_btn btn-success col-xs-12 st' is clickable

2017-11-27 14:37:52 - [MESSAGE][PASSED] - Object 'Object Repository/PrimoTours/Old Objects/Coco (1)/PrimoT/SaveBooking2/Page_Primo Tours  Danmarks bedste c/a_btn btn-success col-xs-12 st' is clickable

2017-11-27 14:37:52 - [TEST_STEP][NOT_RUN] - click: NOT_RUN: click

2017-11-27 14:37:52 - [MESSAGE][NOT_RUN] - NOT_RUN: click]]></system-out>
         <system-err><![CDATA[]]></system-err>
      </testcase>
      <testcase name="Test Cases/PrimoTours/WB Primo/WB Primo staging - place booking - Iteration 6" classname="Test Cases/PrimoTours/WB Primo/WB Primo staging - place booking" status="PASSED">
         <system-out><![CDATA[2017-11-27 14:37:52 - [TEST_CASE][PASSED] - Test Cases/PrimoTours/WB Primo/WB Primo staging - place booking - Iteration 6: Test Cases/PrimoTours/WB Primo/WB Primo staging - place booking

2017-11-27 14:37:52 - [TEST_STEP][PASSED] - openBrowser: Browser is opened with url: ''

2017-11-27 14:37:52 - [MESSAGE][WARNING] - A browser is already opened. Closing browser and opening a new one

2017-11-27 14:37:55 - [MESSAGE][PASSED] - Browser is opened with url: ''

2017-11-27 14:37:55 - [TEST_STEP][PASSED] - maximizeWindow: Current window maximized

2017-11-27 14:37:56 - [MESSAGE][PASSED] - Current window maximized

2017-11-27 14:37:56 - [TEST_STEP][PASSED] - navigateToUrl: Navigate to 'https://staging-primotours-webbooking.tourpaq.com/DoBooking.aspx?pltaID=1480269&p=2&rno=1&pt=1&a=2&c=0&aa=&ca=' successfully

2017-11-27 14:37:58 - [MESSAGE][PASSED] - Navigate to 'https://staging-primotours-webbooking.tourpaq.com/DoBooking.aspx?pltaID=1480269&p=2&rno=1&pt=1&a=2&c=0&aa=&ca=' successfully

2017-11-27 14:37:58 - [TEST_STEP][PASSED] - setText: Text 'Pedersen AUT' is set on object 'Object Repository/PrimoTours/Old Objects/Coco/PrimoT/Page_Primo Tours  Danmarks bedste c/input_firstName'

2017-11-27 14:37:58 - [MESSAGE][PASSED] - Text 'Pedersen AUT' is set on object 'Object Repository/PrimoTours/Old Objects/Coco/PrimoT/Page_Primo Tours  Danmarks bedste c/input_firstName'

2017-11-27 14:37:58 - [TEST_STEP][PASSED] - setText: Text 'Vibe Dalby' is set on object 'Object Repository/PrimoTours/Old Objects/Coco/PrimoT/Page_Primo Tours  Danmarks bedste c/input_lastName'

2017-11-27 14:37:58 - [MESSAGE][PASSED] - Text 'Vibe Dalby' is set on object 'Object Repository/PrimoTours/Old Objects/Coco/PrimoT/Page_Primo Tours  Danmarks bedste c/input_lastName'

2017-11-27 14:37:58 - [TEST_STEP][PASSED] - setText: Text 'Home address' is set on object 'Object Repository/PrimoTours/Old Objects/Coco/PrimoT/Page_Primo Tours  Danmarks bedste c/input_customerAddress'

2017-11-27 14:37:59 - [MESSAGE][PASSED] - Text 'Home address' is set on object 'Object Repository/PrimoTours/Old Objects/Coco/PrimoT/Page_Primo Tours  Danmarks bedste c/input_customerAddress'

2017-11-27 14:37:59 - [TEST_STEP][PASSED] - setText: Text '6700' is set on object 'Object Repository/PrimoTours/Old Objects/Coco/PrimoT/Page_Primo Tours  Danmarks bedste c/input_customerPostcode'

2017-11-27 14:37:59 - [MESSAGE][PASSED] - Text '6700' is set on object 'Object Repository/PrimoTours/Old Objects/Coco/PrimoT/Page_Primo Tours  Danmarks bedste c/input_customerPostcode'

2017-11-27 14:37:59 - [TEST_STEP][PASSED] - setText: Text 'cornel.neacsu@roweb.ro' is set on object 'Object Repository/PrimoTours/Old Objects/Coco/PrimoT/Page_Primo Tours  Danmarks bedste c/input_customerEmail'

2017-11-27 14:37:59 - [MESSAGE][PASSED] - Text 'cornel.neacsu@roweb.ro' is set on object 'Object Repository/PrimoTours/Old Objects/Coco/PrimoT/Page_Primo Tours  Danmarks bedste c/input_customerEmail'

2017-11-27 14:37:59 - [TEST_STEP][PASSED] - setText: Text '12345678' is set on object 'Object Repository/PrimoTours/Old Objects/Coco/PrimoT/Page_Primo Tours  Danmarks bedste c/input_customerPhone'

2017-11-27 14:37:59 - [MESSAGE][PASSED] - Text '12345678' is set on object 'Object Repository/PrimoTours/Old Objects/Coco/PrimoT/Page_Primo Tours  Danmarks bedste c/input_customerPhone'

2017-11-27 14:37:59 - [TEST_STEP][PASSED] - waitForElementClickable: Object 'Object Repository/PrimoTours/Old Objects/Coco/PrimoT/Page_Primo Tours  Danmarks bedste c/input_firstname-0_1' is clickable

2017-11-27 14:38:01 - [MESSAGE][PASSED] - Object 'Object Repository/PrimoTours/Old Objects/Coco/PrimoT/Page_Primo Tours  Danmarks bedste c/input_firstname-0_1' is clickable

2017-11-27 14:38:01 - [TEST_STEP][PASSED] - Statement - excelInfo = ["fname":"", "lname":"", "pgender":"", "pday":"", "pmonth":"", "pyear":""]: null

2017-11-27 14:38:01 - [TEST_STEP][PASSED] - Statement - rawData = com.kms.katalon.core.testdata.TestDataFactory.findTestData("Data Files/WB_Primo/Passenger_details"): Reading excel file with source file 'D:\Software testing\Tourpaq\Automated Katalon tests\Primo WB test\Data Files\Primo_URLs_For_Automated_Test.xls' and sheet name 'Passenger Names'

2017-11-27 14:38:01 - [TEST_STEP][PASSED] - Statement - excelRowNo = rawData.getRowNumbers(): null

2017-11-27 14:38:01 - [TEST_STEP][PASSED] - Statement - randomPaxIndex = 1: null

2017-11-27 14:38:01 - [TEST_STEP][PASSED] - Statement - driver = com.kms.katalon.core.webui.driver.DriverFactory.getWebDriver(): null

2017-11-27 14:38:01 - [TEST_STEP][PASSED] - Statement - roomContainerXpath = "id("booking")/div[@class="wrapper second-bg"]/div[contains(@class,"container-mx")]/div[@class="row"]/div[@class="col-md-12 roomContainer"]": null

2017-11-27 14:38:01 - [TEST_STEP][PASSED] - Statement - roomsCount = driver.findElements(org.openqa.selenium.By.xpath(roomContainerXpath)).size(): null

2017-11-27 14:38:01 - [TEST_STEP][PASSED] - Statement - println("roomsCount=" + roomsCount): null

2017-11-27 14:38:01 - [TEST_STEP][PASSED] - Statement - For ([i = 1, i <= roomsCount, (i++)]): Text 'Tinna' is set on object 'Object Repository/PrimoTours/Old Objects/allPaxLastNameFields'

2017-11-27 14:38:01 - [TEST_STEP][PASSED] - Statement - paxInRoomXpath = roomContainerXpath + "[" + i + "]/div[@class="row"]/div[@class="col-md-12"]/div[@class="row"]": null

2017-11-27 14:38:01 - [TEST_STEP][PASSED] - Statement - paxInRoomCount = driver.findElements(org.openqa.selenium.By.xpath(paxInRoomXpath)).size(): null

2017-11-27 14:38:01 - [TEST_STEP][PASSED] - Statement - println("paxInRoomCount=" + paxInRoomCount): null

2017-11-27 14:38:01 - [TEST_STEP][PASSED] - Statement - For ([j = 1, j <= paxInRoomCount, (j++)]): Text 'Tinna' is set on object 'Object Repository/PrimoTours/Old Objects/allPaxLastNameFields'

2017-11-27 14:38:01 - [TEST_STEP][PASSED] - Statement - If (i == 1 & j == 1): null

2017-11-27 14:38:01 - [TEST_STEP][PASSED] - Statement - <not implemented yet for class: org.codehaus.groovy.ast.stmt.ContinueStatement>: null

2017-11-27 14:38:01 - [TEST_STEP][PASSED] - Statement - If (i == 1 & j == 1): null

2017-11-27 14:38:01 - [TEST_STEP][PASSED] - Statement - randomPaxIndex = java.lang.Math.abs(new java.util.Random().nextInt() % excelRowNo) + 1: null

2017-11-27 14:38:01 - [TEST_STEP][PASSED] - Statement - println(randomPaxIndex): null

2017-11-27 14:38:01 - [TEST_STEP][PASSED] - Statement - fname = rawData.getValue("FirstName", randomPaxIndex) + " AUT": null

2017-11-27 14:38:01 - [TEST_STEP][PASSED] - Statement - lname = rawData.getValue("LastName", randomPaxIndex): null

2017-11-27 14:38:01 - [TEST_STEP][PASSED] - Statement - pgender = rawData.getValue("Gender", randomPaxIndex): null

2017-11-27 14:38:01 - [TEST_STEP][PASSED] - Statement - pday = rawData.getValue("Day DOB", randomPaxIndex): null

2017-11-27 14:38:01 - [TEST_STEP][PASSED] - Statement - pmonth = rawData.getValue("Month DOB", randomPaxIndex): null

2017-11-27 14:38:01 - [TEST_STEP][PASSED] - Statement - pyear = rawData.getValue("Year DOB", randomPaxIndex): null

2017-11-27 14:38:01 - [TEST_STEP][PASSED] - Statement - paxDetailFields = paxInRoomXpath + "[" + j + "]/div[@class="col-md-x col-md-9"]/div[@class="row paxContainer"]/div[@class="col-md-5"]": null

2017-11-27 14:38:01 - [TEST_STEP][PASSED] - Statement - xpathval = paxDetailFields + "[1]/div[contains(@class,"form-group")]/input[@class="form-control paxFirstName"]": null

2017-11-27 14:38:01 - [TEST_STEP][PASSED] - Statement - println("fn: " + xpathval): null

2017-11-27 14:38:01 - [TEST_STEP][PASSED] - Statement - repObj = com.kms.katalon.core.testobject.ObjectRepository.findTestObject(Object Repository/PrimoTours/Old Objects/allPaxFirstNameFields): Finding Test Object with id 'Object Repository/PrimoTours/Old Objects/allPaxFirstNameFields'

2017-11-27 14:38:01 - [TEST_STEP][PASSED] - Statement - repObj.findProperty("xpath").setValue(xpathval): null

2017-11-27 14:38:01 - [TEST_STEP][PASSED] - setText: Text 'Christensen AUT' is set on object 'Object Repository/PrimoTours/Old Objects/allPaxFirstNameFields'

2017-11-27 14:38:01 - [MESSAGE][PASSED] - Text 'Christensen AUT' is set on object 'Object Repository/PrimoTours/Old Objects/allPaxFirstNameFields'

2017-11-27 14:38:01 - [TEST_STEP][PASSED] - Statement - xpathval = paxDetailFields + "[2]/div[contains(@class,"form-group")]/input[@class="form-control paxLastName"]": null

2017-11-27 14:38:01 - [TEST_STEP][PASSED] - Statement - println("ln: " + xpathval): null

2017-11-27 14:38:01 - [TEST_STEP][PASSED] - Statement - repObj = com.kms.katalon.core.testobject.ObjectRepository.findTestObject(Object Repository/PrimoTours/Old Objects/allPaxLastNameFields): Finding Test Object with id 'Object Repository/PrimoTours/Old Objects/allPaxLastNameFields'

2017-11-27 14:38:01 - [TEST_STEP][PASSED] - Statement - repObj.findProperty("xpath").setValue(xpathval): null

2017-11-27 14:38:01 - [TEST_STEP][PASSED] - setText: Text 'Tinna' is set on object 'Object Repository/PrimoTours/Old Objects/allPaxLastNameFields'

2017-11-27 14:38:02 - [MESSAGE][PASSED] - Text 'Tinna' is set on object 'Object Repository/PrimoTours/Old Objects/allPaxLastNameFields'

2017-11-27 14:38:02 - [TEST_STEP][PASSED] - scrollToElement: Scroll to object 'Object Repository/PrimoTours/Old Objects/Coco (1)/PrimoT/SaveBooking2/Success/span_kr. 7.892-' successfully

2017-11-27 14:38:02 - [MESSAGE][PASSED] - Scroll to object 'Object Repository/PrimoTours/Old Objects/Coco (1)/PrimoT/SaveBooking2/Success/span_kr. 7.892-' successfully

2017-11-27 14:38:02 - [TEST_STEP][PASSED] - click: Object: 'Object Repository/PrimoTours/Old Objects/Coco (1)/PrimoT/SaveBooking2/Success/span_kr. 7.892-' is clicked on

2017-11-27 14:38:02 - [MESSAGE][PASSED] - Object: 'Object Repository/PrimoTours/Old Objects/Coco (1)/PrimoT/SaveBooking2/Success/span_kr. 7.892-' is clicked on

2017-11-27 14:38:02 - [TEST_STEP][PASSED] - scrollToElement: Scroll to object 'Object Repository/PrimoTours/Old Objects/Coco (1)/PrimoT/SaveBooking2/Success/Page_Primo Tours  Danmarks bedste c/i_fa fa-arrow-circle-right' successfully

2017-11-27 14:38:02 - [MESSAGE][PASSED] - Scroll to object 'Object Repository/PrimoTours/Old Objects/Coco (1)/PrimoT/SaveBooking2/Success/Page_Primo Tours  Danmarks bedste c/i_fa fa-arrow-circle-right' successfully

2017-11-27 14:38:02 - [TEST_STEP][PASSED] - waitForElementClickable: Object 'Object Repository/PrimoTours/Old Objects/Coco (1)/PrimoT/SaveBooking2/Success/Page_Primo Tours  Danmarks bedste c/i_fa fa-arrow-circle-right' is clickable

2017-11-27 14:38:02 - [MESSAGE][PASSED] - Object 'Object Repository/PrimoTours/Old Objects/Coco (1)/PrimoT/SaveBooking2/Success/Page_Primo Tours  Danmarks bedste c/i_fa fa-arrow-circle-right' is clickable

2017-11-27 14:38:02 - [TEST_STEP][PASSED] - waitForElementVisible: Object 'Object Repository/PrimoTours/Old Objects/Coco (1)/PrimoT/SaveBooking2/Success/Page_Primo Tours  Danmarks bedste c/i_fa fa-arrow-circle-right' is visible

2017-11-27 14:38:02 - [MESSAGE][PASSED] - Object 'Object Repository/PrimoTours/Old Objects/Coco (1)/PrimoT/SaveBooking2/Success/Page_Primo Tours  Danmarks bedste c/i_fa fa-arrow-circle-right' is visible

2017-11-27 14:38:02 - [TEST_STEP][PASSED] - scrollToElement: Scroll to object 'Object Repository/PrimoTours/Old Objects/Coco (1)/PrimoT/SaveBooking2/Success/Page_Primo Tours  Danmarks bedste c/i_fa fa-arrow-circle-right' successfully

2017-11-27 14:38:02 - [MESSAGE][PASSED] - Scroll to object 'Object Repository/PrimoTours/Old Objects/Coco (1)/PrimoT/SaveBooking2/Success/Page_Primo Tours  Danmarks bedste c/i_fa fa-arrow-circle-right' successfully

2017-11-27 14:38:02 - [TEST_STEP][PASSED] - click: Object: 'Object Repository/PrimoTours/Old Objects/Coco (1)/PrimoT/SaveBooking2/Success/Page_Primo Tours  Danmarks bedste c/i_fa fa-arrow-circle-right' is clicked on

2017-11-27 14:38:02 - [MESSAGE][PASSED] - Object: 'Object Repository/PrimoTours/Old Objects/Coco (1)/PrimoT/SaveBooking2/Success/Page_Primo Tours  Danmarks bedste c/i_fa fa-arrow-circle-right' is clicked on

2017-11-27 14:38:02 - [TEST_STEP][PASSED] - scrollToElement: Scroll to object 'Object Repository/PrimoTours/Old Objects/Coco/PrimoT/Ins2/Page_Primo Tours  Danmarks bedste c/span_Vlg forsikring' successfully

2017-11-27 14:38:02 - [MESSAGE][PASSED] - Scroll to object 'Object Repository/PrimoTours/Old Objects/Coco/PrimoT/Ins2/Page_Primo Tours  Danmarks bedste c/span_Vlg forsikring' successfully

2017-11-27 14:38:02 - [TEST_STEP][PASSED] - waitForElementPresent: Object 'Object Repository/PrimoTours/Old Objects/Coco/PrimoT/Ins2/Page_Primo Tours  Danmarks bedste c/span_Vlg forsikring' is present

2017-11-27 14:38:03 - [MESSAGE][PASSED] - Object 'Object Repository/PrimoTours/Old Objects/Coco/PrimoT/Ins2/Page_Primo Tours  Danmarks bedste c/span_Vlg forsikring' is present

2017-11-27 14:38:03 - [TEST_STEP][PASSED] - waitForElementVisible: Object 'Object Repository/PrimoTours/Old Objects/Coco/PrimoT/Ins2/Page_Primo Tours  Danmarks bedste c/span_Vlg forsikring' is visible

2017-11-27 14:38:03 - [MESSAGE][PASSED] - Object 'Object Repository/PrimoTours/Old Objects/Coco/PrimoT/Ins2/Page_Primo Tours  Danmarks bedste c/span_Vlg forsikring' is visible

2017-11-27 14:38:03 - [TEST_STEP][PASSED] - waitForElementClickable: Object 'Object Repository/PrimoTours/Old Objects/Coco/PrimoT/Ins2/Page_Primo Tours  Danmarks bedste c/span_Vlg forsikring' is clickable

2017-11-27 14:38:03 - [MESSAGE][PASSED] - Object 'Object Repository/PrimoTours/Old Objects/Coco/PrimoT/Ins2/Page_Primo Tours  Danmarks bedste c/span_Vlg forsikring' is clickable

2017-11-27 14:38:03 - [TEST_STEP][PASSED] - click: Object: 'Object Repository/PrimoTours/Old Objects/Coco/PrimoT/Ins2/Page_Primo Tours  Danmarks bedste c/span_Vlg forsikring' is clicked on

2017-11-27 14:38:03 - [MESSAGE][PASSED] - Object: 'Object Repository/PrimoTours/Old Objects/Coco/PrimoT/Ins2/Page_Primo Tours  Danmarks bedste c/span_Vlg forsikring' is clicked on

2017-11-27 14:38:03 - [TEST_STEP][PASSED] - click: Object: 'Object Repository/PrimoTours/Old Objects/Coco/PrimoT/Ins2/Page_Primo Tours  Danmarks bedste c/li_Har selv forsikring - kr. 0' is clicked on

2017-11-27 14:38:03 - [MESSAGE][PASSED] - Object: 'Object Repository/PrimoTours/Old Objects/Coco/PrimoT/Ins2/Page_Primo Tours  Danmarks bedste c/li_Har selv forsikring - kr. 0' is clicked on

2017-11-27 14:38:03 - [TEST_STEP][NOT_RUN] - click: NOT_RUN: click

2017-11-27 14:38:03 - [MESSAGE][NOT_RUN] - NOT_RUN: click

2017-11-27 14:38:03 - [TEST_STEP][NOT_RUN] - scrollToElement: NOT_RUN: scrollToElement

2017-11-27 14:38:03 - [MESSAGE][NOT_RUN] - NOT_RUN: scrollToElement

2017-11-27 14:38:03 - [TEST_STEP][NOT_RUN] - click: NOT_RUN: click

2017-11-27 14:38:03 - [MESSAGE][NOT_RUN] - NOT_RUN: click

2017-11-27 14:38:03 - [TEST_STEP][PASSED] - scrollToElement: Scroll to object 'Object Repository/PrimoTours/Old Objects/Coco (1)/PrimoT/SaveBooking2/Page_Primo Tours  Danmarks bedste c/a_toggle checkbox kalypto' successfully

2017-11-27 14:38:03 - [MESSAGE][PASSED] - Scroll to object 'Object Repository/PrimoTours/Old Objects/Coco (1)/PrimoT/SaveBooking2/Page_Primo Tours  Danmarks bedste c/a_toggle checkbox kalypto' successfully

2017-11-27 14:38:03 - [TEST_STEP][PASSED] - waitForElementVisible: Object 'Object Repository/PrimoTours/Old Objects/Coco (1)/PrimoT/SaveBooking2/Page_Primo Tours  Danmarks bedste c/a_toggle checkbox kalypto' is visible

2017-11-27 14:38:03 - [MESSAGE][PASSED] - Object 'Object Repository/PrimoTours/Old Objects/Coco (1)/PrimoT/SaveBooking2/Page_Primo Tours  Danmarks bedste c/a_toggle checkbox kalypto' is visible

2017-11-27 14:38:03 - [TEST_STEP][PASSED] - click: Object: 'Object Repository/PrimoTours/Old Objects/Coco (1)/PrimoT/SaveBooking2/Page_Primo Tours  Danmarks bedste c/a_toggle checkbox kalypto' is clicked on

2017-11-27 14:38:03 - [MESSAGE][PASSED] - Object: 'Object Repository/PrimoTours/Old Objects/Coco (1)/PrimoT/SaveBooking2/Page_Primo Tours  Danmarks bedste c/a_toggle checkbox kalypto' is clicked on

2017-11-27 14:38:03 - [TEST_STEP][PASSED] - scrollToElement: Scroll to object 'Object Repository/PrimoTours/Old Objects/Coco (1)/PrimoT/SaveBooking2/Success/a_toggle radio kalypto' successfully

2017-11-27 14:38:03 - [MESSAGE][PASSED] - Scroll to object 'Object Repository/PrimoTours/Old Objects/Coco (1)/PrimoT/SaveBooking2/Success/a_toggle radio kalypto' successfully

2017-11-27 14:38:03 - [TEST_STEP][PASSED] - waitForElementClickable: Object 'Object Repository/PrimoTours/Old Objects/Coco (1)/PrimoT/SaveBooking2/Success/a_toggle radio kalypto' is clickable

2017-11-27 14:38:03 - [MESSAGE][PASSED] - Object 'Object Repository/PrimoTours/Old Objects/Coco (1)/PrimoT/SaveBooking2/Success/a_toggle radio kalypto' is clickable

2017-11-27 14:38:03 - [TEST_STEP][PASSED] - click: Object: 'Object Repository/PrimoTours/Old Objects/Coco (1)/PrimoT/SaveBooking2/Success/a_toggle radio kalypto' is clicked on

2017-11-27 14:38:04 - [MESSAGE][PASSED] - Object: 'Object Repository/PrimoTours/Old Objects/Coco (1)/PrimoT/SaveBooking2/Success/a_toggle radio kalypto' is clicked on

2017-11-27 14:38:04 - [TEST_STEP][PASSED] - scrollToElement: Scroll to object 'Object Repository/PrimoTours/Old Objects/Coco (1)/PrimoT/SaveBooking2/Success/a_toggle checkbox kalypto (1)' successfully

2017-11-27 14:38:04 - [MESSAGE][PASSED] - Scroll to object 'Object Repository/PrimoTours/Old Objects/Coco (1)/PrimoT/SaveBooking2/Success/a_toggle checkbox kalypto (1)' successfully

2017-11-27 14:38:04 - [TEST_STEP][PASSED] - click: Object: 'Object Repository/PrimoTours/Old Objects/Coco (1)/PrimoT/SaveBooking2/Success/a_toggle checkbox kalypto (1)' is clicked on

2017-11-27 14:38:04 - [MESSAGE][PASSED] - Object: 'Object Repository/PrimoTours/Old Objects/Coco (1)/PrimoT/SaveBooking2/Success/a_toggle checkbox kalypto (1)' is clicked on

2017-11-27 14:38:04 - [TEST_STEP][NOT_RUN] - scrollToElement: NOT_RUN: scrollToElement

2017-11-27 14:38:04 - [MESSAGE][NOT_RUN] - NOT_RUN: scrollToElement

2017-11-27 14:38:04 - [TEST_STEP][NOT_RUN] - scrollToElement: NOT_RUN: scrollToElement

2017-11-27 14:38:04 - [MESSAGE][NOT_RUN] - NOT_RUN: scrollToElement

2017-11-27 14:38:04 - [TEST_STEP][NOT_RUN] - click: NOT_RUN: click

2017-11-27 14:38:04 - [MESSAGE][NOT_RUN] - NOT_RUN: click

2017-11-27 14:38:04 - [TEST_STEP][PASSED] - scrollToElement: Scroll to object 'Object Repository/PrimoTours/Old Objects/Coco (1)/PrimoT/SaveBooking2/Success/a_toggle checkbox kalypto' successfully

2017-11-27 14:38:04 - [MESSAGE][PASSED] - Scroll to object 'Object Repository/PrimoTours/Old Objects/Coco (1)/PrimoT/SaveBooking2/Success/a_toggle checkbox kalypto' successfully

2017-11-27 14:38:04 - [TEST_STEP][PASSED] - click: Object: 'Object Repository/PrimoTours/Old Objects/Coco (1)/PrimoT/SaveBooking2/Success/a_toggle checkbox kalypto' is clicked on

2017-11-27 14:38:04 - [MESSAGE][PASSED] - Object: 'Object Repository/PrimoTours/Old Objects/Coco (1)/PrimoT/SaveBooking2/Success/a_toggle checkbox kalypto' is clicked on

2017-11-27 14:38:04 - [TEST_STEP][PASSED] - scrollToElement: Scroll to object 'Object Repository/PrimoTours/Old Objects/Coco (1)/PrimoT/SaveBooking2/Page_Primo Tours  Danmarks bedste c/a_btn btn-success col-xs-12 st' successfully

2017-11-27 14:38:04 - [MESSAGE][PASSED] - Scroll to object 'Object Repository/PrimoTours/Old Objects/Coco (1)/PrimoT/SaveBooking2/Page_Primo Tours  Danmarks bedste c/a_btn btn-success col-xs-12 st' successfully

2017-11-27 14:38:04 - [TEST_STEP][PASSED] - waitForElementClickable: Object 'Object Repository/PrimoTours/Old Objects/Coco (1)/PrimoT/SaveBooking2/Page_Primo Tours  Danmarks bedste c/a_btn btn-success col-xs-12 st' is clickable

2017-11-27 14:38:04 - [MESSAGE][PASSED] - Object 'Object Repository/PrimoTours/Old Objects/Coco (1)/PrimoT/SaveBooking2/Page_Primo Tours  Danmarks bedste c/a_btn btn-success col-xs-12 st' is clickable

2017-11-27 14:38:04 - [TEST_STEP][NOT_RUN] - click: NOT_RUN: click

2017-11-27 14:38:04 - [MESSAGE][NOT_RUN] - NOT_RUN: click]]></system-out>
         <system-err><![CDATA[]]></system-err>
      </testcase>
      <testcase name="Test Cases/PrimoTours/WB Primo/WB Primo staging - place booking - Iteration 7" classname="Test Cases/PrimoTours/WB Primo/WB Primo staging - place booking" status="FAILED">
         <failure type="FAILED" message="Test Cases/PrimoTours/WB Primo/WB Primo staging - place booking FAILED because (of) Unable to click on object 'Object Repository/PrimoTours/Old Objects/Coco (1)/PrimoT/SaveBooking2/Success/a_toggle checkbox kalypto' (Root cause: org.openqa.selenium.WebDriverException: unknown error: Element &lt;a href=&quot;#&quot; class=&quot;toggle checkbox kalypto&quot;>&lt;/a> is not clickable at point (395, 644). Other element would receive the click: &lt;h2>...&lt;/h2>
  (Session info: chrome=62.0.3202.94)
  (Driver info: chromedriver=2.33.506120 (e3e53437346286c0bc2d2dc9aa4915ba81d9023f),platform=Windows NT 6.3.9600 x86_64) (WARNING: The server did not provide any stacktrace information)
Command duration or timeout: 0 milliseconds
Build info: version: '3.7.1', revision: '8a0099a', time: '2017-11-06T21:07:36.161Z'
System info: host: 'NEACSUNEW-PC', ip: '10.10.10.211', os.name: 'Windows 8.1', os.arch: 'amd64', os.version: '6.3', java.version: '1.8.0_102'
Driver info: com.kms.katalon.selenium.driver.CChromeDriver
Capabilities {acceptSslCerts: true, applicationCacheEnabled: false, browserConnectionEnabled: false, browserName: chrome, chrome: {chromedriverVersion: 2.33.506120 (e3e53437346286..., userDataDir: C:\Users\Cornel\AppData\Loc...}, cssSelectorsEnabled: true, databaseEnabled: false, handlesAlerts: true, hasTouchScreen: false, javascriptEnabled: true, locationContextEnabled: true, mobileEmulationEnabled: false, nativeEvents: true, networkConnectionEnabled: false, pageLoadStrategy: normal, platform: XP, platformName: XP, rotatable: false, setWindowRect: true, takesHeapSnapshot: true, takesScreenshot: true, unexpectedAlertBehaviour: , unhandledPromptBehavior: , version: 62.0.3202.94, webStorageEnabled: true}
Session ID: de9e36a7600a7216d432a0dcccc93c35)"/>
         <system-out><![CDATA[2017-11-27 14:38:04 - [TEST_CASE][FAILED] - Test Cases/PrimoTours/WB Primo/WB Primo staging - place booking - Iteration 7: Test Cases/PrimoTours/WB Primo/WB Primo staging - place booking FAILED because (of) Unable to click on object 'Object Repository/PrimoTours/Old Objects/Coco (1)/PrimoT/SaveBooking2/Success/a_toggle checkbox kalypto' (Root cause: org.openqa.selenium.WebDriverException: unknown error: Element <a href="#" class="toggle checkbox kalypto"></a> is not clickable at point (395, 644). Other element would receive the click: <h2>...</h2>
  (Session info: chrome=62.0.3202.94)
  (Driver info: chromedriver=2.33.506120 (e3e53437346286c0bc2d2dc9aa4915ba81d9023f),platform=Windows NT 6.3.9600 x86_64) (WARNING: The server did not provide any stacktrace information)
Command duration or timeout: 0 milliseconds
Build info: version: '3.7.1', revision: '8a0099a', time: '2017-11-06T21:07:36.161Z'
System info: host: 'NEACSUNEW-PC', ip: '10.10.10.211', os.name: 'Windows 8.1', os.arch: 'amd64', os.version: '6.3', java.version: '1.8.0_102'
Driver info: com.kms.katalon.selenium.driver.CChromeDriver
Capabilities {acceptSslCerts: true, applicationCacheEnabled: false, browserConnectionEnabled: false, browserName: chrome, chrome: {chromedriverVersion: 2.33.506120 (e3e53437346286..., userDataDir: C:\Users\Cornel\AppData\Loc...}, cssSelectorsEnabled: true, databaseEnabled: false, handlesAlerts: true, hasTouchScreen: false, javascriptEnabled: true, locationContextEnabled: true, mobileEmulationEnabled: false, nativeEvents: true, networkConnectionEnabled: false, pageLoadStrategy: normal, platform: XP, platformName: XP, rotatable: false, setWindowRect: true, takesHeapSnapshot: true, takesScreenshot: true, unexpectedAlertBehaviour: , unhandledPromptBehavior: , version: 62.0.3202.94, webStorageEnabled: true}
Session ID: de9e36a7600a7216d432a0dcccc93c35)

2017-11-27 14:38:04 - [TEST_STEP][PASSED] - openBrowser: Browser is opened with url: ''

2017-11-27 14:38:04 - [MESSAGE][WARNING] - A browser is already opened. Closing browser and opening a new one

2017-11-27 14:38:07 - [MESSAGE][PASSED] - Browser is opened with url: ''

2017-11-27 14:38:07 - [TEST_STEP][PASSED] - maximizeWindow: Current window maximized

2017-11-27 14:38:08 - [MESSAGE][PASSED] - Current window maximized

2017-11-27 14:38:08 - [TEST_STEP][PASSED] - navigateToUrl: Navigate to 'https://staging-primotours-webbooking.tourpaq.com/DoBooking.aspx?pltaID=1480269&p=2&rno=1&pt=1&a=2&c=2&aa=&ca=1%2C5' successfully

2017-11-27 14:38:10 - [MESSAGE][PASSED] - Navigate to 'https://staging-primotours-webbooking.tourpaq.com/DoBooking.aspx?pltaID=1480269&p=2&rno=1&pt=1&a=2&c=2&aa=&ca=1%2C5' successfully

2017-11-27 14:38:10 - [TEST_STEP][PASSED] - setText: Text 'Pedersen AUT' is set on object 'Object Repository/PrimoTours/Old Objects/Coco/PrimoT/Page_Primo Tours  Danmarks bedste c/input_firstName'

2017-11-27 14:38:11 - [MESSAGE][PASSED] - Text 'Pedersen AUT' is set on object 'Object Repository/PrimoTours/Old Objects/Coco/PrimoT/Page_Primo Tours  Danmarks bedste c/input_firstName'

2017-11-27 14:38:11 - [TEST_STEP][PASSED] - setText: Text 'Vibe Dalby' is set on object 'Object Repository/PrimoTours/Old Objects/Coco/PrimoT/Page_Primo Tours  Danmarks bedste c/input_lastName'

2017-11-27 14:38:11 - [MESSAGE][PASSED] - Text 'Vibe Dalby' is set on object 'Object Repository/PrimoTours/Old Objects/Coco/PrimoT/Page_Primo Tours  Danmarks bedste c/input_lastName'

2017-11-27 14:38:11 - [TEST_STEP][PASSED] - setText: Text 'Home address' is set on object 'Object Repository/PrimoTours/Old Objects/Coco/PrimoT/Page_Primo Tours  Danmarks bedste c/input_customerAddress'

2017-11-27 14:38:11 - [MESSAGE][PASSED] - Text 'Home address' is set on object 'Object Repository/PrimoTours/Old Objects/Coco/PrimoT/Page_Primo Tours  Danmarks bedste c/input_customerAddress'

2017-11-27 14:38:11 - [TEST_STEP][PASSED] - setText: Text '6700' is set on object 'Object Repository/PrimoTours/Old Objects/Coco/PrimoT/Page_Primo Tours  Danmarks bedste c/input_customerPostcode'

2017-11-27 14:38:12 - [MESSAGE][PASSED] - Text '6700' is set on object 'Object Repository/PrimoTours/Old Objects/Coco/PrimoT/Page_Primo Tours  Danmarks bedste c/input_customerPostcode'

2017-11-27 14:38:12 - [TEST_STEP][PASSED] - setText: Text 'cornel.neacsu@roweb.ro' is set on object 'Object Repository/PrimoTours/Old Objects/Coco/PrimoT/Page_Primo Tours  Danmarks bedste c/input_customerEmail'

2017-11-27 14:38:12 - [MESSAGE][PASSED] - Text 'cornel.neacsu@roweb.ro' is set on object 'Object Repository/PrimoTours/Old Objects/Coco/PrimoT/Page_Primo Tours  Danmarks bedste c/input_customerEmail'

2017-11-27 14:38:12 - [TEST_STEP][PASSED] - setText: Text '12345678' is set on object 'Object Repository/PrimoTours/Old Objects/Coco/PrimoT/Page_Primo Tours  Danmarks bedste c/input_customerPhone'

2017-11-27 14:38:12 - [MESSAGE][PASSED] - Text '12345678' is set on object 'Object Repository/PrimoTours/Old Objects/Coco/PrimoT/Page_Primo Tours  Danmarks bedste c/input_customerPhone'

2017-11-27 14:38:12 - [TEST_STEP][PASSED] - waitForElementClickable: Object 'Object Repository/PrimoTours/Old Objects/Coco/PrimoT/Page_Primo Tours  Danmarks bedste c/input_firstname-0_1' is clickable

2017-11-27 14:38:13 - [MESSAGE][PASSED] - Object 'Object Repository/PrimoTours/Old Objects/Coco/PrimoT/Page_Primo Tours  Danmarks bedste c/input_firstname-0_1' is clickable

2017-11-27 14:38:13 - [TEST_STEP][PASSED] - Statement - excelInfo = ["fname":"", "lname":"", "pgender":"", "pday":"", "pmonth":"", "pyear":""]: null

2017-11-27 14:38:13 - [TEST_STEP][PASSED] - Statement - rawData = com.kms.katalon.core.testdata.TestDataFactory.findTestData("Data Files/WB_Primo/Passenger_details"): Reading excel file with source file 'D:\Software testing\Tourpaq\Automated Katalon tests\Primo WB test\Data Files\Primo_URLs_For_Automated_Test.xls' and sheet name 'Passenger Names'

2017-11-27 14:38:13 - [TEST_STEP][PASSED] - Statement - excelRowNo = rawData.getRowNumbers(): null

2017-11-27 14:38:13 - [TEST_STEP][PASSED] - Statement - randomPaxIndex = 1: null

2017-11-27 14:38:13 - [TEST_STEP][PASSED] - Statement - driver = com.kms.katalon.core.webui.driver.DriverFactory.getWebDriver(): null

2017-11-27 14:38:13 - [TEST_STEP][PASSED] - Statement - roomContainerXpath = "id("booking")/div[@class="wrapper second-bg"]/div[contains(@class,"container-mx")]/div[@class="row"]/div[@class="col-md-12 roomContainer"]": null

2017-11-27 14:38:13 - [TEST_STEP][PASSED] - Statement - roomsCount = driver.findElements(org.openqa.selenium.By.xpath(roomContainerXpath)).size(): null

2017-11-27 14:38:13 - [TEST_STEP][PASSED] - Statement - println("roomsCount=" + roomsCount): null

2017-11-27 14:38:13 - [TEST_STEP][PASSED] - Statement - For ([i = 1, i <= roomsCount, (i++)]): Text 'Kirsten  Bodil' is set on object 'Object Repository/PrimoTours/Old Objects/allPaxLastNameFields'

2017-11-27 14:38:13 - [TEST_STEP][PASSED] - Statement - paxInRoomXpath = roomContainerXpath + "[" + i + "]/div[@class="row"]/div[@class="col-md-12"]/div[@class="row"]": null

2017-11-27 14:38:13 - [TEST_STEP][PASSED] - Statement - paxInRoomCount = driver.findElements(org.openqa.selenium.By.xpath(paxInRoomXpath)).size(): null

2017-11-27 14:38:13 - [TEST_STEP][PASSED] - Statement - println("paxInRoomCount=" + paxInRoomCount): null

2017-11-27 14:38:13 - [TEST_STEP][PASSED] - Statement - For ([j = 1, j <= paxInRoomCount, (j++)]): Text 'Kirsten  Bodil' is set on object 'Object Repository/PrimoTours/Old Objects/allPaxLastNameFields'

2017-11-27 14:38:13 - [TEST_STEP][PASSED] - Statement - If (i == 1 & j == 1): null

2017-11-27 14:38:13 - [TEST_STEP][PASSED] - Statement - <not implemented yet for class: org.codehaus.groovy.ast.stmt.ContinueStatement>: null

2017-11-27 14:38:13 - [TEST_STEP][PASSED] - Statement - If (i == 1 & j == 1): null

2017-11-27 14:38:13 - [TEST_STEP][PASSED] - Statement - randomPaxIndex = java.lang.Math.abs(new java.util.Random().nextInt() % excelRowNo) + 1: null

2017-11-27 14:38:13 - [TEST_STEP][PASSED] - Statement - println(randomPaxIndex): null

2017-11-27 14:38:13 - [TEST_STEP][PASSED] - Statement - fname = rawData.getValue("FirstName", randomPaxIndex) + " AUT": null

2017-11-27 14:38:13 - [TEST_STEP][PASSED] - Statement - lname = rawData.getValue("LastName", randomPaxIndex): null

2017-11-27 14:38:13 - [TEST_STEP][PASSED] - Statement - pgender = rawData.getValue("Gender", randomPaxIndex): null

2017-11-27 14:38:13 - [TEST_STEP][PASSED] - Statement - pday = rawData.getValue("Day DOB", randomPaxIndex): null

2017-11-27 14:38:13 - [TEST_STEP][PASSED] - Statement - pmonth = rawData.getValue("Month DOB", randomPaxIndex): null

2017-11-27 14:38:13 - [TEST_STEP][PASSED] - Statement - pyear = rawData.getValue("Year DOB", randomPaxIndex): null

2017-11-27 14:38:13 - [TEST_STEP][PASSED] - Statement - paxDetailFields = paxInRoomXpath + "[" + j + "]/div[@class="col-md-x col-md-9"]/div[@class="row paxContainer"]/div[@class="col-md-5"]": null

2017-11-27 14:38:13 - [TEST_STEP][PASSED] - Statement - xpathval = paxDetailFields + "[1]/div[contains(@class,"form-group")]/input[@class="form-control paxFirstName"]": null

2017-11-27 14:38:13 - [TEST_STEP][PASSED] - Statement - println("fn: " + xpathval): null

2017-11-27 14:38:13 - [TEST_STEP][PASSED] - Statement - repObj = com.kms.katalon.core.testobject.ObjectRepository.findTestObject(Object Repository/PrimoTours/Old Objects/allPaxFirstNameFields): Finding Test Object with id 'Object Repository/PrimoTours/Old Objects/allPaxFirstNameFields'

2017-11-27 14:38:13 - [TEST_STEP][PASSED] - Statement - repObj.findProperty("xpath").setValue(xpathval): null

2017-11-27 14:38:13 - [TEST_STEP][PASSED] - setText: Text 'Skak Nielsen AUT' is set on object 'Object Repository/PrimoTours/Old Objects/allPaxFirstNameFields'

2017-11-27 14:38:14 - [MESSAGE][PASSED] - Text 'Skak Nielsen AUT' is set on object 'Object Repository/PrimoTours/Old Objects/allPaxFirstNameFields'

2017-11-27 14:38:14 - [TEST_STEP][PASSED] - Statement - xpathval = paxDetailFields + "[2]/div[contains(@class,"form-group")]/input[@class="form-control paxLastName"]": null

2017-11-27 14:38:14 - [TEST_STEP][PASSED] - Statement - println("ln: " + xpathval): null

2017-11-27 14:38:14 - [TEST_STEP][PASSED] - Statement - repObj = com.kms.katalon.core.testobject.ObjectRepository.findTestObject(Object Repository/PrimoTours/Old Objects/allPaxLastNameFields): Finding Test Object with id 'Object Repository/PrimoTours/Old Objects/allPaxLastNameFields'

2017-11-27 14:38:14 - [TEST_STEP][PASSED] - Statement - repObj.findProperty("xpath").setValue(xpathval): null

2017-11-27 14:38:14 - [TEST_STEP][PASSED] - setText: Text 'Jette' is set on object 'Object Repository/PrimoTours/Old Objects/allPaxLastNameFields'

2017-11-27 14:38:14 - [MESSAGE][PASSED] - Text 'Jette' is set on object 'Object Repository/PrimoTours/Old Objects/allPaxLastNameFields'

2017-11-27 14:38:14 - [TEST_STEP][PASSED] - Statement - If (i == 1 & j == 1): null

2017-11-27 14:38:14 - [TEST_STEP][PASSED] - Statement - randomPaxIndex = java.lang.Math.abs(new java.util.Random().nextInt() % excelRowNo) + 1: null

2017-11-27 14:38:14 - [TEST_STEP][PASSED] - Statement - println(randomPaxIndex): null

2017-11-27 14:38:14 - [TEST_STEP][PASSED] - Statement - fname = rawData.getValue("FirstName", randomPaxIndex) + " AUT": null

2017-11-27 14:38:14 - [TEST_STEP][PASSED] - Statement - lname = rawData.getValue("LastName", randomPaxIndex): null

2017-11-27 14:38:14 - [TEST_STEP][PASSED] - Statement - pgender = rawData.getValue("Gender", randomPaxIndex): null

2017-11-27 14:38:14 - [TEST_STEP][PASSED] - Statement - pday = rawData.getValue("Day DOB", randomPaxIndex): null

2017-11-27 14:38:14 - [TEST_STEP][PASSED] - Statement - pmonth = rawData.getValue("Month DOB", randomPaxIndex): null

2017-11-27 14:38:14 - [TEST_STEP][PASSED] - Statement - pyear = rawData.getValue("Year DOB", randomPaxIndex): null

2017-11-27 14:38:14 - [TEST_STEP][PASSED] - Statement - paxDetailFields = paxInRoomXpath + "[" + j + "]/div[@class="col-md-x col-md-9"]/div[@class="row paxContainer"]/div[@class="col-md-5"]": null

2017-11-27 14:38:14 - [TEST_STEP][PASSED] - Statement - xpathval = paxDetailFields + "[1]/div[contains(@class,"form-group")]/input[@class="form-control paxFirstName"]": null

2017-11-27 14:38:14 - [TEST_STEP][PASSED] - Statement - println("fn: " + xpathval): null

2017-11-27 14:38:14 - [TEST_STEP][PASSED] - Statement - repObj = com.kms.katalon.core.testobject.ObjectRepository.findTestObject(Object Repository/PrimoTours/Old Objects/allPaxFirstNameFields): Finding Test Object with id 'Object Repository/PrimoTours/Old Objects/allPaxFirstNameFields'

2017-11-27 14:38:14 - [TEST_STEP][PASSED] - Statement - repObj.findProperty("xpath").setValue(xpathval): null

2017-11-27 14:38:14 - [TEST_STEP][PASSED] - setText: Text 'Kanstrup AUT' is set on object 'Object Repository/PrimoTours/Old Objects/allPaxFirstNameFields'

2017-11-27 14:38:14 - [MESSAGE][PASSED] - Text 'Kanstrup AUT' is set on object 'Object Repository/PrimoTours/Old Objects/allPaxFirstNameFields'

2017-11-27 14:38:14 - [TEST_STEP][PASSED] - Statement - xpathval = paxDetailFields + "[2]/div[contains(@class,"form-group")]/input[@class="form-control paxLastName"]": null

2017-11-27 14:38:14 - [TEST_STEP][PASSED] - Statement - println("ln: " + xpathval): null

2017-11-27 14:38:14 - [TEST_STEP][PASSED] - Statement - repObj = com.kms.katalon.core.testobject.ObjectRepository.findTestObject(Object Repository/PrimoTours/Old Objects/allPaxLastNameFields): Finding Test Object with id 'Object Repository/PrimoTours/Old Objects/allPaxLastNameFields'

2017-11-27 14:38:14 - [TEST_STEP][PASSED] - Statement - repObj.findProperty("xpath").setValue(xpathval): null

2017-11-27 14:38:14 - [TEST_STEP][PASSED] - setText: Text 'Andreas' is set on object 'Object Repository/PrimoTours/Old Objects/allPaxLastNameFields'

2017-11-27 14:38:14 - [MESSAGE][PASSED] - Text 'Andreas' is set on object 'Object Repository/PrimoTours/Old Objects/allPaxLastNameFields'

2017-11-27 14:38:14 - [TEST_STEP][PASSED] - Statement - If (i == 1 & j == 1): null

2017-11-27 14:38:14 - [TEST_STEP][PASSED] - Statement - randomPaxIndex = java.lang.Math.abs(new java.util.Random().nextInt() % excelRowNo) + 1: null

2017-11-27 14:38:14 - [TEST_STEP][PASSED] - Statement - println(randomPaxIndex): null

2017-11-27 14:38:14 - [TEST_STEP][PASSED] - Statement - fname = rawData.getValue("FirstName", randomPaxIndex) + " AUT": null

2017-11-27 14:38:14 - [TEST_STEP][PASSED] - Statement - lname = rawData.getValue("LastName", randomPaxIndex): null

2017-11-27 14:38:14 - [TEST_STEP][PASSED] - Statement - pgender = rawData.getValue("Gender", randomPaxIndex): null

2017-11-27 14:38:14 - [TEST_STEP][PASSED] - Statement - pday = rawData.getValue("Day DOB", randomPaxIndex): null

2017-11-27 14:38:14 - [TEST_STEP][PASSED] - Statement - pmonth = rawData.getValue("Month DOB", randomPaxIndex): null

2017-11-27 14:38:14 - [TEST_STEP][PASSED] - Statement - pyear = rawData.getValue("Year DOB", randomPaxIndex): null

2017-11-27 14:38:14 - [TEST_STEP][PASSED] - Statement - paxDetailFields = paxInRoomXpath + "[" + j + "]/div[@class="col-md-x col-md-9"]/div[@class="row paxContainer"]/div[@class="col-md-5"]": null

2017-11-27 14:38:14 - [TEST_STEP][PASSED] - Statement - xpathval = paxDetailFields + "[1]/div[contains(@class,"form-group")]/input[@class="form-control paxFirstName"]": null

2017-11-27 14:38:14 - [TEST_STEP][PASSED] - Statement - println("fn: " + xpathval): null

2017-11-27 14:38:14 - [TEST_STEP][PASSED] - Statement - repObj = com.kms.katalon.core.testobject.ObjectRepository.findTestObject(Object Repository/PrimoTours/Old Objects/allPaxFirstNameFields): Finding Test Object with id 'Object Repository/PrimoTours/Old Objects/allPaxFirstNameFields'

2017-11-27 14:38:14 - [TEST_STEP][PASSED] - Statement - repObj.findProperty("xpath").setValue(xpathval): null

2017-11-27 14:38:14 - [TEST_STEP][PASSED] - setText: Text 'Bertelsen AUT' is set on object 'Object Repository/PrimoTours/Old Objects/allPaxFirstNameFields'

2017-11-27 14:38:14 - [MESSAGE][PASSED] - Text 'Bertelsen AUT' is set on object 'Object Repository/PrimoTours/Old Objects/allPaxFirstNameFields'

2017-11-27 14:38:14 - [TEST_STEP][PASSED] - Statement - xpathval = paxDetailFields + "[2]/div[contains(@class,"form-group")]/input[@class="form-control paxLastName"]": null

2017-11-27 14:38:14 - [TEST_STEP][PASSED] - Statement - println("ln: " + xpathval): null

2017-11-27 14:38:14 - [TEST_STEP][PASSED] - Statement - repObj = com.kms.katalon.core.testobject.ObjectRepository.findTestObject(Object Repository/PrimoTours/Old Objects/allPaxLastNameFields): Finding Test Object with id 'Object Repository/PrimoTours/Old Objects/allPaxLastNameFields'

2017-11-27 14:38:14 - [TEST_STEP][PASSED] - Statement - repObj.findProperty("xpath").setValue(xpathval): null

2017-11-27 14:38:14 - [TEST_STEP][PASSED] - setText: Text 'Kirsten  Bodil' is set on object 'Object Repository/PrimoTours/Old Objects/allPaxLastNameFields'

2017-11-27 14:38:15 - [MESSAGE][PASSED] - Text 'Kirsten  Bodil' is set on object 'Object Repository/PrimoTours/Old Objects/allPaxLastNameFields'

2017-11-27 14:38:15 - [TEST_STEP][PASSED] - scrollToElement: Scroll to object 'Object Repository/PrimoTours/Old Objects/Coco (1)/PrimoT/SaveBooking2/Success/span_kr. 7.892-' successfully

2017-11-27 14:38:15 - [MESSAGE][PASSED] - Scroll to object 'Object Repository/PrimoTours/Old Objects/Coco (1)/PrimoT/SaveBooking2/Success/span_kr. 7.892-' successfully

2017-11-27 14:38:15 - [TEST_STEP][PASSED] - click: Object: 'Object Repository/PrimoTours/Old Objects/Coco (1)/PrimoT/SaveBooking2/Success/span_kr. 7.892-' is clicked on

2017-11-27 14:38:15 - [MESSAGE][PASSED] - Object: 'Object Repository/PrimoTours/Old Objects/Coco (1)/PrimoT/SaveBooking2/Success/span_kr. 7.892-' is clicked on

2017-11-27 14:38:15 - [TEST_STEP][PASSED] - scrollToElement: Scroll to object 'Object Repository/PrimoTours/Old Objects/Coco (1)/PrimoT/SaveBooking2/Success/Page_Primo Tours  Danmarks bedste c/i_fa fa-arrow-circle-right' successfully

2017-11-27 14:38:15 - [MESSAGE][PASSED] - Scroll to object 'Object Repository/PrimoTours/Old Objects/Coco (1)/PrimoT/SaveBooking2/Success/Page_Primo Tours  Danmarks bedste c/i_fa fa-arrow-circle-right' successfully

2017-11-27 14:38:15 - [TEST_STEP][PASSED] - waitForElementClickable: Object 'Object Repository/PrimoTours/Old Objects/Coco (1)/PrimoT/SaveBooking2/Success/Page_Primo Tours  Danmarks bedste c/i_fa fa-arrow-circle-right' is clickable

2017-11-27 14:38:15 - [MESSAGE][PASSED] - Object 'Object Repository/PrimoTours/Old Objects/Coco (1)/PrimoT/SaveBooking2/Success/Page_Primo Tours  Danmarks bedste c/i_fa fa-arrow-circle-right' is clickable

2017-11-27 14:38:15 - [TEST_STEP][PASSED] - waitForElementVisible: Object 'Object Repository/PrimoTours/Old Objects/Coco (1)/PrimoT/SaveBooking2/Success/Page_Primo Tours  Danmarks bedste c/i_fa fa-arrow-circle-right' is visible

2017-11-27 14:38:15 - [MESSAGE][PASSED] - Object 'Object Repository/PrimoTours/Old Objects/Coco (1)/PrimoT/SaveBooking2/Success/Page_Primo Tours  Danmarks bedste c/i_fa fa-arrow-circle-right' is visible

2017-11-27 14:38:15 - [TEST_STEP][PASSED] - scrollToElement: Scroll to object 'Object Repository/PrimoTours/Old Objects/Coco (1)/PrimoT/SaveBooking2/Success/Page_Primo Tours  Danmarks bedste c/i_fa fa-arrow-circle-right' successfully

2017-11-27 14:38:15 - [MESSAGE][PASSED] - Scroll to object 'Object Repository/PrimoTours/Old Objects/Coco (1)/PrimoT/SaveBooking2/Success/Page_Primo Tours  Danmarks bedste c/i_fa fa-arrow-circle-right' successfully

2017-11-27 14:38:15 - [TEST_STEP][PASSED] - click: Object: 'Object Repository/PrimoTours/Old Objects/Coco (1)/PrimoT/SaveBooking2/Success/Page_Primo Tours  Danmarks bedste c/i_fa fa-arrow-circle-right' is clicked on

2017-11-27 14:38:15 - [MESSAGE][PASSED] - Object: 'Object Repository/PrimoTours/Old Objects/Coco (1)/PrimoT/SaveBooking2/Success/Page_Primo Tours  Danmarks bedste c/i_fa fa-arrow-circle-right' is clicked on

2017-11-27 14:38:15 - [TEST_STEP][PASSED] - scrollToElement: Scroll to object 'Object Repository/PrimoTours/Old Objects/Coco/PrimoT/Ins2/Page_Primo Tours  Danmarks bedste c/span_Vlg forsikring' successfully

2017-11-27 14:38:16 - [MESSAGE][PASSED] - Scroll to object 'Object Repository/PrimoTours/Old Objects/Coco/PrimoT/Ins2/Page_Primo Tours  Danmarks bedste c/span_Vlg forsikring' successfully

2017-11-27 14:38:16 - [TEST_STEP][PASSED] - waitForElementPresent: Object 'Object Repository/PrimoTours/Old Objects/Coco/PrimoT/Ins2/Page_Primo Tours  Danmarks bedste c/span_Vlg forsikring' is present

2017-11-27 14:38:16 - [MESSAGE][PASSED] - Object 'Object Repository/PrimoTours/Old Objects/Coco/PrimoT/Ins2/Page_Primo Tours  Danmarks bedste c/span_Vlg forsikring' is present

2017-11-27 14:38:16 - [TEST_STEP][PASSED] - waitForElementVisible: Object 'Object Repository/PrimoTours/Old Objects/Coco/PrimoT/Ins2/Page_Primo Tours  Danmarks bedste c/span_Vlg forsikring' is visible

2017-11-27 14:38:16 - [MESSAGE][PASSED] - Object 'Object Repository/PrimoTours/Old Objects/Coco/PrimoT/Ins2/Page_Primo Tours  Danmarks bedste c/span_Vlg forsikring' is visible

2017-11-27 14:38:16 - [TEST_STEP][PASSED] - waitForElementClickable: Object 'Object Repository/PrimoTours/Old Objects/Coco/PrimoT/Ins2/Page_Primo Tours  Danmarks bedste c/span_Vlg forsikring' is clickable

2017-11-27 14:38:16 - [MESSAGE][PASSED] - Object 'Object Repository/PrimoTours/Old Objects/Coco/PrimoT/Ins2/Page_Primo Tours  Danmarks bedste c/span_Vlg forsikring' is clickable

2017-11-27 14:38:16 - [TEST_STEP][PASSED] - click: Object: 'Object Repository/PrimoTours/Old Objects/Coco/PrimoT/Ins2/Page_Primo Tours  Danmarks bedste c/span_Vlg forsikring' is clicked on

2017-11-27 14:38:16 - [MESSAGE][PASSED] - Object: 'Object Repository/PrimoTours/Old Objects/Coco/PrimoT/Ins2/Page_Primo Tours  Danmarks bedste c/span_Vlg forsikring' is clicked on

2017-11-27 14:38:16 - [TEST_STEP][PASSED] - click: Object: 'Object Repository/PrimoTours/Old Objects/Coco/PrimoT/Ins2/Page_Primo Tours  Danmarks bedste c/li_Har selv forsikring - kr. 0' is clicked on

2017-11-27 14:38:16 - [MESSAGE][PASSED] - Object: 'Object Repository/PrimoTours/Old Objects/Coco/PrimoT/Ins2/Page_Primo Tours  Danmarks bedste c/li_Har selv forsikring - kr. 0' is clicked on

2017-11-27 14:38:16 - [TEST_STEP][NOT_RUN] - click: NOT_RUN: click

2017-11-27 14:38:16 - [MESSAGE][NOT_RUN] - NOT_RUN: click

2017-11-27 14:38:16 - [TEST_STEP][NOT_RUN] - scrollToElement: NOT_RUN: scrollToElement

2017-11-27 14:38:16 - [MESSAGE][NOT_RUN] - NOT_RUN: scrollToElement

2017-11-27 14:38:16 - [TEST_STEP][NOT_RUN] - click: NOT_RUN: click

2017-11-27 14:38:16 - [MESSAGE][NOT_RUN] - NOT_RUN: click

2017-11-27 14:38:16 - [TEST_STEP][PASSED] - scrollToElement: Scroll to object 'Object Repository/PrimoTours/Old Objects/Coco (1)/PrimoT/SaveBooking2/Page_Primo Tours  Danmarks bedste c/a_toggle checkbox kalypto' successfully

2017-11-27 14:38:16 - [MESSAGE][PASSED] - Scroll to object 'Object Repository/PrimoTours/Old Objects/Coco (1)/PrimoT/SaveBooking2/Page_Primo Tours  Danmarks bedste c/a_toggle checkbox kalypto' successfully

2017-11-27 14:38:16 - [TEST_STEP][PASSED] - waitForElementVisible: Object 'Object Repository/PrimoTours/Old Objects/Coco (1)/PrimoT/SaveBooking2/Page_Primo Tours  Danmarks bedste c/a_toggle checkbox kalypto' is visible

2017-11-27 14:38:16 - [MESSAGE][PASSED] - Object 'Object Repository/PrimoTours/Old Objects/Coco (1)/PrimoT/SaveBooking2/Page_Primo Tours  Danmarks bedste c/a_toggle checkbox kalypto' is visible

2017-11-27 14:38:16 - [TEST_STEP][PASSED] - click: Object: 'Object Repository/PrimoTours/Old Objects/Coco (1)/PrimoT/SaveBooking2/Page_Primo Tours  Danmarks bedste c/a_toggle checkbox kalypto' is clicked on

2017-11-27 14:38:16 - [MESSAGE][PASSED] - Object: 'Object Repository/PrimoTours/Old Objects/Coco (1)/PrimoT/SaveBooking2/Page_Primo Tours  Danmarks bedste c/a_toggle checkbox kalypto' is clicked on

2017-11-27 14:38:16 - [TEST_STEP][PASSED] - scrollToElement: Scroll to object 'Object Repository/PrimoTours/Old Objects/Coco (1)/PrimoT/SaveBooking2/Success/a_toggle radio kalypto' successfully

2017-11-27 14:38:16 - [MESSAGE][PASSED] - Scroll to object 'Object Repository/PrimoTours/Old Objects/Coco (1)/PrimoT/SaveBooking2/Success/a_toggle radio kalypto' successfully

2017-11-27 14:38:16 - [TEST_STEP][PASSED] - waitForElementClickable: Object 'Object Repository/PrimoTours/Old Objects/Coco (1)/PrimoT/SaveBooking2/Success/a_toggle radio kalypto' is clickable

2017-11-27 14:38:17 - [MESSAGE][PASSED] - Object 'Object Repository/PrimoTours/Old Objects/Coco (1)/PrimoT/SaveBooking2/Success/a_toggle radio kalypto' is clickable

2017-11-27 14:38:17 - [TEST_STEP][PASSED] - click: Object: 'Object Repository/PrimoTours/Old Objects/Coco (1)/PrimoT/SaveBooking2/Success/a_toggle radio kalypto' is clicked on

2017-11-27 14:38:17 - [MESSAGE][PASSED] - Object: 'Object Repository/PrimoTours/Old Objects/Coco (1)/PrimoT/SaveBooking2/Success/a_toggle radio kalypto' is clicked on

2017-11-27 14:38:17 - [TEST_STEP][PASSED] - scrollToElement: Scroll to object 'Object Repository/PrimoTours/Old Objects/Coco (1)/PrimoT/SaveBooking2/Success/a_toggle checkbox kalypto (1)' successfully

2017-11-27 14:38:17 - [MESSAGE][PASSED] - Scroll to object 'Object Repository/PrimoTours/Old Objects/Coco (1)/PrimoT/SaveBooking2/Success/a_toggle checkbox kalypto (1)' successfully

2017-11-27 14:38:17 - [TEST_STEP][PASSED] - click: Object: 'Object Repository/PrimoTours/Old Objects/Coco (1)/PrimoT/SaveBooking2/Success/a_toggle checkbox kalypto (1)' is clicked on

2017-11-27 14:38:17 - [MESSAGE][PASSED] - Object: 'Object Repository/PrimoTours/Old Objects/Coco (1)/PrimoT/SaveBooking2/Success/a_toggle checkbox kalypto (1)' is clicked on

2017-11-27 14:38:17 - [TEST_STEP][NOT_RUN] - scrollToElement: NOT_RUN: scrollToElement

2017-11-27 14:38:17 - [MESSAGE][NOT_RUN] - NOT_RUN: scrollToElement

2017-11-27 14:38:17 - [TEST_STEP][NOT_RUN] - scrollToElement: NOT_RUN: scrollToElement

2017-11-27 14:38:17 - [MESSAGE][NOT_RUN] - NOT_RUN: scrollToElement

2017-11-27 14:38:17 - [TEST_STEP][NOT_RUN] - click: NOT_RUN: click

2017-11-27 14:38:17 - [MESSAGE][NOT_RUN] - NOT_RUN: click

2017-11-27 14:38:17 - [TEST_STEP][PASSED] - scrollToElement: Scroll to object 'Object Repository/PrimoTours/Old Objects/Coco (1)/PrimoT/SaveBooking2/Success/a_toggle checkbox kalypto' successfully

2017-11-27 14:38:17 - [MESSAGE][PASSED] - Scroll to object 'Object Repository/PrimoTours/Old Objects/Coco (1)/PrimoT/SaveBooking2/Success/a_toggle checkbox kalypto' successfully

2017-11-27 14:38:17 - [TEST_STEP][FAILED] - click: Unable to click on object 'Object Repository/PrimoTours/Old Objects/Coco (1)/PrimoT/SaveBooking2/Success/a_toggle checkbox kalypto' (Root cause: org.openqa.selenium.WebDriverException: unknown error: Element <a href="#" class="toggle checkbox kalypto"></a> is not clickable at point (395, 644). Other element would receive the click: <h2>...</h2>
  (Session info: chrome=62.0.3202.94)
  (Driver info: chromedriver=2.33.506120 (e3e53437346286c0bc2d2dc9aa4915ba81d9023f),platform=Windows NT 6.3.9600 x86_64) (WARNING: The server did not provide any stacktrace information)
Command duration or timeout: 0 milliseconds
Build info: version: '3.7.1', revision: '8a0099a', time: '2017-11-06T21:07:36.161Z'
System info: host: 'NEACSUNEW-PC', ip: '10.10.10.211', os.name: 'Windows 8.1', os.arch: 'amd64', os.version: '6.3', java.version: '1.8.0_102'
Driver info: com.kms.katalon.selenium.driver.CChromeDriver
Capabilities {acceptSslCerts: true, applicationCacheEnabled: false, browserConnectionEnabled: false, browserName: chrome, chrome: {chromedriverVersion: 2.33.506120 (e3e53437346286..., userDataDir: C:\Users\Cornel\AppData\Loc...}, cssSelectorsEnabled: true, databaseEnabled: false, handlesAlerts: true, hasTouchScreen: false, javascriptEnabled: true, locationContextEnabled: true, mobileEmulationEnabled: false, nativeEvents: true, networkConnectionEnabled: false, pageLoadStrategy: normal, platform: XP, platformName: XP, rotatable: false, setWindowRect: true, takesHeapSnapshot: true, takesScreenshot: true, unexpectedAlertBehaviour: , unhandledPromptBehavior: , version: 62.0.3202.94, webStorageEnabled: true}
Session ID: de9e36a7600a7216d432a0dcccc93c35)

2017-11-27 14:38:18 - [MESSAGE][FAILED] - Unable to click on object 'Object Repository/PrimoTours/Old Objects/Coco (1)/PrimoT/SaveBooking2/Success/a_toggle checkbox kalypto' (Root cause: org.openqa.selenium.WebDriverException: unknown error: Element <a href="#" class="toggle checkbox kalypto"></a> is not clickable at point (395, 644). Other element would receive the click: <h2>...</h2>
  (Session info: chrome=62.0.3202.94)
  (Driver info: chromedriver=2.33.506120 (e3e53437346286c0bc2d2dc9aa4915ba81d9023f),platform=Windows NT 6.3.9600 x86_64) (WARNING: The server did not provide any stacktrace information)
Command duration or timeout: 0 milliseconds
Build info: version: '3.7.1', revision: '8a0099a', time: '2017-11-06T21:07:36.161Z'
System info: host: 'NEACSUNEW-PC', ip: '10.10.10.211', os.name: 'Windows 8.1', os.arch: 'amd64', os.version: '6.3', java.version: '1.8.0_102'
Driver info: com.kms.katalon.selenium.driver.CChromeDriver
Capabilities {acceptSslCerts: true, applicationCacheEnabled: false, browserConnectionEnabled: false, browserName: chrome, chrome: {chromedriverVersion: 2.33.506120 (e3e53437346286..., userDataDir: C:\Users\Cornel\AppData\Loc...}, cssSelectorsEnabled: true, databaseEnabled: false, handlesAlerts: true, hasTouchScreen: false, javascriptEnabled: true, locationContextEnabled: true, mobileEmulationEnabled: false, nativeEvents: true, networkConnectionEnabled: false, pageLoadStrategy: normal, platform: XP, platformName: XP, rotatable: false, setWindowRect: true, takesHeapSnapshot: true, takesScreenshot: true, unexpectedAlertBehaviour: , unhandledPromptBehavior: , version: 62.0.3202.94, webStorageEnabled: true}
Session ID: de9e36a7600a7216d432a0dcccc93c35)
[[ATTACHMENT|D:\\Software testing\\Tourpaq\\Automated Katalon tests\\Primo WB test\\Reports\\WB Primo From Excel URLs\\20171127_143614\\1511786297904.png]]]]></system-out>
         <system-err><![CDATA[2017-11-27 14:38:04 - [TEST_CASE][FAILED] - Test Cases/PrimoTours/WB Primo/WB Primo staging - place booking - Iteration 7: Test Cases/PrimoTours/WB Primo/WB Primo staging - place booking FAILED because (of) Unable to click on object 'Object Repository/PrimoTours/Old Objects/Coco (1)/PrimoT/SaveBooking2/Success/a_toggle checkbox kalypto' (Root cause: org.openqa.selenium.WebDriverException: unknown error: Element <a href="#" class="toggle checkbox kalypto"></a> is not clickable at point (395, 644). Other element would receive the click: <h2>...</h2>
  (Session info: chrome=62.0.3202.94)
  (Driver info: chromedriver=2.33.506120 (e3e53437346286c0bc2d2dc9aa4915ba81d9023f),platform=Windows NT 6.3.9600 x86_64) (WARNING: The server did not provide any stacktrace information)
Command duration or timeout: 0 milliseconds
Build info: version: '3.7.1', revision: '8a0099a', time: '2017-11-06T21:07:36.161Z'
System info: host: 'NEACSUNEW-PC', ip: '10.10.10.211', os.name: 'Windows 8.1', os.arch: 'amd64', os.version: '6.3', java.version: '1.8.0_102'
Driver info: com.kms.katalon.selenium.driver.CChromeDriver
Capabilities {acceptSslCerts: true, applicationCacheEnabled: false, browserConnectionEnabled: false, browserName: chrome, chrome: {chromedriverVersion: 2.33.506120 (e3e53437346286..., userDataDir: C:\Users\Cornel\AppData\Loc...}, cssSelectorsEnabled: true, databaseEnabled: false, handlesAlerts: true, hasTouchScreen: false, javascriptEnabled: true, locationContextEnabled: true, mobileEmulationEnabled: false, nativeEvents: true, networkConnectionEnabled: false, pageLoadStrategy: normal, platform: XP, platformName: XP, rotatable: false, setWindowRect: true, takesHeapSnapshot: true, takesScreenshot: true, unexpectedAlertBehaviour: , unhandledPromptBehavior: , version: 62.0.3202.94, webStorageEnabled: true}
Session ID: de9e36a7600a7216d432a0dcccc93c35)]]></system-err>
      </testcase>
      <testcase name="Test Cases/PrimoTours/WB Primo/WB Primo staging - place booking - Iteration 8" classname="Test Cases/PrimoTours/WB Primo/WB Primo staging - place booking" status="FAILED">
         <failure type="FAILED" message="Test Cases/PrimoTours/WB Primo/WB Primo staging - place booking FAILED because (of) Unable to click on object 'Object Repository/PrimoTours/Old Objects/Coco (1)/PrimoT/SaveBooking2/Success/a_toggle checkbox kalypto' (Root cause: org.openqa.selenium.WebDriverException: unknown error: Element &lt;a href=&quot;#&quot; class=&quot;toggle checkbox kalypto&quot;>&lt;/a> is not clickable at point (395, 640). Other element would receive the click: &lt;h2>...&lt;/h2>
  (Session info: chrome=62.0.3202.94)
  (Driver info: chromedriver=2.33.506120 (e3e53437346286c0bc2d2dc9aa4915ba81d9023f),platform=Windows NT 6.3.9600 x86_64) (WARNING: The server did not provide any stacktrace information)
Command duration or timeout: 0 milliseconds
Build info: version: '3.7.1', revision: '8a0099a', time: '2017-11-06T21:07:36.161Z'
System info: host: 'NEACSUNEW-PC', ip: '10.10.10.211', os.name: 'Windows 8.1', os.arch: 'amd64', os.version: '6.3', java.version: '1.8.0_102'
Driver info: com.kms.katalon.selenium.driver.CChromeDriver
Capabilities {acceptSslCerts: true, applicationCacheEnabled: false, browserConnectionEnabled: false, browserName: chrome, chrome: {chromedriverVersion: 2.33.506120 (e3e53437346286..., userDataDir: C:\Users\Cornel\AppData\Loc...}, cssSelectorsEnabled: true, databaseEnabled: false, handlesAlerts: true, hasTouchScreen: false, javascriptEnabled: true, locationContextEnabled: true, mobileEmulationEnabled: false, nativeEvents: true, networkConnectionEnabled: false, pageLoadStrategy: normal, platform: XP, platformName: XP, rotatable: false, setWindowRect: true, takesHeapSnapshot: true, takesScreenshot: true, unexpectedAlertBehaviour: , unhandledPromptBehavior: , version: 62.0.3202.94, webStorageEnabled: true}
Session ID: acb5c257f7ff395983dd4920784c79db)"/>
         <system-out><![CDATA[2017-11-27 14:38:18 - [TEST_CASE][FAILED] - Test Cases/PrimoTours/WB Primo/WB Primo staging - place booking - Iteration 8: Test Cases/PrimoTours/WB Primo/WB Primo staging - place booking FAILED because (of) Unable to click on object 'Object Repository/PrimoTours/Old Objects/Coco (1)/PrimoT/SaveBooking2/Success/a_toggle checkbox kalypto' (Root cause: org.openqa.selenium.WebDriverException: unknown error: Element <a href="#" class="toggle checkbox kalypto"></a> is not clickable at point (395, 640). Other element would receive the click: <h2>...</h2>
  (Session info: chrome=62.0.3202.94)
  (Driver info: chromedriver=2.33.506120 (e3e53437346286c0bc2d2dc9aa4915ba81d9023f),platform=Windows NT 6.3.9600 x86_64) (WARNING: The server did not provide any stacktrace information)
Command duration or timeout: 0 milliseconds
Build info: version: '3.7.1', revision: '8a0099a', time: '2017-11-06T21:07:36.161Z'
System info: host: 'NEACSUNEW-PC', ip: '10.10.10.211', os.name: 'Windows 8.1', os.arch: 'amd64', os.version: '6.3', java.version: '1.8.0_102'
Driver info: com.kms.katalon.selenium.driver.CChromeDriver
Capabilities {acceptSslCerts: true, applicationCacheEnabled: false, browserConnectionEnabled: false, browserName: chrome, chrome: {chromedriverVersion: 2.33.506120 (e3e53437346286..., userDataDir: C:\Users\Cornel\AppData\Loc...}, cssSelectorsEnabled: true, databaseEnabled: false, handlesAlerts: true, hasTouchScreen: false, javascriptEnabled: true, locationContextEnabled: true, mobileEmulationEnabled: false, nativeEvents: true, networkConnectionEnabled: false, pageLoadStrategy: normal, platform: XP, platformName: XP, rotatable: false, setWindowRect: true, takesHeapSnapshot: true, takesScreenshot: true, unexpectedAlertBehaviour: , unhandledPromptBehavior: , version: 62.0.3202.94, webStorageEnabled: true}
Session ID: acb5c257f7ff395983dd4920784c79db)

2017-11-27 14:38:18 - [TEST_STEP][PASSED] - openBrowser: Browser is opened with url: ''

2017-11-27 14:38:18 - [MESSAGE][WARNING] - A browser is already opened. Closing browser and opening a new one

2017-11-27 14:38:21 - [MESSAGE][PASSED] - Browser is opened with url: ''

2017-11-27 14:38:21 - [TEST_STEP][PASSED] - maximizeWindow: Current window maximized

2017-11-27 14:38:22 - [MESSAGE][PASSED] - Current window maximized

2017-11-27 14:38:22 - [TEST_STEP][PASSED] - navigateToUrl: Navigate to 'https://staging-primotours-webbooking.tourpaq.com/DoBooking.aspx?pltaID=1480269&p=2&rno=1&pt=2&a=2&c=2&aa=&ca=1%2C5' successfully

2017-11-27 14:38:24 - [MESSAGE][PASSED] - Navigate to 'https://staging-primotours-webbooking.tourpaq.com/DoBooking.aspx?pltaID=1480269&p=2&rno=1&pt=2&a=2&c=2&aa=&ca=1%2C5' successfully

2017-11-27 14:38:24 - [TEST_STEP][PASSED] - setText: Text 'Pedersen AUT' is set on object 'Object Repository/PrimoTours/Old Objects/Coco/PrimoT/Page_Primo Tours  Danmarks bedste c/input_firstName'

2017-11-27 14:38:24 - [MESSAGE][PASSED] - Text 'Pedersen AUT' is set on object 'Object Repository/PrimoTours/Old Objects/Coco/PrimoT/Page_Primo Tours  Danmarks bedste c/input_firstName'

2017-11-27 14:38:24 - [TEST_STEP][PASSED] - setText: Text 'Vibe Dalby' is set on object 'Object Repository/PrimoTours/Old Objects/Coco/PrimoT/Page_Primo Tours  Danmarks bedste c/input_lastName'

2017-11-27 14:38:25 - [MESSAGE][PASSED] - Text 'Vibe Dalby' is set on object 'Object Repository/PrimoTours/Old Objects/Coco/PrimoT/Page_Primo Tours  Danmarks bedste c/input_lastName'

2017-11-27 14:38:25 - [TEST_STEP][PASSED] - setText: Text 'Home address' is set on object 'Object Repository/PrimoTours/Old Objects/Coco/PrimoT/Page_Primo Tours  Danmarks bedste c/input_customerAddress'

2017-11-27 14:38:25 - [MESSAGE][PASSED] - Text 'Home address' is set on object 'Object Repository/PrimoTours/Old Objects/Coco/PrimoT/Page_Primo Tours  Danmarks bedste c/input_customerAddress'

2017-11-27 14:38:25 - [TEST_STEP][PASSED] - setText: Text '6700' is set on object 'Object Repository/PrimoTours/Old Objects/Coco/PrimoT/Page_Primo Tours  Danmarks bedste c/input_customerPostcode'

2017-11-27 14:38:25 - [MESSAGE][PASSED] - Text '6700' is set on object 'Object Repository/PrimoTours/Old Objects/Coco/PrimoT/Page_Primo Tours  Danmarks bedste c/input_customerPostcode'

2017-11-27 14:38:25 - [TEST_STEP][PASSED] - setText: Text 'cornel.neacsu@roweb.ro' is set on object 'Object Repository/PrimoTours/Old Objects/Coco/PrimoT/Page_Primo Tours  Danmarks bedste c/input_customerEmail'

2017-11-27 14:38:25 - [MESSAGE][PASSED] - Text 'cornel.neacsu@roweb.ro' is set on object 'Object Repository/PrimoTours/Old Objects/Coco/PrimoT/Page_Primo Tours  Danmarks bedste c/input_customerEmail'

2017-11-27 14:38:25 - [TEST_STEP][PASSED] - setText: Text '12345678' is set on object 'Object Repository/PrimoTours/Old Objects/Coco/PrimoT/Page_Primo Tours  Danmarks bedste c/input_customerPhone'

2017-11-27 14:38:26 - [MESSAGE][PASSED] - Text '12345678' is set on object 'Object Repository/PrimoTours/Old Objects/Coco/PrimoT/Page_Primo Tours  Danmarks bedste c/input_customerPhone'

2017-11-27 14:38:26 - [TEST_STEP][PASSED] - waitForElementClickable: Object 'Object Repository/PrimoTours/Old Objects/Coco/PrimoT/Page_Primo Tours  Danmarks bedste c/input_firstname-0_1' is clickable

2017-11-27 14:38:27 - [MESSAGE][PASSED] - Object 'Object Repository/PrimoTours/Old Objects/Coco/PrimoT/Page_Primo Tours  Danmarks bedste c/input_firstname-0_1' is clickable

2017-11-27 14:38:27 - [TEST_STEP][PASSED] - Statement - excelInfo = ["fname":"", "lname":"", "pgender":"", "pday":"", "pmonth":"", "pyear":""]: null

2017-11-27 14:38:27 - [TEST_STEP][PASSED] - Statement - rawData = com.kms.katalon.core.testdata.TestDataFactory.findTestData("Data Files/WB_Primo/Passenger_details"): Reading excel file with source file 'D:\Software testing\Tourpaq\Automated Katalon tests\Primo WB test\Data Files\Primo_URLs_For_Automated_Test.xls' and sheet name 'Passenger Names'

2017-11-27 14:38:27 - [TEST_STEP][PASSED] - Statement - excelRowNo = rawData.getRowNumbers(): null

2017-11-27 14:38:27 - [TEST_STEP][PASSED] - Statement - randomPaxIndex = 1: null

2017-11-27 14:38:27 - [TEST_STEP][PASSED] - Statement - driver = com.kms.katalon.core.webui.driver.DriverFactory.getWebDriver(): null

2017-11-27 14:38:27 - [TEST_STEP][PASSED] - Statement - roomContainerXpath = "id("booking")/div[@class="wrapper second-bg"]/div[contains(@class,"container-mx")]/div[@class="row"]/div[@class="col-md-12 roomContainer"]": null

2017-11-27 14:38:27 - [TEST_STEP][PASSED] - Statement - roomsCount = driver.findElements(org.openqa.selenium.By.xpath(roomContainerXpath)).size(): null

2017-11-27 14:38:27 - [TEST_STEP][PASSED] - Statement - println("roomsCount=" + roomsCount): null

2017-11-27 14:38:27 - [TEST_STEP][PASSED] - Statement - For ([i = 1, i <= roomsCount, (i++)]): Text 'Jeanie' is set on object 'Object Repository/PrimoTours/Old Objects/allPaxLastNameFields'

2017-11-27 14:38:27 - [TEST_STEP][PASSED] - Statement - paxInRoomXpath = roomContainerXpath + "[" + i + "]/div[@class="row"]/div[@class="col-md-12"]/div[@class="row"]": null

2017-11-27 14:38:27 - [TEST_STEP][PASSED] - Statement - paxInRoomCount = driver.findElements(org.openqa.selenium.By.xpath(paxInRoomXpath)).size(): null

2017-11-27 14:38:27 - [TEST_STEP][PASSED] - Statement - println("paxInRoomCount=" + paxInRoomCount): null

2017-11-27 14:38:27 - [TEST_STEP][PASSED] - Statement - For ([j = 1, j <= paxInRoomCount, (j++)]): Text 'Jeanie' is set on object 'Object Repository/PrimoTours/Old Objects/allPaxLastNameFields'

2017-11-27 14:38:27 - [TEST_STEP][PASSED] - Statement - If (i == 1 & j == 1): null

2017-11-27 14:38:27 - [TEST_STEP][PASSED] - Statement - <not implemented yet for class: org.codehaus.groovy.ast.stmt.ContinueStatement>: null

2017-11-27 14:38:27 - [TEST_STEP][PASSED] - Statement - If (i == 1 & j == 1): null

2017-11-27 14:38:27 - [TEST_STEP][PASSED] - Statement - randomPaxIndex = java.lang.Math.abs(new java.util.Random().nextInt() % excelRowNo) + 1: null

2017-11-27 14:38:27 - [TEST_STEP][PASSED] - Statement - println(randomPaxIndex): null

2017-11-27 14:38:27 - [TEST_STEP][PASSED] - Statement - fname = rawData.getValue("FirstName", randomPaxIndex) + " AUT": null

2017-11-27 14:38:27 - [TEST_STEP][PASSED] - Statement - lname = rawData.getValue("LastName", randomPaxIndex): null

2017-11-27 14:38:27 - [TEST_STEP][PASSED] - Statement - pgender = rawData.getValue("Gender", randomPaxIndex): null

2017-11-27 14:38:27 - [TEST_STEP][PASSED] - Statement - pday = rawData.getValue("Day DOB", randomPaxIndex): null

2017-11-27 14:38:27 - [TEST_STEP][PASSED] - Statement - pmonth = rawData.getValue("Month DOB", randomPaxIndex): null

2017-11-27 14:38:27 - [TEST_STEP][PASSED] - Statement - pyear = rawData.getValue("Year DOB", randomPaxIndex): null

2017-11-27 14:38:27 - [TEST_STEP][PASSED] - Statement - paxDetailFields = paxInRoomXpath + "[" + j + "]/div[@class="col-md-x col-md-9"]/div[@class="row paxContainer"]/div[@class="col-md-5"]": null

2017-11-27 14:38:27 - [TEST_STEP][PASSED] - Statement - xpathval = paxDetailFields + "[1]/div[contains(@class,"form-group")]/input[@class="form-control paxFirstName"]": null

2017-11-27 14:38:27 - [TEST_STEP][PASSED] - Statement - println("fn: " + xpathval): null

2017-11-27 14:38:27 - [TEST_STEP][PASSED] - Statement - repObj = com.kms.katalon.core.testobject.ObjectRepository.findTestObject(Object Repository/PrimoTours/Old Objects/allPaxFirstNameFields): Finding Test Object with id 'Object Repository/PrimoTours/Old Objects/allPaxFirstNameFields'

2017-11-27 14:38:27 - [TEST_STEP][PASSED] - Statement - repObj.findProperty("xpath").setValue(xpathval): null

2017-11-27 14:38:27 - [TEST_STEP][PASSED] - setText: Text 'Mouritzen AUT' is set on object 'Object Repository/PrimoTours/Old Objects/allPaxFirstNameFields'

2017-11-27 14:38:28 - [MESSAGE][PASSED] - Text 'Mouritzen AUT' is set on object 'Object Repository/PrimoTours/Old Objects/allPaxFirstNameFields'

2017-11-27 14:38:28 - [TEST_STEP][PASSED] - Statement - xpathval = paxDetailFields + "[2]/div[contains(@class,"form-group")]/input[@class="form-control paxLastName"]": null

2017-11-27 14:38:28 - [TEST_STEP][PASSED] - Statement - println("ln: " + xpathval): null

2017-11-27 14:38:28 - [TEST_STEP][PASSED] - Statement - repObj = com.kms.katalon.core.testobject.ObjectRepository.findTestObject(Object Repository/PrimoTours/Old Objects/allPaxLastNameFields): Finding Test Object with id 'Object Repository/PrimoTours/Old Objects/allPaxLastNameFields'

2017-11-27 14:38:28 - [TEST_STEP][PASSED] - Statement - repObj.findProperty("xpath").setValue(xpathval): null

2017-11-27 14:38:28 - [TEST_STEP][PASSED] - setText: Text 'Henrik' is set on object 'Object Repository/PrimoTours/Old Objects/allPaxLastNameFields'

2017-11-27 14:38:28 - [MESSAGE][PASSED] - Text 'Henrik' is set on object 'Object Repository/PrimoTours/Old Objects/allPaxLastNameFields'

2017-11-27 14:38:28 - [TEST_STEP][PASSED] - Statement - If (i == 1 & j == 1): null

2017-11-27 14:38:28 - [TEST_STEP][PASSED] - Statement - randomPaxIndex = java.lang.Math.abs(new java.util.Random().nextInt() % excelRowNo) + 1: null

2017-11-27 14:38:28 - [TEST_STEP][PASSED] - Statement - println(randomPaxIndex): null

2017-11-27 14:38:28 - [TEST_STEP][PASSED] - Statement - fname = rawData.getValue("FirstName", randomPaxIndex) + " AUT": null

2017-11-27 14:38:28 - [TEST_STEP][PASSED] - Statement - lname = rawData.getValue("LastName", randomPaxIndex): null

2017-11-27 14:38:28 - [TEST_STEP][PASSED] - Statement - pgender = rawData.getValue("Gender", randomPaxIndex): null

2017-11-27 14:38:28 - [TEST_STEP][PASSED] - Statement - pday = rawData.getValue("Day DOB", randomPaxIndex): null

2017-11-27 14:38:28 - [TEST_STEP][PASSED] - Statement - pmonth = rawData.getValue("Month DOB", randomPaxIndex): null

2017-11-27 14:38:28 - [TEST_STEP][PASSED] - Statement - pyear = rawData.getValue("Year DOB", randomPaxIndex): null

2017-11-27 14:38:28 - [TEST_STEP][PASSED] - Statement - paxDetailFields = paxInRoomXpath + "[" + j + "]/div[@class="col-md-x col-md-9"]/div[@class="row paxContainer"]/div[@class="col-md-5"]": null

2017-11-27 14:38:28 - [TEST_STEP][PASSED] - Statement - xpathval = paxDetailFields + "[1]/div[contains(@class,"form-group")]/input[@class="form-control paxFirstName"]": null

2017-11-27 14:38:28 - [TEST_STEP][PASSED] - Statement - println("fn: " + xpathval): null

2017-11-27 14:38:28 - [TEST_STEP][PASSED] - Statement - repObj = com.kms.katalon.core.testobject.ObjectRepository.findTestObject(Object Repository/PrimoTours/Old Objects/allPaxFirstNameFields): Finding Test Object with id 'Object Repository/PrimoTours/Old Objects/allPaxFirstNameFields'

2017-11-27 14:38:28 - [TEST_STEP][PASSED] - Statement - repObj.findProperty("xpath").setValue(xpathval): null

2017-11-27 14:38:28 - [TEST_STEP][PASSED] - setText: Text 'Christensen AUT' is set on object 'Object Repository/PrimoTours/Old Objects/allPaxFirstNameFields'

2017-11-27 14:38:28 - [MESSAGE][PASSED] - Text 'Christensen AUT' is set on object 'Object Repository/PrimoTours/Old Objects/allPaxFirstNameFields'

2017-11-27 14:38:28 - [TEST_STEP][PASSED] - Statement - xpathval = paxDetailFields + "[2]/div[contains(@class,"form-group")]/input[@class="form-control paxLastName"]": null

2017-11-27 14:38:28 - [TEST_STEP][PASSED] - Statement - println("ln: " + xpathval): null

2017-11-27 14:38:28 - [TEST_STEP][PASSED] - Statement - repObj = com.kms.katalon.core.testobject.ObjectRepository.findTestObject(Object Repository/PrimoTours/Old Objects/allPaxLastNameFields): Finding Test Object with id 'Object Repository/PrimoTours/Old Objects/allPaxLastNameFields'

2017-11-27 14:38:28 - [TEST_STEP][PASSED] - Statement - repObj.findProperty("xpath").setValue(xpathval): null

2017-11-27 14:38:28 - [TEST_STEP][PASSED] - setText: Text 'Jesper' is set on object 'Object Repository/PrimoTours/Old Objects/allPaxLastNameFields'

2017-11-27 14:38:28 - [MESSAGE][PASSED] - Text 'Jesper' is set on object 'Object Repository/PrimoTours/Old Objects/allPaxLastNameFields'

2017-11-27 14:38:28 - [TEST_STEP][PASSED] - Statement - If (i == 1 & j == 1): null

2017-11-27 14:38:28 - [TEST_STEP][PASSED] - Statement - randomPaxIndex = java.lang.Math.abs(new java.util.Random().nextInt() % excelRowNo) + 1: null

2017-11-27 14:38:28 - [TEST_STEP][PASSED] - Statement - println(randomPaxIndex): null

2017-11-27 14:38:28 - [TEST_STEP][PASSED] - Statement - fname = rawData.getValue("FirstName", randomPaxIndex) + " AUT": null

2017-11-27 14:38:28 - [TEST_STEP][PASSED] - Statement - lname = rawData.getValue("LastName", randomPaxIndex): null

2017-11-27 14:38:28 - [TEST_STEP][PASSED] - Statement - pgender = rawData.getValue("Gender", randomPaxIndex): null

2017-11-27 14:38:28 - [TEST_STEP][PASSED] - Statement - pday = rawData.getValue("Day DOB", randomPaxIndex): null

2017-11-27 14:38:28 - [TEST_STEP][PASSED] - Statement - pmonth = rawData.getValue("Month DOB", randomPaxIndex): null

2017-11-27 14:38:28 - [TEST_STEP][PASSED] - Statement - pyear = rawData.getValue("Year DOB", randomPaxIndex): null

2017-11-27 14:38:28 - [TEST_STEP][PASSED] - Statement - paxDetailFields = paxInRoomXpath + "[" + j + "]/div[@class="col-md-x col-md-9"]/div[@class="row paxContainer"]/div[@class="col-md-5"]": null

2017-11-27 14:38:28 - [TEST_STEP][PASSED] - Statement - xpathval = paxDetailFields + "[1]/div[contains(@class,"form-group")]/input[@class="form-control paxFirstName"]": null

2017-11-27 14:38:28 - [TEST_STEP][PASSED] - Statement - println("fn: " + xpathval): null

2017-11-27 14:38:28 - [TEST_STEP][PASSED] - Statement - repObj = com.kms.katalon.core.testobject.ObjectRepository.findTestObject(Object Repository/PrimoTours/Old Objects/allPaxFirstNameFields): Finding Test Object with id 'Object Repository/PrimoTours/Old Objects/allPaxFirstNameFields'

2017-11-27 14:38:28 - [TEST_STEP][PASSED] - Statement - repObj.findProperty("xpath").setValue(xpathval): null

2017-11-27 14:38:28 - [TEST_STEP][PASSED] - setText: Text 'Pedersen AUT' is set on object 'Object Repository/PrimoTours/Old Objects/allPaxFirstNameFields'

2017-11-27 14:38:28 - [MESSAGE][PASSED] - Text 'Pedersen AUT' is set on object 'Object Repository/PrimoTours/Old Objects/allPaxFirstNameFields'

2017-11-27 14:38:28 - [TEST_STEP][PASSED] - Statement - xpathval = paxDetailFields + "[2]/div[contains(@class,"form-group")]/input[@class="form-control paxLastName"]": null

2017-11-27 14:38:28 - [TEST_STEP][PASSED] - Statement - println("ln: " + xpathval): null

2017-11-27 14:38:28 - [TEST_STEP][PASSED] - Statement - repObj = com.kms.katalon.core.testobject.ObjectRepository.findTestObject(Object Repository/PrimoTours/Old Objects/allPaxLastNameFields): Finding Test Object with id 'Object Repository/PrimoTours/Old Objects/allPaxLastNameFields'

2017-11-27 14:38:28 - [TEST_STEP][PASSED] - Statement - repObj.findProperty("xpath").setValue(xpathval): null

2017-11-27 14:38:28 - [TEST_STEP][PASSED] - setText: Text 'Jeanie' is set on object 'Object Repository/PrimoTours/Old Objects/allPaxLastNameFields'

2017-11-27 14:38:29 - [MESSAGE][PASSED] - Text 'Jeanie' is set on object 'Object Repository/PrimoTours/Old Objects/allPaxLastNameFields'

2017-11-27 14:38:29 - [TEST_STEP][PASSED] - scrollToElement: Scroll to object 'Object Repository/PrimoTours/Old Objects/Coco (1)/PrimoT/SaveBooking2/Success/span_kr. 7.892-' successfully

2017-11-27 14:38:29 - [MESSAGE][PASSED] - Scroll to object 'Object Repository/PrimoTours/Old Objects/Coco (1)/PrimoT/SaveBooking2/Success/span_kr. 7.892-' successfully

2017-11-27 14:38:29 - [TEST_STEP][PASSED] - click: Object: 'Object Repository/PrimoTours/Old Objects/Coco (1)/PrimoT/SaveBooking2/Success/span_kr. 7.892-' is clicked on

2017-11-27 14:38:29 - [MESSAGE][PASSED] - Object: 'Object Repository/PrimoTours/Old Objects/Coco (1)/PrimoT/SaveBooking2/Success/span_kr. 7.892-' is clicked on

2017-11-27 14:38:29 - [TEST_STEP][PASSED] - scrollToElement: Scroll to object 'Object Repository/PrimoTours/Old Objects/Coco (1)/PrimoT/SaveBooking2/Success/Page_Primo Tours  Danmarks bedste c/i_fa fa-arrow-circle-right' successfully

2017-11-27 14:38:29 - [MESSAGE][PASSED] - Scroll to object 'Object Repository/PrimoTours/Old Objects/Coco (1)/PrimoT/SaveBooking2/Success/Page_Primo Tours  Danmarks bedste c/i_fa fa-arrow-circle-right' successfully

2017-11-27 14:38:29 - [TEST_STEP][PASSED] - waitForElementClickable: Object 'Object Repository/PrimoTours/Old Objects/Coco (1)/PrimoT/SaveBooking2/Success/Page_Primo Tours  Danmarks bedste c/i_fa fa-arrow-circle-right' is clickable

2017-11-27 14:38:29 - [MESSAGE][PASSED] - Object 'Object Repository/PrimoTours/Old Objects/Coco (1)/PrimoT/SaveBooking2/Success/Page_Primo Tours  Danmarks bedste c/i_fa fa-arrow-circle-right' is clickable

2017-11-27 14:38:29 - [TEST_STEP][PASSED] - waitForElementVisible: Object 'Object Repository/PrimoTours/Old Objects/Coco (1)/PrimoT/SaveBooking2/Success/Page_Primo Tours  Danmarks bedste c/i_fa fa-arrow-circle-right' is visible

2017-11-27 14:38:29 - [MESSAGE][PASSED] - Object 'Object Repository/PrimoTours/Old Objects/Coco (1)/PrimoT/SaveBooking2/Success/Page_Primo Tours  Danmarks bedste c/i_fa fa-arrow-circle-right' is visible

2017-11-27 14:38:29 - [TEST_STEP][PASSED] - scrollToElement: Scroll to object 'Object Repository/PrimoTours/Old Objects/Coco (1)/PrimoT/SaveBooking2/Success/Page_Primo Tours  Danmarks bedste c/i_fa fa-arrow-circle-right' successfully

2017-11-27 14:38:29 - [MESSAGE][PASSED] - Scroll to object 'Object Repository/PrimoTours/Old Objects/Coco (1)/PrimoT/SaveBooking2/Success/Page_Primo Tours  Danmarks bedste c/i_fa fa-arrow-circle-right' successfully

2017-11-27 14:38:29 - [TEST_STEP][PASSED] - click: Object: 'Object Repository/PrimoTours/Old Objects/Coco (1)/PrimoT/SaveBooking2/Success/Page_Primo Tours  Danmarks bedste c/i_fa fa-arrow-circle-right' is clicked on

2017-11-27 14:38:29 - [MESSAGE][PASSED] - Object: 'Object Repository/PrimoTours/Old Objects/Coco (1)/PrimoT/SaveBooking2/Success/Page_Primo Tours  Danmarks bedste c/i_fa fa-arrow-circle-right' is clicked on

2017-11-27 14:38:29 - [TEST_STEP][PASSED] - scrollToElement: Scroll to object 'Object Repository/PrimoTours/Old Objects/Coco/PrimoT/Ins2/Page_Primo Tours  Danmarks bedste c/span_Vlg forsikring' successfully

2017-11-27 14:38:30 - [MESSAGE][PASSED] - Scroll to object 'Object Repository/PrimoTours/Old Objects/Coco/PrimoT/Ins2/Page_Primo Tours  Danmarks bedste c/span_Vlg forsikring' successfully

2017-11-27 14:38:30 - [TEST_STEP][PASSED] - waitForElementPresent: Object 'Object Repository/PrimoTours/Old Objects/Coco/PrimoT/Ins2/Page_Primo Tours  Danmarks bedste c/span_Vlg forsikring' is present

2017-11-27 14:38:30 - [MESSAGE][PASSED] - Object 'Object Repository/PrimoTours/Old Objects/Coco/PrimoT/Ins2/Page_Primo Tours  Danmarks bedste c/span_Vlg forsikring' is present

2017-11-27 14:38:30 - [TEST_STEP][PASSED] - waitForElementVisible: Object 'Object Repository/PrimoTours/Old Objects/Coco/PrimoT/Ins2/Page_Primo Tours  Danmarks bedste c/span_Vlg forsikring' is visible

2017-11-27 14:38:30 - [MESSAGE][PASSED] - Object 'Object Repository/PrimoTours/Old Objects/Coco/PrimoT/Ins2/Page_Primo Tours  Danmarks bedste c/span_Vlg forsikring' is visible

2017-11-27 14:38:30 - [TEST_STEP][PASSED] - waitForElementClickable: Object 'Object Repository/PrimoTours/Old Objects/Coco/PrimoT/Ins2/Page_Primo Tours  Danmarks bedste c/span_Vlg forsikring' is clickable

2017-11-27 14:38:30 - [MESSAGE][PASSED] - Object 'Object Repository/PrimoTours/Old Objects/Coco/PrimoT/Ins2/Page_Primo Tours  Danmarks bedste c/span_Vlg forsikring' is clickable

2017-11-27 14:38:30 - [TEST_STEP][PASSED] - click: Object: 'Object Repository/PrimoTours/Old Objects/Coco/PrimoT/Ins2/Page_Primo Tours  Danmarks bedste c/span_Vlg forsikring' is clicked on

2017-11-27 14:38:31 - [MESSAGE][PASSED] - Object: 'Object Repository/PrimoTours/Old Objects/Coco/PrimoT/Ins2/Page_Primo Tours  Danmarks bedste c/span_Vlg forsikring' is clicked on

2017-11-27 14:38:31 - [TEST_STEP][PASSED] - click: Object: 'Object Repository/PrimoTours/Old Objects/Coco/PrimoT/Ins2/Page_Primo Tours  Danmarks bedste c/li_Har selv forsikring - kr. 0' is clicked on

2017-11-27 14:38:31 - [MESSAGE][PASSED] - Object: 'Object Repository/PrimoTours/Old Objects/Coco/PrimoT/Ins2/Page_Primo Tours  Danmarks bedste c/li_Har selv forsikring - kr. 0' is clicked on

2017-11-27 14:38:31 - [TEST_STEP][NOT_RUN] - click: NOT_RUN: click

2017-11-27 14:38:31 - [MESSAGE][NOT_RUN] - NOT_RUN: click

2017-11-27 14:38:31 - [TEST_STEP][NOT_RUN] - scrollToElement: NOT_RUN: scrollToElement

2017-11-27 14:38:31 - [MESSAGE][NOT_RUN] - NOT_RUN: scrollToElement

2017-11-27 14:38:31 - [TEST_STEP][NOT_RUN] - click: NOT_RUN: click

2017-11-27 14:38:31 - [MESSAGE][NOT_RUN] - NOT_RUN: click

2017-11-27 14:38:31 - [TEST_STEP][PASSED] - scrollToElement: Scroll to object 'Object Repository/PrimoTours/Old Objects/Coco (1)/PrimoT/SaveBooking2/Page_Primo Tours  Danmarks bedste c/a_toggle checkbox kalypto' successfully

2017-11-27 14:38:31 - [MESSAGE][PASSED] - Scroll to object 'Object Repository/PrimoTours/Old Objects/Coco (1)/PrimoT/SaveBooking2/Page_Primo Tours  Danmarks bedste c/a_toggle checkbox kalypto' successfully

2017-11-27 14:38:31 - [TEST_STEP][PASSED] - waitForElementVisible: Object 'Object Repository/PrimoTours/Old Objects/Coco (1)/PrimoT/SaveBooking2/Page_Primo Tours  Danmarks bedste c/a_toggle checkbox kalypto' is visible

2017-11-27 14:38:31 - [MESSAGE][PASSED] - Object 'Object Repository/PrimoTours/Old Objects/Coco (1)/PrimoT/SaveBooking2/Page_Primo Tours  Danmarks bedste c/a_toggle checkbox kalypto' is visible

2017-11-27 14:38:31 - [TEST_STEP][PASSED] - click: Object: 'Object Repository/PrimoTours/Old Objects/Coco (1)/PrimoT/SaveBooking2/Page_Primo Tours  Danmarks bedste c/a_toggle checkbox kalypto' is clicked on

2017-11-27 14:38:31 - [MESSAGE][PASSED] - Object: 'Object Repository/PrimoTours/Old Objects/Coco (1)/PrimoT/SaveBooking2/Page_Primo Tours  Danmarks bedste c/a_toggle checkbox kalypto' is clicked on

2017-11-27 14:38:31 - [TEST_STEP][PASSED] - scrollToElement: Scroll to object 'Object Repository/PrimoTours/Old Objects/Coco (1)/PrimoT/SaveBooking2/Success/a_toggle radio kalypto' successfully

2017-11-27 14:38:31 - [MESSAGE][PASSED] - Scroll to object 'Object Repository/PrimoTours/Old Objects/Coco (1)/PrimoT/SaveBooking2/Success/a_toggle radio kalypto' successfully

2017-11-27 14:38:31 - [TEST_STEP][PASSED] - waitForElementClickable: Object 'Object Repository/PrimoTours/Old Objects/Coco (1)/PrimoT/SaveBooking2/Success/a_toggle radio kalypto' is clickable

2017-11-27 14:38:31 - [MESSAGE][PASSED] - Object 'Object Repository/PrimoTours/Old Objects/Coco (1)/PrimoT/SaveBooking2/Success/a_toggle radio kalypto' is clickable

2017-11-27 14:38:31 - [TEST_STEP][PASSED] - click: Object: 'Object Repository/PrimoTours/Old Objects/Coco (1)/PrimoT/SaveBooking2/Success/a_toggle radio kalypto' is clicked on

2017-11-27 14:38:31 - [MESSAGE][PASSED] - Object: 'Object Repository/PrimoTours/Old Objects/Coco (1)/PrimoT/SaveBooking2/Success/a_toggle radio kalypto' is clicked on

2017-11-27 14:38:31 - [TEST_STEP][PASSED] - scrollToElement: Scroll to object 'Object Repository/PrimoTours/Old Objects/Coco (1)/PrimoT/SaveBooking2/Success/a_toggle checkbox kalypto (1)' successfully

2017-11-27 14:38:31 - [MESSAGE][PASSED] - Scroll to object 'Object Repository/PrimoTours/Old Objects/Coco (1)/PrimoT/SaveBooking2/Success/a_toggle checkbox kalypto (1)' successfully

2017-11-27 14:38:31 - [TEST_STEP][PASSED] - click: Object: 'Object Repository/PrimoTours/Old Objects/Coco (1)/PrimoT/SaveBooking2/Success/a_toggle checkbox kalypto (1)' is clicked on

2017-11-27 14:38:32 - [MESSAGE][PASSED] - Object: 'Object Repository/PrimoTours/Old Objects/Coco (1)/PrimoT/SaveBooking2/Success/a_toggle checkbox kalypto (1)' is clicked on

2017-11-27 14:38:32 - [TEST_STEP][NOT_RUN] - scrollToElement: NOT_RUN: scrollToElement

2017-11-27 14:38:32 - [MESSAGE][NOT_RUN] - NOT_RUN: scrollToElement

2017-11-27 14:38:32 - [TEST_STEP][NOT_RUN] - scrollToElement: NOT_RUN: scrollToElement

2017-11-27 14:38:32 - [MESSAGE][NOT_RUN] - NOT_RUN: scrollToElement

2017-11-27 14:38:32 - [TEST_STEP][NOT_RUN] - click: NOT_RUN: click

2017-11-27 14:38:32 - [MESSAGE][NOT_RUN] - NOT_RUN: click

2017-11-27 14:38:32 - [TEST_STEP][PASSED] - scrollToElement: Scroll to object 'Object Repository/PrimoTours/Old Objects/Coco (1)/PrimoT/SaveBooking2/Success/a_toggle checkbox kalypto' successfully

2017-11-27 14:38:32 - [MESSAGE][PASSED] - Scroll to object 'Object Repository/PrimoTours/Old Objects/Coco (1)/PrimoT/SaveBooking2/Success/a_toggle checkbox kalypto' successfully

2017-11-27 14:38:32 - [TEST_STEP][FAILED] - click: Unable to click on object 'Object Repository/PrimoTours/Old Objects/Coco (1)/PrimoT/SaveBooking2/Success/a_toggle checkbox kalypto' (Root cause: org.openqa.selenium.WebDriverException: unknown error: Element <a href="#" class="toggle checkbox kalypto"></a> is not clickable at point (395, 640). Other element would receive the click: <h2>...</h2>
  (Session info: chrome=62.0.3202.94)
  (Driver info: chromedriver=2.33.506120 (e3e53437346286c0bc2d2dc9aa4915ba81d9023f),platform=Windows NT 6.3.9600 x86_64) (WARNING: The server did not provide any stacktrace information)
Command duration or timeout: 0 milliseconds
Build info: version: '3.7.1', revision: '8a0099a', time: '2017-11-06T21:07:36.161Z'
System info: host: 'NEACSUNEW-PC', ip: '10.10.10.211', os.name: 'Windows 8.1', os.arch: 'amd64', os.version: '6.3', java.version: '1.8.0_102'
Driver info: com.kms.katalon.selenium.driver.CChromeDriver
Capabilities {acceptSslCerts: true, applicationCacheEnabled: false, browserConnectionEnabled: false, browserName: chrome, chrome: {chromedriverVersion: 2.33.506120 (e3e53437346286..., userDataDir: C:\Users\Cornel\AppData\Loc...}, cssSelectorsEnabled: true, databaseEnabled: false, handlesAlerts: true, hasTouchScreen: false, javascriptEnabled: true, locationContextEnabled: true, mobileEmulationEnabled: false, nativeEvents: true, networkConnectionEnabled: false, pageLoadStrategy: normal, platform: XP, platformName: XP, rotatable: false, setWindowRect: true, takesHeapSnapshot: true, takesScreenshot: true, unexpectedAlertBehaviour: , unhandledPromptBehavior: , version: 62.0.3202.94, webStorageEnabled: true}
Session ID: acb5c257f7ff395983dd4920784c79db)

2017-11-27 14:38:32 - [MESSAGE][FAILED] - Unable to click on object 'Object Repository/PrimoTours/Old Objects/Coco (1)/PrimoT/SaveBooking2/Success/a_toggle checkbox kalypto' (Root cause: org.openqa.selenium.WebDriverException: unknown error: Element <a href="#" class="toggle checkbox kalypto"></a> is not clickable at point (395, 640). Other element would receive the click: <h2>...</h2>
  (Session info: chrome=62.0.3202.94)
  (Driver info: chromedriver=2.33.506120 (e3e53437346286c0bc2d2dc9aa4915ba81d9023f),platform=Windows NT 6.3.9600 x86_64) (WARNING: The server did not provide any stacktrace information)
Command duration or timeout: 0 milliseconds
Build info: version: '3.7.1', revision: '8a0099a', time: '2017-11-06T21:07:36.161Z'
System info: host: 'NEACSUNEW-PC', ip: '10.10.10.211', os.name: 'Windows 8.1', os.arch: 'amd64', os.version: '6.3', java.version: '1.8.0_102'
Driver info: com.kms.katalon.selenium.driver.CChromeDriver
Capabilities {acceptSslCerts: true, applicationCacheEnabled: false, browserConnectionEnabled: false, browserName: chrome, chrome: {chromedriverVersion: 2.33.506120 (e3e53437346286..., userDataDir: C:\Users\Cornel\AppData\Loc...}, cssSelectorsEnabled: true, databaseEnabled: false, handlesAlerts: true, hasTouchScreen: false, javascriptEnabled: true, locationContextEnabled: true, mobileEmulationEnabled: false, nativeEvents: true, networkConnectionEnabled: false, pageLoadStrategy: normal, platform: XP, platformName: XP, rotatable: false, setWindowRect: true, takesHeapSnapshot: true, takesScreenshot: true, unexpectedAlertBehaviour: , unhandledPromptBehavior: , version: 62.0.3202.94, webStorageEnabled: true}
Session ID: acb5c257f7ff395983dd4920784c79db)
[[ATTACHMENT|D:\\Software testing\\Tourpaq\\Automated Katalon tests\\Primo WB test\\Reports\\WB Primo From Excel URLs\\20171127_143614\\1511786312257.png]]]]></system-out>
         <system-err><![CDATA[2017-11-27 14:38:18 - [TEST_CASE][FAILED] - Test Cases/PrimoTours/WB Primo/WB Primo staging - place booking - Iteration 8: Test Cases/PrimoTours/WB Primo/WB Primo staging - place booking FAILED because (of) Unable to click on object 'Object Repository/PrimoTours/Old Objects/Coco (1)/PrimoT/SaveBooking2/Success/a_toggle checkbox kalypto' (Root cause: org.openqa.selenium.WebDriverException: unknown error: Element <a href="#" class="toggle checkbox kalypto"></a> is not clickable at point (395, 640). Other element would receive the click: <h2>...</h2>
  (Session info: chrome=62.0.3202.94)
  (Driver info: chromedriver=2.33.506120 (e3e53437346286c0bc2d2dc9aa4915ba81d9023f),platform=Windows NT 6.3.9600 x86_64) (WARNING: The server did not provide any stacktrace information)
Command duration or timeout: 0 milliseconds
Build info: version: '3.7.1', revision: '8a0099a', time: '2017-11-06T21:07:36.161Z'
System info: host: 'NEACSUNEW-PC', ip: '10.10.10.211', os.name: 'Windows 8.1', os.arch: 'amd64', os.version: '6.3', java.version: '1.8.0_102'
Driver info: com.kms.katalon.selenium.driver.CChromeDriver
Capabilities {acceptSslCerts: true, applicationCacheEnabled: false, browserConnectionEnabled: false, browserName: chrome, chrome: {chromedriverVersion: 2.33.506120 (e3e53437346286..., userDataDir: C:\Users\Cornel\AppData\Loc...}, cssSelectorsEnabled: true, databaseEnabled: false, handlesAlerts: true, hasTouchScreen: false, javascriptEnabled: true, locationContextEnabled: true, mobileEmulationEnabled: false, nativeEvents: true, networkConnectionEnabled: false, pageLoadStrategy: normal, platform: XP, platformName: XP, rotatable: false, setWindowRect: true, takesHeapSnapshot: true, takesScreenshot: true, unexpectedAlertBehaviour: , unhandledPromptBehavior: , version: 62.0.3202.94, webStorageEnabled: true}
Session ID: acb5c257f7ff395983dd4920784c79db)]]></system-err>
      </testcase>
      <testcase name="Test Cases/PrimoTours/WB Primo/WB Primo staging - place booking - Iteration 9" classname="Test Cases/PrimoTours/WB Primo/WB Primo staging - place booking" status="PASSED">
         <system-out><![CDATA[2017-11-27 14:38:32 - [TEST_CASE][PASSED] - Test Cases/PrimoTours/WB Primo/WB Primo staging - place booking - Iteration 9: Test Cases/PrimoTours/WB Primo/WB Primo staging - place booking

2017-11-27 14:38:32 - [TEST_STEP][PASSED] - openBrowser: Browser is opened with url: ''

2017-11-27 14:38:32 - [MESSAGE][WARNING] - A browser is already opened. Closing browser and opening a new one

2017-11-27 14:38:35 - [MESSAGE][PASSED] - Browser is opened with url: ''

2017-11-27 14:38:35 - [TEST_STEP][PASSED] - maximizeWindow: Current window maximized

2017-11-27 14:38:36 - [MESSAGE][PASSED] - Current window maximized

2017-11-27 14:38:36 - [TEST_STEP][PASSED] - navigateToUrl: Navigate to 'https://staging-primotours-webbooking.tourpaq.com/DoBooking.aspx?pltaID=1480269&p=2&rno=2&pt=1&a=4&c=4&aa=&ca=1%2C5|0%2C7' successfully

2017-11-27 14:38:38 - [MESSAGE][PASSED] - Navigate to 'https://staging-primotours-webbooking.tourpaq.com/DoBooking.aspx?pltaID=1480269&p=2&rno=2&pt=1&a=4&c=4&aa=&ca=1%2C5|0%2C7' successfully

2017-11-27 14:38:38 - [TEST_STEP][PASSED] - setText: Text 'Pedersen AUT' is set on object 'Object Repository/PrimoTours/Old Objects/Coco/PrimoT/Page_Primo Tours  Danmarks bedste c/input_firstName'

2017-11-27 14:38:39 - [MESSAGE][PASSED] - Text 'Pedersen AUT' is set on object 'Object Repository/PrimoTours/Old Objects/Coco/PrimoT/Page_Primo Tours  Danmarks bedste c/input_firstName'

2017-11-27 14:38:39 - [TEST_STEP][PASSED] - setText: Text 'Vibe Dalby' is set on object 'Object Repository/PrimoTours/Old Objects/Coco/PrimoT/Page_Primo Tours  Danmarks bedste c/input_lastName'

2017-11-27 14:38:39 - [MESSAGE][PASSED] - Text 'Vibe Dalby' is set on object 'Object Repository/PrimoTours/Old Objects/Coco/PrimoT/Page_Primo Tours  Danmarks bedste c/input_lastName'

2017-11-27 14:38:39 - [TEST_STEP][PASSED] - setText: Text 'Home address' is set on object 'Object Repository/PrimoTours/Old Objects/Coco/PrimoT/Page_Primo Tours  Danmarks bedste c/input_customerAddress'

2017-11-27 14:38:39 - [MESSAGE][PASSED] - Text 'Home address' is set on object 'Object Repository/PrimoTours/Old Objects/Coco/PrimoT/Page_Primo Tours  Danmarks bedste c/input_customerAddress'

2017-11-27 14:38:39 - [TEST_STEP][PASSED] - setText: Text '6700' is set on object 'Object Repository/PrimoTours/Old Objects/Coco/PrimoT/Page_Primo Tours  Danmarks bedste c/input_customerPostcode'

2017-11-27 14:38:40 - [MESSAGE][PASSED] - Text '6700' is set on object 'Object Repository/PrimoTours/Old Objects/Coco/PrimoT/Page_Primo Tours  Danmarks bedste c/input_customerPostcode'

2017-11-27 14:38:40 - [TEST_STEP][PASSED] - setText: Text 'cornel.neacsu@roweb.ro' is set on object 'Object Repository/PrimoTours/Old Objects/Coco/PrimoT/Page_Primo Tours  Danmarks bedste c/input_customerEmail'

2017-11-27 14:38:40 - [MESSAGE][PASSED] - Text 'cornel.neacsu@roweb.ro' is set on object 'Object Repository/PrimoTours/Old Objects/Coco/PrimoT/Page_Primo Tours  Danmarks bedste c/input_customerEmail'

2017-11-27 14:38:40 - [TEST_STEP][PASSED] - setText: Text '12345678' is set on object 'Object Repository/PrimoTours/Old Objects/Coco/PrimoT/Page_Primo Tours  Danmarks bedste c/input_customerPhone'

2017-11-27 14:38:40 - [MESSAGE][PASSED] - Text '12345678' is set on object 'Object Repository/PrimoTours/Old Objects/Coco/PrimoT/Page_Primo Tours  Danmarks bedste c/input_customerPhone'

2017-11-27 14:38:40 - [TEST_STEP][PASSED] - waitForElementClickable: Object 'Object Repository/PrimoTours/Old Objects/Coco/PrimoT/Page_Primo Tours  Danmarks bedste c/input_firstname-0_1' is clickable

2017-11-27 14:38:42 - [MESSAGE][PASSED] - Object 'Object Repository/PrimoTours/Old Objects/Coco/PrimoT/Page_Primo Tours  Danmarks bedste c/input_firstname-0_1' is clickable

2017-11-27 14:38:42 - [TEST_STEP][PASSED] - Statement - excelInfo = ["fname":"", "lname":"", "pgender":"", "pday":"", "pmonth":"", "pyear":""]: null

2017-11-27 14:38:42 - [TEST_STEP][PASSED] - Statement - rawData = com.kms.katalon.core.testdata.TestDataFactory.findTestData("Data Files/WB_Primo/Passenger_details"): Reading excel file with source file 'D:\Software testing\Tourpaq\Automated Katalon tests\Primo WB test\Data Files\Primo_URLs_For_Automated_Test.xls' and sheet name 'Passenger Names'

2017-11-27 14:38:42 - [TEST_STEP][PASSED] - Statement - excelRowNo = rawData.getRowNumbers(): null

2017-11-27 14:38:42 - [TEST_STEP][PASSED] - Statement - randomPaxIndex = 1: null

2017-11-27 14:38:42 - [TEST_STEP][PASSED] - Statement - driver = com.kms.katalon.core.webui.driver.DriverFactory.getWebDriver(): null

2017-11-27 14:38:42 - [TEST_STEP][PASSED] - Statement - roomContainerXpath = "id("booking")/div[@class="wrapper second-bg"]/div[contains(@class,"container-mx")]/div[@class="row"]/div[@class="col-md-12 roomContainer"]": null

2017-11-27 14:38:42 - [TEST_STEP][PASSED] - Statement - roomsCount = driver.findElements(org.openqa.selenium.By.xpath(roomContainerXpath)).size(): null

2017-11-27 14:38:42 - [TEST_STEP][PASSED] - Statement - println("roomsCount=" + roomsCount): null

2017-11-27 14:38:42 - [TEST_STEP][PASSED] - Statement - For ([i = 1, i <= roomsCount, (i++)]): Text 'Jesper' is set on object 'Object Repository/PrimoTours/Old Objects/allPaxLastNameFields'

2017-11-27 14:38:42 - [TEST_STEP][PASSED] - Statement - paxInRoomXpath = roomContainerXpath + "[" + i + "]/div[@class="row"]/div[@class="col-md-12"]/div[@class="row"]": null

2017-11-27 14:38:42 - [TEST_STEP][PASSED] - Statement - paxInRoomCount = driver.findElements(org.openqa.selenium.By.xpath(paxInRoomXpath)).size(): null

2017-11-27 14:38:42 - [TEST_STEP][PASSED] - Statement - println("paxInRoomCount=" + paxInRoomCount): null

2017-11-27 14:38:42 - [TEST_STEP][PASSED] - Statement - For ([j = 1, j <= paxInRoomCount, (j++)]): Text 'Ingibjørg Asta' is set on object 'Object Repository/PrimoTours/Old Objects/allPaxLastNameFields'

2017-11-27 14:38:42 - [TEST_STEP][PASSED] - Statement - If (i == 1 & j == 1): null

2017-11-27 14:38:42 - [TEST_STEP][PASSED] - Statement - <not implemented yet for class: org.codehaus.groovy.ast.stmt.ContinueStatement>: null

2017-11-27 14:38:42 - [TEST_STEP][PASSED] - Statement - If (i == 1 & j == 1): null

2017-11-27 14:38:42 - [TEST_STEP][PASSED] - Statement - randomPaxIndex = java.lang.Math.abs(new java.util.Random().nextInt() % excelRowNo) + 1: null

2017-11-27 14:38:42 - [TEST_STEP][PASSED] - Statement - println(randomPaxIndex): null

2017-11-27 14:38:42 - [TEST_STEP][PASSED] - Statement - fname = rawData.getValue("FirstName", randomPaxIndex) + " AUT": null

2017-11-27 14:38:42 - [TEST_STEP][PASSED] - Statement - lname = rawData.getValue("LastName", randomPaxIndex): null

2017-11-27 14:38:42 - [TEST_STEP][PASSED] - Statement - pgender = rawData.getValue("Gender", randomPaxIndex): null

2017-11-27 14:38:42 - [TEST_STEP][PASSED] - Statement - pday = rawData.getValue("Day DOB", randomPaxIndex): null

2017-11-27 14:38:42 - [TEST_STEP][PASSED] - Statement - pmonth = rawData.getValue("Month DOB", randomPaxIndex): null

2017-11-27 14:38:42 - [TEST_STEP][PASSED] - Statement - pyear = rawData.getValue("Year DOB", randomPaxIndex): null

2017-11-27 14:38:42 - [TEST_STEP][PASSED] - Statement - paxDetailFields = paxInRoomXpath + "[" + j + "]/div[@class="col-md-x col-md-9"]/div[@class="row paxContainer"]/div[@class="col-md-5"]": null

2017-11-27 14:38:42 - [TEST_STEP][PASSED] - Statement - xpathval = paxDetailFields + "[1]/div[contains(@class,"form-group")]/input[@class="form-control paxFirstName"]": null

2017-11-27 14:38:42 - [TEST_STEP][PASSED] - Statement - println("fn: " + xpathval): null

2017-11-27 14:38:42 - [TEST_STEP][PASSED] - Statement - repObj = com.kms.katalon.core.testobject.ObjectRepository.findTestObject(Object Repository/PrimoTours/Old Objects/allPaxFirstNameFields): Finding Test Object with id 'Object Repository/PrimoTours/Old Objects/allPaxFirstNameFields'

2017-11-27 14:38:42 - [TEST_STEP][PASSED] - Statement - repObj.findProperty("xpath").setValue(xpathval): null

2017-11-27 14:38:42 - [TEST_STEP][PASSED] - setText: Text 'Linder AUT' is set on object 'Object Repository/PrimoTours/Old Objects/allPaxFirstNameFields'

2017-11-27 14:38:42 - [MESSAGE][PASSED] - Text 'Linder AUT' is set on object 'Object Repository/PrimoTours/Old Objects/allPaxFirstNameFields'

2017-11-27 14:38:42 - [TEST_STEP][PASSED] - Statement - xpathval = paxDetailFields + "[2]/div[contains(@class,"form-group")]/input[@class="form-control paxLastName"]": null

2017-11-27 14:38:42 - [TEST_STEP][PASSED] - Statement - println("ln: " + xpathval): null

2017-11-27 14:38:42 - [TEST_STEP][PASSED] - Statement - repObj = com.kms.katalon.core.testobject.ObjectRepository.findTestObject(Object Repository/PrimoTours/Old Objects/allPaxLastNameFields): Finding Test Object with id 'Object Repository/PrimoTours/Old Objects/allPaxLastNameFields'

2017-11-27 14:38:42 - [TEST_STEP][PASSED] - Statement - repObj.findProperty("xpath").setValue(xpathval): null

2017-11-27 14:38:42 - [TEST_STEP][PASSED] - setText: Text 'Sigurd Balle' is set on object 'Object Repository/PrimoTours/Old Objects/allPaxLastNameFields'

2017-11-27 14:38:42 - [MESSAGE][PASSED] - Text 'Sigurd Balle' is set on object 'Object Repository/PrimoTours/Old Objects/allPaxLastNameFields'

2017-11-27 14:38:42 - [TEST_STEP][PASSED] - Statement - If (i == 1 & j == 1): null

2017-11-27 14:38:42 - [TEST_STEP][PASSED] - Statement - randomPaxIndex = java.lang.Math.abs(new java.util.Random().nextInt() % excelRowNo) + 1: null

2017-11-27 14:38:42 - [TEST_STEP][PASSED] - Statement - println(randomPaxIndex): null

2017-11-27 14:38:42 - [TEST_STEP][PASSED] - Statement - fname = rawData.getValue("FirstName", randomPaxIndex) + " AUT": null

2017-11-27 14:38:42 - [TEST_STEP][PASSED] - Statement - lname = rawData.getValue("LastName", randomPaxIndex): null

2017-11-27 14:38:42 - [TEST_STEP][PASSED] - Statement - pgender = rawData.getValue("Gender", randomPaxIndex): null

2017-11-27 14:38:42 - [TEST_STEP][PASSED] - Statement - pday = rawData.getValue("Day DOB", randomPaxIndex): null

2017-11-27 14:38:42 - [TEST_STEP][PASSED] - Statement - pmonth = rawData.getValue("Month DOB", randomPaxIndex): null

2017-11-27 14:38:42 - [TEST_STEP][PASSED] - Statement - pyear = rawData.getValue("Year DOB", randomPaxIndex): null

2017-11-27 14:38:42 - [TEST_STEP][PASSED] - Statement - paxDetailFields = paxInRoomXpath + "[" + j + "]/div[@class="col-md-x col-md-9"]/div[@class="row paxContainer"]/div[@class="col-md-5"]": null

2017-11-27 14:38:42 - [TEST_STEP][PASSED] - Statement - xpathval = paxDetailFields + "[1]/div[contains(@class,"form-group")]/input[@class="form-control paxFirstName"]": null

2017-11-27 14:38:42 - [TEST_STEP][PASSED] - Statement - println("fn: " + xpathval): null

2017-11-27 14:38:42 - [TEST_STEP][PASSED] - Statement - repObj = com.kms.katalon.core.testobject.ObjectRepository.findTestObject(Object Repository/PrimoTours/Old Objects/allPaxFirstNameFields): Finding Test Object with id 'Object Repository/PrimoTours/Old Objects/allPaxFirstNameFields'

2017-11-27 14:38:42 - [TEST_STEP][PASSED] - Statement - repObj.findProperty("xpath").setValue(xpathval): null

2017-11-27 14:38:42 - [TEST_STEP][PASSED] - setText: Text 'Larsen AUT' is set on object 'Object Repository/PrimoTours/Old Objects/allPaxFirstNameFields'

2017-11-27 14:38:43 - [MESSAGE][PASSED] - Text 'Larsen AUT' is set on object 'Object Repository/PrimoTours/Old Objects/allPaxFirstNameFields'

2017-11-27 14:38:43 - [TEST_STEP][PASSED] - Statement - xpathval = paxDetailFields + "[2]/div[contains(@class,"form-group")]/input[@class="form-control paxLastName"]": null

2017-11-27 14:38:43 - [TEST_STEP][PASSED] - Statement - println("ln: " + xpathval): null

2017-11-27 14:38:43 - [TEST_STEP][PASSED] - Statement - repObj = com.kms.katalon.core.testobject.ObjectRepository.findTestObject(Object Repository/PrimoTours/Old Objects/allPaxLastNameFields): Finding Test Object with id 'Object Repository/PrimoTours/Old Objects/allPaxLastNameFields'

2017-11-27 14:38:43 - [TEST_STEP][PASSED] - Statement - repObj.findProperty("xpath").setValue(xpathval): null

2017-11-27 14:38:43 - [TEST_STEP][PASSED] - setText: Text 'Emilie Parzentny' is set on object 'Object Repository/PrimoTours/Old Objects/allPaxLastNameFields'

2017-11-27 14:38:43 - [MESSAGE][PASSED] - Text 'Emilie Parzentny' is set on object 'Object Repository/PrimoTours/Old Objects/allPaxLastNameFields'

2017-11-27 14:38:43 - [TEST_STEP][PASSED] - Statement - If (i == 1 & j == 1): null

2017-11-27 14:38:43 - [TEST_STEP][PASSED] - Statement - randomPaxIndex = java.lang.Math.abs(new java.util.Random().nextInt() % excelRowNo) + 1: null

2017-11-27 14:38:43 - [TEST_STEP][PASSED] - Statement - println(randomPaxIndex): null

2017-11-27 14:38:43 - [TEST_STEP][PASSED] - Statement - fname = rawData.getValue("FirstName", randomPaxIndex) + " AUT": null

2017-11-27 14:38:43 - [TEST_STEP][PASSED] - Statement - lname = rawData.getValue("LastName", randomPaxIndex): null

2017-11-27 14:38:43 - [TEST_STEP][PASSED] - Statement - pgender = rawData.getValue("Gender", randomPaxIndex): null

2017-11-27 14:38:43 - [TEST_STEP][PASSED] - Statement - pday = rawData.getValue("Day DOB", randomPaxIndex): null

2017-11-27 14:38:43 - [TEST_STEP][PASSED] - Statement - pmonth = rawData.getValue("Month DOB", randomPaxIndex): null

2017-11-27 14:38:43 - [TEST_STEP][PASSED] - Statement - pyear = rawData.getValue("Year DOB", randomPaxIndex): null

2017-11-27 14:38:43 - [TEST_STEP][PASSED] - Statement - paxDetailFields = paxInRoomXpath + "[" + j + "]/div[@class="col-md-x col-md-9"]/div[@class="row paxContainer"]/div[@class="col-md-5"]": null

2017-11-27 14:38:43 - [TEST_STEP][PASSED] - Statement - xpathval = paxDetailFields + "[1]/div[contains(@class,"form-group")]/input[@class="form-control paxFirstName"]": null

2017-11-27 14:38:43 - [TEST_STEP][PASSED] - Statement - println("fn: " + xpathval): null

2017-11-27 14:38:43 - [TEST_STEP][PASSED] - Statement - repObj = com.kms.katalon.core.testobject.ObjectRepository.findTestObject(Object Repository/PrimoTours/Old Objects/allPaxFirstNameFields): Finding Test Object with id 'Object Repository/PrimoTours/Old Objects/allPaxFirstNameFields'

2017-11-27 14:38:43 - [TEST_STEP][PASSED] - Statement - repObj.findProperty("xpath").setValue(xpathval): null

2017-11-27 14:38:43 - [TEST_STEP][PASSED] - setText: Text 'Thorsteinsdottir AUT' is set on object 'Object Repository/PrimoTours/Old Objects/allPaxFirstNameFields'

2017-11-27 14:38:43 - [MESSAGE][PASSED] - Text 'Thorsteinsdottir AUT' is set on object 'Object Repository/PrimoTours/Old Objects/allPaxFirstNameFields'

2017-11-27 14:38:43 - [TEST_STEP][PASSED] - Statement - xpathval = paxDetailFields + "[2]/div[contains(@class,"form-group")]/input[@class="form-control paxLastName"]": null

2017-11-27 14:38:43 - [TEST_STEP][PASSED] - Statement - println("ln: " + xpathval): null

2017-11-27 14:38:43 - [TEST_STEP][PASSED] - Statement - repObj = com.kms.katalon.core.testobject.ObjectRepository.findTestObject(Object Repository/PrimoTours/Old Objects/allPaxLastNameFields): Finding Test Object with id 'Object Repository/PrimoTours/Old Objects/allPaxLastNameFields'

2017-11-27 14:38:43 - [TEST_STEP][PASSED] - Statement - repObj.findProperty("xpath").setValue(xpathval): null

2017-11-27 14:38:43 - [TEST_STEP][PASSED] - setText: Text 'Ingibjørg Asta' is set on object 'Object Repository/PrimoTours/Old Objects/allPaxLastNameFields'

2017-11-27 14:38:44 - [MESSAGE][PASSED] - Text 'Ingibjørg Asta' is set on object 'Object Repository/PrimoTours/Old Objects/allPaxLastNameFields'

2017-11-27 14:38:44 - [TEST_STEP][PASSED] - Statement - paxInRoomXpath = roomContainerXpath + "[" + i + "]/div[@class="row"]/div[@class="col-md-12"]/div[@class="row"]": null

2017-11-27 14:38:44 - [TEST_STEP][PASSED] - Statement - paxInRoomCount = driver.findElements(org.openqa.selenium.By.xpath(paxInRoomXpath)).size(): null

2017-11-27 14:38:44 - [TEST_STEP][PASSED] - Statement - println("paxInRoomCount=" + paxInRoomCount): null

2017-11-27 14:38:44 - [TEST_STEP][PASSED] - Statement - For ([j = 1, j <= paxInRoomCount, (j++)]): Text 'Jesper' is set on object 'Object Repository/PrimoTours/Old Objects/allPaxLastNameFields'

2017-11-27 14:38:44 - [TEST_STEP][PASSED] - Statement - If (i == 1 & j == 1): null

2017-11-27 14:38:44 - [TEST_STEP][PASSED] - Statement - randomPaxIndex = java.lang.Math.abs(new java.util.Random().nextInt() % excelRowNo) + 1: null

2017-11-27 14:38:44 - [TEST_STEP][PASSED] - Statement - println(randomPaxIndex): null

2017-11-27 14:38:44 - [TEST_STEP][PASSED] - Statement - fname = rawData.getValue("FirstName", randomPaxIndex) + " AUT": null

2017-11-27 14:38:44 - [TEST_STEP][PASSED] - Statement - lname = rawData.getValue("LastName", randomPaxIndex): null

2017-11-27 14:38:44 - [TEST_STEP][PASSED] - Statement - pgender = rawData.getValue("Gender", randomPaxIndex): null

2017-11-27 14:38:44 - [TEST_STEP][PASSED] - Statement - pday = rawData.getValue("Day DOB", randomPaxIndex): null

2017-11-27 14:38:44 - [TEST_STEP][PASSED] - Statement - pmonth = rawData.getValue("Month DOB", randomPaxIndex): null

2017-11-27 14:38:44 - [TEST_STEP][PASSED] - Statement - pyear = rawData.getValue("Year DOB", randomPaxIndex): null

2017-11-27 14:38:44 - [TEST_STEP][PASSED] - Statement - paxDetailFields = paxInRoomXpath + "[" + j + "]/div[@class="col-md-x col-md-9"]/div[@class="row paxContainer"]/div[@class="col-md-5"]": null

2017-11-27 14:38:44 - [TEST_STEP][PASSED] - Statement - xpathval = paxDetailFields + "[1]/div[contains(@class,"form-group")]/input[@class="form-control paxFirstName"]": null

2017-11-27 14:38:44 - [TEST_STEP][PASSED] - Statement - println("fn: " + xpathval): null

2017-11-27 14:38:44 - [TEST_STEP][PASSED] - Statement - repObj = com.kms.katalon.core.testobject.ObjectRepository.findTestObject(Object Repository/PrimoTours/Old Objects/allPaxFirstNameFields): Finding Test Object with id 'Object Repository/PrimoTours/Old Objects/allPaxFirstNameFields'

2017-11-27 14:38:44 - [TEST_STEP][PASSED] - Statement - repObj.findProperty("xpath").setValue(xpathval): null

2017-11-27 14:38:44 - [TEST_STEP][PASSED] - setText: Text 'Kjær AUT' is set on object 'Object Repository/PrimoTours/Old Objects/allPaxFirstNameFields'

2017-11-27 14:38:44 - [MESSAGE][PASSED] - Text 'Kjær AUT' is set on object 'Object Repository/PrimoTours/Old Objects/allPaxFirstNameFields'

2017-11-27 14:38:44 - [TEST_STEP][PASSED] - Statement - xpathval = paxDetailFields + "[2]/div[contains(@class,"form-group")]/input[@class="form-control paxLastName"]": null

2017-11-27 14:38:44 - [TEST_STEP][PASSED] - Statement - println("ln: " + xpathval): null

2017-11-27 14:38:44 - [TEST_STEP][PASSED] - Statement - repObj = com.kms.katalon.core.testobject.ObjectRepository.findTestObject(Object Repository/PrimoTours/Old Objects/allPaxLastNameFields): Finding Test Object with id 'Object Repository/PrimoTours/Old Objects/allPaxLastNameFields'

2017-11-27 14:38:44 - [TEST_STEP][PASSED] - Statement - repObj.findProperty("xpath").setValue(xpathval): null

2017-11-27 14:38:44 - [TEST_STEP][PASSED] - setText: Text 'Magnus Vestergaard' is set on object 'Object Repository/PrimoTours/Old Objects/allPaxLastNameFields'

2017-11-27 14:38:44 - [MESSAGE][PASSED] - Text 'Magnus Vestergaard' is set on object 'Object Repository/PrimoTours/Old Objects/allPaxLastNameFields'

2017-11-27 14:38:44 - [TEST_STEP][PASSED] - Statement - If (i == 1 & j == 1): null

2017-11-27 14:38:44 - [TEST_STEP][PASSED] - Statement - randomPaxIndex = java.lang.Math.abs(new java.util.Random().nextInt() % excelRowNo) + 1: null

2017-11-27 14:38:44 - [TEST_STEP][PASSED] - Statement - println(randomPaxIndex): null

2017-11-27 14:38:44 - [TEST_STEP][PASSED] - Statement - fname = rawData.getValue("FirstName", randomPaxIndex) + " AUT": null

2017-11-27 14:38:44 - [TEST_STEP][PASSED] - Statement - lname = rawData.getValue("LastName", randomPaxIndex): null

2017-11-27 14:38:44 - [TEST_STEP][PASSED] - Statement - pgender = rawData.getValue("Gender", randomPaxIndex): null

2017-11-27 14:38:44 - [TEST_STEP][PASSED] - Statement - pday = rawData.getValue("Day DOB", randomPaxIndex): null

2017-11-27 14:38:44 - [TEST_STEP][PASSED] - Statement - pmonth = rawData.getValue("Month DOB", randomPaxIndex): null

2017-11-27 14:38:44 - [TEST_STEP][PASSED] - Statement - pyear = rawData.getValue("Year DOB", randomPaxIndex): null

2017-11-27 14:38:44 - [TEST_STEP][PASSED] - Statement - paxDetailFields = paxInRoomXpath + "[" + j + "]/div[@class="col-md-x col-md-9"]/div[@class="row paxContainer"]/div[@class="col-md-5"]": null

2017-11-27 14:38:44 - [TEST_STEP][PASSED] - Statement - xpathval = paxDetailFields + "[1]/div[contains(@class,"form-group")]/input[@class="form-control paxFirstName"]": null

2017-11-27 14:38:44 - [TEST_STEP][PASSED] - Statement - println("fn: " + xpathval): null

2017-11-27 14:38:44 - [TEST_STEP][PASSED] - Statement - repObj = com.kms.katalon.core.testobject.ObjectRepository.findTestObject(Object Repository/PrimoTours/Old Objects/allPaxFirstNameFields): Finding Test Object with id 'Object Repository/PrimoTours/Old Objects/allPaxFirstNameFields'

2017-11-27 14:38:44 - [TEST_STEP][PASSED] - Statement - repObj.findProperty("xpath").setValue(xpathval): null

2017-11-27 14:38:44 - [TEST_STEP][PASSED] - setText: Text 'Kanstrup AUT' is set on object 'Object Repository/PrimoTours/Old Objects/allPaxFirstNameFields'

2017-11-27 14:38:44 - [MESSAGE][PASSED] - Text 'Kanstrup AUT' is set on object 'Object Repository/PrimoTours/Old Objects/allPaxFirstNameFields'

2017-11-27 14:38:44 - [TEST_STEP][PASSED] - Statement - xpathval = paxDetailFields + "[2]/div[contains(@class,"form-group")]/input[@class="form-control paxLastName"]": null

2017-11-27 14:38:44 - [TEST_STEP][PASSED] - Statement - println("ln: " + xpathval): null

2017-11-27 14:38:44 - [TEST_STEP][PASSED] - Statement - repObj = com.kms.katalon.core.testobject.ObjectRepository.findTestObject(Object Repository/PrimoTours/Old Objects/allPaxLastNameFields): Finding Test Object with id 'Object Repository/PrimoTours/Old Objects/allPaxLastNameFields'

2017-11-27 14:38:44 - [TEST_STEP][PASSED] - Statement - repObj.findProperty("xpath").setValue(xpathval): null

2017-11-27 14:38:44 - [TEST_STEP][PASSED] - setText: Text 'Jesper' is set on object 'Object Repository/PrimoTours/Old Objects/allPaxLastNameFields'

2017-11-27 14:38:45 - [MESSAGE][PASSED] - Text 'Jesper' is set on object 'Object Repository/PrimoTours/Old Objects/allPaxLastNameFields'

2017-11-27 14:38:45 - [TEST_STEP][PASSED] - scrollToElement: Scroll to object 'Object Repository/PrimoTours/Old Objects/Coco (1)/PrimoT/SaveBooking2/Success/span_kr. 7.892-' successfully

2017-11-27 14:38:45 - [MESSAGE][PASSED] - Scroll to object 'Object Repository/PrimoTours/Old Objects/Coco (1)/PrimoT/SaveBooking2/Success/span_kr. 7.892-' successfully

2017-11-27 14:38:45 - [TEST_STEP][PASSED] - click: Object: 'Object Repository/PrimoTours/Old Objects/Coco (1)/PrimoT/SaveBooking2/Success/span_kr. 7.892-' is clicked on

2017-11-27 14:38:45 - [MESSAGE][PASSED] - Object: 'Object Repository/PrimoTours/Old Objects/Coco (1)/PrimoT/SaveBooking2/Success/span_kr. 7.892-' is clicked on

2017-11-27 14:38:45 - [TEST_STEP][PASSED] - scrollToElement: Scroll to object 'Object Repository/PrimoTours/Old Objects/Coco (1)/PrimoT/SaveBooking2/Success/Page_Primo Tours  Danmarks bedste c/i_fa fa-arrow-circle-right' successfully

2017-11-27 14:38:45 - [MESSAGE][PASSED] - Scroll to object 'Object Repository/PrimoTours/Old Objects/Coco (1)/PrimoT/SaveBooking2/Success/Page_Primo Tours  Danmarks bedste c/i_fa fa-arrow-circle-right' successfully

2017-11-27 14:38:45 - [TEST_STEP][PASSED] - waitForElementClickable: Object 'Object Repository/PrimoTours/Old Objects/Coco (1)/PrimoT/SaveBooking2/Success/Page_Primo Tours  Danmarks bedste c/i_fa fa-arrow-circle-right' is clickable

2017-11-27 14:38:45 - [MESSAGE][PASSED] - Object 'Object Repository/PrimoTours/Old Objects/Coco (1)/PrimoT/SaveBooking2/Success/Page_Primo Tours  Danmarks bedste c/i_fa fa-arrow-circle-right' is clickable

2017-11-27 14:38:45 - [TEST_STEP][PASSED] - waitForElementVisible: Object 'Object Repository/PrimoTours/Old Objects/Coco (1)/PrimoT/SaveBooking2/Success/Page_Primo Tours  Danmarks bedste c/i_fa fa-arrow-circle-right' is visible

2017-11-27 14:38:45 - [MESSAGE][PASSED] - Object 'Object Repository/PrimoTours/Old Objects/Coco (1)/PrimoT/SaveBooking2/Success/Page_Primo Tours  Danmarks bedste c/i_fa fa-arrow-circle-right' is visible

2017-11-27 14:38:45 - [TEST_STEP][PASSED] - scrollToElement: Scroll to object 'Object Repository/PrimoTours/Old Objects/Coco (1)/PrimoT/SaveBooking2/Success/Page_Primo Tours  Danmarks bedste c/i_fa fa-arrow-circle-right' successfully

2017-11-27 14:38:45 - [MESSAGE][PASSED] - Scroll to object 'Object Repository/PrimoTours/Old Objects/Coco (1)/PrimoT/SaveBooking2/Success/Page_Primo Tours  Danmarks bedste c/i_fa fa-arrow-circle-right' successfully

2017-11-27 14:38:45 - [TEST_STEP][PASSED] - click: Object: 'Object Repository/PrimoTours/Old Objects/Coco (1)/PrimoT/SaveBooking2/Success/Page_Primo Tours  Danmarks bedste c/i_fa fa-arrow-circle-right' is clicked on

2017-11-27 14:38:45 - [MESSAGE][PASSED] - Object: 'Object Repository/PrimoTours/Old Objects/Coco (1)/PrimoT/SaveBooking2/Success/Page_Primo Tours  Danmarks bedste c/i_fa fa-arrow-circle-right' is clicked on

2017-11-27 14:38:45 - [TEST_STEP][PASSED] - scrollToElement: Scroll to object 'Object Repository/PrimoTours/Old Objects/Coco/PrimoT/Ins2/Page_Primo Tours  Danmarks bedste c/span_Vlg forsikring' successfully

2017-11-27 14:38:46 - [MESSAGE][PASSED] - Scroll to object 'Object Repository/PrimoTours/Old Objects/Coco/PrimoT/Ins2/Page_Primo Tours  Danmarks bedste c/span_Vlg forsikring' successfully

2017-11-27 14:38:46 - [TEST_STEP][PASSED] - waitForElementPresent: Object 'Object Repository/PrimoTours/Old Objects/Coco/PrimoT/Ins2/Page_Primo Tours  Danmarks bedste c/span_Vlg forsikring' is present

2017-11-27 14:38:46 - [MESSAGE][PASSED] - Object 'Object Repository/PrimoTours/Old Objects/Coco/PrimoT/Ins2/Page_Primo Tours  Danmarks bedste c/span_Vlg forsikring' is present

2017-11-27 14:38:46 - [TEST_STEP][PASSED] - waitForElementVisible: Object 'Object Repository/PrimoTours/Old Objects/Coco/PrimoT/Ins2/Page_Primo Tours  Danmarks bedste c/span_Vlg forsikring' is visible

2017-11-27 14:38:47 - [MESSAGE][PASSED] - Object 'Object Repository/PrimoTours/Old Objects/Coco/PrimoT/Ins2/Page_Primo Tours  Danmarks bedste c/span_Vlg forsikring' is visible

2017-11-27 14:38:47 - [TEST_STEP][PASSED] - waitForElementClickable: Object 'Object Repository/PrimoTours/Old Objects/Coco/PrimoT/Ins2/Page_Primo Tours  Danmarks bedste c/span_Vlg forsikring' is clickable

2017-11-27 14:38:47 - [MESSAGE][PASSED] - Object 'Object Repository/PrimoTours/Old Objects/Coco/PrimoT/Ins2/Page_Primo Tours  Danmarks bedste c/span_Vlg forsikring' is clickable

2017-11-27 14:38:47 - [TEST_STEP][PASSED] - click: Object: 'Object Repository/PrimoTours/Old Objects/Coco/PrimoT/Ins2/Page_Primo Tours  Danmarks bedste c/span_Vlg forsikring' is clicked on

2017-11-27 14:38:47 - [MESSAGE][PASSED] - Object: 'Object Repository/PrimoTours/Old Objects/Coco/PrimoT/Ins2/Page_Primo Tours  Danmarks bedste c/span_Vlg forsikring' is clicked on

2017-11-27 14:38:47 - [TEST_STEP][PASSED] - click: Object: 'Object Repository/PrimoTours/Old Objects/Coco/PrimoT/Ins2/Page_Primo Tours  Danmarks bedste c/li_Har selv forsikring - kr. 0' is clicked on

2017-11-27 14:38:47 - [MESSAGE][PASSED] - Object: 'Object Repository/PrimoTours/Old Objects/Coco/PrimoT/Ins2/Page_Primo Tours  Danmarks bedste c/li_Har selv forsikring - kr. 0' is clicked on

2017-11-27 14:38:47 - [TEST_STEP][NOT_RUN] - click: NOT_RUN: click

2017-11-27 14:38:47 - [MESSAGE][NOT_RUN] - NOT_RUN: click

2017-11-27 14:38:47 - [TEST_STEP][NOT_RUN] - scrollToElement: NOT_RUN: scrollToElement

2017-11-27 14:38:47 - [MESSAGE][NOT_RUN] - NOT_RUN: scrollToElement

2017-11-27 14:38:47 - [TEST_STEP][NOT_RUN] - click: NOT_RUN: click

2017-11-27 14:38:47 - [MESSAGE][NOT_RUN] - NOT_RUN: click

2017-11-27 14:38:47 - [TEST_STEP][PASSED] - scrollToElement: Scroll to object 'Object Repository/PrimoTours/Old Objects/Coco (1)/PrimoT/SaveBooking2/Page_Primo Tours  Danmarks bedste c/a_toggle checkbox kalypto' successfully

2017-11-27 14:38:47 - [MESSAGE][PASSED] - Scroll to object 'Object Repository/PrimoTours/Old Objects/Coco (1)/PrimoT/SaveBooking2/Page_Primo Tours  Danmarks bedste c/a_toggle checkbox kalypto' successfully

2017-11-27 14:38:47 - [TEST_STEP][PASSED] - waitForElementVisible: Object 'Object Repository/PrimoTours/Old Objects/Coco (1)/PrimoT/SaveBooking2/Page_Primo Tours  Danmarks bedste c/a_toggle checkbox kalypto' is visible

2017-11-27 14:38:47 - [MESSAGE][PASSED] - Object 'Object Repository/PrimoTours/Old Objects/Coco (1)/PrimoT/SaveBooking2/Page_Primo Tours  Danmarks bedste c/a_toggle checkbox kalypto' is visible

2017-11-27 14:38:47 - [TEST_STEP][PASSED] - click: Object: 'Object Repository/PrimoTours/Old Objects/Coco (1)/PrimoT/SaveBooking2/Page_Primo Tours  Danmarks bedste c/a_toggle checkbox kalypto' is clicked on

2017-11-27 14:38:47 - [MESSAGE][PASSED] - Object: 'Object Repository/PrimoTours/Old Objects/Coco (1)/PrimoT/SaveBooking2/Page_Primo Tours  Danmarks bedste c/a_toggle checkbox kalypto' is clicked on

2017-11-27 14:38:47 - [TEST_STEP][PASSED] - scrollToElement: Scroll to object 'Object Repository/PrimoTours/Old Objects/Coco (1)/PrimoT/SaveBooking2/Success/a_toggle radio kalypto' successfully

2017-11-27 14:38:47 - [MESSAGE][PASSED] - Scroll to object 'Object Repository/PrimoTours/Old Objects/Coco (1)/PrimoT/SaveBooking2/Success/a_toggle radio kalypto' successfully

2017-11-27 14:38:47 - [TEST_STEP][PASSED] - waitForElementClickable: Object 'Object Repository/PrimoTours/Old Objects/Coco (1)/PrimoT/SaveBooking2/Success/a_toggle radio kalypto' is clickable

2017-11-27 14:38:47 - [MESSAGE][PASSED] - Object 'Object Repository/PrimoTours/Old Objects/Coco (1)/PrimoT/SaveBooking2/Success/a_toggle radio kalypto' is clickable

2017-11-27 14:38:47 - [TEST_STEP][PASSED] - click: Object: 'Object Repository/PrimoTours/Old Objects/Coco (1)/PrimoT/SaveBooking2/Success/a_toggle radio kalypto' is clicked on

2017-11-27 14:38:48 - [MESSAGE][PASSED] - Object: 'Object Repository/PrimoTours/Old Objects/Coco (1)/PrimoT/SaveBooking2/Success/a_toggle radio kalypto' is clicked on

2017-11-27 14:38:48 - [TEST_STEP][PASSED] - scrollToElement: Scroll to object 'Object Repository/PrimoTours/Old Objects/Coco (1)/PrimoT/SaveBooking2/Success/a_toggle checkbox kalypto (1)' successfully

2017-11-27 14:38:48 - [MESSAGE][PASSED] - Scroll to object 'Object Repository/PrimoTours/Old Objects/Coco (1)/PrimoT/SaveBooking2/Success/a_toggle checkbox kalypto (1)' successfully

2017-11-27 14:38:48 - [TEST_STEP][PASSED] - click: Object: 'Object Repository/PrimoTours/Old Objects/Coco (1)/PrimoT/SaveBooking2/Success/a_toggle checkbox kalypto (1)' is clicked on

2017-11-27 14:38:48 - [MESSAGE][PASSED] - Object: 'Object Repository/PrimoTours/Old Objects/Coco (1)/PrimoT/SaveBooking2/Success/a_toggle checkbox kalypto (1)' is clicked on

2017-11-27 14:38:48 - [TEST_STEP][NOT_RUN] - scrollToElement: NOT_RUN: scrollToElement

2017-11-27 14:38:48 - [MESSAGE][NOT_RUN] - NOT_RUN: scrollToElement

2017-11-27 14:38:48 - [TEST_STEP][NOT_RUN] - scrollToElement: NOT_RUN: scrollToElement

2017-11-27 14:38:48 - [MESSAGE][NOT_RUN] - NOT_RUN: scrollToElement

2017-11-27 14:38:48 - [TEST_STEP][NOT_RUN] - click: NOT_RUN: click

2017-11-27 14:38:48 - [MESSAGE][NOT_RUN] - NOT_RUN: click

2017-11-27 14:38:48 - [TEST_STEP][PASSED] - scrollToElement: Scroll to object 'Object Repository/PrimoTours/Old Objects/Coco (1)/PrimoT/SaveBooking2/Success/a_toggle checkbox kalypto' successfully

2017-11-27 14:38:48 - [MESSAGE][PASSED] - Scroll to object 'Object Repository/PrimoTours/Old Objects/Coco (1)/PrimoT/SaveBooking2/Success/a_toggle checkbox kalypto' successfully

2017-11-27 14:38:48 - [TEST_STEP][PASSED] - click: Object: 'Object Repository/PrimoTours/Old Objects/Coco (1)/PrimoT/SaveBooking2/Success/a_toggle checkbox kalypto' is clicked on

2017-11-27 14:38:48 - [MESSAGE][PASSED] - Object: 'Object Repository/PrimoTours/Old Objects/Coco (1)/PrimoT/SaveBooking2/Success/a_toggle checkbox kalypto' is clicked on

2017-11-27 14:38:48 - [TEST_STEP][PASSED] - scrollToElement: Scroll to object 'Object Repository/PrimoTours/Old Objects/Coco (1)/PrimoT/SaveBooking2/Page_Primo Tours  Danmarks bedste c/a_btn btn-success col-xs-12 st' successfully

2017-11-27 14:38:48 - [MESSAGE][PASSED] - Scroll to object 'Object Repository/PrimoTours/Old Objects/Coco (1)/PrimoT/SaveBooking2/Page_Primo Tours  Danmarks bedste c/a_btn btn-success col-xs-12 st' successfully

2017-11-27 14:38:48 - [TEST_STEP][PASSED] - waitForElementClickable: Object 'Object Repository/PrimoTours/Old Objects/Coco (1)/PrimoT/SaveBooking2/Page_Primo Tours  Danmarks bedste c/a_btn btn-success col-xs-12 st' is clickable

2017-11-27 14:38:49 - [MESSAGE][PASSED] - Object 'Object Repository/PrimoTours/Old Objects/Coco (1)/PrimoT/SaveBooking2/Page_Primo Tours  Danmarks bedste c/a_btn btn-success col-xs-12 st' is clickable

2017-11-27 14:38:49 - [TEST_STEP][NOT_RUN] - click: NOT_RUN: click

2017-11-27 14:38:49 - [MESSAGE][NOT_RUN] - NOT_RUN: click]]></system-out>
         <system-err><![CDATA[]]></system-err>
      </testcase>
      <system-out><![CDATA[2017-11-27 14:36:18 - [TEST_SUITE][FAILED] - WB Primo From Excel URLs: Test Cases/PrimoTours/WB Primo/WB Primo staging - place booking FAILED because (of) Unable to scroll to object 'Object Repository/PrimoTours/Old Objects/Coco/PrimoT/Ins2/Page_Primo Tours  Danmarks bedste c/span_Vlg forsikring' (Root cause: com.kms.katalon.core.webui.exception.WebElementNotFoundException: Web element with id: 'Object Repository/PrimoTours/Old Objects/Coco/PrimoT/Ins2/Page_Primo Tours  Danmarks bedste c/span_Vlg forsikring' located by 'By.xpath: id("options")/div[@class="wrapper first-bg-topmost"]/div[@class="container-mx padding-top"]/div[@class="row"]/div[@class="col-md-12"]/div[@class="row confirmation-passenger-insurances"][1]/div[@class="col-md-4"]/div[@class="form-group ddl withlabel travelInsOfPax"]/span[contains(@class,'select2 select2-container')]/span/span[contains(@class,'select2-selection')]/span[@class='select2-selection__rendered']' not found)]]></system-out>
      <system-err><![CDATA[2017-11-27 14:36:18 - [TEST_SUITE][FAILED] - WB Primo From Excel URLs: Test Cases/PrimoTours/WB Primo/WB Primo staging - place booking FAILED because (of) Unable to scroll to object 'Object Repository/PrimoTours/Old Objects/Coco/PrimoT/Ins2/Page_Primo Tours  Danmarks bedste c/span_Vlg forsikring' (Root cause: com.kms.katalon.core.webui.exception.WebElementNotFoundException: Web element with id: 'Object Repository/PrimoTours/Old Objects/Coco/PrimoT/Ins2/Page_Primo Tours  Danmarks bedste c/span_Vlg forsikring' located by 'By.xpath: id("options")/div[@class="wrapper first-bg-topmost"]/div[@class="container-mx padding-top"]/div[@class="row"]/div[@class="col-md-12"]/div[@class="row confirmation-passenger-insurances"][1]/div[@class="col-md-4"]/div[@class="form-group ddl withlabel travelInsOfPax"]/span[contains(@class,'select2 select2-container')]/span/span[contains(@class,'select2-selection')]/span[@class='select2-selection__rendered']' not found)]]></system-err>
   </testsuite>
</testsuites>
