<?xml version="1.0" encoding="UTF-8"?>
<testsuites name="Primo Tours" time="41" tests="1" failures="0" errors="0">
   <testsuite name="Primo Tours" tests="1" failures="0" errors="0" time="41" timestamp="2017-10-26 16:09:12" hostname="Cornel - NEACSUNEW-PC.zlin.roweb.ro" id="Test Suites/Primo Tours">
      <properties>
         <property name="deviceName" value=""/>
         <property name="devicePlatform" value=""/>
         <property name="logFolder" value="C:\\Users\\Cornel\\Katalon Studio\\Primo WB test\\Reports\\Primo Tours\\20171026_160910"/>
         <property name="logFiles" value="C:\\Users\\Cornel\\Katalon Studio\\Primo WB test\\Reports\\Primo Tours\\20171026_160910\\execution0.log"/>
         <property name="attachments" value=""/>
         <property name="hostName" value="Cornel - NEACSUNEW-PC.zlin.roweb.ro"/>
         <property name="os" value="Windows 8.1 64bit"/>
         <property name="katalonVersion" value="4.8.0.2"/>
         <property name="browser" value="Chrome 61.0.3163.100"/>
         <property name="hostAddress" value="10.10.10.211"/>
         <property name="sessionId" value="a89173ac2ea82dbb4a08ad56d222b3b3"/>
         <property name="seleniumVersion" value="2.53.0"/>
         <property name="proxyInformation" value="ProxyInformation{proxyOption=NO_PROXY, proxyServerType=, password=, proxyServerAddress=, proxyServerPort=0}"/>
         <property name="platform" value="Windows 8.1"/>
      </properties>
      <testcase name="Test Cases/PrimoTours - place a booking with no payment" classname="Test Cases/PrimoTours - place a booking with no payment" status="PASSED">
         <system-out><![CDATA[2017-10-26 16:09:12 - [TEST_CASE][PASSED] - Test Cases/PrimoTours - place a booking with no payment: Test Cases/PrimoTours - place a booking with no payment

2017-10-26 16:09:13 - [TEST_STEP][PASSED] - openBrowser: Browser is opened with url: ''

2017-10-26 16:09:18 - [MESSAGE][PASSED] - Browser is opened with url: ''

2017-10-26 16:09:18 - [TEST_STEP][PASSED] - navigateToUrl: Navigate to 'https://www.primotours.dk/' successfully

2017-10-26 16:09:22 - [MESSAGE][PASSED] - Navigate to 'https://www.primotours.dk/' successfully

2017-10-26 16:09:22 - [TEST_STEP][PASSED] - waitForElementClickable: Object 'Object Repository/Coco/PrimoT/Page_Charter rejser med Primo Tours/span_jquery-select-trigger-arr' is clickable

2017-10-26 16:09:22 - [MESSAGE][PASSED] - Object 'Object Repository/Coco/PrimoT/Page_Charter rejser med Primo Tours/span_jquery-select-trigger-arr' is clickable

2017-10-26 16:09:22 - [TEST_STEP][PASSED] - click: Object: 'Object Repository/Coco/PrimoT/Page_Charter rejser med Primo Tours/span_jquery-select-trigger-arr' is clicked on

2017-10-26 16:09:23 - [MESSAGE][PASSED] - Object: 'Object Repository/Coco/PrimoT/Page_Charter rejser med Primo Tours/span_jquery-select-trigger-arr' is clicked on

2017-10-26 16:09:23 - [TEST_STEP][PASSED] - click: Object: 'Object Repository/Coco/PrimoT/Page_Charter rejser med Primo Tours/a_Kreta' is clicked on

2017-10-26 16:09:26 - [MESSAGE][PASSED] - Object: 'Object Repository/Coco/PrimoT/Page_Charter rejser med Primo Tours/a_Kreta' is clicked on

2017-10-26 16:09:26 - [TEST_STEP][PASSED] - click: Object: 'Object Repository/Coco/PrimoT/Page_Charter rejser med Primo Tours/button_Find drmmerejsen' is clicked on

2017-10-26 16:09:29 - [MESSAGE][PASSED] - Object: 'Object Repository/Coco/PrimoT/Page_Charter rejser med Primo Tours/button_Find drmmerejsen' is clicked on

2017-10-26 16:09:29 - [TEST_STEP][NOT_RUN] - waitForElementClickable: NOT_RUN: waitForElementClickable

2017-10-26 16:09:29 - [MESSAGE][NOT_RUN] - NOT_RUN: waitForElementClickable

2017-10-26 16:09:29 - [TEST_STEP][PASSED] - scrollToElement: Scroll to object 'Object Repository/Coco/PrimoT/Page_Rejser til Kreta med danske gu/Page_Rejser til Kreta med danske gu/a_Book her' successfully

2017-10-26 16:09:32 - [MESSAGE][PASSED] - Scroll to object 'Object Repository/Coco/PrimoT/Page_Rejser til Kreta med danske gu/Page_Rejser til Kreta med danske gu/a_Book her' successfully

2017-10-26 16:09:32 - [TEST_STEP][PASSED] - click: Object: 'Object Repository/Coco/PrimoT/Page_Rejser til Kreta med danske gu/Page_Rejser til Kreta med danske gu/a_Book her' is clicked on

2017-10-26 16:09:35 - [MESSAGE][PASSED] - Object: 'Object Repository/Coco/PrimoT/Page_Rejser til Kreta med danske gu/Page_Rejser til Kreta med danske gu/a_Book her' is clicked on

2017-10-26 16:09:35 - [TEST_STEP][PASSED] - switchToWindowTitle: Switched to window with title: 'Primo Tours – Danmarks bedste charterbureau'

2017-10-26 16:09:39 - [MESSAGE][PASSED] - Switched to window with title: 'Primo Tours – Danmarks bedste charterbureau'

2017-10-26 16:09:39 - [TEST_STEP][PASSED] - setText: Text 'Cornel' is set on object 'Object Repository/Coco/PrimoT/Page_Primo Tours  Danmarks bedste c/input_firstName'

2017-10-26 16:09:40 - [MESSAGE][PASSED] - Text 'Cornel' is set on object 'Object Repository/Coco/PrimoT/Page_Primo Tours  Danmarks bedste c/input_firstName'

2017-10-26 16:09:40 - [TEST_STEP][PASSED] - setText: Text 'Neacsu' is set on object 'Object Repository/Coco/PrimoT/Page_Primo Tours  Danmarks bedste c/input_lastName'

2017-10-26 16:09:40 - [MESSAGE][PASSED] - Text 'Neacsu' is set on object 'Object Repository/Coco/PrimoT/Page_Primo Tours  Danmarks bedste c/input_lastName'

2017-10-26 16:09:40 - [TEST_STEP][PASSED] - setText: Text 'Home address' is set on object 'Object Repository/Coco/PrimoT/Page_Primo Tours  Danmarks bedste c/input_customerAddress'

2017-10-26 16:09:41 - [MESSAGE][PASSED] - Text 'Home address' is set on object 'Object Repository/Coco/PrimoT/Page_Primo Tours  Danmarks bedste c/input_customerAddress'

2017-10-26 16:09:41 - [TEST_STEP][PASSED] - setText: Text '6700' is set on object 'Object Repository/Coco/PrimoT/Page_Primo Tours  Danmarks bedste c/input_customerPostcode'

2017-10-26 16:09:41 - [MESSAGE][PASSED] - Text '6700' is set on object 'Object Repository/Coco/PrimoT/Page_Primo Tours  Danmarks bedste c/input_customerPostcode'

2017-10-26 16:09:41 - [TEST_STEP][PASSED] - setText: Text 'cornel.neacsu@roweb.ro' is set on object 'Object Repository/Coco/PrimoT/Page_Primo Tours  Danmarks bedste c/input_customerEmail'

2017-10-26 16:09:42 - [MESSAGE][PASSED] - Text 'cornel.neacsu@roweb.ro' is set on object 'Object Repository/Coco/PrimoT/Page_Primo Tours  Danmarks bedste c/input_customerEmail'

2017-10-26 16:09:42 - [TEST_STEP][PASSED] - setText: Text '12345678' is set on object 'Object Repository/Coco/PrimoT/Page_Primo Tours  Danmarks bedste c/input_customerPhone'

2017-10-26 16:09:42 - [MESSAGE][PASSED] - Text '12345678' is set on object 'Object Repository/Coco/PrimoT/Page_Primo Tours  Danmarks bedste c/input_customerPhone'

2017-10-26 16:09:42 - [TEST_STEP][PASSED] - setText: Text 'FirstName of passenger' is set on object 'Object Repository/Coco/PrimoT/Page_Primo Tours  Danmarks bedste c/input_firstname-0_1'

2017-10-26 16:09:44 - [MESSAGE][PASSED] - Text 'FirstName of passenger' is set on object 'Object Repository/Coco/PrimoT/Page_Primo Tours  Danmarks bedste c/input_firstname-0_1'

2017-10-26 16:09:44 - [TEST_STEP][PASSED] - setText: Text 'Last name of passenger' is set on object 'Object Repository/Coco/PrimoT/Page_Primo Tours  Danmarks bedste c/input_lastname0_1'

2017-10-26 16:09:45 - [MESSAGE][PASSED] - Text 'Last name of passenger' is set on object 'Object Repository/Coco/PrimoT/Page_Primo Tours  Danmarks bedste c/input_lastname0_1'

2017-10-26 16:09:45 - [TEST_STEP][PASSED] - scrollToElement: Scroll to object 'Object Repository/Coco/PrimoT/Page_Primo Tours  Danmarks bedste c/Page_Primo Tours  Danmarks bedste c/Page_Primo Tours  Danmarks bedste c/i_fa fa-arrow-circle-right' successfully

2017-10-26 16:09:45 - [MESSAGE][PASSED] - Scroll to object 'Object Repository/Coco/PrimoT/Page_Primo Tours  Danmarks bedste c/Page_Primo Tours  Danmarks bedste c/Page_Primo Tours  Danmarks bedste c/i_fa fa-arrow-circle-right' successfully

2017-10-26 16:09:45 - [TEST_STEP][PASSED] - waitForElementClickable: Object 'Object Repository/Coco/PrimoT/Page_Primo Tours  Danmarks bedste c/Page_Primo Tours  Danmarks bedste c/Page_Primo Tours  Danmarks bedste c/i_fa fa-arrow-circle-right' is clickable

2017-10-26 16:09:46 - [MESSAGE][PASSED] - Object 'Object Repository/Coco/PrimoT/Page_Primo Tours  Danmarks bedste c/Page_Primo Tours  Danmarks bedste c/Page_Primo Tours  Danmarks bedste c/i_fa fa-arrow-circle-right' is clickable

2017-10-26 16:09:46 - [TEST_STEP][PASSED] - waitForElementVisible: Object 'Object Repository/Coco/PrimoT/Page_Primo Tours  Danmarks bedste c/Page_Primo Tours  Danmarks bedste c/Page_Primo Tours  Danmarks bedste c/i_fa fa-arrow-circle-right' is visible

2017-10-26 16:09:46 - [MESSAGE][PASSED] - Object 'Object Repository/Coco/PrimoT/Page_Primo Tours  Danmarks bedste c/Page_Primo Tours  Danmarks bedste c/Page_Primo Tours  Danmarks bedste c/i_fa fa-arrow-circle-right' is visible

2017-10-26 16:09:46 - [TEST_STEP][PASSED] - click: Object: 'Object Repository/Coco/PrimoT/Page_Primo Tours  Danmarks bedste c/Page_Primo Tours  Danmarks bedste c/Page_Primo Tours  Danmarks bedste c/i_fa fa-arrow-circle-right' is clicked on

2017-10-26 16:09:46 - [MESSAGE][PASSED] - Object: 'Object Repository/Coco/PrimoT/Page_Primo Tours  Danmarks bedste c/Page_Primo Tours  Danmarks bedste c/Page_Primo Tours  Danmarks bedste c/i_fa fa-arrow-circle-right' is clicked on

2017-10-26 16:09:46 - [TEST_STEP][PASSED] - waitForElementPresent: Object 'Object Repository/Coco/PrimoT/Ins2/Page_Primo Tours  Danmarks bedste c/span_Vlg forsikring' is present

2017-10-26 16:09:48 - [MESSAGE][PASSED] - Object 'Object Repository/Coco/PrimoT/Ins2/Page_Primo Tours  Danmarks bedste c/span_Vlg forsikring' is present

2017-10-26 16:09:48 - [TEST_STEP][PASSED] - click: Object: 'Object Repository/Coco/PrimoT/Ins2/Page_Primo Tours  Danmarks bedste c/span_Vlg forsikring' is clicked on

2017-10-26 16:09:49 - [MESSAGE][PASSED] - Object: 'Object Repository/Coco/PrimoT/Ins2/Page_Primo Tours  Danmarks bedste c/span_Vlg forsikring' is clicked on

2017-10-26 16:09:49 - [TEST_STEP][PASSED] - click: Object: 'Object Repository/Coco/PrimoT/Ins2/Page_Primo Tours  Danmarks bedste c/li_Har selv forsikring - kr. 0' is clicked on

2017-10-26 16:09:49 - [MESSAGE][PASSED] - Object: 'Object Repository/Coco/PrimoT/Ins2/Page_Primo Tours  Danmarks bedste c/li_Har selv forsikring - kr. 0' is clicked on

2017-10-26 16:09:49 - [TEST_STEP][NOT_RUN] - click: NOT_RUN: click

2017-10-26 16:09:49 - [MESSAGE][NOT_RUN] - NOT_RUN: click

2017-10-26 16:09:49 - [TEST_STEP][NOT_RUN] - scrollToElement: NOT_RUN: scrollToElement

2017-10-26 16:09:49 - [MESSAGE][NOT_RUN] - NOT_RUN: scrollToElement

2017-10-26 16:09:49 - [TEST_STEP][NOT_RUN] - click: NOT_RUN: click

2017-10-26 16:09:49 - [MESSAGE][NOT_RUN] - NOT_RUN: click

2017-10-26 16:09:49 - [TEST_STEP][PASSED] - scrollToElement: Scroll to object 'Object Repository/Coco/PrimoT/SaveBooking2/Page_Primo Tours  Danmarks bedste c/a_toggle checkbox kalypto' successfully

2017-10-26 16:09:49 - [MESSAGE][PASSED] - Scroll to object 'Object Repository/Coco/PrimoT/SaveBooking2/Page_Primo Tours  Danmarks bedste c/a_toggle checkbox kalypto' successfully

2017-10-26 16:09:49 - [TEST_STEP][PASSED] - waitForElementVisible: Object 'Object Repository/Coco/PrimoT/SaveBooking2/Page_Primo Tours  Danmarks bedste c/a_toggle checkbox kalypto' is visible

2017-10-26 16:09:50 - [MESSAGE][PASSED] - Object 'Object Repository/Coco/PrimoT/SaveBooking2/Page_Primo Tours  Danmarks bedste c/a_toggle checkbox kalypto' is visible

2017-10-26 16:09:50 - [TEST_STEP][PASSED] - click: Object: 'Object Repository/Coco/PrimoT/SaveBooking2/Page_Primo Tours  Danmarks bedste c/a_toggle checkbox kalypto' is clicked on

2017-10-26 16:09:50 - [MESSAGE][PASSED] - Object: 'Object Repository/Coco/PrimoT/SaveBooking2/Page_Primo Tours  Danmarks bedste c/a_toggle checkbox kalypto' is clicked on

2017-10-26 16:09:50 - [TEST_STEP][PASSED] - scrollToElement: Scroll to object 'Object Repository/Coco/PrimoT/SaveBooking2/Success/a_toggle radio kalypto' successfully

2017-10-26 16:09:50 - [MESSAGE][PASSED] - Scroll to object 'Object Repository/Coco/PrimoT/SaveBooking2/Success/a_toggle radio kalypto' successfully

2017-10-26 16:09:50 - [TEST_STEP][PASSED] - click: Object: 'Object Repository/Coco/PrimoT/SaveBooking2/Success/a_toggle radio kalypto' is clicked on

2017-10-26 16:09:50 - [MESSAGE][PASSED] - Object: 'Object Repository/Coco/PrimoT/SaveBooking2/Success/a_toggle radio kalypto' is clicked on

2017-10-26 16:09:50 - [TEST_STEP][PASSED] - scrollToElement: Scroll to object 'Object Repository/Coco/PrimoT/SaveBooking2/Success/a_toggle checkbox kalypto (1)' successfully

2017-10-26 16:09:51 - [MESSAGE][PASSED] - Scroll to object 'Object Repository/Coco/PrimoT/SaveBooking2/Success/a_toggle checkbox kalypto (1)' successfully

2017-10-26 16:09:51 - [TEST_STEP][PASSED] - click: Object: 'Object Repository/Coco/PrimoT/SaveBooking2/Success/a_toggle checkbox kalypto (1)' is clicked on

2017-10-26 16:09:51 - [MESSAGE][PASSED] - Object: 'Object Repository/Coco/PrimoT/SaveBooking2/Success/a_toggle checkbox kalypto (1)' is clicked on

2017-10-26 16:09:51 - [TEST_STEP][NOT_RUN] - scrollToElement: NOT_RUN: scrollToElement

2017-10-26 16:09:51 - [MESSAGE][NOT_RUN] - NOT_RUN: scrollToElement

2017-10-26 16:09:51 - [TEST_STEP][NOT_RUN] - scrollToElement: NOT_RUN: scrollToElement

2017-10-26 16:09:51 - [MESSAGE][NOT_RUN] - NOT_RUN: scrollToElement

2017-10-26 16:09:51 - [TEST_STEP][NOT_RUN] - click: NOT_RUN: click

2017-10-26 16:09:51 - [MESSAGE][NOT_RUN] - NOT_RUN: click

2017-10-26 16:09:51 - [TEST_STEP][PASSED] - scrollToElement: Scroll to object 'Object Repository/Coco/PrimoT/SaveBooking2/Success/a_toggle checkbox kalypto' successfully

2017-10-26 16:09:51 - [MESSAGE][PASSED] - Scroll to object 'Object Repository/Coco/PrimoT/SaveBooking2/Success/a_toggle checkbox kalypto' successfully

2017-10-26 16:09:51 - [TEST_STEP][PASSED] - click: Object: 'Object Repository/Coco/PrimoT/SaveBooking2/Success/a_toggle checkbox kalypto' is clicked on

2017-10-26 16:09:52 - [MESSAGE][PASSED] - Object: 'Object Repository/Coco/PrimoT/SaveBooking2/Success/a_toggle checkbox kalypto' is clicked on

2017-10-26 16:09:52 - [TEST_STEP][PASSED] - scrollToElement: Scroll to object 'Object Repository/Coco/PrimoT/SaveBooking2/Page_Primo Tours  Danmarks bedste c/a_btn btn-success col-xs-12 st' successfully

2017-10-26 16:09:52 - [MESSAGE][PASSED] - Scroll to object 'Object Repository/Coco/PrimoT/SaveBooking2/Page_Primo Tours  Danmarks bedste c/a_btn btn-success col-xs-12 st' successfully

2017-10-26 16:09:52 - [TEST_STEP][PASSED] - waitForElementClickable: Object 'Object Repository/Coco/PrimoT/SaveBooking2/Page_Primo Tours  Danmarks bedste c/a_btn btn-success col-xs-12 st' is clickable

2017-10-26 16:09:52 - [MESSAGE][PASSED] - Object 'Object Repository/Coco/PrimoT/SaveBooking2/Page_Primo Tours  Danmarks bedste c/a_btn btn-success col-xs-12 st' is clickable

2017-10-26 16:09:52 - [TEST_STEP][NOT_RUN] - click: NOT_RUN: click

2017-10-26 16:09:52 - [MESSAGE][NOT_RUN] - NOT_RUN: click

2017-10-26 16:09:52 - [TEST_STEP][NOT_RUN] - closeBrowser: NOT_RUN: closeBrowser

2017-10-26 16:09:52 - [MESSAGE][NOT_RUN] - NOT_RUN: closeBrowser]]></system-out>
         <system-err><![CDATA[]]></system-err>
      </testcase>
      <system-out><![CDATA[2017-10-26 16:09:12 - [TEST_SUITE][PASSED] - Primo Tours: Test Cases/PrimoTours - place a booking with no payment]]></system-out>
      <system-err><![CDATA[]]></system-err>
   </testsuite>
</testsuites>
