<?xml version="1.0" encoding="UTF-8"?>
<testsuites name="Primo WB booking" time="52" tests="2" failures="1" errors="0">
   <testsuite name="Primo WB booking" tests="2" failures="1" errors="0" time="52" timestamp="2017-10-27 18:09:29" hostname="Cornel - NEACSUNEW-PC.zlin.roweb.ro" id="Test Suites/Primo WB booking">
      <properties>
         <property name="deviceName" value=""/>
         <property name="devicePlatform" value=""/>
         <property name="logFolder" value="C:\\Users\\Cornel\\Katalon Studio\\Primo WB test\\Reports\\Primo WB booking\\20171027_180926"/>
         <property name="logFiles" value="C:\\Users\\Cornel\\Katalon Studio\\Primo WB test\\Reports\\Primo WB booking\\20171027_180926\\execution0.log"/>
         <property name="attachments" value="C:\\Users\\Cornel\\Katalon Studio\\Primo WB test\\Reports\\Primo WB booking\\20171027_180926\\1509117006838.png"/>
         <property name="hostName" value="Cornel - NEACSUNEW-PC.zlin.roweb.ro"/>
         <property name="os" value="Windows 8.1 64bit"/>
         <property name="katalonVersion" value="4.8.0.2"/>
         <property name="browser" value="Chrome 61.0.3163.100"/>
         <property name="hostAddress" value="10.10.10.211"/>
         <property name="sessionId" value="242a009128272d853ffdf5ccda53831b"/>
         <property name="seleniumVersion" value="2.53.0"/>
         <property name="proxyInformation" value="ProxyInformation{proxyOption=NO_PROXY, proxyServerType=, password=, proxyServerAddress=, proxyServerPort=0}"/>
         <property name="platform" value="Windows 8.1"/>
      </properties>
      <testcase name="Test Cases/Main Test Cases/TC1_Verify Successful Login" classname="Test Cases/Main Test Cases/TC1_Verify Successful Login" status="PASSED">
         <system-out><![CDATA[2017-10-27 18:09:30 - [TEST_CASE][PASSED] - Test Cases/Main Test Cases/TC1_Verify Successful Login: Test Cases/Main Test Cases/TC1_Verify Successful Login

2017-10-27 18:09:31 - [TEST_STEP][PASSED] - comment: Story: Login to CURA system

2017-10-27 18:09:31 - [TEST_STEP][PASSED] - comment: Given that the user has the valid login information

2017-10-27 18:09:31 - [TEST_STEP][PASSED] - openBrowser: Browser is opened with url: 'http://demoaut.katalon.com'

2017-10-27 18:09:38 - [MESSAGE][PASSED] - Browser is opened with url: 'http://demoaut.katalon.com'

2017-10-27 18:09:38 - [TEST_STEP][PASSED] - click: Object: 'Object Repository/Page_CuraHomepage/btn_MakeAppointment' is clicked on

2017-10-27 18:09:40 - [MESSAGE][PASSED] - Object: 'Object Repository/Page_CuraHomepage/btn_MakeAppointment' is clicked on

2017-10-27 18:09:40 - [TEST_STEP][PASSED] - setText: Text 'John Doe' is set on object 'Object Repository/Page_Login/txt_UserName'

2017-10-27 18:09:40 - [MESSAGE][PASSED] - Text 'John Doe' is set on object 'Object Repository/Page_Login/txt_UserName'

2017-10-27 18:09:40 - [TEST_STEP][PASSED] - setText: Text 'ThisIsNotAPassword' is set on object 'Object Repository/Page_Login/txt_Password'

2017-10-27 18:09:41 - [MESSAGE][PASSED] - Text 'ThisIsNotAPassword' is set on object 'Object Repository/Page_Login/txt_Password'

2017-10-27 18:09:41 - [TEST_STEP][PASSED] - comment: When he logins to CURA system

2017-10-27 18:09:41 - [TEST_STEP][PASSED] - click: Object: 'Object Repository/Page_Login/btn_Login' is clicked on

2017-10-27 18:09:43 - [MESSAGE][PASSED] - Object: 'Object Repository/Page_Login/btn_Login' is clicked on

2017-10-27 18:09:43 - [TEST_STEP][PASSED] - comment: Then he should be able to login successfully

2017-10-27 18:09:43 - [TEST_STEP][PASSED] - Statement - landingPage = com.kms.katalon.core.webui.keyword.WebUiBuiltInKeywords.verifyElementPresent(com.kms.katalon.core.testobject.ObjectRepository.findTestObject(Page_CuraAppointment/div_Appointment), G_Timeout): Object 'Object Repository/Page_CuraAppointment/div_Appointment' is present

2017-10-27 18:09:43 - [MESSAGE][PASSED] - Object 'Object Repository/Page_CuraAppointment/div_Appointment' is present

2017-10-27 18:09:43 - [TEST_STEP][PASSED] - closeBrowser: Browser is closed

2017-10-27 18:09:45 - [MESSAGE][PASSED] - Browser is closed]]></system-out>
         <system-err><![CDATA[]]></system-err>
      </testcase>
      <testcase name="Test Cases/WB Primo - place booking" classname="Test Cases/WB Primo - place booking" status="FAILED">
         <failure type="FAILED" message="Unable to click on object 'Object Repository/Coco/PrimoT/SaveBooking2/Success/a_toggle radio kalypto' (Root cause: org.openqa.selenium.WebDriverException: unknown error: Element &lt;a href=&quot;#&quot; class=&quot;toggle radio kalypto&quot;>&lt;/a> is not clickable at point (865, 10). Other element would receive the click: &lt;html lang=&quot;en&quot; class=&quot;win chrome chrome61 webkit webkit5&quot;>...&lt;/html>
  (Session info: chrome=61.0.3163.100)
  (Driver info: chromedriver=2.31.488763 (092de99f48a300323ecf8c2a4e2e7cab51de5ba8),platform=Windows NT 6.3.9600 x86_64) (WARNING: The server did not provide any stacktrace information)
Command duration or timeout: 234 milliseconds
Build info: version: '2.53.0', revision: '35ae25b', time: '2016-03-15 17:00:58'
System info: host: 'NEACSUNEW-PC', ip: '10.10.10.211', os.name: 'Windows 8.1', os.arch: 'amd64', os.version: '6.3', java.version: '1.8.0_102'
Driver info: com.kms.katalon.selenium.driver.CChromeDriver
Capabilities [{applicationCacheEnabled=false, rotatable=false, mobileEmulationEnabled=false, networkConnectionEnabled=false, chrome={chromedriverVersion=2.31.488763 (092de99f48a300323ecf8c2a4e2e7cab51de5ba8), userDataDir=C:\Users\Cornel\AppData\Local\Temp\scoped_dir3912_23926}, takesHeapSnapshot=true, pageLoadStrategy=normal, databaseEnabled=false, handlesAlerts=true, hasTouchScreen=false, version=61.0.3163.100, platform=WIN8_1, browserConnectionEnabled=false, nativeEvents=true, acceptSslCerts=true, locationContextEnabled=true, webStorageEnabled=true, browserName=chrome, takesScreenshot=true, javascriptEnabled=true, cssSelectorsEnabled=true, setWindowRect=true, unexpectedAlertBehaviour=}]
Session ID: 4aab5fa5a2ab8bd7c09a324d3a9c5858)"/>
         <system-out><![CDATA[2017-10-27 18:09:45 - [TEST_CASE][FAILED] - Test Cases/WB Primo - place booking: Test Cases/WB Primo - place booking FAILED because (of) Unable to click on object 'Object Repository/Coco/PrimoT/SaveBooking2/Success/a_toggle radio kalypto' (Root cause: org.openqa.selenium.WebDriverException: unknown error: Element <a href="#" class="toggle radio kalypto"></a> is not clickable at point (865, 10). Other element would receive the click: <html lang="en" class="win chrome chrome61 webkit webkit5">...</html>
  (Session info: chrome=61.0.3163.100)
  (Driver info: chromedriver=2.31.488763 (092de99f48a300323ecf8c2a4e2e7cab51de5ba8),platform=Windows NT 6.3.9600 x86_64) (WARNING: The server did not provide any stacktrace information)
Command duration or timeout: 234 milliseconds
Build info: version: '2.53.0', revision: '35ae25b', time: '2016-03-15 17:00:58'
System info: host: 'NEACSUNEW-PC', ip: '10.10.10.211', os.name: 'Windows 8.1', os.arch: 'amd64', os.version: '6.3', java.version: '1.8.0_102'
Driver info: com.kms.katalon.selenium.driver.CChromeDriver
Capabilities [{applicationCacheEnabled=false, rotatable=false, mobileEmulationEnabled=false, networkConnectionEnabled=false, chrome={chromedriverVersion=2.31.488763 (092de99f48a300323ecf8c2a4e2e7cab51de5ba8), userDataDir=C:\Users\Cornel\AppData\Local\Temp\scoped_dir3912_23926}, takesHeapSnapshot=true, pageLoadStrategy=normal, databaseEnabled=false, handlesAlerts=true, hasTouchScreen=false, version=61.0.3163.100, platform=WIN8_1, browserConnectionEnabled=false, nativeEvents=true, acceptSslCerts=true, locationContextEnabled=true, webStorageEnabled=true, browserName=chrome, takesScreenshot=true, javascriptEnabled=true, cssSelectorsEnabled=true, setWindowRect=true, unexpectedAlertBehaviour=}]
Session ID: 4aab5fa5a2ab8bd7c09a324d3a9c5858)

2017-10-27 18:09:45 - [TEST_STEP][PASSED] - openBrowser: Browser is opened with url: ''

2017-10-27 18:09:47 - [MESSAGE][PASSED] - Browser is opened with url: ''

2017-10-27 18:09:47 - [TEST_STEP][PASSED] - maximizeWindow: Current window maximized

2017-10-27 18:09:48 - [MESSAGE][PASSED] - Current window maximized

2017-10-27 18:09:48 - [TEST_STEP][PASSED] - navigateToUrl: Navigate to 'https://primotours-webbooking.tourpaq.com/DoBooking.aspx?pltaID=1480269&p=1&rno=1&pt=1&a=2&c=0&aa=&ca=' successfully

2017-10-27 18:09:53 - [MESSAGE][PASSED] - Navigate to 'https://primotours-webbooking.tourpaq.com/DoBooking.aspx?pltaID=1480269&p=1&rno=1&pt=1&a=2&c=0&aa=&ca=' successfully

2017-10-27 18:09:53 - [TEST_STEP][PASSED] - setText: Text 'Cornel' is set on object 'Object Repository/Coco/PrimoT/Page_Primo Tours  Danmarks bedste c/input_firstName'

2017-10-27 18:09:54 - [MESSAGE][PASSED] - Text 'Cornel' is set on object 'Object Repository/Coco/PrimoT/Page_Primo Tours  Danmarks bedste c/input_firstName'

2017-10-27 18:09:54 - [TEST_STEP][PASSED] - setText: Text 'Neacsu' is set on object 'Object Repository/Coco/PrimoT/Page_Primo Tours  Danmarks bedste c/input_lastName'

2017-10-27 18:09:54 - [MESSAGE][PASSED] - Text 'Neacsu' is set on object 'Object Repository/Coco/PrimoT/Page_Primo Tours  Danmarks bedste c/input_lastName'

2017-10-27 18:09:55 - [TEST_STEP][PASSED] - setText: Text 'Home address' is set on object 'Object Repository/Coco/PrimoT/Page_Primo Tours  Danmarks bedste c/input_customerAddress'

2017-10-27 18:09:55 - [MESSAGE][PASSED] - Text 'Home address' is set on object 'Object Repository/Coco/PrimoT/Page_Primo Tours  Danmarks bedste c/input_customerAddress'

2017-10-27 18:09:55 - [TEST_STEP][PASSED] - setText: Text '6700' is set on object 'Object Repository/Coco/PrimoT/Page_Primo Tours  Danmarks bedste c/input_customerPostcode'

2017-10-27 18:09:56 - [MESSAGE][PASSED] - Text '6700' is set on object 'Object Repository/Coco/PrimoT/Page_Primo Tours  Danmarks bedste c/input_customerPostcode'

2017-10-27 18:09:56 - [TEST_STEP][PASSED] - setText: Text 'cornel.neacsu@roweb.ro' is set on object 'Object Repository/Coco/PrimoT/Page_Primo Tours  Danmarks bedste c/input_customerEmail'

2017-10-27 18:09:57 - [MESSAGE][PASSED] - Text 'cornel.neacsu@roweb.ro' is set on object 'Object Repository/Coco/PrimoT/Page_Primo Tours  Danmarks bedste c/input_customerEmail'

2017-10-27 18:09:57 - [TEST_STEP][PASSED] - setText: Text '12345678' is set on object 'Object Repository/Coco/PrimoT/Page_Primo Tours  Danmarks bedste c/input_customerPhone'

2017-10-27 18:09:57 - [MESSAGE][PASSED] - Text '12345678' is set on object 'Object Repository/Coco/PrimoT/Page_Primo Tours  Danmarks bedste c/input_customerPhone'

2017-10-27 18:09:57 - [TEST_STEP][PASSED] - setText: Text 'FirstName of passenger' is set on object 'Object Repository/Coco/PrimoT/Page_Primo Tours  Danmarks bedste c/input_firstname-0_1'

2017-10-27 18:09:58 - [MESSAGE][PASSED] - Text 'FirstName of passenger' is set on object 'Object Repository/Coco/PrimoT/Page_Primo Tours  Danmarks bedste c/input_firstname-0_1'

2017-10-27 18:09:58 - [TEST_STEP][PASSED] - setText: Text 'Last name of passenger' is set on object 'Object Repository/Coco/PrimoT/Page_Primo Tours  Danmarks bedste c/input_lastname0_1'

2017-10-27 18:09:59 - [MESSAGE][PASSED] - Text 'Last name of passenger' is set on object 'Object Repository/Coco/PrimoT/Page_Primo Tours  Danmarks bedste c/input_lastname0_1'

2017-10-27 18:09:59 - [TEST_STEP][PASSED] - scrollToElement: Scroll to object 'Object Repository/Coco/PrimoT/SaveBooking2/Success/span_kr. 7.892-' successfully

2017-10-27 18:09:59 - [MESSAGE][PASSED] - Scroll to object 'Object Repository/Coco/PrimoT/SaveBooking2/Success/span_kr. 7.892-' successfully

2017-10-27 18:09:59 - [TEST_STEP][PASSED] - click: Object: 'Object Repository/Coco/PrimoT/SaveBooking2/Success/span_kr. 7.892-' is clicked on

2017-10-27 18:09:59 - [MESSAGE][PASSED] - Object: 'Object Repository/Coco/PrimoT/SaveBooking2/Success/span_kr. 7.892-' is clicked on

2017-10-27 18:09:59 - [TEST_STEP][PASSED] - scrollToElement: Scroll to object 'Object Repository/Coco/PrimoT/Page_Primo Tours  Danmarks bedste c/Page_Primo Tours  Danmarks bedste c/Page_Primo Tours  Danmarks bedste c/i_fa fa-arrow-circle-right' successfully

2017-10-27 18:10:00 - [MESSAGE][PASSED] - Scroll to object 'Object Repository/Coco/PrimoT/Page_Primo Tours  Danmarks bedste c/Page_Primo Tours  Danmarks bedste c/Page_Primo Tours  Danmarks bedste c/i_fa fa-arrow-circle-right' successfully

2017-10-27 18:10:00 - [TEST_STEP][PASSED] - waitForElementClickable: Object 'Object Repository/Coco/PrimoT/Page_Primo Tours  Danmarks bedste c/Page_Primo Tours  Danmarks bedste c/Page_Primo Tours  Danmarks bedste c/i_fa fa-arrow-circle-right' is clickable

2017-10-27 18:10:00 - [MESSAGE][PASSED] - Object 'Object Repository/Coco/PrimoT/Page_Primo Tours  Danmarks bedste c/Page_Primo Tours  Danmarks bedste c/Page_Primo Tours  Danmarks bedste c/i_fa fa-arrow-circle-right' is clickable

2017-10-27 18:10:00 - [TEST_STEP][PASSED] - waitForElementVisible: Object 'Object Repository/Coco/PrimoT/Page_Primo Tours  Danmarks bedste c/Page_Primo Tours  Danmarks bedste c/Page_Primo Tours  Danmarks bedste c/i_fa fa-arrow-circle-right' is visible

2017-10-27 18:10:00 - [MESSAGE][PASSED] - Object 'Object Repository/Coco/PrimoT/Page_Primo Tours  Danmarks bedste c/Page_Primo Tours  Danmarks bedste c/Page_Primo Tours  Danmarks bedste c/i_fa fa-arrow-circle-right' is visible

2017-10-27 18:10:00 - [TEST_STEP][PASSED] - scrollToElement: Scroll to object 'Object Repository/Coco/PrimoT/Page_Primo Tours  Danmarks bedste c/Page_Primo Tours  Danmarks bedste c/Page_Primo Tours  Danmarks bedste c/i_fa fa-arrow-circle-right' successfully

2017-10-27 18:10:00 - [MESSAGE][PASSED] - Scroll to object 'Object Repository/Coco/PrimoT/Page_Primo Tours  Danmarks bedste c/Page_Primo Tours  Danmarks bedste c/Page_Primo Tours  Danmarks bedste c/i_fa fa-arrow-circle-right' successfully

2017-10-27 18:10:00 - [TEST_STEP][PASSED] - click: Object: 'Object Repository/Coco/PrimoT/Page_Primo Tours  Danmarks bedste c/Page_Primo Tours  Danmarks bedste c/Page_Primo Tours  Danmarks bedste c/i_fa fa-arrow-circle-right' is clicked on

2017-10-27 18:10:02 - [MESSAGE][PASSED] - Object: 'Object Repository/Coco/PrimoT/Page_Primo Tours  Danmarks bedste c/Page_Primo Tours  Danmarks bedste c/Page_Primo Tours  Danmarks bedste c/i_fa fa-arrow-circle-right' is clicked on

2017-10-27 18:10:02 - [TEST_STEP][PASSED] - waitForElementPresent: Object 'Object Repository/Coco/PrimoT/Ins2/Page_Primo Tours  Danmarks bedste c/span_Vlg forsikring' is present

2017-10-27 18:10:03 - [MESSAGE][PASSED] - Object 'Object Repository/Coco/PrimoT/Ins2/Page_Primo Tours  Danmarks bedste c/span_Vlg forsikring' is present

2017-10-27 18:10:03 - [TEST_STEP][PASSED] - click: Object: 'Object Repository/Coco/PrimoT/Ins2/Page_Primo Tours  Danmarks bedste c/span_Vlg forsikring' is clicked on

2017-10-27 18:10:05 - [MESSAGE][PASSED] - Object: 'Object Repository/Coco/PrimoT/Ins2/Page_Primo Tours  Danmarks bedste c/span_Vlg forsikring' is clicked on

2017-10-27 18:10:05 - [TEST_STEP][PASSED] - click: Object: 'Object Repository/Coco/PrimoT/Ins2/Page_Primo Tours  Danmarks bedste c/li_Har selv forsikring - kr. 0' is clicked on

2017-10-27 18:10:05 - [MESSAGE][PASSED] - Object: 'Object Repository/Coco/PrimoT/Ins2/Page_Primo Tours  Danmarks bedste c/li_Har selv forsikring - kr. 0' is clicked on

2017-10-27 18:10:05 - [TEST_STEP][NOT_RUN] - click: NOT_RUN: click

2017-10-27 18:10:05 - [MESSAGE][NOT_RUN] - NOT_RUN: click

2017-10-27 18:10:05 - [TEST_STEP][NOT_RUN] - scrollToElement: NOT_RUN: scrollToElement

2017-10-27 18:10:05 - [MESSAGE][NOT_RUN] - NOT_RUN: scrollToElement

2017-10-27 18:10:05 - [TEST_STEP][NOT_RUN] - click: NOT_RUN: click

2017-10-27 18:10:05 - [MESSAGE][NOT_RUN] - NOT_RUN: click

2017-10-27 18:10:05 - [TEST_STEP][PASSED] - scrollToElement: Scroll to object 'Object Repository/Coco/PrimoT/SaveBooking2/Page_Primo Tours  Danmarks bedste c/a_toggle checkbox kalypto' successfully

2017-10-27 18:10:05 - [MESSAGE][PASSED] - Scroll to object 'Object Repository/Coco/PrimoT/SaveBooking2/Page_Primo Tours  Danmarks bedste c/a_toggle checkbox kalypto' successfully

2017-10-27 18:10:05 - [TEST_STEP][PASSED] - waitForElementVisible: Object 'Object Repository/Coco/PrimoT/SaveBooking2/Page_Primo Tours  Danmarks bedste c/a_toggle checkbox kalypto' is visible

2017-10-27 18:10:05 - [MESSAGE][PASSED] - Object 'Object Repository/Coco/PrimoT/SaveBooking2/Page_Primo Tours  Danmarks bedste c/a_toggle checkbox kalypto' is visible

2017-10-27 18:10:05 - [TEST_STEP][PASSED] - click: Object: 'Object Repository/Coco/PrimoT/SaveBooking2/Page_Primo Tours  Danmarks bedste c/a_toggle checkbox kalypto' is clicked on

2017-10-27 18:10:06 - [MESSAGE][PASSED] - Object: 'Object Repository/Coco/PrimoT/SaveBooking2/Page_Primo Tours  Danmarks bedste c/a_toggle checkbox kalypto' is clicked on

2017-10-27 18:10:06 - [TEST_STEP][PASSED] - scrollToElement: Scroll to object 'Object Repository/Coco/PrimoT/SaveBooking2/Success/a_toggle radio kalypto' successfully

2017-10-27 18:10:06 - [MESSAGE][PASSED] - Scroll to object 'Object Repository/Coco/PrimoT/SaveBooking2/Success/a_toggle radio kalypto' successfully

2017-10-27 18:10:06 - [TEST_STEP][FAILED] - click: Unable to click on object 'Object Repository/Coco/PrimoT/SaveBooking2/Success/a_toggle radio kalypto' (Root cause: org.openqa.selenium.WebDriverException: unknown error: Element <a href="#" class="toggle radio kalypto"></a> is not clickable at point (865, 10). Other element would receive the click: <html lang="en" class="win chrome chrome61 webkit webkit5">...</html>
  (Session info: chrome=61.0.3163.100)
  (Driver info: chromedriver=2.31.488763 (092de99f48a300323ecf8c2a4e2e7cab51de5ba8),platform=Windows NT 6.3.9600 x86_64) (WARNING: The server did not provide any stacktrace information)
Command duration or timeout: 234 milliseconds
Build info: version: '2.53.0', revision: '35ae25b', time: '2016-03-15 17:00:58'
System info: host: 'NEACSUNEW-PC', ip: '10.10.10.211', os.name: 'Windows 8.1', os.arch: 'amd64', os.version: '6.3', java.version: '1.8.0_102'
Driver info: com.kms.katalon.selenium.driver.CChromeDriver
Capabilities [{applicationCacheEnabled=false, rotatable=false, mobileEmulationEnabled=false, networkConnectionEnabled=false, chrome={chromedriverVersion=2.31.488763 (092de99f48a300323ecf8c2a4e2e7cab51de5ba8), userDataDir=C:\Users\Cornel\AppData\Local\Temp\scoped_dir3912_23926}, takesHeapSnapshot=true, pageLoadStrategy=normal, databaseEnabled=false, handlesAlerts=true, hasTouchScreen=false, version=61.0.3163.100, platform=WIN8_1, browserConnectionEnabled=false, nativeEvents=true, acceptSslCerts=true, locationContextEnabled=true, webStorageEnabled=true, browserName=chrome, takesScreenshot=true, javascriptEnabled=true, cssSelectorsEnabled=true, setWindowRect=true, unexpectedAlertBehaviour=}]
Session ID: 4aab5fa5a2ab8bd7c09a324d3a9c5858)

2017-10-27 18:10:07 - [MESSAGE][FAILED] - Unable to click on object 'Object Repository/Coco/PrimoT/SaveBooking2/Success/a_toggle radio kalypto' (Root cause: org.openqa.selenium.WebDriverException: unknown error: Element <a href="#" class="toggle radio kalypto"></a> is not clickable at point (865, 10). Other element would receive the click: <html lang="en" class="win chrome chrome61 webkit webkit5">...</html>
  (Session info: chrome=61.0.3163.100)
  (Driver info: chromedriver=2.31.488763 (092de99f48a300323ecf8c2a4e2e7cab51de5ba8),platform=Windows NT 6.3.9600 x86_64) (WARNING: The server did not provide any stacktrace information)
Command duration or timeout: 234 milliseconds
Build info: version: '2.53.0', revision: '35ae25b', time: '2016-03-15 17:00:58'
System info: host: 'NEACSUNEW-PC', ip: '10.10.10.211', os.name: 'Windows 8.1', os.arch: 'amd64', os.version: '6.3', java.version: '1.8.0_102'
Driver info: com.kms.katalon.selenium.driver.CChromeDriver
Capabilities [{applicationCacheEnabled=false, rotatable=false, mobileEmulationEnabled=false, networkConnectionEnabled=false, chrome={chromedriverVersion=2.31.488763 (092de99f48a300323ecf8c2a4e2e7cab51de5ba8), userDataDir=C:\Users\Cornel\AppData\Local\Temp\scoped_dir3912_23926}, takesHeapSnapshot=true, pageLoadStrategy=normal, databaseEnabled=false, handlesAlerts=true, hasTouchScreen=false, version=61.0.3163.100, platform=WIN8_1, browserConnectionEnabled=false, nativeEvents=true, acceptSslCerts=true, locationContextEnabled=true, webStorageEnabled=true, browserName=chrome, takesScreenshot=true, javascriptEnabled=true, cssSelectorsEnabled=true, setWindowRect=true, unexpectedAlertBehaviour=}]
Session ID: 4aab5fa5a2ab8bd7c09a324d3a9c5858)
[[ATTACHMENT|C:\\Users\\Cornel\\Katalon Studio\\Primo WB test\\Reports\\Primo WB booking\\20171027_180926\\1509117006838.png]]]]></system-out>
         <system-err><![CDATA[2017-10-27 18:09:45 - [TEST_CASE][FAILED] - Test Cases/WB Primo - place booking: Test Cases/WB Primo - place booking FAILED because (of) Unable to click on object 'Object Repository/Coco/PrimoT/SaveBooking2/Success/a_toggle radio kalypto' (Root cause: org.openqa.selenium.WebDriverException: unknown error: Element <a href="#" class="toggle radio kalypto"></a> is not clickable at point (865, 10). Other element would receive the click: <html lang="en" class="win chrome chrome61 webkit webkit5">...</html>
  (Session info: chrome=61.0.3163.100)
  (Driver info: chromedriver=2.31.488763 (092de99f48a300323ecf8c2a4e2e7cab51de5ba8),platform=Windows NT 6.3.9600 x86_64) (WARNING: The server did not provide any stacktrace information)
Command duration or timeout: 234 milliseconds
Build info: version: '2.53.0', revision: '35ae25b', time: '2016-03-15 17:00:58'
System info: host: 'NEACSUNEW-PC', ip: '10.10.10.211', os.name: 'Windows 8.1', os.arch: 'amd64', os.version: '6.3', java.version: '1.8.0_102'
Driver info: com.kms.katalon.selenium.driver.CChromeDriver
Capabilities [{applicationCacheEnabled=false, rotatable=false, mobileEmulationEnabled=false, networkConnectionEnabled=false, chrome={chromedriverVersion=2.31.488763 (092de99f48a300323ecf8c2a4e2e7cab51de5ba8), userDataDir=C:\Users\Cornel\AppData\Local\Temp\scoped_dir3912_23926}, takesHeapSnapshot=true, pageLoadStrategy=normal, databaseEnabled=false, handlesAlerts=true, hasTouchScreen=false, version=61.0.3163.100, platform=WIN8_1, browserConnectionEnabled=false, nativeEvents=true, acceptSslCerts=true, locationContextEnabled=true, webStorageEnabled=true, browserName=chrome, takesScreenshot=true, javascriptEnabled=true, cssSelectorsEnabled=true, setWindowRect=true, unexpectedAlertBehaviour=}]
Session ID: 4aab5fa5a2ab8bd7c09a324d3a9c5858)]]></system-err>
      </testcase>
      <testcase name="Test Cases/Main Test Cases/TC2_Verify Successful Appointment" classname="Test Cases/Main Test Cases/TC2_Verify Successful Appointment" status="PASSED">
         <system-out><![CDATA[2017-10-27 18:10:07 - [TEST_CASE][PASSED] - Test Cases/Main Test Cases/TC2_Verify Successful Appointment: Test Cases/Main Test Cases/TC2_Verify Successful Appointment

2017-10-27 18:10:08 - [TEST_STEP][PASSED] - comment: Story: Book an appointment

2017-10-27 18:10:08 - [TEST_STEP][PASSED] - comment: Given that the user has logged into their account

2017-10-27 18:10:08 - [TEST_STEP][PASSED] - openBrowser: Browser is opened with url: 'http://demoaut.katalon.com'

2017-10-27 18:10:08 - [MESSAGE][WARNING] - A browser is already opened. Closing browser and opening a new one

2017-10-27 18:10:13 - [MESSAGE][PASSED] - Browser is opened with url: 'http://demoaut.katalon.com'

2017-10-27 18:10:13 - [TEST_STEP][PASSED] - callTestCase: Call Test Case 'Test Cases/Common Test Cases/Login' successfully

2017-10-27 18:10:14 - [TEST_CASE][PASSED] - Test Cases/Common Test Cases/Login: Test Cases/Common Test Cases/Login

2017-10-27 18:10:14 - [TEST_STEP][PASSED] - click: Object: 'Object Repository/Page_CuraHomepage/btn_MakeAppointment' is clicked on

2017-10-27 18:10:14 - [MESSAGE][PASSED] - Object: 'Object Repository/Page_CuraHomepage/btn_MakeAppointment' is clicked on

2017-10-27 18:10:14 - [TEST_STEP][PASSED] - setText: Text 'John Doe' is set on object 'Object Repository/Page_Login/txt_UserName'

2017-10-27 18:10:15 - [MESSAGE][PASSED] - Text 'John Doe' is set on object 'Object Repository/Page_Login/txt_UserName'

2017-10-27 18:10:15 - [TEST_STEP][PASSED] - setText: Text 'ThisIsNotAPassword' is set on object 'Object Repository/Page_Login/txt_Password'

2017-10-27 18:10:16 - [MESSAGE][PASSED] - Text 'ThisIsNotAPassword' is set on object 'Object Repository/Page_Login/txt_Password'

2017-10-27 18:10:16 - [TEST_STEP][PASSED] - click: Object: 'Object Repository/Page_Login/btn_Login' is clicked on

2017-10-27 18:10:16 - [MESSAGE][PASSED] - Object: 'Object Repository/Page_Login/btn_Login' is clicked on

2017-10-27 18:10:16 - [TEST_STEP][PASSED] - Statement - landingPage = com.kms.katalon.core.webui.keyword.WebUiBuiltInKeywords.verifyElementPresent(com.kms.katalon.core.testobject.ObjectRepository.findTestObject(Page_CuraAppointment/div_Appointment), G_Timeout): Object 'Object Repository/Page_CuraAppointment/div_Appointment' is present

2017-10-27 18:10:16 - [MESSAGE][PASSED] - Object 'Object Repository/Page_CuraAppointment/div_Appointment' is present

2017-10-27 18:10:16 - [MESSAGE][PASSED] - Call Test Case 'Test Cases/Common Test Cases/Login' successfully

2017-10-27 18:10:16 - [TEST_STEP][PASSED] - comment: And Appointment page is displayed

2017-10-27 18:10:16 - [TEST_STEP][PASSED] - Statement - If (true): Text 'Please make appointment as soon as possible.' is set on object 'Object Repository/Page_CuraAppointment/txt_Comment'

2017-10-27 18:10:16 - [TEST_STEP][PASSED] - selectOptionByLabel: All options with label 'Hongkong CURA Healthcare Center' are selected in object 'Object Repository/Page_CuraAppointment/lst_Facility' 

2017-10-27 18:10:17 - [MESSAGE][PASSED] - All options with label 'Hongkong CURA Healthcare Center' are selected in object 'Object Repository/Page_CuraAppointment/lst_Facility' 

2017-10-27 18:10:17 - [TEST_STEP][PASSED] - check: Object 'Object Repository/Page_CuraAppointment/chk_Medicaid' is checked

2017-10-27 18:10:17 - [MESSAGE][PASSED] - Object 'Object Repository/Page_CuraAppointment/chk_Medicaid' is checked

2017-10-27 18:10:17 - [TEST_STEP][PASSED] - check: Object 'Object Repository/Page_CuraAppointment/chk_Readmission' is checked

2017-10-27 18:10:17 - [MESSAGE][PASSED] - Object 'Object Repository/Page_CuraAppointment/chk_Readmission' is checked

2017-10-27 18:10:17 - [TEST_STEP][PASSED] - setText: Text '27/12/2016' is set on object 'Object Repository/Page_CuraAppointment/txt_VisitDate'

2017-10-27 18:10:18 - [MESSAGE][PASSED] - Text '27/12/2016' is set on object 'Object Repository/Page_CuraAppointment/txt_VisitDate'

2017-10-27 18:10:18 - [TEST_STEP][PASSED] - setText: Text 'Please make appointment as soon as possible.' is set on object 'Object Repository/Page_CuraAppointment/txt_Comment'

2017-10-27 18:10:19 - [MESSAGE][PASSED] - Text 'Please make appointment as soon as possible.' is set on object 'Object Repository/Page_CuraAppointment/txt_Comment'

2017-10-27 18:10:19 - [TEST_STEP][PASSED] - comment: When he fills in valid information in Appointment page

2017-10-27 18:10:19 - [TEST_STEP][PASSED] - click: Object: 'Object Repository/Page_CuraAppointment/btn_BookAppointment' is clicked on

2017-10-27 18:10:20 - [MESSAGE][PASSED] - Object: 'Object Repository/Page_CuraAppointment/btn_BookAppointment' is clicked on

2017-10-27 18:10:20 - [TEST_STEP][PASSED] - verifyTextPresent: Text 'Appointment Confirmation' is present on page 

2017-10-27 18:10:20 - [MESSAGE][PASSED] - Text 'Appointment Confirmation' is present on page 

2017-10-27 18:10:20 - [TEST_STEP][PASSED] - comment: Then he should be able to book a new appointment

2017-10-27 18:10:20 - [TEST_STEP][PASSED] - Statement - If (true): Actual text 'Please make appointment as soon as possible.' and expected text 'Please make appointment as soon as possible.' are matched 

2017-10-27 18:10:20 - [TEST_STEP][PASSED] - verifyMatch: Actual text 'Hongkong CURA Healthcare Center' and expected text 'Hongkong CURA Healthcare Center' are matched 

2017-10-27 18:10:20 - [MESSAGE][PASSED] - Text of object 'Object Repository/Page_AppointmentConfirmation/lbl_Facility' is: 'Hongkong CURA Healthcare Center'

2017-10-27 18:10:20 - [MESSAGE][PASSED] - Actual text 'Hongkong CURA Healthcare Center' and expected text 'Hongkong CURA Healthcare Center' are matched 

2017-10-27 18:10:20 - [TEST_STEP][PASSED] - verifyMatch: Actual text 'Yes' and expected text 'Yes' are matched 

2017-10-27 18:10:20 - [MESSAGE][PASSED] - Text of object 'Object Repository/Page_AppointmentConfirmation/lbl_HospitalReadmission' is: 'Yes'

2017-10-27 18:10:20 - [MESSAGE][PASSED] - Actual text 'Yes' and expected text 'Yes' are matched 

2017-10-27 18:10:20 - [TEST_STEP][PASSED] - verifyMatch: Actual text 'Medicaid' and expected text 'Medicaid' are matched 

2017-10-27 18:10:20 - [MESSAGE][PASSED] - Text of object 'Object Repository/Page_AppointmentConfirmation/lbl_Program' is: 'Medicaid'

2017-10-27 18:10:20 - [MESSAGE][PASSED] - Actual text 'Medicaid' and expected text 'Medicaid' are matched 

2017-10-27 18:10:20 - [TEST_STEP][PASSED] - verifyMatch: Actual text '27/12/2016' and expected text '27/12/2016' are matched 

2017-10-27 18:10:21 - [MESSAGE][PASSED] - Text of object 'Object Repository/Page_AppointmentConfirmation/lbl_VisitDate' is: '27/12/2016'

2017-10-27 18:10:21 - [MESSAGE][PASSED] - Actual text '27/12/2016' and expected text '27/12/2016' are matched 

2017-10-27 18:10:21 - [TEST_STEP][PASSED] - verifyMatch: Actual text 'Please make appointment as soon as possible.' and expected text 'Please make appointment as soon as possible.' are matched 

2017-10-27 18:10:21 - [MESSAGE][PASSED] - Text of object 'Object Repository/Page_AppointmentConfirmation/lbl_Comment' is: 'Please make appointment as soon as possible.'

2017-10-27 18:10:21 - [MESSAGE][PASSED] - Actual text 'Please make appointment as soon as possible.' and expected text 'Please make appointment as soon as possible.' are matched 

2017-10-27 18:10:21 - [TEST_STEP][PASSED] - closeBrowser: Browser is closed

2017-10-27 18:10:22 - [MESSAGE][PASSED] - Browser is closed]]></system-out>
         <system-err><![CDATA[]]></system-err>
      </testcase>
      <system-out><![CDATA[2017-10-27 18:09:29 - [TEST_SUITE][FAILED] - Primo WB booking: Test Cases/WB Primo - place booking FAILED because (of) Unable to click on object 'Object Repository/Coco/PrimoT/SaveBooking2/Success/a_toggle radio kalypto' (Root cause: org.openqa.selenium.WebDriverException: unknown error: Element <a href="#" class="toggle radio kalypto"></a> is not clickable at point (865, 10). Other element would receive the click: <html lang="en" class="win chrome chrome61 webkit webkit5">...</html>
  (Session info: chrome=61.0.3163.100)
  (Driver info: chromedriver=2.31.488763 (092de99f48a300323ecf8c2a4e2e7cab51de5ba8),platform=Windows NT 6.3.9600 x86_64) (WARNING: The server did not provide any stacktrace information)
Command duration or timeout: 234 milliseconds
Build info: version: '2.53.0', revision: '35ae25b', time: '2016-03-15 17:00:58'
System info: host: 'NEACSUNEW-PC', ip: '10.10.10.211', os.name: 'Windows 8.1', os.arch: 'amd64', os.version: '6.3', java.version: '1.8.0_102'
Driver info: com.kms.katalon.selenium.driver.CChromeDriver
Capabilities [{applicationCacheEnabled=false, rotatable=false, mobileEmulationEnabled=false, networkConnectionEnabled=false, chrome={chromedriverVersion=2.31.488763 (092de99f48a300323ecf8c2a4e2e7cab51de5ba8), userDataDir=C:\Users\Cornel\AppData\Local\Temp\scoped_dir3912_23926}, takesHeapSnapshot=true, pageLoadStrategy=normal, databaseEnabled=false, handlesAlerts=true, hasTouchScreen=false, version=61.0.3163.100, platform=WIN8_1, browserConnectionEnabled=false, nativeEvents=true, acceptSslCerts=true, locationContextEnabled=true, webStorageEnabled=true, browserName=chrome, takesScreenshot=true, javascriptEnabled=true, cssSelectorsEnabled=true, setWindowRect=true, unexpectedAlertBehaviour=}]
Session ID: 4aab5fa5a2ab8bd7c09a324d3a9c5858)]]></system-out>
      <system-err><![CDATA[2017-10-27 18:09:29 - [TEST_SUITE][FAILED] - Primo WB booking: Test Cases/WB Primo - place booking FAILED because (of) Unable to click on object 'Object Repository/Coco/PrimoT/SaveBooking2/Success/a_toggle radio kalypto' (Root cause: org.openqa.selenium.WebDriverException: unknown error: Element <a href="#" class="toggle radio kalypto"></a> is not clickable at point (865, 10). Other element would receive the click: <html lang="en" class="win chrome chrome61 webkit webkit5">...</html>
  (Session info: chrome=61.0.3163.100)
  (Driver info: chromedriver=2.31.488763 (092de99f48a300323ecf8c2a4e2e7cab51de5ba8),platform=Windows NT 6.3.9600 x86_64) (WARNING: The server did not provide any stacktrace information)
Command duration or timeout: 234 milliseconds
Build info: version: '2.53.0', revision: '35ae25b', time: '2016-03-15 17:00:58'
System info: host: 'NEACSUNEW-PC', ip: '10.10.10.211', os.name: 'Windows 8.1', os.arch: 'amd64', os.version: '6.3', java.version: '1.8.0_102'
Driver info: com.kms.katalon.selenium.driver.CChromeDriver
Capabilities [{applicationCacheEnabled=false, rotatable=false, mobileEmulationEnabled=false, networkConnectionEnabled=false, chrome={chromedriverVersion=2.31.488763 (092de99f48a300323ecf8c2a4e2e7cab51de5ba8), userDataDir=C:\Users\Cornel\AppData\Local\Temp\scoped_dir3912_23926}, takesHeapSnapshot=true, pageLoadStrategy=normal, databaseEnabled=false, handlesAlerts=true, hasTouchScreen=false, version=61.0.3163.100, platform=WIN8_1, browserConnectionEnabled=false, nativeEvents=true, acceptSslCerts=true, locationContextEnabled=true, webStorageEnabled=true, browserName=chrome, takesScreenshot=true, javascriptEnabled=true, cssSelectorsEnabled=true, setWindowRect=true, unexpectedAlertBehaviour=}]
Session ID: 4aab5fa5a2ab8bd7c09a324d3a9c5858)]]></system-err>
   </testsuite>
</testsuites>
