<?xml version="1.0" encoding="UTF-8"?>
<testsuites name="WB Primo From Excel URLs" time="238" tests="0" failures="12" errors="0">
   <testsuite name="WB Primo From Excel URLs" tests="0" failures="12" errors="0" time="238" timestamp="2017-11-28 13:12:44" hostname="Cornel - NEACSUNEW-PC.zlin.roweb.ro" id="Test Suites/WB Primo From Excel URLs">
      <properties>
         <property name="deviceName" value=""/>
         <property name="devicePlatform" value=""/>
         <property name="logFolder" value="D:\\Software testing\\Tourpaq\\Automated Katalon tests\\Primo WB test\\Reports\\WB Primo From Excel URLs\\20171128_131240"/>
         <property name="logFiles" value="D:\\Software testing\\Tourpaq\\Automated Katalon tests\\Primo WB test\\Reports\\WB Primo From Excel URLs\\20171128_131240\\execution0.log"/>
         <property name="attachments" value="D:\\Software testing\\Tourpaq\\Automated Katalon tests\\Primo WB test\\Reports\\WB Primo From Excel URLs\\20171128_131240\\1511867582657.png, D:\\Software testing\\Tourpaq\\Automated Katalon tests\\Primo WB test\\Reports\\WB Primo From Excel URLs\\20171128_131240\\1511867597824.png, D:\\Software testing\\Tourpaq\\Automated Katalon tests\\Primo WB test\\Reports\\WB Primo From Excel URLs\\20171128_131240\\1511867618722.png, D:\\Software testing\\Tourpaq\\Automated Katalon tests\\Primo WB test\\Reports\\WB Primo From Excel URLs\\20171128_131240\\1511867636060.png, D:\\Software testing\\Tourpaq\\Automated Katalon tests\\Primo WB test\\Reports\\WB Primo From Excel URLs\\20171128_131240\\1511867655975.png, D:\\Software testing\\Tourpaq\\Automated Katalon tests\\Primo WB test\\Reports\\WB Primo From Excel URLs\\20171128_131240\\1511867684702.png, D:\\Software testing\\Tourpaq\\Automated Katalon tests\\Primo WB test\\Reports\\WB Primo From Excel URLs\\20171128_131240\\1511867720398.png, D:\\Software testing\\Tourpaq\\Automated Katalon tests\\Primo WB test\\Reports\\WB Primo From Excel URLs\\20171128_131240\\1511867740089.png, D:\\Software testing\\Tourpaq\\Automated Katalon tests\\Primo WB test\\Reports\\WB Primo From Excel URLs\\20171128_131240\\1511867754222.png, D:\\Software testing\\Tourpaq\\Automated Katalon tests\\Primo WB test\\Reports\\WB Primo From Excel URLs\\20171128_131240\\1511867769451.png, D:\\Software testing\\Tourpaq\\Automated Katalon tests\\Primo WB test\\Reports\\WB Primo From Excel URLs\\20171128_131240\\1511867785000.png, D:\\Software testing\\Tourpaq\\Automated Katalon tests\\Primo WB test\\Reports\\WB Primo From Excel URLs\\20171128_131240\\1511867801768.png"/>
         <property name="hostName" value="Cornel - NEACSUNEW-PC.zlin.roweb.ro"/>
         <property name="os" value="Windows 8.1 64bit"/>
         <property name="katalonVersion" value="5.1.0.1"/>
         <property name="browser" value="Chrome 62.0.3202.94"/>
         <property name="hostAddress" value="10.10.10.211"/>
         <property name="sessionId" value="454935bdc9df69c4e6d6863f56c60e2d"/>
         <property name="seleniumVersion" value="3.7.1"/>
         <property name="proxyInformation" value="ProxyInformation{proxyOption=NO_PROXY, proxyServerType=, password=, proxyServerAddress=, proxyServerPort=0}"/>
         <property name="platform" value="Windows 8.1"/>
      </properties>
      <testcase name="Test Cases/PrimoTours/WB Primo/WB Primo staging - place booking - Iteration 1" classname="Test Cases/PrimoTours/WB Primo/WB Primo staging - place booking" status="FAILED">
         <failure type="FAILED" message="Test Cases/PrimoTours/WB Primo/WB Primo staging - place booking FAILED because (of) Unable to click on object 'Object Repository/PrimoTours/Old Objects/Coco (1)/PrimoT/SaveBooking2/Page_Primo Tours  Danmarks bedste c/a_btn btn-success col-xs-12 st' (Root cause: org.openqa.selenium.WebDriverException: unknown error: Element &lt;a href=&quot;javascript:;&quot; class=&quot;btn btn-success col-xs-12 step defaultButton disabledElement&quot; data-validator=&quot;options&quot; data-loader=&quot;true&quot; data-bind=&quot;css: tourpaq.bookingEngine.confirmation.nextStepButtonStyle&quot;>...&lt;/a> is not clickable at point (1337, 729). Other element would receive the click: &lt;div class=&quot;col-xs-12 col-md-4 col-md-offset-4 pull-right&quot;>...&lt;/div>
  (Session info: chrome=62.0.3202.94)
  (Driver info: chromedriver=2.33.506120 (e3e53437346286c0bc2d2dc9aa4915ba81d9023f),platform=Windows NT 6.3.9600 x86_64) (WARNING: The server did not provide any stacktrace information)
Command duration or timeout: 0 milliseconds
Build info: version: '3.7.1', revision: '8a0099a', time: '2017-11-06T21:07:36.161Z'
System info: host: 'NEACSUNEW-PC', ip: '10.10.10.211', os.name: 'Windows 8.1', os.arch: 'amd64', os.version: '6.3', java.version: '1.8.0_102'
Driver info: com.kms.katalon.selenium.driver.CChromeDriver
Capabilities {acceptSslCerts: true, applicationCacheEnabled: false, browserConnectionEnabled: false, browserName: chrome, chrome: {chromedriverVersion: 2.33.506120 (e3e53437346286..., userDataDir: C:\Users\Cornel\AppData\Loc...}, cssSelectorsEnabled: true, databaseEnabled: false, handlesAlerts: true, hasTouchScreen: false, javascriptEnabled: true, locationContextEnabled: true, mobileEmulationEnabled: false, nativeEvents: true, networkConnectionEnabled: false, pageLoadStrategy: normal, platform: XP, platformName: XP, rotatable: false, setWindowRect: true, takesHeapSnapshot: true, takesScreenshot: true, unexpectedAlertBehaviour: , unhandledPromptBehavior: , version: 62.0.3202.94, webStorageEnabled: true}
Session ID: c84a6c6c86dc404dbf5061e10c9afb29)"/>
         <system-out><![CDATA[2017-11-28 13:12:44 - [TEST_CASE][FAILED] - Test Cases/PrimoTours/WB Primo/WB Primo staging - place booking - Iteration 1: Test Cases/PrimoTours/WB Primo/WB Primo staging - place booking FAILED because (of) Unable to click on object 'Object Repository/PrimoTours/Old Objects/Coco (1)/PrimoT/SaveBooking2/Page_Primo Tours  Danmarks bedste c/a_btn btn-success col-xs-12 st' (Root cause: org.openqa.selenium.WebDriverException: unknown error: Element <a href="javascript:;" class="btn btn-success col-xs-12 step defaultButton disabledElement" data-validator="options" data-loader="true" data-bind="css: tourpaq.bookingEngine.confirmation.nextStepButtonStyle">...</a> is not clickable at point (1337, 729). Other element would receive the click: <div class="col-xs-12 col-md-4 col-md-offset-4 pull-right">...</div>
  (Session info: chrome=62.0.3202.94)
  (Driver info: chromedriver=2.33.506120 (e3e53437346286c0bc2d2dc9aa4915ba81d9023f),platform=Windows NT 6.3.9600 x86_64) (WARNING: The server did not provide any stacktrace information)
Command duration or timeout: 0 milliseconds
Build info: version: '3.7.1', revision: '8a0099a', time: '2017-11-06T21:07:36.161Z'
System info: host: 'NEACSUNEW-PC', ip: '10.10.10.211', os.name: 'Windows 8.1', os.arch: 'amd64', os.version: '6.3', java.version: '1.8.0_102'
Driver info: com.kms.katalon.selenium.driver.CChromeDriver
Capabilities {acceptSslCerts: true, applicationCacheEnabled: false, browserConnectionEnabled: false, browserName: chrome, chrome: {chromedriverVersion: 2.33.506120 (e3e53437346286..., userDataDir: C:\Users\Cornel\AppData\Loc...}, cssSelectorsEnabled: true, databaseEnabled: false, handlesAlerts: true, hasTouchScreen: false, javascriptEnabled: true, locationContextEnabled: true, mobileEmulationEnabled: false, nativeEvents: true, networkConnectionEnabled: false, pageLoadStrategy: normal, platform: XP, platformName: XP, rotatable: false, setWindowRect: true, takesHeapSnapshot: true, takesScreenshot: true, unexpectedAlertBehaviour: , unhandledPromptBehavior: , version: 62.0.3202.94, webStorageEnabled: true}
Session ID: c84a6c6c86dc404dbf5061e10c9afb29)

2017-11-28 13:12:45 - [TEST_STEP][PASSED] - openBrowser: Browser is opened with url: ''

2017-11-28 13:12:50 - [MESSAGE][PASSED] - Browser is opened with url: ''

2017-11-28 13:12:50 - [TEST_STEP][PASSED] - maximizeWindow: Current window maximized

2017-11-28 13:12:51 - [MESSAGE][PASSED] - Current window maximized

2017-11-28 13:12:51 - [TEST_STEP][PASSED] - navigateToUrl: Navigate to 'https://staging-primotours-webbooking.tourpaq.com/DoBooking.aspx?pltaID=1480269&p=1&rno=1&pt=1&a=2&c=0&aa=&ca=' successfully

2017-11-28 13:12:54 - [MESSAGE][PASSED] - Navigate to 'https://staging-primotours-webbooking.tourpaq.com/DoBooking.aspx?pltaID=1480269&p=1&rno=1&pt=1&a=2&c=0&aa=&ca=' successfully

2017-11-28 13:12:54 - [TEST_STEP][PASSED] - setText: Text 'Pedersen AUT' is set on object 'Object Repository/PrimoTours/Old Objects/Coco/PrimoT/Page_Primo Tours  Danmarks bedste c/input_firstName'

2017-11-28 13:12:54 - [MESSAGE][PASSED] - Text 'Pedersen AUT' is set on object 'Object Repository/PrimoTours/Old Objects/Coco/PrimoT/Page_Primo Tours  Danmarks bedste c/input_firstName'

2017-11-28 13:12:54 - [TEST_STEP][PASSED] - setText: Text 'Vibe Dalby' is set on object 'Object Repository/PrimoTours/Old Objects/Coco/PrimoT/Page_Primo Tours  Danmarks bedste c/input_lastName'

2017-11-28 13:12:55 - [MESSAGE][PASSED] - Text 'Vibe Dalby' is set on object 'Object Repository/PrimoTours/Old Objects/Coco/PrimoT/Page_Primo Tours  Danmarks bedste c/input_lastName'

2017-11-28 13:12:55 - [TEST_STEP][PASSED] - setText: Text 'Home address' is set on object 'Object Repository/PrimoTours/Old Objects/Coco/PrimoT/Page_Primo Tours  Danmarks bedste c/input_customerAddress'

2017-11-28 13:12:55 - [MESSAGE][PASSED] - Text 'Home address' is set on object 'Object Repository/PrimoTours/Old Objects/Coco/PrimoT/Page_Primo Tours  Danmarks bedste c/input_customerAddress'

2017-11-28 13:12:55 - [TEST_STEP][PASSED] - setText: Text '6700' is set on object 'Object Repository/PrimoTours/Old Objects/Coco/PrimoT/Page_Primo Tours  Danmarks bedste c/input_customerPostcode'

2017-11-28 13:12:55 - [MESSAGE][PASSED] - Text '6700' is set on object 'Object Repository/PrimoTours/Old Objects/Coco/PrimoT/Page_Primo Tours  Danmarks bedste c/input_customerPostcode'

2017-11-28 13:12:55 - [TEST_STEP][PASSED] - setText: Text 'cornel.neacsu@roweb.ro' is set on object 'Object Repository/PrimoTours/Old Objects/Coco/PrimoT/Page_Primo Tours  Danmarks bedste c/input_customerEmail'

2017-11-28 13:12:56 - [MESSAGE][PASSED] - Text 'cornel.neacsu@roweb.ro' is set on object 'Object Repository/PrimoTours/Old Objects/Coco/PrimoT/Page_Primo Tours  Danmarks bedste c/input_customerEmail'

2017-11-28 13:12:56 - [TEST_STEP][PASSED] - setText: Text '12345678' is set on object 'Object Repository/PrimoTours/Old Objects/Coco/PrimoT/Page_Primo Tours  Danmarks bedste c/input_customerPhone'

2017-11-28 13:12:56 - [MESSAGE][PASSED] - Text '12345678' is set on object 'Object Repository/PrimoTours/Old Objects/Coco/PrimoT/Page_Primo Tours  Danmarks bedste c/input_customerPhone'

2017-11-28 13:12:56 - [TEST_STEP][PASSED] - Statement - excelInfo = ["fname":"", "lname":"", "pgender":"", "pday":"", "pmonth":"", "pyear":""]: null

2017-11-28 13:12:56 - [TEST_STEP][PASSED] - Statement - rawData = com.kms.katalon.core.testdata.TestDataFactory.findTestData("Data Files/WB_Primo/Passenger_details"): Reading excel file with source file 'D:\Software testing\Tourpaq\Automated Katalon tests\Primo WB test\Data Files\Primo_URLs_For_Automated_Test.xls' and sheet name 'Passenger Names'

2017-11-28 13:12:56 - [TEST_STEP][PASSED] - Statement - excelRowNo = rawData.getRowNumbers(): null

2017-11-28 13:12:56 - [TEST_STEP][PASSED] - Statement - randomPaxIndex = 1: null

2017-11-28 13:12:56 - [TEST_STEP][PASSED] - waitForElementClickable: Object 'Object Repository/PrimoTours/Old Objects/Coco/PrimoT/Page_Primo Tours  Danmarks bedste c/input_firstname-0_1' is clickable

2017-11-28 13:12:57 - [MESSAGE][PASSED] - Object 'Object Repository/PrimoTours/Old Objects/Coco/PrimoT/Page_Primo Tours  Danmarks bedste c/input_firstname-0_1' is clickable

2017-11-28 13:12:57 - [TEST_STEP][PASSED] - Statement - driver = com.kms.katalon.core.webui.driver.DriverFactory.getWebDriver(): null

2017-11-28 13:12:57 - [TEST_STEP][PASSED] - Statement - roomContainerXpath = "id("booking")/div[@class="wrapper second-bg"]/div[contains(@class,"container-mx")]/div[@class="row"]/div[@class="col-md-12 roomContainer"]": null

2017-11-28 13:12:57 - [TEST_STEP][PASSED] - Statement - roomsCount = driver.findElements(org.openqa.selenium.By.xpath(roomContainerXpath)).size(): null

2017-11-28 13:12:57 - [TEST_STEP][PASSED] - Statement - println("roomsCount=" + roomsCount): null

2017-11-28 13:12:57 - [TEST_STEP][PASSED] - Statement - For ([i = 1, i <= roomsCount, (i++)]): Text 'Anne Katrine' is set on object 'Object Repository/PrimoTours/Old Objects/allPaxLastNameFields'

2017-11-28 13:12:57 - [TEST_STEP][PASSED] - Statement - paxInRoomXpath = roomContainerXpath + "[" + i + "]/div[@class="row"]/div[@class="col-md-12"]/div[@class="row"]": null

2017-11-28 13:12:57 - [TEST_STEP][PASSED] - Statement - paxInRoomCount = driver.findElements(org.openqa.selenium.By.xpath(paxInRoomXpath)).size(): null

2017-11-28 13:12:58 - [TEST_STEP][PASSED] - Statement - println("paxInRoomCount=" + paxInRoomCount): null

2017-11-28 13:12:58 - [TEST_STEP][PASSED] - Statement - For ([j = 1, j <= paxInRoomCount, (j++)]): Text 'Anne Katrine' is set on object 'Object Repository/PrimoTours/Old Objects/allPaxLastNameFields'

2017-11-28 13:12:58 - [TEST_STEP][PASSED] - Statement - If (i == 1 & j == 1): null

2017-11-28 13:12:58 - [TEST_STEP][PASSED] - Statement - <not implemented yet for class: org.codehaus.groovy.ast.stmt.ContinueStatement>: null

2017-11-28 13:12:58 - [TEST_STEP][PASSED] - Statement - If (i == 1 & j == 1): null

2017-11-28 13:12:58 - [TEST_STEP][PASSED] - Statement - randomPaxIndex = java.lang.Math.abs(new java.util.Random().nextInt() % excelRowNo) + 1: null

2017-11-28 13:12:58 - [TEST_STEP][PASSED] - Statement - println(randomPaxIndex): null

2017-11-28 13:12:58 - [TEST_STEP][PASSED] - Statement - fname = rawData.getValue("FirstName", randomPaxIndex) + " AUT": null

2017-11-28 13:12:58 - [TEST_STEP][PASSED] - Statement - lname = rawData.getValue("LastName", randomPaxIndex): null

2017-11-28 13:12:58 - [TEST_STEP][PASSED] - Statement - pgender = rawData.getValue("Gender", randomPaxIndex): null

2017-11-28 13:12:58 - [TEST_STEP][PASSED] - Statement - pday = rawData.getValue("Day DOB", randomPaxIndex): null

2017-11-28 13:12:58 - [TEST_STEP][PASSED] - Statement - pmonth = rawData.getValue("Month DOB", randomPaxIndex): null

2017-11-28 13:12:58 - [TEST_STEP][PASSED] - Statement - pyear = rawData.getValue("Year DOB", randomPaxIndex): null

2017-11-28 13:12:58 - [TEST_STEP][PASSED] - Statement - paxDetailFields = paxInRoomXpath + "[" + j + "]/div[@class="col-md-x col-md-9"]/div[@class="row paxContainer"]/div[@class="col-md-5"]": null

2017-11-28 13:12:58 - [TEST_STEP][PASSED] - Statement - xpathval = paxDetailFields + "[1]/div[contains(@class,"form-group")]/input[@class="form-control paxFirstName"]": null

2017-11-28 13:12:58 - [TEST_STEP][PASSED] - Statement - println("fn: " + xpathval): null

2017-11-28 13:12:58 - [TEST_STEP][PASSED] - Statement - repObj = com.kms.katalon.core.testobject.ObjectRepository.findTestObject(Object Repository/PrimoTours/Old Objects/allPaxFirstNameFields): Finding Test Object with id 'Object Repository/PrimoTours/Old Objects/allPaxFirstNameFields'

2017-11-28 13:12:58 - [TEST_STEP][PASSED] - Statement - repObj.findProperty("xpath").setValue(xpathval): null

2017-11-28 13:12:58 - [TEST_STEP][PASSED] - setText: Text 'Oldenstedt-Larsen AUT' is set on object 'Object Repository/PrimoTours/Old Objects/allPaxFirstNameFields'

2017-11-28 13:12:58 - [MESSAGE][PASSED] - Text 'Oldenstedt-Larsen AUT' is set on object 'Object Repository/PrimoTours/Old Objects/allPaxFirstNameFields'

2017-11-28 13:12:58 - [TEST_STEP][PASSED] - Statement - xpathval = paxDetailFields + "[2]/div[contains(@class,"form-group")]/input[@class="form-control paxLastName"]": null

2017-11-28 13:12:58 - [TEST_STEP][PASSED] - Statement - println("ln: " + xpathval): null

2017-11-28 13:12:58 - [TEST_STEP][PASSED] - Statement - repObj = com.kms.katalon.core.testobject.ObjectRepository.findTestObject(Object Repository/PrimoTours/Old Objects/allPaxLastNameFields): Finding Test Object with id 'Object Repository/PrimoTours/Old Objects/allPaxLastNameFields'

2017-11-28 13:12:58 - [TEST_STEP][PASSED] - Statement - repObj.findProperty("xpath").setValue(xpathval): null

2017-11-28 13:12:58 - [TEST_STEP][PASSED] - setText: Text 'Anne Katrine' is set on object 'Object Repository/PrimoTours/Old Objects/allPaxLastNameFields'

2017-11-28 13:12:58 - [MESSAGE][PASSED] - Text 'Anne Katrine' is set on object 'Object Repository/PrimoTours/Old Objects/allPaxLastNameFields'

2017-11-28 13:12:58 - [TEST_STEP][PASSED] - scrollToElement: Scroll to object 'Object Repository/PrimoTours/Old Objects/Coco (1)/PrimoT/SaveBooking2/Success/bookingTotalValue' successfully

2017-11-28 13:12:58 - [MESSAGE][PASSED] - Scroll to object 'Object Repository/PrimoTours/Old Objects/Coco (1)/PrimoT/SaveBooking2/Success/bookingTotalValue' successfully

2017-11-28 13:12:58 - [TEST_STEP][PASSED] - click: Object: 'Object Repository/PrimoTours/Old Objects/Coco (1)/PrimoT/SaveBooking2/Success/bookingTotalValue' is clicked on

2017-11-28 13:12:58 - [MESSAGE][PASSED] - Object: 'Object Repository/PrimoTours/Old Objects/Coco (1)/PrimoT/SaveBooking2/Success/bookingTotalValue' is clicked on

2017-11-28 13:12:58 - [TEST_STEP][PASSED] - scrollToElement: Scroll to object 'Object Repository/PrimoTours/Old Objects/Coco (1)/PrimoT/SaveBooking2/Success/Page_Primo Tours  Danmarks bedste c/i_fa fa-arrow-circle-right' successfully

2017-11-28 13:12:58 - [MESSAGE][PASSED] - Scroll to object 'Object Repository/PrimoTours/Old Objects/Coco (1)/PrimoT/SaveBooking2/Success/Page_Primo Tours  Danmarks bedste c/i_fa fa-arrow-circle-right' successfully

2017-11-28 13:12:58 - [TEST_STEP][PASSED] - waitForElementClickable: Object 'Object Repository/PrimoTours/Old Objects/Coco (1)/PrimoT/SaveBooking2/Success/Page_Primo Tours  Danmarks bedste c/i_fa fa-arrow-circle-right' is clickable

2017-11-28 13:12:58 - [MESSAGE][PASSED] - Object 'Object Repository/PrimoTours/Old Objects/Coco (1)/PrimoT/SaveBooking2/Success/Page_Primo Tours  Danmarks bedste c/i_fa fa-arrow-circle-right' is clickable

2017-11-28 13:12:58 - [TEST_STEP][PASSED] - waitForElementVisible: Object 'Object Repository/PrimoTours/Old Objects/Coco (1)/PrimoT/SaveBooking2/Success/Page_Primo Tours  Danmarks bedste c/i_fa fa-arrow-circle-right' is visible

2017-11-28 13:12:58 - [MESSAGE][PASSED] - Object 'Object Repository/PrimoTours/Old Objects/Coco (1)/PrimoT/SaveBooking2/Success/Page_Primo Tours  Danmarks bedste c/i_fa fa-arrow-circle-right' is visible

2017-11-28 13:12:58 - [TEST_STEP][PASSED] - scrollToElement: Scroll to object 'Object Repository/PrimoTours/Old Objects/Coco (1)/PrimoT/SaveBooking2/Success/Page_Primo Tours  Danmarks bedste c/i_fa fa-arrow-circle-right' successfully

2017-11-28 13:12:59 - [MESSAGE][PASSED] - Scroll to object 'Object Repository/PrimoTours/Old Objects/Coco (1)/PrimoT/SaveBooking2/Success/Page_Primo Tours  Danmarks bedste c/i_fa fa-arrow-circle-right' successfully

2017-11-28 13:12:59 - [TEST_STEP][PASSED] - click: Object: 'Object Repository/PrimoTours/Old Objects/Coco (1)/PrimoT/SaveBooking2/Success/Page_Primo Tours  Danmarks bedste c/i_fa fa-arrow-circle-right' is clicked on

2017-11-28 13:12:59 - [MESSAGE][PASSED] - Object: 'Object Repository/PrimoTours/Old Objects/Coco (1)/PrimoT/SaveBooking2/Success/Page_Primo Tours  Danmarks bedste c/i_fa fa-arrow-circle-right' is clicked on

2017-11-28 13:12:59 - [TEST_STEP][PASSED] - waitForElementNotVisible: Object 'Object Repository/PrimoTours/Old Objects/CCenter/pageLoaderOverlayLayer' is NOT visible

2017-11-28 13:13:00 - [MESSAGE][PASSED] - Object 'Object Repository/PrimoTours/Old Objects/CCenter/pageLoaderOverlayLayer' is NOT visible

2017-11-28 13:13:00 - [TEST_STEP][PASSED] - scrollToElement: Scroll to object 'Object Repository/PrimoTours/Old Objects/Coco/PrimoT/Ins2/Page_Primo Tours  Danmarks bedste c/span_Vlg forsikring' successfully

2017-11-28 13:13:00 - [MESSAGE][PASSED] - Scroll to object 'Object Repository/PrimoTours/Old Objects/Coco/PrimoT/Ins2/Page_Primo Tours  Danmarks bedste c/span_Vlg forsikring' successfully

2017-11-28 13:13:00 - [TEST_STEP][PASSED] - waitForElementPresent: Object 'Object Repository/PrimoTours/Old Objects/Coco/PrimoT/Ins2/Page_Primo Tours  Danmarks bedste c/span_Vlg forsikring' is present

2017-11-28 13:13:00 - [MESSAGE][PASSED] - Object 'Object Repository/PrimoTours/Old Objects/Coco/PrimoT/Ins2/Page_Primo Tours  Danmarks bedste c/span_Vlg forsikring' is present

2017-11-28 13:13:00 - [TEST_STEP][PASSED] - waitForElementVisible: Object 'Object Repository/PrimoTours/Old Objects/Coco/PrimoT/Ins2/Page_Primo Tours  Danmarks bedste c/span_Vlg forsikring' is visible

2017-11-28 13:13:00 - [MESSAGE][PASSED] - Object 'Object Repository/PrimoTours/Old Objects/Coco/PrimoT/Ins2/Page_Primo Tours  Danmarks bedste c/span_Vlg forsikring' is visible

2017-11-28 13:13:00 - [TEST_STEP][PASSED] - waitForElementClickable: Object 'Object Repository/PrimoTours/Old Objects/Coco/PrimoT/Ins2/Page_Primo Tours  Danmarks bedste c/span_Vlg forsikring' is clickable

2017-11-28 13:13:00 - [MESSAGE][PASSED] - Object 'Object Repository/PrimoTours/Old Objects/Coco/PrimoT/Ins2/Page_Primo Tours  Danmarks bedste c/span_Vlg forsikring' is clickable

2017-11-28 13:13:00 - [TEST_STEP][PASSED] - click: Object: 'Object Repository/PrimoTours/Old Objects/Coco/PrimoT/Ins2/Page_Primo Tours  Danmarks bedste c/span_Vlg forsikring' is clicked on

2017-11-28 13:13:00 - [MESSAGE][PASSED] - Object: 'Object Repository/PrimoTours/Old Objects/Coco/PrimoT/Ins2/Page_Primo Tours  Danmarks bedste c/span_Vlg forsikring' is clicked on

2017-11-28 13:13:00 - [TEST_STEP][PASSED] - click: Object: 'Object Repository/PrimoTours/Old Objects/Coco/PrimoT/Ins2/Page_Primo Tours  Danmarks bedste c/li_Har selv forsikring - kr. 0' is clicked on

2017-11-28 13:13:00 - [MESSAGE][PASSED] - Object: 'Object Repository/PrimoTours/Old Objects/Coco/PrimoT/Ins2/Page_Primo Tours  Danmarks bedste c/li_Har selv forsikring - kr. 0' is clicked on

2017-11-28 13:13:00 - [TEST_STEP][NOT_RUN] - click: NOT_RUN: click

2017-11-28 13:13:00 - [MESSAGE][NOT_RUN] - NOT_RUN: click

2017-11-28 13:13:00 - [TEST_STEP][NOT_RUN] - scrollToElement: NOT_RUN: scrollToElement

2017-11-28 13:13:00 - [MESSAGE][NOT_RUN] - NOT_RUN: scrollToElement

2017-11-28 13:13:00 - [TEST_STEP][NOT_RUN] - click: NOT_RUN: click

2017-11-28 13:13:00 - [MESSAGE][NOT_RUN] - NOT_RUN: click

2017-11-28 13:13:00 - [TEST_STEP][PASSED] - waitForElementVisible: Object 'Object Repository/PrimoTours/Old Objects/Coco (1)/PrimoT/SaveBooking2/Page_Primo Tours  Danmarks bedste c/individualInsuranceCheckbox' is visible

2017-11-28 13:13:00 - [MESSAGE][PASSED] - Object 'Object Repository/PrimoTours/Old Objects/Coco (1)/PrimoT/SaveBooking2/Page_Primo Tours  Danmarks bedste c/individualInsuranceCheckbox' is visible

2017-11-28 13:13:00 - [TEST_STEP][PASSED] - scrollToElement: Scroll to object 'Object Repository/PrimoTours/Old Objects/Coco (1)/PrimoT/SaveBooking2/Page_Primo Tours  Danmarks bedste c/individualInsuranceCheckbox' successfully

2017-11-28 13:13:00 - [MESSAGE][PASSED] - Scroll to object 'Object Repository/PrimoTours/Old Objects/Coco (1)/PrimoT/SaveBooking2/Page_Primo Tours  Danmarks bedste c/individualInsuranceCheckbox' successfully

2017-11-28 13:13:00 - [TEST_STEP][PASSED] - click: Object: 'Object Repository/PrimoTours/Old Objects/Coco (1)/PrimoT/SaveBooking2/Page_Primo Tours  Danmarks bedste c/individualInsuranceCheckbox' is clicked on

2017-11-28 13:13:00 - [MESSAGE][PASSED] - Object: 'Object Repository/PrimoTours/Old Objects/Coco (1)/PrimoT/SaveBooking2/Page_Primo Tours  Danmarks bedste c/individualInsuranceCheckbox' is clicked on

2017-11-28 13:13:00 - [TEST_STEP][PASSED] - scrollToElement: Scroll to object 'Object Repository/PrimoTours/Old Objects/Coco (1)/PrimoT/SaveBooking2/Success/firstProdCategIndividualSelectionRadioB' successfully

2017-11-28 13:13:01 - [MESSAGE][PASSED] - Scroll to object 'Object Repository/PrimoTours/Old Objects/Coco (1)/PrimoT/SaveBooking2/Success/firstProdCategIndividualSelectionRadioB' successfully

2017-11-28 13:13:01 - [TEST_STEP][PASSED] - waitForElementClickable: Object 'Object Repository/PrimoTours/Old Objects/Coco (1)/PrimoT/SaveBooking2/Success/firstProdCategIndividualSelectionRadioB' is clickable

2017-11-28 13:13:01 - [MESSAGE][PASSED] - Object 'Object Repository/PrimoTours/Old Objects/Coco (1)/PrimoT/SaveBooking2/Success/firstProdCategIndividualSelectionRadioB' is clickable

2017-11-28 13:13:01 - [TEST_STEP][PASSED] - scrollToElement: Scroll to object 'Object Repository/PrimoTours/Old Objects/Coco (1)/PrimoT/SaveBooking2/Success/firstProdCategIndividualSelectionRadioB' successfully

2017-11-28 13:13:01 - [MESSAGE][PASSED] - Scroll to object 'Object Repository/PrimoTours/Old Objects/Coco (1)/PrimoT/SaveBooking2/Success/firstProdCategIndividualSelectionRadioB' successfully

2017-11-28 13:13:01 - [TEST_STEP][PASSED] - click: Object: 'Object Repository/PrimoTours/Old Objects/Coco (1)/PrimoT/SaveBooking2/Success/firstProdCategIndividualSelectionRadioB' is clicked on

2017-11-28 13:13:01 - [MESSAGE][PASSED] - Object: 'Object Repository/PrimoTours/Old Objects/Coco (1)/PrimoT/SaveBooking2/Success/firstProdCategIndividualSelectionRadioB' is clicked on

2017-11-28 13:13:01 - [TEST_STEP][PASSED] - scrollToElement: Scroll to object 'Object Repository/PrimoTours/Old Objects/Coco (1)/PrimoT/SaveBooking2/Success/firstProdCategSelectForAllPaxCheckbox' successfully

2017-11-28 13:13:01 - [MESSAGE][PASSED] - Scroll to object 'Object Repository/PrimoTours/Old Objects/Coco (1)/PrimoT/SaveBooking2/Success/firstProdCategSelectForAllPaxCheckbox' successfully

2017-11-28 13:13:01 - [TEST_STEP][PASSED] - waitForElementClickable: Object 'Object Repository/PrimoTours/Old Objects/Coco (1)/PrimoT/SaveBooking2/Success/firstProdCategSelectForAllPaxCheckbox' is clickable

2017-11-28 13:13:01 - [MESSAGE][PASSED] - Object 'Object Repository/PrimoTours/Old Objects/Coco (1)/PrimoT/SaveBooking2/Success/firstProdCategSelectForAllPaxCheckbox' is clickable

2017-11-28 13:13:01 - [TEST_STEP][PASSED] - click: Object: 'Object Repository/PrimoTours/Old Objects/Coco (1)/PrimoT/SaveBooking2/Success/firstProdCategSelectForAllPaxCheckbox' is clicked on

2017-11-28 13:13:01 - [MESSAGE][PASSED] - Object: 'Object Repository/PrimoTours/Old Objects/Coco (1)/PrimoT/SaveBooking2/Success/firstProdCategSelectForAllPaxCheckbox' is clicked on

2017-11-28 13:13:01 - [TEST_STEP][NOT_RUN] - scrollToElement: NOT_RUN: scrollToElement

2017-11-28 13:13:01 - [MESSAGE][NOT_RUN] - NOT_RUN: scrollToElement

2017-11-28 13:13:01 - [TEST_STEP][NOT_RUN] - scrollToElement: NOT_RUN: scrollToElement

2017-11-28 13:13:01 - [MESSAGE][NOT_RUN] - NOT_RUN: scrollToElement

2017-11-28 13:13:01 - [TEST_STEP][NOT_RUN] - click: NOT_RUN: click

2017-11-28 13:13:01 - [MESSAGE][NOT_RUN] - NOT_RUN: click

2017-11-28 13:13:01 - [TEST_STEP][PASSED] - scrollToElement: Scroll to object 'Object Repository/PrimoTours/Old Objects/Coco (1)/PrimoT/SaveBooking2/Success/acceptTermsCheckbox' successfully

2017-11-28 13:13:01 - [MESSAGE][PASSED] - Scroll to object 'Object Repository/PrimoTours/Old Objects/Coco (1)/PrimoT/SaveBooking2/Success/acceptTermsCheckbox' successfully

2017-11-28 13:13:01 - [TEST_STEP][PASSED] - click: Object: 'Object Repository/PrimoTours/Old Objects/Coco (1)/PrimoT/SaveBooking2/Success/acceptTermsCheckbox' is clicked on

2017-11-28 13:13:02 - [MESSAGE][PASSED] - Object: 'Object Repository/PrimoTours/Old Objects/Coco (1)/PrimoT/SaveBooking2/Success/acceptTermsCheckbox' is clicked on

2017-11-28 13:13:02 - [TEST_STEP][PASSED] - waitForElementClickable: Object 'Object Repository/PrimoTours/Old Objects/Coco (1)/PrimoT/SaveBooking2/Page_Primo Tours  Danmarks bedste c/a_btn btn-success col-xs-12 st' is clickable

2017-11-28 13:13:02 - [MESSAGE][PASSED] - Object 'Object Repository/PrimoTours/Old Objects/Coco (1)/PrimoT/SaveBooking2/Page_Primo Tours  Danmarks bedste c/a_btn btn-success col-xs-12 st' is clickable

2017-11-28 13:13:02 - [TEST_STEP][PASSED] - scrollToElement: Scroll to object 'Object Repository/PrimoTours/Old Objects/Coco (1)/PrimoT/SaveBooking2/Page_Primo Tours  Danmarks bedste c/a_btn btn-success col-xs-12 st' successfully

2017-11-28 13:13:02 - [MESSAGE][PASSED] - Scroll to object 'Object Repository/PrimoTours/Old Objects/Coco (1)/PrimoT/SaveBooking2/Page_Primo Tours  Danmarks bedste c/a_btn btn-success col-xs-12 st' successfully

2017-11-28 13:13:02 - [TEST_STEP][FAILED] - click: Unable to click on object 'Object Repository/PrimoTours/Old Objects/Coco (1)/PrimoT/SaveBooking2/Page_Primo Tours  Danmarks bedste c/a_btn btn-success col-xs-12 st' (Root cause: org.openqa.selenium.WebDriverException: unknown error: Element <a href="javascript:;" class="btn btn-success col-xs-12 step defaultButton disabledElement" data-validator="options" data-loader="true" data-bind="css: tourpaq.bookingEngine.confirmation.nextStepButtonStyle">...</a> is not clickable at point (1337, 729). Other element would receive the click: <div class="col-xs-12 col-md-4 col-md-offset-4 pull-right">...</div>
  (Session info: chrome=62.0.3202.94)
  (Driver info: chromedriver=2.33.506120 (e3e53437346286c0bc2d2dc9aa4915ba81d9023f),platform=Windows NT 6.3.9600 x86_64) (WARNING: The server did not provide any stacktrace information)
Command duration or timeout: 0 milliseconds
Build info: version: '3.7.1', revision: '8a0099a', time: '2017-11-06T21:07:36.161Z'
System info: host: 'NEACSUNEW-PC', ip: '10.10.10.211', os.name: 'Windows 8.1', os.arch: 'amd64', os.version: '6.3', java.version: '1.8.0_102'
Driver info: com.kms.katalon.selenium.driver.CChromeDriver
Capabilities {acceptSslCerts: true, applicationCacheEnabled: false, browserConnectionEnabled: false, browserName: chrome, chrome: {chromedriverVersion: 2.33.506120 (e3e53437346286..., userDataDir: C:\Users\Cornel\AppData\Loc...}, cssSelectorsEnabled: true, databaseEnabled: false, handlesAlerts: true, hasTouchScreen: false, javascriptEnabled: true, locationContextEnabled: true, mobileEmulationEnabled: false, nativeEvents: true, networkConnectionEnabled: false, pageLoadStrategy: normal, platform: XP, platformName: XP, rotatable: false, setWindowRect: true, takesHeapSnapshot: true, takesScreenshot: true, unexpectedAlertBehaviour: , unhandledPromptBehavior: , version: 62.0.3202.94, webStorageEnabled: true}
Session ID: c84a6c6c86dc404dbf5061e10c9afb29)

2017-11-28 13:13:03 - [MESSAGE][FAILED] - Unable to click on object 'Object Repository/PrimoTours/Old Objects/Coco (1)/PrimoT/SaveBooking2/Page_Primo Tours  Danmarks bedste c/a_btn btn-success col-xs-12 st' (Root cause: org.openqa.selenium.WebDriverException: unknown error: Element <a href="javascript:;" class="btn btn-success col-xs-12 step defaultButton disabledElement" data-validator="options" data-loader="true" data-bind="css: tourpaq.bookingEngine.confirmation.nextStepButtonStyle">...</a> is not clickable at point (1337, 729). Other element would receive the click: <div class="col-xs-12 col-md-4 col-md-offset-4 pull-right">...</div>
  (Session info: chrome=62.0.3202.94)
  (Driver info: chromedriver=2.33.506120 (e3e53437346286c0bc2d2dc9aa4915ba81d9023f),platform=Windows NT 6.3.9600 x86_64) (WARNING: The server did not provide any stacktrace information)
Command duration or timeout: 0 milliseconds
Build info: version: '3.7.1', revision: '8a0099a', time: '2017-11-06T21:07:36.161Z'
System info: host: 'NEACSUNEW-PC', ip: '10.10.10.211', os.name: 'Windows 8.1', os.arch: 'amd64', os.version: '6.3', java.version: '1.8.0_102'
Driver info: com.kms.katalon.selenium.driver.CChromeDriver
Capabilities {acceptSslCerts: true, applicationCacheEnabled: false, browserConnectionEnabled: false, browserName: chrome, chrome: {chromedriverVersion: 2.33.506120 (e3e53437346286..., userDataDir: C:\Users\Cornel\AppData\Loc...}, cssSelectorsEnabled: true, databaseEnabled: false, handlesAlerts: true, hasTouchScreen: false, javascriptEnabled: true, locationContextEnabled: true, mobileEmulationEnabled: false, nativeEvents: true, networkConnectionEnabled: false, pageLoadStrategy: normal, platform: XP, platformName: XP, rotatable: false, setWindowRect: true, takesHeapSnapshot: true, takesScreenshot: true, unexpectedAlertBehaviour: , unhandledPromptBehavior: , version: 62.0.3202.94, webStorageEnabled: true}
Session ID: c84a6c6c86dc404dbf5061e10c9afb29)
[[ATTACHMENT|D:\\Software testing\\Tourpaq\\Automated Katalon tests\\Primo WB test\\Reports\\WB Primo From Excel URLs\\20171128_131240\\1511867582657.png]]]]></system-out>
         <system-err><![CDATA[2017-11-28 13:12:44 - [TEST_CASE][FAILED] - Test Cases/PrimoTours/WB Primo/WB Primo staging - place booking - Iteration 1: Test Cases/PrimoTours/WB Primo/WB Primo staging - place booking FAILED because (of) Unable to click on object 'Object Repository/PrimoTours/Old Objects/Coco (1)/PrimoT/SaveBooking2/Page_Primo Tours  Danmarks bedste c/a_btn btn-success col-xs-12 st' (Root cause: org.openqa.selenium.WebDriverException: unknown error: Element <a href="javascript:;" class="btn btn-success col-xs-12 step defaultButton disabledElement" data-validator="options" data-loader="true" data-bind="css: tourpaq.bookingEngine.confirmation.nextStepButtonStyle">...</a> is not clickable at point (1337, 729). Other element would receive the click: <div class="col-xs-12 col-md-4 col-md-offset-4 pull-right">...</div>
  (Session info: chrome=62.0.3202.94)
  (Driver info: chromedriver=2.33.506120 (e3e53437346286c0bc2d2dc9aa4915ba81d9023f),platform=Windows NT 6.3.9600 x86_64) (WARNING: The server did not provide any stacktrace information)
Command duration or timeout: 0 milliseconds
Build info: version: '3.7.1', revision: '8a0099a', time: '2017-11-06T21:07:36.161Z'
System info: host: 'NEACSUNEW-PC', ip: '10.10.10.211', os.name: 'Windows 8.1', os.arch: 'amd64', os.version: '6.3', java.version: '1.8.0_102'
Driver info: com.kms.katalon.selenium.driver.CChromeDriver
Capabilities {acceptSslCerts: true, applicationCacheEnabled: false, browserConnectionEnabled: false, browserName: chrome, chrome: {chromedriverVersion: 2.33.506120 (e3e53437346286..., userDataDir: C:\Users\Cornel\AppData\Loc...}, cssSelectorsEnabled: true, databaseEnabled: false, handlesAlerts: true, hasTouchScreen: false, javascriptEnabled: true, locationContextEnabled: true, mobileEmulationEnabled: false, nativeEvents: true, networkConnectionEnabled: false, pageLoadStrategy: normal, platform: XP, platformName: XP, rotatable: false, setWindowRect: true, takesHeapSnapshot: true, takesScreenshot: true, unexpectedAlertBehaviour: , unhandledPromptBehavior: , version: 62.0.3202.94, webStorageEnabled: true}
Session ID: c84a6c6c86dc404dbf5061e10c9afb29)]]></system-err>
      </testcase>
      <testcase name="Test Cases/PrimoTours/WB Primo/WB Primo staging - place booking - Iteration 2" classname="Test Cases/PrimoTours/WB Primo/WB Primo staging - place booking" status="FAILED">
         <failure type="FAILED" message="Test Cases/PrimoTours/WB Primo/WB Primo staging - place booking FAILED because (of) Unable to click on object 'Object Repository/PrimoTours/Old Objects/Coco (1)/PrimoT/SaveBooking2/Success/acceptTermsCheckbox' (Root cause: org.openqa.selenium.WebDriverException: unknown error: Element &lt;a href=&quot;#&quot; class=&quot;toggle checkbox kalypto&quot;>&lt;/a> is not clickable at point (395, 672). Other element would receive the click: &lt;h2>...&lt;/h2>
  (Session info: chrome=62.0.3202.94)
  (Driver info: chromedriver=2.33.506120 (e3e53437346286c0bc2d2dc9aa4915ba81d9023f),platform=Windows NT 6.3.9600 x86_64) (WARNING: The server did not provide any stacktrace information)
Command duration or timeout: 0 milliseconds
Build info: version: '3.7.1', revision: '8a0099a', time: '2017-11-06T21:07:36.161Z'
System info: host: 'NEACSUNEW-PC', ip: '10.10.10.211', os.name: 'Windows 8.1', os.arch: 'amd64', os.version: '6.3', java.version: '1.8.0_102'
Driver info: com.kms.katalon.selenium.driver.CChromeDriver
Capabilities {acceptSslCerts: true, applicationCacheEnabled: false, browserConnectionEnabled: false, browserName: chrome, chrome: {chromedriverVersion: 2.33.506120 (e3e53437346286..., userDataDir: C:\Users\Cornel\AppData\Loc...}, cssSelectorsEnabled: true, databaseEnabled: false, handlesAlerts: true, hasTouchScreen: false, javascriptEnabled: true, locationContextEnabled: true, mobileEmulationEnabled: false, nativeEvents: true, networkConnectionEnabled: false, pageLoadStrategy: normal, platform: XP, platformName: XP, rotatable: false, setWindowRect: true, takesHeapSnapshot: true, takesScreenshot: true, unexpectedAlertBehaviour: , unhandledPromptBehavior: , version: 62.0.3202.94, webStorageEnabled: true}
Session ID: 2f7b387f03942ff1781171dadf6d327b)"/>
         <system-out><![CDATA[2017-11-28 13:13:03 - [TEST_CASE][FAILED] - Test Cases/PrimoTours/WB Primo/WB Primo staging - place booking - Iteration 2: Test Cases/PrimoTours/WB Primo/WB Primo staging - place booking FAILED because (of) Unable to click on object 'Object Repository/PrimoTours/Old Objects/Coco (1)/PrimoT/SaveBooking2/Success/acceptTermsCheckbox' (Root cause: org.openqa.selenium.WebDriverException: unknown error: Element <a href="#" class="toggle checkbox kalypto"></a> is not clickable at point (395, 672). Other element would receive the click: <h2>...</h2>
  (Session info: chrome=62.0.3202.94)
  (Driver info: chromedriver=2.33.506120 (e3e53437346286c0bc2d2dc9aa4915ba81d9023f),platform=Windows NT 6.3.9600 x86_64) (WARNING: The server did not provide any stacktrace information)
Command duration or timeout: 0 milliseconds
Build info: version: '3.7.1', revision: '8a0099a', time: '2017-11-06T21:07:36.161Z'
System info: host: 'NEACSUNEW-PC', ip: '10.10.10.211', os.name: 'Windows 8.1', os.arch: 'amd64', os.version: '6.3', java.version: '1.8.0_102'
Driver info: com.kms.katalon.selenium.driver.CChromeDriver
Capabilities {acceptSslCerts: true, applicationCacheEnabled: false, browserConnectionEnabled: false, browserName: chrome, chrome: {chromedriverVersion: 2.33.506120 (e3e53437346286..., userDataDir: C:\Users\Cornel\AppData\Loc...}, cssSelectorsEnabled: true, databaseEnabled: false, handlesAlerts: true, hasTouchScreen: false, javascriptEnabled: true, locationContextEnabled: true, mobileEmulationEnabled: false, nativeEvents: true, networkConnectionEnabled: false, pageLoadStrategy: normal, platform: XP, platformName: XP, rotatable: false, setWindowRect: true, takesHeapSnapshot: true, takesScreenshot: true, unexpectedAlertBehaviour: , unhandledPromptBehavior: , version: 62.0.3202.94, webStorageEnabled: true}
Session ID: 2f7b387f03942ff1781171dadf6d327b)

2017-11-28 13:13:03 - [TEST_STEP][PASSED] - openBrowser: Browser is opened with url: ''

2017-11-28 13:13:03 - [MESSAGE][WARNING] - A browser is already opened. Closing browser and opening a new one

2017-11-28 13:13:06 - [MESSAGE][PASSED] - Browser is opened with url: ''

2017-11-28 13:13:06 - [TEST_STEP][PASSED] - maximizeWindow: Current window maximized

2017-11-28 13:13:07 - [MESSAGE][PASSED] - Current window maximized

2017-11-28 13:13:07 - [TEST_STEP][PASSED] - navigateToUrl: Navigate to 'https://staging-primotours-webbooking.tourpaq.com/DoBooking.aspx?pltaID=1480269&p=1&rno=1&pt=1&a=2&c=2&aa=&ca=1,5' successfully

2017-11-28 13:13:09 - [MESSAGE][PASSED] - Navigate to 'https://staging-primotours-webbooking.tourpaq.com/DoBooking.aspx?pltaID=1480269&p=1&rno=1&pt=1&a=2&c=2&aa=&ca=1,5' successfully

2017-11-28 13:13:09 - [TEST_STEP][PASSED] - setText: Text 'Pedersen AUT' is set on object 'Object Repository/PrimoTours/Old Objects/Coco/PrimoT/Page_Primo Tours  Danmarks bedste c/input_firstName'

2017-11-28 13:13:09 - [MESSAGE][PASSED] - Text 'Pedersen AUT' is set on object 'Object Repository/PrimoTours/Old Objects/Coco/PrimoT/Page_Primo Tours  Danmarks bedste c/input_firstName'

2017-11-28 13:13:09 - [TEST_STEP][PASSED] - setText: Text 'Vibe Dalby' is set on object 'Object Repository/PrimoTours/Old Objects/Coco/PrimoT/Page_Primo Tours  Danmarks bedste c/input_lastName'

2017-11-28 13:13:10 - [MESSAGE][PASSED] - Text 'Vibe Dalby' is set on object 'Object Repository/PrimoTours/Old Objects/Coco/PrimoT/Page_Primo Tours  Danmarks bedste c/input_lastName'

2017-11-28 13:13:10 - [TEST_STEP][PASSED] - setText: Text 'Home address' is set on object 'Object Repository/PrimoTours/Old Objects/Coco/PrimoT/Page_Primo Tours  Danmarks bedste c/input_customerAddress'

2017-11-28 13:13:10 - [MESSAGE][PASSED] - Text 'Home address' is set on object 'Object Repository/PrimoTours/Old Objects/Coco/PrimoT/Page_Primo Tours  Danmarks bedste c/input_customerAddress'

2017-11-28 13:13:10 - [TEST_STEP][PASSED] - setText: Text '6700' is set on object 'Object Repository/PrimoTours/Old Objects/Coco/PrimoT/Page_Primo Tours  Danmarks bedste c/input_customerPostcode'

2017-11-28 13:13:10 - [MESSAGE][PASSED] - Text '6700' is set on object 'Object Repository/PrimoTours/Old Objects/Coco/PrimoT/Page_Primo Tours  Danmarks bedste c/input_customerPostcode'

2017-11-28 13:13:10 - [TEST_STEP][PASSED] - setText: Text 'cornel.neacsu@roweb.ro' is set on object 'Object Repository/PrimoTours/Old Objects/Coco/PrimoT/Page_Primo Tours  Danmarks bedste c/input_customerEmail'

2017-11-28 13:13:10 - [MESSAGE][PASSED] - Text 'cornel.neacsu@roweb.ro' is set on object 'Object Repository/PrimoTours/Old Objects/Coco/PrimoT/Page_Primo Tours  Danmarks bedste c/input_customerEmail'

2017-11-28 13:13:10 - [TEST_STEP][PASSED] - setText: Text '12345678' is set on object 'Object Repository/PrimoTours/Old Objects/Coco/PrimoT/Page_Primo Tours  Danmarks bedste c/input_customerPhone'

2017-11-28 13:13:11 - [MESSAGE][PASSED] - Text '12345678' is set on object 'Object Repository/PrimoTours/Old Objects/Coco/PrimoT/Page_Primo Tours  Danmarks bedste c/input_customerPhone'

2017-11-28 13:13:11 - [TEST_STEP][PASSED] - Statement - excelInfo = ["fname":"", "lname":"", "pgender":"", "pday":"", "pmonth":"", "pyear":""]: null

2017-11-28 13:13:11 - [TEST_STEP][PASSED] - Statement - rawData = com.kms.katalon.core.testdata.TestDataFactory.findTestData("Data Files/WB_Primo/Passenger_details"): Reading excel file with source file 'D:\Software testing\Tourpaq\Automated Katalon tests\Primo WB test\Data Files\Primo_URLs_For_Automated_Test.xls' and sheet name 'Passenger Names'

2017-11-28 13:13:11 - [TEST_STEP][PASSED] - Statement - excelRowNo = rawData.getRowNumbers(): null

2017-11-28 13:13:11 - [TEST_STEP][PASSED] - Statement - randomPaxIndex = 1: null

2017-11-28 13:13:11 - [TEST_STEP][PASSED] - waitForElementClickable: Object 'Object Repository/PrimoTours/Old Objects/Coco/PrimoT/Page_Primo Tours  Danmarks bedste c/input_firstname-0_1' is clickable

2017-11-28 13:13:12 - [MESSAGE][PASSED] - Object 'Object Repository/PrimoTours/Old Objects/Coco/PrimoT/Page_Primo Tours  Danmarks bedste c/input_firstname-0_1' is clickable

2017-11-28 13:13:12 - [TEST_STEP][PASSED] - Statement - driver = com.kms.katalon.core.webui.driver.DriverFactory.getWebDriver(): null

2017-11-28 13:13:12 - [TEST_STEP][PASSED] - Statement - roomContainerXpath = "id("booking")/div[@class="wrapper second-bg"]/div[contains(@class,"container-mx")]/div[@class="row"]/div[@class="col-md-12 roomContainer"]": null

2017-11-28 13:13:12 - [TEST_STEP][PASSED] - Statement - roomsCount = driver.findElements(org.openqa.selenium.By.xpath(roomContainerXpath)).size(): null

2017-11-28 13:13:12 - [TEST_STEP][PASSED] - Statement - println("roomsCount=" + roomsCount): null

2017-11-28 13:13:12 - [TEST_STEP][PASSED] - Statement - For ([i = 1, i <= roomsCount, (i++)]): Text 'Anna Bille' is set on object 'Object Repository/PrimoTours/Old Objects/allPaxLastNameFields'

2017-11-28 13:13:12 - [TEST_STEP][PASSED] - Statement - paxInRoomXpath = roomContainerXpath + "[" + i + "]/div[@class="row"]/div[@class="col-md-12"]/div[@class="row"]": null

2017-11-28 13:13:12 - [TEST_STEP][PASSED] - Statement - paxInRoomCount = driver.findElements(org.openqa.selenium.By.xpath(paxInRoomXpath)).size(): null

2017-11-28 13:13:12 - [TEST_STEP][PASSED] - Statement - println("paxInRoomCount=" + paxInRoomCount): null

2017-11-28 13:13:12 - [TEST_STEP][PASSED] - Statement - For ([j = 1, j <= paxInRoomCount, (j++)]): Text 'Anna Bille' is set on object 'Object Repository/PrimoTours/Old Objects/allPaxLastNameFields'

2017-11-28 13:13:12 - [TEST_STEP][PASSED] - Statement - If (i == 1 & j == 1): null

2017-11-28 13:13:12 - [TEST_STEP][PASSED] - Statement - <not implemented yet for class: org.codehaus.groovy.ast.stmt.ContinueStatement>: null

2017-11-28 13:13:12 - [TEST_STEP][PASSED] - Statement - If (i == 1 & j == 1): null

2017-11-28 13:13:12 - [TEST_STEP][PASSED] - Statement - randomPaxIndex = java.lang.Math.abs(new java.util.Random().nextInt() % excelRowNo) + 1: null

2017-11-28 13:13:12 - [TEST_STEP][PASSED] - Statement - println(randomPaxIndex): null

2017-11-28 13:13:12 - [TEST_STEP][PASSED] - Statement - fname = rawData.getValue("FirstName", randomPaxIndex) + " AUT": null

2017-11-28 13:13:12 - [TEST_STEP][PASSED] - Statement - lname = rawData.getValue("LastName", randomPaxIndex): null

2017-11-28 13:13:12 - [TEST_STEP][PASSED] - Statement - pgender = rawData.getValue("Gender", randomPaxIndex): null

2017-11-28 13:13:12 - [TEST_STEP][PASSED] - Statement - pday = rawData.getValue("Day DOB", randomPaxIndex): null

2017-11-28 13:13:12 - [TEST_STEP][PASSED] - Statement - pmonth = rawData.getValue("Month DOB", randomPaxIndex): null

2017-11-28 13:13:12 - [TEST_STEP][PASSED] - Statement - pyear = rawData.getValue("Year DOB", randomPaxIndex): null

2017-11-28 13:13:12 - [TEST_STEP][PASSED] - Statement - paxDetailFields = paxInRoomXpath + "[" + j + "]/div[@class="col-md-x col-md-9"]/div[@class="row paxContainer"]/div[@class="col-md-5"]": null

2017-11-28 13:13:12 - [TEST_STEP][PASSED] - Statement - xpathval = paxDetailFields + "[1]/div[contains(@class,"form-group")]/input[@class="form-control paxFirstName"]": null

2017-11-28 13:13:12 - [TEST_STEP][PASSED] - Statement - println("fn: " + xpathval): null

2017-11-28 13:13:12 - [TEST_STEP][PASSED] - Statement - repObj = com.kms.katalon.core.testobject.ObjectRepository.findTestObject(Object Repository/PrimoTours/Old Objects/allPaxFirstNameFields): Finding Test Object with id 'Object Repository/PrimoTours/Old Objects/allPaxFirstNameFields'

2017-11-28 13:13:12 - [TEST_STEP][PASSED] - Statement - repObj.findProperty("xpath").setValue(xpathval): null

2017-11-28 13:13:12 - [TEST_STEP][PASSED] - setText: Text 'Olsen AUT' is set on object 'Object Repository/PrimoTours/Old Objects/allPaxFirstNameFields'

2017-11-28 13:13:13 - [MESSAGE][PASSED] - Text 'Olsen AUT' is set on object 'Object Repository/PrimoTours/Old Objects/allPaxFirstNameFields'

2017-11-28 13:13:13 - [TEST_STEP][PASSED] - Statement - xpathval = paxDetailFields + "[2]/div[contains(@class,"form-group")]/input[@class="form-control paxLastName"]": null

2017-11-28 13:13:13 - [TEST_STEP][PASSED] - Statement - println("ln: " + xpathval): null

2017-11-28 13:13:13 - [TEST_STEP][PASSED] - Statement - repObj = com.kms.katalon.core.testobject.ObjectRepository.findTestObject(Object Repository/PrimoTours/Old Objects/allPaxLastNameFields): Finding Test Object with id 'Object Repository/PrimoTours/Old Objects/allPaxLastNameFields'

2017-11-28 13:13:13 - [TEST_STEP][PASSED] - Statement - repObj.findProperty("xpath").setValue(xpathval): null

2017-11-28 13:13:13 - [TEST_STEP][PASSED] - setText: Text 'Ingeborg Buhr' is set on object 'Object Repository/PrimoTours/Old Objects/allPaxLastNameFields'

2017-11-28 13:13:13 - [MESSAGE][PASSED] - Text 'Ingeborg Buhr' is set on object 'Object Repository/PrimoTours/Old Objects/allPaxLastNameFields'

2017-11-28 13:13:13 - [TEST_STEP][PASSED] - Statement - If (i == 1 & j == 1): null

2017-11-28 13:13:13 - [TEST_STEP][PASSED] - Statement - randomPaxIndex = java.lang.Math.abs(new java.util.Random().nextInt() % excelRowNo) + 1: null

2017-11-28 13:13:13 - [TEST_STEP][PASSED] - Statement - println(randomPaxIndex): null

2017-11-28 13:13:13 - [TEST_STEP][PASSED] - Statement - fname = rawData.getValue("FirstName", randomPaxIndex) + " AUT": null

2017-11-28 13:13:13 - [TEST_STEP][PASSED] - Statement - lname = rawData.getValue("LastName", randomPaxIndex): null

2017-11-28 13:13:13 - [TEST_STEP][PASSED] - Statement - pgender = rawData.getValue("Gender", randomPaxIndex): null

2017-11-28 13:13:13 - [TEST_STEP][PASSED] - Statement - pday = rawData.getValue("Day DOB", randomPaxIndex): null

2017-11-28 13:13:13 - [TEST_STEP][PASSED] - Statement - pmonth = rawData.getValue("Month DOB", randomPaxIndex): null

2017-11-28 13:13:13 - [TEST_STEP][PASSED] - Statement - pyear = rawData.getValue("Year DOB", randomPaxIndex): null

2017-11-28 13:13:13 - [TEST_STEP][PASSED] - Statement - paxDetailFields = paxInRoomXpath + "[" + j + "]/div[@class="col-md-x col-md-9"]/div[@class="row paxContainer"]/div[@class="col-md-5"]": null

2017-11-28 13:13:13 - [TEST_STEP][PASSED] - Statement - xpathval = paxDetailFields + "[1]/div[contains(@class,"form-group")]/input[@class="form-control paxFirstName"]": null

2017-11-28 13:13:13 - [TEST_STEP][PASSED] - Statement - println("fn: " + xpathval): null

2017-11-28 13:13:13 - [TEST_STEP][PASSED] - Statement - repObj = com.kms.katalon.core.testobject.ObjectRepository.findTestObject(Object Repository/PrimoTours/Old Objects/allPaxFirstNameFields): Finding Test Object with id 'Object Repository/PrimoTours/Old Objects/allPaxFirstNameFields'

2017-11-28 13:13:13 - [TEST_STEP][PASSED] - Statement - repObj.findProperty("xpath").setValue(xpathval): null

2017-11-28 13:13:13 - [TEST_STEP][PASSED] - setText: Text 'Knudsen AUT' is set on object 'Object Repository/PrimoTours/Old Objects/allPaxFirstNameFields'

2017-11-28 13:13:13 - [MESSAGE][PASSED] - Text 'Knudsen AUT' is set on object 'Object Repository/PrimoTours/Old Objects/allPaxFirstNameFields'

2017-11-28 13:13:13 - [TEST_STEP][PASSED] - Statement - xpathval = paxDetailFields + "[2]/div[contains(@class,"form-group")]/input[@class="form-control paxLastName"]": null

2017-11-28 13:13:13 - [TEST_STEP][PASSED] - Statement - println("ln: " + xpathval): null

2017-11-28 13:13:13 - [TEST_STEP][PASSED] - Statement - repObj = com.kms.katalon.core.testobject.ObjectRepository.findTestObject(Object Repository/PrimoTours/Old Objects/allPaxLastNameFields): Finding Test Object with id 'Object Repository/PrimoTours/Old Objects/allPaxLastNameFields'

2017-11-28 13:13:13 - [TEST_STEP][PASSED] - Statement - repObj.findProperty("xpath").setValue(xpathval): null

2017-11-28 13:13:13 - [TEST_STEP][PASSED] - setText: Text 'Nicky Thomas' is set on object 'Object Repository/PrimoTours/Old Objects/allPaxLastNameFields'

2017-11-28 13:13:14 - [MESSAGE][PASSED] - Text 'Nicky Thomas' is set on object 'Object Repository/PrimoTours/Old Objects/allPaxLastNameFields'

2017-11-28 13:13:14 - [TEST_STEP][PASSED] - Statement - If (i == 1 & j == 1): null

2017-11-28 13:13:14 - [TEST_STEP][PASSED] - Statement - randomPaxIndex = java.lang.Math.abs(new java.util.Random().nextInt() % excelRowNo) + 1: null

2017-11-28 13:13:14 - [TEST_STEP][PASSED] - Statement - println(randomPaxIndex): null

2017-11-28 13:13:14 - [TEST_STEP][PASSED] - Statement - fname = rawData.getValue("FirstName", randomPaxIndex) + " AUT": null

2017-11-28 13:13:14 - [TEST_STEP][PASSED] - Statement - lname = rawData.getValue("LastName", randomPaxIndex): null

2017-11-28 13:13:14 - [TEST_STEP][PASSED] - Statement - pgender = rawData.getValue("Gender", randomPaxIndex): null

2017-11-28 13:13:14 - [TEST_STEP][PASSED] - Statement - pday = rawData.getValue("Day DOB", randomPaxIndex): null

2017-11-28 13:13:14 - [TEST_STEP][PASSED] - Statement - pmonth = rawData.getValue("Month DOB", randomPaxIndex): null

2017-11-28 13:13:14 - [TEST_STEP][PASSED] - Statement - pyear = rawData.getValue("Year DOB", randomPaxIndex): null

2017-11-28 13:13:14 - [TEST_STEP][PASSED] - Statement - paxDetailFields = paxInRoomXpath + "[" + j + "]/div[@class="col-md-x col-md-9"]/div[@class="row paxContainer"]/div[@class="col-md-5"]": null

2017-11-28 13:13:14 - [TEST_STEP][PASSED] - Statement - xpathval = paxDetailFields + "[1]/div[contains(@class,"form-group")]/input[@class="form-control paxFirstName"]": null

2017-11-28 13:13:14 - [TEST_STEP][PASSED] - Statement - println("fn: " + xpathval): null

2017-11-28 13:13:14 - [TEST_STEP][PASSED] - Statement - repObj = com.kms.katalon.core.testobject.ObjectRepository.findTestObject(Object Repository/PrimoTours/Old Objects/allPaxFirstNameFields): Finding Test Object with id 'Object Repository/PrimoTours/Old Objects/allPaxFirstNameFields'

2017-11-28 13:13:14 - [TEST_STEP][PASSED] - Statement - repObj.findProperty("xpath").setValue(xpathval): null

2017-11-28 13:13:14 - [TEST_STEP][PASSED] - setText: Text 'Larsen AUT' is set on object 'Object Repository/PrimoTours/Old Objects/allPaxFirstNameFields'

2017-11-28 13:13:14 - [MESSAGE][PASSED] - Text 'Larsen AUT' is set on object 'Object Repository/PrimoTours/Old Objects/allPaxFirstNameFields'

2017-11-28 13:13:14 - [TEST_STEP][PASSED] - Statement - xpathval = paxDetailFields + "[2]/div[contains(@class,"form-group")]/input[@class="form-control paxLastName"]": null

2017-11-28 13:13:14 - [TEST_STEP][PASSED] - Statement - println("ln: " + xpathval): null

2017-11-28 13:13:14 - [TEST_STEP][PASSED] - Statement - repObj = com.kms.katalon.core.testobject.ObjectRepository.findTestObject(Object Repository/PrimoTours/Old Objects/allPaxLastNameFields): Finding Test Object with id 'Object Repository/PrimoTours/Old Objects/allPaxLastNameFields'

2017-11-28 13:13:14 - [TEST_STEP][PASSED] - Statement - repObj.findProperty("xpath").setValue(xpathval): null

2017-11-28 13:13:14 - [TEST_STEP][PASSED] - setText: Text 'Anna Bille' is set on object 'Object Repository/PrimoTours/Old Objects/allPaxLastNameFields'

2017-11-28 13:13:14 - [MESSAGE][PASSED] - Text 'Anna Bille' is set on object 'Object Repository/PrimoTours/Old Objects/allPaxLastNameFields'

2017-11-28 13:13:14 - [TEST_STEP][PASSED] - scrollToElement: Scroll to object 'Object Repository/PrimoTours/Old Objects/Coco (1)/PrimoT/SaveBooking2/Success/bookingTotalValue' successfully

2017-11-28 13:13:14 - [MESSAGE][PASSED] - Scroll to object 'Object Repository/PrimoTours/Old Objects/Coco (1)/PrimoT/SaveBooking2/Success/bookingTotalValue' successfully

2017-11-28 13:13:14 - [TEST_STEP][PASSED] - click: Object: 'Object Repository/PrimoTours/Old Objects/Coco (1)/PrimoT/SaveBooking2/Success/bookingTotalValue' is clicked on

2017-11-28 13:13:14 - [MESSAGE][PASSED] - Object: 'Object Repository/PrimoTours/Old Objects/Coco (1)/PrimoT/SaveBooking2/Success/bookingTotalValue' is clicked on

2017-11-28 13:13:14 - [TEST_STEP][PASSED] - scrollToElement: Scroll to object 'Object Repository/PrimoTours/Old Objects/Coco (1)/PrimoT/SaveBooking2/Success/Page_Primo Tours  Danmarks bedste c/i_fa fa-arrow-circle-right' successfully

2017-11-28 13:13:14 - [MESSAGE][PASSED] - Scroll to object 'Object Repository/PrimoTours/Old Objects/Coco (1)/PrimoT/SaveBooking2/Success/Page_Primo Tours  Danmarks bedste c/i_fa fa-arrow-circle-right' successfully

2017-11-28 13:13:14 - [TEST_STEP][PASSED] - waitForElementClickable: Object 'Object Repository/PrimoTours/Old Objects/Coco (1)/PrimoT/SaveBooking2/Success/Page_Primo Tours  Danmarks bedste c/i_fa fa-arrow-circle-right' is clickable

2017-11-28 13:13:14 - [MESSAGE][PASSED] - Object 'Object Repository/PrimoTours/Old Objects/Coco (1)/PrimoT/SaveBooking2/Success/Page_Primo Tours  Danmarks bedste c/i_fa fa-arrow-circle-right' is clickable

2017-11-28 13:13:14 - [TEST_STEP][PASSED] - waitForElementVisible: Object 'Object Repository/PrimoTours/Old Objects/Coco (1)/PrimoT/SaveBooking2/Success/Page_Primo Tours  Danmarks bedste c/i_fa fa-arrow-circle-right' is visible

2017-11-28 13:13:14 - [MESSAGE][PASSED] - Object 'Object Repository/PrimoTours/Old Objects/Coco (1)/PrimoT/SaveBooking2/Success/Page_Primo Tours  Danmarks bedste c/i_fa fa-arrow-circle-right' is visible

2017-11-28 13:13:14 - [TEST_STEP][PASSED] - scrollToElement: Scroll to object 'Object Repository/PrimoTours/Old Objects/Coco (1)/PrimoT/SaveBooking2/Success/Page_Primo Tours  Danmarks bedste c/i_fa fa-arrow-circle-right' successfully

2017-11-28 13:13:14 - [MESSAGE][PASSED] - Scroll to object 'Object Repository/PrimoTours/Old Objects/Coco (1)/PrimoT/SaveBooking2/Success/Page_Primo Tours  Danmarks bedste c/i_fa fa-arrow-circle-right' successfully

2017-11-28 13:13:14 - [TEST_STEP][PASSED] - click: Object: 'Object Repository/PrimoTours/Old Objects/Coco (1)/PrimoT/SaveBooking2/Success/Page_Primo Tours  Danmarks bedste c/i_fa fa-arrow-circle-right' is clicked on

2017-11-28 13:13:14 - [MESSAGE][PASSED] - Object: 'Object Repository/PrimoTours/Old Objects/Coco (1)/PrimoT/SaveBooking2/Success/Page_Primo Tours  Danmarks bedste c/i_fa fa-arrow-circle-right' is clicked on

2017-11-28 13:13:14 - [TEST_STEP][PASSED] - waitForElementNotVisible: Object 'Object Repository/PrimoTours/Old Objects/CCenter/pageLoaderOverlayLayer' is NOT visible

2017-11-28 13:13:16 - [MESSAGE][PASSED] - Object 'Object Repository/PrimoTours/Old Objects/CCenter/pageLoaderOverlayLayer' is NOT visible

2017-11-28 13:13:16 - [TEST_STEP][PASSED] - scrollToElement: Scroll to object 'Object Repository/PrimoTours/Old Objects/Coco/PrimoT/Ins2/Page_Primo Tours  Danmarks bedste c/span_Vlg forsikring' successfully

2017-11-28 13:13:16 - [MESSAGE][PASSED] - Scroll to object 'Object Repository/PrimoTours/Old Objects/Coco/PrimoT/Ins2/Page_Primo Tours  Danmarks bedste c/span_Vlg forsikring' successfully

2017-11-28 13:13:16 - [TEST_STEP][PASSED] - waitForElementPresent: Object 'Object Repository/PrimoTours/Old Objects/Coco/PrimoT/Ins2/Page_Primo Tours  Danmarks bedste c/span_Vlg forsikring' is present

2017-11-28 13:13:16 - [MESSAGE][PASSED] - Object 'Object Repository/PrimoTours/Old Objects/Coco/PrimoT/Ins2/Page_Primo Tours  Danmarks bedste c/span_Vlg forsikring' is present

2017-11-28 13:13:16 - [TEST_STEP][PASSED] - waitForElementVisible: Object 'Object Repository/PrimoTours/Old Objects/Coco/PrimoT/Ins2/Page_Primo Tours  Danmarks bedste c/span_Vlg forsikring' is visible

2017-11-28 13:13:16 - [MESSAGE][PASSED] - Object 'Object Repository/PrimoTours/Old Objects/Coco/PrimoT/Ins2/Page_Primo Tours  Danmarks bedste c/span_Vlg forsikring' is visible

2017-11-28 13:13:16 - [TEST_STEP][PASSED] - waitForElementClickable: Object 'Object Repository/PrimoTours/Old Objects/Coco/PrimoT/Ins2/Page_Primo Tours  Danmarks bedste c/span_Vlg forsikring' is clickable

2017-11-28 13:13:16 - [MESSAGE][PASSED] - Object 'Object Repository/PrimoTours/Old Objects/Coco/PrimoT/Ins2/Page_Primo Tours  Danmarks bedste c/span_Vlg forsikring' is clickable

2017-11-28 13:13:16 - [TEST_STEP][PASSED] - click: Object: 'Object Repository/PrimoTours/Old Objects/Coco/PrimoT/Ins2/Page_Primo Tours  Danmarks bedste c/span_Vlg forsikring' is clicked on

2017-11-28 13:13:16 - [MESSAGE][PASSED] - Object: 'Object Repository/PrimoTours/Old Objects/Coco/PrimoT/Ins2/Page_Primo Tours  Danmarks bedste c/span_Vlg forsikring' is clicked on

2017-11-28 13:13:16 - [TEST_STEP][PASSED] - click: Object: 'Object Repository/PrimoTours/Old Objects/Coco/PrimoT/Ins2/Page_Primo Tours  Danmarks bedste c/li_Har selv forsikring - kr. 0' is clicked on

2017-11-28 13:13:16 - [MESSAGE][PASSED] - Object: 'Object Repository/PrimoTours/Old Objects/Coco/PrimoT/Ins2/Page_Primo Tours  Danmarks bedste c/li_Har selv forsikring - kr. 0' is clicked on

2017-11-28 13:13:16 - [TEST_STEP][NOT_RUN] - click: NOT_RUN: click

2017-11-28 13:13:16 - [MESSAGE][NOT_RUN] - NOT_RUN: click

2017-11-28 13:13:16 - [TEST_STEP][NOT_RUN] - scrollToElement: NOT_RUN: scrollToElement

2017-11-28 13:13:16 - [MESSAGE][NOT_RUN] - NOT_RUN: scrollToElement

2017-11-28 13:13:16 - [TEST_STEP][NOT_RUN] - click: NOT_RUN: click

2017-11-28 13:13:16 - [MESSAGE][NOT_RUN] - NOT_RUN: click

2017-11-28 13:13:16 - [TEST_STEP][PASSED] - waitForElementVisible: Object 'Object Repository/PrimoTours/Old Objects/Coco (1)/PrimoT/SaveBooking2/Page_Primo Tours  Danmarks bedste c/individualInsuranceCheckbox' is visible

2017-11-28 13:13:16 - [MESSAGE][PASSED] - Object 'Object Repository/PrimoTours/Old Objects/Coco (1)/PrimoT/SaveBooking2/Page_Primo Tours  Danmarks bedste c/individualInsuranceCheckbox' is visible

2017-11-28 13:13:16 - [TEST_STEP][PASSED] - scrollToElement: Scroll to object 'Object Repository/PrimoTours/Old Objects/Coco (1)/PrimoT/SaveBooking2/Page_Primo Tours  Danmarks bedste c/individualInsuranceCheckbox' successfully

2017-11-28 13:13:16 - [MESSAGE][PASSED] - Scroll to object 'Object Repository/PrimoTours/Old Objects/Coco (1)/PrimoT/SaveBooking2/Page_Primo Tours  Danmarks bedste c/individualInsuranceCheckbox' successfully

2017-11-28 13:13:16 - [TEST_STEP][PASSED] - click: Object: 'Object Repository/PrimoTours/Old Objects/Coco (1)/PrimoT/SaveBooking2/Page_Primo Tours  Danmarks bedste c/individualInsuranceCheckbox' is clicked on

2017-11-28 13:13:16 - [MESSAGE][PASSED] - Object: 'Object Repository/PrimoTours/Old Objects/Coco (1)/PrimoT/SaveBooking2/Page_Primo Tours  Danmarks bedste c/individualInsuranceCheckbox' is clicked on

2017-11-28 13:13:16 - [TEST_STEP][PASSED] - scrollToElement: Scroll to object 'Object Repository/PrimoTours/Old Objects/Coco (1)/PrimoT/SaveBooking2/Success/firstProdCategIndividualSelectionRadioB' successfully

2017-11-28 13:13:16 - [MESSAGE][PASSED] - Scroll to object 'Object Repository/PrimoTours/Old Objects/Coco (1)/PrimoT/SaveBooking2/Success/firstProdCategIndividualSelectionRadioB' successfully

2017-11-28 13:13:16 - [TEST_STEP][PASSED] - waitForElementClickable: Object 'Object Repository/PrimoTours/Old Objects/Coco (1)/PrimoT/SaveBooking2/Success/firstProdCategIndividualSelectionRadioB' is clickable

2017-11-28 13:13:17 - [MESSAGE][PASSED] - Object 'Object Repository/PrimoTours/Old Objects/Coco (1)/PrimoT/SaveBooking2/Success/firstProdCategIndividualSelectionRadioB' is clickable

2017-11-28 13:13:17 - [TEST_STEP][PASSED] - scrollToElement: Scroll to object 'Object Repository/PrimoTours/Old Objects/Coco (1)/PrimoT/SaveBooking2/Success/firstProdCategIndividualSelectionRadioB' successfully

2017-11-28 13:13:17 - [MESSAGE][PASSED] - Scroll to object 'Object Repository/PrimoTours/Old Objects/Coco (1)/PrimoT/SaveBooking2/Success/firstProdCategIndividualSelectionRadioB' successfully

2017-11-28 13:13:17 - [TEST_STEP][PASSED] - click: Object: 'Object Repository/PrimoTours/Old Objects/Coco (1)/PrimoT/SaveBooking2/Success/firstProdCategIndividualSelectionRadioB' is clicked on

2017-11-28 13:13:17 - [MESSAGE][PASSED] - Object: 'Object Repository/PrimoTours/Old Objects/Coco (1)/PrimoT/SaveBooking2/Success/firstProdCategIndividualSelectionRadioB' is clicked on

2017-11-28 13:13:17 - [TEST_STEP][PASSED] - scrollToElement: Scroll to object 'Object Repository/PrimoTours/Old Objects/Coco (1)/PrimoT/SaveBooking2/Success/firstProdCategSelectForAllPaxCheckbox' successfully

2017-11-28 13:13:17 - [MESSAGE][PASSED] - Scroll to object 'Object Repository/PrimoTours/Old Objects/Coco (1)/PrimoT/SaveBooking2/Success/firstProdCategSelectForAllPaxCheckbox' successfully

2017-11-28 13:13:17 - [TEST_STEP][PASSED] - waitForElementClickable: Object 'Object Repository/PrimoTours/Old Objects/Coco (1)/PrimoT/SaveBooking2/Success/firstProdCategSelectForAllPaxCheckbox' is clickable

2017-11-28 13:13:17 - [MESSAGE][PASSED] - Object 'Object Repository/PrimoTours/Old Objects/Coco (1)/PrimoT/SaveBooking2/Success/firstProdCategSelectForAllPaxCheckbox' is clickable

2017-11-28 13:13:17 - [TEST_STEP][PASSED] - click: Object: 'Object Repository/PrimoTours/Old Objects/Coco (1)/PrimoT/SaveBooking2/Success/firstProdCategSelectForAllPaxCheckbox' is clicked on

2017-11-28 13:13:17 - [MESSAGE][PASSED] - Object: 'Object Repository/PrimoTours/Old Objects/Coco (1)/PrimoT/SaveBooking2/Success/firstProdCategSelectForAllPaxCheckbox' is clicked on

2017-11-28 13:13:17 - [TEST_STEP][NOT_RUN] - scrollToElement: NOT_RUN: scrollToElement

2017-11-28 13:13:17 - [MESSAGE][NOT_RUN] - NOT_RUN: scrollToElement

2017-11-28 13:13:17 - [TEST_STEP][NOT_RUN] - scrollToElement: NOT_RUN: scrollToElement

2017-11-28 13:13:17 - [MESSAGE][NOT_RUN] - NOT_RUN: scrollToElement

2017-11-28 13:13:17 - [TEST_STEP][NOT_RUN] - click: NOT_RUN: click

2017-11-28 13:13:17 - [MESSAGE][NOT_RUN] - NOT_RUN: click

2017-11-28 13:13:17 - [TEST_STEP][PASSED] - scrollToElement: Scroll to object 'Object Repository/PrimoTours/Old Objects/Coco (1)/PrimoT/SaveBooking2/Success/acceptTermsCheckbox' successfully

2017-11-28 13:13:17 - [MESSAGE][PASSED] - Scroll to object 'Object Repository/PrimoTours/Old Objects/Coco (1)/PrimoT/SaveBooking2/Success/acceptTermsCheckbox' successfully

2017-11-28 13:13:17 - [TEST_STEP][FAILED] - click: Unable to click on object 'Object Repository/PrimoTours/Old Objects/Coco (1)/PrimoT/SaveBooking2/Success/acceptTermsCheckbox' (Root cause: org.openqa.selenium.WebDriverException: unknown error: Element <a href="#" class="toggle checkbox kalypto"></a> is not clickable at point (395, 672). Other element would receive the click: <h2>...</h2>
  (Session info: chrome=62.0.3202.94)
  (Driver info: chromedriver=2.33.506120 (e3e53437346286c0bc2d2dc9aa4915ba81d9023f),platform=Windows NT 6.3.9600 x86_64) (WARNING: The server did not provide any stacktrace information)
Command duration or timeout: 0 milliseconds
Build info: version: '3.7.1', revision: '8a0099a', time: '2017-11-06T21:07:36.161Z'
System info: host: 'NEACSUNEW-PC', ip: '10.10.10.211', os.name: 'Windows 8.1', os.arch: 'amd64', os.version: '6.3', java.version: '1.8.0_102'
Driver info: com.kms.katalon.selenium.driver.CChromeDriver
Capabilities {acceptSslCerts: true, applicationCacheEnabled: false, browserConnectionEnabled: false, browserName: chrome, chrome: {chromedriverVersion: 2.33.506120 (e3e53437346286..., userDataDir: C:\Users\Cornel\AppData\Loc...}, cssSelectorsEnabled: true, databaseEnabled: false, handlesAlerts: true, hasTouchScreen: false, javascriptEnabled: true, locationContextEnabled: true, mobileEmulationEnabled: false, nativeEvents: true, networkConnectionEnabled: false, pageLoadStrategy: normal, platform: XP, platformName: XP, rotatable: false, setWindowRect: true, takesHeapSnapshot: true, takesScreenshot: true, unexpectedAlertBehaviour: , unhandledPromptBehavior: , version: 62.0.3202.94, webStorageEnabled: true}
Session ID: 2f7b387f03942ff1781171dadf6d327b)

2017-11-28 13:13:18 - [MESSAGE][FAILED] - Unable to click on object 'Object Repository/PrimoTours/Old Objects/Coco (1)/PrimoT/SaveBooking2/Success/acceptTermsCheckbox' (Root cause: org.openqa.selenium.WebDriverException: unknown error: Element <a href="#" class="toggle checkbox kalypto"></a> is not clickable at point (395, 672). Other element would receive the click: <h2>...</h2>
  (Session info: chrome=62.0.3202.94)
  (Driver info: chromedriver=2.33.506120 (e3e53437346286c0bc2d2dc9aa4915ba81d9023f),platform=Windows NT 6.3.9600 x86_64) (WARNING: The server did not provide any stacktrace information)
Command duration or timeout: 0 milliseconds
Build info: version: '3.7.1', revision: '8a0099a', time: '2017-11-06T21:07:36.161Z'
System info: host: 'NEACSUNEW-PC', ip: '10.10.10.211', os.name: 'Windows 8.1', os.arch: 'amd64', os.version: '6.3', java.version: '1.8.0_102'
Driver info: com.kms.katalon.selenium.driver.CChromeDriver
Capabilities {acceptSslCerts: true, applicationCacheEnabled: false, browserConnectionEnabled: false, browserName: chrome, chrome: {chromedriverVersion: 2.33.506120 (e3e53437346286..., userDataDir: C:\Users\Cornel\AppData\Loc...}, cssSelectorsEnabled: true, databaseEnabled: false, handlesAlerts: true, hasTouchScreen: false, javascriptEnabled: true, locationContextEnabled: true, mobileEmulationEnabled: false, nativeEvents: true, networkConnectionEnabled: false, pageLoadStrategy: normal, platform: XP, platformName: XP, rotatable: false, setWindowRect: true, takesHeapSnapshot: true, takesScreenshot: true, unexpectedAlertBehaviour: , unhandledPromptBehavior: , version: 62.0.3202.94, webStorageEnabled: true}
Session ID: 2f7b387f03942ff1781171dadf6d327b)
[[ATTACHMENT|D:\\Software testing\\Tourpaq\\Automated Katalon tests\\Primo WB test\\Reports\\WB Primo From Excel URLs\\20171128_131240\\1511867597824.png]]]]></system-out>
         <system-err><![CDATA[2017-11-28 13:13:03 - [TEST_CASE][FAILED] - Test Cases/PrimoTours/WB Primo/WB Primo staging - place booking - Iteration 2: Test Cases/PrimoTours/WB Primo/WB Primo staging - place booking FAILED because (of) Unable to click on object 'Object Repository/PrimoTours/Old Objects/Coco (1)/PrimoT/SaveBooking2/Success/acceptTermsCheckbox' (Root cause: org.openqa.selenium.WebDriverException: unknown error: Element <a href="#" class="toggle checkbox kalypto"></a> is not clickable at point (395, 672). Other element would receive the click: <h2>...</h2>
  (Session info: chrome=62.0.3202.94)
  (Driver info: chromedriver=2.33.506120 (e3e53437346286c0bc2d2dc9aa4915ba81d9023f),platform=Windows NT 6.3.9600 x86_64) (WARNING: The server did not provide any stacktrace information)
Command duration or timeout: 0 milliseconds
Build info: version: '3.7.1', revision: '8a0099a', time: '2017-11-06T21:07:36.161Z'
System info: host: 'NEACSUNEW-PC', ip: '10.10.10.211', os.name: 'Windows 8.1', os.arch: 'amd64', os.version: '6.3', java.version: '1.8.0_102'
Driver info: com.kms.katalon.selenium.driver.CChromeDriver
Capabilities {acceptSslCerts: true, applicationCacheEnabled: false, browserConnectionEnabled: false, browserName: chrome, chrome: {chromedriverVersion: 2.33.506120 (e3e53437346286..., userDataDir: C:\Users\Cornel\AppData\Loc...}, cssSelectorsEnabled: true, databaseEnabled: false, handlesAlerts: true, hasTouchScreen: false, javascriptEnabled: true, locationContextEnabled: true, mobileEmulationEnabled: false, nativeEvents: true, networkConnectionEnabled: false, pageLoadStrategy: normal, platform: XP, platformName: XP, rotatable: false, setWindowRect: true, takesHeapSnapshot: true, takesScreenshot: true, unexpectedAlertBehaviour: , unhandledPromptBehavior: , version: 62.0.3202.94, webStorageEnabled: true}
Session ID: 2f7b387f03942ff1781171dadf6d327b)]]></system-err>
      </testcase>
      <testcase name="Test Cases/PrimoTours/WB Primo/WB Primo staging - place booking - Iteration 3" classname="Test Cases/PrimoTours/WB Primo/WB Primo staging - place booking" status="FAILED">
         <failure type="FAILED" message="Test Cases/PrimoTours/WB Primo/WB Primo staging - place booking FAILED because (of) Unable to wait for object 'Object Repository/PrimoTours/Old Objects/CCenter/pageLoaderOverlayLayer' to be NOT visible (Root cause: org.openqa.selenium.StaleElementReferenceException: stale element reference: element is not attached to the page document
  (Session info: chrome=62.0.3202.94)
  (Driver info: chromedriver=2.33.506120 (e3e53437346286c0bc2d2dc9aa4915ba81d9023f),platform=Windows NT 6.3.9600 x86_64) (WARNING: The server did not provide any stacktrace information)
Command duration or timeout: 0 milliseconds
For documentation on this error, please visit: http://seleniumhq.org/exceptions/stale_element_reference.html
Build info: version: '3.7.1', revision: '8a0099a', time: '2017-11-06T21:07:36.161Z'
System info: host: 'NEACSUNEW-PC', ip: '10.10.10.211', os.name: 'Windows 8.1', os.arch: 'amd64', os.version: '6.3', java.version: '1.8.0_102'
Driver info: com.kms.katalon.selenium.driver.CChromeDriver
Capabilities {acceptSslCerts: true, applicationCacheEnabled: false, browserConnectionEnabled: false, browserName: chrome, chrome: {chromedriverVersion: 2.33.506120 (e3e53437346286..., userDataDir: C:\Users\Cornel\AppData\Loc...}, cssSelectorsEnabled: true, databaseEnabled: false, handlesAlerts: true, hasTouchScreen: false, javascriptEnabled: true, locationContextEnabled: true, mobileEmulationEnabled: false, nativeEvents: true, networkConnectionEnabled: false, pageLoadStrategy: normal, platform: XP, platformName: XP, rotatable: false, setWindowRect: true, takesHeapSnapshot: true, takesScreenshot: true, unexpectedAlertBehaviour: , unhandledPromptBehavior: , version: 62.0.3202.94, webStorageEnabled: true}
Session ID: 4324e84f83172a81623fac890c1c87ef)"/>
         <system-out><![CDATA[2017-11-28 13:13:18 - [TEST_CASE][FAILED] - Test Cases/PrimoTours/WB Primo/WB Primo staging - place booking - Iteration 3: Test Cases/PrimoTours/WB Primo/WB Primo staging - place booking FAILED because (of) Unable to wait for object 'Object Repository/PrimoTours/Old Objects/CCenter/pageLoaderOverlayLayer' to be NOT visible (Root cause: org.openqa.selenium.StaleElementReferenceException: stale element reference: element is not attached to the page document
  (Session info: chrome=62.0.3202.94)
  (Driver info: chromedriver=2.33.506120 (e3e53437346286c0bc2d2dc9aa4915ba81d9023f),platform=Windows NT 6.3.9600 x86_64) (WARNING: The server did not provide any stacktrace information)
Command duration or timeout: 0 milliseconds
For documentation on this error, please visit: http://seleniumhq.org/exceptions/stale_element_reference.html
Build info: version: '3.7.1', revision: '8a0099a', time: '2017-11-06T21:07:36.161Z'
System info: host: 'NEACSUNEW-PC', ip: '10.10.10.211', os.name: 'Windows 8.1', os.arch: 'amd64', os.version: '6.3', java.version: '1.8.0_102'
Driver info: com.kms.katalon.selenium.driver.CChromeDriver
Capabilities {acceptSslCerts: true, applicationCacheEnabled: false, browserConnectionEnabled: false, browserName: chrome, chrome: {chromedriverVersion: 2.33.506120 (e3e53437346286..., userDataDir: C:\Users\Cornel\AppData\Loc...}, cssSelectorsEnabled: true, databaseEnabled: false, handlesAlerts: true, hasTouchScreen: false, javascriptEnabled: true, locationContextEnabled: true, mobileEmulationEnabled: false, nativeEvents: true, networkConnectionEnabled: false, pageLoadStrategy: normal, platform: XP, platformName: XP, rotatable: false, setWindowRect: true, takesHeapSnapshot: true, takesScreenshot: true, unexpectedAlertBehaviour: , unhandledPromptBehavior: , version: 62.0.3202.94, webStorageEnabled: true}
Session ID: 4324e84f83172a81623fac890c1c87ef)

2017-11-28 13:13:18 - [TEST_STEP][PASSED] - openBrowser: Browser is opened with url: ''

2017-11-28 13:13:18 - [MESSAGE][WARNING] - A browser is already opened. Closing browser and opening a new one

2017-11-28 13:13:21 - [MESSAGE][PASSED] - Browser is opened with url: ''

2017-11-28 13:13:21 - [TEST_STEP][PASSED] - maximizeWindow: Current window maximized

2017-11-28 13:13:22 - [MESSAGE][PASSED] - Current window maximized

2017-11-28 13:13:22 - [TEST_STEP][PASSED] - navigateToUrl: Navigate to 'https://staging-primotours-webbooking.tourpaq.com/DoBooking.aspx?pltaID=1480269&p=1&rno=1&pt=2&a=2&c=2&aa=&ca=1%2C5' successfully

2017-11-28 13:13:24 - [MESSAGE][PASSED] - Navigate to 'https://staging-primotours-webbooking.tourpaq.com/DoBooking.aspx?pltaID=1480269&p=1&rno=1&pt=2&a=2&c=2&aa=&ca=1%2C5' successfully

2017-11-28 13:13:24 - [TEST_STEP][PASSED] - setText: Text 'Pedersen AUT' is set on object 'Object Repository/PrimoTours/Old Objects/Coco/PrimoT/Page_Primo Tours  Danmarks bedste c/input_firstName'

2017-11-28 13:13:24 - [MESSAGE][PASSED] - Text 'Pedersen AUT' is set on object 'Object Repository/PrimoTours/Old Objects/Coco/PrimoT/Page_Primo Tours  Danmarks bedste c/input_firstName'

2017-11-28 13:13:24 - [TEST_STEP][PASSED] - setText: Text 'Vibe Dalby' is set on object 'Object Repository/PrimoTours/Old Objects/Coco/PrimoT/Page_Primo Tours  Danmarks bedste c/input_lastName'

2017-11-28 13:13:25 - [MESSAGE][PASSED] - Text 'Vibe Dalby' is set on object 'Object Repository/PrimoTours/Old Objects/Coco/PrimoT/Page_Primo Tours  Danmarks bedste c/input_lastName'

2017-11-28 13:13:25 - [TEST_STEP][PASSED] - setText: Text 'Home address' is set on object 'Object Repository/PrimoTours/Old Objects/Coco/PrimoT/Page_Primo Tours  Danmarks bedste c/input_customerAddress'

2017-11-28 13:13:25 - [MESSAGE][PASSED] - Text 'Home address' is set on object 'Object Repository/PrimoTours/Old Objects/Coco/PrimoT/Page_Primo Tours  Danmarks bedste c/input_customerAddress'

2017-11-28 13:13:25 - [TEST_STEP][PASSED] - setText: Text '6700' is set on object 'Object Repository/PrimoTours/Old Objects/Coco/PrimoT/Page_Primo Tours  Danmarks bedste c/input_customerPostcode'

2017-11-28 13:13:25 - [MESSAGE][PASSED] - Text '6700' is set on object 'Object Repository/PrimoTours/Old Objects/Coco/PrimoT/Page_Primo Tours  Danmarks bedste c/input_customerPostcode'

2017-11-28 13:13:25 - [TEST_STEP][PASSED] - setText: Text 'cornel.neacsu@roweb.ro' is set on object 'Object Repository/PrimoTours/Old Objects/Coco/PrimoT/Page_Primo Tours  Danmarks bedste c/input_customerEmail'

2017-11-28 13:13:25 - [MESSAGE][PASSED] - Text 'cornel.neacsu@roweb.ro' is set on object 'Object Repository/PrimoTours/Old Objects/Coco/PrimoT/Page_Primo Tours  Danmarks bedste c/input_customerEmail'

2017-11-28 13:13:25 - [TEST_STEP][PASSED] - setText: Text '12345678' is set on object 'Object Repository/PrimoTours/Old Objects/Coco/PrimoT/Page_Primo Tours  Danmarks bedste c/input_customerPhone'

2017-11-28 13:13:26 - [MESSAGE][PASSED] - Text '12345678' is set on object 'Object Repository/PrimoTours/Old Objects/Coco/PrimoT/Page_Primo Tours  Danmarks bedste c/input_customerPhone'

2017-11-28 13:13:26 - [TEST_STEP][PASSED] - Statement - excelInfo = ["fname":"", "lname":"", "pgender":"", "pday":"", "pmonth":"", "pyear":""]: null

2017-11-28 13:13:26 - [TEST_STEP][PASSED] - Statement - rawData = com.kms.katalon.core.testdata.TestDataFactory.findTestData("Data Files/WB_Primo/Passenger_details"): Reading excel file with source file 'D:\Software testing\Tourpaq\Automated Katalon tests\Primo WB test\Data Files\Primo_URLs_For_Automated_Test.xls' and sheet name 'Passenger Names'

2017-11-28 13:13:26 - [TEST_STEP][PASSED] - Statement - excelRowNo = rawData.getRowNumbers(): null

2017-11-28 13:13:26 - [TEST_STEP][PASSED] - Statement - randomPaxIndex = 1: null

2017-11-28 13:13:26 - [TEST_STEP][PASSED] - waitForElementClickable: Object 'Object Repository/PrimoTours/Old Objects/Coco/PrimoT/Page_Primo Tours  Danmarks bedste c/input_firstname-0_1' is clickable

2017-11-28 13:13:28 - [MESSAGE][PASSED] - Object 'Object Repository/PrimoTours/Old Objects/Coco/PrimoT/Page_Primo Tours  Danmarks bedste c/input_firstname-0_1' is clickable

2017-11-28 13:13:28 - [TEST_STEP][PASSED] - Statement - driver = com.kms.katalon.core.webui.driver.DriverFactory.getWebDriver(): null

2017-11-28 13:13:28 - [TEST_STEP][PASSED] - Statement - roomContainerXpath = "id("booking")/div[@class="wrapper second-bg"]/div[contains(@class,"container-mx")]/div[@class="row"]/div[@class="col-md-12 roomContainer"]": null

2017-11-28 13:13:28 - [TEST_STEP][PASSED] - Statement - roomsCount = driver.findElements(org.openqa.selenium.By.xpath(roomContainerXpath)).size(): null

2017-11-28 13:13:28 - [TEST_STEP][PASSED] - Statement - println("roomsCount=" + roomsCount): null

2017-11-28 13:13:28 - [TEST_STEP][PASSED] - Statement - For ([i = 1, i <= roomsCount, (i++)]): Text 'Vivi' is set on object 'Object Repository/PrimoTours/Old Objects/allPaxLastNameFields'

2017-11-28 13:13:28 - [TEST_STEP][PASSED] - Statement - paxInRoomXpath = roomContainerXpath + "[" + i + "]/div[@class="row"]/div[@class="col-md-12"]/div[@class="row"]": null

2017-11-28 13:13:28 - [TEST_STEP][PASSED] - Statement - paxInRoomCount = driver.findElements(org.openqa.selenium.By.xpath(paxInRoomXpath)).size(): null

2017-11-28 13:13:28 - [TEST_STEP][PASSED] - Statement - println("paxInRoomCount=" + paxInRoomCount): null

2017-11-28 13:13:28 - [TEST_STEP][PASSED] - Statement - For ([j = 1, j <= paxInRoomCount, (j++)]): Text 'Vivi' is set on object 'Object Repository/PrimoTours/Old Objects/allPaxLastNameFields'

2017-11-28 13:13:28 - [TEST_STEP][PASSED] - Statement - If (i == 1 & j == 1): null

2017-11-28 13:13:28 - [TEST_STEP][PASSED] - Statement - <not implemented yet for class: org.codehaus.groovy.ast.stmt.ContinueStatement>: null

2017-11-28 13:13:28 - [TEST_STEP][PASSED] - Statement - If (i == 1 & j == 1): null

2017-11-28 13:13:28 - [TEST_STEP][PASSED] - Statement - randomPaxIndex = java.lang.Math.abs(new java.util.Random().nextInt() % excelRowNo) + 1: null

2017-11-28 13:13:28 - [TEST_STEP][PASSED] - Statement - println(randomPaxIndex): null

2017-11-28 13:13:28 - [TEST_STEP][PASSED] - Statement - fname = rawData.getValue("FirstName", randomPaxIndex) + " AUT": null

2017-11-28 13:13:28 - [TEST_STEP][PASSED] - Statement - lname = rawData.getValue("LastName", randomPaxIndex): null

2017-11-28 13:13:28 - [TEST_STEP][PASSED] - Statement - pgender = rawData.getValue("Gender", randomPaxIndex): null

2017-11-28 13:13:28 - [TEST_STEP][PASSED] - Statement - pday = rawData.getValue("Day DOB", randomPaxIndex): null

2017-11-28 13:13:28 - [TEST_STEP][PASSED] - Statement - pmonth = rawData.getValue("Month DOB", randomPaxIndex): null

2017-11-28 13:13:28 - [TEST_STEP][PASSED] - Statement - pyear = rawData.getValue("Year DOB", randomPaxIndex): null

2017-11-28 13:13:28 - [TEST_STEP][PASSED] - Statement - paxDetailFields = paxInRoomXpath + "[" + j + "]/div[@class="col-md-x col-md-9"]/div[@class="row paxContainer"]/div[@class="col-md-5"]": null

2017-11-28 13:13:28 - [TEST_STEP][PASSED] - Statement - xpathval = paxDetailFields + "[1]/div[contains(@class,"form-group")]/input[@class="form-control paxFirstName"]": null

2017-11-28 13:13:28 - [TEST_STEP][PASSED] - Statement - println("fn: " + xpathval): null

2017-11-28 13:13:28 - [TEST_STEP][PASSED] - Statement - repObj = com.kms.katalon.core.testobject.ObjectRepository.findTestObject(Object Repository/PrimoTours/Old Objects/allPaxFirstNameFields): Finding Test Object with id 'Object Repository/PrimoTours/Old Objects/allPaxFirstNameFields'

2017-11-28 13:13:28 - [TEST_STEP][PASSED] - Statement - repObj.findProperty("xpath").setValue(xpathval): null

2017-11-28 13:13:28 - [TEST_STEP][PASSED] - setText: Text 'Pedersen AUT' is set on object 'Object Repository/PrimoTours/Old Objects/allPaxFirstNameFields'

2017-11-28 13:13:28 - [MESSAGE][PASSED] - Text 'Pedersen AUT' is set on object 'Object Repository/PrimoTours/Old Objects/allPaxFirstNameFields'

2017-11-28 13:13:28 - [TEST_STEP][PASSED] - Statement - xpathval = paxDetailFields + "[2]/div[contains(@class,"form-group")]/input[@class="form-control paxLastName"]": null

2017-11-28 13:13:28 - [TEST_STEP][PASSED] - Statement - println("ln: " + xpathval): null

2017-11-28 13:13:28 - [TEST_STEP][PASSED] - Statement - repObj = com.kms.katalon.core.testobject.ObjectRepository.findTestObject(Object Repository/PrimoTours/Old Objects/allPaxLastNameFields): Finding Test Object with id 'Object Repository/PrimoTours/Old Objects/allPaxLastNameFields'

2017-11-28 13:13:28 - [TEST_STEP][PASSED] - Statement - repObj.findProperty("xpath").setValue(xpathval): null

2017-11-28 13:13:28 - [TEST_STEP][PASSED] - setText: Text 'Vibe Dalby' is set on object 'Object Repository/PrimoTours/Old Objects/allPaxLastNameFields'

2017-11-28 13:13:28 - [MESSAGE][PASSED] - Text 'Vibe Dalby' is set on object 'Object Repository/PrimoTours/Old Objects/allPaxLastNameFields'

2017-11-28 13:13:28 - [TEST_STEP][PASSED] - Statement - If (i == 1 & j == 1): null

2017-11-28 13:13:28 - [TEST_STEP][PASSED] - Statement - randomPaxIndex = java.lang.Math.abs(new java.util.Random().nextInt() % excelRowNo) + 1: null

2017-11-28 13:13:28 - [TEST_STEP][PASSED] - Statement - println(randomPaxIndex): null

2017-11-28 13:13:28 - [TEST_STEP][PASSED] - Statement - fname = rawData.getValue("FirstName", randomPaxIndex) + " AUT": null

2017-11-28 13:13:28 - [TEST_STEP][PASSED] - Statement - lname = rawData.getValue("LastName", randomPaxIndex): null

2017-11-28 13:13:28 - [TEST_STEP][PASSED] - Statement - pgender = rawData.getValue("Gender", randomPaxIndex): null

2017-11-28 13:13:28 - [TEST_STEP][PASSED] - Statement - pday = rawData.getValue("Day DOB", randomPaxIndex): null

2017-11-28 13:13:28 - [TEST_STEP][PASSED] - Statement - pmonth = rawData.getValue("Month DOB", randomPaxIndex): null

2017-11-28 13:13:28 - [TEST_STEP][PASSED] - Statement - pyear = rawData.getValue("Year DOB", randomPaxIndex): null

2017-11-28 13:13:28 - [TEST_STEP][PASSED] - Statement - paxDetailFields = paxInRoomXpath + "[" + j + "]/div[@class="col-md-x col-md-9"]/div[@class="row paxContainer"]/div[@class="col-md-5"]": null

2017-11-28 13:13:28 - [TEST_STEP][PASSED] - Statement - xpathval = paxDetailFields + "[1]/div[contains(@class,"form-group")]/input[@class="form-control paxFirstName"]": null

2017-11-28 13:13:28 - [TEST_STEP][PASSED] - Statement - println("fn: " + xpathval): null

2017-11-28 13:13:28 - [TEST_STEP][PASSED] - Statement - repObj = com.kms.katalon.core.testobject.ObjectRepository.findTestObject(Object Repository/PrimoTours/Old Objects/allPaxFirstNameFields): Finding Test Object with id 'Object Repository/PrimoTours/Old Objects/allPaxFirstNameFields'

2017-11-28 13:13:28 - [TEST_STEP][PASSED] - Statement - repObj.findProperty("xpath").setValue(xpathval): null

2017-11-28 13:13:28 - [TEST_STEP][PASSED] - setText: Text 'Carlson AUT' is set on object 'Object Repository/PrimoTours/Old Objects/allPaxFirstNameFields'

2017-11-28 13:13:29 - [MESSAGE][PASSED] - Text 'Carlson AUT' is set on object 'Object Repository/PrimoTours/Old Objects/allPaxFirstNameFields'

2017-11-28 13:13:29 - [TEST_STEP][PASSED] - Statement - xpathval = paxDetailFields + "[2]/div[contains(@class,"form-group")]/input[@class="form-control paxLastName"]": null

2017-11-28 13:13:29 - [TEST_STEP][PASSED] - Statement - println("ln: " + xpathval): null

2017-11-28 13:13:29 - [TEST_STEP][PASSED] - Statement - repObj = com.kms.katalon.core.testobject.ObjectRepository.findTestObject(Object Repository/PrimoTours/Old Objects/allPaxLastNameFields): Finding Test Object with id 'Object Repository/PrimoTours/Old Objects/allPaxLastNameFields'

2017-11-28 13:13:29 - [TEST_STEP][PASSED] - Statement - repObj.findProperty("xpath").setValue(xpathval): null

2017-11-28 13:13:29 - [TEST_STEP][PASSED] - setText: Text 'Kathrine Grænge' is set on object 'Object Repository/PrimoTours/Old Objects/allPaxLastNameFields'

2017-11-28 13:13:29 - [MESSAGE][PASSED] - Text 'Kathrine Grænge' is set on object 'Object Repository/PrimoTours/Old Objects/allPaxLastNameFields'

2017-11-28 13:13:29 - [TEST_STEP][PASSED] - Statement - If (i == 1 & j == 1): null

2017-11-28 13:13:29 - [TEST_STEP][PASSED] - Statement - randomPaxIndex = java.lang.Math.abs(new java.util.Random().nextInt() % excelRowNo) + 1: null

2017-11-28 13:13:29 - [TEST_STEP][PASSED] - Statement - println(randomPaxIndex): null

2017-11-28 13:13:29 - [TEST_STEP][PASSED] - Statement - fname = rawData.getValue("FirstName", randomPaxIndex) + " AUT": null

2017-11-28 13:13:29 - [TEST_STEP][PASSED] - Statement - lname = rawData.getValue("LastName", randomPaxIndex): null

2017-11-28 13:13:29 - [TEST_STEP][PASSED] - Statement - pgender = rawData.getValue("Gender", randomPaxIndex): null

2017-11-28 13:13:29 - [TEST_STEP][PASSED] - Statement - pday = rawData.getValue("Day DOB", randomPaxIndex): null

2017-11-28 13:13:29 - [TEST_STEP][PASSED] - Statement - pmonth = rawData.getValue("Month DOB", randomPaxIndex): null

2017-11-28 13:13:29 - [TEST_STEP][PASSED] - Statement - pyear = rawData.getValue("Year DOB", randomPaxIndex): null

2017-11-28 13:13:29 - [TEST_STEP][PASSED] - Statement - paxDetailFields = paxInRoomXpath + "[" + j + "]/div[@class="col-md-x col-md-9"]/div[@class="row paxContainer"]/div[@class="col-md-5"]": null

2017-11-28 13:13:29 - [TEST_STEP][PASSED] - Statement - xpathval = paxDetailFields + "[1]/div[contains(@class,"form-group")]/input[@class="form-control paxFirstName"]": null

2017-11-28 13:13:29 - [TEST_STEP][PASSED] - Statement - println("fn: " + xpathval): null

2017-11-28 13:13:29 - [TEST_STEP][PASSED] - Statement - repObj = com.kms.katalon.core.testobject.ObjectRepository.findTestObject(Object Repository/PrimoTours/Old Objects/allPaxFirstNameFields): Finding Test Object with id 'Object Repository/PrimoTours/Old Objects/allPaxFirstNameFields'

2017-11-28 13:13:29 - [TEST_STEP][PASSED] - Statement - repObj.findProperty("xpath").setValue(xpathval): null

2017-11-28 13:13:29 - [TEST_STEP][PASSED] - setText: Text 'Pörtner AUT' is set on object 'Object Repository/PrimoTours/Old Objects/allPaxFirstNameFields'

2017-11-28 13:13:29 - [MESSAGE][PASSED] - Text 'Pörtner AUT' is set on object 'Object Repository/PrimoTours/Old Objects/allPaxFirstNameFields'

2017-11-28 13:13:29 - [TEST_STEP][PASSED] - Statement - xpathval = paxDetailFields + "[2]/div[contains(@class,"form-group")]/input[@class="form-control paxLastName"]": null

2017-11-28 13:13:29 - [TEST_STEP][PASSED] - Statement - println("ln: " + xpathval): null

2017-11-28 13:13:29 - [TEST_STEP][PASSED] - Statement - repObj = com.kms.katalon.core.testobject.ObjectRepository.findTestObject(Object Repository/PrimoTours/Old Objects/allPaxLastNameFields): Finding Test Object with id 'Object Repository/PrimoTours/Old Objects/allPaxLastNameFields'

2017-11-28 13:13:29 - [TEST_STEP][PASSED] - Statement - repObj.findProperty("xpath").setValue(xpathval): null

2017-11-28 13:13:29 - [TEST_STEP][PASSED] - setText: Text 'Vivi' is set on object 'Object Repository/PrimoTours/Old Objects/allPaxLastNameFields'

2017-11-28 13:13:29 - [MESSAGE][PASSED] - Text 'Vivi' is set on object 'Object Repository/PrimoTours/Old Objects/allPaxLastNameFields'

2017-11-28 13:13:29 - [TEST_STEP][PASSED] - scrollToElement: Scroll to object 'Object Repository/PrimoTours/Old Objects/Coco (1)/PrimoT/SaveBooking2/Success/bookingTotalValue' successfully

2017-11-28 13:13:29 - [MESSAGE][PASSED] - Scroll to object 'Object Repository/PrimoTours/Old Objects/Coco (1)/PrimoT/SaveBooking2/Success/bookingTotalValue' successfully

2017-11-28 13:13:29 - [TEST_STEP][PASSED] - click: Object: 'Object Repository/PrimoTours/Old Objects/Coco (1)/PrimoT/SaveBooking2/Success/bookingTotalValue' is clicked on

2017-11-28 13:13:29 - [MESSAGE][PASSED] - Object: 'Object Repository/PrimoTours/Old Objects/Coco (1)/PrimoT/SaveBooking2/Success/bookingTotalValue' is clicked on

2017-11-28 13:13:29 - [TEST_STEP][PASSED] - scrollToElement: Scroll to object 'Object Repository/PrimoTours/Old Objects/Coco (1)/PrimoT/SaveBooking2/Success/Page_Primo Tours  Danmarks bedste c/i_fa fa-arrow-circle-right' successfully

2017-11-28 13:13:30 - [MESSAGE][PASSED] - Scroll to object 'Object Repository/PrimoTours/Old Objects/Coco (1)/PrimoT/SaveBooking2/Success/Page_Primo Tours  Danmarks bedste c/i_fa fa-arrow-circle-right' successfully

2017-11-28 13:13:30 - [TEST_STEP][PASSED] - waitForElementClickable: Object 'Object Repository/PrimoTours/Old Objects/Coco (1)/PrimoT/SaveBooking2/Success/Page_Primo Tours  Danmarks bedste c/i_fa fa-arrow-circle-right' is clickable

2017-11-28 13:13:30 - [MESSAGE][PASSED] - Object 'Object Repository/PrimoTours/Old Objects/Coco (1)/PrimoT/SaveBooking2/Success/Page_Primo Tours  Danmarks bedste c/i_fa fa-arrow-circle-right' is clickable

2017-11-28 13:13:30 - [TEST_STEP][PASSED] - waitForElementVisible: Object 'Object Repository/PrimoTours/Old Objects/Coco (1)/PrimoT/SaveBooking2/Success/Page_Primo Tours  Danmarks bedste c/i_fa fa-arrow-circle-right' is visible

2017-11-28 13:13:30 - [MESSAGE][PASSED] - Object 'Object Repository/PrimoTours/Old Objects/Coco (1)/PrimoT/SaveBooking2/Success/Page_Primo Tours  Danmarks bedste c/i_fa fa-arrow-circle-right' is visible

2017-11-28 13:13:30 - [TEST_STEP][PASSED] - scrollToElement: Scroll to object 'Object Repository/PrimoTours/Old Objects/Coco (1)/PrimoT/SaveBooking2/Success/Page_Primo Tours  Danmarks bedste c/i_fa fa-arrow-circle-right' successfully

2017-11-28 13:13:30 - [MESSAGE][PASSED] - Scroll to object 'Object Repository/PrimoTours/Old Objects/Coco (1)/PrimoT/SaveBooking2/Success/Page_Primo Tours  Danmarks bedste c/i_fa fa-arrow-circle-right' successfully

2017-11-28 13:13:30 - [TEST_STEP][PASSED] - click: Object: 'Object Repository/PrimoTours/Old Objects/Coco (1)/PrimoT/SaveBooking2/Success/Page_Primo Tours  Danmarks bedste c/i_fa fa-arrow-circle-right' is clicked on

2017-11-28 13:13:30 - [MESSAGE][PASSED] - Object: 'Object Repository/PrimoTours/Old Objects/Coco (1)/PrimoT/SaveBooking2/Success/Page_Primo Tours  Danmarks bedste c/i_fa fa-arrow-circle-right' is clicked on

2017-11-28 13:13:30 - [TEST_STEP][PASSED] - waitForElementNotVisible: Object 'Object Repository/PrimoTours/Old Objects/CCenter/pageLoaderOverlayLayer' is NOT visible

2017-11-28 13:13:31 - [MESSAGE][PASSED] - Object 'Object Repository/PrimoTours/Old Objects/CCenter/pageLoaderOverlayLayer' is NOT visible

2017-11-28 13:13:31 - [TEST_STEP][PASSED] - scrollToElement: Scroll to object 'Object Repository/PrimoTours/Old Objects/Coco/PrimoT/Ins2/Page_Primo Tours  Danmarks bedste c/span_Vlg forsikring' successfully

2017-11-28 13:13:31 - [MESSAGE][PASSED] - Scroll to object 'Object Repository/PrimoTours/Old Objects/Coco/PrimoT/Ins2/Page_Primo Tours  Danmarks bedste c/span_Vlg forsikring' successfully

2017-11-28 13:13:31 - [TEST_STEP][PASSED] - waitForElementPresent: Object 'Object Repository/PrimoTours/Old Objects/Coco/PrimoT/Ins2/Page_Primo Tours  Danmarks bedste c/span_Vlg forsikring' is present

2017-11-28 13:13:31 - [MESSAGE][PASSED] - Object 'Object Repository/PrimoTours/Old Objects/Coco/PrimoT/Ins2/Page_Primo Tours  Danmarks bedste c/span_Vlg forsikring' is present

2017-11-28 13:13:31 - [TEST_STEP][PASSED] - waitForElementVisible: Object 'Object Repository/PrimoTours/Old Objects/Coco/PrimoT/Ins2/Page_Primo Tours  Danmarks bedste c/span_Vlg forsikring' is visible

2017-11-28 13:13:31 - [MESSAGE][PASSED] - Object 'Object Repository/PrimoTours/Old Objects/Coco/PrimoT/Ins2/Page_Primo Tours  Danmarks bedste c/span_Vlg forsikring' is visible

2017-11-28 13:13:31 - [TEST_STEP][PASSED] - waitForElementClickable: Object 'Object Repository/PrimoTours/Old Objects/Coco/PrimoT/Ins2/Page_Primo Tours  Danmarks bedste c/span_Vlg forsikring' is clickable

2017-11-28 13:13:31 - [MESSAGE][PASSED] - Object 'Object Repository/PrimoTours/Old Objects/Coco/PrimoT/Ins2/Page_Primo Tours  Danmarks bedste c/span_Vlg forsikring' is clickable

2017-11-28 13:13:31 - [TEST_STEP][PASSED] - click: Object: 'Object Repository/PrimoTours/Old Objects/Coco/PrimoT/Ins2/Page_Primo Tours  Danmarks bedste c/span_Vlg forsikring' is clicked on

2017-11-28 13:13:31 - [MESSAGE][PASSED] - Object: 'Object Repository/PrimoTours/Old Objects/Coco/PrimoT/Ins2/Page_Primo Tours  Danmarks bedste c/span_Vlg forsikring' is clicked on

2017-11-28 13:13:31 - [TEST_STEP][PASSED] - click: Object: 'Object Repository/PrimoTours/Old Objects/Coco/PrimoT/Ins2/Page_Primo Tours  Danmarks bedste c/li_Har selv forsikring - kr. 0' is clicked on

2017-11-28 13:13:31 - [MESSAGE][PASSED] - Object: 'Object Repository/PrimoTours/Old Objects/Coco/PrimoT/Ins2/Page_Primo Tours  Danmarks bedste c/li_Har selv forsikring - kr. 0' is clicked on

2017-11-28 13:13:31 - [TEST_STEP][NOT_RUN] - click: NOT_RUN: click

2017-11-28 13:13:31 - [MESSAGE][NOT_RUN] - NOT_RUN: click

2017-11-28 13:13:31 - [TEST_STEP][NOT_RUN] - scrollToElement: NOT_RUN: scrollToElement

2017-11-28 13:13:31 - [MESSAGE][NOT_RUN] - NOT_RUN: scrollToElement

2017-11-28 13:13:31 - [TEST_STEP][NOT_RUN] - click: NOT_RUN: click

2017-11-28 13:13:31 - [MESSAGE][NOT_RUN] - NOT_RUN: click

2017-11-28 13:13:31 - [TEST_STEP][PASSED] - waitForElementVisible: Object 'Object Repository/PrimoTours/Old Objects/Coco (1)/PrimoT/SaveBooking2/Page_Primo Tours  Danmarks bedste c/individualInsuranceCheckbox' is visible

2017-11-28 13:13:31 - [MESSAGE][PASSED] - Object 'Object Repository/PrimoTours/Old Objects/Coco (1)/PrimoT/SaveBooking2/Page_Primo Tours  Danmarks bedste c/individualInsuranceCheckbox' is visible

2017-11-28 13:13:31 - [TEST_STEP][PASSED] - scrollToElement: Scroll to object 'Object Repository/PrimoTours/Old Objects/Coco (1)/PrimoT/SaveBooking2/Page_Primo Tours  Danmarks bedste c/individualInsuranceCheckbox' successfully

2017-11-28 13:13:31 - [MESSAGE][PASSED] - Scroll to object 'Object Repository/PrimoTours/Old Objects/Coco (1)/PrimoT/SaveBooking2/Page_Primo Tours  Danmarks bedste c/individualInsuranceCheckbox' successfully

2017-11-28 13:13:31 - [TEST_STEP][PASSED] - click: Object: 'Object Repository/PrimoTours/Old Objects/Coco (1)/PrimoT/SaveBooking2/Page_Primo Tours  Danmarks bedste c/individualInsuranceCheckbox' is clicked on

2017-11-28 13:13:32 - [MESSAGE][PASSED] - Object: 'Object Repository/PrimoTours/Old Objects/Coco (1)/PrimoT/SaveBooking2/Page_Primo Tours  Danmarks bedste c/individualInsuranceCheckbox' is clicked on

2017-11-28 13:13:32 - [TEST_STEP][PASSED] - scrollToElement: Scroll to object 'Object Repository/PrimoTours/Old Objects/Coco (1)/PrimoT/SaveBooking2/Success/firstProdCategIndividualSelectionRadioB' successfully

2017-11-28 13:13:32 - [MESSAGE][PASSED] - Scroll to object 'Object Repository/PrimoTours/Old Objects/Coco (1)/PrimoT/SaveBooking2/Success/firstProdCategIndividualSelectionRadioB' successfully

2017-11-28 13:13:32 - [TEST_STEP][PASSED] - waitForElementClickable: Object 'Object Repository/PrimoTours/Old Objects/Coco (1)/PrimoT/SaveBooking2/Success/firstProdCategIndividualSelectionRadioB' is clickable

2017-11-28 13:13:32 - [MESSAGE][PASSED] - Object 'Object Repository/PrimoTours/Old Objects/Coco (1)/PrimoT/SaveBooking2/Success/firstProdCategIndividualSelectionRadioB' is clickable

2017-11-28 13:13:32 - [TEST_STEP][PASSED] - scrollToElement: Scroll to object 'Object Repository/PrimoTours/Old Objects/Coco (1)/PrimoT/SaveBooking2/Success/firstProdCategIndividualSelectionRadioB' successfully

2017-11-28 13:13:32 - [MESSAGE][PASSED] - Scroll to object 'Object Repository/PrimoTours/Old Objects/Coco (1)/PrimoT/SaveBooking2/Success/firstProdCategIndividualSelectionRadioB' successfully

2017-11-28 13:13:32 - [TEST_STEP][PASSED] - click: Object: 'Object Repository/PrimoTours/Old Objects/Coco (1)/PrimoT/SaveBooking2/Success/firstProdCategIndividualSelectionRadioB' is clicked on

2017-11-28 13:13:32 - [MESSAGE][PASSED] - Object: 'Object Repository/PrimoTours/Old Objects/Coco (1)/PrimoT/SaveBooking2/Success/firstProdCategIndividualSelectionRadioB' is clicked on

2017-11-28 13:13:32 - [TEST_STEP][PASSED] - scrollToElement: Scroll to object 'Object Repository/PrimoTours/Old Objects/Coco (1)/PrimoT/SaveBooking2/Success/firstProdCategSelectForAllPaxCheckbox' successfully

2017-11-28 13:13:32 - [MESSAGE][PASSED] - Scroll to object 'Object Repository/PrimoTours/Old Objects/Coco (1)/PrimoT/SaveBooking2/Success/firstProdCategSelectForAllPaxCheckbox' successfully

2017-11-28 13:13:32 - [TEST_STEP][PASSED] - waitForElementClickable: Object 'Object Repository/PrimoTours/Old Objects/Coco (1)/PrimoT/SaveBooking2/Success/firstProdCategSelectForAllPaxCheckbox' is clickable

2017-11-28 13:13:32 - [MESSAGE][PASSED] - Object 'Object Repository/PrimoTours/Old Objects/Coco (1)/PrimoT/SaveBooking2/Success/firstProdCategSelectForAllPaxCheckbox' is clickable

2017-11-28 13:13:32 - [TEST_STEP][PASSED] - click: Object: 'Object Repository/PrimoTours/Old Objects/Coco (1)/PrimoT/SaveBooking2/Success/firstProdCategSelectForAllPaxCheckbox' is clicked on

2017-11-28 13:13:33 - [MESSAGE][PASSED] - Object: 'Object Repository/PrimoTours/Old Objects/Coco (1)/PrimoT/SaveBooking2/Success/firstProdCategSelectForAllPaxCheckbox' is clicked on

2017-11-28 13:13:33 - [TEST_STEP][NOT_RUN] - scrollToElement: NOT_RUN: scrollToElement

2017-11-28 13:13:33 - [MESSAGE][NOT_RUN] - NOT_RUN: scrollToElement

2017-11-28 13:13:33 - [TEST_STEP][NOT_RUN] - scrollToElement: NOT_RUN: scrollToElement

2017-11-28 13:13:33 - [MESSAGE][NOT_RUN] - NOT_RUN: scrollToElement

2017-11-28 13:13:33 - [TEST_STEP][NOT_RUN] - click: NOT_RUN: click

2017-11-28 13:13:33 - [MESSAGE][NOT_RUN] - NOT_RUN: click

2017-11-28 13:13:33 - [TEST_STEP][PASSED] - scrollToElement: Scroll to object 'Object Repository/PrimoTours/Old Objects/Coco (1)/PrimoT/SaveBooking2/Success/acceptTermsCheckbox' successfully

2017-11-28 13:13:33 - [MESSAGE][PASSED] - Scroll to object 'Object Repository/PrimoTours/Old Objects/Coco (1)/PrimoT/SaveBooking2/Success/acceptTermsCheckbox' successfully

2017-11-28 13:13:33 - [TEST_STEP][PASSED] - click: Object: 'Object Repository/PrimoTours/Old Objects/Coco (1)/PrimoT/SaveBooking2/Success/acceptTermsCheckbox' is clicked on

2017-11-28 13:13:33 - [MESSAGE][PASSED] - Object: 'Object Repository/PrimoTours/Old Objects/Coco (1)/PrimoT/SaveBooking2/Success/acceptTermsCheckbox' is clicked on

2017-11-28 13:13:33 - [TEST_STEP][PASSED] - waitForElementClickable: Object 'Object Repository/PrimoTours/Old Objects/Coco (1)/PrimoT/SaveBooking2/Page_Primo Tours  Danmarks bedste c/a_btn btn-success col-xs-12 st' is clickable

2017-11-28 13:13:33 - [MESSAGE][PASSED] - Object 'Object Repository/PrimoTours/Old Objects/Coco (1)/PrimoT/SaveBooking2/Page_Primo Tours  Danmarks bedste c/a_btn btn-success col-xs-12 st' is clickable

2017-11-28 13:13:33 - [TEST_STEP][PASSED] - scrollToElement: Scroll to object 'Object Repository/PrimoTours/Old Objects/Coco (1)/PrimoT/SaveBooking2/Page_Primo Tours  Danmarks bedste c/a_btn btn-success col-xs-12 st' successfully

2017-11-28 13:13:33 - [MESSAGE][PASSED] - Scroll to object 'Object Repository/PrimoTours/Old Objects/Coco (1)/PrimoT/SaveBooking2/Page_Primo Tours  Danmarks bedste c/a_btn btn-success col-xs-12 st' successfully

2017-11-28 13:13:33 - [TEST_STEP][PASSED] - click: Object: 'Object Repository/PrimoTours/Old Objects/Coco (1)/PrimoT/SaveBooking2/Page_Primo Tours  Danmarks bedste c/a_btn btn-success col-xs-12 st' is clicked on

2017-11-28 13:13:33 - [MESSAGE][PASSED] - Object: 'Object Repository/PrimoTours/Old Objects/Coco (1)/PrimoT/SaveBooking2/Page_Primo Tours  Danmarks bedste c/a_btn btn-success col-xs-12 st' is clicked on

2017-11-28 13:13:33 - [TEST_STEP][PASSED] - waitForPageLoad: Wait for page load successfully

2017-11-28 13:13:33 - [MESSAGE][PASSED] - Wait for page load successfully

2017-11-28 13:13:33 - [TEST_STEP][PASSED] - waitForJQueryLoad: jQuery is ready.

2017-11-28 13:13:33 - [MESSAGE][PASSED] - jQuery is ready.

2017-11-28 13:13:33 - [TEST_STEP][PASSED] - waitForElementPresent: Object 'Object Repository/PrimoTours/Old Objects/CCenter/pageLoaderOverlayLayer' is present

2017-11-28 13:13:33 - [MESSAGE][PASSED] - Object 'Object Repository/PrimoTours/Old Objects/CCenter/pageLoaderOverlayLayer' is present

2017-11-28 13:13:33 - [TEST_STEP][FAILED] - waitForElementNotVisible: Unable to wait for object 'Object Repository/PrimoTours/Old Objects/CCenter/pageLoaderOverlayLayer' to be NOT visible (Root cause: org.openqa.selenium.StaleElementReferenceException: stale element reference: element is not attached to the page document
  (Session info: chrome=62.0.3202.94)
  (Driver info: chromedriver=2.33.506120 (e3e53437346286c0bc2d2dc9aa4915ba81d9023f),platform=Windows NT 6.3.9600 x86_64) (WARNING: The server did not provide any stacktrace information)
Command duration or timeout: 0 milliseconds
For documentation on this error, please visit: http://seleniumhq.org/exceptions/stale_element_reference.html
Build info: version: '3.7.1', revision: '8a0099a', time: '2017-11-06T21:07:36.161Z'
System info: host: 'NEACSUNEW-PC', ip: '10.10.10.211', os.name: 'Windows 8.1', os.arch: 'amd64', os.version: '6.3', java.version: '1.8.0_102'
Driver info: com.kms.katalon.selenium.driver.CChromeDriver
Capabilities {acceptSslCerts: true, applicationCacheEnabled: false, browserConnectionEnabled: false, browserName: chrome, chrome: {chromedriverVersion: 2.33.506120 (e3e53437346286..., userDataDir: C:\Users\Cornel\AppData\Loc...}, cssSelectorsEnabled: true, databaseEnabled: false, handlesAlerts: true, hasTouchScreen: false, javascriptEnabled: true, locationContextEnabled: true, mobileEmulationEnabled: false, nativeEvents: true, networkConnectionEnabled: false, pageLoadStrategy: normal, platform: XP, platformName: XP, rotatable: false, setWindowRect: true, takesHeapSnapshot: true, takesScreenshot: true, unexpectedAlertBehaviour: , unhandledPromptBehavior: , version: 62.0.3202.94, webStorageEnabled: true}
Session ID: 4324e84f83172a81623fac890c1c87ef)

2017-11-28 13:13:39 - [MESSAGE][FAILED] - Unable to wait for object 'Object Repository/PrimoTours/Old Objects/CCenter/pageLoaderOverlayLayer' to be NOT visible (Root cause: org.openqa.selenium.StaleElementReferenceException: stale element reference: element is not attached to the page document
  (Session info: chrome=62.0.3202.94)
  (Driver info: chromedriver=2.33.506120 (e3e53437346286c0bc2d2dc9aa4915ba81d9023f),platform=Windows NT 6.3.9600 x86_64) (WARNING: The server did not provide any stacktrace information)
Command duration or timeout: 0 milliseconds
For documentation on this error, please visit: http://seleniumhq.org/exceptions/stale_element_reference.html
Build info: version: '3.7.1', revision: '8a0099a', time: '2017-11-06T21:07:36.161Z'
System info: host: 'NEACSUNEW-PC', ip: '10.10.10.211', os.name: 'Windows 8.1', os.arch: 'amd64', os.version: '6.3', java.version: '1.8.0_102'
Driver info: com.kms.katalon.selenium.driver.CChromeDriver
Capabilities {acceptSslCerts: true, applicationCacheEnabled: false, browserConnectionEnabled: false, browserName: chrome, chrome: {chromedriverVersion: 2.33.506120 (e3e53437346286..., userDataDir: C:\Users\Cornel\AppData\Loc...}, cssSelectorsEnabled: true, databaseEnabled: false, handlesAlerts: true, hasTouchScreen: false, javascriptEnabled: true, locationContextEnabled: true, mobileEmulationEnabled: false, nativeEvents: true, networkConnectionEnabled: false, pageLoadStrategy: normal, platform: XP, platformName: XP, rotatable: false, setWindowRect: true, takesHeapSnapshot: true, takesScreenshot: true, unexpectedAlertBehaviour: , unhandledPromptBehavior: , version: 62.0.3202.94, webStorageEnabled: true}
Session ID: 4324e84f83172a81623fac890c1c87ef)
[[ATTACHMENT|D:\\Software testing\\Tourpaq\\Automated Katalon tests\\Primo WB test\\Reports\\WB Primo From Excel URLs\\20171128_131240\\1511867618722.png]]]]></system-out>
         <system-err><![CDATA[2017-11-28 13:13:18 - [TEST_CASE][FAILED] - Test Cases/PrimoTours/WB Primo/WB Primo staging - place booking - Iteration 3: Test Cases/PrimoTours/WB Primo/WB Primo staging - place booking FAILED because (of) Unable to wait for object 'Object Repository/PrimoTours/Old Objects/CCenter/pageLoaderOverlayLayer' to be NOT visible (Root cause: org.openqa.selenium.StaleElementReferenceException: stale element reference: element is not attached to the page document
  (Session info: chrome=62.0.3202.94)
  (Driver info: chromedriver=2.33.506120 (e3e53437346286c0bc2d2dc9aa4915ba81d9023f),platform=Windows NT 6.3.9600 x86_64) (WARNING: The server did not provide any stacktrace information)
Command duration or timeout: 0 milliseconds
For documentation on this error, please visit: http://seleniumhq.org/exceptions/stale_element_reference.html
Build info: version: '3.7.1', revision: '8a0099a', time: '2017-11-06T21:07:36.161Z'
System info: host: 'NEACSUNEW-PC', ip: '10.10.10.211', os.name: 'Windows 8.1', os.arch: 'amd64', os.version: '6.3', java.version: '1.8.0_102'
Driver info: com.kms.katalon.selenium.driver.CChromeDriver
Capabilities {acceptSslCerts: true, applicationCacheEnabled: false, browserConnectionEnabled: false, browserName: chrome, chrome: {chromedriverVersion: 2.33.506120 (e3e53437346286..., userDataDir: C:\Users\Cornel\AppData\Loc...}, cssSelectorsEnabled: true, databaseEnabled: false, handlesAlerts: true, hasTouchScreen: false, javascriptEnabled: true, locationContextEnabled: true, mobileEmulationEnabled: false, nativeEvents: true, networkConnectionEnabled: false, pageLoadStrategy: normal, platform: XP, platformName: XP, rotatable: false, setWindowRect: true, takesHeapSnapshot: true, takesScreenshot: true, unexpectedAlertBehaviour: , unhandledPromptBehavior: , version: 62.0.3202.94, webStorageEnabled: true}
Session ID: 4324e84f83172a81623fac890c1c87ef)]]></system-err>
      </testcase>
      <testcase name="Test Cases/PrimoTours/WB Primo/WB Primo staging - place booking - Iteration 4" classname="Test Cases/PrimoTours/WB Primo/WB Primo staging - place booking" status="FAILED">
         <failure type="FAILED" message="Test Cases/PrimoTours/WB Primo/WB Primo staging - place booking FAILED because (of) Unable to click on object 'Object Repository/PrimoTours/Old Objects/Coco (1)/PrimoT/SaveBooking2/Success/acceptTermsCheckbox' (Root cause: org.openqa.selenium.WebDriverException: unknown error: Element &lt;a href=&quot;#&quot; class=&quot;toggle checkbox kalypto&quot;>&lt;/a> is not clickable at point (395, 688). Other element would receive the click: &lt;h2>...&lt;/h2>
  (Session info: chrome=62.0.3202.94)
  (Driver info: chromedriver=2.33.506120 (e3e53437346286c0bc2d2dc9aa4915ba81d9023f),platform=Windows NT 6.3.9600 x86_64) (WARNING: The server did not provide any stacktrace information)
Command duration or timeout: 0 milliseconds
Build info: version: '3.7.1', revision: '8a0099a', time: '2017-11-06T21:07:36.161Z'
System info: host: 'NEACSUNEW-PC', ip: '10.10.10.211', os.name: 'Windows 8.1', os.arch: 'amd64', os.version: '6.3', java.version: '1.8.0_102'
Driver info: com.kms.katalon.selenium.driver.CChromeDriver
Capabilities {acceptSslCerts: true, applicationCacheEnabled: false, browserConnectionEnabled: false, browserName: chrome, chrome: {chromedriverVersion: 2.33.506120 (e3e53437346286..., userDataDir: C:\Users\Cornel\AppData\Loc...}, cssSelectorsEnabled: true, databaseEnabled: false, handlesAlerts: true, hasTouchScreen: false, javascriptEnabled: true, locationContextEnabled: true, mobileEmulationEnabled: false, nativeEvents: true, networkConnectionEnabled: false, pageLoadStrategy: normal, platform: XP, platformName: XP, rotatable: false, setWindowRect: true, takesHeapSnapshot: true, takesScreenshot: true, unexpectedAlertBehaviour: , unhandledPromptBehavior: , version: 62.0.3202.94, webStorageEnabled: true}
Session ID: 109b19860098415fd540abb7677305cc)"/>
         <system-out><![CDATA[2017-11-28 13:13:39 - [TEST_CASE][FAILED] - Test Cases/PrimoTours/WB Primo/WB Primo staging - place booking - Iteration 4: Test Cases/PrimoTours/WB Primo/WB Primo staging - place booking FAILED because (of) Unable to click on object 'Object Repository/PrimoTours/Old Objects/Coco (1)/PrimoT/SaveBooking2/Success/acceptTermsCheckbox' (Root cause: org.openqa.selenium.WebDriverException: unknown error: Element <a href="#" class="toggle checkbox kalypto"></a> is not clickable at point (395, 688). Other element would receive the click: <h2>...</h2>
  (Session info: chrome=62.0.3202.94)
  (Driver info: chromedriver=2.33.506120 (e3e53437346286c0bc2d2dc9aa4915ba81d9023f),platform=Windows NT 6.3.9600 x86_64) (WARNING: The server did not provide any stacktrace information)
Command duration or timeout: 0 milliseconds
Build info: version: '3.7.1', revision: '8a0099a', time: '2017-11-06T21:07:36.161Z'
System info: host: 'NEACSUNEW-PC', ip: '10.10.10.211', os.name: 'Windows 8.1', os.arch: 'amd64', os.version: '6.3', java.version: '1.8.0_102'
Driver info: com.kms.katalon.selenium.driver.CChromeDriver
Capabilities {acceptSslCerts: true, applicationCacheEnabled: false, browserConnectionEnabled: false, browserName: chrome, chrome: {chromedriverVersion: 2.33.506120 (e3e53437346286..., userDataDir: C:\Users\Cornel\AppData\Loc...}, cssSelectorsEnabled: true, databaseEnabled: false, handlesAlerts: true, hasTouchScreen: false, javascriptEnabled: true, locationContextEnabled: true, mobileEmulationEnabled: false, nativeEvents: true, networkConnectionEnabled: false, pageLoadStrategy: normal, platform: XP, platformName: XP, rotatable: false, setWindowRect: true, takesHeapSnapshot: true, takesScreenshot: true, unexpectedAlertBehaviour: , unhandledPromptBehavior: , version: 62.0.3202.94, webStorageEnabled: true}
Session ID: 109b19860098415fd540abb7677305cc)

2017-11-28 13:13:39 - [TEST_STEP][PASSED] - openBrowser: Browser is opened with url: ''

2017-11-28 13:13:39 - [MESSAGE][WARNING] - A browser is already opened. Closing browser and opening a new one

2017-11-28 13:13:42 - [MESSAGE][PASSED] - Browser is opened with url: ''

2017-11-28 13:13:42 - [TEST_STEP][PASSED] - maximizeWindow: Current window maximized

2017-11-28 13:13:43 - [MESSAGE][PASSED] - Current window maximized

2017-11-28 13:13:43 - [TEST_STEP][PASSED] - navigateToUrl: Navigate to 'https://staging-primotours-webbooking.tourpaq.com/DoBooking.aspx?pltaID=1480269&p=1&rno=2&pt=1&a=4&c=4&aa=&ca=1,4|0,5' successfully

2017-11-28 13:13:45 - [MESSAGE][PASSED] - Navigate to 'https://staging-primotours-webbooking.tourpaq.com/DoBooking.aspx?pltaID=1480269&p=1&rno=2&pt=1&a=4&c=4&aa=&ca=1,4|0,5' successfully

2017-11-28 13:13:45 - [TEST_STEP][PASSED] - setText: Text 'Pedersen AUT' is set on object 'Object Repository/PrimoTours/Old Objects/Coco/PrimoT/Page_Primo Tours  Danmarks bedste c/input_firstName'

2017-11-28 13:13:45 - [MESSAGE][PASSED] - Text 'Pedersen AUT' is set on object 'Object Repository/PrimoTours/Old Objects/Coco/PrimoT/Page_Primo Tours  Danmarks bedste c/input_firstName'

2017-11-28 13:13:45 - [TEST_STEP][PASSED] - setText: Text 'Vibe Dalby' is set on object 'Object Repository/PrimoTours/Old Objects/Coco/PrimoT/Page_Primo Tours  Danmarks bedste c/input_lastName'

2017-11-28 13:13:46 - [MESSAGE][PASSED] - Text 'Vibe Dalby' is set on object 'Object Repository/PrimoTours/Old Objects/Coco/PrimoT/Page_Primo Tours  Danmarks bedste c/input_lastName'

2017-11-28 13:13:46 - [TEST_STEP][PASSED] - setText: Text 'Home address' is set on object 'Object Repository/PrimoTours/Old Objects/Coco/PrimoT/Page_Primo Tours  Danmarks bedste c/input_customerAddress'

2017-11-28 13:13:46 - [MESSAGE][PASSED] - Text 'Home address' is set on object 'Object Repository/PrimoTours/Old Objects/Coco/PrimoT/Page_Primo Tours  Danmarks bedste c/input_customerAddress'

2017-11-28 13:13:46 - [TEST_STEP][PASSED] - setText: Text '6700' is set on object 'Object Repository/PrimoTours/Old Objects/Coco/PrimoT/Page_Primo Tours  Danmarks bedste c/input_customerPostcode'

2017-11-28 13:13:46 - [MESSAGE][PASSED] - Text '6700' is set on object 'Object Repository/PrimoTours/Old Objects/Coco/PrimoT/Page_Primo Tours  Danmarks bedste c/input_customerPostcode'

2017-11-28 13:13:46 - [TEST_STEP][PASSED] - setText: Text 'cornel.neacsu@roweb.ro' is set on object 'Object Repository/PrimoTours/Old Objects/Coco/PrimoT/Page_Primo Tours  Danmarks bedste c/input_customerEmail'

2017-11-28 13:13:47 - [MESSAGE][PASSED] - Text 'cornel.neacsu@roweb.ro' is set on object 'Object Repository/PrimoTours/Old Objects/Coco/PrimoT/Page_Primo Tours  Danmarks bedste c/input_customerEmail'

2017-11-28 13:13:47 - [TEST_STEP][PASSED] - setText: Text '12345678' is set on object 'Object Repository/PrimoTours/Old Objects/Coco/PrimoT/Page_Primo Tours  Danmarks bedste c/input_customerPhone'

2017-11-28 13:13:47 - [MESSAGE][PASSED] - Text '12345678' is set on object 'Object Repository/PrimoTours/Old Objects/Coco/PrimoT/Page_Primo Tours  Danmarks bedste c/input_customerPhone'

2017-11-28 13:13:47 - [TEST_STEP][PASSED] - Statement - excelInfo = ["fname":"", "lname":"", "pgender":"", "pday":"", "pmonth":"", "pyear":""]: null

2017-11-28 13:13:47 - [TEST_STEP][PASSED] - Statement - rawData = com.kms.katalon.core.testdata.TestDataFactory.findTestData("Data Files/WB_Primo/Passenger_details"): Reading excel file with source file 'D:\Software testing\Tourpaq\Automated Katalon tests\Primo WB test\Data Files\Primo_URLs_For_Automated_Test.xls' and sheet name 'Passenger Names'

2017-11-28 13:13:47 - [TEST_STEP][PASSED] - Statement - excelRowNo = rawData.getRowNumbers(): null

2017-11-28 13:13:47 - [TEST_STEP][PASSED] - Statement - randomPaxIndex = 1: null

2017-11-28 13:13:47 - [TEST_STEP][PASSED] - waitForElementClickable: Object 'Object Repository/PrimoTours/Old Objects/Coco/PrimoT/Page_Primo Tours  Danmarks bedste c/input_firstname-0_1' is clickable

2017-11-28 13:13:49 - [MESSAGE][PASSED] - Object 'Object Repository/PrimoTours/Old Objects/Coco/PrimoT/Page_Primo Tours  Danmarks bedste c/input_firstname-0_1' is clickable

2017-11-28 13:13:49 - [TEST_STEP][PASSED] - Statement - driver = com.kms.katalon.core.webui.driver.DriverFactory.getWebDriver(): null

2017-11-28 13:13:49 - [TEST_STEP][PASSED] - Statement - roomContainerXpath = "id("booking")/div[@class="wrapper second-bg"]/div[contains(@class,"container-mx")]/div[@class="row"]/div[@class="col-md-12 roomContainer"]": null

2017-11-28 13:13:49 - [TEST_STEP][PASSED] - Statement - roomsCount = driver.findElements(org.openqa.selenium.By.xpath(roomContainerXpath)).size(): null

2017-11-28 13:13:49 - [TEST_STEP][PASSED] - Statement - println("roomsCount=" + roomsCount): null

2017-11-28 13:13:49 - [TEST_STEP][PASSED] - Statement - For ([i = 1, i <= roomsCount, (i++)]): Text 'Tina Bæk' is set on object 'Object Repository/PrimoTours/Old Objects/allPaxLastNameFields'

2017-11-28 13:13:49 - [TEST_STEP][PASSED] - Statement - paxInRoomXpath = roomContainerXpath + "[" + i + "]/div[@class="row"]/div[@class="col-md-12"]/div[@class="row"]": null

2017-11-28 13:13:49 - [TEST_STEP][PASSED] - Statement - paxInRoomCount = driver.findElements(org.openqa.selenium.By.xpath(paxInRoomXpath)).size(): null

2017-11-28 13:13:49 - [TEST_STEP][PASSED] - Statement - println("paxInRoomCount=" + paxInRoomCount): null

2017-11-28 13:13:49 - [TEST_STEP][PASSED] - Statement - For ([j = 1, j <= paxInRoomCount, (j++)]): Text 'Susanne' is set on object 'Object Repository/PrimoTours/Old Objects/allPaxLastNameFields'

2017-11-28 13:13:49 - [TEST_STEP][PASSED] - Statement - If (i == 1 & j == 1): null

2017-11-28 13:13:49 - [TEST_STEP][PASSED] - Statement - <not implemented yet for class: org.codehaus.groovy.ast.stmt.ContinueStatement>: null

2017-11-28 13:13:49 - [TEST_STEP][PASSED] - Statement - If (i == 1 & j == 1): null

2017-11-28 13:13:49 - [TEST_STEP][PASSED] - Statement - randomPaxIndex = java.lang.Math.abs(new java.util.Random().nextInt() % excelRowNo) + 1: null

2017-11-28 13:13:49 - [TEST_STEP][PASSED] - Statement - println(randomPaxIndex): null

2017-11-28 13:13:49 - [TEST_STEP][PASSED] - Statement - fname = rawData.getValue("FirstName", randomPaxIndex) + " AUT": null

2017-11-28 13:13:49 - [TEST_STEP][PASSED] - Statement - lname = rawData.getValue("LastName", randomPaxIndex): null

2017-11-28 13:13:49 - [TEST_STEP][PASSED] - Statement - pgender = rawData.getValue("Gender", randomPaxIndex): null

2017-11-28 13:13:49 - [TEST_STEP][PASSED] - Statement - pday = rawData.getValue("Day DOB", randomPaxIndex): null

2017-11-28 13:13:49 - [TEST_STEP][PASSED] - Statement - pmonth = rawData.getValue("Month DOB", randomPaxIndex): null

2017-11-28 13:13:49 - [TEST_STEP][PASSED] - Statement - pyear = rawData.getValue("Year DOB", randomPaxIndex): null

2017-11-28 13:13:49 - [TEST_STEP][PASSED] - Statement - paxDetailFields = paxInRoomXpath + "[" + j + "]/div[@class="col-md-x col-md-9"]/div[@class="row paxContainer"]/div[@class="col-md-5"]": null

2017-11-28 13:13:49 - [TEST_STEP][PASSED] - Statement - xpathval = paxDetailFields + "[1]/div[contains(@class,"form-group")]/input[@class="form-control paxFirstName"]": null

2017-11-28 13:13:49 - [TEST_STEP][PASSED] - Statement - println("fn: " + xpathval): null

2017-11-28 13:13:49 - [TEST_STEP][PASSED] - Statement - repObj = com.kms.katalon.core.testobject.ObjectRepository.findTestObject(Object Repository/PrimoTours/Old Objects/allPaxFirstNameFields): Finding Test Object with id 'Object Repository/PrimoTours/Old Objects/allPaxFirstNameFields'

2017-11-28 13:13:49 - [TEST_STEP][PASSED] - Statement - repObj.findProperty("xpath").setValue(xpathval): null

2017-11-28 13:13:49 - [TEST_STEP][PASSED] - setText: Text 'Kaastrup-Olsen AUT' is set on object 'Object Repository/PrimoTours/Old Objects/allPaxFirstNameFields'

2017-11-28 13:13:49 - [MESSAGE][PASSED] - Text 'Kaastrup-Olsen AUT' is set on object 'Object Repository/PrimoTours/Old Objects/allPaxFirstNameFields'

2017-11-28 13:13:49 - [TEST_STEP][PASSED] - Statement - xpathval = paxDetailFields + "[2]/div[contains(@class,"form-group")]/input[@class="form-control paxLastName"]": null

2017-11-28 13:13:49 - [TEST_STEP][PASSED] - Statement - println("ln: " + xpathval): null

2017-11-28 13:13:49 - [TEST_STEP][PASSED] - Statement - repObj = com.kms.katalon.core.testobject.ObjectRepository.findTestObject(Object Repository/PrimoTours/Old Objects/allPaxLastNameFields): Finding Test Object with id 'Object Repository/PrimoTours/Old Objects/allPaxLastNameFields'

2017-11-28 13:13:49 - [TEST_STEP][PASSED] - Statement - repObj.findProperty("xpath").setValue(xpathval): null

2017-11-28 13:13:49 - [TEST_STEP][PASSED] - setText: Text 'Io Rebecca Rosenoern' is set on object 'Object Repository/PrimoTours/Old Objects/allPaxLastNameFields'

2017-11-28 13:13:50 - [MESSAGE][PASSED] - Text 'Io Rebecca Rosenoern' is set on object 'Object Repository/PrimoTours/Old Objects/allPaxLastNameFields'

2017-11-28 13:13:50 - [TEST_STEP][PASSED] - Statement - If (i == 1 & j == 1): null

2017-11-28 13:13:50 - [TEST_STEP][PASSED] - Statement - randomPaxIndex = java.lang.Math.abs(new java.util.Random().nextInt() % excelRowNo) + 1: null

2017-11-28 13:13:50 - [TEST_STEP][PASSED] - Statement - println(randomPaxIndex): null

2017-11-28 13:13:50 - [TEST_STEP][PASSED] - Statement - fname = rawData.getValue("FirstName", randomPaxIndex) + " AUT": null

2017-11-28 13:13:50 - [TEST_STEP][PASSED] - Statement - lname = rawData.getValue("LastName", randomPaxIndex): null

2017-11-28 13:13:50 - [TEST_STEP][PASSED] - Statement - pgender = rawData.getValue("Gender", randomPaxIndex): null

2017-11-28 13:13:50 - [TEST_STEP][PASSED] - Statement - pday = rawData.getValue("Day DOB", randomPaxIndex): null

2017-11-28 13:13:50 - [TEST_STEP][PASSED] - Statement - pmonth = rawData.getValue("Month DOB", randomPaxIndex): null

2017-11-28 13:13:50 - [TEST_STEP][PASSED] - Statement - pyear = rawData.getValue("Year DOB", randomPaxIndex): null

2017-11-28 13:13:50 - [TEST_STEP][PASSED] - Statement - paxDetailFields = paxInRoomXpath + "[" + j + "]/div[@class="col-md-x col-md-9"]/div[@class="row paxContainer"]/div[@class="col-md-5"]": null

2017-11-28 13:13:50 - [TEST_STEP][PASSED] - Statement - xpathval = paxDetailFields + "[1]/div[contains(@class,"form-group")]/input[@class="form-control paxFirstName"]": null

2017-11-28 13:13:50 - [TEST_STEP][PASSED] - Statement - println("fn: " + xpathval): null

2017-11-28 13:13:50 - [TEST_STEP][PASSED] - Statement - repObj = com.kms.katalon.core.testobject.ObjectRepository.findTestObject(Object Repository/PrimoTours/Old Objects/allPaxFirstNameFields): Finding Test Object with id 'Object Repository/PrimoTours/Old Objects/allPaxFirstNameFields'

2017-11-28 13:13:50 - [TEST_STEP][PASSED] - Statement - repObj.findProperty("xpath").setValue(xpathval): null

2017-11-28 13:13:50 - [TEST_STEP][PASSED] - setText: Text 'Pedersen AUT' is set on object 'Object Repository/PrimoTours/Old Objects/allPaxFirstNameFields'

2017-11-28 13:13:50 - [MESSAGE][PASSED] - Text 'Pedersen AUT' is set on object 'Object Repository/PrimoTours/Old Objects/allPaxFirstNameFields'

2017-11-28 13:13:50 - [TEST_STEP][PASSED] - Statement - xpathval = paxDetailFields + "[2]/div[contains(@class,"form-group")]/input[@class="form-control paxLastName"]": null

2017-11-28 13:13:50 - [TEST_STEP][PASSED] - Statement - println("ln: " + xpathval): null

2017-11-28 13:13:50 - [TEST_STEP][PASSED] - Statement - repObj = com.kms.katalon.core.testobject.ObjectRepository.findTestObject(Object Repository/PrimoTours/Old Objects/allPaxLastNameFields): Finding Test Object with id 'Object Repository/PrimoTours/Old Objects/allPaxLastNameFields'

2017-11-28 13:13:50 - [TEST_STEP][PASSED] - Statement - repObj.findProperty("xpath").setValue(xpathval): null

2017-11-28 13:13:50 - [TEST_STEP][PASSED] - setText: Text 'Jeanie' is set on object 'Object Repository/PrimoTours/Old Objects/allPaxLastNameFields'

2017-11-28 13:13:50 - [MESSAGE][PASSED] - Text 'Jeanie' is set on object 'Object Repository/PrimoTours/Old Objects/allPaxLastNameFields'

2017-11-28 13:13:50 - [TEST_STEP][PASSED] - Statement - If (i == 1 & j == 1): null

2017-11-28 13:13:50 - [TEST_STEP][PASSED] - Statement - randomPaxIndex = java.lang.Math.abs(new java.util.Random().nextInt() % excelRowNo) + 1: null

2017-11-28 13:13:50 - [TEST_STEP][PASSED] - Statement - println(randomPaxIndex): null

2017-11-28 13:13:50 - [TEST_STEP][PASSED] - Statement - fname = rawData.getValue("FirstName", randomPaxIndex) + " AUT": null

2017-11-28 13:13:50 - [TEST_STEP][PASSED] - Statement - lname = rawData.getValue("LastName", randomPaxIndex): null

2017-11-28 13:13:50 - [TEST_STEP][PASSED] - Statement - pgender = rawData.getValue("Gender", randomPaxIndex): null

2017-11-28 13:13:50 - [TEST_STEP][PASSED] - Statement - pday = rawData.getValue("Day DOB", randomPaxIndex): null

2017-11-28 13:13:50 - [TEST_STEP][PASSED] - Statement - pmonth = rawData.getValue("Month DOB", randomPaxIndex): null

2017-11-28 13:13:50 - [TEST_STEP][PASSED] - Statement - pyear = rawData.getValue("Year DOB", randomPaxIndex): null

2017-11-28 13:13:50 - [TEST_STEP][PASSED] - Statement - paxDetailFields = paxInRoomXpath + "[" + j + "]/div[@class="col-md-x col-md-9"]/div[@class="row paxContainer"]/div[@class="col-md-5"]": null

2017-11-28 13:13:50 - [TEST_STEP][PASSED] - Statement - xpathval = paxDetailFields + "[1]/div[contains(@class,"form-group")]/input[@class="form-control paxFirstName"]": null

2017-11-28 13:13:50 - [TEST_STEP][PASSED] - Statement - println("fn: " + xpathval): null

2017-11-28 13:13:50 - [TEST_STEP][PASSED] - Statement - repObj = com.kms.katalon.core.testobject.ObjectRepository.findTestObject(Object Repository/PrimoTours/Old Objects/allPaxFirstNameFields): Finding Test Object with id 'Object Repository/PrimoTours/Old Objects/allPaxFirstNameFields'

2017-11-28 13:13:50 - [TEST_STEP][PASSED] - Statement - repObj.findProperty("xpath").setValue(xpathval): null

2017-11-28 13:13:50 - [TEST_STEP][PASSED] - setText: Text 'Andersen AUT' is set on object 'Object Repository/PrimoTours/Old Objects/allPaxFirstNameFields'

2017-11-28 13:13:50 - [MESSAGE][PASSED] - Text 'Andersen AUT' is set on object 'Object Repository/PrimoTours/Old Objects/allPaxFirstNameFields'

2017-11-28 13:13:50 - [TEST_STEP][PASSED] - Statement - xpathval = paxDetailFields + "[2]/div[contains(@class,"form-group")]/input[@class="form-control paxLastName"]": null

2017-11-28 13:13:50 - [TEST_STEP][PASSED] - Statement - println("ln: " + xpathval): null

2017-11-28 13:13:50 - [TEST_STEP][PASSED] - Statement - repObj = com.kms.katalon.core.testobject.ObjectRepository.findTestObject(Object Repository/PrimoTours/Old Objects/allPaxLastNameFields): Finding Test Object with id 'Object Repository/PrimoTours/Old Objects/allPaxLastNameFields'

2017-11-28 13:13:50 - [TEST_STEP][PASSED] - Statement - repObj.findProperty("xpath").setValue(xpathval): null

2017-11-28 13:13:50 - [TEST_STEP][PASSED] - setText: Text 'Susanne' is set on object 'Object Repository/PrimoTours/Old Objects/allPaxLastNameFields'

2017-11-28 13:13:51 - [MESSAGE][PASSED] - Text 'Susanne' is set on object 'Object Repository/PrimoTours/Old Objects/allPaxLastNameFields'

2017-11-28 13:13:51 - [TEST_STEP][PASSED] - Statement - paxInRoomXpath = roomContainerXpath + "[" + i + "]/div[@class="row"]/div[@class="col-md-12"]/div[@class="row"]": null

2017-11-28 13:13:51 - [TEST_STEP][PASSED] - Statement - paxInRoomCount = driver.findElements(org.openqa.selenium.By.xpath(paxInRoomXpath)).size(): null

2017-11-28 13:13:51 - [TEST_STEP][PASSED] - Statement - println("paxInRoomCount=" + paxInRoomCount): null

2017-11-28 13:13:51 - [TEST_STEP][PASSED] - Statement - For ([j = 1, j <= paxInRoomCount, (j++)]): Text 'Tina Bæk' is set on object 'Object Repository/PrimoTours/Old Objects/allPaxLastNameFields'

2017-11-28 13:13:51 - [TEST_STEP][PASSED] - Statement - If (i == 1 & j == 1): null

2017-11-28 13:13:51 - [TEST_STEP][PASSED] - Statement - randomPaxIndex = java.lang.Math.abs(new java.util.Random().nextInt() % excelRowNo) + 1: null

2017-11-28 13:13:51 - [TEST_STEP][PASSED] - Statement - println(randomPaxIndex): null

2017-11-28 13:13:51 - [TEST_STEP][PASSED] - Statement - fname = rawData.getValue("FirstName", randomPaxIndex) + " AUT": null

2017-11-28 13:13:51 - [TEST_STEP][PASSED] - Statement - lname = rawData.getValue("LastName", randomPaxIndex): null

2017-11-28 13:13:51 - [TEST_STEP][PASSED] - Statement - pgender = rawData.getValue("Gender", randomPaxIndex): null

2017-11-28 13:13:51 - [TEST_STEP][PASSED] - Statement - pday = rawData.getValue("Day DOB", randomPaxIndex): null

2017-11-28 13:13:51 - [TEST_STEP][PASSED] - Statement - pmonth = rawData.getValue("Month DOB", randomPaxIndex): null

2017-11-28 13:13:51 - [TEST_STEP][PASSED] - Statement - pyear = rawData.getValue("Year DOB", randomPaxIndex): null

2017-11-28 13:13:51 - [TEST_STEP][PASSED] - Statement - paxDetailFields = paxInRoomXpath + "[" + j + "]/div[@class="col-md-x col-md-9"]/div[@class="row paxContainer"]/div[@class="col-md-5"]": null

2017-11-28 13:13:51 - [TEST_STEP][PASSED] - Statement - xpathval = paxDetailFields + "[1]/div[contains(@class,"form-group")]/input[@class="form-control paxFirstName"]": null

2017-11-28 13:13:51 - [TEST_STEP][PASSED] - Statement - println("fn: " + xpathval): null

2017-11-28 13:13:51 - [TEST_STEP][PASSED] - Statement - repObj = com.kms.katalon.core.testobject.ObjectRepository.findTestObject(Object Repository/PrimoTours/Old Objects/allPaxFirstNameFields): Finding Test Object with id 'Object Repository/PrimoTours/Old Objects/allPaxFirstNameFields'

2017-11-28 13:13:51 - [TEST_STEP][PASSED] - Statement - repObj.findProperty("xpath").setValue(xpathval): null

2017-11-28 13:13:51 - [TEST_STEP][PASSED] - setText: Text 'Marcussen AUT' is set on object 'Object Repository/PrimoTours/Old Objects/allPaxFirstNameFields'

2017-11-28 13:13:51 - [MESSAGE][PASSED] - Text 'Marcussen AUT' is set on object 'Object Repository/PrimoTours/Old Objects/allPaxFirstNameFields'

2017-11-28 13:13:51 - [TEST_STEP][PASSED] - Statement - xpathval = paxDetailFields + "[2]/div[contains(@class,"form-group")]/input[@class="form-control paxLastName"]": null

2017-11-28 13:13:51 - [TEST_STEP][PASSED] - Statement - println("ln: " + xpathval): null

2017-11-28 13:13:51 - [TEST_STEP][PASSED] - Statement - repObj = com.kms.katalon.core.testobject.ObjectRepository.findTestObject(Object Repository/PrimoTours/Old Objects/allPaxLastNameFields): Finding Test Object with id 'Object Repository/PrimoTours/Old Objects/allPaxLastNameFields'

2017-11-28 13:13:51 - [TEST_STEP][PASSED] - Statement - repObj.findProperty("xpath").setValue(xpathval): null

2017-11-28 13:13:51 - [TEST_STEP][PASSED] - setText: Text 'Storm' is set on object 'Object Repository/PrimoTours/Old Objects/allPaxLastNameFields'

2017-11-28 13:13:51 - [MESSAGE][PASSED] - Text 'Storm' is set on object 'Object Repository/PrimoTours/Old Objects/allPaxLastNameFields'

2017-11-28 13:13:51 - [TEST_STEP][PASSED] - Statement - If (i == 1 & j == 1): null

2017-11-28 13:13:51 - [TEST_STEP][PASSED] - Statement - randomPaxIndex = java.lang.Math.abs(new java.util.Random().nextInt() % excelRowNo) + 1: null

2017-11-28 13:13:51 - [TEST_STEP][PASSED] - Statement - println(randomPaxIndex): null

2017-11-28 13:13:51 - [TEST_STEP][PASSED] - Statement - fname = rawData.getValue("FirstName", randomPaxIndex) + " AUT": null

2017-11-28 13:13:51 - [TEST_STEP][PASSED] - Statement - lname = rawData.getValue("LastName", randomPaxIndex): null

2017-11-28 13:13:51 - [TEST_STEP][PASSED] - Statement - pgender = rawData.getValue("Gender", randomPaxIndex): null

2017-11-28 13:13:51 - [TEST_STEP][PASSED] - Statement - pday = rawData.getValue("Day DOB", randomPaxIndex): null

2017-11-28 13:13:51 - [TEST_STEP][PASSED] - Statement - pmonth = rawData.getValue("Month DOB", randomPaxIndex): null

2017-11-28 13:13:51 - [TEST_STEP][PASSED] - Statement - pyear = rawData.getValue("Year DOB", randomPaxIndex): null

2017-11-28 13:13:51 - [TEST_STEP][PASSED] - Statement - paxDetailFields = paxInRoomXpath + "[" + j + "]/div[@class="col-md-x col-md-9"]/div[@class="row paxContainer"]/div[@class="col-md-5"]": null

2017-11-28 13:13:51 - [TEST_STEP][PASSED] - Statement - xpathval = paxDetailFields + "[1]/div[contains(@class,"form-group")]/input[@class="form-control paxFirstName"]": null

2017-11-28 13:13:51 - [TEST_STEP][PASSED] - Statement - println("fn: " + xpathval): null

2017-11-28 13:13:51 - [TEST_STEP][PASSED] - Statement - repObj = com.kms.katalon.core.testobject.ObjectRepository.findTestObject(Object Repository/PrimoTours/Old Objects/allPaxFirstNameFields): Finding Test Object with id 'Object Repository/PrimoTours/Old Objects/allPaxFirstNameFields'

2017-11-28 13:13:51 - [TEST_STEP][PASSED] - Statement - repObj.findProperty("xpath").setValue(xpathval): null

2017-11-28 13:13:51 - [TEST_STEP][PASSED] - setText: Text 'Lyngholm AUT' is set on object 'Object Repository/PrimoTours/Old Objects/allPaxFirstNameFields'

2017-11-28 13:13:52 - [MESSAGE][PASSED] - Text 'Lyngholm AUT' is set on object 'Object Repository/PrimoTours/Old Objects/allPaxFirstNameFields'

2017-11-28 13:13:52 - [TEST_STEP][PASSED] - Statement - xpathval = paxDetailFields + "[2]/div[contains(@class,"form-group")]/input[@class="form-control paxLastName"]": null

2017-11-28 13:13:52 - [TEST_STEP][PASSED] - Statement - println("ln: " + xpathval): null

2017-11-28 13:13:52 - [TEST_STEP][PASSED] - Statement - repObj = com.kms.katalon.core.testobject.ObjectRepository.findTestObject(Object Repository/PrimoTours/Old Objects/allPaxLastNameFields): Finding Test Object with id 'Object Repository/PrimoTours/Old Objects/allPaxLastNameFields'

2017-11-28 13:13:52 - [TEST_STEP][PASSED] - Statement - repObj.findProperty("xpath").setValue(xpathval): null

2017-11-28 13:13:52 - [TEST_STEP][PASSED] - setText: Text 'Tina Bæk' is set on object 'Object Repository/PrimoTours/Old Objects/allPaxLastNameFields'

2017-11-28 13:13:52 - [MESSAGE][PASSED] - Text 'Tina Bæk' is set on object 'Object Repository/PrimoTours/Old Objects/allPaxLastNameFields'

2017-11-28 13:13:52 - [TEST_STEP][PASSED] - scrollToElement: Scroll to object 'Object Repository/PrimoTours/Old Objects/Coco (1)/PrimoT/SaveBooking2/Success/bookingTotalValue' successfully

2017-11-28 13:13:52 - [MESSAGE][PASSED] - Scroll to object 'Object Repository/PrimoTours/Old Objects/Coco (1)/PrimoT/SaveBooking2/Success/bookingTotalValue' successfully

2017-11-28 13:13:52 - [TEST_STEP][PASSED] - click: Object: 'Object Repository/PrimoTours/Old Objects/Coco (1)/PrimoT/SaveBooking2/Success/bookingTotalValue' is clicked on

2017-11-28 13:13:52 - [MESSAGE][PASSED] - Object: 'Object Repository/PrimoTours/Old Objects/Coco (1)/PrimoT/SaveBooking2/Success/bookingTotalValue' is clicked on

2017-11-28 13:13:52 - [TEST_STEP][PASSED] - scrollToElement: Scroll to object 'Object Repository/PrimoTours/Old Objects/Coco (1)/PrimoT/SaveBooking2/Success/Page_Primo Tours  Danmarks bedste c/i_fa fa-arrow-circle-right' successfully

2017-11-28 13:13:52 - [MESSAGE][PASSED] - Scroll to object 'Object Repository/PrimoTours/Old Objects/Coco (1)/PrimoT/SaveBooking2/Success/Page_Primo Tours  Danmarks bedste c/i_fa fa-arrow-circle-right' successfully

2017-11-28 13:13:52 - [TEST_STEP][PASSED] - waitForElementClickable: Object 'Object Repository/PrimoTours/Old Objects/Coco (1)/PrimoT/SaveBooking2/Success/Page_Primo Tours  Danmarks bedste c/i_fa fa-arrow-circle-right' is clickable

2017-11-28 13:13:52 - [MESSAGE][PASSED] - Object 'Object Repository/PrimoTours/Old Objects/Coco (1)/PrimoT/SaveBooking2/Success/Page_Primo Tours  Danmarks bedste c/i_fa fa-arrow-circle-right' is clickable

2017-11-28 13:13:52 - [TEST_STEP][PASSED] - waitForElementVisible: Object 'Object Repository/PrimoTours/Old Objects/Coco (1)/PrimoT/SaveBooking2/Success/Page_Primo Tours  Danmarks bedste c/i_fa fa-arrow-circle-right' is visible

2017-11-28 13:13:52 - [MESSAGE][PASSED] - Object 'Object Repository/PrimoTours/Old Objects/Coco (1)/PrimoT/SaveBooking2/Success/Page_Primo Tours  Danmarks bedste c/i_fa fa-arrow-circle-right' is visible

2017-11-28 13:13:52 - [TEST_STEP][PASSED] - scrollToElement: Scroll to object 'Object Repository/PrimoTours/Old Objects/Coco (1)/PrimoT/SaveBooking2/Success/Page_Primo Tours  Danmarks bedste c/i_fa fa-arrow-circle-right' successfully

2017-11-28 13:13:52 - [MESSAGE][PASSED] - Scroll to object 'Object Repository/PrimoTours/Old Objects/Coco (1)/PrimoT/SaveBooking2/Success/Page_Primo Tours  Danmarks bedste c/i_fa fa-arrow-circle-right' successfully

2017-11-28 13:13:52 - [TEST_STEP][PASSED] - click: Object: 'Object Repository/PrimoTours/Old Objects/Coco (1)/PrimoT/SaveBooking2/Success/Page_Primo Tours  Danmarks bedste c/i_fa fa-arrow-circle-right' is clicked on

2017-11-28 13:13:52 - [MESSAGE][PASSED] - Object: 'Object Repository/PrimoTours/Old Objects/Coco (1)/PrimoT/SaveBooking2/Success/Page_Primo Tours  Danmarks bedste c/i_fa fa-arrow-circle-right' is clicked on

2017-11-28 13:13:52 - [TEST_STEP][PASSED] - waitForElementNotVisible: Object 'Object Repository/PrimoTours/Old Objects/CCenter/pageLoaderOverlayLayer' is NOT visible

2017-11-28 13:13:54 - [MESSAGE][PASSED] - Object 'Object Repository/PrimoTours/Old Objects/CCenter/pageLoaderOverlayLayer' is NOT visible

2017-11-28 13:13:54 - [TEST_STEP][PASSED] - scrollToElement: Scroll to object 'Object Repository/PrimoTours/Old Objects/Coco/PrimoT/Ins2/Page_Primo Tours  Danmarks bedste c/span_Vlg forsikring' successfully

2017-11-28 13:13:54 - [MESSAGE][PASSED] - Scroll to object 'Object Repository/PrimoTours/Old Objects/Coco/PrimoT/Ins2/Page_Primo Tours  Danmarks bedste c/span_Vlg forsikring' successfully

2017-11-28 13:13:54 - [TEST_STEP][PASSED] - waitForElementPresent: Object 'Object Repository/PrimoTours/Old Objects/Coco/PrimoT/Ins2/Page_Primo Tours  Danmarks bedste c/span_Vlg forsikring' is present

2017-11-28 13:13:54 - [MESSAGE][PASSED] - Object 'Object Repository/PrimoTours/Old Objects/Coco/PrimoT/Ins2/Page_Primo Tours  Danmarks bedste c/span_Vlg forsikring' is present

2017-11-28 13:13:54 - [TEST_STEP][PASSED] - waitForElementVisible: Object 'Object Repository/PrimoTours/Old Objects/Coco/PrimoT/Ins2/Page_Primo Tours  Danmarks bedste c/span_Vlg forsikring' is visible

2017-11-28 13:13:54 - [MESSAGE][PASSED] - Object 'Object Repository/PrimoTours/Old Objects/Coco/PrimoT/Ins2/Page_Primo Tours  Danmarks bedste c/span_Vlg forsikring' is visible

2017-11-28 13:13:54 - [TEST_STEP][PASSED] - waitForElementClickable: Object 'Object Repository/PrimoTours/Old Objects/Coco/PrimoT/Ins2/Page_Primo Tours  Danmarks bedste c/span_Vlg forsikring' is clickable

2017-11-28 13:13:54 - [MESSAGE][PASSED] - Object 'Object Repository/PrimoTours/Old Objects/Coco/PrimoT/Ins2/Page_Primo Tours  Danmarks bedste c/span_Vlg forsikring' is clickable

2017-11-28 13:13:54 - [TEST_STEP][PASSED] - click: Object: 'Object Repository/PrimoTours/Old Objects/Coco/PrimoT/Ins2/Page_Primo Tours  Danmarks bedste c/span_Vlg forsikring' is clicked on

2017-11-28 13:13:54 - [MESSAGE][PASSED] - Object: 'Object Repository/PrimoTours/Old Objects/Coco/PrimoT/Ins2/Page_Primo Tours  Danmarks bedste c/span_Vlg forsikring' is clicked on

2017-11-28 13:13:54 - [TEST_STEP][PASSED] - click: Object: 'Object Repository/PrimoTours/Old Objects/Coco/PrimoT/Ins2/Page_Primo Tours  Danmarks bedste c/li_Har selv forsikring - kr. 0' is clicked on

2017-11-28 13:13:54 - [MESSAGE][PASSED] - Object: 'Object Repository/PrimoTours/Old Objects/Coco/PrimoT/Ins2/Page_Primo Tours  Danmarks bedste c/li_Har selv forsikring - kr. 0' is clicked on

2017-11-28 13:13:54 - [TEST_STEP][NOT_RUN] - click: NOT_RUN: click

2017-11-28 13:13:54 - [MESSAGE][NOT_RUN] - NOT_RUN: click

2017-11-28 13:13:54 - [TEST_STEP][NOT_RUN] - scrollToElement: NOT_RUN: scrollToElement

2017-11-28 13:13:54 - [MESSAGE][NOT_RUN] - NOT_RUN: scrollToElement

2017-11-28 13:13:54 - [TEST_STEP][NOT_RUN] - click: NOT_RUN: click

2017-11-28 13:13:54 - [MESSAGE][NOT_RUN] - NOT_RUN: click

2017-11-28 13:13:54 - [TEST_STEP][PASSED] - waitForElementVisible: Object 'Object Repository/PrimoTours/Old Objects/Coco (1)/PrimoT/SaveBooking2/Page_Primo Tours  Danmarks bedste c/individualInsuranceCheckbox' is visible

2017-11-28 13:13:54 - [MESSAGE][PASSED] - Object 'Object Repository/PrimoTours/Old Objects/Coco (1)/PrimoT/SaveBooking2/Page_Primo Tours  Danmarks bedste c/individualInsuranceCheckbox' is visible

2017-11-28 13:13:54 - [TEST_STEP][PASSED] - scrollToElement: Scroll to object 'Object Repository/PrimoTours/Old Objects/Coco (1)/PrimoT/SaveBooking2/Page_Primo Tours  Danmarks bedste c/individualInsuranceCheckbox' successfully

2017-11-28 13:13:54 - [MESSAGE][PASSED] - Scroll to object 'Object Repository/PrimoTours/Old Objects/Coco (1)/PrimoT/SaveBooking2/Page_Primo Tours  Danmarks bedste c/individualInsuranceCheckbox' successfully

2017-11-28 13:13:54 - [TEST_STEP][PASSED] - click: Object: 'Object Repository/PrimoTours/Old Objects/Coco (1)/PrimoT/SaveBooking2/Page_Primo Tours  Danmarks bedste c/individualInsuranceCheckbox' is clicked on

2017-11-28 13:13:54 - [MESSAGE][PASSED] - Object: 'Object Repository/PrimoTours/Old Objects/Coco (1)/PrimoT/SaveBooking2/Page_Primo Tours  Danmarks bedste c/individualInsuranceCheckbox' is clicked on

2017-11-28 13:13:54 - [TEST_STEP][PASSED] - scrollToElement: Scroll to object 'Object Repository/PrimoTours/Old Objects/Coco (1)/PrimoT/SaveBooking2/Success/firstProdCategIndividualSelectionRadioB' successfully

2017-11-28 13:13:55 - [MESSAGE][PASSED] - Scroll to object 'Object Repository/PrimoTours/Old Objects/Coco (1)/PrimoT/SaveBooking2/Success/firstProdCategIndividualSelectionRadioB' successfully

2017-11-28 13:13:55 - [TEST_STEP][PASSED] - waitForElementClickable: Object 'Object Repository/PrimoTours/Old Objects/Coco (1)/PrimoT/SaveBooking2/Success/firstProdCategIndividualSelectionRadioB' is clickable

2017-11-28 13:13:55 - [MESSAGE][PASSED] - Object 'Object Repository/PrimoTours/Old Objects/Coco (1)/PrimoT/SaveBooking2/Success/firstProdCategIndividualSelectionRadioB' is clickable

2017-11-28 13:13:55 - [TEST_STEP][PASSED] - scrollToElement: Scroll to object 'Object Repository/PrimoTours/Old Objects/Coco (1)/PrimoT/SaveBooking2/Success/firstProdCategIndividualSelectionRadioB' successfully

2017-11-28 13:13:55 - [MESSAGE][PASSED] - Scroll to object 'Object Repository/PrimoTours/Old Objects/Coco (1)/PrimoT/SaveBooking2/Success/firstProdCategIndividualSelectionRadioB' successfully

2017-11-28 13:13:55 - [TEST_STEP][PASSED] - click: Object: 'Object Repository/PrimoTours/Old Objects/Coco (1)/PrimoT/SaveBooking2/Success/firstProdCategIndividualSelectionRadioB' is clicked on

2017-11-28 13:13:55 - [MESSAGE][PASSED] - Object: 'Object Repository/PrimoTours/Old Objects/Coco (1)/PrimoT/SaveBooking2/Success/firstProdCategIndividualSelectionRadioB' is clicked on

2017-11-28 13:13:55 - [TEST_STEP][PASSED] - scrollToElement: Scroll to object 'Object Repository/PrimoTours/Old Objects/Coco (1)/PrimoT/SaveBooking2/Success/firstProdCategSelectForAllPaxCheckbox' successfully

2017-11-28 13:13:55 - [MESSAGE][PASSED] - Scroll to object 'Object Repository/PrimoTours/Old Objects/Coco (1)/PrimoT/SaveBooking2/Success/firstProdCategSelectForAllPaxCheckbox' successfully

2017-11-28 13:13:55 - [TEST_STEP][PASSED] - waitForElementClickable: Object 'Object Repository/PrimoTours/Old Objects/Coco (1)/PrimoT/SaveBooking2/Success/firstProdCategSelectForAllPaxCheckbox' is clickable

2017-11-28 13:13:55 - [MESSAGE][PASSED] - Object 'Object Repository/PrimoTours/Old Objects/Coco (1)/PrimoT/SaveBooking2/Success/firstProdCategSelectForAllPaxCheckbox' is clickable

2017-11-28 13:13:55 - [TEST_STEP][PASSED] - click: Object: 'Object Repository/PrimoTours/Old Objects/Coco (1)/PrimoT/SaveBooking2/Success/firstProdCategSelectForAllPaxCheckbox' is clicked on

2017-11-28 13:13:55 - [MESSAGE][PASSED] - Object: 'Object Repository/PrimoTours/Old Objects/Coco (1)/PrimoT/SaveBooking2/Success/firstProdCategSelectForAllPaxCheckbox' is clicked on

2017-11-28 13:13:55 - [TEST_STEP][NOT_RUN] - scrollToElement: NOT_RUN: scrollToElement

2017-11-28 13:13:55 - [MESSAGE][NOT_RUN] - NOT_RUN: scrollToElement

2017-11-28 13:13:55 - [TEST_STEP][NOT_RUN] - scrollToElement: NOT_RUN: scrollToElement

2017-11-28 13:13:55 - [MESSAGE][NOT_RUN] - NOT_RUN: scrollToElement

2017-11-28 13:13:55 - [TEST_STEP][NOT_RUN] - click: NOT_RUN: click

2017-11-28 13:13:55 - [MESSAGE][NOT_RUN] - NOT_RUN: click

2017-11-28 13:13:55 - [TEST_STEP][PASSED] - scrollToElement: Scroll to object 'Object Repository/PrimoTours/Old Objects/Coco (1)/PrimoT/SaveBooking2/Success/acceptTermsCheckbox' successfully

2017-11-28 13:13:55 - [MESSAGE][PASSED] - Scroll to object 'Object Repository/PrimoTours/Old Objects/Coco (1)/PrimoT/SaveBooking2/Success/acceptTermsCheckbox' successfully

2017-11-28 13:13:55 - [TEST_STEP][FAILED] - click: Unable to click on object 'Object Repository/PrimoTours/Old Objects/Coco (1)/PrimoT/SaveBooking2/Success/acceptTermsCheckbox' (Root cause: org.openqa.selenium.WebDriverException: unknown error: Element <a href="#" class="toggle checkbox kalypto"></a> is not clickable at point (395, 688). Other element would receive the click: <h2>...</h2>
  (Session info: chrome=62.0.3202.94)
  (Driver info: chromedriver=2.33.506120 (e3e53437346286c0bc2d2dc9aa4915ba81d9023f),platform=Windows NT 6.3.9600 x86_64) (WARNING: The server did not provide any stacktrace information)
Command duration or timeout: 0 milliseconds
Build info: version: '3.7.1', revision: '8a0099a', time: '2017-11-06T21:07:36.161Z'
System info: host: 'NEACSUNEW-PC', ip: '10.10.10.211', os.name: 'Windows 8.1', os.arch: 'amd64', os.version: '6.3', java.version: '1.8.0_102'
Driver info: com.kms.katalon.selenium.driver.CChromeDriver
Capabilities {acceptSslCerts: true, applicationCacheEnabled: false, browserConnectionEnabled: false, browserName: chrome, chrome: {chromedriverVersion: 2.33.506120 (e3e53437346286..., userDataDir: C:\Users\Cornel\AppData\Loc...}, cssSelectorsEnabled: true, databaseEnabled: false, handlesAlerts: true, hasTouchScreen: false, javascriptEnabled: true, locationContextEnabled: true, mobileEmulationEnabled: false, nativeEvents: true, networkConnectionEnabled: false, pageLoadStrategy: normal, platform: XP, platformName: XP, rotatable: false, setWindowRect: true, takesHeapSnapshot: true, takesScreenshot: true, unexpectedAlertBehaviour: , unhandledPromptBehavior: , version: 62.0.3202.94, webStorageEnabled: true}
Session ID: 109b19860098415fd540abb7677305cc)

2017-11-28 13:13:56 - [MESSAGE][FAILED] - Unable to click on object 'Object Repository/PrimoTours/Old Objects/Coco (1)/PrimoT/SaveBooking2/Success/acceptTermsCheckbox' (Root cause: org.openqa.selenium.WebDriverException: unknown error: Element <a href="#" class="toggle checkbox kalypto"></a> is not clickable at point (395, 688). Other element would receive the click: <h2>...</h2>
  (Session info: chrome=62.0.3202.94)
  (Driver info: chromedriver=2.33.506120 (e3e53437346286c0bc2d2dc9aa4915ba81d9023f),platform=Windows NT 6.3.9600 x86_64) (WARNING: The server did not provide any stacktrace information)
Command duration or timeout: 0 milliseconds
Build info: version: '3.7.1', revision: '8a0099a', time: '2017-11-06T21:07:36.161Z'
System info: host: 'NEACSUNEW-PC', ip: '10.10.10.211', os.name: 'Windows 8.1', os.arch: 'amd64', os.version: '6.3', java.version: '1.8.0_102'
Driver info: com.kms.katalon.selenium.driver.CChromeDriver
Capabilities {acceptSslCerts: true, applicationCacheEnabled: false, browserConnectionEnabled: false, browserName: chrome, chrome: {chromedriverVersion: 2.33.506120 (e3e53437346286..., userDataDir: C:\Users\Cornel\AppData\Loc...}, cssSelectorsEnabled: true, databaseEnabled: false, handlesAlerts: true, hasTouchScreen: false, javascriptEnabled: true, locationContextEnabled: true, mobileEmulationEnabled: false, nativeEvents: true, networkConnectionEnabled: false, pageLoadStrategy: normal, platform: XP, platformName: XP, rotatable: false, setWindowRect: true, takesHeapSnapshot: true, takesScreenshot: true, unexpectedAlertBehaviour: , unhandledPromptBehavior: , version: 62.0.3202.94, webStorageEnabled: true}
Session ID: 109b19860098415fd540abb7677305cc)
[[ATTACHMENT|D:\\Software testing\\Tourpaq\\Automated Katalon tests\\Primo WB test\\Reports\\WB Primo From Excel URLs\\20171128_131240\\1511867636060.png]]]]></system-out>
         <system-err><![CDATA[2017-11-28 13:13:39 - [TEST_CASE][FAILED] - Test Cases/PrimoTours/WB Primo/WB Primo staging - place booking - Iteration 4: Test Cases/PrimoTours/WB Primo/WB Primo staging - place booking FAILED because (of) Unable to click on object 'Object Repository/PrimoTours/Old Objects/Coco (1)/PrimoT/SaveBooking2/Success/acceptTermsCheckbox' (Root cause: org.openqa.selenium.WebDriverException: unknown error: Element <a href="#" class="toggle checkbox kalypto"></a> is not clickable at point (395, 688). Other element would receive the click: <h2>...</h2>
  (Session info: chrome=62.0.3202.94)
  (Driver info: chromedriver=2.33.506120 (e3e53437346286c0bc2d2dc9aa4915ba81d9023f),platform=Windows NT 6.3.9600 x86_64) (WARNING: The server did not provide any stacktrace information)
Command duration or timeout: 0 milliseconds
Build info: version: '3.7.1', revision: '8a0099a', time: '2017-11-06T21:07:36.161Z'
System info: host: 'NEACSUNEW-PC', ip: '10.10.10.211', os.name: 'Windows 8.1', os.arch: 'amd64', os.version: '6.3', java.version: '1.8.0_102'
Driver info: com.kms.katalon.selenium.driver.CChromeDriver
Capabilities {acceptSslCerts: true, applicationCacheEnabled: false, browserConnectionEnabled: false, browserName: chrome, chrome: {chromedriverVersion: 2.33.506120 (e3e53437346286..., userDataDir: C:\Users\Cornel\AppData\Loc...}, cssSelectorsEnabled: true, databaseEnabled: false, handlesAlerts: true, hasTouchScreen: false, javascriptEnabled: true, locationContextEnabled: true, mobileEmulationEnabled: false, nativeEvents: true, networkConnectionEnabled: false, pageLoadStrategy: normal, platform: XP, platformName: XP, rotatable: false, setWindowRect: true, takesHeapSnapshot: true, takesScreenshot: true, unexpectedAlertBehaviour: , unhandledPromptBehavior: , version: 62.0.3202.94, webStorageEnabled: true}
Session ID: 109b19860098415fd540abb7677305cc)]]></system-err>
      </testcase>
      <testcase name="Test Cases/PrimoTours/WB Primo/WB Primo staging - place booking - Iteration 5" classname="Test Cases/PrimoTours/WB Primo/WB Primo staging - place booking" status="FAILED">
         <failure type="FAILED" message="Test Cases/PrimoTours/WB Primo/WB Primo staging - place booking FAILED because (of) Unable to click on object 'Object Repository/PrimoTours/Old Objects/Coco (1)/PrimoT/SaveBooking2/Success/acceptTermsCheckbox' (Root cause: org.openqa.selenium.WebDriverException: unknown error: Element &lt;a href=&quot;#&quot; class=&quot;toggle checkbox kalypto&quot;>&lt;/a> is not clickable at point (395, 686). Other element would receive the click: &lt;h2>...&lt;/h2>
  (Session info: chrome=62.0.3202.94)
  (Driver info: chromedriver=2.33.506120 (e3e53437346286c0bc2d2dc9aa4915ba81d9023f),platform=Windows NT 6.3.9600 x86_64) (WARNING: The server did not provide any stacktrace information)
Command duration or timeout: 0 milliseconds
Build info: version: '3.7.1', revision: '8a0099a', time: '2017-11-06T21:07:36.161Z'
System info: host: 'NEACSUNEW-PC', ip: '10.10.10.211', os.name: 'Windows 8.1', os.arch: 'amd64', os.version: '6.3', java.version: '1.8.0_102'
Driver info: com.kms.katalon.selenium.driver.CChromeDriver
Capabilities {acceptSslCerts: true, applicationCacheEnabled: false, browserConnectionEnabled: false, browserName: chrome, chrome: {chromedriverVersion: 2.33.506120 (e3e53437346286..., userDataDir: C:\Users\Cornel\AppData\Loc...}, cssSelectorsEnabled: true, databaseEnabled: false, handlesAlerts: true, hasTouchScreen: false, javascriptEnabled: true, locationContextEnabled: true, mobileEmulationEnabled: false, nativeEvents: true, networkConnectionEnabled: false, pageLoadStrategy: normal, platform: XP, platformName: XP, rotatable: false, setWindowRect: true, takesHeapSnapshot: true, takesScreenshot: true, unexpectedAlertBehaviour: , unhandledPromptBehavior: , version: 62.0.3202.94, webStorageEnabled: true}
Session ID: d8e95e8a2d676f8690d4ca6dfd22731e)"/>
         <system-out><![CDATA[2017-11-28 13:13:56 - [TEST_CASE][FAILED] - Test Cases/PrimoTours/WB Primo/WB Primo staging - place booking - Iteration 5: Test Cases/PrimoTours/WB Primo/WB Primo staging - place booking FAILED because (of) Unable to click on object 'Object Repository/PrimoTours/Old Objects/Coco (1)/PrimoT/SaveBooking2/Success/acceptTermsCheckbox' (Root cause: org.openqa.selenium.WebDriverException: unknown error: Element <a href="#" class="toggle checkbox kalypto"></a> is not clickable at point (395, 686). Other element would receive the click: <h2>...</h2>
  (Session info: chrome=62.0.3202.94)
  (Driver info: chromedriver=2.33.506120 (e3e53437346286c0bc2d2dc9aa4915ba81d9023f),platform=Windows NT 6.3.9600 x86_64) (WARNING: The server did not provide any stacktrace information)
Command duration or timeout: 0 milliseconds
Build info: version: '3.7.1', revision: '8a0099a', time: '2017-11-06T21:07:36.161Z'
System info: host: 'NEACSUNEW-PC', ip: '10.10.10.211', os.name: 'Windows 8.1', os.arch: 'amd64', os.version: '6.3', java.version: '1.8.0_102'
Driver info: com.kms.katalon.selenium.driver.CChromeDriver
Capabilities {acceptSslCerts: true, applicationCacheEnabled: false, browserConnectionEnabled: false, browserName: chrome, chrome: {chromedriverVersion: 2.33.506120 (e3e53437346286..., userDataDir: C:\Users\Cornel\AppData\Loc...}, cssSelectorsEnabled: true, databaseEnabled: false, handlesAlerts: true, hasTouchScreen: false, javascriptEnabled: true, locationContextEnabled: true, mobileEmulationEnabled: false, nativeEvents: true, networkConnectionEnabled: false, pageLoadStrategy: normal, platform: XP, platformName: XP, rotatable: false, setWindowRect: true, takesHeapSnapshot: true, takesScreenshot: true, unexpectedAlertBehaviour: , unhandledPromptBehavior: , version: 62.0.3202.94, webStorageEnabled: true}
Session ID: d8e95e8a2d676f8690d4ca6dfd22731e)

2017-11-28 13:13:56 - [TEST_STEP][PASSED] - openBrowser: Browser is opened with url: ''

2017-11-28 13:13:56 - [MESSAGE][WARNING] - A browser is already opened. Closing browser and opening a new one

2017-11-28 13:13:59 - [MESSAGE][PASSED] - Browser is opened with url: ''

2017-11-28 13:13:59 - [TEST_STEP][PASSED] - maximizeWindow: Current window maximized

2017-11-28 13:14:00 - [MESSAGE][PASSED] - Current window maximized

2017-11-28 13:14:00 - [TEST_STEP][PASSED] - navigateToUrl: Navigate to 'https://staging-primotours-webbooking.tourpaq.com/DoBooking.aspx?pltaID=1480269,1480294&p=1&rno=1,1&pt=1,1&a=2,2&c=2,2&aa=&ca=1,4|0,5' successfully

2017-11-28 13:14:02 - [MESSAGE][PASSED] - Navigate to 'https://staging-primotours-webbooking.tourpaq.com/DoBooking.aspx?pltaID=1480269,1480294&p=1&rno=1,1&pt=1,1&a=2,2&c=2,2&aa=&ca=1,4|0,5' successfully

2017-11-28 13:14:02 - [TEST_STEP][PASSED] - setText: Text 'Pedersen AUT' is set on object 'Object Repository/PrimoTours/Old Objects/Coco/PrimoT/Page_Primo Tours  Danmarks bedste c/input_firstName'

2017-11-28 13:14:03 - [MESSAGE][PASSED] - Text 'Pedersen AUT' is set on object 'Object Repository/PrimoTours/Old Objects/Coco/PrimoT/Page_Primo Tours  Danmarks bedste c/input_firstName'

2017-11-28 13:14:03 - [TEST_STEP][PASSED] - setText: Text 'Vibe Dalby' is set on object 'Object Repository/PrimoTours/Old Objects/Coco/PrimoT/Page_Primo Tours  Danmarks bedste c/input_lastName'

2017-11-28 13:14:03 - [MESSAGE][PASSED] - Text 'Vibe Dalby' is set on object 'Object Repository/PrimoTours/Old Objects/Coco/PrimoT/Page_Primo Tours  Danmarks bedste c/input_lastName'

2017-11-28 13:14:03 - [TEST_STEP][PASSED] - setText: Text 'Home address' is set on object 'Object Repository/PrimoTours/Old Objects/Coco/PrimoT/Page_Primo Tours  Danmarks bedste c/input_customerAddress'

2017-11-28 13:14:03 - [MESSAGE][PASSED] - Text 'Home address' is set on object 'Object Repository/PrimoTours/Old Objects/Coco/PrimoT/Page_Primo Tours  Danmarks bedste c/input_customerAddress'

2017-11-28 13:14:03 - [TEST_STEP][PASSED] - setText: Text '6700' is set on object 'Object Repository/PrimoTours/Old Objects/Coco/PrimoT/Page_Primo Tours  Danmarks bedste c/input_customerPostcode'

2017-11-28 13:14:03 - [MESSAGE][PASSED] - Text '6700' is set on object 'Object Repository/PrimoTours/Old Objects/Coco/PrimoT/Page_Primo Tours  Danmarks bedste c/input_customerPostcode'

2017-11-28 13:14:03 - [TEST_STEP][PASSED] - setText: Text 'cornel.neacsu@roweb.ro' is set on object 'Object Repository/PrimoTours/Old Objects/Coco/PrimoT/Page_Primo Tours  Danmarks bedste c/input_customerEmail'

2017-11-28 13:14:04 - [MESSAGE][PASSED] - Text 'cornel.neacsu@roweb.ro' is set on object 'Object Repository/PrimoTours/Old Objects/Coco/PrimoT/Page_Primo Tours  Danmarks bedste c/input_customerEmail'

2017-11-28 13:14:04 - [TEST_STEP][PASSED] - setText: Text '12345678' is set on object 'Object Repository/PrimoTours/Old Objects/Coco/PrimoT/Page_Primo Tours  Danmarks bedste c/input_customerPhone'

2017-11-28 13:14:04 - [MESSAGE][PASSED] - Text '12345678' is set on object 'Object Repository/PrimoTours/Old Objects/Coco/PrimoT/Page_Primo Tours  Danmarks bedste c/input_customerPhone'

2017-11-28 13:14:04 - [TEST_STEP][PASSED] - Statement - excelInfo = ["fname":"", "lname":"", "pgender":"", "pday":"", "pmonth":"", "pyear":""]: null

2017-11-28 13:14:04 - [TEST_STEP][PASSED] - Statement - rawData = com.kms.katalon.core.testdata.TestDataFactory.findTestData("Data Files/WB_Primo/Passenger_details"): Reading excel file with source file 'D:\Software testing\Tourpaq\Automated Katalon tests\Primo WB test\Data Files\Primo_URLs_For_Automated_Test.xls' and sheet name 'Passenger Names'

2017-11-28 13:14:04 - [TEST_STEP][PASSED] - Statement - excelRowNo = rawData.getRowNumbers(): null

2017-11-28 13:14:04 - [TEST_STEP][PASSED] - Statement - randomPaxIndex = 1: null

2017-11-28 13:14:04 - [TEST_STEP][PASSED] - waitForElementClickable: Object 'Object Repository/PrimoTours/Old Objects/Coco/PrimoT/Page_Primo Tours  Danmarks bedste c/input_firstname-0_1' is clickable

2017-11-28 13:14:07 - [MESSAGE][PASSED] - Object 'Object Repository/PrimoTours/Old Objects/Coco/PrimoT/Page_Primo Tours  Danmarks bedste c/input_firstname-0_1' is clickable

2017-11-28 13:14:07 - [TEST_STEP][PASSED] - Statement - driver = com.kms.katalon.core.webui.driver.DriverFactory.getWebDriver(): null

2017-11-28 13:14:07 - [TEST_STEP][PASSED] - Statement - roomContainerXpath = "id("booking")/div[@class="wrapper second-bg"]/div[contains(@class,"container-mx")]/div[@class="row"]/div[@class="col-md-12 roomContainer"]": null

2017-11-28 13:14:07 - [TEST_STEP][PASSED] - Statement - roomsCount = driver.findElements(org.openqa.selenium.By.xpath(roomContainerXpath)).size(): null

2017-11-28 13:14:07 - [TEST_STEP][PASSED] - Statement - println("roomsCount=" + roomsCount): null

2017-11-28 13:14:07 - [TEST_STEP][PASSED] - Statement - For ([i = 1, i <= roomsCount, (i++)]): Text 'Anna Lise Hededal' is set on object 'Object Repository/PrimoTours/Old Objects/allPaxLastNameFields'

2017-11-28 13:14:07 - [TEST_STEP][PASSED] - Statement - paxInRoomXpath = roomContainerXpath + "[" + i + "]/div[@class="row"]/div[@class="col-md-12"]/div[@class="row"]": null

2017-11-28 13:14:07 - [TEST_STEP][PASSED] - Statement - paxInRoomCount = driver.findElements(org.openqa.selenium.By.xpath(paxInRoomXpath)).size(): null

2017-11-28 13:14:07 - [TEST_STEP][PASSED] - Statement - println("paxInRoomCount=" + paxInRoomCount): null

2017-11-28 13:14:07 - [TEST_STEP][PASSED] - Statement - For ([j = 1, j <= paxInRoomCount, (j++)]): Text 'Thorsteinn' is set on object 'Object Repository/PrimoTours/Old Objects/allPaxLastNameFields'

2017-11-28 13:14:07 - [TEST_STEP][PASSED] - Statement - If (i == 1 & j == 1): null

2017-11-28 13:14:07 - [TEST_STEP][PASSED] - Statement - <not implemented yet for class: org.codehaus.groovy.ast.stmt.ContinueStatement>: null

2017-11-28 13:14:07 - [TEST_STEP][PASSED] - Statement - If (i == 1 & j == 1): null

2017-11-28 13:14:07 - [TEST_STEP][PASSED] - Statement - randomPaxIndex = java.lang.Math.abs(new java.util.Random().nextInt() % excelRowNo) + 1: null

2017-11-28 13:14:07 - [TEST_STEP][PASSED] - Statement - println(randomPaxIndex): null

2017-11-28 13:14:07 - [TEST_STEP][PASSED] - Statement - fname = rawData.getValue("FirstName", randomPaxIndex) + " AUT": null

2017-11-28 13:14:07 - [TEST_STEP][PASSED] - Statement - lname = rawData.getValue("LastName", randomPaxIndex): null

2017-11-28 13:14:07 - [TEST_STEP][PASSED] - Statement - pgender = rawData.getValue("Gender", randomPaxIndex): null

2017-11-28 13:14:07 - [TEST_STEP][PASSED] - Statement - pday = rawData.getValue("Day DOB", randomPaxIndex): null

2017-11-28 13:14:07 - [TEST_STEP][PASSED] - Statement - pmonth = rawData.getValue("Month DOB", randomPaxIndex): null

2017-11-28 13:14:07 - [TEST_STEP][PASSED] - Statement - pyear = rawData.getValue("Year DOB", randomPaxIndex): null

2017-11-28 13:14:07 - [TEST_STEP][PASSED] - Statement - paxDetailFields = paxInRoomXpath + "[" + j + "]/div[@class="col-md-x col-md-9"]/div[@class="row paxContainer"]/div[@class="col-md-5"]": null

2017-11-28 13:14:07 - [TEST_STEP][PASSED] - Statement - xpathval = paxDetailFields + "[1]/div[contains(@class,"form-group")]/input[@class="form-control paxFirstName"]": null

2017-11-28 13:14:07 - [TEST_STEP][PASSED] - Statement - println("fn: " + xpathval): null

2017-11-28 13:14:07 - [TEST_STEP][PASSED] - Statement - repObj = com.kms.katalon.core.testobject.ObjectRepository.findTestObject(Object Repository/PrimoTours/Old Objects/allPaxFirstNameFields): Finding Test Object with id 'Object Repository/PrimoTours/Old Objects/allPaxFirstNameFields'

2017-11-28 13:14:07 - [TEST_STEP][PASSED] - Statement - repObj.findProperty("xpath").setValue(xpathval): null

2017-11-28 13:14:07 - [TEST_STEP][PASSED] - setText: Text 'Pörtner AUT' is set on object 'Object Repository/PrimoTours/Old Objects/allPaxFirstNameFields'

2017-11-28 13:14:07 - [MESSAGE][PASSED] - Text 'Pörtner AUT' is set on object 'Object Repository/PrimoTours/Old Objects/allPaxFirstNameFields'

2017-11-28 13:14:07 - [TEST_STEP][PASSED] - Statement - xpathval = paxDetailFields + "[2]/div[contains(@class,"form-group")]/input[@class="form-control paxLastName"]": null

2017-11-28 13:14:07 - [TEST_STEP][PASSED] - Statement - println("ln: " + xpathval): null

2017-11-28 13:14:07 - [TEST_STEP][PASSED] - Statement - repObj = com.kms.katalon.core.testobject.ObjectRepository.findTestObject(Object Repository/PrimoTours/Old Objects/allPaxLastNameFields): Finding Test Object with id 'Object Repository/PrimoTours/Old Objects/allPaxLastNameFields'

2017-11-28 13:14:07 - [TEST_STEP][PASSED] - Statement - repObj.findProperty("xpath").setValue(xpathval): null

2017-11-28 13:14:07 - [TEST_STEP][PASSED] - setText: Text 'Vivi' is set on object 'Object Repository/PrimoTours/Old Objects/allPaxLastNameFields'

2017-11-28 13:14:07 - [MESSAGE][PASSED] - Text 'Vivi' is set on object 'Object Repository/PrimoTours/Old Objects/allPaxLastNameFields'

2017-11-28 13:14:07 - [TEST_STEP][PASSED] - Statement - If (i == 1 & j == 1): null

2017-11-28 13:14:07 - [TEST_STEP][PASSED] - Statement - randomPaxIndex = java.lang.Math.abs(new java.util.Random().nextInt() % excelRowNo) + 1: null

2017-11-28 13:14:07 - [TEST_STEP][PASSED] - Statement - println(randomPaxIndex): null

2017-11-28 13:14:07 - [TEST_STEP][PASSED] - Statement - fname = rawData.getValue("FirstName", randomPaxIndex) + " AUT": null

2017-11-28 13:14:07 - [TEST_STEP][PASSED] - Statement - lname = rawData.getValue("LastName", randomPaxIndex): null

2017-11-28 13:14:07 - [TEST_STEP][PASSED] - Statement - pgender = rawData.getValue("Gender", randomPaxIndex): null

2017-11-28 13:14:07 - [TEST_STEP][PASSED] - Statement - pday = rawData.getValue("Day DOB", randomPaxIndex): null

2017-11-28 13:14:07 - [TEST_STEP][PASSED] - Statement - pmonth = rawData.getValue("Month DOB", randomPaxIndex): null

2017-11-28 13:14:07 - [TEST_STEP][PASSED] - Statement - pyear = rawData.getValue("Year DOB", randomPaxIndex): null

2017-11-28 13:14:07 - [TEST_STEP][PASSED] - Statement - paxDetailFields = paxInRoomXpath + "[" + j + "]/div[@class="col-md-x col-md-9"]/div[@class="row paxContainer"]/div[@class="col-md-5"]": null

2017-11-28 13:14:07 - [TEST_STEP][PASSED] - Statement - xpathval = paxDetailFields + "[1]/div[contains(@class,"form-group")]/input[@class="form-control paxFirstName"]": null

2017-11-28 13:14:07 - [TEST_STEP][PASSED] - Statement - println("fn: " + xpathval): null

2017-11-28 13:14:07 - [TEST_STEP][PASSED] - Statement - repObj = com.kms.katalon.core.testobject.ObjectRepository.findTestObject(Object Repository/PrimoTours/Old Objects/allPaxFirstNameFields): Finding Test Object with id 'Object Repository/PrimoTours/Old Objects/allPaxFirstNameFields'

2017-11-28 13:14:07 - [TEST_STEP][PASSED] - Statement - repObj.findProperty("xpath").setValue(xpathval): null

2017-11-28 13:14:07 - [TEST_STEP][PASSED] - setText: Text 'Andersen AUT' is set on object 'Object Repository/PrimoTours/Old Objects/allPaxFirstNameFields'

2017-11-28 13:14:08 - [MESSAGE][PASSED] - Text 'Andersen AUT' is set on object 'Object Repository/PrimoTours/Old Objects/allPaxFirstNameFields'

2017-11-28 13:14:08 - [TEST_STEP][PASSED] - Statement - xpathval = paxDetailFields + "[2]/div[contains(@class,"form-group")]/input[@class="form-control paxLastName"]": null

2017-11-28 13:14:08 - [TEST_STEP][PASSED] - Statement - println("ln: " + xpathval): null

2017-11-28 13:14:08 - [TEST_STEP][PASSED] - Statement - repObj = com.kms.katalon.core.testobject.ObjectRepository.findTestObject(Object Repository/PrimoTours/Old Objects/allPaxLastNameFields): Finding Test Object with id 'Object Repository/PrimoTours/Old Objects/allPaxLastNameFields'

2017-11-28 13:14:08 - [TEST_STEP][PASSED] - Statement - repObj.findProperty("xpath").setValue(xpathval): null

2017-11-28 13:14:08 - [TEST_STEP][PASSED] - setText: Text 'Caroline Parzentny' is set on object 'Object Repository/PrimoTours/Old Objects/allPaxLastNameFields'

2017-11-28 13:14:08 - [MESSAGE][PASSED] - Text 'Caroline Parzentny' is set on object 'Object Repository/PrimoTours/Old Objects/allPaxLastNameFields'

2017-11-28 13:14:08 - [TEST_STEP][PASSED] - Statement - If (i == 1 & j == 1): null

2017-11-28 13:14:08 - [TEST_STEP][PASSED] - Statement - randomPaxIndex = java.lang.Math.abs(new java.util.Random().nextInt() % excelRowNo) + 1: null

2017-11-28 13:14:08 - [TEST_STEP][PASSED] - Statement - println(randomPaxIndex): null

2017-11-28 13:14:08 - [TEST_STEP][PASSED] - Statement - fname = rawData.getValue("FirstName", randomPaxIndex) + " AUT": null

2017-11-28 13:14:08 - [TEST_STEP][PASSED] - Statement - lname = rawData.getValue("LastName", randomPaxIndex): null

2017-11-28 13:14:08 - [TEST_STEP][PASSED] - Statement - pgender = rawData.getValue("Gender", randomPaxIndex): null

2017-11-28 13:14:08 - [TEST_STEP][PASSED] - Statement - pday = rawData.getValue("Day DOB", randomPaxIndex): null

2017-11-28 13:14:08 - [TEST_STEP][PASSED] - Statement - pmonth = rawData.getValue("Month DOB", randomPaxIndex): null

2017-11-28 13:14:08 - [TEST_STEP][PASSED] - Statement - pyear = rawData.getValue("Year DOB", randomPaxIndex): null

2017-11-28 13:14:08 - [TEST_STEP][PASSED] - Statement - paxDetailFields = paxInRoomXpath + "[" + j + "]/div[@class="col-md-x col-md-9"]/div[@class="row paxContainer"]/div[@class="col-md-5"]": null

2017-11-28 13:14:08 - [TEST_STEP][PASSED] - Statement - xpathval = paxDetailFields + "[1]/div[contains(@class,"form-group")]/input[@class="form-control paxFirstName"]": null

2017-11-28 13:14:08 - [TEST_STEP][PASSED] - Statement - println("fn: " + xpathval): null

2017-11-28 13:14:08 - [TEST_STEP][PASSED] - Statement - repObj = com.kms.katalon.core.testobject.ObjectRepository.findTestObject(Object Repository/PrimoTours/Old Objects/allPaxFirstNameFields): Finding Test Object with id 'Object Repository/PrimoTours/Old Objects/allPaxFirstNameFields'

2017-11-28 13:14:08 - [TEST_STEP][PASSED] - Statement - repObj.findProperty("xpath").setValue(xpathval): null

2017-11-28 13:14:08 - [TEST_STEP][PASSED] - setText: Text 'Thorsteinsson AUT' is set on object 'Object Repository/PrimoTours/Old Objects/allPaxFirstNameFields'

2017-11-28 13:14:09 - [MESSAGE][PASSED] - Text 'Thorsteinsson AUT' is set on object 'Object Repository/PrimoTours/Old Objects/allPaxFirstNameFields'

2017-11-28 13:14:09 - [TEST_STEP][PASSED] - Statement - xpathval = paxDetailFields + "[2]/div[contains(@class,"form-group")]/input[@class="form-control paxLastName"]": null

2017-11-28 13:14:09 - [TEST_STEP][PASSED] - Statement - println("ln: " + xpathval): null

2017-11-28 13:14:09 - [TEST_STEP][PASSED] - Statement - repObj = com.kms.katalon.core.testobject.ObjectRepository.findTestObject(Object Repository/PrimoTours/Old Objects/allPaxLastNameFields): Finding Test Object with id 'Object Repository/PrimoTours/Old Objects/allPaxLastNameFields'

2017-11-28 13:14:09 - [TEST_STEP][PASSED] - Statement - repObj.findProperty("xpath").setValue(xpathval): null

2017-11-28 13:14:09 - [TEST_STEP][PASSED] - setText: Text 'Thorsteinn' is set on object 'Object Repository/PrimoTours/Old Objects/allPaxLastNameFields'

2017-11-28 13:14:09 - [MESSAGE][PASSED] - Text 'Thorsteinn' is set on object 'Object Repository/PrimoTours/Old Objects/allPaxLastNameFields'

2017-11-28 13:14:09 - [TEST_STEP][PASSED] - Statement - paxInRoomXpath = roomContainerXpath + "[" + i + "]/div[@class="row"]/div[@class="col-md-12"]/div[@class="row"]": null

2017-11-28 13:14:09 - [TEST_STEP][PASSED] - Statement - paxInRoomCount = driver.findElements(org.openqa.selenium.By.xpath(paxInRoomXpath)).size(): null

2017-11-28 13:14:09 - [TEST_STEP][PASSED] - Statement - println("paxInRoomCount=" + paxInRoomCount): null

2017-11-28 13:14:09 - [TEST_STEP][PASSED] - Statement - For ([j = 1, j <= paxInRoomCount, (j++)]): Text 'Anna Lise Hededal' is set on object 'Object Repository/PrimoTours/Old Objects/allPaxLastNameFields'

2017-11-28 13:14:09 - [TEST_STEP][PASSED] - Statement - If (i == 1 & j == 1): null

2017-11-28 13:14:09 - [TEST_STEP][PASSED] - Statement - randomPaxIndex = java.lang.Math.abs(new java.util.Random().nextInt() % excelRowNo) + 1: null

2017-11-28 13:14:09 - [TEST_STEP][PASSED] - Statement - println(randomPaxIndex): null

2017-11-28 13:14:09 - [TEST_STEP][PASSED] - Statement - fname = rawData.getValue("FirstName", randomPaxIndex) + " AUT": null

2017-11-28 13:14:09 - [TEST_STEP][PASSED] - Statement - lname = rawData.getValue("LastName", randomPaxIndex): null

2017-11-28 13:14:09 - [TEST_STEP][PASSED] - Statement - pgender = rawData.getValue("Gender", randomPaxIndex): null

2017-11-28 13:14:09 - [TEST_STEP][PASSED] - Statement - pday = rawData.getValue("Day DOB", randomPaxIndex): null

2017-11-28 13:14:09 - [TEST_STEP][PASSED] - Statement - pmonth = rawData.getValue("Month DOB", randomPaxIndex): null

2017-11-28 13:14:09 - [TEST_STEP][PASSED] - Statement - pyear = rawData.getValue("Year DOB", randomPaxIndex): null

2017-11-28 13:14:09 - [TEST_STEP][PASSED] - Statement - paxDetailFields = paxInRoomXpath + "[" + j + "]/div[@class="col-md-x col-md-9"]/div[@class="row paxContainer"]/div[@class="col-md-5"]": null

2017-11-28 13:14:09 - [TEST_STEP][PASSED] - Statement - xpathval = paxDetailFields + "[1]/div[contains(@class,"form-group")]/input[@class="form-control paxFirstName"]": null

2017-11-28 13:14:09 - [TEST_STEP][PASSED] - Statement - println("fn: " + xpathval): null

2017-11-28 13:14:09 - [TEST_STEP][PASSED] - Statement - repObj = com.kms.katalon.core.testobject.ObjectRepository.findTestObject(Object Repository/PrimoTours/Old Objects/allPaxFirstNameFields): Finding Test Object with id 'Object Repository/PrimoTours/Old Objects/allPaxFirstNameFields'

2017-11-28 13:14:09 - [TEST_STEP][PASSED] - Statement - repObj.findProperty("xpath").setValue(xpathval): null

2017-11-28 13:14:09 - [TEST_STEP][PASSED] - setText: Text 'Mortensen AUT' is set on object 'Object Repository/PrimoTours/Old Objects/allPaxFirstNameFields'

2017-11-28 13:14:09 - [MESSAGE][PASSED] - Text 'Mortensen AUT' is set on object 'Object Repository/PrimoTours/Old Objects/allPaxFirstNameFields'

2017-11-28 13:14:09 - [TEST_STEP][PASSED] - Statement - xpathval = paxDetailFields + "[2]/div[contains(@class,"form-group")]/input[@class="form-control paxLastName"]": null

2017-11-28 13:14:09 - [TEST_STEP][PASSED] - Statement - println("ln: " + xpathval): null

2017-11-28 13:14:09 - [TEST_STEP][PASSED] - Statement - repObj = com.kms.katalon.core.testobject.ObjectRepository.findTestObject(Object Repository/PrimoTours/Old Objects/allPaxLastNameFields): Finding Test Object with id 'Object Repository/PrimoTours/Old Objects/allPaxLastNameFields'

2017-11-28 13:14:09 - [TEST_STEP][PASSED] - Statement - repObj.findProperty("xpath").setValue(xpathval): null

2017-11-28 13:14:09 - [TEST_STEP][PASSED] - setText: Text 'Mona Tykgaard' is set on object 'Object Repository/PrimoTours/Old Objects/allPaxLastNameFields'

2017-11-28 13:14:10 - [MESSAGE][PASSED] - Text 'Mona Tykgaard' is set on object 'Object Repository/PrimoTours/Old Objects/allPaxLastNameFields'

2017-11-28 13:14:10 - [TEST_STEP][PASSED] - Statement - If (i == 1 & j == 1): null

2017-11-28 13:14:10 - [TEST_STEP][PASSED] - Statement - randomPaxIndex = java.lang.Math.abs(new java.util.Random().nextInt() % excelRowNo) + 1: null

2017-11-28 13:14:10 - [TEST_STEP][PASSED] - Statement - println(randomPaxIndex): null

2017-11-28 13:14:10 - [TEST_STEP][PASSED] - Statement - fname = rawData.getValue("FirstName", randomPaxIndex) + " AUT": null

2017-11-28 13:14:10 - [TEST_STEP][PASSED] - Statement - lname = rawData.getValue("LastName", randomPaxIndex): null

2017-11-28 13:14:10 - [TEST_STEP][PASSED] - Statement - pgender = rawData.getValue("Gender", randomPaxIndex): null

2017-11-28 13:14:10 - [TEST_STEP][PASSED] - Statement - pday = rawData.getValue("Day DOB", randomPaxIndex): null

2017-11-28 13:14:10 - [TEST_STEP][PASSED] - Statement - pmonth = rawData.getValue("Month DOB", randomPaxIndex): null

2017-11-28 13:14:10 - [TEST_STEP][PASSED] - Statement - pyear = rawData.getValue("Year DOB", randomPaxIndex): null

2017-11-28 13:14:10 - [TEST_STEP][PASSED] - Statement - paxDetailFields = paxInRoomXpath + "[" + j + "]/div[@class="col-md-x col-md-9"]/div[@class="row paxContainer"]/div[@class="col-md-5"]": null

2017-11-28 13:14:10 - [TEST_STEP][PASSED] - Statement - xpathval = paxDetailFields + "[1]/div[contains(@class,"form-group")]/input[@class="form-control paxFirstName"]": null

2017-11-28 13:14:10 - [TEST_STEP][PASSED] - Statement - println("fn: " + xpathval): null

2017-11-28 13:14:10 - [TEST_STEP][PASSED] - Statement - repObj = com.kms.katalon.core.testobject.ObjectRepository.findTestObject(Object Repository/PrimoTours/Old Objects/allPaxFirstNameFields): Finding Test Object with id 'Object Repository/PrimoTours/Old Objects/allPaxFirstNameFields'

2017-11-28 13:14:10 - [TEST_STEP][PASSED] - Statement - repObj.findProperty("xpath").setValue(xpathval): null

2017-11-28 13:14:10 - [TEST_STEP][PASSED] - setText: Text 'Marcussen AUT' is set on object 'Object Repository/PrimoTours/Old Objects/allPaxFirstNameFields'

2017-11-28 13:14:10 - [MESSAGE][PASSED] - Text 'Marcussen AUT' is set on object 'Object Repository/PrimoTours/Old Objects/allPaxFirstNameFields'

2017-11-28 13:14:10 - [TEST_STEP][PASSED] - Statement - xpathval = paxDetailFields + "[2]/div[contains(@class,"form-group")]/input[@class="form-control paxLastName"]": null

2017-11-28 13:14:10 - [TEST_STEP][PASSED] - Statement - println("ln: " + xpathval): null

2017-11-28 13:14:10 - [TEST_STEP][PASSED] - Statement - repObj = com.kms.katalon.core.testobject.ObjectRepository.findTestObject(Object Repository/PrimoTours/Old Objects/allPaxLastNameFields): Finding Test Object with id 'Object Repository/PrimoTours/Old Objects/allPaxLastNameFields'

2017-11-28 13:14:10 - [TEST_STEP][PASSED] - Statement - repObj.findProperty("xpath").setValue(xpathval): null

2017-11-28 13:14:10 - [TEST_STEP][PASSED] - setText: Text 'Storm' is set on object 'Object Repository/PrimoTours/Old Objects/allPaxLastNameFields'

2017-11-28 13:14:10 - [MESSAGE][PASSED] - Text 'Storm' is set on object 'Object Repository/PrimoTours/Old Objects/allPaxLastNameFields'

2017-11-28 13:14:10 - [TEST_STEP][PASSED] - Statement - If (i == 1 & j == 1): null

2017-11-28 13:14:10 - [TEST_STEP][PASSED] - Statement - randomPaxIndex = java.lang.Math.abs(new java.util.Random().nextInt() % excelRowNo) + 1: null

2017-11-28 13:14:10 - [TEST_STEP][PASSED] - Statement - println(randomPaxIndex): null

2017-11-28 13:14:10 - [TEST_STEP][PASSED] - Statement - fname = rawData.getValue("FirstName", randomPaxIndex) + " AUT": null

2017-11-28 13:14:10 - [TEST_STEP][PASSED] - Statement - lname = rawData.getValue("LastName", randomPaxIndex): null

2017-11-28 13:14:10 - [TEST_STEP][PASSED] - Statement - pgender = rawData.getValue("Gender", randomPaxIndex): null

2017-11-28 13:14:10 - [TEST_STEP][PASSED] - Statement - pday = rawData.getValue("Day DOB", randomPaxIndex): null

2017-11-28 13:14:10 - [TEST_STEP][PASSED] - Statement - pmonth = rawData.getValue("Month DOB", randomPaxIndex): null

2017-11-28 13:14:10 - [TEST_STEP][PASSED] - Statement - pyear = rawData.getValue("Year DOB", randomPaxIndex): null

2017-11-28 13:14:10 - [TEST_STEP][PASSED] - Statement - paxDetailFields = paxInRoomXpath + "[" + j + "]/div[@class="col-md-x col-md-9"]/div[@class="row paxContainer"]/div[@class="col-md-5"]": null

2017-11-28 13:14:10 - [TEST_STEP][PASSED] - Statement - xpathval = paxDetailFields + "[1]/div[contains(@class,"form-group")]/input[@class="form-control paxFirstName"]": null

2017-11-28 13:14:10 - [TEST_STEP][PASSED] - Statement - println("fn: " + xpathval): null

2017-11-28 13:14:10 - [TEST_STEP][PASSED] - Statement - repObj = com.kms.katalon.core.testobject.ObjectRepository.findTestObject(Object Repository/PrimoTours/Old Objects/allPaxFirstNameFields): Finding Test Object with id 'Object Repository/PrimoTours/Old Objects/allPaxFirstNameFields'

2017-11-28 13:14:10 - [TEST_STEP][PASSED] - Statement - repObj.findProperty("xpath").setValue(xpathval): null

2017-11-28 13:14:10 - [TEST_STEP][PASSED] - setText: Text 'Christensen AUT' is set on object 'Object Repository/PrimoTours/Old Objects/allPaxFirstNameFields'

2017-11-28 13:14:10 - [MESSAGE][PASSED] - Text 'Christensen AUT' is set on object 'Object Repository/PrimoTours/Old Objects/allPaxFirstNameFields'

2017-11-28 13:14:10 - [TEST_STEP][PASSED] - Statement - xpathval = paxDetailFields + "[2]/div[contains(@class,"form-group")]/input[@class="form-control paxLastName"]": null

2017-11-28 13:14:10 - [TEST_STEP][PASSED] - Statement - println("ln: " + xpathval): null

2017-11-28 13:14:10 - [TEST_STEP][PASSED] - Statement - repObj = com.kms.katalon.core.testobject.ObjectRepository.findTestObject(Object Repository/PrimoTours/Old Objects/allPaxLastNameFields): Finding Test Object with id 'Object Repository/PrimoTours/Old Objects/allPaxLastNameFields'

2017-11-28 13:14:10 - [TEST_STEP][PASSED] - Statement - repObj.findProperty("xpath").setValue(xpathval): null

2017-11-28 13:14:10 - [TEST_STEP][PASSED] - setText: Text 'Laura Kastrup' is set on object 'Object Repository/PrimoTours/Old Objects/allPaxLastNameFields'

2017-11-28 13:14:11 - [MESSAGE][PASSED] - Text 'Laura Kastrup' is set on object 'Object Repository/PrimoTours/Old Objects/allPaxLastNameFields'

2017-11-28 13:14:11 - [TEST_STEP][PASSED] - Statement - If (i == 1 & j == 1): null

2017-11-28 13:14:11 - [TEST_STEP][PASSED] - Statement - randomPaxIndex = java.lang.Math.abs(new java.util.Random().nextInt() % excelRowNo) + 1: null

2017-11-28 13:14:11 - [TEST_STEP][PASSED] - Statement - println(randomPaxIndex): null

2017-11-28 13:14:11 - [TEST_STEP][PASSED] - Statement - fname = rawData.getValue("FirstName", randomPaxIndex) + " AUT": null

2017-11-28 13:14:11 - [TEST_STEP][PASSED] - Statement - lname = rawData.getValue("LastName", randomPaxIndex): null

2017-11-28 13:14:11 - [TEST_STEP][PASSED] - Statement - pgender = rawData.getValue("Gender", randomPaxIndex): null

2017-11-28 13:14:11 - [TEST_STEP][PASSED] - Statement - pday = rawData.getValue("Day DOB", randomPaxIndex): null

2017-11-28 13:14:11 - [TEST_STEP][PASSED] - Statement - pmonth = rawData.getValue("Month DOB", randomPaxIndex): null

2017-11-28 13:14:11 - [TEST_STEP][PASSED] - Statement - pyear = rawData.getValue("Year DOB", randomPaxIndex): null

2017-11-28 13:14:11 - [TEST_STEP][PASSED] - Statement - paxDetailFields = paxInRoomXpath + "[" + j + "]/div[@class="col-md-x col-md-9"]/div[@class="row paxContainer"]/div[@class="col-md-5"]": null

2017-11-28 13:14:11 - [TEST_STEP][PASSED] - Statement - xpathval = paxDetailFields + "[1]/div[contains(@class,"form-group")]/input[@class="form-control paxFirstName"]": null

2017-11-28 13:14:11 - [TEST_STEP][PASSED] - Statement - println("fn: " + xpathval): null

2017-11-28 13:14:11 - [TEST_STEP][PASSED] - Statement - repObj = com.kms.katalon.core.testobject.ObjectRepository.findTestObject(Object Repository/PrimoTours/Old Objects/allPaxFirstNameFields): Finding Test Object with id 'Object Repository/PrimoTours/Old Objects/allPaxFirstNameFields'

2017-11-28 13:14:11 - [TEST_STEP][PASSED] - Statement - repObj.findProperty("xpath").setValue(xpathval): null

2017-11-28 13:14:11 - [TEST_STEP][PASSED] - setText: Text 'Mortensen AUT' is set on object 'Object Repository/PrimoTours/Old Objects/allPaxFirstNameFields'

2017-11-28 13:14:11 - [MESSAGE][PASSED] - Text 'Mortensen AUT' is set on object 'Object Repository/PrimoTours/Old Objects/allPaxFirstNameFields'

2017-11-28 13:14:11 - [TEST_STEP][PASSED] - Statement - xpathval = paxDetailFields + "[2]/div[contains(@class,"form-group")]/input[@class="form-control paxLastName"]": null

2017-11-28 13:14:11 - [TEST_STEP][PASSED] - Statement - println("ln: " + xpathval): null

2017-11-28 13:14:11 - [TEST_STEP][PASSED] - Statement - repObj = com.kms.katalon.core.testobject.ObjectRepository.findTestObject(Object Repository/PrimoTours/Old Objects/allPaxLastNameFields): Finding Test Object with id 'Object Repository/PrimoTours/Old Objects/allPaxLastNameFields'

2017-11-28 13:14:11 - [TEST_STEP][PASSED] - Statement - repObj.findProperty("xpath").setValue(xpathval): null

2017-11-28 13:14:11 - [TEST_STEP][PASSED] - setText: Text 'Anna Lise Hededal' is set on object 'Object Repository/PrimoTours/Old Objects/allPaxLastNameFields'

2017-11-28 13:14:11 - [MESSAGE][PASSED] - Text 'Anna Lise Hededal' is set on object 'Object Repository/PrimoTours/Old Objects/allPaxLastNameFields'

2017-11-28 13:14:11 - [TEST_STEP][PASSED] - scrollToElement: Scroll to object 'Object Repository/PrimoTours/Old Objects/Coco (1)/PrimoT/SaveBooking2/Success/bookingTotalValue' successfully

2017-11-28 13:14:11 - [MESSAGE][PASSED] - Scroll to object 'Object Repository/PrimoTours/Old Objects/Coco (1)/PrimoT/SaveBooking2/Success/bookingTotalValue' successfully

2017-11-28 13:14:11 - [TEST_STEP][PASSED] - click: Object: 'Object Repository/PrimoTours/Old Objects/Coco (1)/PrimoT/SaveBooking2/Success/bookingTotalValue' is clicked on

2017-11-28 13:14:12 - [MESSAGE][PASSED] - Object: 'Object Repository/PrimoTours/Old Objects/Coco (1)/PrimoT/SaveBooking2/Success/bookingTotalValue' is clicked on

2017-11-28 13:14:12 - [TEST_STEP][PASSED] - scrollToElement: Scroll to object 'Object Repository/PrimoTours/Old Objects/Coco (1)/PrimoT/SaveBooking2/Success/Page_Primo Tours  Danmarks bedste c/i_fa fa-arrow-circle-right' successfully

2017-11-28 13:14:12 - [MESSAGE][PASSED] - Scroll to object 'Object Repository/PrimoTours/Old Objects/Coco (1)/PrimoT/SaveBooking2/Success/Page_Primo Tours  Danmarks bedste c/i_fa fa-arrow-circle-right' successfully

2017-11-28 13:14:12 - [TEST_STEP][PASSED] - waitForElementClickable: Object 'Object Repository/PrimoTours/Old Objects/Coco (1)/PrimoT/SaveBooking2/Success/Page_Primo Tours  Danmarks bedste c/i_fa fa-arrow-circle-right' is clickable

2017-11-28 13:14:12 - [MESSAGE][PASSED] - Object 'Object Repository/PrimoTours/Old Objects/Coco (1)/PrimoT/SaveBooking2/Success/Page_Primo Tours  Danmarks bedste c/i_fa fa-arrow-circle-right' is clickable

2017-11-28 13:14:12 - [TEST_STEP][PASSED] - waitForElementVisible: Object 'Object Repository/PrimoTours/Old Objects/Coco (1)/PrimoT/SaveBooking2/Success/Page_Primo Tours  Danmarks bedste c/i_fa fa-arrow-circle-right' is visible

2017-11-28 13:14:12 - [MESSAGE][PASSED] - Object 'Object Repository/PrimoTours/Old Objects/Coco (1)/PrimoT/SaveBooking2/Success/Page_Primo Tours  Danmarks bedste c/i_fa fa-arrow-circle-right' is visible

2017-11-28 13:14:12 - [TEST_STEP][PASSED] - scrollToElement: Scroll to object 'Object Repository/PrimoTours/Old Objects/Coco (1)/PrimoT/SaveBooking2/Success/Page_Primo Tours  Danmarks bedste c/i_fa fa-arrow-circle-right' successfully

2017-11-28 13:14:12 - [MESSAGE][PASSED] - Scroll to object 'Object Repository/PrimoTours/Old Objects/Coco (1)/PrimoT/SaveBooking2/Success/Page_Primo Tours  Danmarks bedste c/i_fa fa-arrow-circle-right' successfully

2017-11-28 13:14:12 - [TEST_STEP][PASSED] - click: Object: 'Object Repository/PrimoTours/Old Objects/Coco (1)/PrimoT/SaveBooking2/Success/Page_Primo Tours  Danmarks bedste c/i_fa fa-arrow-circle-right' is clicked on

2017-11-28 13:14:12 - [MESSAGE][PASSED] - Object: 'Object Repository/PrimoTours/Old Objects/Coco (1)/PrimoT/SaveBooking2/Success/Page_Primo Tours  Danmarks bedste c/i_fa fa-arrow-circle-right' is clicked on

2017-11-28 13:14:12 - [TEST_STEP][PASSED] - waitForElementNotVisible: Object 'Object Repository/PrimoTours/Old Objects/CCenter/pageLoaderOverlayLayer' is NOT visible

2017-11-28 13:14:14 - [MESSAGE][PASSED] - Object 'Object Repository/PrimoTours/Old Objects/CCenter/pageLoaderOverlayLayer' is NOT visible

2017-11-28 13:14:14 - [TEST_STEP][PASSED] - scrollToElement: Scroll to object 'Object Repository/PrimoTours/Old Objects/Coco/PrimoT/Ins2/Page_Primo Tours  Danmarks bedste c/span_Vlg forsikring' successfully

2017-11-28 13:14:14 - [MESSAGE][PASSED] - Scroll to object 'Object Repository/PrimoTours/Old Objects/Coco/PrimoT/Ins2/Page_Primo Tours  Danmarks bedste c/span_Vlg forsikring' successfully

2017-11-28 13:14:14 - [TEST_STEP][PASSED] - waitForElementPresent: Object 'Object Repository/PrimoTours/Old Objects/Coco/PrimoT/Ins2/Page_Primo Tours  Danmarks bedste c/span_Vlg forsikring' is present

2017-11-28 13:14:14 - [MESSAGE][PASSED] - Object 'Object Repository/PrimoTours/Old Objects/Coco/PrimoT/Ins2/Page_Primo Tours  Danmarks bedste c/span_Vlg forsikring' is present

2017-11-28 13:14:14 - [TEST_STEP][PASSED] - waitForElementVisible: Object 'Object Repository/PrimoTours/Old Objects/Coco/PrimoT/Ins2/Page_Primo Tours  Danmarks bedste c/span_Vlg forsikring' is visible

2017-11-28 13:14:14 - [MESSAGE][PASSED] - Object 'Object Repository/PrimoTours/Old Objects/Coco/PrimoT/Ins2/Page_Primo Tours  Danmarks bedste c/span_Vlg forsikring' is visible

2017-11-28 13:14:14 - [TEST_STEP][PASSED] - waitForElementClickable: Object 'Object Repository/PrimoTours/Old Objects/Coco/PrimoT/Ins2/Page_Primo Tours  Danmarks bedste c/span_Vlg forsikring' is clickable

2017-11-28 13:14:14 - [MESSAGE][PASSED] - Object 'Object Repository/PrimoTours/Old Objects/Coco/PrimoT/Ins2/Page_Primo Tours  Danmarks bedste c/span_Vlg forsikring' is clickable

2017-11-28 13:14:14 - [TEST_STEP][PASSED] - click: Object: 'Object Repository/PrimoTours/Old Objects/Coco/PrimoT/Ins2/Page_Primo Tours  Danmarks bedste c/span_Vlg forsikring' is clicked on

2017-11-28 13:14:14 - [MESSAGE][PASSED] - Object: 'Object Repository/PrimoTours/Old Objects/Coco/PrimoT/Ins2/Page_Primo Tours  Danmarks bedste c/span_Vlg forsikring' is clicked on

2017-11-28 13:14:14 - [TEST_STEP][PASSED] - click: Object: 'Object Repository/PrimoTours/Old Objects/Coco/PrimoT/Ins2/Page_Primo Tours  Danmarks bedste c/li_Har selv forsikring - kr. 0' is clicked on

2017-11-28 13:14:14 - [MESSAGE][PASSED] - Object: 'Object Repository/PrimoTours/Old Objects/Coco/PrimoT/Ins2/Page_Primo Tours  Danmarks bedste c/li_Har selv forsikring - kr. 0' is clicked on

2017-11-28 13:14:14 - [TEST_STEP][NOT_RUN] - click: NOT_RUN: click

2017-11-28 13:14:14 - [MESSAGE][NOT_RUN] - NOT_RUN: click

2017-11-28 13:14:14 - [TEST_STEP][NOT_RUN] - scrollToElement: NOT_RUN: scrollToElement

2017-11-28 13:14:14 - [MESSAGE][NOT_RUN] - NOT_RUN: scrollToElement

2017-11-28 13:14:14 - [TEST_STEP][NOT_RUN] - click: NOT_RUN: click

2017-11-28 13:14:14 - [MESSAGE][NOT_RUN] - NOT_RUN: click

2017-11-28 13:14:14 - [TEST_STEP][PASSED] - waitForElementVisible: Object 'Object Repository/PrimoTours/Old Objects/Coco (1)/PrimoT/SaveBooking2/Page_Primo Tours  Danmarks bedste c/individualInsuranceCheckbox' is visible

2017-11-28 13:14:14 - [MESSAGE][PASSED] - Object 'Object Repository/PrimoTours/Old Objects/Coco (1)/PrimoT/SaveBooking2/Page_Primo Tours  Danmarks bedste c/individualInsuranceCheckbox' is visible

2017-11-28 13:14:14 - [TEST_STEP][PASSED] - scrollToElement: Scroll to object 'Object Repository/PrimoTours/Old Objects/Coco (1)/PrimoT/SaveBooking2/Page_Primo Tours  Danmarks bedste c/individualInsuranceCheckbox' successfully

2017-11-28 13:14:14 - [MESSAGE][PASSED] - Scroll to object 'Object Repository/PrimoTours/Old Objects/Coco (1)/PrimoT/SaveBooking2/Page_Primo Tours  Danmarks bedste c/individualInsuranceCheckbox' successfully

2017-11-28 13:14:14 - [TEST_STEP][PASSED] - click: Object: 'Object Repository/PrimoTours/Old Objects/Coco (1)/PrimoT/SaveBooking2/Page_Primo Tours  Danmarks bedste c/individualInsuranceCheckbox' is clicked on

2017-11-28 13:14:14 - [MESSAGE][PASSED] - Object: 'Object Repository/PrimoTours/Old Objects/Coco (1)/PrimoT/SaveBooking2/Page_Primo Tours  Danmarks bedste c/individualInsuranceCheckbox' is clicked on

2017-11-28 13:14:14 - [TEST_STEP][PASSED] - scrollToElement: Scroll to object 'Object Repository/PrimoTours/Old Objects/Coco (1)/PrimoT/SaveBooking2/Success/firstProdCategIndividualSelectionRadioB' successfully

2017-11-28 13:14:14 - [MESSAGE][PASSED] - Scroll to object 'Object Repository/PrimoTours/Old Objects/Coco (1)/PrimoT/SaveBooking2/Success/firstProdCategIndividualSelectionRadioB' successfully

2017-11-28 13:14:14 - [TEST_STEP][PASSED] - waitForElementClickable: Object 'Object Repository/PrimoTours/Old Objects/Coco (1)/PrimoT/SaveBooking2/Success/firstProdCategIndividualSelectionRadioB' is clickable

2017-11-28 13:14:15 - [MESSAGE][PASSED] - Object 'Object Repository/PrimoTours/Old Objects/Coco (1)/PrimoT/SaveBooking2/Success/firstProdCategIndividualSelectionRadioB' is clickable

2017-11-28 13:14:15 - [TEST_STEP][PASSED] - scrollToElement: Scroll to object 'Object Repository/PrimoTours/Old Objects/Coco (1)/PrimoT/SaveBooking2/Success/firstProdCategIndividualSelectionRadioB' successfully

2017-11-28 13:14:15 - [MESSAGE][PASSED] - Scroll to object 'Object Repository/PrimoTours/Old Objects/Coco (1)/PrimoT/SaveBooking2/Success/firstProdCategIndividualSelectionRadioB' successfully

2017-11-28 13:14:15 - [TEST_STEP][PASSED] - click: Object: 'Object Repository/PrimoTours/Old Objects/Coco (1)/PrimoT/SaveBooking2/Success/firstProdCategIndividualSelectionRadioB' is clicked on

2017-11-28 13:14:15 - [MESSAGE][PASSED] - Object: 'Object Repository/PrimoTours/Old Objects/Coco (1)/PrimoT/SaveBooking2/Success/firstProdCategIndividualSelectionRadioB' is clicked on

2017-11-28 13:14:15 - [TEST_STEP][PASSED] - scrollToElement: Scroll to object 'Object Repository/PrimoTours/Old Objects/Coco (1)/PrimoT/SaveBooking2/Success/firstProdCategSelectForAllPaxCheckbox' successfully

2017-11-28 13:14:15 - [MESSAGE][PASSED] - Scroll to object 'Object Repository/PrimoTours/Old Objects/Coco (1)/PrimoT/SaveBooking2/Success/firstProdCategSelectForAllPaxCheckbox' successfully

2017-11-28 13:14:15 - [TEST_STEP][PASSED] - waitForElementClickable: Object 'Object Repository/PrimoTours/Old Objects/Coco (1)/PrimoT/SaveBooking2/Success/firstProdCategSelectForAllPaxCheckbox' is clickable

2017-11-28 13:14:15 - [MESSAGE][PASSED] - Object 'Object Repository/PrimoTours/Old Objects/Coco (1)/PrimoT/SaveBooking2/Success/firstProdCategSelectForAllPaxCheckbox' is clickable

2017-11-28 13:14:15 - [TEST_STEP][PASSED] - click: Object: 'Object Repository/PrimoTours/Old Objects/Coco (1)/PrimoT/SaveBooking2/Success/firstProdCategSelectForAllPaxCheckbox' is clicked on

2017-11-28 13:14:15 - [MESSAGE][PASSED] - Object: 'Object Repository/PrimoTours/Old Objects/Coco (1)/PrimoT/SaveBooking2/Success/firstProdCategSelectForAllPaxCheckbox' is clicked on

2017-11-28 13:14:15 - [TEST_STEP][NOT_RUN] - scrollToElement: NOT_RUN: scrollToElement

2017-11-28 13:14:15 - [MESSAGE][NOT_RUN] - NOT_RUN: scrollToElement

2017-11-28 13:14:15 - [TEST_STEP][NOT_RUN] - scrollToElement: NOT_RUN: scrollToElement

2017-11-28 13:14:15 - [MESSAGE][NOT_RUN] - NOT_RUN: scrollToElement

2017-11-28 13:14:15 - [TEST_STEP][NOT_RUN] - click: NOT_RUN: click

2017-11-28 13:14:15 - [MESSAGE][NOT_RUN] - NOT_RUN: click

2017-11-28 13:14:15 - [TEST_STEP][PASSED] - scrollToElement: Scroll to object 'Object Repository/PrimoTours/Old Objects/Coco (1)/PrimoT/SaveBooking2/Success/acceptTermsCheckbox' successfully

2017-11-28 13:14:15 - [MESSAGE][PASSED] - Scroll to object 'Object Repository/PrimoTours/Old Objects/Coco (1)/PrimoT/SaveBooking2/Success/acceptTermsCheckbox' successfully

2017-11-28 13:14:15 - [TEST_STEP][FAILED] - click: Unable to click on object 'Object Repository/PrimoTours/Old Objects/Coco (1)/PrimoT/SaveBooking2/Success/acceptTermsCheckbox' (Root cause: org.openqa.selenium.WebDriverException: unknown error: Element <a href="#" class="toggle checkbox kalypto"></a> is not clickable at point (395, 686). Other element would receive the click: <h2>...</h2>
  (Session info: chrome=62.0.3202.94)
  (Driver info: chromedriver=2.33.506120 (e3e53437346286c0bc2d2dc9aa4915ba81d9023f),platform=Windows NT 6.3.9600 x86_64) (WARNING: The server did not provide any stacktrace information)
Command duration or timeout: 0 milliseconds
Build info: version: '3.7.1', revision: '8a0099a', time: '2017-11-06T21:07:36.161Z'
System info: host: 'NEACSUNEW-PC', ip: '10.10.10.211', os.name: 'Windows 8.1', os.arch: 'amd64', os.version: '6.3', java.version: '1.8.0_102'
Driver info: com.kms.katalon.selenium.driver.CChromeDriver
Capabilities {acceptSslCerts: true, applicationCacheEnabled: false, browserConnectionEnabled: false, browserName: chrome, chrome: {chromedriverVersion: 2.33.506120 (e3e53437346286..., userDataDir: C:\Users\Cornel\AppData\Loc...}, cssSelectorsEnabled: true, databaseEnabled: false, handlesAlerts: true, hasTouchScreen: false, javascriptEnabled: true, locationContextEnabled: true, mobileEmulationEnabled: false, nativeEvents: true, networkConnectionEnabled: false, pageLoadStrategy: normal, platform: XP, platformName: XP, rotatable: false, setWindowRect: true, takesHeapSnapshot: true, takesScreenshot: true, unexpectedAlertBehaviour: , unhandledPromptBehavior: , version: 62.0.3202.94, webStorageEnabled: true}
Session ID: d8e95e8a2d676f8690d4ca6dfd22731e)

2017-11-28 13:14:16 - [MESSAGE][FAILED] - Unable to click on object 'Object Repository/PrimoTours/Old Objects/Coco (1)/PrimoT/SaveBooking2/Success/acceptTermsCheckbox' (Root cause: org.openqa.selenium.WebDriverException: unknown error: Element <a href="#" class="toggle checkbox kalypto"></a> is not clickable at point (395, 686). Other element would receive the click: <h2>...</h2>
  (Session info: chrome=62.0.3202.94)
  (Driver info: chromedriver=2.33.506120 (e3e53437346286c0bc2d2dc9aa4915ba81d9023f),platform=Windows NT 6.3.9600 x86_64) (WARNING: The server did not provide any stacktrace information)
Command duration or timeout: 0 milliseconds
Build info: version: '3.7.1', revision: '8a0099a', time: '2017-11-06T21:07:36.161Z'
System info: host: 'NEACSUNEW-PC', ip: '10.10.10.211', os.name: 'Windows 8.1', os.arch: 'amd64', os.version: '6.3', java.version: '1.8.0_102'
Driver info: com.kms.katalon.selenium.driver.CChromeDriver
Capabilities {acceptSslCerts: true, applicationCacheEnabled: false, browserConnectionEnabled: false, browserName: chrome, chrome: {chromedriverVersion: 2.33.506120 (e3e53437346286..., userDataDir: C:\Users\Cornel\AppData\Loc...}, cssSelectorsEnabled: true, databaseEnabled: false, handlesAlerts: true, hasTouchScreen: false, javascriptEnabled: true, locationContextEnabled: true, mobileEmulationEnabled: false, nativeEvents: true, networkConnectionEnabled: false, pageLoadStrategy: normal, platform: XP, platformName: XP, rotatable: false, setWindowRect: true, takesHeapSnapshot: true, takesScreenshot: true, unexpectedAlertBehaviour: , unhandledPromptBehavior: , version: 62.0.3202.94, webStorageEnabled: true}
Session ID: d8e95e8a2d676f8690d4ca6dfd22731e)
[[ATTACHMENT|D:\\Software testing\\Tourpaq\\Automated Katalon tests\\Primo WB test\\Reports\\WB Primo From Excel URLs\\20171128_131240\\1511867655975.png]]]]></system-out>
         <system-err><![CDATA[2017-11-28 13:13:56 - [TEST_CASE][FAILED] - Test Cases/PrimoTours/WB Primo/WB Primo staging - place booking - Iteration 5: Test Cases/PrimoTours/WB Primo/WB Primo staging - place booking FAILED because (of) Unable to click on object 'Object Repository/PrimoTours/Old Objects/Coco (1)/PrimoT/SaveBooking2/Success/acceptTermsCheckbox' (Root cause: org.openqa.selenium.WebDriverException: unknown error: Element <a href="#" class="toggle checkbox kalypto"></a> is not clickable at point (395, 686). Other element would receive the click: <h2>...</h2>
  (Session info: chrome=62.0.3202.94)
  (Driver info: chromedriver=2.33.506120 (e3e53437346286c0bc2d2dc9aa4915ba81d9023f),platform=Windows NT 6.3.9600 x86_64) (WARNING: The server did not provide any stacktrace information)
Command duration or timeout: 0 milliseconds
Build info: version: '3.7.1', revision: '8a0099a', time: '2017-11-06T21:07:36.161Z'
System info: host: 'NEACSUNEW-PC', ip: '10.10.10.211', os.name: 'Windows 8.1', os.arch: 'amd64', os.version: '6.3', java.version: '1.8.0_102'
Driver info: com.kms.katalon.selenium.driver.CChromeDriver
Capabilities {acceptSslCerts: true, applicationCacheEnabled: false, browserConnectionEnabled: false, browserName: chrome, chrome: {chromedriverVersion: 2.33.506120 (e3e53437346286..., userDataDir: C:\Users\Cornel\AppData\Loc...}, cssSelectorsEnabled: true, databaseEnabled: false, handlesAlerts: true, hasTouchScreen: false, javascriptEnabled: true, locationContextEnabled: true, mobileEmulationEnabled: false, nativeEvents: true, networkConnectionEnabled: false, pageLoadStrategy: normal, platform: XP, platformName: XP, rotatable: false, setWindowRect: true, takesHeapSnapshot: true, takesScreenshot: true, unexpectedAlertBehaviour: , unhandledPromptBehavior: , version: 62.0.3202.94, webStorageEnabled: true}
Session ID: d8e95e8a2d676f8690d4ca6dfd22731e)]]></system-err>
      </testcase>
      <testcase name="Test Cases/PrimoTours/WB Primo/WB Primo staging - place booking - Iteration 6" classname="Test Cases/PrimoTours/WB Primo/WB Primo staging - place booking" status="FAILED">
         <failure type="FAILED" message="Test Cases/PrimoTours/WB Primo/WB Primo staging - place booking FAILED because (of) Unable to wait for object 'Object Repository/PrimoTours/Old Objects/CCenter/pageLoaderOverlayLayer' to be NOT visible (Root cause: org.openqa.selenium.StaleElementReferenceException: stale element reference: element is not attached to the page document
  (Session info: chrome=62.0.3202.94)
  (Driver info: chromedriver=2.33.506120 (e3e53437346286c0bc2d2dc9aa4915ba81d9023f),platform=Windows NT 6.3.9600 x86_64) (WARNING: The server did not provide any stacktrace information)
Command duration or timeout: 0 milliseconds
For documentation on this error, please visit: http://seleniumhq.org/exceptions/stale_element_reference.html
Build info: version: '3.7.1', revision: '8a0099a', time: '2017-11-06T21:07:36.161Z'
System info: host: 'NEACSUNEW-PC', ip: '10.10.10.211', os.name: 'Windows 8.1', os.arch: 'amd64', os.version: '6.3', java.version: '1.8.0_102'
Driver info: com.kms.katalon.selenium.driver.CChromeDriver
Capabilities {acceptSslCerts: true, applicationCacheEnabled: false, browserConnectionEnabled: false, browserName: chrome, chrome: {chromedriverVersion: 2.33.506120 (e3e53437346286..., userDataDir: C:\Users\Cornel\AppData\Loc...}, cssSelectorsEnabled: true, databaseEnabled: false, handlesAlerts: true, hasTouchScreen: false, javascriptEnabled: true, locationContextEnabled: true, mobileEmulationEnabled: false, nativeEvents: true, networkConnectionEnabled: false, pageLoadStrategy: normal, platform: XP, platformName: XP, rotatable: false, setWindowRect: true, takesHeapSnapshot: true, takesScreenshot: true, unexpectedAlertBehaviour: , unhandledPromptBehavior: , version: 62.0.3202.94, webStorageEnabled: true}
Session ID: 9ef66dbb695d446f46196b47cacfe95b)"/>
         <system-out><![CDATA[2017-11-28 13:14:16 - [TEST_CASE][FAILED] - Test Cases/PrimoTours/WB Primo/WB Primo staging - place booking - Iteration 6: Test Cases/PrimoTours/WB Primo/WB Primo staging - place booking FAILED because (of) Unable to wait for object 'Object Repository/PrimoTours/Old Objects/CCenter/pageLoaderOverlayLayer' to be NOT visible (Root cause: org.openqa.selenium.StaleElementReferenceException: stale element reference: element is not attached to the page document
  (Session info: chrome=62.0.3202.94)
  (Driver info: chromedriver=2.33.506120 (e3e53437346286c0bc2d2dc9aa4915ba81d9023f),platform=Windows NT 6.3.9600 x86_64) (WARNING: The server did not provide any stacktrace information)
Command duration or timeout: 0 milliseconds
For documentation on this error, please visit: http://seleniumhq.org/exceptions/stale_element_reference.html
Build info: version: '3.7.1', revision: '8a0099a', time: '2017-11-06T21:07:36.161Z'
System info: host: 'NEACSUNEW-PC', ip: '10.10.10.211', os.name: 'Windows 8.1', os.arch: 'amd64', os.version: '6.3', java.version: '1.8.0_102'
Driver info: com.kms.katalon.selenium.driver.CChromeDriver
Capabilities {acceptSslCerts: true, applicationCacheEnabled: false, browserConnectionEnabled: false, browserName: chrome, chrome: {chromedriverVersion: 2.33.506120 (e3e53437346286..., userDataDir: C:\Users\Cornel\AppData\Loc...}, cssSelectorsEnabled: true, databaseEnabled: false, handlesAlerts: true, hasTouchScreen: false, javascriptEnabled: true, locationContextEnabled: true, mobileEmulationEnabled: false, nativeEvents: true, networkConnectionEnabled: false, pageLoadStrategy: normal, platform: XP, platformName: XP, rotatable: false, setWindowRect: true, takesHeapSnapshot: true, takesScreenshot: true, unexpectedAlertBehaviour: , unhandledPromptBehavior: , version: 62.0.3202.94, webStorageEnabled: true}
Session ID: 9ef66dbb695d446f46196b47cacfe95b)

2017-11-28 13:14:16 - [TEST_STEP][PASSED] - openBrowser: Browser is opened with url: ''

2017-11-28 13:14:16 - [MESSAGE][WARNING] - A browser is already opened. Closing browser and opening a new one

2017-11-28 13:14:19 - [MESSAGE][PASSED] - Browser is opened with url: ''

2017-11-28 13:14:19 - [TEST_STEP][PASSED] - maximizeWindow: Current window maximized

2017-11-28 13:14:20 - [MESSAGE][PASSED] - Current window maximized

2017-11-28 13:14:20 - [TEST_STEP][PASSED] - navigateToUrl: Navigate to 'https://staging-primotours-webbooking.tourpaq.com/DoBooking.aspx?pltaID=1480269,1480294,1480269&p=1&rno=1,1,1&pt=1,1,2&a=2,2,2&c=2,2,0&aa=&ca=1,4|0,5|' successfully

2017-11-28 13:14:22 - [MESSAGE][PASSED] - Navigate to 'https://staging-primotours-webbooking.tourpaq.com/DoBooking.aspx?pltaID=1480269,1480294,1480269&p=1&rno=1,1,1&pt=1,1,2&a=2,2,2&c=2,2,0&aa=&ca=1,4|0,5|' successfully

2017-11-28 13:14:22 - [TEST_STEP][PASSED] - setText: Text 'Pedersen AUT' is set on object 'Object Repository/PrimoTours/Old Objects/Coco/PrimoT/Page_Primo Tours  Danmarks bedste c/input_firstName'

2017-11-28 13:14:23 - [MESSAGE][PASSED] - Text 'Pedersen AUT' is set on object 'Object Repository/PrimoTours/Old Objects/Coco/PrimoT/Page_Primo Tours  Danmarks bedste c/input_firstName'

2017-11-28 13:14:23 - [TEST_STEP][PASSED] - setText: Text 'Vibe Dalby' is set on object 'Object Repository/PrimoTours/Old Objects/Coco/PrimoT/Page_Primo Tours  Danmarks bedste c/input_lastName'

2017-11-28 13:14:23 - [MESSAGE][PASSED] - Text 'Vibe Dalby' is set on object 'Object Repository/PrimoTours/Old Objects/Coco/PrimoT/Page_Primo Tours  Danmarks bedste c/input_lastName'

2017-11-28 13:14:23 - [TEST_STEP][PASSED] - setText: Text 'Home address' is set on object 'Object Repository/PrimoTours/Old Objects/Coco/PrimoT/Page_Primo Tours  Danmarks bedste c/input_customerAddress'

2017-11-28 13:14:23 - [MESSAGE][PASSED] - Text 'Home address' is set on object 'Object Repository/PrimoTours/Old Objects/Coco/PrimoT/Page_Primo Tours  Danmarks bedste c/input_customerAddress'

2017-11-28 13:14:23 - [TEST_STEP][PASSED] - setText: Text '6700' is set on object 'Object Repository/PrimoTours/Old Objects/Coco/PrimoT/Page_Primo Tours  Danmarks bedste c/input_customerPostcode'

2017-11-28 13:14:23 - [MESSAGE][PASSED] - Text '6700' is set on object 'Object Repository/PrimoTours/Old Objects/Coco/PrimoT/Page_Primo Tours  Danmarks bedste c/input_customerPostcode'

2017-11-28 13:14:23 - [TEST_STEP][PASSED] - setText: Text 'cornel.neacsu@roweb.ro' is set on object 'Object Repository/PrimoTours/Old Objects/Coco/PrimoT/Page_Primo Tours  Danmarks bedste c/input_customerEmail'

2017-11-28 13:14:24 - [MESSAGE][PASSED] - Text 'cornel.neacsu@roweb.ro' is set on object 'Object Repository/PrimoTours/Old Objects/Coco/PrimoT/Page_Primo Tours  Danmarks bedste c/input_customerEmail'

2017-11-28 13:14:24 - [TEST_STEP][PASSED] - setText: Text '12345678' is set on object 'Object Repository/PrimoTours/Old Objects/Coco/PrimoT/Page_Primo Tours  Danmarks bedste c/input_customerPhone'

2017-11-28 13:14:24 - [MESSAGE][PASSED] - Text '12345678' is set on object 'Object Repository/PrimoTours/Old Objects/Coco/PrimoT/Page_Primo Tours  Danmarks bedste c/input_customerPhone'

2017-11-28 13:14:24 - [TEST_STEP][PASSED] - Statement - excelInfo = ["fname":"", "lname":"", "pgender":"", "pday":"", "pmonth":"", "pyear":""]: null

2017-11-28 13:14:24 - [TEST_STEP][PASSED] - Statement - rawData = com.kms.katalon.core.testdata.TestDataFactory.findTestData("Data Files/WB_Primo/Passenger_details"): Reading excel file with source file 'D:\Software testing\Tourpaq\Automated Katalon tests\Primo WB test\Data Files\Primo_URLs_For_Automated_Test.xls' and sheet name 'Passenger Names'

2017-11-28 13:14:24 - [TEST_STEP][PASSED] - Statement - excelRowNo = rawData.getRowNumbers(): null

2017-11-28 13:14:24 - [TEST_STEP][PASSED] - Statement - randomPaxIndex = 1: null

2017-11-28 13:14:24 - [TEST_STEP][PASSED] - waitForElementClickable: Object 'Object Repository/PrimoTours/Old Objects/Coco/PrimoT/Page_Primo Tours  Danmarks bedste c/input_firstname-0_1' is clickable

2017-11-28 13:14:27 - [MESSAGE][PASSED] - Object 'Object Repository/PrimoTours/Old Objects/Coco/PrimoT/Page_Primo Tours  Danmarks bedste c/input_firstname-0_1' is clickable

2017-11-28 13:14:27 - [TEST_STEP][PASSED] - Statement - driver = com.kms.katalon.core.webui.driver.DriverFactory.getWebDriver(): null

2017-11-28 13:14:27 - [TEST_STEP][PASSED] - Statement - roomContainerXpath = "id("booking")/div[@class="wrapper second-bg"]/div[contains(@class,"container-mx")]/div[@class="row"]/div[@class="col-md-12 roomContainer"]": null

2017-11-28 13:14:27 - [TEST_STEP][PASSED] - Statement - roomsCount = driver.findElements(org.openqa.selenium.By.xpath(roomContainerXpath)).size(): null

2017-11-28 13:14:27 - [TEST_STEP][PASSED] - Statement - println("roomsCount=" + roomsCount): null

2017-11-28 13:14:27 - [TEST_STEP][PASSED] - Statement - For ([i = 1, i <= roomsCount, (i++)]): Text 'Michael' is set on object 'Object Repository/PrimoTours/Old Objects/allPaxLastNameFields'

2017-11-28 13:14:27 - [TEST_STEP][PASSED] - Statement - paxInRoomXpath = roomContainerXpath + "[" + i + "]/div[@class="row"]/div[@class="col-md-12"]/div[@class="row"]": null

2017-11-28 13:14:27 - [TEST_STEP][PASSED] - Statement - paxInRoomCount = driver.findElements(org.openqa.selenium.By.xpath(paxInRoomXpath)).size(): null

2017-11-28 13:14:27 - [TEST_STEP][PASSED] - Statement - println("paxInRoomCount=" + paxInRoomCount): null

2017-11-28 13:14:27 - [TEST_STEP][PASSED] - Statement - For ([j = 1, j <= paxInRoomCount, (j++)]): Text 'Sebastian Kevin Nørgaard' is set on object 'Object Repository/PrimoTours/Old Objects/allPaxLastNameFields'

2017-11-28 13:14:27 - [TEST_STEP][PASSED] - Statement - If (i == 1 & j == 1): null

2017-11-28 13:14:27 - [TEST_STEP][PASSED] - Statement - <not implemented yet for class: org.codehaus.groovy.ast.stmt.ContinueStatement>: null

2017-11-28 13:14:27 - [TEST_STEP][PASSED] - Statement - If (i == 1 & j == 1): null

2017-11-28 13:14:27 - [TEST_STEP][PASSED] - Statement - randomPaxIndex = java.lang.Math.abs(new java.util.Random().nextInt() % excelRowNo) + 1: null

2017-11-28 13:14:27 - [TEST_STEP][PASSED] - Statement - println(randomPaxIndex): null

2017-11-28 13:14:27 - [TEST_STEP][PASSED] - Statement - fname = rawData.getValue("FirstName", randomPaxIndex) + " AUT": null

2017-11-28 13:14:27 - [TEST_STEP][PASSED] - Statement - lname = rawData.getValue("LastName", randomPaxIndex): null

2017-11-28 13:14:27 - [TEST_STEP][PASSED] - Statement - pgender = rawData.getValue("Gender", randomPaxIndex): null

2017-11-28 13:14:27 - [TEST_STEP][PASSED] - Statement - pday = rawData.getValue("Day DOB", randomPaxIndex): null

2017-11-28 13:14:27 - [TEST_STEP][PASSED] - Statement - pmonth = rawData.getValue("Month DOB", randomPaxIndex): null

2017-11-28 13:14:27 - [TEST_STEP][PASSED] - Statement - pyear = rawData.getValue("Year DOB", randomPaxIndex): null

2017-11-28 13:14:27 - [TEST_STEP][PASSED] - Statement - paxDetailFields = paxInRoomXpath + "[" + j + "]/div[@class="col-md-x col-md-9"]/div[@class="row paxContainer"]/div[@class="col-md-5"]": null

2017-11-28 13:14:27 - [TEST_STEP][PASSED] - Statement - xpathval = paxDetailFields + "[1]/div[contains(@class,"form-group")]/input[@class="form-control paxFirstName"]": null

2017-11-28 13:14:27 - [TEST_STEP][PASSED] - Statement - println("fn: " + xpathval): null

2017-11-28 13:14:27 - [TEST_STEP][PASSED] - Statement - repObj = com.kms.katalon.core.testobject.ObjectRepository.findTestObject(Object Repository/PrimoTours/Old Objects/allPaxFirstNameFields): Finding Test Object with id 'Object Repository/PrimoTours/Old Objects/allPaxFirstNameFields'

2017-11-28 13:14:27 - [TEST_STEP][PASSED] - Statement - repObj.findProperty("xpath").setValue(xpathval): null

2017-11-28 13:14:27 - [TEST_STEP][PASSED] - setText: Text 'Vistisen AUT' is set on object 'Object Repository/PrimoTours/Old Objects/allPaxFirstNameFields'

2017-11-28 13:14:27 - [MESSAGE][PASSED] - Text 'Vistisen AUT' is set on object 'Object Repository/PrimoTours/Old Objects/allPaxFirstNameFields'

2017-11-28 13:14:27 - [TEST_STEP][PASSED] - Statement - xpathval = paxDetailFields + "[2]/div[contains(@class,"form-group")]/input[@class="form-control paxLastName"]": null

2017-11-28 13:14:27 - [TEST_STEP][PASSED] - Statement - println("ln: " + xpathval): null

2017-11-28 13:14:27 - [TEST_STEP][PASSED] - Statement - repObj = com.kms.katalon.core.testobject.ObjectRepository.findTestObject(Object Repository/PrimoTours/Old Objects/allPaxLastNameFields): Finding Test Object with id 'Object Repository/PrimoTours/Old Objects/allPaxLastNameFields'

2017-11-28 13:14:27 - [TEST_STEP][PASSED] - Statement - repObj.findProperty("xpath").setValue(xpathval): null

2017-11-28 13:14:27 - [TEST_STEP][PASSED] - setText: Text 'Laura Kofoed ' is set on object 'Object Repository/PrimoTours/Old Objects/allPaxLastNameFields'

2017-11-28 13:14:27 - [MESSAGE][PASSED] - Text 'Laura Kofoed ' is set on object 'Object Repository/PrimoTours/Old Objects/allPaxLastNameFields'

2017-11-28 13:14:27 - [TEST_STEP][PASSED] - Statement - If (i == 1 & j == 1): null

2017-11-28 13:14:27 - [TEST_STEP][PASSED] - Statement - randomPaxIndex = java.lang.Math.abs(new java.util.Random().nextInt() % excelRowNo) + 1: null

2017-11-28 13:14:27 - [TEST_STEP][PASSED] - Statement - println(randomPaxIndex): null

2017-11-28 13:14:27 - [TEST_STEP][PASSED] - Statement - fname = rawData.getValue("FirstName", randomPaxIndex) + " AUT": null

2017-11-28 13:14:27 - [TEST_STEP][PASSED] - Statement - lname = rawData.getValue("LastName", randomPaxIndex): null

2017-11-28 13:14:27 - [TEST_STEP][PASSED] - Statement - pgender = rawData.getValue("Gender", randomPaxIndex): null

2017-11-28 13:14:27 - [TEST_STEP][PASSED] - Statement - pday = rawData.getValue("Day DOB", randomPaxIndex): null

2017-11-28 13:14:27 - [TEST_STEP][PASSED] - Statement - pmonth = rawData.getValue("Month DOB", randomPaxIndex): null

2017-11-28 13:14:27 - [TEST_STEP][PASSED] - Statement - pyear = rawData.getValue("Year DOB", randomPaxIndex): null

2017-11-28 13:14:27 - [TEST_STEP][PASSED] - Statement - paxDetailFields = paxInRoomXpath + "[" + j + "]/div[@class="col-md-x col-md-9"]/div[@class="row paxContainer"]/div[@class="col-md-5"]": null

2017-11-28 13:14:27 - [TEST_STEP][PASSED] - Statement - xpathval = paxDetailFields + "[1]/div[contains(@class,"form-group")]/input[@class="form-control paxFirstName"]": null

2017-11-28 13:14:27 - [TEST_STEP][PASSED] - Statement - println("fn: " + xpathval): null

2017-11-28 13:14:27 - [TEST_STEP][PASSED] - Statement - repObj = com.kms.katalon.core.testobject.ObjectRepository.findTestObject(Object Repository/PrimoTours/Old Objects/allPaxFirstNameFields): Finding Test Object with id 'Object Repository/PrimoTours/Old Objects/allPaxFirstNameFields'

2017-11-28 13:14:27 - [TEST_STEP][PASSED] - Statement - repObj.findProperty("xpath").setValue(xpathval): null

2017-11-28 13:14:27 - [TEST_STEP][PASSED] - setText: Text 'Strandbygaard AUT' is set on object 'Object Repository/PrimoTours/Old Objects/allPaxFirstNameFields'

2017-11-28 13:14:28 - [MESSAGE][PASSED] - Text 'Strandbygaard AUT' is set on object 'Object Repository/PrimoTours/Old Objects/allPaxFirstNameFields'

2017-11-28 13:14:28 - [TEST_STEP][PASSED] - Statement - xpathval = paxDetailFields + "[2]/div[contains(@class,"form-group")]/input[@class="form-control paxLastName"]": null

2017-11-28 13:14:28 - [TEST_STEP][PASSED] - Statement - println("ln: " + xpathval): null

2017-11-28 13:14:28 - [TEST_STEP][PASSED] - Statement - repObj = com.kms.katalon.core.testobject.ObjectRepository.findTestObject(Object Repository/PrimoTours/Old Objects/allPaxLastNameFields): Finding Test Object with id 'Object Repository/PrimoTours/Old Objects/allPaxLastNameFields'

2017-11-28 13:14:28 - [TEST_STEP][PASSED] - Statement - repObj.findProperty("xpath").setValue(xpathval): null

2017-11-28 13:14:28 - [TEST_STEP][PASSED] - setText: Text 'Thorstein' is set on object 'Object Repository/PrimoTours/Old Objects/allPaxLastNameFields'

2017-11-28 13:14:28 - [MESSAGE][PASSED] - Text 'Thorstein' is set on object 'Object Repository/PrimoTours/Old Objects/allPaxLastNameFields'

2017-11-28 13:14:28 - [TEST_STEP][PASSED] - Statement - If (i == 1 & j == 1): null

2017-11-28 13:14:28 - [TEST_STEP][PASSED] - Statement - randomPaxIndex = java.lang.Math.abs(new java.util.Random().nextInt() % excelRowNo) + 1: null

2017-11-28 13:14:28 - [TEST_STEP][PASSED] - Statement - println(randomPaxIndex): null

2017-11-28 13:14:28 - [TEST_STEP][PASSED] - Statement - fname = rawData.getValue("FirstName", randomPaxIndex) + " AUT": null

2017-11-28 13:14:28 - [TEST_STEP][PASSED] - Statement - lname = rawData.getValue("LastName", randomPaxIndex): null

2017-11-28 13:14:28 - [TEST_STEP][PASSED] - Statement - pgender = rawData.getValue("Gender", randomPaxIndex): null

2017-11-28 13:14:28 - [TEST_STEP][PASSED] - Statement - pday = rawData.getValue("Day DOB", randomPaxIndex): null

2017-11-28 13:14:28 - [TEST_STEP][PASSED] - Statement - pmonth = rawData.getValue("Month DOB", randomPaxIndex): null

2017-11-28 13:14:28 - [TEST_STEP][PASSED] - Statement - pyear = rawData.getValue("Year DOB", randomPaxIndex): null

2017-11-28 13:14:28 - [TEST_STEP][PASSED] - Statement - paxDetailFields = paxInRoomXpath + "[" + j + "]/div[@class="col-md-x col-md-9"]/div[@class="row paxContainer"]/div[@class="col-md-5"]": null

2017-11-28 13:14:28 - [TEST_STEP][PASSED] - Statement - xpathval = paxDetailFields + "[1]/div[contains(@class,"form-group")]/input[@class="form-control paxFirstName"]": null

2017-11-28 13:14:28 - [TEST_STEP][PASSED] - Statement - println("fn: " + xpathval): null

2017-11-28 13:14:28 - [TEST_STEP][PASSED] - Statement - repObj = com.kms.katalon.core.testobject.ObjectRepository.findTestObject(Object Repository/PrimoTours/Old Objects/allPaxFirstNameFields): Finding Test Object with id 'Object Repository/PrimoTours/Old Objects/allPaxFirstNameFields'

2017-11-28 13:14:28 - [TEST_STEP][PASSED] - Statement - repObj.findProperty("xpath").setValue(xpathval): null

2017-11-28 13:14:28 - [TEST_STEP][PASSED] - setText: Text 'Hansen AUT' is set on object 'Object Repository/PrimoTours/Old Objects/allPaxFirstNameFields'

2017-11-28 13:14:28 - [MESSAGE][PASSED] - Text 'Hansen AUT' is set on object 'Object Repository/PrimoTours/Old Objects/allPaxFirstNameFields'

2017-11-28 13:14:28 - [TEST_STEP][PASSED] - Statement - xpathval = paxDetailFields + "[2]/div[contains(@class,"form-group")]/input[@class="form-control paxLastName"]": null

2017-11-28 13:14:28 - [TEST_STEP][PASSED] - Statement - println("ln: " + xpathval): null

2017-11-28 13:14:28 - [TEST_STEP][PASSED] - Statement - repObj = com.kms.katalon.core.testobject.ObjectRepository.findTestObject(Object Repository/PrimoTours/Old Objects/allPaxLastNameFields): Finding Test Object with id 'Object Repository/PrimoTours/Old Objects/allPaxLastNameFields'

2017-11-28 13:14:28 - [TEST_STEP][PASSED] - Statement - repObj.findProperty("xpath").setValue(xpathval): null

2017-11-28 13:14:28 - [TEST_STEP][PASSED] - setText: Text 'Sebastian Kevin Nørgaard' is set on object 'Object Repository/PrimoTours/Old Objects/allPaxLastNameFields'

2017-11-28 13:14:29 - [MESSAGE][PASSED] - Text 'Sebastian Kevin Nørgaard' is set on object 'Object Repository/PrimoTours/Old Objects/allPaxLastNameFields'

2017-11-28 13:14:29 - [TEST_STEP][PASSED] - Statement - paxInRoomXpath = roomContainerXpath + "[" + i + "]/div[@class="row"]/div[@class="col-md-12"]/div[@class="row"]": null

2017-11-28 13:14:29 - [TEST_STEP][PASSED] - Statement - paxInRoomCount = driver.findElements(org.openqa.selenium.By.xpath(paxInRoomXpath)).size(): null

2017-11-28 13:14:29 - [TEST_STEP][PASSED] - Statement - println("paxInRoomCount=" + paxInRoomCount): null

2017-11-28 13:14:29 - [TEST_STEP][PASSED] - Statement - For ([j = 1, j <= paxInRoomCount, (j++)]): Text 'Gunnar' is set on object 'Object Repository/PrimoTours/Old Objects/allPaxLastNameFields'

2017-11-28 13:14:29 - [TEST_STEP][PASSED] - Statement - If (i == 1 & j == 1): null

2017-11-28 13:14:29 - [TEST_STEP][PASSED] - Statement - randomPaxIndex = java.lang.Math.abs(new java.util.Random().nextInt() % excelRowNo) + 1: null

2017-11-28 13:14:29 - [TEST_STEP][PASSED] - Statement - println(randomPaxIndex): null

2017-11-28 13:14:29 - [TEST_STEP][PASSED] - Statement - fname = rawData.getValue("FirstName", randomPaxIndex) + " AUT": null

2017-11-28 13:14:29 - [TEST_STEP][PASSED] - Statement - lname = rawData.getValue("LastName", randomPaxIndex): null

2017-11-28 13:14:29 - [TEST_STEP][PASSED] - Statement - pgender = rawData.getValue("Gender", randomPaxIndex): null

2017-11-28 13:14:29 - [TEST_STEP][PASSED] - Statement - pday = rawData.getValue("Day DOB", randomPaxIndex): null

2017-11-28 13:14:29 - [TEST_STEP][PASSED] - Statement - pmonth = rawData.getValue("Month DOB", randomPaxIndex): null

2017-11-28 13:14:29 - [TEST_STEP][PASSED] - Statement - pyear = rawData.getValue("Year DOB", randomPaxIndex): null

2017-11-28 13:14:29 - [TEST_STEP][PASSED] - Statement - paxDetailFields = paxInRoomXpath + "[" + j + "]/div[@class="col-md-x col-md-9"]/div[@class="row paxContainer"]/div[@class="col-md-5"]": null

2017-11-28 13:14:29 - [TEST_STEP][PASSED] - Statement - xpathval = paxDetailFields + "[1]/div[contains(@class,"form-group")]/input[@class="form-control paxFirstName"]": null

2017-11-28 13:14:29 - [TEST_STEP][PASSED] - Statement - println("fn: " + xpathval): null

2017-11-28 13:14:29 - [TEST_STEP][PASSED] - Statement - repObj = com.kms.katalon.core.testobject.ObjectRepository.findTestObject(Object Repository/PrimoTours/Old Objects/allPaxFirstNameFields): Finding Test Object with id 'Object Repository/PrimoTours/Old Objects/allPaxFirstNameFields'

2017-11-28 13:14:29 - [TEST_STEP][PASSED] - Statement - repObj.findProperty("xpath").setValue(xpathval): null

2017-11-28 13:14:29 - [TEST_STEP][PASSED] - setText: Text 'Søndergaard AUT' is set on object 'Object Repository/PrimoTours/Old Objects/allPaxFirstNameFields'

2017-11-28 13:14:29 - [MESSAGE][PASSED] - Text 'Søndergaard AUT' is set on object 'Object Repository/PrimoTours/Old Objects/allPaxFirstNameFields'

2017-11-28 13:14:29 - [TEST_STEP][PASSED] - Statement - xpathval = paxDetailFields + "[2]/div[contains(@class,"form-group")]/input[@class="form-control paxLastName"]": null

2017-11-28 13:14:29 - [TEST_STEP][PASSED] - Statement - println("ln: " + xpathval): null

2017-11-28 13:14:29 - [TEST_STEP][PASSED] - Statement - repObj = com.kms.katalon.core.testobject.ObjectRepository.findTestObject(Object Repository/PrimoTours/Old Objects/allPaxLastNameFields): Finding Test Object with id 'Object Repository/PrimoTours/Old Objects/allPaxLastNameFields'

2017-11-28 13:14:29 - [TEST_STEP][PASSED] - Statement - repObj.findProperty("xpath").setValue(xpathval): null

2017-11-28 13:14:29 - [TEST_STEP][PASSED] - setText: Text 'Micki Skov' is set on object 'Object Repository/PrimoTours/Old Objects/allPaxLastNameFields'

2017-11-28 13:14:30 - [MESSAGE][PASSED] - Text 'Micki Skov' is set on object 'Object Repository/PrimoTours/Old Objects/allPaxLastNameFields'

2017-11-28 13:14:30 - [TEST_STEP][PASSED] - Statement - If (i == 1 & j == 1): null

2017-11-28 13:14:30 - [TEST_STEP][PASSED] - Statement - randomPaxIndex = java.lang.Math.abs(new java.util.Random().nextInt() % excelRowNo) + 1: null

2017-11-28 13:14:30 - [TEST_STEP][PASSED] - Statement - println(randomPaxIndex): null

2017-11-28 13:14:30 - [TEST_STEP][PASSED] - Statement - fname = rawData.getValue("FirstName", randomPaxIndex) + " AUT": null

2017-11-28 13:14:30 - [TEST_STEP][PASSED] - Statement - lname = rawData.getValue("LastName", randomPaxIndex): null

2017-11-28 13:14:30 - [TEST_STEP][PASSED] - Statement - pgender = rawData.getValue("Gender", randomPaxIndex): null

2017-11-28 13:14:30 - [TEST_STEP][PASSED] - Statement - pday = rawData.getValue("Day DOB", randomPaxIndex): null

2017-11-28 13:14:30 - [TEST_STEP][PASSED] - Statement - pmonth = rawData.getValue("Month DOB", randomPaxIndex): null

2017-11-28 13:14:30 - [TEST_STEP][PASSED] - Statement - pyear = rawData.getValue("Year DOB", randomPaxIndex): null

2017-11-28 13:14:30 - [TEST_STEP][PASSED] - Statement - paxDetailFields = paxInRoomXpath + "[" + j + "]/div[@class="col-md-x col-md-9"]/div[@class="row paxContainer"]/div[@class="col-md-5"]": null

2017-11-28 13:14:30 - [TEST_STEP][PASSED] - Statement - xpathval = paxDetailFields + "[1]/div[contains(@class,"form-group")]/input[@class="form-control paxFirstName"]": null

2017-11-28 13:14:30 - [TEST_STEP][PASSED] - Statement - println("fn: " + xpathval): null

2017-11-28 13:14:30 - [TEST_STEP][PASSED] - Statement - repObj = com.kms.katalon.core.testobject.ObjectRepository.findTestObject(Object Repository/PrimoTours/Old Objects/allPaxFirstNameFields): Finding Test Object with id 'Object Repository/PrimoTours/Old Objects/allPaxFirstNameFields'

2017-11-28 13:14:30 - [TEST_STEP][PASSED] - Statement - repObj.findProperty("xpath").setValue(xpathval): null

2017-11-28 13:14:30 - [TEST_STEP][PASSED] - setText: Text 'Wessman AUT' is set on object 'Object Repository/PrimoTours/Old Objects/allPaxFirstNameFields'

2017-11-28 13:14:30 - [MESSAGE][PASSED] - Text 'Wessman AUT' is set on object 'Object Repository/PrimoTours/Old Objects/allPaxFirstNameFields'

2017-11-28 13:14:30 - [TEST_STEP][PASSED] - Statement - xpathval = paxDetailFields + "[2]/div[contains(@class,"form-group")]/input[@class="form-control paxLastName"]": null

2017-11-28 13:14:30 - [TEST_STEP][PASSED] - Statement - println("ln: " + xpathval): null

2017-11-28 13:14:30 - [TEST_STEP][PASSED] - Statement - repObj = com.kms.katalon.core.testobject.ObjectRepository.findTestObject(Object Repository/PrimoTours/Old Objects/allPaxLastNameFields): Finding Test Object with id 'Object Repository/PrimoTours/Old Objects/allPaxLastNameFields'

2017-11-28 13:14:30 - [TEST_STEP][PASSED] - Statement - repObj.findProperty("xpath").setValue(xpathval): null

2017-11-28 13:14:30 - [TEST_STEP][PASSED] - setText: Text 'Gunnar' is set on object 'Object Repository/PrimoTours/Old Objects/allPaxLastNameFields'

2017-11-28 13:14:30 - [MESSAGE][PASSED] - Text 'Gunnar' is set on object 'Object Repository/PrimoTours/Old Objects/allPaxLastNameFields'

2017-11-28 13:14:30 - [TEST_STEP][PASSED] - Statement - paxInRoomXpath = roomContainerXpath + "[" + i + "]/div[@class="row"]/div[@class="col-md-12"]/div[@class="row"]": null

2017-11-28 13:14:30 - [TEST_STEP][PASSED] - Statement - paxInRoomCount = driver.findElements(org.openqa.selenium.By.xpath(paxInRoomXpath)).size(): null

2017-11-28 13:14:30 - [TEST_STEP][PASSED] - Statement - println("paxInRoomCount=" + paxInRoomCount): null

2017-11-28 13:14:30 - [TEST_STEP][PASSED] - Statement - For ([j = 1, j <= paxInRoomCount, (j++)]): Text 'Michael' is set on object 'Object Repository/PrimoTours/Old Objects/allPaxLastNameFields'

2017-11-28 13:14:30 - [TEST_STEP][PASSED] - Statement - If (i == 1 & j == 1): null

2017-11-28 13:14:30 - [TEST_STEP][PASSED] - Statement - randomPaxIndex = java.lang.Math.abs(new java.util.Random().nextInt() % excelRowNo) + 1: null

2017-11-28 13:14:30 - [TEST_STEP][PASSED] - Statement - println(randomPaxIndex): null

2017-11-28 13:14:30 - [TEST_STEP][PASSED] - Statement - fname = rawData.getValue("FirstName", randomPaxIndex) + " AUT": null

2017-11-28 13:14:30 - [TEST_STEP][PASSED] - Statement - lname = rawData.getValue("LastName", randomPaxIndex): null

2017-11-28 13:14:30 - [TEST_STEP][PASSED] - Statement - pgender = rawData.getValue("Gender", randomPaxIndex): null

2017-11-28 13:14:30 - [TEST_STEP][PASSED] - Statement - pday = rawData.getValue("Day DOB", randomPaxIndex): null

2017-11-28 13:14:30 - [TEST_STEP][PASSED] - Statement - pmonth = rawData.getValue("Month DOB", randomPaxIndex): null

2017-11-28 13:14:30 - [TEST_STEP][PASSED] - Statement - pyear = rawData.getValue("Year DOB", randomPaxIndex): null

2017-11-28 13:14:30 - [TEST_STEP][PASSED] - Statement - paxDetailFields = paxInRoomXpath + "[" + j + "]/div[@class="col-md-x col-md-9"]/div[@class="row paxContainer"]/div[@class="col-md-5"]": null

2017-11-28 13:14:30 - [TEST_STEP][PASSED] - Statement - xpathval = paxDetailFields + "[1]/div[contains(@class,"form-group")]/input[@class="form-control paxFirstName"]": null

2017-11-28 13:14:30 - [TEST_STEP][PASSED] - Statement - println("fn: " + xpathval): null

2017-11-28 13:14:30 - [TEST_STEP][PASSED] - Statement - repObj = com.kms.katalon.core.testobject.ObjectRepository.findTestObject(Object Repository/PrimoTours/Old Objects/allPaxFirstNameFields): Finding Test Object with id 'Object Repository/PrimoTours/Old Objects/allPaxFirstNameFields'

2017-11-28 13:14:30 - [TEST_STEP][PASSED] - Statement - repObj.findProperty("xpath").setValue(xpathval): null

2017-11-28 13:14:30 - [TEST_STEP][PASSED] - setText: Text 'Pedersen AUT' is set on object 'Object Repository/PrimoTours/Old Objects/allPaxFirstNameFields'

2017-11-28 13:14:30 - [MESSAGE][PASSED] - Text 'Pedersen AUT' is set on object 'Object Repository/PrimoTours/Old Objects/allPaxFirstNameFields'

2017-11-28 13:14:30 - [TEST_STEP][PASSED] - Statement - xpathval = paxDetailFields + "[2]/div[contains(@class,"form-group")]/input[@class="form-control paxLastName"]": null

2017-11-28 13:14:30 - [TEST_STEP][PASSED] - Statement - println("ln: " + xpathval): null

2017-11-28 13:14:30 - [TEST_STEP][PASSED] - Statement - repObj = com.kms.katalon.core.testobject.ObjectRepository.findTestObject(Object Repository/PrimoTours/Old Objects/allPaxLastNameFields): Finding Test Object with id 'Object Repository/PrimoTours/Old Objects/allPaxLastNameFields'

2017-11-28 13:14:30 - [TEST_STEP][PASSED] - Statement - repObj.findProperty("xpath").setValue(xpathval): null

2017-11-28 13:14:30 - [TEST_STEP][PASSED] - setText: Text 'Jeanie' is set on object 'Object Repository/PrimoTours/Old Objects/allPaxLastNameFields'

2017-11-28 13:14:31 - [MESSAGE][PASSED] - Text 'Jeanie' is set on object 'Object Repository/PrimoTours/Old Objects/allPaxLastNameFields'

2017-11-28 13:14:31 - [TEST_STEP][PASSED] - Statement - If (i == 1 & j == 1): null

2017-11-28 13:14:31 - [TEST_STEP][PASSED] - Statement - randomPaxIndex = java.lang.Math.abs(new java.util.Random().nextInt() % excelRowNo) + 1: null

2017-11-28 13:14:31 - [TEST_STEP][PASSED] - Statement - println(randomPaxIndex): null

2017-11-28 13:14:31 - [TEST_STEP][PASSED] - Statement - fname = rawData.getValue("FirstName", randomPaxIndex) + " AUT": null

2017-11-28 13:14:31 - [TEST_STEP][PASSED] - Statement - lname = rawData.getValue("LastName", randomPaxIndex): null

2017-11-28 13:14:31 - [TEST_STEP][PASSED] - Statement - pgender = rawData.getValue("Gender", randomPaxIndex): null

2017-11-28 13:14:31 - [TEST_STEP][PASSED] - Statement - pday = rawData.getValue("Day DOB", randomPaxIndex): null

2017-11-28 13:14:31 - [TEST_STEP][PASSED] - Statement - pmonth = rawData.getValue("Month DOB", randomPaxIndex): null

2017-11-28 13:14:31 - [TEST_STEP][PASSED] - Statement - pyear = rawData.getValue("Year DOB", randomPaxIndex): null

2017-11-28 13:14:31 - [TEST_STEP][PASSED] - Statement - paxDetailFields = paxInRoomXpath + "[" + j + "]/div[@class="col-md-x col-md-9"]/div[@class="row paxContainer"]/div[@class="col-md-5"]": null

2017-11-28 13:14:31 - [TEST_STEP][PASSED] - Statement - xpathval = paxDetailFields + "[1]/div[contains(@class,"form-group")]/input[@class="form-control paxFirstName"]": null

2017-11-28 13:14:31 - [TEST_STEP][PASSED] - Statement - println("fn: " + xpathval): null

2017-11-28 13:14:31 - [TEST_STEP][PASSED] - Statement - repObj = com.kms.katalon.core.testobject.ObjectRepository.findTestObject(Object Repository/PrimoTours/Old Objects/allPaxFirstNameFields): Finding Test Object with id 'Object Repository/PrimoTours/Old Objects/allPaxFirstNameFields'

2017-11-28 13:14:31 - [TEST_STEP][PASSED] - Statement - repObj.findProperty("xpath").setValue(xpathval): null

2017-11-28 13:14:31 - [TEST_STEP][PASSED] - setText: Text 'Mouritzen AUT' is set on object 'Object Repository/PrimoTours/Old Objects/allPaxFirstNameFields'

2017-11-28 13:14:31 - [MESSAGE][PASSED] - Text 'Mouritzen AUT' is set on object 'Object Repository/PrimoTours/Old Objects/allPaxFirstNameFields'

2017-11-28 13:14:31 - [TEST_STEP][PASSED] - Statement - xpathval = paxDetailFields + "[2]/div[contains(@class,"form-group")]/input[@class="form-control paxLastName"]": null

2017-11-28 13:14:31 - [TEST_STEP][PASSED] - Statement - println("ln: " + xpathval): null

2017-11-28 13:14:31 - [TEST_STEP][PASSED] - Statement - repObj = com.kms.katalon.core.testobject.ObjectRepository.findTestObject(Object Repository/PrimoTours/Old Objects/allPaxLastNameFields): Finding Test Object with id 'Object Repository/PrimoTours/Old Objects/allPaxLastNameFields'

2017-11-28 13:14:31 - [TEST_STEP][PASSED] - Statement - repObj.findProperty("xpath").setValue(xpathval): null

2017-11-28 13:14:31 - [TEST_STEP][PASSED] - setText: Text 'Hanne' is set on object 'Object Repository/PrimoTours/Old Objects/allPaxLastNameFields'

2017-11-28 13:14:31 - [MESSAGE][PASSED] - Text 'Hanne' is set on object 'Object Repository/PrimoTours/Old Objects/allPaxLastNameFields'

2017-11-28 13:14:31 - [TEST_STEP][PASSED] - Statement - If (i == 1 & j == 1): null

2017-11-28 13:14:31 - [TEST_STEP][PASSED] - Statement - randomPaxIndex = java.lang.Math.abs(new java.util.Random().nextInt() % excelRowNo) + 1: null

2017-11-28 13:14:31 - [TEST_STEP][PASSED] - Statement - println(randomPaxIndex): null

2017-11-28 13:14:31 - [TEST_STEP][PASSED] - Statement - fname = rawData.getValue("FirstName", randomPaxIndex) + " AUT": null

2017-11-28 13:14:31 - [TEST_STEP][PASSED] - Statement - lname = rawData.getValue("LastName", randomPaxIndex): null

2017-11-28 13:14:31 - [TEST_STEP][PASSED] - Statement - pgender = rawData.getValue("Gender", randomPaxIndex): null

2017-11-28 13:14:31 - [TEST_STEP][PASSED] - Statement - pday = rawData.getValue("Day DOB", randomPaxIndex): null

2017-11-28 13:14:31 - [TEST_STEP][PASSED] - Statement - pmonth = rawData.getValue("Month DOB", randomPaxIndex): null

2017-11-28 13:14:31 - [TEST_STEP][PASSED] - Statement - pyear = rawData.getValue("Year DOB", randomPaxIndex): null

2017-11-28 13:14:31 - [TEST_STEP][PASSED] - Statement - paxDetailFields = paxInRoomXpath + "[" + j + "]/div[@class="col-md-x col-md-9"]/div[@class="row paxContainer"]/div[@class="col-md-5"]": null

2017-11-28 13:14:31 - [TEST_STEP][PASSED] - Statement - xpathval = paxDetailFields + "[1]/div[contains(@class,"form-group")]/input[@class="form-control paxFirstName"]": null

2017-11-28 13:14:31 - [TEST_STEP][PASSED] - Statement - println("fn: " + xpathval): null

2017-11-28 13:14:31 - [TEST_STEP][PASSED] - Statement - repObj = com.kms.katalon.core.testobject.ObjectRepository.findTestObject(Object Repository/PrimoTours/Old Objects/allPaxFirstNameFields): Finding Test Object with id 'Object Repository/PrimoTours/Old Objects/allPaxFirstNameFields'

2017-11-28 13:14:31 - [TEST_STEP][PASSED] - Statement - repObj.findProperty("xpath").setValue(xpathval): null

2017-11-28 13:14:31 - [TEST_STEP][PASSED] - setText: Text 'Kjellman AUT' is set on object 'Object Repository/PrimoTours/Old Objects/allPaxFirstNameFields'

2017-11-28 13:14:32 - [MESSAGE][PASSED] - Text 'Kjellman AUT' is set on object 'Object Repository/PrimoTours/Old Objects/allPaxFirstNameFields'

2017-11-28 13:14:32 - [TEST_STEP][PASSED] - Statement - xpathval = paxDetailFields + "[2]/div[contains(@class,"form-group")]/input[@class="form-control paxLastName"]": null

2017-11-28 13:14:32 - [TEST_STEP][PASSED] - Statement - println("ln: " + xpathval): null

2017-11-28 13:14:32 - [TEST_STEP][PASSED] - Statement - repObj = com.kms.katalon.core.testobject.ObjectRepository.findTestObject(Object Repository/PrimoTours/Old Objects/allPaxLastNameFields): Finding Test Object with id 'Object Repository/PrimoTours/Old Objects/allPaxLastNameFields'

2017-11-28 13:14:32 - [TEST_STEP][PASSED] - Statement - repObj.findProperty("xpath").setValue(xpathval): null

2017-11-28 13:14:32 - [TEST_STEP][PASSED] - setText: Text 'Sofie' is set on object 'Object Repository/PrimoTours/Old Objects/allPaxLastNameFields'

2017-11-28 13:14:32 - [MESSAGE][PASSED] - Text 'Sofie' is set on object 'Object Repository/PrimoTours/Old Objects/allPaxLastNameFields'

2017-11-28 13:14:32 - [TEST_STEP][PASSED] - Statement - If (i == 1 & j == 1): null

2017-11-28 13:14:32 - [TEST_STEP][PASSED] - Statement - randomPaxIndex = java.lang.Math.abs(new java.util.Random().nextInt() % excelRowNo) + 1: null

2017-11-28 13:14:32 - [TEST_STEP][PASSED] - Statement - println(randomPaxIndex): null

2017-11-28 13:14:32 - [TEST_STEP][PASSED] - Statement - fname = rawData.getValue("FirstName", randomPaxIndex) + " AUT": null

2017-11-28 13:14:32 - [TEST_STEP][PASSED] - Statement - lname = rawData.getValue("LastName", randomPaxIndex): null

2017-11-28 13:14:32 - [TEST_STEP][PASSED] - Statement - pgender = rawData.getValue("Gender", randomPaxIndex): null

2017-11-28 13:14:32 - [TEST_STEP][PASSED] - Statement - pday = rawData.getValue("Day DOB", randomPaxIndex): null

2017-11-28 13:14:32 - [TEST_STEP][PASSED] - Statement - pmonth = rawData.getValue("Month DOB", randomPaxIndex): null

2017-11-28 13:14:32 - [TEST_STEP][PASSED] - Statement - pyear = rawData.getValue("Year DOB", randomPaxIndex): null

2017-11-28 13:14:32 - [TEST_STEP][PASSED] - Statement - paxDetailFields = paxInRoomXpath + "[" + j + "]/div[@class="col-md-x col-md-9"]/div[@class="row paxContainer"]/div[@class="col-md-5"]": null

2017-11-28 13:14:32 - [TEST_STEP][PASSED] - Statement - xpathval = paxDetailFields + "[1]/div[contains(@class,"form-group")]/input[@class="form-control paxFirstName"]": null

2017-11-28 13:14:32 - [TEST_STEP][PASSED] - Statement - println("fn: " + xpathval): null

2017-11-28 13:14:32 - [TEST_STEP][PASSED] - Statement - repObj = com.kms.katalon.core.testobject.ObjectRepository.findTestObject(Object Repository/PrimoTours/Old Objects/allPaxFirstNameFields): Finding Test Object with id 'Object Repository/PrimoTours/Old Objects/allPaxFirstNameFields'

2017-11-28 13:14:32 - [TEST_STEP][PASSED] - Statement - repObj.findProperty("xpath").setValue(xpathval): null

2017-11-28 13:14:32 - [TEST_STEP][PASSED] - setText: Text 'Christensen AUT' is set on object 'Object Repository/PrimoTours/Old Objects/allPaxFirstNameFields'

2017-11-28 13:14:32 - [MESSAGE][PASSED] - Text 'Christensen AUT' is set on object 'Object Repository/PrimoTours/Old Objects/allPaxFirstNameFields'

2017-11-28 13:14:32 - [TEST_STEP][PASSED] - Statement - xpathval = paxDetailFields + "[2]/div[contains(@class,"form-group")]/input[@class="form-control paxLastName"]": null

2017-11-28 13:14:32 - [TEST_STEP][PASSED] - Statement - println("ln: " + xpathval): null

2017-11-28 13:14:32 - [TEST_STEP][PASSED] - Statement - repObj = com.kms.katalon.core.testobject.ObjectRepository.findTestObject(Object Repository/PrimoTours/Old Objects/allPaxLastNameFields): Finding Test Object with id 'Object Repository/PrimoTours/Old Objects/allPaxLastNameFields'

2017-11-28 13:14:32 - [TEST_STEP][PASSED] - Statement - repObj.findProperty("xpath").setValue(xpathval): null

2017-11-28 13:14:32 - [TEST_STEP][PASSED] - setText: Text 'Michael' is set on object 'Object Repository/PrimoTours/Old Objects/allPaxLastNameFields'

2017-11-28 13:14:32 - [MESSAGE][PASSED] - Text 'Michael' is set on object 'Object Repository/PrimoTours/Old Objects/allPaxLastNameFields'

2017-11-28 13:14:32 - [TEST_STEP][PASSED] - scrollToElement: Scroll to object 'Object Repository/PrimoTours/Old Objects/Coco (1)/PrimoT/SaveBooking2/Success/bookingTotalValue' successfully

2017-11-28 13:14:32 - [MESSAGE][PASSED] - Scroll to object 'Object Repository/PrimoTours/Old Objects/Coco (1)/PrimoT/SaveBooking2/Success/bookingTotalValue' successfully

2017-11-28 13:14:32 - [TEST_STEP][PASSED] - click: Object: 'Object Repository/PrimoTours/Old Objects/Coco (1)/PrimoT/SaveBooking2/Success/bookingTotalValue' is clicked on

2017-11-28 13:14:32 - [MESSAGE][PASSED] - Object: 'Object Repository/PrimoTours/Old Objects/Coco (1)/PrimoT/SaveBooking2/Success/bookingTotalValue' is clicked on

2017-11-28 13:14:32 - [TEST_STEP][PASSED] - scrollToElement: Scroll to object 'Object Repository/PrimoTours/Old Objects/Coco (1)/PrimoT/SaveBooking2/Success/Page_Primo Tours  Danmarks bedste c/i_fa fa-arrow-circle-right' successfully

2017-11-28 13:14:32 - [MESSAGE][PASSED] - Scroll to object 'Object Repository/PrimoTours/Old Objects/Coco (1)/PrimoT/SaveBooking2/Success/Page_Primo Tours  Danmarks bedste c/i_fa fa-arrow-circle-right' successfully

2017-11-28 13:14:32 - [TEST_STEP][PASSED] - waitForElementClickable: Object 'Object Repository/PrimoTours/Old Objects/Coco (1)/PrimoT/SaveBooking2/Success/Page_Primo Tours  Danmarks bedste c/i_fa fa-arrow-circle-right' is clickable

2017-11-28 13:14:33 - [MESSAGE][PASSED] - Object 'Object Repository/PrimoTours/Old Objects/Coco (1)/PrimoT/SaveBooking2/Success/Page_Primo Tours  Danmarks bedste c/i_fa fa-arrow-circle-right' is clickable

2017-11-28 13:14:33 - [TEST_STEP][PASSED] - waitForElementVisible: Object 'Object Repository/PrimoTours/Old Objects/Coco (1)/PrimoT/SaveBooking2/Success/Page_Primo Tours  Danmarks bedste c/i_fa fa-arrow-circle-right' is visible

2017-11-28 13:14:33 - [MESSAGE][PASSED] - Object 'Object Repository/PrimoTours/Old Objects/Coco (1)/PrimoT/SaveBooking2/Success/Page_Primo Tours  Danmarks bedste c/i_fa fa-arrow-circle-right' is visible

2017-11-28 13:14:33 - [TEST_STEP][PASSED] - scrollToElement: Scroll to object 'Object Repository/PrimoTours/Old Objects/Coco (1)/PrimoT/SaveBooking2/Success/Page_Primo Tours  Danmarks bedste c/i_fa fa-arrow-circle-right' successfully

2017-11-28 13:14:33 - [MESSAGE][PASSED] - Scroll to object 'Object Repository/PrimoTours/Old Objects/Coco (1)/PrimoT/SaveBooking2/Success/Page_Primo Tours  Danmarks bedste c/i_fa fa-arrow-circle-right' successfully

2017-11-28 13:14:33 - [TEST_STEP][PASSED] - click: Object: 'Object Repository/PrimoTours/Old Objects/Coco (1)/PrimoT/SaveBooking2/Success/Page_Primo Tours  Danmarks bedste c/i_fa fa-arrow-circle-right' is clicked on

2017-11-28 13:14:33 - [MESSAGE][PASSED] - Object: 'Object Repository/PrimoTours/Old Objects/Coco (1)/PrimoT/SaveBooking2/Success/Page_Primo Tours  Danmarks bedste c/i_fa fa-arrow-circle-right' is clicked on

2017-11-28 13:14:33 - [TEST_STEP][PASSED] - waitForElementNotVisible: Object 'Object Repository/PrimoTours/Old Objects/CCenter/pageLoaderOverlayLayer' is NOT visible

2017-11-28 13:14:35 - [MESSAGE][PASSED] - Object 'Object Repository/PrimoTours/Old Objects/CCenter/pageLoaderOverlayLayer' is NOT visible

2017-11-28 13:14:35 - [TEST_STEP][PASSED] - scrollToElement: Scroll to object 'Object Repository/PrimoTours/Old Objects/Coco/PrimoT/Ins2/Page_Primo Tours  Danmarks bedste c/span_Vlg forsikring' successfully

2017-11-28 13:14:35 - [MESSAGE][PASSED] - Scroll to object 'Object Repository/PrimoTours/Old Objects/Coco/PrimoT/Ins2/Page_Primo Tours  Danmarks bedste c/span_Vlg forsikring' successfully

2017-11-28 13:14:35 - [TEST_STEP][PASSED] - waitForElementPresent: Object 'Object Repository/PrimoTours/Old Objects/Coco/PrimoT/Ins2/Page_Primo Tours  Danmarks bedste c/span_Vlg forsikring' is present

2017-11-28 13:14:35 - [MESSAGE][PASSED] - Object 'Object Repository/PrimoTours/Old Objects/Coco/PrimoT/Ins2/Page_Primo Tours  Danmarks bedste c/span_Vlg forsikring' is present

2017-11-28 13:14:35 - [TEST_STEP][PASSED] - waitForElementVisible: Object 'Object Repository/PrimoTours/Old Objects/Coco/PrimoT/Ins2/Page_Primo Tours  Danmarks bedste c/span_Vlg forsikring' is visible

2017-11-28 13:14:35 - [MESSAGE][PASSED] - Object 'Object Repository/PrimoTours/Old Objects/Coco/PrimoT/Ins2/Page_Primo Tours  Danmarks bedste c/span_Vlg forsikring' is visible

2017-11-28 13:14:35 - [TEST_STEP][PASSED] - waitForElementClickable: Object 'Object Repository/PrimoTours/Old Objects/Coco/PrimoT/Ins2/Page_Primo Tours  Danmarks bedste c/span_Vlg forsikring' is clickable

2017-11-28 13:14:35 - [MESSAGE][PASSED] - Object 'Object Repository/PrimoTours/Old Objects/Coco/PrimoT/Ins2/Page_Primo Tours  Danmarks bedste c/span_Vlg forsikring' is clickable

2017-11-28 13:14:35 - [TEST_STEP][PASSED] - click: Object: 'Object Repository/PrimoTours/Old Objects/Coco/PrimoT/Ins2/Page_Primo Tours  Danmarks bedste c/span_Vlg forsikring' is clicked on

2017-11-28 13:14:35 - [MESSAGE][PASSED] - Object: 'Object Repository/PrimoTours/Old Objects/Coco/PrimoT/Ins2/Page_Primo Tours  Danmarks bedste c/span_Vlg forsikring' is clicked on

2017-11-28 13:14:35 - [TEST_STEP][PASSED] - click: Object: 'Object Repository/PrimoTours/Old Objects/Coco/PrimoT/Ins2/Page_Primo Tours  Danmarks bedste c/li_Har selv forsikring - kr. 0' is clicked on

2017-11-28 13:14:36 - [MESSAGE][PASSED] - Object: 'Object Repository/PrimoTours/Old Objects/Coco/PrimoT/Ins2/Page_Primo Tours  Danmarks bedste c/li_Har selv forsikring - kr. 0' is clicked on

2017-11-28 13:14:36 - [TEST_STEP][NOT_RUN] - click: NOT_RUN: click

2017-11-28 13:14:36 - [MESSAGE][NOT_RUN] - NOT_RUN: click

2017-11-28 13:14:36 - [TEST_STEP][NOT_RUN] - scrollToElement: NOT_RUN: scrollToElement

2017-11-28 13:14:36 - [MESSAGE][NOT_RUN] - NOT_RUN: scrollToElement

2017-11-28 13:14:36 - [TEST_STEP][NOT_RUN] - click: NOT_RUN: click

2017-11-28 13:14:36 - [MESSAGE][NOT_RUN] - NOT_RUN: click

2017-11-28 13:14:36 - [TEST_STEP][PASSED] - waitForElementVisible: Object 'Object Repository/PrimoTours/Old Objects/Coco (1)/PrimoT/SaveBooking2/Page_Primo Tours  Danmarks bedste c/individualInsuranceCheckbox' is visible

2017-11-28 13:14:36 - [MESSAGE][PASSED] - Object 'Object Repository/PrimoTours/Old Objects/Coco (1)/PrimoT/SaveBooking2/Page_Primo Tours  Danmarks bedste c/individualInsuranceCheckbox' is visible

2017-11-28 13:14:36 - [TEST_STEP][PASSED] - scrollToElement: Scroll to object 'Object Repository/PrimoTours/Old Objects/Coco (1)/PrimoT/SaveBooking2/Page_Primo Tours  Danmarks bedste c/individualInsuranceCheckbox' successfully

2017-11-28 13:14:36 - [MESSAGE][PASSED] - Scroll to object 'Object Repository/PrimoTours/Old Objects/Coco (1)/PrimoT/SaveBooking2/Page_Primo Tours  Danmarks bedste c/individualInsuranceCheckbox' successfully

2017-11-28 13:14:36 - [TEST_STEP][PASSED] - click: Object: 'Object Repository/PrimoTours/Old Objects/Coco (1)/PrimoT/SaveBooking2/Page_Primo Tours  Danmarks bedste c/individualInsuranceCheckbox' is clicked on

2017-11-28 13:14:36 - [MESSAGE][PASSED] - Object: 'Object Repository/PrimoTours/Old Objects/Coco (1)/PrimoT/SaveBooking2/Page_Primo Tours  Danmarks bedste c/individualInsuranceCheckbox' is clicked on

2017-11-28 13:14:36 - [TEST_STEP][PASSED] - scrollToElement: Scroll to object 'Object Repository/PrimoTours/Old Objects/Coco (1)/PrimoT/SaveBooking2/Success/firstProdCategIndividualSelectionRadioB' successfully

2017-11-28 13:14:36 - [MESSAGE][PASSED] - Scroll to object 'Object Repository/PrimoTours/Old Objects/Coco (1)/PrimoT/SaveBooking2/Success/firstProdCategIndividualSelectionRadioB' successfully

2017-11-28 13:14:36 - [TEST_STEP][PASSED] - waitForElementClickable: Object 'Object Repository/PrimoTours/Old Objects/Coco (1)/PrimoT/SaveBooking2/Success/firstProdCategIndividualSelectionRadioB' is clickable

2017-11-28 13:14:36 - [MESSAGE][PASSED] - Object 'Object Repository/PrimoTours/Old Objects/Coco (1)/PrimoT/SaveBooking2/Success/firstProdCategIndividualSelectionRadioB' is clickable

2017-11-28 13:14:36 - [TEST_STEP][PASSED] - scrollToElement: Scroll to object 'Object Repository/PrimoTours/Old Objects/Coco (1)/PrimoT/SaveBooking2/Success/firstProdCategIndividualSelectionRadioB' successfully

2017-11-28 13:14:36 - [MESSAGE][PASSED] - Scroll to object 'Object Repository/PrimoTours/Old Objects/Coco (1)/PrimoT/SaveBooking2/Success/firstProdCategIndividualSelectionRadioB' successfully

2017-11-28 13:14:36 - [TEST_STEP][PASSED] - click: Object: 'Object Repository/PrimoTours/Old Objects/Coco (1)/PrimoT/SaveBooking2/Success/firstProdCategIndividualSelectionRadioB' is clicked on

2017-11-28 13:14:36 - [MESSAGE][PASSED] - Object: 'Object Repository/PrimoTours/Old Objects/Coco (1)/PrimoT/SaveBooking2/Success/firstProdCategIndividualSelectionRadioB' is clicked on

2017-11-28 13:14:36 - [TEST_STEP][PASSED] - scrollToElement: Scroll to object 'Object Repository/PrimoTours/Old Objects/Coco (1)/PrimoT/SaveBooking2/Success/firstProdCategSelectForAllPaxCheckbox' successfully

2017-11-28 13:14:36 - [MESSAGE][PASSED] - Scroll to object 'Object Repository/PrimoTours/Old Objects/Coco (1)/PrimoT/SaveBooking2/Success/firstProdCategSelectForAllPaxCheckbox' successfully

2017-11-28 13:14:36 - [TEST_STEP][PASSED] - waitForElementClickable: Object 'Object Repository/PrimoTours/Old Objects/Coco (1)/PrimoT/SaveBooking2/Success/firstProdCategSelectForAllPaxCheckbox' is clickable

2017-11-28 13:14:36 - [MESSAGE][PASSED] - Object 'Object Repository/PrimoTours/Old Objects/Coco (1)/PrimoT/SaveBooking2/Success/firstProdCategSelectForAllPaxCheckbox' is clickable

2017-11-28 13:14:36 - [TEST_STEP][PASSED] - click: Object: 'Object Repository/PrimoTours/Old Objects/Coco (1)/PrimoT/SaveBooking2/Success/firstProdCategSelectForAllPaxCheckbox' is clicked on

2017-11-28 13:14:37 - [MESSAGE][PASSED] - Object: 'Object Repository/PrimoTours/Old Objects/Coco (1)/PrimoT/SaveBooking2/Success/firstProdCategSelectForAllPaxCheckbox' is clicked on

2017-11-28 13:14:37 - [TEST_STEP][NOT_RUN] - scrollToElement: NOT_RUN: scrollToElement

2017-11-28 13:14:37 - [MESSAGE][NOT_RUN] - NOT_RUN: scrollToElement

2017-11-28 13:14:37 - [TEST_STEP][NOT_RUN] - scrollToElement: NOT_RUN: scrollToElement

2017-11-28 13:14:37 - [MESSAGE][NOT_RUN] - NOT_RUN: scrollToElement

2017-11-28 13:14:37 - [TEST_STEP][NOT_RUN] - click: NOT_RUN: click

2017-11-28 13:14:37 - [MESSAGE][NOT_RUN] - NOT_RUN: click

2017-11-28 13:14:37 - [TEST_STEP][PASSED] - scrollToElement: Scroll to object 'Object Repository/PrimoTours/Old Objects/Coco (1)/PrimoT/SaveBooking2/Success/acceptTermsCheckbox' successfully

2017-11-28 13:14:37 - [MESSAGE][PASSED] - Scroll to object 'Object Repository/PrimoTours/Old Objects/Coco (1)/PrimoT/SaveBooking2/Success/acceptTermsCheckbox' successfully

2017-11-28 13:14:37 - [TEST_STEP][PASSED] - click: Object: 'Object Repository/PrimoTours/Old Objects/Coco (1)/PrimoT/SaveBooking2/Success/acceptTermsCheckbox' is clicked on

2017-11-28 13:14:37 - [MESSAGE][PASSED] - Object: 'Object Repository/PrimoTours/Old Objects/Coco (1)/PrimoT/SaveBooking2/Success/acceptTermsCheckbox' is clicked on

2017-11-28 13:14:37 - [TEST_STEP][PASSED] - waitForElementClickable: Object 'Object Repository/PrimoTours/Old Objects/Coco (1)/PrimoT/SaveBooking2/Page_Primo Tours  Danmarks bedste c/a_btn btn-success col-xs-12 st' is clickable

2017-11-28 13:14:37 - [MESSAGE][PASSED] - Object 'Object Repository/PrimoTours/Old Objects/Coco (1)/PrimoT/SaveBooking2/Page_Primo Tours  Danmarks bedste c/a_btn btn-success col-xs-12 st' is clickable

2017-11-28 13:14:37 - [TEST_STEP][PASSED] - scrollToElement: Scroll to object 'Object Repository/PrimoTours/Old Objects/Coco (1)/PrimoT/SaveBooking2/Page_Primo Tours  Danmarks bedste c/a_btn btn-success col-xs-12 st' successfully

2017-11-28 13:14:38 - [MESSAGE][PASSED] - Scroll to object 'Object Repository/PrimoTours/Old Objects/Coco (1)/PrimoT/SaveBooking2/Page_Primo Tours  Danmarks bedste c/a_btn btn-success col-xs-12 st' successfully

2017-11-28 13:14:38 - [TEST_STEP][PASSED] - click: Object: 'Object Repository/PrimoTours/Old Objects/Coco (1)/PrimoT/SaveBooking2/Page_Primo Tours  Danmarks bedste c/a_btn btn-success col-xs-12 st' is clicked on

2017-11-28 13:14:38 - [MESSAGE][PASSED] - Object: 'Object Repository/PrimoTours/Old Objects/Coco (1)/PrimoT/SaveBooking2/Page_Primo Tours  Danmarks bedste c/a_btn btn-success col-xs-12 st' is clicked on

2017-11-28 13:14:38 - [TEST_STEP][PASSED] - waitForPageLoad: Wait for page load successfully

2017-11-28 13:14:38 - [MESSAGE][PASSED] - Wait for page load successfully

2017-11-28 13:14:38 - [TEST_STEP][PASSED] - waitForJQueryLoad: jQuery is ready.

2017-11-28 13:14:38 - [MESSAGE][PASSED] - jQuery is ready.

2017-11-28 13:14:38 - [TEST_STEP][PASSED] - waitForElementPresent: Object 'Object Repository/PrimoTours/Old Objects/CCenter/pageLoaderOverlayLayer' is present

2017-11-28 13:14:38 - [MESSAGE][PASSED] - Object 'Object Repository/PrimoTours/Old Objects/CCenter/pageLoaderOverlayLayer' is present

2017-11-28 13:14:38 - [TEST_STEP][FAILED] - waitForElementNotVisible: Unable to wait for object 'Object Repository/PrimoTours/Old Objects/CCenter/pageLoaderOverlayLayer' to be NOT visible (Root cause: org.openqa.selenium.StaleElementReferenceException: stale element reference: element is not attached to the page document
  (Session info: chrome=62.0.3202.94)
  (Driver info: chromedriver=2.33.506120 (e3e53437346286c0bc2d2dc9aa4915ba81d9023f),platform=Windows NT 6.3.9600 x86_64) (WARNING: The server did not provide any stacktrace information)
Command duration or timeout: 0 milliseconds
For documentation on this error, please visit: http://seleniumhq.org/exceptions/stale_element_reference.html
Build info: version: '3.7.1', revision: '8a0099a', time: '2017-11-06T21:07:36.161Z'
System info: host: 'NEACSUNEW-PC', ip: '10.10.10.211', os.name: 'Windows 8.1', os.arch: 'amd64', os.version: '6.3', java.version: '1.8.0_102'
Driver info: com.kms.katalon.selenium.driver.CChromeDriver
Capabilities {acceptSslCerts: true, applicationCacheEnabled: false, browserConnectionEnabled: false, browserName: chrome, chrome: {chromedriverVersion: 2.33.506120 (e3e53437346286..., userDataDir: C:\Users\Cornel\AppData\Loc...}, cssSelectorsEnabled: true, databaseEnabled: false, handlesAlerts: true, hasTouchScreen: false, javascriptEnabled: true, locationContextEnabled: true, mobileEmulationEnabled: false, nativeEvents: true, networkConnectionEnabled: false, pageLoadStrategy: normal, platform: XP, platformName: XP, rotatable: false, setWindowRect: true, takesHeapSnapshot: true, takesScreenshot: true, unexpectedAlertBehaviour: , unhandledPromptBehavior: , version: 62.0.3202.94, webStorageEnabled: true}
Session ID: 9ef66dbb695d446f46196b47cacfe95b)

2017-11-28 13:14:45 - [MESSAGE][FAILED] - Unable to wait for object 'Object Repository/PrimoTours/Old Objects/CCenter/pageLoaderOverlayLayer' to be NOT visible (Root cause: org.openqa.selenium.StaleElementReferenceException: stale element reference: element is not attached to the page document
  (Session info: chrome=62.0.3202.94)
  (Driver info: chromedriver=2.33.506120 (e3e53437346286c0bc2d2dc9aa4915ba81d9023f),platform=Windows NT 6.3.9600 x86_64) (WARNING: The server did not provide any stacktrace information)
Command duration or timeout: 0 milliseconds
For documentation on this error, please visit: http://seleniumhq.org/exceptions/stale_element_reference.html
Build info: version: '3.7.1', revision: '8a0099a', time: '2017-11-06T21:07:36.161Z'
System info: host: 'NEACSUNEW-PC', ip: '10.10.10.211', os.name: 'Windows 8.1', os.arch: 'amd64', os.version: '6.3', java.version: '1.8.0_102'
Driver info: com.kms.katalon.selenium.driver.CChromeDriver
Capabilities {acceptSslCerts: true, applicationCacheEnabled: false, browserConnectionEnabled: false, browserName: chrome, chrome: {chromedriverVersion: 2.33.506120 (e3e53437346286..., userDataDir: C:\Users\Cornel\AppData\Loc...}, cssSelectorsEnabled: true, databaseEnabled: false, handlesAlerts: true, hasTouchScreen: false, javascriptEnabled: true, locationContextEnabled: true, mobileEmulationEnabled: false, nativeEvents: true, networkConnectionEnabled: false, pageLoadStrategy: normal, platform: XP, platformName: XP, rotatable: false, setWindowRect: true, takesHeapSnapshot: true, takesScreenshot: true, unexpectedAlertBehaviour: , unhandledPromptBehavior: , version: 62.0.3202.94, webStorageEnabled: true}
Session ID: 9ef66dbb695d446f46196b47cacfe95b)
[[ATTACHMENT|D:\\Software testing\\Tourpaq\\Automated Katalon tests\\Primo WB test\\Reports\\WB Primo From Excel URLs\\20171128_131240\\1511867684702.png]]]]></system-out>
         <system-err><![CDATA[2017-11-28 13:14:16 - [TEST_CASE][FAILED] - Test Cases/PrimoTours/WB Primo/WB Primo staging - place booking - Iteration 6: Test Cases/PrimoTours/WB Primo/WB Primo staging - place booking FAILED because (of) Unable to wait for object 'Object Repository/PrimoTours/Old Objects/CCenter/pageLoaderOverlayLayer' to be NOT visible (Root cause: org.openqa.selenium.StaleElementReferenceException: stale element reference: element is not attached to the page document
  (Session info: chrome=62.0.3202.94)
  (Driver info: chromedriver=2.33.506120 (e3e53437346286c0bc2d2dc9aa4915ba81d9023f),platform=Windows NT 6.3.9600 x86_64) (WARNING: The server did not provide any stacktrace information)
Command duration or timeout: 0 milliseconds
For documentation on this error, please visit: http://seleniumhq.org/exceptions/stale_element_reference.html
Build info: version: '3.7.1', revision: '8a0099a', time: '2017-11-06T21:07:36.161Z'
System info: host: 'NEACSUNEW-PC', ip: '10.10.10.211', os.name: 'Windows 8.1', os.arch: 'amd64', os.version: '6.3', java.version: '1.8.0_102'
Driver info: com.kms.katalon.selenium.driver.CChromeDriver
Capabilities {acceptSslCerts: true, applicationCacheEnabled: false, browserConnectionEnabled: false, browserName: chrome, chrome: {chromedriverVersion: 2.33.506120 (e3e53437346286..., userDataDir: C:\Users\Cornel\AppData\Loc...}, cssSelectorsEnabled: true, databaseEnabled: false, handlesAlerts: true, hasTouchScreen: false, javascriptEnabled: true, locationContextEnabled: true, mobileEmulationEnabled: false, nativeEvents: true, networkConnectionEnabled: false, pageLoadStrategy: normal, platform: XP, platformName: XP, rotatable: false, setWindowRect: true, takesHeapSnapshot: true, takesScreenshot: true, unexpectedAlertBehaviour: , unhandledPromptBehavior: , version: 62.0.3202.94, webStorageEnabled: true}
Session ID: 9ef66dbb695d446f46196b47cacfe95b)]]></system-err>
      </testcase>
      <testcase name="Test Cases/PrimoTours/WB Primo/WB Primo staging - place booking - Iteration 7" classname="Test Cases/PrimoTours/WB Primo/WB Primo staging - place booking" status="FAILED">
         <failure type="FAILED" message="Test Cases/PrimoTours/WB Primo/WB Primo staging - place booking FAILED because (of) Unable to click on object 'Object Repository/PrimoTours/Old Objects/Coco/PrimoT/Ins2/Page_Primo Tours  Danmarks bedste c/li_Har selv forsikring - kr. 0' (Root cause: com.kms.katalon.core.webui.exception.WebElementNotFoundException: Web element with id: 'Object Repository/PrimoTours/Old Objects/Coco/PrimoT/Ins2/Page_Primo Tours  Danmarks bedste c/li_Har selv forsikring - kr. 0' located by 'By.xpath: //*[@class = 'select2-results__option'][1]' not found)"/>
         <system-out><![CDATA[2017-11-28 13:14:45 - [TEST_CASE][FAILED] - Test Cases/PrimoTours/WB Primo/WB Primo staging - place booking - Iteration 7: Test Cases/PrimoTours/WB Primo/WB Primo staging - place booking FAILED because (of) Unable to click on object 'Object Repository/PrimoTours/Old Objects/Coco/PrimoT/Ins2/Page_Primo Tours  Danmarks bedste c/li_Har selv forsikring - kr. 0' (Root cause: com.kms.katalon.core.webui.exception.WebElementNotFoundException: Web element with id: 'Object Repository/PrimoTours/Old Objects/Coco/PrimoT/Ins2/Page_Primo Tours  Danmarks bedste c/li_Har selv forsikring - kr. 0' located by 'By.xpath: //*[@class = 'select2-results__option'][1]' not found)

2017-11-28 13:14:45 - [TEST_STEP][PASSED] - openBrowser: Browser is opened with url: ''

2017-11-28 13:14:45 - [MESSAGE][WARNING] - A browser is already opened. Closing browser and opening a new one

2017-11-28 13:14:47 - [MESSAGE][PASSED] - Browser is opened with url: ''

2017-11-28 13:14:47 - [TEST_STEP][PASSED] - maximizeWindow: Current window maximized

2017-11-28 13:14:49 - [MESSAGE][PASSED] - Current window maximized

2017-11-28 13:14:49 - [TEST_STEP][PASSED] - navigateToUrl: Navigate to 'https://staging-primotours-webbooking.tourpaq.com/DoBooking.aspx?pltaID=1480269,1480294,1480269&p=2&rno=1,1,1&pt=1,1,2&a=2,2,2&c=2,2,0&aa=&ca=1,4|0,5|' successfully

2017-11-28 13:14:51 - [MESSAGE][PASSED] - Navigate to 'https://staging-primotours-webbooking.tourpaq.com/DoBooking.aspx?pltaID=1480269,1480294,1480269&p=2&rno=1,1,1&pt=1,1,2&a=2,2,2&c=2,2,0&aa=&ca=1,4|0,5|' successfully

2017-11-28 13:14:51 - [TEST_STEP][PASSED] - setText: Text 'Pedersen AUT' is set on object 'Object Repository/PrimoTours/Old Objects/Coco/PrimoT/Page_Primo Tours  Danmarks bedste c/input_firstName'

2017-11-28 13:14:51 - [MESSAGE][PASSED] - Text 'Pedersen AUT' is set on object 'Object Repository/PrimoTours/Old Objects/Coco/PrimoT/Page_Primo Tours  Danmarks bedste c/input_firstName'

2017-11-28 13:14:51 - [TEST_STEP][PASSED] - setText: Text 'Vibe Dalby' is set on object 'Object Repository/PrimoTours/Old Objects/Coco/PrimoT/Page_Primo Tours  Danmarks bedste c/input_lastName'

2017-11-28 13:14:52 - [MESSAGE][PASSED] - Text 'Vibe Dalby' is set on object 'Object Repository/PrimoTours/Old Objects/Coco/PrimoT/Page_Primo Tours  Danmarks bedste c/input_lastName'

2017-11-28 13:14:52 - [TEST_STEP][PASSED] - setText: Text 'Home address' is set on object 'Object Repository/PrimoTours/Old Objects/Coco/PrimoT/Page_Primo Tours  Danmarks bedste c/input_customerAddress'

2017-11-28 13:14:52 - [MESSAGE][PASSED] - Text 'Home address' is set on object 'Object Repository/PrimoTours/Old Objects/Coco/PrimoT/Page_Primo Tours  Danmarks bedste c/input_customerAddress'

2017-11-28 13:14:52 - [TEST_STEP][PASSED] - setText: Text '6700' is set on object 'Object Repository/PrimoTours/Old Objects/Coco/PrimoT/Page_Primo Tours  Danmarks bedste c/input_customerPostcode'

2017-11-28 13:14:52 - [MESSAGE][PASSED] - Text '6700' is set on object 'Object Repository/PrimoTours/Old Objects/Coco/PrimoT/Page_Primo Tours  Danmarks bedste c/input_customerPostcode'

2017-11-28 13:14:52 - [TEST_STEP][PASSED] - setText: Text 'cornel.neacsu@roweb.ro' is set on object 'Object Repository/PrimoTours/Old Objects/Coco/PrimoT/Page_Primo Tours  Danmarks bedste c/input_customerEmail'

2017-11-28 13:14:52 - [MESSAGE][PASSED] - Text 'cornel.neacsu@roweb.ro' is set on object 'Object Repository/PrimoTours/Old Objects/Coco/PrimoT/Page_Primo Tours  Danmarks bedste c/input_customerEmail'

2017-11-28 13:14:52 - [TEST_STEP][PASSED] - setText: Text '12345678' is set on object 'Object Repository/PrimoTours/Old Objects/Coco/PrimoT/Page_Primo Tours  Danmarks bedste c/input_customerPhone'

2017-11-28 13:14:53 - [MESSAGE][PASSED] - Text '12345678' is set on object 'Object Repository/PrimoTours/Old Objects/Coco/PrimoT/Page_Primo Tours  Danmarks bedste c/input_customerPhone'

2017-11-28 13:14:53 - [TEST_STEP][PASSED] - Statement - excelInfo = ["fname":"", "lname":"", "pgender":"", "pday":"", "pmonth":"", "pyear":""]: null

2017-11-28 13:14:53 - [TEST_STEP][PASSED] - Statement - rawData = com.kms.katalon.core.testdata.TestDataFactory.findTestData("Data Files/WB_Primo/Passenger_details"): Reading excel file with source file 'D:\Software testing\Tourpaq\Automated Katalon tests\Primo WB test\Data Files\Primo_URLs_For_Automated_Test.xls' and sheet name 'Passenger Names'

2017-11-28 13:14:53 - [TEST_STEP][PASSED] - Statement - excelRowNo = rawData.getRowNumbers(): null

2017-11-28 13:14:53 - [TEST_STEP][PASSED] - Statement - randomPaxIndex = 1: null

2017-11-28 13:14:53 - [TEST_STEP][PASSED] - waitForElementClickable: Object 'Object Repository/PrimoTours/Old Objects/Coco/PrimoT/Page_Primo Tours  Danmarks bedste c/input_firstname-0_1' is clickable

2017-11-28 13:14:55 - [MESSAGE][PASSED] - Object 'Object Repository/PrimoTours/Old Objects/Coco/PrimoT/Page_Primo Tours  Danmarks bedste c/input_firstname-0_1' is clickable

2017-11-28 13:14:55 - [TEST_STEP][PASSED] - Statement - driver = com.kms.katalon.core.webui.driver.DriverFactory.getWebDriver(): null

2017-11-28 13:14:55 - [TEST_STEP][PASSED] - Statement - roomContainerXpath = "id("booking")/div[@class="wrapper second-bg"]/div[contains(@class,"container-mx")]/div[@class="row"]/div[@class="col-md-12 roomContainer"]": null

2017-11-28 13:14:55 - [TEST_STEP][PASSED] - Statement - roomsCount = driver.findElements(org.openqa.selenium.By.xpath(roomContainerXpath)).size(): null

2017-11-28 13:14:55 - [TEST_STEP][PASSED] - Statement - println("roomsCount=" + roomsCount): null

2017-11-28 13:14:55 - [TEST_STEP][PASSED] - Statement - For ([i = 1, i <= roomsCount, (i++)]): Text 'Claes' is set on object 'Object Repository/PrimoTours/Old Objects/allPaxLastNameFields'

2017-11-28 13:14:55 - [TEST_STEP][PASSED] - Statement - paxInRoomXpath = roomContainerXpath + "[" + i + "]/div[@class="row"]/div[@class="col-md-12"]/div[@class="row"]": null

2017-11-28 13:14:55 - [TEST_STEP][PASSED] - Statement - paxInRoomCount = driver.findElements(org.openqa.selenium.By.xpath(paxInRoomXpath)).size(): null

2017-11-28 13:14:55 - [TEST_STEP][PASSED] - Statement - println("paxInRoomCount=" + paxInRoomCount): null

2017-11-28 13:14:55 - [TEST_STEP][PASSED] - Statement - For ([j = 1, j <= paxInRoomCount, (j++)]): Text 'Mike Lykke' is set on object 'Object Repository/PrimoTours/Old Objects/allPaxLastNameFields'

2017-11-28 13:14:55 - [TEST_STEP][PASSED] - Statement - If (i == 1 & j == 1): null

2017-11-28 13:14:55 - [TEST_STEP][PASSED] - Statement - <not implemented yet for class: org.codehaus.groovy.ast.stmt.ContinueStatement>: null

2017-11-28 13:14:55 - [TEST_STEP][PASSED] - Statement - If (i == 1 & j == 1): null

2017-11-28 13:14:55 - [TEST_STEP][PASSED] - Statement - randomPaxIndex = java.lang.Math.abs(new java.util.Random().nextInt() % excelRowNo) + 1: null

2017-11-28 13:14:55 - [TEST_STEP][PASSED] - Statement - println(randomPaxIndex): null

2017-11-28 13:14:55 - [TEST_STEP][PASSED] - Statement - fname = rawData.getValue("FirstName", randomPaxIndex) + " AUT": null

2017-11-28 13:14:55 - [TEST_STEP][PASSED] - Statement - lname = rawData.getValue("LastName", randomPaxIndex): null

2017-11-28 13:14:55 - [TEST_STEP][PASSED] - Statement - pgender = rawData.getValue("Gender", randomPaxIndex): null

2017-11-28 13:14:55 - [TEST_STEP][PASSED] - Statement - pday = rawData.getValue("Day DOB", randomPaxIndex): null

2017-11-28 13:14:55 - [TEST_STEP][PASSED] - Statement - pmonth = rawData.getValue("Month DOB", randomPaxIndex): null

2017-11-28 13:14:55 - [TEST_STEP][PASSED] - Statement - pyear = rawData.getValue("Year DOB", randomPaxIndex): null

2017-11-28 13:14:55 - [TEST_STEP][PASSED] - Statement - paxDetailFields = paxInRoomXpath + "[" + j + "]/div[@class="col-md-x col-md-9"]/div[@class="row paxContainer"]/div[@class="col-md-5"]": null

2017-11-28 13:14:55 - [TEST_STEP][PASSED] - Statement - xpathval = paxDetailFields + "[1]/div[contains(@class,"form-group")]/input[@class="form-control paxFirstName"]": null

2017-11-28 13:14:55 - [TEST_STEP][PASSED] - Statement - println("fn: " + xpathval): null

2017-11-28 13:14:55 - [TEST_STEP][PASSED] - Statement - repObj = com.kms.katalon.core.testobject.ObjectRepository.findTestObject(Object Repository/PrimoTours/Old Objects/allPaxFirstNameFields): Finding Test Object with id 'Object Repository/PrimoTours/Old Objects/allPaxFirstNameFields'

2017-11-28 13:14:55 - [TEST_STEP][PASSED] - Statement - repObj.findProperty("xpath").setValue(xpathval): null

2017-11-28 13:14:55 - [TEST_STEP][PASSED] - setText: Text 'Oldenstedt-Larsen AUT' is set on object 'Object Repository/PrimoTours/Old Objects/allPaxFirstNameFields'

2017-11-28 13:14:56 - [MESSAGE][PASSED] - Text 'Oldenstedt-Larsen AUT' is set on object 'Object Repository/PrimoTours/Old Objects/allPaxFirstNameFields'

2017-11-28 13:14:56 - [TEST_STEP][PASSED] - Statement - xpathval = paxDetailFields + "[2]/div[contains(@class,"form-group")]/input[@class="form-control paxLastName"]": null

2017-11-28 13:14:56 - [TEST_STEP][PASSED] - Statement - println("ln: " + xpathval): null

2017-11-28 13:14:56 - [TEST_STEP][PASSED] - Statement - repObj = com.kms.katalon.core.testobject.ObjectRepository.findTestObject(Object Repository/PrimoTours/Old Objects/allPaxLastNameFields): Finding Test Object with id 'Object Repository/PrimoTours/Old Objects/allPaxLastNameFields'

2017-11-28 13:14:56 - [TEST_STEP][PASSED] - Statement - repObj.findProperty("xpath").setValue(xpathval): null

2017-11-28 13:14:56 - [TEST_STEP][PASSED] - setText: Text 'Anne Katrine' is set on object 'Object Repository/PrimoTours/Old Objects/allPaxLastNameFields'

2017-11-28 13:14:56 - [MESSAGE][PASSED] - Text 'Anne Katrine' is set on object 'Object Repository/PrimoTours/Old Objects/allPaxLastNameFields'

2017-11-28 13:14:56 - [TEST_STEP][PASSED] - Statement - If (i == 1 & j == 1): null

2017-11-28 13:14:56 - [TEST_STEP][PASSED] - Statement - randomPaxIndex = java.lang.Math.abs(new java.util.Random().nextInt() % excelRowNo) + 1: null

2017-11-28 13:14:56 - [TEST_STEP][PASSED] - Statement - println(randomPaxIndex): null

2017-11-28 13:14:56 - [TEST_STEP][PASSED] - Statement - fname = rawData.getValue("FirstName", randomPaxIndex) + " AUT": null

2017-11-28 13:14:56 - [TEST_STEP][PASSED] - Statement - lname = rawData.getValue("LastName", randomPaxIndex): null

2017-11-28 13:14:56 - [TEST_STEP][PASSED] - Statement - pgender = rawData.getValue("Gender", randomPaxIndex): null

2017-11-28 13:14:56 - [TEST_STEP][PASSED] - Statement - pday = rawData.getValue("Day DOB", randomPaxIndex): null

2017-11-28 13:14:56 - [TEST_STEP][PASSED] - Statement - pmonth = rawData.getValue("Month DOB", randomPaxIndex): null

2017-11-28 13:14:56 - [TEST_STEP][PASSED] - Statement - pyear = rawData.getValue("Year DOB", randomPaxIndex): null

2017-11-28 13:14:56 - [TEST_STEP][PASSED] - Statement - paxDetailFields = paxInRoomXpath + "[" + j + "]/div[@class="col-md-x col-md-9"]/div[@class="row paxContainer"]/div[@class="col-md-5"]": null

2017-11-28 13:14:56 - [TEST_STEP][PASSED] - Statement - xpathval = paxDetailFields + "[1]/div[contains(@class,"form-group")]/input[@class="form-control paxFirstName"]": null

2017-11-28 13:14:56 - [TEST_STEP][PASSED] - Statement - println("fn: " + xpathval): null

2017-11-28 13:14:56 - [TEST_STEP][PASSED] - Statement - repObj = com.kms.katalon.core.testobject.ObjectRepository.findTestObject(Object Repository/PrimoTours/Old Objects/allPaxFirstNameFields): Finding Test Object with id 'Object Repository/PrimoTours/Old Objects/allPaxFirstNameFields'

2017-11-28 13:14:56 - [TEST_STEP][PASSED] - Statement - repObj.findProperty("xpath").setValue(xpathval): null

2017-11-28 13:14:56 - [TEST_STEP][PASSED] - setText: Text 'Meyer  AUT' is set on object 'Object Repository/PrimoTours/Old Objects/allPaxFirstNameFields'

2017-11-28 13:14:56 - [MESSAGE][PASSED] - Text 'Meyer  AUT' is set on object 'Object Repository/PrimoTours/Old Objects/allPaxFirstNameFields'

2017-11-28 13:14:56 - [TEST_STEP][PASSED] - Statement - xpathval = paxDetailFields + "[2]/div[contains(@class,"form-group")]/input[@class="form-control paxLastName"]": null

2017-11-28 13:14:56 - [TEST_STEP][PASSED] - Statement - println("ln: " + xpathval): null

2017-11-28 13:14:56 - [TEST_STEP][PASSED] - Statement - repObj = com.kms.katalon.core.testobject.ObjectRepository.findTestObject(Object Repository/PrimoTours/Old Objects/allPaxLastNameFields): Finding Test Object with id 'Object Repository/PrimoTours/Old Objects/allPaxLastNameFields'

2017-11-28 13:14:56 - [TEST_STEP][PASSED] - Statement - repObj.findProperty("xpath").setValue(xpathval): null

2017-11-28 13:14:56 - [TEST_STEP][PASSED] - setText: Text 'Paul Jonathan ' is set on object 'Object Repository/PrimoTours/Old Objects/allPaxLastNameFields'

2017-11-28 13:14:57 - [MESSAGE][PASSED] - Text 'Paul Jonathan ' is set on object 'Object Repository/PrimoTours/Old Objects/allPaxLastNameFields'

2017-11-28 13:14:57 - [TEST_STEP][PASSED] - Statement - If (i == 1 & j == 1): null

2017-11-28 13:14:57 - [TEST_STEP][PASSED] - Statement - randomPaxIndex = java.lang.Math.abs(new java.util.Random().nextInt() % excelRowNo) + 1: null

2017-11-28 13:14:57 - [TEST_STEP][PASSED] - Statement - println(randomPaxIndex): null

2017-11-28 13:14:57 - [TEST_STEP][PASSED] - Statement - fname = rawData.getValue("FirstName", randomPaxIndex) + " AUT": null

2017-11-28 13:14:57 - [TEST_STEP][PASSED] - Statement - lname = rawData.getValue("LastName", randomPaxIndex): null

2017-11-28 13:14:57 - [TEST_STEP][PASSED] - Statement - pgender = rawData.getValue("Gender", randomPaxIndex): null

2017-11-28 13:14:57 - [TEST_STEP][PASSED] - Statement - pday = rawData.getValue("Day DOB", randomPaxIndex): null

2017-11-28 13:14:57 - [TEST_STEP][PASSED] - Statement - pmonth = rawData.getValue("Month DOB", randomPaxIndex): null

2017-11-28 13:14:57 - [TEST_STEP][PASSED] - Statement - pyear = rawData.getValue("Year DOB", randomPaxIndex): null

2017-11-28 13:14:57 - [TEST_STEP][PASSED] - Statement - paxDetailFields = paxInRoomXpath + "[" + j + "]/div[@class="col-md-x col-md-9"]/div[@class="row paxContainer"]/div[@class="col-md-5"]": null

2017-11-28 13:14:57 - [TEST_STEP][PASSED] - Statement - xpathval = paxDetailFields + "[1]/div[contains(@class,"form-group")]/input[@class="form-control paxFirstName"]": null

2017-11-28 13:14:57 - [TEST_STEP][PASSED] - Statement - println("fn: " + xpathval): null

2017-11-28 13:14:57 - [TEST_STEP][PASSED] - Statement - repObj = com.kms.katalon.core.testobject.ObjectRepository.findTestObject(Object Repository/PrimoTours/Old Objects/allPaxFirstNameFields): Finding Test Object with id 'Object Repository/PrimoTours/Old Objects/allPaxFirstNameFields'

2017-11-28 13:14:57 - [TEST_STEP][PASSED] - Statement - repObj.findProperty("xpath").setValue(xpathval): null

2017-11-28 13:14:57 - [TEST_STEP][PASSED] - setText: Text 'Fagerlund AUT' is set on object 'Object Repository/PrimoTours/Old Objects/allPaxFirstNameFields'

2017-11-28 13:14:57 - [MESSAGE][PASSED] - Text 'Fagerlund AUT' is set on object 'Object Repository/PrimoTours/Old Objects/allPaxFirstNameFields'

2017-11-28 13:14:57 - [TEST_STEP][PASSED] - Statement - xpathval = paxDetailFields + "[2]/div[contains(@class,"form-group")]/input[@class="form-control paxLastName"]": null

2017-11-28 13:14:57 - [TEST_STEP][PASSED] - Statement - println("ln: " + xpathval): null

2017-11-28 13:14:57 - [TEST_STEP][PASSED] - Statement - repObj = com.kms.katalon.core.testobject.ObjectRepository.findTestObject(Object Repository/PrimoTours/Old Objects/allPaxLastNameFields): Finding Test Object with id 'Object Repository/PrimoTours/Old Objects/allPaxLastNameFields'

2017-11-28 13:14:57 - [TEST_STEP][PASSED] - Statement - repObj.findProperty("xpath").setValue(xpathval): null

2017-11-28 13:14:57 - [TEST_STEP][PASSED] - setText: Text 'Mike Lykke' is set on object 'Object Repository/PrimoTours/Old Objects/allPaxLastNameFields'

2017-11-28 13:14:57 - [MESSAGE][PASSED] - Text 'Mike Lykke' is set on object 'Object Repository/PrimoTours/Old Objects/allPaxLastNameFields'

2017-11-28 13:14:57 - [TEST_STEP][PASSED] - Statement - paxInRoomXpath = roomContainerXpath + "[" + i + "]/div[@class="row"]/div[@class="col-md-12"]/div[@class="row"]": null

2017-11-28 13:14:57 - [TEST_STEP][PASSED] - Statement - paxInRoomCount = driver.findElements(org.openqa.selenium.By.xpath(paxInRoomXpath)).size(): null

2017-11-28 13:14:57 - [TEST_STEP][PASSED] - Statement - println("paxInRoomCount=" + paxInRoomCount): null

2017-11-28 13:14:57 - [TEST_STEP][PASSED] - Statement - For ([j = 1, j <= paxInRoomCount, (j++)]): Text 'Marianne' is set on object 'Object Repository/PrimoTours/Old Objects/allPaxLastNameFields'

2017-11-28 13:14:57 - [TEST_STEP][PASSED] - Statement - If (i == 1 & j == 1): null

2017-11-28 13:14:57 - [TEST_STEP][PASSED] - Statement - randomPaxIndex = java.lang.Math.abs(new java.util.Random().nextInt() % excelRowNo) + 1: null

2017-11-28 13:14:57 - [TEST_STEP][PASSED] - Statement - println(randomPaxIndex): null

2017-11-28 13:14:57 - [TEST_STEP][PASSED] - Statement - fname = rawData.getValue("FirstName", randomPaxIndex) + " AUT": null

2017-11-28 13:14:57 - [TEST_STEP][PASSED] - Statement - lname = rawData.getValue("LastName", randomPaxIndex): null

2017-11-28 13:14:57 - [TEST_STEP][PASSED] - Statement - pgender = rawData.getValue("Gender", randomPaxIndex): null

2017-11-28 13:14:57 - [TEST_STEP][PASSED] - Statement - pday = rawData.getValue("Day DOB", randomPaxIndex): null

2017-11-28 13:14:57 - [TEST_STEP][PASSED] - Statement - pmonth = rawData.getValue("Month DOB", randomPaxIndex): null

2017-11-28 13:14:57 - [TEST_STEP][PASSED] - Statement - pyear = rawData.getValue("Year DOB", randomPaxIndex): null

2017-11-28 13:14:57 - [TEST_STEP][PASSED] - Statement - paxDetailFields = paxInRoomXpath + "[" + j + "]/div[@class="col-md-x col-md-9"]/div[@class="row paxContainer"]/div[@class="col-md-5"]": null

2017-11-28 13:14:57 - [TEST_STEP][PASSED] - Statement - xpathval = paxDetailFields + "[1]/div[contains(@class,"form-group")]/input[@class="form-control paxFirstName"]": null

2017-11-28 13:14:57 - [TEST_STEP][PASSED] - Statement - println("fn: " + xpathval): null

2017-11-28 13:14:57 - [TEST_STEP][PASSED] - Statement - repObj = com.kms.katalon.core.testobject.ObjectRepository.findTestObject(Object Repository/PrimoTours/Old Objects/allPaxFirstNameFields): Finding Test Object with id 'Object Repository/PrimoTours/Old Objects/allPaxFirstNameFields'

2017-11-28 13:14:57 - [TEST_STEP][PASSED] - Statement - repObj.findProperty("xpath").setValue(xpathval): null

2017-11-28 13:14:57 - [TEST_STEP][PASSED] - setText: Text 'Bak AUT' is set on object 'Object Repository/PrimoTours/Old Objects/allPaxFirstNameFields'

2017-11-28 13:14:58 - [MESSAGE][PASSED] - Text 'Bak AUT' is set on object 'Object Repository/PrimoTours/Old Objects/allPaxFirstNameFields'

2017-11-28 13:14:58 - [TEST_STEP][PASSED] - Statement - xpathval = paxDetailFields + "[2]/div[contains(@class,"form-group")]/input[@class="form-control paxLastName"]": null

2017-11-28 13:14:58 - [TEST_STEP][PASSED] - Statement - println("ln: " + xpathval): null

2017-11-28 13:14:58 - [TEST_STEP][PASSED] - Statement - repObj = com.kms.katalon.core.testobject.ObjectRepository.findTestObject(Object Repository/PrimoTours/Old Objects/allPaxLastNameFields): Finding Test Object with id 'Object Repository/PrimoTours/Old Objects/allPaxLastNameFields'

2017-11-28 13:14:58 - [TEST_STEP][PASSED] - Statement - repObj.findProperty("xpath").setValue(xpathval): null

2017-11-28 13:14:58 - [TEST_STEP][PASSED] - setText: Text 'Jørgen ' is set on object 'Object Repository/PrimoTours/Old Objects/allPaxLastNameFields'

2017-11-28 13:14:58 - [MESSAGE][PASSED] - Text 'Jørgen ' is set on object 'Object Repository/PrimoTours/Old Objects/allPaxLastNameFields'

2017-11-28 13:14:58 - [TEST_STEP][PASSED] - Statement - If (i == 1 & j == 1): null

2017-11-28 13:14:58 - [TEST_STEP][PASSED] - Statement - randomPaxIndex = java.lang.Math.abs(new java.util.Random().nextInt() % excelRowNo) + 1: null

2017-11-28 13:14:58 - [TEST_STEP][PASSED] - Statement - println(randomPaxIndex): null

2017-11-28 13:14:58 - [TEST_STEP][PASSED] - Statement - fname = rawData.getValue("FirstName", randomPaxIndex) + " AUT": null

2017-11-28 13:14:58 - [TEST_STEP][PASSED] - Statement - lname = rawData.getValue("LastName", randomPaxIndex): null

2017-11-28 13:14:58 - [TEST_STEP][PASSED] - Statement - pgender = rawData.getValue("Gender", randomPaxIndex): null

2017-11-28 13:14:58 - [TEST_STEP][PASSED] - Statement - pday = rawData.getValue("Day DOB", randomPaxIndex): null

2017-11-28 13:14:58 - [TEST_STEP][PASSED] - Statement - pmonth = rawData.getValue("Month DOB", randomPaxIndex): null

2017-11-28 13:14:58 - [TEST_STEP][PASSED] - Statement - pyear = rawData.getValue("Year DOB", randomPaxIndex): null

2017-11-28 13:14:58 - [TEST_STEP][PASSED] - Statement - paxDetailFields = paxInRoomXpath + "[" + j + "]/div[@class="col-md-x col-md-9"]/div[@class="row paxContainer"]/div[@class="col-md-5"]": null

2017-11-28 13:14:58 - [TEST_STEP][PASSED] - Statement - xpathval = paxDetailFields + "[1]/div[contains(@class,"form-group")]/input[@class="form-control paxFirstName"]": null

2017-11-28 13:14:58 - [TEST_STEP][PASSED] - Statement - println("fn: " + xpathval): null

2017-11-28 13:14:58 - [TEST_STEP][PASSED] - Statement - repObj = com.kms.katalon.core.testobject.ObjectRepository.findTestObject(Object Repository/PrimoTours/Old Objects/allPaxFirstNameFields): Finding Test Object with id 'Object Repository/PrimoTours/Old Objects/allPaxFirstNameFields'

2017-11-28 13:14:58 - [TEST_STEP][PASSED] - Statement - repObj.findProperty("xpath").setValue(xpathval): null

2017-11-28 13:14:58 - [TEST_STEP][PASSED] - setText: Text 'Bang AUT' is set on object 'Object Repository/PrimoTours/Old Objects/allPaxFirstNameFields'

2017-11-28 13:14:58 - [MESSAGE][PASSED] - Text 'Bang AUT' is set on object 'Object Repository/PrimoTours/Old Objects/allPaxFirstNameFields'

2017-11-28 13:14:58 - [TEST_STEP][PASSED] - Statement - xpathval = paxDetailFields + "[2]/div[contains(@class,"form-group")]/input[@class="form-control paxLastName"]": null

2017-11-28 13:14:58 - [TEST_STEP][PASSED] - Statement - println("ln: " + xpathval): null

2017-11-28 13:14:58 - [TEST_STEP][PASSED] - Statement - repObj = com.kms.katalon.core.testobject.ObjectRepository.findTestObject(Object Repository/PrimoTours/Old Objects/allPaxLastNameFields): Finding Test Object with id 'Object Repository/PrimoTours/Old Objects/allPaxLastNameFields'

2017-11-28 13:14:58 - [TEST_STEP][PASSED] - Statement - repObj.findProperty("xpath").setValue(xpathval): null

2017-11-28 13:14:58 - [TEST_STEP][PASSED] - setText: Text 'Marianne' is set on object 'Object Repository/PrimoTours/Old Objects/allPaxLastNameFields'

2017-11-28 13:14:58 - [MESSAGE][PASSED] - Text 'Marianne' is set on object 'Object Repository/PrimoTours/Old Objects/allPaxLastNameFields'

2017-11-28 13:14:58 - [TEST_STEP][PASSED] - Statement - paxInRoomXpath = roomContainerXpath + "[" + i + "]/div[@class="row"]/div[@class="col-md-12"]/div[@class="row"]": null

2017-11-28 13:14:58 - [TEST_STEP][PASSED] - Statement - paxInRoomCount = driver.findElements(org.openqa.selenium.By.xpath(paxInRoomXpath)).size(): null

2017-11-28 13:14:58 - [TEST_STEP][PASSED] - Statement - println("paxInRoomCount=" + paxInRoomCount): null

2017-11-28 13:14:58 - [TEST_STEP][PASSED] - Statement - For ([j = 1, j <= paxInRoomCount, (j++)]): Text 'Claes' is set on object 'Object Repository/PrimoTours/Old Objects/allPaxLastNameFields'

2017-11-28 13:14:58 - [TEST_STEP][PASSED] - Statement - If (i == 1 & j == 1): null

2017-11-28 13:14:58 - [TEST_STEP][PASSED] - Statement - randomPaxIndex = java.lang.Math.abs(new java.util.Random().nextInt() % excelRowNo) + 1: null

2017-11-28 13:14:58 - [TEST_STEP][PASSED] - Statement - println(randomPaxIndex): null

2017-11-28 13:14:58 - [TEST_STEP][PASSED] - Statement - fname = rawData.getValue("FirstName", randomPaxIndex) + " AUT": null

2017-11-28 13:14:58 - [TEST_STEP][PASSED] - Statement - lname = rawData.getValue("LastName", randomPaxIndex): null

2017-11-28 13:14:58 - [TEST_STEP][PASSED] - Statement - pgender = rawData.getValue("Gender", randomPaxIndex): null

2017-11-28 13:14:58 - [TEST_STEP][PASSED] - Statement - pday = rawData.getValue("Day DOB", randomPaxIndex): null

2017-11-28 13:14:58 - [TEST_STEP][PASSED] - Statement - pmonth = rawData.getValue("Month DOB", randomPaxIndex): null

2017-11-28 13:14:58 - [TEST_STEP][PASSED] - Statement - pyear = rawData.getValue("Year DOB", randomPaxIndex): null

2017-11-28 13:14:58 - [TEST_STEP][PASSED] - Statement - paxDetailFields = paxInRoomXpath + "[" + j + "]/div[@class="col-md-x col-md-9"]/div[@class="row paxContainer"]/div[@class="col-md-5"]": null

2017-11-28 13:14:58 - [TEST_STEP][PASSED] - Statement - xpathval = paxDetailFields + "[1]/div[contains(@class,"form-group")]/input[@class="form-control paxFirstName"]": null

2017-11-28 13:14:58 - [TEST_STEP][PASSED] - Statement - println("fn: " + xpathval): null

2017-11-28 13:14:58 - [TEST_STEP][PASSED] - Statement - repObj = com.kms.katalon.core.testobject.ObjectRepository.findTestObject(Object Repository/PrimoTours/Old Objects/allPaxFirstNameFields): Finding Test Object with id 'Object Repository/PrimoTours/Old Objects/allPaxFirstNameFields'

2017-11-28 13:14:58 - [TEST_STEP][PASSED] - Statement - repObj.findProperty("xpath").setValue(xpathval): null

2017-11-28 13:14:58 - [TEST_STEP][PASSED] - setText: Text 'Basse Hansen AUT' is set on object 'Object Repository/PrimoTours/Old Objects/allPaxFirstNameFields'

2017-11-28 13:14:59 - [MESSAGE][PASSED] - Text 'Basse Hansen AUT' is set on object 'Object Repository/PrimoTours/Old Objects/allPaxFirstNameFields'

2017-11-28 13:14:59 - [TEST_STEP][PASSED] - Statement - xpathval = paxDetailFields + "[2]/div[contains(@class,"form-group")]/input[@class="form-control paxLastName"]": null

2017-11-28 13:14:59 - [TEST_STEP][PASSED] - Statement - println("ln: " + xpathval): null

2017-11-28 13:14:59 - [TEST_STEP][PASSED] - Statement - repObj = com.kms.katalon.core.testobject.ObjectRepository.findTestObject(Object Repository/PrimoTours/Old Objects/allPaxLastNameFields): Finding Test Object with id 'Object Repository/PrimoTours/Old Objects/allPaxLastNameFields'

2017-11-28 13:14:59 - [TEST_STEP][PASSED] - Statement - repObj.findProperty("xpath").setValue(xpathval): null

2017-11-28 13:14:59 - [TEST_STEP][PASSED] - setText: Text 'Mathias' is set on object 'Object Repository/PrimoTours/Old Objects/allPaxLastNameFields'

2017-11-28 13:14:59 - [MESSAGE][PASSED] - Text 'Mathias' is set on object 'Object Repository/PrimoTours/Old Objects/allPaxLastNameFields'

2017-11-28 13:14:59 - [TEST_STEP][PASSED] - Statement - If (i == 1 & j == 1): null

2017-11-28 13:14:59 - [TEST_STEP][PASSED] - Statement - randomPaxIndex = java.lang.Math.abs(new java.util.Random().nextInt() % excelRowNo) + 1: null

2017-11-28 13:14:59 - [TEST_STEP][PASSED] - Statement - println(randomPaxIndex): null

2017-11-28 13:14:59 - [TEST_STEP][PASSED] - Statement - fname = rawData.getValue("FirstName", randomPaxIndex) + " AUT": null

2017-11-28 13:14:59 - [TEST_STEP][PASSED] - Statement - lname = rawData.getValue("LastName", randomPaxIndex): null

2017-11-28 13:14:59 - [TEST_STEP][PASSED] - Statement - pgender = rawData.getValue("Gender", randomPaxIndex): null

2017-11-28 13:14:59 - [TEST_STEP][PASSED] - Statement - pday = rawData.getValue("Day DOB", randomPaxIndex): null

2017-11-28 13:14:59 - [TEST_STEP][PASSED] - Statement - pmonth = rawData.getValue("Month DOB", randomPaxIndex): null

2017-11-28 13:14:59 - [TEST_STEP][PASSED] - Statement - pyear = rawData.getValue("Year DOB", randomPaxIndex): null

2017-11-28 13:14:59 - [TEST_STEP][PASSED] - Statement - paxDetailFields = paxInRoomXpath + "[" + j + "]/div[@class="col-md-x col-md-9"]/div[@class="row paxContainer"]/div[@class="col-md-5"]": null

2017-11-28 13:14:59 - [TEST_STEP][PASSED] - Statement - xpathval = paxDetailFields + "[1]/div[contains(@class,"form-group")]/input[@class="form-control paxFirstName"]": null

2017-11-28 13:14:59 - [TEST_STEP][PASSED] - Statement - println("fn: " + xpathval): null

2017-11-28 13:14:59 - [TEST_STEP][PASSED] - Statement - repObj = com.kms.katalon.core.testobject.ObjectRepository.findTestObject(Object Repository/PrimoTours/Old Objects/allPaxFirstNameFields): Finding Test Object with id 'Object Repository/PrimoTours/Old Objects/allPaxFirstNameFields'

2017-11-28 13:14:59 - [TEST_STEP][PASSED] - Statement - repObj.findProperty("xpath").setValue(xpathval): null

2017-11-28 13:14:59 - [TEST_STEP][PASSED] - setText: Text 'Nielsen AUT' is set on object 'Object Repository/PrimoTours/Old Objects/allPaxFirstNameFields'

2017-11-28 13:14:59 - [MESSAGE][PASSED] - Text 'Nielsen AUT' is set on object 'Object Repository/PrimoTours/Old Objects/allPaxFirstNameFields'

2017-11-28 13:14:59 - [TEST_STEP][PASSED] - Statement - xpathval = paxDetailFields + "[2]/div[contains(@class,"form-group")]/input[@class="form-control paxLastName"]": null

2017-11-28 13:14:59 - [TEST_STEP][PASSED] - Statement - println("ln: " + xpathval): null

2017-11-28 13:14:59 - [TEST_STEP][PASSED] - Statement - repObj = com.kms.katalon.core.testobject.ObjectRepository.findTestObject(Object Repository/PrimoTours/Old Objects/allPaxLastNameFields): Finding Test Object with id 'Object Repository/PrimoTours/Old Objects/allPaxLastNameFields'

2017-11-28 13:14:59 - [TEST_STEP][PASSED] - Statement - repObj.findProperty("xpath").setValue(xpathval): null

2017-11-28 13:14:59 - [TEST_STEP][PASSED] - setText: Text 'Birgit' is set on object 'Object Repository/PrimoTours/Old Objects/allPaxLastNameFields'

2017-11-28 13:15:00 - [MESSAGE][PASSED] - Text 'Birgit' is set on object 'Object Repository/PrimoTours/Old Objects/allPaxLastNameFields'

2017-11-28 13:15:00 - [TEST_STEP][PASSED] - Statement - If (i == 1 & j == 1): null

2017-11-28 13:15:00 - [TEST_STEP][PASSED] - Statement - randomPaxIndex = java.lang.Math.abs(new java.util.Random().nextInt() % excelRowNo) + 1: null

2017-11-28 13:15:00 - [TEST_STEP][PASSED] - Statement - println(randomPaxIndex): null

2017-11-28 13:15:00 - [TEST_STEP][PASSED] - Statement - fname = rawData.getValue("FirstName", randomPaxIndex) + " AUT": null

2017-11-28 13:15:00 - [TEST_STEP][PASSED] - Statement - lname = rawData.getValue("LastName", randomPaxIndex): null

2017-11-28 13:15:00 - [TEST_STEP][PASSED] - Statement - pgender = rawData.getValue("Gender", randomPaxIndex): null

2017-11-28 13:15:00 - [TEST_STEP][PASSED] - Statement - pday = rawData.getValue("Day DOB", randomPaxIndex): null

2017-11-28 13:15:00 - [TEST_STEP][PASSED] - Statement - pmonth = rawData.getValue("Month DOB", randomPaxIndex): null

2017-11-28 13:15:00 - [TEST_STEP][PASSED] - Statement - pyear = rawData.getValue("Year DOB", randomPaxIndex): null

2017-11-28 13:15:00 - [TEST_STEP][PASSED] - Statement - paxDetailFields = paxInRoomXpath + "[" + j + "]/div[@class="col-md-x col-md-9"]/div[@class="row paxContainer"]/div[@class="col-md-5"]": null

2017-11-28 13:15:00 - [TEST_STEP][PASSED] - Statement - xpathval = paxDetailFields + "[1]/div[contains(@class,"form-group")]/input[@class="form-control paxFirstName"]": null

2017-11-28 13:15:00 - [TEST_STEP][PASSED] - Statement - println("fn: " + xpathval): null

2017-11-28 13:15:00 - [TEST_STEP][PASSED] - Statement - repObj = com.kms.katalon.core.testobject.ObjectRepository.findTestObject(Object Repository/PrimoTours/Old Objects/allPaxFirstNameFields): Finding Test Object with id 'Object Repository/PrimoTours/Old Objects/allPaxFirstNameFields'

2017-11-28 13:15:00 - [TEST_STEP][PASSED] - Statement - repObj.findProperty("xpath").setValue(xpathval): null

2017-11-28 13:15:00 - [TEST_STEP][PASSED] - setText: Text 'Vistisen AUT' is set on object 'Object Repository/PrimoTours/Old Objects/allPaxFirstNameFields'

2017-11-28 13:15:00 - [MESSAGE][PASSED] - Text 'Vistisen AUT' is set on object 'Object Repository/PrimoTours/Old Objects/allPaxFirstNameFields'

2017-11-28 13:15:00 - [TEST_STEP][PASSED] - Statement - xpathval = paxDetailFields + "[2]/div[contains(@class,"form-group")]/input[@class="form-control paxLastName"]": null

2017-11-28 13:15:00 - [TEST_STEP][PASSED] - Statement - println("ln: " + xpathval): null

2017-11-28 13:15:00 - [TEST_STEP][PASSED] - Statement - repObj = com.kms.katalon.core.testobject.ObjectRepository.findTestObject(Object Repository/PrimoTours/Old Objects/allPaxLastNameFields): Finding Test Object with id 'Object Repository/PrimoTours/Old Objects/allPaxLastNameFields'

2017-11-28 13:15:00 - [TEST_STEP][PASSED] - Statement - repObj.findProperty("xpath").setValue(xpathval): null

2017-11-28 13:15:00 - [TEST_STEP][PASSED] - setText: Text 'Laura Kofoed ' is set on object 'Object Repository/PrimoTours/Old Objects/allPaxLastNameFields'

2017-11-28 13:15:00 - [MESSAGE][PASSED] - Text 'Laura Kofoed ' is set on object 'Object Repository/PrimoTours/Old Objects/allPaxLastNameFields'

2017-11-28 13:15:00 - [TEST_STEP][PASSED] - Statement - If (i == 1 & j == 1): null

2017-11-28 13:15:00 - [TEST_STEP][PASSED] - Statement - randomPaxIndex = java.lang.Math.abs(new java.util.Random().nextInt() % excelRowNo) + 1: null

2017-11-28 13:15:00 - [TEST_STEP][PASSED] - Statement - println(randomPaxIndex): null

2017-11-28 13:15:00 - [TEST_STEP][PASSED] - Statement - fname = rawData.getValue("FirstName", randomPaxIndex) + " AUT": null

2017-11-28 13:15:00 - [TEST_STEP][PASSED] - Statement - lname = rawData.getValue("LastName", randomPaxIndex): null

2017-11-28 13:15:00 - [TEST_STEP][PASSED] - Statement - pgender = rawData.getValue("Gender", randomPaxIndex): null

2017-11-28 13:15:00 - [TEST_STEP][PASSED] - Statement - pday = rawData.getValue("Day DOB", randomPaxIndex): null

2017-11-28 13:15:00 - [TEST_STEP][PASSED] - Statement - pmonth = rawData.getValue("Month DOB", randomPaxIndex): null

2017-11-28 13:15:00 - [TEST_STEP][PASSED] - Statement - pyear = rawData.getValue("Year DOB", randomPaxIndex): null

2017-11-28 13:15:00 - [TEST_STEP][PASSED] - Statement - paxDetailFields = paxInRoomXpath + "[" + j + "]/div[@class="col-md-x col-md-9"]/div[@class="row paxContainer"]/div[@class="col-md-5"]": null

2017-11-28 13:15:00 - [TEST_STEP][PASSED] - Statement - xpathval = paxDetailFields + "[1]/div[contains(@class,"form-group")]/input[@class="form-control paxFirstName"]": null

2017-11-28 13:15:00 - [TEST_STEP][PASSED] - Statement - println("fn: " + xpathval): null

2017-11-28 13:15:00 - [TEST_STEP][PASSED] - Statement - repObj = com.kms.katalon.core.testobject.ObjectRepository.findTestObject(Object Repository/PrimoTours/Old Objects/allPaxFirstNameFields): Finding Test Object with id 'Object Repository/PrimoTours/Old Objects/allPaxFirstNameFields'

2017-11-28 13:15:00 - [TEST_STEP][PASSED] - Statement - repObj.findProperty("xpath").setValue(xpathval): null

2017-11-28 13:15:00 - [TEST_STEP][PASSED] - setText: Text 'Methling AUT' is set on object 'Object Repository/PrimoTours/Old Objects/allPaxFirstNameFields'

2017-11-28 13:15:01 - [MESSAGE][PASSED] - Text 'Methling AUT' is set on object 'Object Repository/PrimoTours/Old Objects/allPaxFirstNameFields'

2017-11-28 13:15:01 - [TEST_STEP][PASSED] - Statement - xpathval = paxDetailFields + "[2]/div[contains(@class,"form-group")]/input[@class="form-control paxLastName"]": null

2017-11-28 13:15:01 - [TEST_STEP][PASSED] - Statement - println("ln: " + xpathval): null

2017-11-28 13:15:01 - [TEST_STEP][PASSED] - Statement - repObj = com.kms.katalon.core.testobject.ObjectRepository.findTestObject(Object Repository/PrimoTours/Old Objects/allPaxLastNameFields): Finding Test Object with id 'Object Repository/PrimoTours/Old Objects/allPaxLastNameFields'

2017-11-28 13:15:01 - [TEST_STEP][PASSED] - Statement - repObj.findProperty("xpath").setValue(xpathval): null

2017-11-28 13:15:01 - [TEST_STEP][PASSED] - setText: Text 'Claes' is set on object 'Object Repository/PrimoTours/Old Objects/allPaxLastNameFields'

2017-11-28 13:15:01 - [MESSAGE][PASSED] - Text 'Claes' is set on object 'Object Repository/PrimoTours/Old Objects/allPaxLastNameFields'

2017-11-28 13:15:01 - [TEST_STEP][PASSED] - scrollToElement: Scroll to object 'Object Repository/PrimoTours/Old Objects/Coco (1)/PrimoT/SaveBooking2/Success/bookingTotalValue' successfully

2017-11-28 13:15:01 - [MESSAGE][PASSED] - Scroll to object 'Object Repository/PrimoTours/Old Objects/Coco (1)/PrimoT/SaveBooking2/Success/bookingTotalValue' successfully

2017-11-28 13:15:01 - [TEST_STEP][PASSED] - click: Object: 'Object Repository/PrimoTours/Old Objects/Coco (1)/PrimoT/SaveBooking2/Success/bookingTotalValue' is clicked on

2017-11-28 13:15:01 - [MESSAGE][PASSED] - Object: 'Object Repository/PrimoTours/Old Objects/Coco (1)/PrimoT/SaveBooking2/Success/bookingTotalValue' is clicked on

2017-11-28 13:15:01 - [TEST_STEP][PASSED] - scrollToElement: Scroll to object 'Object Repository/PrimoTours/Old Objects/Coco (1)/PrimoT/SaveBooking2/Success/Page_Primo Tours  Danmarks bedste c/i_fa fa-arrow-circle-right' successfully

2017-11-28 13:15:01 - [MESSAGE][PASSED] - Scroll to object 'Object Repository/PrimoTours/Old Objects/Coco (1)/PrimoT/SaveBooking2/Success/Page_Primo Tours  Danmarks bedste c/i_fa fa-arrow-circle-right' successfully

2017-11-28 13:15:01 - [TEST_STEP][PASSED] - waitForElementClickable: Object 'Object Repository/PrimoTours/Old Objects/Coco (1)/PrimoT/SaveBooking2/Success/Page_Primo Tours  Danmarks bedste c/i_fa fa-arrow-circle-right' is clickable

2017-11-28 13:15:01 - [MESSAGE][PASSED] - Object 'Object Repository/PrimoTours/Old Objects/Coco (1)/PrimoT/SaveBooking2/Success/Page_Primo Tours  Danmarks bedste c/i_fa fa-arrow-circle-right' is clickable

2017-11-28 13:15:01 - [TEST_STEP][PASSED] - waitForElementVisible: Object 'Object Repository/PrimoTours/Old Objects/Coco (1)/PrimoT/SaveBooking2/Success/Page_Primo Tours  Danmarks bedste c/i_fa fa-arrow-circle-right' is visible

2017-11-28 13:15:01 - [MESSAGE][PASSED] - Object 'Object Repository/PrimoTours/Old Objects/Coco (1)/PrimoT/SaveBooking2/Success/Page_Primo Tours  Danmarks bedste c/i_fa fa-arrow-circle-right' is visible

2017-11-28 13:15:01 - [TEST_STEP][PASSED] - scrollToElement: Scroll to object 'Object Repository/PrimoTours/Old Objects/Coco (1)/PrimoT/SaveBooking2/Success/Page_Primo Tours  Danmarks bedste c/i_fa fa-arrow-circle-right' successfully

2017-11-28 13:15:01 - [MESSAGE][PASSED] - Scroll to object 'Object Repository/PrimoTours/Old Objects/Coco (1)/PrimoT/SaveBooking2/Success/Page_Primo Tours  Danmarks bedste c/i_fa fa-arrow-circle-right' successfully

2017-11-28 13:15:01 - [TEST_STEP][PASSED] - click: Object: 'Object Repository/PrimoTours/Old Objects/Coco (1)/PrimoT/SaveBooking2/Success/Page_Primo Tours  Danmarks bedste c/i_fa fa-arrow-circle-right' is clicked on

2017-11-28 13:15:01 - [MESSAGE][PASSED] - Object: 'Object Repository/PrimoTours/Old Objects/Coco (1)/PrimoT/SaveBooking2/Success/Page_Primo Tours  Danmarks bedste c/i_fa fa-arrow-circle-right' is clicked on

2017-11-28 13:15:01 - [TEST_STEP][PASSED] - waitForElementNotVisible: Object 'Object Repository/PrimoTours/Old Objects/CCenter/pageLoaderOverlayLayer' is NOT visible

2017-11-28 13:15:04 - [MESSAGE][PASSED] - Object 'Object Repository/PrimoTours/Old Objects/CCenter/pageLoaderOverlayLayer' is NOT visible

2017-11-28 13:15:04 - [TEST_STEP][PASSED] - scrollToElement: Scroll to object 'Object Repository/PrimoTours/Old Objects/Coco/PrimoT/Ins2/Page_Primo Tours  Danmarks bedste c/span_Vlg forsikring' successfully

2017-11-28 13:15:04 - [MESSAGE][PASSED] - Scroll to object 'Object Repository/PrimoTours/Old Objects/Coco/PrimoT/Ins2/Page_Primo Tours  Danmarks bedste c/span_Vlg forsikring' successfully

2017-11-28 13:15:04 - [TEST_STEP][PASSED] - waitForElementPresent: Object 'Object Repository/PrimoTours/Old Objects/Coco/PrimoT/Ins2/Page_Primo Tours  Danmarks bedste c/span_Vlg forsikring' is present

2017-11-28 13:15:04 - [MESSAGE][PASSED] - Object 'Object Repository/PrimoTours/Old Objects/Coco/PrimoT/Ins2/Page_Primo Tours  Danmarks bedste c/span_Vlg forsikring' is present

2017-11-28 13:15:04 - [TEST_STEP][PASSED] - waitForElementVisible: Object 'Object Repository/PrimoTours/Old Objects/Coco/PrimoT/Ins2/Page_Primo Tours  Danmarks bedste c/span_Vlg forsikring' is visible

2017-11-28 13:15:04 - [MESSAGE][PASSED] - Object 'Object Repository/PrimoTours/Old Objects/Coco/PrimoT/Ins2/Page_Primo Tours  Danmarks bedste c/span_Vlg forsikring' is visible

2017-11-28 13:15:04 - [TEST_STEP][PASSED] - waitForElementClickable: Object 'Object Repository/PrimoTours/Old Objects/Coco/PrimoT/Ins2/Page_Primo Tours  Danmarks bedste c/span_Vlg forsikring' is clickable

2017-11-28 13:15:04 - [MESSAGE][PASSED] - Object 'Object Repository/PrimoTours/Old Objects/Coco/PrimoT/Ins2/Page_Primo Tours  Danmarks bedste c/span_Vlg forsikring' is clickable

2017-11-28 13:15:04 - [TEST_STEP][PASSED] - click: Object: 'Object Repository/PrimoTours/Old Objects/Coco/PrimoT/Ins2/Page_Primo Tours  Danmarks bedste c/span_Vlg forsikring' is clicked on

2017-11-28 13:15:04 - [MESSAGE][PASSED] - Object: 'Object Repository/PrimoTours/Old Objects/Coco/PrimoT/Ins2/Page_Primo Tours  Danmarks bedste c/span_Vlg forsikring' is clicked on

2017-11-28 13:15:04 - [TEST_STEP][FAILED] - click: Unable to click on object 'Object Repository/PrimoTours/Old Objects/Coco/PrimoT/Ins2/Page_Primo Tours  Danmarks bedste c/li_Har selv forsikring - kr. 0' (Root cause: com.kms.katalon.core.webui.exception.WebElementNotFoundException: Web element with id: 'Object Repository/PrimoTours/Old Objects/Coco/PrimoT/Ins2/Page_Primo Tours  Danmarks bedste c/li_Har selv forsikring - kr. 0' located by 'By.xpath: //*[@class = 'select2-results__option'][1]' not found)

2017-11-28 13:15:20 - [MESSAGE][FAILED] - Unable to click on object 'Object Repository/PrimoTours/Old Objects/Coco/PrimoT/Ins2/Page_Primo Tours  Danmarks bedste c/li_Har selv forsikring - kr. 0' (Root cause: com.kms.katalon.core.webui.exception.WebElementNotFoundException: Web element with id: 'Object Repository/PrimoTours/Old Objects/Coco/PrimoT/Ins2/Page_Primo Tours  Danmarks bedste c/li_Har selv forsikring - kr. 0' located by 'By.xpath: //*[@class = 'select2-results__option'][1]' not found)
[[ATTACHMENT|D:\\Software testing\\Tourpaq\\Automated Katalon tests\\Primo WB test\\Reports\\WB Primo From Excel URLs\\20171128_131240\\1511867720398.png]]]]></system-out>
         <system-err><![CDATA[2017-11-28 13:14:45 - [TEST_CASE][FAILED] - Test Cases/PrimoTours/WB Primo/WB Primo staging - place booking - Iteration 7: Test Cases/PrimoTours/WB Primo/WB Primo staging - place booking FAILED because (of) Unable to click on object 'Object Repository/PrimoTours/Old Objects/Coco/PrimoT/Ins2/Page_Primo Tours  Danmarks bedste c/li_Har selv forsikring - kr. 0' (Root cause: com.kms.katalon.core.webui.exception.WebElementNotFoundException: Web element with id: 'Object Repository/PrimoTours/Old Objects/Coco/PrimoT/Ins2/Page_Primo Tours  Danmarks bedste c/li_Har selv forsikring - kr. 0' located by 'By.xpath: //*[@class = 'select2-results__option'][1]' not found)]]></system-err>
      </testcase>
      <testcase name="Test Cases/PrimoTours/WB Primo/WB Primo staging - place booking - Iteration 8" classname="Test Cases/PrimoTours/WB Primo/WB Primo staging - place booking" status="FAILED">
         <failure type="FAILED" message="Test Cases/PrimoTours/WB Primo/WB Primo staging - place booking FAILED because (of) Unable to click on object 'Object Repository/PrimoTours/Old Objects/Coco (1)/PrimoT/SaveBooking2/Success/acceptTermsCheckbox' (Root cause: org.openqa.selenium.WebDriverException: unknown error: Element &lt;a href=&quot;#&quot; class=&quot;toggle checkbox kalypto&quot;>&lt;/a> is not clickable at point (395, 740). Other element would receive the click: &lt;h2>...&lt;/h2>
  (Session info: chrome=62.0.3202.94)
  (Driver info: chromedriver=2.33.506120 (e3e53437346286c0bc2d2dc9aa4915ba81d9023f),platform=Windows NT 6.3.9600 x86_64) (WARNING: The server did not provide any stacktrace information)
Command duration or timeout: 0 milliseconds
Build info: version: '3.7.1', revision: '8a0099a', time: '2017-11-06T21:07:36.161Z'
System info: host: 'NEACSUNEW-PC', ip: '10.10.10.211', os.name: 'Windows 8.1', os.arch: 'amd64', os.version: '6.3', java.version: '1.8.0_102'
Driver info: com.kms.katalon.selenium.driver.CChromeDriver
Capabilities {acceptSslCerts: true, applicationCacheEnabled: false, browserConnectionEnabled: false, browserName: chrome, chrome: {chromedriverVersion: 2.33.506120 (e3e53437346286..., userDataDir: C:\Users\Cornel\AppData\Loc...}, cssSelectorsEnabled: true, databaseEnabled: false, handlesAlerts: true, hasTouchScreen: false, javascriptEnabled: true, locationContextEnabled: true, mobileEmulationEnabled: false, nativeEvents: true, networkConnectionEnabled: false, pageLoadStrategy: normal, platform: XP, platformName: XP, rotatable: false, setWindowRect: true, takesHeapSnapshot: true, takesScreenshot: true, unexpectedAlertBehaviour: , unhandledPromptBehavior: , version: 62.0.3202.94, webStorageEnabled: true}
Session ID: 57761a42e966177a94d28ab86e05689d)"/>
         <system-out><![CDATA[2017-11-28 13:15:20 - [TEST_CASE][FAILED] - Test Cases/PrimoTours/WB Primo/WB Primo staging - place booking - Iteration 8: Test Cases/PrimoTours/WB Primo/WB Primo staging - place booking FAILED because (of) Unable to click on object 'Object Repository/PrimoTours/Old Objects/Coco (1)/PrimoT/SaveBooking2/Success/acceptTermsCheckbox' (Root cause: org.openqa.selenium.WebDriverException: unknown error: Element <a href="#" class="toggle checkbox kalypto"></a> is not clickable at point (395, 740). Other element would receive the click: <h2>...</h2>
  (Session info: chrome=62.0.3202.94)
  (Driver info: chromedriver=2.33.506120 (e3e53437346286c0bc2d2dc9aa4915ba81d9023f),platform=Windows NT 6.3.9600 x86_64) (WARNING: The server did not provide any stacktrace information)
Command duration or timeout: 0 milliseconds
Build info: version: '3.7.1', revision: '8a0099a', time: '2017-11-06T21:07:36.161Z'
System info: host: 'NEACSUNEW-PC', ip: '10.10.10.211', os.name: 'Windows 8.1', os.arch: 'amd64', os.version: '6.3', java.version: '1.8.0_102'
Driver info: com.kms.katalon.selenium.driver.CChromeDriver
Capabilities {acceptSslCerts: true, applicationCacheEnabled: false, browserConnectionEnabled: false, browserName: chrome, chrome: {chromedriverVersion: 2.33.506120 (e3e53437346286..., userDataDir: C:\Users\Cornel\AppData\Loc...}, cssSelectorsEnabled: true, databaseEnabled: false, handlesAlerts: true, hasTouchScreen: false, javascriptEnabled: true, locationContextEnabled: true, mobileEmulationEnabled: false, nativeEvents: true, networkConnectionEnabled: false, pageLoadStrategy: normal, platform: XP, platformName: XP, rotatable: false, setWindowRect: true, takesHeapSnapshot: true, takesScreenshot: true, unexpectedAlertBehaviour: , unhandledPromptBehavior: , version: 62.0.3202.94, webStorageEnabled: true}
Session ID: 57761a42e966177a94d28ab86e05689d)

2017-11-28 13:15:20 - [TEST_STEP][PASSED] - openBrowser: Browser is opened with url: ''

2017-11-28 13:15:20 - [MESSAGE][WARNING] - A browser is already opened. Closing browser and opening a new one

2017-11-28 13:15:23 - [MESSAGE][PASSED] - Browser is opened with url: ''

2017-11-28 13:15:23 - [TEST_STEP][PASSED] - maximizeWindow: Current window maximized

2017-11-28 13:15:24 - [MESSAGE][PASSED] - Current window maximized

2017-11-28 13:15:24 - [TEST_STEP][PASSED] - navigateToUrl: Navigate to 'https://staging-primotours-webbooking.tourpaq.com/DoBooking.aspx?pltaID=1480269&p=1&rno=3&pt=1&a=8&c=2&aa=&ca=0|1|6' successfully

2017-11-28 13:15:27 - [MESSAGE][PASSED] - Navigate to 'https://staging-primotours-webbooking.tourpaq.com/DoBooking.aspx?pltaID=1480269&p=1&rno=3&pt=1&a=8&c=2&aa=&ca=0|1|6' successfully

2017-11-28 13:15:27 - [TEST_STEP][PASSED] - setText: Text 'Pedersen AUT' is set on object 'Object Repository/PrimoTours/Old Objects/Coco/PrimoT/Page_Primo Tours  Danmarks bedste c/input_firstName'

2017-11-28 13:15:27 - [MESSAGE][PASSED] - Text 'Pedersen AUT' is set on object 'Object Repository/PrimoTours/Old Objects/Coco/PrimoT/Page_Primo Tours  Danmarks bedste c/input_firstName'

2017-11-28 13:15:27 - [TEST_STEP][PASSED] - setText: Text 'Vibe Dalby' is set on object 'Object Repository/PrimoTours/Old Objects/Coco/PrimoT/Page_Primo Tours  Danmarks bedste c/input_lastName'

2017-11-28 13:15:27 - [MESSAGE][PASSED] - Text 'Vibe Dalby' is set on object 'Object Repository/PrimoTours/Old Objects/Coco/PrimoT/Page_Primo Tours  Danmarks bedste c/input_lastName'

2017-11-28 13:15:27 - [TEST_STEP][PASSED] - setText: Text 'Home address' is set on object 'Object Repository/PrimoTours/Old Objects/Coco/PrimoT/Page_Primo Tours  Danmarks bedste c/input_customerAddress'

2017-11-28 13:15:28 - [MESSAGE][PASSED] - Text 'Home address' is set on object 'Object Repository/PrimoTours/Old Objects/Coco/PrimoT/Page_Primo Tours  Danmarks bedste c/input_customerAddress'

2017-11-28 13:15:28 - [TEST_STEP][PASSED] - setText: Text '6700' is set on object 'Object Repository/PrimoTours/Old Objects/Coco/PrimoT/Page_Primo Tours  Danmarks bedste c/input_customerPostcode'

2017-11-28 13:15:28 - [MESSAGE][PASSED] - Text '6700' is set on object 'Object Repository/PrimoTours/Old Objects/Coco/PrimoT/Page_Primo Tours  Danmarks bedste c/input_customerPostcode'

2017-11-28 13:15:28 - [TEST_STEP][PASSED] - setText: Text 'cornel.neacsu@roweb.ro' is set on object 'Object Repository/PrimoTours/Old Objects/Coco/PrimoT/Page_Primo Tours  Danmarks bedste c/input_customerEmail'

2017-11-28 13:15:28 - [MESSAGE][PASSED] - Text 'cornel.neacsu@roweb.ro' is set on object 'Object Repository/PrimoTours/Old Objects/Coco/PrimoT/Page_Primo Tours  Danmarks bedste c/input_customerEmail'

2017-11-28 13:15:28 - [TEST_STEP][PASSED] - setText: Text '12345678' is set on object 'Object Repository/PrimoTours/Old Objects/Coco/PrimoT/Page_Primo Tours  Danmarks bedste c/input_customerPhone'

2017-11-28 13:15:28 - [MESSAGE][PASSED] - Text '12345678' is set on object 'Object Repository/PrimoTours/Old Objects/Coco/PrimoT/Page_Primo Tours  Danmarks bedste c/input_customerPhone'

2017-11-28 13:15:28 - [TEST_STEP][PASSED] - Statement - excelInfo = ["fname":"", "lname":"", "pgender":"", "pday":"", "pmonth":"", "pyear":""]: null

2017-11-28 13:15:28 - [TEST_STEP][PASSED] - Statement - rawData = com.kms.katalon.core.testdata.TestDataFactory.findTestData("Data Files/WB_Primo/Passenger_details"): Reading excel file with source file 'D:\Software testing\Tourpaq\Automated Katalon tests\Primo WB test\Data Files\Primo_URLs_For_Automated_Test.xls' and sheet name 'Passenger Names'

2017-11-28 13:15:28 - [TEST_STEP][PASSED] - Statement - excelRowNo = rawData.getRowNumbers(): null

2017-11-28 13:15:28 - [TEST_STEP][PASSED] - Statement - randomPaxIndex = 1: null

2017-11-28 13:15:28 - [TEST_STEP][PASSED] - waitForElementClickable: Object 'Object Repository/PrimoTours/Old Objects/Coco/PrimoT/Page_Primo Tours  Danmarks bedste c/input_firstname-0_1' is clickable

2017-11-28 13:15:30 - [MESSAGE][PASSED] - Object 'Object Repository/PrimoTours/Old Objects/Coco/PrimoT/Page_Primo Tours  Danmarks bedste c/input_firstname-0_1' is clickable

2017-11-28 13:15:30 - [TEST_STEP][PASSED] - Statement - driver = com.kms.katalon.core.webui.driver.DriverFactory.getWebDriver(): null

2017-11-28 13:15:30 - [TEST_STEP][PASSED] - Statement - roomContainerXpath = "id("booking")/div[@class="wrapper second-bg"]/div[contains(@class,"container-mx")]/div[@class="row"]/div[@class="col-md-12 roomContainer"]": null

2017-11-28 13:15:30 - [TEST_STEP][PASSED] - Statement - roomsCount = driver.findElements(org.openqa.selenium.By.xpath(roomContainerXpath)).size(): null

2017-11-28 13:15:30 - [TEST_STEP][PASSED] - Statement - println("roomsCount=" + roomsCount): null

2017-11-28 13:15:30 - [TEST_STEP][PASSED] - Statement - For ([i = 1, i <= roomsCount, (i++)]): Text 'Sara' is set on object 'Object Repository/PrimoTours/Old Objects/allPaxLastNameFields'

2017-11-28 13:15:30 - [TEST_STEP][PASSED] - Statement - paxInRoomXpath = roomContainerXpath + "[" + i + "]/div[@class="row"]/div[@class="col-md-12"]/div[@class="row"]": null

2017-11-28 13:15:30 - [TEST_STEP][PASSED] - Statement - paxInRoomCount = driver.findElements(org.openqa.selenium.By.xpath(paxInRoomXpath)).size(): null

2017-11-28 13:15:30 - [TEST_STEP][PASSED] - Statement - println("paxInRoomCount=" + paxInRoomCount): null

2017-11-28 13:15:30 - [TEST_STEP][PASSED] - Statement - For ([j = 1, j <= paxInRoomCount, (j++)]): Text 'Sara Garn' is set on object 'Object Repository/PrimoTours/Old Objects/allPaxLastNameFields'

2017-11-28 13:15:30 - [TEST_STEP][PASSED] - Statement - If (i == 1 & j == 1): null

2017-11-28 13:15:30 - [TEST_STEP][PASSED] - Statement - <not implemented yet for class: org.codehaus.groovy.ast.stmt.ContinueStatement>: null

2017-11-28 13:15:30 - [TEST_STEP][PASSED] - Statement - If (i == 1 & j == 1): null

2017-11-28 13:15:30 - [TEST_STEP][PASSED] - Statement - randomPaxIndex = java.lang.Math.abs(new java.util.Random().nextInt() % excelRowNo) + 1: null

2017-11-28 13:15:30 - [TEST_STEP][PASSED] - Statement - println(randomPaxIndex): null

2017-11-28 13:15:30 - [TEST_STEP][PASSED] - Statement - fname = rawData.getValue("FirstName", randomPaxIndex) + " AUT": null

2017-11-28 13:15:30 - [TEST_STEP][PASSED] - Statement - lname = rawData.getValue("LastName", randomPaxIndex): null

2017-11-28 13:15:30 - [TEST_STEP][PASSED] - Statement - pgender = rawData.getValue("Gender", randomPaxIndex): null

2017-11-28 13:15:30 - [TEST_STEP][PASSED] - Statement - pday = rawData.getValue("Day DOB", randomPaxIndex): null

2017-11-28 13:15:30 - [TEST_STEP][PASSED] - Statement - pmonth = rawData.getValue("Month DOB", randomPaxIndex): null

2017-11-28 13:15:30 - [TEST_STEP][PASSED] - Statement - pyear = rawData.getValue("Year DOB", randomPaxIndex): null

2017-11-28 13:15:30 - [TEST_STEP][PASSED] - Statement - paxDetailFields = paxInRoomXpath + "[" + j + "]/div[@class="col-md-x col-md-9"]/div[@class="row paxContainer"]/div[@class="col-md-5"]": null

2017-11-28 13:15:30 - [TEST_STEP][PASSED] - Statement - xpathval = paxDetailFields + "[1]/div[contains(@class,"form-group")]/input[@class="form-control paxFirstName"]": null

2017-11-28 13:15:30 - [TEST_STEP][PASSED] - Statement - println("fn: " + xpathval): null

2017-11-28 13:15:30 - [TEST_STEP][PASSED] - Statement - repObj = com.kms.katalon.core.testobject.ObjectRepository.findTestObject(Object Repository/PrimoTours/Old Objects/allPaxFirstNameFields): Finding Test Object with id 'Object Repository/PrimoTours/Old Objects/allPaxFirstNameFields'

2017-11-28 13:15:30 - [TEST_STEP][PASSED] - Statement - repObj.findProperty("xpath").setValue(xpathval): null

2017-11-28 13:15:30 - [TEST_STEP][PASSED] - setText: Text 'Nielsen AUT' is set on object 'Object Repository/PrimoTours/Old Objects/allPaxFirstNameFields'

2017-11-28 13:15:31 - [MESSAGE][PASSED] - Text 'Nielsen AUT' is set on object 'Object Repository/PrimoTours/Old Objects/allPaxFirstNameFields'

2017-11-28 13:15:31 - [TEST_STEP][PASSED] - Statement - xpathval = paxDetailFields + "[2]/div[contains(@class,"form-group")]/input[@class="form-control paxLastName"]": null

2017-11-28 13:15:31 - [TEST_STEP][PASSED] - Statement - println("ln: " + xpathval): null

2017-11-28 13:15:31 - [TEST_STEP][PASSED] - Statement - repObj = com.kms.katalon.core.testobject.ObjectRepository.findTestObject(Object Repository/PrimoTours/Old Objects/allPaxLastNameFields): Finding Test Object with id 'Object Repository/PrimoTours/Old Objects/allPaxLastNameFields'

2017-11-28 13:15:31 - [TEST_STEP][PASSED] - Statement - repObj.findProperty("xpath").setValue(xpathval): null

2017-11-28 13:15:31 - [TEST_STEP][PASSED] - setText: Text 'Birgitte Mariager' is set on object 'Object Repository/PrimoTours/Old Objects/allPaxLastNameFields'

2017-11-28 13:15:31 - [MESSAGE][PASSED] - Text 'Birgitte Mariager' is set on object 'Object Repository/PrimoTours/Old Objects/allPaxLastNameFields'

2017-11-28 13:15:31 - [TEST_STEP][PASSED] - Statement - If (i == 1 & j == 1): null

2017-11-28 13:15:31 - [TEST_STEP][PASSED] - Statement - randomPaxIndex = java.lang.Math.abs(new java.util.Random().nextInt() % excelRowNo) + 1: null

2017-11-28 13:15:31 - [TEST_STEP][PASSED] - Statement - println(randomPaxIndex): null

2017-11-28 13:15:31 - [TEST_STEP][PASSED] - Statement - fname = rawData.getValue("FirstName", randomPaxIndex) + " AUT": null

2017-11-28 13:15:31 - [TEST_STEP][PASSED] - Statement - lname = rawData.getValue("LastName", randomPaxIndex): null

2017-11-28 13:15:31 - [TEST_STEP][PASSED] - Statement - pgender = rawData.getValue("Gender", randomPaxIndex): null

2017-11-28 13:15:31 - [TEST_STEP][PASSED] - Statement - pday = rawData.getValue("Day DOB", randomPaxIndex): null

2017-11-28 13:15:31 - [TEST_STEP][PASSED] - Statement - pmonth = rawData.getValue("Month DOB", randomPaxIndex): null

2017-11-28 13:15:31 - [TEST_STEP][PASSED] - Statement - pyear = rawData.getValue("Year DOB", randomPaxIndex): null

2017-11-28 13:15:31 - [TEST_STEP][PASSED] - Statement - paxDetailFields = paxInRoomXpath + "[" + j + "]/div[@class="col-md-x col-md-9"]/div[@class="row paxContainer"]/div[@class="col-md-5"]": null

2017-11-28 13:15:31 - [TEST_STEP][PASSED] - Statement - xpathval = paxDetailFields + "[1]/div[contains(@class,"form-group")]/input[@class="form-control paxFirstName"]": null

2017-11-28 13:15:31 - [TEST_STEP][PASSED] - Statement - println("fn: " + xpathval): null

2017-11-28 13:15:31 - [TEST_STEP][PASSED] - Statement - repObj = com.kms.katalon.core.testobject.ObjectRepository.findTestObject(Object Repository/PrimoTours/Old Objects/allPaxFirstNameFields): Finding Test Object with id 'Object Repository/PrimoTours/Old Objects/allPaxFirstNameFields'

2017-11-28 13:15:31 - [TEST_STEP][PASSED] - Statement - repObj.findProperty("xpath").setValue(xpathval): null

2017-11-28 13:15:31 - [TEST_STEP][PASSED] - setText: Text 'Frandsen AUT' is set on object 'Object Repository/PrimoTours/Old Objects/allPaxFirstNameFields'

2017-11-28 13:15:31 - [MESSAGE][PASSED] - Text 'Frandsen AUT' is set on object 'Object Repository/PrimoTours/Old Objects/allPaxFirstNameFields'

2017-11-28 13:15:31 - [TEST_STEP][PASSED] - Statement - xpathval = paxDetailFields + "[2]/div[contains(@class,"form-group")]/input[@class="form-control paxLastName"]": null

2017-11-28 13:15:31 - [TEST_STEP][PASSED] - Statement - println("ln: " + xpathval): null

2017-11-28 13:15:31 - [TEST_STEP][PASSED] - Statement - repObj = com.kms.katalon.core.testobject.ObjectRepository.findTestObject(Object Repository/PrimoTours/Old Objects/allPaxLastNameFields): Finding Test Object with id 'Object Repository/PrimoTours/Old Objects/allPaxLastNameFields'

2017-11-28 13:15:31 - [TEST_STEP][PASSED] - Statement - repObj.findProperty("xpath").setValue(xpathval): null

2017-11-28 13:15:31 - [TEST_STEP][PASSED] - setText: Text 'Anders Lehm' is set on object 'Object Repository/PrimoTours/Old Objects/allPaxLastNameFields'

2017-11-28 13:15:32 - [MESSAGE][PASSED] - Text 'Anders Lehm' is set on object 'Object Repository/PrimoTours/Old Objects/allPaxLastNameFields'

2017-11-28 13:15:32 - [TEST_STEP][PASSED] - Statement - If (i == 1 & j == 1): null

2017-11-28 13:15:32 - [TEST_STEP][PASSED] - Statement - randomPaxIndex = java.lang.Math.abs(new java.util.Random().nextInt() % excelRowNo) + 1: null

2017-11-28 13:15:32 - [TEST_STEP][PASSED] - Statement - println(randomPaxIndex): null

2017-11-28 13:15:32 - [TEST_STEP][PASSED] - Statement - fname = rawData.getValue("FirstName", randomPaxIndex) + " AUT": null

2017-11-28 13:15:32 - [TEST_STEP][PASSED] - Statement - lname = rawData.getValue("LastName", randomPaxIndex): null

2017-11-28 13:15:32 - [TEST_STEP][PASSED] - Statement - pgender = rawData.getValue("Gender", randomPaxIndex): null

2017-11-28 13:15:32 - [TEST_STEP][PASSED] - Statement - pday = rawData.getValue("Day DOB", randomPaxIndex): null

2017-11-28 13:15:32 - [TEST_STEP][PASSED] - Statement - pmonth = rawData.getValue("Month DOB", randomPaxIndex): null

2017-11-28 13:15:32 - [TEST_STEP][PASSED] - Statement - pyear = rawData.getValue("Year DOB", randomPaxIndex): null

2017-11-28 13:15:32 - [TEST_STEP][PASSED] - Statement - paxDetailFields = paxInRoomXpath + "[" + j + "]/div[@class="col-md-x col-md-9"]/div[@class="row paxContainer"]/div[@class="col-md-5"]": null

2017-11-28 13:15:32 - [TEST_STEP][PASSED] - Statement - xpathval = paxDetailFields + "[1]/div[contains(@class,"form-group")]/input[@class="form-control paxFirstName"]": null

2017-11-28 13:15:32 - [TEST_STEP][PASSED] - Statement - println("fn: " + xpathval): null

2017-11-28 13:15:32 - [TEST_STEP][PASSED] - Statement - repObj = com.kms.katalon.core.testobject.ObjectRepository.findTestObject(Object Repository/PrimoTours/Old Objects/allPaxFirstNameFields): Finding Test Object with id 'Object Repository/PrimoTours/Old Objects/allPaxFirstNameFields'

2017-11-28 13:15:32 - [TEST_STEP][PASSED] - Statement - repObj.findProperty("xpath").setValue(xpathval): null

2017-11-28 13:15:32 - [TEST_STEP][PASSED] - setText: Text 'Kliche AUT' is set on object 'Object Repository/PrimoTours/Old Objects/allPaxFirstNameFields'

2017-11-28 13:15:32 - [MESSAGE][PASSED] - Text 'Kliche AUT' is set on object 'Object Repository/PrimoTours/Old Objects/allPaxFirstNameFields'

2017-11-28 13:15:32 - [TEST_STEP][PASSED] - Statement - xpathval = paxDetailFields + "[2]/div[contains(@class,"form-group")]/input[@class="form-control paxLastName"]": null

2017-11-28 13:15:32 - [TEST_STEP][PASSED] - Statement - println("ln: " + xpathval): null

2017-11-28 13:15:32 - [TEST_STEP][PASSED] - Statement - repObj = com.kms.katalon.core.testobject.ObjectRepository.findTestObject(Object Repository/PrimoTours/Old Objects/allPaxLastNameFields): Finding Test Object with id 'Object Repository/PrimoTours/Old Objects/allPaxLastNameFields'

2017-11-28 13:15:32 - [TEST_STEP][PASSED] - Statement - repObj.findProperty("xpath").setValue(xpathval): null

2017-11-28 13:15:32 - [TEST_STEP][PASSED] - setText: Text 'Sara Garn' is set on object 'Object Repository/PrimoTours/Old Objects/allPaxLastNameFields'

2017-11-28 13:15:32 - [MESSAGE][PASSED] - Text 'Sara Garn' is set on object 'Object Repository/PrimoTours/Old Objects/allPaxLastNameFields'

2017-11-28 13:15:32 - [TEST_STEP][PASSED] - Statement - paxInRoomXpath = roomContainerXpath + "[" + i + "]/div[@class="row"]/div[@class="col-md-12"]/div[@class="row"]": null

2017-11-28 13:15:32 - [TEST_STEP][PASSED] - Statement - paxInRoomCount = driver.findElements(org.openqa.selenium.By.xpath(paxInRoomXpath)).size(): null

2017-11-28 13:15:32 - [TEST_STEP][PASSED] - Statement - println("paxInRoomCount=" + paxInRoomCount): null

2017-11-28 13:15:32 - [TEST_STEP][PASSED] - Statement - For ([j = 1, j <= paxInRoomCount, (j++)]): Text 'Inger Mulvad' is set on object 'Object Repository/PrimoTours/Old Objects/allPaxLastNameFields'

2017-11-28 13:15:32 - [TEST_STEP][PASSED] - Statement - If (i == 1 & j == 1): null

2017-11-28 13:15:32 - [TEST_STEP][PASSED] - Statement - randomPaxIndex = java.lang.Math.abs(new java.util.Random().nextInt() % excelRowNo) + 1: null

2017-11-28 13:15:32 - [TEST_STEP][PASSED] - Statement - println(randomPaxIndex): null

2017-11-28 13:15:32 - [TEST_STEP][PASSED] - Statement - fname = rawData.getValue("FirstName", randomPaxIndex) + " AUT": null

2017-11-28 13:15:32 - [TEST_STEP][PASSED] - Statement - lname = rawData.getValue("LastName", randomPaxIndex): null

2017-11-28 13:15:32 - [TEST_STEP][PASSED] - Statement - pgender = rawData.getValue("Gender", randomPaxIndex): null

2017-11-28 13:15:32 - [TEST_STEP][PASSED] - Statement - pday = rawData.getValue("Day DOB", randomPaxIndex): null

2017-11-28 13:15:32 - [TEST_STEP][PASSED] - Statement - pmonth = rawData.getValue("Month DOB", randomPaxIndex): null

2017-11-28 13:15:32 - [TEST_STEP][PASSED] - Statement - pyear = rawData.getValue("Year DOB", randomPaxIndex): null

2017-11-28 13:15:32 - [TEST_STEP][PASSED] - Statement - paxDetailFields = paxInRoomXpath + "[" + j + "]/div[@class="col-md-x col-md-9"]/div[@class="row paxContainer"]/div[@class="col-md-5"]": null

2017-11-28 13:15:32 - [TEST_STEP][PASSED] - Statement - xpathval = paxDetailFields + "[1]/div[contains(@class,"form-group")]/input[@class="form-control paxFirstName"]": null

2017-11-28 13:15:32 - [TEST_STEP][PASSED] - Statement - println("fn: " + xpathval): null

2017-11-28 13:15:32 - [TEST_STEP][PASSED] - Statement - repObj = com.kms.katalon.core.testobject.ObjectRepository.findTestObject(Object Repository/PrimoTours/Old Objects/allPaxFirstNameFields): Finding Test Object with id 'Object Repository/PrimoTours/Old Objects/allPaxFirstNameFields'

2017-11-28 13:15:32 - [TEST_STEP][PASSED] - Statement - repObj.findProperty("xpath").setValue(xpathval): null

2017-11-28 13:15:32 - [TEST_STEP][PASSED] - setText: Text 'Marcussen AUT' is set on object 'Object Repository/PrimoTours/Old Objects/allPaxFirstNameFields'

2017-11-28 13:15:33 - [MESSAGE][PASSED] - Text 'Marcussen AUT' is set on object 'Object Repository/PrimoTours/Old Objects/allPaxFirstNameFields'

2017-11-28 13:15:33 - [TEST_STEP][PASSED] - Statement - xpathval = paxDetailFields + "[2]/div[contains(@class,"form-group")]/input[@class="form-control paxLastName"]": null

2017-11-28 13:15:33 - [TEST_STEP][PASSED] - Statement - println("ln: " + xpathval): null

2017-11-28 13:15:33 - [TEST_STEP][PASSED] - Statement - repObj = com.kms.katalon.core.testobject.ObjectRepository.findTestObject(Object Repository/PrimoTours/Old Objects/allPaxLastNameFields): Finding Test Object with id 'Object Repository/PrimoTours/Old Objects/allPaxLastNameFields'

2017-11-28 13:15:33 - [TEST_STEP][PASSED] - Statement - repObj.findProperty("xpath").setValue(xpathval): null

2017-11-28 13:15:33 - [TEST_STEP][PASSED] - setText: Text 'Ole' is set on object 'Object Repository/PrimoTours/Old Objects/allPaxLastNameFields'

2017-11-28 13:15:33 - [MESSAGE][PASSED] - Text 'Ole' is set on object 'Object Repository/PrimoTours/Old Objects/allPaxLastNameFields'

2017-11-28 13:15:33 - [TEST_STEP][PASSED] - Statement - If (i == 1 & j == 1): null

2017-11-28 13:15:33 - [TEST_STEP][PASSED] - Statement - randomPaxIndex = java.lang.Math.abs(new java.util.Random().nextInt() % excelRowNo) + 1: null

2017-11-28 13:15:33 - [TEST_STEP][PASSED] - Statement - println(randomPaxIndex): null

2017-11-28 13:15:33 - [TEST_STEP][PASSED] - Statement - fname = rawData.getValue("FirstName", randomPaxIndex) + " AUT": null

2017-11-28 13:15:33 - [TEST_STEP][PASSED] - Statement - lname = rawData.getValue("LastName", randomPaxIndex): null

2017-11-28 13:15:33 - [TEST_STEP][PASSED] - Statement - pgender = rawData.getValue("Gender", randomPaxIndex): null

2017-11-28 13:15:33 - [TEST_STEP][PASSED] - Statement - pday = rawData.getValue("Day DOB", randomPaxIndex): null

2017-11-28 13:15:33 - [TEST_STEP][PASSED] - Statement - pmonth = rawData.getValue("Month DOB", randomPaxIndex): null

2017-11-28 13:15:33 - [TEST_STEP][PASSED] - Statement - pyear = rawData.getValue("Year DOB", randomPaxIndex): null

2017-11-28 13:15:33 - [TEST_STEP][PASSED] - Statement - paxDetailFields = paxInRoomXpath + "[" + j + "]/div[@class="col-md-x col-md-9"]/div[@class="row paxContainer"]/div[@class="col-md-5"]": null

2017-11-28 13:15:33 - [TEST_STEP][PASSED] - Statement - xpathval = paxDetailFields + "[1]/div[contains(@class,"form-group")]/input[@class="form-control paxFirstName"]": null

2017-11-28 13:15:33 - [TEST_STEP][PASSED] - Statement - println("fn: " + xpathval): null

2017-11-28 13:15:33 - [TEST_STEP][PASSED] - Statement - repObj = com.kms.katalon.core.testobject.ObjectRepository.findTestObject(Object Repository/PrimoTours/Old Objects/allPaxFirstNameFields): Finding Test Object with id 'Object Repository/PrimoTours/Old Objects/allPaxFirstNameFields'

2017-11-28 13:15:33 - [TEST_STEP][PASSED] - Statement - repObj.findProperty("xpath").setValue(xpathval): null

2017-11-28 13:15:33 - [TEST_STEP][PASSED] - setText: Text 'Rasmussen AUT' is set on object 'Object Repository/PrimoTours/Old Objects/allPaxFirstNameFields'

2017-11-28 13:15:33 - [MESSAGE][PASSED] - Text 'Rasmussen AUT' is set on object 'Object Repository/PrimoTours/Old Objects/allPaxFirstNameFields'

2017-11-28 13:15:33 - [TEST_STEP][PASSED] - Statement - xpathval = paxDetailFields + "[2]/div[contains(@class,"form-group")]/input[@class="form-control paxLastName"]": null

2017-11-28 13:15:33 - [TEST_STEP][PASSED] - Statement - println("ln: " + xpathval): null

2017-11-28 13:15:33 - [TEST_STEP][PASSED] - Statement - repObj = com.kms.katalon.core.testobject.ObjectRepository.findTestObject(Object Repository/PrimoTours/Old Objects/allPaxLastNameFields): Finding Test Object with id 'Object Repository/PrimoTours/Old Objects/allPaxLastNameFields'

2017-11-28 13:15:33 - [TEST_STEP][PASSED] - Statement - repObj.findProperty("xpath").setValue(xpathval): null

2017-11-28 13:15:33 - [TEST_STEP][PASSED] - setText: Text 'Søren Astrup' is set on object 'Object Repository/PrimoTours/Old Objects/allPaxLastNameFields'

2017-11-28 13:15:33 - [MESSAGE][PASSED] - Text 'Søren Astrup' is set on object 'Object Repository/PrimoTours/Old Objects/allPaxLastNameFields'

2017-11-28 13:15:33 - [TEST_STEP][PASSED] - Statement - If (i == 1 & j == 1): null

2017-11-28 13:15:33 - [TEST_STEP][PASSED] - Statement - randomPaxIndex = java.lang.Math.abs(new java.util.Random().nextInt() % excelRowNo) + 1: null

2017-11-28 13:15:33 - [TEST_STEP][PASSED] - Statement - println(randomPaxIndex): null

2017-11-28 13:15:33 - [TEST_STEP][PASSED] - Statement - fname = rawData.getValue("FirstName", randomPaxIndex) + " AUT": null

2017-11-28 13:15:33 - [TEST_STEP][PASSED] - Statement - lname = rawData.getValue("LastName", randomPaxIndex): null

2017-11-28 13:15:33 - [TEST_STEP][PASSED] - Statement - pgender = rawData.getValue("Gender", randomPaxIndex): null

2017-11-28 13:15:33 - [TEST_STEP][PASSED] - Statement - pday = rawData.getValue("Day DOB", randomPaxIndex): null

2017-11-28 13:15:33 - [TEST_STEP][PASSED] - Statement - pmonth = rawData.getValue("Month DOB", randomPaxIndex): null

2017-11-28 13:15:33 - [TEST_STEP][PASSED] - Statement - pyear = rawData.getValue("Year DOB", randomPaxIndex): null

2017-11-28 13:15:33 - [TEST_STEP][PASSED] - Statement - paxDetailFields = paxInRoomXpath + "[" + j + "]/div[@class="col-md-x col-md-9"]/div[@class="row paxContainer"]/div[@class="col-md-5"]": null

2017-11-28 13:15:33 - [TEST_STEP][PASSED] - Statement - xpathval = paxDetailFields + "[1]/div[contains(@class,"form-group")]/input[@class="form-control paxFirstName"]": null

2017-11-28 13:15:33 - [TEST_STEP][PASSED] - Statement - println("fn: " + xpathval): null

2017-11-28 13:15:33 - [TEST_STEP][PASSED] - Statement - repObj = com.kms.katalon.core.testobject.ObjectRepository.findTestObject(Object Repository/PrimoTours/Old Objects/allPaxFirstNameFields): Finding Test Object with id 'Object Repository/PrimoTours/Old Objects/allPaxFirstNameFields'

2017-11-28 13:15:33 - [TEST_STEP][PASSED] - Statement - repObj.findProperty("xpath").setValue(xpathval): null

2017-11-28 13:15:33 - [TEST_STEP][PASSED] - setText: Text 'Poulsen AUT' is set on object 'Object Repository/PrimoTours/Old Objects/allPaxFirstNameFields'

2017-11-28 13:15:34 - [MESSAGE][PASSED] - Text 'Poulsen AUT' is set on object 'Object Repository/PrimoTours/Old Objects/allPaxFirstNameFields'

2017-11-28 13:15:34 - [TEST_STEP][PASSED] - Statement - xpathval = paxDetailFields + "[2]/div[contains(@class,"form-group")]/input[@class="form-control paxLastName"]": null

2017-11-28 13:15:34 - [TEST_STEP][PASSED] - Statement - println("ln: " + xpathval): null

2017-11-28 13:15:34 - [TEST_STEP][PASSED] - Statement - repObj = com.kms.katalon.core.testobject.ObjectRepository.findTestObject(Object Repository/PrimoTours/Old Objects/allPaxLastNameFields): Finding Test Object with id 'Object Repository/PrimoTours/Old Objects/allPaxLastNameFields'

2017-11-28 13:15:34 - [TEST_STEP][PASSED] - Statement - repObj.findProperty("xpath").setValue(xpathval): null

2017-11-28 13:15:34 - [TEST_STEP][PASSED] - setText: Text 'Inger Mulvad' is set on object 'Object Repository/PrimoTours/Old Objects/allPaxLastNameFields'

2017-11-28 13:15:34 - [MESSAGE][PASSED] - Text 'Inger Mulvad' is set on object 'Object Repository/PrimoTours/Old Objects/allPaxLastNameFields'

2017-11-28 13:15:34 - [TEST_STEP][PASSED] - Statement - paxInRoomXpath = roomContainerXpath + "[" + i + "]/div[@class="row"]/div[@class="col-md-12"]/div[@class="row"]": null

2017-11-28 13:15:34 - [TEST_STEP][PASSED] - Statement - paxInRoomCount = driver.findElements(org.openqa.selenium.By.xpath(paxInRoomXpath)).size(): null

2017-11-28 13:15:34 - [TEST_STEP][PASSED] - Statement - println("paxInRoomCount=" + paxInRoomCount): null

2017-11-28 13:15:34 - [TEST_STEP][PASSED] - Statement - For ([j = 1, j <= paxInRoomCount, (j++)]): Text 'Sara' is set on object 'Object Repository/PrimoTours/Old Objects/allPaxLastNameFields'

2017-11-28 13:15:34 - [TEST_STEP][PASSED] - Statement - If (i == 1 & j == 1): null

2017-11-28 13:15:34 - [TEST_STEP][PASSED] - Statement - randomPaxIndex = java.lang.Math.abs(new java.util.Random().nextInt() % excelRowNo) + 1: null

2017-11-28 13:15:34 - [TEST_STEP][PASSED] - Statement - println(randomPaxIndex): null

2017-11-28 13:15:34 - [TEST_STEP][PASSED] - Statement - fname = rawData.getValue("FirstName", randomPaxIndex) + " AUT": null

2017-11-28 13:15:34 - [TEST_STEP][PASSED] - Statement - lname = rawData.getValue("LastName", randomPaxIndex): null

2017-11-28 13:15:34 - [TEST_STEP][PASSED] - Statement - pgender = rawData.getValue("Gender", randomPaxIndex): null

2017-11-28 13:15:34 - [TEST_STEP][PASSED] - Statement - pday = rawData.getValue("Day DOB", randomPaxIndex): null

2017-11-28 13:15:34 - [TEST_STEP][PASSED] - Statement - pmonth = rawData.getValue("Month DOB", randomPaxIndex): null

2017-11-28 13:15:34 - [TEST_STEP][PASSED] - Statement - pyear = rawData.getValue("Year DOB", randomPaxIndex): null

2017-11-28 13:15:34 - [TEST_STEP][PASSED] - Statement - paxDetailFields = paxInRoomXpath + "[" + j + "]/div[@class="col-md-x col-md-9"]/div[@class="row paxContainer"]/div[@class="col-md-5"]": null

2017-11-28 13:15:34 - [TEST_STEP][PASSED] - Statement - xpathval = paxDetailFields + "[1]/div[contains(@class,"form-group")]/input[@class="form-control paxFirstName"]": null

2017-11-28 13:15:34 - [TEST_STEP][PASSED] - Statement - println("fn: " + xpathval): null

2017-11-28 13:15:34 - [TEST_STEP][PASSED] - Statement - repObj = com.kms.katalon.core.testobject.ObjectRepository.findTestObject(Object Repository/PrimoTours/Old Objects/allPaxFirstNameFields): Finding Test Object with id 'Object Repository/PrimoTours/Old Objects/allPaxFirstNameFields'

2017-11-28 13:15:34 - [TEST_STEP][PASSED] - Statement - repObj.findProperty("xpath").setValue(xpathval): null

2017-11-28 13:15:34 - [TEST_STEP][PASSED] - setText: Text 'Kastrup AUT' is set on object 'Object Repository/PrimoTours/Old Objects/allPaxFirstNameFields'

2017-11-28 13:15:34 - [MESSAGE][PASSED] - Text 'Kastrup AUT' is set on object 'Object Repository/PrimoTours/Old Objects/allPaxFirstNameFields'

2017-11-28 13:15:34 - [TEST_STEP][PASSED] - Statement - xpathval = paxDetailFields + "[2]/div[contains(@class,"form-group")]/input[@class="form-control paxLastName"]": null

2017-11-28 13:15:34 - [TEST_STEP][PASSED] - Statement - println("ln: " + xpathval): null

2017-11-28 13:15:34 - [TEST_STEP][PASSED] - Statement - repObj = com.kms.katalon.core.testobject.ObjectRepository.findTestObject(Object Repository/PrimoTours/Old Objects/allPaxLastNameFields): Finding Test Object with id 'Object Repository/PrimoTours/Old Objects/allPaxLastNameFields'

2017-11-28 13:15:34 - [TEST_STEP][PASSED] - Statement - repObj.findProperty("xpath").setValue(xpathval): null

2017-11-28 13:15:34 - [TEST_STEP][PASSED] - setText: Text 'Lene Annette' is set on object 'Object Repository/PrimoTours/Old Objects/allPaxLastNameFields'

2017-11-28 13:15:35 - [MESSAGE][PASSED] - Text 'Lene Annette' is set on object 'Object Repository/PrimoTours/Old Objects/allPaxLastNameFields'

2017-11-28 13:15:35 - [TEST_STEP][PASSED] - Statement - If (i == 1 & j == 1): null

2017-11-28 13:15:35 - [TEST_STEP][PASSED] - Statement - randomPaxIndex = java.lang.Math.abs(new java.util.Random().nextInt() % excelRowNo) + 1: null

2017-11-28 13:15:35 - [TEST_STEP][PASSED] - Statement - println(randomPaxIndex): null

2017-11-28 13:15:35 - [TEST_STEP][PASSED] - Statement - fname = rawData.getValue("FirstName", randomPaxIndex) + " AUT": null

2017-11-28 13:15:35 - [TEST_STEP][PASSED] - Statement - lname = rawData.getValue("LastName", randomPaxIndex): null

2017-11-28 13:15:35 - [TEST_STEP][PASSED] - Statement - pgender = rawData.getValue("Gender", randomPaxIndex): null

2017-11-28 13:15:35 - [TEST_STEP][PASSED] - Statement - pday = rawData.getValue("Day DOB", randomPaxIndex): null

2017-11-28 13:15:35 - [TEST_STEP][PASSED] - Statement - pmonth = rawData.getValue("Month DOB", randomPaxIndex): null

2017-11-28 13:15:35 - [TEST_STEP][PASSED] - Statement - pyear = rawData.getValue("Year DOB", randomPaxIndex): null

2017-11-28 13:15:35 - [TEST_STEP][PASSED] - Statement - paxDetailFields = paxInRoomXpath + "[" + j + "]/div[@class="col-md-x col-md-9"]/div[@class="row paxContainer"]/div[@class="col-md-5"]": null

2017-11-28 13:15:35 - [TEST_STEP][PASSED] - Statement - xpathval = paxDetailFields + "[1]/div[contains(@class,"form-group")]/input[@class="form-control paxFirstName"]": null

2017-11-28 13:15:35 - [TEST_STEP][PASSED] - Statement - println("fn: " + xpathval): null

2017-11-28 13:15:35 - [TEST_STEP][PASSED] - Statement - repObj = com.kms.katalon.core.testobject.ObjectRepository.findTestObject(Object Repository/PrimoTours/Old Objects/allPaxFirstNameFields): Finding Test Object with id 'Object Repository/PrimoTours/Old Objects/allPaxFirstNameFields'

2017-11-28 13:15:35 - [TEST_STEP][PASSED] - Statement - repObj.findProperty("xpath").setValue(xpathval): null

2017-11-28 13:15:35 - [TEST_STEP][PASSED] - setText: Text 'Bernth-Andersen AUT' is set on object 'Object Repository/PrimoTours/Old Objects/allPaxFirstNameFields'

2017-11-28 13:15:35 - [MESSAGE][PASSED] - Text 'Bernth-Andersen AUT' is set on object 'Object Repository/PrimoTours/Old Objects/allPaxFirstNameFields'

2017-11-28 13:15:35 - [TEST_STEP][PASSED] - Statement - xpathval = paxDetailFields + "[2]/div[contains(@class,"form-group")]/input[@class="form-control paxLastName"]": null

2017-11-28 13:15:35 - [TEST_STEP][PASSED] - Statement - println("ln: " + xpathval): null

2017-11-28 13:15:35 - [TEST_STEP][PASSED] - Statement - repObj = com.kms.katalon.core.testobject.ObjectRepository.findTestObject(Object Repository/PrimoTours/Old Objects/allPaxLastNameFields): Finding Test Object with id 'Object Repository/PrimoTours/Old Objects/allPaxLastNameFields'

2017-11-28 13:15:35 - [TEST_STEP][PASSED] - Statement - repObj.findProperty("xpath").setValue(xpathval): null

2017-11-28 13:15:35 - [TEST_STEP][PASSED] - setText: Text 'Sara' is set on object 'Object Repository/PrimoTours/Old Objects/allPaxLastNameFields'

2017-11-28 13:15:35 - [MESSAGE][PASSED] - Text 'Sara' is set on object 'Object Repository/PrimoTours/Old Objects/allPaxLastNameFields'

2017-11-28 13:15:35 - [TEST_STEP][PASSED] - scrollToElement: Scroll to object 'Object Repository/PrimoTours/Old Objects/Coco (1)/PrimoT/SaveBooking2/Success/bookingTotalValue' successfully

2017-11-28 13:15:35 - [MESSAGE][PASSED] - Scroll to object 'Object Repository/PrimoTours/Old Objects/Coco (1)/PrimoT/SaveBooking2/Success/bookingTotalValue' successfully

2017-11-28 13:15:35 - [TEST_STEP][PASSED] - click: Object: 'Object Repository/PrimoTours/Old Objects/Coco (1)/PrimoT/SaveBooking2/Success/bookingTotalValue' is clicked on

2017-11-28 13:15:35 - [MESSAGE][PASSED] - Object: 'Object Repository/PrimoTours/Old Objects/Coco (1)/PrimoT/SaveBooking2/Success/bookingTotalValue' is clicked on

2017-11-28 13:15:35 - [TEST_STEP][PASSED] - scrollToElement: Scroll to object 'Object Repository/PrimoTours/Old Objects/Coco (1)/PrimoT/SaveBooking2/Success/Page_Primo Tours  Danmarks bedste c/i_fa fa-arrow-circle-right' successfully

2017-11-28 13:15:35 - [MESSAGE][PASSED] - Scroll to object 'Object Repository/PrimoTours/Old Objects/Coco (1)/PrimoT/SaveBooking2/Success/Page_Primo Tours  Danmarks bedste c/i_fa fa-arrow-circle-right' successfully

2017-11-28 13:15:35 - [TEST_STEP][PASSED] - waitForElementClickable: Object 'Object Repository/PrimoTours/Old Objects/Coco (1)/PrimoT/SaveBooking2/Success/Page_Primo Tours  Danmarks bedste c/i_fa fa-arrow-circle-right' is clickable

2017-11-28 13:15:35 - [MESSAGE][PASSED] - Object 'Object Repository/PrimoTours/Old Objects/Coco (1)/PrimoT/SaveBooking2/Success/Page_Primo Tours  Danmarks bedste c/i_fa fa-arrow-circle-right' is clickable

2017-11-28 13:15:35 - [TEST_STEP][PASSED] - waitForElementVisible: Object 'Object Repository/PrimoTours/Old Objects/Coco (1)/PrimoT/SaveBooking2/Success/Page_Primo Tours  Danmarks bedste c/i_fa fa-arrow-circle-right' is visible

2017-11-28 13:15:35 - [MESSAGE][PASSED] - Object 'Object Repository/PrimoTours/Old Objects/Coco (1)/PrimoT/SaveBooking2/Success/Page_Primo Tours  Danmarks bedste c/i_fa fa-arrow-circle-right' is visible

2017-11-28 13:15:35 - [TEST_STEP][PASSED] - scrollToElement: Scroll to object 'Object Repository/PrimoTours/Old Objects/Coco (1)/PrimoT/SaveBooking2/Success/Page_Primo Tours  Danmarks bedste c/i_fa fa-arrow-circle-right' successfully

2017-11-28 13:15:36 - [MESSAGE][PASSED] - Scroll to object 'Object Repository/PrimoTours/Old Objects/Coco (1)/PrimoT/SaveBooking2/Success/Page_Primo Tours  Danmarks bedste c/i_fa fa-arrow-circle-right' successfully

2017-11-28 13:15:36 - [TEST_STEP][PASSED] - click: Object: 'Object Repository/PrimoTours/Old Objects/Coco (1)/PrimoT/SaveBooking2/Success/Page_Primo Tours  Danmarks bedste c/i_fa fa-arrow-circle-right' is clicked on

2017-11-28 13:15:36 - [MESSAGE][PASSED] - Object: 'Object Repository/PrimoTours/Old Objects/Coco (1)/PrimoT/SaveBooking2/Success/Page_Primo Tours  Danmarks bedste c/i_fa fa-arrow-circle-right' is clicked on

2017-11-28 13:15:36 - [TEST_STEP][PASSED] - waitForElementNotVisible: Object 'Object Repository/PrimoTours/Old Objects/CCenter/pageLoaderOverlayLayer' is NOT visible

2017-11-28 13:15:38 - [MESSAGE][PASSED] - Object 'Object Repository/PrimoTours/Old Objects/CCenter/pageLoaderOverlayLayer' is NOT visible

2017-11-28 13:15:38 - [TEST_STEP][PASSED] - scrollToElement: Scroll to object 'Object Repository/PrimoTours/Old Objects/Coco/PrimoT/Ins2/Page_Primo Tours  Danmarks bedste c/span_Vlg forsikring' successfully

2017-11-28 13:15:38 - [MESSAGE][PASSED] - Scroll to object 'Object Repository/PrimoTours/Old Objects/Coco/PrimoT/Ins2/Page_Primo Tours  Danmarks bedste c/span_Vlg forsikring' successfully

2017-11-28 13:15:38 - [TEST_STEP][PASSED] - waitForElementPresent: Object 'Object Repository/PrimoTours/Old Objects/Coco/PrimoT/Ins2/Page_Primo Tours  Danmarks bedste c/span_Vlg forsikring' is present

2017-11-28 13:15:38 - [MESSAGE][PASSED] - Object 'Object Repository/PrimoTours/Old Objects/Coco/PrimoT/Ins2/Page_Primo Tours  Danmarks bedste c/span_Vlg forsikring' is present

2017-11-28 13:15:38 - [TEST_STEP][PASSED] - waitForElementVisible: Object 'Object Repository/PrimoTours/Old Objects/Coco/PrimoT/Ins2/Page_Primo Tours  Danmarks bedste c/span_Vlg forsikring' is visible

2017-11-28 13:15:38 - [MESSAGE][PASSED] - Object 'Object Repository/PrimoTours/Old Objects/Coco/PrimoT/Ins2/Page_Primo Tours  Danmarks bedste c/span_Vlg forsikring' is visible

2017-11-28 13:15:38 - [TEST_STEP][PASSED] - waitForElementClickable: Object 'Object Repository/PrimoTours/Old Objects/Coco/PrimoT/Ins2/Page_Primo Tours  Danmarks bedste c/span_Vlg forsikring' is clickable

2017-11-28 13:15:38 - [MESSAGE][PASSED] - Object 'Object Repository/PrimoTours/Old Objects/Coco/PrimoT/Ins2/Page_Primo Tours  Danmarks bedste c/span_Vlg forsikring' is clickable

2017-11-28 13:15:38 - [TEST_STEP][PASSED] - click: Object: 'Object Repository/PrimoTours/Old Objects/Coco/PrimoT/Ins2/Page_Primo Tours  Danmarks bedste c/span_Vlg forsikring' is clicked on

2017-11-28 13:15:38 - [MESSAGE][PASSED] - Object: 'Object Repository/PrimoTours/Old Objects/Coco/PrimoT/Ins2/Page_Primo Tours  Danmarks bedste c/span_Vlg forsikring' is clicked on

2017-11-28 13:15:38 - [TEST_STEP][PASSED] - click: Object: 'Object Repository/PrimoTours/Old Objects/Coco/PrimoT/Ins2/Page_Primo Tours  Danmarks bedste c/li_Har selv forsikring - kr. 0' is clicked on

2017-11-28 13:15:38 - [MESSAGE][PASSED] - Object: 'Object Repository/PrimoTours/Old Objects/Coco/PrimoT/Ins2/Page_Primo Tours  Danmarks bedste c/li_Har selv forsikring - kr. 0' is clicked on

2017-11-28 13:15:38 - [TEST_STEP][NOT_RUN] - click: NOT_RUN: click

2017-11-28 13:15:38 - [MESSAGE][NOT_RUN] - NOT_RUN: click

2017-11-28 13:15:38 - [TEST_STEP][NOT_RUN] - scrollToElement: NOT_RUN: scrollToElement

2017-11-28 13:15:38 - [MESSAGE][NOT_RUN] - NOT_RUN: scrollToElement

2017-11-28 13:15:38 - [TEST_STEP][NOT_RUN] - click: NOT_RUN: click

2017-11-28 13:15:38 - [MESSAGE][NOT_RUN] - NOT_RUN: click

2017-11-28 13:15:38 - [TEST_STEP][PASSED] - waitForElementVisible: Object 'Object Repository/PrimoTours/Old Objects/Coco (1)/PrimoT/SaveBooking2/Page_Primo Tours  Danmarks bedste c/individualInsuranceCheckbox' is visible

2017-11-28 13:15:38 - [MESSAGE][PASSED] - Object 'Object Repository/PrimoTours/Old Objects/Coco (1)/PrimoT/SaveBooking2/Page_Primo Tours  Danmarks bedste c/individualInsuranceCheckbox' is visible

2017-11-28 13:15:38 - [TEST_STEP][PASSED] - scrollToElement: Scroll to object 'Object Repository/PrimoTours/Old Objects/Coco (1)/PrimoT/SaveBooking2/Page_Primo Tours  Danmarks bedste c/individualInsuranceCheckbox' successfully

2017-11-28 13:15:38 - [MESSAGE][PASSED] - Scroll to object 'Object Repository/PrimoTours/Old Objects/Coco (1)/PrimoT/SaveBooking2/Page_Primo Tours  Danmarks bedste c/individualInsuranceCheckbox' successfully

2017-11-28 13:15:38 - [TEST_STEP][PASSED] - click: Object: 'Object Repository/PrimoTours/Old Objects/Coco (1)/PrimoT/SaveBooking2/Page_Primo Tours  Danmarks bedste c/individualInsuranceCheckbox' is clicked on

2017-11-28 13:15:38 - [MESSAGE][PASSED] - Object: 'Object Repository/PrimoTours/Old Objects/Coco (1)/PrimoT/SaveBooking2/Page_Primo Tours  Danmarks bedste c/individualInsuranceCheckbox' is clicked on

2017-11-28 13:15:38 - [TEST_STEP][PASSED] - scrollToElement: Scroll to object 'Object Repository/PrimoTours/Old Objects/Coco (1)/PrimoT/SaveBooking2/Success/firstProdCategIndividualSelectionRadioB' successfully

2017-11-28 13:15:39 - [MESSAGE][PASSED] - Scroll to object 'Object Repository/PrimoTours/Old Objects/Coco (1)/PrimoT/SaveBooking2/Success/firstProdCategIndividualSelectionRadioB' successfully

2017-11-28 13:15:39 - [TEST_STEP][PASSED] - waitForElementClickable: Object 'Object Repository/PrimoTours/Old Objects/Coco (1)/PrimoT/SaveBooking2/Success/firstProdCategIndividualSelectionRadioB' is clickable

2017-11-28 13:15:39 - [MESSAGE][PASSED] - Object 'Object Repository/PrimoTours/Old Objects/Coco (1)/PrimoT/SaveBooking2/Success/firstProdCategIndividualSelectionRadioB' is clickable

2017-11-28 13:15:39 - [TEST_STEP][PASSED] - scrollToElement: Scroll to object 'Object Repository/PrimoTours/Old Objects/Coco (1)/PrimoT/SaveBooking2/Success/firstProdCategIndividualSelectionRadioB' successfully

2017-11-28 13:15:39 - [MESSAGE][PASSED] - Scroll to object 'Object Repository/PrimoTours/Old Objects/Coco (1)/PrimoT/SaveBooking2/Success/firstProdCategIndividualSelectionRadioB' successfully

2017-11-28 13:15:39 - [TEST_STEP][PASSED] - click: Object: 'Object Repository/PrimoTours/Old Objects/Coco (1)/PrimoT/SaveBooking2/Success/firstProdCategIndividualSelectionRadioB' is clicked on

2017-11-28 13:15:39 - [MESSAGE][PASSED] - Object: 'Object Repository/PrimoTours/Old Objects/Coco (1)/PrimoT/SaveBooking2/Success/firstProdCategIndividualSelectionRadioB' is clicked on

2017-11-28 13:15:39 - [TEST_STEP][PASSED] - scrollToElement: Scroll to object 'Object Repository/PrimoTours/Old Objects/Coco (1)/PrimoT/SaveBooking2/Success/firstProdCategSelectForAllPaxCheckbox' successfully

2017-11-28 13:15:39 - [MESSAGE][PASSED] - Scroll to object 'Object Repository/PrimoTours/Old Objects/Coco (1)/PrimoT/SaveBooking2/Success/firstProdCategSelectForAllPaxCheckbox' successfully

2017-11-28 13:15:39 - [TEST_STEP][PASSED] - waitForElementClickable: Object 'Object Repository/PrimoTours/Old Objects/Coco (1)/PrimoT/SaveBooking2/Success/firstProdCategSelectForAllPaxCheckbox' is clickable

2017-11-28 13:15:39 - [MESSAGE][PASSED] - Object 'Object Repository/PrimoTours/Old Objects/Coco (1)/PrimoT/SaveBooking2/Success/firstProdCategSelectForAllPaxCheckbox' is clickable

2017-11-28 13:15:39 - [TEST_STEP][PASSED] - click: Object: 'Object Repository/PrimoTours/Old Objects/Coco (1)/PrimoT/SaveBooking2/Success/firstProdCategSelectForAllPaxCheckbox' is clicked on

2017-11-28 13:15:39 - [MESSAGE][PASSED] - Object: 'Object Repository/PrimoTours/Old Objects/Coco (1)/PrimoT/SaveBooking2/Success/firstProdCategSelectForAllPaxCheckbox' is clicked on

2017-11-28 13:15:39 - [TEST_STEP][NOT_RUN] - scrollToElement: NOT_RUN: scrollToElement

2017-11-28 13:15:39 - [MESSAGE][NOT_RUN] - NOT_RUN: scrollToElement

2017-11-28 13:15:39 - [TEST_STEP][NOT_RUN] - scrollToElement: NOT_RUN: scrollToElement

2017-11-28 13:15:39 - [MESSAGE][NOT_RUN] - NOT_RUN: scrollToElement

2017-11-28 13:15:39 - [TEST_STEP][NOT_RUN] - click: NOT_RUN: click

2017-11-28 13:15:39 - [MESSAGE][NOT_RUN] - NOT_RUN: click

2017-11-28 13:15:39 - [TEST_STEP][PASSED] - scrollToElement: Scroll to object 'Object Repository/PrimoTours/Old Objects/Coco (1)/PrimoT/SaveBooking2/Success/acceptTermsCheckbox' successfully

2017-11-28 13:15:39 - [MESSAGE][PASSED] - Scroll to object 'Object Repository/PrimoTours/Old Objects/Coco (1)/PrimoT/SaveBooking2/Success/acceptTermsCheckbox' successfully

2017-11-28 13:15:39 - [TEST_STEP][FAILED] - click: Unable to click on object 'Object Repository/PrimoTours/Old Objects/Coco (1)/PrimoT/SaveBooking2/Success/acceptTermsCheckbox' (Root cause: org.openqa.selenium.WebDriverException: unknown error: Element <a href="#" class="toggle checkbox kalypto"></a> is not clickable at point (395, 740). Other element would receive the click: <h2>...</h2>
  (Session info: chrome=62.0.3202.94)
  (Driver info: chromedriver=2.33.506120 (e3e53437346286c0bc2d2dc9aa4915ba81d9023f),platform=Windows NT 6.3.9600 x86_64) (WARNING: The server did not provide any stacktrace information)
Command duration or timeout: 0 milliseconds
Build info: version: '3.7.1', revision: '8a0099a', time: '2017-11-06T21:07:36.161Z'
System info: host: 'NEACSUNEW-PC', ip: '10.10.10.211', os.name: 'Windows 8.1', os.arch: 'amd64', os.version: '6.3', java.version: '1.8.0_102'
Driver info: com.kms.katalon.selenium.driver.CChromeDriver
Capabilities {acceptSslCerts: true, applicationCacheEnabled: false, browserConnectionEnabled: false, browserName: chrome, chrome: {chromedriverVersion: 2.33.506120 (e3e53437346286..., userDataDir: C:\Users\Cornel\AppData\Loc...}, cssSelectorsEnabled: true, databaseEnabled: false, handlesAlerts: true, hasTouchScreen: false, javascriptEnabled: true, locationContextEnabled: true, mobileEmulationEnabled: false, nativeEvents: true, networkConnectionEnabled: false, pageLoadStrategy: normal, platform: XP, platformName: XP, rotatable: false, setWindowRect: true, takesHeapSnapshot: true, takesScreenshot: true, unexpectedAlertBehaviour: , unhandledPromptBehavior: , version: 62.0.3202.94, webStorageEnabled: true}
Session ID: 57761a42e966177a94d28ab86e05689d)

2017-11-28 13:15:40 - [MESSAGE][FAILED] - Unable to click on object 'Object Repository/PrimoTours/Old Objects/Coco (1)/PrimoT/SaveBooking2/Success/acceptTermsCheckbox' (Root cause: org.openqa.selenium.WebDriverException: unknown error: Element <a href="#" class="toggle checkbox kalypto"></a> is not clickable at point (395, 740). Other element would receive the click: <h2>...</h2>
  (Session info: chrome=62.0.3202.94)
  (Driver info: chromedriver=2.33.506120 (e3e53437346286c0bc2d2dc9aa4915ba81d9023f),platform=Windows NT 6.3.9600 x86_64) (WARNING: The server did not provide any stacktrace information)
Command duration or timeout: 0 milliseconds
Build info: version: '3.7.1', revision: '8a0099a', time: '2017-11-06T21:07:36.161Z'
System info: host: 'NEACSUNEW-PC', ip: '10.10.10.211', os.name: 'Windows 8.1', os.arch: 'amd64', os.version: '6.3', java.version: '1.8.0_102'
Driver info: com.kms.katalon.selenium.driver.CChromeDriver
Capabilities {acceptSslCerts: true, applicationCacheEnabled: false, browserConnectionEnabled: false, browserName: chrome, chrome: {chromedriverVersion: 2.33.506120 (e3e53437346286..., userDataDir: C:\Users\Cornel\AppData\Loc...}, cssSelectorsEnabled: true, databaseEnabled: false, handlesAlerts: true, hasTouchScreen: false, javascriptEnabled: true, locationContextEnabled: true, mobileEmulationEnabled: false, nativeEvents: true, networkConnectionEnabled: false, pageLoadStrategy: normal, platform: XP, platformName: XP, rotatable: false, setWindowRect: true, takesHeapSnapshot: true, takesScreenshot: true, unexpectedAlertBehaviour: , unhandledPromptBehavior: , version: 62.0.3202.94, webStorageEnabled: true}
Session ID: 57761a42e966177a94d28ab86e05689d)
[[ATTACHMENT|D:\\Software testing\\Tourpaq\\Automated Katalon tests\\Primo WB test\\Reports\\WB Primo From Excel URLs\\20171128_131240\\1511867740089.png]]]]></system-out>
         <system-err><![CDATA[2017-11-28 13:15:20 - [TEST_CASE][FAILED] - Test Cases/PrimoTours/WB Primo/WB Primo staging - place booking - Iteration 8: Test Cases/PrimoTours/WB Primo/WB Primo staging - place booking FAILED because (of) Unable to click on object 'Object Repository/PrimoTours/Old Objects/Coco (1)/PrimoT/SaveBooking2/Success/acceptTermsCheckbox' (Root cause: org.openqa.selenium.WebDriverException: unknown error: Element <a href="#" class="toggle checkbox kalypto"></a> is not clickable at point (395, 740). Other element would receive the click: <h2>...</h2>
  (Session info: chrome=62.0.3202.94)
  (Driver info: chromedriver=2.33.506120 (e3e53437346286c0bc2d2dc9aa4915ba81d9023f),platform=Windows NT 6.3.9600 x86_64) (WARNING: The server did not provide any stacktrace information)
Command duration or timeout: 0 milliseconds
Build info: version: '3.7.1', revision: '8a0099a', time: '2017-11-06T21:07:36.161Z'
System info: host: 'NEACSUNEW-PC', ip: '10.10.10.211', os.name: 'Windows 8.1', os.arch: 'amd64', os.version: '6.3', java.version: '1.8.0_102'
Driver info: com.kms.katalon.selenium.driver.CChromeDriver
Capabilities {acceptSslCerts: true, applicationCacheEnabled: false, browserConnectionEnabled: false, browserName: chrome, chrome: {chromedriverVersion: 2.33.506120 (e3e53437346286..., userDataDir: C:\Users\Cornel\AppData\Loc...}, cssSelectorsEnabled: true, databaseEnabled: false, handlesAlerts: true, hasTouchScreen: false, javascriptEnabled: true, locationContextEnabled: true, mobileEmulationEnabled: false, nativeEvents: true, networkConnectionEnabled: false, pageLoadStrategy: normal, platform: XP, platformName: XP, rotatable: false, setWindowRect: true, takesHeapSnapshot: true, takesScreenshot: true, unexpectedAlertBehaviour: , unhandledPromptBehavior: , version: 62.0.3202.94, webStorageEnabled: true}
Session ID: 57761a42e966177a94d28ab86e05689d)]]></system-err>
      </testcase>
      <testcase name="Test Cases/PrimoTours/WB Primo/WB Primo staging - place booking - Iteration 9" classname="Test Cases/PrimoTours/WB Primo/WB Primo staging - place booking" status="FAILED">
         <failure type="FAILED" message="Test Cases/PrimoTours/WB Primo/WB Primo staging - place booking FAILED because (of) Unable to click on object 'Object Repository/PrimoTours/Old Objects/Coco (1)/PrimoT/SaveBooking2/Page_Primo Tours  Danmarks bedste c/a_btn btn-success col-xs-12 st' (Root cause: org.openqa.selenium.WebDriverException: unknown error: Element &lt;a href=&quot;javascript:;&quot; class=&quot;btn btn-success col-xs-12 step defaultButton disabledElement&quot; data-validator=&quot;options&quot; data-loader=&quot;true&quot; data-bind=&quot;css: tourpaq.bookingEngine.confirmation.nextStepButtonStyle&quot;>...&lt;/a> is not clickable at point (1337, 729). Other element would receive the click: &lt;div class=&quot;col-xs-12 col-md-4 col-md-offset-4 pull-right&quot;>...&lt;/div>
  (Session info: chrome=62.0.3202.94)
  (Driver info: chromedriver=2.33.506120 (e3e53437346286c0bc2d2dc9aa4915ba81d9023f),platform=Windows NT 6.3.9600 x86_64) (WARNING: The server did not provide any stacktrace information)
Command duration or timeout: 0 milliseconds
Build info: version: '3.7.1', revision: '8a0099a', time: '2017-11-06T21:07:36.161Z'
System info: host: 'NEACSUNEW-PC', ip: '10.10.10.211', os.name: 'Windows 8.1', os.arch: 'amd64', os.version: '6.3', java.version: '1.8.0_102'
Driver info: com.kms.katalon.selenium.driver.CChromeDriver
Capabilities {acceptSslCerts: true, applicationCacheEnabled: false, browserConnectionEnabled: false, browserName: chrome, chrome: {chromedriverVersion: 2.33.506120 (e3e53437346286..., userDataDir: C:\Users\Cornel\AppData\Loc...}, cssSelectorsEnabled: true, databaseEnabled: false, handlesAlerts: true, hasTouchScreen: false, javascriptEnabled: true, locationContextEnabled: true, mobileEmulationEnabled: false, nativeEvents: true, networkConnectionEnabled: false, pageLoadStrategy: normal, platform: XP, platformName: XP, rotatable: false, setWindowRect: true, takesHeapSnapshot: true, takesScreenshot: true, unexpectedAlertBehaviour: , unhandledPromptBehavior: , version: 62.0.3202.94, webStorageEnabled: true}
Session ID: e48130473d333bc23a51a050bc25d2cb)"/>
         <system-out><![CDATA[2017-11-28 13:15:40 - [TEST_CASE][FAILED] - Test Cases/PrimoTours/WB Primo/WB Primo staging - place booking - Iteration 9: Test Cases/PrimoTours/WB Primo/WB Primo staging - place booking FAILED because (of) Unable to click on object 'Object Repository/PrimoTours/Old Objects/Coco (1)/PrimoT/SaveBooking2/Page_Primo Tours  Danmarks bedste c/a_btn btn-success col-xs-12 st' (Root cause: org.openqa.selenium.WebDriverException: unknown error: Element <a href="javascript:;" class="btn btn-success col-xs-12 step defaultButton disabledElement" data-validator="options" data-loader="true" data-bind="css: tourpaq.bookingEngine.confirmation.nextStepButtonStyle">...</a> is not clickable at point (1337, 729). Other element would receive the click: <div class="col-xs-12 col-md-4 col-md-offset-4 pull-right">...</div>
  (Session info: chrome=62.0.3202.94)
  (Driver info: chromedriver=2.33.506120 (e3e53437346286c0bc2d2dc9aa4915ba81d9023f),platform=Windows NT 6.3.9600 x86_64) (WARNING: The server did not provide any stacktrace information)
Command duration or timeout: 0 milliseconds
Build info: version: '3.7.1', revision: '8a0099a', time: '2017-11-06T21:07:36.161Z'
System info: host: 'NEACSUNEW-PC', ip: '10.10.10.211', os.name: 'Windows 8.1', os.arch: 'amd64', os.version: '6.3', java.version: '1.8.0_102'
Driver info: com.kms.katalon.selenium.driver.CChromeDriver
Capabilities {acceptSslCerts: true, applicationCacheEnabled: false, browserConnectionEnabled: false, browserName: chrome, chrome: {chromedriverVersion: 2.33.506120 (e3e53437346286..., userDataDir: C:\Users\Cornel\AppData\Loc...}, cssSelectorsEnabled: true, databaseEnabled: false, handlesAlerts: true, hasTouchScreen: false, javascriptEnabled: true, locationContextEnabled: true, mobileEmulationEnabled: false, nativeEvents: true, networkConnectionEnabled: false, pageLoadStrategy: normal, platform: XP, platformName: XP, rotatable: false, setWindowRect: true, takesHeapSnapshot: true, takesScreenshot: true, unexpectedAlertBehaviour: , unhandledPromptBehavior: , version: 62.0.3202.94, webStorageEnabled: true}
Session ID: e48130473d333bc23a51a050bc25d2cb)

2017-11-28 13:15:40 - [TEST_STEP][PASSED] - openBrowser: Browser is opened with url: ''

2017-11-28 13:15:40 - [MESSAGE][WARNING] - A browser is already opened. Closing browser and opening a new one

2017-11-28 13:15:43 - [MESSAGE][PASSED] - Browser is opened with url: ''

2017-11-28 13:15:43 - [TEST_STEP][PASSED] - maximizeWindow: Current window maximized

2017-11-28 13:15:44 - [MESSAGE][PASSED] - Current window maximized

2017-11-28 13:15:44 - [TEST_STEP][PASSED] - navigateToUrl: Navigate to 'https://staging-primotours-webbooking.tourpaq.com/DoBooking.aspx?pltaID=1480269&p=2&rno=1&pt=1&a=2&c=0&aa=&ca=' successfully

2017-11-28 13:15:46 - [MESSAGE][PASSED] - Navigate to 'https://staging-primotours-webbooking.tourpaq.com/DoBooking.aspx?pltaID=1480269&p=2&rno=1&pt=1&a=2&c=0&aa=&ca=' successfully

2017-11-28 13:15:46 - [TEST_STEP][PASSED] - setText: Text 'Pedersen AUT' is set on object 'Object Repository/PrimoTours/Old Objects/Coco/PrimoT/Page_Primo Tours  Danmarks bedste c/input_firstName'

2017-11-28 13:15:47 - [MESSAGE][PASSED] - Text 'Pedersen AUT' is set on object 'Object Repository/PrimoTours/Old Objects/Coco/PrimoT/Page_Primo Tours  Danmarks bedste c/input_firstName'

2017-11-28 13:15:47 - [TEST_STEP][PASSED] - setText: Text 'Vibe Dalby' is set on object 'Object Repository/PrimoTours/Old Objects/Coco/PrimoT/Page_Primo Tours  Danmarks bedste c/input_lastName'

2017-11-28 13:15:47 - [MESSAGE][PASSED] - Text 'Vibe Dalby' is set on object 'Object Repository/PrimoTours/Old Objects/Coco/PrimoT/Page_Primo Tours  Danmarks bedste c/input_lastName'

2017-11-28 13:15:47 - [TEST_STEP][PASSED] - setText: Text 'Home address' is set on object 'Object Repository/PrimoTours/Old Objects/Coco/PrimoT/Page_Primo Tours  Danmarks bedste c/input_customerAddress'

2017-11-28 13:15:47 - [MESSAGE][PASSED] - Text 'Home address' is set on object 'Object Repository/PrimoTours/Old Objects/Coco/PrimoT/Page_Primo Tours  Danmarks bedste c/input_customerAddress'

2017-11-28 13:15:47 - [TEST_STEP][PASSED] - setText: Text '6700' is set on object 'Object Repository/PrimoTours/Old Objects/Coco/PrimoT/Page_Primo Tours  Danmarks bedste c/input_customerPostcode'

2017-11-28 13:15:48 - [MESSAGE][PASSED] - Text '6700' is set on object 'Object Repository/PrimoTours/Old Objects/Coco/PrimoT/Page_Primo Tours  Danmarks bedste c/input_customerPostcode'

2017-11-28 13:15:48 - [TEST_STEP][PASSED] - setText: Text 'cornel.neacsu@roweb.ro' is set on object 'Object Repository/PrimoTours/Old Objects/Coco/PrimoT/Page_Primo Tours  Danmarks bedste c/input_customerEmail'

2017-11-28 13:15:48 - [MESSAGE][PASSED] - Text 'cornel.neacsu@roweb.ro' is set on object 'Object Repository/PrimoTours/Old Objects/Coco/PrimoT/Page_Primo Tours  Danmarks bedste c/input_customerEmail'

2017-11-28 13:15:48 - [TEST_STEP][PASSED] - setText: Text '12345678' is set on object 'Object Repository/PrimoTours/Old Objects/Coco/PrimoT/Page_Primo Tours  Danmarks bedste c/input_customerPhone'

2017-11-28 13:15:48 - [MESSAGE][PASSED] - Text '12345678' is set on object 'Object Repository/PrimoTours/Old Objects/Coco/PrimoT/Page_Primo Tours  Danmarks bedste c/input_customerPhone'

2017-11-28 13:15:48 - [TEST_STEP][PASSED] - Statement - excelInfo = ["fname":"", "lname":"", "pgender":"", "pday":"", "pmonth":"", "pyear":""]: null

2017-11-28 13:15:48 - [TEST_STEP][PASSED] - Statement - rawData = com.kms.katalon.core.testdata.TestDataFactory.findTestData("Data Files/WB_Primo/Passenger_details"): Reading excel file with source file 'D:\Software testing\Tourpaq\Automated Katalon tests\Primo WB test\Data Files\Primo_URLs_For_Automated_Test.xls' and sheet name 'Passenger Names'

2017-11-28 13:15:48 - [TEST_STEP][PASSED] - Statement - excelRowNo = rawData.getRowNumbers(): null

2017-11-28 13:15:48 - [TEST_STEP][PASSED] - Statement - randomPaxIndex = 1: null

2017-11-28 13:15:48 - [TEST_STEP][PASSED] - waitForElementClickable: Object 'Object Repository/PrimoTours/Old Objects/Coco/PrimoT/Page_Primo Tours  Danmarks bedste c/input_firstname-0_1' is clickable

2017-11-28 13:15:50 - [MESSAGE][PASSED] - Object 'Object Repository/PrimoTours/Old Objects/Coco/PrimoT/Page_Primo Tours  Danmarks bedste c/input_firstname-0_1' is clickable

2017-11-28 13:15:50 - [TEST_STEP][PASSED] - Statement - driver = com.kms.katalon.core.webui.driver.DriverFactory.getWebDriver(): null

2017-11-28 13:15:50 - [TEST_STEP][PASSED] - Statement - roomContainerXpath = "id("booking")/div[@class="wrapper second-bg"]/div[contains(@class,"container-mx")]/div[@class="row"]/div[@class="col-md-12 roomContainer"]": null

2017-11-28 13:15:50 - [TEST_STEP][PASSED] - Statement - roomsCount = driver.findElements(org.openqa.selenium.By.xpath(roomContainerXpath)).size(): null

2017-11-28 13:15:50 - [TEST_STEP][PASSED] - Statement - println("roomsCount=" + roomsCount): null

2017-11-28 13:15:50 - [TEST_STEP][PASSED] - Statement - For ([i = 1, i <= roomsCount, (i++)]): Text 'Ingeborg Buhr' is set on object 'Object Repository/PrimoTours/Old Objects/allPaxLastNameFields'

2017-11-28 13:15:50 - [TEST_STEP][PASSED] - Statement - paxInRoomXpath = roomContainerXpath + "[" + i + "]/div[@class="row"]/div[@class="col-md-12"]/div[@class="row"]": null

2017-11-28 13:15:50 - [TEST_STEP][PASSED] - Statement - paxInRoomCount = driver.findElements(org.openqa.selenium.By.xpath(paxInRoomXpath)).size(): null

2017-11-28 13:15:50 - [TEST_STEP][PASSED] - Statement - println("paxInRoomCount=" + paxInRoomCount): null

2017-11-28 13:15:50 - [TEST_STEP][PASSED] - Statement - For ([j = 1, j <= paxInRoomCount, (j++)]): Text 'Ingeborg Buhr' is set on object 'Object Repository/PrimoTours/Old Objects/allPaxLastNameFields'

2017-11-28 13:15:50 - [TEST_STEP][PASSED] - Statement - If (i == 1 & j == 1): null

2017-11-28 13:15:50 - [TEST_STEP][PASSED] - Statement - <not implemented yet for class: org.codehaus.groovy.ast.stmt.ContinueStatement>: null

2017-11-28 13:15:50 - [TEST_STEP][PASSED] - Statement - If (i == 1 & j == 1): null

2017-11-28 13:15:50 - [TEST_STEP][PASSED] - Statement - randomPaxIndex = java.lang.Math.abs(new java.util.Random().nextInt() % excelRowNo) + 1: null

2017-11-28 13:15:50 - [TEST_STEP][PASSED] - Statement - println(randomPaxIndex): null

2017-11-28 13:15:50 - [TEST_STEP][PASSED] - Statement - fname = rawData.getValue("FirstName", randomPaxIndex) + " AUT": null

2017-11-28 13:15:50 - [TEST_STEP][PASSED] - Statement - lname = rawData.getValue("LastName", randomPaxIndex): null

2017-11-28 13:15:50 - [TEST_STEP][PASSED] - Statement - pgender = rawData.getValue("Gender", randomPaxIndex): null

2017-11-28 13:15:50 - [TEST_STEP][PASSED] - Statement - pday = rawData.getValue("Day DOB", randomPaxIndex): null

2017-11-28 13:15:50 - [TEST_STEP][PASSED] - Statement - pmonth = rawData.getValue("Month DOB", randomPaxIndex): null

2017-11-28 13:15:50 - [TEST_STEP][PASSED] - Statement - pyear = rawData.getValue("Year DOB", randomPaxIndex): null

2017-11-28 13:15:50 - [TEST_STEP][PASSED] - Statement - paxDetailFields = paxInRoomXpath + "[" + j + "]/div[@class="col-md-x col-md-9"]/div[@class="row paxContainer"]/div[@class="col-md-5"]": null

2017-11-28 13:15:50 - [TEST_STEP][PASSED] - Statement - xpathval = paxDetailFields + "[1]/div[contains(@class,"form-group")]/input[@class="form-control paxFirstName"]": null

2017-11-28 13:15:50 - [TEST_STEP][PASSED] - Statement - println("fn: " + xpathval): null

2017-11-28 13:15:50 - [TEST_STEP][PASSED] - Statement - repObj = com.kms.katalon.core.testobject.ObjectRepository.findTestObject(Object Repository/PrimoTours/Old Objects/allPaxFirstNameFields): Finding Test Object with id 'Object Repository/PrimoTours/Old Objects/allPaxFirstNameFields'

2017-11-28 13:15:50 - [TEST_STEP][PASSED] - Statement - repObj.findProperty("xpath").setValue(xpathval): null

2017-11-28 13:15:50 - [TEST_STEP][PASSED] - setText: Text 'Olsen AUT' is set on object 'Object Repository/PrimoTours/Old Objects/allPaxFirstNameFields'

2017-11-28 13:15:50 - [MESSAGE][PASSED] - Text 'Olsen AUT' is set on object 'Object Repository/PrimoTours/Old Objects/allPaxFirstNameFields'

2017-11-28 13:15:50 - [TEST_STEP][PASSED] - Statement - xpathval = paxDetailFields + "[2]/div[contains(@class,"form-group")]/input[@class="form-control paxLastName"]": null

2017-11-28 13:15:50 - [TEST_STEP][PASSED] - Statement - println("ln: " + xpathval): null

2017-11-28 13:15:50 - [TEST_STEP][PASSED] - Statement - repObj = com.kms.katalon.core.testobject.ObjectRepository.findTestObject(Object Repository/PrimoTours/Old Objects/allPaxLastNameFields): Finding Test Object with id 'Object Repository/PrimoTours/Old Objects/allPaxLastNameFields'

2017-11-28 13:15:50 - [TEST_STEP][PASSED] - Statement - repObj.findProperty("xpath").setValue(xpathval): null

2017-11-28 13:15:50 - [TEST_STEP][PASSED] - setText: Text 'Ingeborg Buhr' is set on object 'Object Repository/PrimoTours/Old Objects/allPaxLastNameFields'

2017-11-28 13:15:50 - [MESSAGE][PASSED] - Text 'Ingeborg Buhr' is set on object 'Object Repository/PrimoTours/Old Objects/allPaxLastNameFields'

2017-11-28 13:15:50 - [TEST_STEP][PASSED] - scrollToElement: Scroll to object 'Object Repository/PrimoTours/Old Objects/Coco (1)/PrimoT/SaveBooking2/Success/bookingTotalValue' successfully

2017-11-28 13:15:50 - [MESSAGE][PASSED] - Scroll to object 'Object Repository/PrimoTours/Old Objects/Coco (1)/PrimoT/SaveBooking2/Success/bookingTotalValue' successfully

2017-11-28 13:15:50 - [TEST_STEP][PASSED] - click: Object: 'Object Repository/PrimoTours/Old Objects/Coco (1)/PrimoT/SaveBooking2/Success/bookingTotalValue' is clicked on

2017-11-28 13:15:51 - [MESSAGE][PASSED] - Object: 'Object Repository/PrimoTours/Old Objects/Coco (1)/PrimoT/SaveBooking2/Success/bookingTotalValue' is clicked on

2017-11-28 13:15:51 - [TEST_STEP][PASSED] - scrollToElement: Scroll to object 'Object Repository/PrimoTours/Old Objects/Coco (1)/PrimoT/SaveBooking2/Success/Page_Primo Tours  Danmarks bedste c/i_fa fa-arrow-circle-right' successfully

2017-11-28 13:15:51 - [MESSAGE][PASSED] - Scroll to object 'Object Repository/PrimoTours/Old Objects/Coco (1)/PrimoT/SaveBooking2/Success/Page_Primo Tours  Danmarks bedste c/i_fa fa-arrow-circle-right' successfully

2017-11-28 13:15:51 - [TEST_STEP][PASSED] - waitForElementClickable: Object 'Object Repository/PrimoTours/Old Objects/Coco (1)/PrimoT/SaveBooking2/Success/Page_Primo Tours  Danmarks bedste c/i_fa fa-arrow-circle-right' is clickable

2017-11-28 13:15:51 - [MESSAGE][PASSED] - Object 'Object Repository/PrimoTours/Old Objects/Coco (1)/PrimoT/SaveBooking2/Success/Page_Primo Tours  Danmarks bedste c/i_fa fa-arrow-circle-right' is clickable

2017-11-28 13:15:51 - [TEST_STEP][PASSED] - waitForElementVisible: Object 'Object Repository/PrimoTours/Old Objects/Coco (1)/PrimoT/SaveBooking2/Success/Page_Primo Tours  Danmarks bedste c/i_fa fa-arrow-circle-right' is visible

2017-11-28 13:15:51 - [MESSAGE][PASSED] - Object 'Object Repository/PrimoTours/Old Objects/Coco (1)/PrimoT/SaveBooking2/Success/Page_Primo Tours  Danmarks bedste c/i_fa fa-arrow-circle-right' is visible

2017-11-28 13:15:51 - [TEST_STEP][PASSED] - scrollToElement: Scroll to object 'Object Repository/PrimoTours/Old Objects/Coco (1)/PrimoT/SaveBooking2/Success/Page_Primo Tours  Danmarks bedste c/i_fa fa-arrow-circle-right' successfully

2017-11-28 13:15:51 - [MESSAGE][PASSED] - Scroll to object 'Object Repository/PrimoTours/Old Objects/Coco (1)/PrimoT/SaveBooking2/Success/Page_Primo Tours  Danmarks bedste c/i_fa fa-arrow-circle-right' successfully

2017-11-28 13:15:51 - [TEST_STEP][PASSED] - click: Object: 'Object Repository/PrimoTours/Old Objects/Coco (1)/PrimoT/SaveBooking2/Success/Page_Primo Tours  Danmarks bedste c/i_fa fa-arrow-circle-right' is clicked on

2017-11-28 13:15:51 - [MESSAGE][PASSED] - Object: 'Object Repository/PrimoTours/Old Objects/Coco (1)/PrimoT/SaveBooking2/Success/Page_Primo Tours  Danmarks bedste c/i_fa fa-arrow-circle-right' is clicked on

2017-11-28 13:15:51 - [TEST_STEP][PASSED] - waitForElementNotVisible: Object 'Object Repository/PrimoTours/Old Objects/CCenter/pageLoaderOverlayLayer' is NOT visible

2017-11-28 13:15:52 - [MESSAGE][PASSED] - Object 'Object Repository/PrimoTours/Old Objects/CCenter/pageLoaderOverlayLayer' is NOT visible

2017-11-28 13:15:52 - [TEST_STEP][PASSED] - scrollToElement: Scroll to object 'Object Repository/PrimoTours/Old Objects/Coco/PrimoT/Ins2/Page_Primo Tours  Danmarks bedste c/span_Vlg forsikring' successfully

2017-11-28 13:15:52 - [MESSAGE][PASSED] - Scroll to object 'Object Repository/PrimoTours/Old Objects/Coco/PrimoT/Ins2/Page_Primo Tours  Danmarks bedste c/span_Vlg forsikring' successfully

2017-11-28 13:15:52 - [TEST_STEP][PASSED] - waitForElementPresent: Object 'Object Repository/PrimoTours/Old Objects/Coco/PrimoT/Ins2/Page_Primo Tours  Danmarks bedste c/span_Vlg forsikring' is present

2017-11-28 13:15:52 - [MESSAGE][PASSED] - Object 'Object Repository/PrimoTours/Old Objects/Coco/PrimoT/Ins2/Page_Primo Tours  Danmarks bedste c/span_Vlg forsikring' is present

2017-11-28 13:15:52 - [TEST_STEP][PASSED] - waitForElementVisible: Object 'Object Repository/PrimoTours/Old Objects/Coco/PrimoT/Ins2/Page_Primo Tours  Danmarks bedste c/span_Vlg forsikring' is visible

2017-11-28 13:15:52 - [MESSAGE][PASSED] - Object 'Object Repository/PrimoTours/Old Objects/Coco/PrimoT/Ins2/Page_Primo Tours  Danmarks bedste c/span_Vlg forsikring' is visible

2017-11-28 13:15:52 - [TEST_STEP][PASSED] - waitForElementClickable: Object 'Object Repository/PrimoTours/Old Objects/Coco/PrimoT/Ins2/Page_Primo Tours  Danmarks bedste c/span_Vlg forsikring' is clickable

2017-11-28 13:15:52 - [MESSAGE][PASSED] - Object 'Object Repository/PrimoTours/Old Objects/Coco/PrimoT/Ins2/Page_Primo Tours  Danmarks bedste c/span_Vlg forsikring' is clickable

2017-11-28 13:15:52 - [TEST_STEP][PASSED] - click: Object: 'Object Repository/PrimoTours/Old Objects/Coco/PrimoT/Ins2/Page_Primo Tours  Danmarks bedste c/span_Vlg forsikring' is clicked on

2017-11-28 13:15:52 - [MESSAGE][PASSED] - Object: 'Object Repository/PrimoTours/Old Objects/Coco/PrimoT/Ins2/Page_Primo Tours  Danmarks bedste c/span_Vlg forsikring' is clicked on

2017-11-28 13:15:52 - [TEST_STEP][PASSED] - click: Object: 'Object Repository/PrimoTours/Old Objects/Coco/PrimoT/Ins2/Page_Primo Tours  Danmarks bedste c/li_Har selv forsikring - kr. 0' is clicked on

2017-11-28 13:15:52 - [MESSAGE][PASSED] - Object: 'Object Repository/PrimoTours/Old Objects/Coco/PrimoT/Ins2/Page_Primo Tours  Danmarks bedste c/li_Har selv forsikring - kr. 0' is clicked on

2017-11-28 13:15:52 - [TEST_STEP][NOT_RUN] - click: NOT_RUN: click

2017-11-28 13:15:52 - [MESSAGE][NOT_RUN] - NOT_RUN: click

2017-11-28 13:15:52 - [TEST_STEP][NOT_RUN] - scrollToElement: NOT_RUN: scrollToElement

2017-11-28 13:15:52 - [MESSAGE][NOT_RUN] - NOT_RUN: scrollToElement

2017-11-28 13:15:52 - [TEST_STEP][NOT_RUN] - click: NOT_RUN: click

2017-11-28 13:15:52 - [MESSAGE][NOT_RUN] - NOT_RUN: click

2017-11-28 13:15:52 - [TEST_STEP][PASSED] - waitForElementVisible: Object 'Object Repository/PrimoTours/Old Objects/Coco (1)/PrimoT/SaveBooking2/Page_Primo Tours  Danmarks bedste c/individualInsuranceCheckbox' is visible

2017-11-28 13:15:52 - [MESSAGE][PASSED] - Object 'Object Repository/PrimoTours/Old Objects/Coco (1)/PrimoT/SaveBooking2/Page_Primo Tours  Danmarks bedste c/individualInsuranceCheckbox' is visible

2017-11-28 13:15:52 - [TEST_STEP][PASSED] - scrollToElement: Scroll to object 'Object Repository/PrimoTours/Old Objects/Coco (1)/PrimoT/SaveBooking2/Page_Primo Tours  Danmarks bedste c/individualInsuranceCheckbox' successfully

2017-11-28 13:15:52 - [MESSAGE][PASSED] - Scroll to object 'Object Repository/PrimoTours/Old Objects/Coco (1)/PrimoT/SaveBooking2/Page_Primo Tours  Danmarks bedste c/individualInsuranceCheckbox' successfully

2017-11-28 13:15:52 - [TEST_STEP][PASSED] - click: Object: 'Object Repository/PrimoTours/Old Objects/Coco (1)/PrimoT/SaveBooking2/Page_Primo Tours  Danmarks bedste c/individualInsuranceCheckbox' is clicked on

2017-11-28 13:15:52 - [MESSAGE][PASSED] - Object: 'Object Repository/PrimoTours/Old Objects/Coco (1)/PrimoT/SaveBooking2/Page_Primo Tours  Danmarks bedste c/individualInsuranceCheckbox' is clicked on

2017-11-28 13:15:52 - [TEST_STEP][PASSED] - scrollToElement: Scroll to object 'Object Repository/PrimoTours/Old Objects/Coco (1)/PrimoT/SaveBooking2/Success/firstProdCategIndividualSelectionRadioB' successfully

2017-11-28 13:15:52 - [MESSAGE][PASSED] - Scroll to object 'Object Repository/PrimoTours/Old Objects/Coco (1)/PrimoT/SaveBooking2/Success/firstProdCategIndividualSelectionRadioB' successfully

2017-11-28 13:15:52 - [TEST_STEP][PASSED] - waitForElementClickable: Object 'Object Repository/PrimoTours/Old Objects/Coco (1)/PrimoT/SaveBooking2/Success/firstProdCategIndividualSelectionRadioB' is clickable

2017-11-28 13:15:53 - [MESSAGE][PASSED] - Object 'Object Repository/PrimoTours/Old Objects/Coco (1)/PrimoT/SaveBooking2/Success/firstProdCategIndividualSelectionRadioB' is clickable

2017-11-28 13:15:53 - [TEST_STEP][PASSED] - scrollToElement: Scroll to object 'Object Repository/PrimoTours/Old Objects/Coco (1)/PrimoT/SaveBooking2/Success/firstProdCategIndividualSelectionRadioB' successfully

2017-11-28 13:15:53 - [MESSAGE][PASSED] - Scroll to object 'Object Repository/PrimoTours/Old Objects/Coco (1)/PrimoT/SaveBooking2/Success/firstProdCategIndividualSelectionRadioB' successfully

2017-11-28 13:15:53 - [TEST_STEP][PASSED] - click: Object: 'Object Repository/PrimoTours/Old Objects/Coco (1)/PrimoT/SaveBooking2/Success/firstProdCategIndividualSelectionRadioB' is clicked on

2017-11-28 13:15:53 - [MESSAGE][PASSED] - Object: 'Object Repository/PrimoTours/Old Objects/Coco (1)/PrimoT/SaveBooking2/Success/firstProdCategIndividualSelectionRadioB' is clicked on

2017-11-28 13:15:53 - [TEST_STEP][PASSED] - scrollToElement: Scroll to object 'Object Repository/PrimoTours/Old Objects/Coco (1)/PrimoT/SaveBooking2/Success/firstProdCategSelectForAllPaxCheckbox' successfully

2017-11-28 13:15:53 - [MESSAGE][PASSED] - Scroll to object 'Object Repository/PrimoTours/Old Objects/Coco (1)/PrimoT/SaveBooking2/Success/firstProdCategSelectForAllPaxCheckbox' successfully

2017-11-28 13:15:53 - [TEST_STEP][PASSED] - waitForElementClickable: Object 'Object Repository/PrimoTours/Old Objects/Coco (1)/PrimoT/SaveBooking2/Success/firstProdCategSelectForAllPaxCheckbox' is clickable

2017-11-28 13:15:53 - [MESSAGE][PASSED] - Object 'Object Repository/PrimoTours/Old Objects/Coco (1)/PrimoT/SaveBooking2/Success/firstProdCategSelectForAllPaxCheckbox' is clickable

2017-11-28 13:15:53 - [TEST_STEP][PASSED] - click: Object: 'Object Repository/PrimoTours/Old Objects/Coco (1)/PrimoT/SaveBooking2/Success/firstProdCategSelectForAllPaxCheckbox' is clicked on

2017-11-28 13:15:53 - [MESSAGE][PASSED] - Object: 'Object Repository/PrimoTours/Old Objects/Coco (1)/PrimoT/SaveBooking2/Success/firstProdCategSelectForAllPaxCheckbox' is clicked on

2017-11-28 13:15:53 - [TEST_STEP][NOT_RUN] - scrollToElement: NOT_RUN: scrollToElement

2017-11-28 13:15:53 - [MESSAGE][NOT_RUN] - NOT_RUN: scrollToElement

2017-11-28 13:15:53 - [TEST_STEP][NOT_RUN] - scrollToElement: NOT_RUN: scrollToElement

2017-11-28 13:15:53 - [MESSAGE][NOT_RUN] - NOT_RUN: scrollToElement

2017-11-28 13:15:53 - [TEST_STEP][NOT_RUN] - click: NOT_RUN: click

2017-11-28 13:15:53 - [MESSAGE][NOT_RUN] - NOT_RUN: click

2017-11-28 13:15:53 - [TEST_STEP][PASSED] - scrollToElement: Scroll to object 'Object Repository/PrimoTours/Old Objects/Coco (1)/PrimoT/SaveBooking2/Success/acceptTermsCheckbox' successfully

2017-11-28 13:15:53 - [MESSAGE][PASSED] - Scroll to object 'Object Repository/PrimoTours/Old Objects/Coco (1)/PrimoT/SaveBooking2/Success/acceptTermsCheckbox' successfully

2017-11-28 13:15:53 - [TEST_STEP][PASSED] - click: Object: 'Object Repository/PrimoTours/Old Objects/Coco (1)/PrimoT/SaveBooking2/Success/acceptTermsCheckbox' is clicked on

2017-11-28 13:15:53 - [MESSAGE][PASSED] - Object: 'Object Repository/PrimoTours/Old Objects/Coco (1)/PrimoT/SaveBooking2/Success/acceptTermsCheckbox' is clicked on

2017-11-28 13:15:53 - [TEST_STEP][PASSED] - waitForElementClickable: Object 'Object Repository/PrimoTours/Old Objects/Coco (1)/PrimoT/SaveBooking2/Page_Primo Tours  Danmarks bedste c/a_btn btn-success col-xs-12 st' is clickable

2017-11-28 13:15:53 - [MESSAGE][PASSED] - Object 'Object Repository/PrimoTours/Old Objects/Coco (1)/PrimoT/SaveBooking2/Page_Primo Tours  Danmarks bedste c/a_btn btn-success col-xs-12 st' is clickable

2017-11-28 13:15:53 - [TEST_STEP][PASSED] - scrollToElement: Scroll to object 'Object Repository/PrimoTours/Old Objects/Coco (1)/PrimoT/SaveBooking2/Page_Primo Tours  Danmarks bedste c/a_btn btn-success col-xs-12 st' successfully

2017-11-28 13:15:54 - [MESSAGE][PASSED] - Scroll to object 'Object Repository/PrimoTours/Old Objects/Coco (1)/PrimoT/SaveBooking2/Page_Primo Tours  Danmarks bedste c/a_btn btn-success col-xs-12 st' successfully

2017-11-28 13:15:54 - [TEST_STEP][FAILED] - click: Unable to click on object 'Object Repository/PrimoTours/Old Objects/Coco (1)/PrimoT/SaveBooking2/Page_Primo Tours  Danmarks bedste c/a_btn btn-success col-xs-12 st' (Root cause: org.openqa.selenium.WebDriverException: unknown error: Element <a href="javascript:;" class="btn btn-success col-xs-12 step defaultButton disabledElement" data-validator="options" data-loader="true" data-bind="css: tourpaq.bookingEngine.confirmation.nextStepButtonStyle">...</a> is not clickable at point (1337, 729). Other element would receive the click: <div class="col-xs-12 col-md-4 col-md-offset-4 pull-right">...</div>
  (Session info: chrome=62.0.3202.94)
  (Driver info: chromedriver=2.33.506120 (e3e53437346286c0bc2d2dc9aa4915ba81d9023f),platform=Windows NT 6.3.9600 x86_64) (WARNING: The server did not provide any stacktrace information)
Command duration or timeout: 0 milliseconds
Build info: version: '3.7.1', revision: '8a0099a', time: '2017-11-06T21:07:36.161Z'
System info: host: 'NEACSUNEW-PC', ip: '10.10.10.211', os.name: 'Windows 8.1', os.arch: 'amd64', os.version: '6.3', java.version: '1.8.0_102'
Driver info: com.kms.katalon.selenium.driver.CChromeDriver
Capabilities {acceptSslCerts: true, applicationCacheEnabled: false, browserConnectionEnabled: false, browserName: chrome, chrome: {chromedriverVersion: 2.33.506120 (e3e53437346286..., userDataDir: C:\Users\Cornel\AppData\Loc...}, cssSelectorsEnabled: true, databaseEnabled: false, handlesAlerts: true, hasTouchScreen: false, javascriptEnabled: true, locationContextEnabled: true, mobileEmulationEnabled: false, nativeEvents: true, networkConnectionEnabled: false, pageLoadStrategy: normal, platform: XP, platformName: XP, rotatable: false, setWindowRect: true, takesHeapSnapshot: true, takesScreenshot: true, unexpectedAlertBehaviour: , unhandledPromptBehavior: , version: 62.0.3202.94, webStorageEnabled: true}
Session ID: e48130473d333bc23a51a050bc25d2cb)

2017-11-28 13:15:54 - [MESSAGE][FAILED] - Unable to click on object 'Object Repository/PrimoTours/Old Objects/Coco (1)/PrimoT/SaveBooking2/Page_Primo Tours  Danmarks bedste c/a_btn btn-success col-xs-12 st' (Root cause: org.openqa.selenium.WebDriverException: unknown error: Element <a href="javascript:;" class="btn btn-success col-xs-12 step defaultButton disabledElement" data-validator="options" data-loader="true" data-bind="css: tourpaq.bookingEngine.confirmation.nextStepButtonStyle">...</a> is not clickable at point (1337, 729). Other element would receive the click: <div class="col-xs-12 col-md-4 col-md-offset-4 pull-right">...</div>
  (Session info: chrome=62.0.3202.94)
  (Driver info: chromedriver=2.33.506120 (e3e53437346286c0bc2d2dc9aa4915ba81d9023f),platform=Windows NT 6.3.9600 x86_64) (WARNING: The server did not provide any stacktrace information)
Command duration or timeout: 0 milliseconds
Build info: version: '3.7.1', revision: '8a0099a', time: '2017-11-06T21:07:36.161Z'
System info: host: 'NEACSUNEW-PC', ip: '10.10.10.211', os.name: 'Windows 8.1', os.arch: 'amd64', os.version: '6.3', java.version: '1.8.0_102'
Driver info: com.kms.katalon.selenium.driver.CChromeDriver
Capabilities {acceptSslCerts: true, applicationCacheEnabled: false, browserConnectionEnabled: false, browserName: chrome, chrome: {chromedriverVersion: 2.33.506120 (e3e53437346286..., userDataDir: C:\Users\Cornel\AppData\Loc...}, cssSelectorsEnabled: true, databaseEnabled: false, handlesAlerts: true, hasTouchScreen: false, javascriptEnabled: true, locationContextEnabled: true, mobileEmulationEnabled: false, nativeEvents: true, networkConnectionEnabled: false, pageLoadStrategy: normal, platform: XP, platformName: XP, rotatable: false, setWindowRect: true, takesHeapSnapshot: true, takesScreenshot: true, unexpectedAlertBehaviour: , unhandledPromptBehavior: , version: 62.0.3202.94, webStorageEnabled: true}
Session ID: e48130473d333bc23a51a050bc25d2cb)
[[ATTACHMENT|D:\\Software testing\\Tourpaq\\Automated Katalon tests\\Primo WB test\\Reports\\WB Primo From Excel URLs\\20171128_131240\\1511867754222.png]]]]></system-out>
         <system-err><![CDATA[2017-11-28 13:15:40 - [TEST_CASE][FAILED] - Test Cases/PrimoTours/WB Primo/WB Primo staging - place booking - Iteration 9: Test Cases/PrimoTours/WB Primo/WB Primo staging - place booking FAILED because (of) Unable to click on object 'Object Repository/PrimoTours/Old Objects/Coco (1)/PrimoT/SaveBooking2/Page_Primo Tours  Danmarks bedste c/a_btn btn-success col-xs-12 st' (Root cause: org.openqa.selenium.WebDriverException: unknown error: Element <a href="javascript:;" class="btn btn-success col-xs-12 step defaultButton disabledElement" data-validator="options" data-loader="true" data-bind="css: tourpaq.bookingEngine.confirmation.nextStepButtonStyle">...</a> is not clickable at point (1337, 729). Other element would receive the click: <div class="col-xs-12 col-md-4 col-md-offset-4 pull-right">...</div>
  (Session info: chrome=62.0.3202.94)
  (Driver info: chromedriver=2.33.506120 (e3e53437346286c0bc2d2dc9aa4915ba81d9023f),platform=Windows NT 6.3.9600 x86_64) (WARNING: The server did not provide any stacktrace information)
Command duration or timeout: 0 milliseconds
Build info: version: '3.7.1', revision: '8a0099a', time: '2017-11-06T21:07:36.161Z'
System info: host: 'NEACSUNEW-PC', ip: '10.10.10.211', os.name: 'Windows 8.1', os.arch: 'amd64', os.version: '6.3', java.version: '1.8.0_102'
Driver info: com.kms.katalon.selenium.driver.CChromeDriver
Capabilities {acceptSslCerts: true, applicationCacheEnabled: false, browserConnectionEnabled: false, browserName: chrome, chrome: {chromedriverVersion: 2.33.506120 (e3e53437346286..., userDataDir: C:\Users\Cornel\AppData\Loc...}, cssSelectorsEnabled: true, databaseEnabled: false, handlesAlerts: true, hasTouchScreen: false, javascriptEnabled: true, locationContextEnabled: true, mobileEmulationEnabled: false, nativeEvents: true, networkConnectionEnabled: false, pageLoadStrategy: normal, platform: XP, platformName: XP, rotatable: false, setWindowRect: true, takesHeapSnapshot: true, takesScreenshot: true, unexpectedAlertBehaviour: , unhandledPromptBehavior: , version: 62.0.3202.94, webStorageEnabled: true}
Session ID: e48130473d333bc23a51a050bc25d2cb)]]></system-err>
      </testcase>
      <testcase name="Test Cases/PrimoTours/WB Primo/WB Primo staging - place booking - Iteration 10" classname="Test Cases/PrimoTours/WB Primo/WB Primo staging - place booking" status="FAILED">
         <failure type="FAILED" message="Test Cases/PrimoTours/WB Primo/WB Primo staging - place booking FAILED because (of) Unable to click on object 'Object Repository/PrimoTours/Old Objects/Coco (1)/PrimoT/SaveBooking2/Page_Primo Tours  Danmarks bedste c/a_btn btn-success col-xs-12 st' (Root cause: org.openqa.selenium.WebDriverException: unknown error: Element &lt;a href=&quot;javascript:;&quot; class=&quot;btn btn-success col-xs-12 step defaultButton disabledElement&quot; data-validator=&quot;options&quot; data-loader=&quot;true&quot; data-bind=&quot;css: tourpaq.bookingEngine.confirmation.nextStepButtonStyle&quot;>...&lt;/a> is not clickable at point (1337, 729). Other element would receive the click: &lt;div class=&quot;col-xs-12 col-md-4 col-md-offset-4 pull-right&quot;>...&lt;/div>
  (Session info: chrome=62.0.3202.94)
  (Driver info: chromedriver=2.33.506120 (e3e53437346286c0bc2d2dc9aa4915ba81d9023f),platform=Windows NT 6.3.9600 x86_64) (WARNING: The server did not provide any stacktrace information)
Command duration or timeout: 0 milliseconds
Build info: version: '3.7.1', revision: '8a0099a', time: '2017-11-06T21:07:36.161Z'
System info: host: 'NEACSUNEW-PC', ip: '10.10.10.211', os.name: 'Windows 8.1', os.arch: 'amd64', os.version: '6.3', java.version: '1.8.0_102'
Driver info: com.kms.katalon.selenium.driver.CChromeDriver
Capabilities {acceptSslCerts: true, applicationCacheEnabled: false, browserConnectionEnabled: false, browserName: chrome, chrome: {chromedriverVersion: 2.33.506120 (e3e53437346286..., userDataDir: C:\Users\Cornel\AppData\Loc...}, cssSelectorsEnabled: true, databaseEnabled: false, handlesAlerts: true, hasTouchScreen: false, javascriptEnabled: true, locationContextEnabled: true, mobileEmulationEnabled: false, nativeEvents: true, networkConnectionEnabled: false, pageLoadStrategy: normal, platform: XP, platformName: XP, rotatable: false, setWindowRect: true, takesHeapSnapshot: true, takesScreenshot: true, unexpectedAlertBehaviour: , unhandledPromptBehavior: , version: 62.0.3202.94, webStorageEnabled: true}
Session ID: ce2c3d031c14234e749481693663f940)"/>
         <system-out><![CDATA[2017-11-28 13:15:54 - [TEST_CASE][FAILED] - Test Cases/PrimoTours/WB Primo/WB Primo staging - place booking - Iteration 10: Test Cases/PrimoTours/WB Primo/WB Primo staging - place booking FAILED because (of) Unable to click on object 'Object Repository/PrimoTours/Old Objects/Coco (1)/PrimoT/SaveBooking2/Page_Primo Tours  Danmarks bedste c/a_btn btn-success col-xs-12 st' (Root cause: org.openqa.selenium.WebDriverException: unknown error: Element <a href="javascript:;" class="btn btn-success col-xs-12 step defaultButton disabledElement" data-validator="options" data-loader="true" data-bind="css: tourpaq.bookingEngine.confirmation.nextStepButtonStyle">...</a> is not clickable at point (1337, 729). Other element would receive the click: <div class="col-xs-12 col-md-4 col-md-offset-4 pull-right">...</div>
  (Session info: chrome=62.0.3202.94)
  (Driver info: chromedriver=2.33.506120 (e3e53437346286c0bc2d2dc9aa4915ba81d9023f),platform=Windows NT 6.3.9600 x86_64) (WARNING: The server did not provide any stacktrace information)
Command duration or timeout: 0 milliseconds
Build info: version: '3.7.1', revision: '8a0099a', time: '2017-11-06T21:07:36.161Z'
System info: host: 'NEACSUNEW-PC', ip: '10.10.10.211', os.name: 'Windows 8.1', os.arch: 'amd64', os.version: '6.3', java.version: '1.8.0_102'
Driver info: com.kms.katalon.selenium.driver.CChromeDriver
Capabilities {acceptSslCerts: true, applicationCacheEnabled: false, browserConnectionEnabled: false, browserName: chrome, chrome: {chromedriverVersion: 2.33.506120 (e3e53437346286..., userDataDir: C:\Users\Cornel\AppData\Loc...}, cssSelectorsEnabled: true, databaseEnabled: false, handlesAlerts: true, hasTouchScreen: false, javascriptEnabled: true, locationContextEnabled: true, mobileEmulationEnabled: false, nativeEvents: true, networkConnectionEnabled: false, pageLoadStrategy: normal, platform: XP, platformName: XP, rotatable: false, setWindowRect: true, takesHeapSnapshot: true, takesScreenshot: true, unexpectedAlertBehaviour: , unhandledPromptBehavior: , version: 62.0.3202.94, webStorageEnabled: true}
Session ID: ce2c3d031c14234e749481693663f940)

2017-11-28 13:15:54 - [TEST_STEP][PASSED] - openBrowser: Browser is opened with url: ''

2017-11-28 13:15:54 - [MESSAGE][WARNING] - A browser is already opened. Closing browser and opening a new one

2017-11-28 13:15:57 - [MESSAGE][PASSED] - Browser is opened with url: ''

2017-11-28 13:15:57 - [TEST_STEP][PASSED] - maximizeWindow: Current window maximized

2017-11-28 13:15:58 - [MESSAGE][PASSED] - Current window maximized

2017-11-28 13:15:58 - [TEST_STEP][PASSED] - navigateToUrl: Navigate to 'https://staging-primotours-webbooking.tourpaq.com/DoBooking.aspx?pltaID=1480269&p=2&rno=1&pt=1&a=2&c=2&aa=&ca=1%2C5' successfully

2017-11-28 13:16:00 - [MESSAGE][PASSED] - Navigate to 'https://staging-primotours-webbooking.tourpaq.com/DoBooking.aspx?pltaID=1480269&p=2&rno=1&pt=1&a=2&c=2&aa=&ca=1%2C5' successfully

2017-11-28 13:16:00 - [TEST_STEP][PASSED] - setText: Text 'Pedersen AUT' is set on object 'Object Repository/PrimoTours/Old Objects/Coco/PrimoT/Page_Primo Tours  Danmarks bedste c/input_firstName'

2017-11-28 13:16:01 - [MESSAGE][PASSED] - Text 'Pedersen AUT' is set on object 'Object Repository/PrimoTours/Old Objects/Coco/PrimoT/Page_Primo Tours  Danmarks bedste c/input_firstName'

2017-11-28 13:16:01 - [TEST_STEP][PASSED] - setText: Text 'Vibe Dalby' is set on object 'Object Repository/PrimoTours/Old Objects/Coco/PrimoT/Page_Primo Tours  Danmarks bedste c/input_lastName'

2017-11-28 13:16:01 - [MESSAGE][PASSED] - Text 'Vibe Dalby' is set on object 'Object Repository/PrimoTours/Old Objects/Coco/PrimoT/Page_Primo Tours  Danmarks bedste c/input_lastName'

2017-11-28 13:16:01 - [TEST_STEP][PASSED] - setText: Text 'Home address' is set on object 'Object Repository/PrimoTours/Old Objects/Coco/PrimoT/Page_Primo Tours  Danmarks bedste c/input_customerAddress'

2017-11-28 13:16:01 - [MESSAGE][PASSED] - Text 'Home address' is set on object 'Object Repository/PrimoTours/Old Objects/Coco/PrimoT/Page_Primo Tours  Danmarks bedste c/input_customerAddress'

2017-11-28 13:16:01 - [TEST_STEP][PASSED] - setText: Text '6700' is set on object 'Object Repository/PrimoTours/Old Objects/Coco/PrimoT/Page_Primo Tours  Danmarks bedste c/input_customerPostcode'

2017-11-28 13:16:02 - [MESSAGE][PASSED] - Text '6700' is set on object 'Object Repository/PrimoTours/Old Objects/Coco/PrimoT/Page_Primo Tours  Danmarks bedste c/input_customerPostcode'

2017-11-28 13:16:02 - [TEST_STEP][PASSED] - setText: Text 'cornel.neacsu@roweb.ro' is set on object 'Object Repository/PrimoTours/Old Objects/Coco/PrimoT/Page_Primo Tours  Danmarks bedste c/input_customerEmail'

2017-11-28 13:16:02 - [MESSAGE][PASSED] - Text 'cornel.neacsu@roweb.ro' is set on object 'Object Repository/PrimoTours/Old Objects/Coco/PrimoT/Page_Primo Tours  Danmarks bedste c/input_customerEmail'

2017-11-28 13:16:02 - [TEST_STEP][PASSED] - setText: Text '12345678' is set on object 'Object Repository/PrimoTours/Old Objects/Coco/PrimoT/Page_Primo Tours  Danmarks bedste c/input_customerPhone'

2017-11-28 13:16:02 - [MESSAGE][PASSED] - Text '12345678' is set on object 'Object Repository/PrimoTours/Old Objects/Coco/PrimoT/Page_Primo Tours  Danmarks bedste c/input_customerPhone'

2017-11-28 13:16:02 - [TEST_STEP][PASSED] - Statement - excelInfo = ["fname":"", "lname":"", "pgender":"", "pday":"", "pmonth":"", "pyear":""]: null

2017-11-28 13:16:02 - [TEST_STEP][PASSED] - Statement - rawData = com.kms.katalon.core.testdata.TestDataFactory.findTestData("Data Files/WB_Primo/Passenger_details"): Reading excel file with source file 'D:\Software testing\Tourpaq\Automated Katalon tests\Primo WB test\Data Files\Primo_URLs_For_Automated_Test.xls' and sheet name 'Passenger Names'

2017-11-28 13:16:02 - [TEST_STEP][PASSED] - Statement - excelRowNo = rawData.getRowNumbers(): null

2017-11-28 13:16:02 - [TEST_STEP][PASSED] - Statement - randomPaxIndex = 1: null

2017-11-28 13:16:02 - [TEST_STEP][PASSED] - waitForElementClickable: Object 'Object Repository/PrimoTours/Old Objects/Coco/PrimoT/Page_Primo Tours  Danmarks bedste c/input_firstname-0_1' is clickable

2017-11-28 13:16:04 - [MESSAGE][PASSED] - Object 'Object Repository/PrimoTours/Old Objects/Coco/PrimoT/Page_Primo Tours  Danmarks bedste c/input_firstname-0_1' is clickable

2017-11-28 13:16:04 - [TEST_STEP][PASSED] - Statement - driver = com.kms.katalon.core.webui.driver.DriverFactory.getWebDriver(): null

2017-11-28 13:16:04 - [TEST_STEP][PASSED] - Statement - roomContainerXpath = "id("booking")/div[@class="wrapper second-bg"]/div[contains(@class,"container-mx")]/div[@class="row"]/div[@class="col-md-12 roomContainer"]": null

2017-11-28 13:16:04 - [TEST_STEP][PASSED] - Statement - roomsCount = driver.findElements(org.openqa.selenium.By.xpath(roomContainerXpath)).size(): null

2017-11-28 13:16:04 - [TEST_STEP][PASSED] - Statement - println("roomsCount=" + roomsCount): null

2017-11-28 13:16:04 - [TEST_STEP][PASSED] - Statement - For ([i = 1, i <= roomsCount, (i++)]): Text 'Johanne Astrup' is set on object 'Object Repository/PrimoTours/Old Objects/allPaxLastNameFields'

2017-11-28 13:16:04 - [TEST_STEP][PASSED] - Statement - paxInRoomXpath = roomContainerXpath + "[" + i + "]/div[@class="row"]/div[@class="col-md-12"]/div[@class="row"]": null

2017-11-28 13:16:04 - [TEST_STEP][PASSED] - Statement - paxInRoomCount = driver.findElements(org.openqa.selenium.By.xpath(paxInRoomXpath)).size(): null

2017-11-28 13:16:04 - [TEST_STEP][PASSED] - Statement - println("paxInRoomCount=" + paxInRoomCount): null

2017-11-28 13:16:04 - [TEST_STEP][PASSED] - Statement - For ([j = 1, j <= paxInRoomCount, (j++)]): Text 'Johanne Astrup' is set on object 'Object Repository/PrimoTours/Old Objects/allPaxLastNameFields'

2017-11-28 13:16:04 - [TEST_STEP][PASSED] - Statement - If (i == 1 & j == 1): null

2017-11-28 13:16:04 - [TEST_STEP][PASSED] - Statement - <not implemented yet for class: org.codehaus.groovy.ast.stmt.ContinueStatement>: null

2017-11-28 13:16:04 - [TEST_STEP][PASSED] - Statement - If (i == 1 & j == 1): null

2017-11-28 13:16:04 - [TEST_STEP][PASSED] - Statement - randomPaxIndex = java.lang.Math.abs(new java.util.Random().nextInt() % excelRowNo) + 1: null

2017-11-28 13:16:04 - [TEST_STEP][PASSED] - Statement - println(randomPaxIndex): null

2017-11-28 13:16:04 - [TEST_STEP][PASSED] - Statement - fname = rawData.getValue("FirstName", randomPaxIndex) + " AUT": null

2017-11-28 13:16:04 - [TEST_STEP][PASSED] - Statement - lname = rawData.getValue("LastName", randomPaxIndex): null

2017-11-28 13:16:04 - [TEST_STEP][PASSED] - Statement - pgender = rawData.getValue("Gender", randomPaxIndex): null

2017-11-28 13:16:04 - [TEST_STEP][PASSED] - Statement - pday = rawData.getValue("Day DOB", randomPaxIndex): null

2017-11-28 13:16:04 - [TEST_STEP][PASSED] - Statement - pmonth = rawData.getValue("Month DOB", randomPaxIndex): null

2017-11-28 13:16:04 - [TEST_STEP][PASSED] - Statement - pyear = rawData.getValue("Year DOB", randomPaxIndex): null

2017-11-28 13:16:04 - [TEST_STEP][PASSED] - Statement - paxDetailFields = paxInRoomXpath + "[" + j + "]/div[@class="col-md-x col-md-9"]/div[@class="row paxContainer"]/div[@class="col-md-5"]": null

2017-11-28 13:16:04 - [TEST_STEP][PASSED] - Statement - xpathval = paxDetailFields + "[1]/div[contains(@class,"form-group")]/input[@class="form-control paxFirstName"]": null

2017-11-28 13:16:04 - [TEST_STEP][PASSED] - Statement - println("fn: " + xpathval): null

2017-11-28 13:16:04 - [TEST_STEP][PASSED] - Statement - repObj = com.kms.katalon.core.testobject.ObjectRepository.findTestObject(Object Repository/PrimoTours/Old Objects/allPaxFirstNameFields): Finding Test Object with id 'Object Repository/PrimoTours/Old Objects/allPaxFirstNameFields'

2017-11-28 13:16:04 - [TEST_STEP][PASSED] - Statement - repObj.findProperty("xpath").setValue(xpathval): null

2017-11-28 13:16:04 - [TEST_STEP][PASSED] - setText: Text 'Linnebjerg AUT' is set on object 'Object Repository/PrimoTours/Old Objects/allPaxFirstNameFields'

2017-11-28 13:16:04 - [MESSAGE][PASSED] - Text 'Linnebjerg AUT' is set on object 'Object Repository/PrimoTours/Old Objects/allPaxFirstNameFields'

2017-11-28 13:16:04 - [TEST_STEP][PASSED] - Statement - xpathval = paxDetailFields + "[2]/div[contains(@class,"form-group")]/input[@class="form-control paxLastName"]": null

2017-11-28 13:16:04 - [TEST_STEP][PASSED] - Statement - println("ln: " + xpathval): null

2017-11-28 13:16:04 - [TEST_STEP][PASSED] - Statement - repObj = com.kms.katalon.core.testobject.ObjectRepository.findTestObject(Object Repository/PrimoTours/Old Objects/allPaxLastNameFields): Finding Test Object with id 'Object Repository/PrimoTours/Old Objects/allPaxLastNameFields'

2017-11-28 13:16:04 - [TEST_STEP][PASSED] - Statement - repObj.findProperty("xpath").setValue(xpathval): null

2017-11-28 13:16:04 - [TEST_STEP][PASSED] - setText: Text 'Frederikke Borup' is set on object 'Object Repository/PrimoTours/Old Objects/allPaxLastNameFields'

2017-11-28 13:16:05 - [MESSAGE][PASSED] - Text 'Frederikke Borup' is set on object 'Object Repository/PrimoTours/Old Objects/allPaxLastNameFields'

2017-11-28 13:16:05 - [TEST_STEP][PASSED] - Statement - If (i == 1 & j == 1): null

2017-11-28 13:16:05 - [TEST_STEP][PASSED] - Statement - randomPaxIndex = java.lang.Math.abs(new java.util.Random().nextInt() % excelRowNo) + 1: null

2017-11-28 13:16:05 - [TEST_STEP][PASSED] - Statement - println(randomPaxIndex): null

2017-11-28 13:16:05 - [TEST_STEP][PASSED] - Statement - fname = rawData.getValue("FirstName", randomPaxIndex) + " AUT": null

2017-11-28 13:16:05 - [TEST_STEP][PASSED] - Statement - lname = rawData.getValue("LastName", randomPaxIndex): null

2017-11-28 13:16:05 - [TEST_STEP][PASSED] - Statement - pgender = rawData.getValue("Gender", randomPaxIndex): null

2017-11-28 13:16:05 - [TEST_STEP][PASSED] - Statement - pday = rawData.getValue("Day DOB", randomPaxIndex): null

2017-11-28 13:16:05 - [TEST_STEP][PASSED] - Statement - pmonth = rawData.getValue("Month DOB", randomPaxIndex): null

2017-11-28 13:16:05 - [TEST_STEP][PASSED] - Statement - pyear = rawData.getValue("Year DOB", randomPaxIndex): null

2017-11-28 13:16:05 - [TEST_STEP][PASSED] - Statement - paxDetailFields = paxInRoomXpath + "[" + j + "]/div[@class="col-md-x col-md-9"]/div[@class="row paxContainer"]/div[@class="col-md-5"]": null

2017-11-28 13:16:05 - [TEST_STEP][PASSED] - Statement - xpathval = paxDetailFields + "[1]/div[contains(@class,"form-group")]/input[@class="form-control paxFirstName"]": null

2017-11-28 13:16:05 - [TEST_STEP][PASSED] - Statement - println("fn: " + xpathval): null

2017-11-28 13:16:05 - [TEST_STEP][PASSED] - Statement - repObj = com.kms.katalon.core.testobject.ObjectRepository.findTestObject(Object Repository/PrimoTours/Old Objects/allPaxFirstNameFields): Finding Test Object with id 'Object Repository/PrimoTours/Old Objects/allPaxFirstNameFields'

2017-11-28 13:16:05 - [TEST_STEP][PASSED] - Statement - repObj.findProperty("xpath").setValue(xpathval): null

2017-11-28 13:16:05 - [TEST_STEP][PASSED] - setText: Text 'Bak AUT' is set on object 'Object Repository/PrimoTours/Old Objects/allPaxFirstNameFields'

2017-11-28 13:16:05 - [MESSAGE][PASSED] - Text 'Bak AUT' is set on object 'Object Repository/PrimoTours/Old Objects/allPaxFirstNameFields'

2017-11-28 13:16:05 - [TEST_STEP][PASSED] - Statement - xpathval = paxDetailFields + "[2]/div[contains(@class,"form-group")]/input[@class="form-control paxLastName"]": null

2017-11-28 13:16:05 - [TEST_STEP][PASSED] - Statement - println("ln: " + xpathval): null

2017-11-28 13:16:05 - [TEST_STEP][PASSED] - Statement - repObj = com.kms.katalon.core.testobject.ObjectRepository.findTestObject(Object Repository/PrimoTours/Old Objects/allPaxLastNameFields): Finding Test Object with id 'Object Repository/PrimoTours/Old Objects/allPaxLastNameFields'

2017-11-28 13:16:05 - [TEST_STEP][PASSED] - Statement - repObj.findProperty("xpath").setValue(xpathval): null

2017-11-28 13:16:05 - [TEST_STEP][PASSED] - setText: Text 'Jørgen ' is set on object 'Object Repository/PrimoTours/Old Objects/allPaxLastNameFields'

2017-11-28 13:16:05 - [MESSAGE][PASSED] - Text 'Jørgen ' is set on object 'Object Repository/PrimoTours/Old Objects/allPaxLastNameFields'

2017-11-28 13:16:05 - [TEST_STEP][PASSED] - Statement - If (i == 1 & j == 1): null

2017-11-28 13:16:05 - [TEST_STEP][PASSED] - Statement - randomPaxIndex = java.lang.Math.abs(new java.util.Random().nextInt() % excelRowNo) + 1: null

2017-11-28 13:16:05 - [TEST_STEP][PASSED] - Statement - println(randomPaxIndex): null

2017-11-28 13:16:05 - [TEST_STEP][PASSED] - Statement - fname = rawData.getValue("FirstName", randomPaxIndex) + " AUT": null

2017-11-28 13:16:05 - [TEST_STEP][PASSED] - Statement - lname = rawData.getValue("LastName", randomPaxIndex): null

2017-11-28 13:16:05 - [TEST_STEP][PASSED] - Statement - pgender = rawData.getValue("Gender", randomPaxIndex): null

2017-11-28 13:16:05 - [TEST_STEP][PASSED] - Statement - pday = rawData.getValue("Day DOB", randomPaxIndex): null

2017-11-28 13:16:05 - [TEST_STEP][PASSED] - Statement - pmonth = rawData.getValue("Month DOB", randomPaxIndex): null

2017-11-28 13:16:05 - [TEST_STEP][PASSED] - Statement - pyear = rawData.getValue("Year DOB", randomPaxIndex): null

2017-11-28 13:16:05 - [TEST_STEP][PASSED] - Statement - paxDetailFields = paxInRoomXpath + "[" + j + "]/div[@class="col-md-x col-md-9"]/div[@class="row paxContainer"]/div[@class="col-md-5"]": null

2017-11-28 13:16:05 - [TEST_STEP][PASSED] - Statement - xpathval = paxDetailFields + "[1]/div[contains(@class,"form-group")]/input[@class="form-control paxFirstName"]": null

2017-11-28 13:16:05 - [TEST_STEP][PASSED] - Statement - println("fn: " + xpathval): null

2017-11-28 13:16:05 - [TEST_STEP][PASSED] - Statement - repObj = com.kms.katalon.core.testobject.ObjectRepository.findTestObject(Object Repository/PrimoTours/Old Objects/allPaxFirstNameFields): Finding Test Object with id 'Object Repository/PrimoTours/Old Objects/allPaxFirstNameFields'

2017-11-28 13:16:05 - [TEST_STEP][PASSED] - Statement - repObj.findProperty("xpath").setValue(xpathval): null

2017-11-28 13:16:05 - [TEST_STEP][PASSED] - setText: Text 'Rasmussen AUT' is set on object 'Object Repository/PrimoTours/Old Objects/allPaxFirstNameFields'

2017-11-28 13:16:05 - [MESSAGE][PASSED] - Text 'Rasmussen AUT' is set on object 'Object Repository/PrimoTours/Old Objects/allPaxFirstNameFields'

2017-11-28 13:16:05 - [TEST_STEP][PASSED] - Statement - xpathval = paxDetailFields + "[2]/div[contains(@class,"form-group")]/input[@class="form-control paxLastName"]": null

2017-11-28 13:16:05 - [TEST_STEP][PASSED] - Statement - println("ln: " + xpathval): null

2017-11-28 13:16:05 - [TEST_STEP][PASSED] - Statement - repObj = com.kms.katalon.core.testobject.ObjectRepository.findTestObject(Object Repository/PrimoTours/Old Objects/allPaxLastNameFields): Finding Test Object with id 'Object Repository/PrimoTours/Old Objects/allPaxLastNameFields'

2017-11-28 13:16:05 - [TEST_STEP][PASSED] - Statement - repObj.findProperty("xpath").setValue(xpathval): null

2017-11-28 13:16:05 - [TEST_STEP][PASSED] - setText: Text 'Johanne Astrup' is set on object 'Object Repository/PrimoTours/Old Objects/allPaxLastNameFields'

2017-11-28 13:16:05 - [MESSAGE][PASSED] - Text 'Johanne Astrup' is set on object 'Object Repository/PrimoTours/Old Objects/allPaxLastNameFields'

2017-11-28 13:16:05 - [TEST_STEP][PASSED] - scrollToElement: Scroll to object 'Object Repository/PrimoTours/Old Objects/Coco (1)/PrimoT/SaveBooking2/Success/bookingTotalValue' successfully

2017-11-28 13:16:05 - [MESSAGE][PASSED] - Scroll to object 'Object Repository/PrimoTours/Old Objects/Coco (1)/PrimoT/SaveBooking2/Success/bookingTotalValue' successfully

2017-11-28 13:16:05 - [TEST_STEP][PASSED] - click: Object: 'Object Repository/PrimoTours/Old Objects/Coco (1)/PrimoT/SaveBooking2/Success/bookingTotalValue' is clicked on

2017-11-28 13:16:06 - [MESSAGE][PASSED] - Object: 'Object Repository/PrimoTours/Old Objects/Coco (1)/PrimoT/SaveBooking2/Success/bookingTotalValue' is clicked on

2017-11-28 13:16:06 - [TEST_STEP][PASSED] - scrollToElement: Scroll to object 'Object Repository/PrimoTours/Old Objects/Coco (1)/PrimoT/SaveBooking2/Success/Page_Primo Tours  Danmarks bedste c/i_fa fa-arrow-circle-right' successfully

2017-11-28 13:16:06 - [MESSAGE][PASSED] - Scroll to object 'Object Repository/PrimoTours/Old Objects/Coco (1)/PrimoT/SaveBooking2/Success/Page_Primo Tours  Danmarks bedste c/i_fa fa-arrow-circle-right' successfully

2017-11-28 13:16:06 - [TEST_STEP][PASSED] - waitForElementClickable: Object 'Object Repository/PrimoTours/Old Objects/Coco (1)/PrimoT/SaveBooking2/Success/Page_Primo Tours  Danmarks bedste c/i_fa fa-arrow-circle-right' is clickable

2017-11-28 13:16:06 - [MESSAGE][PASSED] - Object 'Object Repository/PrimoTours/Old Objects/Coco (1)/PrimoT/SaveBooking2/Success/Page_Primo Tours  Danmarks bedste c/i_fa fa-arrow-circle-right' is clickable

2017-11-28 13:16:06 - [TEST_STEP][PASSED] - waitForElementVisible: Object 'Object Repository/PrimoTours/Old Objects/Coco (1)/PrimoT/SaveBooking2/Success/Page_Primo Tours  Danmarks bedste c/i_fa fa-arrow-circle-right' is visible

2017-11-28 13:16:06 - [MESSAGE][PASSED] - Object 'Object Repository/PrimoTours/Old Objects/Coco (1)/PrimoT/SaveBooking2/Success/Page_Primo Tours  Danmarks bedste c/i_fa fa-arrow-circle-right' is visible

2017-11-28 13:16:06 - [TEST_STEP][PASSED] - scrollToElement: Scroll to object 'Object Repository/PrimoTours/Old Objects/Coco (1)/PrimoT/SaveBooking2/Success/Page_Primo Tours  Danmarks bedste c/i_fa fa-arrow-circle-right' successfully

2017-11-28 13:16:06 - [MESSAGE][PASSED] - Scroll to object 'Object Repository/PrimoTours/Old Objects/Coco (1)/PrimoT/SaveBooking2/Success/Page_Primo Tours  Danmarks bedste c/i_fa fa-arrow-circle-right' successfully

2017-11-28 13:16:06 - [TEST_STEP][PASSED] - click: Object: 'Object Repository/PrimoTours/Old Objects/Coco (1)/PrimoT/SaveBooking2/Success/Page_Primo Tours  Danmarks bedste c/i_fa fa-arrow-circle-right' is clicked on

2017-11-28 13:16:06 - [MESSAGE][PASSED] - Object: 'Object Repository/PrimoTours/Old Objects/Coco (1)/PrimoT/SaveBooking2/Success/Page_Primo Tours  Danmarks bedste c/i_fa fa-arrow-circle-right' is clicked on

2017-11-28 13:16:06 - [TEST_STEP][PASSED] - waitForElementNotVisible: Object 'Object Repository/PrimoTours/Old Objects/CCenter/pageLoaderOverlayLayer' is NOT visible

2017-11-28 13:16:07 - [MESSAGE][PASSED] - Object 'Object Repository/PrimoTours/Old Objects/CCenter/pageLoaderOverlayLayer' is NOT visible

2017-11-28 13:16:07 - [TEST_STEP][PASSED] - scrollToElement: Scroll to object 'Object Repository/PrimoTours/Old Objects/Coco/PrimoT/Ins2/Page_Primo Tours  Danmarks bedste c/span_Vlg forsikring' successfully

2017-11-28 13:16:07 - [MESSAGE][PASSED] - Scroll to object 'Object Repository/PrimoTours/Old Objects/Coco/PrimoT/Ins2/Page_Primo Tours  Danmarks bedste c/span_Vlg forsikring' successfully

2017-11-28 13:16:07 - [TEST_STEP][PASSED] - waitForElementPresent: Object 'Object Repository/PrimoTours/Old Objects/Coco/PrimoT/Ins2/Page_Primo Tours  Danmarks bedste c/span_Vlg forsikring' is present

2017-11-28 13:16:07 - [MESSAGE][PASSED] - Object 'Object Repository/PrimoTours/Old Objects/Coco/PrimoT/Ins2/Page_Primo Tours  Danmarks bedste c/span_Vlg forsikring' is present

2017-11-28 13:16:07 - [TEST_STEP][PASSED] - waitForElementVisible: Object 'Object Repository/PrimoTours/Old Objects/Coco/PrimoT/Ins2/Page_Primo Tours  Danmarks bedste c/span_Vlg forsikring' is visible

2017-11-28 13:16:07 - [MESSAGE][PASSED] - Object 'Object Repository/PrimoTours/Old Objects/Coco/PrimoT/Ins2/Page_Primo Tours  Danmarks bedste c/span_Vlg forsikring' is visible

2017-11-28 13:16:07 - [TEST_STEP][PASSED] - waitForElementClickable: Object 'Object Repository/PrimoTours/Old Objects/Coco/PrimoT/Ins2/Page_Primo Tours  Danmarks bedste c/span_Vlg forsikring' is clickable

2017-11-28 13:16:07 - [MESSAGE][PASSED] - Object 'Object Repository/PrimoTours/Old Objects/Coco/PrimoT/Ins2/Page_Primo Tours  Danmarks bedste c/span_Vlg forsikring' is clickable

2017-11-28 13:16:07 - [TEST_STEP][PASSED] - click: Object: 'Object Repository/PrimoTours/Old Objects/Coco/PrimoT/Ins2/Page_Primo Tours  Danmarks bedste c/span_Vlg forsikring' is clicked on

2017-11-28 13:16:07 - [MESSAGE][PASSED] - Object: 'Object Repository/PrimoTours/Old Objects/Coco/PrimoT/Ins2/Page_Primo Tours  Danmarks bedste c/span_Vlg forsikring' is clicked on

2017-11-28 13:16:07 - [TEST_STEP][PASSED] - click: Object: 'Object Repository/PrimoTours/Old Objects/Coco/PrimoT/Ins2/Page_Primo Tours  Danmarks bedste c/li_Har selv forsikring - kr. 0' is clicked on

2017-11-28 13:16:07 - [MESSAGE][PASSED] - Object: 'Object Repository/PrimoTours/Old Objects/Coco/PrimoT/Ins2/Page_Primo Tours  Danmarks bedste c/li_Har selv forsikring - kr. 0' is clicked on

2017-11-28 13:16:07 - [TEST_STEP][NOT_RUN] - click: NOT_RUN: click

2017-11-28 13:16:07 - [MESSAGE][NOT_RUN] - NOT_RUN: click

2017-11-28 13:16:07 - [TEST_STEP][NOT_RUN] - scrollToElement: NOT_RUN: scrollToElement

2017-11-28 13:16:07 - [MESSAGE][NOT_RUN] - NOT_RUN: scrollToElement

2017-11-28 13:16:07 - [TEST_STEP][NOT_RUN] - click: NOT_RUN: click

2017-11-28 13:16:07 - [MESSAGE][NOT_RUN] - NOT_RUN: click

2017-11-28 13:16:07 - [TEST_STEP][PASSED] - waitForElementVisible: Object 'Object Repository/PrimoTours/Old Objects/Coco (1)/PrimoT/SaveBooking2/Page_Primo Tours  Danmarks bedste c/individualInsuranceCheckbox' is visible

2017-11-28 13:16:07 - [MESSAGE][PASSED] - Object 'Object Repository/PrimoTours/Old Objects/Coco (1)/PrimoT/SaveBooking2/Page_Primo Tours  Danmarks bedste c/individualInsuranceCheckbox' is visible

2017-11-28 13:16:07 - [TEST_STEP][PASSED] - scrollToElement: Scroll to object 'Object Repository/PrimoTours/Old Objects/Coco (1)/PrimoT/SaveBooking2/Page_Primo Tours  Danmarks bedste c/individualInsuranceCheckbox' successfully

2017-11-28 13:16:07 - [MESSAGE][PASSED] - Scroll to object 'Object Repository/PrimoTours/Old Objects/Coco (1)/PrimoT/SaveBooking2/Page_Primo Tours  Danmarks bedste c/individualInsuranceCheckbox' successfully

2017-11-28 13:16:07 - [TEST_STEP][PASSED] - click: Object: 'Object Repository/PrimoTours/Old Objects/Coco (1)/PrimoT/SaveBooking2/Page_Primo Tours  Danmarks bedste c/individualInsuranceCheckbox' is clicked on

2017-11-28 13:16:07 - [MESSAGE][PASSED] - Object: 'Object Repository/PrimoTours/Old Objects/Coco (1)/PrimoT/SaveBooking2/Page_Primo Tours  Danmarks bedste c/individualInsuranceCheckbox' is clicked on

2017-11-28 13:16:07 - [TEST_STEP][PASSED] - scrollToElement: Scroll to object 'Object Repository/PrimoTours/Old Objects/Coco (1)/PrimoT/SaveBooking2/Success/firstProdCategIndividualSelectionRadioB' successfully

2017-11-28 13:16:08 - [MESSAGE][PASSED] - Scroll to object 'Object Repository/PrimoTours/Old Objects/Coco (1)/PrimoT/SaveBooking2/Success/firstProdCategIndividualSelectionRadioB' successfully

2017-11-28 13:16:08 - [TEST_STEP][PASSED] - waitForElementClickable: Object 'Object Repository/PrimoTours/Old Objects/Coco (1)/PrimoT/SaveBooking2/Success/firstProdCategIndividualSelectionRadioB' is clickable

2017-11-28 13:16:08 - [MESSAGE][PASSED] - Object 'Object Repository/PrimoTours/Old Objects/Coco (1)/PrimoT/SaveBooking2/Success/firstProdCategIndividualSelectionRadioB' is clickable

2017-11-28 13:16:08 - [TEST_STEP][PASSED] - scrollToElement: Scroll to object 'Object Repository/PrimoTours/Old Objects/Coco (1)/PrimoT/SaveBooking2/Success/firstProdCategIndividualSelectionRadioB' successfully

2017-11-28 13:16:08 - [MESSAGE][PASSED] - Scroll to object 'Object Repository/PrimoTours/Old Objects/Coco (1)/PrimoT/SaveBooking2/Success/firstProdCategIndividualSelectionRadioB' successfully

2017-11-28 13:16:08 - [TEST_STEP][PASSED] - click: Object: 'Object Repository/PrimoTours/Old Objects/Coco (1)/PrimoT/SaveBooking2/Success/firstProdCategIndividualSelectionRadioB' is clicked on

2017-11-28 13:16:08 - [MESSAGE][PASSED] - Object: 'Object Repository/PrimoTours/Old Objects/Coco (1)/PrimoT/SaveBooking2/Success/firstProdCategIndividualSelectionRadioB' is clicked on

2017-11-28 13:16:08 - [TEST_STEP][PASSED] - scrollToElement: Scroll to object 'Object Repository/PrimoTours/Old Objects/Coco (1)/PrimoT/SaveBooking2/Success/firstProdCategSelectForAllPaxCheckbox' successfully

2017-11-28 13:16:08 - [MESSAGE][PASSED] - Scroll to object 'Object Repository/PrimoTours/Old Objects/Coco (1)/PrimoT/SaveBooking2/Success/firstProdCategSelectForAllPaxCheckbox' successfully

2017-11-28 13:16:08 - [TEST_STEP][PASSED] - waitForElementClickable: Object 'Object Repository/PrimoTours/Old Objects/Coco (1)/PrimoT/SaveBooking2/Success/firstProdCategSelectForAllPaxCheckbox' is clickable

2017-11-28 13:16:08 - [MESSAGE][PASSED] - Object 'Object Repository/PrimoTours/Old Objects/Coco (1)/PrimoT/SaveBooking2/Success/firstProdCategSelectForAllPaxCheckbox' is clickable

2017-11-28 13:16:08 - [TEST_STEP][PASSED] - click: Object: 'Object Repository/PrimoTours/Old Objects/Coco (1)/PrimoT/SaveBooking2/Success/firstProdCategSelectForAllPaxCheckbox' is clicked on

2017-11-28 13:16:08 - [MESSAGE][PASSED] - Object: 'Object Repository/PrimoTours/Old Objects/Coco (1)/PrimoT/SaveBooking2/Success/firstProdCategSelectForAllPaxCheckbox' is clicked on

2017-11-28 13:16:08 - [TEST_STEP][NOT_RUN] - scrollToElement: NOT_RUN: scrollToElement

2017-11-28 13:16:08 - [MESSAGE][NOT_RUN] - NOT_RUN: scrollToElement

2017-11-28 13:16:08 - [TEST_STEP][NOT_RUN] - scrollToElement: NOT_RUN: scrollToElement

2017-11-28 13:16:08 - [MESSAGE][NOT_RUN] - NOT_RUN: scrollToElement

2017-11-28 13:16:08 - [TEST_STEP][NOT_RUN] - click: NOT_RUN: click

2017-11-28 13:16:08 - [MESSAGE][NOT_RUN] - NOT_RUN: click

2017-11-28 13:16:08 - [TEST_STEP][PASSED] - scrollToElement: Scroll to object 'Object Repository/PrimoTours/Old Objects/Coco (1)/PrimoT/SaveBooking2/Success/acceptTermsCheckbox' successfully

2017-11-28 13:16:08 - [MESSAGE][PASSED] - Scroll to object 'Object Repository/PrimoTours/Old Objects/Coco (1)/PrimoT/SaveBooking2/Success/acceptTermsCheckbox' successfully

2017-11-28 13:16:08 - [TEST_STEP][PASSED] - click: Object: 'Object Repository/PrimoTours/Old Objects/Coco (1)/PrimoT/SaveBooking2/Success/acceptTermsCheckbox' is clicked on

2017-11-28 13:16:09 - [MESSAGE][PASSED] - Object: 'Object Repository/PrimoTours/Old Objects/Coco (1)/PrimoT/SaveBooking2/Success/acceptTermsCheckbox' is clicked on

2017-11-28 13:16:09 - [TEST_STEP][PASSED] - waitForElementClickable: Object 'Object Repository/PrimoTours/Old Objects/Coco (1)/PrimoT/SaveBooking2/Page_Primo Tours  Danmarks bedste c/a_btn btn-success col-xs-12 st' is clickable

2017-11-28 13:16:09 - [MESSAGE][PASSED] - Object 'Object Repository/PrimoTours/Old Objects/Coco (1)/PrimoT/SaveBooking2/Page_Primo Tours  Danmarks bedste c/a_btn btn-success col-xs-12 st' is clickable

2017-11-28 13:16:09 - [TEST_STEP][PASSED] - scrollToElement: Scroll to object 'Object Repository/PrimoTours/Old Objects/Coco (1)/PrimoT/SaveBooking2/Page_Primo Tours  Danmarks bedste c/a_btn btn-success col-xs-12 st' successfully

2017-11-28 13:16:09 - [MESSAGE][PASSED] - Scroll to object 'Object Repository/PrimoTours/Old Objects/Coco (1)/PrimoT/SaveBooking2/Page_Primo Tours  Danmarks bedste c/a_btn btn-success col-xs-12 st' successfully

2017-11-28 13:16:09 - [TEST_STEP][FAILED] - click: Unable to click on object 'Object Repository/PrimoTours/Old Objects/Coco (1)/PrimoT/SaveBooking2/Page_Primo Tours  Danmarks bedste c/a_btn btn-success col-xs-12 st' (Root cause: org.openqa.selenium.WebDriverException: unknown error: Element <a href="javascript:;" class="btn btn-success col-xs-12 step defaultButton disabledElement" data-validator="options" data-loader="true" data-bind="css: tourpaq.bookingEngine.confirmation.nextStepButtonStyle">...</a> is not clickable at point (1337, 729). Other element would receive the click: <div class="col-xs-12 col-md-4 col-md-offset-4 pull-right">...</div>
  (Session info: chrome=62.0.3202.94)
  (Driver info: chromedriver=2.33.506120 (e3e53437346286c0bc2d2dc9aa4915ba81d9023f),platform=Windows NT 6.3.9600 x86_64) (WARNING: The server did not provide any stacktrace information)
Command duration or timeout: 0 milliseconds
Build info: version: '3.7.1', revision: '8a0099a', time: '2017-11-06T21:07:36.161Z'
System info: host: 'NEACSUNEW-PC', ip: '10.10.10.211', os.name: 'Windows 8.1', os.arch: 'amd64', os.version: '6.3', java.version: '1.8.0_102'
Driver info: com.kms.katalon.selenium.driver.CChromeDriver
Capabilities {acceptSslCerts: true, applicationCacheEnabled: false, browserConnectionEnabled: false, browserName: chrome, chrome: {chromedriverVersion: 2.33.506120 (e3e53437346286..., userDataDir: C:\Users\Cornel\AppData\Loc...}, cssSelectorsEnabled: true, databaseEnabled: false, handlesAlerts: true, hasTouchScreen: false, javascriptEnabled: true, locationContextEnabled: true, mobileEmulationEnabled: false, nativeEvents: true, networkConnectionEnabled: false, pageLoadStrategy: normal, platform: XP, platformName: XP, rotatable: false, setWindowRect: true, takesHeapSnapshot: true, takesScreenshot: true, unexpectedAlertBehaviour: , unhandledPromptBehavior: , version: 62.0.3202.94, webStorageEnabled: true}
Session ID: ce2c3d031c14234e749481693663f940)

2017-11-28 13:16:09 - [MESSAGE][FAILED] - Unable to click on object 'Object Repository/PrimoTours/Old Objects/Coco (1)/PrimoT/SaveBooking2/Page_Primo Tours  Danmarks bedste c/a_btn btn-success col-xs-12 st' (Root cause: org.openqa.selenium.WebDriverException: unknown error: Element <a href="javascript:;" class="btn btn-success col-xs-12 step defaultButton disabledElement" data-validator="options" data-loader="true" data-bind="css: tourpaq.bookingEngine.confirmation.nextStepButtonStyle">...</a> is not clickable at point (1337, 729). Other element would receive the click: <div class="col-xs-12 col-md-4 col-md-offset-4 pull-right">...</div>
  (Session info: chrome=62.0.3202.94)
  (Driver info: chromedriver=2.33.506120 (e3e53437346286c0bc2d2dc9aa4915ba81d9023f),platform=Windows NT 6.3.9600 x86_64) (WARNING: The server did not provide any stacktrace information)
Command duration or timeout: 0 milliseconds
Build info: version: '3.7.1', revision: '8a0099a', time: '2017-11-06T21:07:36.161Z'
System info: host: 'NEACSUNEW-PC', ip: '10.10.10.211', os.name: 'Windows 8.1', os.arch: 'amd64', os.version: '6.3', java.version: '1.8.0_102'
Driver info: com.kms.katalon.selenium.driver.CChromeDriver
Capabilities {acceptSslCerts: true, applicationCacheEnabled: false, browserConnectionEnabled: false, browserName: chrome, chrome: {chromedriverVersion: 2.33.506120 (e3e53437346286..., userDataDir: C:\Users\Cornel\AppData\Loc...}, cssSelectorsEnabled: true, databaseEnabled: false, handlesAlerts: true, hasTouchScreen: false, javascriptEnabled: true, locationContextEnabled: true, mobileEmulationEnabled: false, nativeEvents: true, networkConnectionEnabled: false, pageLoadStrategy: normal, platform: XP, platformName: XP, rotatable: false, setWindowRect: true, takesHeapSnapshot: true, takesScreenshot: true, unexpectedAlertBehaviour: , unhandledPromptBehavior: , version: 62.0.3202.94, webStorageEnabled: true}
Session ID: ce2c3d031c14234e749481693663f940)
[[ATTACHMENT|D:\\Software testing\\Tourpaq\\Automated Katalon tests\\Primo WB test\\Reports\\WB Primo From Excel URLs\\20171128_131240\\1511867769451.png]]]]></system-out>
         <system-err><![CDATA[2017-11-28 13:15:54 - [TEST_CASE][FAILED] - Test Cases/PrimoTours/WB Primo/WB Primo staging - place booking - Iteration 10: Test Cases/PrimoTours/WB Primo/WB Primo staging - place booking FAILED because (of) Unable to click on object 'Object Repository/PrimoTours/Old Objects/Coco (1)/PrimoT/SaveBooking2/Page_Primo Tours  Danmarks bedste c/a_btn btn-success col-xs-12 st' (Root cause: org.openqa.selenium.WebDriverException: unknown error: Element <a href="javascript:;" class="btn btn-success col-xs-12 step defaultButton disabledElement" data-validator="options" data-loader="true" data-bind="css: tourpaq.bookingEngine.confirmation.nextStepButtonStyle">...</a> is not clickable at point (1337, 729). Other element would receive the click: <div class="col-xs-12 col-md-4 col-md-offset-4 pull-right">...</div>
  (Session info: chrome=62.0.3202.94)
  (Driver info: chromedriver=2.33.506120 (e3e53437346286c0bc2d2dc9aa4915ba81d9023f),platform=Windows NT 6.3.9600 x86_64) (WARNING: The server did not provide any stacktrace information)
Command duration or timeout: 0 milliseconds
Build info: version: '3.7.1', revision: '8a0099a', time: '2017-11-06T21:07:36.161Z'
System info: host: 'NEACSUNEW-PC', ip: '10.10.10.211', os.name: 'Windows 8.1', os.arch: 'amd64', os.version: '6.3', java.version: '1.8.0_102'
Driver info: com.kms.katalon.selenium.driver.CChromeDriver
Capabilities {acceptSslCerts: true, applicationCacheEnabled: false, browserConnectionEnabled: false, browserName: chrome, chrome: {chromedriverVersion: 2.33.506120 (e3e53437346286..., userDataDir: C:\Users\Cornel\AppData\Loc...}, cssSelectorsEnabled: true, databaseEnabled: false, handlesAlerts: true, hasTouchScreen: false, javascriptEnabled: true, locationContextEnabled: true, mobileEmulationEnabled: false, nativeEvents: true, networkConnectionEnabled: false, pageLoadStrategy: normal, platform: XP, platformName: XP, rotatable: false, setWindowRect: true, takesHeapSnapshot: true, takesScreenshot: true, unexpectedAlertBehaviour: , unhandledPromptBehavior: , version: 62.0.3202.94, webStorageEnabled: true}
Session ID: ce2c3d031c14234e749481693663f940)]]></system-err>
      </testcase>
      <testcase name="Test Cases/PrimoTours/WB Primo/WB Primo staging - place booking - Iteration 11" classname="Test Cases/PrimoTours/WB Primo/WB Primo staging - place booking" status="FAILED">
         <failure type="FAILED" message="Test Cases/PrimoTours/WB Primo/WB Primo staging - place booking FAILED because (of) Unable to click on object 'Object Repository/PrimoTours/Old Objects/Coco (1)/PrimoT/SaveBooking2/Page_Primo Tours  Danmarks bedste c/a_btn btn-success col-xs-12 st' (Root cause: org.openqa.selenium.WebDriverException: unknown error: Element &lt;a href=&quot;javascript:;&quot; class=&quot;btn btn-success col-xs-12 step defaultButton disabledElement&quot; data-validator=&quot;options&quot; data-loader=&quot;true&quot; data-bind=&quot;css: tourpaq.bookingEngine.confirmation.nextStepButtonStyle&quot;>...&lt;/a> is not clickable at point (1337, 729). Other element would receive the click: &lt;div class=&quot;col-xs-12 col-md-4 col-md-offset-4 pull-right&quot;>...&lt;/div>
  (Session info: chrome=62.0.3202.94)
  (Driver info: chromedriver=2.33.506120 (e3e53437346286c0bc2d2dc9aa4915ba81d9023f),platform=Windows NT 6.3.9600 x86_64) (WARNING: The server did not provide any stacktrace information)
Command duration or timeout: 0 milliseconds
Build info: version: '3.7.1', revision: '8a0099a', time: '2017-11-06T21:07:36.161Z'
System info: host: 'NEACSUNEW-PC', ip: '10.10.10.211', os.name: 'Windows 8.1', os.arch: 'amd64', os.version: '6.3', java.version: '1.8.0_102'
Driver info: com.kms.katalon.selenium.driver.CChromeDriver
Capabilities {acceptSslCerts: true, applicationCacheEnabled: false, browserConnectionEnabled: false, browserName: chrome, chrome: {chromedriverVersion: 2.33.506120 (e3e53437346286..., userDataDir: C:\Users\Cornel\AppData\Loc...}, cssSelectorsEnabled: true, databaseEnabled: false, handlesAlerts: true, hasTouchScreen: false, javascriptEnabled: true, locationContextEnabled: true, mobileEmulationEnabled: false, nativeEvents: true, networkConnectionEnabled: false, pageLoadStrategy: normal, platform: XP, platformName: XP, rotatable: false, setWindowRect: true, takesHeapSnapshot: true, takesScreenshot: true, unexpectedAlertBehaviour: , unhandledPromptBehavior: , version: 62.0.3202.94, webStorageEnabled: true}
Session ID: 04c6fb1010cf423a9a87ec104c261034)"/>
         <system-out><![CDATA[2017-11-28 13:16:09 - [TEST_CASE][FAILED] - Test Cases/PrimoTours/WB Primo/WB Primo staging - place booking - Iteration 11: Test Cases/PrimoTours/WB Primo/WB Primo staging - place booking FAILED because (of) Unable to click on object 'Object Repository/PrimoTours/Old Objects/Coco (1)/PrimoT/SaveBooking2/Page_Primo Tours  Danmarks bedste c/a_btn btn-success col-xs-12 st' (Root cause: org.openqa.selenium.WebDriverException: unknown error: Element <a href="javascript:;" class="btn btn-success col-xs-12 step defaultButton disabledElement" data-validator="options" data-loader="true" data-bind="css: tourpaq.bookingEngine.confirmation.nextStepButtonStyle">...</a> is not clickable at point (1337, 729). Other element would receive the click: <div class="col-xs-12 col-md-4 col-md-offset-4 pull-right">...</div>
  (Session info: chrome=62.0.3202.94)
  (Driver info: chromedriver=2.33.506120 (e3e53437346286c0bc2d2dc9aa4915ba81d9023f),platform=Windows NT 6.3.9600 x86_64) (WARNING: The server did not provide any stacktrace information)
Command duration or timeout: 0 milliseconds
Build info: version: '3.7.1', revision: '8a0099a', time: '2017-11-06T21:07:36.161Z'
System info: host: 'NEACSUNEW-PC', ip: '10.10.10.211', os.name: 'Windows 8.1', os.arch: 'amd64', os.version: '6.3', java.version: '1.8.0_102'
Driver info: com.kms.katalon.selenium.driver.CChromeDriver
Capabilities {acceptSslCerts: true, applicationCacheEnabled: false, browserConnectionEnabled: false, browserName: chrome, chrome: {chromedriverVersion: 2.33.506120 (e3e53437346286..., userDataDir: C:\Users\Cornel\AppData\Loc...}, cssSelectorsEnabled: true, databaseEnabled: false, handlesAlerts: true, hasTouchScreen: false, javascriptEnabled: true, locationContextEnabled: true, mobileEmulationEnabled: false, nativeEvents: true, networkConnectionEnabled: false, pageLoadStrategy: normal, platform: XP, platformName: XP, rotatable: false, setWindowRect: true, takesHeapSnapshot: true, takesScreenshot: true, unexpectedAlertBehaviour: , unhandledPromptBehavior: , version: 62.0.3202.94, webStorageEnabled: true}
Session ID: 04c6fb1010cf423a9a87ec104c261034)

2017-11-28 13:16:09 - [TEST_STEP][PASSED] - openBrowser: Browser is opened with url: ''

2017-11-28 13:16:09 - [MESSAGE][WARNING] - A browser is already opened. Closing browser and opening a new one

2017-11-28 13:16:12 - [MESSAGE][PASSED] - Browser is opened with url: ''

2017-11-28 13:16:12 - [TEST_STEP][PASSED] - maximizeWindow: Current window maximized

2017-11-28 13:16:13 - [MESSAGE][PASSED] - Current window maximized

2017-11-28 13:16:13 - [TEST_STEP][PASSED] - navigateToUrl: Navigate to 'https://staging-primotours-webbooking.tourpaq.com/DoBooking.aspx?pltaID=1480269&p=2&rno=1&pt=2&a=2&c=2&aa=&ca=1%2C5' successfully

2017-11-28 13:16:16 - [MESSAGE][PASSED] - Navigate to 'https://staging-primotours-webbooking.tourpaq.com/DoBooking.aspx?pltaID=1480269&p=2&rno=1&pt=2&a=2&c=2&aa=&ca=1%2C5' successfully

2017-11-28 13:16:16 - [TEST_STEP][PASSED] - setText: Text 'Pedersen AUT' is set on object 'Object Repository/PrimoTours/Old Objects/Coco/PrimoT/Page_Primo Tours  Danmarks bedste c/input_firstName'

2017-11-28 13:16:16 - [MESSAGE][PASSED] - Text 'Pedersen AUT' is set on object 'Object Repository/PrimoTours/Old Objects/Coco/PrimoT/Page_Primo Tours  Danmarks bedste c/input_firstName'

2017-11-28 13:16:16 - [TEST_STEP][PASSED] - setText: Text 'Vibe Dalby' is set on object 'Object Repository/PrimoTours/Old Objects/Coco/PrimoT/Page_Primo Tours  Danmarks bedste c/input_lastName'

2017-11-28 13:16:16 - [MESSAGE][PASSED] - Text 'Vibe Dalby' is set on object 'Object Repository/PrimoTours/Old Objects/Coco/PrimoT/Page_Primo Tours  Danmarks bedste c/input_lastName'

2017-11-28 13:16:16 - [TEST_STEP][PASSED] - setText: Text 'Home address' is set on object 'Object Repository/PrimoTours/Old Objects/Coco/PrimoT/Page_Primo Tours  Danmarks bedste c/input_customerAddress'

2017-11-28 13:16:17 - [MESSAGE][PASSED] - Text 'Home address' is set on object 'Object Repository/PrimoTours/Old Objects/Coco/PrimoT/Page_Primo Tours  Danmarks bedste c/input_customerAddress'

2017-11-28 13:16:17 - [TEST_STEP][PASSED] - setText: Text '6700' is set on object 'Object Repository/PrimoTours/Old Objects/Coco/PrimoT/Page_Primo Tours  Danmarks bedste c/input_customerPostcode'

2017-11-28 13:16:17 - [MESSAGE][PASSED] - Text '6700' is set on object 'Object Repository/PrimoTours/Old Objects/Coco/PrimoT/Page_Primo Tours  Danmarks bedste c/input_customerPostcode'

2017-11-28 13:16:17 - [TEST_STEP][PASSED] - setText: Text 'cornel.neacsu@roweb.ro' is set on object 'Object Repository/PrimoTours/Old Objects/Coco/PrimoT/Page_Primo Tours  Danmarks bedste c/input_customerEmail'

2017-11-28 13:16:17 - [MESSAGE][PASSED] - Text 'cornel.neacsu@roweb.ro' is set on object 'Object Repository/PrimoTours/Old Objects/Coco/PrimoT/Page_Primo Tours  Danmarks bedste c/input_customerEmail'

2017-11-28 13:16:17 - [TEST_STEP][PASSED] - setText: Text '12345678' is set on object 'Object Repository/PrimoTours/Old Objects/Coco/PrimoT/Page_Primo Tours  Danmarks bedste c/input_customerPhone'

2017-11-28 13:16:17 - [MESSAGE][PASSED] - Text '12345678' is set on object 'Object Repository/PrimoTours/Old Objects/Coco/PrimoT/Page_Primo Tours  Danmarks bedste c/input_customerPhone'

2017-11-28 13:16:17 - [TEST_STEP][PASSED] - Statement - excelInfo = ["fname":"", "lname":"", "pgender":"", "pday":"", "pmonth":"", "pyear":""]: null

2017-11-28 13:16:17 - [TEST_STEP][PASSED] - Statement - rawData = com.kms.katalon.core.testdata.TestDataFactory.findTestData("Data Files/WB_Primo/Passenger_details"): Reading excel file with source file 'D:\Software testing\Tourpaq\Automated Katalon tests\Primo WB test\Data Files\Primo_URLs_For_Automated_Test.xls' and sheet name 'Passenger Names'

2017-11-28 13:16:17 - [TEST_STEP][PASSED] - Statement - excelRowNo = rawData.getRowNumbers(): null

2017-11-28 13:16:17 - [TEST_STEP][PASSED] - Statement - randomPaxIndex = 1: null

2017-11-28 13:16:17 - [TEST_STEP][PASSED] - waitForElementClickable: Object 'Object Repository/PrimoTours/Old Objects/Coco/PrimoT/Page_Primo Tours  Danmarks bedste c/input_firstname-0_1' is clickable

2017-11-28 13:16:19 - [MESSAGE][PASSED] - Object 'Object Repository/PrimoTours/Old Objects/Coco/PrimoT/Page_Primo Tours  Danmarks bedste c/input_firstname-0_1' is clickable

2017-11-28 13:16:19 - [TEST_STEP][PASSED] - Statement - driver = com.kms.katalon.core.webui.driver.DriverFactory.getWebDriver(): null

2017-11-28 13:16:19 - [TEST_STEP][PASSED] - Statement - roomContainerXpath = "id("booking")/div[@class="wrapper second-bg"]/div[contains(@class,"container-mx")]/div[@class="row"]/div[@class="col-md-12 roomContainer"]": null

2017-11-28 13:16:19 - [TEST_STEP][PASSED] - Statement - roomsCount = driver.findElements(org.openqa.selenium.By.xpath(roomContainerXpath)).size(): null

2017-11-28 13:16:20 - [TEST_STEP][PASSED] - Statement - println("roomsCount=" + roomsCount): null

2017-11-28 13:16:20 - [TEST_STEP][PASSED] - Statement - For ([i = 1, i <= roomsCount, (i++)]): Text 'Frederik Lindskov' is set on object 'Object Repository/PrimoTours/Old Objects/allPaxLastNameFields'

2017-11-28 13:16:20 - [TEST_STEP][PASSED] - Statement - paxInRoomXpath = roomContainerXpath + "[" + i + "]/div[@class="row"]/div[@class="col-md-12"]/div[@class="row"]": null

2017-11-28 13:16:20 - [TEST_STEP][PASSED] - Statement - paxInRoomCount = driver.findElements(org.openqa.selenium.By.xpath(paxInRoomXpath)).size(): null

2017-11-28 13:16:20 - [TEST_STEP][PASSED] - Statement - println("paxInRoomCount=" + paxInRoomCount): null

2017-11-28 13:16:20 - [TEST_STEP][PASSED] - Statement - For ([j = 1, j <= paxInRoomCount, (j++)]): Text 'Frederik Lindskov' is set on object 'Object Repository/PrimoTours/Old Objects/allPaxLastNameFields'

2017-11-28 13:16:20 - [TEST_STEP][PASSED] - Statement - If (i == 1 & j == 1): null

2017-11-28 13:16:20 - [TEST_STEP][PASSED] - Statement - <not implemented yet for class: org.codehaus.groovy.ast.stmt.ContinueStatement>: null

2017-11-28 13:16:20 - [TEST_STEP][PASSED] - Statement - If (i == 1 & j == 1): null

2017-11-28 13:16:20 - [TEST_STEP][PASSED] - Statement - randomPaxIndex = java.lang.Math.abs(new java.util.Random().nextInt() % excelRowNo) + 1: null

2017-11-28 13:16:20 - [TEST_STEP][PASSED] - Statement - println(randomPaxIndex): null

2017-11-28 13:16:20 - [TEST_STEP][PASSED] - Statement - fname = rawData.getValue("FirstName", randomPaxIndex) + " AUT": null

2017-11-28 13:16:20 - [TEST_STEP][PASSED] - Statement - lname = rawData.getValue("LastName", randomPaxIndex): null

2017-11-28 13:16:20 - [TEST_STEP][PASSED] - Statement - pgender = rawData.getValue("Gender", randomPaxIndex): null

2017-11-28 13:16:20 - [TEST_STEP][PASSED] - Statement - pday = rawData.getValue("Day DOB", randomPaxIndex): null

2017-11-28 13:16:20 - [TEST_STEP][PASSED] - Statement - pmonth = rawData.getValue("Month DOB", randomPaxIndex): null

2017-11-28 13:16:20 - [TEST_STEP][PASSED] - Statement - pyear = rawData.getValue("Year DOB", randomPaxIndex): null

2017-11-28 13:16:20 - [TEST_STEP][PASSED] - Statement - paxDetailFields = paxInRoomXpath + "[" + j + "]/div[@class="col-md-x col-md-9"]/div[@class="row paxContainer"]/div[@class="col-md-5"]": null

2017-11-28 13:16:20 - [TEST_STEP][PASSED] - Statement - xpathval = paxDetailFields + "[1]/div[contains(@class,"form-group")]/input[@class="form-control paxFirstName"]": null

2017-11-28 13:16:20 - [TEST_STEP][PASSED] - Statement - println("fn: " + xpathval): null

2017-11-28 13:16:20 - [TEST_STEP][PASSED] - Statement - repObj = com.kms.katalon.core.testobject.ObjectRepository.findTestObject(Object Repository/PrimoTours/Old Objects/allPaxFirstNameFields): Finding Test Object with id 'Object Repository/PrimoTours/Old Objects/allPaxFirstNameFields'

2017-11-28 13:16:20 - [TEST_STEP][PASSED] - Statement - repObj.findProperty("xpath").setValue(xpathval): null

2017-11-28 13:16:20 - [TEST_STEP][PASSED] - setText: Text 'Spangsø AUT' is set on object 'Object Repository/PrimoTours/Old Objects/allPaxFirstNameFields'

2017-11-28 13:16:20 - [MESSAGE][PASSED] - Text 'Spangsø AUT' is set on object 'Object Repository/PrimoTours/Old Objects/allPaxFirstNameFields'

2017-11-28 13:16:20 - [TEST_STEP][PASSED] - Statement - xpathval = paxDetailFields + "[2]/div[contains(@class,"form-group")]/input[@class="form-control paxLastName"]": null

2017-11-28 13:16:20 - [TEST_STEP][PASSED] - Statement - println("ln: " + xpathval): null

2017-11-28 13:16:20 - [TEST_STEP][PASSED] - Statement - repObj = com.kms.katalon.core.testobject.ObjectRepository.findTestObject(Object Repository/PrimoTours/Old Objects/allPaxLastNameFields): Finding Test Object with id 'Object Repository/PrimoTours/Old Objects/allPaxLastNameFields'

2017-11-28 13:16:20 - [TEST_STEP][PASSED] - Statement - repObj.findProperty("xpath").setValue(xpathval): null

2017-11-28 13:16:20 - [TEST_STEP][PASSED] - setText: Text 'Simon Due' is set on object 'Object Repository/PrimoTours/Old Objects/allPaxLastNameFields'

2017-11-28 13:16:20 - [MESSAGE][PASSED] - Text 'Simon Due' is set on object 'Object Repository/PrimoTours/Old Objects/allPaxLastNameFields'

2017-11-28 13:16:20 - [TEST_STEP][PASSED] - Statement - If (i == 1 & j == 1): null

2017-11-28 13:16:20 - [TEST_STEP][PASSED] - Statement - randomPaxIndex = java.lang.Math.abs(new java.util.Random().nextInt() % excelRowNo) + 1: null

2017-11-28 13:16:20 - [TEST_STEP][PASSED] - Statement - println(randomPaxIndex): null

2017-11-28 13:16:20 - [TEST_STEP][PASSED] - Statement - fname = rawData.getValue("FirstName", randomPaxIndex) + " AUT": null

2017-11-28 13:16:20 - [TEST_STEP][PASSED] - Statement - lname = rawData.getValue("LastName", randomPaxIndex): null

2017-11-28 13:16:20 - [TEST_STEP][PASSED] - Statement - pgender = rawData.getValue("Gender", randomPaxIndex): null

2017-11-28 13:16:20 - [TEST_STEP][PASSED] - Statement - pday = rawData.getValue("Day DOB", randomPaxIndex): null

2017-11-28 13:16:20 - [TEST_STEP][PASSED] - Statement - pmonth = rawData.getValue("Month DOB", randomPaxIndex): null

2017-11-28 13:16:20 - [TEST_STEP][PASSED] - Statement - pyear = rawData.getValue("Year DOB", randomPaxIndex): null

2017-11-28 13:16:20 - [TEST_STEP][PASSED] - Statement - paxDetailFields = paxInRoomXpath + "[" + j + "]/div[@class="col-md-x col-md-9"]/div[@class="row paxContainer"]/div[@class="col-md-5"]": null

2017-11-28 13:16:20 - [TEST_STEP][PASSED] - Statement - xpathval = paxDetailFields + "[1]/div[contains(@class,"form-group")]/input[@class="form-control paxFirstName"]": null

2017-11-28 13:16:20 - [TEST_STEP][PASSED] - Statement - println("fn: " + xpathval): null

2017-11-28 13:16:20 - [TEST_STEP][PASSED] - Statement - repObj = com.kms.katalon.core.testobject.ObjectRepository.findTestObject(Object Repository/PrimoTours/Old Objects/allPaxFirstNameFields): Finding Test Object with id 'Object Repository/PrimoTours/Old Objects/allPaxFirstNameFields'

2017-11-28 13:16:20 - [TEST_STEP][PASSED] - Statement - repObj.findProperty("xpath").setValue(xpathval): null

2017-11-28 13:16:20 - [TEST_STEP][PASSED] - setText: Text 'Nordahn Wessman AUT' is set on object 'Object Repository/PrimoTours/Old Objects/allPaxFirstNameFields'

2017-11-28 13:16:20 - [MESSAGE][PASSED] - Text 'Nordahn Wessman AUT' is set on object 'Object Repository/PrimoTours/Old Objects/allPaxFirstNameFields'

2017-11-28 13:16:20 - [TEST_STEP][PASSED] - Statement - xpathval = paxDetailFields + "[2]/div[contains(@class,"form-group")]/input[@class="form-control paxLastName"]": null

2017-11-28 13:16:20 - [TEST_STEP][PASSED] - Statement - println("ln: " + xpathval): null

2017-11-28 13:16:20 - [TEST_STEP][PASSED] - Statement - repObj = com.kms.katalon.core.testobject.ObjectRepository.findTestObject(Object Repository/PrimoTours/Old Objects/allPaxLastNameFields): Finding Test Object with id 'Object Repository/PrimoTours/Old Objects/allPaxLastNameFields'

2017-11-28 13:16:20 - [TEST_STEP][PASSED] - Statement - repObj.findProperty("xpath").setValue(xpathval): null

2017-11-28 13:16:20 - [TEST_STEP][PASSED] - setText: Text 'Kirsten' is set on object 'Object Repository/PrimoTours/Old Objects/allPaxLastNameFields'

2017-11-28 13:16:20 - [MESSAGE][PASSED] - Text 'Kirsten' is set on object 'Object Repository/PrimoTours/Old Objects/allPaxLastNameFields'

2017-11-28 13:16:20 - [TEST_STEP][PASSED] - Statement - If (i == 1 & j == 1): null

2017-11-28 13:16:20 - [TEST_STEP][PASSED] - Statement - randomPaxIndex = java.lang.Math.abs(new java.util.Random().nextInt() % excelRowNo) + 1: null

2017-11-28 13:16:20 - [TEST_STEP][PASSED] - Statement - println(randomPaxIndex): null

2017-11-28 13:16:20 - [TEST_STEP][PASSED] - Statement - fname = rawData.getValue("FirstName", randomPaxIndex) + " AUT": null

2017-11-28 13:16:20 - [TEST_STEP][PASSED] - Statement - lname = rawData.getValue("LastName", randomPaxIndex): null

2017-11-28 13:16:20 - [TEST_STEP][PASSED] - Statement - pgender = rawData.getValue("Gender", randomPaxIndex): null

2017-11-28 13:16:20 - [TEST_STEP][PASSED] - Statement - pday = rawData.getValue("Day DOB", randomPaxIndex): null

2017-11-28 13:16:20 - [TEST_STEP][PASSED] - Statement - pmonth = rawData.getValue("Month DOB", randomPaxIndex): null

2017-11-28 13:16:20 - [TEST_STEP][PASSED] - Statement - pyear = rawData.getValue("Year DOB", randomPaxIndex): null

2017-11-28 13:16:20 - [TEST_STEP][PASSED] - Statement - paxDetailFields = paxInRoomXpath + "[" + j + "]/div[@class="col-md-x col-md-9"]/div[@class="row paxContainer"]/div[@class="col-md-5"]": null

2017-11-28 13:16:20 - [TEST_STEP][PASSED] - Statement - xpathval = paxDetailFields + "[1]/div[contains(@class,"form-group")]/input[@class="form-control paxFirstName"]": null

2017-11-28 13:16:20 - [TEST_STEP][PASSED] - Statement - println("fn: " + xpathval): null

2017-11-28 13:16:20 - [TEST_STEP][PASSED] - Statement - repObj = com.kms.katalon.core.testobject.ObjectRepository.findTestObject(Object Repository/PrimoTours/Old Objects/allPaxFirstNameFields): Finding Test Object with id 'Object Repository/PrimoTours/Old Objects/allPaxFirstNameFields'

2017-11-28 13:16:20 - [TEST_STEP][PASSED] - Statement - repObj.findProperty("xpath").setValue(xpathval): null

2017-11-28 13:16:20 - [TEST_STEP][PASSED] - setText: Text 'Hansen AUT' is set on object 'Object Repository/PrimoTours/Old Objects/allPaxFirstNameFields'

2017-11-28 13:16:21 - [MESSAGE][PASSED] - Text 'Hansen AUT' is set on object 'Object Repository/PrimoTours/Old Objects/allPaxFirstNameFields'

2017-11-28 13:16:21 - [TEST_STEP][PASSED] - Statement - xpathval = paxDetailFields + "[2]/div[contains(@class,"form-group")]/input[@class="form-control paxLastName"]": null

2017-11-28 13:16:21 - [TEST_STEP][PASSED] - Statement - println("ln: " + xpathval): null

2017-11-28 13:16:21 - [TEST_STEP][PASSED] - Statement - repObj = com.kms.katalon.core.testobject.ObjectRepository.findTestObject(Object Repository/PrimoTours/Old Objects/allPaxLastNameFields): Finding Test Object with id 'Object Repository/PrimoTours/Old Objects/allPaxLastNameFields'

2017-11-28 13:16:21 - [TEST_STEP][PASSED] - Statement - repObj.findProperty("xpath").setValue(xpathval): null

2017-11-28 13:16:21 - [TEST_STEP][PASSED] - setText: Text 'Frederik Lindskov' is set on object 'Object Repository/PrimoTours/Old Objects/allPaxLastNameFields'

2017-11-28 13:16:21 - [MESSAGE][PASSED] - Text 'Frederik Lindskov' is set on object 'Object Repository/PrimoTours/Old Objects/allPaxLastNameFields'

2017-11-28 13:16:21 - [TEST_STEP][PASSED] - scrollToElement: Scroll to object 'Object Repository/PrimoTours/Old Objects/Coco (1)/PrimoT/SaveBooking2/Success/bookingTotalValue' successfully

2017-11-28 13:16:21 - [MESSAGE][PASSED] - Scroll to object 'Object Repository/PrimoTours/Old Objects/Coco (1)/PrimoT/SaveBooking2/Success/bookingTotalValue' successfully

2017-11-28 13:16:21 - [TEST_STEP][PASSED] - click: Object: 'Object Repository/PrimoTours/Old Objects/Coco (1)/PrimoT/SaveBooking2/Success/bookingTotalValue' is clicked on

2017-11-28 13:16:21 - [MESSAGE][PASSED] - Object: 'Object Repository/PrimoTours/Old Objects/Coco (1)/PrimoT/SaveBooking2/Success/bookingTotalValue' is clicked on

2017-11-28 13:16:21 - [TEST_STEP][PASSED] - scrollToElement: Scroll to object 'Object Repository/PrimoTours/Old Objects/Coco (1)/PrimoT/SaveBooking2/Success/Page_Primo Tours  Danmarks bedste c/i_fa fa-arrow-circle-right' successfully

2017-11-28 13:16:21 - [MESSAGE][PASSED] - Scroll to object 'Object Repository/PrimoTours/Old Objects/Coco (1)/PrimoT/SaveBooking2/Success/Page_Primo Tours  Danmarks bedste c/i_fa fa-arrow-circle-right' successfully

2017-11-28 13:16:21 - [TEST_STEP][PASSED] - waitForElementClickable: Object 'Object Repository/PrimoTours/Old Objects/Coco (1)/PrimoT/SaveBooking2/Success/Page_Primo Tours  Danmarks bedste c/i_fa fa-arrow-circle-right' is clickable

2017-11-28 13:16:21 - [MESSAGE][PASSED] - Object 'Object Repository/PrimoTours/Old Objects/Coco (1)/PrimoT/SaveBooking2/Success/Page_Primo Tours  Danmarks bedste c/i_fa fa-arrow-circle-right' is clickable

2017-11-28 13:16:21 - [TEST_STEP][PASSED] - waitForElementVisible: Object 'Object Repository/PrimoTours/Old Objects/Coco (1)/PrimoT/SaveBooking2/Success/Page_Primo Tours  Danmarks bedste c/i_fa fa-arrow-circle-right' is visible

2017-11-28 13:16:21 - [MESSAGE][PASSED] - Object 'Object Repository/PrimoTours/Old Objects/Coco (1)/PrimoT/SaveBooking2/Success/Page_Primo Tours  Danmarks bedste c/i_fa fa-arrow-circle-right' is visible

2017-11-28 13:16:21 - [TEST_STEP][PASSED] - scrollToElement: Scroll to object 'Object Repository/PrimoTours/Old Objects/Coco (1)/PrimoT/SaveBooking2/Success/Page_Primo Tours  Danmarks bedste c/i_fa fa-arrow-circle-right' successfully

2017-11-28 13:16:21 - [MESSAGE][PASSED] - Scroll to object 'Object Repository/PrimoTours/Old Objects/Coco (1)/PrimoT/SaveBooking2/Success/Page_Primo Tours  Danmarks bedste c/i_fa fa-arrow-circle-right' successfully

2017-11-28 13:16:21 - [TEST_STEP][PASSED] - click: Object: 'Object Repository/PrimoTours/Old Objects/Coco (1)/PrimoT/SaveBooking2/Success/Page_Primo Tours  Danmarks bedste c/i_fa fa-arrow-circle-right' is clicked on

2017-11-28 13:16:21 - [MESSAGE][PASSED] - Object: 'Object Repository/PrimoTours/Old Objects/Coco (1)/PrimoT/SaveBooking2/Success/Page_Primo Tours  Danmarks bedste c/i_fa fa-arrow-circle-right' is clicked on

2017-11-28 13:16:21 - [TEST_STEP][PASSED] - waitForElementNotVisible: Object 'Object Repository/PrimoTours/Old Objects/CCenter/pageLoaderOverlayLayer' is NOT visible

2017-11-28 13:16:23 - [MESSAGE][PASSED] - Object 'Object Repository/PrimoTours/Old Objects/CCenter/pageLoaderOverlayLayer' is NOT visible

2017-11-28 13:16:23 - [TEST_STEP][PASSED] - scrollToElement: Scroll to object 'Object Repository/PrimoTours/Old Objects/Coco/PrimoT/Ins2/Page_Primo Tours  Danmarks bedste c/span_Vlg forsikring' successfully

2017-11-28 13:16:23 - [MESSAGE][PASSED] - Scroll to object 'Object Repository/PrimoTours/Old Objects/Coco/PrimoT/Ins2/Page_Primo Tours  Danmarks bedste c/span_Vlg forsikring' successfully

2017-11-28 13:16:23 - [TEST_STEP][PASSED] - waitForElementPresent: Object 'Object Repository/PrimoTours/Old Objects/Coco/PrimoT/Ins2/Page_Primo Tours  Danmarks bedste c/span_Vlg forsikring' is present

2017-11-28 13:16:23 - [MESSAGE][PASSED] - Object 'Object Repository/PrimoTours/Old Objects/Coco/PrimoT/Ins2/Page_Primo Tours  Danmarks bedste c/span_Vlg forsikring' is present

2017-11-28 13:16:23 - [TEST_STEP][PASSED] - waitForElementVisible: Object 'Object Repository/PrimoTours/Old Objects/Coco/PrimoT/Ins2/Page_Primo Tours  Danmarks bedste c/span_Vlg forsikring' is visible

2017-11-28 13:16:23 - [MESSAGE][PASSED] - Object 'Object Repository/PrimoTours/Old Objects/Coco/PrimoT/Ins2/Page_Primo Tours  Danmarks bedste c/span_Vlg forsikring' is visible

2017-11-28 13:16:23 - [TEST_STEP][PASSED] - waitForElementClickable: Object 'Object Repository/PrimoTours/Old Objects/Coco/PrimoT/Ins2/Page_Primo Tours  Danmarks bedste c/span_Vlg forsikring' is clickable

2017-11-28 13:16:23 - [MESSAGE][PASSED] - Object 'Object Repository/PrimoTours/Old Objects/Coco/PrimoT/Ins2/Page_Primo Tours  Danmarks bedste c/span_Vlg forsikring' is clickable

2017-11-28 13:16:23 - [TEST_STEP][PASSED] - click: Object: 'Object Repository/PrimoTours/Old Objects/Coco/PrimoT/Ins2/Page_Primo Tours  Danmarks bedste c/span_Vlg forsikring' is clicked on

2017-11-28 13:16:23 - [MESSAGE][PASSED] - Object: 'Object Repository/PrimoTours/Old Objects/Coco/PrimoT/Ins2/Page_Primo Tours  Danmarks bedste c/span_Vlg forsikring' is clicked on

2017-11-28 13:16:23 - [TEST_STEP][PASSED] - click: Object: 'Object Repository/PrimoTours/Old Objects/Coco/PrimoT/Ins2/Page_Primo Tours  Danmarks bedste c/li_Har selv forsikring - kr. 0' is clicked on

2017-11-28 13:16:23 - [MESSAGE][PASSED] - Object: 'Object Repository/PrimoTours/Old Objects/Coco/PrimoT/Ins2/Page_Primo Tours  Danmarks bedste c/li_Har selv forsikring - kr. 0' is clicked on

2017-11-28 13:16:23 - [TEST_STEP][NOT_RUN] - click: NOT_RUN: click

2017-11-28 13:16:23 - [MESSAGE][NOT_RUN] - NOT_RUN: click

2017-11-28 13:16:23 - [TEST_STEP][NOT_RUN] - scrollToElement: NOT_RUN: scrollToElement

2017-11-28 13:16:23 - [MESSAGE][NOT_RUN] - NOT_RUN: scrollToElement

2017-11-28 13:16:23 - [TEST_STEP][NOT_RUN] - click: NOT_RUN: click

2017-11-28 13:16:23 - [MESSAGE][NOT_RUN] - NOT_RUN: click

2017-11-28 13:16:23 - [TEST_STEP][PASSED] - waitForElementVisible: Object 'Object Repository/PrimoTours/Old Objects/Coco (1)/PrimoT/SaveBooking2/Page_Primo Tours  Danmarks bedste c/individualInsuranceCheckbox' is visible

2017-11-28 13:16:23 - [MESSAGE][PASSED] - Object 'Object Repository/PrimoTours/Old Objects/Coco (1)/PrimoT/SaveBooking2/Page_Primo Tours  Danmarks bedste c/individualInsuranceCheckbox' is visible

2017-11-28 13:16:23 - [TEST_STEP][PASSED] - scrollToElement: Scroll to object 'Object Repository/PrimoTours/Old Objects/Coco (1)/PrimoT/SaveBooking2/Page_Primo Tours  Danmarks bedste c/individualInsuranceCheckbox' successfully

2017-11-28 13:16:23 - [MESSAGE][PASSED] - Scroll to object 'Object Repository/PrimoTours/Old Objects/Coco (1)/PrimoT/SaveBooking2/Page_Primo Tours  Danmarks bedste c/individualInsuranceCheckbox' successfully

2017-11-28 13:16:23 - [TEST_STEP][PASSED] - click: Object: 'Object Repository/PrimoTours/Old Objects/Coco (1)/PrimoT/SaveBooking2/Page_Primo Tours  Danmarks bedste c/individualInsuranceCheckbox' is clicked on

2017-11-28 13:16:23 - [MESSAGE][PASSED] - Object: 'Object Repository/PrimoTours/Old Objects/Coco (1)/PrimoT/SaveBooking2/Page_Primo Tours  Danmarks bedste c/individualInsuranceCheckbox' is clicked on

2017-11-28 13:16:23 - [TEST_STEP][PASSED] - scrollToElement: Scroll to object 'Object Repository/PrimoTours/Old Objects/Coco (1)/PrimoT/SaveBooking2/Success/firstProdCategIndividualSelectionRadioB' successfully

2017-11-28 13:16:23 - [MESSAGE][PASSED] - Scroll to object 'Object Repository/PrimoTours/Old Objects/Coco (1)/PrimoT/SaveBooking2/Success/firstProdCategIndividualSelectionRadioB' successfully

2017-11-28 13:16:23 - [TEST_STEP][PASSED] - waitForElementClickable: Object 'Object Repository/PrimoTours/Old Objects/Coco (1)/PrimoT/SaveBooking2/Success/firstProdCategIndividualSelectionRadioB' is clickable

2017-11-28 13:16:23 - [MESSAGE][PASSED] - Object 'Object Repository/PrimoTours/Old Objects/Coco (1)/PrimoT/SaveBooking2/Success/firstProdCategIndividualSelectionRadioB' is clickable

2017-11-28 13:16:23 - [TEST_STEP][PASSED] - scrollToElement: Scroll to object 'Object Repository/PrimoTours/Old Objects/Coco (1)/PrimoT/SaveBooking2/Success/firstProdCategIndividualSelectionRadioB' successfully

2017-11-28 13:16:23 - [MESSAGE][PASSED] - Scroll to object 'Object Repository/PrimoTours/Old Objects/Coco (1)/PrimoT/SaveBooking2/Success/firstProdCategIndividualSelectionRadioB' successfully

2017-11-28 13:16:23 - [TEST_STEP][PASSED] - click: Object: 'Object Repository/PrimoTours/Old Objects/Coco (1)/PrimoT/SaveBooking2/Success/firstProdCategIndividualSelectionRadioB' is clicked on

2017-11-28 13:16:24 - [MESSAGE][PASSED] - Object: 'Object Repository/PrimoTours/Old Objects/Coco (1)/PrimoT/SaveBooking2/Success/firstProdCategIndividualSelectionRadioB' is clicked on

2017-11-28 13:16:24 - [TEST_STEP][PASSED] - scrollToElement: Scroll to object 'Object Repository/PrimoTours/Old Objects/Coco (1)/PrimoT/SaveBooking2/Success/firstProdCategSelectForAllPaxCheckbox' successfully

2017-11-28 13:16:24 - [MESSAGE][PASSED] - Scroll to object 'Object Repository/PrimoTours/Old Objects/Coco (1)/PrimoT/SaveBooking2/Success/firstProdCategSelectForAllPaxCheckbox' successfully

2017-11-28 13:16:24 - [TEST_STEP][PASSED] - waitForElementClickable: Object 'Object Repository/PrimoTours/Old Objects/Coco (1)/PrimoT/SaveBooking2/Success/firstProdCategSelectForAllPaxCheckbox' is clickable

2017-11-28 13:16:24 - [MESSAGE][PASSED] - Object 'Object Repository/PrimoTours/Old Objects/Coco (1)/PrimoT/SaveBooking2/Success/firstProdCategSelectForAllPaxCheckbox' is clickable

2017-11-28 13:16:24 - [TEST_STEP][PASSED] - click: Object: 'Object Repository/PrimoTours/Old Objects/Coco (1)/PrimoT/SaveBooking2/Success/firstProdCategSelectForAllPaxCheckbox' is clicked on

2017-11-28 13:16:24 - [MESSAGE][PASSED] - Object: 'Object Repository/PrimoTours/Old Objects/Coco (1)/PrimoT/SaveBooking2/Success/firstProdCategSelectForAllPaxCheckbox' is clicked on

2017-11-28 13:16:24 - [TEST_STEP][NOT_RUN] - scrollToElement: NOT_RUN: scrollToElement

2017-11-28 13:16:24 - [MESSAGE][NOT_RUN] - NOT_RUN: scrollToElement

2017-11-28 13:16:24 - [TEST_STEP][NOT_RUN] - scrollToElement: NOT_RUN: scrollToElement

2017-11-28 13:16:24 - [MESSAGE][NOT_RUN] - NOT_RUN: scrollToElement

2017-11-28 13:16:24 - [TEST_STEP][NOT_RUN] - click: NOT_RUN: click

2017-11-28 13:16:24 - [MESSAGE][NOT_RUN] - NOT_RUN: click

2017-11-28 13:16:24 - [TEST_STEP][PASSED] - scrollToElement: Scroll to object 'Object Repository/PrimoTours/Old Objects/Coco (1)/PrimoT/SaveBooking2/Success/acceptTermsCheckbox' successfully

2017-11-28 13:16:24 - [MESSAGE][PASSED] - Scroll to object 'Object Repository/PrimoTours/Old Objects/Coco (1)/PrimoT/SaveBooking2/Success/acceptTermsCheckbox' successfully

2017-11-28 13:16:24 - [TEST_STEP][PASSED] - click: Object: 'Object Repository/PrimoTours/Old Objects/Coco (1)/PrimoT/SaveBooking2/Success/acceptTermsCheckbox' is clicked on

2017-11-28 13:16:24 - [MESSAGE][PASSED] - Object: 'Object Repository/PrimoTours/Old Objects/Coco (1)/PrimoT/SaveBooking2/Success/acceptTermsCheckbox' is clicked on

2017-11-28 13:16:24 - [TEST_STEP][PASSED] - waitForElementClickable: Object 'Object Repository/PrimoTours/Old Objects/Coco (1)/PrimoT/SaveBooking2/Page_Primo Tours  Danmarks bedste c/a_btn btn-success col-xs-12 st' is clickable

2017-11-28 13:16:24 - [MESSAGE][PASSED] - Object 'Object Repository/PrimoTours/Old Objects/Coco (1)/PrimoT/SaveBooking2/Page_Primo Tours  Danmarks bedste c/a_btn btn-success col-xs-12 st' is clickable

2017-11-28 13:16:24 - [TEST_STEP][PASSED] - scrollToElement: Scroll to object 'Object Repository/PrimoTours/Old Objects/Coco (1)/PrimoT/SaveBooking2/Page_Primo Tours  Danmarks bedste c/a_btn btn-success col-xs-12 st' successfully

2017-11-28 13:16:24 - [MESSAGE][PASSED] - Scroll to object 'Object Repository/PrimoTours/Old Objects/Coco (1)/PrimoT/SaveBooking2/Page_Primo Tours  Danmarks bedste c/a_btn btn-success col-xs-12 st' successfully

2017-11-28 13:16:24 - [TEST_STEP][FAILED] - click: Unable to click on object 'Object Repository/PrimoTours/Old Objects/Coco (1)/PrimoT/SaveBooking2/Page_Primo Tours  Danmarks bedste c/a_btn btn-success col-xs-12 st' (Root cause: org.openqa.selenium.WebDriverException: unknown error: Element <a href="javascript:;" class="btn btn-success col-xs-12 step defaultButton disabledElement" data-validator="options" data-loader="true" data-bind="css: tourpaq.bookingEngine.confirmation.nextStepButtonStyle">...</a> is not clickable at point (1337, 729). Other element would receive the click: <div class="col-xs-12 col-md-4 col-md-offset-4 pull-right">...</div>
  (Session info: chrome=62.0.3202.94)
  (Driver info: chromedriver=2.33.506120 (e3e53437346286c0bc2d2dc9aa4915ba81d9023f),platform=Windows NT 6.3.9600 x86_64) (WARNING: The server did not provide any stacktrace information)
Command duration or timeout: 0 milliseconds
Build info: version: '3.7.1', revision: '8a0099a', time: '2017-11-06T21:07:36.161Z'
System info: host: 'NEACSUNEW-PC', ip: '10.10.10.211', os.name: 'Windows 8.1', os.arch: 'amd64', os.version: '6.3', java.version: '1.8.0_102'
Driver info: com.kms.katalon.selenium.driver.CChromeDriver
Capabilities {acceptSslCerts: true, applicationCacheEnabled: false, browserConnectionEnabled: false, browserName: chrome, chrome: {chromedriverVersion: 2.33.506120 (e3e53437346286..., userDataDir: C:\Users\Cornel\AppData\Loc...}, cssSelectorsEnabled: true, databaseEnabled: false, handlesAlerts: true, hasTouchScreen: false, javascriptEnabled: true, locationContextEnabled: true, mobileEmulationEnabled: false, nativeEvents: true, networkConnectionEnabled: false, pageLoadStrategy: normal, platform: XP, platformName: XP, rotatable: false, setWindowRect: true, takesHeapSnapshot: true, takesScreenshot: true, unexpectedAlertBehaviour: , unhandledPromptBehavior: , version: 62.0.3202.94, webStorageEnabled: true}
Session ID: 04c6fb1010cf423a9a87ec104c261034)

2017-11-28 13:16:25 - [MESSAGE][FAILED] - Unable to click on object 'Object Repository/PrimoTours/Old Objects/Coco (1)/PrimoT/SaveBooking2/Page_Primo Tours  Danmarks bedste c/a_btn btn-success col-xs-12 st' (Root cause: org.openqa.selenium.WebDriverException: unknown error: Element <a href="javascript:;" class="btn btn-success col-xs-12 step defaultButton disabledElement" data-validator="options" data-loader="true" data-bind="css: tourpaq.bookingEngine.confirmation.nextStepButtonStyle">...</a> is not clickable at point (1337, 729). Other element would receive the click: <div class="col-xs-12 col-md-4 col-md-offset-4 pull-right">...</div>
  (Session info: chrome=62.0.3202.94)
  (Driver info: chromedriver=2.33.506120 (e3e53437346286c0bc2d2dc9aa4915ba81d9023f),platform=Windows NT 6.3.9600 x86_64) (WARNING: The server did not provide any stacktrace information)
Command duration or timeout: 0 milliseconds
Build info: version: '3.7.1', revision: '8a0099a', time: '2017-11-06T21:07:36.161Z'
System info: host: 'NEACSUNEW-PC', ip: '10.10.10.211', os.name: 'Windows 8.1', os.arch: 'amd64', os.version: '6.3', java.version: '1.8.0_102'
Driver info: com.kms.katalon.selenium.driver.CChromeDriver
Capabilities {acceptSslCerts: true, applicationCacheEnabled: false, browserConnectionEnabled: false, browserName: chrome, chrome: {chromedriverVersion: 2.33.506120 (e3e53437346286..., userDataDir: C:\Users\Cornel\AppData\Loc...}, cssSelectorsEnabled: true, databaseEnabled: false, handlesAlerts: true, hasTouchScreen: false, javascriptEnabled: true, locationContextEnabled: true, mobileEmulationEnabled: false, nativeEvents: true, networkConnectionEnabled: false, pageLoadStrategy: normal, platform: XP, platformName: XP, rotatable: false, setWindowRect: true, takesHeapSnapshot: true, takesScreenshot: true, unexpectedAlertBehaviour: , unhandledPromptBehavior: , version: 62.0.3202.94, webStorageEnabled: true}
Session ID: 04c6fb1010cf423a9a87ec104c261034)
[[ATTACHMENT|D:\\Software testing\\Tourpaq\\Automated Katalon tests\\Primo WB test\\Reports\\WB Primo From Excel URLs\\20171128_131240\\1511867785000.png]]]]></system-out>
         <system-err><![CDATA[2017-11-28 13:16:09 - [TEST_CASE][FAILED] - Test Cases/PrimoTours/WB Primo/WB Primo staging - place booking - Iteration 11: Test Cases/PrimoTours/WB Primo/WB Primo staging - place booking FAILED because (of) Unable to click on object 'Object Repository/PrimoTours/Old Objects/Coco (1)/PrimoT/SaveBooking2/Page_Primo Tours  Danmarks bedste c/a_btn btn-success col-xs-12 st' (Root cause: org.openqa.selenium.WebDriverException: unknown error: Element <a href="javascript:;" class="btn btn-success col-xs-12 step defaultButton disabledElement" data-validator="options" data-loader="true" data-bind="css: tourpaq.bookingEngine.confirmation.nextStepButtonStyle">...</a> is not clickable at point (1337, 729). Other element would receive the click: <div class="col-xs-12 col-md-4 col-md-offset-4 pull-right">...</div>
  (Session info: chrome=62.0.3202.94)
  (Driver info: chromedriver=2.33.506120 (e3e53437346286c0bc2d2dc9aa4915ba81d9023f),platform=Windows NT 6.3.9600 x86_64) (WARNING: The server did not provide any stacktrace information)
Command duration or timeout: 0 milliseconds
Build info: version: '3.7.1', revision: '8a0099a', time: '2017-11-06T21:07:36.161Z'
System info: host: 'NEACSUNEW-PC', ip: '10.10.10.211', os.name: 'Windows 8.1', os.arch: 'amd64', os.version: '6.3', java.version: '1.8.0_102'
Driver info: com.kms.katalon.selenium.driver.CChromeDriver
Capabilities {acceptSslCerts: true, applicationCacheEnabled: false, browserConnectionEnabled: false, browserName: chrome, chrome: {chromedriverVersion: 2.33.506120 (e3e53437346286..., userDataDir: C:\Users\Cornel\AppData\Loc...}, cssSelectorsEnabled: true, databaseEnabled: false, handlesAlerts: true, hasTouchScreen: false, javascriptEnabled: true, locationContextEnabled: true, mobileEmulationEnabled: false, nativeEvents: true, networkConnectionEnabled: false, pageLoadStrategy: normal, platform: XP, platformName: XP, rotatable: false, setWindowRect: true, takesHeapSnapshot: true, takesScreenshot: true, unexpectedAlertBehaviour: , unhandledPromptBehavior: , version: 62.0.3202.94, webStorageEnabled: true}
Session ID: 04c6fb1010cf423a9a87ec104c261034)]]></system-err>
      </testcase>
      <testcase name="Test Cases/PrimoTours/WB Primo/WB Primo staging - place booking - Iteration 12" classname="Test Cases/PrimoTours/WB Primo/WB Primo staging - place booking" status="FAILED">
         <failure type="FAILED" message="Test Cases/PrimoTours/WB Primo/WB Primo staging - place booking FAILED because (of) Unable to click on object 'Object Repository/PrimoTours/Old Objects/Coco (1)/PrimoT/SaveBooking2/Success/acceptTermsCheckbox' (Root cause: org.openqa.selenium.WebDriverException: unknown error: Element &lt;a href=&quot;#&quot; class=&quot;toggle checkbox kalypto&quot;>&lt;/a> is not clickable at point (395, 753). Other element would receive the click: &lt;h2>...&lt;/h2>
  (Session info: chrome=62.0.3202.94)
  (Driver info: chromedriver=2.33.506120 (e3e53437346286c0bc2d2dc9aa4915ba81d9023f),platform=Windows NT 6.3.9600 x86_64) (WARNING: The server did not provide any stacktrace information)
Command duration or timeout: 0 milliseconds
Build info: version: '3.7.1', revision: '8a0099a', time: '2017-11-06T21:07:36.161Z'
System info: host: 'NEACSUNEW-PC', ip: '10.10.10.211', os.name: 'Windows 8.1', os.arch: 'amd64', os.version: '6.3', java.version: '1.8.0_102'
Driver info: com.kms.katalon.selenium.driver.CChromeDriver
Capabilities {acceptSslCerts: true, applicationCacheEnabled: false, browserConnectionEnabled: false, browserName: chrome, chrome: {chromedriverVersion: 2.33.506120 (e3e53437346286..., userDataDir: C:\Users\Cornel\AppData\Loc...}, cssSelectorsEnabled: true, databaseEnabled: false, handlesAlerts: true, hasTouchScreen: false, javascriptEnabled: true, locationContextEnabled: true, mobileEmulationEnabled: false, nativeEvents: true, networkConnectionEnabled: false, pageLoadStrategy: normal, platform: XP, platformName: XP, rotatable: false, setWindowRect: true, takesHeapSnapshot: true, takesScreenshot: true, unexpectedAlertBehaviour: , unhandledPromptBehavior: , version: 62.0.3202.94, webStorageEnabled: true}
Session ID: 454935bdc9df69c4e6d6863f56c60e2d)"/>
         <system-out><![CDATA[2017-11-28 13:16:25 - [TEST_CASE][FAILED] - Test Cases/PrimoTours/WB Primo/WB Primo staging - place booking - Iteration 12: Test Cases/PrimoTours/WB Primo/WB Primo staging - place booking FAILED because (of) Unable to click on object 'Object Repository/PrimoTours/Old Objects/Coco (1)/PrimoT/SaveBooking2/Success/acceptTermsCheckbox' (Root cause: org.openqa.selenium.WebDriverException: unknown error: Element <a href="#" class="toggle checkbox kalypto"></a> is not clickable at point (395, 753). Other element would receive the click: <h2>...</h2>
  (Session info: chrome=62.0.3202.94)
  (Driver info: chromedriver=2.33.506120 (e3e53437346286c0bc2d2dc9aa4915ba81d9023f),platform=Windows NT 6.3.9600 x86_64) (WARNING: The server did not provide any stacktrace information)
Command duration or timeout: 0 milliseconds
Build info: version: '3.7.1', revision: '8a0099a', time: '2017-11-06T21:07:36.161Z'
System info: host: 'NEACSUNEW-PC', ip: '10.10.10.211', os.name: 'Windows 8.1', os.arch: 'amd64', os.version: '6.3', java.version: '1.8.0_102'
Driver info: com.kms.katalon.selenium.driver.CChromeDriver
Capabilities {acceptSslCerts: true, applicationCacheEnabled: false, browserConnectionEnabled: false, browserName: chrome, chrome: {chromedriverVersion: 2.33.506120 (e3e53437346286..., userDataDir: C:\Users\Cornel\AppData\Loc...}, cssSelectorsEnabled: true, databaseEnabled: false, handlesAlerts: true, hasTouchScreen: false, javascriptEnabled: true, locationContextEnabled: true, mobileEmulationEnabled: false, nativeEvents: true, networkConnectionEnabled: false, pageLoadStrategy: normal, platform: XP, platformName: XP, rotatable: false, setWindowRect: true, takesHeapSnapshot: true, takesScreenshot: true, unexpectedAlertBehaviour: , unhandledPromptBehavior: , version: 62.0.3202.94, webStorageEnabled: true}
Session ID: 454935bdc9df69c4e6d6863f56c60e2d)

2017-11-28 13:16:25 - [TEST_STEP][PASSED] - openBrowser: Browser is opened with url: ''

2017-11-28 13:16:25 - [MESSAGE][WARNING] - A browser is already opened. Closing browser and opening a new one

2017-11-28 13:16:28 - [MESSAGE][PASSED] - Browser is opened with url: ''

2017-11-28 13:16:28 - [TEST_STEP][PASSED] - maximizeWindow: Current window maximized

2017-11-28 13:16:29 - [MESSAGE][PASSED] - Current window maximized

2017-11-28 13:16:29 - [TEST_STEP][PASSED] - navigateToUrl: Navigate to 'https://staging-primotours-webbooking.tourpaq.com/DoBooking.aspx?pltaID=1480269&p=2&rno=2&pt=1&a=4&c=4&aa=&ca=1%2C5|0%2C7' successfully

2017-11-28 13:16:31 - [MESSAGE][PASSED] - Navigate to 'https://staging-primotours-webbooking.tourpaq.com/DoBooking.aspx?pltaID=1480269&p=2&rno=2&pt=1&a=4&c=4&aa=&ca=1%2C5|0%2C7' successfully

2017-11-28 13:16:31 - [TEST_STEP][PASSED] - setText: Text 'Pedersen AUT' is set on object 'Object Repository/PrimoTours/Old Objects/Coco/PrimoT/Page_Primo Tours  Danmarks bedste c/input_firstName'

2017-11-28 13:16:31 - [MESSAGE][PASSED] - Text 'Pedersen AUT' is set on object 'Object Repository/PrimoTours/Old Objects/Coco/PrimoT/Page_Primo Tours  Danmarks bedste c/input_firstName'

2017-11-28 13:16:31 - [TEST_STEP][PASSED] - setText: Text 'Vibe Dalby' is set on object 'Object Repository/PrimoTours/Old Objects/Coco/PrimoT/Page_Primo Tours  Danmarks bedste c/input_lastName'

2017-11-28 13:16:32 - [MESSAGE][PASSED] - Text 'Vibe Dalby' is set on object 'Object Repository/PrimoTours/Old Objects/Coco/PrimoT/Page_Primo Tours  Danmarks bedste c/input_lastName'

2017-11-28 13:16:32 - [TEST_STEP][PASSED] - setText: Text 'Home address' is set on object 'Object Repository/PrimoTours/Old Objects/Coco/PrimoT/Page_Primo Tours  Danmarks bedste c/input_customerAddress'

2017-11-28 13:16:32 - [MESSAGE][PASSED] - Text 'Home address' is set on object 'Object Repository/PrimoTours/Old Objects/Coco/PrimoT/Page_Primo Tours  Danmarks bedste c/input_customerAddress'

2017-11-28 13:16:32 - [TEST_STEP][PASSED] - setText: Text '6700' is set on object 'Object Repository/PrimoTours/Old Objects/Coco/PrimoT/Page_Primo Tours  Danmarks bedste c/input_customerPostcode'

2017-11-28 13:16:32 - [MESSAGE][PASSED] - Text '6700' is set on object 'Object Repository/PrimoTours/Old Objects/Coco/PrimoT/Page_Primo Tours  Danmarks bedste c/input_customerPostcode'

2017-11-28 13:16:32 - [TEST_STEP][PASSED] - setText: Text 'cornel.neacsu@roweb.ro' is set on object 'Object Repository/PrimoTours/Old Objects/Coco/PrimoT/Page_Primo Tours  Danmarks bedste c/input_customerEmail'

2017-11-28 13:16:33 - [MESSAGE][PASSED] - Text 'cornel.neacsu@roweb.ro' is set on object 'Object Repository/PrimoTours/Old Objects/Coco/PrimoT/Page_Primo Tours  Danmarks bedste c/input_customerEmail'

2017-11-28 13:16:33 - [TEST_STEP][PASSED] - setText: Text '12345678' is set on object 'Object Repository/PrimoTours/Old Objects/Coco/PrimoT/Page_Primo Tours  Danmarks bedste c/input_customerPhone'

2017-11-28 13:16:33 - [MESSAGE][PASSED] - Text '12345678' is set on object 'Object Repository/PrimoTours/Old Objects/Coco/PrimoT/Page_Primo Tours  Danmarks bedste c/input_customerPhone'

2017-11-28 13:16:33 - [TEST_STEP][PASSED] - Statement - excelInfo = ["fname":"", "lname":"", "pgender":"", "pday":"", "pmonth":"", "pyear":""]: null

2017-11-28 13:16:33 - [TEST_STEP][PASSED] - Statement - rawData = com.kms.katalon.core.testdata.TestDataFactory.findTestData("Data Files/WB_Primo/Passenger_details"): Reading excel file with source file 'D:\Software testing\Tourpaq\Automated Katalon tests\Primo WB test\Data Files\Primo_URLs_For_Automated_Test.xls' and sheet name 'Passenger Names'

2017-11-28 13:16:33 - [TEST_STEP][PASSED] - Statement - excelRowNo = rawData.getRowNumbers(): null

2017-11-28 13:16:33 - [TEST_STEP][PASSED] - Statement - randomPaxIndex = 1: null

2017-11-28 13:16:33 - [TEST_STEP][PASSED] - waitForElementClickable: Object 'Object Repository/PrimoTours/Old Objects/Coco/PrimoT/Page_Primo Tours  Danmarks bedste c/input_firstname-0_1' is clickable

2017-11-28 13:16:35 - [MESSAGE][PASSED] - Object 'Object Repository/PrimoTours/Old Objects/Coco/PrimoT/Page_Primo Tours  Danmarks bedste c/input_firstname-0_1' is clickable

2017-11-28 13:16:35 - [TEST_STEP][PASSED] - Statement - driver = com.kms.katalon.core.webui.driver.DriverFactory.getWebDriver(): null

2017-11-28 13:16:35 - [TEST_STEP][PASSED] - Statement - roomContainerXpath = "id("booking")/div[@class="wrapper second-bg"]/div[contains(@class,"container-mx")]/div[@class="row"]/div[@class="col-md-12 roomContainer"]": null

2017-11-28 13:16:35 - [TEST_STEP][PASSED] - Statement - roomsCount = driver.findElements(org.openqa.selenium.By.xpath(roomContainerXpath)).size(): null

2017-11-28 13:16:35 - [TEST_STEP][PASSED] - Statement - println("roomsCount=" + roomsCount): null

2017-11-28 13:16:35 - [TEST_STEP][PASSED] - Statement - For ([i = 1, i <= roomsCount, (i++)]): Text 'Jesper' is set on object 'Object Repository/PrimoTours/Old Objects/allPaxLastNameFields'

2017-11-28 13:16:35 - [TEST_STEP][PASSED] - Statement - paxInRoomXpath = roomContainerXpath + "[" + i + "]/div[@class="row"]/div[@class="col-md-12"]/div[@class="row"]": null

2017-11-28 13:16:35 - [TEST_STEP][PASSED] - Statement - paxInRoomCount = driver.findElements(org.openqa.selenium.By.xpath(paxInRoomXpath)).size(): null

2017-11-28 13:16:35 - [TEST_STEP][PASSED] - Statement - println("paxInRoomCount=" + paxInRoomCount): null

2017-11-28 13:16:35 - [TEST_STEP][PASSED] - Statement - For ([j = 1, j <= paxInRoomCount, (j++)]): Text 'Ludvig Kryhlmand' is set on object 'Object Repository/PrimoTours/Old Objects/allPaxLastNameFields'

2017-11-28 13:16:35 - [TEST_STEP][PASSED] - Statement - If (i == 1 & j == 1): null

2017-11-28 13:16:35 - [TEST_STEP][PASSED] - Statement - <not implemented yet for class: org.codehaus.groovy.ast.stmt.ContinueStatement>: null

2017-11-28 13:16:35 - [TEST_STEP][PASSED] - Statement - If (i == 1 & j == 1): null

2017-11-28 13:16:35 - [TEST_STEP][PASSED] - Statement - randomPaxIndex = java.lang.Math.abs(new java.util.Random().nextInt() % excelRowNo) + 1: null

2017-11-28 13:16:35 - [TEST_STEP][PASSED] - Statement - println(randomPaxIndex): null

2017-11-28 13:16:35 - [TEST_STEP][PASSED] - Statement - fname = rawData.getValue("FirstName", randomPaxIndex) + " AUT": null

2017-11-28 13:16:35 - [TEST_STEP][PASSED] - Statement - lname = rawData.getValue("LastName", randomPaxIndex): null

2017-11-28 13:16:35 - [TEST_STEP][PASSED] - Statement - pgender = rawData.getValue("Gender", randomPaxIndex): null

2017-11-28 13:16:35 - [TEST_STEP][PASSED] - Statement - pday = rawData.getValue("Day DOB", randomPaxIndex): null

2017-11-28 13:16:35 - [TEST_STEP][PASSED] - Statement - pmonth = rawData.getValue("Month DOB", randomPaxIndex): null

2017-11-28 13:16:35 - [TEST_STEP][PASSED] - Statement - pyear = rawData.getValue("Year DOB", randomPaxIndex): null

2017-11-28 13:16:35 - [TEST_STEP][PASSED] - Statement - paxDetailFields = paxInRoomXpath + "[" + j + "]/div[@class="col-md-x col-md-9"]/div[@class="row paxContainer"]/div[@class="col-md-5"]": null

2017-11-28 13:16:35 - [TEST_STEP][PASSED] - Statement - xpathval = paxDetailFields + "[1]/div[contains(@class,"form-group")]/input[@class="form-control paxFirstName"]": null

2017-11-28 13:16:35 - [TEST_STEP][PASSED] - Statement - println("fn: " + xpathval): null

2017-11-28 13:16:35 - [TEST_STEP][PASSED] - Statement - repObj = com.kms.katalon.core.testobject.ObjectRepository.findTestObject(Object Repository/PrimoTours/Old Objects/allPaxFirstNameFields): Finding Test Object with id 'Object Repository/PrimoTours/Old Objects/allPaxFirstNameFields'

2017-11-28 13:16:35 - [TEST_STEP][PASSED] - Statement - repObj.findProperty("xpath").setValue(xpathval): null

2017-11-28 13:16:35 - [TEST_STEP][PASSED] - setText: Text 'Mikkelsen AUT' is set on object 'Object Repository/PrimoTours/Old Objects/allPaxFirstNameFields'

2017-11-28 13:16:35 - [MESSAGE][PASSED] - Text 'Mikkelsen AUT' is set on object 'Object Repository/PrimoTours/Old Objects/allPaxFirstNameFields'

2017-11-28 13:16:35 - [TEST_STEP][PASSED] - Statement - xpathval = paxDetailFields + "[2]/div[contains(@class,"form-group")]/input[@class="form-control paxLastName"]": null

2017-11-28 13:16:35 - [TEST_STEP][PASSED] - Statement - println("ln: " + xpathval): null

2017-11-28 13:16:35 - [TEST_STEP][PASSED] - Statement - repObj = com.kms.katalon.core.testobject.ObjectRepository.findTestObject(Object Repository/PrimoTours/Old Objects/allPaxLastNameFields): Finding Test Object with id 'Object Repository/PrimoTours/Old Objects/allPaxLastNameFields'

2017-11-28 13:16:35 - [TEST_STEP][PASSED] - Statement - repObj.findProperty("xpath").setValue(xpathval): null

2017-11-28 13:16:35 - [TEST_STEP][PASSED] - setText: Text 'Rikke Skovgaard' is set on object 'Object Repository/PrimoTours/Old Objects/allPaxLastNameFields'

2017-11-28 13:16:35 - [MESSAGE][PASSED] - Text 'Rikke Skovgaard' is set on object 'Object Repository/PrimoTours/Old Objects/allPaxLastNameFields'

2017-11-28 13:16:35 - [TEST_STEP][PASSED] - Statement - If (i == 1 & j == 1): null

2017-11-28 13:16:35 - [TEST_STEP][PASSED] - Statement - randomPaxIndex = java.lang.Math.abs(new java.util.Random().nextInt() % excelRowNo) + 1: null

2017-11-28 13:16:35 - [TEST_STEP][PASSED] - Statement - println(randomPaxIndex): null

2017-11-28 13:16:35 - [TEST_STEP][PASSED] - Statement - fname = rawData.getValue("FirstName", randomPaxIndex) + " AUT": null

2017-11-28 13:16:35 - [TEST_STEP][PASSED] - Statement - lname = rawData.getValue("LastName", randomPaxIndex): null

2017-11-28 13:16:35 - [TEST_STEP][PASSED] - Statement - pgender = rawData.getValue("Gender", randomPaxIndex): null

2017-11-28 13:16:35 - [TEST_STEP][PASSED] - Statement - pday = rawData.getValue("Day DOB", randomPaxIndex): null

2017-11-28 13:16:35 - [TEST_STEP][PASSED] - Statement - pmonth = rawData.getValue("Month DOB", randomPaxIndex): null

2017-11-28 13:16:35 - [TEST_STEP][PASSED] - Statement - pyear = rawData.getValue("Year DOB", randomPaxIndex): null

2017-11-28 13:16:35 - [TEST_STEP][PASSED] - Statement - paxDetailFields = paxInRoomXpath + "[" + j + "]/div[@class="col-md-x col-md-9"]/div[@class="row paxContainer"]/div[@class="col-md-5"]": null

2017-11-28 13:16:35 - [TEST_STEP][PASSED] - Statement - xpathval = paxDetailFields + "[1]/div[contains(@class,"form-group")]/input[@class="form-control paxFirstName"]": null

2017-11-28 13:16:35 - [TEST_STEP][PASSED] - Statement - println("fn: " + xpathval): null

2017-11-28 13:16:35 - [TEST_STEP][PASSED] - Statement - repObj = com.kms.katalon.core.testobject.ObjectRepository.findTestObject(Object Repository/PrimoTours/Old Objects/allPaxFirstNameFields): Finding Test Object with id 'Object Repository/PrimoTours/Old Objects/allPaxFirstNameFields'

2017-11-28 13:16:35 - [TEST_STEP][PASSED] - Statement - repObj.findProperty("xpath").setValue(xpathval): null

2017-11-28 13:16:35 - [TEST_STEP][PASSED] - setText: Text 'Sørensen AUT' is set on object 'Object Repository/PrimoTours/Old Objects/allPaxFirstNameFields'

2017-11-28 13:16:36 - [MESSAGE][PASSED] - Text 'Sørensen AUT' is set on object 'Object Repository/PrimoTours/Old Objects/allPaxFirstNameFields'

2017-11-28 13:16:36 - [TEST_STEP][PASSED] - Statement - xpathval = paxDetailFields + "[2]/div[contains(@class,"form-group")]/input[@class="form-control paxLastName"]": null

2017-11-28 13:16:36 - [TEST_STEP][PASSED] - Statement - println("ln: " + xpathval): null

2017-11-28 13:16:36 - [TEST_STEP][PASSED] - Statement - repObj = com.kms.katalon.core.testobject.ObjectRepository.findTestObject(Object Repository/PrimoTours/Old Objects/allPaxLastNameFields): Finding Test Object with id 'Object Repository/PrimoTours/Old Objects/allPaxLastNameFields'

2017-11-28 13:16:36 - [TEST_STEP][PASSED] - Statement - repObj.findProperty("xpath").setValue(xpathval): null

2017-11-28 13:16:36 - [TEST_STEP][PASSED] - setText: Text 'Ludvig Kryhlmand' is set on object 'Object Repository/PrimoTours/Old Objects/allPaxLastNameFields'

2017-11-28 13:16:36 - [MESSAGE][PASSED] - Text 'Ludvig Kryhlmand' is set on object 'Object Repository/PrimoTours/Old Objects/allPaxLastNameFields'

2017-11-28 13:16:36 - [TEST_STEP][PASSED] - Statement - If (i == 1 & j == 1): null

2017-11-28 13:16:36 - [TEST_STEP][PASSED] - Statement - randomPaxIndex = java.lang.Math.abs(new java.util.Random().nextInt() % excelRowNo) + 1: null

2017-11-28 13:16:36 - [TEST_STEP][PASSED] - Statement - println(randomPaxIndex): null

2017-11-28 13:16:36 - [TEST_STEP][PASSED] - Statement - fname = rawData.getValue("FirstName", randomPaxIndex) + " AUT": null

2017-11-28 13:16:36 - [TEST_STEP][PASSED] - Statement - lname = rawData.getValue("LastName", randomPaxIndex): null

2017-11-28 13:16:36 - [TEST_STEP][PASSED] - Statement - pgender = rawData.getValue("Gender", randomPaxIndex): null

2017-11-28 13:16:36 - [TEST_STEP][PASSED] - Statement - pday = rawData.getValue("Day DOB", randomPaxIndex): null

2017-11-28 13:16:36 - [TEST_STEP][PASSED] - Statement - pmonth = rawData.getValue("Month DOB", randomPaxIndex): null

2017-11-28 13:16:36 - [TEST_STEP][PASSED] - Statement - pyear = rawData.getValue("Year DOB", randomPaxIndex): null

2017-11-28 13:16:36 - [TEST_STEP][PASSED] - Statement - paxDetailFields = paxInRoomXpath + "[" + j + "]/div[@class="col-md-x col-md-9"]/div[@class="row paxContainer"]/div[@class="col-md-5"]": null

2017-11-28 13:16:36 - [TEST_STEP][PASSED] - Statement - xpathval = paxDetailFields + "[1]/div[contains(@class,"form-group")]/input[@class="form-control paxFirstName"]": null

2017-11-28 13:16:36 - [TEST_STEP][PASSED] - Statement - println("fn: " + xpathval): null

2017-11-28 13:16:36 - [TEST_STEP][PASSED] - Statement - repObj = com.kms.katalon.core.testobject.ObjectRepository.findTestObject(Object Repository/PrimoTours/Old Objects/allPaxFirstNameFields): Finding Test Object with id 'Object Repository/PrimoTours/Old Objects/allPaxFirstNameFields'

2017-11-28 13:16:36 - [TEST_STEP][PASSED] - Statement - repObj.findProperty("xpath").setValue(xpathval): null

2017-11-28 13:16:36 - [TEST_STEP][PASSED] - setText: Text 'Sørensen AUT' is set on object 'Object Repository/PrimoTours/Old Objects/allPaxFirstNameFields'

2017-11-28 13:16:36 - [MESSAGE][PASSED] - Text 'Sørensen AUT' is set on object 'Object Repository/PrimoTours/Old Objects/allPaxFirstNameFields'

2017-11-28 13:16:36 - [TEST_STEP][PASSED] - Statement - xpathval = paxDetailFields + "[2]/div[contains(@class,"form-group")]/input[@class="form-control paxLastName"]": null

2017-11-28 13:16:36 - [TEST_STEP][PASSED] - Statement - println("ln: " + xpathval): null

2017-11-28 13:16:36 - [TEST_STEP][PASSED] - Statement - repObj = com.kms.katalon.core.testobject.ObjectRepository.findTestObject(Object Repository/PrimoTours/Old Objects/allPaxLastNameFields): Finding Test Object with id 'Object Repository/PrimoTours/Old Objects/allPaxLastNameFields'

2017-11-28 13:16:36 - [TEST_STEP][PASSED] - Statement - repObj.findProperty("xpath").setValue(xpathval): null

2017-11-28 13:16:36 - [TEST_STEP][PASSED] - setText: Text 'Ludvig Kryhlmand' is set on object 'Object Repository/PrimoTours/Old Objects/allPaxLastNameFields'

2017-11-28 13:16:36 - [MESSAGE][PASSED] - Text 'Ludvig Kryhlmand' is set on object 'Object Repository/PrimoTours/Old Objects/allPaxLastNameFields'

2017-11-28 13:16:36 - [TEST_STEP][PASSED] - Statement - paxInRoomXpath = roomContainerXpath + "[" + i + "]/div[@class="row"]/div[@class="col-md-12"]/div[@class="row"]": null

2017-11-28 13:16:36 - [TEST_STEP][PASSED] - Statement - paxInRoomCount = driver.findElements(org.openqa.selenium.By.xpath(paxInRoomXpath)).size(): null

2017-11-28 13:16:36 - [TEST_STEP][PASSED] - Statement - println("paxInRoomCount=" + paxInRoomCount): null

2017-11-28 13:16:36 - [TEST_STEP][PASSED] - Statement - For ([j = 1, j <= paxInRoomCount, (j++)]): Text 'Jesper' is set on object 'Object Repository/PrimoTours/Old Objects/allPaxLastNameFields'

2017-11-28 13:16:36 - [TEST_STEP][PASSED] - Statement - If (i == 1 & j == 1): null

2017-11-28 13:16:36 - [TEST_STEP][PASSED] - Statement - randomPaxIndex = java.lang.Math.abs(new java.util.Random().nextInt() % excelRowNo) + 1: null

2017-11-28 13:16:36 - [TEST_STEP][PASSED] - Statement - println(randomPaxIndex): null

2017-11-28 13:16:36 - [TEST_STEP][PASSED] - Statement - fname = rawData.getValue("FirstName", randomPaxIndex) + " AUT": null

2017-11-28 13:16:36 - [TEST_STEP][PASSED] - Statement - lname = rawData.getValue("LastName", randomPaxIndex): null

2017-11-28 13:16:36 - [TEST_STEP][PASSED] - Statement - pgender = rawData.getValue("Gender", randomPaxIndex): null

2017-11-28 13:16:36 - [TEST_STEP][PASSED] - Statement - pday = rawData.getValue("Day DOB", randomPaxIndex): null

2017-11-28 13:16:36 - [TEST_STEP][PASSED] - Statement - pmonth = rawData.getValue("Month DOB", randomPaxIndex): null

2017-11-28 13:16:36 - [TEST_STEP][PASSED] - Statement - pyear = rawData.getValue("Year DOB", randomPaxIndex): null

2017-11-28 13:16:36 - [TEST_STEP][PASSED] - Statement - paxDetailFields = paxInRoomXpath + "[" + j + "]/div[@class="col-md-x col-md-9"]/div[@class="row paxContainer"]/div[@class="col-md-5"]": null

2017-11-28 13:16:36 - [TEST_STEP][PASSED] - Statement - xpathval = paxDetailFields + "[1]/div[contains(@class,"form-group")]/input[@class="form-control paxFirstName"]": null

2017-11-28 13:16:36 - [TEST_STEP][PASSED] - Statement - println("fn: " + xpathval): null

2017-11-28 13:16:36 - [TEST_STEP][PASSED] - Statement - repObj = com.kms.katalon.core.testobject.ObjectRepository.findTestObject(Object Repository/PrimoTours/Old Objects/allPaxFirstNameFields): Finding Test Object with id 'Object Repository/PrimoTours/Old Objects/allPaxFirstNameFields'

2017-11-28 13:16:36 - [TEST_STEP][PASSED] - Statement - repObj.findProperty("xpath").setValue(xpathval): null

2017-11-28 13:16:36 - [TEST_STEP][PASSED] - setText: Text 'Hansen AUT' is set on object 'Object Repository/PrimoTours/Old Objects/allPaxFirstNameFields'

2017-11-28 13:16:37 - [MESSAGE][PASSED] - Text 'Hansen AUT' is set on object 'Object Repository/PrimoTours/Old Objects/allPaxFirstNameFields'

2017-11-28 13:16:37 - [TEST_STEP][PASSED] - Statement - xpathval = paxDetailFields + "[2]/div[contains(@class,"form-group")]/input[@class="form-control paxLastName"]": null

2017-11-28 13:16:37 - [TEST_STEP][PASSED] - Statement - println("ln: " + xpathval): null

2017-11-28 13:16:37 - [TEST_STEP][PASSED] - Statement - repObj = com.kms.katalon.core.testobject.ObjectRepository.findTestObject(Object Repository/PrimoTours/Old Objects/allPaxLastNameFields): Finding Test Object with id 'Object Repository/PrimoTours/Old Objects/allPaxLastNameFields'

2017-11-28 13:16:37 - [TEST_STEP][PASSED] - Statement - repObj.findProperty("xpath").setValue(xpathval): null

2017-11-28 13:16:37 - [TEST_STEP][PASSED] - setText: Text 'Sebastian Kevin Nørgaard' is set on object 'Object Repository/PrimoTours/Old Objects/allPaxLastNameFields'

2017-11-28 13:16:37 - [MESSAGE][PASSED] - Text 'Sebastian Kevin Nørgaard' is set on object 'Object Repository/PrimoTours/Old Objects/allPaxLastNameFields'

2017-11-28 13:16:37 - [TEST_STEP][PASSED] - Statement - If (i == 1 & j == 1): null

2017-11-28 13:16:37 - [TEST_STEP][PASSED] - Statement - randomPaxIndex = java.lang.Math.abs(new java.util.Random().nextInt() % excelRowNo) + 1: null

2017-11-28 13:16:37 - [TEST_STEP][PASSED] - Statement - println(randomPaxIndex): null

2017-11-28 13:16:37 - [TEST_STEP][PASSED] - Statement - fname = rawData.getValue("FirstName", randomPaxIndex) + " AUT": null

2017-11-28 13:16:37 - [TEST_STEP][PASSED] - Statement - lname = rawData.getValue("LastName", randomPaxIndex): null

2017-11-28 13:16:37 - [TEST_STEP][PASSED] - Statement - pgender = rawData.getValue("Gender", randomPaxIndex): null

2017-11-28 13:16:37 - [TEST_STEP][PASSED] - Statement - pday = rawData.getValue("Day DOB", randomPaxIndex): null

2017-11-28 13:16:37 - [TEST_STEP][PASSED] - Statement - pmonth = rawData.getValue("Month DOB", randomPaxIndex): null

2017-11-28 13:16:37 - [TEST_STEP][PASSED] - Statement - pyear = rawData.getValue("Year DOB", randomPaxIndex): null

2017-11-28 13:16:37 - [TEST_STEP][PASSED] - Statement - paxDetailFields = paxInRoomXpath + "[" + j + "]/div[@class="col-md-x col-md-9"]/div[@class="row paxContainer"]/div[@class="col-md-5"]": null

2017-11-28 13:16:37 - [TEST_STEP][PASSED] - Statement - xpathval = paxDetailFields + "[1]/div[contains(@class,"form-group")]/input[@class="form-control paxFirstName"]": null

2017-11-28 13:16:37 - [TEST_STEP][PASSED] - Statement - println("fn: " + xpathval): null

2017-11-28 13:16:37 - [TEST_STEP][PASSED] - Statement - repObj = com.kms.katalon.core.testobject.ObjectRepository.findTestObject(Object Repository/PrimoTours/Old Objects/allPaxFirstNameFields): Finding Test Object with id 'Object Repository/PrimoTours/Old Objects/allPaxFirstNameFields'

2017-11-28 13:16:37 - [TEST_STEP][PASSED] - Statement - repObj.findProperty("xpath").setValue(xpathval): null

2017-11-28 13:16:37 - [TEST_STEP][PASSED] - setText: Text 'Christensen AUT' is set on object 'Object Repository/PrimoTours/Old Objects/allPaxFirstNameFields'

2017-11-28 13:16:37 - [MESSAGE][PASSED] - Text 'Christensen AUT' is set on object 'Object Repository/PrimoTours/Old Objects/allPaxFirstNameFields'

2017-11-28 13:16:37 - [TEST_STEP][PASSED] - Statement - xpathval = paxDetailFields + "[2]/div[contains(@class,"form-group")]/input[@class="form-control paxLastName"]": null

2017-11-28 13:16:37 - [TEST_STEP][PASSED] - Statement - println("ln: " + xpathval): null

2017-11-28 13:16:37 - [TEST_STEP][PASSED] - Statement - repObj = com.kms.katalon.core.testobject.ObjectRepository.findTestObject(Object Repository/PrimoTours/Old Objects/allPaxLastNameFields): Finding Test Object with id 'Object Repository/PrimoTours/Old Objects/allPaxLastNameFields'

2017-11-28 13:16:37 - [TEST_STEP][PASSED] - Statement - repObj.findProperty("xpath").setValue(xpathval): null

2017-11-28 13:16:37 - [TEST_STEP][PASSED] - setText: Text 'Jesper' is set on object 'Object Repository/PrimoTours/Old Objects/allPaxLastNameFields'

2017-11-28 13:16:38 - [MESSAGE][PASSED] - Text 'Jesper' is set on object 'Object Repository/PrimoTours/Old Objects/allPaxLastNameFields'

2017-11-28 13:16:38 - [TEST_STEP][PASSED] - scrollToElement: Scroll to object 'Object Repository/PrimoTours/Old Objects/Coco (1)/PrimoT/SaveBooking2/Success/bookingTotalValue' successfully

2017-11-28 13:16:38 - [MESSAGE][PASSED] - Scroll to object 'Object Repository/PrimoTours/Old Objects/Coco (1)/PrimoT/SaveBooking2/Success/bookingTotalValue' successfully

2017-11-28 13:16:38 - [TEST_STEP][PASSED] - click: Object: 'Object Repository/PrimoTours/Old Objects/Coco (1)/PrimoT/SaveBooking2/Success/bookingTotalValue' is clicked on

2017-11-28 13:16:38 - [MESSAGE][PASSED] - Object: 'Object Repository/PrimoTours/Old Objects/Coco (1)/PrimoT/SaveBooking2/Success/bookingTotalValue' is clicked on

2017-11-28 13:16:38 - [TEST_STEP][PASSED] - scrollToElement: Scroll to object 'Object Repository/PrimoTours/Old Objects/Coco (1)/PrimoT/SaveBooking2/Success/Page_Primo Tours  Danmarks bedste c/i_fa fa-arrow-circle-right' successfully

2017-11-28 13:16:38 - [MESSAGE][PASSED] - Scroll to object 'Object Repository/PrimoTours/Old Objects/Coco (1)/PrimoT/SaveBooking2/Success/Page_Primo Tours  Danmarks bedste c/i_fa fa-arrow-circle-right' successfully

2017-11-28 13:16:38 - [TEST_STEP][PASSED] - waitForElementClickable: Object 'Object Repository/PrimoTours/Old Objects/Coco (1)/PrimoT/SaveBooking2/Success/Page_Primo Tours  Danmarks bedste c/i_fa fa-arrow-circle-right' is clickable

2017-11-28 13:16:38 - [MESSAGE][PASSED] - Object 'Object Repository/PrimoTours/Old Objects/Coco (1)/PrimoT/SaveBooking2/Success/Page_Primo Tours  Danmarks bedste c/i_fa fa-arrow-circle-right' is clickable

2017-11-28 13:16:38 - [TEST_STEP][PASSED] - waitForElementVisible: Object 'Object Repository/PrimoTours/Old Objects/Coco (1)/PrimoT/SaveBooking2/Success/Page_Primo Tours  Danmarks bedste c/i_fa fa-arrow-circle-right' is visible

2017-11-28 13:16:38 - [MESSAGE][PASSED] - Object 'Object Repository/PrimoTours/Old Objects/Coco (1)/PrimoT/SaveBooking2/Success/Page_Primo Tours  Danmarks bedste c/i_fa fa-arrow-circle-right' is visible

2017-11-28 13:16:38 - [TEST_STEP][PASSED] - scrollToElement: Scroll to object 'Object Repository/PrimoTours/Old Objects/Coco (1)/PrimoT/SaveBooking2/Success/Page_Primo Tours  Danmarks bedste c/i_fa fa-arrow-circle-right' successfully

2017-11-28 13:16:38 - [MESSAGE][PASSED] - Scroll to object 'Object Repository/PrimoTours/Old Objects/Coco (1)/PrimoT/SaveBooking2/Success/Page_Primo Tours  Danmarks bedste c/i_fa fa-arrow-circle-right' successfully

2017-11-28 13:16:38 - [TEST_STEP][PASSED] - click: Object: 'Object Repository/PrimoTours/Old Objects/Coco (1)/PrimoT/SaveBooking2/Success/Page_Primo Tours  Danmarks bedste c/i_fa fa-arrow-circle-right' is clicked on

2017-11-28 13:16:38 - [MESSAGE][PASSED] - Object: 'Object Repository/PrimoTours/Old Objects/Coco (1)/PrimoT/SaveBooking2/Success/Page_Primo Tours  Danmarks bedste c/i_fa fa-arrow-circle-right' is clicked on

2017-11-28 13:16:38 - [TEST_STEP][PASSED] - waitForElementNotVisible: Object 'Object Repository/PrimoTours/Old Objects/CCenter/pageLoaderOverlayLayer' is NOT visible

2017-11-28 13:16:40 - [MESSAGE][PASSED] - Object 'Object Repository/PrimoTours/Old Objects/CCenter/pageLoaderOverlayLayer' is NOT visible

2017-11-28 13:16:40 - [TEST_STEP][PASSED] - scrollToElement: Scroll to object 'Object Repository/PrimoTours/Old Objects/Coco/PrimoT/Ins2/Page_Primo Tours  Danmarks bedste c/span_Vlg forsikring' successfully

2017-11-28 13:16:40 - [MESSAGE][PASSED] - Scroll to object 'Object Repository/PrimoTours/Old Objects/Coco/PrimoT/Ins2/Page_Primo Tours  Danmarks bedste c/span_Vlg forsikring' successfully

2017-11-28 13:16:40 - [TEST_STEP][PASSED] - waitForElementPresent: Object 'Object Repository/PrimoTours/Old Objects/Coco/PrimoT/Ins2/Page_Primo Tours  Danmarks bedste c/span_Vlg forsikring' is present

2017-11-28 13:16:40 - [MESSAGE][PASSED] - Object 'Object Repository/PrimoTours/Old Objects/Coco/PrimoT/Ins2/Page_Primo Tours  Danmarks bedste c/span_Vlg forsikring' is present

2017-11-28 13:16:40 - [TEST_STEP][PASSED] - waitForElementVisible: Object 'Object Repository/PrimoTours/Old Objects/Coco/PrimoT/Ins2/Page_Primo Tours  Danmarks bedste c/span_Vlg forsikring' is visible

2017-11-28 13:16:40 - [MESSAGE][PASSED] - Object 'Object Repository/PrimoTours/Old Objects/Coco/PrimoT/Ins2/Page_Primo Tours  Danmarks bedste c/span_Vlg forsikring' is visible

2017-11-28 13:16:40 - [TEST_STEP][PASSED] - waitForElementClickable: Object 'Object Repository/PrimoTours/Old Objects/Coco/PrimoT/Ins2/Page_Primo Tours  Danmarks bedste c/span_Vlg forsikring' is clickable

2017-11-28 13:16:40 - [MESSAGE][PASSED] - Object 'Object Repository/PrimoTours/Old Objects/Coco/PrimoT/Ins2/Page_Primo Tours  Danmarks bedste c/span_Vlg forsikring' is clickable

2017-11-28 13:16:40 - [TEST_STEP][PASSED] - click: Object: 'Object Repository/PrimoTours/Old Objects/Coco/PrimoT/Ins2/Page_Primo Tours  Danmarks bedste c/span_Vlg forsikring' is clicked on

2017-11-28 13:16:40 - [MESSAGE][PASSED] - Object: 'Object Repository/PrimoTours/Old Objects/Coco/PrimoT/Ins2/Page_Primo Tours  Danmarks bedste c/span_Vlg forsikring' is clicked on

2017-11-28 13:16:40 - [TEST_STEP][PASSED] - click: Object: 'Object Repository/PrimoTours/Old Objects/Coco/PrimoT/Ins2/Page_Primo Tours  Danmarks bedste c/li_Har selv forsikring - kr. 0' is clicked on

2017-11-28 13:16:40 - [MESSAGE][PASSED] - Object: 'Object Repository/PrimoTours/Old Objects/Coco/PrimoT/Ins2/Page_Primo Tours  Danmarks bedste c/li_Har selv forsikring - kr. 0' is clicked on

2017-11-28 13:16:40 - [TEST_STEP][NOT_RUN] - click: NOT_RUN: click

2017-11-28 13:16:40 - [MESSAGE][NOT_RUN] - NOT_RUN: click

2017-11-28 13:16:40 - [TEST_STEP][NOT_RUN] - scrollToElement: NOT_RUN: scrollToElement

2017-11-28 13:16:40 - [MESSAGE][NOT_RUN] - NOT_RUN: scrollToElement

2017-11-28 13:16:40 - [TEST_STEP][NOT_RUN] - click: NOT_RUN: click

2017-11-28 13:16:40 - [MESSAGE][NOT_RUN] - NOT_RUN: click

2017-11-28 13:16:40 - [TEST_STEP][PASSED] - waitForElementVisible: Object 'Object Repository/PrimoTours/Old Objects/Coco (1)/PrimoT/SaveBooking2/Page_Primo Tours  Danmarks bedste c/individualInsuranceCheckbox' is visible

2017-11-28 13:16:40 - [MESSAGE][PASSED] - Object 'Object Repository/PrimoTours/Old Objects/Coco (1)/PrimoT/SaveBooking2/Page_Primo Tours  Danmarks bedste c/individualInsuranceCheckbox' is visible

2017-11-28 13:16:40 - [TEST_STEP][PASSED] - scrollToElement: Scroll to object 'Object Repository/PrimoTours/Old Objects/Coco (1)/PrimoT/SaveBooking2/Page_Primo Tours  Danmarks bedste c/individualInsuranceCheckbox' successfully

2017-11-28 13:16:40 - [MESSAGE][PASSED] - Scroll to object 'Object Repository/PrimoTours/Old Objects/Coco (1)/PrimoT/SaveBooking2/Page_Primo Tours  Danmarks bedste c/individualInsuranceCheckbox' successfully

2017-11-28 13:16:40 - [TEST_STEP][PASSED] - click: Object: 'Object Repository/PrimoTours/Old Objects/Coco (1)/PrimoT/SaveBooking2/Page_Primo Tours  Danmarks bedste c/individualInsuranceCheckbox' is clicked on

2017-11-28 13:16:40 - [MESSAGE][PASSED] - Object: 'Object Repository/PrimoTours/Old Objects/Coco (1)/PrimoT/SaveBooking2/Page_Primo Tours  Danmarks bedste c/individualInsuranceCheckbox' is clicked on

2017-11-28 13:16:40 - [TEST_STEP][PASSED] - scrollToElement: Scroll to object 'Object Repository/PrimoTours/Old Objects/Coco (1)/PrimoT/SaveBooking2/Success/firstProdCategIndividualSelectionRadioB' successfully

2017-11-28 13:16:40 - [MESSAGE][PASSED] - Scroll to object 'Object Repository/PrimoTours/Old Objects/Coco (1)/PrimoT/SaveBooking2/Success/firstProdCategIndividualSelectionRadioB' successfully

2017-11-28 13:16:40 - [TEST_STEP][PASSED] - waitForElementClickable: Object 'Object Repository/PrimoTours/Old Objects/Coco (1)/PrimoT/SaveBooking2/Success/firstProdCategIndividualSelectionRadioB' is clickable

2017-11-28 13:16:40 - [MESSAGE][PASSED] - Object 'Object Repository/PrimoTours/Old Objects/Coco (1)/PrimoT/SaveBooking2/Success/firstProdCategIndividualSelectionRadioB' is clickable

2017-11-28 13:16:40 - [TEST_STEP][PASSED] - scrollToElement: Scroll to object 'Object Repository/PrimoTours/Old Objects/Coco (1)/PrimoT/SaveBooking2/Success/firstProdCategIndividualSelectionRadioB' successfully

2017-11-28 13:16:41 - [MESSAGE][PASSED] - Scroll to object 'Object Repository/PrimoTours/Old Objects/Coco (1)/PrimoT/SaveBooking2/Success/firstProdCategIndividualSelectionRadioB' successfully

2017-11-28 13:16:41 - [TEST_STEP][PASSED] - click: Object: 'Object Repository/PrimoTours/Old Objects/Coco (1)/PrimoT/SaveBooking2/Success/firstProdCategIndividualSelectionRadioB' is clicked on

2017-11-28 13:16:41 - [MESSAGE][PASSED] - Object: 'Object Repository/PrimoTours/Old Objects/Coco (1)/PrimoT/SaveBooking2/Success/firstProdCategIndividualSelectionRadioB' is clicked on

2017-11-28 13:16:41 - [TEST_STEP][PASSED] - scrollToElement: Scroll to object 'Object Repository/PrimoTours/Old Objects/Coco (1)/PrimoT/SaveBooking2/Success/firstProdCategSelectForAllPaxCheckbox' successfully

2017-11-28 13:16:41 - [MESSAGE][PASSED] - Scroll to object 'Object Repository/PrimoTours/Old Objects/Coco (1)/PrimoT/SaveBooking2/Success/firstProdCategSelectForAllPaxCheckbox' successfully

2017-11-28 13:16:41 - [TEST_STEP][PASSED] - waitForElementClickable: Object 'Object Repository/PrimoTours/Old Objects/Coco (1)/PrimoT/SaveBooking2/Success/firstProdCategSelectForAllPaxCheckbox' is clickable

2017-11-28 13:16:41 - [MESSAGE][PASSED] - Object 'Object Repository/PrimoTours/Old Objects/Coco (1)/PrimoT/SaveBooking2/Success/firstProdCategSelectForAllPaxCheckbox' is clickable

2017-11-28 13:16:41 - [TEST_STEP][PASSED] - click: Object: 'Object Repository/PrimoTours/Old Objects/Coco (1)/PrimoT/SaveBooking2/Success/firstProdCategSelectForAllPaxCheckbox' is clicked on

2017-11-28 13:16:41 - [MESSAGE][PASSED] - Object: 'Object Repository/PrimoTours/Old Objects/Coco (1)/PrimoT/SaveBooking2/Success/firstProdCategSelectForAllPaxCheckbox' is clicked on

2017-11-28 13:16:41 - [TEST_STEP][NOT_RUN] - scrollToElement: NOT_RUN: scrollToElement

2017-11-28 13:16:41 - [MESSAGE][NOT_RUN] - NOT_RUN: scrollToElement

2017-11-28 13:16:41 - [TEST_STEP][NOT_RUN] - scrollToElement: NOT_RUN: scrollToElement

2017-11-28 13:16:41 - [MESSAGE][NOT_RUN] - NOT_RUN: scrollToElement

2017-11-28 13:16:41 - [TEST_STEP][NOT_RUN] - click: NOT_RUN: click

2017-11-28 13:16:41 - [MESSAGE][NOT_RUN] - NOT_RUN: click

2017-11-28 13:16:41 - [TEST_STEP][PASSED] - scrollToElement: Scroll to object 'Object Repository/PrimoTours/Old Objects/Coco (1)/PrimoT/SaveBooking2/Success/acceptTermsCheckbox' successfully

2017-11-28 13:16:41 - [MESSAGE][PASSED] - Scroll to object 'Object Repository/PrimoTours/Old Objects/Coco (1)/PrimoT/SaveBooking2/Success/acceptTermsCheckbox' successfully

2017-11-28 13:16:41 - [TEST_STEP][FAILED] - click: Unable to click on object 'Object Repository/PrimoTours/Old Objects/Coco (1)/PrimoT/SaveBooking2/Success/acceptTermsCheckbox' (Root cause: org.openqa.selenium.WebDriverException: unknown error: Element <a href="#" class="toggle checkbox kalypto"></a> is not clickable at point (395, 753). Other element would receive the click: <h2>...</h2>
  (Session info: chrome=62.0.3202.94)
  (Driver info: chromedriver=2.33.506120 (e3e53437346286c0bc2d2dc9aa4915ba81d9023f),platform=Windows NT 6.3.9600 x86_64) (WARNING: The server did not provide any stacktrace information)
Command duration or timeout: 0 milliseconds
Build info: version: '3.7.1', revision: '8a0099a', time: '2017-11-06T21:07:36.161Z'
System info: host: 'NEACSUNEW-PC', ip: '10.10.10.211', os.name: 'Windows 8.1', os.arch: 'amd64', os.version: '6.3', java.version: '1.8.0_102'
Driver info: com.kms.katalon.selenium.driver.CChromeDriver
Capabilities {acceptSslCerts: true, applicationCacheEnabled: false, browserConnectionEnabled: false, browserName: chrome, chrome: {chromedriverVersion: 2.33.506120 (e3e53437346286..., userDataDir: C:\Users\Cornel\AppData\Loc...}, cssSelectorsEnabled: true, databaseEnabled: false, handlesAlerts: true, hasTouchScreen: false, javascriptEnabled: true, locationContextEnabled: true, mobileEmulationEnabled: false, nativeEvents: true, networkConnectionEnabled: false, pageLoadStrategy: normal, platform: XP, platformName: XP, rotatable: false, setWindowRect: true, takesHeapSnapshot: true, takesScreenshot: true, unexpectedAlertBehaviour: , unhandledPromptBehavior: , version: 62.0.3202.94, webStorageEnabled: true}
Session ID: 454935bdc9df69c4e6d6863f56c60e2d)

2017-11-28 13:16:42 - [MESSAGE][FAILED] - Unable to click on object 'Object Repository/PrimoTours/Old Objects/Coco (1)/PrimoT/SaveBooking2/Success/acceptTermsCheckbox' (Root cause: org.openqa.selenium.WebDriverException: unknown error: Element <a href="#" class="toggle checkbox kalypto"></a> is not clickable at point (395, 753). Other element would receive the click: <h2>...</h2>
  (Session info: chrome=62.0.3202.94)
  (Driver info: chromedriver=2.33.506120 (e3e53437346286c0bc2d2dc9aa4915ba81d9023f),platform=Windows NT 6.3.9600 x86_64) (WARNING: The server did not provide any stacktrace information)
Command duration or timeout: 0 milliseconds
Build info: version: '3.7.1', revision: '8a0099a', time: '2017-11-06T21:07:36.161Z'
System info: host: 'NEACSUNEW-PC', ip: '10.10.10.211', os.name: 'Windows 8.1', os.arch: 'amd64', os.version: '6.3', java.version: '1.8.0_102'
Driver info: com.kms.katalon.selenium.driver.CChromeDriver
Capabilities {acceptSslCerts: true, applicationCacheEnabled: false, browserConnectionEnabled: false, browserName: chrome, chrome: {chromedriverVersion: 2.33.506120 (e3e53437346286..., userDataDir: C:\Users\Cornel\AppData\Loc...}, cssSelectorsEnabled: true, databaseEnabled: false, handlesAlerts: true, hasTouchScreen: false, javascriptEnabled: true, locationContextEnabled: true, mobileEmulationEnabled: false, nativeEvents: true, networkConnectionEnabled: false, pageLoadStrategy: normal, platform: XP, platformName: XP, rotatable: false, setWindowRect: true, takesHeapSnapshot: true, takesScreenshot: true, unexpectedAlertBehaviour: , unhandledPromptBehavior: , version: 62.0.3202.94, webStorageEnabled: true}
Session ID: 454935bdc9df69c4e6d6863f56c60e2d)
[[ATTACHMENT|D:\\Software testing\\Tourpaq\\Automated Katalon tests\\Primo WB test\\Reports\\WB Primo From Excel URLs\\20171128_131240\\1511867801768.png]]]]></system-out>
         <system-err><![CDATA[2017-11-28 13:16:25 - [TEST_CASE][FAILED] - Test Cases/PrimoTours/WB Primo/WB Primo staging - place booking - Iteration 12: Test Cases/PrimoTours/WB Primo/WB Primo staging - place booking FAILED because (of) Unable to click on object 'Object Repository/PrimoTours/Old Objects/Coco (1)/PrimoT/SaveBooking2/Success/acceptTermsCheckbox' (Root cause: org.openqa.selenium.WebDriverException: unknown error: Element <a href="#" class="toggle checkbox kalypto"></a> is not clickable at point (395, 753). Other element would receive the click: <h2>...</h2>
  (Session info: chrome=62.0.3202.94)
  (Driver info: chromedriver=2.33.506120 (e3e53437346286c0bc2d2dc9aa4915ba81d9023f),platform=Windows NT 6.3.9600 x86_64) (WARNING: The server did not provide any stacktrace information)
Command duration or timeout: 0 milliseconds
Build info: version: '3.7.1', revision: '8a0099a', time: '2017-11-06T21:07:36.161Z'
System info: host: 'NEACSUNEW-PC', ip: '10.10.10.211', os.name: 'Windows 8.1', os.arch: 'amd64', os.version: '6.3', java.version: '1.8.0_102'
Driver info: com.kms.katalon.selenium.driver.CChromeDriver
Capabilities {acceptSslCerts: true, applicationCacheEnabled: false, browserConnectionEnabled: false, browserName: chrome, chrome: {chromedriverVersion: 2.33.506120 (e3e53437346286..., userDataDir: C:\Users\Cornel\AppData\Loc...}, cssSelectorsEnabled: true, databaseEnabled: false, handlesAlerts: true, hasTouchScreen: false, javascriptEnabled: true, locationContextEnabled: true, mobileEmulationEnabled: false, nativeEvents: true, networkConnectionEnabled: false, pageLoadStrategy: normal, platform: XP, platformName: XP, rotatable: false, setWindowRect: true, takesHeapSnapshot: true, takesScreenshot: true, unexpectedAlertBehaviour: , unhandledPromptBehavior: , version: 62.0.3202.94, webStorageEnabled: true}
Session ID: 454935bdc9df69c4e6d6863f56c60e2d)]]></system-err>
      </testcase>
      <system-out><![CDATA[2017-11-28 13:12:44 - [TEST_SUITE][FAILED] - WB Primo From Excel URLs: Test Cases/PrimoTours/WB Primo/WB Primo staging - place booking FAILED because (of) Unable to click on object 'Object Repository/PrimoTours/Old Objects/Coco (1)/PrimoT/SaveBooking2/Page_Primo Tours  Danmarks bedste c/a_btn btn-success col-xs-12 st' (Root cause: org.openqa.selenium.WebDriverException: unknown error: Element <a href="javascript:;" class="btn btn-success col-xs-12 step defaultButton disabledElement" data-validator="options" data-loader="true" data-bind="css: tourpaq.bookingEngine.confirmation.nextStepButtonStyle">...</a> is not clickable at point (1337, 729). Other element would receive the click: <div class="col-xs-12 col-md-4 col-md-offset-4 pull-right">...</div>
  (Session info: chrome=62.0.3202.94)
  (Driver info: chromedriver=2.33.506120 (e3e53437346286c0bc2d2dc9aa4915ba81d9023f),platform=Windows NT 6.3.9600 x86_64) (WARNING: The server did not provide any stacktrace information)
Command duration or timeout: 0 milliseconds
Build info: version: '3.7.1', revision: '8a0099a', time: '2017-11-06T21:07:36.161Z'
System info: host: 'NEACSUNEW-PC', ip: '10.10.10.211', os.name: 'Windows 8.1', os.arch: 'amd64', os.version: '6.3', java.version: '1.8.0_102'
Driver info: com.kms.katalon.selenium.driver.CChromeDriver
Capabilities {acceptSslCerts: true, applicationCacheEnabled: false, browserConnectionEnabled: false, browserName: chrome, chrome: {chromedriverVersion: 2.33.506120 (e3e53437346286..., userDataDir: C:\Users\Cornel\AppData\Loc...}, cssSelectorsEnabled: true, databaseEnabled: false, handlesAlerts: true, hasTouchScreen: false, javascriptEnabled: true, locationContextEnabled: true, mobileEmulationEnabled: false, nativeEvents: true, networkConnectionEnabled: false, pageLoadStrategy: normal, platform: XP, platformName: XP, rotatable: false, setWindowRect: true, takesHeapSnapshot: true, takesScreenshot: true, unexpectedAlertBehaviour: , unhandledPromptBehavior: , version: 62.0.3202.94, webStorageEnabled: true}
Session ID: c84a6c6c86dc404dbf5061e10c9afb29)]]></system-out>
      <system-err><![CDATA[2017-11-28 13:12:44 - [TEST_SUITE][FAILED] - WB Primo From Excel URLs: Test Cases/PrimoTours/WB Primo/WB Primo staging - place booking FAILED because (of) Unable to click on object 'Object Repository/PrimoTours/Old Objects/Coco (1)/PrimoT/SaveBooking2/Page_Primo Tours  Danmarks bedste c/a_btn btn-success col-xs-12 st' (Root cause: org.openqa.selenium.WebDriverException: unknown error: Element <a href="javascript:;" class="btn btn-success col-xs-12 step defaultButton disabledElement" data-validator="options" data-loader="true" data-bind="css: tourpaq.bookingEngine.confirmation.nextStepButtonStyle">...</a> is not clickable at point (1337, 729). Other element would receive the click: <div class="col-xs-12 col-md-4 col-md-offset-4 pull-right">...</div>
  (Session info: chrome=62.0.3202.94)
  (Driver info: chromedriver=2.33.506120 (e3e53437346286c0bc2d2dc9aa4915ba81d9023f),platform=Windows NT 6.3.9600 x86_64) (WARNING: The server did not provide any stacktrace information)
Command duration or timeout: 0 milliseconds
Build info: version: '3.7.1', revision: '8a0099a', time: '2017-11-06T21:07:36.161Z'
System info: host: 'NEACSUNEW-PC', ip: '10.10.10.211', os.name: 'Windows 8.1', os.arch: 'amd64', os.version: '6.3', java.version: '1.8.0_102'
Driver info: com.kms.katalon.selenium.driver.CChromeDriver
Capabilities {acceptSslCerts: true, applicationCacheEnabled: false, browserConnectionEnabled: false, browserName: chrome, chrome: {chromedriverVersion: 2.33.506120 (e3e53437346286..., userDataDir: C:\Users\Cornel\AppData\Loc...}, cssSelectorsEnabled: true, databaseEnabled: false, handlesAlerts: true, hasTouchScreen: false, javascriptEnabled: true, locationContextEnabled: true, mobileEmulationEnabled: false, nativeEvents: true, networkConnectionEnabled: false, pageLoadStrategy: normal, platform: XP, platformName: XP, rotatable: false, setWindowRect: true, takesHeapSnapshot: true, takesScreenshot: true, unexpectedAlertBehaviour: , unhandledPromptBehavior: , version: 62.0.3202.94, webStorageEnabled: true}
Session ID: c84a6c6c86dc404dbf5061e10c9afb29)]]></system-err>
   </testsuite>
</testsuites>
