<?xml version="1.0" encoding="UTF-8"?>
<testsuites name="WB Primo From Excel URLs" time="540" tests="12" failures="1" errors="0">
   <testsuite name="WB Primo From Excel URLs" tests="12" failures="1" errors="0" time="540" timestamp="2017-12-04 15:57:31" hostname="Cornel - NEACSUNEW-PC.zlin.roweb.ro" id="Test Suites/WB Primo From Excel URLs">
      <properties>
         <property name="deviceName" value=""/>
         <property name="devicePlatform" value=""/>
         <property name="logFolder" value="D:\\Software testing\\Tourpaq\\Automated Katalon tests\\Primo WB test\\Reports\\WB Primo From Excel URLs\\20171204_155729"/>
         <property name="logFiles" value="D:\\Software testing\\Tourpaq\\Automated Katalon tests\\Primo WB test\\Reports\\WB Primo From Excel URLs\\20171204_155729\\execution0.log"/>
         <property name="attachments" value="D:\\Software testing\\Tourpaq\\Automated Katalon tests\\Primo WB test\\Reports\\WB Primo From Excel URLs\\20171204_155729\\1512395900960.png, D:\\Software testing\\Tourpaq\\Automated Katalon tests\\Primo WB test\\Reports\\WB Primo From Excel URLs\\20171204_155729\\1512395936121.png, D:\\Software testing\\Tourpaq\\Automated Katalon tests\\Primo WB test\\Reports\\WB Primo From Excel URLs\\20171204_155729\\1512395971946.png, D:\\Software testing\\Tourpaq\\Automated Katalon tests\\Primo WB test\\Reports\\WB Primo From Excel URLs\\20171204_155729\\1512396011350.png, D:\\Software testing\\Tourpaq\\Automated Katalon tests\\Primo WB test\\Reports\\WB Primo From Excel URLs\\20171204_155729\\1512396014571.png, D:\\Software testing\\Tourpaq\\Automated Katalon tests\\Primo WB test\\Reports\\WB Primo From Excel URLs\\20171204_155729\\1512396053841.png, D:\\Software testing\\Tourpaq\\Automated Katalon tests\\Primo WB test\\Reports\\WB Primo From Excel URLs\\20171204_155729\\1512396057420.png, D:\\Software testing\\Tourpaq\\Automated Katalon tests\\Primo WB test\\Reports\\WB Primo From Excel URLs\\20171204_155729\\1512396059211.png, D:\\Software testing\\Tourpaq\\Automated Katalon tests\\Primo WB test\\Reports\\WB Primo From Excel URLs\\20171204_155729\\1512396100872.png, D:\\Software testing\\Tourpaq\\Automated Katalon tests\\Primo WB test\\Reports\\WB Primo From Excel URLs\\20171204_155729\\1512396105936.png, D:\\Software testing\\Tourpaq\\Automated Katalon tests\\Primo WB test\\Reports\\WB Primo From Excel URLs\\20171204_155729\\1512396108030.png, D:\\Software testing\\Tourpaq\\Automated Katalon tests\\Primo WB test\\Reports\\WB Primo From Excel URLs\\20171204_155729\\1512396147425.png, D:\\Software testing\\Tourpaq\\Automated Katalon tests\\Primo WB test\\Reports\\WB Primo From Excel URLs\\20171204_155729\\1512396149527.png, D:\\Software testing\\Tourpaq\\Automated Katalon tests\\Primo WB test\\Reports\\WB Primo From Excel URLs\\20171204_155729\\1512396152268.png, D:\\Software testing\\Tourpaq\\Automated Katalon tests\\Primo WB test\\Reports\\WB Primo From Excel URLs\\20171204_155729\\1512396154503.png, D:\\Software testing\\Tourpaq\\Automated Katalon tests\\Primo WB test\\Reports\\WB Primo From Excel URLs\\20171204_155729\\1512396193939.png, D:\\Software testing\\Tourpaq\\Automated Katalon tests\\Primo WB test\\Reports\\WB Primo From Excel URLs\\20171204_155729\\1512396196959.png, D:\\Software testing\\Tourpaq\\Automated Katalon tests\\Primo WB test\\Reports\\WB Primo From Excel URLs\\20171204_155729\\1512396200148.png, D:\\Software testing\\Tourpaq\\Automated Katalon tests\\Primo WB test\\Reports\\WB Primo From Excel URLs\\20171204_155729\\1512396203291.png, D:\\Software testing\\Tourpaq\\Automated Katalon tests\\Primo WB test\\Reports\\WB Primo From Excel URLs\\20171204_155729\\1512396205674.png, D:\\Software testing\\Tourpaq\\Automated Katalon tests\\Primo WB test\\Reports\\WB Primo From Excel URLs\\20171204_155729\\1512396209421.png, D:\\Software testing\\Tourpaq\\Automated Katalon tests\\Primo WB test\\Reports\\WB Primo From Excel URLs\\20171204_155729\\1512396222084.png, D:\\Software testing\\Tourpaq\\Automated Katalon tests\\Primo WB test\\Reports\\WB Primo From Excel URLs\\20171204_155729\\1512396271075.png, D:\\Software testing\\Tourpaq\\Automated Katalon tests\\Primo WB test\\Reports\\WB Primo From Excel URLs\\20171204_155729\\1512396319706.png, D:\\Software testing\\Tourpaq\\Automated Katalon tests\\Primo WB test\\Reports\\WB Primo From Excel URLs\\20171204_155729\\1512396364125.png"/>
         <property name="hostName" value="Cornel - NEACSUNEW-PC.zlin.roweb.ro"/>
         <property name="os" value="Windows 8.1 64bit"/>
         <property name="katalonVersion" value="5.1.0.2"/>
         <property name="browser" value="Chrome 62.0.3202.94"/>
         <property name="hostAddress" value="10.10.10.211"/>
         <property name="sessionId" value="104d1ba0d640ac8e02769424926dd04e"/>
         <property name="seleniumVersion" value="3.7.1"/>
         <property name="proxyInformation" value="ProxyInformation{proxyOption=NO_PROXY, proxyServerType=, password=, proxyServerAddress=, proxyServerPort=0}"/>
         <property name="platform" value="Windows 8.1"/>
      </properties>
      <testcase name="Test Cases/PrimoTours/WB Primo/WB Primo staging - place booking - Iteration 1" classname="Test Cases/PrimoTours/WB Primo/WB Primo staging - place booking" status="PASSED">
         <system-out><![CDATA[2017-12-04 15:57:31 - [TEST_CASE][PASSED] - Test Cases/PrimoTours/WB Primo/WB Primo staging - place booking - Iteration 1: Test Cases/PrimoTours/WB Primo/WB Primo staging - place booking

2017-12-04 15:57:32 - [TEST_STEP][PASSED] - openBrowser: Browser is opened with url: ''

2017-12-04 15:57:36 - [MESSAGE][PASSED] - Browser is opened with url: ''

2017-12-04 15:57:36 - [TEST_STEP][PASSED] - maximizeWindow: Current window maximized

2017-12-04 15:57:37 - [MESSAGE][PASSED] - Current window maximized

2017-12-04 15:57:37 - [TEST_STEP][PASSED] - navigateToUrl: Navigate to 'https://staging-primotours-webbooking.tourpaq.com/DoBooking.aspx?pltaID=1480269&p=1&rno=1&pt=1&a=2&c=0&aa=&ca=' successfully

2017-12-04 15:57:40 - [MESSAGE][PASSED] - Navigate to 'https://staging-primotours-webbooking.tourpaq.com/DoBooking.aspx?pltaID=1480269&p=1&rno=1&pt=1&a=2&c=0&aa=&ca=' successfully

2017-12-04 15:57:40 - [TEST_STEP][PASSED] - Statement - excelInfo = ["fname":"", "lname":"", "pgender":"", "pday":"", "pmonth":"", "pyear":""]: null

2017-12-04 15:57:40 - [TEST_STEP][PASSED] - Statement - rawData = com.kms.katalon.core.testdata.TestDataFactory.findTestData("Data Files/WB_Primo/Passenger_details"): Reading excel file with source file 'D:\Software testing\Tourpaq\Automated Katalon tests\Primo WB test\Data Files\Primo_URLs_For_Automated_Test.xls' and sheet name 'Passenger Names'

2017-12-04 15:57:40 - [TEST_STEP][PASSED] - Statement - excelRowNo = rawData.getRowNumbers(): null

2017-12-04 15:57:40 - [TEST_STEP][PASSED] - Statement - randomPaxIndex = java.lang.Math.abs(new java.util.Random().nextInt() % excelRowNo) + 1: null

2017-12-04 15:57:41 - [TEST_STEP][PASSED] - Statement - fname = rawData.getValue("FirstName", randomPaxIndex): null

2017-12-04 15:57:41 - [TEST_STEP][PASSED] - Statement - lname = rawData.getValue("LastName", randomPaxIndex): null

2017-12-04 15:57:41 - [TEST_STEP][PASSED] - Statement - pgender = rawData.getValue("Gender", randomPaxIndex): null

2017-12-04 15:57:41 - [TEST_STEP][PASSED] - setText: Text 'Bernth-Andersen AUT' is set on object 'Object Repository/PrimoTours/Old Objects/Coco/PrimoT/Page_Primo Tours  Danmarks bedste c/input_firstName'

2017-12-04 15:57:41 - [MESSAGE][PASSED] - Text 'Bernth-Andersen AUT' is set on object 'Object Repository/PrimoTours/Old Objects/Coco/PrimoT/Page_Primo Tours  Danmarks bedste c/input_firstName'

2017-12-04 15:57:41 - [TEST_STEP][PASSED] - setText: Text 'Sara' is set on object 'Object Repository/PrimoTours/Old Objects/Coco/PrimoT/Page_Primo Tours  Danmarks bedste c/input_lastName'

2017-12-04 15:57:42 - [MESSAGE][PASSED] - Text 'Sara' is set on object 'Object Repository/PrimoTours/Old Objects/Coco/PrimoT/Page_Primo Tours  Danmarks bedste c/input_lastName'

2017-12-04 15:57:42 - [TEST_STEP][PASSED] - click: Object: 'Object Repository/PrimoTours/LandingPage/customerGender' is clicked on

2017-12-04 15:57:42 - [MESSAGE][PASSED] - Object: 'Object Repository/PrimoTours/LandingPage/customerGender' is clicked on

2017-12-04 15:57:42 - [TEST_STEP][PASSED] - setText: Text 'Home address' is set on object 'Object Repository/PrimoTours/Old Objects/Coco/PrimoT/Page_Primo Tours  Danmarks bedste c/input_customerAddress'

2017-12-04 15:57:44 - [MESSAGE][PASSED] - Text 'Home address' is set on object 'Object Repository/PrimoTours/Old Objects/Coco/PrimoT/Page_Primo Tours  Danmarks bedste c/input_customerAddress'

2017-12-04 15:57:44 - [TEST_STEP][PASSED] - setText: Text '6700' is set on object 'Object Repository/PrimoTours/Old Objects/Coco/PrimoT/Page_Primo Tours  Danmarks bedste c/input_customerPostcode'

2017-12-04 15:57:44 - [MESSAGE][PASSED] - Text '6700' is set on object 'Object Repository/PrimoTours/Old Objects/Coco/PrimoT/Page_Primo Tours  Danmarks bedste c/input_customerPostcode'

2017-12-04 15:57:44 - [TEST_STEP][PASSED] - setText: Text 'cornel.neacsu@roweb.ro' is set on object 'Object Repository/PrimoTours/Old Objects/Coco/PrimoT/Page_Primo Tours  Danmarks bedste c/input_customerEmail'

2017-12-04 15:57:45 - [MESSAGE][PASSED] - Text 'cornel.neacsu@roweb.ro' is set on object 'Object Repository/PrimoTours/Old Objects/Coco/PrimoT/Page_Primo Tours  Danmarks bedste c/input_customerEmail'

2017-12-04 15:57:45 - [TEST_STEP][PASSED] - setText: Text '12345678' is set on object 'Object Repository/PrimoTours/Old Objects/Coco/PrimoT/Page_Primo Tours  Danmarks bedste c/input_customerPhone'

2017-12-04 15:57:45 - [MESSAGE][PASSED] - Text '12345678' is set on object 'Object Repository/PrimoTours/Old Objects/Coco/PrimoT/Page_Primo Tours  Danmarks bedste c/input_customerPhone'

2017-12-04 15:57:45 - [TEST_STEP][PASSED] - waitForElementClickable: Object 'Object Repository/PrimoTours/Old Objects/Coco/PrimoT/Page_Primo Tours  Danmarks bedste c/input_firstname-0_1' is clickable

2017-12-04 15:57:45 - [MESSAGE][PASSED] - Object 'Object Repository/PrimoTours/Old Objects/Coco/PrimoT/Page_Primo Tours  Danmarks bedste c/input_firstname-0_1' is clickable

2017-12-04 15:57:45 - [TEST_STEP][PASSED] - Statement - driver = com.kms.katalon.core.webui.driver.DriverFactory.getWebDriver(): null

2017-12-04 15:57:45 - [TEST_STEP][PASSED] - Statement - roomContainerXpath = "id("roomAndStaticOptionsContainer")/div[@class="row"]/div[@class="col-md-12 roomContainer"]": null

2017-12-04 15:57:45 - [TEST_STEP][PASSED] - Statement - roomsCount = driver.findElements(org.openqa.selenium.By.xpath(roomContainerXpath)).size(): null

2017-12-04 15:57:45 - [TEST_STEP][PASSED] - Statement - println("roomsCount=" + roomsCount): null

2017-12-04 15:57:45 - [TEST_STEP][PASSED] - Statement - For ([i = 1, i <= roomsCount, (i++)]): Object: 'Object Repository/PrimoTours/LandingPage/secondPaxFirstNameField' is clicked on

2017-12-04 15:57:45 - [TEST_STEP][PASSED] - Statement - paxInRoomXpath = "id("passengersContainer_" + i - 1 + "")/div[@class="col-md-12"]/div[@class="row"]": null

2017-12-04 15:57:45 - [TEST_STEP][PASSED] - Statement - println("paxInRoomXpath=" + paxInRoomXpath): null

2017-12-04 15:57:45 - [TEST_STEP][PASSED] - Statement - paxInRoomCount = driver.findElements(org.openqa.selenium.By.xpath(paxInRoomXpath)).size(): null

2017-12-04 15:57:45 - [TEST_STEP][PASSED] - Statement - println("paxInRoomCount=" + paxInRoomCount): null

2017-12-04 15:57:45 - [TEST_STEP][PASSED] - Statement - For ([j = 1, j <= paxInRoomCount, (j++)]): Object: 'Object Repository/PrimoTours/LandingPage/secondPaxFirstNameField' is clicked on

2017-12-04 15:57:45 - [TEST_STEP][PASSED] - Statement - If (i == 1 & j == 1): null

2017-12-04 15:57:46 - [TEST_STEP][PASSED] - Statement - <not implemented yet for class: org.codehaus.groovy.ast.stmt.ContinueStatement>: null

2017-12-04 15:57:46 - [TEST_STEP][PASSED] - Statement - If (i == 1 & j == 1): null

2017-12-04 15:57:46 - [TEST_STEP][PASSED] - Statement - randomPaxIndex = java.lang.Math.abs(new java.util.Random().nextInt() % excelRowNo) + 1: null

2017-12-04 15:57:46 - [TEST_STEP][PASSED] - Statement - fname = rawData.getValue("FirstName", randomPaxIndex) + " AUT": null

2017-12-04 15:57:46 - [TEST_STEP][PASSED] - Statement - lname = rawData.getValue("LastName", randomPaxIndex): null

2017-12-04 15:57:46 - [TEST_STEP][PASSED] - Statement - pgender = rawData.getValue("Gender", randomPaxIndex): null

2017-12-04 15:57:46 - [TEST_STEP][PASSED] - Statement - pday = rawData.getValue("Day DOB", randomPaxIndex): null

2017-12-04 15:57:46 - [TEST_STEP][PASSED] - Statement - pmonth = rawData.getValue("Month DOB", randomPaxIndex): null

2017-12-04 15:57:46 - [TEST_STEP][PASSED] - Statement - pyear = rawData.getValue("Year DOB", randomPaxIndex): null

2017-12-04 15:57:46 - [TEST_STEP][PASSED] - Statement - paxDetailFields = paxInRoomXpath + "[" + j + "]/div[@class="col-md-x col-md-9"]/div[@class="row paxContainer"][1]/div[contains(@class,"paxAttribute")]": null

2017-12-04 15:57:46 - [TEST_STEP][PASSED] - Statement - xpathval = paxDetailFields + "[1]/div[contains(@class,"form-group")]/input[contains(@class,"paxFirstName")]": null

2017-12-04 15:57:46 - [TEST_STEP][PASSED] - Statement - println("fn: " + xpathval): null

2017-12-04 15:57:46 - [TEST_STEP][PASSED] - Statement - repObj = com.kms.katalon.core.testobject.ObjectRepository.findTestObject(Object Repository/PrimoTours/LandingPage/secondPaxFirstNameField): Finding Test Object with id 'Object Repository/PrimoTours/LandingPage/secondPaxFirstNameField'

2017-12-04 15:57:46 - [TEST_STEP][PASSED] - Statement - repObj.findProperty("xpath").setValue(xpathval): null

2017-12-04 15:57:46 - [TEST_STEP][PASSED] - setText: Text 'Astrup AUT' is set on object 'Object Repository/PrimoTours/LandingPage/secondPaxFirstNameField'

2017-12-04 15:57:46 - [MESSAGE][PASSED] - Text 'Astrup AUT' is set on object 'Object Repository/PrimoTours/LandingPage/secondPaxFirstNameField'

2017-12-04 15:57:46 - [TEST_STEP][PASSED] - Statement - xpathval = paxDetailFields + "[2]/div[contains(@class,"form-group")]/input[contains(@class,"paxLastName")]": null

2017-12-04 15:57:46 - [TEST_STEP][PASSED] - Statement - println("ln: " + xpathval): null

2017-12-04 15:57:46 - [TEST_STEP][PASSED] - Statement - repObj = com.kms.katalon.core.testobject.ObjectRepository.findTestObject(Object Repository/PrimoTours/LandingPage/secondPaxFirstNameField): Finding Test Object with id 'Object Repository/PrimoTours/LandingPage/secondPaxFirstNameField'

2017-12-04 15:57:46 - [TEST_STEP][PASSED] - Statement - repObj.findProperty("xpath").setValue(xpathval): null

2017-12-04 15:57:46 - [TEST_STEP][PASSED] - setText: Text 'Preben Beck' is set on object 'Object Repository/PrimoTours/LandingPage/secondPaxFirstNameField'

2017-12-04 15:57:46 - [MESSAGE][PASSED] - Text 'Preben Beck' is set on object 'Object Repository/PrimoTours/LandingPage/secondPaxFirstNameField'

2017-12-04 15:57:46 - [TEST_STEP][PASSED] - Statement - repObj = com.kms.katalon.core.testobject.ObjectRepository.findTestObject(Object Repository/PrimoTours/LandingPage/secondPaxFirstNameField): Finding Test Object with id 'Object Repository/PrimoTours/LandingPage/secondPaxFirstNameField'

2017-12-04 15:57:46 - [TEST_STEP][PASSED] - Statement - xpathval = paxDetailFields + "[3]/div[contains(@class,"paxGenderSelectorContainer")]/span[contains(@class,"select2 select2-container")]/span[contains(@class,"selection")]/span[contains(@class,"select2-selection")]": null

2017-12-04 15:57:46 - [TEST_STEP][PASSED] - Statement - println("gender: " + xpathval): null

2017-12-04 15:57:46 - [TEST_STEP][PASSED] - Statement - repObj.findProperty("xpath").setValue(xpathval): null

2017-12-04 15:57:46 - [TEST_STEP][PASSED] - click: Object: 'Object Repository/PrimoTours/LandingPage/secondPaxFirstNameField' is clicked on

2017-12-04 15:57:47 - [MESSAGE][PASSED] - Object: 'Object Repository/PrimoTours/LandingPage/secondPaxFirstNameField' is clicked on

2017-12-04 15:57:47 - [TEST_STEP][PASSED] - scrollToElement: Scroll to object 'Object Repository/PrimoTours/Old Objects/Coco (1)/PrimoT/SaveBooking2/Success/bookingTotalValue' successfully

2017-12-04 15:57:47 - [MESSAGE][PASSED] - Scroll to object 'Object Repository/PrimoTours/Old Objects/Coco (1)/PrimoT/SaveBooking2/Success/bookingTotalValue' successfully

2017-12-04 15:57:47 - [TEST_STEP][PASSED] - click: Object: 'Object Repository/PrimoTours/Old Objects/Coco (1)/PrimoT/SaveBooking2/Success/bookingTotalValue' is clicked on

2017-12-04 15:57:47 - [MESSAGE][PASSED] - Object: 'Object Repository/PrimoTours/Old Objects/Coco (1)/PrimoT/SaveBooking2/Success/bookingTotalValue' is clicked on

2017-12-04 15:57:47 - [TEST_STEP][PASSED] - scrollToElement: Scroll to object 'Object Repository/PrimoTours/Old Objects/Coco (1)/PrimoT/SaveBooking2/Success/Page_Primo Tours  Danmarks bedste c/nextButtonOnLandingPage' successfully

2017-12-04 15:57:47 - [MESSAGE][PASSED] - Scroll to object 'Object Repository/PrimoTours/Old Objects/Coco (1)/PrimoT/SaveBooking2/Success/Page_Primo Tours  Danmarks bedste c/nextButtonOnLandingPage' successfully

2017-12-04 15:57:47 - [TEST_STEP][PASSED] - waitForElementClickable: Object 'Object Repository/PrimoTours/Old Objects/Coco (1)/PrimoT/SaveBooking2/Success/Page_Primo Tours  Danmarks bedste c/nextButtonOnLandingPage' is clickable

2017-12-04 15:57:47 - [MESSAGE][PASSED] - Object 'Object Repository/PrimoTours/Old Objects/Coco (1)/PrimoT/SaveBooking2/Success/Page_Primo Tours  Danmarks bedste c/nextButtonOnLandingPage' is clickable

2017-12-04 15:57:47 - [TEST_STEP][PASSED] - waitForElementVisible: Object 'Object Repository/PrimoTours/Old Objects/Coco (1)/PrimoT/SaveBooking2/Success/Page_Primo Tours  Danmarks bedste c/nextButtonOnLandingPage' is visible

2017-12-04 15:57:47 - [MESSAGE][PASSED] - Object 'Object Repository/PrimoTours/Old Objects/Coco (1)/PrimoT/SaveBooking2/Success/Page_Primo Tours  Danmarks bedste c/nextButtonOnLandingPage' is visible

2017-12-04 15:57:47 - [TEST_STEP][PASSED] - scrollToElement: Scroll to object 'Object Repository/PrimoTours/Old Objects/Coco (1)/PrimoT/SaveBooking2/Success/Page_Primo Tours  Danmarks bedste c/nextButtonOnLandingPage' successfully

2017-12-04 15:57:47 - [MESSAGE][PASSED] - Scroll to object 'Object Repository/PrimoTours/Old Objects/Coco (1)/PrimoT/SaveBooking2/Success/Page_Primo Tours  Danmarks bedste c/nextButtonOnLandingPage' successfully

2017-12-04 15:57:47 - [TEST_STEP][PASSED] - click: Object: 'Object Repository/PrimoTours/Old Objects/Coco (1)/PrimoT/SaveBooking2/Success/Page_Primo Tours  Danmarks bedste c/nextButtonOnLandingPage' is clicked on

2017-12-04 15:57:47 - [MESSAGE][PASSED] - Object: 'Object Repository/PrimoTours/Old Objects/Coco (1)/PrimoT/SaveBooking2/Success/Page_Primo Tours  Danmarks bedste c/nextButtonOnLandingPage' is clicked on

2017-12-04 15:57:47 - [TEST_STEP][PASSED] - delay: Delayed 3 second(s)

2017-12-04 15:57:50 - [MESSAGE][PASSED] - Delayed 3 second(s)

2017-12-04 15:57:50 - [TEST_STEP][PASSED] - waitForElementNotVisible: Object 'Object Repository/PrimoTours/Old Objects/CCenter/pageLoaderOverlayLayer' is NOT visible

2017-12-04 15:57:50 - [MESSAGE][PASSED] - Object 'Object Repository/PrimoTours/Old Objects/CCenter/pageLoaderOverlayLayer' is NOT visible

2017-12-04 15:57:50 - [TEST_STEP][PASSED] - scrollToElement: Scroll to object 'Object Repository/PrimoTours/Old Objects/Coco/PrimoT/Ins2/Page_Primo Tours  Danmarks bedste c/travelInsuranceFirstPaxSelector' successfully

2017-12-04 15:57:51 - [MESSAGE][PASSED] - Scroll to object 'Object Repository/PrimoTours/Old Objects/Coco/PrimoT/Ins2/Page_Primo Tours  Danmarks bedste c/travelInsuranceFirstPaxSelector' successfully

2017-12-04 15:57:51 - [TEST_STEP][PASSED] - waitForElementPresent: Object 'Object Repository/PrimoTours/Old Objects/Coco/PrimoT/Ins2/Page_Primo Tours  Danmarks bedste c/travelInsuranceFirstPaxSelector' is present

2017-12-04 15:57:51 - [MESSAGE][PASSED] - Object 'Object Repository/PrimoTours/Old Objects/Coco/PrimoT/Ins2/Page_Primo Tours  Danmarks bedste c/travelInsuranceFirstPaxSelector' is present

2017-12-04 15:57:51 - [TEST_STEP][PASSED] - waitForElementVisible: Object 'Object Repository/PrimoTours/Old Objects/Coco/PrimoT/Ins2/Page_Primo Tours  Danmarks bedste c/travelInsuranceFirstPaxSelector' is visible

2017-12-04 15:57:51 - [MESSAGE][PASSED] - Object 'Object Repository/PrimoTours/Old Objects/Coco/PrimoT/Ins2/Page_Primo Tours  Danmarks bedste c/travelInsuranceFirstPaxSelector' is visible

2017-12-04 15:57:51 - [TEST_STEP][PASSED] - waitForElementClickable: Object 'Object Repository/PrimoTours/Old Objects/Coco/PrimoT/Ins2/Page_Primo Tours  Danmarks bedste c/travelInsuranceFirstPaxSelector' is clickable

2017-12-04 15:57:51 - [MESSAGE][PASSED] - Object 'Object Repository/PrimoTours/Old Objects/Coco/PrimoT/Ins2/Page_Primo Tours  Danmarks bedste c/travelInsuranceFirstPaxSelector' is clickable

2017-12-04 15:57:51 - [TEST_STEP][PASSED] - click: Object: 'Object Repository/PrimoTours/Old Objects/Coco/PrimoT/Ins2/Page_Primo Tours  Danmarks bedste c/travelInsuranceFirstPaxSelector' is clicked on

2017-12-04 15:57:51 - [MESSAGE][PASSED] - Object: 'Object Repository/PrimoTours/Old Objects/Coco/PrimoT/Ins2/Page_Primo Tours  Danmarks bedste c/travelInsuranceFirstPaxSelector' is clicked on

2017-12-04 15:57:51 - [TEST_STEP][PASSED] - Statement - Try: Object: 'Object Repository/PrimoTours/Old Objects/Coco/PrimoT/Ins2/Page_Primo Tours  Danmarks bedste c/firstTravelInsuranceOption' is clicked on

2017-12-04 15:57:51 - [TEST_STEP][PASSED] - click: Object: 'Object Repository/PrimoTours/Old Objects/Coco/PrimoT/Ins2/Page_Primo Tours  Danmarks bedste c/firstTravelInsuranceOption' is clicked on

2017-12-04 15:57:51 - [MESSAGE][PASSED] - Object: 'Object Repository/PrimoTours/Old Objects/Coco/PrimoT/Ins2/Page_Primo Tours  Danmarks bedste c/firstTravelInsuranceOption' is clicked on

2017-12-04 15:57:51 - [TEST_STEP][NOT_RUN] - click: NOT_RUN: click

2017-12-04 15:57:51 - [MESSAGE][NOT_RUN] - NOT_RUN: click

2017-12-04 15:57:51 - [TEST_STEP][NOT_RUN] - scrollToElement: NOT_RUN: scrollToElement

2017-12-04 15:57:51 - [MESSAGE][NOT_RUN] - NOT_RUN: scrollToElement

2017-12-04 15:57:51 - [TEST_STEP][NOT_RUN] - click: NOT_RUN: click

2017-12-04 15:57:51 - [MESSAGE][NOT_RUN] - NOT_RUN: click

2017-12-04 15:57:51 - [TEST_STEP][PASSED] - waitForElementVisible: Object 'Object Repository/PrimoTours/Old Objects/Coco (1)/PrimoT/SaveBooking2/Page_Primo Tours  Danmarks bedste c/individualInsuranceCheckbox' is visible

2017-12-04 15:57:51 - [MESSAGE][PASSED] - Object 'Object Repository/PrimoTours/Old Objects/Coco (1)/PrimoT/SaveBooking2/Page_Primo Tours  Danmarks bedste c/individualInsuranceCheckbox' is visible

2017-12-04 15:57:51 - [TEST_STEP][PASSED] - scrollToElement: Scroll to object 'Object Repository/PrimoTours/Old Objects/Coco (1)/PrimoT/SaveBooking2/Page_Primo Tours  Danmarks bedste c/individualInsuranceCheckbox' successfully

2017-12-04 15:57:51 - [MESSAGE][PASSED] - Scroll to object 'Object Repository/PrimoTours/Old Objects/Coco (1)/PrimoT/SaveBooking2/Page_Primo Tours  Danmarks bedste c/individualInsuranceCheckbox' successfully

2017-12-04 15:57:51 - [TEST_STEP][PASSED] - click: Object: 'Object Repository/PrimoTours/Old Objects/Coco (1)/PrimoT/SaveBooking2/Page_Primo Tours  Danmarks bedste c/individualInsuranceCheckbox' is clicked on

2017-12-04 15:57:51 - [MESSAGE][PASSED] - Object: 'Object Repository/PrimoTours/Old Objects/Coco (1)/PrimoT/SaveBooking2/Page_Primo Tours  Danmarks bedste c/individualInsuranceCheckbox' is clicked on

2017-12-04 15:57:51 - [TEST_STEP][PASSED] - scrollToElement: Scroll to object 'Object Repository/PrimoTours/Old Objects/Coco (1)/PrimoT/SaveBooking2/Success/firstProdCategIndividualSelectionRadioB' successfully

2017-12-04 15:57:51 - [MESSAGE][PASSED] - Scroll to object 'Object Repository/PrimoTours/Old Objects/Coco (1)/PrimoT/SaveBooking2/Success/firstProdCategIndividualSelectionRadioB' successfully

2017-12-04 15:57:51 - [TEST_STEP][PASSED] - waitForElementClickable: Object 'Object Repository/PrimoTours/Old Objects/Coco (1)/PrimoT/SaveBooking2/Success/firstProdCategIndividualSelectionRadioB' is clickable

2017-12-04 15:57:51 - [MESSAGE][PASSED] - Object 'Object Repository/PrimoTours/Old Objects/Coco (1)/PrimoT/SaveBooking2/Success/firstProdCategIndividualSelectionRadioB' is clickable

2017-12-04 15:57:51 - [TEST_STEP][PASSED] - scrollToElement: Scroll to object 'Object Repository/PrimoTours/Old Objects/Coco (1)/PrimoT/SaveBooking2/Success/firstProdCategIndividualSelectionRadioB' successfully

2017-12-04 15:57:51 - [MESSAGE][PASSED] - Scroll to object 'Object Repository/PrimoTours/Old Objects/Coco (1)/PrimoT/SaveBooking2/Success/firstProdCategIndividualSelectionRadioB' successfully

2017-12-04 15:57:51 - [TEST_STEP][PASSED] - click: Object: 'Object Repository/PrimoTours/Old Objects/Coco (1)/PrimoT/SaveBooking2/Success/firstProdCategIndividualSelectionRadioB' is clicked on

2017-12-04 15:57:52 - [MESSAGE][PASSED] - Object: 'Object Repository/PrimoTours/Old Objects/Coco (1)/PrimoT/SaveBooking2/Success/firstProdCategIndividualSelectionRadioB' is clicked on

2017-12-04 15:57:52 - [TEST_STEP][PASSED] - scrollToElement: Scroll to object 'Object Repository/PrimoTours/Old Objects/Coco (1)/PrimoT/SaveBooking2/Success/firstProdCategSelectForAllPaxCheckbox' successfully

2017-12-04 15:57:52 - [MESSAGE][PASSED] - Scroll to object 'Object Repository/PrimoTours/Old Objects/Coco (1)/PrimoT/SaveBooking2/Success/firstProdCategSelectForAllPaxCheckbox' successfully

2017-12-04 15:57:52 - [TEST_STEP][PASSED] - waitForElementClickable: Object 'Object Repository/PrimoTours/Old Objects/Coco (1)/PrimoT/SaveBooking2/Success/firstProdCategSelectForAllPaxCheckbox' is clickable

2017-12-04 15:57:52 - [MESSAGE][PASSED] - Object 'Object Repository/PrimoTours/Old Objects/Coco (1)/PrimoT/SaveBooking2/Success/firstProdCategSelectForAllPaxCheckbox' is clickable

2017-12-04 15:57:52 - [TEST_STEP][PASSED] - click: Object: 'Object Repository/PrimoTours/Old Objects/Coco (1)/PrimoT/SaveBooking2/Success/firstProdCategSelectForAllPaxCheckbox' is clicked on

2017-12-04 15:57:52 - [MESSAGE][PASSED] - Object: 'Object Repository/PrimoTours/Old Objects/Coco (1)/PrimoT/SaveBooking2/Success/firstProdCategSelectForAllPaxCheckbox' is clicked on

2017-12-04 15:57:52 - [TEST_STEP][NOT_RUN] - scrollToElement: NOT_RUN: scrollToElement

2017-12-04 15:57:52 - [MESSAGE][NOT_RUN] - NOT_RUN: scrollToElement

2017-12-04 15:57:52 - [TEST_STEP][NOT_RUN] - scrollToElement: NOT_RUN: scrollToElement

2017-12-04 15:57:52 - [MESSAGE][NOT_RUN] - NOT_RUN: scrollToElement

2017-12-04 15:57:52 - [TEST_STEP][NOT_RUN] - click: NOT_RUN: click

2017-12-04 15:57:52 - [MESSAGE][NOT_RUN] - NOT_RUN: click

2017-12-04 15:57:52 - [TEST_STEP][PASSED] - scrollToElement: Scroll to object 'Object Repository/PrimoTours/ConfirmationPage/labelForAgreeTermsAndConditions' successfully

2017-12-04 15:57:52 - [MESSAGE][PASSED] - Scroll to object 'Object Repository/PrimoTours/ConfirmationPage/labelForAgreeTermsAndConditions' successfully

2017-12-04 15:57:52 - [TEST_STEP][PASSED] - waitForElementClickable: Object 'Object Repository/PrimoTours/ConfirmationPage/labelForAgreeTermsAndConditions' is clickable

2017-12-04 15:57:52 - [MESSAGE][PASSED] - Object 'Object Repository/PrimoTours/ConfirmationPage/labelForAgreeTermsAndConditions' is clickable

2017-12-04 15:57:52 - [TEST_STEP][PASSED] - click: Object: 'Object Repository/PrimoTours/ConfirmationPage/labelForAgreeTermsAndConditions' is clicked on

2017-12-04 15:57:52 - [MESSAGE][PASSED] - Object: 'Object Repository/PrimoTours/ConfirmationPage/labelForAgreeTermsAndConditions' is clicked on

2017-12-04 15:57:52 - [TEST_STEP][PASSED] - scrollToElement: Scroll to object 'Object Repository/PrimoTours/ConfirmationPage/placeBookingButton' successfully

2017-12-04 15:57:52 - [MESSAGE][PASSED] - Scroll to object 'Object Repository/PrimoTours/ConfirmationPage/placeBookingButton' successfully

2017-12-04 15:57:52 - [TEST_STEP][PASSED] - delay: Delayed 1 second(s)

2017-12-04 15:57:53 - [MESSAGE][PASSED] - Delayed 1 second(s)

2017-12-04 15:57:53 - [TEST_STEP][PASSED] - waitForElementClickable: Object 'Object Repository/PrimoTours/ConfirmationPage/placeBookingButton' is clickable

2017-12-04 15:57:54 - [MESSAGE][PASSED] - Object 'Object Repository/PrimoTours/ConfirmationPage/placeBookingButton' is clickable

2017-12-04 15:57:54 - [TEST_STEP][PASSED] - Statement - Try: Object: 'Object Repository/PrimoTours/ConfirmationPage/placeBookingButton' is clicked on

2017-12-04 15:57:54 - [TEST_STEP][PASSED] - click: Object: 'Object Repository/PrimoTours/ConfirmationPage/placeBookingButton' is clicked on

2017-12-04 15:57:54 - [MESSAGE][PASSED] - Object: 'Object Repository/PrimoTours/ConfirmationPage/placeBookingButton' is clicked on

2017-12-04 15:57:54 - [TEST_STEP][PASSED] - delay: Delayed 3 second(s)

2017-12-04 15:57:57 - [MESSAGE][PASSED] - Delayed 3 second(s)

2017-12-04 15:57:57 - [TEST_STEP][PASSED] - waitForPageLoad: Wait for page load successfully

2017-12-04 15:57:57 - [MESSAGE][PASSED] - Wait for page load successfully

2017-12-04 15:57:57 - [TEST_STEP][PASSED] - delay: Delayed 3 second(s)

2017-12-04 15:58:00 - [MESSAGE][PASSED] - Delayed 3 second(s)

2017-12-04 15:58:00 - [TEST_STEP][PASSED] - waitForElementPresent: Object 'Object Repository/PrimoTours/Old Objects/ThankYouPage/bookingNoContainer' is present

2017-12-04 15:58:00 - [MESSAGE][PASSED] - Object 'Object Repository/PrimoTours/Old Objects/ThankYouPage/bookingNoContainer' is present

2017-12-04 15:58:00 - [TEST_STEP][PASSED] - waitForJQueryLoad: jQuery is ready.

2017-12-04 15:58:01 - [MESSAGE][PASSED] - jQuery is ready.

2017-12-04 15:58:01 - [TEST_STEP][PASSED] - waitForElementPresent: Object 'Object Repository/PrimoTours/Old Objects/CCenter/pageLoaderOverlayLayer' is present

2017-12-04 15:58:01 - [MESSAGE][PASSED] - Object 'Object Repository/PrimoTours/Old Objects/CCenter/pageLoaderOverlayLayer' is present

2017-12-04 15:58:01 - [TEST_STEP][PASSED] - waitForElementPresent: Object 'Object Repository/PrimoTours/Old Objects/CCenter/pageLoaderOverlayLayer' is present

2017-12-04 15:58:01 - [MESSAGE][PASSED] - Object 'Object Repository/PrimoTours/Old Objects/CCenter/pageLoaderOverlayLayer' is present

2017-12-04 15:58:01 - [TEST_STEP][PASSED] - waitForElementNotVisible: Object 'Object Repository/PrimoTours/Old Objects/CCenter/pageLoaderOverlayLayer' is NOT visible

2017-12-04 15:58:01 - [MESSAGE][PASSED] - Object 'Object Repository/PrimoTours/Old Objects/CCenter/pageLoaderOverlayLayer' is NOT visible

2017-12-04 15:58:01 - [TEST_STEP][PASSED] - waitForElementPresent: Object 'Object Repository/PrimoTours/Old Objects/ThankYouPage/bookingNoContainer' is present

2017-12-04 15:58:01 - [MESSAGE][PASSED] - Object 'Object Repository/PrimoTours/Old Objects/ThankYouPage/bookingNoContainer' is present

2017-12-04 15:58:01 - [TEST_STEP][PASSED] - waitForElementClickable: Object 'Object Repository/PrimoTours/Old Objects/ThankYouPage/bookingNoContainer' is clickable

2017-12-04 15:58:01 - [MESSAGE][PASSED] - Object 'Object Repository/PrimoTours/Old Objects/ThankYouPage/bookingNoContainer' is clickable

2017-12-04 15:58:01 - [TEST_STEP][PASSED] - verifyElementVisible: Object 'Object Repository/PrimoTours/Old Objects/ThankYouPage/bookingNoContainer' is visible

2017-12-04 15:58:02 - [MESSAGE][PASSED] - Object 'Object Repository/PrimoTours/Old Objects/ThankYouPage/bookingNoContainer' is visible

2017-12-04 15:58:02 - [TEST_STEP][PASSED] - verifyElementVisible: Object 'Object Repository/PrimoTours/Old Objects/ThankYouPage/bookingTotalInfo' is visible

2017-12-04 15:58:02 - [MESSAGE][PASSED] - Object 'Object Repository/PrimoTours/Old Objects/ThankYouPage/bookingTotalInfo' is visible

2017-12-04 15:58:02 - [TEST_STEP][PASSED] - verifyElementVisible: Object 'Object Repository/PrimoTours/Old Objects/ThankYouPage/bookingTotalPriceBar' is visible

2017-12-04 15:58:02 - [MESSAGE][PASSED] - Object 'Object Repository/PrimoTours/Old Objects/ThankYouPage/bookingTotalPriceBar' is visible

2017-12-04 15:58:02 - [TEST_STEP][PASSED] - verifyElementVisible: Object 'Object Repository/PrimoTours/Old Objects/ThankYouPage/printTicketSpan' is visible

2017-12-04 15:58:02 - [MESSAGE][PASSED] - Object 'Object Repository/PrimoTours/Old Objects/ThankYouPage/printTicketSpan' is visible

2017-12-04 15:58:02 - [TEST_STEP][PASSED] - waitForElementClickable: Object 'Object Repository/PrimoTours/Old Objects/ThankYouPage/printTicketSpan' is clickable

2017-12-04 15:58:02 - [MESSAGE][PASSED] - Object 'Object Repository/PrimoTours/Old Objects/ThankYouPage/printTicketSpan' is clickable

2017-12-04 15:58:02 - [TEST_STEP][PASSED] - waitForElementNotVisible: Object 'Object Repository/PrimoTours/Old Objects/CCenter/pageLoaderOverlayLayer' is NOT visible

2017-12-04 15:58:02 - [MESSAGE][PASSED] - Object 'Object Repository/PrimoTours/Old Objects/CCenter/pageLoaderOverlayLayer' is NOT visible

2017-12-04 15:58:02 - [TEST_STEP][PASSED] - Statement - Try: Object: 'Object Repository/PrimoTours/Old Objects/ThankYouPage/printTicketSpan' is clicked on

2017-12-04 15:58:02 - [TEST_STEP][PASSED] - click: Object: 'Object Repository/PrimoTours/Old Objects/ThankYouPage/printTicketSpan' is clicked on

2017-12-04 15:58:06 - [MESSAGE][PASSED] - Object: 'Object Repository/PrimoTours/Old Objects/ThankYouPage/printTicketSpan' is clicked on

2017-12-04 15:58:06 - [TEST_STEP][PASSED] - delay: Delayed 2 second(s)

2017-12-04 15:58:08 - [MESSAGE][PASSED] - Delayed 2 second(s)

2017-12-04 15:58:08 - [TEST_STEP][PASSED] - waitForElementVisible: Object 'Object Repository/PrimoTours/Old Objects/ThankYouPage/cCenterButton' is visible

2017-12-04 15:58:08 - [MESSAGE][PASSED] - Object 'Object Repository/PrimoTours/Old Objects/ThankYouPage/cCenterButton' is visible

2017-12-04 15:58:08 - [TEST_STEP][PASSED] - waitForElementClickable: Object 'Object Repository/PrimoTours/Old Objects/ThankYouPage/cCenterButton' is clickable

2017-12-04 15:58:08 - [MESSAGE][PASSED] - Object 'Object Repository/PrimoTours/Old Objects/ThankYouPage/cCenterButton' is clickable

2017-12-04 15:58:08 - [TEST_STEP][PASSED] - click: Object: 'Object Repository/PrimoTours/Old Objects/ThankYouPage/cCenterButton' is clicked on

2017-12-04 15:58:08 - [MESSAGE][PASSED] - Object: 'Object Repository/PrimoTours/Old Objects/ThankYouPage/cCenterButton' is clicked on

2017-12-04 15:58:08 - [TEST_STEP][PASSED] - waitForPageLoad: Wait for page load successfully

2017-12-04 15:58:08 - [MESSAGE][PASSED] - Wait for page load successfully

2017-12-04 15:58:08 - [TEST_STEP][PASSED] - waitForJQueryLoad: jQuery is ready.

2017-12-04 15:58:08 - [MESSAGE][PASSED] - jQuery is ready.

2017-12-04 15:58:08 - [TEST_STEP][PASSED] - waitForElementPresent: Object 'Object Repository/PrimoTours/Old Objects/CCenter/pageLoaderOverlayLayer' is present

2017-12-04 15:58:08 - [MESSAGE][PASSED] - Object 'Object Repository/PrimoTours/Old Objects/CCenter/pageLoaderOverlayLayer' is present

2017-12-04 15:58:08 - [TEST_STEP][PASSED] - waitForElementNotVisible: Object 'Object Repository/PrimoTours/Old Objects/CCenter/pageLoaderOverlayLayer' is NOT visible

2017-12-04 15:58:08 - [MESSAGE][PASSED] - Object 'Object Repository/PrimoTours/Old Objects/CCenter/pageLoaderOverlayLayer' is NOT visible

2017-12-04 15:58:08 - [TEST_STEP][PASSED] - verifyElementVisible: Object 'Object Repository/PrimoTours/Old Objects/ThankYouPage/bookingNoContainer' is visible

2017-12-04 15:58:08 - [MESSAGE][PASSED] - Object 'Object Repository/PrimoTours/Old Objects/ThankYouPage/bookingNoContainer' is visible

2017-12-04 15:58:08 - [TEST_STEP][PASSED] - verifyElementVisible: Object 'Object Repository/PrimoTours/Old Objects/ThankYouPage/bookingTotalPriceBar' is visible

2017-12-04 15:58:08 - [MESSAGE][PASSED] - Object 'Object Repository/PrimoTours/Old Objects/ThankYouPage/bookingTotalPriceBar' is visible

2017-12-04 15:58:08 - [TEST_STEP][PASSED] - delay: Delayed 1 second(s)

2017-12-04 15:58:09 - [MESSAGE][PASSED] - Delayed 1 second(s)]]></system-out>
         <system-err><![CDATA[]]></system-err>
      </testcase>
      <testcase name="Test Cases/PrimoTours/WB Primo/WB Primo staging - place booking - Iteration 2" classname="Test Cases/PrimoTours/WB Primo/WB Primo staging - place booking" status="PASSED">
         <system-out><![CDATA[2017-12-04 15:58:09 - [TEST_CASE][PASSED] - Test Cases/PrimoTours/WB Primo/WB Primo staging - place booking - Iteration 2: Test Cases/PrimoTours/WB Primo/WB Primo staging - place booking

2017-12-04 15:58:10 - [TEST_STEP][PASSED] - openBrowser: Browser is opened with url: ''

2017-12-04 15:58:10 - [MESSAGE][WARNING] - A browser is already opened. Closing browser and opening a new one

2017-12-04 15:58:13 - [MESSAGE][PASSED] - Browser is opened with url: ''

2017-12-04 15:58:13 - [TEST_STEP][PASSED] - maximizeWindow: Current window maximized

2017-12-04 15:58:14 - [MESSAGE][PASSED] - Current window maximized

2017-12-04 15:58:14 - [TEST_STEP][PASSED] - navigateToUrl: Navigate to 'https://staging-primotours-webbooking.tourpaq.com/DoBooking.aspx?pltaID=1480269&p=1&rno=1&pt=1&a=2&c=2&aa=&ca=1,5' successfully

2017-12-04 15:58:16 - [MESSAGE][PASSED] - Navigate to 'https://staging-primotours-webbooking.tourpaq.com/DoBooking.aspx?pltaID=1480269&p=1&rno=1&pt=1&a=2&c=2&aa=&ca=1,5' successfully

2017-12-04 15:58:16 - [TEST_STEP][PASSED] - Statement - excelInfo = ["fname":"", "lname":"", "pgender":"", "pday":"", "pmonth":"", "pyear":""]: null

2017-12-04 15:58:16 - [TEST_STEP][PASSED] - Statement - rawData = com.kms.katalon.core.testdata.TestDataFactory.findTestData("Data Files/WB_Primo/Passenger_details"): Reading excel file with source file 'D:\Software testing\Tourpaq\Automated Katalon tests\Primo WB test\Data Files\Primo_URLs_For_Automated_Test.xls' and sheet name 'Passenger Names'

2017-12-04 15:58:16 - [TEST_STEP][PASSED] - Statement - excelRowNo = rawData.getRowNumbers(): null

2017-12-04 15:58:16 - [TEST_STEP][PASSED] - Statement - randomPaxIndex = java.lang.Math.abs(new java.util.Random().nextInt() % excelRowNo) + 1: null

2017-12-04 15:58:16 - [TEST_STEP][PASSED] - Statement - fname = rawData.getValue("FirstName", randomPaxIndex): null

2017-12-04 15:58:16 - [TEST_STEP][PASSED] - Statement - lname = rawData.getValue("LastName", randomPaxIndex): null

2017-12-04 15:58:16 - [TEST_STEP][PASSED] - Statement - pgender = rawData.getValue("Gender", randomPaxIndex): null

2017-12-04 15:58:16 - [TEST_STEP][PASSED] - setText: Text 'Niculae AUT' is set on object 'Object Repository/PrimoTours/Old Objects/Coco/PrimoT/Page_Primo Tours  Danmarks bedste c/input_firstName'

2017-12-04 15:58:16 - [MESSAGE][PASSED] - Text 'Niculae AUT' is set on object 'Object Repository/PrimoTours/Old Objects/Coco/PrimoT/Page_Primo Tours  Danmarks bedste c/input_firstName'

2017-12-04 15:58:16 - [TEST_STEP][PASSED] - setText: Text 'Maria' is set on object 'Object Repository/PrimoTours/Old Objects/Coco/PrimoT/Page_Primo Tours  Danmarks bedste c/input_lastName'

2017-12-04 15:58:17 - [MESSAGE][PASSED] - Text 'Maria' is set on object 'Object Repository/PrimoTours/Old Objects/Coco/PrimoT/Page_Primo Tours  Danmarks bedste c/input_lastName'

2017-12-04 15:58:17 - [TEST_STEP][PASSED] - click: Object: 'Object Repository/PrimoTours/LandingPage/customerGender' is clicked on

2017-12-04 15:58:17 - [MESSAGE][PASSED] - Object: 'Object Repository/PrimoTours/LandingPage/customerGender' is clicked on

2017-12-04 15:58:17 - [TEST_STEP][PASSED] - setText: Text 'Home address' is set on object 'Object Repository/PrimoTours/Old Objects/Coco/PrimoT/Page_Primo Tours  Danmarks bedste c/input_customerAddress'

2017-12-04 15:58:17 - [MESSAGE][PASSED] - Text 'Home address' is set on object 'Object Repository/PrimoTours/Old Objects/Coco/PrimoT/Page_Primo Tours  Danmarks bedste c/input_customerAddress'

2017-12-04 15:58:17 - [TEST_STEP][PASSED] - setText: Text '6700' is set on object 'Object Repository/PrimoTours/Old Objects/Coco/PrimoT/Page_Primo Tours  Danmarks bedste c/input_customerPostcode'

2017-12-04 15:58:17 - [MESSAGE][PASSED] - Text '6700' is set on object 'Object Repository/PrimoTours/Old Objects/Coco/PrimoT/Page_Primo Tours  Danmarks bedste c/input_customerPostcode'

2017-12-04 15:58:17 - [TEST_STEP][PASSED] - setText: Text 'cornel.neacsu@roweb.ro' is set on object 'Object Repository/PrimoTours/Old Objects/Coco/PrimoT/Page_Primo Tours  Danmarks bedste c/input_customerEmail'

2017-12-04 15:58:18 - [MESSAGE][PASSED] - Text 'cornel.neacsu@roweb.ro' is set on object 'Object Repository/PrimoTours/Old Objects/Coco/PrimoT/Page_Primo Tours  Danmarks bedste c/input_customerEmail'

2017-12-04 15:58:18 - [TEST_STEP][PASSED] - setText: Text '12345678' is set on object 'Object Repository/PrimoTours/Old Objects/Coco/PrimoT/Page_Primo Tours  Danmarks bedste c/input_customerPhone'

2017-12-04 15:58:18 - [MESSAGE][PASSED] - Text '12345678' is set on object 'Object Repository/PrimoTours/Old Objects/Coco/PrimoT/Page_Primo Tours  Danmarks bedste c/input_customerPhone'

2017-12-04 15:58:18 - [TEST_STEP][PASSED] - waitForElementClickable: Object 'Object Repository/PrimoTours/Old Objects/Coco/PrimoT/Page_Primo Tours  Danmarks bedste c/input_firstname-0_1' is clickable

2017-12-04 15:58:19 - [MESSAGE][PASSED] - Object 'Object Repository/PrimoTours/Old Objects/Coco/PrimoT/Page_Primo Tours  Danmarks bedste c/input_firstname-0_1' is clickable

2017-12-04 15:58:19 - [TEST_STEP][PASSED] - Statement - driver = com.kms.katalon.core.webui.driver.DriverFactory.getWebDriver(): null

2017-12-04 15:58:19 - [TEST_STEP][PASSED] - Statement - roomContainerXpath = "id("roomAndStaticOptionsContainer")/div[@class="row"]/div[@class="col-md-12 roomContainer"]": null

2017-12-04 15:58:19 - [TEST_STEP][PASSED] - Statement - roomsCount = driver.findElements(org.openqa.selenium.By.xpath(roomContainerXpath)).size(): null

2017-12-04 15:58:19 - [TEST_STEP][PASSED] - Statement - println("roomsCount=" + roomsCount): null

2017-12-04 15:58:19 - [TEST_STEP][PASSED] - Statement - For ([i = 1, i <= roomsCount, (i++)]): Object: 'Object Repository/PrimoTours/LandingPage/secondPaxFirstNameField' is clicked on

2017-12-04 15:58:19 - [TEST_STEP][PASSED] - Statement - paxInRoomXpath = "id("passengersContainer_" + i - 1 + "")/div[@class="col-md-12"]/div[@class="row"]": null

2017-12-04 15:58:19 - [TEST_STEP][PASSED] - Statement - println("paxInRoomXpath=" + paxInRoomXpath): null

2017-12-04 15:58:19 - [TEST_STEP][PASSED] - Statement - paxInRoomCount = driver.findElements(org.openqa.selenium.By.xpath(paxInRoomXpath)).size(): null

2017-12-04 15:58:19 - [TEST_STEP][PASSED] - Statement - println("paxInRoomCount=" + paxInRoomCount): null

2017-12-04 15:58:19 - [TEST_STEP][PASSED] - Statement - For ([j = 1, j <= paxInRoomCount, (j++)]): Object: 'Object Repository/PrimoTours/LandingPage/secondPaxFirstNameField' is clicked on

2017-12-04 15:58:19 - [TEST_STEP][PASSED] - Statement - If (i == 1 & j == 1): null

2017-12-04 15:58:19 - [TEST_STEP][PASSED] - Statement - <not implemented yet for class: org.codehaus.groovy.ast.stmt.ContinueStatement>: null

2017-12-04 15:58:19 - [TEST_STEP][PASSED] - Statement - If (i == 1 & j == 1): null

2017-12-04 15:58:19 - [TEST_STEP][PASSED] - Statement - randomPaxIndex = java.lang.Math.abs(new java.util.Random().nextInt() % excelRowNo) + 1: null

2017-12-04 15:58:19 - [TEST_STEP][PASSED] - Statement - fname = rawData.getValue("FirstName", randomPaxIndex) + " AUT": null

2017-12-04 15:58:19 - [TEST_STEP][PASSED] - Statement - lname = rawData.getValue("LastName", randomPaxIndex): null

2017-12-04 15:58:19 - [TEST_STEP][PASSED] - Statement - pgender = rawData.getValue("Gender", randomPaxIndex): null

2017-12-04 15:58:19 - [TEST_STEP][PASSED] - Statement - pday = rawData.getValue("Day DOB", randomPaxIndex): null

2017-12-04 15:58:19 - [TEST_STEP][PASSED] - Statement - pmonth = rawData.getValue("Month DOB", randomPaxIndex): null

2017-12-04 15:58:19 - [TEST_STEP][PASSED] - Statement - pyear = rawData.getValue("Year DOB", randomPaxIndex): null

2017-12-04 15:58:19 - [TEST_STEP][PASSED] - Statement - paxDetailFields = paxInRoomXpath + "[" + j + "]/div[@class="col-md-x col-md-9"]/div[@class="row paxContainer"][1]/div[contains(@class,"paxAttribute")]": null

2017-12-04 15:58:19 - [TEST_STEP][PASSED] - Statement - xpathval = paxDetailFields + "[1]/div[contains(@class,"form-group")]/input[contains(@class,"paxFirstName")]": null

2017-12-04 15:58:19 - [TEST_STEP][PASSED] - Statement - println("fn: " + xpathval): null

2017-12-04 15:58:19 - [TEST_STEP][PASSED] - Statement - repObj = com.kms.katalon.core.testobject.ObjectRepository.findTestObject(Object Repository/PrimoTours/LandingPage/secondPaxFirstNameField): Finding Test Object with id 'Object Repository/PrimoTours/LandingPage/secondPaxFirstNameField'

2017-12-04 15:58:19 - [TEST_STEP][PASSED] - Statement - repObj.findProperty("xpath").setValue(xpathval): null

2017-12-04 15:58:19 - [TEST_STEP][PASSED] - setText: Text 'Asser Nielsen AUT' is set on object 'Object Repository/PrimoTours/LandingPage/secondPaxFirstNameField'

2017-12-04 15:58:20 - [MESSAGE][PASSED] - Text 'Asser Nielsen AUT' is set on object 'Object Repository/PrimoTours/LandingPage/secondPaxFirstNameField'

2017-12-04 15:58:20 - [TEST_STEP][PASSED] - Statement - xpathval = paxDetailFields + "[2]/div[contains(@class,"form-group")]/input[contains(@class,"paxLastName")]": null

2017-12-04 15:58:20 - [TEST_STEP][PASSED] - Statement - println("ln: " + xpathval): null

2017-12-04 15:58:20 - [TEST_STEP][PASSED] - Statement - repObj = com.kms.katalon.core.testobject.ObjectRepository.findTestObject(Object Repository/PrimoTours/LandingPage/secondPaxFirstNameField): Finding Test Object with id 'Object Repository/PrimoTours/LandingPage/secondPaxFirstNameField'

2017-12-04 15:58:20 - [TEST_STEP][PASSED] - Statement - repObj.findProperty("xpath").setValue(xpathval): null

2017-12-04 15:58:20 - [TEST_STEP][PASSED] - setText: Text 'Per' is set on object 'Object Repository/PrimoTours/LandingPage/secondPaxFirstNameField'

2017-12-04 15:58:20 - [MESSAGE][PASSED] - Text 'Per' is set on object 'Object Repository/PrimoTours/LandingPage/secondPaxFirstNameField'

2017-12-04 15:58:20 - [TEST_STEP][PASSED] - Statement - repObj = com.kms.katalon.core.testobject.ObjectRepository.findTestObject(Object Repository/PrimoTours/LandingPage/secondPaxFirstNameField): Finding Test Object with id 'Object Repository/PrimoTours/LandingPage/secondPaxFirstNameField'

2017-12-04 15:58:20 - [TEST_STEP][PASSED] - Statement - xpathval = paxDetailFields + "[3]/div[contains(@class,"paxGenderSelectorContainer")]/span[contains(@class,"select2 select2-container")]/span[contains(@class,"selection")]/span[contains(@class,"select2-selection")]": null

2017-12-04 15:58:20 - [TEST_STEP][PASSED] - Statement - println("gender: " + xpathval): null

2017-12-04 15:58:20 - [TEST_STEP][PASSED] - Statement - repObj.findProperty("xpath").setValue(xpathval): null

2017-12-04 15:58:20 - [TEST_STEP][PASSED] - click: Object: 'Object Repository/PrimoTours/LandingPage/secondPaxFirstNameField' is clicked on

2017-12-04 15:58:20 - [MESSAGE][PASSED] - Object: 'Object Repository/PrimoTours/LandingPage/secondPaxFirstNameField' is clicked on

2017-12-04 15:58:20 - [TEST_STEP][PASSED] - Statement - If (i == 1 & j == 1): null

2017-12-04 15:58:20 - [TEST_STEP][PASSED] - Statement - randomPaxIndex = java.lang.Math.abs(new java.util.Random().nextInt() % excelRowNo) + 1: null

2017-12-04 15:58:20 - [TEST_STEP][PASSED] - Statement - fname = rawData.getValue("FirstName", randomPaxIndex) + " AUT": null

2017-12-04 15:58:20 - [TEST_STEP][PASSED] - Statement - lname = rawData.getValue("LastName", randomPaxIndex): null

2017-12-04 15:58:20 - [TEST_STEP][PASSED] - Statement - pgender = rawData.getValue("Gender", randomPaxIndex): null

2017-12-04 15:58:20 - [TEST_STEP][PASSED] - Statement - pday = rawData.getValue("Day DOB", randomPaxIndex): null

2017-12-04 15:58:20 - [TEST_STEP][PASSED] - Statement - pmonth = rawData.getValue("Month DOB", randomPaxIndex): null

2017-12-04 15:58:20 - [TEST_STEP][PASSED] - Statement - pyear = rawData.getValue("Year DOB", randomPaxIndex): null

2017-12-04 15:58:20 - [TEST_STEP][PASSED] - Statement - paxDetailFields = paxInRoomXpath + "[" + j + "]/div[@class="col-md-x col-md-9"]/div[@class="row paxContainer"][1]/div[contains(@class,"paxAttribute")]": null

2017-12-04 15:58:20 - [TEST_STEP][PASSED] - Statement - xpathval = paxDetailFields + "[1]/div[contains(@class,"form-group")]/input[contains(@class,"paxFirstName")]": null

2017-12-04 15:58:20 - [TEST_STEP][PASSED] - Statement - println("fn: " + xpathval): null

2017-12-04 15:58:20 - [TEST_STEP][PASSED] - Statement - repObj = com.kms.katalon.core.testobject.ObjectRepository.findTestObject(Object Repository/PrimoTours/LandingPage/secondPaxFirstNameField): Finding Test Object with id 'Object Repository/PrimoTours/LandingPage/secondPaxFirstNameField'

2017-12-04 15:58:20 - [TEST_STEP][PASSED] - Statement - repObj.findProperty("xpath").setValue(xpathval): null

2017-12-04 15:58:20 - [TEST_STEP][PASSED] - setText: Text 'Karstens AUT' is set on object 'Object Repository/PrimoTours/LandingPage/secondPaxFirstNameField'

2017-12-04 15:58:20 - [MESSAGE][PASSED] - Text 'Karstens AUT' is set on object 'Object Repository/PrimoTours/LandingPage/secondPaxFirstNameField'

2017-12-04 15:58:20 - [TEST_STEP][PASSED] - Statement - xpathval = paxDetailFields + "[2]/div[contains(@class,"form-group")]/input[contains(@class,"paxLastName")]": null

2017-12-04 15:58:20 - [TEST_STEP][PASSED] - Statement - println("ln: " + xpathval): null

2017-12-04 15:58:20 - [TEST_STEP][PASSED] - Statement - repObj = com.kms.katalon.core.testobject.ObjectRepository.findTestObject(Object Repository/PrimoTours/LandingPage/secondPaxFirstNameField): Finding Test Object with id 'Object Repository/PrimoTours/LandingPage/secondPaxFirstNameField'

2017-12-04 15:58:20 - [TEST_STEP][PASSED] - Statement - repObj.findProperty("xpath").setValue(xpathval): null

2017-12-04 15:58:20 - [TEST_STEP][PASSED] - setText: Text 'Ove' is set on object 'Object Repository/PrimoTours/LandingPage/secondPaxFirstNameField'

2017-12-04 15:58:20 - [MESSAGE][PASSED] - Text 'Ove' is set on object 'Object Repository/PrimoTours/LandingPage/secondPaxFirstNameField'

2017-12-04 15:58:20 - [TEST_STEP][PASSED] - Statement - repObj = com.kms.katalon.core.testobject.ObjectRepository.findTestObject(Object Repository/PrimoTours/LandingPage/secondPaxFirstNameField): Finding Test Object with id 'Object Repository/PrimoTours/LandingPage/secondPaxFirstNameField'

2017-12-04 15:58:20 - [TEST_STEP][PASSED] - Statement - xpathval = paxDetailFields + "[3]/div[contains(@class,"paxGenderSelectorContainer")]/span[contains(@class,"select2 select2-container")]/span[contains(@class,"selection")]/span[contains(@class,"select2-selection")]": null

2017-12-04 15:58:20 - [TEST_STEP][PASSED] - Statement - println("gender: " + xpathval): null

2017-12-04 15:58:20 - [TEST_STEP][PASSED] - Statement - repObj.findProperty("xpath").setValue(xpathval): null

2017-12-04 15:58:20 - [TEST_STEP][PASSED] - click: Unable to click on object 'Object Repository/PrimoTours/LandingPage/secondPaxFirstNameField' (Root cause: org.openqa.selenium.WebDriverException: unknown error: Element <span class="select2-selection select2-selection--single" role="combobox" aria-haspopup="true" aria-expanded="false" tabindex="0" aria-labelledby="select2-gender-0_2-6d-container">...</span> is not clickable at point (1168, 747). Other element would receive the click: <li class="select2-results__option" id="select2-gender-0_1-hl-result-haay-MS" role="treeitem" aria-selected="false">...</li>
  (Session info: chrome=62.0.3202.94)
  (Driver info: chromedriver=2.33.506120 (e3e53437346286c0bc2d2dc9aa4915ba81d9023f),platform=Windows NT 6.3.9600 x86_64) (WARNING: The server did not provide any stacktrace information)
Command duration or timeout: 0 milliseconds
Build info: version: '3.7.1', revision: '8a0099a', time: '2017-11-06T21:07:36.161Z'
System info: host: 'NEACSUNEW-PC', ip: '10.10.10.211', os.name: 'Windows 8.1', os.arch: 'amd64', os.version: '6.3', java.version: '1.8.0_102'
Driver info: com.kms.katalon.selenium.driver.CChromeDriver
Capabilities {acceptSslCerts: true, applicationCacheEnabled: false, browserConnectionEnabled: false, browserName: chrome, chrome: {chromedriverVersion: 2.33.506120 (e3e53437346286..., userDataDir: C:\Users\Cornel\AppData\Loc...}, cssSelectorsEnabled: true, databaseEnabled: false, handlesAlerts: true, hasTouchScreen: false, javascriptEnabled: true, locationContextEnabled: true, mobileEmulationEnabled: false, nativeEvents: true, networkConnectionEnabled: false, pageLoadStrategy: normal, platform: XP, platformName: XP, rotatable: false, setWindowRect: true, takesHeapSnapshot: true, takesScreenshot: true, unexpectedAlertBehaviour: , unhandledPromptBehavior: , version: 62.0.3202.94, webStorageEnabled: true}
Session ID: 5ada0decb5a9a0eca2cb7e5108c82134)

2017-12-04 15:58:21 - [MESSAGE][WARNING] - Unable to click on object 'Object Repository/PrimoTours/LandingPage/secondPaxFirstNameField' (Root cause: org.openqa.selenium.WebDriverException: unknown error: Element <span class="select2-selection select2-selection--single" role="combobox" aria-haspopup="true" aria-expanded="false" tabindex="0" aria-labelledby="select2-gender-0_2-6d-container">...</span> is not clickable at point (1168, 747). Other element would receive the click: <li class="select2-results__option" id="select2-gender-0_1-hl-result-haay-MS" role="treeitem" aria-selected="false">...</li>
  (Session info: chrome=62.0.3202.94)
  (Driver info: chromedriver=2.33.506120 (e3e53437346286c0bc2d2dc9aa4915ba81d9023f),platform=Windows NT 6.3.9600 x86_64) (WARNING: The server did not provide any stacktrace information)
Command duration or timeout: 0 milliseconds
Build info: version: '3.7.1', revision: '8a0099a', time: '2017-11-06T21:07:36.161Z'
System info: host: 'NEACSUNEW-PC', ip: '10.10.10.211', os.name: 'Windows 8.1', os.arch: 'amd64', os.version: '6.3', java.version: '1.8.0_102'
Driver info: com.kms.katalon.selenium.driver.CChromeDriver
Capabilities {acceptSslCerts: true, applicationCacheEnabled: false, browserConnectionEnabled: false, browserName: chrome, chrome: {chromedriverVersion: 2.33.506120 (e3e53437346286..., userDataDir: C:\Users\Cornel\AppData\Loc...}, cssSelectorsEnabled: true, databaseEnabled: false, handlesAlerts: true, hasTouchScreen: false, javascriptEnabled: true, locationContextEnabled: true, mobileEmulationEnabled: false, nativeEvents: true, networkConnectionEnabled: false, pageLoadStrategy: normal, platform: XP, platformName: XP, rotatable: false, setWindowRect: true, takesHeapSnapshot: true, takesScreenshot: true, unexpectedAlertBehaviour: , unhandledPromptBehavior: , version: 62.0.3202.94, webStorageEnabled: true}
Session ID: 5ada0decb5a9a0eca2cb7e5108c82134)
[[ATTACHMENT|D:\\Software testing\\Tourpaq\\Automated Katalon tests\\Primo WB test\\Reports\\WB Primo From Excel URLs\\20171204_155729\\1512395900960.png]]

2017-12-04 15:58:21 - [TEST_STEP][PASSED] - Statement - If (i == 1 & j == 1): null

2017-12-04 15:58:21 - [TEST_STEP][PASSED] - Statement - randomPaxIndex = java.lang.Math.abs(new java.util.Random().nextInt() % excelRowNo) + 1: null

2017-12-04 15:58:21 - [TEST_STEP][PASSED] - Statement - fname = rawData.getValue("FirstName", randomPaxIndex) + " AUT": null

2017-12-04 15:58:21 - [TEST_STEP][PASSED] - Statement - lname = rawData.getValue("LastName", randomPaxIndex): null

2017-12-04 15:58:21 - [TEST_STEP][PASSED] - Statement - pgender = rawData.getValue("Gender", randomPaxIndex): null

2017-12-04 15:58:21 - [TEST_STEP][PASSED] - Statement - pday = rawData.getValue("Day DOB", randomPaxIndex): null

2017-12-04 15:58:21 - [TEST_STEP][PASSED] - Statement - pmonth = rawData.getValue("Month DOB", randomPaxIndex): null

2017-12-04 15:58:21 - [TEST_STEP][PASSED] - Statement - pyear = rawData.getValue("Year DOB", randomPaxIndex): null

2017-12-04 15:58:21 - [TEST_STEP][PASSED] - Statement - paxDetailFields = paxInRoomXpath + "[" + j + "]/div[@class="col-md-x col-md-9"]/div[@class="row paxContainer"][1]/div[contains(@class,"paxAttribute")]": null

2017-12-04 15:58:21 - [TEST_STEP][PASSED] - Statement - xpathval = paxDetailFields + "[1]/div[contains(@class,"form-group")]/input[contains(@class,"paxFirstName")]": null

2017-12-04 15:58:21 - [TEST_STEP][PASSED] - Statement - println("fn: " + xpathval): null

2017-12-04 15:58:21 - [TEST_STEP][PASSED] - Statement - repObj = com.kms.katalon.core.testobject.ObjectRepository.findTestObject(Object Repository/PrimoTours/LandingPage/secondPaxFirstNameField): Finding Test Object with id 'Object Repository/PrimoTours/LandingPage/secondPaxFirstNameField'

2017-12-04 15:58:21 - [TEST_STEP][PASSED] - Statement - repObj.findProperty("xpath").setValue(xpathval): null

2017-12-04 15:58:21 - [TEST_STEP][PASSED] - setText: Text 'Rasmussen AUT' is set on object 'Object Repository/PrimoTours/LandingPage/secondPaxFirstNameField'

2017-12-04 15:58:21 - [MESSAGE][PASSED] - Text 'Rasmussen AUT' is set on object 'Object Repository/PrimoTours/LandingPage/secondPaxFirstNameField'

2017-12-04 15:58:21 - [TEST_STEP][PASSED] - Statement - xpathval = paxDetailFields + "[2]/div[contains(@class,"form-group")]/input[contains(@class,"paxLastName")]": null

2017-12-04 15:58:21 - [TEST_STEP][PASSED] - Statement - println("ln: " + xpathval): null

2017-12-04 15:58:21 - [TEST_STEP][PASSED] - Statement - repObj = com.kms.katalon.core.testobject.ObjectRepository.findTestObject(Object Repository/PrimoTours/LandingPage/secondPaxFirstNameField): Finding Test Object with id 'Object Repository/PrimoTours/LandingPage/secondPaxFirstNameField'

2017-12-04 15:58:21 - [TEST_STEP][PASSED] - Statement - repObj.findProperty("xpath").setValue(xpathval): null

2017-12-04 15:58:21 - [TEST_STEP][PASSED] - setText: Text 'Thøger Astrup' is set on object 'Object Repository/PrimoTours/LandingPage/secondPaxFirstNameField'

2017-12-04 15:58:22 - [MESSAGE][PASSED] - Text 'Thøger Astrup' is set on object 'Object Repository/PrimoTours/LandingPage/secondPaxFirstNameField'

2017-12-04 15:58:22 - [TEST_STEP][PASSED] - Statement - repObj = com.kms.katalon.core.testobject.ObjectRepository.findTestObject(Object Repository/PrimoTours/LandingPage/secondPaxFirstNameField): Finding Test Object with id 'Object Repository/PrimoTours/LandingPage/secondPaxFirstNameField'

2017-12-04 15:58:22 - [TEST_STEP][PASSED] - Statement - xpathval = paxDetailFields + "[3]/div[contains(@class,"paxGenderSelectorContainer")]/span[contains(@class,"select2 select2-container")]/span[contains(@class,"selection")]/span[contains(@class,"select2-selection")]": null

2017-12-04 15:58:22 - [TEST_STEP][PASSED] - Statement - println("gender: " + xpathval): null

2017-12-04 15:58:22 - [TEST_STEP][PASSED] - Statement - repObj.findProperty("xpath").setValue(xpathval): null

2017-12-04 15:58:22 - [TEST_STEP][PASSED] - click: Object: 'Object Repository/PrimoTours/LandingPage/secondPaxFirstNameField' is clicked on

2017-12-04 15:58:22 - [MESSAGE][PASSED] - Object: 'Object Repository/PrimoTours/LandingPage/secondPaxFirstNameField' is clicked on

2017-12-04 15:58:22 - [TEST_STEP][PASSED] - scrollToElement: Scroll to object 'Object Repository/PrimoTours/Old Objects/Coco (1)/PrimoT/SaveBooking2/Success/bookingTotalValue' successfully

2017-12-04 15:58:22 - [MESSAGE][PASSED] - Scroll to object 'Object Repository/PrimoTours/Old Objects/Coco (1)/PrimoT/SaveBooking2/Success/bookingTotalValue' successfully

2017-12-04 15:58:22 - [TEST_STEP][PASSED] - click: Object: 'Object Repository/PrimoTours/Old Objects/Coco (1)/PrimoT/SaveBooking2/Success/bookingTotalValue' is clicked on

2017-12-04 15:58:22 - [MESSAGE][PASSED] - Object: 'Object Repository/PrimoTours/Old Objects/Coco (1)/PrimoT/SaveBooking2/Success/bookingTotalValue' is clicked on

2017-12-04 15:58:22 - [TEST_STEP][PASSED] - scrollToElement: Scroll to object 'Object Repository/PrimoTours/Old Objects/Coco (1)/PrimoT/SaveBooking2/Success/Page_Primo Tours  Danmarks bedste c/nextButtonOnLandingPage' successfully

2017-12-04 15:58:22 - [MESSAGE][PASSED] - Scroll to object 'Object Repository/PrimoTours/Old Objects/Coco (1)/PrimoT/SaveBooking2/Success/Page_Primo Tours  Danmarks bedste c/nextButtonOnLandingPage' successfully

2017-12-04 15:58:22 - [TEST_STEP][PASSED] - waitForElementClickable: Object 'Object Repository/PrimoTours/Old Objects/Coco (1)/PrimoT/SaveBooking2/Success/Page_Primo Tours  Danmarks bedste c/nextButtonOnLandingPage' is clickable

2017-12-04 15:58:22 - [MESSAGE][PASSED] - Object 'Object Repository/PrimoTours/Old Objects/Coco (1)/PrimoT/SaveBooking2/Success/Page_Primo Tours  Danmarks bedste c/nextButtonOnLandingPage' is clickable

2017-12-04 15:58:22 - [TEST_STEP][PASSED] - waitForElementVisible: Object 'Object Repository/PrimoTours/Old Objects/Coco (1)/PrimoT/SaveBooking2/Success/Page_Primo Tours  Danmarks bedste c/nextButtonOnLandingPage' is visible

2017-12-04 15:58:22 - [MESSAGE][PASSED] - Object 'Object Repository/PrimoTours/Old Objects/Coco (1)/PrimoT/SaveBooking2/Success/Page_Primo Tours  Danmarks bedste c/nextButtonOnLandingPage' is visible

2017-12-04 15:58:22 - [TEST_STEP][PASSED] - scrollToElement: Scroll to object 'Object Repository/PrimoTours/Old Objects/Coco (1)/PrimoT/SaveBooking2/Success/Page_Primo Tours  Danmarks bedste c/nextButtonOnLandingPage' successfully

2017-12-04 15:58:22 - [MESSAGE][PASSED] - Scroll to object 'Object Repository/PrimoTours/Old Objects/Coco (1)/PrimoT/SaveBooking2/Success/Page_Primo Tours  Danmarks bedste c/nextButtonOnLandingPage' successfully

2017-12-04 15:58:22 - [TEST_STEP][PASSED] - click: Object: 'Object Repository/PrimoTours/Old Objects/Coco (1)/PrimoT/SaveBooking2/Success/Page_Primo Tours  Danmarks bedste c/nextButtonOnLandingPage' is clicked on

2017-12-04 15:58:22 - [MESSAGE][PASSED] - Object: 'Object Repository/PrimoTours/Old Objects/Coco (1)/PrimoT/SaveBooking2/Success/Page_Primo Tours  Danmarks bedste c/nextButtonOnLandingPage' is clicked on

2017-12-04 15:58:22 - [TEST_STEP][PASSED] - delay: Delayed 3 second(s)

2017-12-04 15:58:25 - [MESSAGE][PASSED] - Delayed 3 second(s)

2017-12-04 15:58:25 - [TEST_STEP][PASSED] - waitForElementNotVisible: Object 'Object Repository/PrimoTours/Old Objects/CCenter/pageLoaderOverlayLayer' is NOT visible

2017-12-04 15:58:25 - [MESSAGE][PASSED] - Object 'Object Repository/PrimoTours/Old Objects/CCenter/pageLoaderOverlayLayer' is NOT visible

2017-12-04 15:58:25 - [TEST_STEP][PASSED] - scrollToElement: Scroll to object 'Object Repository/PrimoTours/Old Objects/Coco/PrimoT/Ins2/Page_Primo Tours  Danmarks bedste c/travelInsuranceFirstPaxSelector' successfully

2017-12-04 15:58:25 - [MESSAGE][PASSED] - Scroll to object 'Object Repository/PrimoTours/Old Objects/Coco/PrimoT/Ins2/Page_Primo Tours  Danmarks bedste c/travelInsuranceFirstPaxSelector' successfully

2017-12-04 15:58:25 - [TEST_STEP][PASSED] - waitForElementPresent: Object 'Object Repository/PrimoTours/Old Objects/Coco/PrimoT/Ins2/Page_Primo Tours  Danmarks bedste c/travelInsuranceFirstPaxSelector' is present

2017-12-04 15:58:25 - [MESSAGE][PASSED] - Object 'Object Repository/PrimoTours/Old Objects/Coco/PrimoT/Ins2/Page_Primo Tours  Danmarks bedste c/travelInsuranceFirstPaxSelector' is present

2017-12-04 15:58:25 - [TEST_STEP][PASSED] - waitForElementVisible: Object 'Object Repository/PrimoTours/Old Objects/Coco/PrimoT/Ins2/Page_Primo Tours  Danmarks bedste c/travelInsuranceFirstPaxSelector' is visible

2017-12-04 15:58:25 - [MESSAGE][PASSED] - Object 'Object Repository/PrimoTours/Old Objects/Coco/PrimoT/Ins2/Page_Primo Tours  Danmarks bedste c/travelInsuranceFirstPaxSelector' is visible

2017-12-04 15:58:25 - [TEST_STEP][PASSED] - waitForElementClickable: Object 'Object Repository/PrimoTours/Old Objects/Coco/PrimoT/Ins2/Page_Primo Tours  Danmarks bedste c/travelInsuranceFirstPaxSelector' is clickable

2017-12-04 15:58:25 - [MESSAGE][PASSED] - Object 'Object Repository/PrimoTours/Old Objects/Coco/PrimoT/Ins2/Page_Primo Tours  Danmarks bedste c/travelInsuranceFirstPaxSelector' is clickable

2017-12-04 15:58:25 - [TEST_STEP][PASSED] - click: Object: 'Object Repository/PrimoTours/Old Objects/Coco/PrimoT/Ins2/Page_Primo Tours  Danmarks bedste c/travelInsuranceFirstPaxSelector' is clicked on

2017-12-04 15:58:26 - [MESSAGE][PASSED] - Object: 'Object Repository/PrimoTours/Old Objects/Coco/PrimoT/Ins2/Page_Primo Tours  Danmarks bedste c/travelInsuranceFirstPaxSelector' is clicked on

2017-12-04 15:58:26 - [TEST_STEP][PASSED] - Statement - Try: Object: 'Object Repository/PrimoTours/Old Objects/Coco/PrimoT/Ins2/Page_Primo Tours  Danmarks bedste c/firstTravelInsuranceOption' is clicked on

2017-12-04 15:58:26 - [TEST_STEP][PASSED] - click: Object: 'Object Repository/PrimoTours/Old Objects/Coco/PrimoT/Ins2/Page_Primo Tours  Danmarks bedste c/firstTravelInsuranceOption' is clicked on

2017-12-04 15:58:26 - [MESSAGE][PASSED] - Object: 'Object Repository/PrimoTours/Old Objects/Coco/PrimoT/Ins2/Page_Primo Tours  Danmarks bedste c/firstTravelInsuranceOption' is clicked on

2017-12-04 15:58:26 - [TEST_STEP][NOT_RUN] - click: NOT_RUN: click

2017-12-04 15:58:26 - [MESSAGE][NOT_RUN] - NOT_RUN: click

2017-12-04 15:58:26 - [TEST_STEP][NOT_RUN] - scrollToElement: NOT_RUN: scrollToElement

2017-12-04 15:58:26 - [MESSAGE][NOT_RUN] - NOT_RUN: scrollToElement

2017-12-04 15:58:26 - [TEST_STEP][NOT_RUN] - click: NOT_RUN: click

2017-12-04 15:58:26 - [MESSAGE][NOT_RUN] - NOT_RUN: click

2017-12-04 15:58:26 - [TEST_STEP][PASSED] - waitForElementVisible: Object 'Object Repository/PrimoTours/Old Objects/Coco (1)/PrimoT/SaveBooking2/Page_Primo Tours  Danmarks bedste c/individualInsuranceCheckbox' is visible

2017-12-04 15:58:26 - [MESSAGE][PASSED] - Object 'Object Repository/PrimoTours/Old Objects/Coco (1)/PrimoT/SaveBooking2/Page_Primo Tours  Danmarks bedste c/individualInsuranceCheckbox' is visible

2017-12-04 15:58:26 - [TEST_STEP][PASSED] - scrollToElement: Scroll to object 'Object Repository/PrimoTours/Old Objects/Coco (1)/PrimoT/SaveBooking2/Page_Primo Tours  Danmarks bedste c/individualInsuranceCheckbox' successfully

2017-12-04 15:58:26 - [MESSAGE][PASSED] - Scroll to object 'Object Repository/PrimoTours/Old Objects/Coco (1)/PrimoT/SaveBooking2/Page_Primo Tours  Danmarks bedste c/individualInsuranceCheckbox' successfully

2017-12-04 15:58:26 - [TEST_STEP][PASSED] - click: Object: 'Object Repository/PrimoTours/Old Objects/Coco (1)/PrimoT/SaveBooking2/Page_Primo Tours  Danmarks bedste c/individualInsuranceCheckbox' is clicked on

2017-12-04 15:58:26 - [MESSAGE][PASSED] - Object: 'Object Repository/PrimoTours/Old Objects/Coco (1)/PrimoT/SaveBooking2/Page_Primo Tours  Danmarks bedste c/individualInsuranceCheckbox' is clicked on

2017-12-04 15:58:26 - [TEST_STEP][PASSED] - scrollToElement: Scroll to object 'Object Repository/PrimoTours/Old Objects/Coco (1)/PrimoT/SaveBooking2/Success/firstProdCategIndividualSelectionRadioB' successfully

2017-12-04 15:58:26 - [MESSAGE][PASSED] - Scroll to object 'Object Repository/PrimoTours/Old Objects/Coco (1)/PrimoT/SaveBooking2/Success/firstProdCategIndividualSelectionRadioB' successfully

2017-12-04 15:58:26 - [TEST_STEP][PASSED] - waitForElementClickable: Object 'Object Repository/PrimoTours/Old Objects/Coco (1)/PrimoT/SaveBooking2/Success/firstProdCategIndividualSelectionRadioB' is clickable

2017-12-04 15:58:26 - [MESSAGE][PASSED] - Object 'Object Repository/PrimoTours/Old Objects/Coco (1)/PrimoT/SaveBooking2/Success/firstProdCategIndividualSelectionRadioB' is clickable

2017-12-04 15:58:26 - [TEST_STEP][PASSED] - scrollToElement: Scroll to object 'Object Repository/PrimoTours/Old Objects/Coco (1)/PrimoT/SaveBooking2/Success/firstProdCategIndividualSelectionRadioB' successfully

2017-12-04 15:58:26 - [MESSAGE][PASSED] - Scroll to object 'Object Repository/PrimoTours/Old Objects/Coco (1)/PrimoT/SaveBooking2/Success/firstProdCategIndividualSelectionRadioB' successfully

2017-12-04 15:58:26 - [TEST_STEP][PASSED] - click: Object: 'Object Repository/PrimoTours/Old Objects/Coco (1)/PrimoT/SaveBooking2/Success/firstProdCategIndividualSelectionRadioB' is clicked on

2017-12-04 15:58:27 - [MESSAGE][PASSED] - Object: 'Object Repository/PrimoTours/Old Objects/Coco (1)/PrimoT/SaveBooking2/Success/firstProdCategIndividualSelectionRadioB' is clicked on

2017-12-04 15:58:27 - [TEST_STEP][PASSED] - scrollToElement: Scroll to object 'Object Repository/PrimoTours/Old Objects/Coco (1)/PrimoT/SaveBooking2/Success/firstProdCategSelectForAllPaxCheckbox' successfully

2017-12-04 15:58:27 - [MESSAGE][PASSED] - Scroll to object 'Object Repository/PrimoTours/Old Objects/Coco (1)/PrimoT/SaveBooking2/Success/firstProdCategSelectForAllPaxCheckbox' successfully

2017-12-04 15:58:27 - [TEST_STEP][PASSED] - waitForElementClickable: Object 'Object Repository/PrimoTours/Old Objects/Coco (1)/PrimoT/SaveBooking2/Success/firstProdCategSelectForAllPaxCheckbox' is clickable

2017-12-04 15:58:27 - [MESSAGE][PASSED] - Object 'Object Repository/PrimoTours/Old Objects/Coco (1)/PrimoT/SaveBooking2/Success/firstProdCategSelectForAllPaxCheckbox' is clickable

2017-12-04 15:58:27 - [TEST_STEP][PASSED] - click: Object: 'Object Repository/PrimoTours/Old Objects/Coco (1)/PrimoT/SaveBooking2/Success/firstProdCategSelectForAllPaxCheckbox' is clicked on

2017-12-04 15:58:27 - [MESSAGE][PASSED] - Object: 'Object Repository/PrimoTours/Old Objects/Coco (1)/PrimoT/SaveBooking2/Success/firstProdCategSelectForAllPaxCheckbox' is clicked on

2017-12-04 15:58:27 - [TEST_STEP][NOT_RUN] - scrollToElement: NOT_RUN: scrollToElement

2017-12-04 15:58:27 - [MESSAGE][NOT_RUN] - NOT_RUN: scrollToElement

2017-12-04 15:58:27 - [TEST_STEP][NOT_RUN] - scrollToElement: NOT_RUN: scrollToElement

2017-12-04 15:58:27 - [MESSAGE][NOT_RUN] - NOT_RUN: scrollToElement

2017-12-04 15:58:27 - [TEST_STEP][NOT_RUN] - click: NOT_RUN: click

2017-12-04 15:58:27 - [MESSAGE][NOT_RUN] - NOT_RUN: click

2017-12-04 15:58:27 - [TEST_STEP][PASSED] - scrollToElement: Scroll to object 'Object Repository/PrimoTours/ConfirmationPage/labelForAgreeTermsAndConditions' successfully

2017-12-04 15:58:27 - [MESSAGE][PASSED] - Scroll to object 'Object Repository/PrimoTours/ConfirmationPage/labelForAgreeTermsAndConditions' successfully

2017-12-04 15:58:27 - [TEST_STEP][PASSED] - waitForElementClickable: Object 'Object Repository/PrimoTours/ConfirmationPage/labelForAgreeTermsAndConditions' is clickable

2017-12-04 15:58:27 - [MESSAGE][PASSED] - Object 'Object Repository/PrimoTours/ConfirmationPage/labelForAgreeTermsAndConditions' is clickable

2017-12-04 15:58:27 - [TEST_STEP][PASSED] - click: Object: 'Object Repository/PrimoTours/ConfirmationPage/labelForAgreeTermsAndConditions' is clicked on

2017-12-04 15:58:27 - [MESSAGE][PASSED] - Object: 'Object Repository/PrimoTours/ConfirmationPage/labelForAgreeTermsAndConditions' is clicked on

2017-12-04 15:58:27 - [TEST_STEP][PASSED] - scrollToElement: Scroll to object 'Object Repository/PrimoTours/ConfirmationPage/placeBookingButton' successfully

2017-12-04 15:58:27 - [MESSAGE][PASSED] - Scroll to object 'Object Repository/PrimoTours/ConfirmationPage/placeBookingButton' successfully

2017-12-04 15:58:27 - [TEST_STEP][PASSED] - delay: Delayed 1 second(s)

2017-12-04 15:58:28 - [MESSAGE][PASSED] - Delayed 1 second(s)

2017-12-04 15:58:28 - [TEST_STEP][PASSED] - waitForElementClickable: Object 'Object Repository/PrimoTours/ConfirmationPage/placeBookingButton' is clickable

2017-12-04 15:58:28 - [MESSAGE][PASSED] - Object 'Object Repository/PrimoTours/ConfirmationPage/placeBookingButton' is clickable

2017-12-04 15:58:28 - [TEST_STEP][PASSED] - Statement - Try: Object: 'Object Repository/PrimoTours/ConfirmationPage/placeBookingButton' is clicked on

2017-12-04 15:58:28 - [TEST_STEP][PASSED] - click: Object: 'Object Repository/PrimoTours/ConfirmationPage/placeBookingButton' is clicked on

2017-12-04 15:58:29 - [MESSAGE][PASSED] - Object: 'Object Repository/PrimoTours/ConfirmationPage/placeBookingButton' is clicked on

2017-12-04 15:58:29 - [TEST_STEP][PASSED] - delay: Delayed 3 second(s)

2017-12-04 15:58:32 - [MESSAGE][PASSED] - Delayed 3 second(s)

2017-12-04 15:58:32 - [TEST_STEP][PASSED] - waitForPageLoad: Wait for page load successfully

2017-12-04 15:58:32 - [MESSAGE][PASSED] - Wait for page load successfully

2017-12-04 15:58:32 - [TEST_STEP][PASSED] - delay: Delayed 3 second(s)

2017-12-04 15:58:35 - [MESSAGE][PASSED] - Delayed 3 second(s)

2017-12-04 15:58:35 - [TEST_STEP][PASSED] - waitForElementPresent: Object 'Object Repository/PrimoTours/Old Objects/ThankYouPage/bookingNoContainer' is present

2017-12-04 15:58:35 - [MESSAGE][PASSED] - Object 'Object Repository/PrimoTours/Old Objects/ThankYouPage/bookingNoContainer' is present

2017-12-04 15:58:35 - [TEST_STEP][PASSED] - waitForJQueryLoad: jQuery is ready.

2017-12-04 15:58:36 - [MESSAGE][PASSED] - jQuery is ready.

2017-12-04 15:58:36 - [TEST_STEP][PASSED] - waitForElementPresent: Object 'Object Repository/PrimoTours/Old Objects/CCenter/pageLoaderOverlayLayer' is present

2017-12-04 15:58:36 - [MESSAGE][PASSED] - Object 'Object Repository/PrimoTours/Old Objects/CCenter/pageLoaderOverlayLayer' is present

2017-12-04 15:58:36 - [TEST_STEP][PASSED] - waitForElementPresent: Object 'Object Repository/PrimoTours/Old Objects/CCenter/pageLoaderOverlayLayer' is present

2017-12-04 15:58:36 - [MESSAGE][PASSED] - Object 'Object Repository/PrimoTours/Old Objects/CCenter/pageLoaderOverlayLayer' is present

2017-12-04 15:58:36 - [TEST_STEP][PASSED] - waitForElementNotVisible: Object 'Object Repository/PrimoTours/Old Objects/CCenter/pageLoaderOverlayLayer' is NOT visible

2017-12-04 15:58:37 - [MESSAGE][PASSED] - Object 'Object Repository/PrimoTours/Old Objects/CCenter/pageLoaderOverlayLayer' is NOT visible

2017-12-04 15:58:37 - [TEST_STEP][PASSED] - waitForElementPresent: Object 'Object Repository/PrimoTours/Old Objects/ThankYouPage/bookingNoContainer' is present

2017-12-04 15:58:37 - [MESSAGE][PASSED] - Object 'Object Repository/PrimoTours/Old Objects/ThankYouPage/bookingNoContainer' is present

2017-12-04 15:58:37 - [TEST_STEP][PASSED] - waitForElementClickable: Object 'Object Repository/PrimoTours/Old Objects/ThankYouPage/bookingNoContainer' is clickable

2017-12-04 15:58:37 - [MESSAGE][PASSED] - Object 'Object Repository/PrimoTours/Old Objects/ThankYouPage/bookingNoContainer' is clickable

2017-12-04 15:58:37 - [TEST_STEP][PASSED] - verifyElementVisible: Object 'Object Repository/PrimoTours/Old Objects/ThankYouPage/bookingNoContainer' is visible

2017-12-04 15:58:37 - [MESSAGE][PASSED] - Object 'Object Repository/PrimoTours/Old Objects/ThankYouPage/bookingNoContainer' is visible

2017-12-04 15:58:37 - [TEST_STEP][PASSED] - verifyElementVisible: Object 'Object Repository/PrimoTours/Old Objects/ThankYouPage/bookingTotalInfo' is visible

2017-12-04 15:58:37 - [MESSAGE][PASSED] - Object 'Object Repository/PrimoTours/Old Objects/ThankYouPage/bookingTotalInfo' is visible

2017-12-04 15:58:37 - [TEST_STEP][PASSED] - verifyElementVisible: Object 'Object Repository/PrimoTours/Old Objects/ThankYouPage/bookingTotalPriceBar' is visible

2017-12-04 15:58:37 - [MESSAGE][PASSED] - Object 'Object Repository/PrimoTours/Old Objects/ThankYouPage/bookingTotalPriceBar' is visible

2017-12-04 15:58:37 - [TEST_STEP][PASSED] - verifyElementVisible: Object 'Object Repository/PrimoTours/Old Objects/ThankYouPage/printTicketSpan' is visible

2017-12-04 15:58:37 - [MESSAGE][PASSED] - Object 'Object Repository/PrimoTours/Old Objects/ThankYouPage/printTicketSpan' is visible

2017-12-04 15:58:37 - [TEST_STEP][PASSED] - waitForElementClickable: Object 'Object Repository/PrimoTours/Old Objects/ThankYouPage/printTicketSpan' is clickable

2017-12-04 15:58:37 - [MESSAGE][PASSED] - Object 'Object Repository/PrimoTours/Old Objects/ThankYouPage/printTicketSpan' is clickable

2017-12-04 15:58:37 - [TEST_STEP][PASSED] - waitForElementNotVisible: Object 'Object Repository/PrimoTours/Old Objects/CCenter/pageLoaderOverlayLayer' is NOT visible

2017-12-04 15:58:37 - [MESSAGE][PASSED] - Object 'Object Repository/PrimoTours/Old Objects/CCenter/pageLoaderOverlayLayer' is NOT visible

2017-12-04 15:58:37 - [TEST_STEP][PASSED] - Statement - Try: Object: 'Object Repository/PrimoTours/Old Objects/ThankYouPage/printTicketSpan' is clicked on

2017-12-04 15:58:37 - [TEST_STEP][PASSED] - click: Object: 'Object Repository/PrimoTours/Old Objects/ThankYouPage/printTicketSpan' is clicked on

2017-12-04 15:58:42 - [MESSAGE][PASSED] - Object: 'Object Repository/PrimoTours/Old Objects/ThankYouPage/printTicketSpan' is clicked on

2017-12-04 15:58:42 - [TEST_STEP][PASSED] - delay: Delayed 2 second(s)

2017-12-04 15:58:44 - [MESSAGE][PASSED] - Delayed 2 second(s)

2017-12-04 15:58:44 - [TEST_STEP][PASSED] - waitForElementVisible: Object 'Object Repository/PrimoTours/Old Objects/ThankYouPage/cCenterButton' is visible

2017-12-04 15:58:44 - [MESSAGE][PASSED] - Object 'Object Repository/PrimoTours/Old Objects/ThankYouPage/cCenterButton' is visible

2017-12-04 15:58:44 - [TEST_STEP][PASSED] - waitForElementClickable: Object 'Object Repository/PrimoTours/Old Objects/ThankYouPage/cCenterButton' is clickable

2017-12-04 15:58:44 - [MESSAGE][PASSED] - Object 'Object Repository/PrimoTours/Old Objects/ThankYouPage/cCenterButton' is clickable

2017-12-04 15:58:44 - [TEST_STEP][PASSED] - click: Object: 'Object Repository/PrimoTours/Old Objects/ThankYouPage/cCenterButton' is clicked on

2017-12-04 15:58:44 - [MESSAGE][PASSED] - Object: 'Object Repository/PrimoTours/Old Objects/ThankYouPage/cCenterButton' is clicked on

2017-12-04 15:58:44 - [TEST_STEP][PASSED] - waitForPageLoad: Wait for page load successfully

2017-12-04 15:58:44 - [MESSAGE][PASSED] - Wait for page load successfully

2017-12-04 15:58:44 - [TEST_STEP][PASSED] - waitForJQueryLoad: jQuery is ready.

2017-12-04 15:58:44 - [MESSAGE][PASSED] - jQuery is ready.

2017-12-04 15:58:44 - [TEST_STEP][PASSED] - waitForElementPresent: Object 'Object Repository/PrimoTours/Old Objects/CCenter/pageLoaderOverlayLayer' is present

2017-12-04 15:58:44 - [MESSAGE][PASSED] - Object 'Object Repository/PrimoTours/Old Objects/CCenter/pageLoaderOverlayLayer' is present

2017-12-04 15:58:44 - [TEST_STEP][PASSED] - waitForElementNotVisible: Object 'Object Repository/PrimoTours/Old Objects/CCenter/pageLoaderOverlayLayer' is NOT visible

2017-12-04 15:58:44 - [MESSAGE][PASSED] - Object 'Object Repository/PrimoTours/Old Objects/CCenter/pageLoaderOverlayLayer' is NOT visible

2017-12-04 15:58:44 - [TEST_STEP][PASSED] - verifyElementVisible: Object 'Object Repository/PrimoTours/Old Objects/ThankYouPage/bookingNoContainer' is visible

2017-12-04 15:58:44 - [MESSAGE][PASSED] - Object 'Object Repository/PrimoTours/Old Objects/ThankYouPage/bookingNoContainer' is visible

2017-12-04 15:58:44 - [TEST_STEP][PASSED] - verifyElementVisible: Object 'Object Repository/PrimoTours/Old Objects/ThankYouPage/bookingTotalPriceBar' is visible

2017-12-04 15:58:44 - [MESSAGE][PASSED] - Object 'Object Repository/PrimoTours/Old Objects/ThankYouPage/bookingTotalPriceBar' is visible

2017-12-04 15:58:44 - [TEST_STEP][PASSED] - delay: Delayed 1 second(s)

2017-12-04 15:58:45 - [MESSAGE][PASSED] - Delayed 1 second(s)]]></system-out>
         <system-err><![CDATA[]]></system-err>
      </testcase>
      <testcase name="Test Cases/PrimoTours/WB Primo/WB Primo staging - place booking - Iteration 3" classname="Test Cases/PrimoTours/WB Primo/WB Primo staging - place booking" status="PASSED">
         <system-out><![CDATA[2017-12-04 15:58:45 - [TEST_CASE][PASSED] - Test Cases/PrimoTours/WB Primo/WB Primo staging - place booking - Iteration 3: Test Cases/PrimoTours/WB Primo/WB Primo staging - place booking

2017-12-04 15:58:46 - [TEST_STEP][PASSED] - openBrowser: Browser is opened with url: ''

2017-12-04 15:58:46 - [MESSAGE][WARNING] - A browser is already opened. Closing browser and opening a new one

2017-12-04 15:58:48 - [MESSAGE][PASSED] - Browser is opened with url: ''

2017-12-04 15:58:48 - [TEST_STEP][PASSED] - maximizeWindow: Current window maximized

2017-12-04 15:58:49 - [MESSAGE][PASSED] - Current window maximized

2017-12-04 15:58:49 - [TEST_STEP][PASSED] - navigateToUrl: Navigate to 'https://staging-primotours-webbooking.tourpaq.com/DoBooking.aspx?pltaID=1480269&p=1&rno=1&pt=2&a=2&c=2&aa=&ca=1,5' successfully

2017-12-04 15:58:51 - [MESSAGE][PASSED] - Navigate to 'https://staging-primotours-webbooking.tourpaq.com/DoBooking.aspx?pltaID=1480269&p=1&rno=1&pt=2&a=2&c=2&aa=&ca=1,5' successfully

2017-12-04 15:58:51 - [TEST_STEP][PASSED] - Statement - excelInfo = ["fname":"", "lname":"", "pgender":"", "pday":"", "pmonth":"", "pyear":""]: null

2017-12-04 15:58:51 - [TEST_STEP][PASSED] - Statement - rawData = com.kms.katalon.core.testdata.TestDataFactory.findTestData("Data Files/WB_Primo/Passenger_details"): Reading excel file with source file 'D:\Software testing\Tourpaq\Automated Katalon tests\Primo WB test\Data Files\Primo_URLs_For_Automated_Test.xls' and sheet name 'Passenger Names'

2017-12-04 15:58:51 - [TEST_STEP][PASSED] - Statement - excelRowNo = rawData.getRowNumbers(): null

2017-12-04 15:58:51 - [TEST_STEP][PASSED] - Statement - randomPaxIndex = java.lang.Math.abs(new java.util.Random().nextInt() % excelRowNo) + 1: null

2017-12-04 15:58:51 - [TEST_STEP][PASSED] - Statement - fname = rawData.getValue("FirstName", randomPaxIndex): null

2017-12-04 15:58:51 - [TEST_STEP][PASSED] - Statement - lname = rawData.getValue("LastName", randomPaxIndex): null

2017-12-04 15:58:51 - [TEST_STEP][PASSED] - Statement - pgender = rawData.getValue("Gender", randomPaxIndex): null

2017-12-04 15:58:51 - [TEST_STEP][PASSED] - setText: Text 'Nielsen AUT' is set on object 'Object Repository/PrimoTours/Old Objects/Coco/PrimoT/Page_Primo Tours  Danmarks bedste c/input_firstName'

2017-12-04 15:58:52 - [MESSAGE][PASSED] - Text 'Nielsen AUT' is set on object 'Object Repository/PrimoTours/Old Objects/Coco/PrimoT/Page_Primo Tours  Danmarks bedste c/input_firstName'

2017-12-04 15:58:52 - [TEST_STEP][PASSED] - setText: Text 'Chanie Øllegaard' is set on object 'Object Repository/PrimoTours/Old Objects/Coco/PrimoT/Page_Primo Tours  Danmarks bedste c/input_lastName'

2017-12-04 15:58:52 - [MESSAGE][PASSED] - Text 'Chanie Øllegaard' is set on object 'Object Repository/PrimoTours/Old Objects/Coco/PrimoT/Page_Primo Tours  Danmarks bedste c/input_lastName'

2017-12-04 15:58:52 - [TEST_STEP][PASSED] - click: Object: 'Object Repository/PrimoTours/LandingPage/customerGender' is clicked on

2017-12-04 15:58:52 - [MESSAGE][PASSED] - Object: 'Object Repository/PrimoTours/LandingPage/customerGender' is clicked on

2017-12-04 15:58:52 - [TEST_STEP][PASSED] - setText: Text 'Home address' is set on object 'Object Repository/PrimoTours/Old Objects/Coco/PrimoT/Page_Primo Tours  Danmarks bedste c/input_customerAddress'

2017-12-04 15:58:53 - [MESSAGE][PASSED] - Text 'Home address' is set on object 'Object Repository/PrimoTours/Old Objects/Coco/PrimoT/Page_Primo Tours  Danmarks bedste c/input_customerAddress'

2017-12-04 15:58:53 - [TEST_STEP][PASSED] - setText: Text '6700' is set on object 'Object Repository/PrimoTours/Old Objects/Coco/PrimoT/Page_Primo Tours  Danmarks bedste c/input_customerPostcode'

2017-12-04 15:58:53 - [MESSAGE][PASSED] - Text '6700' is set on object 'Object Repository/PrimoTours/Old Objects/Coco/PrimoT/Page_Primo Tours  Danmarks bedste c/input_customerPostcode'

2017-12-04 15:58:53 - [TEST_STEP][PASSED] - setText: Text 'cornel.neacsu@roweb.ro' is set on object 'Object Repository/PrimoTours/Old Objects/Coco/PrimoT/Page_Primo Tours  Danmarks bedste c/input_customerEmail'

2017-12-04 15:58:53 - [MESSAGE][PASSED] - Text 'cornel.neacsu@roweb.ro' is set on object 'Object Repository/PrimoTours/Old Objects/Coco/PrimoT/Page_Primo Tours  Danmarks bedste c/input_customerEmail'

2017-12-04 15:58:53 - [TEST_STEP][PASSED] - setText: Text '12345678' is set on object 'Object Repository/PrimoTours/Old Objects/Coco/PrimoT/Page_Primo Tours  Danmarks bedste c/input_customerPhone'

2017-12-04 15:58:53 - [MESSAGE][PASSED] - Text '12345678' is set on object 'Object Repository/PrimoTours/Old Objects/Coco/PrimoT/Page_Primo Tours  Danmarks bedste c/input_customerPhone'

2017-12-04 15:58:53 - [TEST_STEP][PASSED] - waitForElementClickable: Object 'Object Repository/PrimoTours/Old Objects/Coco/PrimoT/Page_Primo Tours  Danmarks bedste c/input_firstname-0_1' is clickable

2017-12-04 15:58:54 - [MESSAGE][PASSED] - Object 'Object Repository/PrimoTours/Old Objects/Coco/PrimoT/Page_Primo Tours  Danmarks bedste c/input_firstname-0_1' is clickable

2017-12-04 15:58:54 - [TEST_STEP][PASSED] - Statement - driver = com.kms.katalon.core.webui.driver.DriverFactory.getWebDriver(): null

2017-12-04 15:58:54 - [TEST_STEP][PASSED] - Statement - roomContainerXpath = "id("roomAndStaticOptionsContainer")/div[@class="row"]/div[@class="col-md-12 roomContainer"]": null

2017-12-04 15:58:54 - [TEST_STEP][PASSED] - Statement - roomsCount = driver.findElements(org.openqa.selenium.By.xpath(roomContainerXpath)).size(): null

2017-12-04 15:58:54 - [TEST_STEP][PASSED] - Statement - println("roomsCount=" + roomsCount): null

2017-12-04 15:58:54 - [TEST_STEP][PASSED] - Statement - For ([i = 1, i <= roomsCount, (i++)]): Object: 'Object Repository/PrimoTours/LandingPage/secondPaxFirstNameField' is clicked on

2017-12-04 15:58:54 - [TEST_STEP][PASSED] - Statement - paxInRoomXpath = "id("passengersContainer_" + i - 1 + "")/div[@class="col-md-12"]/div[@class="row"]": null

2017-12-04 15:58:54 - [TEST_STEP][PASSED] - Statement - println("paxInRoomXpath=" + paxInRoomXpath): null

2017-12-04 15:58:54 - [TEST_STEP][PASSED] - Statement - paxInRoomCount = driver.findElements(org.openqa.selenium.By.xpath(paxInRoomXpath)).size(): null

2017-12-04 15:58:55 - [TEST_STEP][PASSED] - Statement - println("paxInRoomCount=" + paxInRoomCount): null

2017-12-04 15:58:55 - [TEST_STEP][PASSED] - Statement - For ([j = 1, j <= paxInRoomCount, (j++)]): Object: 'Object Repository/PrimoTours/LandingPage/secondPaxFirstNameField' is clicked on

2017-12-04 15:58:55 - [TEST_STEP][PASSED] - Statement - If (i == 1 & j == 1): null

2017-12-04 15:58:55 - [TEST_STEP][PASSED] - Statement - <not implemented yet for class: org.codehaus.groovy.ast.stmt.ContinueStatement>: null

2017-12-04 15:58:55 - [TEST_STEP][PASSED] - Statement - If (i == 1 & j == 1): null

2017-12-04 15:58:55 - [TEST_STEP][PASSED] - Statement - randomPaxIndex = java.lang.Math.abs(new java.util.Random().nextInt() % excelRowNo) + 1: null

2017-12-04 15:58:55 - [TEST_STEP][PASSED] - Statement - fname = rawData.getValue("FirstName", randomPaxIndex) + " AUT": null

2017-12-04 15:58:55 - [TEST_STEP][PASSED] - Statement - lname = rawData.getValue("LastName", randomPaxIndex): null

2017-12-04 15:58:55 - [TEST_STEP][PASSED] - Statement - pgender = rawData.getValue("Gender", randomPaxIndex): null

2017-12-04 15:58:55 - [TEST_STEP][PASSED] - Statement - pday = rawData.getValue("Day DOB", randomPaxIndex): null

2017-12-04 15:58:55 - [TEST_STEP][PASSED] - Statement - pmonth = rawData.getValue("Month DOB", randomPaxIndex): null

2017-12-04 15:58:55 - [TEST_STEP][PASSED] - Statement - pyear = rawData.getValue("Year DOB", randomPaxIndex): null

2017-12-04 15:58:55 - [TEST_STEP][PASSED] - Statement - paxDetailFields = paxInRoomXpath + "[" + j + "]/div[@class="col-md-x col-md-9"]/div[@class="row paxContainer"][1]/div[contains(@class,"paxAttribute")]": null

2017-12-04 15:58:55 - [TEST_STEP][PASSED] - Statement - xpathval = paxDetailFields + "[1]/div[contains(@class,"form-group")]/input[contains(@class,"paxFirstName")]": null

2017-12-04 15:58:55 - [TEST_STEP][PASSED] - Statement - println("fn: " + xpathval): null

2017-12-04 15:58:55 - [TEST_STEP][PASSED] - Statement - repObj = com.kms.katalon.core.testobject.ObjectRepository.findTestObject(Object Repository/PrimoTours/LandingPage/secondPaxFirstNameField): Finding Test Object with id 'Object Repository/PrimoTours/LandingPage/secondPaxFirstNameField'

2017-12-04 15:58:55 - [TEST_STEP][PASSED] - Statement - repObj.findProperty("xpath").setValue(xpathval): null

2017-12-04 15:58:55 - [TEST_STEP][PASSED] - setText: Text 'Søndergaard AUT' is set on object 'Object Repository/PrimoTours/LandingPage/secondPaxFirstNameField'

2017-12-04 15:58:55 - [MESSAGE][PASSED] - Text 'Søndergaard AUT' is set on object 'Object Repository/PrimoTours/LandingPage/secondPaxFirstNameField'

2017-12-04 15:58:55 - [TEST_STEP][PASSED] - Statement - xpathval = paxDetailFields + "[2]/div[contains(@class,"form-group")]/input[contains(@class,"paxLastName")]": null

2017-12-04 15:58:55 - [TEST_STEP][PASSED] - Statement - println("ln: " + xpathval): null

2017-12-04 15:58:55 - [TEST_STEP][PASSED] - Statement - repObj = com.kms.katalon.core.testobject.ObjectRepository.findTestObject(Object Repository/PrimoTours/LandingPage/secondPaxFirstNameField): Finding Test Object with id 'Object Repository/PrimoTours/LandingPage/secondPaxFirstNameField'

2017-12-04 15:58:55 - [TEST_STEP][PASSED] - Statement - repObj.findProperty("xpath").setValue(xpathval): null

2017-12-04 15:58:55 - [TEST_STEP][PASSED] - setText: Text 'Michael Skov' is set on object 'Object Repository/PrimoTours/LandingPage/secondPaxFirstNameField'

2017-12-04 15:58:55 - [MESSAGE][PASSED] - Text 'Michael Skov' is set on object 'Object Repository/PrimoTours/LandingPage/secondPaxFirstNameField'

2017-12-04 15:58:55 - [TEST_STEP][PASSED] - Statement - repObj = com.kms.katalon.core.testobject.ObjectRepository.findTestObject(Object Repository/PrimoTours/LandingPage/secondPaxFirstNameField): Finding Test Object with id 'Object Repository/PrimoTours/LandingPage/secondPaxFirstNameField'

2017-12-04 15:58:55 - [TEST_STEP][PASSED] - Statement - xpathval = paxDetailFields + "[3]/div[contains(@class,"paxGenderSelectorContainer")]/span[contains(@class,"select2 select2-container")]/span[contains(@class,"selection")]/span[contains(@class,"select2-selection")]": null

2017-12-04 15:58:55 - [TEST_STEP][PASSED] - Statement - println("gender: " + xpathval): null

2017-12-04 15:58:55 - [TEST_STEP][PASSED] - Statement - repObj.findProperty("xpath").setValue(xpathval): null

2017-12-04 15:58:55 - [TEST_STEP][PASSED] - click: Object: 'Object Repository/PrimoTours/LandingPage/secondPaxFirstNameField' is clicked on

2017-12-04 15:58:55 - [MESSAGE][PASSED] - Object: 'Object Repository/PrimoTours/LandingPage/secondPaxFirstNameField' is clicked on

2017-12-04 15:58:55 - [TEST_STEP][PASSED] - Statement - If (i == 1 & j == 1): null

2017-12-04 15:58:55 - [TEST_STEP][PASSED] - Statement - randomPaxIndex = java.lang.Math.abs(new java.util.Random().nextInt() % excelRowNo) + 1: null

2017-12-04 15:58:55 - [TEST_STEP][PASSED] - Statement - fname = rawData.getValue("FirstName", randomPaxIndex) + " AUT": null

2017-12-04 15:58:55 - [TEST_STEP][PASSED] - Statement - lname = rawData.getValue("LastName", randomPaxIndex): null

2017-12-04 15:58:55 - [TEST_STEP][PASSED] - Statement - pgender = rawData.getValue("Gender", randomPaxIndex): null

2017-12-04 15:58:55 - [TEST_STEP][PASSED] - Statement - pday = rawData.getValue("Day DOB", randomPaxIndex): null

2017-12-04 15:58:55 - [TEST_STEP][PASSED] - Statement - pmonth = rawData.getValue("Month DOB", randomPaxIndex): null

2017-12-04 15:58:55 - [TEST_STEP][PASSED] - Statement - pyear = rawData.getValue("Year DOB", randomPaxIndex): null

2017-12-04 15:58:55 - [TEST_STEP][PASSED] - Statement - paxDetailFields = paxInRoomXpath + "[" + j + "]/div[@class="col-md-x col-md-9"]/div[@class="row paxContainer"][1]/div[contains(@class,"paxAttribute")]": null

2017-12-04 15:58:55 - [TEST_STEP][PASSED] - Statement - xpathval = paxDetailFields + "[1]/div[contains(@class,"form-group")]/input[contains(@class,"paxFirstName")]": null

2017-12-04 15:58:55 - [TEST_STEP][PASSED] - Statement - println("fn: " + xpathval): null

2017-12-04 15:58:55 - [TEST_STEP][PASSED] - Statement - repObj = com.kms.katalon.core.testobject.ObjectRepository.findTestObject(Object Repository/PrimoTours/LandingPage/secondPaxFirstNameField): Finding Test Object with id 'Object Repository/PrimoTours/LandingPage/secondPaxFirstNameField'

2017-12-04 15:58:55 - [TEST_STEP][PASSED] - Statement - repObj.findProperty("xpath").setValue(xpathval): null

2017-12-04 15:58:55 - [TEST_STEP][PASSED] - setText: Text 'Rebsdorf AUT' is set on object 'Object Repository/PrimoTours/LandingPage/secondPaxFirstNameField'

2017-12-04 15:58:55 - [MESSAGE][PASSED] - Text 'Rebsdorf AUT' is set on object 'Object Repository/PrimoTours/LandingPage/secondPaxFirstNameField'

2017-12-04 15:58:55 - [TEST_STEP][PASSED] - Statement - xpathval = paxDetailFields + "[2]/div[contains(@class,"form-group")]/input[contains(@class,"paxLastName")]": null

2017-12-04 15:58:55 - [TEST_STEP][PASSED] - Statement - println("ln: " + xpathval): null

2017-12-04 15:58:55 - [TEST_STEP][PASSED] - Statement - repObj = com.kms.katalon.core.testobject.ObjectRepository.findTestObject(Object Repository/PrimoTours/LandingPage/secondPaxFirstNameField): Finding Test Object with id 'Object Repository/PrimoTours/LandingPage/secondPaxFirstNameField'

2017-12-04 15:58:55 - [TEST_STEP][PASSED] - Statement - repObj.findProperty("xpath").setValue(xpathval): null

2017-12-04 15:58:55 - [TEST_STEP][PASSED] - setText: Text 'Thomas' is set on object 'Object Repository/PrimoTours/LandingPage/secondPaxFirstNameField'

2017-12-04 15:58:56 - [MESSAGE][PASSED] - Text 'Thomas' is set on object 'Object Repository/PrimoTours/LandingPage/secondPaxFirstNameField'

2017-12-04 15:58:56 - [TEST_STEP][PASSED] - Statement - repObj = com.kms.katalon.core.testobject.ObjectRepository.findTestObject(Object Repository/PrimoTours/LandingPage/secondPaxFirstNameField): Finding Test Object with id 'Object Repository/PrimoTours/LandingPage/secondPaxFirstNameField'

2017-12-04 15:58:56 - [TEST_STEP][PASSED] - Statement - xpathval = paxDetailFields + "[3]/div[contains(@class,"paxGenderSelectorContainer")]/span[contains(@class,"select2 select2-container")]/span[contains(@class,"selection")]/span[contains(@class,"select2-selection")]": null

2017-12-04 15:58:56 - [TEST_STEP][PASSED] - Statement - println("gender: " + xpathval): null

2017-12-04 15:58:56 - [TEST_STEP][PASSED] - Statement - repObj.findProperty("xpath").setValue(xpathval): null

2017-12-04 15:58:56 - [TEST_STEP][PASSED] - click: Unable to click on object 'Object Repository/PrimoTours/LandingPage/secondPaxFirstNameField' (Root cause: org.openqa.selenium.WebDriverException: unknown error: Element <span class="select2-selection select2-selection--single" role="combobox" aria-haspopup="true" aria-expanded="false" tabindex="0" aria-labelledby="select2-gender-0_2-rt-container">...</span> is not clickable at point (1168, 747). Other element would receive the click: <li class="select2-results__option" id="select2-gender-0_1-za-result-373k-MS" role="treeitem" aria-selected="false">...</li>
  (Session info: chrome=62.0.3202.94)
  (Driver info: chromedriver=2.33.506120 (e3e53437346286c0bc2d2dc9aa4915ba81d9023f),platform=Windows NT 6.3.9600 x86_64) (WARNING: The server did not provide any stacktrace information)
Command duration or timeout: 0 milliseconds
Build info: version: '3.7.1', revision: '8a0099a', time: '2017-11-06T21:07:36.161Z'
System info: host: 'NEACSUNEW-PC', ip: '10.10.10.211', os.name: 'Windows 8.1', os.arch: 'amd64', os.version: '6.3', java.version: '1.8.0_102'
Driver info: com.kms.katalon.selenium.driver.CChromeDriver
Capabilities {acceptSslCerts: true, applicationCacheEnabled: false, browserConnectionEnabled: false, browserName: chrome, chrome: {chromedriverVersion: 2.33.506120 (e3e53437346286..., userDataDir: C:\Users\Cornel\AppData\Loc...}, cssSelectorsEnabled: true, databaseEnabled: false, handlesAlerts: true, hasTouchScreen: false, javascriptEnabled: true, locationContextEnabled: true, mobileEmulationEnabled: false, nativeEvents: true, networkConnectionEnabled: false, pageLoadStrategy: normal, platform: XP, platformName: XP, rotatable: false, setWindowRect: true, takesHeapSnapshot: true, takesScreenshot: true, unexpectedAlertBehaviour: , unhandledPromptBehavior: , version: 62.0.3202.94, webStorageEnabled: true}
Session ID: f9eb136b820b62f1d29441d89201f5de)

2017-12-04 15:58:56 - [MESSAGE][WARNING] - Unable to click on object 'Object Repository/PrimoTours/LandingPage/secondPaxFirstNameField' (Root cause: org.openqa.selenium.WebDriverException: unknown error: Element <span class="select2-selection select2-selection--single" role="combobox" aria-haspopup="true" aria-expanded="false" tabindex="0" aria-labelledby="select2-gender-0_2-rt-container">...</span> is not clickable at point (1168, 747). Other element would receive the click: <li class="select2-results__option" id="select2-gender-0_1-za-result-373k-MS" role="treeitem" aria-selected="false">...</li>
  (Session info: chrome=62.0.3202.94)
  (Driver info: chromedriver=2.33.506120 (e3e53437346286c0bc2d2dc9aa4915ba81d9023f),platform=Windows NT 6.3.9600 x86_64) (WARNING: The server did not provide any stacktrace information)
Command duration or timeout: 0 milliseconds
Build info: version: '3.7.1', revision: '8a0099a', time: '2017-11-06T21:07:36.161Z'
System info: host: 'NEACSUNEW-PC', ip: '10.10.10.211', os.name: 'Windows 8.1', os.arch: 'amd64', os.version: '6.3', java.version: '1.8.0_102'
Driver info: com.kms.katalon.selenium.driver.CChromeDriver
Capabilities {acceptSslCerts: true, applicationCacheEnabled: false, browserConnectionEnabled: false, browserName: chrome, chrome: {chromedriverVersion: 2.33.506120 (e3e53437346286..., userDataDir: C:\Users\Cornel\AppData\Loc...}, cssSelectorsEnabled: true, databaseEnabled: false, handlesAlerts: true, hasTouchScreen: false, javascriptEnabled: true, locationContextEnabled: true, mobileEmulationEnabled: false, nativeEvents: true, networkConnectionEnabled: false, pageLoadStrategy: normal, platform: XP, platformName: XP, rotatable: false, setWindowRect: true, takesHeapSnapshot: true, takesScreenshot: true, unexpectedAlertBehaviour: , unhandledPromptBehavior: , version: 62.0.3202.94, webStorageEnabled: true}
Session ID: f9eb136b820b62f1d29441d89201f5de)
[[ATTACHMENT|D:\\Software testing\\Tourpaq\\Automated Katalon tests\\Primo WB test\\Reports\\WB Primo From Excel URLs\\20171204_155729\\1512395936121.png]]

2017-12-04 15:58:56 - [TEST_STEP][PASSED] - Statement - If (i == 1 & j == 1): null

2017-12-04 15:58:56 - [TEST_STEP][PASSED] - Statement - randomPaxIndex = java.lang.Math.abs(new java.util.Random().nextInt() % excelRowNo) + 1: null

2017-12-04 15:58:56 - [TEST_STEP][PASSED] - Statement - fname = rawData.getValue("FirstName", randomPaxIndex) + " AUT": null

2017-12-04 15:58:56 - [TEST_STEP][PASSED] - Statement - lname = rawData.getValue("LastName", randomPaxIndex): null

2017-12-04 15:58:56 - [TEST_STEP][PASSED] - Statement - pgender = rawData.getValue("Gender", randomPaxIndex): null

2017-12-04 15:58:56 - [TEST_STEP][PASSED] - Statement - pday = rawData.getValue("Day DOB", randomPaxIndex): null

2017-12-04 15:58:56 - [TEST_STEP][PASSED] - Statement - pmonth = rawData.getValue("Month DOB", randomPaxIndex): null

2017-12-04 15:58:56 - [TEST_STEP][PASSED] - Statement - pyear = rawData.getValue("Year DOB", randomPaxIndex): null

2017-12-04 15:58:56 - [TEST_STEP][PASSED] - Statement - paxDetailFields = paxInRoomXpath + "[" + j + "]/div[@class="col-md-x col-md-9"]/div[@class="row paxContainer"][1]/div[contains(@class,"paxAttribute")]": null

2017-12-04 15:58:56 - [TEST_STEP][PASSED] - Statement - xpathval = paxDetailFields + "[1]/div[contains(@class,"form-group")]/input[contains(@class,"paxFirstName")]": null

2017-12-04 15:58:56 - [TEST_STEP][PASSED] - Statement - println("fn: " + xpathval): null

2017-12-04 15:58:56 - [TEST_STEP][PASSED] - Statement - repObj = com.kms.katalon.core.testobject.ObjectRepository.findTestObject(Object Repository/PrimoTours/LandingPage/secondPaxFirstNameField): Finding Test Object with id 'Object Repository/PrimoTours/LandingPage/secondPaxFirstNameField'

2017-12-04 15:58:56 - [TEST_STEP][PASSED] - Statement - repObj.findProperty("xpath").setValue(xpathval): null

2017-12-04 15:58:56 - [TEST_STEP][PASSED] - setText: Text 'Votborg AUT' is set on object 'Object Repository/PrimoTours/LandingPage/secondPaxFirstNameField'

2017-12-04 15:58:56 - [MESSAGE][PASSED] - Text 'Votborg AUT' is set on object 'Object Repository/PrimoTours/LandingPage/secondPaxFirstNameField'

2017-12-04 15:58:56 - [TEST_STEP][PASSED] - Statement - xpathval = paxDetailFields + "[2]/div[contains(@class,"form-group")]/input[contains(@class,"paxLastName")]": null

2017-12-04 15:58:56 - [TEST_STEP][PASSED] - Statement - println("ln: " + xpathval): null

2017-12-04 15:58:56 - [TEST_STEP][PASSED] - Statement - repObj = com.kms.katalon.core.testobject.ObjectRepository.findTestObject(Object Repository/PrimoTours/LandingPage/secondPaxFirstNameField): Finding Test Object with id 'Object Repository/PrimoTours/LandingPage/secondPaxFirstNameField'

2017-12-04 15:58:56 - [TEST_STEP][PASSED] - Statement - repObj.findProperty("xpath").setValue(xpathval): null

2017-12-04 15:58:56 - [TEST_STEP][PASSED] - setText: Text 'Silas Vilsgaard' is set on object 'Object Repository/PrimoTours/LandingPage/secondPaxFirstNameField'

2017-12-04 15:58:57 - [MESSAGE][PASSED] - Text 'Silas Vilsgaard' is set on object 'Object Repository/PrimoTours/LandingPage/secondPaxFirstNameField'

2017-12-04 15:58:57 - [TEST_STEP][PASSED] - Statement - repObj = com.kms.katalon.core.testobject.ObjectRepository.findTestObject(Object Repository/PrimoTours/LandingPage/secondPaxFirstNameField): Finding Test Object with id 'Object Repository/PrimoTours/LandingPage/secondPaxFirstNameField'

2017-12-04 15:58:57 - [TEST_STEP][PASSED] - Statement - xpathval = paxDetailFields + "[3]/div[contains(@class,"paxGenderSelectorContainer")]/span[contains(@class,"select2 select2-container")]/span[contains(@class,"selection")]/span[contains(@class,"select2-selection")]": null

2017-12-04 15:58:57 - [TEST_STEP][PASSED] - Statement - println("gender: " + xpathval): null

2017-12-04 15:58:57 - [TEST_STEP][PASSED] - Statement - repObj.findProperty("xpath").setValue(xpathval): null

2017-12-04 15:58:57 - [TEST_STEP][PASSED] - click: Object: 'Object Repository/PrimoTours/LandingPage/secondPaxFirstNameField' is clicked on

2017-12-04 15:58:57 - [MESSAGE][PASSED] - Object: 'Object Repository/PrimoTours/LandingPage/secondPaxFirstNameField' is clicked on

2017-12-04 15:58:57 - [TEST_STEP][PASSED] - scrollToElement: Scroll to object 'Object Repository/PrimoTours/Old Objects/Coco (1)/PrimoT/SaveBooking2/Success/bookingTotalValue' successfully

2017-12-04 15:58:57 - [MESSAGE][PASSED] - Scroll to object 'Object Repository/PrimoTours/Old Objects/Coco (1)/PrimoT/SaveBooking2/Success/bookingTotalValue' successfully

2017-12-04 15:58:57 - [TEST_STEP][PASSED] - click: Object: 'Object Repository/PrimoTours/Old Objects/Coco (1)/PrimoT/SaveBooking2/Success/bookingTotalValue' is clicked on

2017-12-04 15:58:57 - [MESSAGE][PASSED] - Object: 'Object Repository/PrimoTours/Old Objects/Coco (1)/PrimoT/SaveBooking2/Success/bookingTotalValue' is clicked on

2017-12-04 15:58:57 - [TEST_STEP][PASSED] - scrollToElement: Scroll to object 'Object Repository/PrimoTours/Old Objects/Coco (1)/PrimoT/SaveBooking2/Success/Page_Primo Tours  Danmarks bedste c/nextButtonOnLandingPage' successfully

2017-12-04 15:58:57 - [MESSAGE][PASSED] - Scroll to object 'Object Repository/PrimoTours/Old Objects/Coco (1)/PrimoT/SaveBooking2/Success/Page_Primo Tours  Danmarks bedste c/nextButtonOnLandingPage' successfully

2017-12-04 15:58:57 - [TEST_STEP][PASSED] - waitForElementClickable: Object 'Object Repository/PrimoTours/Old Objects/Coco (1)/PrimoT/SaveBooking2/Success/Page_Primo Tours  Danmarks bedste c/nextButtonOnLandingPage' is clickable

2017-12-04 15:58:57 - [MESSAGE][PASSED] - Object 'Object Repository/PrimoTours/Old Objects/Coco (1)/PrimoT/SaveBooking2/Success/Page_Primo Tours  Danmarks bedste c/nextButtonOnLandingPage' is clickable

2017-12-04 15:58:57 - [TEST_STEP][PASSED] - waitForElementVisible: Object 'Object Repository/PrimoTours/Old Objects/Coco (1)/PrimoT/SaveBooking2/Success/Page_Primo Tours  Danmarks bedste c/nextButtonOnLandingPage' is visible

2017-12-04 15:58:57 - [MESSAGE][PASSED] - Object 'Object Repository/PrimoTours/Old Objects/Coco (1)/PrimoT/SaveBooking2/Success/Page_Primo Tours  Danmarks bedste c/nextButtonOnLandingPage' is visible

2017-12-04 15:58:57 - [TEST_STEP][PASSED] - scrollToElement: Scroll to object 'Object Repository/PrimoTours/Old Objects/Coco (1)/PrimoT/SaveBooking2/Success/Page_Primo Tours  Danmarks bedste c/nextButtonOnLandingPage' successfully

2017-12-04 15:58:57 - [MESSAGE][PASSED] - Scroll to object 'Object Repository/PrimoTours/Old Objects/Coco (1)/PrimoT/SaveBooking2/Success/Page_Primo Tours  Danmarks bedste c/nextButtonOnLandingPage' successfully

2017-12-04 15:58:57 - [TEST_STEP][PASSED] - click: Object: 'Object Repository/PrimoTours/Old Objects/Coco (1)/PrimoT/SaveBooking2/Success/Page_Primo Tours  Danmarks bedste c/nextButtonOnLandingPage' is clicked on

2017-12-04 15:58:57 - [MESSAGE][PASSED] - Object: 'Object Repository/PrimoTours/Old Objects/Coco (1)/PrimoT/SaveBooking2/Success/Page_Primo Tours  Danmarks bedste c/nextButtonOnLandingPage' is clicked on

2017-12-04 15:58:57 - [TEST_STEP][PASSED] - delay: Delayed 3 second(s)

2017-12-04 15:59:00 - [MESSAGE][PASSED] - Delayed 3 second(s)

2017-12-04 15:59:00 - [TEST_STEP][PASSED] - waitForElementNotVisible: Object 'Object Repository/PrimoTours/Old Objects/CCenter/pageLoaderOverlayLayer' is NOT visible

2017-12-04 15:59:00 - [MESSAGE][PASSED] - Object 'Object Repository/PrimoTours/Old Objects/CCenter/pageLoaderOverlayLayer' is NOT visible

2017-12-04 15:59:00 - [TEST_STEP][PASSED] - scrollToElement: Scroll to object 'Object Repository/PrimoTours/Old Objects/Coco/PrimoT/Ins2/Page_Primo Tours  Danmarks bedste c/travelInsuranceFirstPaxSelector' successfully

2017-12-04 15:59:00 - [MESSAGE][PASSED] - Scroll to object 'Object Repository/PrimoTours/Old Objects/Coco/PrimoT/Ins2/Page_Primo Tours  Danmarks bedste c/travelInsuranceFirstPaxSelector' successfully

2017-12-04 15:59:00 - [TEST_STEP][PASSED] - waitForElementPresent: Object 'Object Repository/PrimoTours/Old Objects/Coco/PrimoT/Ins2/Page_Primo Tours  Danmarks bedste c/travelInsuranceFirstPaxSelector' is present

2017-12-04 15:59:00 - [MESSAGE][PASSED] - Object 'Object Repository/PrimoTours/Old Objects/Coco/PrimoT/Ins2/Page_Primo Tours  Danmarks bedste c/travelInsuranceFirstPaxSelector' is present

2017-12-04 15:59:00 - [TEST_STEP][PASSED] - waitForElementVisible: Object 'Object Repository/PrimoTours/Old Objects/Coco/PrimoT/Ins2/Page_Primo Tours  Danmarks bedste c/travelInsuranceFirstPaxSelector' is visible

2017-12-04 15:59:00 - [MESSAGE][PASSED] - Object 'Object Repository/PrimoTours/Old Objects/Coco/PrimoT/Ins2/Page_Primo Tours  Danmarks bedste c/travelInsuranceFirstPaxSelector' is visible

2017-12-04 15:59:00 - [TEST_STEP][PASSED] - waitForElementClickable: Object 'Object Repository/PrimoTours/Old Objects/Coco/PrimoT/Ins2/Page_Primo Tours  Danmarks bedste c/travelInsuranceFirstPaxSelector' is clickable

2017-12-04 15:59:00 - [MESSAGE][PASSED] - Object 'Object Repository/PrimoTours/Old Objects/Coco/PrimoT/Ins2/Page_Primo Tours  Danmarks bedste c/travelInsuranceFirstPaxSelector' is clickable

2017-12-04 15:59:00 - [TEST_STEP][PASSED] - click: Object: 'Object Repository/PrimoTours/Old Objects/Coco/PrimoT/Ins2/Page_Primo Tours  Danmarks bedste c/travelInsuranceFirstPaxSelector' is clicked on

2017-12-04 15:59:00 - [MESSAGE][PASSED] - Object: 'Object Repository/PrimoTours/Old Objects/Coco/PrimoT/Ins2/Page_Primo Tours  Danmarks bedste c/travelInsuranceFirstPaxSelector' is clicked on

2017-12-04 15:59:00 - [TEST_STEP][PASSED] - Statement - Try: Object: 'Object Repository/PrimoTours/Old Objects/Coco/PrimoT/Ins2/Page_Primo Tours  Danmarks bedste c/firstTravelInsuranceOption' is clicked on

2017-12-04 15:59:00 - [TEST_STEP][PASSED] - click: Object: 'Object Repository/PrimoTours/Old Objects/Coco/PrimoT/Ins2/Page_Primo Tours  Danmarks bedste c/firstTravelInsuranceOption' is clicked on

2017-12-04 15:59:01 - [MESSAGE][PASSED] - Object: 'Object Repository/PrimoTours/Old Objects/Coco/PrimoT/Ins2/Page_Primo Tours  Danmarks bedste c/firstTravelInsuranceOption' is clicked on

2017-12-04 15:59:01 - [TEST_STEP][NOT_RUN] - click: NOT_RUN: click

2017-12-04 15:59:01 - [MESSAGE][NOT_RUN] - NOT_RUN: click

2017-12-04 15:59:01 - [TEST_STEP][NOT_RUN] - scrollToElement: NOT_RUN: scrollToElement

2017-12-04 15:59:01 - [MESSAGE][NOT_RUN] - NOT_RUN: scrollToElement

2017-12-04 15:59:01 - [TEST_STEP][NOT_RUN] - click: NOT_RUN: click

2017-12-04 15:59:01 - [MESSAGE][NOT_RUN] - NOT_RUN: click

2017-12-04 15:59:01 - [TEST_STEP][PASSED] - waitForElementVisible: Object 'Object Repository/PrimoTours/Old Objects/Coco (1)/PrimoT/SaveBooking2/Page_Primo Tours  Danmarks bedste c/individualInsuranceCheckbox' is visible

2017-12-04 15:59:01 - [MESSAGE][PASSED] - Object 'Object Repository/PrimoTours/Old Objects/Coco (1)/PrimoT/SaveBooking2/Page_Primo Tours  Danmarks bedste c/individualInsuranceCheckbox' is visible

2017-12-04 15:59:01 - [TEST_STEP][PASSED] - scrollToElement: Scroll to object 'Object Repository/PrimoTours/Old Objects/Coco (1)/PrimoT/SaveBooking2/Page_Primo Tours  Danmarks bedste c/individualInsuranceCheckbox' successfully

2017-12-04 15:59:01 - [MESSAGE][PASSED] - Scroll to object 'Object Repository/PrimoTours/Old Objects/Coco (1)/PrimoT/SaveBooking2/Page_Primo Tours  Danmarks bedste c/individualInsuranceCheckbox' successfully

2017-12-04 15:59:01 - [TEST_STEP][PASSED] - click: Object: 'Object Repository/PrimoTours/Old Objects/Coco (1)/PrimoT/SaveBooking2/Page_Primo Tours  Danmarks bedste c/individualInsuranceCheckbox' is clicked on

2017-12-04 15:59:01 - [MESSAGE][PASSED] - Object: 'Object Repository/PrimoTours/Old Objects/Coco (1)/PrimoT/SaveBooking2/Page_Primo Tours  Danmarks bedste c/individualInsuranceCheckbox' is clicked on

2017-12-04 15:59:01 - [TEST_STEP][PASSED] - scrollToElement: Scroll to object 'Object Repository/PrimoTours/Old Objects/Coco (1)/PrimoT/SaveBooking2/Success/firstProdCategIndividualSelectionRadioB' successfully

2017-12-04 15:59:01 - [MESSAGE][PASSED] - Scroll to object 'Object Repository/PrimoTours/Old Objects/Coco (1)/PrimoT/SaveBooking2/Success/firstProdCategIndividualSelectionRadioB' successfully

2017-12-04 15:59:01 - [TEST_STEP][PASSED] - waitForElementClickable: Object 'Object Repository/PrimoTours/Old Objects/Coco (1)/PrimoT/SaveBooking2/Success/firstProdCategIndividualSelectionRadioB' is clickable

2017-12-04 15:59:01 - [MESSAGE][PASSED] - Object 'Object Repository/PrimoTours/Old Objects/Coco (1)/PrimoT/SaveBooking2/Success/firstProdCategIndividualSelectionRadioB' is clickable

2017-12-04 15:59:01 - [TEST_STEP][PASSED] - scrollToElement: Scroll to object 'Object Repository/PrimoTours/Old Objects/Coco (1)/PrimoT/SaveBooking2/Success/firstProdCategIndividualSelectionRadioB' successfully

2017-12-04 15:59:01 - [MESSAGE][PASSED] - Scroll to object 'Object Repository/PrimoTours/Old Objects/Coco (1)/PrimoT/SaveBooking2/Success/firstProdCategIndividualSelectionRadioB' successfully

2017-12-04 15:59:01 - [TEST_STEP][PASSED] - click: Object: 'Object Repository/PrimoTours/Old Objects/Coco (1)/PrimoT/SaveBooking2/Success/firstProdCategIndividualSelectionRadioB' is clicked on

2017-12-04 15:59:01 - [MESSAGE][PASSED] - Object: 'Object Repository/PrimoTours/Old Objects/Coco (1)/PrimoT/SaveBooking2/Success/firstProdCategIndividualSelectionRadioB' is clicked on

2017-12-04 15:59:01 - [TEST_STEP][PASSED] - scrollToElement: Scroll to object 'Object Repository/PrimoTours/Old Objects/Coco (1)/PrimoT/SaveBooking2/Success/firstProdCategSelectForAllPaxCheckbox' successfully

2017-12-04 15:59:01 - [MESSAGE][PASSED] - Scroll to object 'Object Repository/PrimoTours/Old Objects/Coco (1)/PrimoT/SaveBooking2/Success/firstProdCategSelectForAllPaxCheckbox' successfully

2017-12-04 15:59:01 - [TEST_STEP][PASSED] - waitForElementClickable: Object 'Object Repository/PrimoTours/Old Objects/Coco (1)/PrimoT/SaveBooking2/Success/firstProdCategSelectForAllPaxCheckbox' is clickable

2017-12-04 15:59:02 - [MESSAGE][PASSED] - Object 'Object Repository/PrimoTours/Old Objects/Coco (1)/PrimoT/SaveBooking2/Success/firstProdCategSelectForAllPaxCheckbox' is clickable

2017-12-04 15:59:02 - [TEST_STEP][PASSED] - click: Object: 'Object Repository/PrimoTours/Old Objects/Coco (1)/PrimoT/SaveBooking2/Success/firstProdCategSelectForAllPaxCheckbox' is clicked on

2017-12-04 15:59:02 - [MESSAGE][PASSED] - Object: 'Object Repository/PrimoTours/Old Objects/Coco (1)/PrimoT/SaveBooking2/Success/firstProdCategSelectForAllPaxCheckbox' is clicked on

2017-12-04 15:59:02 - [TEST_STEP][NOT_RUN] - scrollToElement: NOT_RUN: scrollToElement

2017-12-04 15:59:02 - [MESSAGE][NOT_RUN] - NOT_RUN: scrollToElement

2017-12-04 15:59:02 - [TEST_STEP][NOT_RUN] - scrollToElement: NOT_RUN: scrollToElement

2017-12-04 15:59:02 - [MESSAGE][NOT_RUN] - NOT_RUN: scrollToElement

2017-12-04 15:59:02 - [TEST_STEP][NOT_RUN] - click: NOT_RUN: click

2017-12-04 15:59:02 - [MESSAGE][NOT_RUN] - NOT_RUN: click

2017-12-04 15:59:02 - [TEST_STEP][PASSED] - scrollToElement: Scroll to object 'Object Repository/PrimoTours/ConfirmationPage/labelForAgreeTermsAndConditions' successfully

2017-12-04 15:59:02 - [MESSAGE][PASSED] - Scroll to object 'Object Repository/PrimoTours/ConfirmationPage/labelForAgreeTermsAndConditions' successfully

2017-12-04 15:59:02 - [TEST_STEP][PASSED] - waitForElementClickable: Object 'Object Repository/PrimoTours/ConfirmationPage/labelForAgreeTermsAndConditions' is clickable

2017-12-04 15:59:02 - [MESSAGE][PASSED] - Object 'Object Repository/PrimoTours/ConfirmationPage/labelForAgreeTermsAndConditions' is clickable

2017-12-04 15:59:02 - [TEST_STEP][PASSED] - click: Object: 'Object Repository/PrimoTours/ConfirmationPage/labelForAgreeTermsAndConditions' is clicked on

2017-12-04 15:59:02 - [MESSAGE][PASSED] - Object: 'Object Repository/PrimoTours/ConfirmationPage/labelForAgreeTermsAndConditions' is clicked on

2017-12-04 15:59:02 - [TEST_STEP][PASSED] - scrollToElement: Scroll to object 'Object Repository/PrimoTours/ConfirmationPage/placeBookingButton' successfully

2017-12-04 15:59:02 - [MESSAGE][PASSED] - Scroll to object 'Object Repository/PrimoTours/ConfirmationPage/placeBookingButton' successfully

2017-12-04 15:59:02 - [TEST_STEP][PASSED] - delay: Delayed 1 second(s)

2017-12-04 15:59:03 - [MESSAGE][PASSED] - Delayed 1 second(s)

2017-12-04 15:59:03 - [TEST_STEP][PASSED] - waitForElementClickable: Object 'Object Repository/PrimoTours/ConfirmationPage/placeBookingButton' is clickable

2017-12-04 15:59:03 - [MESSAGE][PASSED] - Object 'Object Repository/PrimoTours/ConfirmationPage/placeBookingButton' is clickable

2017-12-04 15:59:03 - [TEST_STEP][PASSED] - Statement - Try: Object: 'Object Repository/PrimoTours/ConfirmationPage/placeBookingButton' is clicked on

2017-12-04 15:59:03 - [TEST_STEP][PASSED] - click: Object: 'Object Repository/PrimoTours/ConfirmationPage/placeBookingButton' is clicked on

2017-12-04 15:59:04 - [MESSAGE][PASSED] - Object: 'Object Repository/PrimoTours/ConfirmationPage/placeBookingButton' is clicked on

2017-12-04 15:59:04 - [TEST_STEP][PASSED] - delay: Delayed 3 second(s)

2017-12-04 15:59:07 - [MESSAGE][PASSED] - Delayed 3 second(s)

2017-12-04 15:59:07 - [TEST_STEP][PASSED] - waitForPageLoad: Wait for page load successfully

2017-12-04 15:59:07 - [MESSAGE][PASSED] - Wait for page load successfully

2017-12-04 15:59:07 - [TEST_STEP][PASSED] - delay: Delayed 3 second(s)

2017-12-04 15:59:10 - [MESSAGE][PASSED] - Delayed 3 second(s)

2017-12-04 15:59:10 - [TEST_STEP][PASSED] - waitForElementPresent: Object 'Object Repository/PrimoTours/Old Objects/ThankYouPage/bookingNoContainer' is present

2017-12-04 15:59:10 - [MESSAGE][PASSED] - Object 'Object Repository/PrimoTours/Old Objects/ThankYouPage/bookingNoContainer' is present

2017-12-04 15:59:10 - [TEST_STEP][PASSED] - waitForJQueryLoad: jQuery is ready.

2017-12-04 15:59:11 - [MESSAGE][PASSED] - jQuery is ready.

2017-12-04 15:59:11 - [TEST_STEP][PASSED] - waitForElementPresent: Object 'Object Repository/PrimoTours/Old Objects/CCenter/pageLoaderOverlayLayer' is present

2017-12-04 15:59:11 - [MESSAGE][PASSED] - Object 'Object Repository/PrimoTours/Old Objects/CCenter/pageLoaderOverlayLayer' is present

2017-12-04 15:59:11 - [TEST_STEP][PASSED] - waitForElementPresent: Object 'Object Repository/PrimoTours/Old Objects/CCenter/pageLoaderOverlayLayer' is present

2017-12-04 15:59:11 - [MESSAGE][PASSED] - Object 'Object Repository/PrimoTours/Old Objects/CCenter/pageLoaderOverlayLayer' is present

2017-12-04 15:59:11 - [TEST_STEP][PASSED] - waitForElementNotVisible: Object 'Object Repository/PrimoTours/Old Objects/CCenter/pageLoaderOverlayLayer' is NOT visible

2017-12-04 15:59:11 - [MESSAGE][PASSED] - Object 'Object Repository/PrimoTours/Old Objects/CCenter/pageLoaderOverlayLayer' is NOT visible

2017-12-04 15:59:11 - [TEST_STEP][PASSED] - waitForElementPresent: Object 'Object Repository/PrimoTours/Old Objects/ThankYouPage/bookingNoContainer' is present

2017-12-04 15:59:11 - [MESSAGE][PASSED] - Object 'Object Repository/PrimoTours/Old Objects/ThankYouPage/bookingNoContainer' is present

2017-12-04 15:59:11 - [TEST_STEP][PASSED] - waitForElementClickable: Object 'Object Repository/PrimoTours/Old Objects/ThankYouPage/bookingNoContainer' is clickable

2017-12-04 15:59:11 - [MESSAGE][PASSED] - Object 'Object Repository/PrimoTours/Old Objects/ThankYouPage/bookingNoContainer' is clickable

2017-12-04 15:59:11 - [TEST_STEP][PASSED] - verifyElementVisible: Object 'Object Repository/PrimoTours/Old Objects/ThankYouPage/bookingNoContainer' is visible

2017-12-04 15:59:11 - [MESSAGE][PASSED] - Object 'Object Repository/PrimoTours/Old Objects/ThankYouPage/bookingNoContainer' is visible

2017-12-04 15:59:11 - [TEST_STEP][PASSED] - verifyElementVisible: Object 'Object Repository/PrimoTours/Old Objects/ThankYouPage/bookingTotalInfo' is visible

2017-12-04 15:59:11 - [MESSAGE][PASSED] - Object 'Object Repository/PrimoTours/Old Objects/ThankYouPage/bookingTotalInfo' is visible

2017-12-04 15:59:11 - [TEST_STEP][PASSED] - verifyElementVisible: Object 'Object Repository/PrimoTours/Old Objects/ThankYouPage/bookingTotalPriceBar' is visible

2017-12-04 15:59:11 - [MESSAGE][PASSED] - Object 'Object Repository/PrimoTours/Old Objects/ThankYouPage/bookingTotalPriceBar' is visible

2017-12-04 15:59:11 - [TEST_STEP][PASSED] - verifyElementVisible: Object 'Object Repository/PrimoTours/Old Objects/ThankYouPage/printTicketSpan' is visible

2017-12-04 15:59:11 - [MESSAGE][PASSED] - Object 'Object Repository/PrimoTours/Old Objects/ThankYouPage/printTicketSpan' is visible

2017-12-04 15:59:11 - [TEST_STEP][PASSED] - waitForElementClickable: Object 'Object Repository/PrimoTours/Old Objects/ThankYouPage/printTicketSpan' is clickable

2017-12-04 15:59:11 - [MESSAGE][PASSED] - Object 'Object Repository/PrimoTours/Old Objects/ThankYouPage/printTicketSpan' is clickable

2017-12-04 15:59:11 - [TEST_STEP][PASSED] - waitForElementNotVisible: Object 'Object Repository/PrimoTours/Old Objects/CCenter/pageLoaderOverlayLayer' is NOT visible

2017-12-04 15:59:11 - [MESSAGE][PASSED] - Object 'Object Repository/PrimoTours/Old Objects/CCenter/pageLoaderOverlayLayer' is NOT visible

2017-12-04 15:59:11 - [TEST_STEP][PASSED] - Statement - Try: Object: 'Object Repository/PrimoTours/Old Objects/ThankYouPage/printTicketSpan' is clicked on

2017-12-04 15:59:11 - [TEST_STEP][PASSED] - click: Object: 'Object Repository/PrimoTours/Old Objects/ThankYouPage/printTicketSpan' is clicked on

2017-12-04 15:59:16 - [MESSAGE][PASSED] - Object: 'Object Repository/PrimoTours/Old Objects/ThankYouPage/printTicketSpan' is clicked on

2017-12-04 15:59:16 - [TEST_STEP][PASSED] - delay: Delayed 2 second(s)

2017-12-04 15:59:18 - [MESSAGE][PASSED] - Delayed 2 second(s)

2017-12-04 15:59:18 - [TEST_STEP][PASSED] - waitForElementVisible: Object 'Object Repository/PrimoTours/Old Objects/ThankYouPage/cCenterButton' is visible

2017-12-04 15:59:18 - [MESSAGE][PASSED] - Object 'Object Repository/PrimoTours/Old Objects/ThankYouPage/cCenterButton' is visible

2017-12-04 15:59:18 - [TEST_STEP][PASSED] - waitForElementClickable: Object 'Object Repository/PrimoTours/Old Objects/ThankYouPage/cCenterButton' is clickable

2017-12-04 15:59:18 - [MESSAGE][PASSED] - Object 'Object Repository/PrimoTours/Old Objects/ThankYouPage/cCenterButton' is clickable

2017-12-04 15:59:18 - [TEST_STEP][PASSED] - click: Object: 'Object Repository/PrimoTours/Old Objects/ThankYouPage/cCenterButton' is clicked on

2017-12-04 15:59:18 - [MESSAGE][PASSED] - Object: 'Object Repository/PrimoTours/Old Objects/ThankYouPage/cCenterButton' is clicked on

2017-12-04 15:59:18 - [TEST_STEP][PASSED] - waitForPageLoad: Wait for page load successfully

2017-12-04 15:59:18 - [MESSAGE][PASSED] - Wait for page load successfully

2017-12-04 15:59:18 - [TEST_STEP][PASSED] - waitForJQueryLoad: jQuery is ready.

2017-12-04 15:59:18 - [MESSAGE][PASSED] - jQuery is ready.

2017-12-04 15:59:18 - [TEST_STEP][PASSED] - waitForElementPresent: Object 'Object Repository/PrimoTours/Old Objects/CCenter/pageLoaderOverlayLayer' is present

2017-12-04 15:59:18 - [MESSAGE][PASSED] - Object 'Object Repository/PrimoTours/Old Objects/CCenter/pageLoaderOverlayLayer' is present

2017-12-04 15:59:18 - [TEST_STEP][PASSED] - waitForElementNotVisible: Object 'Object Repository/PrimoTours/Old Objects/CCenter/pageLoaderOverlayLayer' is NOT visible

2017-12-04 15:59:18 - [MESSAGE][PASSED] - Object 'Object Repository/PrimoTours/Old Objects/CCenter/pageLoaderOverlayLayer' is NOT visible

2017-12-04 15:59:18 - [TEST_STEP][PASSED] - verifyElementVisible: Object 'Object Repository/PrimoTours/Old Objects/ThankYouPage/bookingNoContainer' is visible

2017-12-04 15:59:18 - [MESSAGE][PASSED] - Object 'Object Repository/PrimoTours/Old Objects/ThankYouPage/bookingNoContainer' is visible

2017-12-04 15:59:18 - [TEST_STEP][PASSED] - verifyElementVisible: Object 'Object Repository/PrimoTours/Old Objects/ThankYouPage/bookingTotalPriceBar' is visible

2017-12-04 15:59:19 - [MESSAGE][PASSED] - Object 'Object Repository/PrimoTours/Old Objects/ThankYouPage/bookingTotalPriceBar' is visible

2017-12-04 15:59:19 - [TEST_STEP][PASSED] - delay: Delayed 1 second(s)

2017-12-04 15:59:20 - [MESSAGE][PASSED] - Delayed 1 second(s)]]></system-out>
         <system-err><![CDATA[]]></system-err>
      </testcase>
      <testcase name="Test Cases/PrimoTours/WB Primo/WB Primo staging - place booking - Iteration 4" classname="Test Cases/PrimoTours/WB Primo/WB Primo staging - place booking" status="PASSED">
         <system-out><![CDATA[2017-12-04 15:59:20 - [TEST_CASE][PASSED] - Test Cases/PrimoTours/WB Primo/WB Primo staging - place booking - Iteration 4: Test Cases/PrimoTours/WB Primo/WB Primo staging - place booking

2017-12-04 15:59:20 - [TEST_STEP][PASSED] - openBrowser: Browser is opened with url: ''

2017-12-04 15:59:20 - [MESSAGE][WARNING] - A browser is already opened. Closing browser and opening a new one

2017-12-04 15:59:22 - [MESSAGE][PASSED] - Browser is opened with url: ''

2017-12-04 15:59:22 - [TEST_STEP][PASSED] - maximizeWindow: Current window maximized

2017-12-04 15:59:24 - [MESSAGE][PASSED] - Current window maximized

2017-12-04 15:59:24 - [TEST_STEP][PASSED] - navigateToUrl: Navigate to 'https://staging-primotours-webbooking.tourpaq.com/DoBooking.aspx?pltaID=1480269&p=1&rno=2&pt=1&a=4&c=4&aa=&ca=1,4|0,5' successfully

2017-12-04 15:59:26 - [MESSAGE][PASSED] - Navigate to 'https://staging-primotours-webbooking.tourpaq.com/DoBooking.aspx?pltaID=1480269&p=1&rno=2&pt=1&a=4&c=4&aa=&ca=1,4|0,5' successfully

2017-12-04 15:59:26 - [TEST_STEP][PASSED] - Statement - excelInfo = ["fname":"", "lname":"", "pgender":"", "pday":"", "pmonth":"", "pyear":""]: null

2017-12-04 15:59:26 - [TEST_STEP][PASSED] - Statement - rawData = com.kms.katalon.core.testdata.TestDataFactory.findTestData("Data Files/WB_Primo/Passenger_details"): Reading excel file with source file 'D:\Software testing\Tourpaq\Automated Katalon tests\Primo WB test\Data Files\Primo_URLs_For_Automated_Test.xls' and sheet name 'Passenger Names'

2017-12-04 15:59:26 - [TEST_STEP][PASSED] - Statement - excelRowNo = rawData.getRowNumbers(): null

2017-12-04 15:59:26 - [TEST_STEP][PASSED] - Statement - randomPaxIndex = java.lang.Math.abs(new java.util.Random().nextInt() % excelRowNo) + 1: null

2017-12-04 15:59:26 - [TEST_STEP][PASSED] - Statement - fname = rawData.getValue("FirstName", randomPaxIndex): null

2017-12-04 15:59:26 - [TEST_STEP][PASSED] - Statement - lname = rawData.getValue("LastName", randomPaxIndex): null

2017-12-04 15:59:26 - [TEST_STEP][PASSED] - Statement - pgender = rawData.getValue("Gender", randomPaxIndex): null

2017-12-04 15:59:26 - [TEST_STEP][PASSED] - setText: Text 'Hansen AUT' is set on object 'Object Repository/PrimoTours/Old Objects/Coco/PrimoT/Page_Primo Tours  Danmarks bedste c/input_firstName'

2017-12-04 15:59:26 - [MESSAGE][PASSED] - Text 'Hansen AUT' is set on object 'Object Repository/PrimoTours/Old Objects/Coco/PrimoT/Page_Primo Tours  Danmarks bedste c/input_firstName'

2017-12-04 15:59:26 - [TEST_STEP][PASSED] - setText: Text 'Lene' is set on object 'Object Repository/PrimoTours/Old Objects/Coco/PrimoT/Page_Primo Tours  Danmarks bedste c/input_lastName'

2017-12-04 15:59:27 - [MESSAGE][PASSED] - Text 'Lene' is set on object 'Object Repository/PrimoTours/Old Objects/Coco/PrimoT/Page_Primo Tours  Danmarks bedste c/input_lastName'

2017-12-04 15:59:27 - [TEST_STEP][PASSED] - click: Object: 'Object Repository/PrimoTours/LandingPage/customerGender' is clicked on

2017-12-04 15:59:27 - [MESSAGE][PASSED] - Object: 'Object Repository/PrimoTours/LandingPage/customerGender' is clicked on

2017-12-04 15:59:27 - [TEST_STEP][PASSED] - setText: Text 'Home address' is set on object 'Object Repository/PrimoTours/Old Objects/Coco/PrimoT/Page_Primo Tours  Danmarks bedste c/input_customerAddress'

2017-12-04 15:59:27 - [MESSAGE][PASSED] - Text 'Home address' is set on object 'Object Repository/PrimoTours/Old Objects/Coco/PrimoT/Page_Primo Tours  Danmarks bedste c/input_customerAddress'

2017-12-04 15:59:27 - [TEST_STEP][PASSED] - setText: Text '6700' is set on object 'Object Repository/PrimoTours/Old Objects/Coco/PrimoT/Page_Primo Tours  Danmarks bedste c/input_customerPostcode'

2017-12-04 15:59:27 - [MESSAGE][PASSED] - Text '6700' is set on object 'Object Repository/PrimoTours/Old Objects/Coco/PrimoT/Page_Primo Tours  Danmarks bedste c/input_customerPostcode'

2017-12-04 15:59:27 - [TEST_STEP][PASSED] - setText: Text 'cornel.neacsu@roweb.ro' is set on object 'Object Repository/PrimoTours/Old Objects/Coco/PrimoT/Page_Primo Tours  Danmarks bedste c/input_customerEmail'

2017-12-04 15:59:28 - [MESSAGE][PASSED] - Text 'cornel.neacsu@roweb.ro' is set on object 'Object Repository/PrimoTours/Old Objects/Coco/PrimoT/Page_Primo Tours  Danmarks bedste c/input_customerEmail'

2017-12-04 15:59:28 - [TEST_STEP][PASSED] - setText: Text '12345678' is set on object 'Object Repository/PrimoTours/Old Objects/Coco/PrimoT/Page_Primo Tours  Danmarks bedste c/input_customerPhone'

2017-12-04 15:59:28 - [MESSAGE][PASSED] - Text '12345678' is set on object 'Object Repository/PrimoTours/Old Objects/Coco/PrimoT/Page_Primo Tours  Danmarks bedste c/input_customerPhone'

2017-12-04 15:59:28 - [TEST_STEP][PASSED] - waitForElementClickable: Object 'Object Repository/PrimoTours/Old Objects/Coco/PrimoT/Page_Primo Tours  Danmarks bedste c/input_firstname-0_1' is clickable

2017-12-04 15:59:29 - [MESSAGE][PASSED] - Object 'Object Repository/PrimoTours/Old Objects/Coco/PrimoT/Page_Primo Tours  Danmarks bedste c/input_firstname-0_1' is clickable

2017-12-04 15:59:29 - [TEST_STEP][PASSED] - Statement - driver = com.kms.katalon.core.webui.driver.DriverFactory.getWebDriver(): null

2017-12-04 15:59:29 - [TEST_STEP][PASSED] - Statement - roomContainerXpath = "id("roomAndStaticOptionsContainer")/div[@class="row"]/div[@class="col-md-12 roomContainer"]": null

2017-12-04 15:59:29 - [TEST_STEP][PASSED] - Statement - roomsCount = driver.findElements(org.openqa.selenium.By.xpath(roomContainerXpath)).size(): null

2017-12-04 15:59:29 - [TEST_STEP][PASSED] - Statement - println("roomsCount=" + roomsCount): null

2017-12-04 15:59:29 - [TEST_STEP][PASSED] - Statement - For ([i = 1, i <= roomsCount, (i++)]): Object: 'Object Repository/PrimoTours/LandingPage/secondPaxFirstNameField' is clicked on

2017-12-04 15:59:29 - [TEST_STEP][PASSED] - Statement - paxInRoomXpath = "id("passengersContainer_" + i - 1 + "")/div[@class="col-md-12"]/div[@class="row"]": null

2017-12-04 15:59:29 - [TEST_STEP][PASSED] - Statement - println("paxInRoomXpath=" + paxInRoomXpath): null

2017-12-04 15:59:29 - [TEST_STEP][PASSED] - Statement - paxInRoomCount = driver.findElements(org.openqa.selenium.By.xpath(paxInRoomXpath)).size(): null

2017-12-04 15:59:29 - [TEST_STEP][PASSED] - Statement - println("paxInRoomCount=" + paxInRoomCount): null

2017-12-04 15:59:29 - [TEST_STEP][PASSED] - Statement - For ([j = 1, j <= paxInRoomCount, (j++)]): Object: 'Object Repository/PrimoTours/LandingPage/secondPaxFirstNameField' is clicked on

2017-12-04 15:59:29 - [TEST_STEP][PASSED] - Statement - If (i == 1 & j == 1): null

2017-12-04 15:59:29 - [TEST_STEP][PASSED] - Statement - <not implemented yet for class: org.codehaus.groovy.ast.stmt.ContinueStatement>: null

2017-12-04 15:59:29 - [TEST_STEP][PASSED] - Statement - If (i == 1 & j == 1): null

2017-12-04 15:59:29 - [TEST_STEP][PASSED] - Statement - randomPaxIndex = java.lang.Math.abs(new java.util.Random().nextInt() % excelRowNo) + 1: null

2017-12-04 15:59:29 - [TEST_STEP][PASSED] - Statement - fname = rawData.getValue("FirstName", randomPaxIndex) + " AUT": null

2017-12-04 15:59:29 - [TEST_STEP][PASSED] - Statement - lname = rawData.getValue("LastName", randomPaxIndex): null

2017-12-04 15:59:29 - [TEST_STEP][PASSED] - Statement - pgender = rawData.getValue("Gender", randomPaxIndex): null

2017-12-04 15:59:29 - [TEST_STEP][PASSED] - Statement - pday = rawData.getValue("Day DOB", randomPaxIndex): null

2017-12-04 15:59:29 - [TEST_STEP][PASSED] - Statement - pmonth = rawData.getValue("Month DOB", randomPaxIndex): null

2017-12-04 15:59:29 - [TEST_STEP][PASSED] - Statement - pyear = rawData.getValue("Year DOB", randomPaxIndex): null

2017-12-04 15:59:29 - [TEST_STEP][PASSED] - Statement - paxDetailFields = paxInRoomXpath + "[" + j + "]/div[@class="col-md-x col-md-9"]/div[@class="row paxContainer"][1]/div[contains(@class,"paxAttribute")]": null

2017-12-04 15:59:29 - [TEST_STEP][PASSED] - Statement - xpathval = paxDetailFields + "[1]/div[contains(@class,"form-group")]/input[contains(@class,"paxFirstName")]": null

2017-12-04 15:59:29 - [TEST_STEP][PASSED] - Statement - println("fn: " + xpathval): null

2017-12-04 15:59:29 - [TEST_STEP][PASSED] - Statement - repObj = com.kms.katalon.core.testobject.ObjectRepository.findTestObject(Object Repository/PrimoTours/LandingPage/secondPaxFirstNameField): Finding Test Object with id 'Object Repository/PrimoTours/LandingPage/secondPaxFirstNameField'

2017-12-04 15:59:29 - [TEST_STEP][PASSED] - Statement - repObj.findProperty("xpath").setValue(xpathval): null

2017-12-04 15:59:29 - [TEST_STEP][PASSED] - setText: Text 'Basse Hansen AUT' is set on object 'Object Repository/PrimoTours/LandingPage/secondPaxFirstNameField'

2017-12-04 15:59:30 - [MESSAGE][PASSED] - Text 'Basse Hansen AUT' is set on object 'Object Repository/PrimoTours/LandingPage/secondPaxFirstNameField'

2017-12-04 15:59:30 - [TEST_STEP][PASSED] - Statement - xpathval = paxDetailFields + "[2]/div[contains(@class,"form-group")]/input[contains(@class,"paxLastName")]": null

2017-12-04 15:59:30 - [TEST_STEP][PASSED] - Statement - println("ln: " + xpathval): null

2017-12-04 15:59:30 - [TEST_STEP][PASSED] - Statement - repObj = com.kms.katalon.core.testobject.ObjectRepository.findTestObject(Object Repository/PrimoTours/LandingPage/secondPaxFirstNameField): Finding Test Object with id 'Object Repository/PrimoTours/LandingPage/secondPaxFirstNameField'

2017-12-04 15:59:30 - [TEST_STEP][PASSED] - Statement - repObj.findProperty("xpath").setValue(xpathval): null

2017-12-04 15:59:30 - [TEST_STEP][PASSED] - setText: Text 'Jørgen' is set on object 'Object Repository/PrimoTours/LandingPage/secondPaxFirstNameField'

2017-12-04 15:59:30 - [MESSAGE][PASSED] - Text 'Jørgen' is set on object 'Object Repository/PrimoTours/LandingPage/secondPaxFirstNameField'

2017-12-04 15:59:30 - [TEST_STEP][PASSED] - Statement - repObj = com.kms.katalon.core.testobject.ObjectRepository.findTestObject(Object Repository/PrimoTours/LandingPage/secondPaxFirstNameField): Finding Test Object with id 'Object Repository/PrimoTours/LandingPage/secondPaxFirstNameField'

2017-12-04 15:59:30 - [TEST_STEP][PASSED] - Statement - xpathval = paxDetailFields + "[3]/div[contains(@class,"paxGenderSelectorContainer")]/span[contains(@class,"select2 select2-container")]/span[contains(@class,"selection")]/span[contains(@class,"select2-selection")]": null

2017-12-04 15:59:30 - [TEST_STEP][PASSED] - Statement - println("gender: " + xpathval): null

2017-12-04 15:59:30 - [TEST_STEP][PASSED] - Statement - repObj.findProperty("xpath").setValue(xpathval): null

2017-12-04 15:59:30 - [TEST_STEP][PASSED] - click: Object: 'Object Repository/PrimoTours/LandingPage/secondPaxFirstNameField' is clicked on

2017-12-04 15:59:30 - [MESSAGE][PASSED] - Object: 'Object Repository/PrimoTours/LandingPage/secondPaxFirstNameField' is clicked on

2017-12-04 15:59:30 - [TEST_STEP][PASSED] - Statement - If (i == 1 & j == 1): null

2017-12-04 15:59:30 - [TEST_STEP][PASSED] - Statement - randomPaxIndex = java.lang.Math.abs(new java.util.Random().nextInt() % excelRowNo) + 1: null

2017-12-04 15:59:30 - [TEST_STEP][PASSED] - Statement - fname = rawData.getValue("FirstName", randomPaxIndex) + " AUT": null

2017-12-04 15:59:30 - [TEST_STEP][PASSED] - Statement - lname = rawData.getValue("LastName", randomPaxIndex): null

2017-12-04 15:59:30 - [TEST_STEP][PASSED] - Statement - pgender = rawData.getValue("Gender", randomPaxIndex): null

2017-12-04 15:59:30 - [TEST_STEP][PASSED] - Statement - pday = rawData.getValue("Day DOB", randomPaxIndex): null

2017-12-04 15:59:30 - [TEST_STEP][PASSED] - Statement - pmonth = rawData.getValue("Month DOB", randomPaxIndex): null

2017-12-04 15:59:30 - [TEST_STEP][PASSED] - Statement - pyear = rawData.getValue("Year DOB", randomPaxIndex): null

2017-12-04 15:59:30 - [TEST_STEP][PASSED] - Statement - paxDetailFields = paxInRoomXpath + "[" + j + "]/div[@class="col-md-x col-md-9"]/div[@class="row paxContainer"][1]/div[contains(@class,"paxAttribute")]": null

2017-12-04 15:59:30 - [TEST_STEP][PASSED] - Statement - xpathval = paxDetailFields + "[1]/div[contains(@class,"form-group")]/input[contains(@class,"paxFirstName")]": null

2017-12-04 15:59:30 - [TEST_STEP][PASSED] - Statement - println("fn: " + xpathval): null

2017-12-04 15:59:30 - [TEST_STEP][PASSED] - Statement - repObj = com.kms.katalon.core.testobject.ObjectRepository.findTestObject(Object Repository/PrimoTours/LandingPage/secondPaxFirstNameField): Finding Test Object with id 'Object Repository/PrimoTours/LandingPage/secondPaxFirstNameField'

2017-12-04 15:59:30 - [TEST_STEP][PASSED] - Statement - repObj.findProperty("xpath").setValue(xpathval): null

2017-12-04 15:59:30 - [TEST_STEP][PASSED] - setText: Text 'Christensen AUT' is set on object 'Object Repository/PrimoTours/LandingPage/secondPaxFirstNameField'

2017-12-04 15:59:31 - [MESSAGE][PASSED] - Text 'Christensen AUT' is set on object 'Object Repository/PrimoTours/LandingPage/secondPaxFirstNameField'

2017-12-04 15:59:31 - [TEST_STEP][PASSED] - Statement - xpathval = paxDetailFields + "[2]/div[contains(@class,"form-group")]/input[contains(@class,"paxLastName")]": null

2017-12-04 15:59:31 - [TEST_STEP][PASSED] - Statement - println("ln: " + xpathval): null

2017-12-04 15:59:31 - [TEST_STEP][PASSED] - Statement - repObj = com.kms.katalon.core.testobject.ObjectRepository.findTestObject(Object Repository/PrimoTours/LandingPage/secondPaxFirstNameField): Finding Test Object with id 'Object Repository/PrimoTours/LandingPage/secondPaxFirstNameField'

2017-12-04 15:59:31 - [TEST_STEP][PASSED] - Statement - repObj.findProperty("xpath").setValue(xpathval): null

2017-12-04 15:59:31 - [TEST_STEP][PASSED] - setText: Text 'Tinna' is set on object 'Object Repository/PrimoTours/LandingPage/secondPaxFirstNameField'

2017-12-04 15:59:31 - [MESSAGE][PASSED] - Text 'Tinna' is set on object 'Object Repository/PrimoTours/LandingPage/secondPaxFirstNameField'

2017-12-04 15:59:31 - [TEST_STEP][PASSED] - Statement - repObj = com.kms.katalon.core.testobject.ObjectRepository.findTestObject(Object Repository/PrimoTours/LandingPage/secondPaxFirstNameField): Finding Test Object with id 'Object Repository/PrimoTours/LandingPage/secondPaxFirstNameField'

2017-12-04 15:59:31 - [TEST_STEP][PASSED] - Statement - xpathval = paxDetailFields + "[3]/div[contains(@class,"paxGenderSelectorContainer")]/span[contains(@class,"select2 select2-container")]/span[contains(@class,"selection")]/span[contains(@class,"select2-selection")]": null

2017-12-04 15:59:31 - [TEST_STEP][PASSED] - Statement - println("gender: " + xpathval): null

2017-12-04 15:59:31 - [TEST_STEP][PASSED] - Statement - repObj.findProperty("xpath").setValue(xpathval): null

2017-12-04 15:59:31 - [TEST_STEP][PASSED] - click: Unable to click on object 'Object Repository/PrimoTours/LandingPage/secondPaxFirstNameField' (Root cause: org.openqa.selenium.WebDriverException: unknown error: Element <span class="select2-selection select2-selection--single" role="combobox" aria-haspopup="true" aria-expanded="false" tabindex="0" aria-labelledby="select2-gender-0_2-a1-container">...</span> is not clickable at point (1168, 747). Other element would receive the click: <li class="select2-results__option" id="select2-gender-0_1-4z-result-rumm-MS" role="treeitem" aria-selected="false">...</li>
  (Session info: chrome=62.0.3202.94)
  (Driver info: chromedriver=2.33.506120 (e3e53437346286c0bc2d2dc9aa4915ba81d9023f),platform=Windows NT 6.3.9600 x86_64) (WARNING: The server did not provide any stacktrace information)
Command duration or timeout: 0 milliseconds
Build info: version: '3.7.1', revision: '8a0099a', time: '2017-11-06T21:07:36.161Z'
System info: host: 'NEACSUNEW-PC', ip: '10.10.10.211', os.name: 'Windows 8.1', os.arch: 'amd64', os.version: '6.3', java.version: '1.8.0_102'
Driver info: com.kms.katalon.selenium.driver.CChromeDriver
Capabilities {acceptSslCerts: true, applicationCacheEnabled: false, browserConnectionEnabled: false, browserName: chrome, chrome: {chromedriverVersion: 2.33.506120 (e3e53437346286..., userDataDir: C:\Users\Cornel\AppData\Loc...}, cssSelectorsEnabled: true, databaseEnabled: false, handlesAlerts: true, hasTouchScreen: false, javascriptEnabled: true, locationContextEnabled: true, mobileEmulationEnabled: false, nativeEvents: true, networkConnectionEnabled: false, pageLoadStrategy: normal, platform: XP, platformName: XP, rotatable: false, setWindowRect: true, takesHeapSnapshot: true, takesScreenshot: true, unexpectedAlertBehaviour: , unhandledPromptBehavior: , version: 62.0.3202.94, webStorageEnabled: true}
Session ID: fa76bb6fa6b8db15b17e8ab5a61c833b)

2017-12-04 15:59:32 - [MESSAGE][WARNING] - Unable to click on object 'Object Repository/PrimoTours/LandingPage/secondPaxFirstNameField' (Root cause: org.openqa.selenium.WebDriverException: unknown error: Element <span class="select2-selection select2-selection--single" role="combobox" aria-haspopup="true" aria-expanded="false" tabindex="0" aria-labelledby="select2-gender-0_2-a1-container">...</span> is not clickable at point (1168, 747). Other element would receive the click: <li class="select2-results__option" id="select2-gender-0_1-4z-result-rumm-MS" role="treeitem" aria-selected="false">...</li>
  (Session info: chrome=62.0.3202.94)
  (Driver info: chromedriver=2.33.506120 (e3e53437346286c0bc2d2dc9aa4915ba81d9023f),platform=Windows NT 6.3.9600 x86_64) (WARNING: The server did not provide any stacktrace information)
Command duration or timeout: 0 milliseconds
Build info: version: '3.7.1', revision: '8a0099a', time: '2017-11-06T21:07:36.161Z'
System info: host: 'NEACSUNEW-PC', ip: '10.10.10.211', os.name: 'Windows 8.1', os.arch: 'amd64', os.version: '6.3', java.version: '1.8.0_102'
Driver info: com.kms.katalon.selenium.driver.CChromeDriver
Capabilities {acceptSslCerts: true, applicationCacheEnabled: false, browserConnectionEnabled: false, browserName: chrome, chrome: {chromedriverVersion: 2.33.506120 (e3e53437346286..., userDataDir: C:\Users\Cornel\AppData\Loc...}, cssSelectorsEnabled: true, databaseEnabled: false, handlesAlerts: true, hasTouchScreen: false, javascriptEnabled: true, locationContextEnabled: true, mobileEmulationEnabled: false, nativeEvents: true, networkConnectionEnabled: false, pageLoadStrategy: normal, platform: XP, platformName: XP, rotatable: false, setWindowRect: true, takesHeapSnapshot: true, takesScreenshot: true, unexpectedAlertBehaviour: , unhandledPromptBehavior: , version: 62.0.3202.94, webStorageEnabled: true}
Session ID: fa76bb6fa6b8db15b17e8ab5a61c833b)
[[ATTACHMENT|D:\\Software testing\\Tourpaq\\Automated Katalon tests\\Primo WB test\\Reports\\WB Primo From Excel URLs\\20171204_155729\\1512395971946.png]]

2017-12-04 15:59:32 - [TEST_STEP][PASSED] - Statement - If (i == 1 & j == 1): null

2017-12-04 15:59:32 - [TEST_STEP][PASSED] - Statement - randomPaxIndex = java.lang.Math.abs(new java.util.Random().nextInt() % excelRowNo) + 1: null

2017-12-04 15:59:32 - [TEST_STEP][PASSED] - Statement - fname = rawData.getValue("FirstName", randomPaxIndex) + " AUT": null

2017-12-04 15:59:32 - [TEST_STEP][PASSED] - Statement - lname = rawData.getValue("LastName", randomPaxIndex): null

2017-12-04 15:59:32 - [TEST_STEP][PASSED] - Statement - pgender = rawData.getValue("Gender", randomPaxIndex): null

2017-12-04 15:59:32 - [TEST_STEP][PASSED] - Statement - pday = rawData.getValue("Day DOB", randomPaxIndex): null

2017-12-04 15:59:32 - [TEST_STEP][PASSED] - Statement - pmonth = rawData.getValue("Month DOB", randomPaxIndex): null

2017-12-04 15:59:32 - [TEST_STEP][PASSED] - Statement - pyear = rawData.getValue("Year DOB", randomPaxIndex): null

2017-12-04 15:59:32 - [TEST_STEP][PASSED] - Statement - paxDetailFields = paxInRoomXpath + "[" + j + "]/div[@class="col-md-x col-md-9"]/div[@class="row paxContainer"][1]/div[contains(@class,"paxAttribute")]": null

2017-12-04 15:59:32 - [TEST_STEP][PASSED] - Statement - xpathval = paxDetailFields + "[1]/div[contains(@class,"form-group")]/input[contains(@class,"paxFirstName")]": null

2017-12-04 15:59:32 - [TEST_STEP][PASSED] - Statement - println("fn: " + xpathval): null

2017-12-04 15:59:32 - [TEST_STEP][PASSED] - Statement - repObj = com.kms.katalon.core.testobject.ObjectRepository.findTestObject(Object Repository/PrimoTours/LandingPage/secondPaxFirstNameField): Finding Test Object with id 'Object Repository/PrimoTours/LandingPage/secondPaxFirstNameField'

2017-12-04 15:59:32 - [TEST_STEP][PASSED] - Statement - repObj.findProperty("xpath").setValue(xpathval): null

2017-12-04 15:59:32 - [TEST_STEP][PASSED] - setText: Text 'Berwald AUT' is set on object 'Object Repository/PrimoTours/LandingPage/secondPaxFirstNameField'

2017-12-04 15:59:33 - [MESSAGE][PASSED] - Text 'Berwald AUT' is set on object 'Object Repository/PrimoTours/LandingPage/secondPaxFirstNameField'

2017-12-04 15:59:33 - [TEST_STEP][PASSED] - Statement - xpathval = paxDetailFields + "[2]/div[contains(@class,"form-group")]/input[contains(@class,"paxLastName")]": null

2017-12-04 15:59:33 - [TEST_STEP][PASSED] - Statement - println("ln: " + xpathval): null

2017-12-04 15:59:33 - [TEST_STEP][PASSED] - Statement - repObj = com.kms.katalon.core.testobject.ObjectRepository.findTestObject(Object Repository/PrimoTours/LandingPage/secondPaxFirstNameField): Finding Test Object with id 'Object Repository/PrimoTours/LandingPage/secondPaxFirstNameField'

2017-12-04 15:59:33 - [TEST_STEP][PASSED] - Statement - repObj.findProperty("xpath").setValue(xpathval): null

2017-12-04 15:59:33 - [TEST_STEP][PASSED] - setText: Text 'Jane Dahlmann' is set on object 'Object Repository/PrimoTours/LandingPage/secondPaxFirstNameField'

2017-12-04 15:59:33 - [MESSAGE][PASSED] - Text 'Jane Dahlmann' is set on object 'Object Repository/PrimoTours/LandingPage/secondPaxFirstNameField'

2017-12-04 15:59:33 - [TEST_STEP][PASSED] - Statement - repObj = com.kms.katalon.core.testobject.ObjectRepository.findTestObject(Object Repository/PrimoTours/LandingPage/secondPaxFirstNameField): Finding Test Object with id 'Object Repository/PrimoTours/LandingPage/secondPaxFirstNameField'

2017-12-04 15:59:33 - [TEST_STEP][PASSED] - Statement - xpathval = paxDetailFields + "[3]/div[contains(@class,"paxGenderSelectorContainer")]/span[contains(@class,"select2 select2-container")]/span[contains(@class,"selection")]/span[contains(@class,"select2-selection")]": null

2017-12-04 15:59:33 - [TEST_STEP][PASSED] - Statement - println("gender: " + xpathval): null

2017-12-04 15:59:33 - [TEST_STEP][PASSED] - Statement - repObj.findProperty("xpath").setValue(xpathval): null

2017-12-04 15:59:33 - [TEST_STEP][PASSED] - click: Object: 'Object Repository/PrimoTours/LandingPage/secondPaxFirstNameField' is clicked on

2017-12-04 15:59:33 - [MESSAGE][PASSED] - Object: 'Object Repository/PrimoTours/LandingPage/secondPaxFirstNameField' is clicked on

2017-12-04 15:59:33 - [TEST_STEP][PASSED] - Statement - paxInRoomXpath = "id("passengersContainer_" + i - 1 + "")/div[@class="col-md-12"]/div[@class="row"]": null

2017-12-04 15:59:33 - [TEST_STEP][PASSED] - Statement - println("paxInRoomXpath=" + paxInRoomXpath): null

2017-12-04 15:59:33 - [TEST_STEP][PASSED] - Statement - paxInRoomCount = driver.findElements(org.openqa.selenium.By.xpath(paxInRoomXpath)).size(): null

2017-12-04 15:59:33 - [TEST_STEP][PASSED] - Statement - println("paxInRoomCount=" + paxInRoomCount): null

2017-12-04 15:59:33 - [TEST_STEP][PASSED] - Statement - For ([j = 1, j <= paxInRoomCount, (j++)]): Object: 'Object Repository/PrimoTours/LandingPage/secondPaxFirstNameField' is clicked on

2017-12-04 15:59:33 - [TEST_STEP][PASSED] - Statement - If (i == 1 & j == 1): null

2017-12-04 15:59:33 - [TEST_STEP][PASSED] - Statement - randomPaxIndex = java.lang.Math.abs(new java.util.Random().nextInt() % excelRowNo) + 1: null

2017-12-04 15:59:33 - [TEST_STEP][PASSED] - Statement - fname = rawData.getValue("FirstName", randomPaxIndex) + " AUT": null

2017-12-04 15:59:33 - [TEST_STEP][PASSED] - Statement - lname = rawData.getValue("LastName", randomPaxIndex): null

2017-12-04 15:59:33 - [TEST_STEP][PASSED] - Statement - pgender = rawData.getValue("Gender", randomPaxIndex): null

2017-12-04 15:59:33 - [TEST_STEP][PASSED] - Statement - pday = rawData.getValue("Day DOB", randomPaxIndex): null

2017-12-04 15:59:33 - [TEST_STEP][PASSED] - Statement - pmonth = rawData.getValue("Month DOB", randomPaxIndex): null

2017-12-04 15:59:33 - [TEST_STEP][PASSED] - Statement - pyear = rawData.getValue("Year DOB", randomPaxIndex): null

2017-12-04 15:59:33 - [TEST_STEP][PASSED] - Statement - paxDetailFields = paxInRoomXpath + "[" + j + "]/div[@class="col-md-x col-md-9"]/div[@class="row paxContainer"][1]/div[contains(@class,"paxAttribute")]": null

2017-12-04 15:59:33 - [TEST_STEP][PASSED] - Statement - xpathval = paxDetailFields + "[1]/div[contains(@class,"form-group")]/input[contains(@class,"paxFirstName")]": null

2017-12-04 15:59:33 - [TEST_STEP][PASSED] - Statement - println("fn: " + xpathval): null

2017-12-04 15:59:33 - [TEST_STEP][PASSED] - Statement - repObj = com.kms.katalon.core.testobject.ObjectRepository.findTestObject(Object Repository/PrimoTours/LandingPage/secondPaxFirstNameField): Finding Test Object with id 'Object Repository/PrimoTours/LandingPage/secondPaxFirstNameField'

2017-12-04 15:59:33 - [TEST_STEP][PASSED] - Statement - repObj.findProperty("xpath").setValue(xpathval): null

2017-12-04 15:59:33 - [TEST_STEP][PASSED] - setText: Text 'Nielsen AUT' is set on object 'Object Repository/PrimoTours/LandingPage/secondPaxFirstNameField'

2017-12-04 15:59:34 - [MESSAGE][PASSED] - Text 'Nielsen AUT' is set on object 'Object Repository/PrimoTours/LandingPage/secondPaxFirstNameField'

2017-12-04 15:59:34 - [TEST_STEP][PASSED] - Statement - xpathval = paxDetailFields + "[2]/div[contains(@class,"form-group")]/input[contains(@class,"paxLastName")]": null

2017-12-04 15:59:34 - [TEST_STEP][PASSED] - Statement - println("ln: " + xpathval): null

2017-12-04 15:59:34 - [TEST_STEP][PASSED] - Statement - repObj = com.kms.katalon.core.testobject.ObjectRepository.findTestObject(Object Repository/PrimoTours/LandingPage/secondPaxFirstNameField): Finding Test Object with id 'Object Repository/PrimoTours/LandingPage/secondPaxFirstNameField'

2017-12-04 15:59:34 - [TEST_STEP][PASSED] - Statement - repObj.findProperty("xpath").setValue(xpathval): null

2017-12-04 15:59:34 - [TEST_STEP][PASSED] - setText: Text 'John Lisbjerg' is set on object 'Object Repository/PrimoTours/LandingPage/secondPaxFirstNameField'

2017-12-04 15:59:34 - [MESSAGE][PASSED] - Text 'John Lisbjerg' is set on object 'Object Repository/PrimoTours/LandingPage/secondPaxFirstNameField'

2017-12-04 15:59:34 - [TEST_STEP][PASSED] - Statement - repObj = com.kms.katalon.core.testobject.ObjectRepository.findTestObject(Object Repository/PrimoTours/LandingPage/secondPaxFirstNameField): Finding Test Object with id 'Object Repository/PrimoTours/LandingPage/secondPaxFirstNameField'

2017-12-04 15:59:34 - [TEST_STEP][PASSED] - Statement - xpathval = paxDetailFields + "[3]/div[contains(@class,"paxGenderSelectorContainer")]/span[contains(@class,"select2 select2-container")]/span[contains(@class,"selection")]/span[contains(@class,"select2-selection")]": null

2017-12-04 15:59:34 - [TEST_STEP][PASSED] - Statement - println("gender: " + xpathval): null

2017-12-04 15:59:34 - [TEST_STEP][PASSED] - Statement - repObj.findProperty("xpath").setValue(xpathval): null

2017-12-04 15:59:34 - [TEST_STEP][PASSED] - click: Object: 'Object Repository/PrimoTours/LandingPage/secondPaxFirstNameField' is clicked on

2017-12-04 15:59:34 - [MESSAGE][PASSED] - Object: 'Object Repository/PrimoTours/LandingPage/secondPaxFirstNameField' is clicked on

2017-12-04 15:59:34 - [TEST_STEP][PASSED] - Statement - If (i == 1 & j == 1): null

2017-12-04 15:59:34 - [TEST_STEP][PASSED] - Statement - randomPaxIndex = java.lang.Math.abs(new java.util.Random().nextInt() % excelRowNo) + 1: null

2017-12-04 15:59:34 - [TEST_STEP][PASSED] - Statement - fname = rawData.getValue("FirstName", randomPaxIndex) + " AUT": null

2017-12-04 15:59:34 - [TEST_STEP][PASSED] - Statement - lname = rawData.getValue("LastName", randomPaxIndex): null

2017-12-04 15:59:34 - [TEST_STEP][PASSED] - Statement - pgender = rawData.getValue("Gender", randomPaxIndex): null

2017-12-04 15:59:34 - [TEST_STEP][PASSED] - Statement - pday = rawData.getValue("Day DOB", randomPaxIndex): null

2017-12-04 15:59:34 - [TEST_STEP][PASSED] - Statement - pmonth = rawData.getValue("Month DOB", randomPaxIndex): null

2017-12-04 15:59:34 - [TEST_STEP][PASSED] - Statement - pyear = rawData.getValue("Year DOB", randomPaxIndex): null

2017-12-04 15:59:34 - [TEST_STEP][PASSED] - Statement - paxDetailFields = paxInRoomXpath + "[" + j + "]/div[@class="col-md-x col-md-9"]/div[@class="row paxContainer"][1]/div[contains(@class,"paxAttribute")]": null

2017-12-04 15:59:34 - [TEST_STEP][PASSED] - Statement - xpathval = paxDetailFields + "[1]/div[contains(@class,"form-group")]/input[contains(@class,"paxFirstName")]": null

2017-12-04 15:59:34 - [TEST_STEP][PASSED] - Statement - println("fn: " + xpathval): null

2017-12-04 15:59:34 - [TEST_STEP][PASSED] - Statement - repObj = com.kms.katalon.core.testobject.ObjectRepository.findTestObject(Object Repository/PrimoTours/LandingPage/secondPaxFirstNameField): Finding Test Object with id 'Object Repository/PrimoTours/LandingPage/secondPaxFirstNameField'

2017-12-04 15:59:34 - [TEST_STEP][PASSED] - Statement - repObj.findProperty("xpath").setValue(xpathval): null

2017-12-04 15:59:34 - [TEST_STEP][PASSED] - setText: Text 'Søndergaard AUT' is set on object 'Object Repository/PrimoTours/LandingPage/secondPaxFirstNameField'

2017-12-04 15:59:35 - [MESSAGE][PASSED] - Text 'Søndergaard AUT' is set on object 'Object Repository/PrimoTours/LandingPage/secondPaxFirstNameField'

2017-12-04 15:59:35 - [TEST_STEP][PASSED] - Statement - xpathval = paxDetailFields + "[2]/div[contains(@class,"form-group")]/input[contains(@class,"paxLastName")]": null

2017-12-04 15:59:35 - [TEST_STEP][PASSED] - Statement - println("ln: " + xpathval): null

2017-12-04 15:59:35 - [TEST_STEP][PASSED] - Statement - repObj = com.kms.katalon.core.testobject.ObjectRepository.findTestObject(Object Repository/PrimoTours/LandingPage/secondPaxFirstNameField): Finding Test Object with id 'Object Repository/PrimoTours/LandingPage/secondPaxFirstNameField'

2017-12-04 15:59:35 - [TEST_STEP][PASSED] - Statement - repObj.findProperty("xpath").setValue(xpathval): null

2017-12-04 15:59:35 - [TEST_STEP][PASSED] - setText: Text 'Micki Skov' is set on object 'Object Repository/PrimoTours/LandingPage/secondPaxFirstNameField'

2017-12-04 15:59:35 - [MESSAGE][PASSED] - Text 'Micki Skov' is set on object 'Object Repository/PrimoTours/LandingPage/secondPaxFirstNameField'

2017-12-04 15:59:35 - [TEST_STEP][PASSED] - Statement - repObj = com.kms.katalon.core.testobject.ObjectRepository.findTestObject(Object Repository/PrimoTours/LandingPage/secondPaxFirstNameField): Finding Test Object with id 'Object Repository/PrimoTours/LandingPage/secondPaxFirstNameField'

2017-12-04 15:59:35 - [TEST_STEP][PASSED] - Statement - xpathval = paxDetailFields + "[3]/div[contains(@class,"paxGenderSelectorContainer")]/span[contains(@class,"select2 select2-container")]/span[contains(@class,"selection")]/span[contains(@class,"select2-selection")]": null

2017-12-04 15:59:35 - [TEST_STEP][PASSED] - Statement - println("gender: " + xpathval): null

2017-12-04 15:59:35 - [TEST_STEP][PASSED] - Statement - repObj.findProperty("xpath").setValue(xpathval): null

2017-12-04 15:59:35 - [TEST_STEP][PASSED] - click: Object: 'Object Repository/PrimoTours/LandingPage/secondPaxFirstNameField' is clicked on

2017-12-04 15:59:35 - [MESSAGE][PASSED] - Object: 'Object Repository/PrimoTours/LandingPage/secondPaxFirstNameField' is clicked on

2017-12-04 15:59:35 - [TEST_STEP][PASSED] - scrollToElement: Scroll to object 'Object Repository/PrimoTours/Old Objects/Coco (1)/PrimoT/SaveBooking2/Success/bookingTotalValue' successfully

2017-12-04 15:59:35 - [MESSAGE][PASSED] - Scroll to object 'Object Repository/PrimoTours/Old Objects/Coco (1)/PrimoT/SaveBooking2/Success/bookingTotalValue' successfully

2017-12-04 15:59:35 - [TEST_STEP][PASSED] - click: Object: 'Object Repository/PrimoTours/Old Objects/Coco (1)/PrimoT/SaveBooking2/Success/bookingTotalValue' is clicked on

2017-12-04 15:59:35 - [MESSAGE][PASSED] - Object: 'Object Repository/PrimoTours/Old Objects/Coco (1)/PrimoT/SaveBooking2/Success/bookingTotalValue' is clicked on

2017-12-04 15:59:35 - [TEST_STEP][PASSED] - scrollToElement: Scroll to object 'Object Repository/PrimoTours/Old Objects/Coco (1)/PrimoT/SaveBooking2/Success/Page_Primo Tours  Danmarks bedste c/nextButtonOnLandingPage' successfully

2017-12-04 15:59:35 - [MESSAGE][PASSED] - Scroll to object 'Object Repository/PrimoTours/Old Objects/Coco (1)/PrimoT/SaveBooking2/Success/Page_Primo Tours  Danmarks bedste c/nextButtonOnLandingPage' successfully

2017-12-04 15:59:35 - [TEST_STEP][PASSED] - waitForElementClickable: Object 'Object Repository/PrimoTours/Old Objects/Coco (1)/PrimoT/SaveBooking2/Success/Page_Primo Tours  Danmarks bedste c/nextButtonOnLandingPage' is clickable

2017-12-04 15:59:35 - [MESSAGE][PASSED] - Object 'Object Repository/PrimoTours/Old Objects/Coco (1)/PrimoT/SaveBooking2/Success/Page_Primo Tours  Danmarks bedste c/nextButtonOnLandingPage' is clickable

2017-12-04 15:59:35 - [TEST_STEP][PASSED] - waitForElementVisible: Object 'Object Repository/PrimoTours/Old Objects/Coco (1)/PrimoT/SaveBooking2/Success/Page_Primo Tours  Danmarks bedste c/nextButtonOnLandingPage' is visible

2017-12-04 15:59:35 - [MESSAGE][PASSED] - Object 'Object Repository/PrimoTours/Old Objects/Coco (1)/PrimoT/SaveBooking2/Success/Page_Primo Tours  Danmarks bedste c/nextButtonOnLandingPage' is visible

2017-12-04 15:59:35 - [TEST_STEP][PASSED] - scrollToElement: Scroll to object 'Object Repository/PrimoTours/Old Objects/Coco (1)/PrimoT/SaveBooking2/Success/Page_Primo Tours  Danmarks bedste c/nextButtonOnLandingPage' successfully

2017-12-04 15:59:35 - [MESSAGE][PASSED] - Scroll to object 'Object Repository/PrimoTours/Old Objects/Coco (1)/PrimoT/SaveBooking2/Success/Page_Primo Tours  Danmarks bedste c/nextButtonOnLandingPage' successfully

2017-12-04 15:59:35 - [TEST_STEP][PASSED] - click: Object: 'Object Repository/PrimoTours/Old Objects/Coco (1)/PrimoT/SaveBooking2/Success/Page_Primo Tours  Danmarks bedste c/nextButtonOnLandingPage' is clicked on

2017-12-04 15:59:36 - [MESSAGE][PASSED] - Object: 'Object Repository/PrimoTours/Old Objects/Coco (1)/PrimoT/SaveBooking2/Success/Page_Primo Tours  Danmarks bedste c/nextButtonOnLandingPage' is clicked on

2017-12-04 15:59:36 - [TEST_STEP][PASSED] - delay: Delayed 3 second(s)

2017-12-04 15:59:39 - [MESSAGE][PASSED] - Delayed 3 second(s)

2017-12-04 15:59:39 - [TEST_STEP][PASSED] - waitForElementNotVisible: Object 'Object Repository/PrimoTours/Old Objects/CCenter/pageLoaderOverlayLayer' is NOT visible

2017-12-04 15:59:39 - [MESSAGE][PASSED] - Object 'Object Repository/PrimoTours/Old Objects/CCenter/pageLoaderOverlayLayer' is NOT visible

2017-12-04 15:59:39 - [TEST_STEP][PASSED] - scrollToElement: Scroll to object 'Object Repository/PrimoTours/Old Objects/Coco/PrimoT/Ins2/Page_Primo Tours  Danmarks bedste c/travelInsuranceFirstPaxSelector' successfully

2017-12-04 15:59:39 - [MESSAGE][PASSED] - Scroll to object 'Object Repository/PrimoTours/Old Objects/Coco/PrimoT/Ins2/Page_Primo Tours  Danmarks bedste c/travelInsuranceFirstPaxSelector' successfully

2017-12-04 15:59:39 - [TEST_STEP][PASSED] - waitForElementPresent: Object 'Object Repository/PrimoTours/Old Objects/Coco/PrimoT/Ins2/Page_Primo Tours  Danmarks bedste c/travelInsuranceFirstPaxSelector' is present

2017-12-04 15:59:39 - [MESSAGE][PASSED] - Object 'Object Repository/PrimoTours/Old Objects/Coco/PrimoT/Ins2/Page_Primo Tours  Danmarks bedste c/travelInsuranceFirstPaxSelector' is present

2017-12-04 15:59:39 - [TEST_STEP][PASSED] - waitForElementVisible: Object 'Object Repository/PrimoTours/Old Objects/Coco/PrimoT/Ins2/Page_Primo Tours  Danmarks bedste c/travelInsuranceFirstPaxSelector' is visible

2017-12-04 15:59:39 - [MESSAGE][PASSED] - Object 'Object Repository/PrimoTours/Old Objects/Coco/PrimoT/Ins2/Page_Primo Tours  Danmarks bedste c/travelInsuranceFirstPaxSelector' is visible

2017-12-04 15:59:39 - [TEST_STEP][PASSED] - waitForElementClickable: Object 'Object Repository/PrimoTours/Old Objects/Coco/PrimoT/Ins2/Page_Primo Tours  Danmarks bedste c/travelInsuranceFirstPaxSelector' is clickable

2017-12-04 15:59:39 - [MESSAGE][PASSED] - Object 'Object Repository/PrimoTours/Old Objects/Coco/PrimoT/Ins2/Page_Primo Tours  Danmarks bedste c/travelInsuranceFirstPaxSelector' is clickable

2017-12-04 15:59:39 - [TEST_STEP][PASSED] - click: Object: 'Object Repository/PrimoTours/Old Objects/Coco/PrimoT/Ins2/Page_Primo Tours  Danmarks bedste c/travelInsuranceFirstPaxSelector' is clicked on

2017-12-04 15:59:39 - [MESSAGE][PASSED] - Object: 'Object Repository/PrimoTours/Old Objects/Coco/PrimoT/Ins2/Page_Primo Tours  Danmarks bedste c/travelInsuranceFirstPaxSelector' is clicked on

2017-12-04 15:59:39 - [TEST_STEP][PASSED] - Statement - Try: Object: 'Object Repository/PrimoTours/Old Objects/Coco/PrimoT/Ins2/Page_Primo Tours  Danmarks bedste c/firstTravelInsuranceOption' is clicked on

2017-12-04 15:59:39 - [TEST_STEP][PASSED] - click: Object: 'Object Repository/PrimoTours/Old Objects/Coco/PrimoT/Ins2/Page_Primo Tours  Danmarks bedste c/firstTravelInsuranceOption' is clicked on

2017-12-04 15:59:39 - [MESSAGE][PASSED] - Object: 'Object Repository/PrimoTours/Old Objects/Coco/PrimoT/Ins2/Page_Primo Tours  Danmarks bedste c/firstTravelInsuranceOption' is clicked on

2017-12-04 15:59:39 - [TEST_STEP][NOT_RUN] - click: NOT_RUN: click

2017-12-04 15:59:39 - [MESSAGE][NOT_RUN] - NOT_RUN: click

2017-12-04 15:59:39 - [TEST_STEP][NOT_RUN] - scrollToElement: NOT_RUN: scrollToElement

2017-12-04 15:59:39 - [MESSAGE][NOT_RUN] - NOT_RUN: scrollToElement

2017-12-04 15:59:39 - [TEST_STEP][NOT_RUN] - click: NOT_RUN: click

2017-12-04 15:59:39 - [MESSAGE][NOT_RUN] - NOT_RUN: click

2017-12-04 15:59:39 - [TEST_STEP][PASSED] - waitForElementVisible: Object 'Object Repository/PrimoTours/Old Objects/Coco (1)/PrimoT/SaveBooking2/Page_Primo Tours  Danmarks bedste c/individualInsuranceCheckbox' is visible

2017-12-04 15:59:39 - [MESSAGE][PASSED] - Object 'Object Repository/PrimoTours/Old Objects/Coco (1)/PrimoT/SaveBooking2/Page_Primo Tours  Danmarks bedste c/individualInsuranceCheckbox' is visible

2017-12-04 15:59:39 - [TEST_STEP][PASSED] - scrollToElement: Scroll to object 'Object Repository/PrimoTours/Old Objects/Coco (1)/PrimoT/SaveBooking2/Page_Primo Tours  Danmarks bedste c/individualInsuranceCheckbox' successfully

2017-12-04 15:59:39 - [MESSAGE][PASSED] - Scroll to object 'Object Repository/PrimoTours/Old Objects/Coco (1)/PrimoT/SaveBooking2/Page_Primo Tours  Danmarks bedste c/individualInsuranceCheckbox' successfully

2017-12-04 15:59:39 - [TEST_STEP][PASSED] - click: Object: 'Object Repository/PrimoTours/Old Objects/Coco (1)/PrimoT/SaveBooking2/Page_Primo Tours  Danmarks bedste c/individualInsuranceCheckbox' is clicked on

2017-12-04 15:59:39 - [MESSAGE][PASSED] - Object: 'Object Repository/PrimoTours/Old Objects/Coco (1)/PrimoT/SaveBooking2/Page_Primo Tours  Danmarks bedste c/individualInsuranceCheckbox' is clicked on

2017-12-04 15:59:39 - [TEST_STEP][PASSED] - scrollToElement: Scroll to object 'Object Repository/PrimoTours/Old Objects/Coco (1)/PrimoT/SaveBooking2/Success/firstProdCategIndividualSelectionRadioB' successfully

2017-12-04 15:59:39 - [MESSAGE][PASSED] - Scroll to object 'Object Repository/PrimoTours/Old Objects/Coco (1)/PrimoT/SaveBooking2/Success/firstProdCategIndividualSelectionRadioB' successfully

2017-12-04 15:59:39 - [TEST_STEP][PASSED] - waitForElementClickable: Object 'Object Repository/PrimoTours/Old Objects/Coco (1)/PrimoT/SaveBooking2/Success/firstProdCategIndividualSelectionRadioB' is clickable

2017-12-04 15:59:40 - [MESSAGE][PASSED] - Object 'Object Repository/PrimoTours/Old Objects/Coco (1)/PrimoT/SaveBooking2/Success/firstProdCategIndividualSelectionRadioB' is clickable

2017-12-04 15:59:40 - [TEST_STEP][PASSED] - scrollToElement: Scroll to object 'Object Repository/PrimoTours/Old Objects/Coco (1)/PrimoT/SaveBooking2/Success/firstProdCategIndividualSelectionRadioB' successfully

2017-12-04 15:59:40 - [MESSAGE][PASSED] - Scroll to object 'Object Repository/PrimoTours/Old Objects/Coco (1)/PrimoT/SaveBooking2/Success/firstProdCategIndividualSelectionRadioB' successfully

2017-12-04 15:59:40 - [TEST_STEP][PASSED] - click: Object: 'Object Repository/PrimoTours/Old Objects/Coco (1)/PrimoT/SaveBooking2/Success/firstProdCategIndividualSelectionRadioB' is clicked on

2017-12-04 15:59:40 - [MESSAGE][PASSED] - Object: 'Object Repository/PrimoTours/Old Objects/Coco (1)/PrimoT/SaveBooking2/Success/firstProdCategIndividualSelectionRadioB' is clicked on

2017-12-04 15:59:40 - [TEST_STEP][PASSED] - scrollToElement: Scroll to object 'Object Repository/PrimoTours/Old Objects/Coco (1)/PrimoT/SaveBooking2/Success/firstProdCategSelectForAllPaxCheckbox' successfully

2017-12-04 15:59:40 - [MESSAGE][PASSED] - Scroll to object 'Object Repository/PrimoTours/Old Objects/Coco (1)/PrimoT/SaveBooking2/Success/firstProdCategSelectForAllPaxCheckbox' successfully

2017-12-04 15:59:40 - [TEST_STEP][PASSED] - waitForElementClickable: Object 'Object Repository/PrimoTours/Old Objects/Coco (1)/PrimoT/SaveBooking2/Success/firstProdCategSelectForAllPaxCheckbox' is clickable

2017-12-04 15:59:40 - [MESSAGE][PASSED] - Object 'Object Repository/PrimoTours/Old Objects/Coco (1)/PrimoT/SaveBooking2/Success/firstProdCategSelectForAllPaxCheckbox' is clickable

2017-12-04 15:59:40 - [TEST_STEP][PASSED] - click: Object: 'Object Repository/PrimoTours/Old Objects/Coco (1)/PrimoT/SaveBooking2/Success/firstProdCategSelectForAllPaxCheckbox' is clicked on

2017-12-04 15:59:40 - [MESSAGE][PASSED] - Object: 'Object Repository/PrimoTours/Old Objects/Coco (1)/PrimoT/SaveBooking2/Success/firstProdCategSelectForAllPaxCheckbox' is clicked on

2017-12-04 15:59:40 - [TEST_STEP][NOT_RUN] - scrollToElement: NOT_RUN: scrollToElement

2017-12-04 15:59:40 - [MESSAGE][NOT_RUN] - NOT_RUN: scrollToElement

2017-12-04 15:59:40 - [TEST_STEP][NOT_RUN] - scrollToElement: NOT_RUN: scrollToElement

2017-12-04 15:59:40 - [MESSAGE][NOT_RUN] - NOT_RUN: scrollToElement

2017-12-04 15:59:40 - [TEST_STEP][NOT_RUN] - click: NOT_RUN: click

2017-12-04 15:59:40 - [MESSAGE][NOT_RUN] - NOT_RUN: click

2017-12-04 15:59:40 - [TEST_STEP][PASSED] - scrollToElement: Scroll to object 'Object Repository/PrimoTours/ConfirmationPage/labelForAgreeTermsAndConditions' successfully

2017-12-04 15:59:40 - [MESSAGE][PASSED] - Scroll to object 'Object Repository/PrimoTours/ConfirmationPage/labelForAgreeTermsAndConditions' successfully

2017-12-04 15:59:40 - [TEST_STEP][PASSED] - waitForElementClickable: Object 'Object Repository/PrimoTours/ConfirmationPage/labelForAgreeTermsAndConditions' is clickable

2017-12-04 15:59:41 - [MESSAGE][PASSED] - Object 'Object Repository/PrimoTours/ConfirmationPage/labelForAgreeTermsAndConditions' is clickable

2017-12-04 15:59:41 - [TEST_STEP][PASSED] - click: Object: 'Object Repository/PrimoTours/ConfirmationPage/labelForAgreeTermsAndConditions' is clicked on

2017-12-04 15:59:41 - [MESSAGE][PASSED] - Object: 'Object Repository/PrimoTours/ConfirmationPage/labelForAgreeTermsAndConditions' is clicked on

2017-12-04 15:59:41 - [TEST_STEP][PASSED] - scrollToElement: Scroll to object 'Object Repository/PrimoTours/ConfirmationPage/placeBookingButton' successfully

2017-12-04 15:59:41 - [MESSAGE][PASSED] - Scroll to object 'Object Repository/PrimoTours/ConfirmationPage/placeBookingButton' successfully

2017-12-04 15:59:41 - [TEST_STEP][PASSED] - delay: Delayed 1 second(s)

2017-12-04 15:59:42 - [MESSAGE][PASSED] - Delayed 1 second(s)

2017-12-04 15:59:42 - [TEST_STEP][PASSED] - waitForElementClickable: Object 'Object Repository/PrimoTours/ConfirmationPage/placeBookingButton' is clickable

2017-12-04 15:59:42 - [MESSAGE][PASSED] - Object 'Object Repository/PrimoTours/ConfirmationPage/placeBookingButton' is clickable

2017-12-04 15:59:42 - [TEST_STEP][PASSED] - Statement - Try: Object: 'Object Repository/PrimoTours/ConfirmationPage/placeBookingButton' is clicked on

2017-12-04 15:59:42 - [TEST_STEP][PASSED] - click: Object: 'Object Repository/PrimoTours/ConfirmationPage/placeBookingButton' is clicked on

2017-12-04 15:59:42 - [MESSAGE][PASSED] - Object: 'Object Repository/PrimoTours/ConfirmationPage/placeBookingButton' is clicked on

2017-12-04 15:59:42 - [TEST_STEP][PASSED] - delay: Delayed 3 second(s)

2017-12-04 15:59:45 - [MESSAGE][PASSED] - Delayed 3 second(s)

2017-12-04 15:59:45 - [TEST_STEP][PASSED] - waitForPageLoad: Wait for page load successfully

2017-12-04 15:59:45 - [MESSAGE][PASSED] - Wait for page load successfully

2017-12-04 15:59:45 - [TEST_STEP][PASSED] - delay: Delayed 3 second(s)

2017-12-04 15:59:48 - [MESSAGE][PASSED] - Delayed 3 second(s)

2017-12-04 15:59:48 - [TEST_STEP][PASSED] - waitForElementPresent: Object 'Object Repository/PrimoTours/Old Objects/ThankYouPage/bookingNoContainer' is present

2017-12-04 15:59:50 - [MESSAGE][PASSED] - Object 'Object Repository/PrimoTours/Old Objects/ThankYouPage/bookingNoContainer' is present

2017-12-04 15:59:50 - [TEST_STEP][PASSED] - waitForJQueryLoad: jQuery is ready.

2017-12-04 15:59:50 - [MESSAGE][PASSED] - jQuery is ready.

2017-12-04 15:59:50 - [TEST_STEP][PASSED] - waitForElementPresent: Object 'Object Repository/PrimoTours/Old Objects/CCenter/pageLoaderOverlayLayer' is present

2017-12-04 15:59:50 - [MESSAGE][PASSED] - Object 'Object Repository/PrimoTours/Old Objects/CCenter/pageLoaderOverlayLayer' is present

2017-12-04 15:59:50 - [TEST_STEP][PASSED] - waitForElementPresent: Object 'Object Repository/PrimoTours/Old Objects/CCenter/pageLoaderOverlayLayer' is present

2017-12-04 15:59:50 - [MESSAGE][PASSED] - Object 'Object Repository/PrimoTours/Old Objects/CCenter/pageLoaderOverlayLayer' is present

2017-12-04 15:59:50 - [TEST_STEP][PASSED] - waitForElementNotVisible: Object 'Object Repository/PrimoTours/Old Objects/CCenter/pageLoaderOverlayLayer' is NOT visible

2017-12-04 15:59:51 - [MESSAGE][PASSED] - Object 'Object Repository/PrimoTours/Old Objects/CCenter/pageLoaderOverlayLayer' is NOT visible

2017-12-04 15:59:51 - [TEST_STEP][PASSED] - waitForElementPresent: Object 'Object Repository/PrimoTours/Old Objects/ThankYouPage/bookingNoContainer' is present

2017-12-04 15:59:51 - [MESSAGE][PASSED] - Object 'Object Repository/PrimoTours/Old Objects/ThankYouPage/bookingNoContainer' is present

2017-12-04 15:59:51 - [TEST_STEP][PASSED] - waitForElementClickable: Object 'Object Repository/PrimoTours/Old Objects/ThankYouPage/bookingNoContainer' is clickable

2017-12-04 15:59:51 - [MESSAGE][PASSED] - Object 'Object Repository/PrimoTours/Old Objects/ThankYouPage/bookingNoContainer' is clickable

2017-12-04 15:59:51 - [TEST_STEP][PASSED] - verifyElementVisible: Object 'Object Repository/PrimoTours/Old Objects/ThankYouPage/bookingNoContainer' is visible

2017-12-04 15:59:51 - [MESSAGE][PASSED] - Object 'Object Repository/PrimoTours/Old Objects/ThankYouPage/bookingNoContainer' is visible

2017-12-04 15:59:51 - [TEST_STEP][PASSED] - verifyElementVisible: Object 'Object Repository/PrimoTours/Old Objects/ThankYouPage/bookingTotalInfo' is visible

2017-12-04 15:59:51 - [MESSAGE][PASSED] - Object 'Object Repository/PrimoTours/Old Objects/ThankYouPage/bookingTotalInfo' is visible

2017-12-04 15:59:51 - [TEST_STEP][PASSED] - verifyElementVisible: Object 'Object Repository/PrimoTours/Old Objects/ThankYouPage/bookingTotalPriceBar' is visible

2017-12-04 15:59:51 - [MESSAGE][PASSED] - Object 'Object Repository/PrimoTours/Old Objects/ThankYouPage/bookingTotalPriceBar' is visible

2017-12-04 15:59:51 - [TEST_STEP][PASSED] - verifyElementVisible: Object 'Object Repository/PrimoTours/Old Objects/ThankYouPage/printTicketSpan' is visible

2017-12-04 15:59:51 - [MESSAGE][PASSED] - Object 'Object Repository/PrimoTours/Old Objects/ThankYouPage/printTicketSpan' is visible

2017-12-04 15:59:51 - [TEST_STEP][PASSED] - waitForElementClickable: Object 'Object Repository/PrimoTours/Old Objects/ThankYouPage/printTicketSpan' is clickable

2017-12-04 15:59:51 - [MESSAGE][PASSED] - Object 'Object Repository/PrimoTours/Old Objects/ThankYouPage/printTicketSpan' is clickable

2017-12-04 15:59:51 - [TEST_STEP][PASSED] - waitForElementNotVisible: Object 'Object Repository/PrimoTours/Old Objects/CCenter/pageLoaderOverlayLayer' is NOT visible

2017-12-04 15:59:51 - [MESSAGE][PASSED] - Object 'Object Repository/PrimoTours/Old Objects/CCenter/pageLoaderOverlayLayer' is NOT visible

2017-12-04 15:59:51 - [TEST_STEP][PASSED] - Statement - Try: Object: 'Object Repository/PrimoTours/Old Objects/ThankYouPage/printTicketSpan' is clicked on

2017-12-04 15:59:51 - [TEST_STEP][PASSED] - click: Object: 'Object Repository/PrimoTours/Old Objects/ThankYouPage/printTicketSpan' is clicked on

2017-12-04 15:59:56 - [MESSAGE][PASSED] - Object: 'Object Repository/PrimoTours/Old Objects/ThankYouPage/printTicketSpan' is clicked on

2017-12-04 15:59:56 - [TEST_STEP][PASSED] - delay: Delayed 2 second(s)

2017-12-04 15:59:58 - [MESSAGE][PASSED] - Delayed 2 second(s)

2017-12-04 15:59:58 - [TEST_STEP][PASSED] - waitForElementVisible: Object 'Object Repository/PrimoTours/Old Objects/ThankYouPage/cCenterButton' is visible

2017-12-04 15:59:58 - [MESSAGE][PASSED] - Object 'Object Repository/PrimoTours/Old Objects/ThankYouPage/cCenterButton' is visible

2017-12-04 15:59:58 - [TEST_STEP][PASSED] - waitForElementClickable: Object 'Object Repository/PrimoTours/Old Objects/ThankYouPage/cCenterButton' is clickable

2017-12-04 15:59:58 - [MESSAGE][PASSED] - Object 'Object Repository/PrimoTours/Old Objects/ThankYouPage/cCenterButton' is clickable

2017-12-04 15:59:58 - [TEST_STEP][PASSED] - click: Object: 'Object Repository/PrimoTours/Old Objects/ThankYouPage/cCenterButton' is clicked on

2017-12-04 15:59:58 - [MESSAGE][PASSED] - Object: 'Object Repository/PrimoTours/Old Objects/ThankYouPage/cCenterButton' is clicked on

2017-12-04 15:59:58 - [TEST_STEP][PASSED] - waitForPageLoad: Wait for page load successfully

2017-12-04 15:59:58 - [MESSAGE][PASSED] - Wait for page load successfully

2017-12-04 15:59:58 - [TEST_STEP][PASSED] - waitForJQueryLoad: jQuery is ready.

2017-12-04 15:59:58 - [MESSAGE][PASSED] - jQuery is ready.

2017-12-04 15:59:58 - [TEST_STEP][PASSED] - waitForElementPresent: Object 'Object Repository/PrimoTours/Old Objects/CCenter/pageLoaderOverlayLayer' is present

2017-12-04 15:59:58 - [MESSAGE][PASSED] - Object 'Object Repository/PrimoTours/Old Objects/CCenter/pageLoaderOverlayLayer' is present

2017-12-04 15:59:58 - [TEST_STEP][PASSED] - waitForElementNotVisible: Object 'Object Repository/PrimoTours/Old Objects/CCenter/pageLoaderOverlayLayer' is NOT visible

2017-12-04 15:59:58 - [MESSAGE][PASSED] - Object 'Object Repository/PrimoTours/Old Objects/CCenter/pageLoaderOverlayLayer' is NOT visible

2017-12-04 15:59:58 - [TEST_STEP][PASSED] - verifyElementVisible: Object 'Object Repository/PrimoTours/Old Objects/ThankYouPage/bookingNoContainer' is visible

2017-12-04 15:59:58 - [MESSAGE][PASSED] - Object 'Object Repository/PrimoTours/Old Objects/ThankYouPage/bookingNoContainer' is visible

2017-12-04 15:59:58 - [TEST_STEP][PASSED] - verifyElementVisible: Object 'Object Repository/PrimoTours/Old Objects/ThankYouPage/bookingTotalPriceBar' is visible

2017-12-04 15:59:58 - [MESSAGE][PASSED] - Object 'Object Repository/PrimoTours/Old Objects/ThankYouPage/bookingTotalPriceBar' is visible

2017-12-04 15:59:58 - [TEST_STEP][PASSED] - delay: Delayed 1 second(s)

2017-12-04 15:59:59 - [MESSAGE][PASSED] - Delayed 1 second(s)]]></system-out>
         <system-err><![CDATA[]]></system-err>
      </testcase>
      <testcase name="Test Cases/PrimoTours/WB Primo/WB Primo staging - place booking - Iteration 5" classname="Test Cases/PrimoTours/WB Primo/WB Primo staging - place booking" status="PASSED">
         <system-out><![CDATA[2017-12-04 15:59:59 - [TEST_CASE][PASSED] - Test Cases/PrimoTours/WB Primo/WB Primo staging - place booking - Iteration 5: Test Cases/PrimoTours/WB Primo/WB Primo staging - place booking

2017-12-04 15:59:59 - [TEST_STEP][PASSED] - openBrowser: Browser is opened with url: ''

2017-12-04 15:59:59 - [MESSAGE][WARNING] - A browser is already opened. Closing browser and opening a new one

2017-12-04 16:00:02 - [MESSAGE][PASSED] - Browser is opened with url: ''

2017-12-04 16:00:02 - [TEST_STEP][PASSED] - maximizeWindow: Current window maximized

2017-12-04 16:00:03 - [MESSAGE][PASSED] - Current window maximized

2017-12-04 16:00:03 - [TEST_STEP][PASSED] - navigateToUrl: Navigate to 'https://staging-primotours-webbooking.tourpaq.com/DoBooking.aspx?pltaID=1480269,1480294&p=1&rno=1,1&pt=1,1&a=2,2&c=2,2&aa=&ca=1,4|0,5' successfully

2017-12-04 16:00:06 - [MESSAGE][PASSED] - Navigate to 'https://staging-primotours-webbooking.tourpaq.com/DoBooking.aspx?pltaID=1480269,1480294&p=1&rno=1,1&pt=1,1&a=2,2&c=2,2&aa=&ca=1,4|0,5' successfully

2017-12-04 16:00:06 - [TEST_STEP][PASSED] - Statement - excelInfo = ["fname":"", "lname":"", "pgender":"", "pday":"", "pmonth":"", "pyear":""]: null

2017-12-04 16:00:06 - [TEST_STEP][PASSED] - Statement - rawData = com.kms.katalon.core.testdata.TestDataFactory.findTestData("Data Files/WB_Primo/Passenger_details"): Reading excel file with source file 'D:\Software testing\Tourpaq\Automated Katalon tests\Primo WB test\Data Files\Primo_URLs_For_Automated_Test.xls' and sheet name 'Passenger Names'

2017-12-04 16:00:06 - [TEST_STEP][PASSED] - Statement - excelRowNo = rawData.getRowNumbers(): null

2017-12-04 16:00:06 - [TEST_STEP][PASSED] - Statement - randomPaxIndex = java.lang.Math.abs(new java.util.Random().nextInt() % excelRowNo) + 1: null

2017-12-04 16:00:06 - [TEST_STEP][PASSED] - Statement - fname = rawData.getValue("FirstName", randomPaxIndex): null

2017-12-04 16:00:06 - [TEST_STEP][PASSED] - Statement - lname = rawData.getValue("LastName", randomPaxIndex): null

2017-12-04 16:00:06 - [TEST_STEP][PASSED] - Statement - pgender = rawData.getValue("Gender", randomPaxIndex): null

2017-12-04 16:00:06 - [TEST_STEP][PASSED] - setText: Text 'Gydahl Methling AUT' is set on object 'Object Repository/PrimoTours/Old Objects/Coco/PrimoT/Page_Primo Tours  Danmarks bedste c/input_firstName'

2017-12-04 16:00:06 - [MESSAGE][PASSED] - Text 'Gydahl Methling AUT' is set on object 'Object Repository/PrimoTours/Old Objects/Coco/PrimoT/Page_Primo Tours  Danmarks bedste c/input_firstName'

2017-12-04 16:00:06 - [TEST_STEP][PASSED] - setText: Text 'Sofia Lucca' is set on object 'Object Repository/PrimoTours/Old Objects/Coco/PrimoT/Page_Primo Tours  Danmarks bedste c/input_lastName'

2017-12-04 16:00:06 - [MESSAGE][PASSED] - Text 'Sofia Lucca' is set on object 'Object Repository/PrimoTours/Old Objects/Coco/PrimoT/Page_Primo Tours  Danmarks bedste c/input_lastName'

2017-12-04 16:00:06 - [TEST_STEP][PASSED] - click: Object: 'Object Repository/PrimoTours/LandingPage/customerGender' is clicked on

2017-12-04 16:00:06 - [MESSAGE][PASSED] - Object: 'Object Repository/PrimoTours/LandingPage/customerGender' is clicked on

2017-12-04 16:00:06 - [TEST_STEP][PASSED] - setText: Text 'Home address' is set on object 'Object Repository/PrimoTours/Old Objects/Coco/PrimoT/Page_Primo Tours  Danmarks bedste c/input_customerAddress'

2017-12-04 16:00:07 - [MESSAGE][PASSED] - Text 'Home address' is set on object 'Object Repository/PrimoTours/Old Objects/Coco/PrimoT/Page_Primo Tours  Danmarks bedste c/input_customerAddress'

2017-12-04 16:00:07 - [TEST_STEP][PASSED] - setText: Text '6700' is set on object 'Object Repository/PrimoTours/Old Objects/Coco/PrimoT/Page_Primo Tours  Danmarks bedste c/input_customerPostcode'

2017-12-04 16:00:07 - [MESSAGE][PASSED] - Text '6700' is set on object 'Object Repository/PrimoTours/Old Objects/Coco/PrimoT/Page_Primo Tours  Danmarks bedste c/input_customerPostcode'

2017-12-04 16:00:07 - [TEST_STEP][PASSED] - setText: Text 'cornel.neacsu@roweb.ro' is set on object 'Object Repository/PrimoTours/Old Objects/Coco/PrimoT/Page_Primo Tours  Danmarks bedste c/input_customerEmail'

2017-12-04 16:00:07 - [MESSAGE][PASSED] - Text 'cornel.neacsu@roweb.ro' is set on object 'Object Repository/PrimoTours/Old Objects/Coco/PrimoT/Page_Primo Tours  Danmarks bedste c/input_customerEmail'

2017-12-04 16:00:07 - [TEST_STEP][PASSED] - setText: Text '12345678' is set on object 'Object Repository/PrimoTours/Old Objects/Coco/PrimoT/Page_Primo Tours  Danmarks bedste c/input_customerPhone'

2017-12-04 16:00:07 - [MESSAGE][PASSED] - Text '12345678' is set on object 'Object Repository/PrimoTours/Old Objects/Coco/PrimoT/Page_Primo Tours  Danmarks bedste c/input_customerPhone'

2017-12-04 16:00:07 - [TEST_STEP][PASSED] - waitForElementClickable: Object 'Object Repository/PrimoTours/Old Objects/Coco/PrimoT/Page_Primo Tours  Danmarks bedste c/input_firstname-0_1' is clickable

2017-12-04 16:00:09 - [MESSAGE][PASSED] - Object 'Object Repository/PrimoTours/Old Objects/Coco/PrimoT/Page_Primo Tours  Danmarks bedste c/input_firstname-0_1' is clickable

2017-12-04 16:00:09 - [TEST_STEP][PASSED] - Statement - driver = com.kms.katalon.core.webui.driver.DriverFactory.getWebDriver(): null

2017-12-04 16:00:09 - [TEST_STEP][PASSED] - Statement - roomContainerXpath = "id("roomAndStaticOptionsContainer")/div[@class="row"]/div[@class="col-md-12 roomContainer"]": null

2017-12-04 16:00:09 - [TEST_STEP][PASSED] - Statement - roomsCount = driver.findElements(org.openqa.selenium.By.xpath(roomContainerXpath)).size(): null

2017-12-04 16:00:09 - [TEST_STEP][PASSED] - Statement - println("roomsCount=" + roomsCount): null

2017-12-04 16:00:09 - [TEST_STEP][PASSED] - Statement - For ([i = 1, i <= roomsCount, (i++)]): Object: 'Object Repository/PrimoTours/LandingPage/secondPaxFirstNameField' is clicked on

2017-12-04 16:00:09 - [TEST_STEP][PASSED] - Statement - paxInRoomXpath = "id("passengersContainer_" + i - 1 + "")/div[@class="col-md-12"]/div[@class="row"]": null

2017-12-04 16:00:09 - [TEST_STEP][PASSED] - Statement - println("paxInRoomXpath=" + paxInRoomXpath): null

2017-12-04 16:00:09 - [TEST_STEP][PASSED] - Statement - paxInRoomCount = driver.findElements(org.openqa.selenium.By.xpath(paxInRoomXpath)).size(): null

2017-12-04 16:00:09 - [TEST_STEP][PASSED] - Statement - println("paxInRoomCount=" + paxInRoomCount): null

2017-12-04 16:00:09 - [TEST_STEP][PASSED] - Statement - For ([j = 1, j <= paxInRoomCount, (j++)]): Object: 'Object Repository/PrimoTours/LandingPage/secondPaxFirstNameField' is clicked on

2017-12-04 16:00:09 - [TEST_STEP][PASSED] - Statement - If (i == 1 & j == 1): null

2017-12-04 16:00:09 - [TEST_STEP][PASSED] - Statement - <not implemented yet for class: org.codehaus.groovy.ast.stmt.ContinueStatement>: null

2017-12-04 16:00:09 - [TEST_STEP][PASSED] - Statement - If (i == 1 & j == 1): null

2017-12-04 16:00:09 - [TEST_STEP][PASSED] - Statement - randomPaxIndex = java.lang.Math.abs(new java.util.Random().nextInt() % excelRowNo) + 1: null

2017-12-04 16:00:09 - [TEST_STEP][PASSED] - Statement - fname = rawData.getValue("FirstName", randomPaxIndex) + " AUT": null

2017-12-04 16:00:09 - [TEST_STEP][PASSED] - Statement - lname = rawData.getValue("LastName", randomPaxIndex): null

2017-12-04 16:00:09 - [TEST_STEP][PASSED] - Statement - pgender = rawData.getValue("Gender", randomPaxIndex): null

2017-12-04 16:00:09 - [TEST_STEP][PASSED] - Statement - pday = rawData.getValue("Day DOB", randomPaxIndex): null

2017-12-04 16:00:09 - [TEST_STEP][PASSED] - Statement - pmonth = rawData.getValue("Month DOB", randomPaxIndex): null

2017-12-04 16:00:09 - [TEST_STEP][PASSED] - Statement - pyear = rawData.getValue("Year DOB", randomPaxIndex): null

2017-12-04 16:00:09 - [TEST_STEP][PASSED] - Statement - paxDetailFields = paxInRoomXpath + "[" + j + "]/div[@class="col-md-x col-md-9"]/div[@class="row paxContainer"][1]/div[contains(@class,"paxAttribute")]": null

2017-12-04 16:00:09 - [TEST_STEP][PASSED] - Statement - xpathval = paxDetailFields + "[1]/div[contains(@class,"form-group")]/input[contains(@class,"paxFirstName")]": null

2017-12-04 16:00:09 - [TEST_STEP][PASSED] - Statement - println("fn: " + xpathval): null

2017-12-04 16:00:09 - [TEST_STEP][PASSED] - Statement - repObj = com.kms.katalon.core.testobject.ObjectRepository.findTestObject(Object Repository/PrimoTours/LandingPage/secondPaxFirstNameField): Finding Test Object with id 'Object Repository/PrimoTours/LandingPage/secondPaxFirstNameField'

2017-12-04 16:00:09 - [TEST_STEP][PASSED] - Statement - repObj.findProperty("xpath").setValue(xpathval): null

2017-12-04 16:00:09 - [TEST_STEP][PASSED] - setText: Text 'Mortensen AUT' is set on object 'Object Repository/PrimoTours/LandingPage/secondPaxFirstNameField'

2017-12-04 16:00:10 - [MESSAGE][PASSED] - Text 'Mortensen AUT' is set on object 'Object Repository/PrimoTours/LandingPage/secondPaxFirstNameField'

2017-12-04 16:00:10 - [TEST_STEP][PASSED] - Statement - xpathval = paxDetailFields + "[2]/div[contains(@class,"form-group")]/input[contains(@class,"paxLastName")]": null

2017-12-04 16:00:10 - [TEST_STEP][PASSED] - Statement - println("ln: " + xpathval): null

2017-12-04 16:00:10 - [TEST_STEP][PASSED] - Statement - repObj = com.kms.katalon.core.testobject.ObjectRepository.findTestObject(Object Repository/PrimoTours/LandingPage/secondPaxFirstNameField): Finding Test Object with id 'Object Repository/PrimoTours/LandingPage/secondPaxFirstNameField'

2017-12-04 16:00:10 - [TEST_STEP][PASSED] - Statement - repObj.findProperty("xpath").setValue(xpathval): null

2017-12-04 16:00:10 - [TEST_STEP][PASSED] - setText: Text 'Anna Lise Hededal' is set on object 'Object Repository/PrimoTours/LandingPage/secondPaxFirstNameField'

2017-12-04 16:00:10 - [MESSAGE][PASSED] - Text 'Anna Lise Hededal' is set on object 'Object Repository/PrimoTours/LandingPage/secondPaxFirstNameField'

2017-12-04 16:00:10 - [TEST_STEP][PASSED] - Statement - repObj = com.kms.katalon.core.testobject.ObjectRepository.findTestObject(Object Repository/PrimoTours/LandingPage/secondPaxFirstNameField): Finding Test Object with id 'Object Repository/PrimoTours/LandingPage/secondPaxFirstNameField'

2017-12-04 16:00:10 - [TEST_STEP][PASSED] - Statement - xpathval = paxDetailFields + "[3]/div[contains(@class,"paxGenderSelectorContainer")]/span[contains(@class,"select2 select2-container")]/span[contains(@class,"selection")]/span[contains(@class,"select2-selection")]": null

2017-12-04 16:00:10 - [TEST_STEP][PASSED] - Statement - println("gender: " + xpathval): null

2017-12-04 16:00:10 - [TEST_STEP][PASSED] - Statement - repObj.findProperty("xpath").setValue(xpathval): null

2017-12-04 16:00:10 - [TEST_STEP][PASSED] - click: Object: 'Object Repository/PrimoTours/LandingPage/secondPaxFirstNameField' is clicked on

2017-12-04 16:00:10 - [MESSAGE][PASSED] - Object: 'Object Repository/PrimoTours/LandingPage/secondPaxFirstNameField' is clicked on

2017-12-04 16:00:10 - [TEST_STEP][PASSED] - Statement - If (i == 1 & j == 1): null

2017-12-04 16:00:10 - [TEST_STEP][PASSED] - Statement - randomPaxIndex = java.lang.Math.abs(new java.util.Random().nextInt() % excelRowNo) + 1: null

2017-12-04 16:00:10 - [TEST_STEP][PASSED] - Statement - fname = rawData.getValue("FirstName", randomPaxIndex) + " AUT": null

2017-12-04 16:00:10 - [TEST_STEP][PASSED] - Statement - lname = rawData.getValue("LastName", randomPaxIndex): null

2017-12-04 16:00:10 - [TEST_STEP][PASSED] - Statement - pgender = rawData.getValue("Gender", randomPaxIndex): null

2017-12-04 16:00:10 - [TEST_STEP][PASSED] - Statement - pday = rawData.getValue("Day DOB", randomPaxIndex): null

2017-12-04 16:00:10 - [TEST_STEP][PASSED] - Statement - pmonth = rawData.getValue("Month DOB", randomPaxIndex): null

2017-12-04 16:00:10 - [TEST_STEP][PASSED] - Statement - pyear = rawData.getValue("Year DOB", randomPaxIndex): null

2017-12-04 16:00:10 - [TEST_STEP][PASSED] - Statement - paxDetailFields = paxInRoomXpath + "[" + j + "]/div[@class="col-md-x col-md-9"]/div[@class="row paxContainer"][1]/div[contains(@class,"paxAttribute")]": null

2017-12-04 16:00:10 - [TEST_STEP][PASSED] - Statement - xpathval = paxDetailFields + "[1]/div[contains(@class,"form-group")]/input[contains(@class,"paxFirstName")]": null

2017-12-04 16:00:10 - [TEST_STEP][PASSED] - Statement - println("fn: " + xpathval): null

2017-12-04 16:00:10 - [TEST_STEP][PASSED] - Statement - repObj = com.kms.katalon.core.testobject.ObjectRepository.findTestObject(Object Repository/PrimoTours/LandingPage/secondPaxFirstNameField): Finding Test Object with id 'Object Repository/PrimoTours/LandingPage/secondPaxFirstNameField'

2017-12-04 16:00:10 - [TEST_STEP][PASSED] - Statement - repObj.findProperty("xpath").setValue(xpathval): null

2017-12-04 16:00:10 - [TEST_STEP][PASSED] - setText: Text 'Mortensen AUT' is set on object 'Object Repository/PrimoTours/LandingPage/secondPaxFirstNameField'

2017-12-04 16:00:10 - [MESSAGE][PASSED] - Text 'Mortensen AUT' is set on object 'Object Repository/PrimoTours/LandingPage/secondPaxFirstNameField'

2017-12-04 16:00:10 - [TEST_STEP][PASSED] - Statement - xpathval = paxDetailFields + "[2]/div[contains(@class,"form-group")]/input[contains(@class,"paxLastName")]": null

2017-12-04 16:00:10 - [TEST_STEP][PASSED] - Statement - println("ln: " + xpathval): null

2017-12-04 16:00:10 - [TEST_STEP][PASSED] - Statement - repObj = com.kms.katalon.core.testobject.ObjectRepository.findTestObject(Object Repository/PrimoTours/LandingPage/secondPaxFirstNameField): Finding Test Object with id 'Object Repository/PrimoTours/LandingPage/secondPaxFirstNameField'

2017-12-04 16:00:10 - [TEST_STEP][PASSED] - Statement - repObj.findProperty("xpath").setValue(xpathval): null

2017-12-04 16:00:10 - [TEST_STEP][PASSED] - setText: Text 'Anna Lise Hededal' is set on object 'Object Repository/PrimoTours/LandingPage/secondPaxFirstNameField'

2017-12-04 16:00:11 - [MESSAGE][PASSED] - Text 'Anna Lise Hededal' is set on object 'Object Repository/PrimoTours/LandingPage/secondPaxFirstNameField'

2017-12-04 16:00:11 - [TEST_STEP][PASSED] - Statement - repObj = com.kms.katalon.core.testobject.ObjectRepository.findTestObject(Object Repository/PrimoTours/LandingPage/secondPaxFirstNameField): Finding Test Object with id 'Object Repository/PrimoTours/LandingPage/secondPaxFirstNameField'

2017-12-04 16:00:11 - [TEST_STEP][PASSED] - Statement - xpathval = paxDetailFields + "[3]/div[contains(@class,"paxGenderSelectorContainer")]/span[contains(@class,"select2 select2-container")]/span[contains(@class,"selection")]/span[contains(@class,"select2-selection")]": null

2017-12-04 16:00:11 - [TEST_STEP][PASSED] - Statement - println("gender: " + xpathval): null

2017-12-04 16:00:11 - [TEST_STEP][PASSED] - Statement - repObj.findProperty("xpath").setValue(xpathval): null

2017-12-04 16:00:11 - [TEST_STEP][PASSED] - click: Unable to click on object 'Object Repository/PrimoTours/LandingPage/secondPaxFirstNameField' (Root cause: org.openqa.selenium.WebDriverException: unknown error: Element <span class="select2-selection select2-selection--single" role="combobox" aria-haspopup="true" aria-expanded="false" tabindex="0" aria-labelledby="select2-gender-0_2-8o-container">...</span> is not clickable at point (1168, 788). Other element would receive the click: <li class="select2-results__option" id="select2-gender-0_1-hj-result-0w5j-MS" role="treeitem" aria-selected="false">...</li>
  (Session info: chrome=62.0.3202.94)
  (Driver info: chromedriver=2.33.506120 (e3e53437346286c0bc2d2dc9aa4915ba81d9023f),platform=Windows NT 6.3.9600 x86_64) (WARNING: The server did not provide any stacktrace information)
Command duration or timeout: 0 milliseconds
Build info: version: '3.7.1', revision: '8a0099a', time: '2017-11-06T21:07:36.161Z'
System info: host: 'NEACSUNEW-PC', ip: '10.10.10.211', os.name: 'Windows 8.1', os.arch: 'amd64', os.version: '6.3', java.version: '1.8.0_102'
Driver info: com.kms.katalon.selenium.driver.CChromeDriver
Capabilities {acceptSslCerts: true, applicationCacheEnabled: false, browserConnectionEnabled: false, browserName: chrome, chrome: {chromedriverVersion: 2.33.506120 (e3e53437346286..., userDataDir: C:\Users\Cornel\AppData\Loc...}, cssSelectorsEnabled: true, databaseEnabled: false, handlesAlerts: true, hasTouchScreen: false, javascriptEnabled: true, locationContextEnabled: true, mobileEmulationEnabled: false, nativeEvents: true, networkConnectionEnabled: false, pageLoadStrategy: normal, platform: XP, platformName: XP, rotatable: false, setWindowRect: true, takesHeapSnapshot: true, takesScreenshot: true, unexpectedAlertBehaviour: , unhandledPromptBehavior: , version: 62.0.3202.94, webStorageEnabled: true}
Session ID: ba6bd4f41a320d2d5ef929dded3d72bf)

2017-12-04 16:00:11 - [MESSAGE][WARNING] - Unable to click on object 'Object Repository/PrimoTours/LandingPage/secondPaxFirstNameField' (Root cause: org.openqa.selenium.WebDriverException: unknown error: Element <span class="select2-selection select2-selection--single" role="combobox" aria-haspopup="true" aria-expanded="false" tabindex="0" aria-labelledby="select2-gender-0_2-8o-container">...</span> is not clickable at point (1168, 788). Other element would receive the click: <li class="select2-results__option" id="select2-gender-0_1-hj-result-0w5j-MS" role="treeitem" aria-selected="false">...</li>
  (Session info: chrome=62.0.3202.94)
  (Driver info: chromedriver=2.33.506120 (e3e53437346286c0bc2d2dc9aa4915ba81d9023f),platform=Windows NT 6.3.9600 x86_64) (WARNING: The server did not provide any stacktrace information)
Command duration or timeout: 0 milliseconds
Build info: version: '3.7.1', revision: '8a0099a', time: '2017-11-06T21:07:36.161Z'
System info: host: 'NEACSUNEW-PC', ip: '10.10.10.211', os.name: 'Windows 8.1', os.arch: 'amd64', os.version: '6.3', java.version: '1.8.0_102'
Driver info: com.kms.katalon.selenium.driver.CChromeDriver
Capabilities {acceptSslCerts: true, applicationCacheEnabled: false, browserConnectionEnabled: false, browserName: chrome, chrome: {chromedriverVersion: 2.33.506120 (e3e53437346286..., userDataDir: C:\Users\Cornel\AppData\Loc...}, cssSelectorsEnabled: true, databaseEnabled: false, handlesAlerts: true, hasTouchScreen: false, javascriptEnabled: true, locationContextEnabled: true, mobileEmulationEnabled: false, nativeEvents: true, networkConnectionEnabled: false, pageLoadStrategy: normal, platform: XP, platformName: XP, rotatable: false, setWindowRect: true, takesHeapSnapshot: true, takesScreenshot: true, unexpectedAlertBehaviour: , unhandledPromptBehavior: , version: 62.0.3202.94, webStorageEnabled: true}
Session ID: ba6bd4f41a320d2d5ef929dded3d72bf)
[[ATTACHMENT|D:\\Software testing\\Tourpaq\\Automated Katalon tests\\Primo WB test\\Reports\\WB Primo From Excel URLs\\20171204_155729\\1512396011350.png]]

2017-12-04 16:00:11 - [TEST_STEP][PASSED] - Statement - If (i == 1 & j == 1): null

2017-12-04 16:00:11 - [TEST_STEP][PASSED] - Statement - randomPaxIndex = java.lang.Math.abs(new java.util.Random().nextInt() % excelRowNo) + 1: null

2017-12-04 16:00:11 - [TEST_STEP][PASSED] - Statement - fname = rawData.getValue("FirstName", randomPaxIndex) + " AUT": null

2017-12-04 16:00:11 - [TEST_STEP][PASSED] - Statement - lname = rawData.getValue("LastName", randomPaxIndex): null

2017-12-04 16:00:11 - [TEST_STEP][PASSED] - Statement - pgender = rawData.getValue("Gender", randomPaxIndex): null

2017-12-04 16:00:11 - [TEST_STEP][PASSED] - Statement - pday = rawData.getValue("Day DOB", randomPaxIndex): null

2017-12-04 16:00:11 - [TEST_STEP][PASSED] - Statement - pmonth = rawData.getValue("Month DOB", randomPaxIndex): null

2017-12-04 16:00:11 - [TEST_STEP][PASSED] - Statement - pyear = rawData.getValue("Year DOB", randomPaxIndex): null

2017-12-04 16:00:11 - [TEST_STEP][PASSED] - Statement - paxDetailFields = paxInRoomXpath + "[" + j + "]/div[@class="col-md-x col-md-9"]/div[@class="row paxContainer"][1]/div[contains(@class,"paxAttribute")]": null

2017-12-04 16:00:11 - [TEST_STEP][PASSED] - Statement - xpathval = paxDetailFields + "[1]/div[contains(@class,"form-group")]/input[contains(@class,"paxFirstName")]": null

2017-12-04 16:00:11 - [TEST_STEP][PASSED] - Statement - println("fn: " + xpathval): null

2017-12-04 16:00:11 - [TEST_STEP][PASSED] - Statement - repObj = com.kms.katalon.core.testobject.ObjectRepository.findTestObject(Object Repository/PrimoTours/LandingPage/secondPaxFirstNameField): Finding Test Object with id 'Object Repository/PrimoTours/LandingPage/secondPaxFirstNameField'

2017-12-04 16:00:11 - [TEST_STEP][PASSED] - Statement - repObj.findProperty("xpath").setValue(xpathval): null

2017-12-04 16:00:11 - [TEST_STEP][PASSED] - setText: Text 'Hemstra AUT' is set on object 'Object Repository/PrimoTours/LandingPage/secondPaxFirstNameField'

2017-12-04 16:00:12 - [MESSAGE][PASSED] - Text 'Hemstra AUT' is set on object 'Object Repository/PrimoTours/LandingPage/secondPaxFirstNameField'

2017-12-04 16:00:12 - [TEST_STEP][PASSED] - Statement - xpathval = paxDetailFields + "[2]/div[contains(@class,"form-group")]/input[contains(@class,"paxLastName")]": null

2017-12-04 16:00:12 - [TEST_STEP][PASSED] - Statement - println("ln: " + xpathval): null

2017-12-04 16:00:12 - [TEST_STEP][PASSED] - Statement - repObj = com.kms.katalon.core.testobject.ObjectRepository.findTestObject(Object Repository/PrimoTours/LandingPage/secondPaxFirstNameField): Finding Test Object with id 'Object Repository/PrimoTours/LandingPage/secondPaxFirstNameField'

2017-12-04 16:00:12 - [TEST_STEP][PASSED] - Statement - repObj.findProperty("xpath").setValue(xpathval): null

2017-12-04 16:00:12 - [TEST_STEP][PASSED] - setText: Text 'Louise' is set on object 'Object Repository/PrimoTours/LandingPage/secondPaxFirstNameField'

2017-12-04 16:00:12 - [MESSAGE][PASSED] - Text 'Louise' is set on object 'Object Repository/PrimoTours/LandingPage/secondPaxFirstNameField'

2017-12-04 16:00:12 - [TEST_STEP][PASSED] - Statement - repObj = com.kms.katalon.core.testobject.ObjectRepository.findTestObject(Object Repository/PrimoTours/LandingPage/secondPaxFirstNameField): Finding Test Object with id 'Object Repository/PrimoTours/LandingPage/secondPaxFirstNameField'

2017-12-04 16:00:12 - [TEST_STEP][PASSED] - Statement - xpathval = paxDetailFields + "[3]/div[contains(@class,"paxGenderSelectorContainer")]/span[contains(@class,"select2 select2-container")]/span[contains(@class,"selection")]/span[contains(@class,"select2-selection")]": null

2017-12-04 16:00:12 - [TEST_STEP][PASSED] - Statement - println("gender: " + xpathval): null

2017-12-04 16:00:12 - [TEST_STEP][PASSED] - Statement - repObj.findProperty("xpath").setValue(xpathval): null

2017-12-04 16:00:12 - [TEST_STEP][PASSED] - click: Object: 'Object Repository/PrimoTours/LandingPage/secondPaxFirstNameField' is clicked on

2017-12-04 16:00:12 - [MESSAGE][PASSED] - Object: 'Object Repository/PrimoTours/LandingPage/secondPaxFirstNameField' is clicked on

2017-12-04 16:00:12 - [TEST_STEP][PASSED] - Statement - paxInRoomXpath = "id("passengersContainer_" + i - 1 + "")/div[@class="col-md-12"]/div[@class="row"]": null

2017-12-04 16:00:12 - [TEST_STEP][PASSED] - Statement - println("paxInRoomXpath=" + paxInRoomXpath): null

2017-12-04 16:00:12 - [TEST_STEP][PASSED] - Statement - paxInRoomCount = driver.findElements(org.openqa.selenium.By.xpath(paxInRoomXpath)).size(): null

2017-12-04 16:00:12 - [TEST_STEP][PASSED] - Statement - println("paxInRoomCount=" + paxInRoomCount): null

2017-12-04 16:00:12 - [TEST_STEP][PASSED] - Statement - For ([j = 1, j <= paxInRoomCount, (j++)]): Object: 'Object Repository/PrimoTours/LandingPage/secondPaxFirstNameField' is clicked on

2017-12-04 16:00:12 - [TEST_STEP][PASSED] - Statement - If (i == 1 & j == 1): null

2017-12-04 16:00:12 - [TEST_STEP][PASSED] - Statement - randomPaxIndex = java.lang.Math.abs(new java.util.Random().nextInt() % excelRowNo) + 1: null

2017-12-04 16:00:12 - [TEST_STEP][PASSED] - Statement - fname = rawData.getValue("FirstName", randomPaxIndex) + " AUT": null

2017-12-04 16:00:12 - [TEST_STEP][PASSED] - Statement - lname = rawData.getValue("LastName", randomPaxIndex): null

2017-12-04 16:00:12 - [TEST_STEP][PASSED] - Statement - pgender = rawData.getValue("Gender", randomPaxIndex): null

2017-12-04 16:00:12 - [TEST_STEP][PASSED] - Statement - pday = rawData.getValue("Day DOB", randomPaxIndex): null

2017-12-04 16:00:12 - [TEST_STEP][PASSED] - Statement - pmonth = rawData.getValue("Month DOB", randomPaxIndex): null

2017-12-04 16:00:12 - [TEST_STEP][PASSED] - Statement - pyear = rawData.getValue("Year DOB", randomPaxIndex): null

2017-12-04 16:00:12 - [TEST_STEP][PASSED] - Statement - paxDetailFields = paxInRoomXpath + "[" + j + "]/div[@class="col-md-x col-md-9"]/div[@class="row paxContainer"][1]/div[contains(@class,"paxAttribute")]": null

2017-12-04 16:00:12 - [TEST_STEP][PASSED] - Statement - xpathval = paxDetailFields + "[1]/div[contains(@class,"form-group")]/input[contains(@class,"paxFirstName")]": null

2017-12-04 16:00:12 - [TEST_STEP][PASSED] - Statement - println("fn: " + xpathval): null

2017-12-04 16:00:12 - [TEST_STEP][PASSED] - Statement - repObj = com.kms.katalon.core.testobject.ObjectRepository.findTestObject(Object Repository/PrimoTours/LandingPage/secondPaxFirstNameField): Finding Test Object with id 'Object Repository/PrimoTours/LandingPage/secondPaxFirstNameField'

2017-12-04 16:00:12 - [TEST_STEP][PASSED] - Statement - repObj.findProperty("xpath").setValue(xpathval): null

2017-12-04 16:00:12 - [TEST_STEP][PASSED] - setText: Text 'Strandbygaard AUT' is set on object 'Object Repository/PrimoTours/LandingPage/secondPaxFirstNameField'

2017-12-04 16:00:12 - [MESSAGE][PASSED] - Text 'Strandbygaard AUT' is set on object 'Object Repository/PrimoTours/LandingPage/secondPaxFirstNameField'

2017-12-04 16:00:12 - [TEST_STEP][PASSED] - Statement - xpathval = paxDetailFields + "[2]/div[contains(@class,"form-group")]/input[contains(@class,"paxLastName")]": null

2017-12-04 16:00:12 - [TEST_STEP][PASSED] - Statement - println("ln: " + xpathval): null

2017-12-04 16:00:12 - [TEST_STEP][PASSED] - Statement - repObj = com.kms.katalon.core.testobject.ObjectRepository.findTestObject(Object Repository/PrimoTours/LandingPage/secondPaxFirstNameField): Finding Test Object with id 'Object Repository/PrimoTours/LandingPage/secondPaxFirstNameField'

2017-12-04 16:00:12 - [TEST_STEP][PASSED] - Statement - repObj.findProperty("xpath").setValue(xpathval): null

2017-12-04 16:00:12 - [TEST_STEP][PASSED] - setText: Text 'Birthe' is set on object 'Object Repository/PrimoTours/LandingPage/secondPaxFirstNameField'

2017-12-04 16:00:12 - [MESSAGE][PASSED] - Text 'Birthe' is set on object 'Object Repository/PrimoTours/LandingPage/secondPaxFirstNameField'

2017-12-04 16:00:12 - [TEST_STEP][PASSED] - Statement - repObj = com.kms.katalon.core.testobject.ObjectRepository.findTestObject(Object Repository/PrimoTours/LandingPage/secondPaxFirstNameField): Finding Test Object with id 'Object Repository/PrimoTours/LandingPage/secondPaxFirstNameField'

2017-12-04 16:00:12 - [TEST_STEP][PASSED] - Statement - xpathval = paxDetailFields + "[3]/div[contains(@class,"paxGenderSelectorContainer")]/span[contains(@class,"select2 select2-container")]/span[contains(@class,"selection")]/span[contains(@class,"select2-selection")]": null

2017-12-04 16:00:12 - [TEST_STEP][PASSED] - Statement - println("gender: " + xpathval): null

2017-12-04 16:00:12 - [TEST_STEP][PASSED] - Statement - repObj.findProperty("xpath").setValue(xpathval): null

2017-12-04 16:00:12 - [TEST_STEP][PASSED] - click: Object: 'Object Repository/PrimoTours/LandingPage/secondPaxFirstNameField' is clicked on

2017-12-04 16:00:13 - [MESSAGE][PASSED] - Object: 'Object Repository/PrimoTours/LandingPage/secondPaxFirstNameField' is clicked on

2017-12-04 16:00:13 - [TEST_STEP][PASSED] - Statement - If (i == 1 & j == 1): null

2017-12-04 16:00:13 - [TEST_STEP][PASSED] - Statement - randomPaxIndex = java.lang.Math.abs(new java.util.Random().nextInt() % excelRowNo) + 1: null

2017-12-04 16:00:13 - [TEST_STEP][PASSED] - Statement - fname = rawData.getValue("FirstName", randomPaxIndex) + " AUT": null

2017-12-04 16:00:13 - [TEST_STEP][PASSED] - Statement - lname = rawData.getValue("LastName", randomPaxIndex): null

2017-12-04 16:00:13 - [TEST_STEP][PASSED] - Statement - pgender = rawData.getValue("Gender", randomPaxIndex): null

2017-12-04 16:00:13 - [TEST_STEP][PASSED] - Statement - pday = rawData.getValue("Day DOB", randomPaxIndex): null

2017-12-04 16:00:13 - [TEST_STEP][PASSED] - Statement - pmonth = rawData.getValue("Month DOB", randomPaxIndex): null

2017-12-04 16:00:13 - [TEST_STEP][PASSED] - Statement - pyear = rawData.getValue("Year DOB", randomPaxIndex): null

2017-12-04 16:00:13 - [TEST_STEP][PASSED] - Statement - paxDetailFields = paxInRoomXpath + "[" + j + "]/div[@class="col-md-x col-md-9"]/div[@class="row paxContainer"][1]/div[contains(@class,"paxAttribute")]": null

2017-12-04 16:00:13 - [TEST_STEP][PASSED] - Statement - xpathval = paxDetailFields + "[1]/div[contains(@class,"form-group")]/input[contains(@class,"paxFirstName")]": null

2017-12-04 16:00:13 - [TEST_STEP][PASSED] - Statement - println("fn: " + xpathval): null

2017-12-04 16:00:13 - [TEST_STEP][PASSED] - Statement - repObj = com.kms.katalon.core.testobject.ObjectRepository.findTestObject(Object Repository/PrimoTours/LandingPage/secondPaxFirstNameField): Finding Test Object with id 'Object Repository/PrimoTours/LandingPage/secondPaxFirstNameField'

2017-12-04 16:00:13 - [TEST_STEP][PASSED] - Statement - repObj.findProperty("xpath").setValue(xpathval): null

2017-12-04 16:00:13 - [TEST_STEP][PASSED] - setText: Text 'Strandbygaard AUT' is set on object 'Object Repository/PrimoTours/LandingPage/secondPaxFirstNameField'

2017-12-04 16:00:13 - [MESSAGE][PASSED] - Text 'Strandbygaard AUT' is set on object 'Object Repository/PrimoTours/LandingPage/secondPaxFirstNameField'

2017-12-04 16:00:13 - [TEST_STEP][PASSED] - Statement - xpathval = paxDetailFields + "[2]/div[contains(@class,"form-group")]/input[contains(@class,"paxLastName")]": null

2017-12-04 16:00:13 - [TEST_STEP][PASSED] - Statement - println("ln: " + xpathval): null

2017-12-04 16:00:13 - [TEST_STEP][PASSED] - Statement - repObj = com.kms.katalon.core.testobject.ObjectRepository.findTestObject(Object Repository/PrimoTours/LandingPage/secondPaxFirstNameField): Finding Test Object with id 'Object Repository/PrimoTours/LandingPage/secondPaxFirstNameField'

2017-12-04 16:00:13 - [TEST_STEP][PASSED] - Statement - repObj.findProperty("xpath").setValue(xpathval): null

2017-12-04 16:00:13 - [TEST_STEP][PASSED] - setText: Text 'Birthe' is set on object 'Object Repository/PrimoTours/LandingPage/secondPaxFirstNameField'

2017-12-04 16:00:13 - [MESSAGE][PASSED] - Text 'Birthe' is set on object 'Object Repository/PrimoTours/LandingPage/secondPaxFirstNameField'

2017-12-04 16:00:13 - [TEST_STEP][PASSED] - Statement - repObj = com.kms.katalon.core.testobject.ObjectRepository.findTestObject(Object Repository/PrimoTours/LandingPage/secondPaxFirstNameField): Finding Test Object with id 'Object Repository/PrimoTours/LandingPage/secondPaxFirstNameField'

2017-12-04 16:00:13 - [TEST_STEP][PASSED] - Statement - xpathval = paxDetailFields + "[3]/div[contains(@class,"paxGenderSelectorContainer")]/span[contains(@class,"select2 select2-container")]/span[contains(@class,"selection")]/span[contains(@class,"select2-selection")]": null

2017-12-04 16:00:13 - [TEST_STEP][PASSED] - Statement - println("gender: " + xpathval): null

2017-12-04 16:00:13 - [TEST_STEP][PASSED] - Statement - repObj.findProperty("xpath").setValue(xpathval): null

2017-12-04 16:00:13 - [TEST_STEP][PASSED] - click: Object: 'Object Repository/PrimoTours/LandingPage/secondPaxFirstNameField' is clicked on

2017-12-04 16:00:13 - [MESSAGE][PASSED] - Object: 'Object Repository/PrimoTours/LandingPage/secondPaxFirstNameField' is clicked on

2017-12-04 16:00:13 - [TEST_STEP][PASSED] - Statement - If (i == 1 & j == 1): null

2017-12-04 16:00:13 - [TEST_STEP][PASSED] - Statement - randomPaxIndex = java.lang.Math.abs(new java.util.Random().nextInt() % excelRowNo) + 1: null

2017-12-04 16:00:13 - [TEST_STEP][PASSED] - Statement - fname = rawData.getValue("FirstName", randomPaxIndex) + " AUT": null

2017-12-04 16:00:13 - [TEST_STEP][PASSED] - Statement - lname = rawData.getValue("LastName", randomPaxIndex): null

2017-12-04 16:00:13 - [TEST_STEP][PASSED] - Statement - pgender = rawData.getValue("Gender", randomPaxIndex): null

2017-12-04 16:00:13 - [TEST_STEP][PASSED] - Statement - pday = rawData.getValue("Day DOB", randomPaxIndex): null

2017-12-04 16:00:13 - [TEST_STEP][PASSED] - Statement - pmonth = rawData.getValue("Month DOB", randomPaxIndex): null

2017-12-04 16:00:13 - [TEST_STEP][PASSED] - Statement - pyear = rawData.getValue("Year DOB", randomPaxIndex): null

2017-12-04 16:00:13 - [TEST_STEP][PASSED] - Statement - paxDetailFields = paxInRoomXpath + "[" + j + "]/div[@class="col-md-x col-md-9"]/div[@class="row paxContainer"][1]/div[contains(@class,"paxAttribute")]": null

2017-12-04 16:00:13 - [TEST_STEP][PASSED] - Statement - xpathval = paxDetailFields + "[1]/div[contains(@class,"form-group")]/input[contains(@class,"paxFirstName")]": null

2017-12-04 16:00:13 - [TEST_STEP][PASSED] - Statement - println("fn: " + xpathval): null

2017-12-04 16:00:13 - [TEST_STEP][PASSED] - Statement - repObj = com.kms.katalon.core.testobject.ObjectRepository.findTestObject(Object Repository/PrimoTours/LandingPage/secondPaxFirstNameField): Finding Test Object with id 'Object Repository/PrimoTours/LandingPage/secondPaxFirstNameField'

2017-12-04 16:00:13 - [TEST_STEP][PASSED] - Statement - repObj.findProperty("xpath").setValue(xpathval): null

2017-12-04 16:00:13 - [TEST_STEP][PASSED] - setText: Text 'Pedersen AUT' is set on object 'Object Repository/PrimoTours/LandingPage/secondPaxFirstNameField'

2017-12-04 16:00:14 - [MESSAGE][PASSED] - Text 'Pedersen AUT' is set on object 'Object Repository/PrimoTours/LandingPage/secondPaxFirstNameField'

2017-12-04 16:00:14 - [TEST_STEP][PASSED] - Statement - xpathval = paxDetailFields + "[2]/div[contains(@class,"form-group")]/input[contains(@class,"paxLastName")]": null

2017-12-04 16:00:14 - [TEST_STEP][PASSED] - Statement - println("ln: " + xpathval): null

2017-12-04 16:00:14 - [TEST_STEP][PASSED] - Statement - repObj = com.kms.katalon.core.testobject.ObjectRepository.findTestObject(Object Repository/PrimoTours/LandingPage/secondPaxFirstNameField): Finding Test Object with id 'Object Repository/PrimoTours/LandingPage/secondPaxFirstNameField'

2017-12-04 16:00:14 - [TEST_STEP][PASSED] - Statement - repObj.findProperty("xpath").setValue(xpathval): null

2017-12-04 16:00:14 - [TEST_STEP][PASSED] - setText: Text 'Bente Ingrid' is set on object 'Object Repository/PrimoTours/LandingPage/secondPaxFirstNameField'

2017-12-04 16:00:14 - [MESSAGE][PASSED] - Text 'Bente Ingrid' is set on object 'Object Repository/PrimoTours/LandingPage/secondPaxFirstNameField'

2017-12-04 16:00:14 - [TEST_STEP][PASSED] - Statement - repObj = com.kms.katalon.core.testobject.ObjectRepository.findTestObject(Object Repository/PrimoTours/LandingPage/secondPaxFirstNameField): Finding Test Object with id 'Object Repository/PrimoTours/LandingPage/secondPaxFirstNameField'

2017-12-04 16:00:14 - [TEST_STEP][PASSED] - Statement - xpathval = paxDetailFields + "[3]/div[contains(@class,"paxGenderSelectorContainer")]/span[contains(@class,"select2 select2-container")]/span[contains(@class,"selection")]/span[contains(@class,"select2-selection")]": null

2017-12-04 16:00:14 - [TEST_STEP][PASSED] - Statement - println("gender: " + xpathval): null

2017-12-04 16:00:14 - [TEST_STEP][PASSED] - Statement - repObj.findProperty("xpath").setValue(xpathval): null

2017-12-04 16:00:14 - [TEST_STEP][PASSED] - click: Unable to click on object 'Object Repository/PrimoTours/LandingPage/secondPaxFirstNameField' (Root cause: org.openqa.selenium.WebDriverException: unknown error: Element <span class="select2-selection select2-selection--single" role="combobox" aria-haspopup="true" aria-expanded="false" tabindex="0" aria-labelledby="select2-gender-1_2-4h-container">...</span> is not clickable at point (1168, 528). Other element would receive the click: <li class="select2-results__option" id="select2-gender-1_1-cv-result-sf2h-MS" role="treeitem" aria-selected="false">...</li>
  (Session info: chrome=62.0.3202.94)
  (Driver info: chromedriver=2.33.506120 (e3e53437346286c0bc2d2dc9aa4915ba81d9023f),platform=Windows NT 6.3.9600 x86_64) (WARNING: The server did not provide any stacktrace information)
Command duration or timeout: 0 milliseconds
Build info: version: '3.7.1', revision: '8a0099a', time: '2017-11-06T21:07:36.161Z'
System info: host: 'NEACSUNEW-PC', ip: '10.10.10.211', os.name: 'Windows 8.1', os.arch: 'amd64', os.version: '6.3', java.version: '1.8.0_102'
Driver info: com.kms.katalon.selenium.driver.CChromeDriver
Capabilities {acceptSslCerts: true, applicationCacheEnabled: false, browserConnectionEnabled: false, browserName: chrome, chrome: {chromedriverVersion: 2.33.506120 (e3e53437346286..., userDataDir: C:\Users\Cornel\AppData\Loc...}, cssSelectorsEnabled: true, databaseEnabled: false, handlesAlerts: true, hasTouchScreen: false, javascriptEnabled: true, locationContextEnabled: true, mobileEmulationEnabled: false, nativeEvents: true, networkConnectionEnabled: false, pageLoadStrategy: normal, platform: XP, platformName: XP, rotatable: false, setWindowRect: true, takesHeapSnapshot: true, takesScreenshot: true, unexpectedAlertBehaviour: , unhandledPromptBehavior: , version: 62.0.3202.94, webStorageEnabled: true}
Session ID: ba6bd4f41a320d2d5ef929dded3d72bf)

2017-12-04 16:00:14 - [MESSAGE][WARNING] - Unable to click on object 'Object Repository/PrimoTours/LandingPage/secondPaxFirstNameField' (Root cause: org.openqa.selenium.WebDriverException: unknown error: Element <span class="select2-selection select2-selection--single" role="combobox" aria-haspopup="true" aria-expanded="false" tabindex="0" aria-labelledby="select2-gender-1_2-4h-container">...</span> is not clickable at point (1168, 528). Other element would receive the click: <li class="select2-results__option" id="select2-gender-1_1-cv-result-sf2h-MS" role="treeitem" aria-selected="false">...</li>
  (Session info: chrome=62.0.3202.94)
  (Driver info: chromedriver=2.33.506120 (e3e53437346286c0bc2d2dc9aa4915ba81d9023f),platform=Windows NT 6.3.9600 x86_64) (WARNING: The server did not provide any stacktrace information)
Command duration or timeout: 0 milliseconds
Build info: version: '3.7.1', revision: '8a0099a', time: '2017-11-06T21:07:36.161Z'
System info: host: 'NEACSUNEW-PC', ip: '10.10.10.211', os.name: 'Windows 8.1', os.arch: 'amd64', os.version: '6.3', java.version: '1.8.0_102'
Driver info: com.kms.katalon.selenium.driver.CChromeDriver
Capabilities {acceptSslCerts: true, applicationCacheEnabled: false, browserConnectionEnabled: false, browserName: chrome, chrome: {chromedriverVersion: 2.33.506120 (e3e53437346286..., userDataDir: C:\Users\Cornel\AppData\Loc...}, cssSelectorsEnabled: true, databaseEnabled: false, handlesAlerts: true, hasTouchScreen: false, javascriptEnabled: true, locationContextEnabled: true, mobileEmulationEnabled: false, nativeEvents: true, networkConnectionEnabled: false, pageLoadStrategy: normal, platform: XP, platformName: XP, rotatable: false, setWindowRect: true, takesHeapSnapshot: true, takesScreenshot: true, unexpectedAlertBehaviour: , unhandledPromptBehavior: , version: 62.0.3202.94, webStorageEnabled: true}
Session ID: ba6bd4f41a320d2d5ef929dded3d72bf)
[[ATTACHMENT|D:\\Software testing\\Tourpaq\\Automated Katalon tests\\Primo WB test\\Reports\\WB Primo From Excel URLs\\20171204_155729\\1512396014571.png]]

2017-12-04 16:00:14 - [TEST_STEP][PASSED] - Statement - If (i == 1 & j == 1): null

2017-12-04 16:00:14 - [TEST_STEP][PASSED] - Statement - randomPaxIndex = java.lang.Math.abs(new java.util.Random().nextInt() % excelRowNo) + 1: null

2017-12-04 16:00:14 - [TEST_STEP][PASSED] - Statement - fname = rawData.getValue("FirstName", randomPaxIndex) + " AUT": null

2017-12-04 16:00:14 - [TEST_STEP][PASSED] - Statement - lname = rawData.getValue("LastName", randomPaxIndex): null

2017-12-04 16:00:14 - [TEST_STEP][PASSED] - Statement - pgender = rawData.getValue("Gender", randomPaxIndex): null

2017-12-04 16:00:14 - [TEST_STEP][PASSED] - Statement - pday = rawData.getValue("Day DOB", randomPaxIndex): null

2017-12-04 16:00:14 - [TEST_STEP][PASSED] - Statement - pmonth = rawData.getValue("Month DOB", randomPaxIndex): null

2017-12-04 16:00:14 - [TEST_STEP][PASSED] - Statement - pyear = rawData.getValue("Year DOB", randomPaxIndex): null

2017-12-04 16:00:14 - [TEST_STEP][PASSED] - Statement - paxDetailFields = paxInRoomXpath + "[" + j + "]/div[@class="col-md-x col-md-9"]/div[@class="row paxContainer"][1]/div[contains(@class,"paxAttribute")]": null

2017-12-04 16:00:14 - [TEST_STEP][PASSED] - Statement - xpathval = paxDetailFields + "[1]/div[contains(@class,"form-group")]/input[contains(@class,"paxFirstName")]": null

2017-12-04 16:00:14 - [TEST_STEP][PASSED] - Statement - println("fn: " + xpathval): null

2017-12-04 16:00:14 - [TEST_STEP][PASSED] - Statement - repObj = com.kms.katalon.core.testobject.ObjectRepository.findTestObject(Object Repository/PrimoTours/LandingPage/secondPaxFirstNameField): Finding Test Object with id 'Object Repository/PrimoTours/LandingPage/secondPaxFirstNameField'

2017-12-04 16:00:14 - [TEST_STEP][PASSED] - Statement - repObj.findProperty("xpath").setValue(xpathval): null

2017-12-04 16:00:14 - [TEST_STEP][PASSED] - setText: Text 'Andersen AUT' is set on object 'Object Repository/PrimoTours/LandingPage/secondPaxFirstNameField'

2017-12-04 16:00:15 - [MESSAGE][PASSED] - Text 'Andersen AUT' is set on object 'Object Repository/PrimoTours/LandingPage/secondPaxFirstNameField'

2017-12-04 16:00:15 - [TEST_STEP][PASSED] - Statement - xpathval = paxDetailFields + "[2]/div[contains(@class,"form-group")]/input[contains(@class,"paxLastName")]": null

2017-12-04 16:00:15 - [TEST_STEP][PASSED] - Statement - println("ln: " + xpathval): null

2017-12-04 16:00:15 - [TEST_STEP][PASSED] - Statement - repObj = com.kms.katalon.core.testobject.ObjectRepository.findTestObject(Object Repository/PrimoTours/LandingPage/secondPaxFirstNameField): Finding Test Object with id 'Object Repository/PrimoTours/LandingPage/secondPaxFirstNameField'

2017-12-04 16:00:15 - [TEST_STEP][PASSED] - Statement - repObj.findProperty("xpath").setValue(xpathval): null

2017-12-04 16:00:15 - [TEST_STEP][PASSED] - setText: Text 'Catharina Nyvang' is set on object 'Object Repository/PrimoTours/LandingPage/secondPaxFirstNameField'

2017-12-04 16:00:15 - [MESSAGE][PASSED] - Text 'Catharina Nyvang' is set on object 'Object Repository/PrimoTours/LandingPage/secondPaxFirstNameField'

2017-12-04 16:00:15 - [TEST_STEP][PASSED] - Statement - repObj = com.kms.katalon.core.testobject.ObjectRepository.findTestObject(Object Repository/PrimoTours/LandingPage/secondPaxFirstNameField): Finding Test Object with id 'Object Repository/PrimoTours/LandingPage/secondPaxFirstNameField'

2017-12-04 16:00:15 - [TEST_STEP][PASSED] - Statement - xpathval = paxDetailFields + "[3]/div[contains(@class,"paxGenderSelectorContainer")]/span[contains(@class,"select2 select2-container")]/span[contains(@class,"selection")]/span[contains(@class,"select2-selection")]": null

2017-12-04 16:00:15 - [TEST_STEP][PASSED] - Statement - println("gender: " + xpathval): null

2017-12-04 16:00:15 - [TEST_STEP][PASSED] - Statement - repObj.findProperty("xpath").setValue(xpathval): null

2017-12-04 16:00:15 - [TEST_STEP][PASSED] - click: Object: 'Object Repository/PrimoTours/LandingPage/secondPaxFirstNameField' is clicked on

2017-12-04 16:00:15 - [MESSAGE][PASSED] - Object: 'Object Repository/PrimoTours/LandingPage/secondPaxFirstNameField' is clicked on

2017-12-04 16:00:15 - [TEST_STEP][PASSED] - scrollToElement: Scroll to object 'Object Repository/PrimoTours/Old Objects/Coco (1)/PrimoT/SaveBooking2/Success/bookingTotalValue' successfully

2017-12-04 16:00:15 - [MESSAGE][PASSED] - Scroll to object 'Object Repository/PrimoTours/Old Objects/Coco (1)/PrimoT/SaveBooking2/Success/bookingTotalValue' successfully

2017-12-04 16:00:15 - [TEST_STEP][PASSED] - click: Object: 'Object Repository/PrimoTours/Old Objects/Coco (1)/PrimoT/SaveBooking2/Success/bookingTotalValue' is clicked on

2017-12-04 16:00:15 - [MESSAGE][PASSED] - Object: 'Object Repository/PrimoTours/Old Objects/Coco (1)/PrimoT/SaveBooking2/Success/bookingTotalValue' is clicked on

2017-12-04 16:00:15 - [TEST_STEP][PASSED] - scrollToElement: Scroll to object 'Object Repository/PrimoTours/Old Objects/Coco (1)/PrimoT/SaveBooking2/Success/Page_Primo Tours  Danmarks bedste c/nextButtonOnLandingPage' successfully

2017-12-04 16:00:15 - [MESSAGE][PASSED] - Scroll to object 'Object Repository/PrimoTours/Old Objects/Coco (1)/PrimoT/SaveBooking2/Success/Page_Primo Tours  Danmarks bedste c/nextButtonOnLandingPage' successfully

2017-12-04 16:00:15 - [TEST_STEP][PASSED] - waitForElementClickable: Object 'Object Repository/PrimoTours/Old Objects/Coco (1)/PrimoT/SaveBooking2/Success/Page_Primo Tours  Danmarks bedste c/nextButtonOnLandingPage' is clickable

2017-12-04 16:00:15 - [MESSAGE][PASSED] - Object 'Object Repository/PrimoTours/Old Objects/Coco (1)/PrimoT/SaveBooking2/Success/Page_Primo Tours  Danmarks bedste c/nextButtonOnLandingPage' is clickable

2017-12-04 16:00:15 - [TEST_STEP][PASSED] - waitForElementVisible: Object 'Object Repository/PrimoTours/Old Objects/Coco (1)/PrimoT/SaveBooking2/Success/Page_Primo Tours  Danmarks bedste c/nextButtonOnLandingPage' is visible

2017-12-04 16:00:16 - [MESSAGE][PASSED] - Object 'Object Repository/PrimoTours/Old Objects/Coco (1)/PrimoT/SaveBooking2/Success/Page_Primo Tours  Danmarks bedste c/nextButtonOnLandingPage' is visible

2017-12-04 16:00:16 - [TEST_STEP][PASSED] - scrollToElement: Scroll to object 'Object Repository/PrimoTours/Old Objects/Coco (1)/PrimoT/SaveBooking2/Success/Page_Primo Tours  Danmarks bedste c/nextButtonOnLandingPage' successfully

2017-12-04 16:00:16 - [MESSAGE][PASSED] - Scroll to object 'Object Repository/PrimoTours/Old Objects/Coco (1)/PrimoT/SaveBooking2/Success/Page_Primo Tours  Danmarks bedste c/nextButtonOnLandingPage' successfully

2017-12-04 16:00:16 - [TEST_STEP][PASSED] - click: Object: 'Object Repository/PrimoTours/Old Objects/Coco (1)/PrimoT/SaveBooking2/Success/Page_Primo Tours  Danmarks bedste c/nextButtonOnLandingPage' is clicked on

2017-12-04 16:00:16 - [MESSAGE][PASSED] - Object: 'Object Repository/PrimoTours/Old Objects/Coco (1)/PrimoT/SaveBooking2/Success/Page_Primo Tours  Danmarks bedste c/nextButtonOnLandingPage' is clicked on

2017-12-04 16:00:16 - [TEST_STEP][PASSED] - delay: Delayed 3 second(s)

2017-12-04 16:00:19 - [MESSAGE][PASSED] - Delayed 3 second(s)

2017-12-04 16:00:19 - [TEST_STEP][PASSED] - waitForElementNotVisible: Object 'Object Repository/PrimoTours/Old Objects/CCenter/pageLoaderOverlayLayer' is NOT visible

2017-12-04 16:00:19 - [MESSAGE][PASSED] - Object 'Object Repository/PrimoTours/Old Objects/CCenter/pageLoaderOverlayLayer' is NOT visible

2017-12-04 16:00:19 - [TEST_STEP][PASSED] - scrollToElement: Scroll to object 'Object Repository/PrimoTours/Old Objects/Coco/PrimoT/Ins2/Page_Primo Tours  Danmarks bedste c/travelInsuranceFirstPaxSelector' successfully

2017-12-04 16:00:19 - [MESSAGE][PASSED] - Scroll to object 'Object Repository/PrimoTours/Old Objects/Coco/PrimoT/Ins2/Page_Primo Tours  Danmarks bedste c/travelInsuranceFirstPaxSelector' successfully

2017-12-04 16:00:19 - [TEST_STEP][PASSED] - waitForElementPresent: Object 'Object Repository/PrimoTours/Old Objects/Coco/PrimoT/Ins2/Page_Primo Tours  Danmarks bedste c/travelInsuranceFirstPaxSelector' is present

2017-12-04 16:00:19 - [MESSAGE][PASSED] - Object 'Object Repository/PrimoTours/Old Objects/Coco/PrimoT/Ins2/Page_Primo Tours  Danmarks bedste c/travelInsuranceFirstPaxSelector' is present

2017-12-04 16:00:19 - [TEST_STEP][PASSED] - waitForElementVisible: Object 'Object Repository/PrimoTours/Old Objects/Coco/PrimoT/Ins2/Page_Primo Tours  Danmarks bedste c/travelInsuranceFirstPaxSelector' is visible

2017-12-04 16:00:19 - [MESSAGE][PASSED] - Object 'Object Repository/PrimoTours/Old Objects/Coco/PrimoT/Ins2/Page_Primo Tours  Danmarks bedste c/travelInsuranceFirstPaxSelector' is visible

2017-12-04 16:00:19 - [TEST_STEP][PASSED] - waitForElementClickable: Object 'Object Repository/PrimoTours/Old Objects/Coco/PrimoT/Ins2/Page_Primo Tours  Danmarks bedste c/travelInsuranceFirstPaxSelector' is clickable

2017-12-04 16:00:19 - [MESSAGE][PASSED] - Object 'Object Repository/PrimoTours/Old Objects/Coco/PrimoT/Ins2/Page_Primo Tours  Danmarks bedste c/travelInsuranceFirstPaxSelector' is clickable

2017-12-04 16:00:19 - [TEST_STEP][PASSED] - click: Object: 'Object Repository/PrimoTours/Old Objects/Coco/PrimoT/Ins2/Page_Primo Tours  Danmarks bedste c/travelInsuranceFirstPaxSelector' is clicked on

2017-12-04 16:00:19 - [MESSAGE][PASSED] - Object: 'Object Repository/PrimoTours/Old Objects/Coco/PrimoT/Ins2/Page_Primo Tours  Danmarks bedste c/travelInsuranceFirstPaxSelector' is clicked on

2017-12-04 16:00:19 - [TEST_STEP][PASSED] - Statement - Try: Object: 'Object Repository/PrimoTours/Old Objects/Coco/PrimoT/Ins2/Page_Primo Tours  Danmarks bedste c/firstTravelInsuranceOption' is clicked on

2017-12-04 16:00:19 - [TEST_STEP][PASSED] - click: Object: 'Object Repository/PrimoTours/Old Objects/Coco/PrimoT/Ins2/Page_Primo Tours  Danmarks bedste c/firstTravelInsuranceOption' is clicked on

2017-12-04 16:00:19 - [MESSAGE][PASSED] - Object: 'Object Repository/PrimoTours/Old Objects/Coco/PrimoT/Ins2/Page_Primo Tours  Danmarks bedste c/firstTravelInsuranceOption' is clicked on

2017-12-04 16:00:19 - [TEST_STEP][NOT_RUN] - click: NOT_RUN: click

2017-12-04 16:00:19 - [MESSAGE][NOT_RUN] - NOT_RUN: click

2017-12-04 16:00:19 - [TEST_STEP][NOT_RUN] - scrollToElement: NOT_RUN: scrollToElement

2017-12-04 16:00:19 - [MESSAGE][NOT_RUN] - NOT_RUN: scrollToElement

2017-12-04 16:00:19 - [TEST_STEP][NOT_RUN] - click: NOT_RUN: click

2017-12-04 16:00:19 - [MESSAGE][NOT_RUN] - NOT_RUN: click

2017-12-04 16:00:19 - [TEST_STEP][PASSED] - waitForElementVisible: Object 'Object Repository/PrimoTours/Old Objects/Coco (1)/PrimoT/SaveBooking2/Page_Primo Tours  Danmarks bedste c/individualInsuranceCheckbox' is visible

2017-12-04 16:00:19 - [MESSAGE][PASSED] - Object 'Object Repository/PrimoTours/Old Objects/Coco (1)/PrimoT/SaveBooking2/Page_Primo Tours  Danmarks bedste c/individualInsuranceCheckbox' is visible

2017-12-04 16:00:19 - [TEST_STEP][PASSED] - scrollToElement: Scroll to object 'Object Repository/PrimoTours/Old Objects/Coco (1)/PrimoT/SaveBooking2/Page_Primo Tours  Danmarks bedste c/individualInsuranceCheckbox' successfully

2017-12-04 16:00:19 - [MESSAGE][PASSED] - Scroll to object 'Object Repository/PrimoTours/Old Objects/Coco (1)/PrimoT/SaveBooking2/Page_Primo Tours  Danmarks bedste c/individualInsuranceCheckbox' successfully

2017-12-04 16:00:19 - [TEST_STEP][PASSED] - click: Object: 'Object Repository/PrimoTours/Old Objects/Coco (1)/PrimoT/SaveBooking2/Page_Primo Tours  Danmarks bedste c/individualInsuranceCheckbox' is clicked on

2017-12-04 16:00:19 - [MESSAGE][PASSED] - Object: 'Object Repository/PrimoTours/Old Objects/Coco (1)/PrimoT/SaveBooking2/Page_Primo Tours  Danmarks bedste c/individualInsuranceCheckbox' is clicked on

2017-12-04 16:00:19 - [TEST_STEP][PASSED] - scrollToElement: Scroll to object 'Object Repository/PrimoTours/Old Objects/Coco (1)/PrimoT/SaveBooking2/Success/firstProdCategIndividualSelectionRadioB' successfully

2017-12-04 16:00:19 - [MESSAGE][PASSED] - Scroll to object 'Object Repository/PrimoTours/Old Objects/Coco (1)/PrimoT/SaveBooking2/Success/firstProdCategIndividualSelectionRadioB' successfully

2017-12-04 16:00:19 - [TEST_STEP][PASSED] - waitForElementClickable: Object 'Object Repository/PrimoTours/Old Objects/Coco (1)/PrimoT/SaveBooking2/Success/firstProdCategIndividualSelectionRadioB' is clickable

2017-12-04 16:00:20 - [MESSAGE][PASSED] - Object 'Object Repository/PrimoTours/Old Objects/Coco (1)/PrimoT/SaveBooking2/Success/firstProdCategIndividualSelectionRadioB' is clickable

2017-12-04 16:00:20 - [TEST_STEP][PASSED] - scrollToElement: Scroll to object 'Object Repository/PrimoTours/Old Objects/Coco (1)/PrimoT/SaveBooking2/Success/firstProdCategIndividualSelectionRadioB' successfully

2017-12-04 16:00:20 - [MESSAGE][PASSED] - Scroll to object 'Object Repository/PrimoTours/Old Objects/Coco (1)/PrimoT/SaveBooking2/Success/firstProdCategIndividualSelectionRadioB' successfully

2017-12-04 16:00:20 - [TEST_STEP][PASSED] - click: Object: 'Object Repository/PrimoTours/Old Objects/Coco (1)/PrimoT/SaveBooking2/Success/firstProdCategIndividualSelectionRadioB' is clicked on

2017-12-04 16:00:20 - [MESSAGE][PASSED] - Object: 'Object Repository/PrimoTours/Old Objects/Coco (1)/PrimoT/SaveBooking2/Success/firstProdCategIndividualSelectionRadioB' is clicked on

2017-12-04 16:00:20 - [TEST_STEP][PASSED] - scrollToElement: Scroll to object 'Object Repository/PrimoTours/Old Objects/Coco (1)/PrimoT/SaveBooking2/Success/firstProdCategSelectForAllPaxCheckbox' successfully

2017-12-04 16:00:20 - [MESSAGE][PASSED] - Scroll to object 'Object Repository/PrimoTours/Old Objects/Coco (1)/PrimoT/SaveBooking2/Success/firstProdCategSelectForAllPaxCheckbox' successfully

2017-12-04 16:00:20 - [TEST_STEP][PASSED] - waitForElementClickable: Object 'Object Repository/PrimoTours/Old Objects/Coco (1)/PrimoT/SaveBooking2/Success/firstProdCategSelectForAllPaxCheckbox' is clickable

2017-12-04 16:00:20 - [MESSAGE][PASSED] - Object 'Object Repository/PrimoTours/Old Objects/Coco (1)/PrimoT/SaveBooking2/Success/firstProdCategSelectForAllPaxCheckbox' is clickable

2017-12-04 16:00:20 - [TEST_STEP][PASSED] - click: Object: 'Object Repository/PrimoTours/Old Objects/Coco (1)/PrimoT/SaveBooking2/Success/firstProdCategSelectForAllPaxCheckbox' is clicked on

2017-12-04 16:00:20 - [MESSAGE][PASSED] - Object: 'Object Repository/PrimoTours/Old Objects/Coco (1)/PrimoT/SaveBooking2/Success/firstProdCategSelectForAllPaxCheckbox' is clicked on

2017-12-04 16:00:20 - [TEST_STEP][NOT_RUN] - scrollToElement: NOT_RUN: scrollToElement

2017-12-04 16:00:20 - [MESSAGE][NOT_RUN] - NOT_RUN: scrollToElement

2017-12-04 16:00:20 - [TEST_STEP][NOT_RUN] - scrollToElement: NOT_RUN: scrollToElement

2017-12-04 16:00:20 - [MESSAGE][NOT_RUN] - NOT_RUN: scrollToElement

2017-12-04 16:00:20 - [TEST_STEP][NOT_RUN] - click: NOT_RUN: click

2017-12-04 16:00:20 - [MESSAGE][NOT_RUN] - NOT_RUN: click

2017-12-04 16:00:20 - [TEST_STEP][PASSED] - scrollToElement: Scroll to object 'Object Repository/PrimoTours/ConfirmationPage/labelForAgreeTermsAndConditions' successfully

2017-12-04 16:00:20 - [MESSAGE][PASSED] - Scroll to object 'Object Repository/PrimoTours/ConfirmationPage/labelForAgreeTermsAndConditions' successfully

2017-12-04 16:00:20 - [TEST_STEP][PASSED] - waitForElementClickable: Object 'Object Repository/PrimoTours/ConfirmationPage/labelForAgreeTermsAndConditions' is clickable

2017-12-04 16:00:21 - [MESSAGE][PASSED] - Object 'Object Repository/PrimoTours/ConfirmationPage/labelForAgreeTermsAndConditions' is clickable

2017-12-04 16:00:21 - [TEST_STEP][PASSED] - click: Object: 'Object Repository/PrimoTours/ConfirmationPage/labelForAgreeTermsAndConditions' is clicked on

2017-12-04 16:00:21 - [MESSAGE][PASSED] - Object: 'Object Repository/PrimoTours/ConfirmationPage/labelForAgreeTermsAndConditions' is clicked on

2017-12-04 16:00:21 - [TEST_STEP][PASSED] - scrollToElement: Scroll to object 'Object Repository/PrimoTours/ConfirmationPage/placeBookingButton' successfully

2017-12-04 16:00:21 - [MESSAGE][PASSED] - Scroll to object 'Object Repository/PrimoTours/ConfirmationPage/placeBookingButton' successfully

2017-12-04 16:00:21 - [TEST_STEP][PASSED] - delay: Delayed 1 second(s)

2017-12-04 16:00:22 - [MESSAGE][PASSED] - Delayed 1 second(s)

2017-12-04 16:00:22 - [TEST_STEP][PASSED] - waitForElementClickable: Object 'Object Repository/PrimoTours/ConfirmationPage/placeBookingButton' is clickable

2017-12-04 16:00:22 - [MESSAGE][PASSED] - Object 'Object Repository/PrimoTours/ConfirmationPage/placeBookingButton' is clickable

2017-12-04 16:00:22 - [TEST_STEP][PASSED] - Statement - Try: Object: 'Object Repository/PrimoTours/ConfirmationPage/placeBookingButton' is clicked on

2017-12-04 16:00:22 - [TEST_STEP][PASSED] - click: Object: 'Object Repository/PrimoTours/ConfirmationPage/placeBookingButton' is clicked on

2017-12-04 16:00:22 - [MESSAGE][PASSED] - Object: 'Object Repository/PrimoTours/ConfirmationPage/placeBookingButton' is clicked on

2017-12-04 16:00:22 - [TEST_STEP][PASSED] - delay: Delayed 3 second(s)

2017-12-04 16:00:25 - [MESSAGE][PASSED] - Delayed 3 second(s)

2017-12-04 16:00:25 - [TEST_STEP][PASSED] - waitForPageLoad: Wait for page load successfully

2017-12-04 16:00:25 - [MESSAGE][PASSED] - Wait for page load successfully

2017-12-04 16:00:25 - [TEST_STEP][PASSED] - delay: Delayed 3 second(s)

2017-12-04 16:00:28 - [MESSAGE][PASSED] - Delayed 3 second(s)

2017-12-04 16:00:28 - [TEST_STEP][PASSED] - waitForElementPresent: Object 'Object Repository/PrimoTours/Old Objects/ThankYouPage/bookingNoContainer' is present

2017-12-04 16:00:30 - [MESSAGE][PASSED] - Object 'Object Repository/PrimoTours/Old Objects/ThankYouPage/bookingNoContainer' is present

2017-12-04 16:00:30 - [TEST_STEP][PASSED] - waitForJQueryLoad: jQuery is ready.

2017-12-04 16:00:30 - [MESSAGE][PASSED] - jQuery is ready.

2017-12-04 16:00:30 - [TEST_STEP][PASSED] - waitForElementPresent: Object 'Object Repository/PrimoTours/Old Objects/CCenter/pageLoaderOverlayLayer' is present

2017-12-04 16:00:30 - [MESSAGE][PASSED] - Object 'Object Repository/PrimoTours/Old Objects/CCenter/pageLoaderOverlayLayer' is present

2017-12-04 16:00:30 - [TEST_STEP][PASSED] - waitForElementPresent: Object 'Object Repository/PrimoTours/Old Objects/CCenter/pageLoaderOverlayLayer' is present

2017-12-04 16:00:30 - [MESSAGE][PASSED] - Object 'Object Repository/PrimoTours/Old Objects/CCenter/pageLoaderOverlayLayer' is present

2017-12-04 16:00:30 - [TEST_STEP][PASSED] - waitForElementNotVisible: Object 'Object Repository/PrimoTours/Old Objects/CCenter/pageLoaderOverlayLayer' is NOT visible

2017-12-04 16:00:31 - [MESSAGE][PASSED] - Object 'Object Repository/PrimoTours/Old Objects/CCenter/pageLoaderOverlayLayer' is NOT visible

2017-12-04 16:00:31 - [TEST_STEP][PASSED] - waitForElementPresent: Object 'Object Repository/PrimoTours/Old Objects/ThankYouPage/bookingNoContainer' is present

2017-12-04 16:00:31 - [MESSAGE][PASSED] - Object 'Object Repository/PrimoTours/Old Objects/ThankYouPage/bookingNoContainer' is present

2017-12-04 16:00:31 - [TEST_STEP][PASSED] - waitForElementClickable: Object 'Object Repository/PrimoTours/Old Objects/ThankYouPage/bookingNoContainer' is clickable

2017-12-04 16:00:31 - [MESSAGE][PASSED] - Object 'Object Repository/PrimoTours/Old Objects/ThankYouPage/bookingNoContainer' is clickable

2017-12-04 16:00:31 - [TEST_STEP][PASSED] - verifyElementVisible: Object 'Object Repository/PrimoTours/Old Objects/ThankYouPage/bookingNoContainer' is visible

2017-12-04 16:00:31 - [MESSAGE][PASSED] - Object 'Object Repository/PrimoTours/Old Objects/ThankYouPage/bookingNoContainer' is visible

2017-12-04 16:00:31 - [TEST_STEP][PASSED] - verifyElementVisible: Object 'Object Repository/PrimoTours/Old Objects/ThankYouPage/bookingTotalInfo' is visible

2017-12-04 16:00:31 - [MESSAGE][PASSED] - Object 'Object Repository/PrimoTours/Old Objects/ThankYouPage/bookingTotalInfo' is visible

2017-12-04 16:00:31 - [TEST_STEP][PASSED] - verifyElementVisible: Object 'Object Repository/PrimoTours/Old Objects/ThankYouPage/bookingTotalPriceBar' is visible

2017-12-04 16:00:31 - [MESSAGE][PASSED] - Object 'Object Repository/PrimoTours/Old Objects/ThankYouPage/bookingTotalPriceBar' is visible

2017-12-04 16:00:31 - [TEST_STEP][PASSED] - verifyElementVisible: Object 'Object Repository/PrimoTours/Old Objects/ThankYouPage/printTicketSpan' is visible

2017-12-04 16:00:31 - [MESSAGE][PASSED] - Object 'Object Repository/PrimoTours/Old Objects/ThankYouPage/printTicketSpan' is visible

2017-12-04 16:00:31 - [TEST_STEP][PASSED] - waitForElementClickable: Object 'Object Repository/PrimoTours/Old Objects/ThankYouPage/printTicketSpan' is clickable

2017-12-04 16:00:31 - [MESSAGE][PASSED] - Object 'Object Repository/PrimoTours/Old Objects/ThankYouPage/printTicketSpan' is clickable

2017-12-04 16:00:31 - [TEST_STEP][PASSED] - waitForElementNotVisible: Object 'Object Repository/PrimoTours/Old Objects/CCenter/pageLoaderOverlayLayer' is NOT visible

2017-12-04 16:00:31 - [MESSAGE][PASSED] - Object 'Object Repository/PrimoTours/Old Objects/CCenter/pageLoaderOverlayLayer' is NOT visible

2017-12-04 16:00:31 - [TEST_STEP][PASSED] - Statement - Try: Object: 'Object Repository/PrimoTours/Old Objects/ThankYouPage/printTicketSpan' is clicked on

2017-12-04 16:00:31 - [TEST_STEP][PASSED] - click: Object: 'Object Repository/PrimoTours/Old Objects/ThankYouPage/printTicketSpan' is clicked on

2017-12-04 16:00:37 - [MESSAGE][PASSED] - Object: 'Object Repository/PrimoTours/Old Objects/ThankYouPage/printTicketSpan' is clicked on

2017-12-04 16:00:37 - [TEST_STEP][PASSED] - delay: Delayed 2 second(s)

2017-12-04 16:00:39 - [MESSAGE][PASSED] - Delayed 2 second(s)

2017-12-04 16:00:39 - [TEST_STEP][PASSED] - waitForElementVisible: Object 'Object Repository/PrimoTours/Old Objects/ThankYouPage/cCenterButton' is visible

2017-12-04 16:00:39 - [MESSAGE][PASSED] - Object 'Object Repository/PrimoTours/Old Objects/ThankYouPage/cCenterButton' is visible

2017-12-04 16:00:39 - [TEST_STEP][PASSED] - waitForElementClickable: Object 'Object Repository/PrimoTours/Old Objects/ThankYouPage/cCenterButton' is clickable

2017-12-04 16:00:39 - [MESSAGE][PASSED] - Object 'Object Repository/PrimoTours/Old Objects/ThankYouPage/cCenterButton' is clickable

2017-12-04 16:00:39 - [TEST_STEP][PASSED] - click: Object: 'Object Repository/PrimoTours/Old Objects/ThankYouPage/cCenterButton' is clicked on

2017-12-04 16:00:39 - [MESSAGE][PASSED] - Object: 'Object Repository/PrimoTours/Old Objects/ThankYouPage/cCenterButton' is clicked on

2017-12-04 16:00:39 - [TEST_STEP][PASSED] - waitForPageLoad: Wait for page load successfully

2017-12-04 16:00:39 - [MESSAGE][PASSED] - Wait for page load successfully

2017-12-04 16:00:39 - [TEST_STEP][PASSED] - waitForJQueryLoad: jQuery is ready.

2017-12-04 16:00:39 - [MESSAGE][PASSED] - jQuery is ready.

2017-12-04 16:00:39 - [TEST_STEP][PASSED] - waitForElementPresent: Object 'Object Repository/PrimoTours/Old Objects/CCenter/pageLoaderOverlayLayer' is present

2017-12-04 16:00:39 - [MESSAGE][PASSED] - Object 'Object Repository/PrimoTours/Old Objects/CCenter/pageLoaderOverlayLayer' is present

2017-12-04 16:00:39 - [TEST_STEP][PASSED] - waitForElementNotVisible: Object 'Object Repository/PrimoTours/Old Objects/CCenter/pageLoaderOverlayLayer' is NOT visible

2017-12-04 16:00:40 - [MESSAGE][PASSED] - Object 'Object Repository/PrimoTours/Old Objects/CCenter/pageLoaderOverlayLayer' is NOT visible

2017-12-04 16:00:40 - [TEST_STEP][PASSED] - verifyElementVisible: Object 'Object Repository/PrimoTours/Old Objects/ThankYouPage/bookingNoContainer' is visible

2017-12-04 16:00:40 - [MESSAGE][PASSED] - Object 'Object Repository/PrimoTours/Old Objects/ThankYouPage/bookingNoContainer' is visible

2017-12-04 16:00:40 - [TEST_STEP][PASSED] - verifyElementVisible: Object 'Object Repository/PrimoTours/Old Objects/ThankYouPage/bookingTotalPriceBar' is visible

2017-12-04 16:00:40 - [MESSAGE][PASSED] - Object 'Object Repository/PrimoTours/Old Objects/ThankYouPage/bookingTotalPriceBar' is visible

2017-12-04 16:00:40 - [TEST_STEP][PASSED] - delay: Delayed 1 second(s)

2017-12-04 16:00:41 - [MESSAGE][PASSED] - Delayed 1 second(s)]]></system-out>
         <system-err><![CDATA[]]></system-err>
      </testcase>
      <testcase name="Test Cases/PrimoTours/WB Primo/WB Primo staging - place booking - Iteration 6" classname="Test Cases/PrimoTours/WB Primo/WB Primo staging - place booking" status="PASSED">
         <system-out><![CDATA[2017-12-04 16:00:41 - [TEST_CASE][PASSED] - Test Cases/PrimoTours/WB Primo/WB Primo staging - place booking - Iteration 6: Test Cases/PrimoTours/WB Primo/WB Primo staging - place booking

2017-12-04 16:00:41 - [TEST_STEP][PASSED] - openBrowser: Browser is opened with url: ''

2017-12-04 16:00:41 - [MESSAGE][WARNING] - A browser is already opened. Closing browser and opening a new one

2017-12-04 16:00:44 - [MESSAGE][PASSED] - Browser is opened with url: ''

2017-12-04 16:00:44 - [TEST_STEP][PASSED] - maximizeWindow: Current window maximized

2017-12-04 16:00:45 - [MESSAGE][PASSED] - Current window maximized

2017-12-04 16:00:45 - [TEST_STEP][PASSED] - navigateToUrl: Navigate to 'https://staging-primotours-webbooking.tourpaq.com/DoBooking.aspx?pltaID=1480269,1480294,1480269&p=1&rno=1,1,1&pt=1,1,2&a=2,2,2&c=2,2,0&aa=&ca=1,4|0,5|' successfully

2017-12-04 16:00:48 - [MESSAGE][PASSED] - Navigate to 'https://staging-primotours-webbooking.tourpaq.com/DoBooking.aspx?pltaID=1480269,1480294,1480269&p=1&rno=1,1,1&pt=1,1,2&a=2,2,2&c=2,2,0&aa=&ca=1,4|0,5|' successfully

2017-12-04 16:00:48 - [TEST_STEP][PASSED] - Statement - excelInfo = ["fname":"", "lname":"", "pgender":"", "pday":"", "pmonth":"", "pyear":""]: null

2017-12-04 16:00:48 - [TEST_STEP][PASSED] - Statement - rawData = com.kms.katalon.core.testdata.TestDataFactory.findTestData("Data Files/WB_Primo/Passenger_details"): Reading excel file with source file 'D:\Software testing\Tourpaq\Automated Katalon tests\Primo WB test\Data Files\Primo_URLs_For_Automated_Test.xls' and sheet name 'Passenger Names'

2017-12-04 16:00:48 - [TEST_STEP][PASSED] - Statement - excelRowNo = rawData.getRowNumbers(): null

2017-12-04 16:00:48 - [TEST_STEP][PASSED] - Statement - randomPaxIndex = java.lang.Math.abs(new java.util.Random().nextInt() % excelRowNo) + 1: null

2017-12-04 16:00:48 - [TEST_STEP][PASSED] - Statement - fname = rawData.getValue("FirstName", randomPaxIndex): null

2017-12-04 16:00:48 - [TEST_STEP][PASSED] - Statement - lname = rawData.getValue("LastName", randomPaxIndex): null

2017-12-04 16:00:48 - [TEST_STEP][PASSED] - Statement - pgender = rawData.getValue("Gender", randomPaxIndex): null

2017-12-04 16:00:48 - [TEST_STEP][PASSED] - setText: Text 'Sdfsfdg AUT' is set on object 'Object Repository/PrimoTours/Old Objects/Coco/PrimoT/Page_Primo Tours  Danmarks bedste c/input_firstName'

2017-12-04 16:00:48 - [MESSAGE][PASSED] - Text 'Sdfsfdg AUT' is set on object 'Object Repository/PrimoTours/Old Objects/Coco/PrimoT/Page_Primo Tours  Danmarks bedste c/input_firstName'

2017-12-04 16:00:48 - [TEST_STEP][PASSED] - setText: Text 'Sdfgsfdsdfg' is set on object 'Object Repository/PrimoTours/Old Objects/Coco/PrimoT/Page_Primo Tours  Danmarks bedste c/input_lastName'

2017-12-04 16:00:49 - [MESSAGE][PASSED] - Text 'Sdfgsfdsdfg' is set on object 'Object Repository/PrimoTours/Old Objects/Coco/PrimoT/Page_Primo Tours  Danmarks bedste c/input_lastName'

2017-12-04 16:00:49 - [TEST_STEP][PASSED] - click: Object: 'Object Repository/PrimoTours/LandingPage/customerGender' is clicked on

2017-12-04 16:00:49 - [MESSAGE][PASSED] - Object: 'Object Repository/PrimoTours/LandingPage/customerGender' is clicked on

2017-12-04 16:00:49 - [TEST_STEP][PASSED] - setText: Text 'Home address' is set on object 'Object Repository/PrimoTours/Old Objects/Coco/PrimoT/Page_Primo Tours  Danmarks bedste c/input_customerAddress'

2017-12-04 16:00:49 - [MESSAGE][PASSED] - Text 'Home address' is set on object 'Object Repository/PrimoTours/Old Objects/Coco/PrimoT/Page_Primo Tours  Danmarks bedste c/input_customerAddress'

2017-12-04 16:00:49 - [TEST_STEP][PASSED] - setText: Text '6700' is set on object 'Object Repository/PrimoTours/Old Objects/Coco/PrimoT/Page_Primo Tours  Danmarks bedste c/input_customerPostcode'

2017-12-04 16:00:49 - [MESSAGE][PASSED] - Text '6700' is set on object 'Object Repository/PrimoTours/Old Objects/Coco/PrimoT/Page_Primo Tours  Danmarks bedste c/input_customerPostcode'

2017-12-04 16:00:49 - [TEST_STEP][PASSED] - setText: Text 'cornel.neacsu@roweb.ro' is set on object 'Object Repository/PrimoTours/Old Objects/Coco/PrimoT/Page_Primo Tours  Danmarks bedste c/input_customerEmail'

2017-12-04 16:00:50 - [MESSAGE][PASSED] - Text 'cornel.neacsu@roweb.ro' is set on object 'Object Repository/PrimoTours/Old Objects/Coco/PrimoT/Page_Primo Tours  Danmarks bedste c/input_customerEmail'

2017-12-04 16:00:50 - [TEST_STEP][PASSED] - setText: Text '12345678' is set on object 'Object Repository/PrimoTours/Old Objects/Coco/PrimoT/Page_Primo Tours  Danmarks bedste c/input_customerPhone'

2017-12-04 16:00:50 - [MESSAGE][PASSED] - Text '12345678' is set on object 'Object Repository/PrimoTours/Old Objects/Coco/PrimoT/Page_Primo Tours  Danmarks bedste c/input_customerPhone'

2017-12-04 16:00:50 - [TEST_STEP][PASSED] - waitForElementClickable: Object 'Object Repository/PrimoTours/Old Objects/Coco/PrimoT/Page_Primo Tours  Danmarks bedste c/input_firstname-0_1' is clickable

2017-12-04 16:00:52 - [MESSAGE][PASSED] - Object 'Object Repository/PrimoTours/Old Objects/Coco/PrimoT/Page_Primo Tours  Danmarks bedste c/input_firstname-0_1' is clickable

2017-12-04 16:00:52 - [TEST_STEP][PASSED] - Statement - driver = com.kms.katalon.core.webui.driver.DriverFactory.getWebDriver(): null

2017-12-04 16:00:52 - [TEST_STEP][PASSED] - Statement - roomContainerXpath = "id("roomAndStaticOptionsContainer")/div[@class="row"]/div[@class="col-md-12 roomContainer"]": null

2017-12-04 16:00:52 - [TEST_STEP][PASSED] - Statement - roomsCount = driver.findElements(org.openqa.selenium.By.xpath(roomContainerXpath)).size(): null

2017-12-04 16:00:52 - [TEST_STEP][PASSED] - Statement - println("roomsCount=" + roomsCount): null

2017-12-04 16:00:52 - [TEST_STEP][PASSED] - Statement - For ([i = 1, i <= roomsCount, (i++)]): Unable to click on object 'Object Repository/PrimoTours/LandingPage/secondPaxFirstNameField' (Root cause: org.openqa.selenium.WebDriverException: unknown error: Element <span class="select2-selection select2-selection--single" role="combobox" aria-haspopup="true" aria-expanded="false" tabindex="0" aria-labelledby="select2-gender-2_3-0a-container">...</span> is not clickable at point (1168, 732). Other element would receive the click: <li class="select2-results__option" id="select2-gender-2_2-il-result-p3g1-MS" role="treeitem" aria-selected="false">...</li>
  (Session info: chrome=62.0.3202.94)
  (Driver info: chromedriver=2.33.506120 (e3e53437346286c0bc2d2dc9aa4915ba81d9023f),platform=Windows NT 6.3.9600 x86_64) (WARNING: The server did not provide any stacktrace information)
Command duration or timeout: 0 milliseconds
Build info: version: '3.7.1', revision: '8a0099a', time: '2017-11-06T21:07:36.161Z'
System info: host: 'NEACSUNEW-PC', ip: '10.10.10.211', os.name: 'Windows 8.1', os.arch: 'amd64', os.version: '6.3', java.version: '1.8.0_102'
Driver info: com.kms.katalon.selenium.driver.CChromeDriver
Capabilities {acceptSslCerts: true, applicationCacheEnabled: false, browserConnectionEnabled: false, browserName: chrome, chrome: {chromedriverVersion: 2.33.506120 (e3e53437346286..., userDataDir: C:\Users\Cornel\AppData\Loc...}, cssSelectorsEnabled: true, databaseEnabled: false, handlesAlerts: true, hasTouchScreen: false, javascriptEnabled: true, locationContextEnabled: true, mobileEmulationEnabled: false, nativeEvents: true, networkConnectionEnabled: false, pageLoadStrategy: normal, platform: XP, platformName: XP, rotatable: false, setWindowRect: true, takesHeapSnapshot: true, takesScreenshot: true, unexpectedAlertBehaviour: , unhandledPromptBehavior: , version: 62.0.3202.94, webStorageEnabled: true}
Session ID: ae3421839d3e0bfe7c3c21b4d8e5dec1)

2017-12-04 16:00:52 - [TEST_STEP][PASSED] - Statement - paxInRoomXpath = "id("passengersContainer_" + i - 1 + "")/div[@class="col-md-12"]/div[@class="row"]": null

2017-12-04 16:00:52 - [TEST_STEP][PASSED] - Statement - println("paxInRoomXpath=" + paxInRoomXpath): null

2017-12-04 16:00:52 - [TEST_STEP][PASSED] - Statement - paxInRoomCount = driver.findElements(org.openqa.selenium.By.xpath(paxInRoomXpath)).size(): null

2017-12-04 16:00:52 - [TEST_STEP][PASSED] - Statement - println("paxInRoomCount=" + paxInRoomCount): null

2017-12-04 16:00:52 - [TEST_STEP][PASSED] - Statement - For ([j = 1, j <= paxInRoomCount, (j++)]): Object: 'Object Repository/PrimoTours/LandingPage/secondPaxFirstNameField' is clicked on

2017-12-04 16:00:52 - [TEST_STEP][PASSED] - Statement - If (i == 1 & j == 1): null

2017-12-04 16:00:52 - [TEST_STEP][PASSED] - Statement - <not implemented yet for class: org.codehaus.groovy.ast.stmt.ContinueStatement>: null

2017-12-04 16:00:52 - [TEST_STEP][PASSED] - Statement - If (i == 1 & j == 1): null

2017-12-04 16:00:52 - [TEST_STEP][PASSED] - Statement - randomPaxIndex = java.lang.Math.abs(new java.util.Random().nextInt() % excelRowNo) + 1: null

2017-12-04 16:00:52 - [TEST_STEP][PASSED] - Statement - fname = rawData.getValue("FirstName", randomPaxIndex) + " AUT": null

2017-12-04 16:00:52 - [TEST_STEP][PASSED] - Statement - lname = rawData.getValue("LastName", randomPaxIndex): null

2017-12-04 16:00:52 - [TEST_STEP][PASSED] - Statement - pgender = rawData.getValue("Gender", randomPaxIndex): null

2017-12-04 16:00:52 - [TEST_STEP][PASSED] - Statement - pday = rawData.getValue("Day DOB", randomPaxIndex): null

2017-12-04 16:00:52 - [TEST_STEP][PASSED] - Statement - pmonth = rawData.getValue("Month DOB", randomPaxIndex): null

2017-12-04 16:00:52 - [TEST_STEP][PASSED] - Statement - pyear = rawData.getValue("Year DOB", randomPaxIndex): null

2017-12-04 16:00:52 - [TEST_STEP][PASSED] - Statement - paxDetailFields = paxInRoomXpath + "[" + j + "]/div[@class="col-md-x col-md-9"]/div[@class="row paxContainer"][1]/div[contains(@class,"paxAttribute")]": null

2017-12-04 16:00:52 - [TEST_STEP][PASSED] - Statement - xpathval = paxDetailFields + "[1]/div[contains(@class,"form-group")]/input[contains(@class,"paxFirstName")]": null

2017-12-04 16:00:52 - [TEST_STEP][PASSED] - Statement - println("fn: " + xpathval): null

2017-12-04 16:00:52 - [TEST_STEP][PASSED] - Statement - repObj = com.kms.katalon.core.testobject.ObjectRepository.findTestObject(Object Repository/PrimoTours/LandingPage/secondPaxFirstNameField): Finding Test Object with id 'Object Repository/PrimoTours/LandingPage/secondPaxFirstNameField'

2017-12-04 16:00:52 - [TEST_STEP][PASSED] - Statement - repObj.findProperty("xpath").setValue(xpathval): null

2017-12-04 16:00:52 - [TEST_STEP][PASSED] - setText: Text 'Oldenstedt-Larsen AUT' is set on object 'Object Repository/PrimoTours/LandingPage/secondPaxFirstNameField'

2017-12-04 16:00:52 - [MESSAGE][PASSED] - Text 'Oldenstedt-Larsen AUT' is set on object 'Object Repository/PrimoTours/LandingPage/secondPaxFirstNameField'

2017-12-04 16:00:52 - [TEST_STEP][PASSED] - Statement - xpathval = paxDetailFields + "[2]/div[contains(@class,"form-group")]/input[contains(@class,"paxLastName")]": null

2017-12-04 16:00:52 - [TEST_STEP][PASSED] - Statement - println("ln: " + xpathval): null

2017-12-04 16:00:52 - [TEST_STEP][PASSED] - Statement - repObj = com.kms.katalon.core.testobject.ObjectRepository.findTestObject(Object Repository/PrimoTours/LandingPage/secondPaxFirstNameField): Finding Test Object with id 'Object Repository/PrimoTours/LandingPage/secondPaxFirstNameField'

2017-12-04 16:00:52 - [TEST_STEP][PASSED] - Statement - repObj.findProperty("xpath").setValue(xpathval): null

2017-12-04 16:00:52 - [TEST_STEP][PASSED] - setText: Text 'Stig' is set on object 'Object Repository/PrimoTours/LandingPage/secondPaxFirstNameField'

2017-12-04 16:00:53 - [MESSAGE][PASSED] - Text 'Stig' is set on object 'Object Repository/PrimoTours/LandingPage/secondPaxFirstNameField'

2017-12-04 16:00:53 - [TEST_STEP][PASSED] - Statement - repObj = com.kms.katalon.core.testobject.ObjectRepository.findTestObject(Object Repository/PrimoTours/LandingPage/secondPaxFirstNameField): Finding Test Object with id 'Object Repository/PrimoTours/LandingPage/secondPaxFirstNameField'

2017-12-04 16:00:53 - [TEST_STEP][PASSED] - Statement - xpathval = paxDetailFields + "[3]/div[contains(@class,"paxGenderSelectorContainer")]/span[contains(@class,"select2 select2-container")]/span[contains(@class,"selection")]/span[contains(@class,"select2-selection")]": null

2017-12-04 16:00:53 - [TEST_STEP][PASSED] - Statement - println("gender: " + xpathval): null

2017-12-04 16:00:53 - [TEST_STEP][PASSED] - Statement - repObj.findProperty("xpath").setValue(xpathval): null

2017-12-04 16:00:53 - [TEST_STEP][PASSED] - click: Object: 'Object Repository/PrimoTours/LandingPage/secondPaxFirstNameField' is clicked on

2017-12-04 16:00:53 - [MESSAGE][PASSED] - Object: 'Object Repository/PrimoTours/LandingPage/secondPaxFirstNameField' is clicked on

2017-12-04 16:00:53 - [TEST_STEP][PASSED] - Statement - If (i == 1 & j == 1): null

2017-12-04 16:00:53 - [TEST_STEP][PASSED] - Statement - randomPaxIndex = java.lang.Math.abs(new java.util.Random().nextInt() % excelRowNo) + 1: null

2017-12-04 16:00:53 - [TEST_STEP][PASSED] - Statement - fname = rawData.getValue("FirstName", randomPaxIndex) + " AUT": null

2017-12-04 16:00:53 - [TEST_STEP][PASSED] - Statement - lname = rawData.getValue("LastName", randomPaxIndex): null

2017-12-04 16:00:53 - [TEST_STEP][PASSED] - Statement - pgender = rawData.getValue("Gender", randomPaxIndex): null

2017-12-04 16:00:53 - [TEST_STEP][PASSED] - Statement - pday = rawData.getValue("Day DOB", randomPaxIndex): null

2017-12-04 16:00:53 - [TEST_STEP][PASSED] - Statement - pmonth = rawData.getValue("Month DOB", randomPaxIndex): null

2017-12-04 16:00:53 - [TEST_STEP][PASSED] - Statement - pyear = rawData.getValue("Year DOB", randomPaxIndex): null

2017-12-04 16:00:53 - [TEST_STEP][PASSED] - Statement - paxDetailFields = paxInRoomXpath + "[" + j + "]/div[@class="col-md-x col-md-9"]/div[@class="row paxContainer"][1]/div[contains(@class,"paxAttribute")]": null

2017-12-04 16:00:53 - [TEST_STEP][PASSED] - Statement - xpathval = paxDetailFields + "[1]/div[contains(@class,"form-group")]/input[contains(@class,"paxFirstName")]": null

2017-12-04 16:00:53 - [TEST_STEP][PASSED] - Statement - println("fn: " + xpathval): null

2017-12-04 16:00:53 - [TEST_STEP][PASSED] - Statement - repObj = com.kms.katalon.core.testobject.ObjectRepository.findTestObject(Object Repository/PrimoTours/LandingPage/secondPaxFirstNameField): Finding Test Object with id 'Object Repository/PrimoTours/LandingPage/secondPaxFirstNameField'

2017-12-04 16:00:53 - [TEST_STEP][PASSED] - Statement - repObj.findProperty("xpath").setValue(xpathval): null

2017-12-04 16:00:53 - [TEST_STEP][PASSED] - setText: Text 'Lindtofte AUT' is set on object 'Object Repository/PrimoTours/LandingPage/secondPaxFirstNameField'

2017-12-04 16:00:53 - [MESSAGE][PASSED] - Text 'Lindtofte AUT' is set on object 'Object Repository/PrimoTours/LandingPage/secondPaxFirstNameField'

2017-12-04 16:00:53 - [TEST_STEP][PASSED] - Statement - xpathval = paxDetailFields + "[2]/div[contains(@class,"form-group")]/input[contains(@class,"paxLastName")]": null

2017-12-04 16:00:53 - [TEST_STEP][PASSED] - Statement - println("ln: " + xpathval): null

2017-12-04 16:00:53 - [TEST_STEP][PASSED] - Statement - repObj = com.kms.katalon.core.testobject.ObjectRepository.findTestObject(Object Repository/PrimoTours/LandingPage/secondPaxFirstNameField): Finding Test Object with id 'Object Repository/PrimoTours/LandingPage/secondPaxFirstNameField'

2017-12-04 16:00:53 - [TEST_STEP][PASSED] - Statement - repObj.findProperty("xpath").setValue(xpathval): null

2017-12-04 16:00:53 - [TEST_STEP][PASSED] - setText: Text 'Sanni' is set on object 'Object Repository/PrimoTours/LandingPage/secondPaxFirstNameField'

2017-12-04 16:00:53 - [MESSAGE][PASSED] - Text 'Sanni' is set on object 'Object Repository/PrimoTours/LandingPage/secondPaxFirstNameField'

2017-12-04 16:00:53 - [TEST_STEP][PASSED] - Statement - repObj = com.kms.katalon.core.testobject.ObjectRepository.findTestObject(Object Repository/PrimoTours/LandingPage/secondPaxFirstNameField): Finding Test Object with id 'Object Repository/PrimoTours/LandingPage/secondPaxFirstNameField'

2017-12-04 16:00:53 - [TEST_STEP][PASSED] - Statement - xpathval = paxDetailFields + "[3]/div[contains(@class,"paxGenderSelectorContainer")]/span[contains(@class,"select2 select2-container")]/span[contains(@class,"selection")]/span[contains(@class,"select2-selection")]": null

2017-12-04 16:00:53 - [TEST_STEP][PASSED] - Statement - println("gender: " + xpathval): null

2017-12-04 16:00:53 - [TEST_STEP][PASSED] - Statement - repObj.findProperty("xpath").setValue(xpathval): null

2017-12-04 16:00:53 - [TEST_STEP][PASSED] - click: Unable to click on object 'Object Repository/PrimoTours/LandingPage/secondPaxFirstNameField' (Root cause: org.openqa.selenium.WebDriverException: unknown error: Element <span class="select2-selection select2-selection--single" role="combobox" aria-haspopup="true" aria-expanded="false" tabindex="0" aria-labelledby="select2-gender-0_2-qm-container">...</span> is not clickable at point (1168, 788). Other element would receive the click: <li class="select2-results__option" id="select2-gender-0_1-ss-result-z8he-MS" role="treeitem" aria-selected="false">...</li>
  (Session info: chrome=62.0.3202.94)
  (Driver info: chromedriver=2.33.506120 (e3e53437346286c0bc2d2dc9aa4915ba81d9023f),platform=Windows NT 6.3.9600 x86_64) (WARNING: The server did not provide any stacktrace information)
Command duration or timeout: 0 milliseconds
Build info: version: '3.7.1', revision: '8a0099a', time: '2017-11-06T21:07:36.161Z'
System info: host: 'NEACSUNEW-PC', ip: '10.10.10.211', os.name: 'Windows 8.1', os.arch: 'amd64', os.version: '6.3', java.version: '1.8.0_102'
Driver info: com.kms.katalon.selenium.driver.CChromeDriver
Capabilities {acceptSslCerts: true, applicationCacheEnabled: false, browserConnectionEnabled: false, browserName: chrome, chrome: {chromedriverVersion: 2.33.506120 (e3e53437346286..., userDataDir: C:\Users\Cornel\AppData\Loc...}, cssSelectorsEnabled: true, databaseEnabled: false, handlesAlerts: true, hasTouchScreen: false, javascriptEnabled: true, locationContextEnabled: true, mobileEmulationEnabled: false, nativeEvents: true, networkConnectionEnabled: false, pageLoadStrategy: normal, platform: XP, platformName: XP, rotatable: false, setWindowRect: true, takesHeapSnapshot: true, takesScreenshot: true, unexpectedAlertBehaviour: , unhandledPromptBehavior: , version: 62.0.3202.94, webStorageEnabled: true}
Session ID: ae3421839d3e0bfe7c3c21b4d8e5dec1)

2017-12-04 16:00:54 - [MESSAGE][WARNING] - Unable to click on object 'Object Repository/PrimoTours/LandingPage/secondPaxFirstNameField' (Root cause: org.openqa.selenium.WebDriverException: unknown error: Element <span class="select2-selection select2-selection--single" role="combobox" aria-haspopup="true" aria-expanded="false" tabindex="0" aria-labelledby="select2-gender-0_2-qm-container">...</span> is not clickable at point (1168, 788). Other element would receive the click: <li class="select2-results__option" id="select2-gender-0_1-ss-result-z8he-MS" role="treeitem" aria-selected="false">...</li>
  (Session info: chrome=62.0.3202.94)
  (Driver info: chromedriver=2.33.506120 (e3e53437346286c0bc2d2dc9aa4915ba81d9023f),platform=Windows NT 6.3.9600 x86_64) (WARNING: The server did not provide any stacktrace information)
Command duration or timeout: 0 milliseconds
Build info: version: '3.7.1', revision: '8a0099a', time: '2017-11-06T21:07:36.161Z'
System info: host: 'NEACSUNEW-PC', ip: '10.10.10.211', os.name: 'Windows 8.1', os.arch: 'amd64', os.version: '6.3', java.version: '1.8.0_102'
Driver info: com.kms.katalon.selenium.driver.CChromeDriver
Capabilities {acceptSslCerts: true, applicationCacheEnabled: false, browserConnectionEnabled: false, browserName: chrome, chrome: {chromedriverVersion: 2.33.506120 (e3e53437346286..., userDataDir: C:\Users\Cornel\AppData\Loc...}, cssSelectorsEnabled: true, databaseEnabled: false, handlesAlerts: true, hasTouchScreen: false, javascriptEnabled: true, locationContextEnabled: true, mobileEmulationEnabled: false, nativeEvents: true, networkConnectionEnabled: false, pageLoadStrategy: normal, platform: XP, platformName: XP, rotatable: false, setWindowRect: true, takesHeapSnapshot: true, takesScreenshot: true, unexpectedAlertBehaviour: , unhandledPromptBehavior: , version: 62.0.3202.94, webStorageEnabled: true}
Session ID: ae3421839d3e0bfe7c3c21b4d8e5dec1)
[[ATTACHMENT|D:\\Software testing\\Tourpaq\\Automated Katalon tests\\Primo WB test\\Reports\\WB Primo From Excel URLs\\20171204_155729\\1512396053841.png]]

2017-12-04 16:00:54 - [TEST_STEP][PASSED] - Statement - If (i == 1 & j == 1): null

2017-12-04 16:00:54 - [TEST_STEP][PASSED] - Statement - randomPaxIndex = java.lang.Math.abs(new java.util.Random().nextInt() % excelRowNo) + 1: null

2017-12-04 16:00:54 - [TEST_STEP][PASSED] - Statement - fname = rawData.getValue("FirstName", randomPaxIndex) + " AUT": null

2017-12-04 16:00:54 - [TEST_STEP][PASSED] - Statement - lname = rawData.getValue("LastName", randomPaxIndex): null

2017-12-04 16:00:54 - [TEST_STEP][PASSED] - Statement - pgender = rawData.getValue("Gender", randomPaxIndex): null

2017-12-04 16:00:54 - [TEST_STEP][PASSED] - Statement - pday = rawData.getValue("Day DOB", randomPaxIndex): null

2017-12-04 16:00:54 - [TEST_STEP][PASSED] - Statement - pmonth = rawData.getValue("Month DOB", randomPaxIndex): null

2017-12-04 16:00:54 - [TEST_STEP][PASSED] - Statement - pyear = rawData.getValue("Year DOB", randomPaxIndex): null

2017-12-04 16:00:54 - [TEST_STEP][PASSED] - Statement - paxDetailFields = paxInRoomXpath + "[" + j + "]/div[@class="col-md-x col-md-9"]/div[@class="row paxContainer"][1]/div[contains(@class,"paxAttribute")]": null

2017-12-04 16:00:54 - [TEST_STEP][PASSED] - Statement - xpathval = paxDetailFields + "[1]/div[contains(@class,"form-group")]/input[contains(@class,"paxFirstName")]": null

2017-12-04 16:00:54 - [TEST_STEP][PASSED] - Statement - println("fn: " + xpathval): null

2017-12-04 16:00:54 - [TEST_STEP][PASSED] - Statement - repObj = com.kms.katalon.core.testobject.ObjectRepository.findTestObject(Object Repository/PrimoTours/LandingPage/secondPaxFirstNameField): Finding Test Object with id 'Object Repository/PrimoTours/LandingPage/secondPaxFirstNameField'

2017-12-04 16:00:54 - [TEST_STEP][PASSED] - Statement - repObj.findProperty("xpath").setValue(xpathval): null

2017-12-04 16:00:54 - [TEST_STEP][PASSED] - setText: Text 'Larsen AUT' is set on object 'Object Repository/PrimoTours/LandingPage/secondPaxFirstNameField'

2017-12-04 16:00:54 - [MESSAGE][PASSED] - Text 'Larsen AUT' is set on object 'Object Repository/PrimoTours/LandingPage/secondPaxFirstNameField'

2017-12-04 16:00:54 - [TEST_STEP][PASSED] - Statement - xpathval = paxDetailFields + "[2]/div[contains(@class,"form-group")]/input[contains(@class,"paxLastName")]": null

2017-12-04 16:00:54 - [TEST_STEP][PASSED] - Statement - println("ln: " + xpathval): null

2017-12-04 16:00:54 - [TEST_STEP][PASSED] - Statement - repObj = com.kms.katalon.core.testobject.ObjectRepository.findTestObject(Object Repository/PrimoTours/LandingPage/secondPaxFirstNameField): Finding Test Object with id 'Object Repository/PrimoTours/LandingPage/secondPaxFirstNameField'

2017-12-04 16:00:54 - [TEST_STEP][PASSED] - Statement - repObj.findProperty("xpath").setValue(xpathval): null

2017-12-04 16:00:54 - [TEST_STEP][PASSED] - setText: Text 'Daniel' is set on object 'Object Repository/PrimoTours/LandingPage/secondPaxFirstNameField'

2017-12-04 16:00:54 - [MESSAGE][PASSED] - Text 'Daniel' is set on object 'Object Repository/PrimoTours/LandingPage/secondPaxFirstNameField'

2017-12-04 16:00:54 - [TEST_STEP][PASSED] - Statement - repObj = com.kms.katalon.core.testobject.ObjectRepository.findTestObject(Object Repository/PrimoTours/LandingPage/secondPaxFirstNameField): Finding Test Object with id 'Object Repository/PrimoTours/LandingPage/secondPaxFirstNameField'

2017-12-04 16:00:54 - [TEST_STEP][PASSED] - Statement - xpathval = paxDetailFields + "[3]/div[contains(@class,"paxGenderSelectorContainer")]/span[contains(@class,"select2 select2-container")]/span[contains(@class,"selection")]/span[contains(@class,"select2-selection")]": null

2017-12-04 16:00:54 - [TEST_STEP][PASSED] - Statement - println("gender: " + xpathval): null

2017-12-04 16:00:54 - [TEST_STEP][PASSED] - Statement - repObj.findProperty("xpath").setValue(xpathval): null

2017-12-04 16:00:54 - [TEST_STEP][PASSED] - click: Object: 'Object Repository/PrimoTours/LandingPage/secondPaxFirstNameField' is clicked on

2017-12-04 16:00:54 - [MESSAGE][PASSED] - Object: 'Object Repository/PrimoTours/LandingPage/secondPaxFirstNameField' is clicked on

2017-12-04 16:00:54 - [TEST_STEP][PASSED] - Statement - paxInRoomXpath = "id("passengersContainer_" + i - 1 + "")/div[@class="col-md-12"]/div[@class="row"]": null

2017-12-04 16:00:54 - [TEST_STEP][PASSED] - Statement - println("paxInRoomXpath=" + paxInRoomXpath): null

2017-12-04 16:00:54 - [TEST_STEP][PASSED] - Statement - paxInRoomCount = driver.findElements(org.openqa.selenium.By.xpath(paxInRoomXpath)).size(): null

2017-12-04 16:00:54 - [TEST_STEP][PASSED] - Statement - println("paxInRoomCount=" + paxInRoomCount): null

2017-12-04 16:00:54 - [TEST_STEP][PASSED] - Statement - For ([j = 1, j <= paxInRoomCount, (j++)]): Object: 'Object Repository/PrimoTours/LandingPage/secondPaxFirstNameField' is clicked on

2017-12-04 16:00:54 - [TEST_STEP][PASSED] - Statement - If (i == 1 & j == 1): null

2017-12-04 16:00:54 - [TEST_STEP][PASSED] - Statement - randomPaxIndex = java.lang.Math.abs(new java.util.Random().nextInt() % excelRowNo) + 1: null

2017-12-04 16:00:54 - [TEST_STEP][PASSED] - Statement - fname = rawData.getValue("FirstName", randomPaxIndex) + " AUT": null

2017-12-04 16:00:54 - [TEST_STEP][PASSED] - Statement - lname = rawData.getValue("LastName", randomPaxIndex): null

2017-12-04 16:00:54 - [TEST_STEP][PASSED] - Statement - pgender = rawData.getValue("Gender", randomPaxIndex): null

2017-12-04 16:00:54 - [TEST_STEP][PASSED] - Statement - pday = rawData.getValue("Day DOB", randomPaxIndex): null

2017-12-04 16:00:54 - [TEST_STEP][PASSED] - Statement - pmonth = rawData.getValue("Month DOB", randomPaxIndex): null

2017-12-04 16:00:54 - [TEST_STEP][PASSED] - Statement - pyear = rawData.getValue("Year DOB", randomPaxIndex): null

2017-12-04 16:00:54 - [TEST_STEP][PASSED] - Statement - paxDetailFields = paxInRoomXpath + "[" + j + "]/div[@class="col-md-x col-md-9"]/div[@class="row paxContainer"][1]/div[contains(@class,"paxAttribute")]": null

2017-12-04 16:00:54 - [TEST_STEP][PASSED] - Statement - xpathval = paxDetailFields + "[1]/div[contains(@class,"form-group")]/input[contains(@class,"paxFirstName")]": null

2017-12-04 16:00:54 - [TEST_STEP][PASSED] - Statement - println("fn: " + xpathval): null

2017-12-04 16:00:54 - [TEST_STEP][PASSED] - Statement - repObj = com.kms.katalon.core.testobject.ObjectRepository.findTestObject(Object Repository/PrimoTours/LandingPage/secondPaxFirstNameField): Finding Test Object with id 'Object Repository/PrimoTours/LandingPage/secondPaxFirstNameField'

2017-12-04 16:00:54 - [TEST_STEP][PASSED] - Statement - repObj.findProperty("xpath").setValue(xpathval): null

2017-12-04 16:00:54 - [TEST_STEP][PASSED] - setText: Text 'Marcussen AUT' is set on object 'Object Repository/PrimoTours/LandingPage/secondPaxFirstNameField'

2017-12-04 16:00:55 - [MESSAGE][PASSED] - Text 'Marcussen AUT' is set on object 'Object Repository/PrimoTours/LandingPage/secondPaxFirstNameField'

2017-12-04 16:00:55 - [TEST_STEP][PASSED] - Statement - xpathval = paxDetailFields + "[2]/div[contains(@class,"form-group")]/input[contains(@class,"paxLastName")]": null

2017-12-04 16:00:55 - [TEST_STEP][PASSED] - Statement - println("ln: " + xpathval): null

2017-12-04 16:00:55 - [TEST_STEP][PASSED] - Statement - repObj = com.kms.katalon.core.testobject.ObjectRepository.findTestObject(Object Repository/PrimoTours/LandingPage/secondPaxFirstNameField): Finding Test Object with id 'Object Repository/PrimoTours/LandingPage/secondPaxFirstNameField'

2017-12-04 16:00:55 - [TEST_STEP][PASSED] - Statement - repObj.findProperty("xpath").setValue(xpathval): null

2017-12-04 16:00:55 - [TEST_STEP][PASSED] - setText: Text 'Bo' is set on object 'Object Repository/PrimoTours/LandingPage/secondPaxFirstNameField'

2017-12-04 16:00:55 - [MESSAGE][PASSED] - Text 'Bo' is set on object 'Object Repository/PrimoTours/LandingPage/secondPaxFirstNameField'

2017-12-04 16:00:55 - [TEST_STEP][PASSED] - Statement - repObj = com.kms.katalon.core.testobject.ObjectRepository.findTestObject(Object Repository/PrimoTours/LandingPage/secondPaxFirstNameField): Finding Test Object with id 'Object Repository/PrimoTours/LandingPage/secondPaxFirstNameField'

2017-12-04 16:00:55 - [TEST_STEP][PASSED] - Statement - xpathval = paxDetailFields + "[3]/div[contains(@class,"paxGenderSelectorContainer")]/span[contains(@class,"select2 select2-container")]/span[contains(@class,"selection")]/span[contains(@class,"select2-selection")]": null

2017-12-04 16:00:55 - [TEST_STEP][PASSED] - Statement - println("gender: " + xpathval): null

2017-12-04 16:00:55 - [TEST_STEP][PASSED] - Statement - repObj.findProperty("xpath").setValue(xpathval): null

2017-12-04 16:00:55 - [TEST_STEP][PASSED] - click: Object: 'Object Repository/PrimoTours/LandingPage/secondPaxFirstNameField' is clicked on

2017-12-04 16:00:55 - [MESSAGE][PASSED] - Object: 'Object Repository/PrimoTours/LandingPage/secondPaxFirstNameField' is clicked on

2017-12-04 16:00:55 - [TEST_STEP][PASSED] - Statement - If (i == 1 & j == 1): null

2017-12-04 16:00:55 - [TEST_STEP][PASSED] - Statement - randomPaxIndex = java.lang.Math.abs(new java.util.Random().nextInt() % excelRowNo) + 1: null

2017-12-04 16:00:55 - [TEST_STEP][PASSED] - Statement - fname = rawData.getValue("FirstName", randomPaxIndex) + " AUT": null

2017-12-04 16:00:55 - [TEST_STEP][PASSED] - Statement - lname = rawData.getValue("LastName", randomPaxIndex): null

2017-12-04 16:00:55 - [TEST_STEP][PASSED] - Statement - pgender = rawData.getValue("Gender", randomPaxIndex): null

2017-12-04 16:00:55 - [TEST_STEP][PASSED] - Statement - pday = rawData.getValue("Day DOB", randomPaxIndex): null

2017-12-04 16:00:55 - [TEST_STEP][PASSED] - Statement - pmonth = rawData.getValue("Month DOB", randomPaxIndex): null

2017-12-04 16:00:55 - [TEST_STEP][PASSED] - Statement - pyear = rawData.getValue("Year DOB", randomPaxIndex): null

2017-12-04 16:00:55 - [TEST_STEP][PASSED] - Statement - paxDetailFields = paxInRoomXpath + "[" + j + "]/div[@class="col-md-x col-md-9"]/div[@class="row paxContainer"][1]/div[contains(@class,"paxAttribute")]": null

2017-12-04 16:00:55 - [TEST_STEP][PASSED] - Statement - xpathval = paxDetailFields + "[1]/div[contains(@class,"form-group")]/input[contains(@class,"paxFirstName")]": null

2017-12-04 16:00:55 - [TEST_STEP][PASSED] - Statement - println("fn: " + xpathval): null

2017-12-04 16:00:55 - [TEST_STEP][PASSED] - Statement - repObj = com.kms.katalon.core.testobject.ObjectRepository.findTestObject(Object Repository/PrimoTours/LandingPage/secondPaxFirstNameField): Finding Test Object with id 'Object Repository/PrimoTours/LandingPage/secondPaxFirstNameField'

2017-12-04 16:00:55 - [TEST_STEP][PASSED] - Statement - repObj.findProperty("xpath").setValue(xpathval): null

2017-12-04 16:00:55 - [TEST_STEP][PASSED] - setText: Text 'Karstens AUT' is set on object 'Object Repository/PrimoTours/LandingPage/secondPaxFirstNameField'

2017-12-04 16:00:55 - [MESSAGE][PASSED] - Text 'Karstens AUT' is set on object 'Object Repository/PrimoTours/LandingPage/secondPaxFirstNameField'

2017-12-04 16:00:55 - [TEST_STEP][PASSED] - Statement - xpathval = paxDetailFields + "[2]/div[contains(@class,"form-group")]/input[contains(@class,"paxLastName")]": null

2017-12-04 16:00:55 - [TEST_STEP][PASSED] - Statement - println("ln: " + xpathval): null

2017-12-04 16:00:55 - [TEST_STEP][PASSED] - Statement - repObj = com.kms.katalon.core.testobject.ObjectRepository.findTestObject(Object Repository/PrimoTours/LandingPage/secondPaxFirstNameField): Finding Test Object with id 'Object Repository/PrimoTours/LandingPage/secondPaxFirstNameField'

2017-12-04 16:00:55 - [TEST_STEP][PASSED] - Statement - repObj.findProperty("xpath").setValue(xpathval): null

2017-12-04 16:00:55 - [TEST_STEP][PASSED] - setText: Text 'Ove' is set on object 'Object Repository/PrimoTours/LandingPage/secondPaxFirstNameField'

2017-12-04 16:00:56 - [MESSAGE][PASSED] - Text 'Ove' is set on object 'Object Repository/PrimoTours/LandingPage/secondPaxFirstNameField'

2017-12-04 16:00:56 - [TEST_STEP][PASSED] - Statement - repObj = com.kms.katalon.core.testobject.ObjectRepository.findTestObject(Object Repository/PrimoTours/LandingPage/secondPaxFirstNameField): Finding Test Object with id 'Object Repository/PrimoTours/LandingPage/secondPaxFirstNameField'

2017-12-04 16:00:56 - [TEST_STEP][PASSED] - Statement - xpathval = paxDetailFields + "[3]/div[contains(@class,"paxGenderSelectorContainer")]/span[contains(@class,"select2 select2-container")]/span[contains(@class,"selection")]/span[contains(@class,"select2-selection")]": null

2017-12-04 16:00:56 - [TEST_STEP][PASSED] - Statement - println("gender: " + xpathval): null

2017-12-04 16:00:56 - [TEST_STEP][PASSED] - Statement - repObj.findProperty("xpath").setValue(xpathval): null

2017-12-04 16:00:56 - [TEST_STEP][PASSED] - click: Object: 'Object Repository/PrimoTours/LandingPage/secondPaxFirstNameField' is clicked on

2017-12-04 16:00:56 - [MESSAGE][PASSED] - Object: 'Object Repository/PrimoTours/LandingPage/secondPaxFirstNameField' is clicked on

2017-12-04 16:00:56 - [TEST_STEP][PASSED] - Statement - paxInRoomXpath = "id("passengersContainer_" + i - 1 + "")/div[@class="col-md-12"]/div[@class="row"]": null

2017-12-04 16:00:56 - [TEST_STEP][PASSED] - Statement - println("paxInRoomXpath=" + paxInRoomXpath): null

2017-12-04 16:00:56 - [TEST_STEP][PASSED] - Statement - paxInRoomCount = driver.findElements(org.openqa.selenium.By.xpath(paxInRoomXpath)).size(): null

2017-12-04 16:00:56 - [TEST_STEP][PASSED] - Statement - println("paxInRoomCount=" + paxInRoomCount): null

2017-12-04 16:00:56 - [TEST_STEP][PASSED] - Statement - For ([j = 1, j <= paxInRoomCount, (j++)]): Unable to click on object 'Object Repository/PrimoTours/LandingPage/secondPaxFirstNameField' (Root cause: org.openqa.selenium.WebDriverException: unknown error: Element <span class="select2-selection select2-selection--single" role="combobox" aria-haspopup="true" aria-expanded="false" tabindex="0" aria-labelledby="select2-gender-2_3-0a-container">...</span> is not clickable at point (1168, 732). Other element would receive the click: <li class="select2-results__option" id="select2-gender-2_2-il-result-p3g1-MS" role="treeitem" aria-selected="false">...</li>
  (Session info: chrome=62.0.3202.94)
  (Driver info: chromedriver=2.33.506120 (e3e53437346286c0bc2d2dc9aa4915ba81d9023f),platform=Windows NT 6.3.9600 x86_64) (WARNING: The server did not provide any stacktrace information)
Command duration or timeout: 0 milliseconds
Build info: version: '3.7.1', revision: '8a0099a', time: '2017-11-06T21:07:36.161Z'
System info: host: 'NEACSUNEW-PC', ip: '10.10.10.211', os.name: 'Windows 8.1', os.arch: 'amd64', os.version: '6.3', java.version: '1.8.0_102'
Driver info: com.kms.katalon.selenium.driver.CChromeDriver
Capabilities {acceptSslCerts: true, applicationCacheEnabled: false, browserConnectionEnabled: false, browserName: chrome, chrome: {chromedriverVersion: 2.33.506120 (e3e53437346286..., userDataDir: C:\Users\Cornel\AppData\Loc...}, cssSelectorsEnabled: true, databaseEnabled: false, handlesAlerts: true, hasTouchScreen: false, javascriptEnabled: true, locationContextEnabled: true, mobileEmulationEnabled: false, nativeEvents: true, networkConnectionEnabled: false, pageLoadStrategy: normal, platform: XP, platformName: XP, rotatable: false, setWindowRect: true, takesHeapSnapshot: true, takesScreenshot: true, unexpectedAlertBehaviour: , unhandledPromptBehavior: , version: 62.0.3202.94, webStorageEnabled: true}
Session ID: ae3421839d3e0bfe7c3c21b4d8e5dec1)

2017-12-04 16:00:56 - [TEST_STEP][PASSED] - Statement - If (i == 1 & j == 1): null

2017-12-04 16:00:56 - [TEST_STEP][PASSED] - Statement - randomPaxIndex = java.lang.Math.abs(new java.util.Random().nextInt() % excelRowNo) + 1: null

2017-12-04 16:00:56 - [TEST_STEP][PASSED] - Statement - fname = rawData.getValue("FirstName", randomPaxIndex) + " AUT": null

2017-12-04 16:00:56 - [TEST_STEP][PASSED] - Statement - lname = rawData.getValue("LastName", randomPaxIndex): null

2017-12-04 16:00:56 - [TEST_STEP][PASSED] - Statement - pgender = rawData.getValue("Gender", randomPaxIndex): null

2017-12-04 16:00:56 - [TEST_STEP][PASSED] - Statement - pday = rawData.getValue("Day DOB", randomPaxIndex): null

2017-12-04 16:00:56 - [TEST_STEP][PASSED] - Statement - pmonth = rawData.getValue("Month DOB", randomPaxIndex): null

2017-12-04 16:00:56 - [TEST_STEP][PASSED] - Statement - pyear = rawData.getValue("Year DOB", randomPaxIndex): null

2017-12-04 16:00:56 - [TEST_STEP][PASSED] - Statement - paxDetailFields = paxInRoomXpath + "[" + j + "]/div[@class="col-md-x col-md-9"]/div[@class="row paxContainer"][1]/div[contains(@class,"paxAttribute")]": null

2017-12-04 16:00:56 - [TEST_STEP][PASSED] - Statement - xpathval = paxDetailFields + "[1]/div[contains(@class,"form-group")]/input[contains(@class,"paxFirstName")]": null

2017-12-04 16:00:56 - [TEST_STEP][PASSED] - Statement - println("fn: " + xpathval): null

2017-12-04 16:00:56 - [TEST_STEP][PASSED] - Statement - repObj = com.kms.katalon.core.testobject.ObjectRepository.findTestObject(Object Repository/PrimoTours/LandingPage/secondPaxFirstNameField): Finding Test Object with id 'Object Repository/PrimoTours/LandingPage/secondPaxFirstNameField'

2017-12-04 16:00:56 - [TEST_STEP][PASSED] - Statement - repObj.findProperty("xpath").setValue(xpathval): null

2017-12-04 16:00:56 - [TEST_STEP][PASSED] - setText: Text 'Kjellman AUT' is set on object 'Object Repository/PrimoTours/LandingPage/secondPaxFirstNameField'

2017-12-04 16:00:56 - [MESSAGE][PASSED] - Text 'Kjellman AUT' is set on object 'Object Repository/PrimoTours/LandingPage/secondPaxFirstNameField'

2017-12-04 16:00:56 - [TEST_STEP][PASSED] - Statement - xpathval = paxDetailFields + "[2]/div[contains(@class,"form-group")]/input[contains(@class,"paxLastName")]": null

2017-12-04 16:00:56 - [TEST_STEP][PASSED] - Statement - println("ln: " + xpathval): null

2017-12-04 16:00:56 - [TEST_STEP][PASSED] - Statement - repObj = com.kms.katalon.core.testobject.ObjectRepository.findTestObject(Object Repository/PrimoTours/LandingPage/secondPaxFirstNameField): Finding Test Object with id 'Object Repository/PrimoTours/LandingPage/secondPaxFirstNameField'

2017-12-04 16:00:56 - [TEST_STEP][PASSED] - Statement - repObj.findProperty("xpath").setValue(xpathval): null

2017-12-04 16:00:56 - [TEST_STEP][PASSED] - setText: Text 'Flemming' is set on object 'Object Repository/PrimoTours/LandingPage/secondPaxFirstNameField'

2017-12-04 16:00:56 - [MESSAGE][PASSED] - Text 'Flemming' is set on object 'Object Repository/PrimoTours/LandingPage/secondPaxFirstNameField'

2017-12-04 16:00:56 - [TEST_STEP][PASSED] - Statement - repObj = com.kms.katalon.core.testobject.ObjectRepository.findTestObject(Object Repository/PrimoTours/LandingPage/secondPaxFirstNameField): Finding Test Object with id 'Object Repository/PrimoTours/LandingPage/secondPaxFirstNameField'

2017-12-04 16:00:56 - [TEST_STEP][PASSED] - Statement - xpathval = paxDetailFields + "[3]/div[contains(@class,"paxGenderSelectorContainer")]/span[contains(@class,"select2 select2-container")]/span[contains(@class,"selection")]/span[contains(@class,"select2-selection")]": null

2017-12-04 16:00:56 - [TEST_STEP][PASSED] - Statement - println("gender: " + xpathval): null

2017-12-04 16:00:56 - [TEST_STEP][PASSED] - Statement - repObj.findProperty("xpath").setValue(xpathval): null

2017-12-04 16:00:56 - [TEST_STEP][PASSED] - click: Object: 'Object Repository/PrimoTours/LandingPage/secondPaxFirstNameField' is clicked on

2017-12-04 16:00:56 - [MESSAGE][PASSED] - Object: 'Object Repository/PrimoTours/LandingPage/secondPaxFirstNameField' is clicked on

2017-12-04 16:00:56 - [TEST_STEP][PASSED] - Statement - If (i == 1 & j == 1): null

2017-12-04 16:00:56 - [TEST_STEP][PASSED] - Statement - randomPaxIndex = java.lang.Math.abs(new java.util.Random().nextInt() % excelRowNo) + 1: null

2017-12-04 16:00:56 - [TEST_STEP][PASSED] - Statement - fname = rawData.getValue("FirstName", randomPaxIndex) + " AUT": null

2017-12-04 16:00:56 - [TEST_STEP][PASSED] - Statement - lname = rawData.getValue("LastName", randomPaxIndex): null

2017-12-04 16:00:56 - [TEST_STEP][PASSED] - Statement - pgender = rawData.getValue("Gender", randomPaxIndex): null

2017-12-04 16:00:56 - [TEST_STEP][PASSED] - Statement - pday = rawData.getValue("Day DOB", randomPaxIndex): null

2017-12-04 16:00:56 - [TEST_STEP][PASSED] - Statement - pmonth = rawData.getValue("Month DOB", randomPaxIndex): null

2017-12-04 16:00:56 - [TEST_STEP][PASSED] - Statement - pyear = rawData.getValue("Year DOB", randomPaxIndex): null

2017-12-04 16:00:56 - [TEST_STEP][PASSED] - Statement - paxDetailFields = paxInRoomXpath + "[" + j + "]/div[@class="col-md-x col-md-9"]/div[@class="row paxContainer"][1]/div[contains(@class,"paxAttribute")]": null

2017-12-04 16:00:56 - [TEST_STEP][PASSED] - Statement - xpathval = paxDetailFields + "[1]/div[contains(@class,"form-group")]/input[contains(@class,"paxFirstName")]": null

2017-12-04 16:00:56 - [TEST_STEP][PASSED] - Statement - println("fn: " + xpathval): null

2017-12-04 16:00:56 - [TEST_STEP][PASSED] - Statement - repObj = com.kms.katalon.core.testobject.ObjectRepository.findTestObject(Object Repository/PrimoTours/LandingPage/secondPaxFirstNameField): Finding Test Object with id 'Object Repository/PrimoTours/LandingPage/secondPaxFirstNameField'

2017-12-04 16:00:56 - [TEST_STEP][PASSED] - Statement - repObj.findProperty("xpath").setValue(xpathval): null

2017-12-04 16:00:56 - [TEST_STEP][PASSED] - setText: Text 'Karstens AUT' is set on object 'Object Repository/PrimoTours/LandingPage/secondPaxFirstNameField'

2017-12-04 16:00:57 - [MESSAGE][PASSED] - Text 'Karstens AUT' is set on object 'Object Repository/PrimoTours/LandingPage/secondPaxFirstNameField'

2017-12-04 16:00:57 - [TEST_STEP][PASSED] - Statement - xpathval = paxDetailFields + "[2]/div[contains(@class,"form-group")]/input[contains(@class,"paxLastName")]": null

2017-12-04 16:00:57 - [TEST_STEP][PASSED] - Statement - println("ln: " + xpathval): null

2017-12-04 16:00:57 - [TEST_STEP][PASSED] - Statement - repObj = com.kms.katalon.core.testobject.ObjectRepository.findTestObject(Object Repository/PrimoTours/LandingPage/secondPaxFirstNameField): Finding Test Object with id 'Object Repository/PrimoTours/LandingPage/secondPaxFirstNameField'

2017-12-04 16:00:57 - [TEST_STEP][PASSED] - Statement - repObj.findProperty("xpath").setValue(xpathval): null

2017-12-04 16:00:57 - [TEST_STEP][PASSED] - setText: Text 'Mona' is set on object 'Object Repository/PrimoTours/LandingPage/secondPaxFirstNameField'

2017-12-04 16:00:57 - [MESSAGE][PASSED] - Text 'Mona' is set on object 'Object Repository/PrimoTours/LandingPage/secondPaxFirstNameField'

2017-12-04 16:00:57 - [TEST_STEP][PASSED] - Statement - repObj = com.kms.katalon.core.testobject.ObjectRepository.findTestObject(Object Repository/PrimoTours/LandingPage/secondPaxFirstNameField): Finding Test Object with id 'Object Repository/PrimoTours/LandingPage/secondPaxFirstNameField'

2017-12-04 16:00:57 - [TEST_STEP][PASSED] - Statement - xpathval = paxDetailFields + "[3]/div[contains(@class,"paxGenderSelectorContainer")]/span[contains(@class,"select2 select2-container")]/span[contains(@class,"selection")]/span[contains(@class,"select2-selection")]": null

2017-12-04 16:00:57 - [TEST_STEP][PASSED] - Statement - println("gender: " + xpathval): null

2017-12-04 16:00:57 - [TEST_STEP][PASSED] - Statement - repObj.findProperty("xpath").setValue(xpathval): null

2017-12-04 16:00:57 - [TEST_STEP][PASSED] - click: Unable to click on object 'Object Repository/PrimoTours/LandingPage/secondPaxFirstNameField' (Root cause: org.openqa.selenium.WebDriverException: unknown error: Element <span class="select2-selection select2-selection--single" role="combobox" aria-haspopup="true" aria-expanded="false" tabindex="0" aria-labelledby="select2-gender-2_1-of-container">...</span> is not clickable at point (1168, 622). Other element would receive the click: <li class="select2-results__option" id="select2-gender-2_0-en-result-youg-MS" role="treeitem" aria-selected="false">...</li>
  (Session info: chrome=62.0.3202.94)
  (Driver info: chromedriver=2.33.506120 (e3e53437346286c0bc2d2dc9aa4915ba81d9023f),platform=Windows NT 6.3.9600 x86_64) (WARNING: The server did not provide any stacktrace information)
Command duration or timeout: 0 milliseconds
Build info: version: '3.7.1', revision: '8a0099a', time: '2017-11-06T21:07:36.161Z'
System info: host: 'NEACSUNEW-PC', ip: '10.10.10.211', os.name: 'Windows 8.1', os.arch: 'amd64', os.version: '6.3', java.version: '1.8.0_102'
Driver info: com.kms.katalon.selenium.driver.CChromeDriver
Capabilities {acceptSslCerts: true, applicationCacheEnabled: false, browserConnectionEnabled: false, browserName: chrome, chrome: {chromedriverVersion: 2.33.506120 (e3e53437346286..., userDataDir: C:\Users\Cornel\AppData\Loc...}, cssSelectorsEnabled: true, databaseEnabled: false, handlesAlerts: true, hasTouchScreen: false, javascriptEnabled: true, locationContextEnabled: true, mobileEmulationEnabled: false, nativeEvents: true, networkConnectionEnabled: false, pageLoadStrategy: normal, platform: XP, platformName: XP, rotatable: false, setWindowRect: true, takesHeapSnapshot: true, takesScreenshot: true, unexpectedAlertBehaviour: , unhandledPromptBehavior: , version: 62.0.3202.94, webStorageEnabled: true}
Session ID: ae3421839d3e0bfe7c3c21b4d8e5dec1)

2017-12-04 16:00:57 - [MESSAGE][WARNING] - Unable to click on object 'Object Repository/PrimoTours/LandingPage/secondPaxFirstNameField' (Root cause: org.openqa.selenium.WebDriverException: unknown error: Element <span class="select2-selection select2-selection--single" role="combobox" aria-haspopup="true" aria-expanded="false" tabindex="0" aria-labelledby="select2-gender-2_1-of-container">...</span> is not clickable at point (1168, 622). Other element would receive the click: <li class="select2-results__option" id="select2-gender-2_0-en-result-youg-MS" role="treeitem" aria-selected="false">...</li>
  (Session info: chrome=62.0.3202.94)
  (Driver info: chromedriver=2.33.506120 (e3e53437346286c0bc2d2dc9aa4915ba81d9023f),platform=Windows NT 6.3.9600 x86_64) (WARNING: The server did not provide any stacktrace information)
Command duration or timeout: 0 milliseconds
Build info: version: '3.7.1', revision: '8a0099a', time: '2017-11-06T21:07:36.161Z'
System info: host: 'NEACSUNEW-PC', ip: '10.10.10.211', os.name: 'Windows 8.1', os.arch: 'amd64', os.version: '6.3', java.version: '1.8.0_102'
Driver info: com.kms.katalon.selenium.driver.CChromeDriver
Capabilities {acceptSslCerts: true, applicationCacheEnabled: false, browserConnectionEnabled: false, browserName: chrome, chrome: {chromedriverVersion: 2.33.506120 (e3e53437346286..., userDataDir: C:\Users\Cornel\AppData\Loc...}, cssSelectorsEnabled: true, databaseEnabled: false, handlesAlerts: true, hasTouchScreen: false, javascriptEnabled: true, locationContextEnabled: true, mobileEmulationEnabled: false, nativeEvents: true, networkConnectionEnabled: false, pageLoadStrategy: normal, platform: XP, platformName: XP, rotatable: false, setWindowRect: true, takesHeapSnapshot: true, takesScreenshot: true, unexpectedAlertBehaviour: , unhandledPromptBehavior: , version: 62.0.3202.94, webStorageEnabled: true}
Session ID: ae3421839d3e0bfe7c3c21b4d8e5dec1)
[[ATTACHMENT|D:\\Software testing\\Tourpaq\\Automated Katalon tests\\Primo WB test\\Reports\\WB Primo From Excel URLs\\20171204_155729\\1512396057420.png]]

2017-12-04 16:00:57 - [TEST_STEP][PASSED] - Statement - If (i == 1 & j == 1): null

2017-12-04 16:00:57 - [TEST_STEP][PASSED] - Statement - randomPaxIndex = java.lang.Math.abs(new java.util.Random().nextInt() % excelRowNo) + 1: null

2017-12-04 16:00:57 - [TEST_STEP][PASSED] - Statement - fname = rawData.getValue("FirstName", randomPaxIndex) + " AUT": null

2017-12-04 16:00:57 - [TEST_STEP][PASSED] - Statement - lname = rawData.getValue("LastName", randomPaxIndex): null

2017-12-04 16:00:57 - [TEST_STEP][PASSED] - Statement - pgender = rawData.getValue("Gender", randomPaxIndex): null

2017-12-04 16:00:57 - [TEST_STEP][PASSED] - Statement - pday = rawData.getValue("Day DOB", randomPaxIndex): null

2017-12-04 16:00:57 - [TEST_STEP][PASSED] - Statement - pmonth = rawData.getValue("Month DOB", randomPaxIndex): null

2017-12-04 16:00:57 - [TEST_STEP][PASSED] - Statement - pyear = rawData.getValue("Year DOB", randomPaxIndex): null

2017-12-04 16:00:57 - [TEST_STEP][PASSED] - Statement - paxDetailFields = paxInRoomXpath + "[" + j + "]/div[@class="col-md-x col-md-9"]/div[@class="row paxContainer"][1]/div[contains(@class,"paxAttribute")]": null

2017-12-04 16:00:57 - [TEST_STEP][PASSED] - Statement - xpathval = paxDetailFields + "[1]/div[contains(@class,"form-group")]/input[contains(@class,"paxFirstName")]": null

2017-12-04 16:00:57 - [TEST_STEP][PASSED] - Statement - println("fn: " + xpathval): null

2017-12-04 16:00:57 - [TEST_STEP][PASSED] - Statement - repObj = com.kms.katalon.core.testobject.ObjectRepository.findTestObject(Object Repository/PrimoTours/LandingPage/secondPaxFirstNameField): Finding Test Object with id 'Object Repository/PrimoTours/LandingPage/secondPaxFirstNameField'

2017-12-04 16:00:57 - [TEST_STEP][PASSED] - Statement - repObj.findProperty("xpath").setValue(xpathval): null

2017-12-04 16:00:57 - [TEST_STEP][PASSED] - setText: Text 'Carlsen AUT' is set on object 'Object Repository/PrimoTours/LandingPage/secondPaxFirstNameField'

2017-12-04 16:00:58 - [MESSAGE][PASSED] - Text 'Carlsen AUT' is set on object 'Object Repository/PrimoTours/LandingPage/secondPaxFirstNameField'

2017-12-04 16:00:58 - [TEST_STEP][PASSED] - Statement - xpathval = paxDetailFields + "[2]/div[contains(@class,"form-group")]/input[contains(@class,"paxLastName")]": null

2017-12-04 16:00:58 - [TEST_STEP][PASSED] - Statement - println("ln: " + xpathval): null

2017-12-04 16:00:58 - [TEST_STEP][PASSED] - Statement - repObj = com.kms.katalon.core.testobject.ObjectRepository.findTestObject(Object Repository/PrimoTours/LandingPage/secondPaxFirstNameField): Finding Test Object with id 'Object Repository/PrimoTours/LandingPage/secondPaxFirstNameField'

2017-12-04 16:00:58 - [TEST_STEP][PASSED] - Statement - repObj.findProperty("xpath").setValue(xpathval): null

2017-12-04 16:00:58 - [TEST_STEP][PASSED] - setText: Text 'Victor Hastedt' is set on object 'Object Repository/PrimoTours/LandingPage/secondPaxFirstNameField'

2017-12-04 16:00:58 - [MESSAGE][PASSED] - Text 'Victor Hastedt' is set on object 'Object Repository/PrimoTours/LandingPage/secondPaxFirstNameField'

2017-12-04 16:00:58 - [TEST_STEP][PASSED] - Statement - repObj = com.kms.katalon.core.testobject.ObjectRepository.findTestObject(Object Repository/PrimoTours/LandingPage/secondPaxFirstNameField): Finding Test Object with id 'Object Repository/PrimoTours/LandingPage/secondPaxFirstNameField'

2017-12-04 16:00:58 - [TEST_STEP][PASSED] - Statement - xpathval = paxDetailFields + "[3]/div[contains(@class,"paxGenderSelectorContainer")]/span[contains(@class,"select2 select2-container")]/span[contains(@class,"selection")]/span[contains(@class,"select2-selection")]": null

2017-12-04 16:00:58 - [TEST_STEP][PASSED] - Statement - println("gender: " + xpathval): null

2017-12-04 16:00:58 - [TEST_STEP][PASSED] - Statement - repObj.findProperty("xpath").setValue(xpathval): null

2017-12-04 16:00:58 - [TEST_STEP][PASSED] - click: Object: 'Object Repository/PrimoTours/LandingPage/secondPaxFirstNameField' is clicked on

2017-12-04 16:00:58 - [MESSAGE][PASSED] - Object: 'Object Repository/PrimoTours/LandingPage/secondPaxFirstNameField' is clicked on

2017-12-04 16:00:58 - [TEST_STEP][PASSED] - Statement - If (i == 1 & j == 1): null

2017-12-04 16:00:58 - [TEST_STEP][PASSED] - Statement - randomPaxIndex = java.lang.Math.abs(new java.util.Random().nextInt() % excelRowNo) + 1: null

2017-12-04 16:00:58 - [TEST_STEP][PASSED] - Statement - fname = rawData.getValue("FirstName", randomPaxIndex) + " AUT": null

2017-12-04 16:00:58 - [TEST_STEP][PASSED] - Statement - lname = rawData.getValue("LastName", randomPaxIndex): null

2017-12-04 16:00:58 - [TEST_STEP][PASSED] - Statement - pgender = rawData.getValue("Gender", randomPaxIndex): null

2017-12-04 16:00:58 - [TEST_STEP][PASSED] - Statement - pday = rawData.getValue("Day DOB", randomPaxIndex): null

2017-12-04 16:00:58 - [TEST_STEP][PASSED] - Statement - pmonth = rawData.getValue("Month DOB", randomPaxIndex): null

2017-12-04 16:00:58 - [TEST_STEP][PASSED] - Statement - pyear = rawData.getValue("Year DOB", randomPaxIndex): null

2017-12-04 16:00:58 - [TEST_STEP][PASSED] - Statement - paxDetailFields = paxInRoomXpath + "[" + j + "]/div[@class="col-md-x col-md-9"]/div[@class="row paxContainer"][1]/div[contains(@class,"paxAttribute")]": null

2017-12-04 16:00:58 - [TEST_STEP][PASSED] - Statement - xpathval = paxDetailFields + "[1]/div[contains(@class,"form-group")]/input[contains(@class,"paxFirstName")]": null

2017-12-04 16:00:58 - [TEST_STEP][PASSED] - Statement - println("fn: " + xpathval): null

2017-12-04 16:00:58 - [TEST_STEP][PASSED] - Statement - repObj = com.kms.katalon.core.testobject.ObjectRepository.findTestObject(Object Repository/PrimoTours/LandingPage/secondPaxFirstNameField): Finding Test Object with id 'Object Repository/PrimoTours/LandingPage/secondPaxFirstNameField'

2017-12-04 16:00:58 - [TEST_STEP][PASSED] - Statement - repObj.findProperty("xpath").setValue(xpathval): null

2017-12-04 16:00:58 - [TEST_STEP][PASSED] - setText: Text 'Bøge AUT' is set on object 'Object Repository/PrimoTours/LandingPage/secondPaxFirstNameField'

2017-12-04 16:00:58 - [MESSAGE][PASSED] - Text 'Bøge AUT' is set on object 'Object Repository/PrimoTours/LandingPage/secondPaxFirstNameField'

2017-12-04 16:00:58 - [TEST_STEP][PASSED] - Statement - xpathval = paxDetailFields + "[2]/div[contains(@class,"form-group")]/input[contains(@class,"paxLastName")]": null

2017-12-04 16:00:58 - [TEST_STEP][PASSED] - Statement - println("ln: " + xpathval): null

2017-12-04 16:00:58 - [TEST_STEP][PASSED] - Statement - repObj = com.kms.katalon.core.testobject.ObjectRepository.findTestObject(Object Repository/PrimoTours/LandingPage/secondPaxFirstNameField): Finding Test Object with id 'Object Repository/PrimoTours/LandingPage/secondPaxFirstNameField'

2017-12-04 16:00:58 - [TEST_STEP][PASSED] - Statement - repObj.findProperty("xpath").setValue(xpathval): null

2017-12-04 16:00:58 - [TEST_STEP][PASSED] - setText: Text 'Morten Langeskov ' is set on object 'Object Repository/PrimoTours/LandingPage/secondPaxFirstNameField'

2017-12-04 16:00:59 - [MESSAGE][PASSED] - Text 'Morten Langeskov ' is set on object 'Object Repository/PrimoTours/LandingPage/secondPaxFirstNameField'

2017-12-04 16:00:59 - [TEST_STEP][PASSED] - Statement - repObj = com.kms.katalon.core.testobject.ObjectRepository.findTestObject(Object Repository/PrimoTours/LandingPage/secondPaxFirstNameField): Finding Test Object with id 'Object Repository/PrimoTours/LandingPage/secondPaxFirstNameField'

2017-12-04 16:00:59 - [TEST_STEP][PASSED] - Statement - xpathval = paxDetailFields + "[3]/div[contains(@class,"paxGenderSelectorContainer")]/span[contains(@class,"select2 select2-container")]/span[contains(@class,"selection")]/span[contains(@class,"select2-selection")]": null

2017-12-04 16:00:59 - [TEST_STEP][PASSED] - Statement - println("gender: " + xpathval): null

2017-12-04 16:00:59 - [TEST_STEP][PASSED] - Statement - repObj.findProperty("xpath").setValue(xpathval): null

2017-12-04 16:00:59 - [TEST_STEP][PASSED] - click: Unable to click on object 'Object Repository/PrimoTours/LandingPage/secondPaxFirstNameField' (Root cause: org.openqa.selenium.WebDriverException: unknown error: Element <span class="select2-selection select2-selection--single" role="combobox" aria-haspopup="true" aria-expanded="false" tabindex="0" aria-labelledby="select2-gender-2_3-0a-container">...</span> is not clickable at point (1168, 732). Other element would receive the click: <li class="select2-results__option" id="select2-gender-2_2-il-result-p3g1-MS" role="treeitem" aria-selected="false">...</li>
  (Session info: chrome=62.0.3202.94)
  (Driver info: chromedriver=2.33.506120 (e3e53437346286c0bc2d2dc9aa4915ba81d9023f),platform=Windows NT 6.3.9600 x86_64) (WARNING: The server did not provide any stacktrace information)
Command duration or timeout: 0 milliseconds
Build info: version: '3.7.1', revision: '8a0099a', time: '2017-11-06T21:07:36.161Z'
System info: host: 'NEACSUNEW-PC', ip: '10.10.10.211', os.name: 'Windows 8.1', os.arch: 'amd64', os.version: '6.3', java.version: '1.8.0_102'
Driver info: com.kms.katalon.selenium.driver.CChromeDriver
Capabilities {acceptSslCerts: true, applicationCacheEnabled: false, browserConnectionEnabled: false, browserName: chrome, chrome: {chromedriverVersion: 2.33.506120 (e3e53437346286..., userDataDir: C:\Users\Cornel\AppData\Loc...}, cssSelectorsEnabled: true, databaseEnabled: false, handlesAlerts: true, hasTouchScreen: false, javascriptEnabled: true, locationContextEnabled: true, mobileEmulationEnabled: false, nativeEvents: true, networkConnectionEnabled: false, pageLoadStrategy: normal, platform: XP, platformName: XP, rotatable: false, setWindowRect: true, takesHeapSnapshot: true, takesScreenshot: true, unexpectedAlertBehaviour: , unhandledPromptBehavior: , version: 62.0.3202.94, webStorageEnabled: true}
Session ID: ae3421839d3e0bfe7c3c21b4d8e5dec1)

2017-12-04 16:00:59 - [MESSAGE][WARNING] - Unable to click on object 'Object Repository/PrimoTours/LandingPage/secondPaxFirstNameField' (Root cause: org.openqa.selenium.WebDriverException: unknown error: Element <span class="select2-selection select2-selection--single" role="combobox" aria-haspopup="true" aria-expanded="false" tabindex="0" aria-labelledby="select2-gender-2_3-0a-container">...</span> is not clickable at point (1168, 732). Other element would receive the click: <li class="select2-results__option" id="select2-gender-2_2-il-result-p3g1-MS" role="treeitem" aria-selected="false">...</li>
  (Session info: chrome=62.0.3202.94)
  (Driver info: chromedriver=2.33.506120 (e3e53437346286c0bc2d2dc9aa4915ba81d9023f),platform=Windows NT 6.3.9600 x86_64) (WARNING: The server did not provide any stacktrace information)
Command duration or timeout: 0 milliseconds
Build info: version: '3.7.1', revision: '8a0099a', time: '2017-11-06T21:07:36.161Z'
System info: host: 'NEACSUNEW-PC', ip: '10.10.10.211', os.name: 'Windows 8.1', os.arch: 'amd64', os.version: '6.3', java.version: '1.8.0_102'
Driver info: com.kms.katalon.selenium.driver.CChromeDriver
Capabilities {acceptSslCerts: true, applicationCacheEnabled: false, browserConnectionEnabled: false, browserName: chrome, chrome: {chromedriverVersion: 2.33.506120 (e3e53437346286..., userDataDir: C:\Users\Cornel\AppData\Loc...}, cssSelectorsEnabled: true, databaseEnabled: false, handlesAlerts: true, hasTouchScreen: false, javascriptEnabled: true, locationContextEnabled: true, mobileEmulationEnabled: false, nativeEvents: true, networkConnectionEnabled: false, pageLoadStrategy: normal, platform: XP, platformName: XP, rotatable: false, setWindowRect: true, takesHeapSnapshot: true, takesScreenshot: true, unexpectedAlertBehaviour: , unhandledPromptBehavior: , version: 62.0.3202.94, webStorageEnabled: true}
Session ID: ae3421839d3e0bfe7c3c21b4d8e5dec1)
[[ATTACHMENT|D:\\Software testing\\Tourpaq\\Automated Katalon tests\\Primo WB test\\Reports\\WB Primo From Excel URLs\\20171204_155729\\1512396059211.png]]

2017-12-04 16:00:59 - [TEST_STEP][PASSED] - scrollToElement: Scroll to object 'Object Repository/PrimoTours/Old Objects/Coco (1)/PrimoT/SaveBooking2/Success/bookingTotalValue' successfully

2017-12-04 16:00:59 - [MESSAGE][PASSED] - Scroll to object 'Object Repository/PrimoTours/Old Objects/Coco (1)/PrimoT/SaveBooking2/Success/bookingTotalValue' successfully

2017-12-04 16:00:59 - [TEST_STEP][PASSED] - click: Object: 'Object Repository/PrimoTours/Old Objects/Coco (1)/PrimoT/SaveBooking2/Success/bookingTotalValue' is clicked on

2017-12-04 16:00:59 - [MESSAGE][PASSED] - Object: 'Object Repository/PrimoTours/Old Objects/Coco (1)/PrimoT/SaveBooking2/Success/bookingTotalValue' is clicked on

2017-12-04 16:00:59 - [TEST_STEP][PASSED] - scrollToElement: Scroll to object 'Object Repository/PrimoTours/Old Objects/Coco (1)/PrimoT/SaveBooking2/Success/Page_Primo Tours  Danmarks bedste c/nextButtonOnLandingPage' successfully

2017-12-04 16:00:59 - [MESSAGE][PASSED] - Scroll to object 'Object Repository/PrimoTours/Old Objects/Coco (1)/PrimoT/SaveBooking2/Success/Page_Primo Tours  Danmarks bedste c/nextButtonOnLandingPage' successfully

2017-12-04 16:00:59 - [TEST_STEP][PASSED] - waitForElementClickable: Object 'Object Repository/PrimoTours/Old Objects/Coco (1)/PrimoT/SaveBooking2/Success/Page_Primo Tours  Danmarks bedste c/nextButtonOnLandingPage' is clickable

2017-12-04 16:00:59 - [MESSAGE][PASSED] - Object 'Object Repository/PrimoTours/Old Objects/Coco (1)/PrimoT/SaveBooking2/Success/Page_Primo Tours  Danmarks bedste c/nextButtonOnLandingPage' is clickable

2017-12-04 16:00:59 - [TEST_STEP][PASSED] - waitForElementVisible: Object 'Object Repository/PrimoTours/Old Objects/Coco (1)/PrimoT/SaveBooking2/Success/Page_Primo Tours  Danmarks bedste c/nextButtonOnLandingPage' is visible

2017-12-04 16:00:59 - [MESSAGE][PASSED] - Object 'Object Repository/PrimoTours/Old Objects/Coco (1)/PrimoT/SaveBooking2/Success/Page_Primo Tours  Danmarks bedste c/nextButtonOnLandingPage' is visible

2017-12-04 16:00:59 - [TEST_STEP][PASSED] - scrollToElement: Scroll to object 'Object Repository/PrimoTours/Old Objects/Coco (1)/PrimoT/SaveBooking2/Success/Page_Primo Tours  Danmarks bedste c/nextButtonOnLandingPage' successfully

2017-12-04 16:00:59 - [MESSAGE][PASSED] - Scroll to object 'Object Repository/PrimoTours/Old Objects/Coco (1)/PrimoT/SaveBooking2/Success/Page_Primo Tours  Danmarks bedste c/nextButtonOnLandingPage' successfully

2017-12-04 16:00:59 - [TEST_STEP][PASSED] - click: Object: 'Object Repository/PrimoTours/Old Objects/Coco (1)/PrimoT/SaveBooking2/Success/Page_Primo Tours  Danmarks bedste c/nextButtonOnLandingPage' is clicked on

2017-12-04 16:01:00 - [MESSAGE][PASSED] - Object: 'Object Repository/PrimoTours/Old Objects/Coco (1)/PrimoT/SaveBooking2/Success/Page_Primo Tours  Danmarks bedste c/nextButtonOnLandingPage' is clicked on

2017-12-04 16:01:00 - [TEST_STEP][PASSED] - delay: Delayed 3 second(s)

2017-12-04 16:01:03 - [MESSAGE][PASSED] - Delayed 3 second(s)

2017-12-04 16:01:03 - [TEST_STEP][PASSED] - waitForElementNotVisible: Object 'Object Repository/PrimoTours/Old Objects/CCenter/pageLoaderOverlayLayer' is NOT visible

2017-12-04 16:01:03 - [MESSAGE][PASSED] - Object 'Object Repository/PrimoTours/Old Objects/CCenter/pageLoaderOverlayLayer' is NOT visible

2017-12-04 16:01:03 - [TEST_STEP][PASSED] - scrollToElement: Scroll to object 'Object Repository/PrimoTours/Old Objects/Coco/PrimoT/Ins2/Page_Primo Tours  Danmarks bedste c/travelInsuranceFirstPaxSelector' successfully

2017-12-04 16:01:03 - [MESSAGE][PASSED] - Scroll to object 'Object Repository/PrimoTours/Old Objects/Coco/PrimoT/Ins2/Page_Primo Tours  Danmarks bedste c/travelInsuranceFirstPaxSelector' successfully

2017-12-04 16:01:03 - [TEST_STEP][PASSED] - waitForElementPresent: Object 'Object Repository/PrimoTours/Old Objects/Coco/PrimoT/Ins2/Page_Primo Tours  Danmarks bedste c/travelInsuranceFirstPaxSelector' is present

2017-12-04 16:01:03 - [MESSAGE][PASSED] - Object 'Object Repository/PrimoTours/Old Objects/Coco/PrimoT/Ins2/Page_Primo Tours  Danmarks bedste c/travelInsuranceFirstPaxSelector' is present

2017-12-04 16:01:03 - [TEST_STEP][PASSED] - waitForElementVisible: Object 'Object Repository/PrimoTours/Old Objects/Coco/PrimoT/Ins2/Page_Primo Tours  Danmarks bedste c/travelInsuranceFirstPaxSelector' is visible

2017-12-04 16:01:03 - [MESSAGE][PASSED] - Object 'Object Repository/PrimoTours/Old Objects/Coco/PrimoT/Ins2/Page_Primo Tours  Danmarks bedste c/travelInsuranceFirstPaxSelector' is visible

2017-12-04 16:01:03 - [TEST_STEP][PASSED] - waitForElementClickable: Object 'Object Repository/PrimoTours/Old Objects/Coco/PrimoT/Ins2/Page_Primo Tours  Danmarks bedste c/travelInsuranceFirstPaxSelector' is clickable

2017-12-04 16:01:03 - [MESSAGE][PASSED] - Object 'Object Repository/PrimoTours/Old Objects/Coco/PrimoT/Ins2/Page_Primo Tours  Danmarks bedste c/travelInsuranceFirstPaxSelector' is clickable

2017-12-04 16:01:03 - [TEST_STEP][PASSED] - click: Object: 'Object Repository/PrimoTours/Old Objects/Coco/PrimoT/Ins2/Page_Primo Tours  Danmarks bedste c/travelInsuranceFirstPaxSelector' is clicked on

2017-12-04 16:01:03 - [MESSAGE][PASSED] - Object: 'Object Repository/PrimoTours/Old Objects/Coco/PrimoT/Ins2/Page_Primo Tours  Danmarks bedste c/travelInsuranceFirstPaxSelector' is clicked on

2017-12-04 16:01:03 - [TEST_STEP][PASSED] - Statement - Try: Object: 'Object Repository/PrimoTours/Old Objects/Coco/PrimoT/Ins2/Page_Primo Tours  Danmarks bedste c/firstTravelInsuranceOption' is clicked on

2017-12-04 16:01:03 - [TEST_STEP][PASSED] - click: Object: 'Object Repository/PrimoTours/Old Objects/Coco/PrimoT/Ins2/Page_Primo Tours  Danmarks bedste c/firstTravelInsuranceOption' is clicked on

2017-12-04 16:01:03 - [MESSAGE][PASSED] - Object: 'Object Repository/PrimoTours/Old Objects/Coco/PrimoT/Ins2/Page_Primo Tours  Danmarks bedste c/firstTravelInsuranceOption' is clicked on

2017-12-04 16:01:03 - [TEST_STEP][NOT_RUN] - click: NOT_RUN: click

2017-12-04 16:01:03 - [MESSAGE][NOT_RUN] - NOT_RUN: click

2017-12-04 16:01:03 - [TEST_STEP][NOT_RUN] - scrollToElement: NOT_RUN: scrollToElement

2017-12-04 16:01:03 - [MESSAGE][NOT_RUN] - NOT_RUN: scrollToElement

2017-12-04 16:01:03 - [TEST_STEP][NOT_RUN] - click: NOT_RUN: click

2017-12-04 16:01:03 - [MESSAGE][NOT_RUN] - NOT_RUN: click

2017-12-04 16:01:03 - [TEST_STEP][PASSED] - waitForElementVisible: Object 'Object Repository/PrimoTours/Old Objects/Coco (1)/PrimoT/SaveBooking2/Page_Primo Tours  Danmarks bedste c/individualInsuranceCheckbox' is visible

2017-12-04 16:01:03 - [MESSAGE][PASSED] - Object 'Object Repository/PrimoTours/Old Objects/Coco (1)/PrimoT/SaveBooking2/Page_Primo Tours  Danmarks bedste c/individualInsuranceCheckbox' is visible

2017-12-04 16:01:03 - [TEST_STEP][PASSED] - scrollToElement: Scroll to object 'Object Repository/PrimoTours/Old Objects/Coco (1)/PrimoT/SaveBooking2/Page_Primo Tours  Danmarks bedste c/individualInsuranceCheckbox' successfully

2017-12-04 16:01:03 - [MESSAGE][PASSED] - Scroll to object 'Object Repository/PrimoTours/Old Objects/Coco (1)/PrimoT/SaveBooking2/Page_Primo Tours  Danmarks bedste c/individualInsuranceCheckbox' successfully

2017-12-04 16:01:03 - [TEST_STEP][PASSED] - click: Object: 'Object Repository/PrimoTours/Old Objects/Coco (1)/PrimoT/SaveBooking2/Page_Primo Tours  Danmarks bedste c/individualInsuranceCheckbox' is clicked on

2017-12-04 16:01:03 - [MESSAGE][PASSED] - Object: 'Object Repository/PrimoTours/Old Objects/Coco (1)/PrimoT/SaveBooking2/Page_Primo Tours  Danmarks bedste c/individualInsuranceCheckbox' is clicked on

2017-12-04 16:01:03 - [TEST_STEP][PASSED] - scrollToElement: Scroll to object 'Object Repository/PrimoTours/Old Objects/Coco (1)/PrimoT/SaveBooking2/Success/firstProdCategIndividualSelectionRadioB' successfully

2017-12-04 16:01:03 - [MESSAGE][PASSED] - Scroll to object 'Object Repository/PrimoTours/Old Objects/Coco (1)/PrimoT/SaveBooking2/Success/firstProdCategIndividualSelectionRadioB' successfully

2017-12-04 16:01:03 - [TEST_STEP][PASSED] - waitForElementClickable: Object 'Object Repository/PrimoTours/Old Objects/Coco (1)/PrimoT/SaveBooking2/Success/firstProdCategIndividualSelectionRadioB' is clickable

2017-12-04 16:01:04 - [MESSAGE][PASSED] - Object 'Object Repository/PrimoTours/Old Objects/Coco (1)/PrimoT/SaveBooking2/Success/firstProdCategIndividualSelectionRadioB' is clickable

2017-12-04 16:01:04 - [TEST_STEP][PASSED] - scrollToElement: Scroll to object 'Object Repository/PrimoTours/Old Objects/Coco (1)/PrimoT/SaveBooking2/Success/firstProdCategIndividualSelectionRadioB' successfully

2017-12-04 16:01:04 - [MESSAGE][PASSED] - Scroll to object 'Object Repository/PrimoTours/Old Objects/Coco (1)/PrimoT/SaveBooking2/Success/firstProdCategIndividualSelectionRadioB' successfully

2017-12-04 16:01:04 - [TEST_STEP][PASSED] - click: Object: 'Object Repository/PrimoTours/Old Objects/Coco (1)/PrimoT/SaveBooking2/Success/firstProdCategIndividualSelectionRadioB' is clicked on

2017-12-04 16:01:04 - [MESSAGE][PASSED] - Object: 'Object Repository/PrimoTours/Old Objects/Coco (1)/PrimoT/SaveBooking2/Success/firstProdCategIndividualSelectionRadioB' is clicked on

2017-12-04 16:01:04 - [TEST_STEP][PASSED] - scrollToElement: Scroll to object 'Object Repository/PrimoTours/Old Objects/Coco (1)/PrimoT/SaveBooking2/Success/firstProdCategSelectForAllPaxCheckbox' successfully

2017-12-04 16:01:04 - [MESSAGE][PASSED] - Scroll to object 'Object Repository/PrimoTours/Old Objects/Coco (1)/PrimoT/SaveBooking2/Success/firstProdCategSelectForAllPaxCheckbox' successfully

2017-12-04 16:01:04 - [TEST_STEP][PASSED] - waitForElementClickable: Object 'Object Repository/PrimoTours/Old Objects/Coco (1)/PrimoT/SaveBooking2/Success/firstProdCategSelectForAllPaxCheckbox' is clickable

2017-12-04 16:01:04 - [MESSAGE][PASSED] - Object 'Object Repository/PrimoTours/Old Objects/Coco (1)/PrimoT/SaveBooking2/Success/firstProdCategSelectForAllPaxCheckbox' is clickable

2017-12-04 16:01:04 - [TEST_STEP][PASSED] - click: Object: 'Object Repository/PrimoTours/Old Objects/Coco (1)/PrimoT/SaveBooking2/Success/firstProdCategSelectForAllPaxCheckbox' is clicked on

2017-12-04 16:01:04 - [MESSAGE][PASSED] - Object: 'Object Repository/PrimoTours/Old Objects/Coco (1)/PrimoT/SaveBooking2/Success/firstProdCategSelectForAllPaxCheckbox' is clicked on

2017-12-04 16:01:04 - [TEST_STEP][NOT_RUN] - scrollToElement: NOT_RUN: scrollToElement

2017-12-04 16:01:04 - [MESSAGE][NOT_RUN] - NOT_RUN: scrollToElement

2017-12-04 16:01:04 - [TEST_STEP][NOT_RUN] - scrollToElement: NOT_RUN: scrollToElement

2017-12-04 16:01:04 - [MESSAGE][NOT_RUN] - NOT_RUN: scrollToElement

2017-12-04 16:01:04 - [TEST_STEP][NOT_RUN] - click: NOT_RUN: click

2017-12-04 16:01:04 - [MESSAGE][NOT_RUN] - NOT_RUN: click

2017-12-04 16:01:04 - [TEST_STEP][PASSED] - scrollToElement: Scroll to object 'Object Repository/PrimoTours/ConfirmationPage/labelForAgreeTermsAndConditions' successfully

2017-12-04 16:01:05 - [MESSAGE][PASSED] - Scroll to object 'Object Repository/PrimoTours/ConfirmationPage/labelForAgreeTermsAndConditions' successfully

2017-12-04 16:01:05 - [TEST_STEP][PASSED] - waitForElementClickable: Object 'Object Repository/PrimoTours/ConfirmationPage/labelForAgreeTermsAndConditions' is clickable

2017-12-04 16:01:05 - [MESSAGE][PASSED] - Object 'Object Repository/PrimoTours/ConfirmationPage/labelForAgreeTermsAndConditions' is clickable

2017-12-04 16:01:05 - [TEST_STEP][PASSED] - click: Object: 'Object Repository/PrimoTours/ConfirmationPage/labelForAgreeTermsAndConditions' is clicked on

2017-12-04 16:01:05 - [MESSAGE][PASSED] - Object: 'Object Repository/PrimoTours/ConfirmationPage/labelForAgreeTermsAndConditions' is clicked on

2017-12-04 16:01:05 - [TEST_STEP][PASSED] - scrollToElement: Scroll to object 'Object Repository/PrimoTours/ConfirmationPage/placeBookingButton' successfully

2017-12-04 16:01:05 - [MESSAGE][PASSED] - Scroll to object 'Object Repository/PrimoTours/ConfirmationPage/placeBookingButton' successfully

2017-12-04 16:01:05 - [TEST_STEP][PASSED] - delay: Delayed 1 second(s)

2017-12-04 16:01:06 - [MESSAGE][PASSED] - Delayed 1 second(s)

2017-12-04 16:01:06 - [TEST_STEP][PASSED] - waitForElementClickable: Object 'Object Repository/PrimoTours/ConfirmationPage/placeBookingButton' is clickable

2017-12-04 16:01:06 - [MESSAGE][PASSED] - Object 'Object Repository/PrimoTours/ConfirmationPage/placeBookingButton' is clickable

2017-12-04 16:01:06 - [TEST_STEP][PASSED] - Statement - Try: Object: 'Object Repository/PrimoTours/ConfirmationPage/placeBookingButton' is clicked on

2017-12-04 16:01:06 - [TEST_STEP][PASSED] - click: Object: 'Object Repository/PrimoTours/ConfirmationPage/placeBookingButton' is clicked on

2017-12-04 16:01:06 - [MESSAGE][PASSED] - Object: 'Object Repository/PrimoTours/ConfirmationPage/placeBookingButton' is clicked on

2017-12-04 16:01:06 - [TEST_STEP][PASSED] - delay: Delayed 3 second(s)

2017-12-04 16:01:09 - [MESSAGE][PASSED] - Delayed 3 second(s)

2017-12-04 16:01:09 - [TEST_STEP][PASSED] - waitForPageLoad: Wait for page load successfully

2017-12-04 16:01:09 - [MESSAGE][PASSED] - Wait for page load successfully

2017-12-04 16:01:09 - [TEST_STEP][PASSED] - delay: Delayed 3 second(s)

2017-12-04 16:01:12 - [MESSAGE][PASSED] - Delayed 3 second(s)

2017-12-04 16:01:12 - [TEST_STEP][PASSED] - waitForElementPresent: Object 'Object Repository/PrimoTours/Old Objects/ThankYouPage/bookingNoContainer' is present

2017-12-04 16:01:14 - [MESSAGE][PASSED] - Object 'Object Repository/PrimoTours/Old Objects/ThankYouPage/bookingNoContainer' is present

2017-12-04 16:01:14 - [TEST_STEP][PASSED] - waitForJQueryLoad: jQuery is ready.

2017-12-04 16:01:15 - [MESSAGE][PASSED] - jQuery is ready.

2017-12-04 16:01:15 - [TEST_STEP][PASSED] - waitForElementPresent: Object 'Object Repository/PrimoTours/Old Objects/CCenter/pageLoaderOverlayLayer' is present

2017-12-04 16:01:15 - [MESSAGE][PASSED] - Object 'Object Repository/PrimoTours/Old Objects/CCenter/pageLoaderOverlayLayer' is present

2017-12-04 16:01:15 - [TEST_STEP][PASSED] - waitForElementPresent: Object 'Object Repository/PrimoTours/Old Objects/CCenter/pageLoaderOverlayLayer' is present

2017-12-04 16:01:15 - [MESSAGE][PASSED] - Object 'Object Repository/PrimoTours/Old Objects/CCenter/pageLoaderOverlayLayer' is present

2017-12-04 16:01:15 - [TEST_STEP][PASSED] - waitForElementNotVisible: Object 'Object Repository/PrimoTours/Old Objects/CCenter/pageLoaderOverlayLayer' is NOT visible

2017-12-04 16:01:16 - [MESSAGE][PASSED] - Object 'Object Repository/PrimoTours/Old Objects/CCenter/pageLoaderOverlayLayer' is NOT visible

2017-12-04 16:01:16 - [TEST_STEP][PASSED] - waitForElementPresent: Object 'Object Repository/PrimoTours/Old Objects/ThankYouPage/bookingNoContainer' is present

2017-12-04 16:01:16 - [MESSAGE][PASSED] - Object 'Object Repository/PrimoTours/Old Objects/ThankYouPage/bookingNoContainer' is present

2017-12-04 16:01:16 - [TEST_STEP][PASSED] - waitForElementClickable: Object 'Object Repository/PrimoTours/Old Objects/ThankYouPage/bookingNoContainer' is clickable

2017-12-04 16:01:16 - [MESSAGE][PASSED] - Object 'Object Repository/PrimoTours/Old Objects/ThankYouPage/bookingNoContainer' is clickable

2017-12-04 16:01:16 - [TEST_STEP][PASSED] - verifyElementVisible: Object 'Object Repository/PrimoTours/Old Objects/ThankYouPage/bookingNoContainer' is visible

2017-12-04 16:01:16 - [MESSAGE][PASSED] - Object 'Object Repository/PrimoTours/Old Objects/ThankYouPage/bookingNoContainer' is visible

2017-12-04 16:01:16 - [TEST_STEP][PASSED] - verifyElementVisible: Object 'Object Repository/PrimoTours/Old Objects/ThankYouPage/bookingTotalInfo' is visible

2017-12-04 16:01:16 - [MESSAGE][PASSED] - Object 'Object Repository/PrimoTours/Old Objects/ThankYouPage/bookingTotalInfo' is visible

2017-12-04 16:01:16 - [TEST_STEP][PASSED] - verifyElementVisible: Object 'Object Repository/PrimoTours/Old Objects/ThankYouPage/bookingTotalPriceBar' is visible

2017-12-04 16:01:16 - [MESSAGE][PASSED] - Object 'Object Repository/PrimoTours/Old Objects/ThankYouPage/bookingTotalPriceBar' is visible

2017-12-04 16:01:16 - [TEST_STEP][PASSED] - verifyElementVisible: Object 'Object Repository/PrimoTours/Old Objects/ThankYouPage/printTicketSpan' is visible

2017-12-04 16:01:16 - [MESSAGE][PASSED] - Object 'Object Repository/PrimoTours/Old Objects/ThankYouPage/printTicketSpan' is visible

2017-12-04 16:01:16 - [TEST_STEP][PASSED] - waitForElementClickable: Object 'Object Repository/PrimoTours/Old Objects/ThankYouPage/printTicketSpan' is clickable

2017-12-04 16:01:16 - [MESSAGE][PASSED] - Object 'Object Repository/PrimoTours/Old Objects/ThankYouPage/printTicketSpan' is clickable

2017-12-04 16:01:16 - [TEST_STEP][PASSED] - waitForElementNotVisible: Object 'Object Repository/PrimoTours/Old Objects/CCenter/pageLoaderOverlayLayer' is NOT visible

2017-12-04 16:01:16 - [MESSAGE][PASSED] - Object 'Object Repository/PrimoTours/Old Objects/CCenter/pageLoaderOverlayLayer' is NOT visible

2017-12-04 16:01:16 - [TEST_STEP][PASSED] - Statement - Try: Object: 'Object Repository/PrimoTours/Old Objects/ThankYouPage/printTicketSpan' is clicked on

2017-12-04 16:01:16 - [TEST_STEP][PASSED] - click: Object: 'Object Repository/PrimoTours/Old Objects/ThankYouPage/printTicketSpan' is clicked on

2017-12-04 16:01:23 - [MESSAGE][PASSED] - Object: 'Object Repository/PrimoTours/Old Objects/ThankYouPage/printTicketSpan' is clicked on

2017-12-04 16:01:23 - [TEST_STEP][PASSED] - delay: Delayed 2 second(s)

2017-12-04 16:01:25 - [MESSAGE][PASSED] - Delayed 2 second(s)

2017-12-04 16:01:25 - [TEST_STEP][PASSED] - waitForElementVisible: Object 'Object Repository/PrimoTours/Old Objects/ThankYouPage/cCenterButton' is visible

2017-12-04 16:01:25 - [MESSAGE][PASSED] - Object 'Object Repository/PrimoTours/Old Objects/ThankYouPage/cCenterButton' is visible

2017-12-04 16:01:25 - [TEST_STEP][PASSED] - waitForElementClickable: Object 'Object Repository/PrimoTours/Old Objects/ThankYouPage/cCenterButton' is clickable

2017-12-04 16:01:25 - [MESSAGE][PASSED] - Object 'Object Repository/PrimoTours/Old Objects/ThankYouPage/cCenterButton' is clickable

2017-12-04 16:01:25 - [TEST_STEP][PASSED] - click: Object: 'Object Repository/PrimoTours/Old Objects/ThankYouPage/cCenterButton' is clicked on

2017-12-04 16:01:25 - [MESSAGE][PASSED] - Object: 'Object Repository/PrimoTours/Old Objects/ThankYouPage/cCenterButton' is clicked on

2017-12-04 16:01:25 - [TEST_STEP][PASSED] - waitForPageLoad: Wait for page load successfully

2017-12-04 16:01:25 - [MESSAGE][PASSED] - Wait for page load successfully

2017-12-04 16:01:25 - [TEST_STEP][PASSED] - waitForJQueryLoad: jQuery is ready.

2017-12-04 16:01:25 - [MESSAGE][PASSED] - jQuery is ready.

2017-12-04 16:01:25 - [TEST_STEP][PASSED] - waitForElementPresent: Object 'Object Repository/PrimoTours/Old Objects/CCenter/pageLoaderOverlayLayer' is present

2017-12-04 16:01:25 - [MESSAGE][PASSED] - Object 'Object Repository/PrimoTours/Old Objects/CCenter/pageLoaderOverlayLayer' is present

2017-12-04 16:01:25 - [TEST_STEP][PASSED] - waitForElementNotVisible: Object 'Object Repository/PrimoTours/Old Objects/CCenter/pageLoaderOverlayLayer' is NOT visible

2017-12-04 16:01:25 - [MESSAGE][PASSED] - Object 'Object Repository/PrimoTours/Old Objects/CCenter/pageLoaderOverlayLayer' is NOT visible

2017-12-04 16:01:25 - [TEST_STEP][PASSED] - verifyElementVisible: Object 'Object Repository/PrimoTours/Old Objects/ThankYouPage/bookingNoContainer' is visible

2017-12-04 16:01:25 - [MESSAGE][PASSED] - Object 'Object Repository/PrimoTours/Old Objects/ThankYouPage/bookingNoContainer' is visible

2017-12-04 16:01:25 - [TEST_STEP][PASSED] - verifyElementVisible: Object 'Object Repository/PrimoTours/Old Objects/ThankYouPage/bookingTotalPriceBar' is visible

2017-12-04 16:01:25 - [MESSAGE][PASSED] - Object 'Object Repository/PrimoTours/Old Objects/ThankYouPage/bookingTotalPriceBar' is visible

2017-12-04 16:01:25 - [TEST_STEP][PASSED] - delay: Delayed 1 second(s)

2017-12-04 16:01:26 - [MESSAGE][PASSED] - Delayed 1 second(s)]]></system-out>
         <system-err><![CDATA[]]></system-err>
      </testcase>
      <testcase name="Test Cases/PrimoTours/WB Primo/WB Primo staging - place booking - Iteration 7" classname="Test Cases/PrimoTours/WB Primo/WB Primo staging - place booking" status="PASSED">
         <system-out><![CDATA[2017-12-04 16:01:26 - [TEST_CASE][PASSED] - Test Cases/PrimoTours/WB Primo/WB Primo staging - place booking - Iteration 7: Test Cases/PrimoTours/WB Primo/WB Primo staging - place booking

2017-12-04 16:01:26 - [TEST_STEP][PASSED] - openBrowser: Browser is opened with url: ''

2017-12-04 16:01:26 - [MESSAGE][WARNING] - A browser is already opened. Closing browser and opening a new one

2017-12-04 16:01:29 - [MESSAGE][PASSED] - Browser is opened with url: ''

2017-12-04 16:01:29 - [TEST_STEP][PASSED] - maximizeWindow: Current window maximized

2017-12-04 16:01:30 - [MESSAGE][PASSED] - Current window maximized

2017-12-04 16:01:30 - [TEST_STEP][PASSED] - navigateToUrl: Navigate to 'https://staging-primotours-webbooking.tourpaq.com/DoBooking.aspx?pltaID=1480269,1480294,1480269&p=2&rno=1,1,1&pt=1,1,2&a=2,2,2&c=2,2,0&aa=&ca=1,4|0,5|' successfully

2017-12-04 16:01:32 - [MESSAGE][PASSED] - Navigate to 'https://staging-primotours-webbooking.tourpaq.com/DoBooking.aspx?pltaID=1480269,1480294,1480269&p=2&rno=1,1,1&pt=1,1,2&a=2,2,2&c=2,2,0&aa=&ca=1,4|0,5|' successfully

2017-12-04 16:01:32 - [TEST_STEP][PASSED] - Statement - excelInfo = ["fname":"", "lname":"", "pgender":"", "pday":"", "pmonth":"", "pyear":""]: null

2017-12-04 16:01:32 - [TEST_STEP][PASSED] - Statement - rawData = com.kms.katalon.core.testdata.TestDataFactory.findTestData("Data Files/WB_Primo/Passenger_details"): Reading excel file with source file 'D:\Software testing\Tourpaq\Automated Katalon tests\Primo WB test\Data Files\Primo_URLs_For_Automated_Test.xls' and sheet name 'Passenger Names'

2017-12-04 16:01:32 - [TEST_STEP][PASSED] - Statement - excelRowNo = rawData.getRowNumbers(): null

2017-12-04 16:01:32 - [TEST_STEP][PASSED] - Statement - randomPaxIndex = java.lang.Math.abs(new java.util.Random().nextInt() % excelRowNo) + 1: null

2017-12-04 16:01:32 - [TEST_STEP][PASSED] - Statement - fname = rawData.getValue("FirstName", randomPaxIndex): null

2017-12-04 16:01:32 - [TEST_STEP][PASSED] - Statement - lname = rawData.getValue("LastName", randomPaxIndex): null

2017-12-04 16:01:32 - [TEST_STEP][PASSED] - Statement - pgender = rawData.getValue("Gender", randomPaxIndex): null

2017-12-04 16:01:32 - [TEST_STEP][PASSED] - setText: Text 'Basse Hansen AUT' is set on object 'Object Repository/PrimoTours/Old Objects/Coco/PrimoT/Page_Primo Tours  Danmarks bedste c/input_firstName'

2017-12-04 16:01:33 - [MESSAGE][PASSED] - Text 'Basse Hansen AUT' is set on object 'Object Repository/PrimoTours/Old Objects/Coco/PrimoT/Page_Primo Tours  Danmarks bedste c/input_firstName'

2017-12-04 16:01:33 - [TEST_STEP][PASSED] - setText: Text 'Mathias' is set on object 'Object Repository/PrimoTours/Old Objects/Coco/PrimoT/Page_Primo Tours  Danmarks bedste c/input_lastName'

2017-12-04 16:01:33 - [MESSAGE][PASSED] - Text 'Mathias' is set on object 'Object Repository/PrimoTours/Old Objects/Coco/PrimoT/Page_Primo Tours  Danmarks bedste c/input_lastName'

2017-12-04 16:01:33 - [TEST_STEP][PASSED] - click: Object: 'Object Repository/PrimoTours/LandingPage/customerGender' is clicked on

2017-12-04 16:01:33 - [MESSAGE][PASSED] - Object: 'Object Repository/PrimoTours/LandingPage/customerGender' is clicked on

2017-12-04 16:01:33 - [TEST_STEP][PASSED] - setText: Text 'Home address' is set on object 'Object Repository/PrimoTours/Old Objects/Coco/PrimoT/Page_Primo Tours  Danmarks bedste c/input_customerAddress'

2017-12-04 16:01:34 - [MESSAGE][PASSED] - Text 'Home address' is set on object 'Object Repository/PrimoTours/Old Objects/Coco/PrimoT/Page_Primo Tours  Danmarks bedste c/input_customerAddress'

2017-12-04 16:01:34 - [TEST_STEP][PASSED] - setText: Text '6700' is set on object 'Object Repository/PrimoTours/Old Objects/Coco/PrimoT/Page_Primo Tours  Danmarks bedste c/input_customerPostcode'

2017-12-04 16:01:34 - [MESSAGE][PASSED] - Text '6700' is set on object 'Object Repository/PrimoTours/Old Objects/Coco/PrimoT/Page_Primo Tours  Danmarks bedste c/input_customerPostcode'

2017-12-04 16:01:34 - [TEST_STEP][PASSED] - setText: Text 'cornel.neacsu@roweb.ro' is set on object 'Object Repository/PrimoTours/Old Objects/Coco/PrimoT/Page_Primo Tours  Danmarks bedste c/input_customerEmail'

2017-12-04 16:01:34 - [MESSAGE][PASSED] - Text 'cornel.neacsu@roweb.ro' is set on object 'Object Repository/PrimoTours/Old Objects/Coco/PrimoT/Page_Primo Tours  Danmarks bedste c/input_customerEmail'

2017-12-04 16:01:34 - [TEST_STEP][PASSED] - setText: Text '12345678' is set on object 'Object Repository/PrimoTours/Old Objects/Coco/PrimoT/Page_Primo Tours  Danmarks bedste c/input_customerPhone'

2017-12-04 16:01:35 - [MESSAGE][PASSED] - Text '12345678' is set on object 'Object Repository/PrimoTours/Old Objects/Coco/PrimoT/Page_Primo Tours  Danmarks bedste c/input_customerPhone'

2017-12-04 16:01:35 - [TEST_STEP][PASSED] - waitForElementClickable: Object 'Object Repository/PrimoTours/Old Objects/Coco/PrimoT/Page_Primo Tours  Danmarks bedste c/input_firstname-0_1' is clickable

2017-12-04 16:01:38 - [MESSAGE][PASSED] - Object 'Object Repository/PrimoTours/Old Objects/Coco/PrimoT/Page_Primo Tours  Danmarks bedste c/input_firstname-0_1' is clickable

2017-12-04 16:01:38 - [TEST_STEP][PASSED] - Statement - driver = com.kms.katalon.core.webui.driver.DriverFactory.getWebDriver(): null

2017-12-04 16:01:38 - [TEST_STEP][PASSED] - Statement - roomContainerXpath = "id("roomAndStaticOptionsContainer")/div[@class="row"]/div[@class="col-md-12 roomContainer"]": null

2017-12-04 16:01:38 - [TEST_STEP][PASSED] - Statement - roomsCount = driver.findElements(org.openqa.selenium.By.xpath(roomContainerXpath)).size(): null

2017-12-04 16:01:38 - [TEST_STEP][PASSED] - Statement - println("roomsCount=" + roomsCount): null

2017-12-04 16:01:38 - [TEST_STEP][PASSED] - Statement - For ([i = 1, i <= roomsCount, (i++)]): Unable to click on object 'Object Repository/PrimoTours/LandingPage/secondPaxFirstNameField' (Root cause: org.openqa.selenium.WebDriverException: unknown error: Element <span class="select2-selection select2-selection--single" role="combobox" aria-haspopup="true" aria-expanded="false" tabindex="0" aria-labelledby="select2-gender-2_3-0x-container">...</span> is not clickable at point (1168, 732). Other element would receive the click: <li class="select2-results__option" id="select2-gender-2_2-y9-result-1oh9-MS" role="treeitem" aria-selected="false">...</li>
  (Session info: chrome=62.0.3202.94)
  (Driver info: chromedriver=2.33.506120 (e3e53437346286c0bc2d2dc9aa4915ba81d9023f),platform=Windows NT 6.3.9600 x86_64) (WARNING: The server did not provide any stacktrace information)
Command duration or timeout: 0 milliseconds
Build info: version: '3.7.1', revision: '8a0099a', time: '2017-11-06T21:07:36.161Z'
System info: host: 'NEACSUNEW-PC', ip: '10.10.10.211', os.name: 'Windows 8.1', os.arch: 'amd64', os.version: '6.3', java.version: '1.8.0_102'
Driver info: com.kms.katalon.selenium.driver.CChromeDriver
Capabilities {acceptSslCerts: true, applicationCacheEnabled: false, browserConnectionEnabled: false, browserName: chrome, chrome: {chromedriverVersion: 2.33.506120 (e3e53437346286..., userDataDir: C:\Users\Cornel\AppData\Loc...}, cssSelectorsEnabled: true, databaseEnabled: false, handlesAlerts: true, hasTouchScreen: false, javascriptEnabled: true, locationContextEnabled: true, mobileEmulationEnabled: false, nativeEvents: true, networkConnectionEnabled: false, pageLoadStrategy: normal, platform: XP, platformName: XP, rotatable: false, setWindowRect: true, takesHeapSnapshot: true, takesScreenshot: true, unexpectedAlertBehaviour: , unhandledPromptBehavior: , version: 62.0.3202.94, webStorageEnabled: true}
Session ID: e85e1e6d8f91e54e3dc8ba95ff470b1b)

2017-12-04 16:01:38 - [TEST_STEP][PASSED] - Statement - paxInRoomXpath = "id("passengersContainer_" + i - 1 + "")/div[@class="col-md-12"]/div[@class="row"]": null

2017-12-04 16:01:38 - [TEST_STEP][PASSED] - Statement - println("paxInRoomXpath=" + paxInRoomXpath): null

2017-12-04 16:01:38 - [TEST_STEP][PASSED] - Statement - paxInRoomCount = driver.findElements(org.openqa.selenium.By.xpath(paxInRoomXpath)).size(): null

2017-12-04 16:01:38 - [TEST_STEP][PASSED] - Statement - println("paxInRoomCount=" + paxInRoomCount): null

2017-12-04 16:01:38 - [TEST_STEP][PASSED] - Statement - For ([j = 1, j <= paxInRoomCount, (j++)]): Object: 'Object Repository/PrimoTours/LandingPage/secondPaxFirstNameField' is clicked on

2017-12-04 16:01:38 - [TEST_STEP][PASSED] - Statement - If (i == 1 & j == 1): null

2017-12-04 16:01:38 - [TEST_STEP][PASSED] - Statement - <not implemented yet for class: org.codehaus.groovy.ast.stmt.ContinueStatement>: null

2017-12-04 16:01:38 - [TEST_STEP][PASSED] - Statement - If (i == 1 & j == 1): null

2017-12-04 16:01:38 - [TEST_STEP][PASSED] - Statement - randomPaxIndex = java.lang.Math.abs(new java.util.Random().nextInt() % excelRowNo) + 1: null

2017-12-04 16:01:38 - [TEST_STEP][PASSED] - Statement - fname = rawData.getValue("FirstName", randomPaxIndex) + " AUT": null

2017-12-04 16:01:38 - [TEST_STEP][PASSED] - Statement - lname = rawData.getValue("LastName", randomPaxIndex): null

2017-12-04 16:01:38 - [TEST_STEP][PASSED] - Statement - pgender = rawData.getValue("Gender", randomPaxIndex): null

2017-12-04 16:01:38 - [TEST_STEP][PASSED] - Statement - pday = rawData.getValue("Day DOB", randomPaxIndex): null

2017-12-04 16:01:38 - [TEST_STEP][PASSED] - Statement - pmonth = rawData.getValue("Month DOB", randomPaxIndex): null

2017-12-04 16:01:38 - [TEST_STEP][PASSED] - Statement - pyear = rawData.getValue("Year DOB", randomPaxIndex): null

2017-12-04 16:01:38 - [TEST_STEP][PASSED] - Statement - paxDetailFields = paxInRoomXpath + "[" + j + "]/div[@class="col-md-x col-md-9"]/div[@class="row paxContainer"][1]/div[contains(@class,"paxAttribute")]": null

2017-12-04 16:01:38 - [TEST_STEP][PASSED] - Statement - xpathval = paxDetailFields + "[1]/div[contains(@class,"form-group")]/input[contains(@class,"paxFirstName")]": null

2017-12-04 16:01:38 - [TEST_STEP][PASSED] - Statement - println("fn: " + xpathval): null

2017-12-04 16:01:38 - [TEST_STEP][PASSED] - Statement - repObj = com.kms.katalon.core.testobject.ObjectRepository.findTestObject(Object Repository/PrimoTours/LandingPage/secondPaxFirstNameField): Finding Test Object with id 'Object Repository/PrimoTours/LandingPage/secondPaxFirstNameField'

2017-12-04 16:01:38 - [TEST_STEP][PASSED] - Statement - repObj.findProperty("xpath").setValue(xpathval): null

2017-12-04 16:01:38 - [TEST_STEP][PASSED] - setText: Text 'Rasmussen AUT' is set on object 'Object Repository/PrimoTours/LandingPage/secondPaxFirstNameField'

2017-12-04 16:01:39 - [MESSAGE][PASSED] - Text 'Rasmussen AUT' is set on object 'Object Repository/PrimoTours/LandingPage/secondPaxFirstNameField'

2017-12-04 16:01:39 - [TEST_STEP][PASSED] - Statement - xpathval = paxDetailFields + "[2]/div[contains(@class,"form-group")]/input[contains(@class,"paxLastName")]": null

2017-12-04 16:01:39 - [TEST_STEP][PASSED] - Statement - println("ln: " + xpathval): null

2017-12-04 16:01:39 - [TEST_STEP][PASSED] - Statement - repObj = com.kms.katalon.core.testobject.ObjectRepository.findTestObject(Object Repository/PrimoTours/LandingPage/secondPaxFirstNameField): Finding Test Object with id 'Object Repository/PrimoTours/LandingPage/secondPaxFirstNameField'

2017-12-04 16:01:39 - [TEST_STEP][PASSED] - Statement - repObj.findProperty("xpath").setValue(xpathval): null

2017-12-04 16:01:39 - [TEST_STEP][PASSED] - setText: Text 'Thøger Astrup' is set on object 'Object Repository/PrimoTours/LandingPage/secondPaxFirstNameField'

2017-12-04 16:01:39 - [MESSAGE][PASSED] - Text 'Thøger Astrup' is set on object 'Object Repository/PrimoTours/LandingPage/secondPaxFirstNameField'

2017-12-04 16:01:39 - [TEST_STEP][PASSED] - Statement - repObj = com.kms.katalon.core.testobject.ObjectRepository.findTestObject(Object Repository/PrimoTours/LandingPage/secondPaxFirstNameField): Finding Test Object with id 'Object Repository/PrimoTours/LandingPage/secondPaxFirstNameField'

2017-12-04 16:01:39 - [TEST_STEP][PASSED] - Statement - xpathval = paxDetailFields + "[3]/div[contains(@class,"paxGenderSelectorContainer")]/span[contains(@class,"select2 select2-container")]/span[contains(@class,"selection")]/span[contains(@class,"select2-selection")]": null

2017-12-04 16:01:39 - [TEST_STEP][PASSED] - Statement - println("gender: " + xpathval): null

2017-12-04 16:01:39 - [TEST_STEP][PASSED] - Statement - repObj.findProperty("xpath").setValue(xpathval): null

2017-12-04 16:01:39 - [TEST_STEP][PASSED] - click: Object: 'Object Repository/PrimoTours/LandingPage/secondPaxFirstNameField' is clicked on

2017-12-04 16:01:39 - [MESSAGE][PASSED] - Object: 'Object Repository/PrimoTours/LandingPage/secondPaxFirstNameField' is clicked on

2017-12-04 16:01:39 - [TEST_STEP][PASSED] - Statement - If (i == 1 & j == 1): null

2017-12-04 16:01:39 - [TEST_STEP][PASSED] - Statement - randomPaxIndex = java.lang.Math.abs(new java.util.Random().nextInt() % excelRowNo) + 1: null

2017-12-04 16:01:39 - [TEST_STEP][PASSED] - Statement - fname = rawData.getValue("FirstName", randomPaxIndex) + " AUT": null

2017-12-04 16:01:39 - [TEST_STEP][PASSED] - Statement - lname = rawData.getValue("LastName", randomPaxIndex): null

2017-12-04 16:01:39 - [TEST_STEP][PASSED] - Statement - pgender = rawData.getValue("Gender", randomPaxIndex): null

2017-12-04 16:01:39 - [TEST_STEP][PASSED] - Statement - pday = rawData.getValue("Day DOB", randomPaxIndex): null

2017-12-04 16:01:39 - [TEST_STEP][PASSED] - Statement - pmonth = rawData.getValue("Month DOB", randomPaxIndex): null

2017-12-04 16:01:39 - [TEST_STEP][PASSED] - Statement - pyear = rawData.getValue("Year DOB", randomPaxIndex): null

2017-12-04 16:01:39 - [TEST_STEP][PASSED] - Statement - paxDetailFields = paxInRoomXpath + "[" + j + "]/div[@class="col-md-x col-md-9"]/div[@class="row paxContainer"][1]/div[contains(@class,"paxAttribute")]": null

2017-12-04 16:01:39 - [TEST_STEP][PASSED] - Statement - xpathval = paxDetailFields + "[1]/div[contains(@class,"form-group")]/input[contains(@class,"paxFirstName")]": null

2017-12-04 16:01:39 - [TEST_STEP][PASSED] - Statement - println("fn: " + xpathval): null

2017-12-04 16:01:39 - [TEST_STEP][PASSED] - Statement - repObj = com.kms.katalon.core.testobject.ObjectRepository.findTestObject(Object Repository/PrimoTours/LandingPage/secondPaxFirstNameField): Finding Test Object with id 'Object Repository/PrimoTours/LandingPage/secondPaxFirstNameField'

2017-12-04 16:01:39 - [TEST_STEP][PASSED] - Statement - repObj.findProperty("xpath").setValue(xpathval): null

2017-12-04 16:01:39 - [TEST_STEP][PASSED] - setText: Text 'Nielsen AUT' is set on object 'Object Repository/PrimoTours/LandingPage/secondPaxFirstNameField'

2017-12-04 16:01:40 - [MESSAGE][PASSED] - Text 'Nielsen AUT' is set on object 'Object Repository/PrimoTours/LandingPage/secondPaxFirstNameField'

2017-12-04 16:01:40 - [TEST_STEP][PASSED] - Statement - xpathval = paxDetailFields + "[2]/div[contains(@class,"form-group")]/input[contains(@class,"paxLastName")]": null

2017-12-04 16:01:40 - [TEST_STEP][PASSED] - Statement - println("ln: " + xpathval): null

2017-12-04 16:01:40 - [TEST_STEP][PASSED] - Statement - repObj = com.kms.katalon.core.testobject.ObjectRepository.findTestObject(Object Repository/PrimoTours/LandingPage/secondPaxFirstNameField): Finding Test Object with id 'Object Repository/PrimoTours/LandingPage/secondPaxFirstNameField'

2017-12-04 16:01:40 - [TEST_STEP][PASSED] - Statement - repObj.findProperty("xpath").setValue(xpathval): null

2017-12-04 16:01:40 - [TEST_STEP][PASSED] - setText: Text 'John Lisbjerg' is set on object 'Object Repository/PrimoTours/LandingPage/secondPaxFirstNameField'

2017-12-04 16:01:40 - [MESSAGE][PASSED] - Text 'John Lisbjerg' is set on object 'Object Repository/PrimoTours/LandingPage/secondPaxFirstNameField'

2017-12-04 16:01:40 - [TEST_STEP][PASSED] - Statement - repObj = com.kms.katalon.core.testobject.ObjectRepository.findTestObject(Object Repository/PrimoTours/LandingPage/secondPaxFirstNameField): Finding Test Object with id 'Object Repository/PrimoTours/LandingPage/secondPaxFirstNameField'

2017-12-04 16:01:40 - [TEST_STEP][PASSED] - Statement - xpathval = paxDetailFields + "[3]/div[contains(@class,"paxGenderSelectorContainer")]/span[contains(@class,"select2 select2-container")]/span[contains(@class,"selection")]/span[contains(@class,"select2-selection")]": null

2017-12-04 16:01:40 - [TEST_STEP][PASSED] - Statement - println("gender: " + xpathval): null

2017-12-04 16:01:40 - [TEST_STEP][PASSED] - Statement - repObj.findProperty("xpath").setValue(xpathval): null

2017-12-04 16:01:40 - [TEST_STEP][PASSED] - click: Unable to click on object 'Object Repository/PrimoTours/LandingPage/secondPaxFirstNameField' (Root cause: org.openqa.selenium.WebDriverException: unknown error: Element <span class="select2-selection select2-selection--single" role="combobox" aria-haspopup="true" aria-expanded="false" tabindex="0" aria-labelledby="select2-gender-0_2-1d-container">...</span> is not clickable at point (1168, 788). Other element would receive the click: <li class="select2-results__option" id="select2-gender-0_1-8k-result-5p5t-MS" role="treeitem" aria-selected="false">...</li>
  (Session info: chrome=62.0.3202.94)
  (Driver info: chromedriver=2.33.506120 (e3e53437346286c0bc2d2dc9aa4915ba81d9023f),platform=Windows NT 6.3.9600 x86_64) (WARNING: The server did not provide any stacktrace information)
Command duration or timeout: 0 milliseconds
Build info: version: '3.7.1', revision: '8a0099a', time: '2017-11-06T21:07:36.161Z'
System info: host: 'NEACSUNEW-PC', ip: '10.10.10.211', os.name: 'Windows 8.1', os.arch: 'amd64', os.version: '6.3', java.version: '1.8.0_102'
Driver info: com.kms.katalon.selenium.driver.CChromeDriver
Capabilities {acceptSslCerts: true, applicationCacheEnabled: false, browserConnectionEnabled: false, browserName: chrome, chrome: {chromedriverVersion: 2.33.506120 (e3e53437346286..., userDataDir: C:\Users\Cornel\AppData\Loc...}, cssSelectorsEnabled: true, databaseEnabled: false, handlesAlerts: true, hasTouchScreen: false, javascriptEnabled: true, locationContextEnabled: true, mobileEmulationEnabled: false, nativeEvents: true, networkConnectionEnabled: false, pageLoadStrategy: normal, platform: XP, platformName: XP, rotatable: false, setWindowRect: true, takesHeapSnapshot: true, takesScreenshot: true, unexpectedAlertBehaviour: , unhandledPromptBehavior: , version: 62.0.3202.94, webStorageEnabled: true}
Session ID: e85e1e6d8f91e54e3dc8ba95ff470b1b)

2017-12-04 16:01:41 - [MESSAGE][WARNING] - Unable to click on object 'Object Repository/PrimoTours/LandingPage/secondPaxFirstNameField' (Root cause: org.openqa.selenium.WebDriverException: unknown error: Element <span class="select2-selection select2-selection--single" role="combobox" aria-haspopup="true" aria-expanded="false" tabindex="0" aria-labelledby="select2-gender-0_2-1d-container">...</span> is not clickable at point (1168, 788). Other element would receive the click: <li class="select2-results__option" id="select2-gender-0_1-8k-result-5p5t-MS" role="treeitem" aria-selected="false">...</li>
  (Session info: chrome=62.0.3202.94)
  (Driver info: chromedriver=2.33.506120 (e3e53437346286c0bc2d2dc9aa4915ba81d9023f),platform=Windows NT 6.3.9600 x86_64) (WARNING: The server did not provide any stacktrace information)
Command duration or timeout: 0 milliseconds
Build info: version: '3.7.1', revision: '8a0099a', time: '2017-11-06T21:07:36.161Z'
System info: host: 'NEACSUNEW-PC', ip: '10.10.10.211', os.name: 'Windows 8.1', os.arch: 'amd64', os.version: '6.3', java.version: '1.8.0_102'
Driver info: com.kms.katalon.selenium.driver.CChromeDriver
Capabilities {acceptSslCerts: true, applicationCacheEnabled: false, browserConnectionEnabled: false, browserName: chrome, chrome: {chromedriverVersion: 2.33.506120 (e3e53437346286..., userDataDir: C:\Users\Cornel\AppData\Loc...}, cssSelectorsEnabled: true, databaseEnabled: false, handlesAlerts: true, hasTouchScreen: false, javascriptEnabled: true, locationContextEnabled: true, mobileEmulationEnabled: false, nativeEvents: true, networkConnectionEnabled: false, pageLoadStrategy: normal, platform: XP, platformName: XP, rotatable: false, setWindowRect: true, takesHeapSnapshot: true, takesScreenshot: true, unexpectedAlertBehaviour: , unhandledPromptBehavior: , version: 62.0.3202.94, webStorageEnabled: true}
Session ID: e85e1e6d8f91e54e3dc8ba95ff470b1b)
[[ATTACHMENT|D:\\Software testing\\Tourpaq\\Automated Katalon tests\\Primo WB test\\Reports\\WB Primo From Excel URLs\\20171204_155729\\1512396100872.png]]

2017-12-04 16:01:41 - [TEST_STEP][PASSED] - Statement - If (i == 1 & j == 1): null

2017-12-04 16:01:41 - [TEST_STEP][PASSED] - Statement - randomPaxIndex = java.lang.Math.abs(new java.util.Random().nextInt() % excelRowNo) + 1: null

2017-12-04 16:01:41 - [TEST_STEP][PASSED] - Statement - fname = rawData.getValue("FirstName", randomPaxIndex) + " AUT": null

2017-12-04 16:01:41 - [TEST_STEP][PASSED] - Statement - lname = rawData.getValue("LastName", randomPaxIndex): null

2017-12-04 16:01:41 - [TEST_STEP][PASSED] - Statement - pgender = rawData.getValue("Gender", randomPaxIndex): null

2017-12-04 16:01:41 - [TEST_STEP][PASSED] - Statement - pday = rawData.getValue("Day DOB", randomPaxIndex): null

2017-12-04 16:01:41 - [TEST_STEP][PASSED] - Statement - pmonth = rawData.getValue("Month DOB", randomPaxIndex): null

2017-12-04 16:01:41 - [TEST_STEP][PASSED] - Statement - pyear = rawData.getValue("Year DOB", randomPaxIndex): null

2017-12-04 16:01:41 - [TEST_STEP][PASSED] - Statement - paxDetailFields = paxInRoomXpath + "[" + j + "]/div[@class="col-md-x col-md-9"]/div[@class="row paxContainer"][1]/div[contains(@class,"paxAttribute")]": null

2017-12-04 16:01:41 - [TEST_STEP][PASSED] - Statement - xpathval = paxDetailFields + "[1]/div[contains(@class,"form-group")]/input[contains(@class,"paxFirstName")]": null

2017-12-04 16:01:41 - [TEST_STEP][PASSED] - Statement - println("fn: " + xpathval): null

2017-12-04 16:01:41 - [TEST_STEP][PASSED] - Statement - repObj = com.kms.katalon.core.testobject.ObjectRepository.findTestObject(Object Repository/PrimoTours/LandingPage/secondPaxFirstNameField): Finding Test Object with id 'Object Repository/PrimoTours/LandingPage/secondPaxFirstNameField'

2017-12-04 16:01:41 - [TEST_STEP][PASSED] - Statement - repObj.findProperty("xpath").setValue(xpathval): null

2017-12-04 16:01:41 - [TEST_STEP][PASSED] - setText: Text 'Larsen AUT' is set on object 'Object Repository/PrimoTours/LandingPage/secondPaxFirstNameField'

2017-12-04 16:01:41 - [MESSAGE][PASSED] - Text 'Larsen AUT' is set on object 'Object Repository/PrimoTours/LandingPage/secondPaxFirstNameField'

2017-12-04 16:01:41 - [TEST_STEP][PASSED] - Statement - xpathval = paxDetailFields + "[2]/div[contains(@class,"form-group")]/input[contains(@class,"paxLastName")]": null

2017-12-04 16:01:41 - [TEST_STEP][PASSED] - Statement - println("ln: " + xpathval): null

2017-12-04 16:01:41 - [TEST_STEP][PASSED] - Statement - repObj = com.kms.katalon.core.testobject.ObjectRepository.findTestObject(Object Repository/PrimoTours/LandingPage/secondPaxFirstNameField): Finding Test Object with id 'Object Repository/PrimoTours/LandingPage/secondPaxFirstNameField'

2017-12-04 16:01:41 - [TEST_STEP][PASSED] - Statement - repObj.findProperty("xpath").setValue(xpathval): null

2017-12-04 16:01:41 - [TEST_STEP][PASSED] - setText: Text 'Maja Straube Bach' is set on object 'Object Repository/PrimoTours/LandingPage/secondPaxFirstNameField'

2017-12-04 16:01:42 - [MESSAGE][PASSED] - Text 'Maja Straube Bach' is set on object 'Object Repository/PrimoTours/LandingPage/secondPaxFirstNameField'

2017-12-04 16:01:42 - [TEST_STEP][PASSED] - Statement - repObj = com.kms.katalon.core.testobject.ObjectRepository.findTestObject(Object Repository/PrimoTours/LandingPage/secondPaxFirstNameField): Finding Test Object with id 'Object Repository/PrimoTours/LandingPage/secondPaxFirstNameField'

2017-12-04 16:01:42 - [TEST_STEP][PASSED] - Statement - xpathval = paxDetailFields + "[3]/div[contains(@class,"paxGenderSelectorContainer")]/span[contains(@class,"select2 select2-container")]/span[contains(@class,"selection")]/span[contains(@class,"select2-selection")]": null

2017-12-04 16:01:42 - [TEST_STEP][PASSED] - Statement - println("gender: " + xpathval): null

2017-12-04 16:01:42 - [TEST_STEP][PASSED] - Statement - repObj.findProperty("xpath").setValue(xpathval): null

2017-12-04 16:01:42 - [TEST_STEP][PASSED] - click: Object: 'Object Repository/PrimoTours/LandingPage/secondPaxFirstNameField' is clicked on

2017-12-04 16:01:42 - [MESSAGE][PASSED] - Object: 'Object Repository/PrimoTours/LandingPage/secondPaxFirstNameField' is clicked on

2017-12-04 16:01:42 - [TEST_STEP][PASSED] - Statement - paxInRoomXpath = "id("passengersContainer_" + i - 1 + "")/div[@class="col-md-12"]/div[@class="row"]": null

2017-12-04 16:01:42 - [TEST_STEP][PASSED] - Statement - println("paxInRoomXpath=" + paxInRoomXpath): null

2017-12-04 16:01:42 - [TEST_STEP][PASSED] - Statement - paxInRoomCount = driver.findElements(org.openqa.selenium.By.xpath(paxInRoomXpath)).size(): null

2017-12-04 16:01:42 - [TEST_STEP][PASSED] - Statement - println("paxInRoomCount=" + paxInRoomCount): null

2017-12-04 16:01:42 - [TEST_STEP][PASSED] - Statement - For ([j = 1, j <= paxInRoomCount, (j++)]): Object: 'Object Repository/PrimoTours/LandingPage/secondPaxFirstNameField' is clicked on

2017-12-04 16:01:42 - [TEST_STEP][PASSED] - Statement - If (i == 1 & j == 1): null

2017-12-04 16:01:42 - [TEST_STEP][PASSED] - Statement - randomPaxIndex = java.lang.Math.abs(new java.util.Random().nextInt() % excelRowNo) + 1: null

2017-12-04 16:01:42 - [TEST_STEP][PASSED] - Statement - fname = rawData.getValue("FirstName", randomPaxIndex) + " AUT": null

2017-12-04 16:01:42 - [TEST_STEP][PASSED] - Statement - lname = rawData.getValue("LastName", randomPaxIndex): null

2017-12-04 16:01:42 - [TEST_STEP][PASSED] - Statement - pgender = rawData.getValue("Gender", randomPaxIndex): null

2017-12-04 16:01:42 - [TEST_STEP][PASSED] - Statement - pday = rawData.getValue("Day DOB", randomPaxIndex): null

2017-12-04 16:01:42 - [TEST_STEP][PASSED] - Statement - pmonth = rawData.getValue("Month DOB", randomPaxIndex): null

2017-12-04 16:01:42 - [TEST_STEP][PASSED] - Statement - pyear = rawData.getValue("Year DOB", randomPaxIndex): null

2017-12-04 16:01:42 - [TEST_STEP][PASSED] - Statement - paxDetailFields = paxInRoomXpath + "[" + j + "]/div[@class="col-md-x col-md-9"]/div[@class="row paxContainer"][1]/div[contains(@class,"paxAttribute")]": null

2017-12-04 16:01:42 - [TEST_STEP][PASSED] - Statement - xpathval = paxDetailFields + "[1]/div[contains(@class,"form-group")]/input[contains(@class,"paxFirstName")]": null

2017-12-04 16:01:42 - [TEST_STEP][PASSED] - Statement - println("fn: " + xpathval): null

2017-12-04 16:01:42 - [TEST_STEP][PASSED] - Statement - repObj = com.kms.katalon.core.testobject.ObjectRepository.findTestObject(Object Repository/PrimoTours/LandingPage/secondPaxFirstNameField): Finding Test Object with id 'Object Repository/PrimoTours/LandingPage/secondPaxFirstNameField'

2017-12-04 16:01:42 - [TEST_STEP][PASSED] - Statement - repObj.findProperty("xpath").setValue(xpathval): null

2017-12-04 16:01:42 - [TEST_STEP][PASSED] - setText: Text 'Madsen AUT' is set on object 'Object Repository/PrimoTours/LandingPage/secondPaxFirstNameField'

2017-12-04 16:01:42 - [MESSAGE][PASSED] - Text 'Madsen AUT' is set on object 'Object Repository/PrimoTours/LandingPage/secondPaxFirstNameField'

2017-12-04 16:01:42 - [TEST_STEP][PASSED] - Statement - xpathval = paxDetailFields + "[2]/div[contains(@class,"form-group")]/input[contains(@class,"paxLastName")]": null

2017-12-04 16:01:42 - [TEST_STEP][PASSED] - Statement - println("ln: " + xpathval): null

2017-12-04 16:01:42 - [TEST_STEP][PASSED] - Statement - repObj = com.kms.katalon.core.testobject.ObjectRepository.findTestObject(Object Repository/PrimoTours/LandingPage/secondPaxFirstNameField): Finding Test Object with id 'Object Repository/PrimoTours/LandingPage/secondPaxFirstNameField'

2017-12-04 16:01:42 - [TEST_STEP][PASSED] - Statement - repObj.findProperty("xpath").setValue(xpathval): null

2017-12-04 16:01:42 - [TEST_STEP][PASSED] - setText: Text 'Søren Roshave' is set on object 'Object Repository/PrimoTours/LandingPage/secondPaxFirstNameField'

2017-12-04 16:01:43 - [MESSAGE][PASSED] - Text 'Søren Roshave' is set on object 'Object Repository/PrimoTours/LandingPage/secondPaxFirstNameField'

2017-12-04 16:01:43 - [TEST_STEP][PASSED] - Statement - repObj = com.kms.katalon.core.testobject.ObjectRepository.findTestObject(Object Repository/PrimoTours/LandingPage/secondPaxFirstNameField): Finding Test Object with id 'Object Repository/PrimoTours/LandingPage/secondPaxFirstNameField'

2017-12-04 16:01:43 - [TEST_STEP][PASSED] - Statement - xpathval = paxDetailFields + "[3]/div[contains(@class,"paxGenderSelectorContainer")]/span[contains(@class,"select2 select2-container")]/span[contains(@class,"selection")]/span[contains(@class,"select2-selection")]": null

2017-12-04 16:01:43 - [TEST_STEP][PASSED] - Statement - println("gender: " + xpathval): null

2017-12-04 16:01:43 - [TEST_STEP][PASSED] - Statement - repObj.findProperty("xpath").setValue(xpathval): null

2017-12-04 16:01:43 - [TEST_STEP][PASSED] - click: Object: 'Object Repository/PrimoTours/LandingPage/secondPaxFirstNameField' is clicked on

2017-12-04 16:01:43 - [MESSAGE][PASSED] - Object: 'Object Repository/PrimoTours/LandingPage/secondPaxFirstNameField' is clicked on

2017-12-04 16:01:43 - [TEST_STEP][PASSED] - Statement - If (i == 1 & j == 1): null

2017-12-04 16:01:43 - [TEST_STEP][PASSED] - Statement - randomPaxIndex = java.lang.Math.abs(new java.util.Random().nextInt() % excelRowNo) + 1: null

2017-12-04 16:01:43 - [TEST_STEP][PASSED] - Statement - fname = rawData.getValue("FirstName", randomPaxIndex) + " AUT": null

2017-12-04 16:01:43 - [TEST_STEP][PASSED] - Statement - lname = rawData.getValue("LastName", randomPaxIndex): null

2017-12-04 16:01:43 - [TEST_STEP][PASSED] - Statement - pgender = rawData.getValue("Gender", randomPaxIndex): null

2017-12-04 16:01:43 - [TEST_STEP][PASSED] - Statement - pday = rawData.getValue("Day DOB", randomPaxIndex): null

2017-12-04 16:01:43 - [TEST_STEP][PASSED] - Statement - pmonth = rawData.getValue("Month DOB", randomPaxIndex): null

2017-12-04 16:01:43 - [TEST_STEP][PASSED] - Statement - pyear = rawData.getValue("Year DOB", randomPaxIndex): null

2017-12-04 16:01:43 - [TEST_STEP][PASSED] - Statement - paxDetailFields = paxInRoomXpath + "[" + j + "]/div[@class="col-md-x col-md-9"]/div[@class="row paxContainer"][1]/div[contains(@class,"paxAttribute")]": null

2017-12-04 16:01:43 - [TEST_STEP][PASSED] - Statement - xpathval = paxDetailFields + "[1]/div[contains(@class,"form-group")]/input[contains(@class,"paxFirstName")]": null

2017-12-04 16:01:43 - [TEST_STEP][PASSED] - Statement - println("fn: " + xpathval): null

2017-12-04 16:01:43 - [TEST_STEP][PASSED] - Statement - repObj = com.kms.katalon.core.testobject.ObjectRepository.findTestObject(Object Repository/PrimoTours/LandingPage/secondPaxFirstNameField): Finding Test Object with id 'Object Repository/PrimoTours/LandingPage/secondPaxFirstNameField'

2017-12-04 16:01:43 - [TEST_STEP][PASSED] - Statement - repObj.findProperty("xpath").setValue(xpathval): null

2017-12-04 16:01:43 - [TEST_STEP][PASSED] - setText: Text 'Bernth-Andersen AUT' is set on object 'Object Repository/PrimoTours/LandingPage/secondPaxFirstNameField'

2017-12-04 16:01:43 - [MESSAGE][PASSED] - Text 'Bernth-Andersen AUT' is set on object 'Object Repository/PrimoTours/LandingPage/secondPaxFirstNameField'

2017-12-04 16:01:43 - [TEST_STEP][PASSED] - Statement - xpathval = paxDetailFields + "[2]/div[contains(@class,"form-group")]/input[contains(@class,"paxLastName")]": null

2017-12-04 16:01:43 - [TEST_STEP][PASSED] - Statement - println("ln: " + xpathval): null

2017-12-04 16:01:43 - [TEST_STEP][PASSED] - Statement - repObj = com.kms.katalon.core.testobject.ObjectRepository.findTestObject(Object Repository/PrimoTours/LandingPage/secondPaxFirstNameField): Finding Test Object with id 'Object Repository/PrimoTours/LandingPage/secondPaxFirstNameField'

2017-12-04 16:01:43 - [TEST_STEP][PASSED] - Statement - repObj.findProperty("xpath").setValue(xpathval): null

2017-12-04 16:01:43 - [TEST_STEP][PASSED] - setText: Text 'Sara' is set on object 'Object Repository/PrimoTours/LandingPage/secondPaxFirstNameField'

2017-12-04 16:01:43 - [MESSAGE][PASSED] - Text 'Sara' is set on object 'Object Repository/PrimoTours/LandingPage/secondPaxFirstNameField'

2017-12-04 16:01:43 - [TEST_STEP][PASSED] - Statement - repObj = com.kms.katalon.core.testobject.ObjectRepository.findTestObject(Object Repository/PrimoTours/LandingPage/secondPaxFirstNameField): Finding Test Object with id 'Object Repository/PrimoTours/LandingPage/secondPaxFirstNameField'

2017-12-04 16:01:43 - [TEST_STEP][PASSED] - Statement - xpathval = paxDetailFields + "[3]/div[contains(@class,"paxGenderSelectorContainer")]/span[contains(@class,"select2 select2-container")]/span[contains(@class,"selection")]/span[contains(@class,"select2-selection")]": null

2017-12-04 16:01:43 - [TEST_STEP][PASSED] - Statement - println("gender: " + xpathval): null

2017-12-04 16:01:43 - [TEST_STEP][PASSED] - Statement - repObj.findProperty("xpath").setValue(xpathval): null

2017-12-04 16:01:43 - [TEST_STEP][PASSED] - click: Object: 'Object Repository/PrimoTours/LandingPage/secondPaxFirstNameField' is clicked on

2017-12-04 16:01:43 - [MESSAGE][PASSED] - Object: 'Object Repository/PrimoTours/LandingPage/secondPaxFirstNameField' is clicked on

2017-12-04 16:01:43 - [TEST_STEP][PASSED] - Statement - paxInRoomXpath = "id("passengersContainer_" + i - 1 + "")/div[@class="col-md-12"]/div[@class="row"]": null

2017-12-04 16:01:43 - [TEST_STEP][PASSED] - Statement - println("paxInRoomXpath=" + paxInRoomXpath): null

2017-12-04 16:01:43 - [TEST_STEP][PASSED] - Statement - paxInRoomCount = driver.findElements(org.openqa.selenium.By.xpath(paxInRoomXpath)).size(): null

2017-12-04 16:01:44 - [TEST_STEP][PASSED] - Statement - println("paxInRoomCount=" + paxInRoomCount): null

2017-12-04 16:01:44 - [TEST_STEP][PASSED] - Statement - For ([j = 1, j <= paxInRoomCount, (j++)]): Unable to click on object 'Object Repository/PrimoTours/LandingPage/secondPaxFirstNameField' (Root cause: org.openqa.selenium.WebDriverException: unknown error: Element <span class="select2-selection select2-selection--single" role="combobox" aria-haspopup="true" aria-expanded="false" tabindex="0" aria-labelledby="select2-gender-2_3-0x-container">...</span> is not clickable at point (1168, 732). Other element would receive the click: <li class="select2-results__option" id="select2-gender-2_2-y9-result-1oh9-MS" role="treeitem" aria-selected="false">...</li>
  (Session info: chrome=62.0.3202.94)
  (Driver info: chromedriver=2.33.506120 (e3e53437346286c0bc2d2dc9aa4915ba81d9023f),platform=Windows NT 6.3.9600 x86_64) (WARNING: The server did not provide any stacktrace information)
Command duration or timeout: 0 milliseconds
Build info: version: '3.7.1', revision: '8a0099a', time: '2017-11-06T21:07:36.161Z'
System info: host: 'NEACSUNEW-PC', ip: '10.10.10.211', os.name: 'Windows 8.1', os.arch: 'amd64', os.version: '6.3', java.version: '1.8.0_102'
Driver info: com.kms.katalon.selenium.driver.CChromeDriver
Capabilities {acceptSslCerts: true, applicationCacheEnabled: false, browserConnectionEnabled: false, browserName: chrome, chrome: {chromedriverVersion: 2.33.506120 (e3e53437346286..., userDataDir: C:\Users\Cornel\AppData\Loc...}, cssSelectorsEnabled: true, databaseEnabled: false, handlesAlerts: true, hasTouchScreen: false, javascriptEnabled: true, locationContextEnabled: true, mobileEmulationEnabled: false, nativeEvents: true, networkConnectionEnabled: false, pageLoadStrategy: normal, platform: XP, platformName: XP, rotatable: false, setWindowRect: true, takesHeapSnapshot: true, takesScreenshot: true, unexpectedAlertBehaviour: , unhandledPromptBehavior: , version: 62.0.3202.94, webStorageEnabled: true}
Session ID: e85e1e6d8f91e54e3dc8ba95ff470b1b)

2017-12-04 16:01:44 - [TEST_STEP][PASSED] - Statement - If (i == 1 & j == 1): null

2017-12-04 16:01:44 - [TEST_STEP][PASSED] - Statement - randomPaxIndex = java.lang.Math.abs(new java.util.Random().nextInt() % excelRowNo) + 1: null

2017-12-04 16:01:44 - [TEST_STEP][PASSED] - Statement - fname = rawData.getValue("FirstName", randomPaxIndex) + " AUT": null

2017-12-04 16:01:44 - [TEST_STEP][PASSED] - Statement - lname = rawData.getValue("LastName", randomPaxIndex): null

2017-12-04 16:01:44 - [TEST_STEP][PASSED] - Statement - pgender = rawData.getValue("Gender", randomPaxIndex): null

2017-12-04 16:01:44 - [TEST_STEP][PASSED] - Statement - pday = rawData.getValue("Day DOB", randomPaxIndex): null

2017-12-04 16:01:44 - [TEST_STEP][PASSED] - Statement - pmonth = rawData.getValue("Month DOB", randomPaxIndex): null

2017-12-04 16:01:44 - [TEST_STEP][PASSED] - Statement - pyear = rawData.getValue("Year DOB", randomPaxIndex): null

2017-12-04 16:01:44 - [TEST_STEP][PASSED] - Statement - paxDetailFields = paxInRoomXpath + "[" + j + "]/div[@class="col-md-x col-md-9"]/div[@class="row paxContainer"][1]/div[contains(@class,"paxAttribute")]": null

2017-12-04 16:01:44 - [TEST_STEP][PASSED] - Statement - xpathval = paxDetailFields + "[1]/div[contains(@class,"form-group")]/input[contains(@class,"paxFirstName")]": null

2017-12-04 16:01:44 - [TEST_STEP][PASSED] - Statement - println("fn: " + xpathval): null

2017-12-04 16:01:44 - [TEST_STEP][PASSED] - Statement - repObj = com.kms.katalon.core.testobject.ObjectRepository.findTestObject(Object Repository/PrimoTours/LandingPage/secondPaxFirstNameField): Finding Test Object with id 'Object Repository/PrimoTours/LandingPage/secondPaxFirstNameField'

2017-12-04 16:01:44 - [TEST_STEP][PASSED] - Statement - repObj.findProperty("xpath").setValue(xpathval): null

2017-12-04 16:01:44 - [TEST_STEP][PASSED] - setText: Text 'Steffensen AUT' is set on object 'Object Repository/PrimoTours/LandingPage/secondPaxFirstNameField'

2017-12-04 16:01:44 - [MESSAGE][PASSED] - Text 'Steffensen AUT' is set on object 'Object Repository/PrimoTours/LandingPage/secondPaxFirstNameField'

2017-12-04 16:01:44 - [TEST_STEP][PASSED] - Statement - xpathval = paxDetailFields + "[2]/div[contains(@class,"form-group")]/input[contains(@class,"paxLastName")]": null

2017-12-04 16:01:44 - [TEST_STEP][PASSED] - Statement - println("ln: " + xpathval): null

2017-12-04 16:01:44 - [TEST_STEP][PASSED] - Statement - repObj = com.kms.katalon.core.testobject.ObjectRepository.findTestObject(Object Repository/PrimoTours/LandingPage/secondPaxFirstNameField): Finding Test Object with id 'Object Repository/PrimoTours/LandingPage/secondPaxFirstNameField'

2017-12-04 16:01:44 - [TEST_STEP][PASSED] - Statement - repObj.findProperty("xpath").setValue(xpathval): null

2017-12-04 16:01:44 - [TEST_STEP][PASSED] - setText: Text 'Karoline Vinge' is set on object 'Object Repository/PrimoTours/LandingPage/secondPaxFirstNameField'

2017-12-04 16:01:44 - [MESSAGE][PASSED] - Text 'Karoline Vinge' is set on object 'Object Repository/PrimoTours/LandingPage/secondPaxFirstNameField'

2017-12-04 16:01:44 - [TEST_STEP][PASSED] - Statement - repObj = com.kms.katalon.core.testobject.ObjectRepository.findTestObject(Object Repository/PrimoTours/LandingPage/secondPaxFirstNameField): Finding Test Object with id 'Object Repository/PrimoTours/LandingPage/secondPaxFirstNameField'

2017-12-04 16:01:44 - [TEST_STEP][PASSED] - Statement - xpathval = paxDetailFields + "[3]/div[contains(@class,"paxGenderSelectorContainer")]/span[contains(@class,"select2 select2-container")]/span[contains(@class,"selection")]/span[contains(@class,"select2-selection")]": null

2017-12-04 16:01:44 - [TEST_STEP][PASSED] - Statement - println("gender: " + xpathval): null

2017-12-04 16:01:44 - [TEST_STEP][PASSED] - Statement - repObj.findProperty("xpath").setValue(xpathval): null

2017-12-04 16:01:44 - [TEST_STEP][PASSED] - click: Object: 'Object Repository/PrimoTours/LandingPage/secondPaxFirstNameField' is clicked on

2017-12-04 16:01:45 - [MESSAGE][PASSED] - Object: 'Object Repository/PrimoTours/LandingPage/secondPaxFirstNameField' is clicked on

2017-12-04 16:01:45 - [TEST_STEP][PASSED] - Statement - If (i == 1 & j == 1): null

2017-12-04 16:01:45 - [TEST_STEP][PASSED] - Statement - randomPaxIndex = java.lang.Math.abs(new java.util.Random().nextInt() % excelRowNo) + 1: null

2017-12-04 16:01:45 - [TEST_STEP][PASSED] - Statement - fname = rawData.getValue("FirstName", randomPaxIndex) + " AUT": null

2017-12-04 16:01:45 - [TEST_STEP][PASSED] - Statement - lname = rawData.getValue("LastName", randomPaxIndex): null

2017-12-04 16:01:45 - [TEST_STEP][PASSED] - Statement - pgender = rawData.getValue("Gender", randomPaxIndex): null

2017-12-04 16:01:45 - [TEST_STEP][PASSED] - Statement - pday = rawData.getValue("Day DOB", randomPaxIndex): null

2017-12-04 16:01:45 - [TEST_STEP][PASSED] - Statement - pmonth = rawData.getValue("Month DOB", randomPaxIndex): null

2017-12-04 16:01:45 - [TEST_STEP][PASSED] - Statement - pyear = rawData.getValue("Year DOB", randomPaxIndex): null

2017-12-04 16:01:45 - [TEST_STEP][PASSED] - Statement - paxDetailFields = paxInRoomXpath + "[" + j + "]/div[@class="col-md-x col-md-9"]/div[@class="row paxContainer"][1]/div[contains(@class,"paxAttribute")]": null

2017-12-04 16:01:45 - [TEST_STEP][PASSED] - Statement - xpathval = paxDetailFields + "[1]/div[contains(@class,"form-group")]/input[contains(@class,"paxFirstName")]": null

2017-12-04 16:01:45 - [TEST_STEP][PASSED] - Statement - println("fn: " + xpathval): null

2017-12-04 16:01:45 - [TEST_STEP][PASSED] - Statement - repObj = com.kms.katalon.core.testobject.ObjectRepository.findTestObject(Object Repository/PrimoTours/LandingPage/secondPaxFirstNameField): Finding Test Object with id 'Object Repository/PrimoTours/LandingPage/secondPaxFirstNameField'

2017-12-04 16:01:45 - [TEST_STEP][PASSED] - Statement - repObj.findProperty("xpath").setValue(xpathval): null

2017-12-04 16:01:45 - [TEST_STEP][PASSED] - setText: Text 'Andersen AUT' is set on object 'Object Repository/PrimoTours/LandingPage/secondPaxFirstNameField'

2017-12-04 16:01:45 - [MESSAGE][PASSED] - Text 'Andersen AUT' is set on object 'Object Repository/PrimoTours/LandingPage/secondPaxFirstNameField'

2017-12-04 16:01:45 - [TEST_STEP][PASSED] - Statement - xpathval = paxDetailFields + "[2]/div[contains(@class,"form-group")]/input[contains(@class,"paxLastName")]": null

2017-12-04 16:01:45 - [TEST_STEP][PASSED] - Statement - println("ln: " + xpathval): null

2017-12-04 16:01:45 - [TEST_STEP][PASSED] - Statement - repObj = com.kms.katalon.core.testobject.ObjectRepository.findTestObject(Object Repository/PrimoTours/LandingPage/secondPaxFirstNameField): Finding Test Object with id 'Object Repository/PrimoTours/LandingPage/secondPaxFirstNameField'

2017-12-04 16:01:45 - [TEST_STEP][PASSED] - Statement - repObj.findProperty("xpath").setValue(xpathval): null

2017-12-04 16:01:45 - [TEST_STEP][PASSED] - setText: Text 'Katrine Schønberg' is set on object 'Object Repository/PrimoTours/LandingPage/secondPaxFirstNameField'

2017-12-04 16:01:45 - [MESSAGE][PASSED] - Text 'Katrine Schønberg' is set on object 'Object Repository/PrimoTours/LandingPage/secondPaxFirstNameField'

2017-12-04 16:01:45 - [TEST_STEP][PASSED] - Statement - repObj = com.kms.katalon.core.testobject.ObjectRepository.findTestObject(Object Repository/PrimoTours/LandingPage/secondPaxFirstNameField): Finding Test Object with id 'Object Repository/PrimoTours/LandingPage/secondPaxFirstNameField'

2017-12-04 16:01:45 - [TEST_STEP][PASSED] - Statement - xpathval = paxDetailFields + "[3]/div[contains(@class,"paxGenderSelectorContainer")]/span[contains(@class,"select2 select2-container")]/span[contains(@class,"selection")]/span[contains(@class,"select2-selection")]": null

2017-12-04 16:01:45 - [TEST_STEP][PASSED] - Statement - println("gender: " + xpathval): null

2017-12-04 16:01:45 - [TEST_STEP][PASSED] - Statement - repObj.findProperty("xpath").setValue(xpathval): null

2017-12-04 16:01:45 - [TEST_STEP][PASSED] - click: Unable to click on object 'Object Repository/PrimoTours/LandingPage/secondPaxFirstNameField' (Root cause: org.openqa.selenium.WebDriverException: unknown error: Element <span class="select2-selection select2-selection--single" role="combobox" aria-haspopup="true" aria-expanded="false" tabindex="0" aria-labelledby="select2-gender-2_1-v4-container">...</span> is not clickable at point (1168, 622). Other element would receive the click: <li class="select2-results__option" id="select2-gender-2_0-8c-result-2z9d-MS" role="treeitem" aria-selected="false">...</li>
  (Session info: chrome=62.0.3202.94)
  (Driver info: chromedriver=2.33.506120 (e3e53437346286c0bc2d2dc9aa4915ba81d9023f),platform=Windows NT 6.3.9600 x86_64) (WARNING: The server did not provide any stacktrace information)
Command duration or timeout: 0 milliseconds
Build info: version: '3.7.1', revision: '8a0099a', time: '2017-11-06T21:07:36.161Z'
System info: host: 'NEACSUNEW-PC', ip: '10.10.10.211', os.name: 'Windows 8.1', os.arch: 'amd64', os.version: '6.3', java.version: '1.8.0_102'
Driver info: com.kms.katalon.selenium.driver.CChromeDriver
Capabilities {acceptSslCerts: true, applicationCacheEnabled: false, browserConnectionEnabled: false, browserName: chrome, chrome: {chromedriverVersion: 2.33.506120 (e3e53437346286..., userDataDir: C:\Users\Cornel\AppData\Loc...}, cssSelectorsEnabled: true, databaseEnabled: false, handlesAlerts: true, hasTouchScreen: false, javascriptEnabled: true, locationContextEnabled: true, mobileEmulationEnabled: false, nativeEvents: true, networkConnectionEnabled: false, pageLoadStrategy: normal, platform: XP, platformName: XP, rotatable: false, setWindowRect: true, takesHeapSnapshot: true, takesScreenshot: true, unexpectedAlertBehaviour: , unhandledPromptBehavior: , version: 62.0.3202.94, webStorageEnabled: true}
Session ID: e85e1e6d8f91e54e3dc8ba95ff470b1b)

2017-12-04 16:01:46 - [MESSAGE][WARNING] - Unable to click on object 'Object Repository/PrimoTours/LandingPage/secondPaxFirstNameField' (Root cause: org.openqa.selenium.WebDriverException: unknown error: Element <span class="select2-selection select2-selection--single" role="combobox" aria-haspopup="true" aria-expanded="false" tabindex="0" aria-labelledby="select2-gender-2_1-v4-container">...</span> is not clickable at point (1168, 622). Other element would receive the click: <li class="select2-results__option" id="select2-gender-2_0-8c-result-2z9d-MS" role="treeitem" aria-selected="false">...</li>
  (Session info: chrome=62.0.3202.94)
  (Driver info: chromedriver=2.33.506120 (e3e53437346286c0bc2d2dc9aa4915ba81d9023f),platform=Windows NT 6.3.9600 x86_64) (WARNING: The server did not provide any stacktrace information)
Command duration or timeout: 0 milliseconds
Build info: version: '3.7.1', revision: '8a0099a', time: '2017-11-06T21:07:36.161Z'
System info: host: 'NEACSUNEW-PC', ip: '10.10.10.211', os.name: 'Windows 8.1', os.arch: 'amd64', os.version: '6.3', java.version: '1.8.0_102'
Driver info: com.kms.katalon.selenium.driver.CChromeDriver
Capabilities {acceptSslCerts: true, applicationCacheEnabled: false, browserConnectionEnabled: false, browserName: chrome, chrome: {chromedriverVersion: 2.33.506120 (e3e53437346286..., userDataDir: C:\Users\Cornel\AppData\Loc...}, cssSelectorsEnabled: true, databaseEnabled: false, handlesAlerts: true, hasTouchScreen: false, javascriptEnabled: true, locationContextEnabled: true, mobileEmulationEnabled: false, nativeEvents: true, networkConnectionEnabled: false, pageLoadStrategy: normal, platform: XP, platformName: XP, rotatable: false, setWindowRect: true, takesHeapSnapshot: true, takesScreenshot: true, unexpectedAlertBehaviour: , unhandledPromptBehavior: , version: 62.0.3202.94, webStorageEnabled: true}
Session ID: e85e1e6d8f91e54e3dc8ba95ff470b1b)
[[ATTACHMENT|D:\\Software testing\\Tourpaq\\Automated Katalon tests\\Primo WB test\\Reports\\WB Primo From Excel URLs\\20171204_155729\\1512396105936.png]]

2017-12-04 16:01:46 - [TEST_STEP][PASSED] - Statement - If (i == 1 & j == 1): null

2017-12-04 16:01:46 - [TEST_STEP][PASSED] - Statement - randomPaxIndex = java.lang.Math.abs(new java.util.Random().nextInt() % excelRowNo) + 1: null

2017-12-04 16:01:46 - [TEST_STEP][PASSED] - Statement - fname = rawData.getValue("FirstName", randomPaxIndex) + " AUT": null

2017-12-04 16:01:46 - [TEST_STEP][PASSED] - Statement - lname = rawData.getValue("LastName", randomPaxIndex): null

2017-12-04 16:01:46 - [TEST_STEP][PASSED] - Statement - pgender = rawData.getValue("Gender", randomPaxIndex): null

2017-12-04 16:01:46 - [TEST_STEP][PASSED] - Statement - pday = rawData.getValue("Day DOB", randomPaxIndex): null

2017-12-04 16:01:46 - [TEST_STEP][PASSED] - Statement - pmonth = rawData.getValue("Month DOB", randomPaxIndex): null

2017-12-04 16:01:46 - [TEST_STEP][PASSED] - Statement - pyear = rawData.getValue("Year DOB", randomPaxIndex): null

2017-12-04 16:01:46 - [TEST_STEP][PASSED] - Statement - paxDetailFields = paxInRoomXpath + "[" + j + "]/div[@class="col-md-x col-md-9"]/div[@class="row paxContainer"][1]/div[contains(@class,"paxAttribute")]": null

2017-12-04 16:01:46 - [TEST_STEP][PASSED] - Statement - xpathval = paxDetailFields + "[1]/div[contains(@class,"form-group")]/input[contains(@class,"paxFirstName")]": null

2017-12-04 16:01:46 - [TEST_STEP][PASSED] - Statement - println("fn: " + xpathval): null

2017-12-04 16:01:46 - [TEST_STEP][PASSED] - Statement - repObj = com.kms.katalon.core.testobject.ObjectRepository.findTestObject(Object Repository/PrimoTours/LandingPage/secondPaxFirstNameField): Finding Test Object with id 'Object Repository/PrimoTours/LandingPage/secondPaxFirstNameField'

2017-12-04 16:01:46 - [TEST_STEP][PASSED] - Statement - repObj.findProperty("xpath").setValue(xpathval): null

2017-12-04 16:01:46 - [TEST_STEP][PASSED] - setText: Text 'Rosenkjær AUT' is set on object 'Object Repository/PrimoTours/LandingPage/secondPaxFirstNameField'

2017-12-04 16:01:46 - [MESSAGE][PASSED] - Text 'Rosenkjær AUT' is set on object 'Object Repository/PrimoTours/LandingPage/secondPaxFirstNameField'

2017-12-04 16:01:46 - [TEST_STEP][PASSED] - Statement - xpathval = paxDetailFields + "[2]/div[contains(@class,"form-group")]/input[contains(@class,"paxLastName")]": null

2017-12-04 16:01:46 - [TEST_STEP][PASSED] - Statement - println("ln: " + xpathval): null

2017-12-04 16:01:46 - [TEST_STEP][PASSED] - Statement - repObj = com.kms.katalon.core.testobject.ObjectRepository.findTestObject(Object Repository/PrimoTours/LandingPage/secondPaxFirstNameField): Finding Test Object with id 'Object Repository/PrimoTours/LandingPage/secondPaxFirstNameField'

2017-12-04 16:01:46 - [TEST_STEP][PASSED] - Statement - repObj.findProperty("xpath").setValue(xpathval): null

2017-12-04 16:01:46 - [TEST_STEP][PASSED] - setText: Text 'Max' is set on object 'Object Repository/PrimoTours/LandingPage/secondPaxFirstNameField'

2017-12-04 16:01:47 - [MESSAGE][PASSED] - Text 'Max' is set on object 'Object Repository/PrimoTours/LandingPage/secondPaxFirstNameField'

2017-12-04 16:01:47 - [TEST_STEP][PASSED] - Statement - repObj = com.kms.katalon.core.testobject.ObjectRepository.findTestObject(Object Repository/PrimoTours/LandingPage/secondPaxFirstNameField): Finding Test Object with id 'Object Repository/PrimoTours/LandingPage/secondPaxFirstNameField'

2017-12-04 16:01:47 - [TEST_STEP][PASSED] - Statement - xpathval = paxDetailFields + "[3]/div[contains(@class,"paxGenderSelectorContainer")]/span[contains(@class,"select2 select2-container")]/span[contains(@class,"selection")]/span[contains(@class,"select2-selection")]": null

2017-12-04 16:01:47 - [TEST_STEP][PASSED] - Statement - println("gender: " + xpathval): null

2017-12-04 16:01:47 - [TEST_STEP][PASSED] - Statement - repObj.findProperty("xpath").setValue(xpathval): null

2017-12-04 16:01:47 - [TEST_STEP][PASSED] - click: Object: 'Object Repository/PrimoTours/LandingPage/secondPaxFirstNameField' is clicked on

2017-12-04 16:01:47 - [MESSAGE][PASSED] - Object: 'Object Repository/PrimoTours/LandingPage/secondPaxFirstNameField' is clicked on

2017-12-04 16:01:47 - [TEST_STEP][PASSED] - Statement - If (i == 1 & j == 1): null

2017-12-04 16:01:47 - [TEST_STEP][PASSED] - Statement - randomPaxIndex = java.lang.Math.abs(new java.util.Random().nextInt() % excelRowNo) + 1: null

2017-12-04 16:01:47 - [TEST_STEP][PASSED] - Statement - fname = rawData.getValue("FirstName", randomPaxIndex) + " AUT": null

2017-12-04 16:01:47 - [TEST_STEP][PASSED] - Statement - lname = rawData.getValue("LastName", randomPaxIndex): null

2017-12-04 16:01:47 - [TEST_STEP][PASSED] - Statement - pgender = rawData.getValue("Gender", randomPaxIndex): null

2017-12-04 16:01:47 - [TEST_STEP][PASSED] - Statement - pday = rawData.getValue("Day DOB", randomPaxIndex): null

2017-12-04 16:01:47 - [TEST_STEP][PASSED] - Statement - pmonth = rawData.getValue("Month DOB", randomPaxIndex): null

2017-12-04 16:01:47 - [TEST_STEP][PASSED] - Statement - pyear = rawData.getValue("Year DOB", randomPaxIndex): null

2017-12-04 16:01:47 - [TEST_STEP][PASSED] - Statement - paxDetailFields = paxInRoomXpath + "[" + j + "]/div[@class="col-md-x col-md-9"]/div[@class="row paxContainer"][1]/div[contains(@class,"paxAttribute")]": null

2017-12-04 16:01:47 - [TEST_STEP][PASSED] - Statement - xpathval = paxDetailFields + "[1]/div[contains(@class,"form-group")]/input[contains(@class,"paxFirstName")]": null

2017-12-04 16:01:47 - [TEST_STEP][PASSED] - Statement - println("fn: " + xpathval): null

2017-12-04 16:01:47 - [TEST_STEP][PASSED] - Statement - repObj = com.kms.katalon.core.testobject.ObjectRepository.findTestObject(Object Repository/PrimoTours/LandingPage/secondPaxFirstNameField): Finding Test Object with id 'Object Repository/PrimoTours/LandingPage/secondPaxFirstNameField'

2017-12-04 16:01:47 - [TEST_STEP][PASSED] - Statement - repObj.findProperty("xpath").setValue(xpathval): null

2017-12-04 16:01:47 - [TEST_STEP][PASSED] - setText: Text 'Kanstrup AUT' is set on object 'Object Repository/PrimoTours/LandingPage/secondPaxFirstNameField'

2017-12-04 16:01:47 - [MESSAGE][PASSED] - Text 'Kanstrup AUT' is set on object 'Object Repository/PrimoTours/LandingPage/secondPaxFirstNameField'

2017-12-04 16:01:47 - [TEST_STEP][PASSED] - Statement - xpathval = paxDetailFields + "[2]/div[contains(@class,"form-group")]/input[contains(@class,"paxLastName")]": null

2017-12-04 16:01:47 - [TEST_STEP][PASSED] - Statement - println("ln: " + xpathval): null

2017-12-04 16:01:47 - [TEST_STEP][PASSED] - Statement - repObj = com.kms.katalon.core.testobject.ObjectRepository.findTestObject(Object Repository/PrimoTours/LandingPage/secondPaxFirstNameField): Finding Test Object with id 'Object Repository/PrimoTours/LandingPage/secondPaxFirstNameField'

2017-12-04 16:01:47 - [TEST_STEP][PASSED] - Statement - repObj.findProperty("xpath").setValue(xpathval): null

2017-12-04 16:01:47 - [TEST_STEP][PASSED] - setText: Text 'Nicolai' is set on object 'Object Repository/PrimoTours/LandingPage/secondPaxFirstNameField'

2017-12-04 16:01:47 - [MESSAGE][PASSED] - Text 'Nicolai' is set on object 'Object Repository/PrimoTours/LandingPage/secondPaxFirstNameField'

2017-12-04 16:01:47 - [TEST_STEP][PASSED] - Statement - repObj = com.kms.katalon.core.testobject.ObjectRepository.findTestObject(Object Repository/PrimoTours/LandingPage/secondPaxFirstNameField): Finding Test Object with id 'Object Repository/PrimoTours/LandingPage/secondPaxFirstNameField'

2017-12-04 16:01:47 - [TEST_STEP][PASSED] - Statement - xpathval = paxDetailFields + "[3]/div[contains(@class,"paxGenderSelectorContainer")]/span[contains(@class,"select2 select2-container")]/span[contains(@class,"selection")]/span[contains(@class,"select2-selection")]": null

2017-12-04 16:01:47 - [TEST_STEP][PASSED] - Statement - println("gender: " + xpathval): null

2017-12-04 16:01:47 - [TEST_STEP][PASSED] - Statement - repObj.findProperty("xpath").setValue(xpathval): null

2017-12-04 16:01:47 - [TEST_STEP][PASSED] - click: Unable to click on object 'Object Repository/PrimoTours/LandingPage/secondPaxFirstNameField' (Root cause: org.openqa.selenium.WebDriverException: unknown error: Element <span class="select2-selection select2-selection--single" role="combobox" aria-haspopup="true" aria-expanded="false" tabindex="0" aria-labelledby="select2-gender-2_3-0x-container">...</span> is not clickable at point (1168, 732). Other element would receive the click: <li class="select2-results__option" id="select2-gender-2_2-y9-result-1oh9-MS" role="treeitem" aria-selected="false">...</li>
  (Session info: chrome=62.0.3202.94)
  (Driver info: chromedriver=2.33.506120 (e3e53437346286c0bc2d2dc9aa4915ba81d9023f),platform=Windows NT 6.3.9600 x86_64) (WARNING: The server did not provide any stacktrace information)
Command duration or timeout: 0 milliseconds
Build info: version: '3.7.1', revision: '8a0099a', time: '2017-11-06T21:07:36.161Z'
System info: host: 'NEACSUNEW-PC', ip: '10.10.10.211', os.name: 'Windows 8.1', os.arch: 'amd64', os.version: '6.3', java.version: '1.8.0_102'
Driver info: com.kms.katalon.selenium.driver.CChromeDriver
Capabilities {acceptSslCerts: true, applicationCacheEnabled: false, browserConnectionEnabled: false, browserName: chrome, chrome: {chromedriverVersion: 2.33.506120 (e3e53437346286..., userDataDir: C:\Users\Cornel\AppData\Loc...}, cssSelectorsEnabled: true, databaseEnabled: false, handlesAlerts: true, hasTouchScreen: false, javascriptEnabled: true, locationContextEnabled: true, mobileEmulationEnabled: false, nativeEvents: true, networkConnectionEnabled: false, pageLoadStrategy: normal, platform: XP, platformName: XP, rotatable: false, setWindowRect: true, takesHeapSnapshot: true, takesScreenshot: true, unexpectedAlertBehaviour: , unhandledPromptBehavior: , version: 62.0.3202.94, webStorageEnabled: true}
Session ID: e85e1e6d8f91e54e3dc8ba95ff470b1b)

2017-12-04 16:01:48 - [MESSAGE][WARNING] - Unable to click on object 'Object Repository/PrimoTours/LandingPage/secondPaxFirstNameField' (Root cause: org.openqa.selenium.WebDriverException: unknown error: Element <span class="select2-selection select2-selection--single" role="combobox" aria-haspopup="true" aria-expanded="false" tabindex="0" aria-labelledby="select2-gender-2_3-0x-container">...</span> is not clickable at point (1168, 732). Other element would receive the click: <li class="select2-results__option" id="select2-gender-2_2-y9-result-1oh9-MS" role="treeitem" aria-selected="false">...</li>
  (Session info: chrome=62.0.3202.94)
  (Driver info: chromedriver=2.33.506120 (e3e53437346286c0bc2d2dc9aa4915ba81d9023f),platform=Windows NT 6.3.9600 x86_64) (WARNING: The server did not provide any stacktrace information)
Command duration or timeout: 0 milliseconds
Build info: version: '3.7.1', revision: '8a0099a', time: '2017-11-06T21:07:36.161Z'
System info: host: 'NEACSUNEW-PC', ip: '10.10.10.211', os.name: 'Windows 8.1', os.arch: 'amd64', os.version: '6.3', java.version: '1.8.0_102'
Driver info: com.kms.katalon.selenium.driver.CChromeDriver
Capabilities {acceptSslCerts: true, applicationCacheEnabled: false, browserConnectionEnabled: false, browserName: chrome, chrome: {chromedriverVersion: 2.33.506120 (e3e53437346286..., userDataDir: C:\Users\Cornel\AppData\Loc...}, cssSelectorsEnabled: true, databaseEnabled: false, handlesAlerts: true, hasTouchScreen: false, javascriptEnabled: true, locationContextEnabled: true, mobileEmulationEnabled: false, nativeEvents: true, networkConnectionEnabled: false, pageLoadStrategy: normal, platform: XP, platformName: XP, rotatable: false, setWindowRect: true, takesHeapSnapshot: true, takesScreenshot: true, unexpectedAlertBehaviour: , unhandledPromptBehavior: , version: 62.0.3202.94, webStorageEnabled: true}
Session ID: e85e1e6d8f91e54e3dc8ba95ff470b1b)
[[ATTACHMENT|D:\\Software testing\\Tourpaq\\Automated Katalon tests\\Primo WB test\\Reports\\WB Primo From Excel URLs\\20171204_155729\\1512396108030.png]]

2017-12-04 16:01:48 - [TEST_STEP][PASSED] - scrollToElement: Scroll to object 'Object Repository/PrimoTours/Old Objects/Coco (1)/PrimoT/SaveBooking2/Success/bookingTotalValue' successfully

2017-12-04 16:01:48 - [MESSAGE][PASSED] - Scroll to object 'Object Repository/PrimoTours/Old Objects/Coco (1)/PrimoT/SaveBooking2/Success/bookingTotalValue' successfully

2017-12-04 16:01:48 - [TEST_STEP][PASSED] - click: Object: 'Object Repository/PrimoTours/Old Objects/Coco (1)/PrimoT/SaveBooking2/Success/bookingTotalValue' is clicked on

2017-12-04 16:01:48 - [MESSAGE][PASSED] - Object: 'Object Repository/PrimoTours/Old Objects/Coco (1)/PrimoT/SaveBooking2/Success/bookingTotalValue' is clicked on

2017-12-04 16:01:48 - [TEST_STEP][PASSED] - scrollToElement: Scroll to object 'Object Repository/PrimoTours/Old Objects/Coco (1)/PrimoT/SaveBooking2/Success/Page_Primo Tours  Danmarks bedste c/nextButtonOnLandingPage' successfully

2017-12-04 16:01:48 - [MESSAGE][PASSED] - Scroll to object 'Object Repository/PrimoTours/Old Objects/Coco (1)/PrimoT/SaveBooking2/Success/Page_Primo Tours  Danmarks bedste c/nextButtonOnLandingPage' successfully

2017-12-04 16:01:48 - [TEST_STEP][PASSED] - waitForElementClickable: Object 'Object Repository/PrimoTours/Old Objects/Coco (1)/PrimoT/SaveBooking2/Success/Page_Primo Tours  Danmarks bedste c/nextButtonOnLandingPage' is clickable

2017-12-04 16:01:48 - [MESSAGE][PASSED] - Object 'Object Repository/PrimoTours/Old Objects/Coco (1)/PrimoT/SaveBooking2/Success/Page_Primo Tours  Danmarks bedste c/nextButtonOnLandingPage' is clickable

2017-12-04 16:01:48 - [TEST_STEP][PASSED] - waitForElementVisible: Object 'Object Repository/PrimoTours/Old Objects/Coco (1)/PrimoT/SaveBooking2/Success/Page_Primo Tours  Danmarks bedste c/nextButtonOnLandingPage' is visible

2017-12-04 16:01:48 - [MESSAGE][PASSED] - Object 'Object Repository/PrimoTours/Old Objects/Coco (1)/PrimoT/SaveBooking2/Success/Page_Primo Tours  Danmarks bedste c/nextButtonOnLandingPage' is visible

2017-12-04 16:01:48 - [TEST_STEP][PASSED] - scrollToElement: Scroll to object 'Object Repository/PrimoTours/Old Objects/Coco (1)/PrimoT/SaveBooking2/Success/Page_Primo Tours  Danmarks bedste c/nextButtonOnLandingPage' successfully

2017-12-04 16:01:48 - [MESSAGE][PASSED] - Scroll to object 'Object Repository/PrimoTours/Old Objects/Coco (1)/PrimoT/SaveBooking2/Success/Page_Primo Tours  Danmarks bedste c/nextButtonOnLandingPage' successfully

2017-12-04 16:01:48 - [TEST_STEP][PASSED] - click: Object: 'Object Repository/PrimoTours/Old Objects/Coco (1)/PrimoT/SaveBooking2/Success/Page_Primo Tours  Danmarks bedste c/nextButtonOnLandingPage' is clicked on

2017-12-04 16:01:48 - [MESSAGE][PASSED] - Object: 'Object Repository/PrimoTours/Old Objects/Coco (1)/PrimoT/SaveBooking2/Success/Page_Primo Tours  Danmarks bedste c/nextButtonOnLandingPage' is clicked on

2017-12-04 16:01:48 - [TEST_STEP][PASSED] - delay: Delayed 3 second(s)

2017-12-04 16:01:51 - [MESSAGE][PASSED] - Delayed 3 second(s)

2017-12-04 16:01:51 - [TEST_STEP][PASSED] - waitForElementNotVisible: Object 'Object Repository/PrimoTours/Old Objects/CCenter/pageLoaderOverlayLayer' is NOT visible

2017-12-04 16:01:52 - [MESSAGE][PASSED] - Object 'Object Repository/PrimoTours/Old Objects/CCenter/pageLoaderOverlayLayer' is NOT visible

2017-12-04 16:01:52 - [TEST_STEP][PASSED] - scrollToElement: Scroll to object 'Object Repository/PrimoTours/Old Objects/Coco/PrimoT/Ins2/Page_Primo Tours  Danmarks bedste c/travelInsuranceFirstPaxSelector' successfully

2017-12-04 16:01:52 - [MESSAGE][PASSED] - Scroll to object 'Object Repository/PrimoTours/Old Objects/Coco/PrimoT/Ins2/Page_Primo Tours  Danmarks bedste c/travelInsuranceFirstPaxSelector' successfully

2017-12-04 16:01:52 - [TEST_STEP][PASSED] - waitForElementPresent: Object 'Object Repository/PrimoTours/Old Objects/Coco/PrimoT/Ins2/Page_Primo Tours  Danmarks bedste c/travelInsuranceFirstPaxSelector' is present

2017-12-04 16:01:52 - [MESSAGE][PASSED] - Object 'Object Repository/PrimoTours/Old Objects/Coco/PrimoT/Ins2/Page_Primo Tours  Danmarks bedste c/travelInsuranceFirstPaxSelector' is present

2017-12-04 16:01:52 - [TEST_STEP][PASSED] - waitForElementVisible: Object 'Object Repository/PrimoTours/Old Objects/Coco/PrimoT/Ins2/Page_Primo Tours  Danmarks bedste c/travelInsuranceFirstPaxSelector' is visible

2017-12-04 16:01:52 - [MESSAGE][PASSED] - Object 'Object Repository/PrimoTours/Old Objects/Coco/PrimoT/Ins2/Page_Primo Tours  Danmarks bedste c/travelInsuranceFirstPaxSelector' is visible

2017-12-04 16:01:52 - [TEST_STEP][PASSED] - waitForElementClickable: Object 'Object Repository/PrimoTours/Old Objects/Coco/PrimoT/Ins2/Page_Primo Tours  Danmarks bedste c/travelInsuranceFirstPaxSelector' is clickable

2017-12-04 16:01:52 - [MESSAGE][PASSED] - Object 'Object Repository/PrimoTours/Old Objects/Coco/PrimoT/Ins2/Page_Primo Tours  Danmarks bedste c/travelInsuranceFirstPaxSelector' is clickable

2017-12-04 16:01:52 - [TEST_STEP][PASSED] - click: Object: 'Object Repository/PrimoTours/Old Objects/Coco/PrimoT/Ins2/Page_Primo Tours  Danmarks bedste c/travelInsuranceFirstPaxSelector' is clicked on

2017-12-04 16:01:52 - [MESSAGE][PASSED] - Object: 'Object Repository/PrimoTours/Old Objects/Coco/PrimoT/Ins2/Page_Primo Tours  Danmarks bedste c/travelInsuranceFirstPaxSelector' is clicked on

2017-12-04 16:01:52 - [TEST_STEP][PASSED] - Statement - Try: Object: 'Object Repository/PrimoTours/Old Objects/Coco/PrimoT/Ins2/Page_Primo Tours  Danmarks bedste c/firstTravelInsuranceOption' is clicked on

2017-12-04 16:01:52 - [TEST_STEP][PASSED] - click: Object: 'Object Repository/PrimoTours/Old Objects/Coco/PrimoT/Ins2/Page_Primo Tours  Danmarks bedste c/firstTravelInsuranceOption' is clicked on

2017-12-04 16:01:52 - [MESSAGE][PASSED] - Object: 'Object Repository/PrimoTours/Old Objects/Coco/PrimoT/Ins2/Page_Primo Tours  Danmarks bedste c/firstTravelInsuranceOption' is clicked on

2017-12-04 16:01:52 - [TEST_STEP][NOT_RUN] - click: NOT_RUN: click

2017-12-04 16:01:52 - [MESSAGE][NOT_RUN] - NOT_RUN: click

2017-12-04 16:01:52 - [TEST_STEP][NOT_RUN] - scrollToElement: NOT_RUN: scrollToElement

2017-12-04 16:01:52 - [MESSAGE][NOT_RUN] - NOT_RUN: scrollToElement

2017-12-04 16:01:52 - [TEST_STEP][NOT_RUN] - click: NOT_RUN: click

2017-12-04 16:01:52 - [MESSAGE][NOT_RUN] - NOT_RUN: click

2017-12-04 16:01:52 - [TEST_STEP][PASSED] - waitForElementVisible: Object 'Object Repository/PrimoTours/Old Objects/Coco (1)/PrimoT/SaveBooking2/Page_Primo Tours  Danmarks bedste c/individualInsuranceCheckbox' is visible

2017-12-04 16:01:52 - [MESSAGE][PASSED] - Object 'Object Repository/PrimoTours/Old Objects/Coco (1)/PrimoT/SaveBooking2/Page_Primo Tours  Danmarks bedste c/individualInsuranceCheckbox' is visible

2017-12-04 16:01:52 - [TEST_STEP][PASSED] - scrollToElement: Scroll to object 'Object Repository/PrimoTours/Old Objects/Coco (1)/PrimoT/SaveBooking2/Page_Primo Tours  Danmarks bedste c/individualInsuranceCheckbox' successfully

2017-12-04 16:01:52 - [MESSAGE][PASSED] - Scroll to object 'Object Repository/PrimoTours/Old Objects/Coco (1)/PrimoT/SaveBooking2/Page_Primo Tours  Danmarks bedste c/individualInsuranceCheckbox' successfully

2017-12-04 16:01:52 - [TEST_STEP][PASSED] - click: Object: 'Object Repository/PrimoTours/Old Objects/Coco (1)/PrimoT/SaveBooking2/Page_Primo Tours  Danmarks bedste c/individualInsuranceCheckbox' is clicked on

2017-12-04 16:01:52 - [MESSAGE][PASSED] - Object: 'Object Repository/PrimoTours/Old Objects/Coco (1)/PrimoT/SaveBooking2/Page_Primo Tours  Danmarks bedste c/individualInsuranceCheckbox' is clicked on

2017-12-04 16:01:52 - [TEST_STEP][PASSED] - scrollToElement: Scroll to object 'Object Repository/PrimoTours/Old Objects/Coco (1)/PrimoT/SaveBooking2/Success/firstProdCategIndividualSelectionRadioB' successfully

2017-12-04 16:01:52 - [MESSAGE][PASSED] - Scroll to object 'Object Repository/PrimoTours/Old Objects/Coco (1)/PrimoT/SaveBooking2/Success/firstProdCategIndividualSelectionRadioB' successfully

2017-12-04 16:01:52 - [TEST_STEP][PASSED] - waitForElementClickable: Object 'Object Repository/PrimoTours/Old Objects/Coco (1)/PrimoT/SaveBooking2/Success/firstProdCategIndividualSelectionRadioB' is clickable

2017-12-04 16:01:53 - [MESSAGE][PASSED] - Object 'Object Repository/PrimoTours/Old Objects/Coco (1)/PrimoT/SaveBooking2/Success/firstProdCategIndividualSelectionRadioB' is clickable

2017-12-04 16:01:53 - [TEST_STEP][PASSED] - scrollToElement: Scroll to object 'Object Repository/PrimoTours/Old Objects/Coco (1)/PrimoT/SaveBooking2/Success/firstProdCategIndividualSelectionRadioB' successfully

2017-12-04 16:01:53 - [MESSAGE][PASSED] - Scroll to object 'Object Repository/PrimoTours/Old Objects/Coco (1)/PrimoT/SaveBooking2/Success/firstProdCategIndividualSelectionRadioB' successfully

2017-12-04 16:01:53 - [TEST_STEP][PASSED] - click: Object: 'Object Repository/PrimoTours/Old Objects/Coco (1)/PrimoT/SaveBooking2/Success/firstProdCategIndividualSelectionRadioB' is clicked on

2017-12-04 16:01:53 - [MESSAGE][PASSED] - Object: 'Object Repository/PrimoTours/Old Objects/Coco (1)/PrimoT/SaveBooking2/Success/firstProdCategIndividualSelectionRadioB' is clicked on

2017-12-04 16:01:53 - [TEST_STEP][PASSED] - scrollToElement: Scroll to object 'Object Repository/PrimoTours/Old Objects/Coco (1)/PrimoT/SaveBooking2/Success/firstProdCategSelectForAllPaxCheckbox' successfully

2017-12-04 16:01:53 - [MESSAGE][PASSED] - Scroll to object 'Object Repository/PrimoTours/Old Objects/Coco (1)/PrimoT/SaveBooking2/Success/firstProdCategSelectForAllPaxCheckbox' successfully

2017-12-04 16:01:53 - [TEST_STEP][PASSED] - waitForElementClickable: Object 'Object Repository/PrimoTours/Old Objects/Coco (1)/PrimoT/SaveBooking2/Success/firstProdCategSelectForAllPaxCheckbox' is clickable

2017-12-04 16:01:53 - [MESSAGE][PASSED] - Object 'Object Repository/PrimoTours/Old Objects/Coco (1)/PrimoT/SaveBooking2/Success/firstProdCategSelectForAllPaxCheckbox' is clickable

2017-12-04 16:01:53 - [TEST_STEP][PASSED] - click: Object: 'Object Repository/PrimoTours/Old Objects/Coco (1)/PrimoT/SaveBooking2/Success/firstProdCategSelectForAllPaxCheckbox' is clicked on

2017-12-04 16:01:53 - [MESSAGE][PASSED] - Object: 'Object Repository/PrimoTours/Old Objects/Coco (1)/PrimoT/SaveBooking2/Success/firstProdCategSelectForAllPaxCheckbox' is clicked on

2017-12-04 16:01:53 - [TEST_STEP][NOT_RUN] - scrollToElement: NOT_RUN: scrollToElement

2017-12-04 16:01:53 - [MESSAGE][NOT_RUN] - NOT_RUN: scrollToElement

2017-12-04 16:01:53 - [TEST_STEP][NOT_RUN] - scrollToElement: NOT_RUN: scrollToElement

2017-12-04 16:01:53 - [MESSAGE][NOT_RUN] - NOT_RUN: scrollToElement

2017-12-04 16:01:53 - [TEST_STEP][NOT_RUN] - click: NOT_RUN: click

2017-12-04 16:01:53 - [MESSAGE][NOT_RUN] - NOT_RUN: click

2017-12-04 16:01:53 - [TEST_STEP][PASSED] - scrollToElement: Scroll to object 'Object Repository/PrimoTours/ConfirmationPage/labelForAgreeTermsAndConditions' successfully

2017-12-04 16:01:53 - [MESSAGE][PASSED] - Scroll to object 'Object Repository/PrimoTours/ConfirmationPage/labelForAgreeTermsAndConditions' successfully

2017-12-04 16:01:53 - [TEST_STEP][PASSED] - waitForElementClickable: Object 'Object Repository/PrimoTours/ConfirmationPage/labelForAgreeTermsAndConditions' is clickable

2017-12-04 16:01:53 - [MESSAGE][PASSED] - Object 'Object Repository/PrimoTours/ConfirmationPage/labelForAgreeTermsAndConditions' is clickable

2017-12-04 16:01:53 - [TEST_STEP][PASSED] - click: Object: 'Object Repository/PrimoTours/ConfirmationPage/labelForAgreeTermsAndConditions' is clicked on

2017-12-04 16:01:54 - [MESSAGE][PASSED] - Object: 'Object Repository/PrimoTours/ConfirmationPage/labelForAgreeTermsAndConditions' is clicked on

2017-12-04 16:01:54 - [TEST_STEP][PASSED] - scrollToElement: Scroll to object 'Object Repository/PrimoTours/ConfirmationPage/placeBookingButton' successfully

2017-12-04 16:01:54 - [MESSAGE][PASSED] - Scroll to object 'Object Repository/PrimoTours/ConfirmationPage/placeBookingButton' successfully

2017-12-04 16:01:54 - [TEST_STEP][PASSED] - delay: Delayed 1 second(s)

2017-12-04 16:01:55 - [MESSAGE][PASSED] - Delayed 1 second(s)

2017-12-04 16:01:55 - [TEST_STEP][PASSED] - waitForElementClickable: Object 'Object Repository/PrimoTours/ConfirmationPage/placeBookingButton' is clickable

2017-12-04 16:01:55 - [MESSAGE][PASSED] - Object 'Object Repository/PrimoTours/ConfirmationPage/placeBookingButton' is clickable

2017-12-04 16:01:55 - [TEST_STEP][PASSED] - Statement - Try: Object: 'Object Repository/PrimoTours/ConfirmationPage/placeBookingButton' is clicked on

2017-12-04 16:01:55 - [TEST_STEP][PASSED] - click: Object: 'Object Repository/PrimoTours/ConfirmationPage/placeBookingButton' is clicked on

2017-12-04 16:01:55 - [MESSAGE][PASSED] - Object: 'Object Repository/PrimoTours/ConfirmationPage/placeBookingButton' is clicked on

2017-12-04 16:01:55 - [TEST_STEP][PASSED] - delay: Delayed 3 second(s)

2017-12-04 16:01:58 - [MESSAGE][PASSED] - Delayed 3 second(s)

2017-12-04 16:01:58 - [TEST_STEP][PASSED] - waitForPageLoad: Wait for page load successfully

2017-12-04 16:01:58 - [MESSAGE][PASSED] - Wait for page load successfully

2017-12-04 16:01:58 - [TEST_STEP][PASSED] - delay: Delayed 3 second(s)

2017-12-04 16:02:01 - [MESSAGE][PASSED] - Delayed 3 second(s)

2017-12-04 16:02:01 - [TEST_STEP][PASSED] - waitForElementPresent: Object 'Object Repository/PrimoTours/Old Objects/ThankYouPage/bookingNoContainer' is present

2017-12-04 16:02:04 - [MESSAGE][PASSED] - Object 'Object Repository/PrimoTours/Old Objects/ThankYouPage/bookingNoContainer' is present

2017-12-04 16:02:04 - [TEST_STEP][PASSED] - waitForJQueryLoad: jQuery is ready.

2017-12-04 16:02:05 - [MESSAGE][PASSED] - jQuery is ready.

2017-12-04 16:02:05 - [TEST_STEP][PASSED] - waitForElementPresent: Object 'Object Repository/PrimoTours/Old Objects/CCenter/pageLoaderOverlayLayer' is present

2017-12-04 16:02:05 - [MESSAGE][PASSED] - Object 'Object Repository/PrimoTours/Old Objects/CCenter/pageLoaderOverlayLayer' is present

2017-12-04 16:02:05 - [TEST_STEP][PASSED] - waitForElementPresent: Object 'Object Repository/PrimoTours/Old Objects/CCenter/pageLoaderOverlayLayer' is present

2017-12-04 16:02:05 - [MESSAGE][PASSED] - Object 'Object Repository/PrimoTours/Old Objects/CCenter/pageLoaderOverlayLayer' is present

2017-12-04 16:02:05 - [TEST_STEP][PASSED] - waitForElementNotVisible: Object 'Object Repository/PrimoTours/Old Objects/CCenter/pageLoaderOverlayLayer' is NOT visible

2017-12-04 16:02:06 - [MESSAGE][PASSED] - Object 'Object Repository/PrimoTours/Old Objects/CCenter/pageLoaderOverlayLayer' is NOT visible

2017-12-04 16:02:06 - [TEST_STEP][PASSED] - waitForElementPresent: Object 'Object Repository/PrimoTours/Old Objects/ThankYouPage/bookingNoContainer' is present

2017-12-04 16:02:06 - [MESSAGE][PASSED] - Object 'Object Repository/PrimoTours/Old Objects/ThankYouPage/bookingNoContainer' is present

2017-12-04 16:02:06 - [TEST_STEP][PASSED] - waitForElementClickable: Object 'Object Repository/PrimoTours/Old Objects/ThankYouPage/bookingNoContainer' is clickable

2017-12-04 16:02:06 - [MESSAGE][PASSED] - Object 'Object Repository/PrimoTours/Old Objects/ThankYouPage/bookingNoContainer' is clickable

2017-12-04 16:02:06 - [TEST_STEP][PASSED] - verifyElementVisible: Object 'Object Repository/PrimoTours/Old Objects/ThankYouPage/bookingNoContainer' is visible

2017-12-04 16:02:06 - [MESSAGE][PASSED] - Object 'Object Repository/PrimoTours/Old Objects/ThankYouPage/bookingNoContainer' is visible

2017-12-04 16:02:06 - [TEST_STEP][PASSED] - verifyElementVisible: Object 'Object Repository/PrimoTours/Old Objects/ThankYouPage/bookingTotalInfo' is visible

2017-12-04 16:02:06 - [MESSAGE][PASSED] - Object 'Object Repository/PrimoTours/Old Objects/ThankYouPage/bookingTotalInfo' is visible

2017-12-04 16:02:06 - [TEST_STEP][PASSED] - verifyElementVisible: Object 'Object Repository/PrimoTours/Old Objects/ThankYouPage/bookingTotalPriceBar' is visible

2017-12-04 16:02:06 - [MESSAGE][PASSED] - Object 'Object Repository/PrimoTours/Old Objects/ThankYouPage/bookingTotalPriceBar' is visible

2017-12-04 16:02:06 - [TEST_STEP][PASSED] - verifyElementVisible: Object 'Object Repository/PrimoTours/Old Objects/ThankYouPage/printTicketSpan' is visible

2017-12-04 16:02:06 - [MESSAGE][PASSED] - Object 'Object Repository/PrimoTours/Old Objects/ThankYouPage/printTicketSpan' is visible

2017-12-04 16:02:06 - [TEST_STEP][PASSED] - waitForElementClickable: Object 'Object Repository/PrimoTours/Old Objects/ThankYouPage/printTicketSpan' is clickable

2017-12-04 16:02:06 - [MESSAGE][PASSED] - Object 'Object Repository/PrimoTours/Old Objects/ThankYouPage/printTicketSpan' is clickable

2017-12-04 16:02:06 - [TEST_STEP][PASSED] - waitForElementNotVisible: Object 'Object Repository/PrimoTours/Old Objects/CCenter/pageLoaderOverlayLayer' is NOT visible

2017-12-04 16:02:06 - [MESSAGE][PASSED] - Object 'Object Repository/PrimoTours/Old Objects/CCenter/pageLoaderOverlayLayer' is NOT visible

2017-12-04 16:02:06 - [TEST_STEP][PASSED] - Statement - Try: Object: 'Object Repository/PrimoTours/Old Objects/ThankYouPage/printTicketSpan' is clicked on

2017-12-04 16:02:06 - [TEST_STEP][PASSED] - click: Object: 'Object Repository/PrimoTours/Old Objects/ThankYouPage/printTicketSpan' is clicked on

2017-12-04 16:02:12 - [MESSAGE][PASSED] - Object: 'Object Repository/PrimoTours/Old Objects/ThankYouPage/printTicketSpan' is clicked on

2017-12-04 16:02:12 - [TEST_STEP][PASSED] - delay: Delayed 2 second(s)

2017-12-04 16:02:14 - [MESSAGE][PASSED] - Delayed 2 second(s)

2017-12-04 16:02:14 - [TEST_STEP][PASSED] - waitForElementVisible: Object 'Object Repository/PrimoTours/Old Objects/ThankYouPage/cCenterButton' is visible

2017-12-04 16:02:14 - [MESSAGE][PASSED] - Object 'Object Repository/PrimoTours/Old Objects/ThankYouPage/cCenterButton' is visible

2017-12-04 16:02:14 - [TEST_STEP][PASSED] - waitForElementClickable: Object 'Object Repository/PrimoTours/Old Objects/ThankYouPage/cCenterButton' is clickable

2017-12-04 16:02:14 - [MESSAGE][PASSED] - Object 'Object Repository/PrimoTours/Old Objects/ThankYouPage/cCenterButton' is clickable

2017-12-04 16:02:14 - [TEST_STEP][PASSED] - click: Object: 'Object Repository/PrimoTours/Old Objects/ThankYouPage/cCenterButton' is clicked on

2017-12-04 16:02:14 - [MESSAGE][PASSED] - Object: 'Object Repository/PrimoTours/Old Objects/ThankYouPage/cCenterButton' is clicked on

2017-12-04 16:02:14 - [TEST_STEP][PASSED] - waitForPageLoad: Wait for page load successfully

2017-12-04 16:02:14 - [MESSAGE][PASSED] - Wait for page load successfully

2017-12-04 16:02:14 - [TEST_STEP][PASSED] - waitForJQueryLoad: jQuery is ready.

2017-12-04 16:02:14 - [MESSAGE][PASSED] - jQuery is ready.

2017-12-04 16:02:14 - [TEST_STEP][PASSED] - waitForElementPresent: Object 'Object Repository/PrimoTours/Old Objects/CCenter/pageLoaderOverlayLayer' is present

2017-12-04 16:02:14 - [MESSAGE][PASSED] - Object 'Object Repository/PrimoTours/Old Objects/CCenter/pageLoaderOverlayLayer' is present

2017-12-04 16:02:14 - [TEST_STEP][PASSED] - waitForElementNotVisible: Object 'Object Repository/PrimoTours/Old Objects/CCenter/pageLoaderOverlayLayer' is NOT visible

2017-12-04 16:02:14 - [MESSAGE][PASSED] - Object 'Object Repository/PrimoTours/Old Objects/CCenter/pageLoaderOverlayLayer' is NOT visible

2017-12-04 16:02:14 - [TEST_STEP][PASSED] - verifyElementVisible: Object 'Object Repository/PrimoTours/Old Objects/ThankYouPage/bookingNoContainer' is visible

2017-12-04 16:02:14 - [MESSAGE][PASSED] - Object 'Object Repository/PrimoTours/Old Objects/ThankYouPage/bookingNoContainer' is visible

2017-12-04 16:02:14 - [TEST_STEP][PASSED] - verifyElementVisible: Object 'Object Repository/PrimoTours/Old Objects/ThankYouPage/bookingTotalPriceBar' is visible

2017-12-04 16:02:14 - [MESSAGE][PASSED] - Object 'Object Repository/PrimoTours/Old Objects/ThankYouPage/bookingTotalPriceBar' is visible

2017-12-04 16:02:14 - [TEST_STEP][PASSED] - delay: Delayed 1 second(s)

2017-12-04 16:02:15 - [MESSAGE][PASSED] - Delayed 1 second(s)]]></system-out>
         <system-err><![CDATA[]]></system-err>
      </testcase>
      <testcase name="Test Cases/PrimoTours/WB Primo/WB Primo staging - place booking - Iteration 8" classname="Test Cases/PrimoTours/WB Primo/WB Primo staging - place booking" status="PASSED">
         <system-out><![CDATA[2017-12-04 16:02:15 - [TEST_CASE][PASSED] - Test Cases/PrimoTours/WB Primo/WB Primo staging - place booking - Iteration 8: Test Cases/PrimoTours/WB Primo/WB Primo staging - place booking

2017-12-04 16:02:15 - [TEST_STEP][PASSED] - openBrowser: Browser is opened with url: ''

2017-12-04 16:02:15 - [MESSAGE][WARNING] - A browser is already opened. Closing browser and opening a new one

2017-12-04 16:02:18 - [MESSAGE][PASSED] - Browser is opened with url: ''

2017-12-04 16:02:18 - [TEST_STEP][PASSED] - maximizeWindow: Current window maximized

2017-12-04 16:02:19 - [MESSAGE][PASSED] - Current window maximized

2017-12-04 16:02:19 - [TEST_STEP][PASSED] - navigateToUrl: Navigate to 'https://staging-primotours-webbooking.tourpaq.com/DoBooking.aspx?pltaID=1480269&p=1&rno=3&pt=1&a=8&c=3&aa=&ca=0,1,6' successfully

2017-12-04 16:02:22 - [MESSAGE][PASSED] - Navigate to 'https://staging-primotours-webbooking.tourpaq.com/DoBooking.aspx?pltaID=1480269&p=1&rno=3&pt=1&a=8&c=3&aa=&ca=0,1,6' successfully

2017-12-04 16:02:22 - [TEST_STEP][PASSED] - Statement - excelInfo = ["fname":"", "lname":"", "pgender":"", "pday":"", "pmonth":"", "pyear":""]: null

2017-12-04 16:02:22 - [TEST_STEP][PASSED] - Statement - rawData = com.kms.katalon.core.testdata.TestDataFactory.findTestData("Data Files/WB_Primo/Passenger_details"): Reading excel file with source file 'D:\Software testing\Tourpaq\Automated Katalon tests\Primo WB test\Data Files\Primo_URLs_For_Automated_Test.xls' and sheet name 'Passenger Names'

2017-12-04 16:02:22 - [TEST_STEP][PASSED] - Statement - excelRowNo = rawData.getRowNumbers(): null

2017-12-04 16:02:22 - [TEST_STEP][PASSED] - Statement - randomPaxIndex = java.lang.Math.abs(new java.util.Random().nextInt() % excelRowNo) + 1: null

2017-12-04 16:02:22 - [TEST_STEP][PASSED] - Statement - fname = rawData.getValue("FirstName", randomPaxIndex): null

2017-12-04 16:02:22 - [TEST_STEP][PASSED] - Statement - lname = rawData.getValue("LastName", randomPaxIndex): null

2017-12-04 16:02:22 - [TEST_STEP][PASSED] - Statement - pgender = rawData.getValue("Gender", randomPaxIndex): null

2017-12-04 16:02:22 - [TEST_STEP][PASSED] - setText: Text 'Mortensen AUT' is set on object 'Object Repository/PrimoTours/Old Objects/Coco/PrimoT/Page_Primo Tours  Danmarks bedste c/input_firstName'

2017-12-04 16:02:22 - [MESSAGE][PASSED] - Text 'Mortensen AUT' is set on object 'Object Repository/PrimoTours/Old Objects/Coco/PrimoT/Page_Primo Tours  Danmarks bedste c/input_firstName'

2017-12-04 16:02:22 - [TEST_STEP][PASSED] - setText: Text 'Nelli Emilie' is set on object 'Object Repository/PrimoTours/Old Objects/Coco/PrimoT/Page_Primo Tours  Danmarks bedste c/input_lastName'

2017-12-04 16:02:23 - [MESSAGE][PASSED] - Text 'Nelli Emilie' is set on object 'Object Repository/PrimoTours/Old Objects/Coco/PrimoT/Page_Primo Tours  Danmarks bedste c/input_lastName'

2017-12-04 16:02:23 - [TEST_STEP][PASSED] - click: Object: 'Object Repository/PrimoTours/LandingPage/customerGender' is clicked on

2017-12-04 16:02:23 - [MESSAGE][PASSED] - Object: 'Object Repository/PrimoTours/LandingPage/customerGender' is clicked on

2017-12-04 16:02:23 - [TEST_STEP][PASSED] - setText: Text 'Home address' is set on object 'Object Repository/PrimoTours/Old Objects/Coco/PrimoT/Page_Primo Tours  Danmarks bedste c/input_customerAddress'

2017-12-04 16:02:23 - [MESSAGE][PASSED] - Text 'Home address' is set on object 'Object Repository/PrimoTours/Old Objects/Coco/PrimoT/Page_Primo Tours  Danmarks bedste c/input_customerAddress'

2017-12-04 16:02:23 - [TEST_STEP][PASSED] - setText: Text '6700' is set on object 'Object Repository/PrimoTours/Old Objects/Coco/PrimoT/Page_Primo Tours  Danmarks bedste c/input_customerPostcode'

2017-12-04 16:02:24 - [MESSAGE][PASSED] - Text '6700' is set on object 'Object Repository/PrimoTours/Old Objects/Coco/PrimoT/Page_Primo Tours  Danmarks bedste c/input_customerPostcode'

2017-12-04 16:02:24 - [TEST_STEP][PASSED] - setText: Text 'cornel.neacsu@roweb.ro' is set on object 'Object Repository/PrimoTours/Old Objects/Coco/PrimoT/Page_Primo Tours  Danmarks bedste c/input_customerEmail'

2017-12-04 16:02:24 - [MESSAGE][PASSED] - Text 'cornel.neacsu@roweb.ro' is set on object 'Object Repository/PrimoTours/Old Objects/Coco/PrimoT/Page_Primo Tours  Danmarks bedste c/input_customerEmail'

2017-12-04 16:02:24 - [TEST_STEP][PASSED] - setText: Text '12345678' is set on object 'Object Repository/PrimoTours/Old Objects/Coco/PrimoT/Page_Primo Tours  Danmarks bedste c/input_customerPhone'

2017-12-04 16:02:24 - [MESSAGE][PASSED] - Text '12345678' is set on object 'Object Repository/PrimoTours/Old Objects/Coco/PrimoT/Page_Primo Tours  Danmarks bedste c/input_customerPhone'

2017-12-04 16:02:24 - [TEST_STEP][PASSED] - waitForElementClickable: Object 'Object Repository/PrimoTours/Old Objects/Coco/PrimoT/Page_Primo Tours  Danmarks bedste c/input_firstname-0_1' is clickable

2017-12-04 16:02:25 - [MESSAGE][PASSED] - Object 'Object Repository/PrimoTours/Old Objects/Coco/PrimoT/Page_Primo Tours  Danmarks bedste c/input_firstname-0_1' is clickable

2017-12-04 16:02:25 - [TEST_STEP][PASSED] - Statement - driver = com.kms.katalon.core.webui.driver.DriverFactory.getWebDriver(): null

2017-12-04 16:02:25 - [TEST_STEP][PASSED] - Statement - roomContainerXpath = "id("roomAndStaticOptionsContainer")/div[@class="row"]/div[@class="col-md-12 roomContainer"]": null

2017-12-04 16:02:25 - [TEST_STEP][PASSED] - Statement - roomsCount = driver.findElements(org.openqa.selenium.By.xpath(roomContainerXpath)).size(): null

2017-12-04 16:02:25 - [TEST_STEP][PASSED] - Statement - println("roomsCount=" + roomsCount): null

2017-12-04 16:02:25 - [TEST_STEP][PASSED] - Statement - For ([i = 1, i <= roomsCount, (i++)]): Object: 'Object Repository/PrimoTours/LandingPage/secondPaxFirstNameField' is clicked on

2017-12-04 16:02:25 - [TEST_STEP][PASSED] - Statement - paxInRoomXpath = "id("passengersContainer_" + i - 1 + "")/div[@class="col-md-12"]/div[@class="row"]": null

2017-12-04 16:02:25 - [TEST_STEP][PASSED] - Statement - println("paxInRoomXpath=" + paxInRoomXpath): null

2017-12-04 16:02:25 - [TEST_STEP][PASSED] - Statement - paxInRoomCount = driver.findElements(org.openqa.selenium.By.xpath(paxInRoomXpath)).size(): null

2017-12-04 16:02:25 - [TEST_STEP][PASSED] - Statement - println("paxInRoomCount=" + paxInRoomCount): null

2017-12-04 16:02:25 - [TEST_STEP][PASSED] - Statement - For ([j = 1, j <= paxInRoomCount, (j++)]): Unable to click on object 'Object Repository/PrimoTours/LandingPage/secondPaxFirstNameField' (Root cause: org.openqa.selenium.WebDriverException: unknown error: Element <span class="select2-selection select2-selection--single" role="combobox" aria-haspopup="true" aria-expanded="false" tabindex="0" aria-labelledby="select2-gender-0_4-r4-container">...</span> is not clickable at point (1168, 857). Other element would receive the click: <li class="select2-results__option" id="select2-gender-0_3-83-result-9zj3-MS" role="treeitem" aria-selected="false">...</li>
  (Session info: chrome=62.0.3202.94)
  (Driver info: chromedriver=2.33.506120 (e3e53437346286c0bc2d2dc9aa4915ba81d9023f),platform=Windows NT 6.3.9600 x86_64) (WARNING: The server did not provide any stacktrace information)
Command duration or timeout: 0 milliseconds
Build info: version: '3.7.1', revision: '8a0099a', time: '2017-11-06T21:07:36.161Z'
System info: host: 'NEACSUNEW-PC', ip: '10.10.10.211', os.name: 'Windows 8.1', os.arch: 'amd64', os.version: '6.3', java.version: '1.8.0_102'
Driver info: com.kms.katalon.selenium.driver.CChromeDriver
Capabilities {acceptSslCerts: true, applicationCacheEnabled: false, browserConnectionEnabled: false, browserName: chrome, chrome: {chromedriverVersion: 2.33.506120 (e3e53437346286..., userDataDir: C:\Users\Cornel\AppData\Loc...}, cssSelectorsEnabled: true, databaseEnabled: false, handlesAlerts: true, hasTouchScreen: false, javascriptEnabled: true, locationContextEnabled: true, mobileEmulationEnabled: false, nativeEvents: true, networkConnectionEnabled: false, pageLoadStrategy: normal, platform: XP, platformName: XP, rotatable: false, setWindowRect: true, takesHeapSnapshot: true, takesScreenshot: true, unexpectedAlertBehaviour: , unhandledPromptBehavior: , version: 62.0.3202.94, webStorageEnabled: true}
Session ID: 1fec4de96296dcfc0476f06d79c0a4ed)

2017-12-04 16:02:25 - [TEST_STEP][PASSED] - Statement - If (i == 1 & j == 1): null

2017-12-04 16:02:25 - [TEST_STEP][PASSED] - Statement - <not implemented yet for class: org.codehaus.groovy.ast.stmt.ContinueStatement>: null

2017-12-04 16:02:25 - [TEST_STEP][PASSED] - Statement - If (i == 1 & j == 1): null

2017-12-04 16:02:25 - [TEST_STEP][PASSED] - Statement - randomPaxIndex = java.lang.Math.abs(new java.util.Random().nextInt() % excelRowNo) + 1: null

2017-12-04 16:02:25 - [TEST_STEP][PASSED] - Statement - fname = rawData.getValue("FirstName", randomPaxIndex) + " AUT": null

2017-12-04 16:02:25 - [TEST_STEP][PASSED] - Statement - lname = rawData.getValue("LastName", randomPaxIndex): null

2017-12-04 16:02:25 - [TEST_STEP][PASSED] - Statement - pgender = rawData.getValue("Gender", randomPaxIndex): null

2017-12-04 16:02:25 - [TEST_STEP][PASSED] - Statement - pday = rawData.getValue("Day DOB", randomPaxIndex): null

2017-12-04 16:02:25 - [TEST_STEP][PASSED] - Statement - pmonth = rawData.getValue("Month DOB", randomPaxIndex): null

2017-12-04 16:02:25 - [TEST_STEP][PASSED] - Statement - pyear = rawData.getValue("Year DOB", randomPaxIndex): null

2017-12-04 16:02:25 - [TEST_STEP][PASSED] - Statement - paxDetailFields = paxInRoomXpath + "[" + j + "]/div[@class="col-md-x col-md-9"]/div[@class="row paxContainer"][1]/div[contains(@class,"paxAttribute")]": null

2017-12-04 16:02:25 - [TEST_STEP][PASSED] - Statement - xpathval = paxDetailFields + "[1]/div[contains(@class,"form-group")]/input[contains(@class,"paxFirstName")]": null

2017-12-04 16:02:25 - [TEST_STEP][PASSED] - Statement - println("fn: " + xpathval): null

2017-12-04 16:02:25 - [TEST_STEP][PASSED] - Statement - repObj = com.kms.katalon.core.testobject.ObjectRepository.findTestObject(Object Repository/PrimoTours/LandingPage/secondPaxFirstNameField): Finding Test Object with id 'Object Repository/PrimoTours/LandingPage/secondPaxFirstNameField'

2017-12-04 16:02:25 - [TEST_STEP][PASSED] - Statement - repObj.findProperty("xpath").setValue(xpathval): null

2017-12-04 16:02:25 - [TEST_STEP][PASSED] - setText: Text 'Kanstrup AUT' is set on object 'Object Repository/PrimoTours/LandingPage/secondPaxFirstNameField'

2017-12-04 16:02:26 - [MESSAGE][PASSED] - Text 'Kanstrup AUT' is set on object 'Object Repository/PrimoTours/LandingPage/secondPaxFirstNameField'

2017-12-04 16:02:26 - [TEST_STEP][PASSED] - Statement - xpathval = paxDetailFields + "[2]/div[contains(@class,"form-group")]/input[contains(@class,"paxLastName")]": null

2017-12-04 16:02:26 - [TEST_STEP][PASSED] - Statement - println("ln: " + xpathval): null

2017-12-04 16:02:26 - [TEST_STEP][PASSED] - Statement - repObj = com.kms.katalon.core.testobject.ObjectRepository.findTestObject(Object Repository/PrimoTours/LandingPage/secondPaxFirstNameField): Finding Test Object with id 'Object Repository/PrimoTours/LandingPage/secondPaxFirstNameField'

2017-12-04 16:02:26 - [TEST_STEP][PASSED] - Statement - repObj.findProperty("xpath").setValue(xpathval): null

2017-12-04 16:02:26 - [TEST_STEP][PASSED] - setText: Text 'Andreas' is set on object 'Object Repository/PrimoTours/LandingPage/secondPaxFirstNameField'

2017-12-04 16:02:26 - [MESSAGE][PASSED] - Text 'Andreas' is set on object 'Object Repository/PrimoTours/LandingPage/secondPaxFirstNameField'

2017-12-04 16:02:26 - [TEST_STEP][PASSED] - Statement - repObj = com.kms.katalon.core.testobject.ObjectRepository.findTestObject(Object Repository/PrimoTours/LandingPage/secondPaxFirstNameField): Finding Test Object with id 'Object Repository/PrimoTours/LandingPage/secondPaxFirstNameField'

2017-12-04 16:02:26 - [TEST_STEP][PASSED] - Statement - xpathval = paxDetailFields + "[3]/div[contains(@class,"paxGenderSelectorContainer")]/span[contains(@class,"select2 select2-container")]/span[contains(@class,"selection")]/span[contains(@class,"select2-selection")]": null

2017-12-04 16:02:26 - [TEST_STEP][PASSED] - Statement - println("gender: " + xpathval): null

2017-12-04 16:02:26 - [TEST_STEP][PASSED] - Statement - repObj.findProperty("xpath").setValue(xpathval): null

2017-12-04 16:02:26 - [TEST_STEP][PASSED] - click: Object: 'Object Repository/PrimoTours/LandingPage/secondPaxFirstNameField' is clicked on

2017-12-04 16:02:26 - [MESSAGE][PASSED] - Object: 'Object Repository/PrimoTours/LandingPage/secondPaxFirstNameField' is clicked on

2017-12-04 16:02:26 - [TEST_STEP][PASSED] - Statement - If (i == 1 & j == 1): null

2017-12-04 16:02:26 - [TEST_STEP][PASSED] - Statement - randomPaxIndex = java.lang.Math.abs(new java.util.Random().nextInt() % excelRowNo) + 1: null

2017-12-04 16:02:26 - [TEST_STEP][PASSED] - Statement - fname = rawData.getValue("FirstName", randomPaxIndex) + " AUT": null

2017-12-04 16:02:26 - [TEST_STEP][PASSED] - Statement - lname = rawData.getValue("LastName", randomPaxIndex): null

2017-12-04 16:02:26 - [TEST_STEP][PASSED] - Statement - pgender = rawData.getValue("Gender", randomPaxIndex): null

2017-12-04 16:02:26 - [TEST_STEP][PASSED] - Statement - pday = rawData.getValue("Day DOB", randomPaxIndex): null

2017-12-04 16:02:26 - [TEST_STEP][PASSED] - Statement - pmonth = rawData.getValue("Month DOB", randomPaxIndex): null

2017-12-04 16:02:26 - [TEST_STEP][PASSED] - Statement - pyear = rawData.getValue("Year DOB", randomPaxIndex): null

2017-12-04 16:02:26 - [TEST_STEP][PASSED] - Statement - paxDetailFields = paxInRoomXpath + "[" + j + "]/div[@class="col-md-x col-md-9"]/div[@class="row paxContainer"][1]/div[contains(@class,"paxAttribute")]": null

2017-12-04 16:02:26 - [TEST_STEP][PASSED] - Statement - xpathval = paxDetailFields + "[1]/div[contains(@class,"form-group")]/input[contains(@class,"paxFirstName")]": null

2017-12-04 16:02:26 - [TEST_STEP][PASSED] - Statement - println("fn: " + xpathval): null

2017-12-04 16:02:26 - [TEST_STEP][PASSED] - Statement - repObj = com.kms.katalon.core.testobject.ObjectRepository.findTestObject(Object Repository/PrimoTours/LandingPage/secondPaxFirstNameField): Finding Test Object with id 'Object Repository/PrimoTours/LandingPage/secondPaxFirstNameField'

2017-12-04 16:02:26 - [TEST_STEP][PASSED] - Statement - repObj.findProperty("xpath").setValue(xpathval): null

2017-12-04 16:02:26 - [TEST_STEP][PASSED] - setText: Text 'Christensen AUT' is set on object 'Object Repository/PrimoTours/LandingPage/secondPaxFirstNameField'

2017-12-04 16:02:27 - [MESSAGE][PASSED] - Text 'Christensen AUT' is set on object 'Object Repository/PrimoTours/LandingPage/secondPaxFirstNameField'

2017-12-04 16:02:27 - [TEST_STEP][PASSED] - Statement - xpathval = paxDetailFields + "[2]/div[contains(@class,"form-group")]/input[contains(@class,"paxLastName")]": null

2017-12-04 16:02:27 - [TEST_STEP][PASSED] - Statement - println("ln: " + xpathval): null

2017-12-04 16:02:27 - [TEST_STEP][PASSED] - Statement - repObj = com.kms.katalon.core.testobject.ObjectRepository.findTestObject(Object Repository/PrimoTours/LandingPage/secondPaxFirstNameField): Finding Test Object with id 'Object Repository/PrimoTours/LandingPage/secondPaxFirstNameField'

2017-12-04 16:02:27 - [TEST_STEP][PASSED] - Statement - repObj.findProperty("xpath").setValue(xpathval): null

2017-12-04 16:02:27 - [TEST_STEP][PASSED] - setText: Text 'Jesper' is set on object 'Object Repository/PrimoTours/LandingPage/secondPaxFirstNameField'

2017-12-04 16:02:27 - [MESSAGE][PASSED] - Text 'Jesper' is set on object 'Object Repository/PrimoTours/LandingPage/secondPaxFirstNameField'

2017-12-04 16:02:27 - [TEST_STEP][PASSED] - Statement - repObj = com.kms.katalon.core.testobject.ObjectRepository.findTestObject(Object Repository/PrimoTours/LandingPage/secondPaxFirstNameField): Finding Test Object with id 'Object Repository/PrimoTours/LandingPage/secondPaxFirstNameField'

2017-12-04 16:02:27 - [TEST_STEP][PASSED] - Statement - xpathval = paxDetailFields + "[3]/div[contains(@class,"paxGenderSelectorContainer")]/span[contains(@class,"select2 select2-container")]/span[contains(@class,"selection")]/span[contains(@class,"select2-selection")]": null

2017-12-04 16:02:27 - [TEST_STEP][PASSED] - Statement - println("gender: " + xpathval): null

2017-12-04 16:02:27 - [TEST_STEP][PASSED] - Statement - repObj.findProperty("xpath").setValue(xpathval): null

2017-12-04 16:02:27 - [TEST_STEP][PASSED] - click: Unable to click on object 'Object Repository/PrimoTours/LandingPage/secondPaxFirstNameField' (Root cause: org.openqa.selenium.WebDriverException: unknown error: Element <span class="select2-selection select2-selection--single" role="combobox" aria-haspopup="true" aria-expanded="false" tabindex="0" aria-labelledby="select2-gender-0_2-pu-container">...</span> is not clickable at point (1168, 747). Other element would receive the click: <li class="select2-results__option" id="select2-gender-0_1-js-result-q7jg-MS" role="treeitem" aria-selected="false">...</li>
  (Session info: chrome=62.0.3202.94)
  (Driver info: chromedriver=2.33.506120 (e3e53437346286c0bc2d2dc9aa4915ba81d9023f),platform=Windows NT 6.3.9600 x86_64) (WARNING: The server did not provide any stacktrace information)
Command duration or timeout: 0 milliseconds
Build info: version: '3.7.1', revision: '8a0099a', time: '2017-11-06T21:07:36.161Z'
System info: host: 'NEACSUNEW-PC', ip: '10.10.10.211', os.name: 'Windows 8.1', os.arch: 'amd64', os.version: '6.3', java.version: '1.8.0_102'
Driver info: com.kms.katalon.selenium.driver.CChromeDriver
Capabilities {acceptSslCerts: true, applicationCacheEnabled: false, browserConnectionEnabled: false, browserName: chrome, chrome: {chromedriverVersion: 2.33.506120 (e3e53437346286..., userDataDir: C:\Users\Cornel\AppData\Loc...}, cssSelectorsEnabled: true, databaseEnabled: false, handlesAlerts: true, hasTouchScreen: false, javascriptEnabled: true, locationContextEnabled: true, mobileEmulationEnabled: false, nativeEvents: true, networkConnectionEnabled: false, pageLoadStrategy: normal, platform: XP, platformName: XP, rotatable: false, setWindowRect: true, takesHeapSnapshot: true, takesScreenshot: true, unexpectedAlertBehaviour: , unhandledPromptBehavior: , version: 62.0.3202.94, webStorageEnabled: true}
Session ID: 1fec4de96296dcfc0476f06d79c0a4ed)

2017-12-04 16:02:27 - [MESSAGE][WARNING] - Unable to click on object 'Object Repository/PrimoTours/LandingPage/secondPaxFirstNameField' (Root cause: org.openqa.selenium.WebDriverException: unknown error: Element <span class="select2-selection select2-selection--single" role="combobox" aria-haspopup="true" aria-expanded="false" tabindex="0" aria-labelledby="select2-gender-0_2-pu-container">...</span> is not clickable at point (1168, 747). Other element would receive the click: <li class="select2-results__option" id="select2-gender-0_1-js-result-q7jg-MS" role="treeitem" aria-selected="false">...</li>
  (Session info: chrome=62.0.3202.94)
  (Driver info: chromedriver=2.33.506120 (e3e53437346286c0bc2d2dc9aa4915ba81d9023f),platform=Windows NT 6.3.9600 x86_64) (WARNING: The server did not provide any stacktrace information)
Command duration or timeout: 0 milliseconds
Build info: version: '3.7.1', revision: '8a0099a', time: '2017-11-06T21:07:36.161Z'
System info: host: 'NEACSUNEW-PC', ip: '10.10.10.211', os.name: 'Windows 8.1', os.arch: 'amd64', os.version: '6.3', java.version: '1.8.0_102'
Driver info: com.kms.katalon.selenium.driver.CChromeDriver
Capabilities {acceptSslCerts: true, applicationCacheEnabled: false, browserConnectionEnabled: false, browserName: chrome, chrome: {chromedriverVersion: 2.33.506120 (e3e53437346286..., userDataDir: C:\Users\Cornel\AppData\Loc...}, cssSelectorsEnabled: true, databaseEnabled: false, handlesAlerts: true, hasTouchScreen: false, javascriptEnabled: true, locationContextEnabled: true, mobileEmulationEnabled: false, nativeEvents: true, networkConnectionEnabled: false, pageLoadStrategy: normal, platform: XP, platformName: XP, rotatable: false, setWindowRect: true, takesHeapSnapshot: true, takesScreenshot: true, unexpectedAlertBehaviour: , unhandledPromptBehavior: , version: 62.0.3202.94, webStorageEnabled: true}
Session ID: 1fec4de96296dcfc0476f06d79c0a4ed)
[[ATTACHMENT|D:\\Software testing\\Tourpaq\\Automated Katalon tests\\Primo WB test\\Reports\\WB Primo From Excel URLs\\20171204_155729\\1512396147425.png]]

2017-12-04 16:02:27 - [TEST_STEP][PASSED] - Statement - If (i == 1 & j == 1): null

2017-12-04 16:02:27 - [TEST_STEP][PASSED] - Statement - randomPaxIndex = java.lang.Math.abs(new java.util.Random().nextInt() % excelRowNo) + 1: null

2017-12-04 16:02:27 - [TEST_STEP][PASSED] - Statement - fname = rawData.getValue("FirstName", randomPaxIndex) + " AUT": null

2017-12-04 16:02:27 - [TEST_STEP][PASSED] - Statement - lname = rawData.getValue("LastName", randomPaxIndex): null

2017-12-04 16:02:27 - [TEST_STEP][PASSED] - Statement - pgender = rawData.getValue("Gender", randomPaxIndex): null

2017-12-04 16:02:27 - [TEST_STEP][PASSED] - Statement - pday = rawData.getValue("Day DOB", randomPaxIndex): null

2017-12-04 16:02:27 - [TEST_STEP][PASSED] - Statement - pmonth = rawData.getValue("Month DOB", randomPaxIndex): null

2017-12-04 16:02:27 - [TEST_STEP][PASSED] - Statement - pyear = rawData.getValue("Year DOB", randomPaxIndex): null

2017-12-04 16:02:27 - [TEST_STEP][PASSED] - Statement - paxDetailFields = paxInRoomXpath + "[" + j + "]/div[@class="col-md-x col-md-9"]/div[@class="row paxContainer"][1]/div[contains(@class,"paxAttribute")]": null

2017-12-04 16:02:27 - [TEST_STEP][PASSED] - Statement - xpathval = paxDetailFields + "[1]/div[contains(@class,"form-group")]/input[contains(@class,"paxFirstName")]": null

2017-12-04 16:02:27 - [TEST_STEP][PASSED] - Statement - println("fn: " + xpathval): null

2017-12-04 16:02:27 - [TEST_STEP][PASSED] - Statement - repObj = com.kms.katalon.core.testobject.ObjectRepository.findTestObject(Object Repository/PrimoTours/LandingPage/secondPaxFirstNameField): Finding Test Object with id 'Object Repository/PrimoTours/LandingPage/secondPaxFirstNameField'

2017-12-04 16:02:27 - [TEST_STEP][PASSED] - Statement - repObj.findProperty("xpath").setValue(xpathval): null

2017-12-04 16:02:27 - [TEST_STEP][PASSED] - setText: Text 'Simonsen AUT' is set on object 'Object Repository/PrimoTours/LandingPage/secondPaxFirstNameField'

2017-12-04 16:02:28 - [MESSAGE][PASSED] - Text 'Simonsen AUT' is set on object 'Object Repository/PrimoTours/LandingPage/secondPaxFirstNameField'

2017-12-04 16:02:28 - [TEST_STEP][PASSED] - Statement - xpathval = paxDetailFields + "[2]/div[contains(@class,"form-group")]/input[contains(@class,"paxLastName")]": null

2017-12-04 16:02:28 - [TEST_STEP][PASSED] - Statement - println("ln: " + xpathval): null

2017-12-04 16:02:28 - [TEST_STEP][PASSED] - Statement - repObj = com.kms.katalon.core.testobject.ObjectRepository.findTestObject(Object Repository/PrimoTours/LandingPage/secondPaxFirstNameField): Finding Test Object with id 'Object Repository/PrimoTours/LandingPage/secondPaxFirstNameField'

2017-12-04 16:02:28 - [TEST_STEP][PASSED] - Statement - repObj.findProperty("xpath").setValue(xpathval): null

2017-12-04 16:02:28 - [TEST_STEP][PASSED] - setText: Text 'Gitte' is set on object 'Object Repository/PrimoTours/LandingPage/secondPaxFirstNameField'

2017-12-04 16:02:28 - [MESSAGE][PASSED] - Text 'Gitte' is set on object 'Object Repository/PrimoTours/LandingPage/secondPaxFirstNameField'

2017-12-04 16:02:28 - [TEST_STEP][PASSED] - Statement - repObj = com.kms.katalon.core.testobject.ObjectRepository.findTestObject(Object Repository/PrimoTours/LandingPage/secondPaxFirstNameField): Finding Test Object with id 'Object Repository/PrimoTours/LandingPage/secondPaxFirstNameField'

2017-12-04 16:02:28 - [TEST_STEP][PASSED] - Statement - xpathval = paxDetailFields + "[3]/div[contains(@class,"paxGenderSelectorContainer")]/span[contains(@class,"select2 select2-container")]/span[contains(@class,"selection")]/span[contains(@class,"select2-selection")]": null

2017-12-04 16:02:28 - [TEST_STEP][PASSED] - Statement - println("gender: " + xpathval): null

2017-12-04 16:02:28 - [TEST_STEP][PASSED] - Statement - repObj.findProperty("xpath").setValue(xpathval): null

2017-12-04 16:02:28 - [TEST_STEP][PASSED] - click: Object: 'Object Repository/PrimoTours/LandingPage/secondPaxFirstNameField' is clicked on

2017-12-04 16:02:28 - [MESSAGE][PASSED] - Object: 'Object Repository/PrimoTours/LandingPage/secondPaxFirstNameField' is clicked on

2017-12-04 16:02:28 - [TEST_STEP][PASSED] - Statement - If (i == 1 & j == 1): null

2017-12-04 16:02:28 - [TEST_STEP][PASSED] - Statement - randomPaxIndex = java.lang.Math.abs(new java.util.Random().nextInt() % excelRowNo) + 1: null

2017-12-04 16:02:28 - [TEST_STEP][PASSED] - Statement - fname = rawData.getValue("FirstName", randomPaxIndex) + " AUT": null

2017-12-04 16:02:28 - [TEST_STEP][PASSED] - Statement - lname = rawData.getValue("LastName", randomPaxIndex): null

2017-12-04 16:02:28 - [TEST_STEP][PASSED] - Statement - pgender = rawData.getValue("Gender", randomPaxIndex): null

2017-12-04 16:02:28 - [TEST_STEP][PASSED] - Statement - pday = rawData.getValue("Day DOB", randomPaxIndex): null

2017-12-04 16:02:28 - [TEST_STEP][PASSED] - Statement - pmonth = rawData.getValue("Month DOB", randomPaxIndex): null

2017-12-04 16:02:28 - [TEST_STEP][PASSED] - Statement - pyear = rawData.getValue("Year DOB", randomPaxIndex): null

2017-12-04 16:02:28 - [TEST_STEP][PASSED] - Statement - paxDetailFields = paxInRoomXpath + "[" + j + "]/div[@class="col-md-x col-md-9"]/div[@class="row paxContainer"][1]/div[contains(@class,"paxAttribute")]": null

2017-12-04 16:02:28 - [TEST_STEP][PASSED] - Statement - xpathval = paxDetailFields + "[1]/div[contains(@class,"form-group")]/input[contains(@class,"paxFirstName")]": null

2017-12-04 16:02:28 - [TEST_STEP][PASSED] - Statement - println("fn: " + xpathval): null

2017-12-04 16:02:28 - [TEST_STEP][PASSED] - Statement - repObj = com.kms.katalon.core.testobject.ObjectRepository.findTestObject(Object Repository/PrimoTours/LandingPage/secondPaxFirstNameField): Finding Test Object with id 'Object Repository/PrimoTours/LandingPage/secondPaxFirstNameField'

2017-12-04 16:02:28 - [TEST_STEP][PASSED] - Statement - repObj.findProperty("xpath").setValue(xpathval): null

2017-12-04 16:02:28 - [TEST_STEP][PASSED] - setText: Text 'Votborg AUT' is set on object 'Object Repository/PrimoTours/LandingPage/secondPaxFirstNameField'

2017-12-04 16:02:29 - [MESSAGE][PASSED] - Text 'Votborg AUT' is set on object 'Object Repository/PrimoTours/LandingPage/secondPaxFirstNameField'

2017-12-04 16:02:29 - [TEST_STEP][PASSED] - Statement - xpathval = paxDetailFields + "[2]/div[contains(@class,"form-group")]/input[contains(@class,"paxLastName")]": null

2017-12-04 16:02:29 - [TEST_STEP][PASSED] - Statement - println("ln: " + xpathval): null

2017-12-04 16:02:29 - [TEST_STEP][PASSED] - Statement - repObj = com.kms.katalon.core.testobject.ObjectRepository.findTestObject(Object Repository/PrimoTours/LandingPage/secondPaxFirstNameField): Finding Test Object with id 'Object Repository/PrimoTours/LandingPage/secondPaxFirstNameField'

2017-12-04 16:02:29 - [TEST_STEP][PASSED] - Statement - repObj.findProperty("xpath").setValue(xpathval): null

2017-12-04 16:02:29 - [TEST_STEP][PASSED] - setText: Text 'Silas Vilsgaard' is set on object 'Object Repository/PrimoTours/LandingPage/secondPaxFirstNameField'

2017-12-04 16:02:29 - [MESSAGE][PASSED] - Text 'Silas Vilsgaard' is set on object 'Object Repository/PrimoTours/LandingPage/secondPaxFirstNameField'

2017-12-04 16:02:29 - [TEST_STEP][PASSED] - Statement - repObj = com.kms.katalon.core.testobject.ObjectRepository.findTestObject(Object Repository/PrimoTours/LandingPage/secondPaxFirstNameField): Finding Test Object with id 'Object Repository/PrimoTours/LandingPage/secondPaxFirstNameField'

2017-12-04 16:02:29 - [TEST_STEP][PASSED] - Statement - xpathval = paxDetailFields + "[3]/div[contains(@class,"paxGenderSelectorContainer")]/span[contains(@class,"select2 select2-container")]/span[contains(@class,"selection")]/span[contains(@class,"select2-selection")]": null

2017-12-04 16:02:29 - [TEST_STEP][PASSED] - Statement - println("gender: " + xpathval): null

2017-12-04 16:02:29 - [TEST_STEP][PASSED] - Statement - repObj.findProperty("xpath").setValue(xpathval): null

2017-12-04 16:02:29 - [TEST_STEP][PASSED] - click: Unable to click on object 'Object Repository/PrimoTours/LandingPage/secondPaxFirstNameField' (Root cause: org.openqa.selenium.WebDriverException: unknown error: Element <span class="select2-selection select2-selection--single" role="combobox" aria-haspopup="true" aria-expanded="false" tabindex="0" aria-labelledby="select2-gender-0_4-r4-container">...</span> is not clickable at point (1168, 857). Other element would receive the click: <li class="select2-results__option" id="select2-gender-0_3-83-result-9zj3-MS" role="treeitem" aria-selected="false">...</li>
  (Session info: chrome=62.0.3202.94)
  (Driver info: chromedriver=2.33.506120 (e3e53437346286c0bc2d2dc9aa4915ba81d9023f),platform=Windows NT 6.3.9600 x86_64) (WARNING: The server did not provide any stacktrace information)
Command duration or timeout: 0 milliseconds
Build info: version: '3.7.1', revision: '8a0099a', time: '2017-11-06T21:07:36.161Z'
System info: host: 'NEACSUNEW-PC', ip: '10.10.10.211', os.name: 'Windows 8.1', os.arch: 'amd64', os.version: '6.3', java.version: '1.8.0_102'
Driver info: com.kms.katalon.selenium.driver.CChromeDriver
Capabilities {acceptSslCerts: true, applicationCacheEnabled: false, browserConnectionEnabled: false, browserName: chrome, chrome: {chromedriverVersion: 2.33.506120 (e3e53437346286..., userDataDir: C:\Users\Cornel\AppData\Loc...}, cssSelectorsEnabled: true, databaseEnabled: false, handlesAlerts: true, hasTouchScreen: false, javascriptEnabled: true, locationContextEnabled: true, mobileEmulationEnabled: false, nativeEvents: true, networkConnectionEnabled: false, pageLoadStrategy: normal, platform: XP, platformName: XP, rotatable: false, setWindowRect: true, takesHeapSnapshot: true, takesScreenshot: true, unexpectedAlertBehaviour: , unhandledPromptBehavior: , version: 62.0.3202.94, webStorageEnabled: true}
Session ID: 1fec4de96296dcfc0476f06d79c0a4ed)

2017-12-04 16:02:29 - [MESSAGE][WARNING] - Unable to click on object 'Object Repository/PrimoTours/LandingPage/secondPaxFirstNameField' (Root cause: org.openqa.selenium.WebDriverException: unknown error: Element <span class="select2-selection select2-selection--single" role="combobox" aria-haspopup="true" aria-expanded="false" tabindex="0" aria-labelledby="select2-gender-0_4-r4-container">...</span> is not clickable at point (1168, 857). Other element would receive the click: <li class="select2-results__option" id="select2-gender-0_3-83-result-9zj3-MS" role="treeitem" aria-selected="false">...</li>
  (Session info: chrome=62.0.3202.94)
  (Driver info: chromedriver=2.33.506120 (e3e53437346286c0bc2d2dc9aa4915ba81d9023f),platform=Windows NT 6.3.9600 x86_64) (WARNING: The server did not provide any stacktrace information)
Command duration or timeout: 0 milliseconds
Build info: version: '3.7.1', revision: '8a0099a', time: '2017-11-06T21:07:36.161Z'
System info: host: 'NEACSUNEW-PC', ip: '10.10.10.211', os.name: 'Windows 8.1', os.arch: 'amd64', os.version: '6.3', java.version: '1.8.0_102'
Driver info: com.kms.katalon.selenium.driver.CChromeDriver
Capabilities {acceptSslCerts: true, applicationCacheEnabled: false, browserConnectionEnabled: false, browserName: chrome, chrome: {chromedriverVersion: 2.33.506120 (e3e53437346286..., userDataDir: C:\Users\Cornel\AppData\Loc...}, cssSelectorsEnabled: true, databaseEnabled: false, handlesAlerts: true, hasTouchScreen: false, javascriptEnabled: true, locationContextEnabled: true, mobileEmulationEnabled: false, nativeEvents: true, networkConnectionEnabled: false, pageLoadStrategy: normal, platform: XP, platformName: XP, rotatable: false, setWindowRect: true, takesHeapSnapshot: true, takesScreenshot: true, unexpectedAlertBehaviour: , unhandledPromptBehavior: , version: 62.0.3202.94, webStorageEnabled: true}
Session ID: 1fec4de96296dcfc0476f06d79c0a4ed)
[[ATTACHMENT|D:\\Software testing\\Tourpaq\\Automated Katalon tests\\Primo WB test\\Reports\\WB Primo From Excel URLs\\20171204_155729\\1512396149527.png]]

2017-12-04 16:02:29 - [TEST_STEP][PASSED] - Statement - paxInRoomXpath = "id("passengersContainer_" + i - 1 + "")/div[@class="col-md-12"]/div[@class="row"]": null

2017-12-04 16:02:29 - [TEST_STEP][PASSED] - Statement - println("paxInRoomXpath=" + paxInRoomXpath): null

2017-12-04 16:02:29 - [TEST_STEP][PASSED] - Statement - paxInRoomCount = driver.findElements(org.openqa.selenium.By.xpath(paxInRoomXpath)).size(): null

2017-12-04 16:02:29 - [TEST_STEP][PASSED] - Statement - println("paxInRoomCount=" + paxInRoomCount): null

2017-12-04 16:02:29 - [TEST_STEP][PASSED] - Statement - For ([j = 1, j <= paxInRoomCount, (j++)]): Unable to click on object 'Object Repository/PrimoTours/LandingPage/secondPaxFirstNameField' (Root cause: org.openqa.selenium.WebDriverException: unknown error: Element <span class="select2-selection select2-selection--single" role="combobox" aria-haspopup="true" aria-expanded="false" tabindex="0" aria-labelledby="select2-gender-1_2-zb-container">...</span> is not clickable at point (1168, 528). Other element would receive the click: <li class="select2-results__option" id="select2-gender-1_1-ev-result-bads-MS" role="treeitem" aria-selected="false">...</li>
  (Session info: chrome=62.0.3202.94)
  (Driver info: chromedriver=2.33.506120 (e3e53437346286c0bc2d2dc9aa4915ba81d9023f),platform=Windows NT 6.3.9600 x86_64) (WARNING: The server did not provide any stacktrace information)
Command duration or timeout: 0 milliseconds
Build info: version: '3.7.1', revision: '8a0099a', time: '2017-11-06T21:07:36.161Z'
System info: host: 'NEACSUNEW-PC', ip: '10.10.10.211', os.name: 'Windows 8.1', os.arch: 'amd64', os.version: '6.3', java.version: '1.8.0_102'
Driver info: com.kms.katalon.selenium.driver.CChromeDriver
Capabilities {acceptSslCerts: true, applicationCacheEnabled: false, browserConnectionEnabled: false, browserName: chrome, chrome: {chromedriverVersion: 2.33.506120 (e3e53437346286..., userDataDir: C:\Users\Cornel\AppData\Loc...}, cssSelectorsEnabled: true, databaseEnabled: false, handlesAlerts: true, hasTouchScreen: false, javascriptEnabled: true, locationContextEnabled: true, mobileEmulationEnabled: false, nativeEvents: true, networkConnectionEnabled: false, pageLoadStrategy: normal, platform: XP, platformName: XP, rotatable: false, setWindowRect: true, takesHeapSnapshot: true, takesScreenshot: true, unexpectedAlertBehaviour: , unhandledPromptBehavior: , version: 62.0.3202.94, webStorageEnabled: true}
Session ID: 1fec4de96296dcfc0476f06d79c0a4ed)

2017-12-04 16:02:29 - [TEST_STEP][PASSED] - Statement - If (i == 1 & j == 1): null

2017-12-04 16:02:29 - [TEST_STEP][PASSED] - Statement - randomPaxIndex = java.lang.Math.abs(new java.util.Random().nextInt() % excelRowNo) + 1: null

2017-12-04 16:02:29 - [TEST_STEP][PASSED] - Statement - fname = rawData.getValue("FirstName", randomPaxIndex) + " AUT": null

2017-12-04 16:02:29 - [TEST_STEP][PASSED] - Statement - lname = rawData.getValue("LastName", randomPaxIndex): null

2017-12-04 16:02:29 - [TEST_STEP][PASSED] - Statement - pgender = rawData.getValue("Gender", randomPaxIndex): null

2017-12-04 16:02:29 - [TEST_STEP][PASSED] - Statement - pday = rawData.getValue("Day DOB", randomPaxIndex): null

2017-12-04 16:02:29 - [TEST_STEP][PASSED] - Statement - pmonth = rawData.getValue("Month DOB", randomPaxIndex): null

2017-12-04 16:02:29 - [TEST_STEP][PASSED] - Statement - pyear = rawData.getValue("Year DOB", randomPaxIndex): null

2017-12-04 16:02:29 - [TEST_STEP][PASSED] - Statement - paxDetailFields = paxInRoomXpath + "[" + j + "]/div[@class="col-md-x col-md-9"]/div[@class="row paxContainer"][1]/div[contains(@class,"paxAttribute")]": null

2017-12-04 16:02:29 - [TEST_STEP][PASSED] - Statement - xpathval = paxDetailFields + "[1]/div[contains(@class,"form-group")]/input[contains(@class,"paxFirstName")]": null

2017-12-04 16:02:29 - [TEST_STEP][PASSED] - Statement - println("fn: " + xpathval): null

2017-12-04 16:02:29 - [TEST_STEP][PASSED] - Statement - repObj = com.kms.katalon.core.testobject.ObjectRepository.findTestObject(Object Repository/PrimoTours/LandingPage/secondPaxFirstNameField): Finding Test Object with id 'Object Repository/PrimoTours/LandingPage/secondPaxFirstNameField'

2017-12-04 16:02:29 - [TEST_STEP][PASSED] - Statement - repObj.findProperty("xpath").setValue(xpathval): null

2017-12-04 16:02:29 - [TEST_STEP][PASSED] - setText: Text 'Spangsø AUT' is set on object 'Object Repository/PrimoTours/LandingPage/secondPaxFirstNameField'

2017-12-04 16:02:30 - [MESSAGE][PASSED] - Text 'Spangsø AUT' is set on object 'Object Repository/PrimoTours/LandingPage/secondPaxFirstNameField'

2017-12-04 16:02:30 - [TEST_STEP][PASSED] - Statement - xpathval = paxDetailFields + "[2]/div[contains(@class,"form-group")]/input[contains(@class,"paxLastName")]": null

2017-12-04 16:02:30 - [TEST_STEP][PASSED] - Statement - println("ln: " + xpathval): null

2017-12-04 16:02:30 - [TEST_STEP][PASSED] - Statement - repObj = com.kms.katalon.core.testobject.ObjectRepository.findTestObject(Object Repository/PrimoTours/LandingPage/secondPaxFirstNameField): Finding Test Object with id 'Object Repository/PrimoTours/LandingPage/secondPaxFirstNameField'

2017-12-04 16:02:30 - [TEST_STEP][PASSED] - Statement - repObj.findProperty("xpath").setValue(xpathval): null

2017-12-04 16:02:30 - [TEST_STEP][PASSED] - setText: Text 'Dorte' is set on object 'Object Repository/PrimoTours/LandingPage/secondPaxFirstNameField'

2017-12-04 16:02:30 - [MESSAGE][PASSED] - Text 'Dorte' is set on object 'Object Repository/PrimoTours/LandingPage/secondPaxFirstNameField'

2017-12-04 16:02:30 - [TEST_STEP][PASSED] - Statement - repObj = com.kms.katalon.core.testobject.ObjectRepository.findTestObject(Object Repository/PrimoTours/LandingPage/secondPaxFirstNameField): Finding Test Object with id 'Object Repository/PrimoTours/LandingPage/secondPaxFirstNameField'

2017-12-04 16:02:30 - [TEST_STEP][PASSED] - Statement - xpathval = paxDetailFields + "[3]/div[contains(@class,"paxGenderSelectorContainer")]/span[contains(@class,"select2 select2-container")]/span[contains(@class,"selection")]/span[contains(@class,"select2-selection")]": null

2017-12-04 16:02:30 - [TEST_STEP][PASSED] - Statement - println("gender: " + xpathval): null

2017-12-04 16:02:30 - [TEST_STEP][PASSED] - Statement - repObj.findProperty("xpath").setValue(xpathval): null

2017-12-04 16:02:30 - [TEST_STEP][PASSED] - click: Object: 'Object Repository/PrimoTours/LandingPage/secondPaxFirstNameField' is clicked on

2017-12-04 16:02:30 - [MESSAGE][PASSED] - Object: 'Object Repository/PrimoTours/LandingPage/secondPaxFirstNameField' is clicked on

2017-12-04 16:02:30 - [TEST_STEP][PASSED] - Statement - If (i == 1 & j == 1): null

2017-12-04 16:02:30 - [TEST_STEP][PASSED] - Statement - randomPaxIndex = java.lang.Math.abs(new java.util.Random().nextInt() % excelRowNo) + 1: null

2017-12-04 16:02:30 - [TEST_STEP][PASSED] - Statement - fname = rawData.getValue("FirstName", randomPaxIndex) + " AUT": null

2017-12-04 16:02:30 - [TEST_STEP][PASSED] - Statement - lname = rawData.getValue("LastName", randomPaxIndex): null

2017-12-04 16:02:30 - [TEST_STEP][PASSED] - Statement - pgender = rawData.getValue("Gender", randomPaxIndex): null

2017-12-04 16:02:30 - [TEST_STEP][PASSED] - Statement - pday = rawData.getValue("Day DOB", randomPaxIndex): null

2017-12-04 16:02:30 - [TEST_STEP][PASSED] - Statement - pmonth = rawData.getValue("Month DOB", randomPaxIndex): null

2017-12-04 16:02:30 - [TEST_STEP][PASSED] - Statement - pyear = rawData.getValue("Year DOB", randomPaxIndex): null

2017-12-04 16:02:30 - [TEST_STEP][PASSED] - Statement - paxDetailFields = paxInRoomXpath + "[" + j + "]/div[@class="col-md-x col-md-9"]/div[@class="row paxContainer"][1]/div[contains(@class,"paxAttribute")]": null

2017-12-04 16:02:30 - [TEST_STEP][PASSED] - Statement - xpathval = paxDetailFields + "[1]/div[contains(@class,"form-group")]/input[contains(@class,"paxFirstName")]": null

2017-12-04 16:02:30 - [TEST_STEP][PASSED] - Statement - println("fn: " + xpathval): null

2017-12-04 16:02:30 - [TEST_STEP][PASSED] - Statement - repObj = com.kms.katalon.core.testobject.ObjectRepository.findTestObject(Object Repository/PrimoTours/LandingPage/secondPaxFirstNameField): Finding Test Object with id 'Object Repository/PrimoTours/LandingPage/secondPaxFirstNameField'

2017-12-04 16:02:30 - [TEST_STEP][PASSED] - Statement - repObj.findProperty("xpath").setValue(xpathval): null

2017-12-04 16:02:30 - [TEST_STEP][PASSED] - setText: Text 'Karstens AUT' is set on object 'Object Repository/PrimoTours/LandingPage/secondPaxFirstNameField'

2017-12-04 16:02:31 - [MESSAGE][PASSED] - Text 'Karstens AUT' is set on object 'Object Repository/PrimoTours/LandingPage/secondPaxFirstNameField'

2017-12-04 16:02:31 - [TEST_STEP][PASSED] - Statement - xpathval = paxDetailFields + "[2]/div[contains(@class,"form-group")]/input[contains(@class,"paxLastName")]": null

2017-12-04 16:02:31 - [TEST_STEP][PASSED] - Statement - println("ln: " + xpathval): null

2017-12-04 16:02:31 - [TEST_STEP][PASSED] - Statement - repObj = com.kms.katalon.core.testobject.ObjectRepository.findTestObject(Object Repository/PrimoTours/LandingPage/secondPaxFirstNameField): Finding Test Object with id 'Object Repository/PrimoTours/LandingPage/secondPaxFirstNameField'

2017-12-04 16:02:31 - [TEST_STEP][PASSED] - Statement - repObj.findProperty("xpath").setValue(xpathval): null

2017-12-04 16:02:31 - [TEST_STEP][PASSED] - setText: Text 'Ove' is set on object 'Object Repository/PrimoTours/LandingPage/secondPaxFirstNameField'

2017-12-04 16:02:31 - [MESSAGE][PASSED] - Text 'Ove' is set on object 'Object Repository/PrimoTours/LandingPage/secondPaxFirstNameField'

2017-12-04 16:02:31 - [TEST_STEP][PASSED] - Statement - repObj = com.kms.katalon.core.testobject.ObjectRepository.findTestObject(Object Repository/PrimoTours/LandingPage/secondPaxFirstNameField): Finding Test Object with id 'Object Repository/PrimoTours/LandingPage/secondPaxFirstNameField'

2017-12-04 16:02:31 - [TEST_STEP][PASSED] - Statement - xpathval = paxDetailFields + "[3]/div[contains(@class,"paxGenderSelectorContainer")]/span[contains(@class,"select2 select2-container")]/span[contains(@class,"selection")]/span[contains(@class,"select2-selection")]": null

2017-12-04 16:02:31 - [TEST_STEP][PASSED] - Statement - println("gender: " + xpathval): null

2017-12-04 16:02:31 - [TEST_STEP][PASSED] - Statement - repObj.findProperty("xpath").setValue(xpathval): null

2017-12-04 16:02:31 - [TEST_STEP][PASSED] - click: Object: 'Object Repository/PrimoTours/LandingPage/secondPaxFirstNameField' is clicked on

2017-12-04 16:02:31 - [MESSAGE][PASSED] - Object: 'Object Repository/PrimoTours/LandingPage/secondPaxFirstNameField' is clicked on

2017-12-04 16:02:31 - [TEST_STEP][PASSED] - Statement - If (i == 1 & j == 1): null

2017-12-04 16:02:31 - [TEST_STEP][PASSED] - Statement - randomPaxIndex = java.lang.Math.abs(new java.util.Random().nextInt() % excelRowNo) + 1: null

2017-12-04 16:02:31 - [TEST_STEP][PASSED] - Statement - fname = rawData.getValue("FirstName", randomPaxIndex) + " AUT": null

2017-12-04 16:02:31 - [TEST_STEP][PASSED] - Statement - lname = rawData.getValue("LastName", randomPaxIndex): null

2017-12-04 16:02:31 - [TEST_STEP][PASSED] - Statement - pgender = rawData.getValue("Gender", randomPaxIndex): null

2017-12-04 16:02:31 - [TEST_STEP][PASSED] - Statement - pday = rawData.getValue("Day DOB", randomPaxIndex): null

2017-12-04 16:02:31 - [TEST_STEP][PASSED] - Statement - pmonth = rawData.getValue("Month DOB", randomPaxIndex): null

2017-12-04 16:02:31 - [TEST_STEP][PASSED] - Statement - pyear = rawData.getValue("Year DOB", randomPaxIndex): null

2017-12-04 16:02:31 - [TEST_STEP][PASSED] - Statement - paxDetailFields = paxInRoomXpath + "[" + j + "]/div[@class="col-md-x col-md-9"]/div[@class="row paxContainer"][1]/div[contains(@class,"paxAttribute")]": null

2017-12-04 16:02:31 - [TEST_STEP][PASSED] - Statement - xpathval = paxDetailFields + "[1]/div[contains(@class,"form-group")]/input[contains(@class,"paxFirstName")]": null

2017-12-04 16:02:31 - [TEST_STEP][PASSED] - Statement - println("fn: " + xpathval): null

2017-12-04 16:02:31 - [TEST_STEP][PASSED] - Statement - repObj = com.kms.katalon.core.testobject.ObjectRepository.findTestObject(Object Repository/PrimoTours/LandingPage/secondPaxFirstNameField): Finding Test Object with id 'Object Repository/PrimoTours/LandingPage/secondPaxFirstNameField'

2017-12-04 16:02:31 - [TEST_STEP][PASSED] - Statement - repObj.findProperty("xpath").setValue(xpathval): null

2017-12-04 16:02:31 - [TEST_STEP][PASSED] - setText: Text 'Rasmussen AUT' is set on object 'Object Repository/PrimoTours/LandingPage/secondPaxFirstNameField'

2017-12-04 16:02:31 - [MESSAGE][PASSED] - Text 'Rasmussen AUT' is set on object 'Object Repository/PrimoTours/LandingPage/secondPaxFirstNameField'

2017-12-04 16:02:31 - [TEST_STEP][PASSED] - Statement - xpathval = paxDetailFields + "[2]/div[contains(@class,"form-group")]/input[contains(@class,"paxLastName")]": null

2017-12-04 16:02:31 - [TEST_STEP][PASSED] - Statement - println("ln: " + xpathval): null

2017-12-04 16:02:31 - [TEST_STEP][PASSED] - Statement - repObj = com.kms.katalon.core.testobject.ObjectRepository.findTestObject(Object Repository/PrimoTours/LandingPage/secondPaxFirstNameField): Finding Test Object with id 'Object Repository/PrimoTours/LandingPage/secondPaxFirstNameField'

2017-12-04 16:02:31 - [TEST_STEP][PASSED] - Statement - repObj.findProperty("xpath").setValue(xpathval): null

2017-12-04 16:02:31 - [TEST_STEP][PASSED] - setText: Text 'Søren Astrup' is set on object 'Object Repository/PrimoTours/LandingPage/secondPaxFirstNameField'

2017-12-04 16:02:32 - [MESSAGE][PASSED] - Text 'Søren Astrup' is set on object 'Object Repository/PrimoTours/LandingPage/secondPaxFirstNameField'

2017-12-04 16:02:32 - [TEST_STEP][PASSED] - Statement - repObj = com.kms.katalon.core.testobject.ObjectRepository.findTestObject(Object Repository/PrimoTours/LandingPage/secondPaxFirstNameField): Finding Test Object with id 'Object Repository/PrimoTours/LandingPage/secondPaxFirstNameField'

2017-12-04 16:02:32 - [TEST_STEP][PASSED] - Statement - xpathval = paxDetailFields + "[3]/div[contains(@class,"paxGenderSelectorContainer")]/span[contains(@class,"select2 select2-container")]/span[contains(@class,"selection")]/span[contains(@class,"select2-selection")]": null

2017-12-04 16:02:32 - [TEST_STEP][PASSED] - Statement - println("gender: " + xpathval): null

2017-12-04 16:02:32 - [TEST_STEP][PASSED] - Statement - repObj.findProperty("xpath").setValue(xpathval): null

2017-12-04 16:02:32 - [TEST_STEP][PASSED] - click: Unable to click on object 'Object Repository/PrimoTours/LandingPage/secondPaxFirstNameField' (Root cause: org.openqa.selenium.WebDriverException: unknown error: Element <span class="select2-selection select2-selection--single" role="combobox" aria-haspopup="true" aria-expanded="false" tabindex="0" aria-labelledby="select2-gender-1_2-zb-container">...</span> is not clickable at point (1168, 528). Other element would receive the click: <li class="select2-results__option" id="select2-gender-1_1-ev-result-bads-MS" role="treeitem" aria-selected="false">...</li>
  (Session info: chrome=62.0.3202.94)
  (Driver info: chromedriver=2.33.506120 (e3e53437346286c0bc2d2dc9aa4915ba81d9023f),platform=Windows NT 6.3.9600 x86_64) (WARNING: The server did not provide any stacktrace information)
Command duration or timeout: 0 milliseconds
Build info: version: '3.7.1', revision: '8a0099a', time: '2017-11-06T21:07:36.161Z'
System info: host: 'NEACSUNEW-PC', ip: '10.10.10.211', os.name: 'Windows 8.1', os.arch: 'amd64', os.version: '6.3', java.version: '1.8.0_102'
Driver info: com.kms.katalon.selenium.driver.CChromeDriver
Capabilities {acceptSslCerts: true, applicationCacheEnabled: false, browserConnectionEnabled: false, browserName: chrome, chrome: {chromedriverVersion: 2.33.506120 (e3e53437346286..., userDataDir: C:\Users\Cornel\AppData\Loc...}, cssSelectorsEnabled: true, databaseEnabled: false, handlesAlerts: true, hasTouchScreen: false, javascriptEnabled: true, locationContextEnabled: true, mobileEmulationEnabled: false, nativeEvents: true, networkConnectionEnabled: false, pageLoadStrategy: normal, platform: XP, platformName: XP, rotatable: false, setWindowRect: true, takesHeapSnapshot: true, takesScreenshot: true, unexpectedAlertBehaviour: , unhandledPromptBehavior: , version: 62.0.3202.94, webStorageEnabled: true}
Session ID: 1fec4de96296dcfc0476f06d79c0a4ed)

2017-12-04 16:02:32 - [MESSAGE][WARNING] - Unable to click on object 'Object Repository/PrimoTours/LandingPage/secondPaxFirstNameField' (Root cause: org.openqa.selenium.WebDriverException: unknown error: Element <span class="select2-selection select2-selection--single" role="combobox" aria-haspopup="true" aria-expanded="false" tabindex="0" aria-labelledby="select2-gender-1_2-zb-container">...</span> is not clickable at point (1168, 528). Other element would receive the click: <li class="select2-results__option" id="select2-gender-1_1-ev-result-bads-MS" role="treeitem" aria-selected="false">...</li>
  (Session info: chrome=62.0.3202.94)
  (Driver info: chromedriver=2.33.506120 (e3e53437346286c0bc2d2dc9aa4915ba81d9023f),platform=Windows NT 6.3.9600 x86_64) (WARNING: The server did not provide any stacktrace information)
Command duration or timeout: 0 milliseconds
Build info: version: '3.7.1', revision: '8a0099a', time: '2017-11-06T21:07:36.161Z'
System info: host: 'NEACSUNEW-PC', ip: '10.10.10.211', os.name: 'Windows 8.1', os.arch: 'amd64', os.version: '6.3', java.version: '1.8.0_102'
Driver info: com.kms.katalon.selenium.driver.CChromeDriver
Capabilities {acceptSslCerts: true, applicationCacheEnabled: false, browserConnectionEnabled: false, browserName: chrome, chrome: {chromedriverVersion: 2.33.506120 (e3e53437346286..., userDataDir: C:\Users\Cornel\AppData\Loc...}, cssSelectorsEnabled: true, databaseEnabled: false, handlesAlerts: true, hasTouchScreen: false, javascriptEnabled: true, locationContextEnabled: true, mobileEmulationEnabled: false, nativeEvents: true, networkConnectionEnabled: false, pageLoadStrategy: normal, platform: XP, platformName: XP, rotatable: false, setWindowRect: true, takesHeapSnapshot: true, takesScreenshot: true, unexpectedAlertBehaviour: , unhandledPromptBehavior: , version: 62.0.3202.94, webStorageEnabled: true}
Session ID: 1fec4de96296dcfc0476f06d79c0a4ed)
[[ATTACHMENT|D:\\Software testing\\Tourpaq\\Automated Katalon tests\\Primo WB test\\Reports\\WB Primo From Excel URLs\\20171204_155729\\1512396152268.png]]

2017-12-04 16:02:32 - [TEST_STEP][PASSED] - Statement - paxInRoomXpath = "id("passengersContainer_" + i - 1 + "")/div[@class="col-md-12"]/div[@class="row"]": null

2017-12-04 16:02:32 - [TEST_STEP][PASSED] - Statement - println("paxInRoomXpath=" + paxInRoomXpath): null

2017-12-04 16:02:32 - [TEST_STEP][PASSED] - Statement - paxInRoomCount = driver.findElements(org.openqa.selenium.By.xpath(paxInRoomXpath)).size(): null

2017-12-04 16:02:32 - [TEST_STEP][PASSED] - Statement - println("paxInRoomCount=" + paxInRoomCount): null

2017-12-04 16:02:32 - [TEST_STEP][PASSED] - Statement - For ([j = 1, j <= paxInRoomCount, (j++)]): Object: 'Object Repository/PrimoTours/LandingPage/secondPaxFirstNameField' is clicked on

2017-12-04 16:02:32 - [TEST_STEP][PASSED] - Statement - If (i == 1 & j == 1): null

2017-12-04 16:02:32 - [TEST_STEP][PASSED] - Statement - randomPaxIndex = java.lang.Math.abs(new java.util.Random().nextInt() % excelRowNo) + 1: null

2017-12-04 16:02:32 - [TEST_STEP][PASSED] - Statement - fname = rawData.getValue("FirstName", randomPaxIndex) + " AUT": null

2017-12-04 16:02:32 - [TEST_STEP][PASSED] - Statement - lname = rawData.getValue("LastName", randomPaxIndex): null

2017-12-04 16:02:32 - [TEST_STEP][PASSED] - Statement - pgender = rawData.getValue("Gender", randomPaxIndex): null

2017-12-04 16:02:32 - [TEST_STEP][PASSED] - Statement - pday = rawData.getValue("Day DOB", randomPaxIndex): null

2017-12-04 16:02:32 - [TEST_STEP][PASSED] - Statement - pmonth = rawData.getValue("Month DOB", randomPaxIndex): null

2017-12-04 16:02:32 - [TEST_STEP][PASSED] - Statement - pyear = rawData.getValue("Year DOB", randomPaxIndex): null

2017-12-04 16:02:32 - [TEST_STEP][PASSED] - Statement - paxDetailFields = paxInRoomXpath + "[" + j + "]/div[@class="col-md-x col-md-9"]/div[@class="row paxContainer"][1]/div[contains(@class,"paxAttribute")]": null

2017-12-04 16:02:32 - [TEST_STEP][PASSED] - Statement - xpathval = paxDetailFields + "[1]/div[contains(@class,"form-group")]/input[contains(@class,"paxFirstName")]": null

2017-12-04 16:02:32 - [TEST_STEP][PASSED] - Statement - println("fn: " + xpathval): null

2017-12-04 16:02:32 - [TEST_STEP][PASSED] - Statement - repObj = com.kms.katalon.core.testobject.ObjectRepository.findTestObject(Object Repository/PrimoTours/LandingPage/secondPaxFirstNameField): Finding Test Object with id 'Object Repository/PrimoTours/LandingPage/secondPaxFirstNameField'

2017-12-04 16:02:32 - [TEST_STEP][PASSED] - Statement - repObj.findProperty("xpath").setValue(xpathval): null

2017-12-04 16:02:32 - [TEST_STEP][PASSED] - setText: Text 'Sdfsfdg AUT' is set on object 'Object Repository/PrimoTours/LandingPage/secondPaxFirstNameField'

2017-12-04 16:02:33 - [MESSAGE][PASSED] - Text 'Sdfsfdg AUT' is set on object 'Object Repository/PrimoTours/LandingPage/secondPaxFirstNameField'

2017-12-04 16:02:33 - [TEST_STEP][PASSED] - Statement - xpathval = paxDetailFields + "[2]/div[contains(@class,"form-group")]/input[contains(@class,"paxLastName")]": null

2017-12-04 16:02:33 - [TEST_STEP][PASSED] - Statement - println("ln: " + xpathval): null

2017-12-04 16:02:33 - [TEST_STEP][PASSED] - Statement - repObj = com.kms.katalon.core.testobject.ObjectRepository.findTestObject(Object Repository/PrimoTours/LandingPage/secondPaxFirstNameField): Finding Test Object with id 'Object Repository/PrimoTours/LandingPage/secondPaxFirstNameField'

2017-12-04 16:02:33 - [TEST_STEP][PASSED] - Statement - repObj.findProperty("xpath").setValue(xpathval): null

2017-12-04 16:02:33 - [TEST_STEP][PASSED] - setText: Text 'Sdfgsfdsdfg' is set on object 'Object Repository/PrimoTours/LandingPage/secondPaxFirstNameField'

2017-12-04 16:02:33 - [MESSAGE][PASSED] - Text 'Sdfgsfdsdfg' is set on object 'Object Repository/PrimoTours/LandingPage/secondPaxFirstNameField'

2017-12-04 16:02:33 - [TEST_STEP][PASSED] - Statement - repObj = com.kms.katalon.core.testobject.ObjectRepository.findTestObject(Object Repository/PrimoTours/LandingPage/secondPaxFirstNameField): Finding Test Object with id 'Object Repository/PrimoTours/LandingPage/secondPaxFirstNameField'

2017-12-04 16:02:33 - [TEST_STEP][PASSED] - Statement - xpathval = paxDetailFields + "[3]/div[contains(@class,"paxGenderSelectorContainer")]/span[contains(@class,"select2 select2-container")]/span[contains(@class,"selection")]/span[contains(@class,"select2-selection")]": null

2017-12-04 16:02:33 - [TEST_STEP][PASSED] - Statement - println("gender: " + xpathval): null

2017-12-04 16:02:33 - [TEST_STEP][PASSED] - Statement - repObj.findProperty("xpath").setValue(xpathval): null

2017-12-04 16:02:33 - [TEST_STEP][PASSED] - click: Object: 'Object Repository/PrimoTours/LandingPage/secondPaxFirstNameField' is clicked on

2017-12-04 16:02:33 - [MESSAGE][PASSED] - Object: 'Object Repository/PrimoTours/LandingPage/secondPaxFirstNameField' is clicked on

2017-12-04 16:02:33 - [TEST_STEP][PASSED] - Statement - If (i == 1 & j == 1): null

2017-12-04 16:02:33 - [TEST_STEP][PASSED] - Statement - randomPaxIndex = java.lang.Math.abs(new java.util.Random().nextInt() % excelRowNo) + 1: null

2017-12-04 16:02:33 - [TEST_STEP][PASSED] - Statement - fname = rawData.getValue("FirstName", randomPaxIndex) + " AUT": null

2017-12-04 16:02:33 - [TEST_STEP][PASSED] - Statement - lname = rawData.getValue("LastName", randomPaxIndex): null

2017-12-04 16:02:33 - [TEST_STEP][PASSED] - Statement - pgender = rawData.getValue("Gender", randomPaxIndex): null

2017-12-04 16:02:33 - [TEST_STEP][PASSED] - Statement - pday = rawData.getValue("Day DOB", randomPaxIndex): null

2017-12-04 16:02:33 - [TEST_STEP][PASSED] - Statement - pmonth = rawData.getValue("Month DOB", randomPaxIndex): null

2017-12-04 16:02:33 - [TEST_STEP][PASSED] - Statement - pyear = rawData.getValue("Year DOB", randomPaxIndex): null

2017-12-04 16:02:33 - [TEST_STEP][PASSED] - Statement - paxDetailFields = paxInRoomXpath + "[" + j + "]/div[@class="col-md-x col-md-9"]/div[@class="row paxContainer"][1]/div[contains(@class,"paxAttribute")]": null

2017-12-04 16:02:33 - [TEST_STEP][PASSED] - Statement - xpathval = paxDetailFields + "[1]/div[contains(@class,"form-group")]/input[contains(@class,"paxFirstName")]": null

2017-12-04 16:02:33 - [TEST_STEP][PASSED] - Statement - println("fn: " + xpathval): null

2017-12-04 16:02:33 - [TEST_STEP][PASSED] - Statement - repObj = com.kms.katalon.core.testobject.ObjectRepository.findTestObject(Object Repository/PrimoTours/LandingPage/secondPaxFirstNameField): Finding Test Object with id 'Object Repository/PrimoTours/LandingPage/secondPaxFirstNameField'

2017-12-04 16:02:33 - [TEST_STEP][PASSED] - Statement - repObj.findProperty("xpath").setValue(xpathval): null

2017-12-04 16:02:33 - [TEST_STEP][PASSED] - setText: Text 'Christiansen AUT' is set on object 'Object Repository/PrimoTours/LandingPage/secondPaxFirstNameField'

2017-12-04 16:02:33 - [MESSAGE][PASSED] - Text 'Christiansen AUT' is set on object 'Object Repository/PrimoTours/LandingPage/secondPaxFirstNameField'

2017-12-04 16:02:33 - [TEST_STEP][PASSED] - Statement - xpathval = paxDetailFields + "[2]/div[contains(@class,"form-group")]/input[contains(@class,"paxLastName")]": null

2017-12-04 16:02:33 - [TEST_STEP][PASSED] - Statement - println("ln: " + xpathval): null

2017-12-04 16:02:33 - [TEST_STEP][PASSED] - Statement - repObj = com.kms.katalon.core.testobject.ObjectRepository.findTestObject(Object Repository/PrimoTours/LandingPage/secondPaxFirstNameField): Finding Test Object with id 'Object Repository/PrimoTours/LandingPage/secondPaxFirstNameField'

2017-12-04 16:02:33 - [TEST_STEP][PASSED] - Statement - repObj.findProperty("xpath").setValue(xpathval): null

2017-12-04 16:02:33 - [TEST_STEP][PASSED] - setText: Text 'Henrik Lindtofte' is set on object 'Object Repository/PrimoTours/LandingPage/secondPaxFirstNameField'

2017-12-04 16:02:34 - [MESSAGE][PASSED] - Text 'Henrik Lindtofte' is set on object 'Object Repository/PrimoTours/LandingPage/secondPaxFirstNameField'

2017-12-04 16:02:34 - [TEST_STEP][PASSED] - Statement - repObj = com.kms.katalon.core.testobject.ObjectRepository.findTestObject(Object Repository/PrimoTours/LandingPage/secondPaxFirstNameField): Finding Test Object with id 'Object Repository/PrimoTours/LandingPage/secondPaxFirstNameField'

2017-12-04 16:02:34 - [TEST_STEP][PASSED] - Statement - xpathval = paxDetailFields + "[3]/div[contains(@class,"paxGenderSelectorContainer")]/span[contains(@class,"select2 select2-container")]/span[contains(@class,"selection")]/span[contains(@class,"select2-selection")]": null

2017-12-04 16:02:34 - [TEST_STEP][PASSED] - Statement - println("gender: " + xpathval): null

2017-12-04 16:02:34 - [TEST_STEP][PASSED] - Statement - repObj.findProperty("xpath").setValue(xpathval): null

2017-12-04 16:02:34 - [TEST_STEP][PASSED] - click: Unable to click on object 'Object Repository/PrimoTours/LandingPage/secondPaxFirstNameField' (Root cause: org.openqa.selenium.WebDriverException: unknown error: Element <span class="select2-selection select2-selection--single" role="combobox" aria-haspopup="true" aria-expanded="false" tabindex="0" aria-labelledby="select2-gender-2_1-5l-container">...</span> is not clickable at point (1168, 677). Other element would receive the click: <li class="select2-results__option" id="select2-gender-2_0-aq-result-h7pe-MS" role="treeitem" aria-selected="false">...</li>
  (Session info: chrome=62.0.3202.94)
  (Driver info: chromedriver=2.33.506120 (e3e53437346286c0bc2d2dc9aa4915ba81d9023f),platform=Windows NT 6.3.9600 x86_64) (WARNING: The server did not provide any stacktrace information)
Command duration or timeout: 0 milliseconds
Build info: version: '3.7.1', revision: '8a0099a', time: '2017-11-06T21:07:36.161Z'
System info: host: 'NEACSUNEW-PC', ip: '10.10.10.211', os.name: 'Windows 8.1', os.arch: 'amd64', os.version: '6.3', java.version: '1.8.0_102'
Driver info: com.kms.katalon.selenium.driver.CChromeDriver
Capabilities {acceptSslCerts: true, applicationCacheEnabled: false, browserConnectionEnabled: false, browserName: chrome, chrome: {chromedriverVersion: 2.33.506120 (e3e53437346286..., userDataDir: C:\Users\Cornel\AppData\Loc...}, cssSelectorsEnabled: true, databaseEnabled: false, handlesAlerts: true, hasTouchScreen: false, javascriptEnabled: true, locationContextEnabled: true, mobileEmulationEnabled: false, nativeEvents: true, networkConnectionEnabled: false, pageLoadStrategy: normal, platform: XP, platformName: XP, rotatable: false, setWindowRect: true, takesHeapSnapshot: true, takesScreenshot: true, unexpectedAlertBehaviour: , unhandledPromptBehavior: , version: 62.0.3202.94, webStorageEnabled: true}
Session ID: 1fec4de96296dcfc0476f06d79c0a4ed)

2017-12-04 16:02:34 - [MESSAGE][WARNING] - Unable to click on object 'Object Repository/PrimoTours/LandingPage/secondPaxFirstNameField' (Root cause: org.openqa.selenium.WebDriverException: unknown error: Element <span class="select2-selection select2-selection--single" role="combobox" aria-haspopup="true" aria-expanded="false" tabindex="0" aria-labelledby="select2-gender-2_1-5l-container">...</span> is not clickable at point (1168, 677). Other element would receive the click: <li class="select2-results__option" id="select2-gender-2_0-aq-result-h7pe-MS" role="treeitem" aria-selected="false">...</li>
  (Session info: chrome=62.0.3202.94)
  (Driver info: chromedriver=2.33.506120 (e3e53437346286c0bc2d2dc9aa4915ba81d9023f),platform=Windows NT 6.3.9600 x86_64) (WARNING: The server did not provide any stacktrace information)
Command duration or timeout: 0 milliseconds
Build info: version: '3.7.1', revision: '8a0099a', time: '2017-11-06T21:07:36.161Z'
System info: host: 'NEACSUNEW-PC', ip: '10.10.10.211', os.name: 'Windows 8.1', os.arch: 'amd64', os.version: '6.3', java.version: '1.8.0_102'
Driver info: com.kms.katalon.selenium.driver.CChromeDriver
Capabilities {acceptSslCerts: true, applicationCacheEnabled: false, browserConnectionEnabled: false, browserName: chrome, chrome: {chromedriverVersion: 2.33.506120 (e3e53437346286..., userDataDir: C:\Users\Cornel\AppData\Loc...}, cssSelectorsEnabled: true, databaseEnabled: false, handlesAlerts: true, hasTouchScreen: false, javascriptEnabled: true, locationContextEnabled: true, mobileEmulationEnabled: false, nativeEvents: true, networkConnectionEnabled: false, pageLoadStrategy: normal, platform: XP, platformName: XP, rotatable: false, setWindowRect: true, takesHeapSnapshot: true, takesScreenshot: true, unexpectedAlertBehaviour: , unhandledPromptBehavior: , version: 62.0.3202.94, webStorageEnabled: true}
Session ID: 1fec4de96296dcfc0476f06d79c0a4ed)
[[ATTACHMENT|D:\\Software testing\\Tourpaq\\Automated Katalon tests\\Primo WB test\\Reports\\WB Primo From Excel URLs\\20171204_155729\\1512396154503.png]]

2017-12-04 16:02:34 - [TEST_STEP][PASSED] - Statement - If (i == 1 & j == 1): null

2017-12-04 16:02:34 - [TEST_STEP][PASSED] - Statement - randomPaxIndex = java.lang.Math.abs(new java.util.Random().nextInt() % excelRowNo) + 1: null

2017-12-04 16:02:34 - [TEST_STEP][PASSED] - Statement - fname = rawData.getValue("FirstName", randomPaxIndex) + " AUT": null

2017-12-04 16:02:34 - [TEST_STEP][PASSED] - Statement - lname = rawData.getValue("LastName", randomPaxIndex): null

2017-12-04 16:02:34 - [TEST_STEP][PASSED] - Statement - pgender = rawData.getValue("Gender", randomPaxIndex): null

2017-12-04 16:02:34 - [TEST_STEP][PASSED] - Statement - pday = rawData.getValue("Day DOB", randomPaxIndex): null

2017-12-04 16:02:34 - [TEST_STEP][PASSED] - Statement - pmonth = rawData.getValue("Month DOB", randomPaxIndex): null

2017-12-04 16:02:34 - [TEST_STEP][PASSED] - Statement - pyear = rawData.getValue("Year DOB", randomPaxIndex): null

2017-12-04 16:02:34 - [TEST_STEP][PASSED] - Statement - paxDetailFields = paxInRoomXpath + "[" + j + "]/div[@class="col-md-x col-md-9"]/div[@class="row paxContainer"][1]/div[contains(@class,"paxAttribute")]": null

2017-12-04 16:02:34 - [TEST_STEP][PASSED] - Statement - xpathval = paxDetailFields + "[1]/div[contains(@class,"form-group")]/input[contains(@class,"paxFirstName")]": null

2017-12-04 16:02:34 - [TEST_STEP][PASSED] - Statement - println("fn: " + xpathval): null

2017-12-04 16:02:34 - [TEST_STEP][PASSED] - Statement - repObj = com.kms.katalon.core.testobject.ObjectRepository.findTestObject(Object Repository/PrimoTours/LandingPage/secondPaxFirstNameField): Finding Test Object with id 'Object Repository/PrimoTours/LandingPage/secondPaxFirstNameField'

2017-12-04 16:02:34 - [TEST_STEP][PASSED] - Statement - repObj.findProperty("xpath").setValue(xpathval): null

2017-12-04 16:02:34 - [TEST_STEP][PASSED] - setText: Text 'Bang AUT' is set on object 'Object Repository/PrimoTours/LandingPage/secondPaxFirstNameField'

2017-12-04 16:02:35 - [MESSAGE][PASSED] - Text 'Bang AUT' is set on object 'Object Repository/PrimoTours/LandingPage/secondPaxFirstNameField'

2017-12-04 16:02:35 - [TEST_STEP][PASSED] - Statement - xpathval = paxDetailFields + "[2]/div[contains(@class,"form-group")]/input[contains(@class,"paxLastName")]": null

2017-12-04 16:02:35 - [TEST_STEP][PASSED] - Statement - println("ln: " + xpathval): null

2017-12-04 16:02:35 - [TEST_STEP][PASSED] - Statement - repObj = com.kms.katalon.core.testobject.ObjectRepository.findTestObject(Object Repository/PrimoTours/LandingPage/secondPaxFirstNameField): Finding Test Object with id 'Object Repository/PrimoTours/LandingPage/secondPaxFirstNameField'

2017-12-04 16:02:35 - [TEST_STEP][PASSED] - Statement - repObj.findProperty("xpath").setValue(xpathval): null

2017-12-04 16:02:35 - [TEST_STEP][PASSED] - setText: Text 'Marianne' is set on object 'Object Repository/PrimoTours/LandingPage/secondPaxFirstNameField'

2017-12-04 16:02:35 - [MESSAGE][PASSED] - Text 'Marianne' is set on object 'Object Repository/PrimoTours/LandingPage/secondPaxFirstNameField'

2017-12-04 16:02:35 - [TEST_STEP][PASSED] - Statement - repObj = com.kms.katalon.core.testobject.ObjectRepository.findTestObject(Object Repository/PrimoTours/LandingPage/secondPaxFirstNameField): Finding Test Object with id 'Object Repository/PrimoTours/LandingPage/secondPaxFirstNameField'

2017-12-04 16:02:35 - [TEST_STEP][PASSED] - Statement - xpathval = paxDetailFields + "[3]/div[contains(@class,"paxGenderSelectorContainer")]/span[contains(@class,"select2 select2-container")]/span[contains(@class,"selection")]/span[contains(@class,"select2-selection")]": null

2017-12-04 16:02:35 - [TEST_STEP][PASSED] - Statement - println("gender: " + xpathval): null

2017-12-04 16:02:35 - [TEST_STEP][PASSED] - Statement - repObj.findProperty("xpath").setValue(xpathval): null

2017-12-04 16:02:35 - [TEST_STEP][PASSED] - click: Object: 'Object Repository/PrimoTours/LandingPage/secondPaxFirstNameField' is clicked on

2017-12-04 16:02:35 - [MESSAGE][PASSED] - Object: 'Object Repository/PrimoTours/LandingPage/secondPaxFirstNameField' is clicked on

2017-12-04 16:02:35 - [TEST_STEP][PASSED] - scrollToElement: Scroll to object 'Object Repository/PrimoTours/Old Objects/Coco (1)/PrimoT/SaveBooking2/Success/bookingTotalValue' successfully

2017-12-04 16:02:35 - [MESSAGE][PASSED] - Scroll to object 'Object Repository/PrimoTours/Old Objects/Coco (1)/PrimoT/SaveBooking2/Success/bookingTotalValue' successfully

2017-12-04 16:02:35 - [TEST_STEP][PASSED] - click: Object: 'Object Repository/PrimoTours/Old Objects/Coco (1)/PrimoT/SaveBooking2/Success/bookingTotalValue' is clicked on

2017-12-04 16:02:35 - [MESSAGE][PASSED] - Object: 'Object Repository/PrimoTours/Old Objects/Coco (1)/PrimoT/SaveBooking2/Success/bookingTotalValue' is clicked on

2017-12-04 16:02:35 - [TEST_STEP][PASSED] - scrollToElement: Scroll to object 'Object Repository/PrimoTours/Old Objects/Coco (1)/PrimoT/SaveBooking2/Success/Page_Primo Tours  Danmarks bedste c/nextButtonOnLandingPage' successfully

2017-12-04 16:02:35 - [MESSAGE][PASSED] - Scroll to object 'Object Repository/PrimoTours/Old Objects/Coco (1)/PrimoT/SaveBooking2/Success/Page_Primo Tours  Danmarks bedste c/nextButtonOnLandingPage' successfully

2017-12-04 16:02:35 - [TEST_STEP][PASSED] - waitForElementClickable: Object 'Object Repository/PrimoTours/Old Objects/Coco (1)/PrimoT/SaveBooking2/Success/Page_Primo Tours  Danmarks bedste c/nextButtonOnLandingPage' is clickable

2017-12-04 16:02:35 - [MESSAGE][PASSED] - Object 'Object Repository/PrimoTours/Old Objects/Coco (1)/PrimoT/SaveBooking2/Success/Page_Primo Tours  Danmarks bedste c/nextButtonOnLandingPage' is clickable

2017-12-04 16:02:35 - [TEST_STEP][PASSED] - waitForElementVisible: Object 'Object Repository/PrimoTours/Old Objects/Coco (1)/PrimoT/SaveBooking2/Success/Page_Primo Tours  Danmarks bedste c/nextButtonOnLandingPage' is visible

2017-12-04 16:02:35 - [MESSAGE][PASSED] - Object 'Object Repository/PrimoTours/Old Objects/Coco (1)/PrimoT/SaveBooking2/Success/Page_Primo Tours  Danmarks bedste c/nextButtonOnLandingPage' is visible

2017-12-04 16:02:35 - [TEST_STEP][PASSED] - scrollToElement: Scroll to object 'Object Repository/PrimoTours/Old Objects/Coco (1)/PrimoT/SaveBooking2/Success/Page_Primo Tours  Danmarks bedste c/nextButtonOnLandingPage' successfully

2017-12-04 16:02:35 - [MESSAGE][PASSED] - Scroll to object 'Object Repository/PrimoTours/Old Objects/Coco (1)/PrimoT/SaveBooking2/Success/Page_Primo Tours  Danmarks bedste c/nextButtonOnLandingPage' successfully

2017-12-04 16:02:35 - [TEST_STEP][PASSED] - click: Object: 'Object Repository/PrimoTours/Old Objects/Coco (1)/PrimoT/SaveBooking2/Success/Page_Primo Tours  Danmarks bedste c/nextButtonOnLandingPage' is clicked on

2017-12-04 16:02:35 - [MESSAGE][PASSED] - Object: 'Object Repository/PrimoTours/Old Objects/Coco (1)/PrimoT/SaveBooking2/Success/Page_Primo Tours  Danmarks bedste c/nextButtonOnLandingPage' is clicked on

2017-12-04 16:02:35 - [TEST_STEP][PASSED] - delay: Delayed 3 second(s)

2017-12-04 16:02:38 - [MESSAGE][PASSED] - Delayed 3 second(s)

2017-12-04 16:02:38 - [TEST_STEP][PASSED] - waitForElementNotVisible: Object 'Object Repository/PrimoTours/Old Objects/CCenter/pageLoaderOverlayLayer' is NOT visible

2017-12-04 16:02:39 - [MESSAGE][PASSED] - Object 'Object Repository/PrimoTours/Old Objects/CCenter/pageLoaderOverlayLayer' is NOT visible

2017-12-04 16:02:39 - [TEST_STEP][PASSED] - scrollToElement: Scroll to object 'Object Repository/PrimoTours/Old Objects/Coco/PrimoT/Ins2/Page_Primo Tours  Danmarks bedste c/travelInsuranceFirstPaxSelector' successfully

2017-12-04 16:02:39 - [MESSAGE][PASSED] - Scroll to object 'Object Repository/PrimoTours/Old Objects/Coco/PrimoT/Ins2/Page_Primo Tours  Danmarks bedste c/travelInsuranceFirstPaxSelector' successfully

2017-12-04 16:02:39 - [TEST_STEP][PASSED] - waitForElementPresent: Object 'Object Repository/PrimoTours/Old Objects/Coco/PrimoT/Ins2/Page_Primo Tours  Danmarks bedste c/travelInsuranceFirstPaxSelector' is present

2017-12-04 16:02:39 - [MESSAGE][PASSED] - Object 'Object Repository/PrimoTours/Old Objects/Coco/PrimoT/Ins2/Page_Primo Tours  Danmarks bedste c/travelInsuranceFirstPaxSelector' is present

2017-12-04 16:02:39 - [TEST_STEP][PASSED] - waitForElementVisible: Object 'Object Repository/PrimoTours/Old Objects/Coco/PrimoT/Ins2/Page_Primo Tours  Danmarks bedste c/travelInsuranceFirstPaxSelector' is visible

2017-12-04 16:02:39 - [MESSAGE][PASSED] - Object 'Object Repository/PrimoTours/Old Objects/Coco/PrimoT/Ins2/Page_Primo Tours  Danmarks bedste c/travelInsuranceFirstPaxSelector' is visible

2017-12-04 16:02:39 - [TEST_STEP][PASSED] - waitForElementClickable: Object 'Object Repository/PrimoTours/Old Objects/Coco/PrimoT/Ins2/Page_Primo Tours  Danmarks bedste c/travelInsuranceFirstPaxSelector' is clickable

2017-12-04 16:02:39 - [MESSAGE][PASSED] - Object 'Object Repository/PrimoTours/Old Objects/Coco/PrimoT/Ins2/Page_Primo Tours  Danmarks bedste c/travelInsuranceFirstPaxSelector' is clickable

2017-12-04 16:02:39 - [TEST_STEP][PASSED] - click: Object: 'Object Repository/PrimoTours/Old Objects/Coco/PrimoT/Ins2/Page_Primo Tours  Danmarks bedste c/travelInsuranceFirstPaxSelector' is clicked on

2017-12-04 16:02:39 - [MESSAGE][PASSED] - Object: 'Object Repository/PrimoTours/Old Objects/Coco/PrimoT/Ins2/Page_Primo Tours  Danmarks bedste c/travelInsuranceFirstPaxSelector' is clicked on

2017-12-04 16:02:39 - [TEST_STEP][PASSED] - Statement - Try: Object: 'Object Repository/PrimoTours/Old Objects/Coco/PrimoT/Ins2/Page_Primo Tours  Danmarks bedste c/firstTravelInsuranceOption' is clicked on

2017-12-04 16:02:39 - [TEST_STEP][PASSED] - click: Object: 'Object Repository/PrimoTours/Old Objects/Coco/PrimoT/Ins2/Page_Primo Tours  Danmarks bedste c/firstTravelInsuranceOption' is clicked on

2017-12-04 16:02:39 - [MESSAGE][PASSED] - Object: 'Object Repository/PrimoTours/Old Objects/Coco/PrimoT/Ins2/Page_Primo Tours  Danmarks bedste c/firstTravelInsuranceOption' is clicked on

2017-12-04 16:02:39 - [TEST_STEP][NOT_RUN] - click: NOT_RUN: click

2017-12-04 16:02:39 - [MESSAGE][NOT_RUN] - NOT_RUN: click

2017-12-04 16:02:39 - [TEST_STEP][NOT_RUN] - scrollToElement: NOT_RUN: scrollToElement

2017-12-04 16:02:39 - [MESSAGE][NOT_RUN] - NOT_RUN: scrollToElement

2017-12-04 16:02:39 - [TEST_STEP][NOT_RUN] - click: NOT_RUN: click

2017-12-04 16:02:39 - [MESSAGE][NOT_RUN] - NOT_RUN: click

2017-12-04 16:02:39 - [TEST_STEP][PASSED] - waitForElementVisible: Object 'Object Repository/PrimoTours/Old Objects/Coco (1)/PrimoT/SaveBooking2/Page_Primo Tours  Danmarks bedste c/individualInsuranceCheckbox' is visible

2017-12-04 16:02:39 - [MESSAGE][PASSED] - Object 'Object Repository/PrimoTours/Old Objects/Coco (1)/PrimoT/SaveBooking2/Page_Primo Tours  Danmarks bedste c/individualInsuranceCheckbox' is visible

2017-12-04 16:02:39 - [TEST_STEP][PASSED] - scrollToElement: Scroll to object 'Object Repository/PrimoTours/Old Objects/Coco (1)/PrimoT/SaveBooking2/Page_Primo Tours  Danmarks bedste c/individualInsuranceCheckbox' successfully

2017-12-04 16:02:39 - [MESSAGE][PASSED] - Scroll to object 'Object Repository/PrimoTours/Old Objects/Coco (1)/PrimoT/SaveBooking2/Page_Primo Tours  Danmarks bedste c/individualInsuranceCheckbox' successfully

2017-12-04 16:02:39 - [TEST_STEP][PASSED] - click: Object: 'Object Repository/PrimoTours/Old Objects/Coco (1)/PrimoT/SaveBooking2/Page_Primo Tours  Danmarks bedste c/individualInsuranceCheckbox' is clicked on

2017-12-04 16:02:39 - [MESSAGE][PASSED] - Object: 'Object Repository/PrimoTours/Old Objects/Coco (1)/PrimoT/SaveBooking2/Page_Primo Tours  Danmarks bedste c/individualInsuranceCheckbox' is clicked on

2017-12-04 16:02:39 - [TEST_STEP][PASSED] - scrollToElement: Scroll to object 'Object Repository/PrimoTours/Old Objects/Coco (1)/PrimoT/SaveBooking2/Success/firstProdCategIndividualSelectionRadioB' successfully

2017-12-04 16:02:39 - [MESSAGE][PASSED] - Scroll to object 'Object Repository/PrimoTours/Old Objects/Coco (1)/PrimoT/SaveBooking2/Success/firstProdCategIndividualSelectionRadioB' successfully

2017-12-04 16:02:39 - [TEST_STEP][PASSED] - waitForElementClickable: Object 'Object Repository/PrimoTours/Old Objects/Coco (1)/PrimoT/SaveBooking2/Success/firstProdCategIndividualSelectionRadioB' is clickable

2017-12-04 16:02:39 - [MESSAGE][PASSED] - Object 'Object Repository/PrimoTours/Old Objects/Coco (1)/PrimoT/SaveBooking2/Success/firstProdCategIndividualSelectionRadioB' is clickable

2017-12-04 16:02:39 - [TEST_STEP][PASSED] - scrollToElement: Scroll to object 'Object Repository/PrimoTours/Old Objects/Coco (1)/PrimoT/SaveBooking2/Success/firstProdCategIndividualSelectionRadioB' successfully

2017-12-04 16:02:40 - [MESSAGE][PASSED] - Scroll to object 'Object Repository/PrimoTours/Old Objects/Coco (1)/PrimoT/SaveBooking2/Success/firstProdCategIndividualSelectionRadioB' successfully

2017-12-04 16:02:40 - [TEST_STEP][PASSED] - click: Object: 'Object Repository/PrimoTours/Old Objects/Coco (1)/PrimoT/SaveBooking2/Success/firstProdCategIndividualSelectionRadioB' is clicked on

2017-12-04 16:02:40 - [MESSAGE][PASSED] - Object: 'Object Repository/PrimoTours/Old Objects/Coco (1)/PrimoT/SaveBooking2/Success/firstProdCategIndividualSelectionRadioB' is clicked on

2017-12-04 16:02:40 - [TEST_STEP][PASSED] - scrollToElement: Scroll to object 'Object Repository/PrimoTours/Old Objects/Coco (1)/PrimoT/SaveBooking2/Success/firstProdCategSelectForAllPaxCheckbox' successfully

2017-12-04 16:02:40 - [MESSAGE][PASSED] - Scroll to object 'Object Repository/PrimoTours/Old Objects/Coco (1)/PrimoT/SaveBooking2/Success/firstProdCategSelectForAllPaxCheckbox' successfully

2017-12-04 16:02:40 - [TEST_STEP][PASSED] - waitForElementClickable: Object 'Object Repository/PrimoTours/Old Objects/Coco (1)/PrimoT/SaveBooking2/Success/firstProdCategSelectForAllPaxCheckbox' is clickable

2017-12-04 16:02:40 - [MESSAGE][PASSED] - Object 'Object Repository/PrimoTours/Old Objects/Coco (1)/PrimoT/SaveBooking2/Success/firstProdCategSelectForAllPaxCheckbox' is clickable

2017-12-04 16:02:40 - [TEST_STEP][PASSED] - click: Object: 'Object Repository/PrimoTours/Old Objects/Coco (1)/PrimoT/SaveBooking2/Success/firstProdCategSelectForAllPaxCheckbox' is clicked on

2017-12-04 16:02:40 - [MESSAGE][PASSED] - Object: 'Object Repository/PrimoTours/Old Objects/Coco (1)/PrimoT/SaveBooking2/Success/firstProdCategSelectForAllPaxCheckbox' is clicked on

2017-12-04 16:02:40 - [TEST_STEP][NOT_RUN] - scrollToElement: NOT_RUN: scrollToElement

2017-12-04 16:02:40 - [MESSAGE][NOT_RUN] - NOT_RUN: scrollToElement

2017-12-04 16:02:40 - [TEST_STEP][NOT_RUN] - scrollToElement: NOT_RUN: scrollToElement

2017-12-04 16:02:40 - [MESSAGE][NOT_RUN] - NOT_RUN: scrollToElement

2017-12-04 16:02:40 - [TEST_STEP][NOT_RUN] - click: NOT_RUN: click

2017-12-04 16:02:40 - [MESSAGE][NOT_RUN] - NOT_RUN: click

2017-12-04 16:02:40 - [TEST_STEP][PASSED] - scrollToElement: Scroll to object 'Object Repository/PrimoTours/ConfirmationPage/labelForAgreeTermsAndConditions' successfully

2017-12-04 16:02:41 - [MESSAGE][PASSED] - Scroll to object 'Object Repository/PrimoTours/ConfirmationPage/labelForAgreeTermsAndConditions' successfully

2017-12-04 16:02:41 - [TEST_STEP][PASSED] - waitForElementClickable: Object 'Object Repository/PrimoTours/ConfirmationPage/labelForAgreeTermsAndConditions' is clickable

2017-12-04 16:02:41 - [MESSAGE][PASSED] - Object 'Object Repository/PrimoTours/ConfirmationPage/labelForAgreeTermsAndConditions' is clickable

2017-12-04 16:02:41 - [TEST_STEP][PASSED] - click: Object: 'Object Repository/PrimoTours/ConfirmationPage/labelForAgreeTermsAndConditions' is clicked on

2017-12-04 16:02:41 - [MESSAGE][PASSED] - Object: 'Object Repository/PrimoTours/ConfirmationPage/labelForAgreeTermsAndConditions' is clicked on

2017-12-04 16:02:41 - [TEST_STEP][PASSED] - scrollToElement: Scroll to object 'Object Repository/PrimoTours/ConfirmationPage/placeBookingButton' successfully

2017-12-04 16:02:41 - [MESSAGE][PASSED] - Scroll to object 'Object Repository/PrimoTours/ConfirmationPage/placeBookingButton' successfully

2017-12-04 16:02:41 - [TEST_STEP][PASSED] - delay: Delayed 1 second(s)

2017-12-04 16:02:42 - [MESSAGE][PASSED] - Delayed 1 second(s)

2017-12-04 16:02:42 - [TEST_STEP][PASSED] - waitForElementClickable: Object 'Object Repository/PrimoTours/ConfirmationPage/placeBookingButton' is clickable

2017-12-04 16:02:42 - [MESSAGE][PASSED] - Object 'Object Repository/PrimoTours/ConfirmationPage/placeBookingButton' is clickable

2017-12-04 16:02:42 - [TEST_STEP][PASSED] - Statement - Try: Object: 'Object Repository/PrimoTours/ConfirmationPage/placeBookingButton' is clicked on

2017-12-04 16:02:42 - [TEST_STEP][PASSED] - click: Object: 'Object Repository/PrimoTours/ConfirmationPage/placeBookingButton' is clicked on

2017-12-04 16:02:42 - [MESSAGE][PASSED] - Object: 'Object Repository/PrimoTours/ConfirmationPage/placeBookingButton' is clicked on

2017-12-04 16:02:42 - [TEST_STEP][PASSED] - delay: Delayed 3 second(s)

2017-12-04 16:02:45 - [MESSAGE][PASSED] - Delayed 3 second(s)

2017-12-04 16:02:45 - [TEST_STEP][PASSED] - waitForPageLoad: Wait for page load successfully

2017-12-04 16:02:45 - [MESSAGE][PASSED] - Wait for page load successfully

2017-12-04 16:02:45 - [TEST_STEP][PASSED] - delay: Delayed 3 second(s)

2017-12-04 16:02:48 - [MESSAGE][PASSED] - Delayed 3 second(s)

2017-12-04 16:02:48 - [TEST_STEP][PASSED] - waitForElementPresent: Object 'Object Repository/PrimoTours/Old Objects/ThankYouPage/bookingNoContainer' is present

2017-12-04 16:02:50 - [MESSAGE][PASSED] - Object 'Object Repository/PrimoTours/Old Objects/ThankYouPage/bookingNoContainer' is present

2017-12-04 16:02:50 - [TEST_STEP][PASSED] - waitForJQueryLoad: jQuery is ready.

2017-12-04 16:02:50 - [MESSAGE][PASSED] - jQuery is ready.

2017-12-04 16:02:50 - [TEST_STEP][PASSED] - waitForElementPresent: Object 'Object Repository/PrimoTours/Old Objects/CCenter/pageLoaderOverlayLayer' is present

2017-12-04 16:02:50 - [MESSAGE][PASSED] - Object 'Object Repository/PrimoTours/Old Objects/CCenter/pageLoaderOverlayLayer' is present

2017-12-04 16:02:50 - [TEST_STEP][PASSED] - waitForElementPresent: Object 'Object Repository/PrimoTours/Old Objects/CCenter/pageLoaderOverlayLayer' is present

2017-12-04 16:02:50 - [MESSAGE][PASSED] - Object 'Object Repository/PrimoTours/Old Objects/CCenter/pageLoaderOverlayLayer' is present

2017-12-04 16:02:50 - [TEST_STEP][PASSED] - waitForElementNotVisible: Object 'Object Repository/PrimoTours/Old Objects/CCenter/pageLoaderOverlayLayer' is NOT visible

2017-12-04 16:02:51 - [MESSAGE][PASSED] - Object 'Object Repository/PrimoTours/Old Objects/CCenter/pageLoaderOverlayLayer' is NOT visible

2017-12-04 16:02:51 - [TEST_STEP][PASSED] - waitForElementPresent: Object 'Object Repository/PrimoTours/Old Objects/ThankYouPage/bookingNoContainer' is present

2017-12-04 16:02:51 - [MESSAGE][PASSED] - Object 'Object Repository/PrimoTours/Old Objects/ThankYouPage/bookingNoContainer' is present

2017-12-04 16:02:51 - [TEST_STEP][PASSED] - waitForElementClickable: Object 'Object Repository/PrimoTours/Old Objects/ThankYouPage/bookingNoContainer' is clickable

2017-12-04 16:02:51 - [MESSAGE][PASSED] - Object 'Object Repository/PrimoTours/Old Objects/ThankYouPage/bookingNoContainer' is clickable

2017-12-04 16:02:51 - [TEST_STEP][PASSED] - verifyElementVisible: Object 'Object Repository/PrimoTours/Old Objects/ThankYouPage/bookingNoContainer' is visible

2017-12-04 16:02:51 - [MESSAGE][PASSED] - Object 'Object Repository/PrimoTours/Old Objects/ThankYouPage/bookingNoContainer' is visible

2017-12-04 16:02:51 - [TEST_STEP][PASSED] - verifyElementVisible: Object 'Object Repository/PrimoTours/Old Objects/ThankYouPage/bookingTotalInfo' is visible

2017-12-04 16:02:51 - [MESSAGE][PASSED] - Object 'Object Repository/PrimoTours/Old Objects/ThankYouPage/bookingTotalInfo' is visible

2017-12-04 16:02:51 - [TEST_STEP][PASSED] - verifyElementVisible: Object 'Object Repository/PrimoTours/Old Objects/ThankYouPage/bookingTotalPriceBar' is visible

2017-12-04 16:02:51 - [MESSAGE][PASSED] - Object 'Object Repository/PrimoTours/Old Objects/ThankYouPage/bookingTotalPriceBar' is visible

2017-12-04 16:02:51 - [TEST_STEP][PASSED] - verifyElementVisible: Object 'Object Repository/PrimoTours/Old Objects/ThankYouPage/printTicketSpan' is visible

2017-12-04 16:02:51 - [MESSAGE][PASSED] - Object 'Object Repository/PrimoTours/Old Objects/ThankYouPage/printTicketSpan' is visible

2017-12-04 16:02:51 - [TEST_STEP][PASSED] - waitForElementClickable: Object 'Object Repository/PrimoTours/Old Objects/ThankYouPage/printTicketSpan' is clickable

2017-12-04 16:02:51 - [MESSAGE][PASSED] - Object 'Object Repository/PrimoTours/Old Objects/ThankYouPage/printTicketSpan' is clickable

2017-12-04 16:02:51 - [TEST_STEP][PASSED] - waitForElementNotVisible: Object 'Object Repository/PrimoTours/Old Objects/CCenter/pageLoaderOverlayLayer' is NOT visible

2017-12-04 16:02:51 - [MESSAGE][PASSED] - Object 'Object Repository/PrimoTours/Old Objects/CCenter/pageLoaderOverlayLayer' is NOT visible

2017-12-04 16:02:51 - [TEST_STEP][PASSED] - Statement - Try: Object: 'Object Repository/PrimoTours/Old Objects/ThankYouPage/printTicketSpan' is clicked on

2017-12-04 16:02:51 - [TEST_STEP][PASSED] - click: Object: 'Object Repository/PrimoTours/Old Objects/ThankYouPage/printTicketSpan' is clicked on

2017-12-04 16:02:57 - [MESSAGE][PASSED] - Object: 'Object Repository/PrimoTours/Old Objects/ThankYouPage/printTicketSpan' is clicked on

2017-12-04 16:02:57 - [TEST_STEP][PASSED] - delay: Delayed 2 second(s)

2017-12-04 16:02:59 - [MESSAGE][PASSED] - Delayed 2 second(s)

2017-12-04 16:02:59 - [TEST_STEP][PASSED] - waitForElementVisible: Object 'Object Repository/PrimoTours/Old Objects/ThankYouPage/cCenterButton' is visible

2017-12-04 16:02:59 - [MESSAGE][PASSED] - Object 'Object Repository/PrimoTours/Old Objects/ThankYouPage/cCenterButton' is visible

2017-12-04 16:02:59 - [TEST_STEP][PASSED] - waitForElementClickable: Object 'Object Repository/PrimoTours/Old Objects/ThankYouPage/cCenterButton' is clickable

2017-12-04 16:02:59 - [MESSAGE][PASSED] - Object 'Object Repository/PrimoTours/Old Objects/ThankYouPage/cCenterButton' is clickable

2017-12-04 16:02:59 - [TEST_STEP][PASSED] - click: Object: 'Object Repository/PrimoTours/Old Objects/ThankYouPage/cCenterButton' is clicked on

2017-12-04 16:02:59 - [MESSAGE][PASSED] - Object: 'Object Repository/PrimoTours/Old Objects/ThankYouPage/cCenterButton' is clicked on

2017-12-04 16:02:59 - [TEST_STEP][PASSED] - waitForPageLoad: Wait for page load successfully

2017-12-04 16:02:59 - [MESSAGE][PASSED] - Wait for page load successfully

2017-12-04 16:02:59 - [TEST_STEP][PASSED] - waitForJQueryLoad: jQuery is ready.

2017-12-04 16:02:59 - [MESSAGE][PASSED] - jQuery is ready.

2017-12-04 16:02:59 - [TEST_STEP][PASSED] - waitForElementPresent: Object 'Object Repository/PrimoTours/Old Objects/CCenter/pageLoaderOverlayLayer' is present

2017-12-04 16:02:59 - [MESSAGE][PASSED] - Object 'Object Repository/PrimoTours/Old Objects/CCenter/pageLoaderOverlayLayer' is present

2017-12-04 16:02:59 - [TEST_STEP][PASSED] - waitForElementNotVisible: Object 'Object Repository/PrimoTours/Old Objects/CCenter/pageLoaderOverlayLayer' is NOT visible

2017-12-04 16:02:59 - [MESSAGE][PASSED] - Object 'Object Repository/PrimoTours/Old Objects/CCenter/pageLoaderOverlayLayer' is NOT visible

2017-12-04 16:02:59 - [TEST_STEP][PASSED] - verifyElementVisible: Object 'Object Repository/PrimoTours/Old Objects/ThankYouPage/bookingNoContainer' is visible

2017-12-04 16:03:00 - [MESSAGE][PASSED] - Object 'Object Repository/PrimoTours/Old Objects/ThankYouPage/bookingNoContainer' is visible

2017-12-04 16:03:00 - [TEST_STEP][PASSED] - verifyElementVisible: Object 'Object Repository/PrimoTours/Old Objects/ThankYouPage/bookingTotalPriceBar' is visible

2017-12-04 16:03:00 - [MESSAGE][PASSED] - Object 'Object Repository/PrimoTours/Old Objects/ThankYouPage/bookingTotalPriceBar' is visible

2017-12-04 16:03:00 - [TEST_STEP][PASSED] - delay: Delayed 1 second(s)

2017-12-04 16:03:01 - [MESSAGE][PASSED] - Delayed 1 second(s)]]></system-out>
         <system-err><![CDATA[]]></system-err>
      </testcase>
      <testcase name="Test Cases/PrimoTours/WB Primo/WB Primo staging - place booking - Iteration 9" classname="Test Cases/PrimoTours/WB Primo/WB Primo staging - place booking" status="FAILED">
         <failure type="FAILED" message="Test Cases/PrimoTours/WB Primo/WB Primo staging - place booking FAILED because (of) Unable to click on object 'Object Repository/PrimoTours/Old Objects/Coco/PrimoT/Ins2/Page_Primo Tours  Danmarks bedste c/travelInsuranceFirstPaxSelector' (Root cause: org.openqa.selenium.WebDriverException: unknown error: Element &lt;span class=&quot;select2-selection__rendered&quot; id=&quot;select2-ddlInsurance-sk-container&quot; title=&quot;...&quot;>Vælg forsikring&lt;/span> is not clickable at point (854, 19). Other element would receive the click: &lt;div class=&quot;col-md-9&quot;>...&lt;/div>
  (Session info: chrome=62.0.3202.94)
  (Driver info: chromedriver=2.33.506120 (e3e53437346286c0bc2d2dc9aa4915ba81d9023f),platform=Windows NT 6.3.9600 x86_64) (WARNING: The server did not provide any stacktrace information)
Command duration or timeout: 0 milliseconds
Build info: version: '3.7.1', revision: '8a0099a', time: '2017-11-06T21:07:36.161Z'
System info: host: 'NEACSUNEW-PC', ip: '10.10.10.211', os.name: 'Windows 8.1', os.arch: 'amd64', os.version: '6.3', java.version: '1.8.0_102'
Driver info: com.kms.katalon.selenium.driver.CChromeDriver
Capabilities {acceptSslCerts: true, applicationCacheEnabled: false, browserConnectionEnabled: false, browserName: chrome, chrome: {chromedriverVersion: 2.33.506120 (e3e53437346286..., userDataDir: C:\Users\Cornel\AppData\Loc...}, cssSelectorsEnabled: true, databaseEnabled: false, handlesAlerts: true, hasTouchScreen: false, javascriptEnabled: true, locationContextEnabled: true, mobileEmulationEnabled: false, nativeEvents: true, networkConnectionEnabled: false, pageLoadStrategy: normal, platform: XP, platformName: XP, rotatable: false, setWindowRect: true, takesHeapSnapshot: true, takesScreenshot: true, unexpectedAlertBehaviour: , unhandledPromptBehavior: , version: 62.0.3202.94, webStorageEnabled: true}
Session ID: 859a56eb311e612f064a688be7ec195c)"/>
         <system-out><![CDATA[2017-12-04 16:03:01 - [TEST_CASE][FAILED] - Test Cases/PrimoTours/WB Primo/WB Primo staging - place booking - Iteration 9: Test Cases/PrimoTours/WB Primo/WB Primo staging - place booking FAILED because (of) Unable to click on object 'Object Repository/PrimoTours/Old Objects/Coco/PrimoT/Ins2/Page_Primo Tours  Danmarks bedste c/travelInsuranceFirstPaxSelector' (Root cause: org.openqa.selenium.WebDriverException: unknown error: Element <span class="select2-selection__rendered" id="select2-ddlInsurance-sk-container" title="...">Vælg forsikring</span> is not clickable at point (854, 19). Other element would receive the click: <div class="col-md-9">...</div>
  (Session info: chrome=62.0.3202.94)
  (Driver info: chromedriver=2.33.506120 (e3e53437346286c0bc2d2dc9aa4915ba81d9023f),platform=Windows NT 6.3.9600 x86_64) (WARNING: The server did not provide any stacktrace information)
Command duration or timeout: 0 milliseconds
Build info: version: '3.7.1', revision: '8a0099a', time: '2017-11-06T21:07:36.161Z'
System info: host: 'NEACSUNEW-PC', ip: '10.10.10.211', os.name: 'Windows 8.1', os.arch: 'amd64', os.version: '6.3', java.version: '1.8.0_102'
Driver info: com.kms.katalon.selenium.driver.CChromeDriver
Capabilities {acceptSslCerts: true, applicationCacheEnabled: false, browserConnectionEnabled: false, browserName: chrome, chrome: {chromedriverVersion: 2.33.506120 (e3e53437346286..., userDataDir: C:\Users\Cornel\AppData\Loc...}, cssSelectorsEnabled: true, databaseEnabled: false, handlesAlerts: true, hasTouchScreen: false, javascriptEnabled: true, locationContextEnabled: true, mobileEmulationEnabled: false, nativeEvents: true, networkConnectionEnabled: false, pageLoadStrategy: normal, platform: XP, platformName: XP, rotatable: false, setWindowRect: true, takesHeapSnapshot: true, takesScreenshot: true, unexpectedAlertBehaviour: , unhandledPromptBehavior: , version: 62.0.3202.94, webStorageEnabled: true}
Session ID: 859a56eb311e612f064a688be7ec195c)

2017-12-04 16:03:01 - [TEST_STEP][PASSED] - openBrowser: Browser is opened with url: ''

2017-12-04 16:03:01 - [MESSAGE][WARNING] - A browser is already opened. Closing browser and opening a new one

2017-12-04 16:03:03 - [MESSAGE][PASSED] - Browser is opened with url: ''

2017-12-04 16:03:03 - [TEST_STEP][PASSED] - maximizeWindow: Current window maximized

2017-12-04 16:03:05 - [MESSAGE][PASSED] - Current window maximized

2017-12-04 16:03:05 - [TEST_STEP][PASSED] - navigateToUrl: Navigate to 'https://staging-primotours-webbooking.tourpaq.com/DoBooking.aspx?pltaID=1480269&p=1&rno=6&pt=1&a=16&c=4&aa=&ca=0,1,4,6' successfully

2017-12-04 16:03:07 - [MESSAGE][PASSED] - Navigate to 'https://staging-primotours-webbooking.tourpaq.com/DoBooking.aspx?pltaID=1480269&p=1&rno=6&pt=1&a=16&c=4&aa=&ca=0,1,4,6' successfully

2017-12-04 16:03:07 - [TEST_STEP][PASSED] - Statement - excelInfo = ["fname":"", "lname":"", "pgender":"", "pday":"", "pmonth":"", "pyear":""]: null

2017-12-04 16:03:07 - [TEST_STEP][PASSED] - Statement - rawData = com.kms.katalon.core.testdata.TestDataFactory.findTestData("Data Files/WB_Primo/Passenger_details"): Reading excel file with source file 'D:\Software testing\Tourpaq\Automated Katalon tests\Primo WB test\Data Files\Primo_URLs_For_Automated_Test.xls' and sheet name 'Passenger Names'

2017-12-04 16:03:07 - [TEST_STEP][PASSED] - Statement - excelRowNo = rawData.getRowNumbers(): null

2017-12-04 16:03:07 - [TEST_STEP][PASSED] - Statement - randomPaxIndex = java.lang.Math.abs(new java.util.Random().nextInt() % excelRowNo) + 1: null

2017-12-04 16:03:07 - [TEST_STEP][PASSED] - Statement - fname = rawData.getValue("FirstName", randomPaxIndex): null

2017-12-04 16:03:07 - [TEST_STEP][PASSED] - Statement - lname = rawData.getValue("LastName", randomPaxIndex): null

2017-12-04 16:03:07 - [TEST_STEP][PASSED] - Statement - pgender = rawData.getValue("Gender", randomPaxIndex): null

2017-12-04 16:03:07 - [TEST_STEP][PASSED] - setText: Text 'Votborg AUT' is set on object 'Object Repository/PrimoTours/Old Objects/Coco/PrimoT/Page_Primo Tours  Danmarks bedste c/input_firstName'

2017-12-04 16:03:08 - [MESSAGE][PASSED] - Text 'Votborg AUT' is set on object 'Object Repository/PrimoTours/Old Objects/Coco/PrimoT/Page_Primo Tours  Danmarks bedste c/input_firstName'

2017-12-04 16:03:08 - [TEST_STEP][PASSED] - setText: Text 'Silas Vilsgaard' is set on object 'Object Repository/PrimoTours/Old Objects/Coco/PrimoT/Page_Primo Tours  Danmarks bedste c/input_lastName'

2017-12-04 16:03:08 - [MESSAGE][PASSED] - Text 'Silas Vilsgaard' is set on object 'Object Repository/PrimoTours/Old Objects/Coco/PrimoT/Page_Primo Tours  Danmarks bedste c/input_lastName'

2017-12-04 16:03:08 - [TEST_STEP][PASSED] - click: Object: 'Object Repository/PrimoTours/LandingPage/customerGender' is clicked on

2017-12-04 16:03:08 - [MESSAGE][PASSED] - Object: 'Object Repository/PrimoTours/LandingPage/customerGender' is clicked on

2017-12-04 16:03:08 - [TEST_STEP][PASSED] - setText: Text 'Home address' is set on object 'Object Repository/PrimoTours/Old Objects/Coco/PrimoT/Page_Primo Tours  Danmarks bedste c/input_customerAddress'

2017-12-04 16:03:09 - [MESSAGE][PASSED] - Text 'Home address' is set on object 'Object Repository/PrimoTours/Old Objects/Coco/PrimoT/Page_Primo Tours  Danmarks bedste c/input_customerAddress'

2017-12-04 16:03:09 - [TEST_STEP][PASSED] - setText: Text '6700' is set on object 'Object Repository/PrimoTours/Old Objects/Coco/PrimoT/Page_Primo Tours  Danmarks bedste c/input_customerPostcode'

2017-12-04 16:03:09 - [MESSAGE][PASSED] - Text '6700' is set on object 'Object Repository/PrimoTours/Old Objects/Coco/PrimoT/Page_Primo Tours  Danmarks bedste c/input_customerPostcode'

2017-12-04 16:03:09 - [TEST_STEP][PASSED] - setText: Text 'cornel.neacsu@roweb.ro' is set on object 'Object Repository/PrimoTours/Old Objects/Coco/PrimoT/Page_Primo Tours  Danmarks bedste c/input_customerEmail'

2017-12-04 16:03:09 - [MESSAGE][PASSED] - Text 'cornel.neacsu@roweb.ro' is set on object 'Object Repository/PrimoTours/Old Objects/Coco/PrimoT/Page_Primo Tours  Danmarks bedste c/input_customerEmail'

2017-12-04 16:03:09 - [TEST_STEP][PASSED] - setText: Text '12345678' is set on object 'Object Repository/PrimoTours/Old Objects/Coco/PrimoT/Page_Primo Tours  Danmarks bedste c/input_customerPhone'

2017-12-04 16:03:10 - [MESSAGE][PASSED] - Text '12345678' is set on object 'Object Repository/PrimoTours/Old Objects/Coco/PrimoT/Page_Primo Tours  Danmarks bedste c/input_customerPhone'

2017-12-04 16:03:10 - [TEST_STEP][PASSED] - waitForElementClickable: Object 'Object Repository/PrimoTours/Old Objects/Coco/PrimoT/Page_Primo Tours  Danmarks bedste c/input_firstname-0_1' is clickable

2017-12-04 16:03:11 - [MESSAGE][PASSED] - Object 'Object Repository/PrimoTours/Old Objects/Coco/PrimoT/Page_Primo Tours  Danmarks bedste c/input_firstname-0_1' is clickable

2017-12-04 16:03:11 - [TEST_STEP][PASSED] - Statement - driver = com.kms.katalon.core.webui.driver.DriverFactory.getWebDriver(): null

2017-12-04 16:03:11 - [TEST_STEP][PASSED] - Statement - roomContainerXpath = "id("roomAndStaticOptionsContainer")/div[@class="row"]/div[@class="col-md-12 roomContainer"]": null

2017-12-04 16:03:11 - [TEST_STEP][PASSED] - Statement - roomsCount = driver.findElements(org.openqa.selenium.By.xpath(roomContainerXpath)).size(): null

2017-12-04 16:03:11 - [TEST_STEP][PASSED] - Statement - println("roomsCount=" + roomsCount): null

2017-12-04 16:03:11 - [TEST_STEP][PASSED] - Statement - For ([i = 1, i <= roomsCount, (i++)]): Object: 'Object Repository/PrimoTours/LandingPage/secondPaxFirstNameField' is clicked on

2017-12-04 16:03:11 - [TEST_STEP][PASSED] - Statement - paxInRoomXpath = "id("passengersContainer_" + i - 1 + "")/div[@class="col-md-12"]/div[@class="row"]": null

2017-12-04 16:03:11 - [TEST_STEP][PASSED] - Statement - println("paxInRoomXpath=" + paxInRoomXpath): null

2017-12-04 16:03:11 - [TEST_STEP][PASSED] - Statement - paxInRoomCount = driver.findElements(org.openqa.selenium.By.xpath(paxInRoomXpath)).size(): null

2017-12-04 16:03:11 - [TEST_STEP][PASSED] - Statement - println("paxInRoomCount=" + paxInRoomCount): null

2017-12-04 16:03:11 - [TEST_STEP][PASSED] - Statement - For ([j = 1, j <= paxInRoomCount, (j++)]): Unable to click on object 'Object Repository/PrimoTours/LandingPage/secondPaxFirstNameField' (Root cause: org.openqa.selenium.WebDriverException: unknown error: Element <span class="select2-selection select2-selection--single" role="combobox" aria-haspopup="true" aria-expanded="false" tabindex="0" aria-labelledby="select2-gender-0_4-8u-container">...</span> is not clickable at point (1168, 857). Other element would receive the click: <li class="select2-results__option" id="select2-gender-0_3-zj-result-ozh0-MS" role="treeitem" aria-selected="false">...</li>
  (Session info: chrome=62.0.3202.94)
  (Driver info: chromedriver=2.33.506120 (e3e53437346286c0bc2d2dc9aa4915ba81d9023f),platform=Windows NT 6.3.9600 x86_64) (WARNING: The server did not provide any stacktrace information)
Command duration or timeout: 0 milliseconds
Build info: version: '3.7.1', revision: '8a0099a', time: '2017-11-06T21:07:36.161Z'
System info: host: 'NEACSUNEW-PC', ip: '10.10.10.211', os.name: 'Windows 8.1', os.arch: 'amd64', os.version: '6.3', java.version: '1.8.0_102'
Driver info: com.kms.katalon.selenium.driver.CChromeDriver
Capabilities {acceptSslCerts: true, applicationCacheEnabled: false, browserConnectionEnabled: false, browserName: chrome, chrome: {chromedriverVersion: 2.33.506120 (e3e53437346286..., userDataDir: C:\Users\Cornel\AppData\Loc...}, cssSelectorsEnabled: true, databaseEnabled: false, handlesAlerts: true, hasTouchScreen: false, javascriptEnabled: true, locationContextEnabled: true, mobileEmulationEnabled: false, nativeEvents: true, networkConnectionEnabled: false, pageLoadStrategy: normal, platform: XP, platformName: XP, rotatable: false, setWindowRect: true, takesHeapSnapshot: true, takesScreenshot: true, unexpectedAlertBehaviour: , unhandledPromptBehavior: , version: 62.0.3202.94, webStorageEnabled: true}
Session ID: 859a56eb311e612f064a688be7ec195c)

2017-12-04 16:03:11 - [TEST_STEP][PASSED] - Statement - If (i == 1 & j == 1): null

2017-12-04 16:03:11 - [TEST_STEP][PASSED] - Statement - <not implemented yet for class: org.codehaus.groovy.ast.stmt.ContinueStatement>: null

2017-12-04 16:03:11 - [TEST_STEP][PASSED] - Statement - If (i == 1 & j == 1): null

2017-12-04 16:03:11 - [TEST_STEP][PASSED] - Statement - randomPaxIndex = java.lang.Math.abs(new java.util.Random().nextInt() % excelRowNo) + 1: null

2017-12-04 16:03:11 - [TEST_STEP][PASSED] - Statement - fname = rawData.getValue("FirstName", randomPaxIndex) + " AUT": null

2017-12-04 16:03:11 - [TEST_STEP][PASSED] - Statement - lname = rawData.getValue("LastName", randomPaxIndex): null

2017-12-04 16:03:11 - [TEST_STEP][PASSED] - Statement - pgender = rawData.getValue("Gender", randomPaxIndex): null

2017-12-04 16:03:11 - [TEST_STEP][PASSED] - Statement - pday = rawData.getValue("Day DOB", randomPaxIndex): null

2017-12-04 16:03:11 - [TEST_STEP][PASSED] - Statement - pmonth = rawData.getValue("Month DOB", randomPaxIndex): null

2017-12-04 16:03:11 - [TEST_STEP][PASSED] - Statement - pyear = rawData.getValue("Year DOB", randomPaxIndex): null

2017-12-04 16:03:11 - [TEST_STEP][PASSED] - Statement - paxDetailFields = paxInRoomXpath + "[" + j + "]/div[@class="col-md-x col-md-9"]/div[@class="row paxContainer"][1]/div[contains(@class,"paxAttribute")]": null

2017-12-04 16:03:11 - [TEST_STEP][PASSED] - Statement - xpathval = paxDetailFields + "[1]/div[contains(@class,"form-group")]/input[contains(@class,"paxFirstName")]": null

2017-12-04 16:03:11 - [TEST_STEP][PASSED] - Statement - println("fn: " + xpathval): null

2017-12-04 16:03:11 - [TEST_STEP][PASSED] - Statement - repObj = com.kms.katalon.core.testobject.ObjectRepository.findTestObject(Object Repository/PrimoTours/LandingPage/secondPaxFirstNameField): Finding Test Object with id 'Object Repository/PrimoTours/LandingPage/secondPaxFirstNameField'

2017-12-04 16:03:11 - [TEST_STEP][PASSED] - Statement - repObj.findProperty("xpath").setValue(xpathval): null

2017-12-04 16:03:11 - [TEST_STEP][PASSED] - setText: Text 'Thorsteinsdottir AUT' is set on object 'Object Repository/PrimoTours/LandingPage/secondPaxFirstNameField'

2017-12-04 16:03:12 - [MESSAGE][PASSED] - Text 'Thorsteinsdottir AUT' is set on object 'Object Repository/PrimoTours/LandingPage/secondPaxFirstNameField'

2017-12-04 16:03:12 - [TEST_STEP][PASSED] - Statement - xpathval = paxDetailFields + "[2]/div[contains(@class,"form-group")]/input[contains(@class,"paxLastName")]": null

2017-12-04 16:03:12 - [TEST_STEP][PASSED] - Statement - println("ln: " + xpathval): null

2017-12-04 16:03:12 - [TEST_STEP][PASSED] - Statement - repObj = com.kms.katalon.core.testobject.ObjectRepository.findTestObject(Object Repository/PrimoTours/LandingPage/secondPaxFirstNameField): Finding Test Object with id 'Object Repository/PrimoTours/LandingPage/secondPaxFirstNameField'

2017-12-04 16:03:12 - [TEST_STEP][PASSED] - Statement - repObj.findProperty("xpath").setValue(xpathval): null

2017-12-04 16:03:12 - [TEST_STEP][PASSED] - setText: Text 'Ingibjørg Asta' is set on object 'Object Repository/PrimoTours/LandingPage/secondPaxFirstNameField'

2017-12-04 16:03:12 - [MESSAGE][PASSED] - Text 'Ingibjørg Asta' is set on object 'Object Repository/PrimoTours/LandingPage/secondPaxFirstNameField'

2017-12-04 16:03:12 - [TEST_STEP][PASSED] - Statement - repObj = com.kms.katalon.core.testobject.ObjectRepository.findTestObject(Object Repository/PrimoTours/LandingPage/secondPaxFirstNameField): Finding Test Object with id 'Object Repository/PrimoTours/LandingPage/secondPaxFirstNameField'

2017-12-04 16:03:12 - [TEST_STEP][PASSED] - Statement - xpathval = paxDetailFields + "[3]/div[contains(@class,"paxGenderSelectorContainer")]/span[contains(@class,"select2 select2-container")]/span[contains(@class,"selection")]/span[contains(@class,"select2-selection")]": null

2017-12-04 16:03:12 - [TEST_STEP][PASSED] - Statement - println("gender: " + xpathval): null

2017-12-04 16:03:12 - [TEST_STEP][PASSED] - Statement - repObj.findProperty("xpath").setValue(xpathval): null

2017-12-04 16:03:12 - [TEST_STEP][PASSED] - click: Object: 'Object Repository/PrimoTours/LandingPage/secondPaxFirstNameField' is clicked on

2017-12-04 16:03:13 - [MESSAGE][PASSED] - Object: 'Object Repository/PrimoTours/LandingPage/secondPaxFirstNameField' is clicked on

2017-12-04 16:03:13 - [TEST_STEP][PASSED] - Statement - If (i == 1 & j == 1): null

2017-12-04 16:03:13 - [TEST_STEP][PASSED] - Statement - randomPaxIndex = java.lang.Math.abs(new java.util.Random().nextInt() % excelRowNo) + 1: null

2017-12-04 16:03:13 - [TEST_STEP][PASSED] - Statement - fname = rawData.getValue("FirstName", randomPaxIndex) + " AUT": null

2017-12-04 16:03:13 - [TEST_STEP][PASSED] - Statement - lname = rawData.getValue("LastName", randomPaxIndex): null

2017-12-04 16:03:13 - [TEST_STEP][PASSED] - Statement - pgender = rawData.getValue("Gender", randomPaxIndex): null

2017-12-04 16:03:13 - [TEST_STEP][PASSED] - Statement - pday = rawData.getValue("Day DOB", randomPaxIndex): null

2017-12-04 16:03:13 - [TEST_STEP][PASSED] - Statement - pmonth = rawData.getValue("Month DOB", randomPaxIndex): null

2017-12-04 16:03:13 - [TEST_STEP][PASSED] - Statement - pyear = rawData.getValue("Year DOB", randomPaxIndex): null

2017-12-04 16:03:13 - [TEST_STEP][PASSED] - Statement - paxDetailFields = paxInRoomXpath + "[" + j + "]/div[@class="col-md-x col-md-9"]/div[@class="row paxContainer"][1]/div[contains(@class,"paxAttribute")]": null

2017-12-04 16:03:13 - [TEST_STEP][PASSED] - Statement - xpathval = paxDetailFields + "[1]/div[contains(@class,"form-group")]/input[contains(@class,"paxFirstName")]": null

2017-12-04 16:03:13 - [TEST_STEP][PASSED] - Statement - println("fn: " + xpathval): null

2017-12-04 16:03:13 - [TEST_STEP][PASSED] - Statement - repObj = com.kms.katalon.core.testobject.ObjectRepository.findTestObject(Object Repository/PrimoTours/LandingPage/secondPaxFirstNameField): Finding Test Object with id 'Object Repository/PrimoTours/LandingPage/secondPaxFirstNameField'

2017-12-04 16:03:13 - [TEST_STEP][PASSED] - Statement - repObj.findProperty("xpath").setValue(xpathval): null

2017-12-04 16:03:13 - [TEST_STEP][PASSED] - setText: Text 'Pedersen AUT' is set on object 'Object Repository/PrimoTours/LandingPage/secondPaxFirstNameField'

2017-12-04 16:03:13 - [MESSAGE][PASSED] - Text 'Pedersen AUT' is set on object 'Object Repository/PrimoTours/LandingPage/secondPaxFirstNameField'

2017-12-04 16:03:13 - [TEST_STEP][PASSED] - Statement - xpathval = paxDetailFields + "[2]/div[contains(@class,"form-group")]/input[contains(@class,"paxLastName")]": null

2017-12-04 16:03:13 - [TEST_STEP][PASSED] - Statement - println("ln: " + xpathval): null

2017-12-04 16:03:13 - [TEST_STEP][PASSED] - Statement - repObj = com.kms.katalon.core.testobject.ObjectRepository.findTestObject(Object Repository/PrimoTours/LandingPage/secondPaxFirstNameField): Finding Test Object with id 'Object Repository/PrimoTours/LandingPage/secondPaxFirstNameField'

2017-12-04 16:03:13 - [TEST_STEP][PASSED] - Statement - repObj.findProperty("xpath").setValue(xpathval): null

2017-12-04 16:03:13 - [TEST_STEP][PASSED] - setText: Text 'Judith' is set on object 'Object Repository/PrimoTours/LandingPage/secondPaxFirstNameField'

2017-12-04 16:03:13 - [MESSAGE][PASSED] - Text 'Judith' is set on object 'Object Repository/PrimoTours/LandingPage/secondPaxFirstNameField'

2017-12-04 16:03:13 - [TEST_STEP][PASSED] - Statement - repObj = com.kms.katalon.core.testobject.ObjectRepository.findTestObject(Object Repository/PrimoTours/LandingPage/secondPaxFirstNameField): Finding Test Object with id 'Object Repository/PrimoTours/LandingPage/secondPaxFirstNameField'

2017-12-04 16:03:13 - [TEST_STEP][PASSED] - Statement - xpathval = paxDetailFields + "[3]/div[contains(@class,"paxGenderSelectorContainer")]/span[contains(@class,"select2 select2-container")]/span[contains(@class,"selection")]/span[contains(@class,"select2-selection")]": null

2017-12-04 16:03:13 - [TEST_STEP][PASSED] - Statement - println("gender: " + xpathval): null

2017-12-04 16:03:13 - [TEST_STEP][PASSED] - Statement - repObj.findProperty("xpath").setValue(xpathval): null

2017-12-04 16:03:13 - [TEST_STEP][PASSED] - click: Unable to click on object 'Object Repository/PrimoTours/LandingPage/secondPaxFirstNameField' (Root cause: org.openqa.selenium.WebDriverException: unknown error: Element <span class="select2-selection select2-selection--single" role="combobox" aria-haspopup="true" aria-expanded="false" tabindex="0" aria-labelledby="select2-gender-0_2-y1-container">...</span> is not clickable at point (1168, 747). Other element would receive the click: <li class="select2-results__option" id="select2-gender-0_1-kz-result-z5on-MS" role="treeitem" aria-selected="false">...</li>
  (Session info: chrome=62.0.3202.94)
  (Driver info: chromedriver=2.33.506120 (e3e53437346286c0bc2d2dc9aa4915ba81d9023f),platform=Windows NT 6.3.9600 x86_64) (WARNING: The server did not provide any stacktrace information)
Command duration or timeout: 0 milliseconds
Build info: version: '3.7.1', revision: '8a0099a', time: '2017-11-06T21:07:36.161Z'
System info: host: 'NEACSUNEW-PC', ip: '10.10.10.211', os.name: 'Windows 8.1', os.arch: 'amd64', os.version: '6.3', java.version: '1.8.0_102'
Driver info: com.kms.katalon.selenium.driver.CChromeDriver
Capabilities {acceptSslCerts: true, applicationCacheEnabled: false, browserConnectionEnabled: false, browserName: chrome, chrome: {chromedriverVersion: 2.33.506120 (e3e53437346286..., userDataDir: C:\Users\Cornel\AppData\Loc...}, cssSelectorsEnabled: true, databaseEnabled: false, handlesAlerts: true, hasTouchScreen: false, javascriptEnabled: true, locationContextEnabled: true, mobileEmulationEnabled: false, nativeEvents: true, networkConnectionEnabled: false, pageLoadStrategy: normal, platform: XP, platformName: XP, rotatable: false, setWindowRect: true, takesHeapSnapshot: true, takesScreenshot: true, unexpectedAlertBehaviour: , unhandledPromptBehavior: , version: 62.0.3202.94, webStorageEnabled: true}
Session ID: 859a56eb311e612f064a688be7ec195c)

2017-12-04 16:03:14 - [MESSAGE][WARNING] - Unable to click on object 'Object Repository/PrimoTours/LandingPage/secondPaxFirstNameField' (Root cause: org.openqa.selenium.WebDriverException: unknown error: Element <span class="select2-selection select2-selection--single" role="combobox" aria-haspopup="true" aria-expanded="false" tabindex="0" aria-labelledby="select2-gender-0_2-y1-container">...</span> is not clickable at point (1168, 747). Other element would receive the click: <li class="select2-results__option" id="select2-gender-0_1-kz-result-z5on-MS" role="treeitem" aria-selected="false">...</li>
  (Session info: chrome=62.0.3202.94)
  (Driver info: chromedriver=2.33.506120 (e3e53437346286c0bc2d2dc9aa4915ba81d9023f),platform=Windows NT 6.3.9600 x86_64) (WARNING: The server did not provide any stacktrace information)
Command duration or timeout: 0 milliseconds
Build info: version: '3.7.1', revision: '8a0099a', time: '2017-11-06T21:07:36.161Z'
System info: host: 'NEACSUNEW-PC', ip: '10.10.10.211', os.name: 'Windows 8.1', os.arch: 'amd64', os.version: '6.3', java.version: '1.8.0_102'
Driver info: com.kms.katalon.selenium.driver.CChromeDriver
Capabilities {acceptSslCerts: true, applicationCacheEnabled: false, browserConnectionEnabled: false, browserName: chrome, chrome: {chromedriverVersion: 2.33.506120 (e3e53437346286..., userDataDir: C:\Users\Cornel\AppData\Loc...}, cssSelectorsEnabled: true, databaseEnabled: false, handlesAlerts: true, hasTouchScreen: false, javascriptEnabled: true, locationContextEnabled: true, mobileEmulationEnabled: false, nativeEvents: true, networkConnectionEnabled: false, pageLoadStrategy: normal, platform: XP, platformName: XP, rotatable: false, setWindowRect: true, takesHeapSnapshot: true, takesScreenshot: true, unexpectedAlertBehaviour: , unhandledPromptBehavior: , version: 62.0.3202.94, webStorageEnabled: true}
Session ID: 859a56eb311e612f064a688be7ec195c)
[[ATTACHMENT|D:\\Software testing\\Tourpaq\\Automated Katalon tests\\Primo WB test\\Reports\\WB Primo From Excel URLs\\20171204_155729\\1512396193939.png]]

2017-12-04 16:03:14 - [TEST_STEP][PASSED] - Statement - If (i == 1 & j == 1): null

2017-12-04 16:03:14 - [TEST_STEP][PASSED] - Statement - randomPaxIndex = java.lang.Math.abs(new java.util.Random().nextInt() % excelRowNo) + 1: null

2017-12-04 16:03:14 - [TEST_STEP][PASSED] - Statement - fname = rawData.getValue("FirstName", randomPaxIndex) + " AUT": null

2017-12-04 16:03:14 - [TEST_STEP][PASSED] - Statement - lname = rawData.getValue("LastName", randomPaxIndex): null

2017-12-04 16:03:14 - [TEST_STEP][PASSED] - Statement - pgender = rawData.getValue("Gender", randomPaxIndex): null

2017-12-04 16:03:14 - [TEST_STEP][PASSED] - Statement - pday = rawData.getValue("Day DOB", randomPaxIndex): null

2017-12-04 16:03:14 - [TEST_STEP][PASSED] - Statement - pmonth = rawData.getValue("Month DOB", randomPaxIndex): null

2017-12-04 16:03:14 - [TEST_STEP][PASSED] - Statement - pyear = rawData.getValue("Year DOB", randomPaxIndex): null

2017-12-04 16:03:14 - [TEST_STEP][PASSED] - Statement - paxDetailFields = paxInRoomXpath + "[" + j + "]/div[@class="col-md-x col-md-9"]/div[@class="row paxContainer"][1]/div[contains(@class,"paxAttribute")]": null

2017-12-04 16:03:14 - [TEST_STEP][PASSED] - Statement - xpathval = paxDetailFields + "[1]/div[contains(@class,"form-group")]/input[contains(@class,"paxFirstName")]": null

2017-12-04 16:03:14 - [TEST_STEP][PASSED] - Statement - println("fn: " + xpathval): null

2017-12-04 16:03:14 - [TEST_STEP][PASSED] - Statement - repObj = com.kms.katalon.core.testobject.ObjectRepository.findTestObject(Object Repository/PrimoTours/LandingPage/secondPaxFirstNameField): Finding Test Object with id 'Object Repository/PrimoTours/LandingPage/secondPaxFirstNameField'

2017-12-04 16:03:14 - [TEST_STEP][PASSED] - Statement - repObj.findProperty("xpath").setValue(xpathval): null

2017-12-04 16:03:14 - [TEST_STEP][PASSED] - setText: Text 'Høpfner AUT' is set on object 'Object Repository/PrimoTours/LandingPage/secondPaxFirstNameField'

2017-12-04 16:03:14 - [MESSAGE][PASSED] - Text 'Høpfner AUT' is set on object 'Object Repository/PrimoTours/LandingPage/secondPaxFirstNameField'

2017-12-04 16:03:14 - [TEST_STEP][PASSED] - Statement - xpathval = paxDetailFields + "[2]/div[contains(@class,"form-group")]/input[contains(@class,"paxLastName")]": null

2017-12-04 16:03:14 - [TEST_STEP][PASSED] - Statement - println("ln: " + xpathval): null

2017-12-04 16:03:14 - [TEST_STEP][PASSED] - Statement - repObj = com.kms.katalon.core.testobject.ObjectRepository.findTestObject(Object Repository/PrimoTours/LandingPage/secondPaxFirstNameField): Finding Test Object with id 'Object Repository/PrimoTours/LandingPage/secondPaxFirstNameField'

2017-12-04 16:03:14 - [TEST_STEP][PASSED] - Statement - repObj.findProperty("xpath").setValue(xpathval): null

2017-12-04 16:03:14 - [TEST_STEP][PASSED] - setText: Text 'Rasmus Gaarde' is set on object 'Object Repository/PrimoTours/LandingPage/secondPaxFirstNameField'

2017-12-04 16:03:15 - [MESSAGE][PASSED] - Text 'Rasmus Gaarde' is set on object 'Object Repository/PrimoTours/LandingPage/secondPaxFirstNameField'

2017-12-04 16:03:15 - [TEST_STEP][PASSED] - Statement - repObj = com.kms.katalon.core.testobject.ObjectRepository.findTestObject(Object Repository/PrimoTours/LandingPage/secondPaxFirstNameField): Finding Test Object with id 'Object Repository/PrimoTours/LandingPage/secondPaxFirstNameField'

2017-12-04 16:03:15 - [TEST_STEP][PASSED] - Statement - xpathval = paxDetailFields + "[3]/div[contains(@class,"paxGenderSelectorContainer")]/span[contains(@class,"select2 select2-container")]/span[contains(@class,"selection")]/span[contains(@class,"select2-selection")]": null

2017-12-04 16:03:15 - [TEST_STEP][PASSED] - Statement - println("gender: " + xpathval): null

2017-12-04 16:03:15 - [TEST_STEP][PASSED] - Statement - repObj.findProperty("xpath").setValue(xpathval): null

2017-12-04 16:03:15 - [TEST_STEP][PASSED] - click: Object: 'Object Repository/PrimoTours/LandingPage/secondPaxFirstNameField' is clicked on

2017-12-04 16:03:15 - [MESSAGE][PASSED] - Object: 'Object Repository/PrimoTours/LandingPage/secondPaxFirstNameField' is clicked on

2017-12-04 16:03:15 - [TEST_STEP][PASSED] - Statement - If (i == 1 & j == 1): null

2017-12-04 16:03:15 - [TEST_STEP][PASSED] - Statement - randomPaxIndex = java.lang.Math.abs(new java.util.Random().nextInt() % excelRowNo) + 1: null

2017-12-04 16:03:15 - [TEST_STEP][PASSED] - Statement - fname = rawData.getValue("FirstName", randomPaxIndex) + " AUT": null

2017-12-04 16:03:15 - [TEST_STEP][PASSED] - Statement - lname = rawData.getValue("LastName", randomPaxIndex): null

2017-12-04 16:03:15 - [TEST_STEP][PASSED] - Statement - pgender = rawData.getValue("Gender", randomPaxIndex): null

2017-12-04 16:03:15 - [TEST_STEP][PASSED] - Statement - pday = rawData.getValue("Day DOB", randomPaxIndex): null

2017-12-04 16:03:15 - [TEST_STEP][PASSED] - Statement - pmonth = rawData.getValue("Month DOB", randomPaxIndex): null

2017-12-04 16:03:15 - [TEST_STEP][PASSED] - Statement - pyear = rawData.getValue("Year DOB", randomPaxIndex): null

2017-12-04 16:03:15 - [TEST_STEP][PASSED] - Statement - paxDetailFields = paxInRoomXpath + "[" + j + "]/div[@class="col-md-x col-md-9"]/div[@class="row paxContainer"][1]/div[contains(@class,"paxAttribute")]": null

2017-12-04 16:03:15 - [TEST_STEP][PASSED] - Statement - xpathval = paxDetailFields + "[1]/div[contains(@class,"form-group")]/input[contains(@class,"paxFirstName")]": null

2017-12-04 16:03:15 - [TEST_STEP][PASSED] - Statement - println("fn: " + xpathval): null

2017-12-04 16:03:15 - [TEST_STEP][PASSED] - Statement - repObj = com.kms.katalon.core.testobject.ObjectRepository.findTestObject(Object Repository/PrimoTours/LandingPage/secondPaxFirstNameField): Finding Test Object with id 'Object Repository/PrimoTours/LandingPage/secondPaxFirstNameField'

2017-12-04 16:03:15 - [TEST_STEP][PASSED] - Statement - repObj.findProperty("xpath").setValue(xpathval): null

2017-12-04 16:03:15 - [TEST_STEP][PASSED] - setText: Text 'Andersen AUT' is set on object 'Object Repository/PrimoTours/LandingPage/secondPaxFirstNameField'

2017-12-04 16:03:16 - [MESSAGE][PASSED] - Text 'Andersen AUT' is set on object 'Object Repository/PrimoTours/LandingPage/secondPaxFirstNameField'

2017-12-04 16:03:16 - [TEST_STEP][PASSED] - Statement - xpathval = paxDetailFields + "[2]/div[contains(@class,"form-group")]/input[contains(@class,"paxLastName")]": null

2017-12-04 16:03:16 - [TEST_STEP][PASSED] - Statement - println("ln: " + xpathval): null

2017-12-04 16:03:16 - [TEST_STEP][PASSED] - Statement - repObj = com.kms.katalon.core.testobject.ObjectRepository.findTestObject(Object Repository/PrimoTours/LandingPage/secondPaxFirstNameField): Finding Test Object with id 'Object Repository/PrimoTours/LandingPage/secondPaxFirstNameField'

2017-12-04 16:03:16 - [TEST_STEP][PASSED] - Statement - repObj.findProperty("xpath").setValue(xpathval): null

2017-12-04 16:03:16 - [TEST_STEP][PASSED] - setText: Text 'Caroline Parzentny' is set on object 'Object Repository/PrimoTours/LandingPage/secondPaxFirstNameField'

2017-12-04 16:03:16 - [MESSAGE][PASSED] - Text 'Caroline Parzentny' is set on object 'Object Repository/PrimoTours/LandingPage/secondPaxFirstNameField'

2017-12-04 16:03:16 - [TEST_STEP][PASSED] - Statement - repObj = com.kms.katalon.core.testobject.ObjectRepository.findTestObject(Object Repository/PrimoTours/LandingPage/secondPaxFirstNameField): Finding Test Object with id 'Object Repository/PrimoTours/LandingPage/secondPaxFirstNameField'

2017-12-04 16:03:16 - [TEST_STEP][PASSED] - Statement - xpathval = paxDetailFields + "[3]/div[contains(@class,"paxGenderSelectorContainer")]/span[contains(@class,"select2 select2-container")]/span[contains(@class,"selection")]/span[contains(@class,"select2-selection")]": null

2017-12-04 16:03:16 - [TEST_STEP][PASSED] - Statement - println("gender: " + xpathval): null

2017-12-04 16:03:16 - [TEST_STEP][PASSED] - Statement - repObj.findProperty("xpath").setValue(xpathval): null

2017-12-04 16:03:16 - [TEST_STEP][PASSED] - click: Unable to click on object 'Object Repository/PrimoTours/LandingPage/secondPaxFirstNameField' (Root cause: org.openqa.selenium.WebDriverException: unknown error: Element <span class="select2-selection select2-selection--single" role="combobox" aria-haspopup="true" aria-expanded="false" tabindex="0" aria-labelledby="select2-gender-0_4-8u-container">...</span> is not clickable at point (1168, 857). Other element would receive the click: <li class="select2-results__option" id="select2-gender-0_3-zj-result-ozh0-MS" role="treeitem" aria-selected="false">...</li>
  (Session info: chrome=62.0.3202.94)
  (Driver info: chromedriver=2.33.506120 (e3e53437346286c0bc2d2dc9aa4915ba81d9023f),platform=Windows NT 6.3.9600 x86_64) (WARNING: The server did not provide any stacktrace information)
Command duration or timeout: 0 milliseconds
Build info: version: '3.7.1', revision: '8a0099a', time: '2017-11-06T21:07:36.161Z'
System info: host: 'NEACSUNEW-PC', ip: '10.10.10.211', os.name: 'Windows 8.1', os.arch: 'amd64', os.version: '6.3', java.version: '1.8.0_102'
Driver info: com.kms.katalon.selenium.driver.CChromeDriver
Capabilities {acceptSslCerts: true, applicationCacheEnabled: false, browserConnectionEnabled: false, browserName: chrome, chrome: {chromedriverVersion: 2.33.506120 (e3e53437346286..., userDataDir: C:\Users\Cornel\AppData\Loc...}, cssSelectorsEnabled: true, databaseEnabled: false, handlesAlerts: true, hasTouchScreen: false, javascriptEnabled: true, locationContextEnabled: true, mobileEmulationEnabled: false, nativeEvents: true, networkConnectionEnabled: false, pageLoadStrategy: normal, platform: XP, platformName: XP, rotatable: false, setWindowRect: true, takesHeapSnapshot: true, takesScreenshot: true, unexpectedAlertBehaviour: , unhandledPromptBehavior: , version: 62.0.3202.94, webStorageEnabled: true}
Session ID: 859a56eb311e612f064a688be7ec195c)

2017-12-04 16:03:17 - [MESSAGE][WARNING] - Unable to click on object 'Object Repository/PrimoTours/LandingPage/secondPaxFirstNameField' (Root cause: org.openqa.selenium.WebDriverException: unknown error: Element <span class="select2-selection select2-selection--single" role="combobox" aria-haspopup="true" aria-expanded="false" tabindex="0" aria-labelledby="select2-gender-0_4-8u-container">...</span> is not clickable at point (1168, 857). Other element would receive the click: <li class="select2-results__option" id="select2-gender-0_3-zj-result-ozh0-MS" role="treeitem" aria-selected="false">...</li>
  (Session info: chrome=62.0.3202.94)
  (Driver info: chromedriver=2.33.506120 (e3e53437346286c0bc2d2dc9aa4915ba81d9023f),platform=Windows NT 6.3.9600 x86_64) (WARNING: The server did not provide any stacktrace information)
Command duration or timeout: 0 milliseconds
Build info: version: '3.7.1', revision: '8a0099a', time: '2017-11-06T21:07:36.161Z'
System info: host: 'NEACSUNEW-PC', ip: '10.10.10.211', os.name: 'Windows 8.1', os.arch: 'amd64', os.version: '6.3', java.version: '1.8.0_102'
Driver info: com.kms.katalon.selenium.driver.CChromeDriver
Capabilities {acceptSslCerts: true, applicationCacheEnabled: false, browserConnectionEnabled: false, browserName: chrome, chrome: {chromedriverVersion: 2.33.506120 (e3e53437346286..., userDataDir: C:\Users\Cornel\AppData\Loc...}, cssSelectorsEnabled: true, databaseEnabled: false, handlesAlerts: true, hasTouchScreen: false, javascriptEnabled: true, locationContextEnabled: true, mobileEmulationEnabled: false, nativeEvents: true, networkConnectionEnabled: false, pageLoadStrategy: normal, platform: XP, platformName: XP, rotatable: false, setWindowRect: true, takesHeapSnapshot: true, takesScreenshot: true, unexpectedAlertBehaviour: , unhandledPromptBehavior: , version: 62.0.3202.94, webStorageEnabled: true}
Session ID: 859a56eb311e612f064a688be7ec195c)
[[ATTACHMENT|D:\\Software testing\\Tourpaq\\Automated Katalon tests\\Primo WB test\\Reports\\WB Primo From Excel URLs\\20171204_155729\\1512396196959.png]]

2017-12-04 16:03:17 - [TEST_STEP][PASSED] - Statement - paxInRoomXpath = "id("passengersContainer_" + i - 1 + "")/div[@class="col-md-12"]/div[@class="row"]": null

2017-12-04 16:03:17 - [TEST_STEP][PASSED] - Statement - println("paxInRoomXpath=" + paxInRoomXpath): null

2017-12-04 16:03:17 - [TEST_STEP][PASSED] - Statement - paxInRoomCount = driver.findElements(org.openqa.selenium.By.xpath(paxInRoomXpath)).size(): null

2017-12-04 16:03:17 - [TEST_STEP][PASSED] - Statement - println("paxInRoomCount=" + paxInRoomCount): null

2017-12-04 16:03:17 - [TEST_STEP][PASSED] - Statement - For ([j = 1, j <= paxInRoomCount, (j++)]): Unable to click on object 'Object Repository/PrimoTours/LandingPage/secondPaxFirstNameField' (Root cause: org.openqa.selenium.WebDriverException: unknown error: Element <span class="select2-selection select2-selection--single" role="combobox" aria-haspopup="true" aria-expanded="false" tabindex="0" aria-labelledby="select2-gender-1_2-7a-container">...</span> is not clickable at point (1168, 528). Other element would receive the click: <li class="select2-results__option" id="select2-gender-1_1-0m-result-97rc-MS" role="treeitem" aria-selected="false">...</li>
  (Session info: chrome=62.0.3202.94)
  (Driver info: chromedriver=2.33.506120 (e3e53437346286c0bc2d2dc9aa4915ba81d9023f),platform=Windows NT 6.3.9600 x86_64) (WARNING: The server did not provide any stacktrace information)
Command duration or timeout: 0 milliseconds
Build info: version: '3.7.1', revision: '8a0099a', time: '2017-11-06T21:07:36.161Z'
System info: host: 'NEACSUNEW-PC', ip: '10.10.10.211', os.name: 'Windows 8.1', os.arch: 'amd64', os.version: '6.3', java.version: '1.8.0_102'
Driver info: com.kms.katalon.selenium.driver.CChromeDriver
Capabilities {acceptSslCerts: true, applicationCacheEnabled: false, browserConnectionEnabled: false, browserName: chrome, chrome: {chromedriverVersion: 2.33.506120 (e3e53437346286..., userDataDir: C:\Users\Cornel\AppData\Loc...}, cssSelectorsEnabled: true, databaseEnabled: false, handlesAlerts: true, hasTouchScreen: false, javascriptEnabled: true, locationContextEnabled: true, mobileEmulationEnabled: false, nativeEvents: true, networkConnectionEnabled: false, pageLoadStrategy: normal, platform: XP, platformName: XP, rotatable: false, setWindowRect: true, takesHeapSnapshot: true, takesScreenshot: true, unexpectedAlertBehaviour: , unhandledPromptBehavior: , version: 62.0.3202.94, webStorageEnabled: true}
Session ID: 859a56eb311e612f064a688be7ec195c)

2017-12-04 16:03:17 - [TEST_STEP][PASSED] - Statement - If (i == 1 & j == 1): null

2017-12-04 16:03:17 - [TEST_STEP][PASSED] - Statement - randomPaxIndex = java.lang.Math.abs(new java.util.Random().nextInt() % excelRowNo) + 1: null

2017-12-04 16:03:17 - [TEST_STEP][PASSED] - Statement - fname = rawData.getValue("FirstName", randomPaxIndex) + " AUT": null

2017-12-04 16:03:17 - [TEST_STEP][PASSED] - Statement - lname = rawData.getValue("LastName", randomPaxIndex): null

2017-12-04 16:03:17 - [TEST_STEP][PASSED] - Statement - pgender = rawData.getValue("Gender", randomPaxIndex): null

2017-12-04 16:03:17 - [TEST_STEP][PASSED] - Statement - pday = rawData.getValue("Day DOB", randomPaxIndex): null

2017-12-04 16:03:17 - [TEST_STEP][PASSED] - Statement - pmonth = rawData.getValue("Month DOB", randomPaxIndex): null

2017-12-04 16:03:17 - [TEST_STEP][PASSED] - Statement - pyear = rawData.getValue("Year DOB", randomPaxIndex): null

2017-12-04 16:03:17 - [TEST_STEP][PASSED] - Statement - paxDetailFields = paxInRoomXpath + "[" + j + "]/div[@class="col-md-x col-md-9"]/div[@class="row paxContainer"][1]/div[contains(@class,"paxAttribute")]": null

2017-12-04 16:03:17 - [TEST_STEP][PASSED] - Statement - xpathval = paxDetailFields + "[1]/div[contains(@class,"form-group")]/input[contains(@class,"paxFirstName")]": null

2017-12-04 16:03:17 - [TEST_STEP][PASSED] - Statement - println("fn: " + xpathval): null

2017-12-04 16:03:17 - [TEST_STEP][PASSED] - Statement - repObj = com.kms.katalon.core.testobject.ObjectRepository.findTestObject(Object Repository/PrimoTours/LandingPage/secondPaxFirstNameField): Finding Test Object with id 'Object Repository/PrimoTours/LandingPage/secondPaxFirstNameField'

2017-12-04 16:03:17 - [TEST_STEP][PASSED] - Statement - repObj.findProperty("xpath").setValue(xpathval): null

2017-12-04 16:03:17 - [TEST_STEP][PASSED] - setText: Text 'Knudsen AUT' is set on object 'Object Repository/PrimoTours/LandingPage/secondPaxFirstNameField'

2017-12-04 16:03:17 - [MESSAGE][PASSED] - Text 'Knudsen AUT' is set on object 'Object Repository/PrimoTours/LandingPage/secondPaxFirstNameField'

2017-12-04 16:03:17 - [TEST_STEP][PASSED] - Statement - xpathval = paxDetailFields + "[2]/div[contains(@class,"form-group")]/input[contains(@class,"paxLastName")]": null

2017-12-04 16:03:17 - [TEST_STEP][PASSED] - Statement - println("ln: " + xpathval): null

2017-12-04 16:03:17 - [TEST_STEP][PASSED] - Statement - repObj = com.kms.katalon.core.testobject.ObjectRepository.findTestObject(Object Repository/PrimoTours/LandingPage/secondPaxFirstNameField): Finding Test Object with id 'Object Repository/PrimoTours/LandingPage/secondPaxFirstNameField'

2017-12-04 16:03:17 - [TEST_STEP][PASSED] - Statement - repObj.findProperty("xpath").setValue(xpathval): null

2017-12-04 16:03:17 - [TEST_STEP][PASSED] - setText: Text 'Nicky Thomas' is set on object 'Object Repository/PrimoTours/LandingPage/secondPaxFirstNameField'

2017-12-04 16:03:18 - [MESSAGE][PASSED] - Text 'Nicky Thomas' is set on object 'Object Repository/PrimoTours/LandingPage/secondPaxFirstNameField'

2017-12-04 16:03:18 - [TEST_STEP][PASSED] - Statement - repObj = com.kms.katalon.core.testobject.ObjectRepository.findTestObject(Object Repository/PrimoTours/LandingPage/secondPaxFirstNameField): Finding Test Object with id 'Object Repository/PrimoTours/LandingPage/secondPaxFirstNameField'

2017-12-04 16:03:18 - [TEST_STEP][PASSED] - Statement - xpathval = paxDetailFields + "[3]/div[contains(@class,"paxGenderSelectorContainer")]/span[contains(@class,"select2 select2-container")]/span[contains(@class,"selection")]/span[contains(@class,"select2-selection")]": null

2017-12-04 16:03:18 - [TEST_STEP][PASSED] - Statement - println("gender: " + xpathval): null

2017-12-04 16:03:18 - [TEST_STEP][PASSED] - Statement - repObj.findProperty("xpath").setValue(xpathval): null

2017-12-04 16:03:18 - [TEST_STEP][PASSED] - click: Object: 'Object Repository/PrimoTours/LandingPage/secondPaxFirstNameField' is clicked on

2017-12-04 16:03:18 - [MESSAGE][PASSED] - Object: 'Object Repository/PrimoTours/LandingPage/secondPaxFirstNameField' is clicked on

2017-12-04 16:03:18 - [TEST_STEP][PASSED] - Statement - If (i == 1 & j == 1): null

2017-12-04 16:03:18 - [TEST_STEP][PASSED] - Statement - randomPaxIndex = java.lang.Math.abs(new java.util.Random().nextInt() % excelRowNo) + 1: null

2017-12-04 16:03:18 - [TEST_STEP][PASSED] - Statement - fname = rawData.getValue("FirstName", randomPaxIndex) + " AUT": null

2017-12-04 16:03:18 - [TEST_STEP][PASSED] - Statement - lname = rawData.getValue("LastName", randomPaxIndex): null

2017-12-04 16:03:18 - [TEST_STEP][PASSED] - Statement - pgender = rawData.getValue("Gender", randomPaxIndex): null

2017-12-04 16:03:18 - [TEST_STEP][PASSED] - Statement - pday = rawData.getValue("Day DOB", randomPaxIndex): null

2017-12-04 16:03:18 - [TEST_STEP][PASSED] - Statement - pmonth = rawData.getValue("Month DOB", randomPaxIndex): null

2017-12-04 16:03:18 - [TEST_STEP][PASSED] - Statement - pyear = rawData.getValue("Year DOB", randomPaxIndex): null

2017-12-04 16:03:18 - [TEST_STEP][PASSED] - Statement - paxDetailFields = paxInRoomXpath + "[" + j + "]/div[@class="col-md-x col-md-9"]/div[@class="row paxContainer"][1]/div[contains(@class,"paxAttribute")]": null

2017-12-04 16:03:18 - [TEST_STEP][PASSED] - Statement - xpathval = paxDetailFields + "[1]/div[contains(@class,"form-group")]/input[contains(@class,"paxFirstName")]": null

2017-12-04 16:03:18 - [TEST_STEP][PASSED] - Statement - println("fn: " + xpathval): null

2017-12-04 16:03:18 - [TEST_STEP][PASSED] - Statement - repObj = com.kms.katalon.core.testobject.ObjectRepository.findTestObject(Object Repository/PrimoTours/LandingPage/secondPaxFirstNameField): Finding Test Object with id 'Object Repository/PrimoTours/LandingPage/secondPaxFirstNameField'

2017-12-04 16:03:18 - [TEST_STEP][PASSED] - Statement - repObj.findProperty("xpath").setValue(xpathval): null

2017-12-04 16:03:18 - [TEST_STEP][PASSED] - setText: Text 'Karstens AUT' is set on object 'Object Repository/PrimoTours/LandingPage/secondPaxFirstNameField'

2017-12-04 16:03:18 - [MESSAGE][PASSED] - Text 'Karstens AUT' is set on object 'Object Repository/PrimoTours/LandingPage/secondPaxFirstNameField'

2017-12-04 16:03:18 - [TEST_STEP][PASSED] - Statement - xpathval = paxDetailFields + "[2]/div[contains(@class,"form-group")]/input[contains(@class,"paxLastName")]": null

2017-12-04 16:03:18 - [TEST_STEP][PASSED] - Statement - println("ln: " + xpathval): null

2017-12-04 16:03:18 - [TEST_STEP][PASSED] - Statement - repObj = com.kms.katalon.core.testobject.ObjectRepository.findTestObject(Object Repository/PrimoTours/LandingPage/secondPaxFirstNameField): Finding Test Object with id 'Object Repository/PrimoTours/LandingPage/secondPaxFirstNameField'

2017-12-04 16:03:18 - [TEST_STEP][PASSED] - Statement - repObj.findProperty("xpath").setValue(xpathval): null

2017-12-04 16:03:18 - [TEST_STEP][PASSED] - setText: Text 'Ove' is set on object 'Object Repository/PrimoTours/LandingPage/secondPaxFirstNameField'

2017-12-04 16:03:19 - [MESSAGE][PASSED] - Text 'Ove' is set on object 'Object Repository/PrimoTours/LandingPage/secondPaxFirstNameField'

2017-12-04 16:03:19 - [TEST_STEP][PASSED] - Statement - repObj = com.kms.katalon.core.testobject.ObjectRepository.findTestObject(Object Repository/PrimoTours/LandingPage/secondPaxFirstNameField): Finding Test Object with id 'Object Repository/PrimoTours/LandingPage/secondPaxFirstNameField'

2017-12-04 16:03:19 - [TEST_STEP][PASSED] - Statement - xpathval = paxDetailFields + "[3]/div[contains(@class,"paxGenderSelectorContainer")]/span[contains(@class,"select2 select2-container")]/span[contains(@class,"selection")]/span[contains(@class,"select2-selection")]": null

2017-12-04 16:03:19 - [TEST_STEP][PASSED] - Statement - println("gender: " + xpathval): null

2017-12-04 16:03:19 - [TEST_STEP][PASSED] - Statement - repObj.findProperty("xpath").setValue(xpathval): null

2017-12-04 16:03:19 - [TEST_STEP][PASSED] - click: Object: 'Object Repository/PrimoTours/LandingPage/secondPaxFirstNameField' is clicked on

2017-12-04 16:03:19 - [MESSAGE][PASSED] - Object: 'Object Repository/PrimoTours/LandingPage/secondPaxFirstNameField' is clicked on

2017-12-04 16:03:19 - [TEST_STEP][PASSED] - Statement - If (i == 1 & j == 1): null

2017-12-04 16:03:19 - [TEST_STEP][PASSED] - Statement - randomPaxIndex = java.lang.Math.abs(new java.util.Random().nextInt() % excelRowNo) + 1: null

2017-12-04 16:03:19 - [TEST_STEP][PASSED] - Statement - fname = rawData.getValue("FirstName", randomPaxIndex) + " AUT": null

2017-12-04 16:03:19 - [TEST_STEP][PASSED] - Statement - lname = rawData.getValue("LastName", randomPaxIndex): null

2017-12-04 16:03:19 - [TEST_STEP][PASSED] - Statement - pgender = rawData.getValue("Gender", randomPaxIndex): null

2017-12-04 16:03:19 - [TEST_STEP][PASSED] - Statement - pday = rawData.getValue("Day DOB", randomPaxIndex): null

2017-12-04 16:03:19 - [TEST_STEP][PASSED] - Statement - pmonth = rawData.getValue("Month DOB", randomPaxIndex): null

2017-12-04 16:03:19 - [TEST_STEP][PASSED] - Statement - pyear = rawData.getValue("Year DOB", randomPaxIndex): null

2017-12-04 16:03:19 - [TEST_STEP][PASSED] - Statement - paxDetailFields = paxInRoomXpath + "[" + j + "]/div[@class="col-md-x col-md-9"]/div[@class="row paxContainer"][1]/div[contains(@class,"paxAttribute")]": null

2017-12-04 16:03:19 - [TEST_STEP][PASSED] - Statement - xpathval = paxDetailFields + "[1]/div[contains(@class,"form-group")]/input[contains(@class,"paxFirstName")]": null

2017-12-04 16:03:19 - [TEST_STEP][PASSED] - Statement - println("fn: " + xpathval): null

2017-12-04 16:03:19 - [TEST_STEP][PASSED] - Statement - repObj = com.kms.katalon.core.testobject.ObjectRepository.findTestObject(Object Repository/PrimoTours/LandingPage/secondPaxFirstNameField): Finding Test Object with id 'Object Repository/PrimoTours/LandingPage/secondPaxFirstNameField'

2017-12-04 16:03:19 - [TEST_STEP][PASSED] - Statement - repObj.findProperty("xpath").setValue(xpathval): null

2017-12-04 16:03:19 - [TEST_STEP][PASSED] - setText: Text 'Jeppesen AUT' is set on object 'Object Repository/PrimoTours/LandingPage/secondPaxFirstNameField'

2017-12-04 16:03:19 - [MESSAGE][PASSED] - Text 'Jeppesen AUT' is set on object 'Object Repository/PrimoTours/LandingPage/secondPaxFirstNameField'

2017-12-04 16:03:19 - [TEST_STEP][PASSED] - Statement - xpathval = paxDetailFields + "[2]/div[contains(@class,"form-group")]/input[contains(@class,"paxLastName")]": null

2017-12-04 16:03:19 - [TEST_STEP][PASSED] - Statement - println("ln: " + xpathval): null

2017-12-04 16:03:19 - [TEST_STEP][PASSED] - Statement - repObj = com.kms.katalon.core.testobject.ObjectRepository.findTestObject(Object Repository/PrimoTours/LandingPage/secondPaxFirstNameField): Finding Test Object with id 'Object Repository/PrimoTours/LandingPage/secondPaxFirstNameField'

2017-12-04 16:03:19 - [TEST_STEP][PASSED] - Statement - repObj.findProperty("xpath").setValue(xpathval): null

2017-12-04 16:03:19 - [TEST_STEP][PASSED] - setText: Text 'Birte' is set on object 'Object Repository/PrimoTours/LandingPage/secondPaxFirstNameField'

2017-12-04 16:03:20 - [MESSAGE][PASSED] - Text 'Birte' is set on object 'Object Repository/PrimoTours/LandingPage/secondPaxFirstNameField'

2017-12-04 16:03:20 - [TEST_STEP][PASSED] - Statement - repObj = com.kms.katalon.core.testobject.ObjectRepository.findTestObject(Object Repository/PrimoTours/LandingPage/secondPaxFirstNameField): Finding Test Object with id 'Object Repository/PrimoTours/LandingPage/secondPaxFirstNameField'

2017-12-04 16:03:20 - [TEST_STEP][PASSED] - Statement - xpathval = paxDetailFields + "[3]/div[contains(@class,"paxGenderSelectorContainer")]/span[contains(@class,"select2 select2-container")]/span[contains(@class,"selection")]/span[contains(@class,"select2-selection")]": null

2017-12-04 16:03:20 - [TEST_STEP][PASSED] - Statement - println("gender: " + xpathval): null

2017-12-04 16:03:20 - [TEST_STEP][PASSED] - Statement - repObj.findProperty("xpath").setValue(xpathval): null

2017-12-04 16:03:20 - [TEST_STEP][PASSED] - click: Unable to click on object 'Object Repository/PrimoTours/LandingPage/secondPaxFirstNameField' (Root cause: org.openqa.selenium.WebDriverException: unknown error: Element <span class="select2-selection select2-selection--single" role="combobox" aria-haspopup="true" aria-expanded="false" tabindex="0" aria-labelledby="select2-gender-1_2-7a-container">...</span> is not clickable at point (1168, 528). Other element would receive the click: <li class="select2-results__option" id="select2-gender-1_1-0m-result-97rc-MS" role="treeitem" aria-selected="false">...</li>
  (Session info: chrome=62.0.3202.94)
  (Driver info: chromedriver=2.33.506120 (e3e53437346286c0bc2d2dc9aa4915ba81d9023f),platform=Windows NT 6.3.9600 x86_64) (WARNING: The server did not provide any stacktrace information)
Command duration or timeout: 0 milliseconds
Build info: version: '3.7.1', revision: '8a0099a', time: '2017-11-06T21:07:36.161Z'
System info: host: 'NEACSUNEW-PC', ip: '10.10.10.211', os.name: 'Windows 8.1', os.arch: 'amd64', os.version: '6.3', java.version: '1.8.0_102'
Driver info: com.kms.katalon.selenium.driver.CChromeDriver
Capabilities {acceptSslCerts: true, applicationCacheEnabled: false, browserConnectionEnabled: false, browserName: chrome, chrome: {chromedriverVersion: 2.33.506120 (e3e53437346286..., userDataDir: C:\Users\Cornel\AppData\Loc...}, cssSelectorsEnabled: true, databaseEnabled: false, handlesAlerts: true, hasTouchScreen: false, javascriptEnabled: true, locationContextEnabled: true, mobileEmulationEnabled: false, nativeEvents: true, networkConnectionEnabled: false, pageLoadStrategy: normal, platform: XP, platformName: XP, rotatable: false, setWindowRect: true, takesHeapSnapshot: true, takesScreenshot: true, unexpectedAlertBehaviour: , unhandledPromptBehavior: , version: 62.0.3202.94, webStorageEnabled: true}
Session ID: 859a56eb311e612f064a688be7ec195c)

2017-12-04 16:03:20 - [MESSAGE][WARNING] - Unable to click on object 'Object Repository/PrimoTours/LandingPage/secondPaxFirstNameField' (Root cause: org.openqa.selenium.WebDriverException: unknown error: Element <span class="select2-selection select2-selection--single" role="combobox" aria-haspopup="true" aria-expanded="false" tabindex="0" aria-labelledby="select2-gender-1_2-7a-container">...</span> is not clickable at point (1168, 528). Other element would receive the click: <li class="select2-results__option" id="select2-gender-1_1-0m-result-97rc-MS" role="treeitem" aria-selected="false">...</li>
  (Session info: chrome=62.0.3202.94)
  (Driver info: chromedriver=2.33.506120 (e3e53437346286c0bc2d2dc9aa4915ba81d9023f),platform=Windows NT 6.3.9600 x86_64) (WARNING: The server did not provide any stacktrace information)
Command duration or timeout: 0 milliseconds
Build info: version: '3.7.1', revision: '8a0099a', time: '2017-11-06T21:07:36.161Z'
System info: host: 'NEACSUNEW-PC', ip: '10.10.10.211', os.name: 'Windows 8.1', os.arch: 'amd64', os.version: '6.3', java.version: '1.8.0_102'
Driver info: com.kms.katalon.selenium.driver.CChromeDriver
Capabilities {acceptSslCerts: true, applicationCacheEnabled: false, browserConnectionEnabled: false, browserName: chrome, chrome: {chromedriverVersion: 2.33.506120 (e3e53437346286..., userDataDir: C:\Users\Cornel\AppData\Loc...}, cssSelectorsEnabled: true, databaseEnabled: false, handlesAlerts: true, hasTouchScreen: false, javascriptEnabled: true, locationContextEnabled: true, mobileEmulationEnabled: false, nativeEvents: true, networkConnectionEnabled: false, pageLoadStrategy: normal, platform: XP, platformName: XP, rotatable: false, setWindowRect: true, takesHeapSnapshot: true, takesScreenshot: true, unexpectedAlertBehaviour: , unhandledPromptBehavior: , version: 62.0.3202.94, webStorageEnabled: true}
Session ID: 859a56eb311e612f064a688be7ec195c)
[[ATTACHMENT|D:\\Software testing\\Tourpaq\\Automated Katalon tests\\Primo WB test\\Reports\\WB Primo From Excel URLs\\20171204_155729\\1512396200148.png]]

2017-12-04 16:03:20 - [TEST_STEP][PASSED] - Statement - paxInRoomXpath = "id("passengersContainer_" + i - 1 + "")/div[@class="col-md-12"]/div[@class="row"]": null

2017-12-04 16:03:20 - [TEST_STEP][PASSED] - Statement - println("paxInRoomXpath=" + paxInRoomXpath): null

2017-12-04 16:03:20 - [TEST_STEP][PASSED] - Statement - paxInRoomCount = driver.findElements(org.openqa.selenium.By.xpath(paxInRoomXpath)).size(): null

2017-12-04 16:03:20 - [TEST_STEP][PASSED] - Statement - println("paxInRoomCount=" + paxInRoomCount): null

2017-12-04 16:03:20 - [TEST_STEP][PASSED] - Statement - For ([j = 1, j <= paxInRoomCount, (j++)]): Unable to click on object 'Object Repository/PrimoTours/LandingPage/secondPaxFirstNameField' (Root cause: org.openqa.selenium.WebDriverException: unknown error: Element <span class="select2-selection select2-selection--single" role="combobox" aria-haspopup="true" aria-expanded="false" tabindex="0" aria-labelledby="select2-gender-2_2-h5-container">...</span> is not clickable at point (1168, 732). Other element would receive the click: <li class="select2-results__option" id="select2-gender-2_1-jy-result-obek-MS" role="treeitem" aria-selected="false">...</li>
  (Session info: chrome=62.0.3202.94)
  (Driver info: chromedriver=2.33.506120 (e3e53437346286c0bc2d2dc9aa4915ba81d9023f),platform=Windows NT 6.3.9600 x86_64) (WARNING: The server did not provide any stacktrace information)
Command duration or timeout: 0 milliseconds
Build info: version: '3.7.1', revision: '8a0099a', time: '2017-11-06T21:07:36.161Z'
System info: host: 'NEACSUNEW-PC', ip: '10.10.10.211', os.name: 'Windows 8.1', os.arch: 'amd64', os.version: '6.3', java.version: '1.8.0_102'
Driver info: com.kms.katalon.selenium.driver.CChromeDriver
Capabilities {acceptSslCerts: true, applicationCacheEnabled: false, browserConnectionEnabled: false, browserName: chrome, chrome: {chromedriverVersion: 2.33.506120 (e3e53437346286..., userDataDir: C:\Users\Cornel\AppData\Loc...}, cssSelectorsEnabled: true, databaseEnabled: false, handlesAlerts: true, hasTouchScreen: false, javascriptEnabled: true, locationContextEnabled: true, mobileEmulationEnabled: false, nativeEvents: true, networkConnectionEnabled: false, pageLoadStrategy: normal, platform: XP, platformName: XP, rotatable: false, setWindowRect: true, takesHeapSnapshot: true, takesScreenshot: true, unexpectedAlertBehaviour: , unhandledPromptBehavior: , version: 62.0.3202.94, webStorageEnabled: true}
Session ID: 859a56eb311e612f064a688be7ec195c)

2017-12-04 16:03:20 - [TEST_STEP][PASSED] - Statement - If (i == 1 & j == 1): null

2017-12-04 16:03:20 - [TEST_STEP][PASSED] - Statement - randomPaxIndex = java.lang.Math.abs(new java.util.Random().nextInt() % excelRowNo) + 1: null

2017-12-04 16:03:20 - [TEST_STEP][PASSED] - Statement - fname = rawData.getValue("FirstName", randomPaxIndex) + " AUT": null

2017-12-04 16:03:20 - [TEST_STEP][PASSED] - Statement - lname = rawData.getValue("LastName", randomPaxIndex): null

2017-12-04 16:03:20 - [TEST_STEP][PASSED] - Statement - pgender = rawData.getValue("Gender", randomPaxIndex): null

2017-12-04 16:03:20 - [TEST_STEP][PASSED] - Statement - pday = rawData.getValue("Day DOB", randomPaxIndex): null

2017-12-04 16:03:20 - [TEST_STEP][PASSED] - Statement - pmonth = rawData.getValue("Month DOB", randomPaxIndex): null

2017-12-04 16:03:20 - [TEST_STEP][PASSED] - Statement - pyear = rawData.getValue("Year DOB", randomPaxIndex): null

2017-12-04 16:03:20 - [TEST_STEP][PASSED] - Statement - paxDetailFields = paxInRoomXpath + "[" + j + "]/div[@class="col-md-x col-md-9"]/div[@class="row paxContainer"][1]/div[contains(@class,"paxAttribute")]": null

2017-12-04 16:03:20 - [TEST_STEP][PASSED] - Statement - xpathval = paxDetailFields + "[1]/div[contains(@class,"form-group")]/input[contains(@class,"paxFirstName")]": null

2017-12-04 16:03:20 - [TEST_STEP][PASSED] - Statement - println("fn: " + xpathval): null

2017-12-04 16:03:20 - [TEST_STEP][PASSED] - Statement - repObj = com.kms.katalon.core.testobject.ObjectRepository.findTestObject(Object Repository/PrimoTours/LandingPage/secondPaxFirstNameField): Finding Test Object with id 'Object Repository/PrimoTours/LandingPage/secondPaxFirstNameField'

2017-12-04 16:03:20 - [TEST_STEP][PASSED] - Statement - repObj.findProperty("xpath").setValue(xpathval): null

2017-12-04 16:03:20 - [TEST_STEP][PASSED] - setText: Text 'Larsen AUT' is set on object 'Object Repository/PrimoTours/LandingPage/secondPaxFirstNameField'

2017-12-04 16:03:20 - [MESSAGE][PASSED] - Text 'Larsen AUT' is set on object 'Object Repository/PrimoTours/LandingPage/secondPaxFirstNameField'

2017-12-04 16:03:20 - [TEST_STEP][PASSED] - Statement - xpathval = paxDetailFields + "[2]/div[contains(@class,"form-group")]/input[contains(@class,"paxLastName")]": null

2017-12-04 16:03:20 - [TEST_STEP][PASSED] - Statement - println("ln: " + xpathval): null

2017-12-04 16:03:20 - [TEST_STEP][PASSED] - Statement - repObj = com.kms.katalon.core.testobject.ObjectRepository.findTestObject(Object Repository/PrimoTours/LandingPage/secondPaxFirstNameField): Finding Test Object with id 'Object Repository/PrimoTours/LandingPage/secondPaxFirstNameField'

2017-12-04 16:03:20 - [TEST_STEP][PASSED] - Statement - repObj.findProperty("xpath").setValue(xpathval): null

2017-12-04 16:03:20 - [TEST_STEP][PASSED] - setText: Text 'Daniel' is set on object 'Object Repository/PrimoTours/LandingPage/secondPaxFirstNameField'

2017-12-04 16:03:21 - [MESSAGE][PASSED] - Text 'Daniel' is set on object 'Object Repository/PrimoTours/LandingPage/secondPaxFirstNameField'

2017-12-04 16:03:21 - [TEST_STEP][PASSED] - Statement - repObj = com.kms.katalon.core.testobject.ObjectRepository.findTestObject(Object Repository/PrimoTours/LandingPage/secondPaxFirstNameField): Finding Test Object with id 'Object Repository/PrimoTours/LandingPage/secondPaxFirstNameField'

2017-12-04 16:03:21 - [TEST_STEP][PASSED] - Statement - xpathval = paxDetailFields + "[3]/div[contains(@class,"paxGenderSelectorContainer")]/span[contains(@class,"select2 select2-container")]/span[contains(@class,"selection")]/span[contains(@class,"select2-selection")]": null

2017-12-04 16:03:21 - [TEST_STEP][PASSED] - Statement - println("gender: " + xpathval): null

2017-12-04 16:03:21 - [TEST_STEP][PASSED] - Statement - repObj.findProperty("xpath").setValue(xpathval): null

2017-12-04 16:03:21 - [TEST_STEP][PASSED] - click: Object: 'Object Repository/PrimoTours/LandingPage/secondPaxFirstNameField' is clicked on

2017-12-04 16:03:21 - [MESSAGE][PASSED] - Object: 'Object Repository/PrimoTours/LandingPage/secondPaxFirstNameField' is clicked on

2017-12-04 16:03:21 - [TEST_STEP][PASSED] - Statement - If (i == 1 & j == 1): null

2017-12-04 16:03:21 - [TEST_STEP][PASSED] - Statement - randomPaxIndex = java.lang.Math.abs(new java.util.Random().nextInt() % excelRowNo) + 1: null

2017-12-04 16:03:21 - [TEST_STEP][PASSED] - Statement - fname = rawData.getValue("FirstName", randomPaxIndex) + " AUT": null

2017-12-04 16:03:21 - [TEST_STEP][PASSED] - Statement - lname = rawData.getValue("LastName", randomPaxIndex): null

2017-12-04 16:03:21 - [TEST_STEP][PASSED] - Statement - pgender = rawData.getValue("Gender", randomPaxIndex): null

2017-12-04 16:03:21 - [TEST_STEP][PASSED] - Statement - pday = rawData.getValue("Day DOB", randomPaxIndex): null

2017-12-04 16:03:21 - [TEST_STEP][PASSED] - Statement - pmonth = rawData.getValue("Month DOB", randomPaxIndex): null

2017-12-04 16:03:21 - [TEST_STEP][PASSED] - Statement - pyear = rawData.getValue("Year DOB", randomPaxIndex): null

2017-12-04 16:03:21 - [TEST_STEP][PASSED] - Statement - paxDetailFields = paxInRoomXpath + "[" + j + "]/div[@class="col-md-x col-md-9"]/div[@class="row paxContainer"][1]/div[contains(@class,"paxAttribute")]": null

2017-12-04 16:03:21 - [TEST_STEP][PASSED] - Statement - xpathval = paxDetailFields + "[1]/div[contains(@class,"form-group")]/input[contains(@class,"paxFirstName")]": null

2017-12-04 16:03:21 - [TEST_STEP][PASSED] - Statement - println("fn: " + xpathval): null

2017-12-04 16:03:21 - [TEST_STEP][PASSED] - Statement - repObj = com.kms.katalon.core.testobject.ObjectRepository.findTestObject(Object Repository/PrimoTours/LandingPage/secondPaxFirstNameField): Finding Test Object with id 'Object Repository/PrimoTours/LandingPage/secondPaxFirstNameField'

2017-12-04 16:03:21 - [TEST_STEP][PASSED] - Statement - repObj.findProperty("xpath").setValue(xpathval): null

2017-12-04 16:03:21 - [TEST_STEP][PASSED] - setText: Text 'Kanstrup AUT' is set on object 'Object Repository/PrimoTours/LandingPage/secondPaxFirstNameField'

2017-12-04 16:03:21 - [MESSAGE][PASSED] - Text 'Kanstrup AUT' is set on object 'Object Repository/PrimoTours/LandingPage/secondPaxFirstNameField'

2017-12-04 16:03:21 - [TEST_STEP][PASSED] - Statement - xpathval = paxDetailFields + "[2]/div[contains(@class,"form-group")]/input[contains(@class,"paxLastName")]": null

2017-12-04 16:03:21 - [TEST_STEP][PASSED] - Statement - println("ln: " + xpathval): null

2017-12-04 16:03:21 - [TEST_STEP][PASSED] - Statement - repObj = com.kms.katalon.core.testobject.ObjectRepository.findTestObject(Object Repository/PrimoTours/LandingPage/secondPaxFirstNameField): Finding Test Object with id 'Object Repository/PrimoTours/LandingPage/secondPaxFirstNameField'

2017-12-04 16:03:21 - [TEST_STEP][PASSED] - Statement - repObj.findProperty("xpath").setValue(xpathval): null

2017-12-04 16:03:21 - [TEST_STEP][PASSED] - setText: Text 'Jesper' is set on object 'Object Repository/PrimoTours/LandingPage/secondPaxFirstNameField'

2017-12-04 16:03:22 - [MESSAGE][PASSED] - Text 'Jesper' is set on object 'Object Repository/PrimoTours/LandingPage/secondPaxFirstNameField'

2017-12-04 16:03:22 - [TEST_STEP][PASSED] - Statement - repObj = com.kms.katalon.core.testobject.ObjectRepository.findTestObject(Object Repository/PrimoTours/LandingPage/secondPaxFirstNameField): Finding Test Object with id 'Object Repository/PrimoTours/LandingPage/secondPaxFirstNameField'

2017-12-04 16:03:22 - [TEST_STEP][PASSED] - Statement - xpathval = paxDetailFields + "[3]/div[contains(@class,"paxGenderSelectorContainer")]/span[contains(@class,"select2 select2-container")]/span[contains(@class,"selection")]/span[contains(@class,"select2-selection")]": null

2017-12-04 16:03:22 - [TEST_STEP][PASSED] - Statement - println("gender: " + xpathval): null

2017-12-04 16:03:22 - [TEST_STEP][PASSED] - Statement - repObj.findProperty("xpath").setValue(xpathval): null

2017-12-04 16:03:22 - [TEST_STEP][PASSED] - click: Object: 'Object Repository/PrimoTours/LandingPage/secondPaxFirstNameField' is clicked on

2017-12-04 16:03:22 - [MESSAGE][PASSED] - Object: 'Object Repository/PrimoTours/LandingPage/secondPaxFirstNameField' is clicked on

2017-12-04 16:03:22 - [TEST_STEP][PASSED] - Statement - If (i == 1 & j == 1): null

2017-12-04 16:03:22 - [TEST_STEP][PASSED] - Statement - randomPaxIndex = java.lang.Math.abs(new java.util.Random().nextInt() % excelRowNo) + 1: null

2017-12-04 16:03:22 - [TEST_STEP][PASSED] - Statement - fname = rawData.getValue("FirstName", randomPaxIndex) + " AUT": null

2017-12-04 16:03:22 - [TEST_STEP][PASSED] - Statement - lname = rawData.getValue("LastName", randomPaxIndex): null

2017-12-04 16:03:22 - [TEST_STEP][PASSED] - Statement - pgender = rawData.getValue("Gender", randomPaxIndex): null

2017-12-04 16:03:22 - [TEST_STEP][PASSED] - Statement - pday = rawData.getValue("Day DOB", randomPaxIndex): null

2017-12-04 16:03:22 - [TEST_STEP][PASSED] - Statement - pmonth = rawData.getValue("Month DOB", randomPaxIndex): null

2017-12-04 16:03:22 - [TEST_STEP][PASSED] - Statement - pyear = rawData.getValue("Year DOB", randomPaxIndex): null

2017-12-04 16:03:22 - [TEST_STEP][PASSED] - Statement - paxDetailFields = paxInRoomXpath + "[" + j + "]/div[@class="col-md-x col-md-9"]/div[@class="row paxContainer"][1]/div[contains(@class,"paxAttribute")]": null

2017-12-04 16:03:22 - [TEST_STEP][PASSED] - Statement - xpathval = paxDetailFields + "[1]/div[contains(@class,"form-group")]/input[contains(@class,"paxFirstName")]": null

2017-12-04 16:03:22 - [TEST_STEP][PASSED] - Statement - println("fn: " + xpathval): null

2017-12-04 16:03:22 - [TEST_STEP][PASSED] - Statement - repObj = com.kms.katalon.core.testobject.ObjectRepository.findTestObject(Object Repository/PrimoTours/LandingPage/secondPaxFirstNameField): Finding Test Object with id 'Object Repository/PrimoTours/LandingPage/secondPaxFirstNameField'

2017-12-04 16:03:22 - [TEST_STEP][PASSED] - Statement - repObj.findProperty("xpath").setValue(xpathval): null

2017-12-04 16:03:22 - [TEST_STEP][PASSED] - setText: Text 'Rebsdorf AUT' is set on object 'Object Repository/PrimoTours/LandingPage/secondPaxFirstNameField'

2017-12-04 16:03:22 - [MESSAGE][PASSED] - Text 'Rebsdorf AUT' is set on object 'Object Repository/PrimoTours/LandingPage/secondPaxFirstNameField'

2017-12-04 16:03:22 - [TEST_STEP][PASSED] - Statement - xpathval = paxDetailFields + "[2]/div[contains(@class,"form-group")]/input[contains(@class,"paxLastName")]": null

2017-12-04 16:03:22 - [TEST_STEP][PASSED] - Statement - println("ln: " + xpathval): null

2017-12-04 16:03:22 - [TEST_STEP][PASSED] - Statement - repObj = com.kms.katalon.core.testobject.ObjectRepository.findTestObject(Object Repository/PrimoTours/LandingPage/secondPaxFirstNameField): Finding Test Object with id 'Object Repository/PrimoTours/LandingPage/secondPaxFirstNameField'

2017-12-04 16:03:22 - [TEST_STEP][PASSED] - Statement - repObj.findProperty("xpath").setValue(xpathval): null

2017-12-04 16:03:22 - [TEST_STEP][PASSED] - setText: Text 'Lea Greve' is set on object 'Object Repository/PrimoTours/LandingPage/secondPaxFirstNameField'

2017-12-04 16:03:23 - [MESSAGE][PASSED] - Text 'Lea Greve' is set on object 'Object Repository/PrimoTours/LandingPage/secondPaxFirstNameField'

2017-12-04 16:03:23 - [TEST_STEP][PASSED] - Statement - repObj = com.kms.katalon.core.testobject.ObjectRepository.findTestObject(Object Repository/PrimoTours/LandingPage/secondPaxFirstNameField): Finding Test Object with id 'Object Repository/PrimoTours/LandingPage/secondPaxFirstNameField'

2017-12-04 16:03:23 - [TEST_STEP][PASSED] - Statement - xpathval = paxDetailFields + "[3]/div[contains(@class,"paxGenderSelectorContainer")]/span[contains(@class,"select2 select2-container")]/span[contains(@class,"selection")]/span[contains(@class,"select2-selection")]": null

2017-12-04 16:03:23 - [TEST_STEP][PASSED] - Statement - println("gender: " + xpathval): null

2017-12-04 16:03:23 - [TEST_STEP][PASSED] - Statement - repObj.findProperty("xpath").setValue(xpathval): null

2017-12-04 16:03:23 - [TEST_STEP][PASSED] - click: Unable to click on object 'Object Repository/PrimoTours/LandingPage/secondPaxFirstNameField' (Root cause: org.openqa.selenium.WebDriverException: unknown error: Element <span class="select2-selection select2-selection--single" role="combobox" aria-haspopup="true" aria-expanded="false" tabindex="0" aria-labelledby="select2-gender-2_2-h5-container">...</span> is not clickable at point (1168, 732). Other element would receive the click: <li class="select2-results__option" id="select2-gender-2_1-jy-result-obek-MS" role="treeitem" aria-selected="false">...</li>
  (Session info: chrome=62.0.3202.94)
  (Driver info: chromedriver=2.33.506120 (e3e53437346286c0bc2d2dc9aa4915ba81d9023f),platform=Windows NT 6.3.9600 x86_64) (WARNING: The server did not provide any stacktrace information)
Command duration or timeout: 0 milliseconds
Build info: version: '3.7.1', revision: '8a0099a', time: '2017-11-06T21:07:36.161Z'
System info: host: 'NEACSUNEW-PC', ip: '10.10.10.211', os.name: 'Windows 8.1', os.arch: 'amd64', os.version: '6.3', java.version: '1.8.0_102'
Driver info: com.kms.katalon.selenium.driver.CChromeDriver
Capabilities {acceptSslCerts: true, applicationCacheEnabled: false, browserConnectionEnabled: false, browserName: chrome, chrome: {chromedriverVersion: 2.33.506120 (e3e53437346286..., userDataDir: C:\Users\Cornel\AppData\Loc...}, cssSelectorsEnabled: true, databaseEnabled: false, handlesAlerts: true, hasTouchScreen: false, javascriptEnabled: true, locationContextEnabled: true, mobileEmulationEnabled: false, nativeEvents: true, networkConnectionEnabled: false, pageLoadStrategy: normal, platform: XP, platformName: XP, rotatable: false, setWindowRect: true, takesHeapSnapshot: true, takesScreenshot: true, unexpectedAlertBehaviour: , unhandledPromptBehavior: , version: 62.0.3202.94, webStorageEnabled: true}
Session ID: 859a56eb311e612f064a688be7ec195c)

2017-12-04 16:03:23 - [MESSAGE][WARNING] - Unable to click on object 'Object Repository/PrimoTours/LandingPage/secondPaxFirstNameField' (Root cause: org.openqa.selenium.WebDriverException: unknown error: Element <span class="select2-selection select2-selection--single" role="combobox" aria-haspopup="true" aria-expanded="false" tabindex="0" aria-labelledby="select2-gender-2_2-h5-container">...</span> is not clickable at point (1168, 732). Other element would receive the click: <li class="select2-results__option" id="select2-gender-2_1-jy-result-obek-MS" role="treeitem" aria-selected="false">...</li>
  (Session info: chrome=62.0.3202.94)
  (Driver info: chromedriver=2.33.506120 (e3e53437346286c0bc2d2dc9aa4915ba81d9023f),platform=Windows NT 6.3.9600 x86_64) (WARNING: The server did not provide any stacktrace information)
Command duration or timeout: 0 milliseconds
Build info: version: '3.7.1', revision: '8a0099a', time: '2017-11-06T21:07:36.161Z'
System info: host: 'NEACSUNEW-PC', ip: '10.10.10.211', os.name: 'Windows 8.1', os.arch: 'amd64', os.version: '6.3', java.version: '1.8.0_102'
Driver info: com.kms.katalon.selenium.driver.CChromeDriver
Capabilities {acceptSslCerts: true, applicationCacheEnabled: false, browserConnectionEnabled: false, browserName: chrome, chrome: {chromedriverVersion: 2.33.506120 (e3e53437346286..., userDataDir: C:\Users\Cornel\AppData\Loc...}, cssSelectorsEnabled: true, databaseEnabled: false, handlesAlerts: true, hasTouchScreen: false, javascriptEnabled: true, locationContextEnabled: true, mobileEmulationEnabled: false, nativeEvents: true, networkConnectionEnabled: false, pageLoadStrategy: normal, platform: XP, platformName: XP, rotatable: false, setWindowRect: true, takesHeapSnapshot: true, takesScreenshot: true, unexpectedAlertBehaviour: , unhandledPromptBehavior: , version: 62.0.3202.94, webStorageEnabled: true}
Session ID: 859a56eb311e612f064a688be7ec195c)
[[ATTACHMENT|D:\\Software testing\\Tourpaq\\Automated Katalon tests\\Primo WB test\\Reports\\WB Primo From Excel URLs\\20171204_155729\\1512396203291.png]]

2017-12-04 16:03:23 - [TEST_STEP][PASSED] - Statement - paxInRoomXpath = "id("passengersContainer_" + i - 1 + "")/div[@class="col-md-12"]/div[@class="row"]": null

2017-12-04 16:03:23 - [TEST_STEP][PASSED] - Statement - println("paxInRoomXpath=" + paxInRoomXpath): null

2017-12-04 16:03:23 - [TEST_STEP][PASSED] - Statement - paxInRoomCount = driver.findElements(org.openqa.selenium.By.xpath(paxInRoomXpath)).size(): null

2017-12-04 16:03:23 - [TEST_STEP][PASSED] - Statement - println("paxInRoomCount=" + paxInRoomCount): null

2017-12-04 16:03:23 - [TEST_STEP][PASSED] - Statement - For ([j = 1, j <= paxInRoomCount, (j++)]): Object: 'Object Repository/PrimoTours/LandingPage/secondPaxFirstNameField' is clicked on

2017-12-04 16:03:23 - [TEST_STEP][PASSED] - Statement - If (i == 1 & j == 1): null

2017-12-04 16:03:23 - [TEST_STEP][PASSED] - Statement - randomPaxIndex = java.lang.Math.abs(new java.util.Random().nextInt() % excelRowNo) + 1: null

2017-12-04 16:03:23 - [TEST_STEP][PASSED] - Statement - fname = rawData.getValue("FirstName", randomPaxIndex) + " AUT": null

2017-12-04 16:03:23 - [TEST_STEP][PASSED] - Statement - lname = rawData.getValue("LastName", randomPaxIndex): null

2017-12-04 16:03:23 - [TEST_STEP][PASSED] - Statement - pgender = rawData.getValue("Gender", randomPaxIndex): null

2017-12-04 16:03:23 - [TEST_STEP][PASSED] - Statement - pday = rawData.getValue("Day DOB", randomPaxIndex): null

2017-12-04 16:03:23 - [TEST_STEP][PASSED] - Statement - pmonth = rawData.getValue("Month DOB", randomPaxIndex): null

2017-12-04 16:03:23 - [TEST_STEP][PASSED] - Statement - pyear = rawData.getValue("Year DOB", randomPaxIndex): null

2017-12-04 16:03:23 - [TEST_STEP][PASSED] - Statement - paxDetailFields = paxInRoomXpath + "[" + j + "]/div[@class="col-md-x col-md-9"]/div[@class="row paxContainer"][1]/div[contains(@class,"paxAttribute")]": null

2017-12-04 16:03:23 - [TEST_STEP][PASSED] - Statement - xpathval = paxDetailFields + "[1]/div[contains(@class,"form-group")]/input[contains(@class,"paxFirstName")]": null

2017-12-04 16:03:23 - [TEST_STEP][PASSED] - Statement - println("fn: " + xpathval): null

2017-12-04 16:03:23 - [TEST_STEP][PASSED] - Statement - repObj = com.kms.katalon.core.testobject.ObjectRepository.findTestObject(Object Repository/PrimoTours/LandingPage/secondPaxFirstNameField): Finding Test Object with id 'Object Repository/PrimoTours/LandingPage/secondPaxFirstNameField'

2017-12-04 16:03:23 - [TEST_STEP][PASSED] - Statement - repObj.findProperty("xpath").setValue(xpathval): null

2017-12-04 16:03:23 - [TEST_STEP][PASSED] - setText: Text 'Nielsen AUT' is set on object 'Object Repository/PrimoTours/LandingPage/secondPaxFirstNameField'

2017-12-04 16:03:24 - [MESSAGE][PASSED] - Text 'Nielsen AUT' is set on object 'Object Repository/PrimoTours/LandingPage/secondPaxFirstNameField'

2017-12-04 16:03:24 - [TEST_STEP][PASSED] - Statement - xpathval = paxDetailFields + "[2]/div[contains(@class,"form-group")]/input[contains(@class,"paxLastName")]": null

2017-12-04 16:03:24 - [TEST_STEP][PASSED] - Statement - println("ln: " + xpathval): null

2017-12-04 16:03:24 - [TEST_STEP][PASSED] - Statement - repObj = com.kms.katalon.core.testobject.ObjectRepository.findTestObject(Object Repository/PrimoTours/LandingPage/secondPaxFirstNameField): Finding Test Object with id 'Object Repository/PrimoTours/LandingPage/secondPaxFirstNameField'

2017-12-04 16:03:24 - [TEST_STEP][PASSED] - Statement - repObj.findProperty("xpath").setValue(xpathval): null

2017-12-04 16:03:24 - [TEST_STEP][PASSED] - setText: Text 'Jens-Erik' is set on object 'Object Repository/PrimoTours/LandingPage/secondPaxFirstNameField'

2017-12-04 16:03:24 - [MESSAGE][PASSED] - Text 'Jens-Erik' is set on object 'Object Repository/PrimoTours/LandingPage/secondPaxFirstNameField'

2017-12-04 16:03:24 - [TEST_STEP][PASSED] - Statement - repObj = com.kms.katalon.core.testobject.ObjectRepository.findTestObject(Object Repository/PrimoTours/LandingPage/secondPaxFirstNameField): Finding Test Object with id 'Object Repository/PrimoTours/LandingPage/secondPaxFirstNameField'

2017-12-04 16:03:24 - [TEST_STEP][PASSED] - Statement - xpathval = paxDetailFields + "[3]/div[contains(@class,"paxGenderSelectorContainer")]/span[contains(@class,"select2 select2-container")]/span[contains(@class,"selection")]/span[contains(@class,"select2-selection")]": null

2017-12-04 16:03:24 - [TEST_STEP][PASSED] - Statement - println("gender: " + xpathval): null

2017-12-04 16:03:24 - [TEST_STEP][PASSED] - Statement - repObj.findProperty("xpath").setValue(xpathval): null

2017-12-04 16:03:24 - [TEST_STEP][PASSED] - click: Object: 'Object Repository/PrimoTours/LandingPage/secondPaxFirstNameField' is clicked on

2017-12-04 16:03:24 - [MESSAGE][PASSED] - Object: 'Object Repository/PrimoTours/LandingPage/secondPaxFirstNameField' is clicked on

2017-12-04 16:03:24 - [TEST_STEP][PASSED] - Statement - If (i == 1 & j == 1): null

2017-12-04 16:03:24 - [TEST_STEP][PASSED] - Statement - randomPaxIndex = java.lang.Math.abs(new java.util.Random().nextInt() % excelRowNo) + 1: null

2017-12-04 16:03:24 - [TEST_STEP][PASSED] - Statement - fname = rawData.getValue("FirstName", randomPaxIndex) + " AUT": null

2017-12-04 16:03:24 - [TEST_STEP][PASSED] - Statement - lname = rawData.getValue("LastName", randomPaxIndex): null

2017-12-04 16:03:24 - [TEST_STEP][PASSED] - Statement - pgender = rawData.getValue("Gender", randomPaxIndex): null

2017-12-04 16:03:24 - [TEST_STEP][PASSED] - Statement - pday = rawData.getValue("Day DOB", randomPaxIndex): null

2017-12-04 16:03:24 - [TEST_STEP][PASSED] - Statement - pmonth = rawData.getValue("Month DOB", randomPaxIndex): null

2017-12-04 16:03:24 - [TEST_STEP][PASSED] - Statement - pyear = rawData.getValue("Year DOB", randomPaxIndex): null

2017-12-04 16:03:24 - [TEST_STEP][PASSED] - Statement - paxDetailFields = paxInRoomXpath + "[" + j + "]/div[@class="col-md-x col-md-9"]/div[@class="row paxContainer"][1]/div[contains(@class,"paxAttribute")]": null

2017-12-04 16:03:24 - [TEST_STEP][PASSED] - Statement - xpathval = paxDetailFields + "[1]/div[contains(@class,"form-group")]/input[contains(@class,"paxFirstName")]": null

2017-12-04 16:03:24 - [TEST_STEP][PASSED] - Statement - println("fn: " + xpathval): null

2017-12-04 16:03:24 - [TEST_STEP][PASSED] - Statement - repObj = com.kms.katalon.core.testobject.ObjectRepository.findTestObject(Object Repository/PrimoTours/LandingPage/secondPaxFirstNameField): Finding Test Object with id 'Object Repository/PrimoTours/LandingPage/secondPaxFirstNameField'

2017-12-04 16:03:24 - [TEST_STEP][PASSED] - Statement - repObj.findProperty("xpath").setValue(xpathval): null

2017-12-04 16:03:24 - [TEST_STEP][PASSED] - setText: Text 'Votborg AUT' is set on object 'Object Repository/PrimoTours/LandingPage/secondPaxFirstNameField'

2017-12-04 16:03:25 - [MESSAGE][PASSED] - Text 'Votborg AUT' is set on object 'Object Repository/PrimoTours/LandingPage/secondPaxFirstNameField'

2017-12-04 16:03:25 - [TEST_STEP][PASSED] - Statement - xpathval = paxDetailFields + "[2]/div[contains(@class,"form-group")]/input[contains(@class,"paxLastName")]": null

2017-12-04 16:03:25 - [TEST_STEP][PASSED] - Statement - println("ln: " + xpathval): null

2017-12-04 16:03:25 - [TEST_STEP][PASSED] - Statement - repObj = com.kms.katalon.core.testobject.ObjectRepository.findTestObject(Object Repository/PrimoTours/LandingPage/secondPaxFirstNameField): Finding Test Object with id 'Object Repository/PrimoTours/LandingPage/secondPaxFirstNameField'

2017-12-04 16:03:25 - [TEST_STEP][PASSED] - Statement - repObj.findProperty("xpath").setValue(xpathval): null

2017-12-04 16:03:25 - [TEST_STEP][PASSED] - setText: Text 'Silas Vilsgaard' is set on object 'Object Repository/PrimoTours/LandingPage/secondPaxFirstNameField'

2017-12-04 16:03:25 - [MESSAGE][PASSED] - Text 'Silas Vilsgaard' is set on object 'Object Repository/PrimoTours/LandingPage/secondPaxFirstNameField'

2017-12-04 16:03:25 - [TEST_STEP][PASSED] - Statement - repObj = com.kms.katalon.core.testobject.ObjectRepository.findTestObject(Object Repository/PrimoTours/LandingPage/secondPaxFirstNameField): Finding Test Object with id 'Object Repository/PrimoTours/LandingPage/secondPaxFirstNameField'

2017-12-04 16:03:25 - [TEST_STEP][PASSED] - Statement - xpathval = paxDetailFields + "[3]/div[contains(@class,"paxGenderSelectorContainer")]/span[contains(@class,"select2 select2-container")]/span[contains(@class,"selection")]/span[contains(@class,"select2-selection")]": null

2017-12-04 16:03:25 - [TEST_STEP][PASSED] - Statement - println("gender: " + xpathval): null

2017-12-04 16:03:25 - [TEST_STEP][PASSED] - Statement - repObj.findProperty("xpath").setValue(xpathval): null

2017-12-04 16:03:25 - [TEST_STEP][PASSED] - click: Unable to click on object 'Object Repository/PrimoTours/LandingPage/secondPaxFirstNameField' (Root cause: org.openqa.selenium.WebDriverException: unknown error: Element <span class="select2-selection select2-selection--single" role="combobox" aria-haspopup="true" aria-expanded="false" tabindex="0" aria-labelledby="select2-gender-3_1-8m-container">...</span> is not clickable at point (1168, 881). Other element would receive the click: <li class="select2-results__option" id="select2-gender-3_0-bb-result-30to-MS" role="treeitem" aria-selected="false">...</li>
  (Session info: chrome=62.0.3202.94)
  (Driver info: chromedriver=2.33.506120 (e3e53437346286c0bc2d2dc9aa4915ba81d9023f),platform=Windows NT 6.3.9600 x86_64) (WARNING: The server did not provide any stacktrace information)
Command duration or timeout: 0 milliseconds
Build info: version: '3.7.1', revision: '8a0099a', time: '2017-11-06T21:07:36.161Z'
System info: host: 'NEACSUNEW-PC', ip: '10.10.10.211', os.name: 'Windows 8.1', os.arch: 'amd64', os.version: '6.3', java.version: '1.8.0_102'
Driver info: com.kms.katalon.selenium.driver.CChromeDriver
Capabilities {acceptSslCerts: true, applicationCacheEnabled: false, browserConnectionEnabled: false, browserName: chrome, chrome: {chromedriverVersion: 2.33.506120 (e3e53437346286..., userDataDir: C:\Users\Cornel\AppData\Loc...}, cssSelectorsEnabled: true, databaseEnabled: false, handlesAlerts: true, hasTouchScreen: false, javascriptEnabled: true, locationContextEnabled: true, mobileEmulationEnabled: false, nativeEvents: true, networkConnectionEnabled: false, pageLoadStrategy: normal, platform: XP, platformName: XP, rotatable: false, setWindowRect: true, takesHeapSnapshot: true, takesScreenshot: true, unexpectedAlertBehaviour: , unhandledPromptBehavior: , version: 62.0.3202.94, webStorageEnabled: true}
Session ID: 859a56eb311e612f064a688be7ec195c)

2017-12-04 16:03:25 - [MESSAGE][WARNING] - Unable to click on object 'Object Repository/PrimoTours/LandingPage/secondPaxFirstNameField' (Root cause: org.openqa.selenium.WebDriverException: unknown error: Element <span class="select2-selection select2-selection--single" role="combobox" aria-haspopup="true" aria-expanded="false" tabindex="0" aria-labelledby="select2-gender-3_1-8m-container">...</span> is not clickable at point (1168, 881). Other element would receive the click: <li class="select2-results__option" id="select2-gender-3_0-bb-result-30to-MS" role="treeitem" aria-selected="false">...</li>
  (Session info: chrome=62.0.3202.94)
  (Driver info: chromedriver=2.33.506120 (e3e53437346286c0bc2d2dc9aa4915ba81d9023f),platform=Windows NT 6.3.9600 x86_64) (WARNING: The server did not provide any stacktrace information)
Command duration or timeout: 0 milliseconds
Build info: version: '3.7.1', revision: '8a0099a', time: '2017-11-06T21:07:36.161Z'
System info: host: 'NEACSUNEW-PC', ip: '10.10.10.211', os.name: 'Windows 8.1', os.arch: 'amd64', os.version: '6.3', java.version: '1.8.0_102'
Driver info: com.kms.katalon.selenium.driver.CChromeDriver
Capabilities {acceptSslCerts: true, applicationCacheEnabled: false, browserConnectionEnabled: false, browserName: chrome, chrome: {chromedriverVersion: 2.33.506120 (e3e53437346286..., userDataDir: C:\Users\Cornel\AppData\Loc...}, cssSelectorsEnabled: true, databaseEnabled: false, handlesAlerts: true, hasTouchScreen: false, javascriptEnabled: true, locationContextEnabled: true, mobileEmulationEnabled: false, nativeEvents: true, networkConnectionEnabled: false, pageLoadStrategy: normal, platform: XP, platformName: XP, rotatable: false, setWindowRect: true, takesHeapSnapshot: true, takesScreenshot: true, unexpectedAlertBehaviour: , unhandledPromptBehavior: , version: 62.0.3202.94, webStorageEnabled: true}
Session ID: 859a56eb311e612f064a688be7ec195c)
[[ATTACHMENT|D:\\Software testing\\Tourpaq\\Automated Katalon tests\\Primo WB test\\Reports\\WB Primo From Excel URLs\\20171204_155729\\1512396205674.png]]

2017-12-04 16:03:25 - [TEST_STEP][PASSED] - Statement - If (i == 1 & j == 1): null

2017-12-04 16:03:26 - [TEST_STEP][PASSED] - Statement - randomPaxIndex = java.lang.Math.abs(new java.util.Random().nextInt() % excelRowNo) + 1: null

2017-12-04 16:03:26 - [TEST_STEP][PASSED] - Statement - fname = rawData.getValue("FirstName", randomPaxIndex) + " AUT": null

2017-12-04 16:03:26 - [TEST_STEP][PASSED] - Statement - lname = rawData.getValue("LastName", randomPaxIndex): null

2017-12-04 16:03:26 - [TEST_STEP][PASSED] - Statement - pgender = rawData.getValue("Gender", randomPaxIndex): null

2017-12-04 16:03:26 - [TEST_STEP][PASSED] - Statement - pday = rawData.getValue("Day DOB", randomPaxIndex): null

2017-12-04 16:03:26 - [TEST_STEP][PASSED] - Statement - pmonth = rawData.getValue("Month DOB", randomPaxIndex): null

2017-12-04 16:03:26 - [TEST_STEP][PASSED] - Statement - pyear = rawData.getValue("Year DOB", randomPaxIndex): null

2017-12-04 16:03:26 - [TEST_STEP][PASSED] - Statement - paxDetailFields = paxInRoomXpath + "[" + j + "]/div[@class="col-md-x col-md-9"]/div[@class="row paxContainer"][1]/div[contains(@class,"paxAttribute")]": null

2017-12-04 16:03:26 - [TEST_STEP][PASSED] - Statement - xpathval = paxDetailFields + "[1]/div[contains(@class,"form-group")]/input[contains(@class,"paxFirstName")]": null

2017-12-04 16:03:26 - [TEST_STEP][PASSED] - Statement - println("fn: " + xpathval): null

2017-12-04 16:03:26 - [TEST_STEP][PASSED] - Statement - repObj = com.kms.katalon.core.testobject.ObjectRepository.findTestObject(Object Repository/PrimoTours/LandingPage/secondPaxFirstNameField): Finding Test Object with id 'Object Repository/PrimoTours/LandingPage/secondPaxFirstNameField'

2017-12-04 16:03:26 - [TEST_STEP][PASSED] - Statement - repObj.findProperty("xpath").setValue(xpathval): null

2017-12-04 16:03:26 - [TEST_STEP][PASSED] - setText: Text 'Methling AUT' is set on object 'Object Repository/PrimoTours/LandingPage/secondPaxFirstNameField'

2017-12-04 16:03:26 - [MESSAGE][PASSED] - Text 'Methling AUT' is set on object 'Object Repository/PrimoTours/LandingPage/secondPaxFirstNameField'

2017-12-04 16:03:26 - [TEST_STEP][PASSED] - Statement - xpathval = paxDetailFields + "[2]/div[contains(@class,"form-group")]/input[contains(@class,"paxLastName")]": null

2017-12-04 16:03:26 - [TEST_STEP][PASSED] - Statement - println("ln: " + xpathval): null

2017-12-04 16:03:26 - [TEST_STEP][PASSED] - Statement - repObj = com.kms.katalon.core.testobject.ObjectRepository.findTestObject(Object Repository/PrimoTours/LandingPage/secondPaxFirstNameField): Finding Test Object with id 'Object Repository/PrimoTours/LandingPage/secondPaxFirstNameField'

2017-12-04 16:03:26 - [TEST_STEP][PASSED] - Statement - repObj.findProperty("xpath").setValue(xpathval): null

2017-12-04 16:03:26 - [TEST_STEP][PASSED] - setText: Text 'Claes' is set on object 'Object Repository/PrimoTours/LandingPage/secondPaxFirstNameField'

2017-12-04 16:03:26 - [MESSAGE][PASSED] - Text 'Claes' is set on object 'Object Repository/PrimoTours/LandingPage/secondPaxFirstNameField'

2017-12-04 16:03:26 - [TEST_STEP][PASSED] - Statement - repObj = com.kms.katalon.core.testobject.ObjectRepository.findTestObject(Object Repository/PrimoTours/LandingPage/secondPaxFirstNameField): Finding Test Object with id 'Object Repository/PrimoTours/LandingPage/secondPaxFirstNameField'

2017-12-04 16:03:26 - [TEST_STEP][PASSED] - Statement - xpathval = paxDetailFields + "[3]/div[contains(@class,"paxGenderSelectorContainer")]/span[contains(@class,"select2 select2-container")]/span[contains(@class,"selection")]/span[contains(@class,"select2-selection")]": null

2017-12-04 16:03:26 - [TEST_STEP][PASSED] - Statement - println("gender: " + xpathval): null

2017-12-04 16:03:26 - [TEST_STEP][PASSED] - Statement - repObj.findProperty("xpath").setValue(xpathval): null

2017-12-04 16:03:26 - [TEST_STEP][PASSED] - click: Object: 'Object Repository/PrimoTours/LandingPage/secondPaxFirstNameField' is clicked on

2017-12-04 16:03:26 - [MESSAGE][PASSED] - Object: 'Object Repository/PrimoTours/LandingPage/secondPaxFirstNameField' is clicked on

2017-12-04 16:03:26 - [TEST_STEP][PASSED] - Statement - paxInRoomXpath = "id("passengersContainer_" + i - 1 + "")/div[@class="col-md-12"]/div[@class="row"]": null

2017-12-04 16:03:26 - [TEST_STEP][PASSED] - Statement - println("paxInRoomXpath=" + paxInRoomXpath): null

2017-12-04 16:03:26 - [TEST_STEP][PASSED] - Statement - paxInRoomCount = driver.findElements(org.openqa.selenium.By.xpath(paxInRoomXpath)).size(): null

2017-12-04 16:03:26 - [TEST_STEP][PASSED] - Statement - println("paxInRoomCount=" + paxInRoomCount): null

2017-12-04 16:03:26 - [TEST_STEP][PASSED] - Statement - For ([j = 1, j <= paxInRoomCount, (j++)]): Object: 'Object Repository/PrimoTours/LandingPage/secondPaxFirstNameField' is clicked on

2017-12-04 16:03:26 - [TEST_STEP][PASSED] - Statement - If (i == 1 & j == 1): null

2017-12-04 16:03:26 - [TEST_STEP][PASSED] - Statement - randomPaxIndex = java.lang.Math.abs(new java.util.Random().nextInt() % excelRowNo) + 1: null

2017-12-04 16:03:26 - [TEST_STEP][PASSED] - Statement - fname = rawData.getValue("FirstName", randomPaxIndex) + " AUT": null

2017-12-04 16:03:26 - [TEST_STEP][PASSED] - Statement - lname = rawData.getValue("LastName", randomPaxIndex): null

2017-12-04 16:03:26 - [TEST_STEP][PASSED] - Statement - pgender = rawData.getValue("Gender", randomPaxIndex): null

2017-12-04 16:03:26 - [TEST_STEP][PASSED] - Statement - pday = rawData.getValue("Day DOB", randomPaxIndex): null

2017-12-04 16:03:26 - [TEST_STEP][PASSED] - Statement - pmonth = rawData.getValue("Month DOB", randomPaxIndex): null

2017-12-04 16:03:26 - [TEST_STEP][PASSED] - Statement - pyear = rawData.getValue("Year DOB", randomPaxIndex): null

2017-12-04 16:03:26 - [TEST_STEP][PASSED] - Statement - paxDetailFields = paxInRoomXpath + "[" + j + "]/div[@class="col-md-x col-md-9"]/div[@class="row paxContainer"][1]/div[contains(@class,"paxAttribute")]": null

2017-12-04 16:03:26 - [TEST_STEP][PASSED] - Statement - xpathval = paxDetailFields + "[1]/div[contains(@class,"form-group")]/input[contains(@class,"paxFirstName")]": null

2017-12-04 16:03:26 - [TEST_STEP][PASSED] - Statement - println("fn: " + xpathval): null

2017-12-04 16:03:26 - [TEST_STEP][PASSED] - Statement - repObj = com.kms.katalon.core.testobject.ObjectRepository.findTestObject(Object Repository/PrimoTours/LandingPage/secondPaxFirstNameField): Finding Test Object with id 'Object Repository/PrimoTours/LandingPage/secondPaxFirstNameField'

2017-12-04 16:03:26 - [TEST_STEP][PASSED] - Statement - repObj.findProperty("xpath").setValue(xpathval): null

2017-12-04 16:03:26 - [TEST_STEP][PASSED] - setText: Text 'Fagerlund AUT' is set on object 'Object Repository/PrimoTours/LandingPage/secondPaxFirstNameField'

2017-12-04 16:03:27 - [MESSAGE][PASSED] - Text 'Fagerlund AUT' is set on object 'Object Repository/PrimoTours/LandingPage/secondPaxFirstNameField'

2017-12-04 16:03:27 - [TEST_STEP][PASSED] - Statement - xpathval = paxDetailFields + "[2]/div[contains(@class,"form-group")]/input[contains(@class,"paxLastName")]": null

2017-12-04 16:03:27 - [TEST_STEP][PASSED] - Statement - println("ln: " + xpathval): null

2017-12-04 16:03:27 - [TEST_STEP][PASSED] - Statement - repObj = com.kms.katalon.core.testobject.ObjectRepository.findTestObject(Object Repository/PrimoTours/LandingPage/secondPaxFirstNameField): Finding Test Object with id 'Object Repository/PrimoTours/LandingPage/secondPaxFirstNameField'

2017-12-04 16:03:27 - [TEST_STEP][PASSED] - Statement - repObj.findProperty("xpath").setValue(xpathval): null

2017-12-04 16:03:27 - [TEST_STEP][PASSED] - setText: Text 'Anne Dahl' is set on object 'Object Repository/PrimoTours/LandingPage/secondPaxFirstNameField'

2017-12-04 16:03:28 - [MESSAGE][PASSED] - Text 'Anne Dahl' is set on object 'Object Repository/PrimoTours/LandingPage/secondPaxFirstNameField'

2017-12-04 16:03:28 - [TEST_STEP][PASSED] - Statement - repObj = com.kms.katalon.core.testobject.ObjectRepository.findTestObject(Object Repository/PrimoTours/LandingPage/secondPaxFirstNameField): Finding Test Object with id 'Object Repository/PrimoTours/LandingPage/secondPaxFirstNameField'

2017-12-04 16:03:28 - [TEST_STEP][PASSED] - Statement - xpathval = paxDetailFields + "[3]/div[contains(@class,"paxGenderSelectorContainer")]/span[contains(@class,"select2 select2-container")]/span[contains(@class,"selection")]/span[contains(@class,"select2-selection")]": null

2017-12-04 16:03:28 - [TEST_STEP][PASSED] - Statement - println("gender: " + xpathval): null

2017-12-04 16:03:28 - [TEST_STEP][PASSED] - Statement - repObj.findProperty("xpath").setValue(xpathval): null

2017-12-04 16:03:28 - [TEST_STEP][PASSED] - click: Object: 'Object Repository/PrimoTours/LandingPage/secondPaxFirstNameField' is clicked on

2017-12-04 16:03:28 - [MESSAGE][PASSED] - Object: 'Object Repository/PrimoTours/LandingPage/secondPaxFirstNameField' is clicked on

2017-12-04 16:03:28 - [TEST_STEP][PASSED] - Statement - If (i == 1 & j == 1): null

2017-12-04 16:03:28 - [TEST_STEP][PASSED] - Statement - randomPaxIndex = java.lang.Math.abs(new java.util.Random().nextInt() % excelRowNo) + 1: null

2017-12-04 16:03:28 - [TEST_STEP][PASSED] - Statement - fname = rawData.getValue("FirstName", randomPaxIndex) + " AUT": null

2017-12-04 16:03:28 - [TEST_STEP][PASSED] - Statement - lname = rawData.getValue("LastName", randomPaxIndex): null

2017-12-04 16:03:28 - [TEST_STEP][PASSED] - Statement - pgender = rawData.getValue("Gender", randomPaxIndex): null

2017-12-04 16:03:28 - [TEST_STEP][PASSED] - Statement - pday = rawData.getValue("Day DOB", randomPaxIndex): null

2017-12-04 16:03:28 - [TEST_STEP][PASSED] - Statement - pmonth = rawData.getValue("Month DOB", randomPaxIndex): null

2017-12-04 16:03:28 - [TEST_STEP][PASSED] - Statement - pyear = rawData.getValue("Year DOB", randomPaxIndex): null

2017-12-04 16:03:28 - [TEST_STEP][PASSED] - Statement - paxDetailFields = paxInRoomXpath + "[" + j + "]/div[@class="col-md-x col-md-9"]/div[@class="row paxContainer"][1]/div[contains(@class,"paxAttribute")]": null

2017-12-04 16:03:28 - [TEST_STEP][PASSED] - Statement - xpathval = paxDetailFields + "[1]/div[contains(@class,"form-group")]/input[contains(@class,"paxFirstName")]": null

2017-12-04 16:03:28 - [TEST_STEP][PASSED] - Statement - println("fn: " + xpathval): null

2017-12-04 16:03:28 - [TEST_STEP][PASSED] - Statement - repObj = com.kms.katalon.core.testobject.ObjectRepository.findTestObject(Object Repository/PrimoTours/LandingPage/secondPaxFirstNameField): Finding Test Object with id 'Object Repository/PrimoTours/LandingPage/secondPaxFirstNameField'

2017-12-04 16:03:28 - [TEST_STEP][PASSED] - Statement - repObj.findProperty("xpath").setValue(xpathval): null

2017-12-04 16:03:28 - [TEST_STEP][PASSED] - setText: Text 'Steffensen AUT' is set on object 'Object Repository/PrimoTours/LandingPage/secondPaxFirstNameField'

2017-12-04 16:03:28 - [MESSAGE][PASSED] - Text 'Steffensen AUT' is set on object 'Object Repository/PrimoTours/LandingPage/secondPaxFirstNameField'

2017-12-04 16:03:28 - [TEST_STEP][PASSED] - Statement - xpathval = paxDetailFields + "[2]/div[contains(@class,"form-group")]/input[contains(@class,"paxLastName")]": null

2017-12-04 16:03:28 - [TEST_STEP][PASSED] - Statement - println("ln: " + xpathval): null

2017-12-04 16:03:28 - [TEST_STEP][PASSED] - Statement - repObj = com.kms.katalon.core.testobject.ObjectRepository.findTestObject(Object Repository/PrimoTours/LandingPage/secondPaxFirstNameField): Finding Test Object with id 'Object Repository/PrimoTours/LandingPage/secondPaxFirstNameField'

2017-12-04 16:03:28 - [TEST_STEP][PASSED] - Statement - repObj.findProperty("xpath").setValue(xpathval): null

2017-12-04 16:03:28 - [TEST_STEP][PASSED] - setText: Text 'Karoline Vinge' is set on object 'Object Repository/PrimoTours/LandingPage/secondPaxFirstNameField'

2017-12-04 16:03:29 - [MESSAGE][PASSED] - Text 'Karoline Vinge' is set on object 'Object Repository/PrimoTours/LandingPage/secondPaxFirstNameField'

2017-12-04 16:03:29 - [TEST_STEP][PASSED] - Statement - repObj = com.kms.katalon.core.testobject.ObjectRepository.findTestObject(Object Repository/PrimoTours/LandingPage/secondPaxFirstNameField): Finding Test Object with id 'Object Repository/PrimoTours/LandingPage/secondPaxFirstNameField'

2017-12-04 16:03:29 - [TEST_STEP][PASSED] - Statement - xpathval = paxDetailFields + "[3]/div[contains(@class,"paxGenderSelectorContainer")]/span[contains(@class,"select2 select2-container")]/span[contains(@class,"selection")]/span[contains(@class,"select2-selection")]": null

2017-12-04 16:03:29 - [TEST_STEP][PASSED] - Statement - println("gender: " + xpathval): null

2017-12-04 16:03:29 - [TEST_STEP][PASSED] - Statement - repObj.findProperty("xpath").setValue(xpathval): null

2017-12-04 16:03:29 - [TEST_STEP][PASSED] - click: Unable to click on object 'Object Repository/PrimoTours/LandingPage/secondPaxFirstNameField' (Root cause: org.openqa.selenium.WebDriverException: unknown error: Element <span class="select2-selection select2-selection--single" role="combobox" aria-haspopup="true" aria-expanded="false" tabindex="0" aria-labelledby="select2-gender-4_1-0a-container">...</span> is not clickable at point (1168, 674). Other element would receive the click: <li class="select2-results__option" id="select2-gender-4_0-9w-result-g07c-MS" role="treeitem" aria-selected="false">...</li>
  (Session info: chrome=62.0.3202.94)
  (Driver info: chromedriver=2.33.506120 (e3e53437346286c0bc2d2dc9aa4915ba81d9023f),platform=Windows NT 6.3.9600 x86_64) (WARNING: The server did not provide any stacktrace information)
Command duration or timeout: 0 milliseconds
Build info: version: '3.7.1', revision: '8a0099a', time: '2017-11-06T21:07:36.161Z'
System info: host: 'NEACSUNEW-PC', ip: '10.10.10.211', os.name: 'Windows 8.1', os.arch: 'amd64', os.version: '6.3', java.version: '1.8.0_102'
Driver info: com.kms.katalon.selenium.driver.CChromeDriver
Capabilities {acceptSslCerts: true, applicationCacheEnabled: false, browserConnectionEnabled: false, browserName: chrome, chrome: {chromedriverVersion: 2.33.506120 (e3e53437346286..., userDataDir: C:\Users\Cornel\AppData\Loc...}, cssSelectorsEnabled: true, databaseEnabled: false, handlesAlerts: true, hasTouchScreen: false, javascriptEnabled: true, locationContextEnabled: true, mobileEmulationEnabled: false, nativeEvents: true, networkConnectionEnabled: false, pageLoadStrategy: normal, platform: XP, platformName: XP, rotatable: false, setWindowRect: true, takesHeapSnapshot: true, takesScreenshot: true, unexpectedAlertBehaviour: , unhandledPromptBehavior: , version: 62.0.3202.94, webStorageEnabled: true}
Session ID: 859a56eb311e612f064a688be7ec195c)

2017-12-04 16:03:29 - [MESSAGE][WARNING] - Unable to click on object 'Object Repository/PrimoTours/LandingPage/secondPaxFirstNameField' (Root cause: org.openqa.selenium.WebDriverException: unknown error: Element <span class="select2-selection select2-selection--single" role="combobox" aria-haspopup="true" aria-expanded="false" tabindex="0" aria-labelledby="select2-gender-4_1-0a-container">...</span> is not clickable at point (1168, 674). Other element would receive the click: <li class="select2-results__option" id="select2-gender-4_0-9w-result-g07c-MS" role="treeitem" aria-selected="false">...</li>
  (Session info: chrome=62.0.3202.94)
  (Driver info: chromedriver=2.33.506120 (e3e53437346286c0bc2d2dc9aa4915ba81d9023f),platform=Windows NT 6.3.9600 x86_64) (WARNING: The server did not provide any stacktrace information)
Command duration or timeout: 0 milliseconds
Build info: version: '3.7.1', revision: '8a0099a', time: '2017-11-06T21:07:36.161Z'
System info: host: 'NEACSUNEW-PC', ip: '10.10.10.211', os.name: 'Windows 8.1', os.arch: 'amd64', os.version: '6.3', java.version: '1.8.0_102'
Driver info: com.kms.katalon.selenium.driver.CChromeDriver
Capabilities {acceptSslCerts: true, applicationCacheEnabled: false, browserConnectionEnabled: false, browserName: chrome, chrome: {chromedriverVersion: 2.33.506120 (e3e53437346286..., userDataDir: C:\Users\Cornel\AppData\Loc...}, cssSelectorsEnabled: true, databaseEnabled: false, handlesAlerts: true, hasTouchScreen: false, javascriptEnabled: true, locationContextEnabled: true, mobileEmulationEnabled: false, nativeEvents: true, networkConnectionEnabled: false, pageLoadStrategy: normal, platform: XP, platformName: XP, rotatable: false, setWindowRect: true, takesHeapSnapshot: true, takesScreenshot: true, unexpectedAlertBehaviour: , unhandledPromptBehavior: , version: 62.0.3202.94, webStorageEnabled: true}
Session ID: 859a56eb311e612f064a688be7ec195c)
[[ATTACHMENT|D:\\Software testing\\Tourpaq\\Automated Katalon tests\\Primo WB test\\Reports\\WB Primo From Excel URLs\\20171204_155729\\1512396209421.png]]

2017-12-04 16:03:29 - [TEST_STEP][PASSED] - Statement - If (i == 1 & j == 1): null

2017-12-04 16:03:29 - [TEST_STEP][PASSED] - Statement - randomPaxIndex = java.lang.Math.abs(new java.util.Random().nextInt() % excelRowNo) + 1: null

2017-12-04 16:03:29 - [TEST_STEP][PASSED] - Statement - fname = rawData.getValue("FirstName", randomPaxIndex) + " AUT": null

2017-12-04 16:03:29 - [TEST_STEP][PASSED] - Statement - lname = rawData.getValue("LastName", randomPaxIndex): null

2017-12-04 16:03:29 - [TEST_STEP][PASSED] - Statement - pgender = rawData.getValue("Gender", randomPaxIndex): null

2017-12-04 16:03:29 - [TEST_STEP][PASSED] - Statement - pday = rawData.getValue("Day DOB", randomPaxIndex): null

2017-12-04 16:03:29 - [TEST_STEP][PASSED] - Statement - pmonth = rawData.getValue("Month DOB", randomPaxIndex): null

2017-12-04 16:03:29 - [TEST_STEP][PASSED] - Statement - pyear = rawData.getValue("Year DOB", randomPaxIndex): null

2017-12-04 16:03:29 - [TEST_STEP][PASSED] - Statement - paxDetailFields = paxInRoomXpath + "[" + j + "]/div[@class="col-md-x col-md-9"]/div[@class="row paxContainer"][1]/div[contains(@class,"paxAttribute")]": null

2017-12-04 16:03:29 - [TEST_STEP][PASSED] - Statement - xpathval = paxDetailFields + "[1]/div[contains(@class,"form-group")]/input[contains(@class,"paxFirstName")]": null

2017-12-04 16:03:29 - [TEST_STEP][PASSED] - Statement - println("fn: " + xpathval): null

2017-12-04 16:03:29 - [TEST_STEP][PASSED] - Statement - repObj = com.kms.katalon.core.testobject.ObjectRepository.findTestObject(Object Repository/PrimoTours/LandingPage/secondPaxFirstNameField): Finding Test Object with id 'Object Repository/PrimoTours/LandingPage/secondPaxFirstNameField'

2017-12-04 16:03:29 - [TEST_STEP][PASSED] - Statement - repObj.findProperty("xpath").setValue(xpathval): null

2017-12-04 16:03:29 - [TEST_STEP][PASSED] - setText: Text 'Juul AUT' is set on object 'Object Repository/PrimoTours/LandingPage/secondPaxFirstNameField'

2017-12-04 16:03:30 - [MESSAGE][PASSED] - Text 'Juul AUT' is set on object 'Object Repository/PrimoTours/LandingPage/secondPaxFirstNameField'

2017-12-04 16:03:30 - [TEST_STEP][PASSED] - Statement - xpathval = paxDetailFields + "[2]/div[contains(@class,"form-group")]/input[contains(@class,"paxLastName")]": null

2017-12-04 16:03:30 - [TEST_STEP][PASSED] - Statement - println("ln: " + xpathval): null

2017-12-04 16:03:30 - [TEST_STEP][PASSED] - Statement - repObj = com.kms.katalon.core.testobject.ObjectRepository.findTestObject(Object Repository/PrimoTours/LandingPage/secondPaxFirstNameField): Finding Test Object with id 'Object Repository/PrimoTours/LandingPage/secondPaxFirstNameField'

2017-12-04 16:03:30 - [TEST_STEP][PASSED] - Statement - repObj.findProperty("xpath").setValue(xpathval): null

2017-12-04 16:03:30 - [TEST_STEP][PASSED] - setText: Text 'Bettina Bagger' is set on object 'Object Repository/PrimoTours/LandingPage/secondPaxFirstNameField'

2017-12-04 16:03:30 - [MESSAGE][PASSED] - Text 'Bettina Bagger' is set on object 'Object Repository/PrimoTours/LandingPage/secondPaxFirstNameField'

2017-12-04 16:03:30 - [TEST_STEP][PASSED] - Statement - repObj = com.kms.katalon.core.testobject.ObjectRepository.findTestObject(Object Repository/PrimoTours/LandingPage/secondPaxFirstNameField): Finding Test Object with id 'Object Repository/PrimoTours/LandingPage/secondPaxFirstNameField'

2017-12-04 16:03:30 - [TEST_STEP][PASSED] - Statement - xpathval = paxDetailFields + "[3]/div[contains(@class,"paxGenderSelectorContainer")]/span[contains(@class,"select2 select2-container")]/span[contains(@class,"selection")]/span[contains(@class,"select2-selection")]": null

2017-12-04 16:03:30 - [TEST_STEP][PASSED] - Statement - println("gender: " + xpathval): null

2017-12-04 16:03:30 - [TEST_STEP][PASSED] - Statement - repObj.findProperty("xpath").setValue(xpathval): null

2017-12-04 16:03:30 - [TEST_STEP][PASSED] - click: Object: 'Object Repository/PrimoTours/LandingPage/secondPaxFirstNameField' is clicked on

2017-12-04 16:03:30 - [MESSAGE][PASSED] - Object: 'Object Repository/PrimoTours/LandingPage/secondPaxFirstNameField' is clicked on

2017-12-04 16:03:30 - [TEST_STEP][PASSED] - Statement - paxInRoomXpath = "id("passengersContainer_" + i - 1 + "")/div[@class="col-md-12"]/div[@class="row"]": null

2017-12-04 16:03:30 - [TEST_STEP][PASSED] - Statement - println("paxInRoomXpath=" + paxInRoomXpath): null

2017-12-04 16:03:30 - [TEST_STEP][PASSED] - Statement - paxInRoomCount = driver.findElements(org.openqa.selenium.By.xpath(paxInRoomXpath)).size(): null

2017-12-04 16:03:30 - [TEST_STEP][PASSED] - Statement - println("paxInRoomCount=" + paxInRoomCount): null

2017-12-04 16:03:30 - [TEST_STEP][PASSED] - Statement - For ([j = 1, j <= paxInRoomCount, (j++)]): Object: 'Object Repository/PrimoTours/LandingPage/secondPaxFirstNameField' is clicked on

2017-12-04 16:03:30 - [TEST_STEP][PASSED] - Statement - If (i == 1 & j == 1): null

2017-12-04 16:03:30 - [TEST_STEP][PASSED] - Statement - randomPaxIndex = java.lang.Math.abs(new java.util.Random().nextInt() % excelRowNo) + 1: null

2017-12-04 16:03:30 - [TEST_STEP][PASSED] - Statement - fname = rawData.getValue("FirstName", randomPaxIndex) + " AUT": null

2017-12-04 16:03:30 - [TEST_STEP][PASSED] - Statement - lname = rawData.getValue("LastName", randomPaxIndex): null

2017-12-04 16:03:30 - [TEST_STEP][PASSED] - Statement - pgender = rawData.getValue("Gender", randomPaxIndex): null

2017-12-04 16:03:30 - [TEST_STEP][PASSED] - Statement - pday = rawData.getValue("Day DOB", randomPaxIndex): null

2017-12-04 16:03:30 - [TEST_STEP][PASSED] - Statement - pmonth = rawData.getValue("Month DOB", randomPaxIndex): null

2017-12-04 16:03:30 - [TEST_STEP][PASSED] - Statement - pyear = rawData.getValue("Year DOB", randomPaxIndex): null

2017-12-04 16:03:30 - [TEST_STEP][PASSED] - Statement - paxDetailFields = paxInRoomXpath + "[" + j + "]/div[@class="col-md-x col-md-9"]/div[@class="row paxContainer"][1]/div[contains(@class,"paxAttribute")]": null

2017-12-04 16:03:30 - [TEST_STEP][PASSED] - Statement - xpathval = paxDetailFields + "[1]/div[contains(@class,"form-group")]/input[contains(@class,"paxFirstName")]": null

2017-12-04 16:03:30 - [TEST_STEP][PASSED] - Statement - println("fn: " + xpathval): null

2017-12-04 16:03:30 - [TEST_STEP][PASSED] - Statement - repObj = com.kms.katalon.core.testobject.ObjectRepository.findTestObject(Object Repository/PrimoTours/LandingPage/secondPaxFirstNameField): Finding Test Object with id 'Object Repository/PrimoTours/LandingPage/secondPaxFirstNameField'

2017-12-04 16:03:30 - [TEST_STEP][PASSED] - Statement - repObj.findProperty("xpath").setValue(xpathval): null

2017-12-04 16:03:30 - [TEST_STEP][PASSED] - setText: Text 'Bertelsen AUT' is set on object 'Object Repository/PrimoTours/LandingPage/secondPaxFirstNameField'

2017-12-04 16:03:31 - [MESSAGE][PASSED] - Text 'Bertelsen AUT' is set on object 'Object Repository/PrimoTours/LandingPage/secondPaxFirstNameField'

2017-12-04 16:03:31 - [TEST_STEP][PASSED] - Statement - xpathval = paxDetailFields + "[2]/div[contains(@class,"form-group")]/input[contains(@class,"paxLastName")]": null

2017-12-04 16:03:31 - [TEST_STEP][PASSED] - Statement - println("ln: " + xpathval): null

2017-12-04 16:03:31 - [TEST_STEP][PASSED] - Statement - repObj = com.kms.katalon.core.testobject.ObjectRepository.findTestObject(Object Repository/PrimoTours/LandingPage/secondPaxFirstNameField): Finding Test Object with id 'Object Repository/PrimoTours/LandingPage/secondPaxFirstNameField'

2017-12-04 16:03:31 - [TEST_STEP][PASSED] - Statement - repObj.findProperty("xpath").setValue(xpathval): null

2017-12-04 16:03:31 - [TEST_STEP][PASSED] - setText: Text 'Kirsten  Bodil' is set on object 'Object Repository/PrimoTours/LandingPage/secondPaxFirstNameField'

2017-12-04 16:03:31 - [MESSAGE][PASSED] - Text 'Kirsten  Bodil' is set on object 'Object Repository/PrimoTours/LandingPage/secondPaxFirstNameField'

2017-12-04 16:03:31 - [TEST_STEP][PASSED] - Statement - repObj = com.kms.katalon.core.testobject.ObjectRepository.findTestObject(Object Repository/PrimoTours/LandingPage/secondPaxFirstNameField): Finding Test Object with id 'Object Repository/PrimoTours/LandingPage/secondPaxFirstNameField'

2017-12-04 16:03:31 - [TEST_STEP][PASSED] - Statement - xpathval = paxDetailFields + "[3]/div[contains(@class,"paxGenderSelectorContainer")]/span[contains(@class,"select2 select2-container")]/span[contains(@class,"selection")]/span[contains(@class,"select2-selection")]": null

2017-12-04 16:03:31 - [TEST_STEP][PASSED] - Statement - println("gender: " + xpathval): null

2017-12-04 16:03:31 - [TEST_STEP][PASSED] - Statement - repObj.findProperty("xpath").setValue(xpathval): null

2017-12-04 16:03:31 - [TEST_STEP][PASSED] - click: Object: 'Object Repository/PrimoTours/LandingPage/secondPaxFirstNameField' is clicked on

2017-12-04 16:03:32 - [MESSAGE][PASSED] - Object: 'Object Repository/PrimoTours/LandingPage/secondPaxFirstNameField' is clicked on

2017-12-04 16:03:32 - [TEST_STEP][PASSED] - Statement - If (i == 1 & j == 1): null

2017-12-04 16:03:32 - [TEST_STEP][PASSED] - Statement - randomPaxIndex = java.lang.Math.abs(new java.util.Random().nextInt() % excelRowNo) + 1: null

2017-12-04 16:03:32 - [TEST_STEP][PASSED] - Statement - fname = rawData.getValue("FirstName", randomPaxIndex) + " AUT": null

2017-12-04 16:03:32 - [TEST_STEP][PASSED] - Statement - lname = rawData.getValue("LastName", randomPaxIndex): null

2017-12-04 16:03:32 - [TEST_STEP][PASSED] - Statement - pgender = rawData.getValue("Gender", randomPaxIndex): null

2017-12-04 16:03:32 - [TEST_STEP][PASSED] - Statement - pday = rawData.getValue("Day DOB", randomPaxIndex): null

2017-12-04 16:03:32 - [TEST_STEP][PASSED] - Statement - pmonth = rawData.getValue("Month DOB", randomPaxIndex): null

2017-12-04 16:03:32 - [TEST_STEP][PASSED] - Statement - pyear = rawData.getValue("Year DOB", randomPaxIndex): null

2017-12-04 16:03:32 - [TEST_STEP][PASSED] - Statement - paxDetailFields = paxInRoomXpath + "[" + j + "]/div[@class="col-md-x col-md-9"]/div[@class="row paxContainer"][1]/div[contains(@class,"paxAttribute")]": null

2017-12-04 16:03:32 - [TEST_STEP][PASSED] - Statement - xpathval = paxDetailFields + "[1]/div[contains(@class,"form-group")]/input[contains(@class,"paxFirstName")]": null

2017-12-04 16:03:32 - [TEST_STEP][PASSED] - Statement - println("fn: " + xpathval): null

2017-12-04 16:03:32 - [TEST_STEP][PASSED] - Statement - repObj = com.kms.katalon.core.testobject.ObjectRepository.findTestObject(Object Repository/PrimoTours/LandingPage/secondPaxFirstNameField): Finding Test Object with id 'Object Repository/PrimoTours/LandingPage/secondPaxFirstNameField'

2017-12-04 16:03:32 - [TEST_STEP][PASSED] - Statement - repObj.findProperty("xpath").setValue(xpathval): null

2017-12-04 16:03:32 - [TEST_STEP][PASSED] - setText: Text 'Dfgsqer AUT' is set on object 'Object Repository/PrimoTours/LandingPage/secondPaxFirstNameField'

2017-12-04 16:03:32 - [MESSAGE][PASSED] - Text 'Dfgsqer AUT' is set on object 'Object Repository/PrimoTours/LandingPage/secondPaxFirstNameField'

2017-12-04 16:03:32 - [TEST_STEP][PASSED] - Statement - xpathval = paxDetailFields + "[2]/div[contains(@class,"form-group")]/input[contains(@class,"paxLastName")]": null

2017-12-04 16:03:32 - [TEST_STEP][PASSED] - Statement - println("ln: " + xpathval): null

2017-12-04 16:03:32 - [TEST_STEP][PASSED] - Statement - repObj = com.kms.katalon.core.testobject.ObjectRepository.findTestObject(Object Repository/PrimoTours/LandingPage/secondPaxFirstNameField): Finding Test Object with id 'Object Repository/PrimoTours/LandingPage/secondPaxFirstNameField'

2017-12-04 16:03:32 - [TEST_STEP][PASSED] - Statement - repObj.findProperty("xpath").setValue(xpathval): null

2017-12-04 16:03:32 - [TEST_STEP][PASSED] - setText: Text 'Sdfgqwerqwerqwes' is set on object 'Object Repository/PrimoTours/LandingPage/secondPaxFirstNameField'

2017-12-04 16:03:32 - [MESSAGE][PASSED] - Text 'Sdfgqwerqwerqwes' is set on object 'Object Repository/PrimoTours/LandingPage/secondPaxFirstNameField'

2017-12-04 16:03:32 - [TEST_STEP][PASSED] - Statement - repObj = com.kms.katalon.core.testobject.ObjectRepository.findTestObject(Object Repository/PrimoTours/LandingPage/secondPaxFirstNameField): Finding Test Object with id 'Object Repository/PrimoTours/LandingPage/secondPaxFirstNameField'

2017-12-04 16:03:32 - [TEST_STEP][PASSED] - Statement - xpathval = paxDetailFields + "[3]/div[contains(@class,"paxGenderSelectorContainer")]/span[contains(@class,"select2 select2-container")]/span[contains(@class,"selection")]/span[contains(@class,"select2-selection")]": null

2017-12-04 16:03:32 - [TEST_STEP][PASSED] - Statement - println("gender: " + xpathval): null

2017-12-04 16:03:32 - [TEST_STEP][PASSED] - Statement - repObj.findProperty("xpath").setValue(xpathval): null

2017-12-04 16:03:32 - [TEST_STEP][PASSED] - click: Object: 'Object Repository/PrimoTours/LandingPage/secondPaxFirstNameField' is clicked on

2017-12-04 16:03:32 - [MESSAGE][PASSED] - Object: 'Object Repository/PrimoTours/LandingPage/secondPaxFirstNameField' is clicked on

2017-12-04 16:03:32 - [TEST_STEP][PASSED] - Statement - If (i == 1 & j == 1): null

2017-12-04 16:03:32 - [TEST_STEP][PASSED] - Statement - randomPaxIndex = java.lang.Math.abs(new java.util.Random().nextInt() % excelRowNo) + 1: null

2017-12-04 16:03:32 - [TEST_STEP][PASSED] - Statement - fname = rawData.getValue("FirstName", randomPaxIndex) + " AUT": null

2017-12-04 16:03:32 - [TEST_STEP][PASSED] - Statement - lname = rawData.getValue("LastName", randomPaxIndex): null

2017-12-04 16:03:32 - [TEST_STEP][PASSED] - Statement - pgender = rawData.getValue("Gender", randomPaxIndex): null

2017-12-04 16:03:32 - [TEST_STEP][PASSED] - Statement - pday = rawData.getValue("Day DOB", randomPaxIndex): null

2017-12-04 16:03:32 - [TEST_STEP][PASSED] - Statement - pmonth = rawData.getValue("Month DOB", randomPaxIndex): null

2017-12-04 16:03:32 - [TEST_STEP][PASSED] - Statement - pyear = rawData.getValue("Year DOB", randomPaxIndex): null

2017-12-04 16:03:32 - [TEST_STEP][PASSED] - Statement - paxDetailFields = paxInRoomXpath + "[" + j + "]/div[@class="col-md-x col-md-9"]/div[@class="row paxContainer"][1]/div[contains(@class,"paxAttribute")]": null

2017-12-04 16:03:32 - [TEST_STEP][PASSED] - Statement - xpathval = paxDetailFields + "[1]/div[contains(@class,"form-group")]/input[contains(@class,"paxFirstName")]": null

2017-12-04 16:03:32 - [TEST_STEP][PASSED] - Statement - println("fn: " + xpathval): null

2017-12-04 16:03:32 - [TEST_STEP][PASSED] - Statement - repObj = com.kms.katalon.core.testobject.ObjectRepository.findTestObject(Object Repository/PrimoTours/LandingPage/secondPaxFirstNameField): Finding Test Object with id 'Object Repository/PrimoTours/LandingPage/secondPaxFirstNameField'

2017-12-04 16:03:32 - [TEST_STEP][PASSED] - Statement - repObj.findProperty("xpath").setValue(xpathval): null

2017-12-04 16:03:32 - [TEST_STEP][PASSED] - setText: Text 'Votborg AUT' is set on object 'Object Repository/PrimoTours/LandingPage/secondPaxFirstNameField'

2017-12-04 16:03:33 - [MESSAGE][PASSED] - Text 'Votborg AUT' is set on object 'Object Repository/PrimoTours/LandingPage/secondPaxFirstNameField'

2017-12-04 16:03:33 - [TEST_STEP][PASSED] - Statement - xpathval = paxDetailFields + "[2]/div[contains(@class,"form-group")]/input[contains(@class,"paxLastName")]": null

2017-12-04 16:03:33 - [TEST_STEP][PASSED] - Statement - println("ln: " + xpathval): null

2017-12-04 16:03:33 - [TEST_STEP][PASSED] - Statement - repObj = com.kms.katalon.core.testobject.ObjectRepository.findTestObject(Object Repository/PrimoTours/LandingPage/secondPaxFirstNameField): Finding Test Object with id 'Object Repository/PrimoTours/LandingPage/secondPaxFirstNameField'

2017-12-04 16:03:33 - [TEST_STEP][PASSED] - Statement - repObj.findProperty("xpath").setValue(xpathval): null

2017-12-04 16:03:33 - [TEST_STEP][PASSED] - setText: Text 'Noah Vilsgaard' is set on object 'Object Repository/PrimoTours/LandingPage/secondPaxFirstNameField'

2017-12-04 16:03:34 - [MESSAGE][PASSED] - Text 'Noah Vilsgaard' is set on object 'Object Repository/PrimoTours/LandingPage/secondPaxFirstNameField'

2017-12-04 16:03:34 - [TEST_STEP][PASSED] - Statement - repObj = com.kms.katalon.core.testobject.ObjectRepository.findTestObject(Object Repository/PrimoTours/LandingPage/secondPaxFirstNameField): Finding Test Object with id 'Object Repository/PrimoTours/LandingPage/secondPaxFirstNameField'

2017-12-04 16:03:34 - [TEST_STEP][PASSED] - Statement - xpathval = paxDetailFields + "[3]/div[contains(@class,"paxGenderSelectorContainer")]/span[contains(@class,"select2 select2-container")]/span[contains(@class,"selection")]/span[contains(@class,"select2-selection")]": null

2017-12-04 16:03:34 - [TEST_STEP][PASSED] - Statement - println("gender: " + xpathval): null

2017-12-04 16:03:34 - [TEST_STEP][PASSED] - Statement - repObj.findProperty("xpath").setValue(xpathval): null

2017-12-04 16:03:34 - [TEST_STEP][PASSED] - click: Object: 'Object Repository/PrimoTours/LandingPage/secondPaxFirstNameField' is clicked on

2017-12-04 16:03:34 - [MESSAGE][PASSED] - Object: 'Object Repository/PrimoTours/LandingPage/secondPaxFirstNameField' is clicked on

2017-12-04 16:03:34 - [TEST_STEP][PASSED] - scrollToElement: Scroll to object 'Object Repository/PrimoTours/Old Objects/Coco (1)/PrimoT/SaveBooking2/Success/bookingTotalValue' successfully

2017-12-04 16:03:34 - [MESSAGE][PASSED] - Scroll to object 'Object Repository/PrimoTours/Old Objects/Coco (1)/PrimoT/SaveBooking2/Success/bookingTotalValue' successfully

2017-12-04 16:03:34 - [TEST_STEP][PASSED] - click: Object: 'Object Repository/PrimoTours/Old Objects/Coco (1)/PrimoT/SaveBooking2/Success/bookingTotalValue' is clicked on

2017-12-04 16:03:34 - [MESSAGE][PASSED] - Object: 'Object Repository/PrimoTours/Old Objects/Coco (1)/PrimoT/SaveBooking2/Success/bookingTotalValue' is clicked on

2017-12-04 16:03:34 - [TEST_STEP][PASSED] - scrollToElement: Scroll to object 'Object Repository/PrimoTours/Old Objects/Coco (1)/PrimoT/SaveBooking2/Success/Page_Primo Tours  Danmarks bedste c/nextButtonOnLandingPage' successfully

2017-12-04 16:03:34 - [MESSAGE][PASSED] - Scroll to object 'Object Repository/PrimoTours/Old Objects/Coco (1)/PrimoT/SaveBooking2/Success/Page_Primo Tours  Danmarks bedste c/nextButtonOnLandingPage' successfully

2017-12-04 16:03:34 - [TEST_STEP][PASSED] - waitForElementClickable: Object 'Object Repository/PrimoTours/Old Objects/Coco (1)/PrimoT/SaveBooking2/Success/Page_Primo Tours  Danmarks bedste c/nextButtonOnLandingPage' is clickable

2017-12-04 16:03:34 - [MESSAGE][PASSED] - Object 'Object Repository/PrimoTours/Old Objects/Coco (1)/PrimoT/SaveBooking2/Success/Page_Primo Tours  Danmarks bedste c/nextButtonOnLandingPage' is clickable

2017-12-04 16:03:34 - [TEST_STEP][PASSED] - waitForElementVisible: Object 'Object Repository/PrimoTours/Old Objects/Coco (1)/PrimoT/SaveBooking2/Success/Page_Primo Tours  Danmarks bedste c/nextButtonOnLandingPage' is visible

2017-12-04 16:03:34 - [MESSAGE][PASSED] - Object 'Object Repository/PrimoTours/Old Objects/Coco (1)/PrimoT/SaveBooking2/Success/Page_Primo Tours  Danmarks bedste c/nextButtonOnLandingPage' is visible

2017-12-04 16:03:34 - [TEST_STEP][PASSED] - scrollToElement: Scroll to object 'Object Repository/PrimoTours/Old Objects/Coco (1)/PrimoT/SaveBooking2/Success/Page_Primo Tours  Danmarks bedste c/nextButtonOnLandingPage' successfully

2017-12-04 16:03:34 - [MESSAGE][PASSED] - Scroll to object 'Object Repository/PrimoTours/Old Objects/Coco (1)/PrimoT/SaveBooking2/Success/Page_Primo Tours  Danmarks bedste c/nextButtonOnLandingPage' successfully

2017-12-04 16:03:34 - [TEST_STEP][PASSED] - click: Object: 'Object Repository/PrimoTours/Old Objects/Coco (1)/PrimoT/SaveBooking2/Success/Page_Primo Tours  Danmarks bedste c/nextButtonOnLandingPage' is clicked on

2017-12-04 16:03:34 - [MESSAGE][PASSED] - Object: 'Object Repository/PrimoTours/Old Objects/Coco (1)/PrimoT/SaveBooking2/Success/Page_Primo Tours  Danmarks bedste c/nextButtonOnLandingPage' is clicked on

2017-12-04 16:03:34 - [TEST_STEP][PASSED] - delay: Delayed 3 second(s)

2017-12-04 16:03:37 - [MESSAGE][PASSED] - Delayed 3 second(s)

2017-12-04 16:03:37 - [TEST_STEP][PASSED] - waitForElementNotVisible: Object 'Object Repository/PrimoTours/Old Objects/CCenter/pageLoaderOverlayLayer' is NOT visible

2017-12-04 16:03:41 - [MESSAGE][PASSED] - Object 'Object Repository/PrimoTours/Old Objects/CCenter/pageLoaderOverlayLayer' is NOT visible

2017-12-04 16:03:41 - [TEST_STEP][PASSED] - scrollToElement: Scroll to object 'Object Repository/PrimoTours/Old Objects/Coco/PrimoT/Ins2/Page_Primo Tours  Danmarks bedste c/travelInsuranceFirstPaxSelector' successfully

2017-12-04 16:03:41 - [MESSAGE][PASSED] - Scroll to object 'Object Repository/PrimoTours/Old Objects/Coco/PrimoT/Ins2/Page_Primo Tours  Danmarks bedste c/travelInsuranceFirstPaxSelector' successfully

2017-12-04 16:03:41 - [TEST_STEP][PASSED] - waitForElementPresent: Object 'Object Repository/PrimoTours/Old Objects/Coco/PrimoT/Ins2/Page_Primo Tours  Danmarks bedste c/travelInsuranceFirstPaxSelector' is present

2017-12-04 16:03:41 - [MESSAGE][PASSED] - Object 'Object Repository/PrimoTours/Old Objects/Coco/PrimoT/Ins2/Page_Primo Tours  Danmarks bedste c/travelInsuranceFirstPaxSelector' is present

2017-12-04 16:03:41 - [TEST_STEP][PASSED] - waitForElementVisible: Object 'Object Repository/PrimoTours/Old Objects/Coco/PrimoT/Ins2/Page_Primo Tours  Danmarks bedste c/travelInsuranceFirstPaxSelector' is visible

2017-12-04 16:03:41 - [MESSAGE][PASSED] - Object 'Object Repository/PrimoTours/Old Objects/Coco/PrimoT/Ins2/Page_Primo Tours  Danmarks bedste c/travelInsuranceFirstPaxSelector' is visible

2017-12-04 16:03:41 - [TEST_STEP][PASSED] - waitForElementClickable: Object 'Object Repository/PrimoTours/Old Objects/Coco/PrimoT/Ins2/Page_Primo Tours  Danmarks bedste c/travelInsuranceFirstPaxSelector' is clickable

2017-12-04 16:03:41 - [MESSAGE][PASSED] - Object 'Object Repository/PrimoTours/Old Objects/Coco/PrimoT/Ins2/Page_Primo Tours  Danmarks bedste c/travelInsuranceFirstPaxSelector' is clickable

2017-12-04 16:03:41 - [TEST_STEP][FAILED] - click: Unable to click on object 'Object Repository/PrimoTours/Old Objects/Coco/PrimoT/Ins2/Page_Primo Tours  Danmarks bedste c/travelInsuranceFirstPaxSelector' (Root cause: org.openqa.selenium.WebDriverException: unknown error: Element <span class="select2-selection__rendered" id="select2-ddlInsurance-sk-container" title="...">Vælg forsikring</span> is not clickable at point (854, 19). Other element would receive the click: <div class="col-md-9">...</div>
  (Session info: chrome=62.0.3202.94)
  (Driver info: chromedriver=2.33.506120 (e3e53437346286c0bc2d2dc9aa4915ba81d9023f),platform=Windows NT 6.3.9600 x86_64) (WARNING: The server did not provide any stacktrace information)
Command duration or timeout: 0 milliseconds
Build info: version: '3.7.1', revision: '8a0099a', time: '2017-11-06T21:07:36.161Z'
System info: host: 'NEACSUNEW-PC', ip: '10.10.10.211', os.name: 'Windows 8.1', os.arch: 'amd64', os.version: '6.3', java.version: '1.8.0_102'
Driver info: com.kms.katalon.selenium.driver.CChromeDriver
Capabilities {acceptSslCerts: true, applicationCacheEnabled: false, browserConnectionEnabled: false, browserName: chrome, chrome: {chromedriverVersion: 2.33.506120 (e3e53437346286..., userDataDir: C:\Users\Cornel\AppData\Loc...}, cssSelectorsEnabled: true, databaseEnabled: false, handlesAlerts: true, hasTouchScreen: false, javascriptEnabled: true, locationContextEnabled: true, mobileEmulationEnabled: false, nativeEvents: true, networkConnectionEnabled: false, pageLoadStrategy: normal, platform: XP, platformName: XP, rotatable: false, setWindowRect: true, takesHeapSnapshot: true, takesScreenshot: true, unexpectedAlertBehaviour: , unhandledPromptBehavior: , version: 62.0.3202.94, webStorageEnabled: true}
Session ID: 859a56eb311e612f064a688be7ec195c)

2017-12-04 16:03:42 - [MESSAGE][FAILED] - Unable to click on object 'Object Repository/PrimoTours/Old Objects/Coco/PrimoT/Ins2/Page_Primo Tours  Danmarks bedste c/travelInsuranceFirstPaxSelector' (Root cause: org.openqa.selenium.WebDriverException: unknown error: Element <span class="select2-selection__rendered" id="select2-ddlInsurance-sk-container" title="...">Vælg forsikring</span> is not clickable at point (854, 19). Other element would receive the click: <div class="col-md-9">...</div>
  (Session info: chrome=62.0.3202.94)
  (Driver info: chromedriver=2.33.506120 (e3e53437346286c0bc2d2dc9aa4915ba81d9023f),platform=Windows NT 6.3.9600 x86_64) (WARNING: The server did not provide any stacktrace information)
Command duration or timeout: 0 milliseconds
Build info: version: '3.7.1', revision: '8a0099a', time: '2017-11-06T21:07:36.161Z'
System info: host: 'NEACSUNEW-PC', ip: '10.10.10.211', os.name: 'Windows 8.1', os.arch: 'amd64', os.version: '6.3', java.version: '1.8.0_102'
Driver info: com.kms.katalon.selenium.driver.CChromeDriver
Capabilities {acceptSslCerts: true, applicationCacheEnabled: false, browserConnectionEnabled: false, browserName: chrome, chrome: {chromedriverVersion: 2.33.506120 (e3e53437346286..., userDataDir: C:\Users\Cornel\AppData\Loc...}, cssSelectorsEnabled: true, databaseEnabled: false, handlesAlerts: true, hasTouchScreen: false, javascriptEnabled: true, locationContextEnabled: true, mobileEmulationEnabled: false, nativeEvents: true, networkConnectionEnabled: false, pageLoadStrategy: normal, platform: XP, platformName: XP, rotatable: false, setWindowRect: true, takesHeapSnapshot: true, takesScreenshot: true, unexpectedAlertBehaviour: , unhandledPromptBehavior: , version: 62.0.3202.94, webStorageEnabled: true}
Session ID: 859a56eb311e612f064a688be7ec195c)
[[ATTACHMENT|D:\\Software testing\\Tourpaq\\Automated Katalon tests\\Primo WB test\\Reports\\WB Primo From Excel URLs\\20171204_155729\\1512396222084.png]]]]></system-out>
         <system-err><![CDATA[2017-12-04 16:03:01 - [TEST_CASE][FAILED] - Test Cases/PrimoTours/WB Primo/WB Primo staging - place booking - Iteration 9: Test Cases/PrimoTours/WB Primo/WB Primo staging - place booking FAILED because (of) Unable to click on object 'Object Repository/PrimoTours/Old Objects/Coco/PrimoT/Ins2/Page_Primo Tours  Danmarks bedste c/travelInsuranceFirstPaxSelector' (Root cause: org.openqa.selenium.WebDriverException: unknown error: Element <span class="select2-selection__rendered" id="select2-ddlInsurance-sk-container" title="...">Vælg forsikring</span> is not clickable at point (854, 19). Other element would receive the click: <div class="col-md-9">...</div>
  (Session info: chrome=62.0.3202.94)
  (Driver info: chromedriver=2.33.506120 (e3e53437346286c0bc2d2dc9aa4915ba81d9023f),platform=Windows NT 6.3.9600 x86_64) (WARNING: The server did not provide any stacktrace information)
Command duration or timeout: 0 milliseconds
Build info: version: '3.7.1', revision: '8a0099a', time: '2017-11-06T21:07:36.161Z'
System info: host: 'NEACSUNEW-PC', ip: '10.10.10.211', os.name: 'Windows 8.1', os.arch: 'amd64', os.version: '6.3', java.version: '1.8.0_102'
Driver info: com.kms.katalon.selenium.driver.CChromeDriver
Capabilities {acceptSslCerts: true, applicationCacheEnabled: false, browserConnectionEnabled: false, browserName: chrome, chrome: {chromedriverVersion: 2.33.506120 (e3e53437346286..., userDataDir: C:\Users\Cornel\AppData\Loc...}, cssSelectorsEnabled: true, databaseEnabled: false, handlesAlerts: true, hasTouchScreen: false, javascriptEnabled: true, locationContextEnabled: true, mobileEmulationEnabled: false, nativeEvents: true, networkConnectionEnabled: false, pageLoadStrategy: normal, platform: XP, platformName: XP, rotatable: false, setWindowRect: true, takesHeapSnapshot: true, takesScreenshot: true, unexpectedAlertBehaviour: , unhandledPromptBehavior: , version: 62.0.3202.94, webStorageEnabled: true}
Session ID: 859a56eb311e612f064a688be7ec195c)]]></system-err>
      </testcase>
      <testcase name="Test Cases/PrimoTours/WB Primo/WB Primo staging - place booking - Iteration 10" classname="Test Cases/PrimoTours/WB Primo/WB Primo staging - place booking" status="PASSED">
         <system-out><![CDATA[2017-12-04 16:03:42 - [TEST_CASE][PASSED] - Test Cases/PrimoTours/WB Primo/WB Primo staging - place booking - Iteration 10: Test Cases/PrimoTours/WB Primo/WB Primo staging - place booking

2017-12-04 16:03:42 - [TEST_STEP][PASSED] - openBrowser: Browser is opened with url: ''

2017-12-04 16:03:42 - [MESSAGE][WARNING] - A browser is already opened. Closing browser and opening a new one

2017-12-04 16:03:45 - [MESSAGE][PASSED] - Browser is opened with url: ''

2017-12-04 16:03:45 - [TEST_STEP][PASSED] - maximizeWindow: Current window maximized

2017-12-04 16:03:46 - [MESSAGE][PASSED] - Current window maximized

2017-12-04 16:03:46 - [TEST_STEP][PASSED] - navigateToUrl: Navigate to 'https://staging-primotours-webbooking.tourpaq.com/DoBooking.aspx?pltaID=1480269&p=2&rno=1&pt=1&a=2&c=0&aa=&ca=' successfully

2017-12-04 16:03:49 - [MESSAGE][PASSED] - Navigate to 'https://staging-primotours-webbooking.tourpaq.com/DoBooking.aspx?pltaID=1480269&p=2&rno=1&pt=1&a=2&c=0&aa=&ca=' successfully

2017-12-04 16:03:49 - [TEST_STEP][PASSED] - Statement - excelInfo = ["fname":"", "lname":"", "pgender":"", "pday":"", "pmonth":"", "pyear":""]: null

2017-12-04 16:03:49 - [TEST_STEP][PASSED] - Statement - rawData = com.kms.katalon.core.testdata.TestDataFactory.findTestData("Data Files/WB_Primo/Passenger_details"): Reading excel file with source file 'D:\Software testing\Tourpaq\Automated Katalon tests\Primo WB test\Data Files\Primo_URLs_For_Automated_Test.xls' and sheet name 'Passenger Names'

2017-12-04 16:03:49 - [TEST_STEP][PASSED] - Statement - excelRowNo = rawData.getRowNumbers(): null

2017-12-04 16:03:49 - [TEST_STEP][PASSED] - Statement - randomPaxIndex = java.lang.Math.abs(new java.util.Random().nextInt() % excelRowNo) + 1: null

2017-12-04 16:03:49 - [TEST_STEP][PASSED] - Statement - fname = rawData.getValue("FirstName", randomPaxIndex): null

2017-12-04 16:03:49 - [TEST_STEP][PASSED] - Statement - lname = rawData.getValue("LastName", randomPaxIndex): null

2017-12-04 16:03:49 - [TEST_STEP][PASSED] - Statement - pgender = rawData.getValue("Gender", randomPaxIndex): null

2017-12-04 16:03:49 - [TEST_STEP][PASSED] - setText: Text 'Strandbygaard AUT' is set on object 'Object Repository/PrimoTours/Old Objects/Coco/PrimoT/Page_Primo Tours  Danmarks bedste c/input_firstName'

2017-12-04 16:03:49 - [MESSAGE][PASSED] - Text 'Strandbygaard AUT' is set on object 'Object Repository/PrimoTours/Old Objects/Coco/PrimoT/Page_Primo Tours  Danmarks bedste c/input_firstName'

2017-12-04 16:03:49 - [TEST_STEP][PASSED] - setText: Text 'Birthe' is set on object 'Object Repository/PrimoTours/Old Objects/Coco/PrimoT/Page_Primo Tours  Danmarks bedste c/input_lastName'

2017-12-04 16:03:50 - [MESSAGE][PASSED] - Text 'Birthe' is set on object 'Object Repository/PrimoTours/Old Objects/Coco/PrimoT/Page_Primo Tours  Danmarks bedste c/input_lastName'

2017-12-04 16:03:50 - [TEST_STEP][PASSED] - click: Object: 'Object Repository/PrimoTours/LandingPage/customerGender' is clicked on

2017-12-04 16:03:50 - [MESSAGE][PASSED] - Object: 'Object Repository/PrimoTours/LandingPage/customerGender' is clicked on

2017-12-04 16:03:50 - [TEST_STEP][PASSED] - setText: Text 'Home address' is set on object 'Object Repository/PrimoTours/Old Objects/Coco/PrimoT/Page_Primo Tours  Danmarks bedste c/input_customerAddress'

2017-12-04 16:03:50 - [MESSAGE][PASSED] - Text 'Home address' is set on object 'Object Repository/PrimoTours/Old Objects/Coco/PrimoT/Page_Primo Tours  Danmarks bedste c/input_customerAddress'

2017-12-04 16:03:50 - [TEST_STEP][PASSED] - setText: Text '6700' is set on object 'Object Repository/PrimoTours/Old Objects/Coco/PrimoT/Page_Primo Tours  Danmarks bedste c/input_customerPostcode'

2017-12-04 16:03:50 - [MESSAGE][PASSED] - Text '6700' is set on object 'Object Repository/PrimoTours/Old Objects/Coco/PrimoT/Page_Primo Tours  Danmarks bedste c/input_customerPostcode'

2017-12-04 16:03:50 - [TEST_STEP][PASSED] - setText: Text 'cornel.neacsu@roweb.ro' is set on object 'Object Repository/PrimoTours/Old Objects/Coco/PrimoT/Page_Primo Tours  Danmarks bedste c/input_customerEmail'

2017-12-04 16:03:51 - [MESSAGE][PASSED] - Text 'cornel.neacsu@roweb.ro' is set on object 'Object Repository/PrimoTours/Old Objects/Coco/PrimoT/Page_Primo Tours  Danmarks bedste c/input_customerEmail'

2017-12-04 16:03:51 - [TEST_STEP][PASSED] - setText: Text '12345678' is set on object 'Object Repository/PrimoTours/Old Objects/Coco/PrimoT/Page_Primo Tours  Danmarks bedste c/input_customerPhone'

2017-12-04 16:03:51 - [MESSAGE][PASSED] - Text '12345678' is set on object 'Object Repository/PrimoTours/Old Objects/Coco/PrimoT/Page_Primo Tours  Danmarks bedste c/input_customerPhone'

2017-12-04 16:03:51 - [TEST_STEP][PASSED] - waitForElementClickable: Object 'Object Repository/PrimoTours/Old Objects/Coco/PrimoT/Page_Primo Tours  Danmarks bedste c/input_firstname-0_1' is clickable

2017-12-04 16:03:52 - [MESSAGE][PASSED] - Object 'Object Repository/PrimoTours/Old Objects/Coco/PrimoT/Page_Primo Tours  Danmarks bedste c/input_firstname-0_1' is clickable

2017-12-04 16:03:52 - [TEST_STEP][PASSED] - Statement - driver = com.kms.katalon.core.webui.driver.DriverFactory.getWebDriver(): null

2017-12-04 16:03:52 - [TEST_STEP][PASSED] - Statement - roomContainerXpath = "id("roomAndStaticOptionsContainer")/div[@class="row"]/div[@class="col-md-12 roomContainer"]": null

2017-12-04 16:03:52 - [TEST_STEP][PASSED] - Statement - roomsCount = driver.findElements(org.openqa.selenium.By.xpath(roomContainerXpath)).size(): null

2017-12-04 16:03:52 - [TEST_STEP][PASSED] - Statement - println("roomsCount=" + roomsCount): null

2017-12-04 16:03:52 - [TEST_STEP][PASSED] - Statement - For ([i = 1, i <= roomsCount, (i++)]): Object: 'Object Repository/PrimoTours/LandingPage/secondPaxFirstNameField' is clicked on

2017-12-04 16:03:52 - [TEST_STEP][PASSED] - Statement - paxInRoomXpath = "id("passengersContainer_" + i - 1 + "")/div[@class="col-md-12"]/div[@class="row"]": null

2017-12-04 16:03:52 - [TEST_STEP][PASSED] - Statement - println("paxInRoomXpath=" + paxInRoomXpath): null

2017-12-04 16:03:52 - [TEST_STEP][PASSED] - Statement - paxInRoomCount = driver.findElements(org.openqa.selenium.By.xpath(paxInRoomXpath)).size(): null

2017-12-04 16:03:52 - [TEST_STEP][PASSED] - Statement - println("paxInRoomCount=" + paxInRoomCount): null

2017-12-04 16:03:52 - [TEST_STEP][PASSED] - Statement - For ([j = 1, j <= paxInRoomCount, (j++)]): Object: 'Object Repository/PrimoTours/LandingPage/secondPaxFirstNameField' is clicked on

2017-12-04 16:03:52 - [TEST_STEP][PASSED] - Statement - If (i == 1 & j == 1): null

2017-12-04 16:03:52 - [TEST_STEP][PASSED] - Statement - <not implemented yet for class: org.codehaus.groovy.ast.stmt.ContinueStatement>: null

2017-12-04 16:03:52 - [TEST_STEP][PASSED] - Statement - If (i == 1 & j == 1): null

2017-12-04 16:03:52 - [TEST_STEP][PASSED] - Statement - randomPaxIndex = java.lang.Math.abs(new java.util.Random().nextInt() % excelRowNo) + 1: null

2017-12-04 16:03:52 - [TEST_STEP][PASSED] - Statement - fname = rawData.getValue("FirstName", randomPaxIndex) + " AUT": null

2017-12-04 16:03:52 - [TEST_STEP][PASSED] - Statement - lname = rawData.getValue("LastName", randomPaxIndex): null

2017-12-04 16:03:52 - [TEST_STEP][PASSED] - Statement - pgender = rawData.getValue("Gender", randomPaxIndex): null

2017-12-04 16:03:52 - [TEST_STEP][PASSED] - Statement - pday = rawData.getValue("Day DOB", randomPaxIndex): null

2017-12-04 16:03:52 - [TEST_STEP][PASSED] - Statement - pmonth = rawData.getValue("Month DOB", randomPaxIndex): null

2017-12-04 16:03:52 - [TEST_STEP][PASSED] - Statement - pyear = rawData.getValue("Year DOB", randomPaxIndex): null

2017-12-04 16:03:52 - [TEST_STEP][PASSED] - Statement - paxDetailFields = paxInRoomXpath + "[" + j + "]/div[@class="col-md-x col-md-9"]/div[@class="row paxContainer"][1]/div[contains(@class,"paxAttribute")]": null

2017-12-04 16:03:52 - [TEST_STEP][PASSED] - Statement - xpathval = paxDetailFields + "[1]/div[contains(@class,"form-group")]/input[contains(@class,"paxFirstName")]": null

2017-12-04 16:03:52 - [TEST_STEP][PASSED] - Statement - println("fn: " + xpathval): null

2017-12-04 16:03:52 - [TEST_STEP][PASSED] - Statement - repObj = com.kms.katalon.core.testobject.ObjectRepository.findTestObject(Object Repository/PrimoTours/LandingPage/secondPaxFirstNameField): Finding Test Object with id 'Object Repository/PrimoTours/LandingPage/secondPaxFirstNameField'

2017-12-04 16:03:52 - [TEST_STEP][PASSED] - Statement - repObj.findProperty("xpath").setValue(xpathval): null

2017-12-04 16:03:52 - [TEST_STEP][PASSED] - setText: Text 'Larsen AUT' is set on object 'Object Repository/PrimoTours/LandingPage/secondPaxFirstNameField'

2017-12-04 16:03:52 - [MESSAGE][PASSED] - Text 'Larsen AUT' is set on object 'Object Repository/PrimoTours/LandingPage/secondPaxFirstNameField'

2017-12-04 16:03:52 - [TEST_STEP][PASSED] - Statement - xpathval = paxDetailFields + "[2]/div[contains(@class,"form-group")]/input[contains(@class,"paxLastName")]": null

2017-12-04 16:03:52 - [TEST_STEP][PASSED] - Statement - println("ln: " + xpathval): null

2017-12-04 16:03:52 - [TEST_STEP][PASSED] - Statement - repObj = com.kms.katalon.core.testobject.ObjectRepository.findTestObject(Object Repository/PrimoTours/LandingPage/secondPaxFirstNameField): Finding Test Object with id 'Object Repository/PrimoTours/LandingPage/secondPaxFirstNameField'

2017-12-04 16:03:52 - [TEST_STEP][PASSED] - Statement - repObj.findProperty("xpath").setValue(xpathval): null

2017-12-04 16:03:52 - [TEST_STEP][PASSED] - setText: Text 'Maja Straube Bach' is set on object 'Object Repository/PrimoTours/LandingPage/secondPaxFirstNameField'

2017-12-04 16:03:52 - [MESSAGE][PASSED] - Text 'Maja Straube Bach' is set on object 'Object Repository/PrimoTours/LandingPage/secondPaxFirstNameField'

2017-12-04 16:03:52 - [TEST_STEP][PASSED] - Statement - repObj = com.kms.katalon.core.testobject.ObjectRepository.findTestObject(Object Repository/PrimoTours/LandingPage/secondPaxFirstNameField): Finding Test Object with id 'Object Repository/PrimoTours/LandingPage/secondPaxFirstNameField'

2017-12-04 16:03:52 - [TEST_STEP][PASSED] - Statement - xpathval = paxDetailFields + "[3]/div[contains(@class,"paxGenderSelectorContainer")]/span[contains(@class,"select2 select2-container")]/span[contains(@class,"selection")]/span[contains(@class,"select2-selection")]": null

2017-12-04 16:03:52 - [TEST_STEP][PASSED] - Statement - println("gender: " + xpathval): null

2017-12-04 16:03:52 - [TEST_STEP][PASSED] - Statement - repObj.findProperty("xpath").setValue(xpathval): null

2017-12-04 16:03:52 - [TEST_STEP][PASSED] - click: Object: 'Object Repository/PrimoTours/LandingPage/secondPaxFirstNameField' is clicked on

2017-12-04 16:03:52 - [MESSAGE][PASSED] - Object: 'Object Repository/PrimoTours/LandingPage/secondPaxFirstNameField' is clicked on

2017-12-04 16:03:52 - [TEST_STEP][PASSED] - scrollToElement: Scroll to object 'Object Repository/PrimoTours/Old Objects/Coco (1)/PrimoT/SaveBooking2/Success/bookingTotalValue' successfully

2017-12-04 16:03:53 - [MESSAGE][PASSED] - Scroll to object 'Object Repository/PrimoTours/Old Objects/Coco (1)/PrimoT/SaveBooking2/Success/bookingTotalValue' successfully

2017-12-04 16:03:53 - [TEST_STEP][PASSED] - click: Object: 'Object Repository/PrimoTours/Old Objects/Coco (1)/PrimoT/SaveBooking2/Success/bookingTotalValue' is clicked on

2017-12-04 16:03:53 - [MESSAGE][PASSED] - Object: 'Object Repository/PrimoTours/Old Objects/Coco (1)/PrimoT/SaveBooking2/Success/bookingTotalValue' is clicked on

2017-12-04 16:03:53 - [TEST_STEP][PASSED] - scrollToElement: Scroll to object 'Object Repository/PrimoTours/Old Objects/Coco (1)/PrimoT/SaveBooking2/Success/Page_Primo Tours  Danmarks bedste c/nextButtonOnLandingPage' successfully

2017-12-04 16:03:53 - [MESSAGE][PASSED] - Scroll to object 'Object Repository/PrimoTours/Old Objects/Coco (1)/PrimoT/SaveBooking2/Success/Page_Primo Tours  Danmarks bedste c/nextButtonOnLandingPage' successfully

2017-12-04 16:03:53 - [TEST_STEP][PASSED] - waitForElementClickable: Object 'Object Repository/PrimoTours/Old Objects/Coco (1)/PrimoT/SaveBooking2/Success/Page_Primo Tours  Danmarks bedste c/nextButtonOnLandingPage' is clickable

2017-12-04 16:03:53 - [MESSAGE][PASSED] - Object 'Object Repository/PrimoTours/Old Objects/Coco (1)/PrimoT/SaveBooking2/Success/Page_Primo Tours  Danmarks bedste c/nextButtonOnLandingPage' is clickable

2017-12-04 16:03:53 - [TEST_STEP][PASSED] - waitForElementVisible: Object 'Object Repository/PrimoTours/Old Objects/Coco (1)/PrimoT/SaveBooking2/Success/Page_Primo Tours  Danmarks bedste c/nextButtonOnLandingPage' is visible

2017-12-04 16:03:53 - [MESSAGE][PASSED] - Object 'Object Repository/PrimoTours/Old Objects/Coco (1)/PrimoT/SaveBooking2/Success/Page_Primo Tours  Danmarks bedste c/nextButtonOnLandingPage' is visible

2017-12-04 16:03:53 - [TEST_STEP][PASSED] - scrollToElement: Scroll to object 'Object Repository/PrimoTours/Old Objects/Coco (1)/PrimoT/SaveBooking2/Success/Page_Primo Tours  Danmarks bedste c/nextButtonOnLandingPage' successfully

2017-12-04 16:03:53 - [MESSAGE][PASSED] - Scroll to object 'Object Repository/PrimoTours/Old Objects/Coco (1)/PrimoT/SaveBooking2/Success/Page_Primo Tours  Danmarks bedste c/nextButtonOnLandingPage' successfully

2017-12-04 16:03:53 - [TEST_STEP][PASSED] - click: Object: 'Object Repository/PrimoTours/Old Objects/Coco (1)/PrimoT/SaveBooking2/Success/Page_Primo Tours  Danmarks bedste c/nextButtonOnLandingPage' is clicked on

2017-12-04 16:03:53 - [MESSAGE][PASSED] - Object: 'Object Repository/PrimoTours/Old Objects/Coco (1)/PrimoT/SaveBooking2/Success/Page_Primo Tours  Danmarks bedste c/nextButtonOnLandingPage' is clicked on

2017-12-04 16:03:53 - [TEST_STEP][PASSED] - delay: Delayed 3 second(s)

2017-12-04 16:03:56 - [MESSAGE][PASSED] - Delayed 3 second(s)

2017-12-04 16:03:56 - [TEST_STEP][PASSED] - waitForElementNotVisible: Object 'Object Repository/PrimoTours/Old Objects/CCenter/pageLoaderOverlayLayer' is NOT visible

2017-12-04 16:03:56 - [MESSAGE][PASSED] - Object 'Object Repository/PrimoTours/Old Objects/CCenter/pageLoaderOverlayLayer' is NOT visible

2017-12-04 16:03:56 - [TEST_STEP][PASSED] - scrollToElement: Scroll to object 'Object Repository/PrimoTours/Old Objects/Coco/PrimoT/Ins2/Page_Primo Tours  Danmarks bedste c/travelInsuranceFirstPaxSelector' successfully

2017-12-04 16:03:56 - [MESSAGE][PASSED] - Scroll to object 'Object Repository/PrimoTours/Old Objects/Coco/PrimoT/Ins2/Page_Primo Tours  Danmarks bedste c/travelInsuranceFirstPaxSelector' successfully

2017-12-04 16:03:56 - [TEST_STEP][PASSED] - waitForElementPresent: Object 'Object Repository/PrimoTours/Old Objects/Coco/PrimoT/Ins2/Page_Primo Tours  Danmarks bedste c/travelInsuranceFirstPaxSelector' is present

2017-12-04 16:03:56 - [MESSAGE][PASSED] - Object 'Object Repository/PrimoTours/Old Objects/Coco/PrimoT/Ins2/Page_Primo Tours  Danmarks bedste c/travelInsuranceFirstPaxSelector' is present

2017-12-04 16:03:56 - [TEST_STEP][PASSED] - waitForElementVisible: Object 'Object Repository/PrimoTours/Old Objects/Coco/PrimoT/Ins2/Page_Primo Tours  Danmarks bedste c/travelInsuranceFirstPaxSelector' is visible

2017-12-04 16:03:56 - [MESSAGE][PASSED] - Object 'Object Repository/PrimoTours/Old Objects/Coco/PrimoT/Ins2/Page_Primo Tours  Danmarks bedste c/travelInsuranceFirstPaxSelector' is visible

2017-12-04 16:03:56 - [TEST_STEP][PASSED] - waitForElementClickable: Object 'Object Repository/PrimoTours/Old Objects/Coco/PrimoT/Ins2/Page_Primo Tours  Danmarks bedste c/travelInsuranceFirstPaxSelector' is clickable

2017-12-04 16:03:56 - [MESSAGE][PASSED] - Object 'Object Repository/PrimoTours/Old Objects/Coco/PrimoT/Ins2/Page_Primo Tours  Danmarks bedste c/travelInsuranceFirstPaxSelector' is clickable

2017-12-04 16:03:56 - [TEST_STEP][PASSED] - click: Object: 'Object Repository/PrimoTours/Old Objects/Coco/PrimoT/Ins2/Page_Primo Tours  Danmarks bedste c/travelInsuranceFirstPaxSelector' is clicked on

2017-12-04 16:03:56 - [MESSAGE][PASSED] - Object: 'Object Repository/PrimoTours/Old Objects/Coco/PrimoT/Ins2/Page_Primo Tours  Danmarks bedste c/travelInsuranceFirstPaxSelector' is clicked on

2017-12-04 16:03:56 - [TEST_STEP][PASSED] - Statement - Try: Object: 'Object Repository/PrimoTours/Old Objects/Coco/PrimoT/Ins2/Page_Primo Tours  Danmarks bedste c/firstTravelInsuranceOption' is clicked on

2017-12-04 16:03:56 - [TEST_STEP][PASSED] - click: Object: 'Object Repository/PrimoTours/Old Objects/Coco/PrimoT/Ins2/Page_Primo Tours  Danmarks bedste c/firstTravelInsuranceOption' is clicked on

2017-12-04 16:03:56 - [MESSAGE][PASSED] - Object: 'Object Repository/PrimoTours/Old Objects/Coco/PrimoT/Ins2/Page_Primo Tours  Danmarks bedste c/firstTravelInsuranceOption' is clicked on

2017-12-04 16:03:56 - [TEST_STEP][NOT_RUN] - click: NOT_RUN: click

2017-12-04 16:03:56 - [MESSAGE][NOT_RUN] - NOT_RUN: click

2017-12-04 16:03:56 - [TEST_STEP][NOT_RUN] - scrollToElement: NOT_RUN: scrollToElement

2017-12-04 16:03:56 - [MESSAGE][NOT_RUN] - NOT_RUN: scrollToElement

2017-12-04 16:03:56 - [TEST_STEP][NOT_RUN] - click: NOT_RUN: click

2017-12-04 16:03:56 - [MESSAGE][NOT_RUN] - NOT_RUN: click

2017-12-04 16:03:56 - [TEST_STEP][PASSED] - waitForElementVisible: Object 'Object Repository/PrimoTours/Old Objects/Coco (1)/PrimoT/SaveBooking2/Page_Primo Tours  Danmarks bedste c/individualInsuranceCheckbox' is visible

2017-12-04 16:03:56 - [MESSAGE][PASSED] - Object 'Object Repository/PrimoTours/Old Objects/Coco (1)/PrimoT/SaveBooking2/Page_Primo Tours  Danmarks bedste c/individualInsuranceCheckbox' is visible

2017-12-04 16:03:56 - [TEST_STEP][PASSED] - scrollToElement: Scroll to object 'Object Repository/PrimoTours/Old Objects/Coco (1)/PrimoT/SaveBooking2/Page_Primo Tours  Danmarks bedste c/individualInsuranceCheckbox' successfully

2017-12-04 16:03:56 - [MESSAGE][PASSED] - Scroll to object 'Object Repository/PrimoTours/Old Objects/Coco (1)/PrimoT/SaveBooking2/Page_Primo Tours  Danmarks bedste c/individualInsuranceCheckbox' successfully

2017-12-04 16:03:56 - [TEST_STEP][PASSED] - click: Object: 'Object Repository/PrimoTours/Old Objects/Coco (1)/PrimoT/SaveBooking2/Page_Primo Tours  Danmarks bedste c/individualInsuranceCheckbox' is clicked on

2017-12-04 16:03:56 - [MESSAGE][PASSED] - Object: 'Object Repository/PrimoTours/Old Objects/Coco (1)/PrimoT/SaveBooking2/Page_Primo Tours  Danmarks bedste c/individualInsuranceCheckbox' is clicked on

2017-12-04 16:03:56 - [TEST_STEP][PASSED] - scrollToElement: Scroll to object 'Object Repository/PrimoTours/Old Objects/Coco (1)/PrimoT/SaveBooking2/Success/firstProdCategIndividualSelectionRadioB' successfully

2017-12-04 16:03:57 - [MESSAGE][PASSED] - Scroll to object 'Object Repository/PrimoTours/Old Objects/Coco (1)/PrimoT/SaveBooking2/Success/firstProdCategIndividualSelectionRadioB' successfully

2017-12-04 16:03:57 - [TEST_STEP][PASSED] - waitForElementClickable: Object 'Object Repository/PrimoTours/Old Objects/Coco (1)/PrimoT/SaveBooking2/Success/firstProdCategIndividualSelectionRadioB' is clickable

2017-12-04 16:03:57 - [MESSAGE][PASSED] - Object 'Object Repository/PrimoTours/Old Objects/Coco (1)/PrimoT/SaveBooking2/Success/firstProdCategIndividualSelectionRadioB' is clickable

2017-12-04 16:03:57 - [TEST_STEP][PASSED] - scrollToElement: Scroll to object 'Object Repository/PrimoTours/Old Objects/Coco (1)/PrimoT/SaveBooking2/Success/firstProdCategIndividualSelectionRadioB' successfully

2017-12-04 16:03:57 - [MESSAGE][PASSED] - Scroll to object 'Object Repository/PrimoTours/Old Objects/Coco (1)/PrimoT/SaveBooking2/Success/firstProdCategIndividualSelectionRadioB' successfully

2017-12-04 16:03:57 - [TEST_STEP][PASSED] - click: Object: 'Object Repository/PrimoTours/Old Objects/Coco (1)/PrimoT/SaveBooking2/Success/firstProdCategIndividualSelectionRadioB' is clicked on

2017-12-04 16:03:57 - [MESSAGE][PASSED] - Object: 'Object Repository/PrimoTours/Old Objects/Coco (1)/PrimoT/SaveBooking2/Success/firstProdCategIndividualSelectionRadioB' is clicked on

2017-12-04 16:03:57 - [TEST_STEP][PASSED] - scrollToElement: Scroll to object 'Object Repository/PrimoTours/Old Objects/Coco (1)/PrimoT/SaveBooking2/Success/firstProdCategSelectForAllPaxCheckbox' successfully

2017-12-04 16:03:57 - [MESSAGE][PASSED] - Scroll to object 'Object Repository/PrimoTours/Old Objects/Coco (1)/PrimoT/SaveBooking2/Success/firstProdCategSelectForAllPaxCheckbox' successfully

2017-12-04 16:03:57 - [TEST_STEP][PASSED] - waitForElementClickable: Object 'Object Repository/PrimoTours/Old Objects/Coco (1)/PrimoT/SaveBooking2/Success/firstProdCategSelectForAllPaxCheckbox' is clickable

2017-12-04 16:03:57 - [MESSAGE][PASSED] - Object 'Object Repository/PrimoTours/Old Objects/Coco (1)/PrimoT/SaveBooking2/Success/firstProdCategSelectForAllPaxCheckbox' is clickable

2017-12-04 16:03:57 - [TEST_STEP][PASSED] - click: Object: 'Object Repository/PrimoTours/Old Objects/Coco (1)/PrimoT/SaveBooking2/Success/firstProdCategSelectForAllPaxCheckbox' is clicked on

2017-12-04 16:03:58 - [MESSAGE][PASSED] - Object: 'Object Repository/PrimoTours/Old Objects/Coco (1)/PrimoT/SaveBooking2/Success/firstProdCategSelectForAllPaxCheckbox' is clicked on

2017-12-04 16:03:58 - [TEST_STEP][NOT_RUN] - scrollToElement: NOT_RUN: scrollToElement

2017-12-04 16:03:58 - [MESSAGE][NOT_RUN] - NOT_RUN: scrollToElement

2017-12-04 16:03:58 - [TEST_STEP][NOT_RUN] - scrollToElement: NOT_RUN: scrollToElement

2017-12-04 16:03:58 - [MESSAGE][NOT_RUN] - NOT_RUN: scrollToElement

2017-12-04 16:03:58 - [TEST_STEP][NOT_RUN] - click: NOT_RUN: click

2017-12-04 16:03:58 - [MESSAGE][NOT_RUN] - NOT_RUN: click

2017-12-04 16:03:58 - [TEST_STEP][PASSED] - scrollToElement: Scroll to object 'Object Repository/PrimoTours/ConfirmationPage/labelForAgreeTermsAndConditions' successfully

2017-12-04 16:03:58 - [MESSAGE][PASSED] - Scroll to object 'Object Repository/PrimoTours/ConfirmationPage/labelForAgreeTermsAndConditions' successfully

2017-12-04 16:03:58 - [TEST_STEP][PASSED] - waitForElementClickable: Object 'Object Repository/PrimoTours/ConfirmationPage/labelForAgreeTermsAndConditions' is clickable

2017-12-04 16:03:58 - [MESSAGE][PASSED] - Object 'Object Repository/PrimoTours/ConfirmationPage/labelForAgreeTermsAndConditions' is clickable

2017-12-04 16:03:58 - [TEST_STEP][PASSED] - click: Object: 'Object Repository/PrimoTours/ConfirmationPage/labelForAgreeTermsAndConditions' is clicked on

2017-12-04 16:03:58 - [MESSAGE][PASSED] - Object: 'Object Repository/PrimoTours/ConfirmationPage/labelForAgreeTermsAndConditions' is clicked on

2017-12-04 16:03:58 - [TEST_STEP][PASSED] - scrollToElement: Scroll to object 'Object Repository/PrimoTours/ConfirmationPage/placeBookingButton' successfully

2017-12-04 16:03:58 - [MESSAGE][PASSED] - Scroll to object 'Object Repository/PrimoTours/ConfirmationPage/placeBookingButton' successfully

2017-12-04 16:03:58 - [TEST_STEP][PASSED] - delay: Delayed 1 second(s)

2017-12-04 16:03:59 - [MESSAGE][PASSED] - Delayed 1 second(s)

2017-12-04 16:03:59 - [TEST_STEP][PASSED] - waitForElementClickable: Object 'Object Repository/PrimoTours/ConfirmationPage/placeBookingButton' is clickable

2017-12-04 16:03:59 - [MESSAGE][PASSED] - Object 'Object Repository/PrimoTours/ConfirmationPage/placeBookingButton' is clickable

2017-12-04 16:03:59 - [TEST_STEP][PASSED] - Statement - Try: Object: 'Object Repository/PrimoTours/ConfirmationPage/placeBookingButton' is clicked on

2017-12-04 16:03:59 - [TEST_STEP][PASSED] - click: Object: 'Object Repository/PrimoTours/ConfirmationPage/placeBookingButton' is clicked on

2017-12-04 16:03:59 - [MESSAGE][PASSED] - Object: 'Object Repository/PrimoTours/ConfirmationPage/placeBookingButton' is clicked on

2017-12-04 16:03:59 - [TEST_STEP][PASSED] - delay: Delayed 3 second(s)

2017-12-04 16:04:02 - [MESSAGE][PASSED] - Delayed 3 second(s)

2017-12-04 16:04:02 - [TEST_STEP][PASSED] - waitForPageLoad: Wait for page load successfully

2017-12-04 16:04:04 - [MESSAGE][PASSED] - Wait for page load successfully

2017-12-04 16:04:04 - [TEST_STEP][PASSED] - delay: Delayed 3 second(s)

2017-12-04 16:04:07 - [MESSAGE][PASSED] - Delayed 3 second(s)

2017-12-04 16:04:07 - [TEST_STEP][PASSED] - waitForElementPresent: Object 'Object Repository/PrimoTours/Old Objects/ThankYouPage/bookingNoContainer' is present

2017-12-04 16:04:07 - [MESSAGE][PASSED] - Object 'Object Repository/PrimoTours/Old Objects/ThankYouPage/bookingNoContainer' is present

2017-12-04 16:04:07 - [TEST_STEP][PASSED] - waitForJQueryLoad: jQuery is ready.

2017-12-04 16:04:07 - [MESSAGE][PASSED] - jQuery is ready.

2017-12-04 16:04:07 - [TEST_STEP][PASSED] - waitForElementPresent: Object 'Object Repository/PrimoTours/Old Objects/CCenter/pageLoaderOverlayLayer' is present

2017-12-04 16:04:07 - [MESSAGE][PASSED] - Object 'Object Repository/PrimoTours/Old Objects/CCenter/pageLoaderOverlayLayer' is present

2017-12-04 16:04:07 - [TEST_STEP][PASSED] - waitForElementPresent: Object 'Object Repository/PrimoTours/Old Objects/CCenter/pageLoaderOverlayLayer' is present

2017-12-04 16:04:07 - [MESSAGE][PASSED] - Object 'Object Repository/PrimoTours/Old Objects/CCenter/pageLoaderOverlayLayer' is present

2017-12-04 16:04:07 - [TEST_STEP][PASSED] - waitForElementNotVisible: Object 'Object Repository/PrimoTours/Old Objects/CCenter/pageLoaderOverlayLayer' is NOT visible

2017-12-04 16:04:07 - [MESSAGE][PASSED] - Object 'Object Repository/PrimoTours/Old Objects/CCenter/pageLoaderOverlayLayer' is NOT visible

2017-12-04 16:04:07 - [TEST_STEP][PASSED] - waitForElementPresent: Object 'Object Repository/PrimoTours/Old Objects/ThankYouPage/bookingNoContainer' is present

2017-12-04 16:04:07 - [MESSAGE][PASSED] - Object 'Object Repository/PrimoTours/Old Objects/ThankYouPage/bookingNoContainer' is present

2017-12-04 16:04:07 - [TEST_STEP][PASSED] - waitForElementClickable: Object 'Object Repository/PrimoTours/Old Objects/ThankYouPage/bookingNoContainer' is clickable

2017-12-04 16:04:07 - [MESSAGE][PASSED] - Object 'Object Repository/PrimoTours/Old Objects/ThankYouPage/bookingNoContainer' is clickable

2017-12-04 16:04:07 - [TEST_STEP][PASSED] - verifyElementVisible: Object 'Object Repository/PrimoTours/Old Objects/ThankYouPage/bookingNoContainer' is visible

2017-12-04 16:04:07 - [MESSAGE][PASSED] - Object 'Object Repository/PrimoTours/Old Objects/ThankYouPage/bookingNoContainer' is visible

2017-12-04 16:04:07 - [TEST_STEP][PASSED] - verifyElementVisible: Object 'Object Repository/PrimoTours/Old Objects/ThankYouPage/bookingTotalInfo' is visible

2017-12-04 16:04:08 - [MESSAGE][PASSED] - Object 'Object Repository/PrimoTours/Old Objects/ThankYouPage/bookingTotalInfo' is visible

2017-12-04 16:04:08 - [TEST_STEP][PASSED] - verifyElementVisible: Object 'Object Repository/PrimoTours/Old Objects/ThankYouPage/bookingTotalPriceBar' is visible

2017-12-04 16:04:08 - [MESSAGE][PASSED] - Object 'Object Repository/PrimoTours/Old Objects/ThankYouPage/bookingTotalPriceBar' is visible

2017-12-04 16:04:08 - [TEST_STEP][PASSED] - verifyElementVisible: Object 'Object Repository/PrimoTours/Old Objects/ThankYouPage/printTicketSpan' is visible

2017-12-04 16:04:08 - [MESSAGE][PASSED] - Object 'Object Repository/PrimoTours/Old Objects/ThankYouPage/printTicketSpan' is visible

2017-12-04 16:04:08 - [TEST_STEP][PASSED] - waitForElementClickable: Object 'Object Repository/PrimoTours/Old Objects/ThankYouPage/printTicketSpan' is clickable

2017-12-04 16:04:08 - [MESSAGE][PASSED] - Object 'Object Repository/PrimoTours/Old Objects/ThankYouPage/printTicketSpan' is clickable

2017-12-04 16:04:08 - [TEST_STEP][PASSED] - waitForElementNotVisible: Object 'Object Repository/PrimoTours/Old Objects/CCenter/pageLoaderOverlayLayer' is NOT visible

2017-12-04 16:04:08 - [MESSAGE][PASSED] - Object 'Object Repository/PrimoTours/Old Objects/CCenter/pageLoaderOverlayLayer' is NOT visible

2017-12-04 16:04:08 - [TEST_STEP][PASSED] - Statement - Try: Object: 'Object Repository/PrimoTours/Old Objects/ThankYouPage/printTicketSpan' is clicked on

2017-12-04 16:04:08 - [TEST_STEP][PASSED] - click: Object: 'Object Repository/PrimoTours/Old Objects/ThankYouPage/printTicketSpan' is clicked on

2017-12-04 16:04:12 - [MESSAGE][PASSED] - Object: 'Object Repository/PrimoTours/Old Objects/ThankYouPage/printTicketSpan' is clicked on

2017-12-04 16:04:12 - [TEST_STEP][PASSED] - delay: Delayed 2 second(s)

2017-12-04 16:04:14 - [MESSAGE][PASSED] - Delayed 2 second(s)

2017-12-04 16:04:14 - [TEST_STEP][PASSED] - waitForElementVisible: Object 'Object Repository/PrimoTours/Old Objects/ThankYouPage/cCenterButton' is visible

2017-12-04 16:04:15 - [MESSAGE][PASSED] - Object 'Object Repository/PrimoTours/Old Objects/ThankYouPage/cCenterButton' is visible

2017-12-04 16:04:15 - [TEST_STEP][PASSED] - waitForElementClickable: Object 'Object Repository/PrimoTours/Old Objects/ThankYouPage/cCenterButton' is clickable

2017-12-04 16:04:15 - [MESSAGE][PASSED] - Object 'Object Repository/PrimoTours/Old Objects/ThankYouPage/cCenterButton' is clickable

2017-12-04 16:04:15 - [TEST_STEP][PASSED] - click: Object: 'Object Repository/PrimoTours/Old Objects/ThankYouPage/cCenterButton' is clicked on

2017-12-04 16:04:15 - [MESSAGE][PASSED] - Object: 'Object Repository/PrimoTours/Old Objects/ThankYouPage/cCenterButton' is clicked on

2017-12-04 16:04:15 - [TEST_STEP][PASSED] - waitForPageLoad: Wait for page load successfully

2017-12-04 16:04:15 - [MESSAGE][PASSED] - Wait for page load successfully

2017-12-04 16:04:15 - [TEST_STEP][PASSED] - waitForJQueryLoad: jQuery is ready.

2017-12-04 16:04:15 - [MESSAGE][PASSED] - jQuery is ready.

2017-12-04 16:04:15 - [TEST_STEP][PASSED] - waitForElementPresent: Object 'Object Repository/PrimoTours/Old Objects/CCenter/pageLoaderOverlayLayer' is present

2017-12-04 16:04:15 - [MESSAGE][PASSED] - Object 'Object Repository/PrimoTours/Old Objects/CCenter/pageLoaderOverlayLayer' is present

2017-12-04 16:04:15 - [TEST_STEP][PASSED] - waitForElementNotVisible: Object 'Object Repository/PrimoTours/Old Objects/CCenter/pageLoaderOverlayLayer' is NOT visible

2017-12-04 16:04:16 - [MESSAGE][PASSED] - Object 'Object Repository/PrimoTours/Old Objects/CCenter/pageLoaderOverlayLayer' is NOT visible

2017-12-04 16:04:16 - [TEST_STEP][PASSED] - verifyElementVisible: Object 'Object Repository/PrimoTours/Old Objects/ThankYouPage/bookingNoContainer' is visible

2017-12-04 16:04:16 - [MESSAGE][PASSED] - Object 'Object Repository/PrimoTours/Old Objects/ThankYouPage/bookingNoContainer' is visible

2017-12-04 16:04:16 - [TEST_STEP][PASSED] - verifyElementVisible: Object 'Object Repository/PrimoTours/Old Objects/ThankYouPage/bookingTotalPriceBar' is visible

2017-12-04 16:04:16 - [MESSAGE][PASSED] - Object 'Object Repository/PrimoTours/Old Objects/ThankYouPage/bookingTotalPriceBar' is visible

2017-12-04 16:04:16 - [TEST_STEP][PASSED] - delay: Delayed 1 second(s)

2017-12-04 16:04:17 - [MESSAGE][PASSED] - Delayed 1 second(s)]]></system-out>
         <system-err><![CDATA[]]></system-err>
      </testcase>
      <testcase name="Test Cases/PrimoTours/WB Primo/WB Primo staging - place booking - Iteration 11" classname="Test Cases/PrimoTours/WB Primo/WB Primo staging - place booking" status="PASSED">
         <system-out><![CDATA[2017-12-04 16:04:17 - [TEST_CASE][PASSED] - Test Cases/PrimoTours/WB Primo/WB Primo staging - place booking - Iteration 11: Test Cases/PrimoTours/WB Primo/WB Primo staging - place booking

2017-12-04 16:04:17 - [TEST_STEP][PASSED] - openBrowser: Browser is opened with url: ''

2017-12-04 16:04:17 - [MESSAGE][WARNING] - A browser is already opened. Closing browser and opening a new one

2017-12-04 16:04:20 - [MESSAGE][PASSED] - Browser is opened with url: ''

2017-12-04 16:04:20 - [TEST_STEP][PASSED] - maximizeWindow: Current window maximized

2017-12-04 16:04:21 - [MESSAGE][PASSED] - Current window maximized

2017-12-04 16:04:21 - [TEST_STEP][PASSED] - navigateToUrl: Navigate to 'https://staging-primotours-webbooking.tourpaq.com/DoBooking.aspx?pltaID=1480269&p=2&rno=1&pt=1&a=2&c=2&aa=&ca=1,5' successfully

2017-12-04 16:04:25 - [MESSAGE][PASSED] - Navigate to 'https://staging-primotours-webbooking.tourpaq.com/DoBooking.aspx?pltaID=1480269&p=2&rno=1&pt=1&a=2&c=2&aa=&ca=1,5' successfully

2017-12-04 16:04:25 - [TEST_STEP][PASSED] - Statement - excelInfo = ["fname":"", "lname":"", "pgender":"", "pday":"", "pmonth":"", "pyear":""]: null

2017-12-04 16:04:25 - [TEST_STEP][PASSED] - Statement - rawData = com.kms.katalon.core.testdata.TestDataFactory.findTestData("Data Files/WB_Primo/Passenger_details"): Reading excel file with source file 'D:\Software testing\Tourpaq\Automated Katalon tests\Primo WB test\Data Files\Primo_URLs_For_Automated_Test.xls' and sheet name 'Passenger Names'

2017-12-04 16:04:25 - [TEST_STEP][PASSED] - Statement - excelRowNo = rawData.getRowNumbers(): null

2017-12-04 16:04:25 - [TEST_STEP][PASSED] - Statement - randomPaxIndex = java.lang.Math.abs(new java.util.Random().nextInt() % excelRowNo) + 1: null

2017-12-04 16:04:25 - [TEST_STEP][PASSED] - Statement - fname = rawData.getValue("FirstName", randomPaxIndex): null

2017-12-04 16:04:25 - [TEST_STEP][PASSED] - Statement - lname = rawData.getValue("LastName", randomPaxIndex): null

2017-12-04 16:04:25 - [TEST_STEP][PASSED] - Statement - pgender = rawData.getValue("Gender", randomPaxIndex): null

2017-12-04 16:04:25 - [TEST_STEP][PASSED] - setText: Text 'Mønster AUT' is set on object 'Object Repository/PrimoTours/Old Objects/Coco/PrimoT/Page_Primo Tours  Danmarks bedste c/input_firstName'

2017-12-04 16:04:26 - [MESSAGE][PASSED] - Text 'Mønster AUT' is set on object 'Object Repository/PrimoTours/Old Objects/Coco/PrimoT/Page_Primo Tours  Danmarks bedste c/input_firstName'

2017-12-04 16:04:26 - [TEST_STEP][PASSED] - setText: Text 'Andreas' is set on object 'Object Repository/PrimoTours/Old Objects/Coco/PrimoT/Page_Primo Tours  Danmarks bedste c/input_lastName'

2017-12-04 16:04:26 - [MESSAGE][PASSED] - Text 'Andreas' is set on object 'Object Repository/PrimoTours/Old Objects/Coco/PrimoT/Page_Primo Tours  Danmarks bedste c/input_lastName'

2017-12-04 16:04:26 - [TEST_STEP][PASSED] - click: Object: 'Object Repository/PrimoTours/LandingPage/customerGender' is clicked on

2017-12-04 16:04:26 - [MESSAGE][PASSED] - Object: 'Object Repository/PrimoTours/LandingPage/customerGender' is clicked on

2017-12-04 16:04:26 - [TEST_STEP][PASSED] - setText: Text 'Home address' is set on object 'Object Repository/PrimoTours/Old Objects/Coco/PrimoT/Page_Primo Tours  Danmarks bedste c/input_customerAddress'

2017-12-04 16:04:27 - [MESSAGE][PASSED] - Text 'Home address' is set on object 'Object Repository/PrimoTours/Old Objects/Coco/PrimoT/Page_Primo Tours  Danmarks bedste c/input_customerAddress'

2017-12-04 16:04:27 - [TEST_STEP][PASSED] - setText: Text '6700' is set on object 'Object Repository/PrimoTours/Old Objects/Coco/PrimoT/Page_Primo Tours  Danmarks bedste c/input_customerPostcode'

2017-12-04 16:04:27 - [MESSAGE][PASSED] - Text '6700' is set on object 'Object Repository/PrimoTours/Old Objects/Coco/PrimoT/Page_Primo Tours  Danmarks bedste c/input_customerPostcode'

2017-12-04 16:04:27 - [TEST_STEP][PASSED] - setText: Text 'cornel.neacsu@roweb.ro' is set on object 'Object Repository/PrimoTours/Old Objects/Coco/PrimoT/Page_Primo Tours  Danmarks bedste c/input_customerEmail'

2017-12-04 16:04:27 - [MESSAGE][PASSED] - Text 'cornel.neacsu@roweb.ro' is set on object 'Object Repository/PrimoTours/Old Objects/Coco/PrimoT/Page_Primo Tours  Danmarks bedste c/input_customerEmail'

2017-12-04 16:04:27 - [TEST_STEP][PASSED] - setText: Text '12345678' is set on object 'Object Repository/PrimoTours/Old Objects/Coco/PrimoT/Page_Primo Tours  Danmarks bedste c/input_customerPhone'

2017-12-04 16:04:28 - [MESSAGE][PASSED] - Text '12345678' is set on object 'Object Repository/PrimoTours/Old Objects/Coco/PrimoT/Page_Primo Tours  Danmarks bedste c/input_customerPhone'

2017-12-04 16:04:28 - [TEST_STEP][PASSED] - waitForElementClickable: Object 'Object Repository/PrimoTours/Old Objects/Coco/PrimoT/Page_Primo Tours  Danmarks bedste c/input_firstname-0_1' is clickable

2017-12-04 16:04:29 - [MESSAGE][PASSED] - Object 'Object Repository/PrimoTours/Old Objects/Coco/PrimoT/Page_Primo Tours  Danmarks bedste c/input_firstname-0_1' is clickable

2017-12-04 16:04:29 - [TEST_STEP][PASSED] - Statement - driver = com.kms.katalon.core.webui.driver.DriverFactory.getWebDriver(): null

2017-12-04 16:04:29 - [TEST_STEP][PASSED] - Statement - roomContainerXpath = "id("roomAndStaticOptionsContainer")/div[@class="row"]/div[@class="col-md-12 roomContainer"]": null

2017-12-04 16:04:29 - [TEST_STEP][PASSED] - Statement - roomsCount = driver.findElements(org.openqa.selenium.By.xpath(roomContainerXpath)).size(): null

2017-12-04 16:04:29 - [TEST_STEP][PASSED] - Statement - println("roomsCount=" + roomsCount): null

2017-12-04 16:04:29 - [TEST_STEP][PASSED] - Statement - For ([i = 1, i <= roomsCount, (i++)]): Object: 'Object Repository/PrimoTours/LandingPage/secondPaxFirstNameField' is clicked on

2017-12-04 16:04:29 - [TEST_STEP][PASSED] - Statement - paxInRoomXpath = "id("passengersContainer_" + i - 1 + "")/div[@class="col-md-12"]/div[@class="row"]": null

2017-12-04 16:04:29 - [TEST_STEP][PASSED] - Statement - println("paxInRoomXpath=" + paxInRoomXpath): null

2017-12-04 16:04:29 - [TEST_STEP][PASSED] - Statement - paxInRoomCount = driver.findElements(org.openqa.selenium.By.xpath(paxInRoomXpath)).size(): null

2017-12-04 16:04:29 - [TEST_STEP][PASSED] - Statement - println("paxInRoomCount=" + paxInRoomCount): null

2017-12-04 16:04:29 - [TEST_STEP][PASSED] - Statement - For ([j = 1, j <= paxInRoomCount, (j++)]): Object: 'Object Repository/PrimoTours/LandingPage/secondPaxFirstNameField' is clicked on

2017-12-04 16:04:29 - [TEST_STEP][PASSED] - Statement - If (i == 1 & j == 1): null

2017-12-04 16:04:29 - [TEST_STEP][PASSED] - Statement - <not implemented yet for class: org.codehaus.groovy.ast.stmt.ContinueStatement>: null

2017-12-04 16:04:29 - [TEST_STEP][PASSED] - Statement - If (i == 1 & j == 1): null

2017-12-04 16:04:29 - [TEST_STEP][PASSED] - Statement - randomPaxIndex = java.lang.Math.abs(new java.util.Random().nextInt() % excelRowNo) + 1: null

2017-12-04 16:04:29 - [TEST_STEP][PASSED] - Statement - fname = rawData.getValue("FirstName", randomPaxIndex) + " AUT": null

2017-12-04 16:04:29 - [TEST_STEP][PASSED] - Statement - lname = rawData.getValue("LastName", randomPaxIndex): null

2017-12-04 16:04:29 - [TEST_STEP][PASSED] - Statement - pgender = rawData.getValue("Gender", randomPaxIndex): null

2017-12-04 16:04:29 - [TEST_STEP][PASSED] - Statement - pday = rawData.getValue("Day DOB", randomPaxIndex): null

2017-12-04 16:04:29 - [TEST_STEP][PASSED] - Statement - pmonth = rawData.getValue("Month DOB", randomPaxIndex): null

2017-12-04 16:04:29 - [TEST_STEP][PASSED] - Statement - pyear = rawData.getValue("Year DOB", randomPaxIndex): null

2017-12-04 16:04:29 - [TEST_STEP][PASSED] - Statement - paxDetailFields = paxInRoomXpath + "[" + j + "]/div[@class="col-md-x col-md-9"]/div[@class="row paxContainer"][1]/div[contains(@class,"paxAttribute")]": null

2017-12-04 16:04:29 - [TEST_STEP][PASSED] - Statement - xpathval = paxDetailFields + "[1]/div[contains(@class,"form-group")]/input[contains(@class,"paxFirstName")]": null

2017-12-04 16:04:29 - [TEST_STEP][PASSED] - Statement - println("fn: " + xpathval): null

2017-12-04 16:04:29 - [TEST_STEP][PASSED] - Statement - repObj = com.kms.katalon.core.testobject.ObjectRepository.findTestObject(Object Repository/PrimoTours/LandingPage/secondPaxFirstNameField): Finding Test Object with id 'Object Repository/PrimoTours/LandingPage/secondPaxFirstNameField'

2017-12-04 16:04:29 - [TEST_STEP][PASSED] - Statement - repObj.findProperty("xpath").setValue(xpathval): null

2017-12-04 16:04:29 - [TEST_STEP][PASSED] - setText: Text 'Gydahl Methling AUT' is set on object 'Object Repository/PrimoTours/LandingPage/secondPaxFirstNameField'

2017-12-04 16:04:29 - [MESSAGE][PASSED] - Text 'Gydahl Methling AUT' is set on object 'Object Repository/PrimoTours/LandingPage/secondPaxFirstNameField'

2017-12-04 16:04:29 - [TEST_STEP][PASSED] - Statement - xpathval = paxDetailFields + "[2]/div[contains(@class,"form-group")]/input[contains(@class,"paxLastName")]": null

2017-12-04 16:04:29 - [TEST_STEP][PASSED] - Statement - println("ln: " + xpathval): null

2017-12-04 16:04:29 - [TEST_STEP][PASSED] - Statement - repObj = com.kms.katalon.core.testobject.ObjectRepository.findTestObject(Object Repository/PrimoTours/LandingPage/secondPaxFirstNameField): Finding Test Object with id 'Object Repository/PrimoTours/LandingPage/secondPaxFirstNameField'

2017-12-04 16:04:29 - [TEST_STEP][PASSED] - Statement - repObj.findProperty("xpath").setValue(xpathval): null

2017-12-04 16:04:29 - [TEST_STEP][PASSED] - setText: Text 'Oscar' is set on object 'Object Repository/PrimoTours/LandingPage/secondPaxFirstNameField'

2017-12-04 16:04:30 - [MESSAGE][PASSED] - Text 'Oscar' is set on object 'Object Repository/PrimoTours/LandingPage/secondPaxFirstNameField'

2017-12-04 16:04:30 - [TEST_STEP][PASSED] - Statement - repObj = com.kms.katalon.core.testobject.ObjectRepository.findTestObject(Object Repository/PrimoTours/LandingPage/secondPaxFirstNameField): Finding Test Object with id 'Object Repository/PrimoTours/LandingPage/secondPaxFirstNameField'

2017-12-04 16:04:30 - [TEST_STEP][PASSED] - Statement - xpathval = paxDetailFields + "[3]/div[contains(@class,"paxGenderSelectorContainer")]/span[contains(@class,"select2 select2-container")]/span[contains(@class,"selection")]/span[contains(@class,"select2-selection")]": null

2017-12-04 16:04:30 - [TEST_STEP][PASSED] - Statement - println("gender: " + xpathval): null

2017-12-04 16:04:30 - [TEST_STEP][PASSED] - Statement - repObj.findProperty("xpath").setValue(xpathval): null

2017-12-04 16:04:30 - [TEST_STEP][PASSED] - click: Object: 'Object Repository/PrimoTours/LandingPage/secondPaxFirstNameField' is clicked on

2017-12-04 16:04:30 - [MESSAGE][PASSED] - Object: 'Object Repository/PrimoTours/LandingPage/secondPaxFirstNameField' is clicked on

2017-12-04 16:04:30 - [TEST_STEP][PASSED] - Statement - If (i == 1 & j == 1): null

2017-12-04 16:04:30 - [TEST_STEP][PASSED] - Statement - randomPaxIndex = java.lang.Math.abs(new java.util.Random().nextInt() % excelRowNo) + 1: null

2017-12-04 16:04:30 - [TEST_STEP][PASSED] - Statement - fname = rawData.getValue("FirstName", randomPaxIndex) + " AUT": null

2017-12-04 16:04:30 - [TEST_STEP][PASSED] - Statement - lname = rawData.getValue("LastName", randomPaxIndex): null

2017-12-04 16:04:30 - [TEST_STEP][PASSED] - Statement - pgender = rawData.getValue("Gender", randomPaxIndex): null

2017-12-04 16:04:30 - [TEST_STEP][PASSED] - Statement - pday = rawData.getValue("Day DOB", randomPaxIndex): null

2017-12-04 16:04:30 - [TEST_STEP][PASSED] - Statement - pmonth = rawData.getValue("Month DOB", randomPaxIndex): null

2017-12-04 16:04:30 - [TEST_STEP][PASSED] - Statement - pyear = rawData.getValue("Year DOB", randomPaxIndex): null

2017-12-04 16:04:30 - [TEST_STEP][PASSED] - Statement - paxDetailFields = paxInRoomXpath + "[" + j + "]/div[@class="col-md-x col-md-9"]/div[@class="row paxContainer"][1]/div[contains(@class,"paxAttribute")]": null

2017-12-04 16:04:30 - [TEST_STEP][PASSED] - Statement - xpathval = paxDetailFields + "[1]/div[contains(@class,"form-group")]/input[contains(@class,"paxFirstName")]": null

2017-12-04 16:04:30 - [TEST_STEP][PASSED] - Statement - println("fn: " + xpathval): null

2017-12-04 16:04:30 - [TEST_STEP][PASSED] - Statement - repObj = com.kms.katalon.core.testobject.ObjectRepository.findTestObject(Object Repository/PrimoTours/LandingPage/secondPaxFirstNameField): Finding Test Object with id 'Object Repository/PrimoTours/LandingPage/secondPaxFirstNameField'

2017-12-04 16:04:30 - [TEST_STEP][PASSED] - Statement - repObj.findProperty("xpath").setValue(xpathval): null

2017-12-04 16:04:30 - [TEST_STEP][PASSED] - setText: Text 'Bernth-Andersen AUT' is set on object 'Object Repository/PrimoTours/LandingPage/secondPaxFirstNameField'

2017-12-04 16:04:30 - [MESSAGE][PASSED] - Text 'Bernth-Andersen AUT' is set on object 'Object Repository/PrimoTours/LandingPage/secondPaxFirstNameField'

2017-12-04 16:04:30 - [TEST_STEP][PASSED] - Statement - xpathval = paxDetailFields + "[2]/div[contains(@class,"form-group")]/input[contains(@class,"paxLastName")]": null

2017-12-04 16:04:30 - [TEST_STEP][PASSED] - Statement - println("ln: " + xpathval): null

2017-12-04 16:04:30 - [TEST_STEP][PASSED] - Statement - repObj = com.kms.katalon.core.testobject.ObjectRepository.findTestObject(Object Repository/PrimoTours/LandingPage/secondPaxFirstNameField): Finding Test Object with id 'Object Repository/PrimoTours/LandingPage/secondPaxFirstNameField'

2017-12-04 16:04:30 - [TEST_STEP][PASSED] - Statement - repObj.findProperty("xpath").setValue(xpathval): null

2017-12-04 16:04:30 - [TEST_STEP][PASSED] - setText: Text 'Sara' is set on object 'Object Repository/PrimoTours/LandingPage/secondPaxFirstNameField'

2017-12-04 16:04:31 - [MESSAGE][PASSED] - Text 'Sara' is set on object 'Object Repository/PrimoTours/LandingPage/secondPaxFirstNameField'

2017-12-04 16:04:31 - [TEST_STEP][PASSED] - Statement - repObj = com.kms.katalon.core.testobject.ObjectRepository.findTestObject(Object Repository/PrimoTours/LandingPage/secondPaxFirstNameField): Finding Test Object with id 'Object Repository/PrimoTours/LandingPage/secondPaxFirstNameField'

2017-12-04 16:04:31 - [TEST_STEP][PASSED] - Statement - xpathval = paxDetailFields + "[3]/div[contains(@class,"paxGenderSelectorContainer")]/span[contains(@class,"select2 select2-container")]/span[contains(@class,"selection")]/span[contains(@class,"select2-selection")]": null

2017-12-04 16:04:31 - [TEST_STEP][PASSED] - Statement - println("gender: " + xpathval): null

2017-12-04 16:04:31 - [TEST_STEP][PASSED] - Statement - repObj.findProperty("xpath").setValue(xpathval): null

2017-12-04 16:04:31 - [TEST_STEP][PASSED] - click: Unable to click on object 'Object Repository/PrimoTours/LandingPage/secondPaxFirstNameField' (Root cause: org.openqa.selenium.WebDriverException: unknown error: Element <span class="select2-selection select2-selection--single" role="combobox" aria-haspopup="true" aria-expanded="false" tabindex="0" aria-labelledby="select2-gender-0_2-0v-container">...</span> is not clickable at point (1168, 747). Other element would receive the click: <li class="select2-results__option" id="select2-gender-0_1-4b-result-lj5v-MS" role="treeitem" aria-selected="false">...</li>
  (Session info: chrome=62.0.3202.94)
  (Driver info: chromedriver=2.33.506120 (e3e53437346286c0bc2d2dc9aa4915ba81d9023f),platform=Windows NT 6.3.9600 x86_64) (WARNING: The server did not provide any stacktrace information)
Command duration or timeout: 0 milliseconds
Build info: version: '3.7.1', revision: '8a0099a', time: '2017-11-06T21:07:36.161Z'
System info: host: 'NEACSUNEW-PC', ip: '10.10.10.211', os.name: 'Windows 8.1', os.arch: 'amd64', os.version: '6.3', java.version: '1.8.0_102'
Driver info: com.kms.katalon.selenium.driver.CChromeDriver
Capabilities {acceptSslCerts: true, applicationCacheEnabled: false, browserConnectionEnabled: false, browserName: chrome, chrome: {chromedriverVersion: 2.33.506120 (e3e53437346286..., userDataDir: C:\Users\Cornel\AppData\Loc...}, cssSelectorsEnabled: true, databaseEnabled: false, handlesAlerts: true, hasTouchScreen: false, javascriptEnabled: true, locationContextEnabled: true, mobileEmulationEnabled: false, nativeEvents: true, networkConnectionEnabled: false, pageLoadStrategy: normal, platform: XP, platformName: XP, rotatable: false, setWindowRect: true, takesHeapSnapshot: true, takesScreenshot: true, unexpectedAlertBehaviour: , unhandledPromptBehavior: , version: 62.0.3202.94, webStorageEnabled: true}
Session ID: d122317faaf7554699a3e51bfdc00484)

2017-12-04 16:04:31 - [MESSAGE][WARNING] - Unable to click on object 'Object Repository/PrimoTours/LandingPage/secondPaxFirstNameField' (Root cause: org.openqa.selenium.WebDriverException: unknown error: Element <span class="select2-selection select2-selection--single" role="combobox" aria-haspopup="true" aria-expanded="false" tabindex="0" aria-labelledby="select2-gender-0_2-0v-container">...</span> is not clickable at point (1168, 747). Other element would receive the click: <li class="select2-results__option" id="select2-gender-0_1-4b-result-lj5v-MS" role="treeitem" aria-selected="false">...</li>
  (Session info: chrome=62.0.3202.94)
  (Driver info: chromedriver=2.33.506120 (e3e53437346286c0bc2d2dc9aa4915ba81d9023f),platform=Windows NT 6.3.9600 x86_64) (WARNING: The server did not provide any stacktrace information)
Command duration or timeout: 0 milliseconds
Build info: version: '3.7.1', revision: '8a0099a', time: '2017-11-06T21:07:36.161Z'
System info: host: 'NEACSUNEW-PC', ip: '10.10.10.211', os.name: 'Windows 8.1', os.arch: 'amd64', os.version: '6.3', java.version: '1.8.0_102'
Driver info: com.kms.katalon.selenium.driver.CChromeDriver
Capabilities {acceptSslCerts: true, applicationCacheEnabled: false, browserConnectionEnabled: false, browserName: chrome, chrome: {chromedriverVersion: 2.33.506120 (e3e53437346286..., userDataDir: C:\Users\Cornel\AppData\Loc...}, cssSelectorsEnabled: true, databaseEnabled: false, handlesAlerts: true, hasTouchScreen: false, javascriptEnabled: true, locationContextEnabled: true, mobileEmulationEnabled: false, nativeEvents: true, networkConnectionEnabled: false, pageLoadStrategy: normal, platform: XP, platformName: XP, rotatable: false, setWindowRect: true, takesHeapSnapshot: true, takesScreenshot: true, unexpectedAlertBehaviour: , unhandledPromptBehavior: , version: 62.0.3202.94, webStorageEnabled: true}
Session ID: d122317faaf7554699a3e51bfdc00484)
[[ATTACHMENT|D:\\Software testing\\Tourpaq\\Automated Katalon tests\\Primo WB test\\Reports\\WB Primo From Excel URLs\\20171204_155729\\1512396271075.png]]

2017-12-04 16:04:31 - [TEST_STEP][PASSED] - Statement - If (i == 1 & j == 1): null

2017-12-04 16:04:31 - [TEST_STEP][PASSED] - Statement - randomPaxIndex = java.lang.Math.abs(new java.util.Random().nextInt() % excelRowNo) + 1: null

2017-12-04 16:04:31 - [TEST_STEP][PASSED] - Statement - fname = rawData.getValue("FirstName", randomPaxIndex) + " AUT": null

2017-12-04 16:04:31 - [TEST_STEP][PASSED] - Statement - lname = rawData.getValue("LastName", randomPaxIndex): null

2017-12-04 16:04:31 - [TEST_STEP][PASSED] - Statement - pgender = rawData.getValue("Gender", randomPaxIndex): null

2017-12-04 16:04:31 - [TEST_STEP][PASSED] - Statement - pday = rawData.getValue("Day DOB", randomPaxIndex): null

2017-12-04 16:04:31 - [TEST_STEP][PASSED] - Statement - pmonth = rawData.getValue("Month DOB", randomPaxIndex): null

2017-12-04 16:04:31 - [TEST_STEP][PASSED] - Statement - pyear = rawData.getValue("Year DOB", randomPaxIndex): null

2017-12-04 16:04:31 - [TEST_STEP][PASSED] - Statement - paxDetailFields = paxInRoomXpath + "[" + j + "]/div[@class="col-md-x col-md-9"]/div[@class="row paxContainer"][1]/div[contains(@class,"paxAttribute")]": null

2017-12-04 16:04:31 - [TEST_STEP][PASSED] - Statement - xpathval = paxDetailFields + "[1]/div[contains(@class,"form-group")]/input[contains(@class,"paxFirstName")]": null

2017-12-04 16:04:31 - [TEST_STEP][PASSED] - Statement - println("fn: " + xpathval): null

2017-12-04 16:04:31 - [TEST_STEP][PASSED] - Statement - repObj = com.kms.katalon.core.testobject.ObjectRepository.findTestObject(Object Repository/PrimoTours/LandingPage/secondPaxFirstNameField): Finding Test Object with id 'Object Repository/PrimoTours/LandingPage/secondPaxFirstNameField'

2017-12-04 16:04:31 - [TEST_STEP][PASSED] - Statement - repObj.findProperty("xpath").setValue(xpathval): null

2017-12-04 16:04:31 - [TEST_STEP][PASSED] - setText: Text 'Jørgensen AUT' is set on object 'Object Repository/PrimoTours/LandingPage/secondPaxFirstNameField'

2017-12-04 16:04:31 - [MESSAGE][PASSED] - Text 'Jørgensen AUT' is set on object 'Object Repository/PrimoTours/LandingPage/secondPaxFirstNameField'

2017-12-04 16:04:31 - [TEST_STEP][PASSED] - Statement - xpathval = paxDetailFields + "[2]/div[contains(@class,"form-group")]/input[contains(@class,"paxLastName")]": null

2017-12-04 16:04:31 - [TEST_STEP][PASSED] - Statement - println("ln: " + xpathval): null

2017-12-04 16:04:31 - [TEST_STEP][PASSED] - Statement - repObj = com.kms.katalon.core.testobject.ObjectRepository.findTestObject(Object Repository/PrimoTours/LandingPage/secondPaxFirstNameField): Finding Test Object with id 'Object Repository/PrimoTours/LandingPage/secondPaxFirstNameField'

2017-12-04 16:04:31 - [TEST_STEP][PASSED] - Statement - repObj.findProperty("xpath").setValue(xpathval): null

2017-12-04 16:04:31 - [TEST_STEP][PASSED] - setText: Text 'Manuela Yvonne' is set on object 'Object Repository/PrimoTours/LandingPage/secondPaxFirstNameField'

2017-12-04 16:04:32 - [MESSAGE][PASSED] - Text 'Manuela Yvonne' is set on object 'Object Repository/PrimoTours/LandingPage/secondPaxFirstNameField'

2017-12-04 16:04:32 - [TEST_STEP][PASSED] - Statement - repObj = com.kms.katalon.core.testobject.ObjectRepository.findTestObject(Object Repository/PrimoTours/LandingPage/secondPaxFirstNameField): Finding Test Object with id 'Object Repository/PrimoTours/LandingPage/secondPaxFirstNameField'

2017-12-04 16:04:32 - [TEST_STEP][PASSED] - Statement - xpathval = paxDetailFields + "[3]/div[contains(@class,"paxGenderSelectorContainer")]/span[contains(@class,"select2 select2-container")]/span[contains(@class,"selection")]/span[contains(@class,"select2-selection")]": null

2017-12-04 16:04:32 - [TEST_STEP][PASSED] - Statement - println("gender: " + xpathval): null

2017-12-04 16:04:32 - [TEST_STEP][PASSED] - Statement - repObj.findProperty("xpath").setValue(xpathval): null

2017-12-04 16:04:32 - [TEST_STEP][PASSED] - click: Object: 'Object Repository/PrimoTours/LandingPage/secondPaxFirstNameField' is clicked on

2017-12-04 16:04:32 - [MESSAGE][PASSED] - Object: 'Object Repository/PrimoTours/LandingPage/secondPaxFirstNameField' is clicked on

2017-12-04 16:04:32 - [TEST_STEP][PASSED] - scrollToElement: Scroll to object 'Object Repository/PrimoTours/Old Objects/Coco (1)/PrimoT/SaveBooking2/Success/bookingTotalValue' successfully

2017-12-04 16:04:32 - [MESSAGE][PASSED] - Scroll to object 'Object Repository/PrimoTours/Old Objects/Coco (1)/PrimoT/SaveBooking2/Success/bookingTotalValue' successfully

2017-12-04 16:04:32 - [TEST_STEP][PASSED] - click: Object: 'Object Repository/PrimoTours/Old Objects/Coco (1)/PrimoT/SaveBooking2/Success/bookingTotalValue' is clicked on

2017-12-04 16:04:32 - [MESSAGE][PASSED] - Object: 'Object Repository/PrimoTours/Old Objects/Coco (1)/PrimoT/SaveBooking2/Success/bookingTotalValue' is clicked on

2017-12-04 16:04:32 - [TEST_STEP][PASSED] - scrollToElement: Scroll to object 'Object Repository/PrimoTours/Old Objects/Coco (1)/PrimoT/SaveBooking2/Success/Page_Primo Tours  Danmarks bedste c/nextButtonOnLandingPage' successfully

2017-12-04 16:04:32 - [MESSAGE][PASSED] - Scroll to object 'Object Repository/PrimoTours/Old Objects/Coco (1)/PrimoT/SaveBooking2/Success/Page_Primo Tours  Danmarks bedste c/nextButtonOnLandingPage' successfully

2017-12-04 16:04:32 - [TEST_STEP][PASSED] - waitForElementClickable: Object 'Object Repository/PrimoTours/Old Objects/Coco (1)/PrimoT/SaveBooking2/Success/Page_Primo Tours  Danmarks bedste c/nextButtonOnLandingPage' is clickable

2017-12-04 16:04:32 - [MESSAGE][PASSED] - Object 'Object Repository/PrimoTours/Old Objects/Coco (1)/PrimoT/SaveBooking2/Success/Page_Primo Tours  Danmarks bedste c/nextButtonOnLandingPage' is clickable

2017-12-04 16:04:32 - [TEST_STEP][PASSED] - waitForElementVisible: Object 'Object Repository/PrimoTours/Old Objects/Coco (1)/PrimoT/SaveBooking2/Success/Page_Primo Tours  Danmarks bedste c/nextButtonOnLandingPage' is visible

2017-12-04 16:04:32 - [MESSAGE][PASSED] - Object 'Object Repository/PrimoTours/Old Objects/Coco (1)/PrimoT/SaveBooking2/Success/Page_Primo Tours  Danmarks bedste c/nextButtonOnLandingPage' is visible

2017-12-04 16:04:32 - [TEST_STEP][PASSED] - scrollToElement: Scroll to object 'Object Repository/PrimoTours/Old Objects/Coco (1)/PrimoT/SaveBooking2/Success/Page_Primo Tours  Danmarks bedste c/nextButtonOnLandingPage' successfully

2017-12-04 16:04:32 - [MESSAGE][PASSED] - Scroll to object 'Object Repository/PrimoTours/Old Objects/Coco (1)/PrimoT/SaveBooking2/Success/Page_Primo Tours  Danmarks bedste c/nextButtonOnLandingPage' successfully

2017-12-04 16:04:32 - [TEST_STEP][PASSED] - click: Object: 'Object Repository/PrimoTours/Old Objects/Coco (1)/PrimoT/SaveBooking2/Success/Page_Primo Tours  Danmarks bedste c/nextButtonOnLandingPage' is clicked on

2017-12-04 16:04:32 - [MESSAGE][PASSED] - Object: 'Object Repository/PrimoTours/Old Objects/Coco (1)/PrimoT/SaveBooking2/Success/Page_Primo Tours  Danmarks bedste c/nextButtonOnLandingPage' is clicked on

2017-12-04 16:04:32 - [TEST_STEP][PASSED] - delay: Delayed 3 second(s)

2017-12-04 16:04:35 - [MESSAGE][PASSED] - Delayed 3 second(s)

2017-12-04 16:04:35 - [TEST_STEP][PASSED] - waitForElementNotVisible: Object 'Object Repository/PrimoTours/Old Objects/CCenter/pageLoaderOverlayLayer' is NOT visible

2017-12-04 16:04:35 - [MESSAGE][PASSED] - Object 'Object Repository/PrimoTours/Old Objects/CCenter/pageLoaderOverlayLayer' is NOT visible

2017-12-04 16:04:35 - [TEST_STEP][PASSED] - scrollToElement: Scroll to object 'Object Repository/PrimoTours/Old Objects/Coco/PrimoT/Ins2/Page_Primo Tours  Danmarks bedste c/travelInsuranceFirstPaxSelector' successfully

2017-12-04 16:04:35 - [MESSAGE][PASSED] - Scroll to object 'Object Repository/PrimoTours/Old Objects/Coco/PrimoT/Ins2/Page_Primo Tours  Danmarks bedste c/travelInsuranceFirstPaxSelector' successfully

2017-12-04 16:04:35 - [TEST_STEP][PASSED] - waitForElementPresent: Object 'Object Repository/PrimoTours/Old Objects/Coco/PrimoT/Ins2/Page_Primo Tours  Danmarks bedste c/travelInsuranceFirstPaxSelector' is present

2017-12-04 16:04:36 - [MESSAGE][PASSED] - Object 'Object Repository/PrimoTours/Old Objects/Coco/PrimoT/Ins2/Page_Primo Tours  Danmarks bedste c/travelInsuranceFirstPaxSelector' is present

2017-12-04 16:04:36 - [TEST_STEP][PASSED] - waitForElementVisible: Object 'Object Repository/PrimoTours/Old Objects/Coco/PrimoT/Ins2/Page_Primo Tours  Danmarks bedste c/travelInsuranceFirstPaxSelector' is visible

2017-12-04 16:04:36 - [MESSAGE][PASSED] - Object 'Object Repository/PrimoTours/Old Objects/Coco/PrimoT/Ins2/Page_Primo Tours  Danmarks bedste c/travelInsuranceFirstPaxSelector' is visible

2017-12-04 16:04:36 - [TEST_STEP][PASSED] - waitForElementClickable: Object 'Object Repository/PrimoTours/Old Objects/Coco/PrimoT/Ins2/Page_Primo Tours  Danmarks bedste c/travelInsuranceFirstPaxSelector' is clickable

2017-12-04 16:04:36 - [MESSAGE][PASSED] - Object 'Object Repository/PrimoTours/Old Objects/Coco/PrimoT/Ins2/Page_Primo Tours  Danmarks bedste c/travelInsuranceFirstPaxSelector' is clickable

2017-12-04 16:04:36 - [TEST_STEP][PASSED] - click: Object: 'Object Repository/PrimoTours/Old Objects/Coco/PrimoT/Ins2/Page_Primo Tours  Danmarks bedste c/travelInsuranceFirstPaxSelector' is clicked on

2017-12-04 16:04:36 - [MESSAGE][PASSED] - Object: 'Object Repository/PrimoTours/Old Objects/Coco/PrimoT/Ins2/Page_Primo Tours  Danmarks bedste c/travelInsuranceFirstPaxSelector' is clicked on

2017-12-04 16:04:36 - [TEST_STEP][PASSED] - Statement - Try: Object: 'Object Repository/PrimoTours/Old Objects/Coco/PrimoT/Ins2/Page_Primo Tours  Danmarks bedste c/firstTravelInsuranceOption' is clicked on

2017-12-04 16:04:36 - [TEST_STEP][PASSED] - click: Object: 'Object Repository/PrimoTours/Old Objects/Coco/PrimoT/Ins2/Page_Primo Tours  Danmarks bedste c/firstTravelInsuranceOption' is clicked on

2017-12-04 16:04:36 - [MESSAGE][PASSED] - Object: 'Object Repository/PrimoTours/Old Objects/Coco/PrimoT/Ins2/Page_Primo Tours  Danmarks bedste c/firstTravelInsuranceOption' is clicked on

2017-12-04 16:04:36 - [TEST_STEP][NOT_RUN] - click: NOT_RUN: click

2017-12-04 16:04:36 - [MESSAGE][NOT_RUN] - NOT_RUN: click

2017-12-04 16:04:36 - [TEST_STEP][NOT_RUN] - scrollToElement: NOT_RUN: scrollToElement

2017-12-04 16:04:36 - [MESSAGE][NOT_RUN] - NOT_RUN: scrollToElement

2017-12-04 16:04:36 - [TEST_STEP][NOT_RUN] - click: NOT_RUN: click

2017-12-04 16:04:36 - [MESSAGE][NOT_RUN] - NOT_RUN: click

2017-12-04 16:04:36 - [TEST_STEP][PASSED] - waitForElementVisible: Object 'Object Repository/PrimoTours/Old Objects/Coco (1)/PrimoT/SaveBooking2/Page_Primo Tours  Danmarks bedste c/individualInsuranceCheckbox' is visible

2017-12-04 16:04:36 - [MESSAGE][PASSED] - Object 'Object Repository/PrimoTours/Old Objects/Coco (1)/PrimoT/SaveBooking2/Page_Primo Tours  Danmarks bedste c/individualInsuranceCheckbox' is visible

2017-12-04 16:04:36 - [TEST_STEP][PASSED] - scrollToElement: Scroll to object 'Object Repository/PrimoTours/Old Objects/Coco (1)/PrimoT/SaveBooking2/Page_Primo Tours  Danmarks bedste c/individualInsuranceCheckbox' successfully

2017-12-04 16:04:36 - [MESSAGE][PASSED] - Scroll to object 'Object Repository/PrimoTours/Old Objects/Coco (1)/PrimoT/SaveBooking2/Page_Primo Tours  Danmarks bedste c/individualInsuranceCheckbox' successfully

2017-12-04 16:04:36 - [TEST_STEP][PASSED] - click: Object: 'Object Repository/PrimoTours/Old Objects/Coco (1)/PrimoT/SaveBooking2/Page_Primo Tours  Danmarks bedste c/individualInsuranceCheckbox' is clicked on

2017-12-04 16:04:37 - [MESSAGE][PASSED] - Object: 'Object Repository/PrimoTours/Old Objects/Coco (1)/PrimoT/SaveBooking2/Page_Primo Tours  Danmarks bedste c/individualInsuranceCheckbox' is clicked on

2017-12-04 16:04:37 - [TEST_STEP][PASSED] - scrollToElement: Scroll to object 'Object Repository/PrimoTours/Old Objects/Coco (1)/PrimoT/SaveBooking2/Success/firstProdCategIndividualSelectionRadioB' successfully

2017-12-04 16:04:37 - [MESSAGE][PASSED] - Scroll to object 'Object Repository/PrimoTours/Old Objects/Coco (1)/PrimoT/SaveBooking2/Success/firstProdCategIndividualSelectionRadioB' successfully

2017-12-04 16:04:37 - [TEST_STEP][PASSED] - waitForElementClickable: Object 'Object Repository/PrimoTours/Old Objects/Coco (1)/PrimoT/SaveBooking2/Success/firstProdCategIndividualSelectionRadioB' is clickable

2017-12-04 16:04:37 - [MESSAGE][PASSED] - Object 'Object Repository/PrimoTours/Old Objects/Coco (1)/PrimoT/SaveBooking2/Success/firstProdCategIndividualSelectionRadioB' is clickable

2017-12-04 16:04:37 - [TEST_STEP][PASSED] - scrollToElement: Scroll to object 'Object Repository/PrimoTours/Old Objects/Coco (1)/PrimoT/SaveBooking2/Success/firstProdCategIndividualSelectionRadioB' successfully

2017-12-04 16:04:37 - [MESSAGE][PASSED] - Scroll to object 'Object Repository/PrimoTours/Old Objects/Coco (1)/PrimoT/SaveBooking2/Success/firstProdCategIndividualSelectionRadioB' successfully

2017-12-04 16:04:37 - [TEST_STEP][PASSED] - click: Object: 'Object Repository/PrimoTours/Old Objects/Coco (1)/PrimoT/SaveBooking2/Success/firstProdCategIndividualSelectionRadioB' is clicked on

2017-12-04 16:04:38 - [MESSAGE][PASSED] - Object: 'Object Repository/PrimoTours/Old Objects/Coco (1)/PrimoT/SaveBooking2/Success/firstProdCategIndividualSelectionRadioB' is clicked on

2017-12-04 16:04:38 - [TEST_STEP][PASSED] - scrollToElement: Scroll to object 'Object Repository/PrimoTours/Old Objects/Coco (1)/PrimoT/SaveBooking2/Success/firstProdCategSelectForAllPaxCheckbox' successfully

2017-12-04 16:04:38 - [MESSAGE][PASSED] - Scroll to object 'Object Repository/PrimoTours/Old Objects/Coco (1)/PrimoT/SaveBooking2/Success/firstProdCategSelectForAllPaxCheckbox' successfully

2017-12-04 16:04:38 - [TEST_STEP][PASSED] - waitForElementClickable: Object 'Object Repository/PrimoTours/Old Objects/Coco (1)/PrimoT/SaveBooking2/Success/firstProdCategSelectForAllPaxCheckbox' is clickable

2017-12-04 16:04:38 - [MESSAGE][PASSED] - Object 'Object Repository/PrimoTours/Old Objects/Coco (1)/PrimoT/SaveBooking2/Success/firstProdCategSelectForAllPaxCheckbox' is clickable

2017-12-04 16:04:38 - [TEST_STEP][PASSED] - click: Object: 'Object Repository/PrimoTours/Old Objects/Coco (1)/PrimoT/SaveBooking2/Success/firstProdCategSelectForAllPaxCheckbox' is clicked on

2017-12-04 16:04:38 - [MESSAGE][PASSED] - Object: 'Object Repository/PrimoTours/Old Objects/Coco (1)/PrimoT/SaveBooking2/Success/firstProdCategSelectForAllPaxCheckbox' is clicked on

2017-12-04 16:04:38 - [TEST_STEP][NOT_RUN] - scrollToElement: NOT_RUN: scrollToElement

2017-12-04 16:04:38 - [MESSAGE][NOT_RUN] - NOT_RUN: scrollToElement

2017-12-04 16:04:38 - [TEST_STEP][NOT_RUN] - scrollToElement: NOT_RUN: scrollToElement

2017-12-04 16:04:38 - [MESSAGE][NOT_RUN] - NOT_RUN: scrollToElement

2017-12-04 16:04:38 - [TEST_STEP][NOT_RUN] - click: NOT_RUN: click

2017-12-04 16:04:38 - [MESSAGE][NOT_RUN] - NOT_RUN: click

2017-12-04 16:04:38 - [TEST_STEP][PASSED] - scrollToElement: Scroll to object 'Object Repository/PrimoTours/ConfirmationPage/labelForAgreeTermsAndConditions' successfully

2017-12-04 16:04:38 - [MESSAGE][PASSED] - Scroll to object 'Object Repository/PrimoTours/ConfirmationPage/labelForAgreeTermsAndConditions' successfully

2017-12-04 16:04:38 - [TEST_STEP][PASSED] - waitForElementClickable: Object 'Object Repository/PrimoTours/ConfirmationPage/labelForAgreeTermsAndConditions' is clickable

2017-12-04 16:04:38 - [MESSAGE][PASSED] - Object 'Object Repository/PrimoTours/ConfirmationPage/labelForAgreeTermsAndConditions' is clickable

2017-12-04 16:04:38 - [TEST_STEP][PASSED] - click: Object: 'Object Repository/PrimoTours/ConfirmationPage/labelForAgreeTermsAndConditions' is clicked on

2017-12-04 16:04:38 - [MESSAGE][PASSED] - Object: 'Object Repository/PrimoTours/ConfirmationPage/labelForAgreeTermsAndConditions' is clicked on

2017-12-04 16:04:38 - [TEST_STEP][PASSED] - scrollToElement: Scroll to object 'Object Repository/PrimoTours/ConfirmationPage/placeBookingButton' successfully

2017-12-04 16:04:38 - [MESSAGE][PASSED] - Scroll to object 'Object Repository/PrimoTours/ConfirmationPage/placeBookingButton' successfully

2017-12-04 16:04:38 - [TEST_STEP][PASSED] - delay: Delayed 1 second(s)

2017-12-04 16:04:39 - [MESSAGE][PASSED] - Delayed 1 second(s)

2017-12-04 16:04:39 - [TEST_STEP][PASSED] - waitForElementClickable: Object 'Object Repository/PrimoTours/ConfirmationPage/placeBookingButton' is clickable

2017-12-04 16:04:39 - [MESSAGE][PASSED] - Object 'Object Repository/PrimoTours/ConfirmationPage/placeBookingButton' is clickable

2017-12-04 16:04:39 - [TEST_STEP][PASSED] - Statement - Try: Object: 'Object Repository/PrimoTours/ConfirmationPage/placeBookingButton' is clicked on

2017-12-04 16:04:39 - [TEST_STEP][PASSED] - click: Object: 'Object Repository/PrimoTours/ConfirmationPage/placeBookingButton' is clicked on

2017-12-04 16:04:39 - [MESSAGE][PASSED] - Object: 'Object Repository/PrimoTours/ConfirmationPage/placeBookingButton' is clicked on

2017-12-04 16:04:39 - [TEST_STEP][PASSED] - delay: Delayed 3 second(s)

2017-12-04 16:04:42 - [MESSAGE][PASSED] - Delayed 3 second(s)

2017-12-04 16:04:42 - [TEST_STEP][PASSED] - waitForPageLoad: Wait for page load successfully

2017-12-04 16:04:42 - [MESSAGE][PASSED] - Wait for page load successfully

2017-12-04 16:04:42 - [TEST_STEP][PASSED] - delay: Delayed 3 second(s)

2017-12-04 16:04:45 - [MESSAGE][PASSED] - Delayed 3 second(s)

2017-12-04 16:04:45 - [TEST_STEP][PASSED] - waitForElementPresent: Object 'Object Repository/PrimoTours/Old Objects/ThankYouPage/bookingNoContainer' is present

2017-12-04 16:04:49 - [MESSAGE][PASSED] - Object 'Object Repository/PrimoTours/Old Objects/ThankYouPage/bookingNoContainer' is present

2017-12-04 16:04:49 - [TEST_STEP][PASSED] - waitForJQueryLoad: jQuery is ready.

2017-12-04 16:04:49 - [MESSAGE][PASSED] - jQuery is ready.

2017-12-04 16:04:49 - [TEST_STEP][PASSED] - waitForElementPresent: Object 'Object Repository/PrimoTours/Old Objects/CCenter/pageLoaderOverlayLayer' is present

2017-12-04 16:04:49 - [MESSAGE][PASSED] - Object 'Object Repository/PrimoTours/Old Objects/CCenter/pageLoaderOverlayLayer' is present

2017-12-04 16:04:49 - [TEST_STEP][PASSED] - waitForElementPresent: Object 'Object Repository/PrimoTours/Old Objects/CCenter/pageLoaderOverlayLayer' is present

2017-12-04 16:04:50 - [MESSAGE][PASSED] - Object 'Object Repository/PrimoTours/Old Objects/CCenter/pageLoaderOverlayLayer' is present

2017-12-04 16:04:50 - [TEST_STEP][PASSED] - waitForElementNotVisible: Object 'Object Repository/PrimoTours/Old Objects/CCenter/pageLoaderOverlayLayer' is NOT visible

2017-12-04 16:04:50 - [MESSAGE][PASSED] - Object 'Object Repository/PrimoTours/Old Objects/CCenter/pageLoaderOverlayLayer' is NOT visible

2017-12-04 16:04:50 - [TEST_STEP][PASSED] - waitForElementPresent: Object 'Object Repository/PrimoTours/Old Objects/ThankYouPage/bookingNoContainer' is present

2017-12-04 16:04:50 - [MESSAGE][PASSED] - Object 'Object Repository/PrimoTours/Old Objects/ThankYouPage/bookingNoContainer' is present

2017-12-04 16:04:50 - [TEST_STEP][PASSED] - waitForElementClickable: Object 'Object Repository/PrimoTours/Old Objects/ThankYouPage/bookingNoContainer' is clickable

2017-12-04 16:04:50 - [MESSAGE][PASSED] - Object 'Object Repository/PrimoTours/Old Objects/ThankYouPage/bookingNoContainer' is clickable

2017-12-04 16:04:50 - [TEST_STEP][PASSED] - verifyElementVisible: Object 'Object Repository/PrimoTours/Old Objects/ThankYouPage/bookingNoContainer' is visible

2017-12-04 16:04:50 - [MESSAGE][PASSED] - Object 'Object Repository/PrimoTours/Old Objects/ThankYouPage/bookingNoContainer' is visible

2017-12-04 16:04:50 - [TEST_STEP][PASSED] - verifyElementVisible: Object 'Object Repository/PrimoTours/Old Objects/ThankYouPage/bookingTotalInfo' is visible

2017-12-04 16:04:50 - [MESSAGE][PASSED] - Object 'Object Repository/PrimoTours/Old Objects/ThankYouPage/bookingTotalInfo' is visible

2017-12-04 16:04:50 - [TEST_STEP][PASSED] - verifyElementVisible: Object 'Object Repository/PrimoTours/Old Objects/ThankYouPage/bookingTotalPriceBar' is visible

2017-12-04 16:04:50 - [MESSAGE][PASSED] - Object 'Object Repository/PrimoTours/Old Objects/ThankYouPage/bookingTotalPriceBar' is visible

2017-12-04 16:04:50 - [TEST_STEP][PASSED] - verifyElementVisible: Object 'Object Repository/PrimoTours/Old Objects/ThankYouPage/printTicketSpan' is visible

2017-12-04 16:04:50 - [MESSAGE][PASSED] - Object 'Object Repository/PrimoTours/Old Objects/ThankYouPage/printTicketSpan' is visible

2017-12-04 16:04:50 - [TEST_STEP][PASSED] - waitForElementClickable: Object 'Object Repository/PrimoTours/Old Objects/ThankYouPage/printTicketSpan' is clickable

2017-12-04 16:04:50 - [MESSAGE][PASSED] - Object 'Object Repository/PrimoTours/Old Objects/ThankYouPage/printTicketSpan' is clickable

2017-12-04 16:04:50 - [TEST_STEP][PASSED] - waitForElementNotVisible: Object 'Object Repository/PrimoTours/Old Objects/CCenter/pageLoaderOverlayLayer' is NOT visible

2017-12-04 16:04:50 - [MESSAGE][PASSED] - Object 'Object Repository/PrimoTours/Old Objects/CCenter/pageLoaderOverlayLayer' is NOT visible

2017-12-04 16:04:50 - [TEST_STEP][PASSED] - Statement - Try: Object: 'Object Repository/PrimoTours/Old Objects/ThankYouPage/printTicketSpan' is clicked on

2017-12-04 16:04:50 - [TEST_STEP][PASSED] - click: Object: 'Object Repository/PrimoTours/Old Objects/ThankYouPage/printTicketSpan' is clicked on

2017-12-04 16:04:55 - [MESSAGE][PASSED] - Object: 'Object Repository/PrimoTours/Old Objects/ThankYouPage/printTicketSpan' is clicked on

2017-12-04 16:04:55 - [TEST_STEP][PASSED] - delay: Delayed 2 second(s)

2017-12-04 16:04:57 - [MESSAGE][PASSED] - Delayed 2 second(s)

2017-12-04 16:04:57 - [TEST_STEP][PASSED] - waitForElementVisible: Object 'Object Repository/PrimoTours/Old Objects/ThankYouPage/cCenterButton' is visible

2017-12-04 16:04:57 - [MESSAGE][PASSED] - Object 'Object Repository/PrimoTours/Old Objects/ThankYouPage/cCenterButton' is visible

2017-12-04 16:04:57 - [TEST_STEP][PASSED] - waitForElementClickable: Object 'Object Repository/PrimoTours/Old Objects/ThankYouPage/cCenterButton' is clickable

2017-12-04 16:04:57 - [MESSAGE][PASSED] - Object 'Object Repository/PrimoTours/Old Objects/ThankYouPage/cCenterButton' is clickable

2017-12-04 16:04:57 - [TEST_STEP][PASSED] - click: Object: 'Object Repository/PrimoTours/Old Objects/ThankYouPage/cCenterButton' is clicked on

2017-12-04 16:04:57 - [MESSAGE][PASSED] - Object: 'Object Repository/PrimoTours/Old Objects/ThankYouPage/cCenterButton' is clicked on

2017-12-04 16:04:57 - [TEST_STEP][PASSED] - waitForPageLoad: Wait for page load successfully

2017-12-04 16:04:57 - [MESSAGE][PASSED] - Wait for page load successfully

2017-12-04 16:04:57 - [TEST_STEP][PASSED] - waitForJQueryLoad: jQuery is ready.

2017-12-04 16:04:57 - [MESSAGE][PASSED] - jQuery is ready.

2017-12-04 16:04:57 - [TEST_STEP][PASSED] - waitForElementPresent: Object 'Object Repository/PrimoTours/Old Objects/CCenter/pageLoaderOverlayLayer' is present

2017-12-04 16:04:57 - [MESSAGE][PASSED] - Object 'Object Repository/PrimoTours/Old Objects/CCenter/pageLoaderOverlayLayer' is present

2017-12-04 16:04:57 - [TEST_STEP][PASSED] - waitForElementNotVisible: Object 'Object Repository/PrimoTours/Old Objects/CCenter/pageLoaderOverlayLayer' is NOT visible

2017-12-04 16:04:57 - [MESSAGE][PASSED] - Object 'Object Repository/PrimoTours/Old Objects/CCenter/pageLoaderOverlayLayer' is NOT visible

2017-12-04 16:04:57 - [TEST_STEP][PASSED] - verifyElementVisible: Object 'Object Repository/PrimoTours/Old Objects/ThankYouPage/bookingNoContainer' is visible

2017-12-04 16:04:58 - [MESSAGE][PASSED] - Object 'Object Repository/PrimoTours/Old Objects/ThankYouPage/bookingNoContainer' is visible

2017-12-04 16:04:58 - [TEST_STEP][PASSED] - verifyElementVisible: Object 'Object Repository/PrimoTours/Old Objects/ThankYouPage/bookingTotalPriceBar' is visible

2017-12-04 16:04:58 - [MESSAGE][PASSED] - Object 'Object Repository/PrimoTours/Old Objects/ThankYouPage/bookingTotalPriceBar' is visible

2017-12-04 16:04:58 - [TEST_STEP][PASSED] - delay: Delayed 1 second(s)

2017-12-04 16:04:59 - [MESSAGE][PASSED] - Delayed 1 second(s)]]></system-out>
         <system-err><![CDATA[]]></system-err>
      </testcase>
      <testcase name="Test Cases/PrimoTours/WB Primo/WB Primo staging - place booking - Iteration 12" classname="Test Cases/PrimoTours/WB Primo/WB Primo staging - place booking" status="PASSED">
         <system-out><![CDATA[2017-12-04 16:04:59 - [TEST_CASE][PASSED] - Test Cases/PrimoTours/WB Primo/WB Primo staging - place booking - Iteration 12: Test Cases/PrimoTours/WB Primo/WB Primo staging - place booking

2017-12-04 16:04:59 - [TEST_STEP][PASSED] - openBrowser: Browser is opened with url: ''

2017-12-04 16:04:59 - [MESSAGE][WARNING] - A browser is already opened. Closing browser and opening a new one

2017-12-04 16:05:02 - [MESSAGE][PASSED] - Browser is opened with url: ''

2017-12-04 16:05:02 - [TEST_STEP][PASSED] - maximizeWindow: Current window maximized

2017-12-04 16:05:03 - [MESSAGE][PASSED] - Current window maximized

2017-12-04 16:05:03 - [TEST_STEP][PASSED] - navigateToUrl: Navigate to 'https://staging-primotours-webbooking.tourpaq.com/DoBooking.aspx?pltaID=1480269&p=2&rno=1&pt=2&a=2&c=2&aa=&ca=1,5' successfully

2017-12-04 16:05:07 - [MESSAGE][PASSED] - Navigate to 'https://staging-primotours-webbooking.tourpaq.com/DoBooking.aspx?pltaID=1480269&p=2&rno=1&pt=2&a=2&c=2&aa=&ca=1,5' successfully

2017-12-04 16:05:07 - [TEST_STEP][PASSED] - Statement - excelInfo = ["fname":"", "lname":"", "pgender":"", "pday":"", "pmonth":"", "pyear":""]: null

2017-12-04 16:05:07 - [TEST_STEP][PASSED] - Statement - rawData = com.kms.katalon.core.testdata.TestDataFactory.findTestData("Data Files/WB_Primo/Passenger_details"): Reading excel file with source file 'D:\Software testing\Tourpaq\Automated Katalon tests\Primo WB test\Data Files\Primo_URLs_For_Automated_Test.xls' and sheet name 'Passenger Names'

2017-12-04 16:05:07 - [TEST_STEP][PASSED] - Statement - excelRowNo = rawData.getRowNumbers(): null

2017-12-04 16:05:07 - [TEST_STEP][PASSED] - Statement - randomPaxIndex = java.lang.Math.abs(new java.util.Random().nextInt() % excelRowNo) + 1: null

2017-12-04 16:05:07 - [TEST_STEP][PASSED] - Statement - fname = rawData.getValue("FirstName", randomPaxIndex): null

2017-12-04 16:05:07 - [TEST_STEP][PASSED] - Statement - lname = rawData.getValue("LastName", randomPaxIndex): null

2017-12-04 16:05:07 - [TEST_STEP][PASSED] - Statement - pgender = rawData.getValue("Gender", randomPaxIndex): null

2017-12-04 16:05:07 - [TEST_STEP][PASSED] - setText: Text 'Spangsø AUT' is set on object 'Object Repository/PrimoTours/Old Objects/Coco/PrimoT/Page_Primo Tours  Danmarks bedste c/input_firstName'

2017-12-04 16:05:08 - [MESSAGE][PASSED] - Text 'Spangsø AUT' is set on object 'Object Repository/PrimoTours/Old Objects/Coco/PrimoT/Page_Primo Tours  Danmarks bedste c/input_firstName'

2017-12-04 16:05:08 - [TEST_STEP][PASSED] - setText: Text 'Simon Due' is set on object 'Object Repository/PrimoTours/Old Objects/Coco/PrimoT/Page_Primo Tours  Danmarks bedste c/input_lastName'

2017-12-04 16:05:08 - [MESSAGE][PASSED] - Text 'Simon Due' is set on object 'Object Repository/PrimoTours/Old Objects/Coco/PrimoT/Page_Primo Tours  Danmarks bedste c/input_lastName'

2017-12-04 16:05:08 - [TEST_STEP][PASSED] - click: Object: 'Object Repository/PrimoTours/LandingPage/customerGender' is clicked on

2017-12-04 16:05:08 - [MESSAGE][PASSED] - Object: 'Object Repository/PrimoTours/LandingPage/customerGender' is clicked on

2017-12-04 16:05:08 - [TEST_STEP][PASSED] - setText: Text 'Home address' is set on object 'Object Repository/PrimoTours/Old Objects/Coco/PrimoT/Page_Primo Tours  Danmarks bedste c/input_customerAddress'

2017-12-04 16:05:10 - [MESSAGE][PASSED] - Text 'Home address' is set on object 'Object Repository/PrimoTours/Old Objects/Coco/PrimoT/Page_Primo Tours  Danmarks bedste c/input_customerAddress'

2017-12-04 16:05:10 - [TEST_STEP][PASSED] - setText: Text '6700' is set on object 'Object Repository/PrimoTours/Old Objects/Coco/PrimoT/Page_Primo Tours  Danmarks bedste c/input_customerPostcode'

2017-12-04 16:05:11 - [MESSAGE][PASSED] - Text '6700' is set on object 'Object Repository/PrimoTours/Old Objects/Coco/PrimoT/Page_Primo Tours  Danmarks bedste c/input_customerPostcode'

2017-12-04 16:05:11 - [TEST_STEP][PASSED] - setText: Text 'cornel.neacsu@roweb.ro' is set on object 'Object Repository/PrimoTours/Old Objects/Coco/PrimoT/Page_Primo Tours  Danmarks bedste c/input_customerEmail'

2017-12-04 16:05:13 - [MESSAGE][PASSED] - Text 'cornel.neacsu@roweb.ro' is set on object 'Object Repository/PrimoTours/Old Objects/Coco/PrimoT/Page_Primo Tours  Danmarks bedste c/input_customerEmail'

2017-12-04 16:05:13 - [TEST_STEP][PASSED] - setText: Text '12345678' is set on object 'Object Repository/PrimoTours/Old Objects/Coco/PrimoT/Page_Primo Tours  Danmarks bedste c/input_customerPhone'

2017-12-04 16:05:14 - [MESSAGE][PASSED] - Text '12345678' is set on object 'Object Repository/PrimoTours/Old Objects/Coco/PrimoT/Page_Primo Tours  Danmarks bedste c/input_customerPhone'

2017-12-04 16:05:14 - [TEST_STEP][PASSED] - waitForElementClickable: Object 'Object Repository/PrimoTours/Old Objects/Coco/PrimoT/Page_Primo Tours  Danmarks bedste c/input_firstname-0_1' is clickable

2017-12-04 16:05:15 - [MESSAGE][PASSED] - Object 'Object Repository/PrimoTours/Old Objects/Coco/PrimoT/Page_Primo Tours  Danmarks bedste c/input_firstname-0_1' is clickable

2017-12-04 16:05:15 - [TEST_STEP][PASSED] - Statement - driver = com.kms.katalon.core.webui.driver.DriverFactory.getWebDriver(): null

2017-12-04 16:05:15 - [TEST_STEP][PASSED] - Statement - roomContainerXpath = "id("roomAndStaticOptionsContainer")/div[@class="row"]/div[@class="col-md-12 roomContainer"]": null

2017-12-04 16:05:15 - [TEST_STEP][PASSED] - Statement - roomsCount = driver.findElements(org.openqa.selenium.By.xpath(roomContainerXpath)).size(): null

2017-12-04 16:05:15 - [TEST_STEP][PASSED] - Statement - println("roomsCount=" + roomsCount): null

2017-12-04 16:05:15 - [TEST_STEP][PASSED] - Statement - For ([i = 1, i <= roomsCount, (i++)]): Object: 'Object Repository/PrimoTours/LandingPage/secondPaxFirstNameField' is clicked on

2017-12-04 16:05:15 - [TEST_STEP][PASSED] - Statement - paxInRoomXpath = "id("passengersContainer_" + i - 1 + "")/div[@class="col-md-12"]/div[@class="row"]": null

2017-12-04 16:05:15 - [TEST_STEP][PASSED] - Statement - println("paxInRoomXpath=" + paxInRoomXpath): null

2017-12-04 16:05:15 - [TEST_STEP][PASSED] - Statement - paxInRoomCount = driver.findElements(org.openqa.selenium.By.xpath(paxInRoomXpath)).size(): null

2017-12-04 16:05:15 - [TEST_STEP][PASSED] - Statement - println("paxInRoomCount=" + paxInRoomCount): null

2017-12-04 16:05:15 - [TEST_STEP][PASSED] - Statement - For ([j = 1, j <= paxInRoomCount, (j++)]): Object: 'Object Repository/PrimoTours/LandingPage/secondPaxFirstNameField' is clicked on

2017-12-04 16:05:15 - [TEST_STEP][PASSED] - Statement - If (i == 1 & j == 1): null

2017-12-04 16:05:15 - [TEST_STEP][PASSED] - Statement - <not implemented yet for class: org.codehaus.groovy.ast.stmt.ContinueStatement>: null

2017-12-04 16:05:15 - [TEST_STEP][PASSED] - Statement - If (i == 1 & j == 1): null

2017-12-04 16:05:15 - [TEST_STEP][PASSED] - Statement - randomPaxIndex = java.lang.Math.abs(new java.util.Random().nextInt() % excelRowNo) + 1: null

2017-12-04 16:05:15 - [TEST_STEP][PASSED] - Statement - fname = rawData.getValue("FirstName", randomPaxIndex) + " AUT": null

2017-12-04 16:05:15 - [TEST_STEP][PASSED] - Statement - lname = rawData.getValue("LastName", randomPaxIndex): null

2017-12-04 16:05:15 - [TEST_STEP][PASSED] - Statement - pgender = rawData.getValue("Gender", randomPaxIndex): null

2017-12-04 16:05:15 - [TEST_STEP][PASSED] - Statement - pday = rawData.getValue("Day DOB", randomPaxIndex): null

2017-12-04 16:05:15 - [TEST_STEP][PASSED] - Statement - pmonth = rawData.getValue("Month DOB", randomPaxIndex): null

2017-12-04 16:05:15 - [TEST_STEP][PASSED] - Statement - pyear = rawData.getValue("Year DOB", randomPaxIndex): null

2017-12-04 16:05:15 - [TEST_STEP][PASSED] - Statement - paxDetailFields = paxInRoomXpath + "[" + j + "]/div[@class="col-md-x col-md-9"]/div[@class="row paxContainer"][1]/div[contains(@class,"paxAttribute")]": null

2017-12-04 16:05:15 - [TEST_STEP][PASSED] - Statement - xpathval = paxDetailFields + "[1]/div[contains(@class,"form-group")]/input[contains(@class,"paxFirstName")]": null

2017-12-04 16:05:15 - [TEST_STEP][PASSED] - Statement - println("fn: " + xpathval): null

2017-12-04 16:05:15 - [TEST_STEP][PASSED] - Statement - repObj = com.kms.katalon.core.testobject.ObjectRepository.findTestObject(Object Repository/PrimoTours/LandingPage/secondPaxFirstNameField): Finding Test Object with id 'Object Repository/PrimoTours/LandingPage/secondPaxFirstNameField'

2017-12-04 16:05:15 - [TEST_STEP][PASSED] - Statement - repObj.findProperty("xpath").setValue(xpathval): null

2017-12-04 16:05:15 - [TEST_STEP][PASSED] - setText: Text 'Pedersen AUT' is set on object 'Object Repository/PrimoTours/LandingPage/secondPaxFirstNameField'

2017-12-04 16:05:16 - [MESSAGE][PASSED] - Text 'Pedersen AUT' is set on object 'Object Repository/PrimoTours/LandingPage/secondPaxFirstNameField'

2017-12-04 16:05:16 - [TEST_STEP][PASSED] - Statement - xpathval = paxDetailFields + "[2]/div[contains(@class,"form-group")]/input[contains(@class,"paxLastName")]": null

2017-12-04 16:05:16 - [TEST_STEP][PASSED] - Statement - println("ln: " + xpathval): null

2017-12-04 16:05:16 - [TEST_STEP][PASSED] - Statement - repObj = com.kms.katalon.core.testobject.ObjectRepository.findTestObject(Object Repository/PrimoTours/LandingPage/secondPaxFirstNameField): Finding Test Object with id 'Object Repository/PrimoTours/LandingPage/secondPaxFirstNameField'

2017-12-04 16:05:16 - [TEST_STEP][PASSED] - Statement - repObj.findProperty("xpath").setValue(xpathval): null

2017-12-04 16:05:16 - [TEST_STEP][PASSED] - setText: Text 'Eddie Bjerg' is set on object 'Object Repository/PrimoTours/LandingPage/secondPaxFirstNameField'

2017-12-04 16:05:17 - [MESSAGE][PASSED] - Text 'Eddie Bjerg' is set on object 'Object Repository/PrimoTours/LandingPage/secondPaxFirstNameField'

2017-12-04 16:05:17 - [TEST_STEP][PASSED] - Statement - repObj = com.kms.katalon.core.testobject.ObjectRepository.findTestObject(Object Repository/PrimoTours/LandingPage/secondPaxFirstNameField): Finding Test Object with id 'Object Repository/PrimoTours/LandingPage/secondPaxFirstNameField'

2017-12-04 16:05:17 - [TEST_STEP][PASSED] - Statement - xpathval = paxDetailFields + "[3]/div[contains(@class,"paxGenderSelectorContainer")]/span[contains(@class,"select2 select2-container")]/span[contains(@class,"selection")]/span[contains(@class,"select2-selection")]": null

2017-12-04 16:05:17 - [TEST_STEP][PASSED] - Statement - println("gender: " + xpathval): null

2017-12-04 16:05:17 - [TEST_STEP][PASSED] - Statement - repObj.findProperty("xpath").setValue(xpathval): null

2017-12-04 16:05:17 - [TEST_STEP][PASSED] - click: Object: 'Object Repository/PrimoTours/LandingPage/secondPaxFirstNameField' is clicked on

2017-12-04 16:05:17 - [MESSAGE][PASSED] - Object: 'Object Repository/PrimoTours/LandingPage/secondPaxFirstNameField' is clicked on

2017-12-04 16:05:17 - [TEST_STEP][PASSED] - Statement - If (i == 1 & j == 1): null

2017-12-04 16:05:17 - [TEST_STEP][PASSED] - Statement - randomPaxIndex = java.lang.Math.abs(new java.util.Random().nextInt() % excelRowNo) + 1: null

2017-12-04 16:05:17 - [TEST_STEP][PASSED] - Statement - fname = rawData.getValue("FirstName", randomPaxIndex) + " AUT": null

2017-12-04 16:05:17 - [TEST_STEP][PASSED] - Statement - lname = rawData.getValue("LastName", randomPaxIndex): null

2017-12-04 16:05:17 - [TEST_STEP][PASSED] - Statement - pgender = rawData.getValue("Gender", randomPaxIndex): null

2017-12-04 16:05:17 - [TEST_STEP][PASSED] - Statement - pday = rawData.getValue("Day DOB", randomPaxIndex): null

2017-12-04 16:05:17 - [TEST_STEP][PASSED] - Statement - pmonth = rawData.getValue("Month DOB", randomPaxIndex): null

2017-12-04 16:05:17 - [TEST_STEP][PASSED] - Statement - pyear = rawData.getValue("Year DOB", randomPaxIndex): null

2017-12-04 16:05:17 - [TEST_STEP][PASSED] - Statement - paxDetailFields = paxInRoomXpath + "[" + j + "]/div[@class="col-md-x col-md-9"]/div[@class="row paxContainer"][1]/div[contains(@class,"paxAttribute")]": null

2017-12-04 16:05:17 - [TEST_STEP][PASSED] - Statement - xpathval = paxDetailFields + "[1]/div[contains(@class,"form-group")]/input[contains(@class,"paxFirstName")]": null

2017-12-04 16:05:17 - [TEST_STEP][PASSED] - Statement - println("fn: " + xpathval): null

2017-12-04 16:05:17 - [TEST_STEP][PASSED] - Statement - repObj = com.kms.katalon.core.testobject.ObjectRepository.findTestObject(Object Repository/PrimoTours/LandingPage/secondPaxFirstNameField): Finding Test Object with id 'Object Repository/PrimoTours/LandingPage/secondPaxFirstNameField'

2017-12-04 16:05:17 - [TEST_STEP][PASSED] - Statement - repObj.findProperty("xpath").setValue(xpathval): null

2017-12-04 16:05:17 - [TEST_STEP][PASSED] - setText: Text 'Andersen AUT' is set on object 'Object Repository/PrimoTours/LandingPage/secondPaxFirstNameField'

2017-12-04 16:05:18 - [MESSAGE][PASSED] - Text 'Andersen AUT' is set on object 'Object Repository/PrimoTours/LandingPage/secondPaxFirstNameField'

2017-12-04 16:05:18 - [TEST_STEP][PASSED] - Statement - xpathval = paxDetailFields + "[2]/div[contains(@class,"form-group")]/input[contains(@class,"paxLastName")]": null

2017-12-04 16:05:18 - [TEST_STEP][PASSED] - Statement - println("ln: " + xpathval): null

2017-12-04 16:05:18 - [TEST_STEP][PASSED] - Statement - repObj = com.kms.katalon.core.testobject.ObjectRepository.findTestObject(Object Repository/PrimoTours/LandingPage/secondPaxFirstNameField): Finding Test Object with id 'Object Repository/PrimoTours/LandingPage/secondPaxFirstNameField'

2017-12-04 16:05:18 - [TEST_STEP][PASSED] - Statement - repObj.findProperty("xpath").setValue(xpathval): null

2017-12-04 16:05:18 - [TEST_STEP][PASSED] - setText: Text 'Katrine Schønberg' is set on object 'Object Repository/PrimoTours/LandingPage/secondPaxFirstNameField'

2017-12-04 16:05:19 - [MESSAGE][PASSED] - Text 'Katrine Schønberg' is set on object 'Object Repository/PrimoTours/LandingPage/secondPaxFirstNameField'

2017-12-04 16:05:19 - [TEST_STEP][PASSED] - Statement - repObj = com.kms.katalon.core.testobject.ObjectRepository.findTestObject(Object Repository/PrimoTours/LandingPage/secondPaxFirstNameField): Finding Test Object with id 'Object Repository/PrimoTours/LandingPage/secondPaxFirstNameField'

2017-12-04 16:05:19 - [TEST_STEP][PASSED] - Statement - xpathval = paxDetailFields + "[3]/div[contains(@class,"paxGenderSelectorContainer")]/span[contains(@class,"select2 select2-container")]/span[contains(@class,"selection")]/span[contains(@class,"select2-selection")]": null

2017-12-04 16:05:19 - [TEST_STEP][PASSED] - Statement - println("gender: " + xpathval): null

2017-12-04 16:05:19 - [TEST_STEP][PASSED] - Statement - repObj.findProperty("xpath").setValue(xpathval): null

2017-12-04 16:05:19 - [TEST_STEP][PASSED] - click: Unable to click on object 'Object Repository/PrimoTours/LandingPage/secondPaxFirstNameField' (Root cause: org.openqa.selenium.WebDriverException: unknown error: Element <span class="select2-selection select2-selection--single" role="combobox" aria-haspopup="true" aria-expanded="false" tabindex="0" aria-labelledby="select2-gender-0_2-rt-container">...</span> is not clickable at point (1168, 747). Other element would receive the click: <li class="select2-results__option" id="select2-gender-0_1-v7-result-2q9l-MS" role="treeitem" aria-selected="false">...</li>
  (Session info: chrome=62.0.3202.94)
  (Driver info: chromedriver=2.33.506120 (e3e53437346286c0bc2d2dc9aa4915ba81d9023f),platform=Windows NT 6.3.9600 x86_64) (WARNING: The server did not provide any stacktrace information)
Command duration or timeout: 0 milliseconds
Build info: version: '3.7.1', revision: '8a0099a', time: '2017-11-06T21:07:36.161Z'
System info: host: 'NEACSUNEW-PC', ip: '10.10.10.211', os.name: 'Windows 8.1', os.arch: 'amd64', os.version: '6.3', java.version: '1.8.0_102'
Driver info: com.kms.katalon.selenium.driver.CChromeDriver
Capabilities {acceptSslCerts: true, applicationCacheEnabled: false, browserConnectionEnabled: false, browserName: chrome, chrome: {chromedriverVersion: 2.33.506120 (e3e53437346286..., userDataDir: C:\Users\Cornel\AppData\Loc...}, cssSelectorsEnabled: true, databaseEnabled: false, handlesAlerts: true, hasTouchScreen: false, javascriptEnabled: true, locationContextEnabled: true, mobileEmulationEnabled: false, nativeEvents: true, networkConnectionEnabled: false, pageLoadStrategy: normal, platform: XP, platformName: XP, rotatable: false, setWindowRect: true, takesHeapSnapshot: true, takesScreenshot: true, unexpectedAlertBehaviour: , unhandledPromptBehavior: , version: 62.0.3202.94, webStorageEnabled: true}
Session ID: 4795e8ea60730a969a41ea1ea1cc1432)

2017-12-04 16:05:20 - [MESSAGE][WARNING] - Unable to click on object 'Object Repository/PrimoTours/LandingPage/secondPaxFirstNameField' (Root cause: org.openqa.selenium.WebDriverException: unknown error: Element <span class="select2-selection select2-selection--single" role="combobox" aria-haspopup="true" aria-expanded="false" tabindex="0" aria-labelledby="select2-gender-0_2-rt-container">...</span> is not clickable at point (1168, 747). Other element would receive the click: <li class="select2-results__option" id="select2-gender-0_1-v7-result-2q9l-MS" role="treeitem" aria-selected="false">...</li>
  (Session info: chrome=62.0.3202.94)
  (Driver info: chromedriver=2.33.506120 (e3e53437346286c0bc2d2dc9aa4915ba81d9023f),platform=Windows NT 6.3.9600 x86_64) (WARNING: The server did not provide any stacktrace information)
Command duration or timeout: 0 milliseconds
Build info: version: '3.7.1', revision: '8a0099a', time: '2017-11-06T21:07:36.161Z'
System info: host: 'NEACSUNEW-PC', ip: '10.10.10.211', os.name: 'Windows 8.1', os.arch: 'amd64', os.version: '6.3', java.version: '1.8.0_102'
Driver info: com.kms.katalon.selenium.driver.CChromeDriver
Capabilities {acceptSslCerts: true, applicationCacheEnabled: false, browserConnectionEnabled: false, browserName: chrome, chrome: {chromedriverVersion: 2.33.506120 (e3e53437346286..., userDataDir: C:\Users\Cornel\AppData\Loc...}, cssSelectorsEnabled: true, databaseEnabled: false, handlesAlerts: true, hasTouchScreen: false, javascriptEnabled: true, locationContextEnabled: true, mobileEmulationEnabled: false, nativeEvents: true, networkConnectionEnabled: false, pageLoadStrategy: normal, platform: XP, platformName: XP, rotatable: false, setWindowRect: true, takesHeapSnapshot: true, takesScreenshot: true, unexpectedAlertBehaviour: , unhandledPromptBehavior: , version: 62.0.3202.94, webStorageEnabled: true}
Session ID: 4795e8ea60730a969a41ea1ea1cc1432)
[[ATTACHMENT|D:\\Software testing\\Tourpaq\\Automated Katalon tests\\Primo WB test\\Reports\\WB Primo From Excel URLs\\20171204_155729\\1512396319706.png]]

2017-12-04 16:05:20 - [TEST_STEP][PASSED] - Statement - If (i == 1 & j == 1): null

2017-12-04 16:05:20 - [TEST_STEP][PASSED] - Statement - randomPaxIndex = java.lang.Math.abs(new java.util.Random().nextInt() % excelRowNo) + 1: null

2017-12-04 16:05:20 - [TEST_STEP][PASSED] - Statement - fname = rawData.getValue("FirstName", randomPaxIndex) + " AUT": null

2017-12-04 16:05:20 - [TEST_STEP][PASSED] - Statement - lname = rawData.getValue("LastName", randomPaxIndex): null

2017-12-04 16:05:20 - [TEST_STEP][PASSED] - Statement - pgender = rawData.getValue("Gender", randomPaxIndex): null

2017-12-04 16:05:20 - [TEST_STEP][PASSED] - Statement - pday = rawData.getValue("Day DOB", randomPaxIndex): null

2017-12-04 16:05:20 - [TEST_STEP][PASSED] - Statement - pmonth = rawData.getValue("Month DOB", randomPaxIndex): null

2017-12-04 16:05:20 - [TEST_STEP][PASSED] - Statement - pyear = rawData.getValue("Year DOB", randomPaxIndex): null

2017-12-04 16:05:20 - [TEST_STEP][PASSED] - Statement - paxDetailFields = paxInRoomXpath + "[" + j + "]/div[@class="col-md-x col-md-9"]/div[@class="row paxContainer"][1]/div[contains(@class,"paxAttribute")]": null

2017-12-04 16:05:20 - [TEST_STEP][PASSED] - Statement - xpathval = paxDetailFields + "[1]/div[contains(@class,"form-group")]/input[contains(@class,"paxFirstName")]": null

2017-12-04 16:05:20 - [TEST_STEP][PASSED] - Statement - println("fn: " + xpathval): null

2017-12-04 16:05:20 - [TEST_STEP][PASSED] - Statement - repObj = com.kms.katalon.core.testobject.ObjectRepository.findTestObject(Object Repository/PrimoTours/LandingPage/secondPaxFirstNameField): Finding Test Object with id 'Object Repository/PrimoTours/LandingPage/secondPaxFirstNameField'

2017-12-04 16:05:20 - [TEST_STEP][PASSED] - Statement - repObj.findProperty("xpath").setValue(xpathval): null

2017-12-04 16:05:20 - [TEST_STEP][PASSED] - setText: Text 'Andersen AUT' is set on object 'Object Repository/PrimoTours/LandingPage/secondPaxFirstNameField'

2017-12-04 16:05:20 - [MESSAGE][PASSED] - Text 'Andersen AUT' is set on object 'Object Repository/PrimoTours/LandingPage/secondPaxFirstNameField'

2017-12-04 16:05:20 - [TEST_STEP][PASSED] - Statement - xpathval = paxDetailFields + "[2]/div[contains(@class,"form-group")]/input[contains(@class,"paxLastName")]": null

2017-12-04 16:05:20 - [TEST_STEP][PASSED] - Statement - println("ln: " + xpathval): null

2017-12-04 16:05:20 - [TEST_STEP][PASSED] - Statement - repObj = com.kms.katalon.core.testobject.ObjectRepository.findTestObject(Object Repository/PrimoTours/LandingPage/secondPaxFirstNameField): Finding Test Object with id 'Object Repository/PrimoTours/LandingPage/secondPaxFirstNameField'

2017-12-04 16:05:20 - [TEST_STEP][PASSED] - Statement - repObj.findProperty("xpath").setValue(xpathval): null

2017-12-04 16:05:20 - [TEST_STEP][PASSED] - setText: Text 'Frederik Lindstøm' is set on object 'Object Repository/PrimoTours/LandingPage/secondPaxFirstNameField'

2017-12-04 16:05:21 - [MESSAGE][PASSED] - Text 'Frederik Lindstøm' is set on object 'Object Repository/PrimoTours/LandingPage/secondPaxFirstNameField'

2017-12-04 16:05:21 - [TEST_STEP][PASSED] - Statement - repObj = com.kms.katalon.core.testobject.ObjectRepository.findTestObject(Object Repository/PrimoTours/LandingPage/secondPaxFirstNameField): Finding Test Object with id 'Object Repository/PrimoTours/LandingPage/secondPaxFirstNameField'

2017-12-04 16:05:21 - [TEST_STEP][PASSED] - Statement - xpathval = paxDetailFields + "[3]/div[contains(@class,"paxGenderSelectorContainer")]/span[contains(@class,"select2 select2-container")]/span[contains(@class,"selection")]/span[contains(@class,"select2-selection")]": null

2017-12-04 16:05:21 - [TEST_STEP][PASSED] - Statement - println("gender: " + xpathval): null

2017-12-04 16:05:21 - [TEST_STEP][PASSED] - Statement - repObj.findProperty("xpath").setValue(xpathval): null

2017-12-04 16:05:21 - [TEST_STEP][PASSED] - click: Object: 'Object Repository/PrimoTours/LandingPage/secondPaxFirstNameField' is clicked on

2017-12-04 16:05:22 - [MESSAGE][PASSED] - Object: 'Object Repository/PrimoTours/LandingPage/secondPaxFirstNameField' is clicked on

2017-12-04 16:05:22 - [TEST_STEP][PASSED] - scrollToElement: Scroll to object 'Object Repository/PrimoTours/Old Objects/Coco (1)/PrimoT/SaveBooking2/Success/bookingTotalValue' successfully

2017-12-04 16:05:22 - [MESSAGE][PASSED] - Scroll to object 'Object Repository/PrimoTours/Old Objects/Coco (1)/PrimoT/SaveBooking2/Success/bookingTotalValue' successfully

2017-12-04 16:05:22 - [TEST_STEP][PASSED] - click: Object: 'Object Repository/PrimoTours/Old Objects/Coco (1)/PrimoT/SaveBooking2/Success/bookingTotalValue' is clicked on

2017-12-04 16:05:22 - [MESSAGE][PASSED] - Object: 'Object Repository/PrimoTours/Old Objects/Coco (1)/PrimoT/SaveBooking2/Success/bookingTotalValue' is clicked on

2017-12-04 16:05:22 - [TEST_STEP][PASSED] - scrollToElement: Scroll to object 'Object Repository/PrimoTours/Old Objects/Coco (1)/PrimoT/SaveBooking2/Success/Page_Primo Tours  Danmarks bedste c/nextButtonOnLandingPage' successfully

2017-12-04 16:05:22 - [MESSAGE][PASSED] - Scroll to object 'Object Repository/PrimoTours/Old Objects/Coco (1)/PrimoT/SaveBooking2/Success/Page_Primo Tours  Danmarks bedste c/nextButtonOnLandingPage' successfully

2017-12-04 16:05:22 - [TEST_STEP][PASSED] - waitForElementClickable: Object 'Object Repository/PrimoTours/Old Objects/Coco (1)/PrimoT/SaveBooking2/Success/Page_Primo Tours  Danmarks bedste c/nextButtonOnLandingPage' is clickable

2017-12-04 16:05:22 - [MESSAGE][PASSED] - Object 'Object Repository/PrimoTours/Old Objects/Coco (1)/PrimoT/SaveBooking2/Success/Page_Primo Tours  Danmarks bedste c/nextButtonOnLandingPage' is clickable

2017-12-04 16:05:22 - [TEST_STEP][PASSED] - waitForElementVisible: Object 'Object Repository/PrimoTours/Old Objects/Coco (1)/PrimoT/SaveBooking2/Success/Page_Primo Tours  Danmarks bedste c/nextButtonOnLandingPage' is visible

2017-12-04 16:05:22 - [MESSAGE][PASSED] - Object 'Object Repository/PrimoTours/Old Objects/Coco (1)/PrimoT/SaveBooking2/Success/Page_Primo Tours  Danmarks bedste c/nextButtonOnLandingPage' is visible

2017-12-04 16:05:22 - [TEST_STEP][PASSED] - scrollToElement: Scroll to object 'Object Repository/PrimoTours/Old Objects/Coco (1)/PrimoT/SaveBooking2/Success/Page_Primo Tours  Danmarks bedste c/nextButtonOnLandingPage' successfully

2017-12-04 16:05:22 - [MESSAGE][PASSED] - Scroll to object 'Object Repository/PrimoTours/Old Objects/Coco (1)/PrimoT/SaveBooking2/Success/Page_Primo Tours  Danmarks bedste c/nextButtonOnLandingPage' successfully

2017-12-04 16:05:22 - [TEST_STEP][PASSED] - click: Object: 'Object Repository/PrimoTours/Old Objects/Coco (1)/PrimoT/SaveBooking2/Success/Page_Primo Tours  Danmarks bedste c/nextButtonOnLandingPage' is clicked on

2017-12-04 16:05:22 - [MESSAGE][PASSED] - Object: 'Object Repository/PrimoTours/Old Objects/Coco (1)/PrimoT/SaveBooking2/Success/Page_Primo Tours  Danmarks bedste c/nextButtonOnLandingPage' is clicked on

2017-12-04 16:05:22 - [TEST_STEP][PASSED] - delay: Delayed 3 second(s)

2017-12-04 16:05:25 - [MESSAGE][PASSED] - Delayed 3 second(s)

2017-12-04 16:05:25 - [TEST_STEP][PASSED] - waitForElementNotVisible: Object 'Object Repository/PrimoTours/Old Objects/CCenter/pageLoaderOverlayLayer' is NOT visible

2017-12-04 16:05:25 - [MESSAGE][PASSED] - Object 'Object Repository/PrimoTours/Old Objects/CCenter/pageLoaderOverlayLayer' is NOT visible

2017-12-04 16:05:25 - [TEST_STEP][PASSED] - scrollToElement: Scroll to object 'Object Repository/PrimoTours/Old Objects/Coco/PrimoT/Ins2/Page_Primo Tours  Danmarks bedste c/travelInsuranceFirstPaxSelector' successfully

2017-12-04 16:05:25 - [MESSAGE][PASSED] - Scroll to object 'Object Repository/PrimoTours/Old Objects/Coco/PrimoT/Ins2/Page_Primo Tours  Danmarks bedste c/travelInsuranceFirstPaxSelector' successfully

2017-12-04 16:05:25 - [TEST_STEP][PASSED] - waitForElementPresent: Object 'Object Repository/PrimoTours/Old Objects/Coco/PrimoT/Ins2/Page_Primo Tours  Danmarks bedste c/travelInsuranceFirstPaxSelector' is present

2017-12-04 16:05:26 - [MESSAGE][PASSED] - Object 'Object Repository/PrimoTours/Old Objects/Coco/PrimoT/Ins2/Page_Primo Tours  Danmarks bedste c/travelInsuranceFirstPaxSelector' is present

2017-12-04 16:05:26 - [TEST_STEP][PASSED] - waitForElementVisible: Object 'Object Repository/PrimoTours/Old Objects/Coco/PrimoT/Ins2/Page_Primo Tours  Danmarks bedste c/travelInsuranceFirstPaxSelector' is visible

2017-12-04 16:05:26 - [MESSAGE][PASSED] - Object 'Object Repository/PrimoTours/Old Objects/Coco/PrimoT/Ins2/Page_Primo Tours  Danmarks bedste c/travelInsuranceFirstPaxSelector' is visible

2017-12-04 16:05:26 - [TEST_STEP][PASSED] - waitForElementClickable: Object 'Object Repository/PrimoTours/Old Objects/Coco/PrimoT/Ins2/Page_Primo Tours  Danmarks bedste c/travelInsuranceFirstPaxSelector' is clickable

2017-12-04 16:05:26 - [MESSAGE][PASSED] - Object 'Object Repository/PrimoTours/Old Objects/Coco/PrimoT/Ins2/Page_Primo Tours  Danmarks bedste c/travelInsuranceFirstPaxSelector' is clickable

2017-12-04 16:05:26 - [TEST_STEP][PASSED] - click: Object: 'Object Repository/PrimoTours/Old Objects/Coco/PrimoT/Ins2/Page_Primo Tours  Danmarks bedste c/travelInsuranceFirstPaxSelector' is clicked on

2017-12-04 16:05:26 - [MESSAGE][PASSED] - Object: 'Object Repository/PrimoTours/Old Objects/Coco/PrimoT/Ins2/Page_Primo Tours  Danmarks bedste c/travelInsuranceFirstPaxSelector' is clicked on

2017-12-04 16:05:26 - [TEST_STEP][PASSED] - Statement - Try: Object: 'Object Repository/PrimoTours/Old Objects/Coco/PrimoT/Ins2/Page_Primo Tours  Danmarks bedste c/firstTravelInsuranceOption' is clicked on

2017-12-04 16:05:26 - [TEST_STEP][PASSED] - click: Object: 'Object Repository/PrimoTours/Old Objects/Coco/PrimoT/Ins2/Page_Primo Tours  Danmarks bedste c/firstTravelInsuranceOption' is clicked on

2017-12-04 16:05:26 - [MESSAGE][PASSED] - Object: 'Object Repository/PrimoTours/Old Objects/Coco/PrimoT/Ins2/Page_Primo Tours  Danmarks bedste c/firstTravelInsuranceOption' is clicked on

2017-12-04 16:05:26 - [TEST_STEP][NOT_RUN] - click: NOT_RUN: click

2017-12-04 16:05:26 - [MESSAGE][NOT_RUN] - NOT_RUN: click

2017-12-04 16:05:26 - [TEST_STEP][NOT_RUN] - scrollToElement: NOT_RUN: scrollToElement

2017-12-04 16:05:26 - [MESSAGE][NOT_RUN] - NOT_RUN: scrollToElement

2017-12-04 16:05:26 - [TEST_STEP][NOT_RUN] - click: NOT_RUN: click

2017-12-04 16:05:26 - [MESSAGE][NOT_RUN] - NOT_RUN: click

2017-12-04 16:05:26 - [TEST_STEP][PASSED] - waitForElementVisible: Object 'Object Repository/PrimoTours/Old Objects/Coco (1)/PrimoT/SaveBooking2/Page_Primo Tours  Danmarks bedste c/individualInsuranceCheckbox' is visible

2017-12-04 16:05:26 - [MESSAGE][PASSED] - Object 'Object Repository/PrimoTours/Old Objects/Coco (1)/PrimoT/SaveBooking2/Page_Primo Tours  Danmarks bedste c/individualInsuranceCheckbox' is visible

2017-12-04 16:05:26 - [TEST_STEP][PASSED] - scrollToElement: Scroll to object 'Object Repository/PrimoTours/Old Objects/Coco (1)/PrimoT/SaveBooking2/Page_Primo Tours  Danmarks bedste c/individualInsuranceCheckbox' successfully

2017-12-04 16:05:26 - [MESSAGE][PASSED] - Scroll to object 'Object Repository/PrimoTours/Old Objects/Coco (1)/PrimoT/SaveBooking2/Page_Primo Tours  Danmarks bedste c/individualInsuranceCheckbox' successfully

2017-12-04 16:05:26 - [TEST_STEP][PASSED] - click: Object: 'Object Repository/PrimoTours/Old Objects/Coco (1)/PrimoT/SaveBooking2/Page_Primo Tours  Danmarks bedste c/individualInsuranceCheckbox' is clicked on

2017-12-04 16:05:26 - [MESSAGE][PASSED] - Object: 'Object Repository/PrimoTours/Old Objects/Coco (1)/PrimoT/SaveBooking2/Page_Primo Tours  Danmarks bedste c/individualInsuranceCheckbox' is clicked on

2017-12-04 16:05:26 - [TEST_STEP][PASSED] - scrollToElement: Scroll to object 'Object Repository/PrimoTours/Old Objects/Coco (1)/PrimoT/SaveBooking2/Success/firstProdCategIndividualSelectionRadioB' successfully

2017-12-04 16:05:27 - [MESSAGE][PASSED] - Scroll to object 'Object Repository/PrimoTours/Old Objects/Coco (1)/PrimoT/SaveBooking2/Success/firstProdCategIndividualSelectionRadioB' successfully

2017-12-04 16:05:27 - [TEST_STEP][PASSED] - waitForElementClickable: Object 'Object Repository/PrimoTours/Old Objects/Coco (1)/PrimoT/SaveBooking2/Success/firstProdCategIndividualSelectionRadioB' is clickable

2017-12-04 16:05:27 - [MESSAGE][PASSED] - Object 'Object Repository/PrimoTours/Old Objects/Coco (1)/PrimoT/SaveBooking2/Success/firstProdCategIndividualSelectionRadioB' is clickable

2017-12-04 16:05:27 - [TEST_STEP][PASSED] - scrollToElement: Scroll to object 'Object Repository/PrimoTours/Old Objects/Coco (1)/PrimoT/SaveBooking2/Success/firstProdCategIndividualSelectionRadioB' successfully

2017-12-04 16:05:27 - [MESSAGE][PASSED] - Scroll to object 'Object Repository/PrimoTours/Old Objects/Coco (1)/PrimoT/SaveBooking2/Success/firstProdCategIndividualSelectionRadioB' successfully

2017-12-04 16:05:27 - [TEST_STEP][PASSED] - click: Object: 'Object Repository/PrimoTours/Old Objects/Coco (1)/PrimoT/SaveBooking2/Success/firstProdCategIndividualSelectionRadioB' is clicked on

2017-12-04 16:05:27 - [MESSAGE][PASSED] - Object: 'Object Repository/PrimoTours/Old Objects/Coco (1)/PrimoT/SaveBooking2/Success/firstProdCategIndividualSelectionRadioB' is clicked on

2017-12-04 16:05:27 - [TEST_STEP][PASSED] - scrollToElement: Scroll to object 'Object Repository/PrimoTours/Old Objects/Coco (1)/PrimoT/SaveBooking2/Success/firstProdCategSelectForAllPaxCheckbox' successfully

2017-12-04 16:05:28 - [MESSAGE][PASSED] - Scroll to object 'Object Repository/PrimoTours/Old Objects/Coco (1)/PrimoT/SaveBooking2/Success/firstProdCategSelectForAllPaxCheckbox' successfully

2017-12-04 16:05:28 - [TEST_STEP][PASSED] - waitForElementClickable: Object 'Object Repository/PrimoTours/Old Objects/Coco (1)/PrimoT/SaveBooking2/Success/firstProdCategSelectForAllPaxCheckbox' is clickable

2017-12-04 16:05:28 - [MESSAGE][PASSED] - Object 'Object Repository/PrimoTours/Old Objects/Coco (1)/PrimoT/SaveBooking2/Success/firstProdCategSelectForAllPaxCheckbox' is clickable

2017-12-04 16:05:28 - [TEST_STEP][PASSED] - click: Object: 'Object Repository/PrimoTours/Old Objects/Coco (1)/PrimoT/SaveBooking2/Success/firstProdCategSelectForAllPaxCheckbox' is clicked on

2017-12-04 16:05:28 - [MESSAGE][PASSED] - Object: 'Object Repository/PrimoTours/Old Objects/Coco (1)/PrimoT/SaveBooking2/Success/firstProdCategSelectForAllPaxCheckbox' is clicked on

2017-12-04 16:05:28 - [TEST_STEP][NOT_RUN] - scrollToElement: NOT_RUN: scrollToElement

2017-12-04 16:05:28 - [MESSAGE][NOT_RUN] - NOT_RUN: scrollToElement

2017-12-04 16:05:28 - [TEST_STEP][NOT_RUN] - scrollToElement: NOT_RUN: scrollToElement

2017-12-04 16:05:28 - [MESSAGE][NOT_RUN] - NOT_RUN: scrollToElement

2017-12-04 16:05:28 - [TEST_STEP][NOT_RUN] - click: NOT_RUN: click

2017-12-04 16:05:28 - [MESSAGE][NOT_RUN] - NOT_RUN: click

2017-12-04 16:05:28 - [TEST_STEP][PASSED] - scrollToElement: Scroll to object 'Object Repository/PrimoTours/ConfirmationPage/labelForAgreeTermsAndConditions' successfully

2017-12-04 16:05:28 - [MESSAGE][PASSED] - Scroll to object 'Object Repository/PrimoTours/ConfirmationPage/labelForAgreeTermsAndConditions' successfully

2017-12-04 16:05:28 - [TEST_STEP][PASSED] - waitForElementClickable: Object 'Object Repository/PrimoTours/ConfirmationPage/labelForAgreeTermsAndConditions' is clickable

2017-12-04 16:05:28 - [MESSAGE][PASSED] - Object 'Object Repository/PrimoTours/ConfirmationPage/labelForAgreeTermsAndConditions' is clickable

2017-12-04 16:05:28 - [TEST_STEP][PASSED] - click: Object: 'Object Repository/PrimoTours/ConfirmationPage/labelForAgreeTermsAndConditions' is clicked on

2017-12-04 16:05:28 - [MESSAGE][PASSED] - Object: 'Object Repository/PrimoTours/ConfirmationPage/labelForAgreeTermsAndConditions' is clicked on

2017-12-04 16:05:28 - [TEST_STEP][PASSED] - scrollToElement: Scroll to object 'Object Repository/PrimoTours/ConfirmationPage/placeBookingButton' successfully

2017-12-04 16:05:29 - [MESSAGE][PASSED] - Scroll to object 'Object Repository/PrimoTours/ConfirmationPage/placeBookingButton' successfully

2017-12-04 16:05:29 - [TEST_STEP][PASSED] - delay: Delayed 1 second(s)

2017-12-04 16:05:30 - [MESSAGE][PASSED] - Delayed 1 second(s)

2017-12-04 16:05:30 - [TEST_STEP][PASSED] - waitForElementClickable: Object 'Object Repository/PrimoTours/ConfirmationPage/placeBookingButton' is clickable

2017-12-04 16:05:30 - [MESSAGE][PASSED] - Object 'Object Repository/PrimoTours/ConfirmationPage/placeBookingButton' is clickable

2017-12-04 16:05:30 - [TEST_STEP][PASSED] - Statement - Try: Object: 'Object Repository/PrimoTours/ConfirmationPage/placeBookingButton' is clicked on

2017-12-04 16:05:30 - [TEST_STEP][PASSED] - click: Object: 'Object Repository/PrimoTours/ConfirmationPage/placeBookingButton' is clicked on

2017-12-04 16:05:30 - [MESSAGE][PASSED] - Object: 'Object Repository/PrimoTours/ConfirmationPage/placeBookingButton' is clicked on

2017-12-04 16:05:30 - [TEST_STEP][PASSED] - delay: Delayed 3 second(s)

2017-12-04 16:05:33 - [MESSAGE][PASSED] - Delayed 3 second(s)

2017-12-04 16:05:33 - [TEST_STEP][PASSED] - waitForPageLoad: Wait for page load successfully

2017-12-04 16:05:33 - [MESSAGE][PASSED] - Wait for page load successfully

2017-12-04 16:05:33 - [TEST_STEP][PASSED] - delay: Delayed 3 second(s)

2017-12-04 16:05:36 - [MESSAGE][PASSED] - Delayed 3 second(s)

2017-12-04 16:05:36 - [TEST_STEP][PASSED] - waitForElementPresent: Object 'Object Repository/PrimoTours/Old Objects/ThankYouPage/bookingNoContainer' is present

2017-12-04 16:05:40 - [MESSAGE][PASSED] - Object 'Object Repository/PrimoTours/Old Objects/ThankYouPage/bookingNoContainer' is present

2017-12-04 16:05:40 - [TEST_STEP][PASSED] - waitForJQueryLoad: jQuery is ready.

2017-12-04 16:05:40 - [MESSAGE][PASSED] - jQuery is ready.

2017-12-04 16:05:40 - [TEST_STEP][PASSED] - waitForElementPresent: Object 'Object Repository/PrimoTours/Old Objects/CCenter/pageLoaderOverlayLayer' is present

2017-12-04 16:05:40 - [MESSAGE][PASSED] - Object 'Object Repository/PrimoTours/Old Objects/CCenter/pageLoaderOverlayLayer' is present

2017-12-04 16:05:40 - [TEST_STEP][PASSED] - waitForElementPresent: Object 'Object Repository/PrimoTours/Old Objects/CCenter/pageLoaderOverlayLayer' is present

2017-12-04 16:05:40 - [MESSAGE][PASSED] - Object 'Object Repository/PrimoTours/Old Objects/CCenter/pageLoaderOverlayLayer' is present

2017-12-04 16:05:40 - [TEST_STEP][PASSED] - waitForElementNotVisible: Object 'Object Repository/PrimoTours/Old Objects/CCenter/pageLoaderOverlayLayer' is NOT visible

2017-12-04 16:05:41 - [MESSAGE][PASSED] - Object 'Object Repository/PrimoTours/Old Objects/CCenter/pageLoaderOverlayLayer' is NOT visible

2017-12-04 16:05:41 - [TEST_STEP][PASSED] - waitForElementPresent: Object 'Object Repository/PrimoTours/Old Objects/ThankYouPage/bookingNoContainer' is present

2017-12-04 16:05:41 - [MESSAGE][PASSED] - Object 'Object Repository/PrimoTours/Old Objects/ThankYouPage/bookingNoContainer' is present

2017-12-04 16:05:41 - [TEST_STEP][PASSED] - waitForElementClickable: Object 'Object Repository/PrimoTours/Old Objects/ThankYouPage/bookingNoContainer' is clickable

2017-12-04 16:05:41 - [MESSAGE][PASSED] - Object 'Object Repository/PrimoTours/Old Objects/ThankYouPage/bookingNoContainer' is clickable

2017-12-04 16:05:41 - [TEST_STEP][PASSED] - verifyElementVisible: Object 'Object Repository/PrimoTours/Old Objects/ThankYouPage/bookingNoContainer' is visible

2017-12-04 16:05:41 - [MESSAGE][PASSED] - Object 'Object Repository/PrimoTours/Old Objects/ThankYouPage/bookingNoContainer' is visible

2017-12-04 16:05:41 - [TEST_STEP][PASSED] - verifyElementVisible: Object 'Object Repository/PrimoTours/Old Objects/ThankYouPage/bookingTotalInfo' is visible

2017-12-04 16:05:41 - [MESSAGE][PASSED] - Object 'Object Repository/PrimoTours/Old Objects/ThankYouPage/bookingTotalInfo' is visible

2017-12-04 16:05:41 - [TEST_STEP][PASSED] - verifyElementVisible: Object 'Object Repository/PrimoTours/Old Objects/ThankYouPage/bookingTotalPriceBar' is visible

2017-12-04 16:05:41 - [MESSAGE][PASSED] - Object 'Object Repository/PrimoTours/Old Objects/ThankYouPage/bookingTotalPriceBar' is visible

2017-12-04 16:05:41 - [TEST_STEP][PASSED] - verifyElementVisible: Object 'Object Repository/PrimoTours/Old Objects/ThankYouPage/printTicketSpan' is visible

2017-12-04 16:05:41 - [MESSAGE][PASSED] - Object 'Object Repository/PrimoTours/Old Objects/ThankYouPage/printTicketSpan' is visible

2017-12-04 16:05:41 - [TEST_STEP][PASSED] - waitForElementClickable: Object 'Object Repository/PrimoTours/Old Objects/ThankYouPage/printTicketSpan' is clickable

2017-12-04 16:05:41 - [MESSAGE][PASSED] - Object 'Object Repository/PrimoTours/Old Objects/ThankYouPage/printTicketSpan' is clickable

2017-12-04 16:05:41 - [TEST_STEP][PASSED] - waitForElementNotVisible: Object 'Object Repository/PrimoTours/Old Objects/CCenter/pageLoaderOverlayLayer' is NOT visible

2017-12-04 16:05:41 - [MESSAGE][PASSED] - Object 'Object Repository/PrimoTours/Old Objects/CCenter/pageLoaderOverlayLayer' is NOT visible

2017-12-04 16:05:41 - [TEST_STEP][PASSED] - Statement - Try: Object: 'Object Repository/PrimoTours/Old Objects/ThankYouPage/printTicketSpan' is clicked on

2017-12-04 16:05:41 - [TEST_STEP][PASSED] - click: Object: 'Object Repository/PrimoTours/Old Objects/ThankYouPage/printTicketSpan' is clicked on

2017-12-04 16:05:46 - [MESSAGE][PASSED] - Object: 'Object Repository/PrimoTours/Old Objects/ThankYouPage/printTicketSpan' is clicked on

2017-12-04 16:05:46 - [TEST_STEP][PASSED] - delay: Delayed 2 second(s)

2017-12-04 16:05:48 - [MESSAGE][PASSED] - Delayed 2 second(s)

2017-12-04 16:05:48 - [TEST_STEP][PASSED] - waitForElementVisible: Object 'Object Repository/PrimoTours/Old Objects/ThankYouPage/cCenterButton' is visible

2017-12-04 16:05:48 - [MESSAGE][PASSED] - Object 'Object Repository/PrimoTours/Old Objects/ThankYouPage/cCenterButton' is visible

2017-12-04 16:05:48 - [TEST_STEP][PASSED] - waitForElementClickable: Object 'Object Repository/PrimoTours/Old Objects/ThankYouPage/cCenterButton' is clickable

2017-12-04 16:05:48 - [MESSAGE][PASSED] - Object 'Object Repository/PrimoTours/Old Objects/ThankYouPage/cCenterButton' is clickable

2017-12-04 16:05:48 - [TEST_STEP][PASSED] - click: Object: 'Object Repository/PrimoTours/Old Objects/ThankYouPage/cCenterButton' is clicked on

2017-12-04 16:05:48 - [MESSAGE][PASSED] - Object: 'Object Repository/PrimoTours/Old Objects/ThankYouPage/cCenterButton' is clicked on

2017-12-04 16:05:48 - [TEST_STEP][PASSED] - waitForPageLoad: Wait for page load successfully

2017-12-04 16:05:48 - [MESSAGE][PASSED] - Wait for page load successfully

2017-12-04 16:05:48 - [TEST_STEP][PASSED] - waitForJQueryLoad: jQuery is ready.

2017-12-04 16:05:48 - [MESSAGE][PASSED] - jQuery is ready.

2017-12-04 16:05:48 - [TEST_STEP][PASSED] - waitForElementPresent: Object 'Object Repository/PrimoTours/Old Objects/CCenter/pageLoaderOverlayLayer' is present

2017-12-04 16:05:48 - [MESSAGE][PASSED] - Object 'Object Repository/PrimoTours/Old Objects/CCenter/pageLoaderOverlayLayer' is present

2017-12-04 16:05:48 - [TEST_STEP][PASSED] - waitForElementNotVisible: Object 'Object Repository/PrimoTours/Old Objects/CCenter/pageLoaderOverlayLayer' is NOT visible

2017-12-04 16:05:50 - [MESSAGE][PASSED] - Object 'Object Repository/PrimoTours/Old Objects/CCenter/pageLoaderOverlayLayer' is NOT visible

2017-12-04 16:05:50 - [TEST_STEP][PASSED] - verifyElementVisible: Object 'Object Repository/PrimoTours/Old Objects/ThankYouPage/bookingNoContainer' is visible

2017-12-04 16:05:50 - [MESSAGE][PASSED] - Object 'Object Repository/PrimoTours/Old Objects/ThankYouPage/bookingNoContainer' is visible

2017-12-04 16:05:50 - [TEST_STEP][PASSED] - verifyElementVisible: Object 'Object Repository/PrimoTours/Old Objects/ThankYouPage/bookingTotalPriceBar' is visible

2017-12-04 16:05:50 - [MESSAGE][PASSED] - Object 'Object Repository/PrimoTours/Old Objects/ThankYouPage/bookingTotalPriceBar' is visible

2017-12-04 16:05:50 - [TEST_STEP][PASSED] - delay: Delayed 1 second(s)

2017-12-04 16:05:51 - [MESSAGE][PASSED] - Delayed 1 second(s)]]></system-out>
         <system-err><![CDATA[]]></system-err>
      </testcase>
      <testcase name="Test Cases/PrimoTours/WB Primo/WB Primo staging - place booking - Iteration 13" classname="Test Cases/PrimoTours/WB Primo/WB Primo staging - place booking" status="PASSED">
         <system-out><![CDATA[2017-12-04 16:05:51 - [TEST_CASE][PASSED] - Test Cases/PrimoTours/WB Primo/WB Primo staging - place booking - Iteration 13: Test Cases/PrimoTours/WB Primo/WB Primo staging - place booking

2017-12-04 16:05:51 - [TEST_STEP][PASSED] - openBrowser: Browser is opened with url: ''

2017-12-04 16:05:51 - [MESSAGE][WARNING] - A browser is already opened. Closing browser and opening a new one

2017-12-04 16:05:55 - [MESSAGE][PASSED] - Browser is opened with url: ''

2017-12-04 16:05:55 - [TEST_STEP][PASSED] - maximizeWindow: Current window maximized

2017-12-04 16:05:56 - [MESSAGE][PASSED] - Current window maximized

2017-12-04 16:05:56 - [TEST_STEP][PASSED] - navigateToUrl: Navigate to 'https://staging-primotours-webbooking.tourpaq.com/DoBooking.aspx?pltaID=1480269&p=2&rno=2&pt=1&a=4&c=4&aa=&ca=1,5|0,7' successfully

2017-12-04 16:05:58 - [MESSAGE][PASSED] - Navigate to 'https://staging-primotours-webbooking.tourpaq.com/DoBooking.aspx?pltaID=1480269&p=2&rno=2&pt=1&a=4&c=4&aa=&ca=1,5|0,7' successfully

2017-12-04 16:05:58 - [TEST_STEP][PASSED] - Statement - excelInfo = ["fname":"", "lname":"", "pgender":"", "pday":"", "pmonth":"", "pyear":""]: null

2017-12-04 16:05:58 - [TEST_STEP][PASSED] - Statement - rawData = com.kms.katalon.core.testdata.TestDataFactory.findTestData("Data Files/WB_Primo/Passenger_details"): Reading excel file with source file 'D:\Software testing\Tourpaq\Automated Katalon tests\Primo WB test\Data Files\Primo_URLs_For_Automated_Test.xls' and sheet name 'Passenger Names'

2017-12-04 16:05:58 - [TEST_STEP][PASSED] - Statement - excelRowNo = rawData.getRowNumbers(): null

2017-12-04 16:05:58 - [TEST_STEP][PASSED] - Statement - randomPaxIndex = java.lang.Math.abs(new java.util.Random().nextInt() % excelRowNo) + 1: null

2017-12-04 16:05:58 - [TEST_STEP][PASSED] - Statement - fname = rawData.getValue("FirstName", randomPaxIndex): null

2017-12-04 16:05:58 - [TEST_STEP][PASSED] - Statement - lname = rawData.getValue("LastName", randomPaxIndex): null

2017-12-04 16:05:58 - [TEST_STEP][PASSED] - Statement - pgender = rawData.getValue("Gender", randomPaxIndex): null

2017-12-04 16:05:58 - [TEST_STEP][PASSED] - setText: Text 'Rasmussen AUT' is set on object 'Object Repository/PrimoTours/Old Objects/Coco/PrimoT/Page_Primo Tours  Danmarks bedste c/input_firstName'

2017-12-04 16:05:59 - [MESSAGE][PASSED] - Text 'Rasmussen AUT' is set on object 'Object Repository/PrimoTours/Old Objects/Coco/PrimoT/Page_Primo Tours  Danmarks bedste c/input_firstName'

2017-12-04 16:05:59 - [TEST_STEP][PASSED] - setText: Text 'Lisbeth' is set on object 'Object Repository/PrimoTours/Old Objects/Coco/PrimoT/Page_Primo Tours  Danmarks bedste c/input_lastName'

2017-12-04 16:05:59 - [MESSAGE][PASSED] - Text 'Lisbeth' is set on object 'Object Repository/PrimoTours/Old Objects/Coco/PrimoT/Page_Primo Tours  Danmarks bedste c/input_lastName'

2017-12-04 16:05:59 - [TEST_STEP][PASSED] - click: Object: 'Object Repository/PrimoTours/LandingPage/customerGender' is clicked on

2017-12-04 16:05:59 - [MESSAGE][PASSED] - Object: 'Object Repository/PrimoTours/LandingPage/customerGender' is clicked on

2017-12-04 16:05:59 - [TEST_STEP][PASSED] - setText: Text 'Home address' is set on object 'Object Repository/PrimoTours/Old Objects/Coco/PrimoT/Page_Primo Tours  Danmarks bedste c/input_customerAddress'

2017-12-04 16:06:00 - [MESSAGE][PASSED] - Text 'Home address' is set on object 'Object Repository/PrimoTours/Old Objects/Coco/PrimoT/Page_Primo Tours  Danmarks bedste c/input_customerAddress'

2017-12-04 16:06:00 - [TEST_STEP][PASSED] - setText: Text '6700' is set on object 'Object Repository/PrimoTours/Old Objects/Coco/PrimoT/Page_Primo Tours  Danmarks bedste c/input_customerPostcode'

2017-12-04 16:06:00 - [MESSAGE][PASSED] - Text '6700' is set on object 'Object Repository/PrimoTours/Old Objects/Coco/PrimoT/Page_Primo Tours  Danmarks bedste c/input_customerPostcode'

2017-12-04 16:06:00 - [TEST_STEP][PASSED] - setText: Text 'cornel.neacsu@roweb.ro' is set on object 'Object Repository/PrimoTours/Old Objects/Coco/PrimoT/Page_Primo Tours  Danmarks bedste c/input_customerEmail'

2017-12-04 16:06:01 - [MESSAGE][PASSED] - Text 'cornel.neacsu@roweb.ro' is set on object 'Object Repository/PrimoTours/Old Objects/Coco/PrimoT/Page_Primo Tours  Danmarks bedste c/input_customerEmail'

2017-12-04 16:06:01 - [TEST_STEP][PASSED] - setText: Text '12345678' is set on object 'Object Repository/PrimoTours/Old Objects/Coco/PrimoT/Page_Primo Tours  Danmarks bedste c/input_customerPhone'

2017-12-04 16:06:01 - [MESSAGE][PASSED] - Text '12345678' is set on object 'Object Repository/PrimoTours/Old Objects/Coco/PrimoT/Page_Primo Tours  Danmarks bedste c/input_customerPhone'

2017-12-04 16:06:01 - [TEST_STEP][PASSED] - waitForElementClickable: Object 'Object Repository/PrimoTours/Old Objects/Coco/PrimoT/Page_Primo Tours  Danmarks bedste c/input_firstname-0_1' is clickable

2017-12-04 16:06:02 - [MESSAGE][PASSED] - Object 'Object Repository/PrimoTours/Old Objects/Coco/PrimoT/Page_Primo Tours  Danmarks bedste c/input_firstname-0_1' is clickable

2017-12-04 16:06:02 - [TEST_STEP][PASSED] - Statement - driver = com.kms.katalon.core.webui.driver.DriverFactory.getWebDriver(): null

2017-12-04 16:06:02 - [TEST_STEP][PASSED] - Statement - roomContainerXpath = "id("roomAndStaticOptionsContainer")/div[@class="row"]/div[@class="col-md-12 roomContainer"]": null

2017-12-04 16:06:02 - [TEST_STEP][PASSED] - Statement - roomsCount = driver.findElements(org.openqa.selenium.By.xpath(roomContainerXpath)).size(): null

2017-12-04 16:06:02 - [TEST_STEP][PASSED] - Statement - println("roomsCount=" + roomsCount): null

2017-12-04 16:06:02 - [TEST_STEP][PASSED] - Statement - For ([i = 1, i <= roomsCount, (i++)]): Object: 'Object Repository/PrimoTours/LandingPage/secondPaxFirstNameField' is clicked on

2017-12-04 16:06:02 - [TEST_STEP][PASSED] - Statement - paxInRoomXpath = "id("passengersContainer_" + i - 1 + "")/div[@class="col-md-12"]/div[@class="row"]": null

2017-12-04 16:06:02 - [TEST_STEP][PASSED] - Statement - println("paxInRoomXpath=" + paxInRoomXpath): null

2017-12-04 16:06:02 - [TEST_STEP][PASSED] - Statement - paxInRoomCount = driver.findElements(org.openqa.selenium.By.xpath(paxInRoomXpath)).size(): null

2017-12-04 16:06:02 - [TEST_STEP][PASSED] - Statement - println("paxInRoomCount=" + paxInRoomCount): null

2017-12-04 16:06:02 - [TEST_STEP][PASSED] - Statement - For ([j = 1, j <= paxInRoomCount, (j++)]): Object: 'Object Repository/PrimoTours/LandingPage/secondPaxFirstNameField' is clicked on

2017-12-04 16:06:02 - [TEST_STEP][PASSED] - Statement - If (i == 1 & j == 1): null

2017-12-04 16:06:02 - [TEST_STEP][PASSED] - Statement - <not implemented yet for class: org.codehaus.groovy.ast.stmt.ContinueStatement>: null

2017-12-04 16:06:02 - [TEST_STEP][PASSED] - Statement - If (i == 1 & j == 1): null

2017-12-04 16:06:02 - [TEST_STEP][PASSED] - Statement - randomPaxIndex = java.lang.Math.abs(new java.util.Random().nextInt() % excelRowNo) + 1: null

2017-12-04 16:06:02 - [TEST_STEP][PASSED] - Statement - fname = rawData.getValue("FirstName", randomPaxIndex) + " AUT": null

2017-12-04 16:06:02 - [TEST_STEP][PASSED] - Statement - lname = rawData.getValue("LastName", randomPaxIndex): null

2017-12-04 16:06:02 - [TEST_STEP][PASSED] - Statement - pgender = rawData.getValue("Gender", randomPaxIndex): null

2017-12-04 16:06:02 - [TEST_STEP][PASSED] - Statement - pday = rawData.getValue("Day DOB", randomPaxIndex): null

2017-12-04 16:06:02 - [TEST_STEP][PASSED] - Statement - pmonth = rawData.getValue("Month DOB", randomPaxIndex): null

2017-12-04 16:06:02 - [TEST_STEP][PASSED] - Statement - pyear = rawData.getValue("Year DOB", randomPaxIndex): null

2017-12-04 16:06:02 - [TEST_STEP][PASSED] - Statement - paxDetailFields = paxInRoomXpath + "[" + j + "]/div[@class="col-md-x col-md-9"]/div[@class="row paxContainer"][1]/div[contains(@class,"paxAttribute")]": null

2017-12-04 16:06:02 - [TEST_STEP][PASSED] - Statement - xpathval = paxDetailFields + "[1]/div[contains(@class,"form-group")]/input[contains(@class,"paxFirstName")]": null

2017-12-04 16:06:02 - [TEST_STEP][PASSED] - Statement - println("fn: " + xpathval): null

2017-12-04 16:06:02 - [TEST_STEP][PASSED] - Statement - repObj = com.kms.katalon.core.testobject.ObjectRepository.findTestObject(Object Repository/PrimoTours/LandingPage/secondPaxFirstNameField): Finding Test Object with id 'Object Repository/PrimoTours/LandingPage/secondPaxFirstNameField'

2017-12-04 16:06:02 - [TEST_STEP][PASSED] - Statement - repObj.findProperty("xpath").setValue(xpathval): null

2017-12-04 16:06:02 - [TEST_STEP][PASSED] - setText: Text 'Rasmussen AUT' is set on object 'Object Repository/PrimoTours/LandingPage/secondPaxFirstNameField'

2017-12-04 16:06:03 - [MESSAGE][PASSED] - Text 'Rasmussen AUT' is set on object 'Object Repository/PrimoTours/LandingPage/secondPaxFirstNameField'

2017-12-04 16:06:03 - [TEST_STEP][PASSED] - Statement - xpathval = paxDetailFields + "[2]/div[contains(@class,"form-group")]/input[contains(@class,"paxLastName")]": null

2017-12-04 16:06:03 - [TEST_STEP][PASSED] - Statement - println("ln: " + xpathval): null

2017-12-04 16:06:03 - [TEST_STEP][PASSED] - Statement - repObj = com.kms.katalon.core.testobject.ObjectRepository.findTestObject(Object Repository/PrimoTours/LandingPage/secondPaxFirstNameField): Finding Test Object with id 'Object Repository/PrimoTours/LandingPage/secondPaxFirstNameField'

2017-12-04 16:06:03 - [TEST_STEP][PASSED] - Statement - repObj.findProperty("xpath").setValue(xpathval): null

2017-12-04 16:06:03 - [TEST_STEP][PASSED] - setText: Text 'Johanne Astrup' is set on object 'Object Repository/PrimoTours/LandingPage/secondPaxFirstNameField'

2017-12-04 16:06:03 - [MESSAGE][PASSED] - Text 'Johanne Astrup' is set on object 'Object Repository/PrimoTours/LandingPage/secondPaxFirstNameField'

2017-12-04 16:06:03 - [TEST_STEP][PASSED] - Statement - repObj = com.kms.katalon.core.testobject.ObjectRepository.findTestObject(Object Repository/PrimoTours/LandingPage/secondPaxFirstNameField): Finding Test Object with id 'Object Repository/PrimoTours/LandingPage/secondPaxFirstNameField'

2017-12-04 16:06:03 - [TEST_STEP][PASSED] - Statement - xpathval = paxDetailFields + "[3]/div[contains(@class,"paxGenderSelectorContainer")]/span[contains(@class,"select2 select2-container")]/span[contains(@class,"selection")]/span[contains(@class,"select2-selection")]": null

2017-12-04 16:06:03 - [TEST_STEP][PASSED] - Statement - println("gender: " + xpathval): null

2017-12-04 16:06:03 - [TEST_STEP][PASSED] - Statement - repObj.findProperty("xpath").setValue(xpathval): null

2017-12-04 16:06:03 - [TEST_STEP][PASSED] - click: Object: 'Object Repository/PrimoTours/LandingPage/secondPaxFirstNameField' is clicked on

2017-12-04 16:06:03 - [MESSAGE][PASSED] - Object: 'Object Repository/PrimoTours/LandingPage/secondPaxFirstNameField' is clicked on

2017-12-04 16:06:03 - [TEST_STEP][PASSED] - Statement - If (i == 1 & j == 1): null

2017-12-04 16:06:03 - [TEST_STEP][PASSED] - Statement - randomPaxIndex = java.lang.Math.abs(new java.util.Random().nextInt() % excelRowNo) + 1: null

2017-12-04 16:06:03 - [TEST_STEP][PASSED] - Statement - fname = rawData.getValue("FirstName", randomPaxIndex) + " AUT": null

2017-12-04 16:06:03 - [TEST_STEP][PASSED] - Statement - lname = rawData.getValue("LastName", randomPaxIndex): null

2017-12-04 16:06:03 - [TEST_STEP][PASSED] - Statement - pgender = rawData.getValue("Gender", randomPaxIndex): null

2017-12-04 16:06:03 - [TEST_STEP][PASSED] - Statement - pday = rawData.getValue("Day DOB", randomPaxIndex): null

2017-12-04 16:06:03 - [TEST_STEP][PASSED] - Statement - pmonth = rawData.getValue("Month DOB", randomPaxIndex): null

2017-12-04 16:06:03 - [TEST_STEP][PASSED] - Statement - pyear = rawData.getValue("Year DOB", randomPaxIndex): null

2017-12-04 16:06:03 - [TEST_STEP][PASSED] - Statement - paxDetailFields = paxInRoomXpath + "[" + j + "]/div[@class="col-md-x col-md-9"]/div[@class="row paxContainer"][1]/div[contains(@class,"paxAttribute")]": null

2017-12-04 16:06:03 - [TEST_STEP][PASSED] - Statement - xpathval = paxDetailFields + "[1]/div[contains(@class,"form-group")]/input[contains(@class,"paxFirstName")]": null

2017-12-04 16:06:03 - [TEST_STEP][PASSED] - Statement - println("fn: " + xpathval): null

2017-12-04 16:06:03 - [TEST_STEP][PASSED] - Statement - repObj = com.kms.katalon.core.testobject.ObjectRepository.findTestObject(Object Repository/PrimoTours/LandingPage/secondPaxFirstNameField): Finding Test Object with id 'Object Repository/PrimoTours/LandingPage/secondPaxFirstNameField'

2017-12-04 16:06:03 - [TEST_STEP][PASSED] - Statement - repObj.findProperty("xpath").setValue(xpathval): null

2017-12-04 16:06:03 - [TEST_STEP][PASSED] - setText: Text 'Lindtofte AUT' is set on object 'Object Repository/PrimoTours/LandingPage/secondPaxFirstNameField'

2017-12-04 16:06:03 - [MESSAGE][PASSED] - Text 'Lindtofte AUT' is set on object 'Object Repository/PrimoTours/LandingPage/secondPaxFirstNameField'

2017-12-04 16:06:03 - [TEST_STEP][PASSED] - Statement - xpathval = paxDetailFields + "[2]/div[contains(@class,"form-group")]/input[contains(@class,"paxLastName")]": null

2017-12-04 16:06:03 - [TEST_STEP][PASSED] - Statement - println("ln: " + xpathval): null

2017-12-04 16:06:03 - [TEST_STEP][PASSED] - Statement - repObj = com.kms.katalon.core.testobject.ObjectRepository.findTestObject(Object Repository/PrimoTours/LandingPage/secondPaxFirstNameField): Finding Test Object with id 'Object Repository/PrimoTours/LandingPage/secondPaxFirstNameField'

2017-12-04 16:06:03 - [TEST_STEP][PASSED] - Statement - repObj.findProperty("xpath").setValue(xpathval): null

2017-12-04 16:06:03 - [TEST_STEP][PASSED] - setText: Text 'Sanni' is set on object 'Object Repository/PrimoTours/LandingPage/secondPaxFirstNameField'

2017-12-04 16:06:04 - [MESSAGE][PASSED] - Text 'Sanni' is set on object 'Object Repository/PrimoTours/LandingPage/secondPaxFirstNameField'

2017-12-04 16:06:04 - [TEST_STEP][PASSED] - Statement - repObj = com.kms.katalon.core.testobject.ObjectRepository.findTestObject(Object Repository/PrimoTours/LandingPage/secondPaxFirstNameField): Finding Test Object with id 'Object Repository/PrimoTours/LandingPage/secondPaxFirstNameField'

2017-12-04 16:06:04 - [TEST_STEP][PASSED] - Statement - xpathval = paxDetailFields + "[3]/div[contains(@class,"paxGenderSelectorContainer")]/span[contains(@class,"select2 select2-container")]/span[contains(@class,"selection")]/span[contains(@class,"select2-selection")]": null

2017-12-04 16:06:04 - [TEST_STEP][PASSED] - Statement - println("gender: " + xpathval): null

2017-12-04 16:06:04 - [TEST_STEP][PASSED] - Statement - repObj.findProperty("xpath").setValue(xpathval): null

2017-12-04 16:06:04 - [TEST_STEP][PASSED] - click: Unable to click on object 'Object Repository/PrimoTours/LandingPage/secondPaxFirstNameField' (Root cause: org.openqa.selenium.WebDriverException: unknown error: Element <span class="select2-selection select2-selection--single" role="combobox" aria-haspopup="true" aria-expanded="false" tabindex="0" aria-labelledby="select2-gender-0_2-rj-container">...</span> is not clickable at point (1168, 647). Other element would receive the click: <li class="select2-results__option" id="select2-gender-0_1-9j-result-itbp-MS" role="treeitem" aria-selected="false">...</li>
  (Session info: chrome=62.0.3202.94)
  (Driver info: chromedriver=2.33.506120 (e3e53437346286c0bc2d2dc9aa4915ba81d9023f),platform=Windows NT 6.3.9600 x86_64) (WARNING: The server did not provide any stacktrace information)
Command duration or timeout: 0 milliseconds
Build info: version: '3.7.1', revision: '8a0099a', time: '2017-11-06T21:07:36.161Z'
System info: host: 'NEACSUNEW-PC', ip: '10.10.10.211', os.name: 'Windows 8.1', os.arch: 'amd64', os.version: '6.3', java.version: '1.8.0_102'
Driver info: com.kms.katalon.selenium.driver.CChromeDriver
Capabilities {acceptSslCerts: true, applicationCacheEnabled: false, browserConnectionEnabled: false, browserName: chrome, chrome: {chromedriverVersion: 2.33.506120 (e3e53437346286..., userDataDir: C:\Users\Cornel\AppData\Loc...}, cssSelectorsEnabled: true, databaseEnabled: false, handlesAlerts: true, hasTouchScreen: false, javascriptEnabled: true, locationContextEnabled: true, mobileEmulationEnabled: false, nativeEvents: true, networkConnectionEnabled: false, pageLoadStrategy: normal, platform: XP, platformName: XP, rotatable: false, setWindowRect: true, takesHeapSnapshot: true, takesScreenshot: true, unexpectedAlertBehaviour: , unhandledPromptBehavior: , version: 62.0.3202.94, webStorageEnabled: true}
Session ID: 104d1ba0d640ac8e02769424926dd04e)

2017-12-04 16:06:04 - [MESSAGE][WARNING] - Unable to click on object 'Object Repository/PrimoTours/LandingPage/secondPaxFirstNameField' (Root cause: org.openqa.selenium.WebDriverException: unknown error: Element <span class="select2-selection select2-selection--single" role="combobox" aria-haspopup="true" aria-expanded="false" tabindex="0" aria-labelledby="select2-gender-0_2-rj-container">...</span> is not clickable at point (1168, 647). Other element would receive the click: <li class="select2-results__option" id="select2-gender-0_1-9j-result-itbp-MS" role="treeitem" aria-selected="false">...</li>
  (Session info: chrome=62.0.3202.94)
  (Driver info: chromedriver=2.33.506120 (e3e53437346286c0bc2d2dc9aa4915ba81d9023f),platform=Windows NT 6.3.9600 x86_64) (WARNING: The server did not provide any stacktrace information)
Command duration or timeout: 0 milliseconds
Build info: version: '3.7.1', revision: '8a0099a', time: '2017-11-06T21:07:36.161Z'
System info: host: 'NEACSUNEW-PC', ip: '10.10.10.211', os.name: 'Windows 8.1', os.arch: 'amd64', os.version: '6.3', java.version: '1.8.0_102'
Driver info: com.kms.katalon.selenium.driver.CChromeDriver
Capabilities {acceptSslCerts: true, applicationCacheEnabled: false, browserConnectionEnabled: false, browserName: chrome, chrome: {chromedriverVersion: 2.33.506120 (e3e53437346286..., userDataDir: C:\Users\Cornel\AppData\Loc...}, cssSelectorsEnabled: true, databaseEnabled: false, handlesAlerts: true, hasTouchScreen: false, javascriptEnabled: true, locationContextEnabled: true, mobileEmulationEnabled: false, nativeEvents: true, networkConnectionEnabled: false, pageLoadStrategy: normal, platform: XP, platformName: XP, rotatable: false, setWindowRect: true, takesHeapSnapshot: true, takesScreenshot: true, unexpectedAlertBehaviour: , unhandledPromptBehavior: , version: 62.0.3202.94, webStorageEnabled: true}
Session ID: 104d1ba0d640ac8e02769424926dd04e)
[[ATTACHMENT|D:\\Software testing\\Tourpaq\\Automated Katalon tests\\Primo WB test\\Reports\\WB Primo From Excel URLs\\20171204_155729\\1512396364125.png]]

2017-12-04 16:06:04 - [TEST_STEP][PASSED] - Statement - If (i == 1 & j == 1): null

2017-12-04 16:06:04 - [TEST_STEP][PASSED] - Statement - randomPaxIndex = java.lang.Math.abs(new java.util.Random().nextInt() % excelRowNo) + 1: null

2017-12-04 16:06:04 - [TEST_STEP][PASSED] - Statement - fname = rawData.getValue("FirstName", randomPaxIndex) + " AUT": null

2017-12-04 16:06:04 - [TEST_STEP][PASSED] - Statement - lname = rawData.getValue("LastName", randomPaxIndex): null

2017-12-04 16:06:04 - [TEST_STEP][PASSED] - Statement - pgender = rawData.getValue("Gender", randomPaxIndex): null

2017-12-04 16:06:04 - [TEST_STEP][PASSED] - Statement - pday = rawData.getValue("Day DOB", randomPaxIndex): null

2017-12-04 16:06:04 - [TEST_STEP][PASSED] - Statement - pmonth = rawData.getValue("Month DOB", randomPaxIndex): null

2017-12-04 16:06:04 - [TEST_STEP][PASSED] - Statement - pyear = rawData.getValue("Year DOB", randomPaxIndex): null

2017-12-04 16:06:04 - [TEST_STEP][PASSED] - Statement - paxDetailFields = paxInRoomXpath + "[" + j + "]/div[@class="col-md-x col-md-9"]/div[@class="row paxContainer"][1]/div[contains(@class,"paxAttribute")]": null

2017-12-04 16:06:04 - [TEST_STEP][PASSED] - Statement - xpathval = paxDetailFields + "[1]/div[contains(@class,"form-group")]/input[contains(@class,"paxFirstName")]": null

2017-12-04 16:06:04 - [TEST_STEP][PASSED] - Statement - println("fn: " + xpathval): null

2017-12-04 16:06:04 - [TEST_STEP][PASSED] - Statement - repObj = com.kms.katalon.core.testobject.ObjectRepository.findTestObject(Object Repository/PrimoTours/LandingPage/secondPaxFirstNameField): Finding Test Object with id 'Object Repository/PrimoTours/LandingPage/secondPaxFirstNameField'

2017-12-04 16:06:04 - [TEST_STEP][PASSED] - Statement - repObj.findProperty("xpath").setValue(xpathval): null

2017-12-04 16:06:04 - [TEST_STEP][PASSED] - setText: Text 'Thorsteinsdottir AUT' is set on object 'Object Repository/PrimoTours/LandingPage/secondPaxFirstNameField'

2017-12-04 16:06:04 - [MESSAGE][PASSED] - Text 'Thorsteinsdottir AUT' is set on object 'Object Repository/PrimoTours/LandingPage/secondPaxFirstNameField'

2017-12-04 16:06:04 - [TEST_STEP][PASSED] - Statement - xpathval = paxDetailFields + "[2]/div[contains(@class,"form-group")]/input[contains(@class,"paxLastName")]": null

2017-12-04 16:06:04 - [TEST_STEP][PASSED] - Statement - println("ln: " + xpathval): null

2017-12-04 16:06:04 - [TEST_STEP][PASSED] - Statement - repObj = com.kms.katalon.core.testobject.ObjectRepository.findTestObject(Object Repository/PrimoTours/LandingPage/secondPaxFirstNameField): Finding Test Object with id 'Object Repository/PrimoTours/LandingPage/secondPaxFirstNameField'

2017-12-04 16:06:04 - [TEST_STEP][PASSED] - Statement - repObj.findProperty("xpath").setValue(xpathval): null

2017-12-04 16:06:04 - [TEST_STEP][PASSED] - setText: Text 'Thorunn' is set on object 'Object Repository/PrimoTours/LandingPage/secondPaxFirstNameField'

2017-12-04 16:06:05 - [MESSAGE][PASSED] - Text 'Thorunn' is set on object 'Object Repository/PrimoTours/LandingPage/secondPaxFirstNameField'

2017-12-04 16:06:05 - [TEST_STEP][PASSED] - Statement - repObj = com.kms.katalon.core.testobject.ObjectRepository.findTestObject(Object Repository/PrimoTours/LandingPage/secondPaxFirstNameField): Finding Test Object with id 'Object Repository/PrimoTours/LandingPage/secondPaxFirstNameField'

2017-12-04 16:06:05 - [TEST_STEP][PASSED] - Statement - xpathval = paxDetailFields + "[3]/div[contains(@class,"paxGenderSelectorContainer")]/span[contains(@class,"select2 select2-container")]/span[contains(@class,"selection")]/span[contains(@class,"select2-selection")]": null

2017-12-04 16:06:05 - [TEST_STEP][PASSED] - Statement - println("gender: " + xpathval): null

2017-12-04 16:06:05 - [TEST_STEP][PASSED] - Statement - repObj.findProperty("xpath").setValue(xpathval): null

2017-12-04 16:06:05 - [TEST_STEP][PASSED] - click: Object: 'Object Repository/PrimoTours/LandingPage/secondPaxFirstNameField' is clicked on

2017-12-04 16:06:05 - [MESSAGE][PASSED] - Object: 'Object Repository/PrimoTours/LandingPage/secondPaxFirstNameField' is clicked on

2017-12-04 16:06:05 - [TEST_STEP][PASSED] - Statement - paxInRoomXpath = "id("passengersContainer_" + i - 1 + "")/div[@class="col-md-12"]/div[@class="row"]": null

2017-12-04 16:06:05 - [TEST_STEP][PASSED] - Statement - println("paxInRoomXpath=" + paxInRoomXpath): null

2017-12-04 16:06:05 - [TEST_STEP][PASSED] - Statement - paxInRoomCount = driver.findElements(org.openqa.selenium.By.xpath(paxInRoomXpath)).size(): null

2017-12-04 16:06:05 - [TEST_STEP][PASSED] - Statement - println("paxInRoomCount=" + paxInRoomCount): null

2017-12-04 16:06:05 - [TEST_STEP][PASSED] - Statement - For ([j = 1, j <= paxInRoomCount, (j++)]): Object: 'Object Repository/PrimoTours/LandingPage/secondPaxFirstNameField' is clicked on

2017-12-04 16:06:05 - [TEST_STEP][PASSED] - Statement - If (i == 1 & j == 1): null

2017-12-04 16:06:05 - [TEST_STEP][PASSED] - Statement - randomPaxIndex = java.lang.Math.abs(new java.util.Random().nextInt() % excelRowNo) + 1: null

2017-12-04 16:06:05 - [TEST_STEP][PASSED] - Statement - fname = rawData.getValue("FirstName", randomPaxIndex) + " AUT": null

2017-12-04 16:06:05 - [TEST_STEP][PASSED] - Statement - lname = rawData.getValue("LastName", randomPaxIndex): null

2017-12-04 16:06:05 - [TEST_STEP][PASSED] - Statement - pgender = rawData.getValue("Gender", randomPaxIndex): null

2017-12-04 16:06:05 - [TEST_STEP][PASSED] - Statement - pday = rawData.getValue("Day DOB", randomPaxIndex): null

2017-12-04 16:06:05 - [TEST_STEP][PASSED] - Statement - pmonth = rawData.getValue("Month DOB", randomPaxIndex): null

2017-12-04 16:06:05 - [TEST_STEP][PASSED] - Statement - pyear = rawData.getValue("Year DOB", randomPaxIndex): null

2017-12-04 16:06:05 - [TEST_STEP][PASSED] - Statement - paxDetailFields = paxInRoomXpath + "[" + j + "]/div[@class="col-md-x col-md-9"]/div[@class="row paxContainer"][1]/div[contains(@class,"paxAttribute")]": null

2017-12-04 16:06:05 - [TEST_STEP][PASSED] - Statement - xpathval = paxDetailFields + "[1]/div[contains(@class,"form-group")]/input[contains(@class,"paxFirstName")]": null

2017-12-04 16:06:05 - [TEST_STEP][PASSED] - Statement - println("fn: " + xpathval): null

2017-12-04 16:06:05 - [TEST_STEP][PASSED] - Statement - repObj = com.kms.katalon.core.testobject.ObjectRepository.findTestObject(Object Repository/PrimoTours/LandingPage/secondPaxFirstNameField): Finding Test Object with id 'Object Repository/PrimoTours/LandingPage/secondPaxFirstNameField'

2017-12-04 16:06:05 - [TEST_STEP][PASSED] - Statement - repObj.findProperty("xpath").setValue(xpathval): null

2017-12-04 16:06:05 - [TEST_STEP][PASSED] - setText: Text 'Rusbjerg AUT' is set on object 'Object Repository/PrimoTours/LandingPage/secondPaxFirstNameField'

2017-12-04 16:06:05 - [MESSAGE][PASSED] - Text 'Rusbjerg AUT' is set on object 'Object Repository/PrimoTours/LandingPage/secondPaxFirstNameField'

2017-12-04 16:06:05 - [TEST_STEP][PASSED] - Statement - xpathval = paxDetailFields + "[2]/div[contains(@class,"form-group")]/input[contains(@class,"paxLastName")]": null

2017-12-04 16:06:05 - [TEST_STEP][PASSED] - Statement - println("ln: " + xpathval): null

2017-12-04 16:06:05 - [TEST_STEP][PASSED] - Statement - repObj = com.kms.katalon.core.testobject.ObjectRepository.findTestObject(Object Repository/PrimoTours/LandingPage/secondPaxFirstNameField): Finding Test Object with id 'Object Repository/PrimoTours/LandingPage/secondPaxFirstNameField'

2017-12-04 16:06:05 - [TEST_STEP][PASSED] - Statement - repObj.findProperty("xpath").setValue(xpathval): null

2017-12-04 16:06:05 - [TEST_STEP][PASSED] - setText: Text 'Kim Thalo' is set on object 'Object Repository/PrimoTours/LandingPage/secondPaxFirstNameField'

2017-12-04 16:06:05 - [MESSAGE][PASSED] - Text 'Kim Thalo' is set on object 'Object Repository/PrimoTours/LandingPage/secondPaxFirstNameField'

2017-12-04 16:06:05 - [TEST_STEP][PASSED] - Statement - repObj = com.kms.katalon.core.testobject.ObjectRepository.findTestObject(Object Repository/PrimoTours/LandingPage/secondPaxFirstNameField): Finding Test Object with id 'Object Repository/PrimoTours/LandingPage/secondPaxFirstNameField'

2017-12-04 16:06:05 - [TEST_STEP][PASSED] - Statement - xpathval = paxDetailFields + "[3]/div[contains(@class,"paxGenderSelectorContainer")]/span[contains(@class,"select2 select2-container")]/span[contains(@class,"selection")]/span[contains(@class,"select2-selection")]": null

2017-12-04 16:06:05 - [TEST_STEP][PASSED] - Statement - println("gender: " + xpathval): null

2017-12-04 16:06:05 - [TEST_STEP][PASSED] - Statement - repObj.findProperty("xpath").setValue(xpathval): null

2017-12-04 16:06:05 - [TEST_STEP][PASSED] - click: Object: 'Object Repository/PrimoTours/LandingPage/secondPaxFirstNameField' is clicked on

2017-12-04 16:06:05 - [MESSAGE][PASSED] - Object: 'Object Repository/PrimoTours/LandingPage/secondPaxFirstNameField' is clicked on

2017-12-04 16:06:05 - [TEST_STEP][PASSED] - Statement - If (i == 1 & j == 1): null

2017-12-04 16:06:05 - [TEST_STEP][PASSED] - Statement - randomPaxIndex = java.lang.Math.abs(new java.util.Random().nextInt() % excelRowNo) + 1: null

2017-12-04 16:06:05 - [TEST_STEP][PASSED] - Statement - fname = rawData.getValue("FirstName", randomPaxIndex) + " AUT": null

2017-12-04 16:06:05 - [TEST_STEP][PASSED] - Statement - lname = rawData.getValue("LastName", randomPaxIndex): null

2017-12-04 16:06:05 - [TEST_STEP][PASSED] - Statement - pgender = rawData.getValue("Gender", randomPaxIndex): null

2017-12-04 16:06:05 - [TEST_STEP][PASSED] - Statement - pday = rawData.getValue("Day DOB", randomPaxIndex): null

2017-12-04 16:06:05 - [TEST_STEP][PASSED] - Statement - pmonth = rawData.getValue("Month DOB", randomPaxIndex): null

2017-12-04 16:06:05 - [TEST_STEP][PASSED] - Statement - pyear = rawData.getValue("Year DOB", randomPaxIndex): null

2017-12-04 16:06:05 - [TEST_STEP][PASSED] - Statement - paxDetailFields = paxInRoomXpath + "[" + j + "]/div[@class="col-md-x col-md-9"]/div[@class="row paxContainer"][1]/div[contains(@class,"paxAttribute")]": null

2017-12-04 16:06:05 - [TEST_STEP][PASSED] - Statement - xpathval = paxDetailFields + "[1]/div[contains(@class,"form-group")]/input[contains(@class,"paxFirstName")]": null

2017-12-04 16:06:05 - [TEST_STEP][PASSED] - Statement - println("fn: " + xpathval): null

2017-12-04 16:06:05 - [TEST_STEP][PASSED] - Statement - repObj = com.kms.katalon.core.testobject.ObjectRepository.findTestObject(Object Repository/PrimoTours/LandingPage/secondPaxFirstNameField): Finding Test Object with id 'Object Repository/PrimoTours/LandingPage/secondPaxFirstNameField'

2017-12-04 16:06:05 - [TEST_STEP][PASSED] - Statement - repObj.findProperty("xpath").setValue(xpathval): null

2017-12-04 16:06:05 - [TEST_STEP][PASSED] - setText: Text 'Christiansen AUT' is set on object 'Object Repository/PrimoTours/LandingPage/secondPaxFirstNameField'

2017-12-04 16:06:06 - [MESSAGE][PASSED] - Text 'Christiansen AUT' is set on object 'Object Repository/PrimoTours/LandingPage/secondPaxFirstNameField'

2017-12-04 16:06:06 - [TEST_STEP][PASSED] - Statement - xpathval = paxDetailFields + "[2]/div[contains(@class,"form-group")]/input[contains(@class,"paxLastName")]": null

2017-12-04 16:06:06 - [TEST_STEP][PASSED] - Statement - println("ln: " + xpathval): null

2017-12-04 16:06:06 - [TEST_STEP][PASSED] - Statement - repObj = com.kms.katalon.core.testobject.ObjectRepository.findTestObject(Object Repository/PrimoTours/LandingPage/secondPaxFirstNameField): Finding Test Object with id 'Object Repository/PrimoTours/LandingPage/secondPaxFirstNameField'

2017-12-04 16:06:06 - [TEST_STEP][PASSED] - Statement - repObj.findProperty("xpath").setValue(xpathval): null

2017-12-04 16:06:06 - [TEST_STEP][PASSED] - setText: Text 'Henrik Lindtofte' is set on object 'Object Repository/PrimoTours/LandingPage/secondPaxFirstNameField'

2017-12-04 16:06:06 - [MESSAGE][PASSED] - Text 'Henrik Lindtofte' is set on object 'Object Repository/PrimoTours/LandingPage/secondPaxFirstNameField'

2017-12-04 16:06:06 - [TEST_STEP][PASSED] - Statement - repObj = com.kms.katalon.core.testobject.ObjectRepository.findTestObject(Object Repository/PrimoTours/LandingPage/secondPaxFirstNameField): Finding Test Object with id 'Object Repository/PrimoTours/LandingPage/secondPaxFirstNameField'

2017-12-04 16:06:06 - [TEST_STEP][PASSED] - Statement - xpathval = paxDetailFields + "[3]/div[contains(@class,"paxGenderSelectorContainer")]/span[contains(@class,"select2 select2-container")]/span[contains(@class,"selection")]/span[contains(@class,"select2-selection")]": null

2017-12-04 16:06:06 - [TEST_STEP][PASSED] - Statement - println("gender: " + xpathval): null

2017-12-04 16:06:06 - [TEST_STEP][PASSED] - Statement - repObj.findProperty("xpath").setValue(xpathval): null

2017-12-04 16:06:06 - [TEST_STEP][PASSED] - click: Object: 'Object Repository/PrimoTours/LandingPage/secondPaxFirstNameField' is clicked on

2017-12-04 16:06:06 - [MESSAGE][PASSED] - Object: 'Object Repository/PrimoTours/LandingPage/secondPaxFirstNameField' is clicked on

2017-12-04 16:06:06 - [TEST_STEP][PASSED] - scrollToElement: Scroll to object 'Object Repository/PrimoTours/Old Objects/Coco (1)/PrimoT/SaveBooking2/Success/bookingTotalValue' successfully

2017-12-04 16:06:06 - [MESSAGE][PASSED] - Scroll to object 'Object Repository/PrimoTours/Old Objects/Coco (1)/PrimoT/SaveBooking2/Success/bookingTotalValue' successfully

2017-12-04 16:06:06 - [TEST_STEP][PASSED] - click: Object: 'Object Repository/PrimoTours/Old Objects/Coco (1)/PrimoT/SaveBooking2/Success/bookingTotalValue' is clicked on

2017-12-04 16:06:06 - [MESSAGE][PASSED] - Object: 'Object Repository/PrimoTours/Old Objects/Coco (1)/PrimoT/SaveBooking2/Success/bookingTotalValue' is clicked on

2017-12-04 16:06:06 - [TEST_STEP][PASSED] - scrollToElement: Scroll to object 'Object Repository/PrimoTours/Old Objects/Coco (1)/PrimoT/SaveBooking2/Success/Page_Primo Tours  Danmarks bedste c/nextButtonOnLandingPage' successfully

2017-12-04 16:06:06 - [MESSAGE][PASSED] - Scroll to object 'Object Repository/PrimoTours/Old Objects/Coco (1)/PrimoT/SaveBooking2/Success/Page_Primo Tours  Danmarks bedste c/nextButtonOnLandingPage' successfully

2017-12-04 16:06:06 - [TEST_STEP][PASSED] - waitForElementClickable: Object 'Object Repository/PrimoTours/Old Objects/Coco (1)/PrimoT/SaveBooking2/Success/Page_Primo Tours  Danmarks bedste c/nextButtonOnLandingPage' is clickable

2017-12-04 16:06:06 - [MESSAGE][PASSED] - Object 'Object Repository/PrimoTours/Old Objects/Coco (1)/PrimoT/SaveBooking2/Success/Page_Primo Tours  Danmarks bedste c/nextButtonOnLandingPage' is clickable

2017-12-04 16:06:06 - [TEST_STEP][PASSED] - waitForElementVisible: Object 'Object Repository/PrimoTours/Old Objects/Coco (1)/PrimoT/SaveBooking2/Success/Page_Primo Tours  Danmarks bedste c/nextButtonOnLandingPage' is visible

2017-12-04 16:06:07 - [MESSAGE][PASSED] - Object 'Object Repository/PrimoTours/Old Objects/Coco (1)/PrimoT/SaveBooking2/Success/Page_Primo Tours  Danmarks bedste c/nextButtonOnLandingPage' is visible

2017-12-04 16:06:07 - [TEST_STEP][PASSED] - scrollToElement: Scroll to object 'Object Repository/PrimoTours/Old Objects/Coco (1)/PrimoT/SaveBooking2/Success/Page_Primo Tours  Danmarks bedste c/nextButtonOnLandingPage' successfully

2017-12-04 16:06:07 - [MESSAGE][PASSED] - Scroll to object 'Object Repository/PrimoTours/Old Objects/Coco (1)/PrimoT/SaveBooking2/Success/Page_Primo Tours  Danmarks bedste c/nextButtonOnLandingPage' successfully

2017-12-04 16:06:07 - [TEST_STEP][PASSED] - click: Object: 'Object Repository/PrimoTours/Old Objects/Coco (1)/PrimoT/SaveBooking2/Success/Page_Primo Tours  Danmarks bedste c/nextButtonOnLandingPage' is clicked on

2017-12-04 16:06:07 - [MESSAGE][PASSED] - Object: 'Object Repository/PrimoTours/Old Objects/Coco (1)/PrimoT/SaveBooking2/Success/Page_Primo Tours  Danmarks bedste c/nextButtonOnLandingPage' is clicked on

2017-12-04 16:06:07 - [TEST_STEP][PASSED] - delay: Delayed 3 second(s)

2017-12-04 16:06:10 - [MESSAGE][PASSED] - Delayed 3 second(s)

2017-12-04 16:06:10 - [TEST_STEP][PASSED] - waitForElementNotVisible: Object 'Object Repository/PrimoTours/Old Objects/CCenter/pageLoaderOverlayLayer' is NOT visible

2017-12-04 16:06:10 - [MESSAGE][PASSED] - Object 'Object Repository/PrimoTours/Old Objects/CCenter/pageLoaderOverlayLayer' is NOT visible

2017-12-04 16:06:10 - [TEST_STEP][PASSED] - scrollToElement: Scroll to object 'Object Repository/PrimoTours/Old Objects/Coco/PrimoT/Ins2/Page_Primo Tours  Danmarks bedste c/travelInsuranceFirstPaxSelector' successfully

2017-12-04 16:06:10 - [MESSAGE][PASSED] - Scroll to object 'Object Repository/PrimoTours/Old Objects/Coco/PrimoT/Ins2/Page_Primo Tours  Danmarks bedste c/travelInsuranceFirstPaxSelector' successfully

2017-12-04 16:06:10 - [TEST_STEP][PASSED] - waitForElementPresent: Object 'Object Repository/PrimoTours/Old Objects/Coco/PrimoT/Ins2/Page_Primo Tours  Danmarks bedste c/travelInsuranceFirstPaxSelector' is present

2017-12-04 16:06:10 - [MESSAGE][PASSED] - Object 'Object Repository/PrimoTours/Old Objects/Coco/PrimoT/Ins2/Page_Primo Tours  Danmarks bedste c/travelInsuranceFirstPaxSelector' is present

2017-12-04 16:06:10 - [TEST_STEP][PASSED] - waitForElementVisible: Object 'Object Repository/PrimoTours/Old Objects/Coco/PrimoT/Ins2/Page_Primo Tours  Danmarks bedste c/travelInsuranceFirstPaxSelector' is visible

2017-12-04 16:06:10 - [MESSAGE][PASSED] - Object 'Object Repository/PrimoTours/Old Objects/Coco/PrimoT/Ins2/Page_Primo Tours  Danmarks bedste c/travelInsuranceFirstPaxSelector' is visible

2017-12-04 16:06:10 - [TEST_STEP][PASSED] - waitForElementClickable: Object 'Object Repository/PrimoTours/Old Objects/Coco/PrimoT/Ins2/Page_Primo Tours  Danmarks bedste c/travelInsuranceFirstPaxSelector' is clickable

2017-12-04 16:06:10 - [MESSAGE][PASSED] - Object 'Object Repository/PrimoTours/Old Objects/Coco/PrimoT/Ins2/Page_Primo Tours  Danmarks bedste c/travelInsuranceFirstPaxSelector' is clickable

2017-12-04 16:06:10 - [TEST_STEP][PASSED] - click: Object: 'Object Repository/PrimoTours/Old Objects/Coco/PrimoT/Ins2/Page_Primo Tours  Danmarks bedste c/travelInsuranceFirstPaxSelector' is clicked on

2017-12-04 16:06:10 - [MESSAGE][PASSED] - Object: 'Object Repository/PrimoTours/Old Objects/Coco/PrimoT/Ins2/Page_Primo Tours  Danmarks bedste c/travelInsuranceFirstPaxSelector' is clicked on

2017-12-04 16:06:10 - [TEST_STEP][PASSED] - Statement - Try: Object: 'Object Repository/PrimoTours/Old Objects/Coco/PrimoT/Ins2/Page_Primo Tours  Danmarks bedste c/firstTravelInsuranceOption' is clicked on

2017-12-04 16:06:10 - [TEST_STEP][PASSED] - click: Object: 'Object Repository/PrimoTours/Old Objects/Coco/PrimoT/Ins2/Page_Primo Tours  Danmarks bedste c/firstTravelInsuranceOption' is clicked on

2017-12-04 16:06:10 - [MESSAGE][PASSED] - Object: 'Object Repository/PrimoTours/Old Objects/Coco/PrimoT/Ins2/Page_Primo Tours  Danmarks bedste c/firstTravelInsuranceOption' is clicked on

2017-12-04 16:06:10 - [TEST_STEP][NOT_RUN] - click: NOT_RUN: click

2017-12-04 16:06:10 - [MESSAGE][NOT_RUN] - NOT_RUN: click

2017-12-04 16:06:10 - [TEST_STEP][NOT_RUN] - scrollToElement: NOT_RUN: scrollToElement

2017-12-04 16:06:10 - [MESSAGE][NOT_RUN] - NOT_RUN: scrollToElement

2017-12-04 16:06:10 - [TEST_STEP][NOT_RUN] - click: NOT_RUN: click

2017-12-04 16:06:10 - [MESSAGE][NOT_RUN] - NOT_RUN: click

2017-12-04 16:06:10 - [TEST_STEP][PASSED] - waitForElementVisible: Object 'Object Repository/PrimoTours/Old Objects/Coco (1)/PrimoT/SaveBooking2/Page_Primo Tours  Danmarks bedste c/individualInsuranceCheckbox' is visible

2017-12-04 16:06:10 - [MESSAGE][PASSED] - Object 'Object Repository/PrimoTours/Old Objects/Coco (1)/PrimoT/SaveBooking2/Page_Primo Tours  Danmarks bedste c/individualInsuranceCheckbox' is visible

2017-12-04 16:06:10 - [TEST_STEP][PASSED] - scrollToElement: Scroll to object 'Object Repository/PrimoTours/Old Objects/Coco (1)/PrimoT/SaveBooking2/Page_Primo Tours  Danmarks bedste c/individualInsuranceCheckbox' successfully

2017-12-04 16:06:10 - [MESSAGE][PASSED] - Scroll to object 'Object Repository/PrimoTours/Old Objects/Coco (1)/PrimoT/SaveBooking2/Page_Primo Tours  Danmarks bedste c/individualInsuranceCheckbox' successfully

2017-12-04 16:06:10 - [TEST_STEP][PASSED] - click: Object: 'Object Repository/PrimoTours/Old Objects/Coco (1)/PrimoT/SaveBooking2/Page_Primo Tours  Danmarks bedste c/individualInsuranceCheckbox' is clicked on

2017-12-04 16:06:10 - [MESSAGE][PASSED] - Object: 'Object Repository/PrimoTours/Old Objects/Coco (1)/PrimoT/SaveBooking2/Page_Primo Tours  Danmarks bedste c/individualInsuranceCheckbox' is clicked on

2017-12-04 16:06:10 - [TEST_STEP][PASSED] - scrollToElement: Scroll to object 'Object Repository/PrimoTours/Old Objects/Coco (1)/PrimoT/SaveBooking2/Success/firstProdCategIndividualSelectionRadioB' successfully

2017-12-04 16:06:10 - [MESSAGE][PASSED] - Scroll to object 'Object Repository/PrimoTours/Old Objects/Coco (1)/PrimoT/SaveBooking2/Success/firstProdCategIndividualSelectionRadioB' successfully

2017-12-04 16:06:10 - [TEST_STEP][PASSED] - waitForElementClickable: Object 'Object Repository/PrimoTours/Old Objects/Coco (1)/PrimoT/SaveBooking2/Success/firstProdCategIndividualSelectionRadioB' is clickable

2017-12-04 16:06:11 - [MESSAGE][PASSED] - Object 'Object Repository/PrimoTours/Old Objects/Coco (1)/PrimoT/SaveBooking2/Success/firstProdCategIndividualSelectionRadioB' is clickable

2017-12-04 16:06:11 - [TEST_STEP][PASSED] - scrollToElement: Scroll to object 'Object Repository/PrimoTours/Old Objects/Coco (1)/PrimoT/SaveBooking2/Success/firstProdCategIndividualSelectionRadioB' successfully

2017-12-04 16:06:11 - [MESSAGE][PASSED] - Scroll to object 'Object Repository/PrimoTours/Old Objects/Coco (1)/PrimoT/SaveBooking2/Success/firstProdCategIndividualSelectionRadioB' successfully

2017-12-04 16:06:11 - [TEST_STEP][PASSED] - click: Object: 'Object Repository/PrimoTours/Old Objects/Coco (1)/PrimoT/SaveBooking2/Success/firstProdCategIndividualSelectionRadioB' is clicked on

2017-12-04 16:06:11 - [MESSAGE][PASSED] - Object: 'Object Repository/PrimoTours/Old Objects/Coco (1)/PrimoT/SaveBooking2/Success/firstProdCategIndividualSelectionRadioB' is clicked on

2017-12-04 16:06:11 - [TEST_STEP][PASSED] - scrollToElement: Scroll to object 'Object Repository/PrimoTours/Old Objects/Coco (1)/PrimoT/SaveBooking2/Success/firstProdCategSelectForAllPaxCheckbox' successfully

2017-12-04 16:06:11 - [MESSAGE][PASSED] - Scroll to object 'Object Repository/PrimoTours/Old Objects/Coco (1)/PrimoT/SaveBooking2/Success/firstProdCategSelectForAllPaxCheckbox' successfully

2017-12-04 16:06:11 - [TEST_STEP][PASSED] - waitForElementClickable: Object 'Object Repository/PrimoTours/Old Objects/Coco (1)/PrimoT/SaveBooking2/Success/firstProdCategSelectForAllPaxCheckbox' is clickable

2017-12-04 16:06:11 - [MESSAGE][PASSED] - Object 'Object Repository/PrimoTours/Old Objects/Coco (1)/PrimoT/SaveBooking2/Success/firstProdCategSelectForAllPaxCheckbox' is clickable

2017-12-04 16:06:11 - [TEST_STEP][PASSED] - click: Object: 'Object Repository/PrimoTours/Old Objects/Coco (1)/PrimoT/SaveBooking2/Success/firstProdCategSelectForAllPaxCheckbox' is clicked on

2017-12-04 16:06:11 - [MESSAGE][PASSED] - Object: 'Object Repository/PrimoTours/Old Objects/Coco (1)/PrimoT/SaveBooking2/Success/firstProdCategSelectForAllPaxCheckbox' is clicked on

2017-12-04 16:06:11 - [TEST_STEP][NOT_RUN] - scrollToElement: NOT_RUN: scrollToElement

2017-12-04 16:06:11 - [MESSAGE][NOT_RUN] - NOT_RUN: scrollToElement

2017-12-04 16:06:11 - [TEST_STEP][NOT_RUN] - scrollToElement: NOT_RUN: scrollToElement

2017-12-04 16:06:11 - [MESSAGE][NOT_RUN] - NOT_RUN: scrollToElement

2017-12-04 16:06:11 - [TEST_STEP][NOT_RUN] - click: NOT_RUN: click

2017-12-04 16:06:11 - [MESSAGE][NOT_RUN] - NOT_RUN: click

2017-12-04 16:06:11 - [TEST_STEP][PASSED] - scrollToElement: Scroll to object 'Object Repository/PrimoTours/ConfirmationPage/labelForAgreeTermsAndConditions' successfully

2017-12-04 16:06:11 - [MESSAGE][PASSED] - Scroll to object 'Object Repository/PrimoTours/ConfirmationPage/labelForAgreeTermsAndConditions' successfully

2017-12-04 16:06:11 - [TEST_STEP][PASSED] - waitForElementClickable: Object 'Object Repository/PrimoTours/ConfirmationPage/labelForAgreeTermsAndConditions' is clickable

2017-12-04 16:06:11 - [MESSAGE][PASSED] - Object 'Object Repository/PrimoTours/ConfirmationPage/labelForAgreeTermsAndConditions' is clickable

2017-12-04 16:06:11 - [TEST_STEP][PASSED] - click: Object: 'Object Repository/PrimoTours/ConfirmationPage/labelForAgreeTermsAndConditions' is clicked on

2017-12-04 16:06:12 - [MESSAGE][PASSED] - Object: 'Object Repository/PrimoTours/ConfirmationPage/labelForAgreeTermsAndConditions' is clicked on

2017-12-04 16:06:12 - [TEST_STEP][PASSED] - scrollToElement: Scroll to object 'Object Repository/PrimoTours/ConfirmationPage/placeBookingButton' successfully

2017-12-04 16:06:12 - [MESSAGE][PASSED] - Scroll to object 'Object Repository/PrimoTours/ConfirmationPage/placeBookingButton' successfully

2017-12-04 16:06:12 - [TEST_STEP][PASSED] - delay: Delayed 1 second(s)

2017-12-04 16:06:13 - [MESSAGE][PASSED] - Delayed 1 second(s)

2017-12-04 16:06:13 - [TEST_STEP][PASSED] - waitForElementClickable: Object 'Object Repository/PrimoTours/ConfirmationPage/placeBookingButton' is clickable

2017-12-04 16:06:13 - [MESSAGE][PASSED] - Object 'Object Repository/PrimoTours/ConfirmationPage/placeBookingButton' is clickable

2017-12-04 16:06:13 - [TEST_STEP][PASSED] - Statement - Try: Object: 'Object Repository/PrimoTours/ConfirmationPage/placeBookingButton' is clicked on

2017-12-04 16:06:13 - [TEST_STEP][PASSED] - click: Object: 'Object Repository/PrimoTours/ConfirmationPage/placeBookingButton' is clicked on

2017-12-04 16:06:13 - [MESSAGE][PASSED] - Object: 'Object Repository/PrimoTours/ConfirmationPage/placeBookingButton' is clicked on

2017-12-04 16:06:13 - [TEST_STEP][PASSED] - delay: Delayed 3 second(s)

2017-12-04 16:06:16 - [MESSAGE][PASSED] - Delayed 3 second(s)

2017-12-04 16:06:16 - [TEST_STEP][PASSED] - waitForPageLoad: Wait for page load successfully

2017-12-04 16:06:16 - [MESSAGE][PASSED] - Wait for page load successfully

2017-12-04 16:06:16 - [TEST_STEP][PASSED] - delay: Delayed 3 second(s)

2017-12-04 16:06:19 - [MESSAGE][PASSED] - Delayed 3 second(s)

2017-12-04 16:06:19 - [TEST_STEP][PASSED] - waitForElementPresent: Object 'Object Repository/PrimoTours/Old Objects/ThankYouPage/bookingNoContainer' is present

2017-12-04 16:06:21 - [MESSAGE][PASSED] - Object 'Object Repository/PrimoTours/Old Objects/ThankYouPage/bookingNoContainer' is present

2017-12-04 16:06:21 - [TEST_STEP][PASSED] - waitForJQueryLoad: jQuery is ready.

2017-12-04 16:06:21 - [MESSAGE][PASSED] - jQuery is ready.

2017-12-04 16:06:21 - [TEST_STEP][PASSED] - waitForElementPresent: Object 'Object Repository/PrimoTours/Old Objects/CCenter/pageLoaderOverlayLayer' is present

2017-12-04 16:06:21 - [MESSAGE][PASSED] - Object 'Object Repository/PrimoTours/Old Objects/CCenter/pageLoaderOverlayLayer' is present

2017-12-04 16:06:21 - [TEST_STEP][PASSED] - waitForElementPresent: Object 'Object Repository/PrimoTours/Old Objects/CCenter/pageLoaderOverlayLayer' is present

2017-12-04 16:06:21 - [MESSAGE][PASSED] - Object 'Object Repository/PrimoTours/Old Objects/CCenter/pageLoaderOverlayLayer' is present

2017-12-04 16:06:21 - [TEST_STEP][PASSED] - waitForElementNotVisible: Object 'Object Repository/PrimoTours/Old Objects/CCenter/pageLoaderOverlayLayer' is NOT visible

2017-12-04 16:06:22 - [MESSAGE][PASSED] - Object 'Object Repository/PrimoTours/Old Objects/CCenter/pageLoaderOverlayLayer' is NOT visible

2017-12-04 16:06:22 - [TEST_STEP][PASSED] - waitForElementPresent: Object 'Object Repository/PrimoTours/Old Objects/ThankYouPage/bookingNoContainer' is present

2017-12-04 16:06:22 - [MESSAGE][PASSED] - Object 'Object Repository/PrimoTours/Old Objects/ThankYouPage/bookingNoContainer' is present

2017-12-04 16:06:22 - [TEST_STEP][PASSED] - waitForElementClickable: Object 'Object Repository/PrimoTours/Old Objects/ThankYouPage/bookingNoContainer' is clickable

2017-12-04 16:06:22 - [MESSAGE][PASSED] - Object 'Object Repository/PrimoTours/Old Objects/ThankYouPage/bookingNoContainer' is clickable

2017-12-04 16:06:22 - [TEST_STEP][PASSED] - verifyElementVisible: Object 'Object Repository/PrimoTours/Old Objects/ThankYouPage/bookingNoContainer' is visible

2017-12-04 16:06:22 - [MESSAGE][PASSED] - Object 'Object Repository/PrimoTours/Old Objects/ThankYouPage/bookingNoContainer' is visible

2017-12-04 16:06:22 - [TEST_STEP][PASSED] - verifyElementVisible: Object 'Object Repository/PrimoTours/Old Objects/ThankYouPage/bookingTotalInfo' is visible

2017-12-04 16:06:22 - [MESSAGE][PASSED] - Object 'Object Repository/PrimoTours/Old Objects/ThankYouPage/bookingTotalInfo' is visible

2017-12-04 16:06:22 - [TEST_STEP][PASSED] - verifyElementVisible: Object 'Object Repository/PrimoTours/Old Objects/ThankYouPage/bookingTotalPriceBar' is visible

2017-12-04 16:06:22 - [MESSAGE][PASSED] - Object 'Object Repository/PrimoTours/Old Objects/ThankYouPage/bookingTotalPriceBar' is visible

2017-12-04 16:06:22 - [TEST_STEP][PASSED] - verifyElementVisible: Object 'Object Repository/PrimoTours/Old Objects/ThankYouPage/printTicketSpan' is visible

2017-12-04 16:06:22 - [MESSAGE][PASSED] - Object 'Object Repository/PrimoTours/Old Objects/ThankYouPage/printTicketSpan' is visible

2017-12-04 16:06:22 - [TEST_STEP][PASSED] - waitForElementClickable: Object 'Object Repository/PrimoTours/Old Objects/ThankYouPage/printTicketSpan' is clickable

2017-12-04 16:06:22 - [MESSAGE][PASSED] - Object 'Object Repository/PrimoTours/Old Objects/ThankYouPage/printTicketSpan' is clickable

2017-12-04 16:06:22 - [TEST_STEP][PASSED] - waitForElementNotVisible: Object 'Object Repository/PrimoTours/Old Objects/CCenter/pageLoaderOverlayLayer' is NOT visible

2017-12-04 16:06:22 - [MESSAGE][PASSED] - Object 'Object Repository/PrimoTours/Old Objects/CCenter/pageLoaderOverlayLayer' is NOT visible

2017-12-04 16:06:22 - [TEST_STEP][PASSED] - Statement - Try: Object: 'Object Repository/PrimoTours/Old Objects/ThankYouPage/printTicketSpan' is clicked on

2017-12-04 16:06:22 - [TEST_STEP][PASSED] - click: Object: 'Object Repository/PrimoTours/Old Objects/ThankYouPage/printTicketSpan' is clicked on

2017-12-04 16:06:27 - [MESSAGE][PASSED] - Object: 'Object Repository/PrimoTours/Old Objects/ThankYouPage/printTicketSpan' is clicked on

2017-12-04 16:06:27 - [TEST_STEP][PASSED] - delay: Delayed 2 second(s)

2017-12-04 16:06:29 - [MESSAGE][PASSED] - Delayed 2 second(s)

2017-12-04 16:06:29 - [TEST_STEP][PASSED] - waitForElementVisible: Object 'Object Repository/PrimoTours/Old Objects/ThankYouPage/cCenterButton' is visible

2017-12-04 16:06:29 - [MESSAGE][PASSED] - Object 'Object Repository/PrimoTours/Old Objects/ThankYouPage/cCenterButton' is visible

2017-12-04 16:06:29 - [TEST_STEP][PASSED] - waitForElementClickable: Object 'Object Repository/PrimoTours/Old Objects/ThankYouPage/cCenterButton' is clickable

2017-12-04 16:06:29 - [MESSAGE][PASSED] - Object 'Object Repository/PrimoTours/Old Objects/ThankYouPage/cCenterButton' is clickable

2017-12-04 16:06:29 - [TEST_STEP][PASSED] - click: Object: 'Object Repository/PrimoTours/Old Objects/ThankYouPage/cCenterButton' is clicked on

2017-12-04 16:06:29 - [MESSAGE][PASSED] - Object: 'Object Repository/PrimoTours/Old Objects/ThankYouPage/cCenterButton' is clicked on

2017-12-04 16:06:29 - [TEST_STEP][PASSED] - waitForPageLoad: Wait for page load successfully

2017-12-04 16:06:29 - [MESSAGE][PASSED] - Wait for page load successfully

2017-12-04 16:06:29 - [TEST_STEP][PASSED] - waitForJQueryLoad: jQuery is ready.

2017-12-04 16:06:29 - [MESSAGE][PASSED] - jQuery is ready.

2017-12-04 16:06:29 - [TEST_STEP][PASSED] - waitForElementPresent: Object 'Object Repository/PrimoTours/Old Objects/CCenter/pageLoaderOverlayLayer' is present

2017-12-04 16:06:29 - [MESSAGE][PASSED] - Object 'Object Repository/PrimoTours/Old Objects/CCenter/pageLoaderOverlayLayer' is present

2017-12-04 16:06:29 - [TEST_STEP][PASSED] - waitForElementNotVisible: Object 'Object Repository/PrimoTours/Old Objects/CCenter/pageLoaderOverlayLayer' is NOT visible

2017-12-04 16:06:29 - [MESSAGE][PASSED] - Object 'Object Repository/PrimoTours/Old Objects/CCenter/pageLoaderOverlayLayer' is NOT visible

2017-12-04 16:06:29 - [TEST_STEP][PASSED] - verifyElementVisible: Object 'Object Repository/PrimoTours/Old Objects/ThankYouPage/bookingNoContainer' is visible

2017-12-04 16:06:29 - [MESSAGE][PASSED] - Object 'Object Repository/PrimoTours/Old Objects/ThankYouPage/bookingNoContainer' is visible

2017-12-04 16:06:29 - [TEST_STEP][PASSED] - verifyElementVisible: Object 'Object Repository/PrimoTours/Old Objects/ThankYouPage/bookingTotalPriceBar' is visible

2017-12-04 16:06:30 - [MESSAGE][PASSED] - Object 'Object Repository/PrimoTours/Old Objects/ThankYouPage/bookingTotalPriceBar' is visible

2017-12-04 16:06:30 - [TEST_STEP][PASSED] - delay: Delayed 1 second(s)

2017-12-04 16:06:31 - [MESSAGE][PASSED] - Delayed 1 second(s)]]></system-out>
         <system-err><![CDATA[]]></system-err>
      </testcase>
      <system-out><![CDATA[2017-12-04 15:57:31 - [TEST_SUITE][FAILED] - WB Primo From Excel URLs: Test Cases/PrimoTours/WB Primo/WB Primo staging - place booking FAILED because (of) Unable to click on object 'Object Repository/PrimoTours/Old Objects/Coco/PrimoT/Ins2/Page_Primo Tours  Danmarks bedste c/travelInsuranceFirstPaxSelector' (Root cause: org.openqa.selenium.WebDriverException: unknown error: Element <span class="select2-selection__rendered" id="select2-ddlInsurance-sk-container" title="...">Vælg forsikring</span> is not clickable at point (854, 19). Other element would receive the click: <div class="col-md-9">...</div>
  (Session info: chrome=62.0.3202.94)
  (Driver info: chromedriver=2.33.506120 (e3e53437346286c0bc2d2dc9aa4915ba81d9023f),platform=Windows NT 6.3.9600 x86_64) (WARNING: The server did not provide any stacktrace information)
Command duration or timeout: 0 milliseconds
Build info: version: '3.7.1', revision: '8a0099a', time: '2017-11-06T21:07:36.161Z'
System info: host: 'NEACSUNEW-PC', ip: '10.10.10.211', os.name: 'Windows 8.1', os.arch: 'amd64', os.version: '6.3', java.version: '1.8.0_102'
Driver info: com.kms.katalon.selenium.driver.CChromeDriver
Capabilities {acceptSslCerts: true, applicationCacheEnabled: false, browserConnectionEnabled: false, browserName: chrome, chrome: {chromedriverVersion: 2.33.506120 (e3e53437346286..., userDataDir: C:\Users\Cornel\AppData\Loc...}, cssSelectorsEnabled: true, databaseEnabled: false, handlesAlerts: true, hasTouchScreen: false, javascriptEnabled: true, locationContextEnabled: true, mobileEmulationEnabled: false, nativeEvents: true, networkConnectionEnabled: false, pageLoadStrategy: normal, platform: XP, platformName: XP, rotatable: false, setWindowRect: true, takesHeapSnapshot: true, takesScreenshot: true, unexpectedAlertBehaviour: , unhandledPromptBehavior: , version: 62.0.3202.94, webStorageEnabled: true}
Session ID: 859a56eb311e612f064a688be7ec195c)]]></system-out>
      <system-err><![CDATA[2017-12-04 15:57:31 - [TEST_SUITE][FAILED] - WB Primo From Excel URLs: Test Cases/PrimoTours/WB Primo/WB Primo staging - place booking FAILED because (of) Unable to click on object 'Object Repository/PrimoTours/Old Objects/Coco/PrimoT/Ins2/Page_Primo Tours  Danmarks bedste c/travelInsuranceFirstPaxSelector' (Root cause: org.openqa.selenium.WebDriverException: unknown error: Element <span class="select2-selection__rendered" id="select2-ddlInsurance-sk-container" title="...">Vælg forsikring</span> is not clickable at point (854, 19). Other element would receive the click: <div class="col-md-9">...</div>
  (Session info: chrome=62.0.3202.94)
  (Driver info: chromedriver=2.33.506120 (e3e53437346286c0bc2d2dc9aa4915ba81d9023f),platform=Windows NT 6.3.9600 x86_64) (WARNING: The server did not provide any stacktrace information)
Command duration or timeout: 0 milliseconds
Build info: version: '3.7.1', revision: '8a0099a', time: '2017-11-06T21:07:36.161Z'
System info: host: 'NEACSUNEW-PC', ip: '10.10.10.211', os.name: 'Windows 8.1', os.arch: 'amd64', os.version: '6.3', java.version: '1.8.0_102'
Driver info: com.kms.katalon.selenium.driver.CChromeDriver
Capabilities {acceptSslCerts: true, applicationCacheEnabled: false, browserConnectionEnabled: false, browserName: chrome, chrome: {chromedriverVersion: 2.33.506120 (e3e53437346286..., userDataDir: C:\Users\Cornel\AppData\Loc...}, cssSelectorsEnabled: true, databaseEnabled: false, handlesAlerts: true, hasTouchScreen: false, javascriptEnabled: true, locationContextEnabled: true, mobileEmulationEnabled: false, nativeEvents: true, networkConnectionEnabled: false, pageLoadStrategy: normal, platform: XP, platformName: XP, rotatable: false, setWindowRect: true, takesHeapSnapshot: true, takesScreenshot: true, unexpectedAlertBehaviour: , unhandledPromptBehavior: , version: 62.0.3202.94, webStorageEnabled: true}
Session ID: 859a56eb311e612f064a688be7ec195c)]]></system-err>
   </testsuite>
</testsuites>
