<?xml version="1.0" encoding="UTF-8"?>
<testsuites name="Primo Tours" time="61" tests="2" failures="1" errors="0">
   <testsuite name="Primo Tours" tests="2" failures="1" errors="0" time="61" timestamp="2017-10-27 10:14:55" hostname="Cornel - NEACSUNEW-PC.zlin.roweb.ro" id="Test Suites/Primo Tours">
      <properties>
         <property name="deviceName" value=""/>
         <property name="devicePlatform" value=""/>
         <property name="logFolder" value="C:\\Users\\Cornel\\Katalon Studio\\Primo WB test\\Reports\\Primo Tours\\20171027_101451"/>
         <property name="logFiles" value="C:\\Users\\Cornel\\Katalon Studio\\Primo WB test\\Reports\\Primo Tours\\20171027_101451\\execution0.log"/>
         <property name="attachments" value=""/>
         <property name="hostName" value="Cornel - NEACSUNEW-PC.zlin.roweb.ro"/>
         <property name="os" value="Windows 8.1 64bit"/>
         <property name="katalonVersion" value="4.8.0.2"/>
         <property name="browser" value="Chrome 61.0.3163.100"/>
         <property name="hostAddress" value="10.10.10.211"/>
         <property name="sessionId" value="0f3937f74b0bb29eabb0e6f5e817602f"/>
         <property name="seleniumVersion" value="2.53.0"/>
         <property name="proxyInformation" value="ProxyInformation{proxyOption=NO_PROXY, proxyServerType=, password=, proxyServerAddress=, proxyServerPort=0}"/>
         <property name="platform" value="Windows 8.1"/>
      </properties>
      <testcase name="Test Cases/PrimoTours - place a booking with no payment" classname="Test Cases/PrimoTours - place a booking with no payment" status="PASSED">
         <system-out><![CDATA[2017-10-27 10:14:55 - [TEST_CASE][PASSED] - Test Cases/PrimoTours - place a booking with no payment: Test Cases/PrimoTours - place a booking with no payment

2017-10-27 10:14:56 - [TEST_STEP][PASSED] - openBrowser: Browser is opened with url: ''

2017-10-27 10:15:01 - [MESSAGE][PASSED] - Browser is opened with url: ''

2017-10-27 10:15:01 - [TEST_STEP][PASSED] - maximizeWindow: Current window maximized

2017-10-27 10:15:02 - [MESSAGE][PASSED] - Current window maximized

2017-10-27 10:15:02 - [TEST_STEP][PASSED] - navigateToUrl: Navigate to 'https://www.primotours.dk/' successfully

2017-10-27 10:15:08 - [MESSAGE][PASSED] - Navigate to 'https://www.primotours.dk/' successfully

2017-10-27 10:15:08 - [TEST_STEP][PASSED] - waitForPageLoad: Wait for page load successfully

2017-10-27 10:15:08 - [MESSAGE][PASSED] - Wait for page load successfully

2017-10-27 10:15:08 - [TEST_STEP][PASSED] - scrollToElement: Scroll to object 'Object Repository/Coco/PrimoT/Page_Charter rejser med Primo Tours/span_jquery-select-trigger-arr' successfully

2017-10-27 10:15:08 - [MESSAGE][PASSED] - Scroll to object 'Object Repository/Coco/PrimoT/Page_Charter rejser med Primo Tours/span_jquery-select-trigger-arr' successfully

2017-10-27 10:15:08 - [TEST_STEP][PASSED] - waitForElementClickable: Object 'Object Repository/Coco/PrimoT/Page_Charter rejser med Primo Tours/span_jquery-select-trigger-arr' is clickable

2017-10-27 10:15:08 - [MESSAGE][PASSED] - Object 'Object Repository/Coco/PrimoT/Page_Charter rejser med Primo Tours/span_jquery-select-trigger-arr' is clickable

2017-10-27 10:15:08 - [TEST_STEP][PASSED] - click: Object: 'Object Repository/Coco/PrimoT/Page_Charter rejser med Primo Tours/span_jquery-select-trigger-arr' is clicked on

2017-10-27 10:15:08 - [MESSAGE][PASSED] - Object: 'Object Repository/Coco/PrimoT/Page_Charter rejser med Primo Tours/span_jquery-select-trigger-arr' is clicked on

2017-10-27 10:15:08 - [TEST_STEP][PASSED] - click: Object: 'Object Repository/Coco/PrimoT/Page_Charter rejser med Primo Tours/a_Kreta' is clicked on

2017-10-27 10:15:12 - [MESSAGE][PASSED] - Object: 'Object Repository/Coco/PrimoT/Page_Charter rejser med Primo Tours/a_Kreta' is clicked on

2017-10-27 10:15:12 - [TEST_STEP][PASSED] - click: Object: 'Object Repository/Coco/PrimoT/Page_Charter rejser med Primo Tours/button_Find drmmerejsen' is clicked on

2017-10-27 10:15:16 - [MESSAGE][PASSED] - Object: 'Object Repository/Coco/PrimoT/Page_Charter rejser med Primo Tours/button_Find drmmerejsen' is clicked on

2017-10-27 10:15:16 - [TEST_STEP][PASSED] - waitForPageLoad: Wait for page load successfully

2017-10-27 10:15:16 - [MESSAGE][PASSED] - Wait for page load successfully

2017-10-27 10:15:16 - [TEST_STEP][NOT_RUN] - waitForElementClickable: NOT_RUN: waitForElementClickable

2017-10-27 10:15:16 - [MESSAGE][NOT_RUN] - NOT_RUN: waitForElementClickable

2017-10-27 10:15:16 - [TEST_STEP][NOT_RUN] - scrollToElement: NOT_RUN: scrollToElement

2017-10-27 10:15:16 - [MESSAGE][NOT_RUN] - NOT_RUN: scrollToElement

2017-10-27 10:15:16 - [TEST_STEP][PASSED] - waitForElementVisible: Object 'Object Repository/Coco/PrimoT/SaveBooking2/Success/a_Book her' is visible

2017-10-27 10:15:20 - [MESSAGE][PASSED] - Object 'Object Repository/Coco/PrimoT/SaveBooking2/Success/a_Book her' is visible

2017-10-27 10:15:20 - [TEST_STEP][PASSED] - waitForElementClickable: Object 'Object Repository/Coco/PrimoT/SaveBooking2/Success/a_Book her' is clickable

2017-10-27 10:15:24 - [MESSAGE][PASSED] - Object 'Object Repository/Coco/PrimoT/SaveBooking2/Success/a_Book her' is clickable

2017-10-27 10:15:24 - [TEST_STEP][NOT_RUN] - scrollToElement: NOT_RUN: scrollToElement

2017-10-27 10:15:24 - [MESSAGE][NOT_RUN] - NOT_RUN: scrollToElement

2017-10-27 10:15:24 - [TEST_STEP][PASSED] - click: Object: 'Object Repository/Coco/PrimoT/SaveBooking2/Success/a_Book her' is clicked on

2017-10-27 10:15:28 - [MESSAGE][PASSED] - Object: 'Object Repository/Coco/PrimoT/SaveBooking2/Success/a_Book her' is clicked on

2017-10-27 10:15:28 - [TEST_STEP][PASSED] - switchToWindowTitle: Switched to window with title: 'Primo Tours – Danmarks bedste charterbureau'

2017-10-27 10:15:32 - [MESSAGE][PASSED] - Switched to window with title: 'Primo Tours – Danmarks bedste charterbureau'

2017-10-27 10:15:32 - [TEST_STEP][PASSED] - setText: Text 'Cornel' is set on object 'Object Repository/Coco/PrimoT/Page_Primo Tours  Danmarks bedste c/input_firstName'

2017-10-27 10:15:33 - [MESSAGE][PASSED] - Text 'Cornel' is set on object 'Object Repository/Coco/PrimoT/Page_Primo Tours  Danmarks bedste c/input_firstName'

2017-10-27 10:15:33 - [TEST_STEP][PASSED] - setText: Text 'Neacsu' is set on object 'Object Repository/Coco/PrimoT/Page_Primo Tours  Danmarks bedste c/input_lastName'

2017-10-27 10:15:33 - [MESSAGE][PASSED] - Text 'Neacsu' is set on object 'Object Repository/Coco/PrimoT/Page_Primo Tours  Danmarks bedste c/input_lastName'

2017-10-27 10:15:33 - [TEST_STEP][PASSED] - setText: Text 'Home address' is set on object 'Object Repository/Coco/PrimoT/Page_Primo Tours  Danmarks bedste c/input_customerAddress'

2017-10-27 10:15:34 - [MESSAGE][PASSED] - Text 'Home address' is set on object 'Object Repository/Coco/PrimoT/Page_Primo Tours  Danmarks bedste c/input_customerAddress'

2017-10-27 10:15:34 - [TEST_STEP][PASSED] - setText: Text '6700' is set on object 'Object Repository/Coco/PrimoT/Page_Primo Tours  Danmarks bedste c/input_customerPostcode'

2017-10-27 10:15:34 - [MESSAGE][PASSED] - Text '6700' is set on object 'Object Repository/Coco/PrimoT/Page_Primo Tours  Danmarks bedste c/input_customerPostcode'

2017-10-27 10:15:34 - [TEST_STEP][PASSED] - setText: Text 'cornel.neacsu@roweb.ro' is set on object 'Object Repository/Coco/PrimoT/Page_Primo Tours  Danmarks bedste c/input_customerEmail'

2017-10-27 10:15:35 - [MESSAGE][PASSED] - Text 'cornel.neacsu@roweb.ro' is set on object 'Object Repository/Coco/PrimoT/Page_Primo Tours  Danmarks bedste c/input_customerEmail'

2017-10-27 10:15:35 - [TEST_STEP][PASSED] - setText: Text '12345678' is set on object 'Object Repository/Coco/PrimoT/Page_Primo Tours  Danmarks bedste c/input_customerPhone'

2017-10-27 10:15:36 - [MESSAGE][PASSED] - Text '12345678' is set on object 'Object Repository/Coco/PrimoT/Page_Primo Tours  Danmarks bedste c/input_customerPhone'

2017-10-27 10:15:36 - [TEST_STEP][PASSED] - setText: Text 'FirstName of passenger' is set on object 'Object Repository/Coco/PrimoT/Page_Primo Tours  Danmarks bedste c/input_firstname-0_1'

2017-10-27 10:15:37 - [MESSAGE][PASSED] - Text 'FirstName of passenger' is set on object 'Object Repository/Coco/PrimoT/Page_Primo Tours  Danmarks bedste c/input_firstname-0_1'

2017-10-27 10:15:37 - [TEST_STEP][PASSED] - setText: Text 'Last name of passenger' is set on object 'Object Repository/Coco/PrimoT/Page_Primo Tours  Danmarks bedste c/input_lastname0_1'

2017-10-27 10:15:37 - [MESSAGE][PASSED] - Text 'Last name of passenger' is set on object 'Object Repository/Coco/PrimoT/Page_Primo Tours  Danmarks bedste c/input_lastname0_1'

2017-10-27 10:15:37 - [TEST_STEP][PASSED] - scrollToElement: Scroll to object 'Object Repository/Coco/PrimoT/Page_Primo Tours  Danmarks bedste c/Page_Primo Tours  Danmarks bedste c/Page_Primo Tours  Danmarks bedste c/i_fa fa-arrow-circle-right' successfully

2017-10-27 10:15:37 - [MESSAGE][PASSED] - Scroll to object 'Object Repository/Coco/PrimoT/Page_Primo Tours  Danmarks bedste c/Page_Primo Tours  Danmarks bedste c/Page_Primo Tours  Danmarks bedste c/i_fa fa-arrow-circle-right' successfully

2017-10-27 10:15:37 - [TEST_STEP][PASSED] - waitForElementClickable: Object 'Object Repository/Coco/PrimoT/Page_Primo Tours  Danmarks bedste c/Page_Primo Tours  Danmarks bedste c/Page_Primo Tours  Danmarks bedste c/i_fa fa-arrow-circle-right' is clickable

2017-10-27 10:15:38 - [MESSAGE][PASSED] - Object 'Object Repository/Coco/PrimoT/Page_Primo Tours  Danmarks bedste c/Page_Primo Tours  Danmarks bedste c/Page_Primo Tours  Danmarks bedste c/i_fa fa-arrow-circle-right' is clickable

2017-10-27 10:15:38 - [TEST_STEP][PASSED] - waitForElementVisible: Object 'Object Repository/Coco/PrimoT/Page_Primo Tours  Danmarks bedste c/Page_Primo Tours  Danmarks bedste c/Page_Primo Tours  Danmarks bedste c/i_fa fa-arrow-circle-right' is visible

2017-10-27 10:15:38 - [MESSAGE][PASSED] - Object 'Object Repository/Coco/PrimoT/Page_Primo Tours  Danmarks bedste c/Page_Primo Tours  Danmarks bedste c/Page_Primo Tours  Danmarks bedste c/i_fa fa-arrow-circle-right' is visible

2017-10-27 10:15:38 - [TEST_STEP][PASSED] - click: Object: 'Object Repository/Coco/PrimoT/Page_Primo Tours  Danmarks bedste c/Page_Primo Tours  Danmarks bedste c/Page_Primo Tours  Danmarks bedste c/i_fa fa-arrow-circle-right' is clicked on

2017-10-27 10:15:38 - [MESSAGE][PASSED] - Object: 'Object Repository/Coco/PrimoT/Page_Primo Tours  Danmarks bedste c/Page_Primo Tours  Danmarks bedste c/Page_Primo Tours  Danmarks bedste c/i_fa fa-arrow-circle-right' is clicked on

2017-10-27 10:15:38 - [TEST_STEP][PASSED] - waitForElementPresent: Object 'Object Repository/Coco/PrimoT/Ins2/Page_Primo Tours  Danmarks bedste c/span_Vlg forsikring' is present

2017-10-27 10:15:40 - [MESSAGE][PASSED] - Object 'Object Repository/Coco/PrimoT/Ins2/Page_Primo Tours  Danmarks bedste c/span_Vlg forsikring' is present

2017-10-27 10:15:40 - [TEST_STEP][PASSED] - click: Object: 'Object Repository/Coco/PrimoT/Ins2/Page_Primo Tours  Danmarks bedste c/span_Vlg forsikring' is clicked on

2017-10-27 10:15:41 - [MESSAGE][PASSED] - Object: 'Object Repository/Coco/PrimoT/Ins2/Page_Primo Tours  Danmarks bedste c/span_Vlg forsikring' is clicked on

2017-10-27 10:15:41 - [TEST_STEP][PASSED] - click: Object: 'Object Repository/Coco/PrimoT/Ins2/Page_Primo Tours  Danmarks bedste c/li_Har selv forsikring - kr. 0' is clicked on

2017-10-27 10:15:41 - [MESSAGE][PASSED] - Object: 'Object Repository/Coco/PrimoT/Ins2/Page_Primo Tours  Danmarks bedste c/li_Har selv forsikring - kr. 0' is clicked on

2017-10-27 10:15:41 - [TEST_STEP][NOT_RUN] - click: NOT_RUN: click

2017-10-27 10:15:41 - [MESSAGE][NOT_RUN] - NOT_RUN: click

2017-10-27 10:15:41 - [TEST_STEP][NOT_RUN] - scrollToElement: NOT_RUN: scrollToElement

2017-10-27 10:15:41 - [MESSAGE][NOT_RUN] - NOT_RUN: scrollToElement

2017-10-27 10:15:41 - [TEST_STEP][NOT_RUN] - click: NOT_RUN: click

2017-10-27 10:15:41 - [MESSAGE][NOT_RUN] - NOT_RUN: click

2017-10-27 10:15:41 - [TEST_STEP][PASSED] - scrollToElement: Scroll to object 'Object Repository/Coco/PrimoT/SaveBooking2/Page_Primo Tours  Danmarks bedste c/a_toggle checkbox kalypto' successfully

2017-10-27 10:15:42 - [MESSAGE][PASSED] - Scroll to object 'Object Repository/Coco/PrimoT/SaveBooking2/Page_Primo Tours  Danmarks bedste c/a_toggle checkbox kalypto' successfully

2017-10-27 10:15:42 - [TEST_STEP][PASSED] - waitForElementVisible: Object 'Object Repository/Coco/PrimoT/SaveBooking2/Page_Primo Tours  Danmarks bedste c/a_toggle checkbox kalypto' is visible

2017-10-27 10:15:42 - [MESSAGE][PASSED] - Object 'Object Repository/Coco/PrimoT/SaveBooking2/Page_Primo Tours  Danmarks bedste c/a_toggle checkbox kalypto' is visible

2017-10-27 10:15:42 - [TEST_STEP][PASSED] - click: Object: 'Object Repository/Coco/PrimoT/SaveBooking2/Page_Primo Tours  Danmarks bedste c/a_toggle checkbox kalypto' is clicked on

2017-10-27 10:15:42 - [MESSAGE][PASSED] - Object: 'Object Repository/Coco/PrimoT/SaveBooking2/Page_Primo Tours  Danmarks bedste c/a_toggle checkbox kalypto' is clicked on

2017-10-27 10:15:42 - [TEST_STEP][PASSED] - scrollToElement: Scroll to object 'Object Repository/Coco/PrimoT/SaveBooking2/Success/a_toggle radio kalypto' successfully

2017-10-27 10:15:42 - [MESSAGE][PASSED] - Scroll to object 'Object Repository/Coco/PrimoT/SaveBooking2/Success/a_toggle radio kalypto' successfully

2017-10-27 10:15:42 - [TEST_STEP][PASSED] - click: Object: 'Object Repository/Coco/PrimoT/SaveBooking2/Success/a_toggle radio kalypto' is clicked on

2017-10-27 10:15:43 - [MESSAGE][PASSED] - Object: 'Object Repository/Coco/PrimoT/SaveBooking2/Success/a_toggle radio kalypto' is clicked on

2017-10-27 10:15:43 - [TEST_STEP][PASSED] - scrollToElement: Scroll to object 'Object Repository/Coco/PrimoT/SaveBooking2/Success/a_toggle checkbox kalypto (1)' successfully

2017-10-27 10:15:43 - [MESSAGE][PASSED] - Scroll to object 'Object Repository/Coco/PrimoT/SaveBooking2/Success/a_toggle checkbox kalypto (1)' successfully

2017-10-27 10:15:43 - [TEST_STEP][PASSED] - click: Object: 'Object Repository/Coco/PrimoT/SaveBooking2/Success/a_toggle checkbox kalypto (1)' is clicked on

2017-10-27 10:15:44 - [MESSAGE][PASSED] - Object: 'Object Repository/Coco/PrimoT/SaveBooking2/Success/a_toggle checkbox kalypto (1)' is clicked on

2017-10-27 10:15:44 - [TEST_STEP][NOT_RUN] - scrollToElement: NOT_RUN: scrollToElement

2017-10-27 10:15:44 - [MESSAGE][NOT_RUN] - NOT_RUN: scrollToElement

2017-10-27 10:15:44 - [TEST_STEP][NOT_RUN] - scrollToElement: NOT_RUN: scrollToElement

2017-10-27 10:15:44 - [MESSAGE][NOT_RUN] - NOT_RUN: scrollToElement

2017-10-27 10:15:44 - [TEST_STEP][NOT_RUN] - click: NOT_RUN: click

2017-10-27 10:15:44 - [MESSAGE][NOT_RUN] - NOT_RUN: click

2017-10-27 10:15:44 - [TEST_STEP][PASSED] - scrollToElement: Scroll to object 'Object Repository/Coco/PrimoT/SaveBooking2/Success/a_toggle checkbox kalypto' successfully

2017-10-27 10:15:44 - [MESSAGE][PASSED] - Scroll to object 'Object Repository/Coco/PrimoT/SaveBooking2/Success/a_toggle checkbox kalypto' successfully

2017-10-27 10:15:44 - [TEST_STEP][PASSED] - click: Object: 'Object Repository/Coco/PrimoT/SaveBooking2/Success/a_toggle checkbox kalypto' is clicked on

2017-10-27 10:15:44 - [MESSAGE][PASSED] - Object: 'Object Repository/Coco/PrimoT/SaveBooking2/Success/a_toggle checkbox kalypto' is clicked on

2017-10-27 10:15:44 - [TEST_STEP][PASSED] - scrollToElement: Scroll to object 'Object Repository/Coco/PrimoT/SaveBooking2/Page_Primo Tours  Danmarks bedste c/a_btn btn-success col-xs-12 st' successfully

2017-10-27 10:15:44 - [MESSAGE][PASSED] - Scroll to object 'Object Repository/Coco/PrimoT/SaveBooking2/Page_Primo Tours  Danmarks bedste c/a_btn btn-success col-xs-12 st' successfully

2017-10-27 10:15:44 - [TEST_STEP][PASSED] - waitForElementClickable: Object 'Object Repository/Coco/PrimoT/SaveBooking2/Page_Primo Tours  Danmarks bedste c/a_btn btn-success col-xs-12 st' is clickable

2017-10-27 10:15:45 - [MESSAGE][PASSED] - Object 'Object Repository/Coco/PrimoT/SaveBooking2/Page_Primo Tours  Danmarks bedste c/a_btn btn-success col-xs-12 st' is clickable

2017-10-27 10:15:45 - [TEST_STEP][NOT_RUN] - click: NOT_RUN: click

2017-10-27 10:15:45 - [MESSAGE][NOT_RUN] - NOT_RUN: click

2017-10-27 10:15:45 - [TEST_STEP][NOT_RUN] - closeBrowser: NOT_RUN: closeBrowser

2017-10-27 10:15:45 - [MESSAGE][NOT_RUN] - NOT_RUN: closeBrowser]]></system-out>
         <system-err><![CDATA[]]></system-err>
      </testcase>
      <testcase name="Test Cases/Main Test Cases/TC1_Verify Successful Login" classname="Test Cases/Main Test Cases/TC1_Verify Successful Login" status="PASSED">
         <system-out><![CDATA[2017-10-27 10:15:45 - [TEST_CASE][PASSED] - Test Cases/Main Test Cases/TC1_Verify Successful Login: Test Cases/Main Test Cases/TC1_Verify Successful Login

2017-10-27 10:15:45 - [TEST_STEP][PASSED] - comment: Story: Login to CURA system

2017-10-27 10:15:45 - [TEST_STEP][PASSED] - comment: Given that the user has the valid login information

2017-10-27 10:15:45 - [TEST_STEP][PASSED] - openBrowser: Browser is opened with url: 'http://demoaut.katalon.com'

2017-10-27 10:15:45 - [MESSAGE][WARNING] - A browser is already opened. Closing browser and opening a new one

2017-10-27 10:15:51 - [MESSAGE][PASSED] - Browser is opened with url: 'http://demoaut.katalon.com'

2017-10-27 10:15:51 - [TEST_STEP][PASSED] - click: Object: 'Object Repository/Page_CuraHomepage/btn_MakeAppointment' is clicked on

2017-10-27 10:15:52 - [MESSAGE][PASSED] - Object: 'Object Repository/Page_CuraHomepage/btn_MakeAppointment' is clicked on

2017-10-27 10:15:52 - [TEST_STEP][PASSED] - setText: Text 'John Doe' is set on object 'Object Repository/Page_Login/txt_UserName'

2017-10-27 10:15:53 - [MESSAGE][PASSED] - Text 'John Doe' is set on object 'Object Repository/Page_Login/txt_UserName'

2017-10-27 10:15:53 - [TEST_STEP][PASSED] - setText: Text 'ThisIsNotAPassword' is set on object 'Object Repository/Page_Login/txt_Password'

2017-10-27 10:15:54 - [MESSAGE][PASSED] - Text 'ThisIsNotAPassword' is set on object 'Object Repository/Page_Login/txt_Password'

2017-10-27 10:15:54 - [TEST_STEP][PASSED] - comment: When he logins to CURA system

2017-10-27 10:15:54 - [TEST_STEP][PASSED] - click: Object: 'Object Repository/Page_Login/btn_Login' is clicked on

2017-10-27 10:15:55 - [MESSAGE][PASSED] - Object: 'Object Repository/Page_Login/btn_Login' is clicked on

2017-10-27 10:15:55 - [TEST_STEP][PASSED] - comment: Then he should be able to login successfully

2017-10-27 10:15:55 - [TEST_STEP][PASSED] - Statement - landingPage = com.kms.katalon.core.webui.keyword.WebUiBuiltInKeywords.verifyElementPresent(com.kms.katalon.core.testobject.ObjectRepository.findTestObject(Page_CuraAppointment/div_Appointment), G_Timeout): Object 'Object Repository/Page_CuraAppointment/div_Appointment' is present

2017-10-27 10:15:55 - [MESSAGE][PASSED] - Object 'Object Repository/Page_CuraAppointment/div_Appointment' is present

2017-10-27 10:15:55 - [TEST_STEP][PASSED] - closeBrowser: Browser is closed

2017-10-27 10:15:56 - [MESSAGE][PASSED] - Browser is closed]]></system-out>
         <system-err><![CDATA[]]></system-err>
      </testcase>
      <testcase name="Test Cases/Common Test Cases/Login" classname="Test Cases/Common Test Cases/Login" status="FAILED">
         <failure type="FAILED" message="Unable to click on object 'Object Repository/Page_CuraHomepage/btn_MakeAppointment' (Root cause: com.kms.katalon.core.webui.exception.BrowserNotOpenedException: Browser is not opened
Build info: version: '2.53.0', revision: '35ae25b', time: '2016-03-15 17:00:58'
System info: host: 'NEACSUNEW-PC', ip: '10.10.10.211', os.name: 'Windows 8.1', os.arch: 'amd64', os.version: '6.3', java.version: '1.8.0_102'
Driver info: driver.version: unknown)"/>
         <system-out><![CDATA[2017-10-27 10:15:56 - [TEST_CASE][FAILED] - Test Cases/Common Test Cases/Login: Test Cases/Common Test Cases/Login FAILED because (of) Unable to click on object 'Object Repository/Page_CuraHomepage/btn_MakeAppointment' (Root cause: com.kms.katalon.core.webui.exception.BrowserNotOpenedException: Browser is not opened
Build info: version: '2.53.0', revision: '35ae25b', time: '2016-03-15 17:00:58'
System info: host: 'NEACSUNEW-PC', ip: '10.10.10.211', os.name: 'Windows 8.1', os.arch: 'amd64', os.version: '6.3', java.version: '1.8.0_102'
Driver info: driver.version: unknown)

2017-10-27 10:15:57 - [TEST_STEP][FAILED] - click: Unable to click on object 'Object Repository/Page_CuraHomepage/btn_MakeAppointment' (Root cause: com.kms.katalon.core.webui.exception.BrowserNotOpenedException: Browser is not opened
Build info: version: '2.53.0', revision: '35ae25b', time: '2016-03-15 17:00:58'
System info: host: 'NEACSUNEW-PC', ip: '10.10.10.211', os.name: 'Windows 8.1', os.arch: 'amd64', os.version: '6.3', java.version: '1.8.0_102'
Driver info: driver.version: unknown)

2017-10-27 10:15:57 - [MESSAGE][WARNING] - Cannot take screenshot

2017-10-27 10:15:57 - [MESSAGE][FAILED] - Unable to click on object 'Object Repository/Page_CuraHomepage/btn_MakeAppointment' (Root cause: com.kms.katalon.core.webui.exception.BrowserNotOpenedException: Browser is not opened
Build info: version: '2.53.0', revision: '35ae25b', time: '2016-03-15 17:00:58'
System info: host: 'NEACSUNEW-PC', ip: '10.10.10.211', os.name: 'Windows 8.1', os.arch: 'amd64', os.version: '6.3', java.version: '1.8.0_102'
Driver info: driver.version: unknown)]]></system-out>
         <system-err><![CDATA[2017-10-27 10:15:56 - [TEST_CASE][FAILED] - Test Cases/Common Test Cases/Login: Test Cases/Common Test Cases/Login FAILED because (of) Unable to click on object 'Object Repository/Page_CuraHomepage/btn_MakeAppointment' (Root cause: com.kms.katalon.core.webui.exception.BrowserNotOpenedException: Browser is not opened
Build info: version: '2.53.0', revision: '35ae25b', time: '2016-03-15 17:00:58'
System info: host: 'NEACSUNEW-PC', ip: '10.10.10.211', os.name: 'Windows 8.1', os.arch: 'amd64', os.version: '6.3', java.version: '1.8.0_102'
Driver info: driver.version: unknown)]]></system-err>
      </testcase>
      <system-out><![CDATA[2017-10-27 10:14:55 - [TEST_SUITE][FAILED] - Primo Tours: Test Cases/Common Test Cases/Login FAILED because (of) Unable to click on object 'Object Repository/Page_CuraHomepage/btn_MakeAppointment' (Root cause: com.kms.katalon.core.webui.exception.BrowserNotOpenedException: Browser is not opened
Build info: version: '2.53.0', revision: '35ae25b', time: '2016-03-15 17:00:58'
System info: host: 'NEACSUNEW-PC', ip: '10.10.10.211', os.name: 'Windows 8.1', os.arch: 'amd64', os.version: '6.3', java.version: '1.8.0_102'
Driver info: driver.version: unknown)]]></system-out>
      <system-err><![CDATA[2017-10-27 10:14:55 - [TEST_SUITE][FAILED] - Primo Tours: Test Cases/Common Test Cases/Login FAILED because (of) Unable to click on object 'Object Repository/Page_CuraHomepage/btn_MakeAppointment' (Root cause: com.kms.katalon.core.webui.exception.BrowserNotOpenedException: Browser is not opened
Build info: version: '2.53.0', revision: '35ae25b', time: '2016-03-15 17:00:58'
System info: host: 'NEACSUNEW-PC', ip: '10.10.10.211', os.name: 'Windows 8.1', os.arch: 'amd64', os.version: '6.3', java.version: '1.8.0_102'
Driver info: driver.version: unknown)]]></system-err>
   </testsuite>
</testsuites>
