<?xml version="1.0" encoding="UTF-8"?>
<testsuites name="WB Primo From Excel URLs" time="56" tests="2" failures="0" errors="0">
   <testsuite name="WB Primo From Excel URLs" tests="2" failures="0" errors="0" time="56" timestamp="2017-11-28 15:50:34" hostname="Cornel - NEACSUNEW-PC.zlin.roweb.ro" id="Test Suites/WB Primo From Excel URLs">
      <properties>
         <property name="deviceName" value=""/>
         <property name="devicePlatform" value=""/>
         <property name="logFolder" value="D:\\Software testing\\Tourpaq\\Automated Katalon tests\\Primo WB test\\Reports\\WB Primo From Excel URLs\\20171128_155032"/>
         <property name="logFiles" value="D:\\Software testing\\Tourpaq\\Automated Katalon tests\\Primo WB test\\Reports\\WB Primo From Excel URLs\\20171128_155032\\execution0.log"/>
         <property name="attachments" value=""/>
         <property name="hostName" value="Cornel - NEACSUNEW-PC.zlin.roweb.ro"/>
         <property name="os" value="Windows 8.1 64bit"/>
         <property name="katalonVersion" value="5.1.0.2"/>
         <property name="browser" value="Chrome 62.0.3202.94"/>
         <property name="hostAddress" value="10.10.10.211"/>
         <property name="sessionId" value="8fd90833982093ba6cc59cd2eba17c31"/>
         <property name="seleniumVersion" value="3.7.1"/>
         <property name="proxyInformation" value="ProxyInformation{proxyOption=NO_PROXY, proxyServerType=, password=, proxyServerAddress=, proxyServerPort=0}"/>
         <property name="platform" value="Windows 8.1"/>
      </properties>
      <testcase name="Test Cases/PrimoTours/WB Primo/WB Primo staging - place booking - Iteration 1" classname="Test Cases/PrimoTours/WB Primo/WB Primo staging - place booking" status="PASSED">
         <system-out><![CDATA[2017-11-28 15:50:35 - [TEST_CASE][PASSED] - Test Cases/PrimoTours/WB Primo/WB Primo staging - place booking - Iteration 1: Test Cases/PrimoTours/WB Primo/WB Primo staging - place booking

2017-11-28 15:50:36 - [TEST_STEP][PASSED] - openBrowser: Browser is opened with url: ''

2017-11-28 15:50:38 - [MESSAGE][PASSED] - Browser is opened with url: ''

2017-11-28 15:50:38 - [TEST_STEP][PASSED] - maximizeWindow: Current window maximized

2017-11-28 15:50:40 - [MESSAGE][PASSED] - Current window maximized

2017-11-28 15:50:40 - [TEST_STEP][PASSED] - navigateToUrl: Navigate to 'http://localhost:50029/DoBooking.aspx?pltaID=1480269&p=1&rno=1&pt=1&a=2&c=0&aa=&ca=' successfully

2017-11-28 15:50:41 - [MESSAGE][PASSED] - Navigate to 'http://localhost:50029/DoBooking.aspx?pltaID=1480269&p=1&rno=1&pt=1&a=2&c=0&aa=&ca=' successfully

2017-11-28 15:50:41 - [TEST_STEP][PASSED] - setText: Text 'Pedersen AUT' is set on object 'Object Repository/PrimoTours/Old Objects/Coco/PrimoT/Page_Primo Tours  Danmarks bedste c/input_firstName'

2017-11-28 15:50:41 - [MESSAGE][PASSED] - Text 'Pedersen AUT' is set on object 'Object Repository/PrimoTours/Old Objects/Coco/PrimoT/Page_Primo Tours  Danmarks bedste c/input_firstName'

2017-11-28 15:50:41 - [TEST_STEP][PASSED] - setText: Text 'Vibe Dalby' is set on object 'Object Repository/PrimoTours/Old Objects/Coco/PrimoT/Page_Primo Tours  Danmarks bedste c/input_lastName'

2017-11-28 15:50:41 - [MESSAGE][PASSED] - Text 'Vibe Dalby' is set on object 'Object Repository/PrimoTours/Old Objects/Coco/PrimoT/Page_Primo Tours  Danmarks bedste c/input_lastName'

2017-11-28 15:50:41 - [TEST_STEP][PASSED] - setText: Text 'Home address' is set on object 'Object Repository/PrimoTours/Old Objects/Coco/PrimoT/Page_Primo Tours  Danmarks bedste c/input_customerAddress'

2017-11-28 15:50:42 - [MESSAGE][PASSED] - Text 'Home address' is set on object 'Object Repository/PrimoTours/Old Objects/Coco/PrimoT/Page_Primo Tours  Danmarks bedste c/input_customerAddress'

2017-11-28 15:50:42 - [TEST_STEP][PASSED] - setText: Text '6700' is set on object 'Object Repository/PrimoTours/Old Objects/Coco/PrimoT/Page_Primo Tours  Danmarks bedste c/input_customerPostcode'

2017-11-28 15:50:42 - [MESSAGE][PASSED] - Text '6700' is set on object 'Object Repository/PrimoTours/Old Objects/Coco/PrimoT/Page_Primo Tours  Danmarks bedste c/input_customerPostcode'

2017-11-28 15:50:42 - [TEST_STEP][PASSED] - setText: Text 'cornel.neacsu@roweb.ro' is set on object 'Object Repository/PrimoTours/Old Objects/Coco/PrimoT/Page_Primo Tours  Danmarks bedste c/input_customerEmail'

2017-11-28 15:50:43 - [MESSAGE][PASSED] - Text 'cornel.neacsu@roweb.ro' is set on object 'Object Repository/PrimoTours/Old Objects/Coco/PrimoT/Page_Primo Tours  Danmarks bedste c/input_customerEmail'

2017-11-28 15:50:43 - [TEST_STEP][PASSED] - setText: Text '12345678' is set on object 'Object Repository/PrimoTours/Old Objects/Coco/PrimoT/Page_Primo Tours  Danmarks bedste c/input_customerPhone'

2017-11-28 15:50:43 - [MESSAGE][PASSED] - Text '12345678' is set on object 'Object Repository/PrimoTours/Old Objects/Coco/PrimoT/Page_Primo Tours  Danmarks bedste c/input_customerPhone'

2017-11-28 15:50:43 - [TEST_STEP][PASSED] - Statement - excelInfo = ["fname":"", "lname":"", "pgender":"", "pday":"", "pmonth":"", "pyear":""]: null

2017-11-28 15:50:43 - [TEST_STEP][PASSED] - Statement - rawData = com.kms.katalon.core.testdata.TestDataFactory.findTestData("Data Files/WB_Primo/Passenger_details"): Reading excel file with source file 'D:\Software testing\Tourpaq\Automated Katalon tests\Primo WB test\Data Files\Primo_URLs_For_Automated_Test.xls' and sheet name 'Passenger Names'

2017-11-28 15:50:43 - [TEST_STEP][PASSED] - Statement - excelRowNo = rawData.getRowNumbers(): null

2017-11-28 15:50:43 - [TEST_STEP][PASSED] - Statement - randomPaxIndex = 1: null

2017-11-28 15:50:43 - [TEST_STEP][PASSED] - waitForElementClickable: Object 'Object Repository/PrimoTours/Old Objects/Coco/PrimoT/Page_Primo Tours  Danmarks bedste c/input_firstname-0_1' is clickable

2017-11-28 15:50:44 - [MESSAGE][PASSED] - Object 'Object Repository/PrimoTours/Old Objects/Coco/PrimoT/Page_Primo Tours  Danmarks bedste c/input_firstname-0_1' is clickable

2017-11-28 15:50:44 - [TEST_STEP][PASSED] - Statement - driver = com.kms.katalon.core.webui.driver.DriverFactory.getWebDriver(): null

2017-11-28 15:50:44 - [TEST_STEP][PASSED] - Statement - roomContainerXpath = "id("booking")/div[@class="wrapper second-bg"]/div[contains(@class,"container-mx")]/div[@class="row"]/div[@class="col-md-12 roomContainer"]": null

2017-11-28 15:50:44 - [TEST_STEP][PASSED] - Statement - roomsCount = driver.findElements(org.openqa.selenium.By.xpath(roomContainerXpath)).size(): null

2017-11-28 15:50:44 - [TEST_STEP][PASSED] - Statement - println("roomsCount=" + roomsCount): null

2017-11-28 15:50:44 - [TEST_STEP][PASSED] - Statement - For ([i = 1, i <= roomsCount, (i++)]): Text 'Chanie Øllegaard' is set on object 'Object Repository/PrimoTours/Old Objects/allPaxLastNameFields'

2017-11-28 15:50:44 - [TEST_STEP][PASSED] - Statement - paxInRoomXpath = roomContainerXpath + "[" + i + "]/div[@class="row"]/div[@class="col-md-12"]/div[@class="row"]": null

2017-11-28 15:50:44 - [TEST_STEP][PASSED] - Statement - paxInRoomCount = driver.findElements(org.openqa.selenium.By.xpath(paxInRoomXpath)).size(): null

2017-11-28 15:50:44 - [TEST_STEP][PASSED] - Statement - println("paxInRoomCount=" + paxInRoomCount): null

2017-11-28 15:50:44 - [TEST_STEP][PASSED] - Statement - For ([j = 1, j <= paxInRoomCount, (j++)]): Text 'Chanie Øllegaard' is set on object 'Object Repository/PrimoTours/Old Objects/allPaxLastNameFields'

2017-11-28 15:50:44 - [TEST_STEP][PASSED] - Statement - If (i == 1 & j == 1): null

2017-11-28 15:50:44 - [TEST_STEP][PASSED] - Statement - <not implemented yet for class: org.codehaus.groovy.ast.stmt.ContinueStatement>: null

2017-11-28 15:50:44 - [TEST_STEP][PASSED] - Statement - If (i == 1 & j == 1): null

2017-11-28 15:50:44 - [TEST_STEP][PASSED] - Statement - randomPaxIndex = java.lang.Math.abs(new java.util.Random().nextInt() % excelRowNo) + 1: null

2017-11-28 15:50:44 - [TEST_STEP][PASSED] - Statement - println(randomPaxIndex): null

2017-11-28 15:50:44 - [TEST_STEP][PASSED] - Statement - fname = rawData.getValue("FirstName", randomPaxIndex) + " AUT": null

2017-11-28 15:50:44 - [TEST_STEP][PASSED] - Statement - lname = rawData.getValue("LastName", randomPaxIndex): null

2017-11-28 15:50:44 - [TEST_STEP][PASSED] - Statement - pgender = rawData.getValue("Gender", randomPaxIndex): null

2017-11-28 15:50:44 - [TEST_STEP][PASSED] - Statement - pday = rawData.getValue("Day DOB", randomPaxIndex): null

2017-11-28 15:50:44 - [TEST_STEP][PASSED] - Statement - pmonth = rawData.getValue("Month DOB", randomPaxIndex): null

2017-11-28 15:50:44 - [TEST_STEP][PASSED] - Statement - pyear = rawData.getValue("Year DOB", randomPaxIndex): null

2017-11-28 15:50:44 - [TEST_STEP][PASSED] - Statement - paxDetailFields = paxInRoomXpath + "[" + j + "]/div[@class="col-md-x col-md-9"]/div[@class="row paxContainer"]/div[@class="col-md-5"]": null

2017-11-28 15:50:44 - [TEST_STEP][PASSED] - Statement - xpathval = paxDetailFields + "[1]/div[contains(@class,"form-group")]/input[@class="form-control paxFirstName"]": null

2017-11-28 15:50:44 - [TEST_STEP][PASSED] - Statement - println("fn: " + xpathval): null

2017-11-28 15:50:44 - [TEST_STEP][PASSED] - Statement - repObj = com.kms.katalon.core.testobject.ObjectRepository.findTestObject(Object Repository/PrimoTours/Old Objects/allPaxFirstNameFields): Finding Test Object with id 'Object Repository/PrimoTours/Old Objects/allPaxFirstNameFields'

2017-11-28 15:50:44 - [TEST_STEP][PASSED] - Statement - repObj.findProperty("xpath").setValue(xpathval): null

2017-11-28 15:50:44 - [TEST_STEP][PASSED] - setText: Text 'Nielsen AUT' is set on object 'Object Repository/PrimoTours/Old Objects/allPaxFirstNameFields'

2017-11-28 15:50:44 - [MESSAGE][PASSED] - Text 'Nielsen AUT' is set on object 'Object Repository/PrimoTours/Old Objects/allPaxFirstNameFields'

2017-11-28 15:50:44 - [TEST_STEP][PASSED] - Statement - xpathval = paxDetailFields + "[2]/div[contains(@class,"form-group")]/input[@class="form-control paxLastName"]": null

2017-11-28 15:50:44 - [TEST_STEP][PASSED] - Statement - println("ln: " + xpathval): null

2017-11-28 15:50:44 - [TEST_STEP][PASSED] - Statement - repObj = com.kms.katalon.core.testobject.ObjectRepository.findTestObject(Object Repository/PrimoTours/Old Objects/allPaxLastNameFields): Finding Test Object with id 'Object Repository/PrimoTours/Old Objects/allPaxLastNameFields'

2017-11-28 15:50:44 - [TEST_STEP][PASSED] - Statement - repObj.findProperty("xpath").setValue(xpathval): null

2017-11-28 15:50:44 - [TEST_STEP][PASSED] - setText: Text 'Chanie Øllegaard' is set on object 'Object Repository/PrimoTours/Old Objects/allPaxLastNameFields'

2017-11-28 15:50:45 - [MESSAGE][PASSED] - Text 'Chanie Øllegaard' is set on object 'Object Repository/PrimoTours/Old Objects/allPaxLastNameFields'

2017-11-28 15:50:45 - [TEST_STEP][PASSED] - scrollToElement: Scroll to object 'Object Repository/PrimoTours/Old Objects/Coco (1)/PrimoT/SaveBooking2/Success/bookingTotalValue' successfully

2017-11-28 15:50:45 - [MESSAGE][PASSED] - Scroll to object 'Object Repository/PrimoTours/Old Objects/Coco (1)/PrimoT/SaveBooking2/Success/bookingTotalValue' successfully

2017-11-28 15:50:45 - [TEST_STEP][PASSED] - click: Object: 'Object Repository/PrimoTours/Old Objects/Coco (1)/PrimoT/SaveBooking2/Success/bookingTotalValue' is clicked on

2017-11-28 15:50:45 - [MESSAGE][PASSED] - Object: 'Object Repository/PrimoTours/Old Objects/Coco (1)/PrimoT/SaveBooking2/Success/bookingTotalValue' is clicked on

2017-11-28 15:50:45 - [TEST_STEP][PASSED] - scrollToElement: Scroll to object 'Object Repository/PrimoTours/Old Objects/Coco (1)/PrimoT/SaveBooking2/Success/Page_Primo Tours  Danmarks bedste c/i_fa fa-arrow-circle-right' successfully

2017-11-28 15:50:45 - [MESSAGE][PASSED] - Scroll to object 'Object Repository/PrimoTours/Old Objects/Coco (1)/PrimoT/SaveBooking2/Success/Page_Primo Tours  Danmarks bedste c/i_fa fa-arrow-circle-right' successfully

2017-11-28 15:50:45 - [TEST_STEP][PASSED] - waitForElementClickable: Object 'Object Repository/PrimoTours/Old Objects/Coco (1)/PrimoT/SaveBooking2/Success/Page_Primo Tours  Danmarks bedste c/i_fa fa-arrow-circle-right' is clickable

2017-11-28 15:50:45 - [MESSAGE][PASSED] - Object 'Object Repository/PrimoTours/Old Objects/Coco (1)/PrimoT/SaveBooking2/Success/Page_Primo Tours  Danmarks bedste c/i_fa fa-arrow-circle-right' is clickable

2017-11-28 15:50:45 - [TEST_STEP][PASSED] - waitForElementVisible: Object 'Object Repository/PrimoTours/Old Objects/Coco (1)/PrimoT/SaveBooking2/Success/Page_Primo Tours  Danmarks bedste c/i_fa fa-arrow-circle-right' is visible

2017-11-28 15:50:45 - [MESSAGE][PASSED] - Object 'Object Repository/PrimoTours/Old Objects/Coco (1)/PrimoT/SaveBooking2/Success/Page_Primo Tours  Danmarks bedste c/i_fa fa-arrow-circle-right' is visible

2017-11-28 15:50:45 - [TEST_STEP][PASSED] - scrollToElement: Scroll to object 'Object Repository/PrimoTours/Old Objects/Coco (1)/PrimoT/SaveBooking2/Success/Page_Primo Tours  Danmarks bedste c/i_fa fa-arrow-circle-right' successfully

2017-11-28 15:50:45 - [MESSAGE][PASSED] - Scroll to object 'Object Repository/PrimoTours/Old Objects/Coco (1)/PrimoT/SaveBooking2/Success/Page_Primo Tours  Danmarks bedste c/i_fa fa-arrow-circle-right' successfully

2017-11-28 15:50:45 - [TEST_STEP][PASSED] - click: Object: 'Object Repository/PrimoTours/Old Objects/Coco (1)/PrimoT/SaveBooking2/Success/Page_Primo Tours  Danmarks bedste c/i_fa fa-arrow-circle-right' is clicked on

2017-11-28 15:50:45 - [MESSAGE][PASSED] - Object: 'Object Repository/PrimoTours/Old Objects/Coco (1)/PrimoT/SaveBooking2/Success/Page_Primo Tours  Danmarks bedste c/i_fa fa-arrow-circle-right' is clicked on

2017-11-28 15:50:45 - [TEST_STEP][PASSED] - waitForElementNotVisible: Object 'Object Repository/PrimoTours/Old Objects/CCenter/pageLoaderOverlayLayer' is NOT visible

2017-11-28 15:50:46 - [MESSAGE][PASSED] - Object 'Object Repository/PrimoTours/Old Objects/CCenter/pageLoaderOverlayLayer' is NOT visible

2017-11-28 15:50:46 - [TEST_STEP][PASSED] - scrollToElement: Scroll to object 'Object Repository/PrimoTours/Old Objects/Coco/PrimoT/Ins2/Page_Primo Tours  Danmarks bedste c/travelInsuranceFirstPaxSelector' successfully

2017-11-28 15:50:46 - [MESSAGE][PASSED] - Scroll to object 'Object Repository/PrimoTours/Old Objects/Coco/PrimoT/Ins2/Page_Primo Tours  Danmarks bedste c/travelInsuranceFirstPaxSelector' successfully

2017-11-28 15:50:46 - [TEST_STEP][PASSED] - waitForElementPresent: Object 'Object Repository/PrimoTours/Old Objects/Coco/PrimoT/Ins2/Page_Primo Tours  Danmarks bedste c/travelInsuranceFirstPaxSelector' is present

2017-11-28 15:50:46 - [MESSAGE][PASSED] - Object 'Object Repository/PrimoTours/Old Objects/Coco/PrimoT/Ins2/Page_Primo Tours  Danmarks bedste c/travelInsuranceFirstPaxSelector' is present

2017-11-28 15:50:46 - [TEST_STEP][PASSED] - waitForElementVisible: Object 'Object Repository/PrimoTours/Old Objects/Coco/PrimoT/Ins2/Page_Primo Tours  Danmarks bedste c/travelInsuranceFirstPaxSelector' is visible

2017-11-28 15:50:47 - [MESSAGE][PASSED] - Object 'Object Repository/PrimoTours/Old Objects/Coco/PrimoT/Ins2/Page_Primo Tours  Danmarks bedste c/travelInsuranceFirstPaxSelector' is visible

2017-11-28 15:50:47 - [TEST_STEP][PASSED] - waitForElementClickable: Object 'Object Repository/PrimoTours/Old Objects/Coco/PrimoT/Ins2/Page_Primo Tours  Danmarks bedste c/travelInsuranceFirstPaxSelector' is clickable

2017-11-28 15:50:47 - [MESSAGE][PASSED] - Object 'Object Repository/PrimoTours/Old Objects/Coco/PrimoT/Ins2/Page_Primo Tours  Danmarks bedste c/travelInsuranceFirstPaxSelector' is clickable

2017-11-28 15:50:47 - [TEST_STEP][PASSED] - click: Object: 'Object Repository/PrimoTours/Old Objects/Coco/PrimoT/Ins2/Page_Primo Tours  Danmarks bedste c/travelInsuranceFirstPaxSelector' is clicked on

2017-11-28 15:50:47 - [MESSAGE][PASSED] - Object: 'Object Repository/PrimoTours/Old Objects/Coco/PrimoT/Ins2/Page_Primo Tours  Danmarks bedste c/travelInsuranceFirstPaxSelector' is clicked on

2017-11-28 15:50:47 - [TEST_STEP][PASSED] - click: Object: 'Object Repository/PrimoTours/Old Objects/Coco/PrimoT/Ins2/Page_Primo Tours  Danmarks bedste c/li_Har selv forsikring - kr. 0' is clicked on

2017-11-28 15:50:47 - [MESSAGE][PASSED] - Object: 'Object Repository/PrimoTours/Old Objects/Coco/PrimoT/Ins2/Page_Primo Tours  Danmarks bedste c/li_Har selv forsikring - kr. 0' is clicked on

2017-11-28 15:50:47 - [TEST_STEP][NOT_RUN] - click: NOT_RUN: click

2017-11-28 15:50:47 - [MESSAGE][NOT_RUN] - NOT_RUN: click

2017-11-28 15:50:47 - [TEST_STEP][NOT_RUN] - scrollToElement: NOT_RUN: scrollToElement

2017-11-28 15:50:47 - [MESSAGE][NOT_RUN] - NOT_RUN: scrollToElement

2017-11-28 15:50:47 - [TEST_STEP][NOT_RUN] - click: NOT_RUN: click

2017-11-28 15:50:47 - [MESSAGE][NOT_RUN] - NOT_RUN: click

2017-11-28 15:50:47 - [TEST_STEP][PASSED] - waitForElementVisible: Object 'Object Repository/PrimoTours/Old Objects/Coco (1)/PrimoT/SaveBooking2/Page_Primo Tours  Danmarks bedste c/individualInsuranceCheckbox' is visible

2017-11-28 15:50:47 - [MESSAGE][PASSED] - Object 'Object Repository/PrimoTours/Old Objects/Coco (1)/PrimoT/SaveBooking2/Page_Primo Tours  Danmarks bedste c/individualInsuranceCheckbox' is visible

2017-11-28 15:50:47 - [TEST_STEP][PASSED] - scrollToElement: Scroll to object 'Object Repository/PrimoTours/Old Objects/Coco (1)/PrimoT/SaveBooking2/Page_Primo Tours  Danmarks bedste c/individualInsuranceCheckbox' successfully

2017-11-28 15:50:47 - [MESSAGE][PASSED] - Scroll to object 'Object Repository/PrimoTours/Old Objects/Coco (1)/PrimoT/SaveBooking2/Page_Primo Tours  Danmarks bedste c/individualInsuranceCheckbox' successfully

2017-11-28 15:50:47 - [TEST_STEP][PASSED] - click: Object: 'Object Repository/PrimoTours/Old Objects/Coco (1)/PrimoT/SaveBooking2/Page_Primo Tours  Danmarks bedste c/individualInsuranceCheckbox' is clicked on

2017-11-28 15:50:47 - [MESSAGE][PASSED] - Object: 'Object Repository/PrimoTours/Old Objects/Coco (1)/PrimoT/SaveBooking2/Page_Primo Tours  Danmarks bedste c/individualInsuranceCheckbox' is clicked on

2017-11-28 15:50:47 - [TEST_STEP][PASSED] - scrollToElement: Scroll to object 'Object Repository/PrimoTours/Old Objects/Coco (1)/PrimoT/SaveBooking2/Success/firstProdCategIndividualSelectionRadioB' successfully

2017-11-28 15:50:47 - [MESSAGE][PASSED] - Scroll to object 'Object Repository/PrimoTours/Old Objects/Coco (1)/PrimoT/SaveBooking2/Success/firstProdCategIndividualSelectionRadioB' successfully

2017-11-28 15:50:47 - [TEST_STEP][PASSED] - waitForElementClickable: Object 'Object Repository/PrimoTours/Old Objects/Coco (1)/PrimoT/SaveBooking2/Success/firstProdCategIndividualSelectionRadioB' is clickable

2017-11-28 15:50:47 - [MESSAGE][PASSED] - Object 'Object Repository/PrimoTours/Old Objects/Coco (1)/PrimoT/SaveBooking2/Success/firstProdCategIndividualSelectionRadioB' is clickable

2017-11-28 15:50:47 - [TEST_STEP][PASSED] - scrollToElement: Scroll to object 'Object Repository/PrimoTours/Old Objects/Coco (1)/PrimoT/SaveBooking2/Success/firstProdCategIndividualSelectionRadioB' successfully

2017-11-28 15:50:47 - [MESSAGE][PASSED] - Scroll to object 'Object Repository/PrimoTours/Old Objects/Coco (1)/PrimoT/SaveBooking2/Success/firstProdCategIndividualSelectionRadioB' successfully

2017-11-28 15:50:47 - [TEST_STEP][PASSED] - click: Object: 'Object Repository/PrimoTours/Old Objects/Coco (1)/PrimoT/SaveBooking2/Success/firstProdCategIndividualSelectionRadioB' is clicked on

2017-11-28 15:50:48 - [MESSAGE][PASSED] - Object: 'Object Repository/PrimoTours/Old Objects/Coco (1)/PrimoT/SaveBooking2/Success/firstProdCategIndividualSelectionRadioB' is clicked on

2017-11-28 15:50:48 - [TEST_STEP][PASSED] - scrollToElement: Scroll to object 'Object Repository/PrimoTours/Old Objects/Coco (1)/PrimoT/SaveBooking2/Success/firstProdCategSelectForAllPaxCheckbox' successfully

2017-11-28 15:50:48 - [MESSAGE][PASSED] - Scroll to object 'Object Repository/PrimoTours/Old Objects/Coco (1)/PrimoT/SaveBooking2/Success/firstProdCategSelectForAllPaxCheckbox' successfully

2017-11-28 15:50:48 - [TEST_STEP][PASSED] - waitForElementClickable: Object 'Object Repository/PrimoTours/Old Objects/Coco (1)/PrimoT/SaveBooking2/Success/firstProdCategSelectForAllPaxCheckbox' is clickable

2017-11-28 15:50:48 - [MESSAGE][PASSED] - Object 'Object Repository/PrimoTours/Old Objects/Coco (1)/PrimoT/SaveBooking2/Success/firstProdCategSelectForAllPaxCheckbox' is clickable

2017-11-28 15:50:48 - [TEST_STEP][PASSED] - click: Object: 'Object Repository/PrimoTours/Old Objects/Coco (1)/PrimoT/SaveBooking2/Success/firstProdCategSelectForAllPaxCheckbox' is clicked on

2017-11-28 15:50:48 - [MESSAGE][PASSED] - Object: 'Object Repository/PrimoTours/Old Objects/Coco (1)/PrimoT/SaveBooking2/Success/firstProdCategSelectForAllPaxCheckbox' is clicked on

2017-11-28 15:50:48 - [TEST_STEP][NOT_RUN] - scrollToElement: NOT_RUN: scrollToElement

2017-11-28 15:50:48 - [MESSAGE][NOT_RUN] - NOT_RUN: scrollToElement

2017-11-28 15:50:48 - [TEST_STEP][NOT_RUN] - scrollToElement: NOT_RUN: scrollToElement

2017-11-28 15:50:48 - [MESSAGE][NOT_RUN] - NOT_RUN: scrollToElement

2017-11-28 15:50:48 - [TEST_STEP][NOT_RUN] - click: NOT_RUN: click

2017-11-28 15:50:48 - [MESSAGE][NOT_RUN] - NOT_RUN: click

2017-11-28 15:50:48 - [TEST_STEP][PASSED] - scrollToElement: Scroll to object 'Object Repository/PrimoTours/ConfirmationPage/agreeTermsAndCondCheckbox' successfully

2017-11-28 15:50:48 - [MESSAGE][PASSED] - Scroll to object 'Object Repository/PrimoTours/ConfirmationPage/agreeTermsAndCondCheckbox' successfully

2017-11-28 15:50:48 - [TEST_STEP][PASSED] - click: Object: 'Object Repository/PrimoTours/ConfirmationPage/agreeTermsAndCondCheckbox' is clicked on

2017-11-28 15:50:48 - [MESSAGE][PASSED] - Object: 'Object Repository/PrimoTours/ConfirmationPage/agreeTermsAndCondCheckbox' is clicked on

2017-11-28 15:50:48 - [TEST_STEP][PASSED] - waitForElementClickable: Object 'Object Repository/PrimoTours/ConfirmationPage/placeBookingButton' is clickable

2017-11-28 15:50:48 - [MESSAGE][PASSED] - Object 'Object Repository/PrimoTours/ConfirmationPage/placeBookingButton' is clickable

2017-11-28 15:50:49 - [TEST_STEP][PASSED] - scrollToElement: Scroll to object 'Object Repository/PrimoTours/ConfirmationPage/placeBookingButton' successfully

2017-11-28 15:50:49 - [MESSAGE][PASSED] - Scroll to object 'Object Repository/PrimoTours/ConfirmationPage/placeBookingButton' successfully

2017-11-28 15:50:49 - [TEST_STEP][PASSED] - click: Object: 'Object Repository/PrimoTours/ConfirmationPage/placeBookingButton' is clicked on

2017-11-28 15:50:49 - [MESSAGE][PASSED] - Object: 'Object Repository/PrimoTours/ConfirmationPage/placeBookingButton' is clicked on

2017-11-28 15:50:49 - [TEST_STEP][PASSED] - delay: Delayed 2 second(s)

2017-11-28 15:50:51 - [MESSAGE][PASSED] - Delayed 2 second(s)

2017-11-28 15:50:51 - [TEST_STEP][PASSED] - waitForPageLoad: Wait for page load successfully

2017-11-28 15:50:51 - [MESSAGE][PASSED] - Wait for page load successfully

2017-11-28 15:50:51 - [TEST_STEP][PASSED] - waitForJQueryLoad: jQuery is ready.

2017-11-28 15:50:54 - [MESSAGE][PASSED] - jQuery is ready.

2017-11-28 15:50:54 - [TEST_STEP][PASSED] - waitForElementPresent: Object 'Object Repository/PrimoTours/Old Objects/CCenter/pageLoaderOverlayLayer' is present

2017-11-28 15:50:54 - [MESSAGE][PASSED] - Object 'Object Repository/PrimoTours/Old Objects/CCenter/pageLoaderOverlayLayer' is present

2017-11-28 15:50:54 - [TEST_STEP][PASSED] - waitForElementNotVisible: Object 'Object Repository/PrimoTours/Old Objects/CCenter/pageLoaderOverlayLayer' is NOT visible

2017-11-28 15:50:55 - [MESSAGE][PASSED] - Object 'Object Repository/PrimoTours/Old Objects/CCenter/pageLoaderOverlayLayer' is NOT visible

2017-11-28 15:50:55 - [TEST_STEP][PASSED] - waitForElementClickable: Object 'Object Repository/PrimoTours/Old Objects/ThankYouPage/bookingNoContainer' is clickable

2017-11-28 15:50:55 - [MESSAGE][PASSED] - Object 'Object Repository/PrimoTours/Old Objects/ThankYouPage/bookingNoContainer' is clickable

2017-11-28 15:50:55 - [TEST_STEP][PASSED] - verifyElementVisible: Object 'Object Repository/PrimoTours/Old Objects/ThankYouPage/bookingNoContainer' is visible

2017-11-28 15:50:55 - [MESSAGE][PASSED] - Object 'Object Repository/PrimoTours/Old Objects/ThankYouPage/bookingNoContainer' is visible

2017-11-28 15:50:55 - [TEST_STEP][PASSED] - verifyElementVisible: Object 'Object Repository/PrimoTours/Old Objects/ThankYouPage/bookingTotalInfo' is visible

2017-11-28 15:50:55 - [MESSAGE][PASSED] - Object 'Object Repository/PrimoTours/Old Objects/ThankYouPage/bookingTotalInfo' is visible

2017-11-28 15:50:55 - [TEST_STEP][PASSED] - verifyElementVisible: Object 'Object Repository/PrimoTours/Old Objects/ThankYouPage/bookingTotalPriceBar' is visible

2017-11-28 15:50:55 - [MESSAGE][PASSED] - Object 'Object Repository/PrimoTours/Old Objects/ThankYouPage/bookingTotalPriceBar' is visible

2017-11-28 15:50:55 - [TEST_STEP][PASSED] - verifyElementVisible: Object 'Object Repository/PrimoTours/Old Objects/ThankYouPage/a_printTicketLink' is visible

2017-11-28 15:50:55 - [MESSAGE][PASSED] - Object 'Object Repository/PrimoTours/Old Objects/ThankYouPage/a_printTicketLink' is visible

2017-11-28 15:50:55 - [TEST_STEP][PASSED] - waitForElementClickable: Object 'Object Repository/PrimoTours/Old Objects/ThankYouPage/a_printTicketLink' is clickable

2017-11-28 15:50:55 - [MESSAGE][WARNING] - Timeout '0' is invalid. Using default page load timeout: '15'

2017-11-28 15:50:55 - [MESSAGE][PASSED] - Object 'Object Repository/PrimoTours/Old Objects/ThankYouPage/a_printTicketLink' is clickable

2017-11-28 15:50:55 - [TEST_STEP][PASSED] - click: Object: 'Object Repository/PrimoTours/Old Objects/ThankYouPage/a_printTicketLink' is clicked on

2017-11-28 15:51:00 - [MESSAGE][PASSED] - Object: 'Object Repository/PrimoTours/Old Objects/ThankYouPage/a_printTicketLink' is clicked on

2017-11-28 15:51:00 - [TEST_STEP][PASSED] - delay: Delayed 1 second(s)

2017-11-28 15:51:01 - [MESSAGE][PASSED] - Delayed 1 second(s)

2017-11-28 15:51:01 - [TEST_STEP][PASSED] - waitForElementVisible: Object 'Object Repository/PrimoTours/Old Objects/ThankYouPage/cCenterButton' is visible

2017-11-28 15:51:01 - [MESSAGE][PASSED] - Object 'Object Repository/PrimoTours/Old Objects/ThankYouPage/cCenterButton' is visible

2017-11-28 15:51:01 - [TEST_STEP][PASSED] - waitForElementClickable: Object 'Object Repository/PrimoTours/Old Objects/ThankYouPage/cCenterButton' is clickable

2017-11-28 15:51:01 - [MESSAGE][PASSED] - Object 'Object Repository/PrimoTours/Old Objects/ThankYouPage/cCenterButton' is clickable

2017-11-28 15:51:01 - [TEST_STEP][PASSED] - click: Object: 'Object Repository/PrimoTours/Old Objects/ThankYouPage/cCenterButton' is clicked on

2017-11-28 15:51:01 - [MESSAGE][PASSED] - Object: 'Object Repository/PrimoTours/Old Objects/ThankYouPage/cCenterButton' is clicked on

2017-11-28 15:51:01 - [TEST_STEP][PASSED] - waitForPageLoad: Wait for page load successfully

2017-11-28 15:51:01 - [MESSAGE][PASSED] - Wait for page load successfully

2017-11-28 15:51:01 - [TEST_STEP][PASSED] - waitForJQueryLoad: jQuery is ready.

2017-11-28 15:51:01 - [MESSAGE][PASSED] - jQuery is ready.

2017-11-28 15:51:01 - [TEST_STEP][PASSED] - waitForElementPresent: Object 'Object Repository/PrimoTours/Old Objects/CCenter/pageLoaderOverlayLayer' is present

2017-11-28 15:51:01 - [MESSAGE][PASSED] - Object 'Object Repository/PrimoTours/Old Objects/CCenter/pageLoaderOverlayLayer' is present

2017-11-28 15:51:01 - [TEST_STEP][PASSED] - waitForElementNotVisible: Object 'Object Repository/PrimoTours/Old Objects/CCenter/pageLoaderOverlayLayer' is NOT visible

2017-11-28 15:51:02 - [MESSAGE][PASSED] - Object 'Object Repository/PrimoTours/Old Objects/CCenter/pageLoaderOverlayLayer' is NOT visible

2017-11-28 15:51:02 - [TEST_STEP][PASSED] - verifyElementVisible: Object 'Object Repository/PrimoTours/Old Objects/ThankYouPage/bookingNoContainer' is visible

2017-11-28 15:51:02 - [MESSAGE][PASSED] - Object 'Object Repository/PrimoTours/Old Objects/ThankYouPage/bookingNoContainer' is visible

2017-11-28 15:51:02 - [TEST_STEP][PASSED] - verifyElementVisible: Object 'Object Repository/PrimoTours/Old Objects/ThankYouPage/bookingTotalPriceBar' is visible

2017-11-28 15:51:02 - [MESSAGE][PASSED] - Object 'Object Repository/PrimoTours/Old Objects/ThankYouPage/bookingTotalPriceBar' is visible]]></system-out>
         <system-err><![CDATA[]]></system-err>
      </testcase>
      <testcase name="Test Cases/PrimoTours/WB Primo/WB Primo staging - place booking - Iteration 2" classname="Test Cases/PrimoTours/WB Primo/WB Primo staging - place booking" status="PASSED">
         <system-out><![CDATA[2017-11-28 15:51:02 - [TEST_CASE][PASSED] - Test Cases/PrimoTours/WB Primo/WB Primo staging - place booking - Iteration 2: Test Cases/PrimoTours/WB Primo/WB Primo staging - place booking

2017-11-28 15:51:02 - [TEST_STEP][PASSED] - openBrowser: Browser is opened with url: ''

2017-11-28 15:51:02 - [MESSAGE][WARNING] - A browser is already opened. Closing browser and opening a new one

2017-11-28 15:51:05 - [MESSAGE][PASSED] - Browser is opened with url: ''

2017-11-28 15:51:05 - [TEST_STEP][PASSED] - maximizeWindow: Current window maximized

2017-11-28 15:51:06 - [MESSAGE][PASSED] - Current window maximized

2017-11-28 15:51:06 - [TEST_STEP][PASSED] - navigateToUrl: Navigate to 'http://localhost:50029/DoBooking.aspx?pltaID=1480269&p=1&rno=1&pt=1&a=2&c=2&aa=&ca=1,5' successfully

2017-11-28 15:51:07 - [MESSAGE][PASSED] - Navigate to 'http://localhost:50029/DoBooking.aspx?pltaID=1480269&p=1&rno=1&pt=1&a=2&c=2&aa=&ca=1,5' successfully

2017-11-28 15:51:07 - [TEST_STEP][PASSED] - setText: Text 'Pedersen AUT' is set on object 'Object Repository/PrimoTours/Old Objects/Coco/PrimoT/Page_Primo Tours  Danmarks bedste c/input_firstName'

2017-11-28 15:51:08 - [MESSAGE][PASSED] - Text 'Pedersen AUT' is set on object 'Object Repository/PrimoTours/Old Objects/Coco/PrimoT/Page_Primo Tours  Danmarks bedste c/input_firstName'

2017-11-28 15:51:08 - [TEST_STEP][PASSED] - setText: Text 'Vibe Dalby' is set on object 'Object Repository/PrimoTours/Old Objects/Coco/PrimoT/Page_Primo Tours  Danmarks bedste c/input_lastName'

2017-11-28 15:51:08 - [MESSAGE][PASSED] - Text 'Vibe Dalby' is set on object 'Object Repository/PrimoTours/Old Objects/Coco/PrimoT/Page_Primo Tours  Danmarks bedste c/input_lastName'

2017-11-28 15:51:08 - [TEST_STEP][PASSED] - setText: Text 'Home address' is set on object 'Object Repository/PrimoTours/Old Objects/Coco/PrimoT/Page_Primo Tours  Danmarks bedste c/input_customerAddress'

2017-11-28 15:51:09 - [MESSAGE][PASSED] - Text 'Home address' is set on object 'Object Repository/PrimoTours/Old Objects/Coco/PrimoT/Page_Primo Tours  Danmarks bedste c/input_customerAddress'

2017-11-28 15:51:09 - [TEST_STEP][PASSED] - setText: Text '6700' is set on object 'Object Repository/PrimoTours/Old Objects/Coco/PrimoT/Page_Primo Tours  Danmarks bedste c/input_customerPostcode'

2017-11-28 15:51:09 - [MESSAGE][PASSED] - Text '6700' is set on object 'Object Repository/PrimoTours/Old Objects/Coco/PrimoT/Page_Primo Tours  Danmarks bedste c/input_customerPostcode'

2017-11-28 15:51:09 - [TEST_STEP][PASSED] - setText: Text 'cornel.neacsu@roweb.ro' is set on object 'Object Repository/PrimoTours/Old Objects/Coco/PrimoT/Page_Primo Tours  Danmarks bedste c/input_customerEmail'

2017-11-28 15:51:09 - [MESSAGE][PASSED] - Text 'cornel.neacsu@roweb.ro' is set on object 'Object Repository/PrimoTours/Old Objects/Coco/PrimoT/Page_Primo Tours  Danmarks bedste c/input_customerEmail'

2017-11-28 15:51:09 - [TEST_STEP][PASSED] - setText: Text '12345678' is set on object 'Object Repository/PrimoTours/Old Objects/Coco/PrimoT/Page_Primo Tours  Danmarks bedste c/input_customerPhone'

2017-11-28 15:51:09 - [MESSAGE][PASSED] - Text '12345678' is set on object 'Object Repository/PrimoTours/Old Objects/Coco/PrimoT/Page_Primo Tours  Danmarks bedste c/input_customerPhone'

2017-11-28 15:51:09 - [TEST_STEP][PASSED] - Statement - excelInfo = ["fname":"", "lname":"", "pgender":"", "pday":"", "pmonth":"", "pyear":""]: null

2017-11-28 15:51:09 - [TEST_STEP][PASSED] - Statement - rawData = com.kms.katalon.core.testdata.TestDataFactory.findTestData("Data Files/WB_Primo/Passenger_details"): Reading excel file with source file 'D:\Software testing\Tourpaq\Automated Katalon tests\Primo WB test\Data Files\Primo_URLs_For_Automated_Test.xls' and sheet name 'Passenger Names'

2017-11-28 15:51:09 - [TEST_STEP][PASSED] - Statement - excelRowNo = rawData.getRowNumbers(): null

2017-11-28 15:51:09 - [TEST_STEP][PASSED] - Statement - randomPaxIndex = 1: null

2017-11-28 15:51:09 - [TEST_STEP][PASSED] - waitForElementClickable: Object 'Object Repository/PrimoTours/Old Objects/Coco/PrimoT/Page_Primo Tours  Danmarks bedste c/input_firstname-0_1' is clickable

2017-11-28 15:51:11 - [MESSAGE][PASSED] - Object 'Object Repository/PrimoTours/Old Objects/Coco/PrimoT/Page_Primo Tours  Danmarks bedste c/input_firstname-0_1' is clickable

2017-11-28 15:51:11 - [TEST_STEP][PASSED] - Statement - driver = com.kms.katalon.core.webui.driver.DriverFactory.getWebDriver(): null

2017-11-28 15:51:11 - [TEST_STEP][PASSED] - Statement - roomContainerXpath = "id("booking")/div[@class="wrapper second-bg"]/div[contains(@class,"container-mx")]/div[@class="row"]/div[@class="col-md-12 roomContainer"]": null

2017-11-28 15:51:11 - [TEST_STEP][PASSED] - Statement - roomsCount = driver.findElements(org.openqa.selenium.By.xpath(roomContainerXpath)).size(): null

2017-11-28 15:51:11 - [TEST_STEP][PASSED] - Statement - println("roomsCount=" + roomsCount): null

2017-11-28 15:51:11 - [TEST_STEP][PASSED] - Statement - For ([i = 1, i <= roomsCount, (i++)]): Text 'Birte' is set on object 'Object Repository/PrimoTours/Old Objects/allPaxLastNameFields'

2017-11-28 15:51:11 - [TEST_STEP][PASSED] - Statement - paxInRoomXpath = roomContainerXpath + "[" + i + "]/div[@class="row"]/div[@class="col-md-12"]/div[@class="row"]": null

2017-11-28 15:51:11 - [TEST_STEP][PASSED] - Statement - paxInRoomCount = driver.findElements(org.openqa.selenium.By.xpath(paxInRoomXpath)).size(): null

2017-11-28 15:51:11 - [TEST_STEP][PASSED] - Statement - println("paxInRoomCount=" + paxInRoomCount): null

2017-11-28 15:51:11 - [TEST_STEP][PASSED] - Statement - For ([j = 1, j <= paxInRoomCount, (j++)]): Text 'Birte' is set on object 'Object Repository/PrimoTours/Old Objects/allPaxLastNameFields'

2017-11-28 15:51:11 - [TEST_STEP][PASSED] - Statement - If (i == 1 & j == 1): null

2017-11-28 15:51:11 - [TEST_STEP][PASSED] - Statement - <not implemented yet for class: org.codehaus.groovy.ast.stmt.ContinueStatement>: null

2017-11-28 15:51:11 - [TEST_STEP][PASSED] - Statement - If (i == 1 & j == 1): null

2017-11-28 15:51:11 - [TEST_STEP][PASSED] - Statement - randomPaxIndex = java.lang.Math.abs(new java.util.Random().nextInt() % excelRowNo) + 1: null

2017-11-28 15:51:11 - [TEST_STEP][PASSED] - Statement - println(randomPaxIndex): null

2017-11-28 15:51:11 - [TEST_STEP][PASSED] - Statement - fname = rawData.getValue("FirstName", randomPaxIndex) + " AUT": null

2017-11-28 15:51:11 - [TEST_STEP][PASSED] - Statement - lname = rawData.getValue("LastName", randomPaxIndex): null

2017-11-28 15:51:11 - [TEST_STEP][PASSED] - Statement - pgender = rawData.getValue("Gender", randomPaxIndex): null

2017-11-28 15:51:11 - [TEST_STEP][PASSED] - Statement - pday = rawData.getValue("Day DOB", randomPaxIndex): null

2017-11-28 15:51:11 - [TEST_STEP][PASSED] - Statement - pmonth = rawData.getValue("Month DOB", randomPaxIndex): null

2017-11-28 15:51:11 - [TEST_STEP][PASSED] - Statement - pyear = rawData.getValue("Year DOB", randomPaxIndex): null

2017-11-28 15:51:11 - [TEST_STEP][PASSED] - Statement - paxDetailFields = paxInRoomXpath + "[" + j + "]/div[@class="col-md-x col-md-9"]/div[@class="row paxContainer"]/div[@class="col-md-5"]": null

2017-11-28 15:51:11 - [TEST_STEP][PASSED] - Statement - xpathval = paxDetailFields + "[1]/div[contains(@class,"form-group")]/input[@class="form-control paxFirstName"]": null

2017-11-28 15:51:11 - [TEST_STEP][PASSED] - Statement - println("fn: " + xpathval): null

2017-11-28 15:51:11 - [TEST_STEP][PASSED] - Statement - repObj = com.kms.katalon.core.testobject.ObjectRepository.findTestObject(Object Repository/PrimoTours/Old Objects/allPaxFirstNameFields): Finding Test Object with id 'Object Repository/PrimoTours/Old Objects/allPaxFirstNameFields'

2017-11-28 15:51:11 - [TEST_STEP][PASSED] - Statement - repObj.findProperty("xpath").setValue(xpathval): null

2017-11-28 15:51:11 - [TEST_STEP][PASSED] - setText: Text 'Votborg AUT' is set on object 'Object Repository/PrimoTours/Old Objects/allPaxFirstNameFields'

2017-11-28 15:51:12 - [MESSAGE][PASSED] - Text 'Votborg AUT' is set on object 'Object Repository/PrimoTours/Old Objects/allPaxFirstNameFields'

2017-11-28 15:51:12 - [TEST_STEP][PASSED] - Statement - xpathval = paxDetailFields + "[2]/div[contains(@class,"form-group")]/input[@class="form-control paxLastName"]": null

2017-11-28 15:51:12 - [TEST_STEP][PASSED] - Statement - println("ln: " + xpathval): null

2017-11-28 15:51:12 - [TEST_STEP][PASSED] - Statement - repObj = com.kms.katalon.core.testobject.ObjectRepository.findTestObject(Object Repository/PrimoTours/Old Objects/allPaxLastNameFields): Finding Test Object with id 'Object Repository/PrimoTours/Old Objects/allPaxLastNameFields'

2017-11-28 15:51:12 - [TEST_STEP][PASSED] - Statement - repObj.findProperty("xpath").setValue(xpathval): null

2017-11-28 15:51:12 - [TEST_STEP][PASSED] - setText: Text 'Ryan Vilsgaard' is set on object 'Object Repository/PrimoTours/Old Objects/allPaxLastNameFields'

2017-11-28 15:51:12 - [MESSAGE][PASSED] - Text 'Ryan Vilsgaard' is set on object 'Object Repository/PrimoTours/Old Objects/allPaxLastNameFields'

2017-11-28 15:51:12 - [TEST_STEP][PASSED] - Statement - If (i == 1 & j == 1): null

2017-11-28 15:51:12 - [TEST_STEP][PASSED] - Statement - randomPaxIndex = java.lang.Math.abs(new java.util.Random().nextInt() % excelRowNo) + 1: null

2017-11-28 15:51:12 - [TEST_STEP][PASSED] - Statement - println(randomPaxIndex): null

2017-11-28 15:51:12 - [TEST_STEP][PASSED] - Statement - fname = rawData.getValue("FirstName", randomPaxIndex) + " AUT": null

2017-11-28 15:51:12 - [TEST_STEP][PASSED] - Statement - lname = rawData.getValue("LastName", randomPaxIndex): null

2017-11-28 15:51:12 - [TEST_STEP][PASSED] - Statement - pgender = rawData.getValue("Gender", randomPaxIndex): null

2017-11-28 15:51:12 - [TEST_STEP][PASSED] - Statement - pday = rawData.getValue("Day DOB", randomPaxIndex): null

2017-11-28 15:51:12 - [TEST_STEP][PASSED] - Statement - pmonth = rawData.getValue("Month DOB", randomPaxIndex): null

2017-11-28 15:51:12 - [TEST_STEP][PASSED] - Statement - pyear = rawData.getValue("Year DOB", randomPaxIndex): null

2017-11-28 15:51:12 - [TEST_STEP][PASSED] - Statement - paxDetailFields = paxInRoomXpath + "[" + j + "]/div[@class="col-md-x col-md-9"]/div[@class="row paxContainer"]/div[@class="col-md-5"]": null

2017-11-28 15:51:12 - [TEST_STEP][PASSED] - Statement - xpathval = paxDetailFields + "[1]/div[contains(@class,"form-group")]/input[@class="form-control paxFirstName"]": null

2017-11-28 15:51:12 - [TEST_STEP][PASSED] - Statement - println("fn: " + xpathval): null

2017-11-28 15:51:12 - [TEST_STEP][PASSED] - Statement - repObj = com.kms.katalon.core.testobject.ObjectRepository.findTestObject(Object Repository/PrimoTours/Old Objects/allPaxFirstNameFields): Finding Test Object with id 'Object Repository/PrimoTours/Old Objects/allPaxFirstNameFields'

2017-11-28 15:51:12 - [TEST_STEP][PASSED] - Statement - repObj.findProperty("xpath").setValue(xpathval): null

2017-11-28 15:51:12 - [TEST_STEP][PASSED] - setText: Text 'Larsen AUT' is set on object 'Object Repository/PrimoTours/Old Objects/allPaxFirstNameFields'

2017-11-28 15:51:12 - [MESSAGE][PASSED] - Text 'Larsen AUT' is set on object 'Object Repository/PrimoTours/Old Objects/allPaxFirstNameFields'

2017-11-28 15:51:12 - [TEST_STEP][PASSED] - Statement - xpathval = paxDetailFields + "[2]/div[contains(@class,"form-group")]/input[@class="form-control paxLastName"]": null

2017-11-28 15:51:12 - [TEST_STEP][PASSED] - Statement - println("ln: " + xpathval): null

2017-11-28 15:51:12 - [TEST_STEP][PASSED] - Statement - repObj = com.kms.katalon.core.testobject.ObjectRepository.findTestObject(Object Repository/PrimoTours/Old Objects/allPaxLastNameFields): Finding Test Object with id 'Object Repository/PrimoTours/Old Objects/allPaxLastNameFields'

2017-11-28 15:51:12 - [TEST_STEP][PASSED] - Statement - repObj.findProperty("xpath").setValue(xpathval): null

2017-11-28 15:51:12 - [TEST_STEP][PASSED] - setText: Text 'Martin Parzentny' is set on object 'Object Repository/PrimoTours/Old Objects/allPaxLastNameFields'

2017-11-28 15:51:12 - [MESSAGE][PASSED] - Text 'Martin Parzentny' is set on object 'Object Repository/PrimoTours/Old Objects/allPaxLastNameFields'

2017-11-28 15:51:12 - [TEST_STEP][PASSED] - Statement - If (i == 1 & j == 1): null

2017-11-28 15:51:12 - [TEST_STEP][PASSED] - Statement - randomPaxIndex = java.lang.Math.abs(new java.util.Random().nextInt() % excelRowNo) + 1: null

2017-11-28 15:51:12 - [TEST_STEP][PASSED] - Statement - println(randomPaxIndex): null

2017-11-28 15:51:12 - [TEST_STEP][PASSED] - Statement - fname = rawData.getValue("FirstName", randomPaxIndex) + " AUT": null

2017-11-28 15:51:12 - [TEST_STEP][PASSED] - Statement - lname = rawData.getValue("LastName", randomPaxIndex): null

2017-11-28 15:51:12 - [TEST_STEP][PASSED] - Statement - pgender = rawData.getValue("Gender", randomPaxIndex): null

2017-11-28 15:51:12 - [TEST_STEP][PASSED] - Statement - pday = rawData.getValue("Day DOB", randomPaxIndex): null

2017-11-28 15:51:12 - [TEST_STEP][PASSED] - Statement - pmonth = rawData.getValue("Month DOB", randomPaxIndex): null

2017-11-28 15:51:12 - [TEST_STEP][PASSED] - Statement - pyear = rawData.getValue("Year DOB", randomPaxIndex): null

2017-11-28 15:51:12 - [TEST_STEP][PASSED] - Statement - paxDetailFields = paxInRoomXpath + "[" + j + "]/div[@class="col-md-x col-md-9"]/div[@class="row paxContainer"]/div[@class="col-md-5"]": null

2017-11-28 15:51:12 - [TEST_STEP][PASSED] - Statement - xpathval = paxDetailFields + "[1]/div[contains(@class,"form-group")]/input[@class="form-control paxFirstName"]": null

2017-11-28 15:51:12 - [TEST_STEP][PASSED] - Statement - println("fn: " + xpathval): null

2017-11-28 15:51:12 - [TEST_STEP][PASSED] - Statement - repObj = com.kms.katalon.core.testobject.ObjectRepository.findTestObject(Object Repository/PrimoTours/Old Objects/allPaxFirstNameFields): Finding Test Object with id 'Object Repository/PrimoTours/Old Objects/allPaxFirstNameFields'

2017-11-28 15:51:12 - [TEST_STEP][PASSED] - Statement - repObj.findProperty("xpath").setValue(xpathval): null

2017-11-28 15:51:12 - [TEST_STEP][PASSED] - setText: Text 'Jeppesen AUT' is set on object 'Object Repository/PrimoTours/Old Objects/allPaxFirstNameFields'

2017-11-28 15:51:13 - [MESSAGE][PASSED] - Text 'Jeppesen AUT' is set on object 'Object Repository/PrimoTours/Old Objects/allPaxFirstNameFields'

2017-11-28 15:51:13 - [TEST_STEP][PASSED] - Statement - xpathval = paxDetailFields + "[2]/div[contains(@class,"form-group")]/input[@class="form-control paxLastName"]": null

2017-11-28 15:51:13 - [TEST_STEP][PASSED] - Statement - println("ln: " + xpathval): null

2017-11-28 15:51:13 - [TEST_STEP][PASSED] - Statement - repObj = com.kms.katalon.core.testobject.ObjectRepository.findTestObject(Object Repository/PrimoTours/Old Objects/allPaxLastNameFields): Finding Test Object with id 'Object Repository/PrimoTours/Old Objects/allPaxLastNameFields'

2017-11-28 15:51:13 - [TEST_STEP][PASSED] - Statement - repObj.findProperty("xpath").setValue(xpathval): null

2017-11-28 15:51:13 - [TEST_STEP][PASSED] - setText: Text 'Birte' is set on object 'Object Repository/PrimoTours/Old Objects/allPaxLastNameFields'

2017-11-28 15:51:13 - [MESSAGE][PASSED] - Text 'Birte' is set on object 'Object Repository/PrimoTours/Old Objects/allPaxLastNameFields'

2017-11-28 15:51:13 - [TEST_STEP][PASSED] - scrollToElement: Scroll to object 'Object Repository/PrimoTours/Old Objects/Coco (1)/PrimoT/SaveBooking2/Success/bookingTotalValue' successfully

2017-11-28 15:51:13 - [MESSAGE][PASSED] - Scroll to object 'Object Repository/PrimoTours/Old Objects/Coco (1)/PrimoT/SaveBooking2/Success/bookingTotalValue' successfully

2017-11-28 15:51:13 - [TEST_STEP][PASSED] - click: Object: 'Object Repository/PrimoTours/Old Objects/Coco (1)/PrimoT/SaveBooking2/Success/bookingTotalValue' is clicked on

2017-11-28 15:51:13 - [MESSAGE][PASSED] - Object: 'Object Repository/PrimoTours/Old Objects/Coco (1)/PrimoT/SaveBooking2/Success/bookingTotalValue' is clicked on

2017-11-28 15:51:13 - [TEST_STEP][PASSED] - scrollToElement: Scroll to object 'Object Repository/PrimoTours/Old Objects/Coco (1)/PrimoT/SaveBooking2/Success/Page_Primo Tours  Danmarks bedste c/i_fa fa-arrow-circle-right' successfully

2017-11-28 15:51:13 - [MESSAGE][PASSED] - Scroll to object 'Object Repository/PrimoTours/Old Objects/Coco (1)/PrimoT/SaveBooking2/Success/Page_Primo Tours  Danmarks bedste c/i_fa fa-arrow-circle-right' successfully

2017-11-28 15:51:13 - [TEST_STEP][PASSED] - waitForElementClickable: Object 'Object Repository/PrimoTours/Old Objects/Coco (1)/PrimoT/SaveBooking2/Success/Page_Primo Tours  Danmarks bedste c/i_fa fa-arrow-circle-right' is clickable

2017-11-28 15:51:13 - [MESSAGE][PASSED] - Object 'Object Repository/PrimoTours/Old Objects/Coco (1)/PrimoT/SaveBooking2/Success/Page_Primo Tours  Danmarks bedste c/i_fa fa-arrow-circle-right' is clickable

2017-11-28 15:51:13 - [TEST_STEP][PASSED] - waitForElementVisible: Object 'Object Repository/PrimoTours/Old Objects/Coco (1)/PrimoT/SaveBooking2/Success/Page_Primo Tours  Danmarks bedste c/i_fa fa-arrow-circle-right' is visible

2017-11-28 15:51:13 - [MESSAGE][PASSED] - Object 'Object Repository/PrimoTours/Old Objects/Coco (1)/PrimoT/SaveBooking2/Success/Page_Primo Tours  Danmarks bedste c/i_fa fa-arrow-circle-right' is visible

2017-11-28 15:51:13 - [TEST_STEP][PASSED] - scrollToElement: Scroll to object 'Object Repository/PrimoTours/Old Objects/Coco (1)/PrimoT/SaveBooking2/Success/Page_Primo Tours  Danmarks bedste c/i_fa fa-arrow-circle-right' successfully

2017-11-28 15:51:13 - [MESSAGE][PASSED] - Scroll to object 'Object Repository/PrimoTours/Old Objects/Coco (1)/PrimoT/SaveBooking2/Success/Page_Primo Tours  Danmarks bedste c/i_fa fa-arrow-circle-right' successfully

2017-11-28 15:51:13 - [TEST_STEP][PASSED] - click: Object: 'Object Repository/PrimoTours/Old Objects/Coco (1)/PrimoT/SaveBooking2/Success/Page_Primo Tours  Danmarks bedste c/i_fa fa-arrow-circle-right' is clicked on

2017-11-28 15:51:13 - [MESSAGE][PASSED] - Object: 'Object Repository/PrimoTours/Old Objects/Coco (1)/PrimoT/SaveBooking2/Success/Page_Primo Tours  Danmarks bedste c/i_fa fa-arrow-circle-right' is clicked on

2017-11-28 15:51:13 - [TEST_STEP][PASSED] - waitForElementNotVisible: Object 'Object Repository/PrimoTours/Old Objects/CCenter/pageLoaderOverlayLayer' is NOT visible

2017-11-28 15:51:14 - [MESSAGE][PASSED] - Object 'Object Repository/PrimoTours/Old Objects/CCenter/pageLoaderOverlayLayer' is NOT visible

2017-11-28 15:51:14 - [TEST_STEP][PASSED] - scrollToElement: Scroll to object 'Object Repository/PrimoTours/Old Objects/Coco/PrimoT/Ins2/Page_Primo Tours  Danmarks bedste c/travelInsuranceFirstPaxSelector' successfully

2017-11-28 15:51:14 - [MESSAGE][PASSED] - Scroll to object 'Object Repository/PrimoTours/Old Objects/Coco/PrimoT/Ins2/Page_Primo Tours  Danmarks bedste c/travelInsuranceFirstPaxSelector' successfully

2017-11-28 15:51:14 - [TEST_STEP][PASSED] - waitForElementPresent: Object 'Object Repository/PrimoTours/Old Objects/Coco/PrimoT/Ins2/Page_Primo Tours  Danmarks bedste c/travelInsuranceFirstPaxSelector' is present

2017-11-28 15:51:14 - [MESSAGE][PASSED] - Object 'Object Repository/PrimoTours/Old Objects/Coco/PrimoT/Ins2/Page_Primo Tours  Danmarks bedste c/travelInsuranceFirstPaxSelector' is present

2017-11-28 15:51:14 - [TEST_STEP][PASSED] - waitForElementVisible: Object 'Object Repository/PrimoTours/Old Objects/Coco/PrimoT/Ins2/Page_Primo Tours  Danmarks bedste c/travelInsuranceFirstPaxSelector' is visible

2017-11-28 15:51:14 - [MESSAGE][PASSED] - Object 'Object Repository/PrimoTours/Old Objects/Coco/PrimoT/Ins2/Page_Primo Tours  Danmarks bedste c/travelInsuranceFirstPaxSelector' is visible

2017-11-28 15:51:14 - [TEST_STEP][PASSED] - waitForElementClickable: Object 'Object Repository/PrimoTours/Old Objects/Coco/PrimoT/Ins2/Page_Primo Tours  Danmarks bedste c/travelInsuranceFirstPaxSelector' is clickable

2017-11-28 15:51:14 - [MESSAGE][PASSED] - Object 'Object Repository/PrimoTours/Old Objects/Coco/PrimoT/Ins2/Page_Primo Tours  Danmarks bedste c/travelInsuranceFirstPaxSelector' is clickable

2017-11-28 15:51:14 - [TEST_STEP][PASSED] - click: Object: 'Object Repository/PrimoTours/Old Objects/Coco/PrimoT/Ins2/Page_Primo Tours  Danmarks bedste c/travelInsuranceFirstPaxSelector' is clicked on

2017-11-28 15:51:14 - [MESSAGE][PASSED] - Object: 'Object Repository/PrimoTours/Old Objects/Coco/PrimoT/Ins2/Page_Primo Tours  Danmarks bedste c/travelInsuranceFirstPaxSelector' is clicked on

2017-11-28 15:51:14 - [TEST_STEP][PASSED] - click: Object: 'Object Repository/PrimoTours/Old Objects/Coco/PrimoT/Ins2/Page_Primo Tours  Danmarks bedste c/li_Har selv forsikring - kr. 0' is clicked on

2017-11-28 15:51:15 - [MESSAGE][PASSED] - Object: 'Object Repository/PrimoTours/Old Objects/Coco/PrimoT/Ins2/Page_Primo Tours  Danmarks bedste c/li_Har selv forsikring - kr. 0' is clicked on

2017-11-28 15:51:15 - [TEST_STEP][NOT_RUN] - click: NOT_RUN: click

2017-11-28 15:51:15 - [MESSAGE][NOT_RUN] - NOT_RUN: click

2017-11-28 15:51:15 - [TEST_STEP][NOT_RUN] - scrollToElement: NOT_RUN: scrollToElement

2017-11-28 15:51:15 - [MESSAGE][NOT_RUN] - NOT_RUN: scrollToElement

2017-11-28 15:51:15 - [TEST_STEP][NOT_RUN] - click: NOT_RUN: click

2017-11-28 15:51:15 - [MESSAGE][NOT_RUN] - NOT_RUN: click

2017-11-28 15:51:15 - [TEST_STEP][PASSED] - waitForElementVisible: Object 'Object Repository/PrimoTours/Old Objects/Coco (1)/PrimoT/SaveBooking2/Page_Primo Tours  Danmarks bedste c/individualInsuranceCheckbox' is visible

2017-11-28 15:51:15 - [MESSAGE][PASSED] - Object 'Object Repository/PrimoTours/Old Objects/Coco (1)/PrimoT/SaveBooking2/Page_Primo Tours  Danmarks bedste c/individualInsuranceCheckbox' is visible

2017-11-28 15:51:15 - [TEST_STEP][PASSED] - scrollToElement: Scroll to object 'Object Repository/PrimoTours/Old Objects/Coco (1)/PrimoT/SaveBooking2/Page_Primo Tours  Danmarks bedste c/individualInsuranceCheckbox' successfully

2017-11-28 15:51:15 - [MESSAGE][PASSED] - Scroll to object 'Object Repository/PrimoTours/Old Objects/Coco (1)/PrimoT/SaveBooking2/Page_Primo Tours  Danmarks bedste c/individualInsuranceCheckbox' successfully

2017-11-28 15:51:15 - [TEST_STEP][PASSED] - click: Object: 'Object Repository/PrimoTours/Old Objects/Coco (1)/PrimoT/SaveBooking2/Page_Primo Tours  Danmarks bedste c/individualInsuranceCheckbox' is clicked on

2017-11-28 15:51:15 - [MESSAGE][PASSED] - Object: 'Object Repository/PrimoTours/Old Objects/Coco (1)/PrimoT/SaveBooking2/Page_Primo Tours  Danmarks bedste c/individualInsuranceCheckbox' is clicked on

2017-11-28 15:51:15 - [TEST_STEP][PASSED] - scrollToElement: Scroll to object 'Object Repository/PrimoTours/Old Objects/Coco (1)/PrimoT/SaveBooking2/Success/firstProdCategIndividualSelectionRadioB' successfully

2017-11-28 15:51:15 - [MESSAGE][PASSED] - Scroll to object 'Object Repository/PrimoTours/Old Objects/Coco (1)/PrimoT/SaveBooking2/Success/firstProdCategIndividualSelectionRadioB' successfully

2017-11-28 15:51:15 - [TEST_STEP][PASSED] - waitForElementClickable: Object 'Object Repository/PrimoTours/Old Objects/Coco (1)/PrimoT/SaveBooking2/Success/firstProdCategIndividualSelectionRadioB' is clickable

2017-11-28 15:51:15 - [MESSAGE][PASSED] - Object 'Object Repository/PrimoTours/Old Objects/Coco (1)/PrimoT/SaveBooking2/Success/firstProdCategIndividualSelectionRadioB' is clickable

2017-11-28 15:51:15 - [TEST_STEP][PASSED] - scrollToElement: Scroll to object 'Object Repository/PrimoTours/Old Objects/Coco (1)/PrimoT/SaveBooking2/Success/firstProdCategIndividualSelectionRadioB' successfully

2017-11-28 15:51:15 - [MESSAGE][PASSED] - Scroll to object 'Object Repository/PrimoTours/Old Objects/Coco (1)/PrimoT/SaveBooking2/Success/firstProdCategIndividualSelectionRadioB' successfully

2017-11-28 15:51:15 - [TEST_STEP][PASSED] - click: Object: 'Object Repository/PrimoTours/Old Objects/Coco (1)/PrimoT/SaveBooking2/Success/firstProdCategIndividualSelectionRadioB' is clicked on

2017-11-28 15:51:15 - [MESSAGE][PASSED] - Object: 'Object Repository/PrimoTours/Old Objects/Coco (1)/PrimoT/SaveBooking2/Success/firstProdCategIndividualSelectionRadioB' is clicked on

2017-11-28 15:51:15 - [TEST_STEP][PASSED] - scrollToElement: Scroll to object 'Object Repository/PrimoTours/Old Objects/Coco (1)/PrimoT/SaveBooking2/Success/firstProdCategSelectForAllPaxCheckbox' successfully

2017-11-28 15:51:15 - [MESSAGE][PASSED] - Scroll to object 'Object Repository/PrimoTours/Old Objects/Coco (1)/PrimoT/SaveBooking2/Success/firstProdCategSelectForAllPaxCheckbox' successfully

2017-11-28 15:51:15 - [TEST_STEP][PASSED] - waitForElementClickable: Object 'Object Repository/PrimoTours/Old Objects/Coco (1)/PrimoT/SaveBooking2/Success/firstProdCategSelectForAllPaxCheckbox' is clickable

2017-11-28 15:51:15 - [MESSAGE][PASSED] - Object 'Object Repository/PrimoTours/Old Objects/Coco (1)/PrimoT/SaveBooking2/Success/firstProdCategSelectForAllPaxCheckbox' is clickable

2017-11-28 15:51:15 - [TEST_STEP][PASSED] - click: Object: 'Object Repository/PrimoTours/Old Objects/Coco (1)/PrimoT/SaveBooking2/Success/firstProdCategSelectForAllPaxCheckbox' is clicked on

2017-11-28 15:51:16 - [MESSAGE][PASSED] - Object: 'Object Repository/PrimoTours/Old Objects/Coco (1)/PrimoT/SaveBooking2/Success/firstProdCategSelectForAllPaxCheckbox' is clicked on

2017-11-28 15:51:16 - [TEST_STEP][NOT_RUN] - scrollToElement: NOT_RUN: scrollToElement

2017-11-28 15:51:16 - [MESSAGE][NOT_RUN] - NOT_RUN: scrollToElement

2017-11-28 15:51:16 - [TEST_STEP][NOT_RUN] - scrollToElement: NOT_RUN: scrollToElement

2017-11-28 15:51:16 - [MESSAGE][NOT_RUN] - NOT_RUN: scrollToElement

2017-11-28 15:51:16 - [TEST_STEP][NOT_RUN] - click: NOT_RUN: click

2017-11-28 15:51:16 - [MESSAGE][NOT_RUN] - NOT_RUN: click

2017-11-28 15:51:16 - [TEST_STEP][PASSED] - scrollToElement: Scroll to object 'Object Repository/PrimoTours/ConfirmationPage/agreeTermsAndCondCheckbox' successfully

2017-11-28 15:51:16 - [MESSAGE][PASSED] - Scroll to object 'Object Repository/PrimoTours/ConfirmationPage/agreeTermsAndCondCheckbox' successfully

2017-11-28 15:51:16 - [TEST_STEP][PASSED] - click: Object: 'Object Repository/PrimoTours/ConfirmationPage/agreeTermsAndCondCheckbox' is clicked on

2017-11-28 15:51:16 - [MESSAGE][PASSED] - Object: 'Object Repository/PrimoTours/ConfirmationPage/agreeTermsAndCondCheckbox' is clicked on

2017-11-28 15:51:16 - [TEST_STEP][PASSED] - waitForElementClickable: Object 'Object Repository/PrimoTours/ConfirmationPage/placeBookingButton' is clickable

2017-11-28 15:51:16 - [MESSAGE][PASSED] - Object 'Object Repository/PrimoTours/ConfirmationPage/placeBookingButton' is clickable

2017-11-28 15:51:16 - [TEST_STEP][PASSED] - scrollToElement: Scroll to object 'Object Repository/PrimoTours/ConfirmationPage/placeBookingButton' successfully

2017-11-28 15:51:16 - [MESSAGE][PASSED] - Scroll to object 'Object Repository/PrimoTours/ConfirmationPage/placeBookingButton' successfully

2017-11-28 15:51:16 - [TEST_STEP][PASSED] - click: Object: 'Object Repository/PrimoTours/ConfirmationPage/placeBookingButton' is clicked on

2017-11-28 15:51:16 - [MESSAGE][PASSED] - Object: 'Object Repository/PrimoTours/ConfirmationPage/placeBookingButton' is clicked on

2017-11-28 15:51:16 - [TEST_STEP][PASSED] - delay: Delayed 2 second(s)

2017-11-28 15:51:18 - [MESSAGE][PASSED] - Delayed 2 second(s)

2017-11-28 15:51:18 - [TEST_STEP][PASSED] - waitForPageLoad: Wait for page load successfully

2017-11-28 15:51:18 - [MESSAGE][PASSED] - Wait for page load successfully

2017-11-28 15:51:18 - [TEST_STEP][PASSED] - waitForJQueryLoad: jQuery is ready.

2017-11-28 15:51:22 - [MESSAGE][PASSED] - jQuery is ready.

2017-11-28 15:51:22 - [TEST_STEP][PASSED] - waitForElementPresent: Object 'Object Repository/PrimoTours/Old Objects/CCenter/pageLoaderOverlayLayer' is present

2017-11-28 15:51:22 - [MESSAGE][PASSED] - Object 'Object Repository/PrimoTours/Old Objects/CCenter/pageLoaderOverlayLayer' is present

2017-11-28 15:51:22 - [TEST_STEP][PASSED] - waitForElementNotVisible: Object 'Object Repository/PrimoTours/Old Objects/CCenter/pageLoaderOverlayLayer' is NOT visible

2017-11-28 15:51:23 - [MESSAGE][PASSED] - Object 'Object Repository/PrimoTours/Old Objects/CCenter/pageLoaderOverlayLayer' is NOT visible

2017-11-28 15:51:23 - [TEST_STEP][PASSED] - waitForElementClickable: Object 'Object Repository/PrimoTours/Old Objects/ThankYouPage/bookingNoContainer' is clickable

2017-11-28 15:51:23 - [MESSAGE][PASSED] - Object 'Object Repository/PrimoTours/Old Objects/ThankYouPage/bookingNoContainer' is clickable

2017-11-28 15:51:23 - [TEST_STEP][PASSED] - verifyElementVisible: Object 'Object Repository/PrimoTours/Old Objects/ThankYouPage/bookingNoContainer' is visible

2017-11-28 15:51:23 - [MESSAGE][PASSED] - Object 'Object Repository/PrimoTours/Old Objects/ThankYouPage/bookingNoContainer' is visible

2017-11-28 15:51:23 - [TEST_STEP][PASSED] - verifyElementVisible: Object 'Object Repository/PrimoTours/Old Objects/ThankYouPage/bookingTotalInfo' is visible

2017-11-28 15:51:23 - [MESSAGE][PASSED] - Object 'Object Repository/PrimoTours/Old Objects/ThankYouPage/bookingTotalInfo' is visible

2017-11-28 15:51:23 - [TEST_STEP][PASSED] - verifyElementVisible: Object 'Object Repository/PrimoTours/Old Objects/ThankYouPage/bookingTotalPriceBar' is visible

2017-11-28 15:51:23 - [MESSAGE][PASSED] - Object 'Object Repository/PrimoTours/Old Objects/ThankYouPage/bookingTotalPriceBar' is visible

2017-11-28 15:51:23 - [TEST_STEP][PASSED] - verifyElementVisible: Object 'Object Repository/PrimoTours/Old Objects/ThankYouPage/a_printTicketLink' is visible

2017-11-28 15:51:23 - [MESSAGE][PASSED] - Object 'Object Repository/PrimoTours/Old Objects/ThankYouPage/a_printTicketLink' is visible

2017-11-28 15:51:23 - [TEST_STEP][PASSED] - waitForElementClickable: Object 'Object Repository/PrimoTours/Old Objects/ThankYouPage/a_printTicketLink' is clickable

2017-11-28 15:51:23 - [MESSAGE][WARNING] - Timeout '0' is invalid. Using default page load timeout: '15'

2017-11-28 15:51:23 - [MESSAGE][PASSED] - Object 'Object Repository/PrimoTours/Old Objects/ThankYouPage/a_printTicketLink' is clickable

2017-11-28 15:51:23 - [TEST_STEP][PASSED] - click: Object: 'Object Repository/PrimoTours/Old Objects/ThankYouPage/a_printTicketLink' is clicked on

2017-11-28 15:51:28 - [MESSAGE][PASSED] - Object: 'Object Repository/PrimoTours/Old Objects/ThankYouPage/a_printTicketLink' is clicked on

2017-11-28 15:51:28 - [TEST_STEP][PASSED] - delay: Delayed 1 second(s)

2017-11-28 15:51:29 - [MESSAGE][PASSED] - Delayed 1 second(s)

2017-11-28 15:51:29 - [TEST_STEP][PASSED] - waitForElementVisible: Object 'Object Repository/PrimoTours/Old Objects/ThankYouPage/cCenterButton' is visible

2017-11-28 15:51:29 - [MESSAGE][PASSED] - Object 'Object Repository/PrimoTours/Old Objects/ThankYouPage/cCenterButton' is visible

2017-11-28 15:51:29 - [TEST_STEP][PASSED] - waitForElementClickable: Object 'Object Repository/PrimoTours/Old Objects/ThankYouPage/cCenterButton' is clickable

2017-11-28 15:51:29 - [MESSAGE][PASSED] - Object 'Object Repository/PrimoTours/Old Objects/ThankYouPage/cCenterButton' is clickable

2017-11-28 15:51:29 - [TEST_STEP][PASSED] - click: Object: 'Object Repository/PrimoTours/Old Objects/ThankYouPage/cCenterButton' is clicked on

2017-11-28 15:51:29 - [MESSAGE][PASSED] - Object: 'Object Repository/PrimoTours/Old Objects/ThankYouPage/cCenterButton' is clicked on

2017-11-28 15:51:29 - [TEST_STEP][PASSED] - waitForPageLoad: Wait for page load successfully

2017-11-28 15:51:30 - [MESSAGE][PASSED] - Wait for page load successfully

2017-11-28 15:51:30 - [TEST_STEP][PASSED] - waitForJQueryLoad: jQuery is ready.

2017-11-28 15:51:30 - [MESSAGE][PASSED] - jQuery is ready.

2017-11-28 15:51:30 - [TEST_STEP][PASSED] - waitForElementPresent: Object 'Object Repository/PrimoTours/Old Objects/CCenter/pageLoaderOverlayLayer' is present

2017-11-28 15:51:30 - [MESSAGE][PASSED] - Object 'Object Repository/PrimoTours/Old Objects/CCenter/pageLoaderOverlayLayer' is present

2017-11-28 15:51:30 - [TEST_STEP][PASSED] - waitForElementNotVisible: Object 'Object Repository/PrimoTours/Old Objects/CCenter/pageLoaderOverlayLayer' is NOT visible

2017-11-28 15:51:30 - [MESSAGE][PASSED] - Object 'Object Repository/PrimoTours/Old Objects/CCenter/pageLoaderOverlayLayer' is NOT visible

2017-11-28 15:51:30 - [TEST_STEP][PASSED] - verifyElementVisible: Object 'Object Repository/PrimoTours/Old Objects/ThankYouPage/bookingNoContainer' is visible

2017-11-28 15:51:30 - [MESSAGE][PASSED] - Object 'Object Repository/PrimoTours/Old Objects/ThankYouPage/bookingNoContainer' is visible

2017-11-28 15:51:30 - [TEST_STEP][PASSED] - verifyElementVisible: Object 'Object Repository/PrimoTours/Old Objects/ThankYouPage/bookingTotalPriceBar' is visible

2017-11-28 15:51:30 - [MESSAGE][PASSED] - Object 'Object Repository/PrimoTours/Old Objects/ThankYouPage/bookingTotalPriceBar' is visible]]></system-out>
         <system-err><![CDATA[]]></system-err>
      </testcase>
      <system-out><![CDATA[2017-11-28 15:50:34 - [TEST_SUITE][PASSED] - WB Primo From Excel URLs: Test Cases/PrimoTours/WB Primo/WB Primo staging - place booking]]></system-out>
      <system-err><![CDATA[]]></system-err>
   </testsuite>
</testsuites>
