<?xml version="1.0" encoding="UTF-8"?>
<testsuites name="WB Primo From Excel URLs" time="420" tests="12" failures="0" errors="0">
   <testsuite name="WB Primo From Excel URLs" tests="12" failures="0" errors="0" time="420" timestamp="2017-11-29 15:41:44" hostname="Cornel - NEACSUNEW-PC.zlin.roweb.ro" id="Test Suites/WB Primo From Excel URLs">
      <properties>
         <property name="deviceName" value=""/>
         <property name="devicePlatform" value=""/>
         <property name="logFolder" value="D:\\Software testing\\Tourpaq\\Automated Katalon tests\\Primo WB test\\Reports\\WB Primo From Excel URLs\\20171129_154142"/>
         <property name="logFiles" value="D:\\Software testing\\Tourpaq\\Automated Katalon tests\\Primo WB test\\Reports\\WB Primo From Excel URLs\\20171129_154142\\execution0.log"/>
         <property name="attachments" value="D:\\Software testing\\Tourpaq\\Automated Katalon tests\\Primo WB test\\Reports\\WB Primo From Excel URLs\\20171129_154142\\1511963035371.png, D:\\Software testing\\Tourpaq\\Automated Katalon tests\\Primo WB test\\Reports\\WB Primo From Excel URLs\\20171129_154142\\1511963104272.png, D:\\Software testing\\Tourpaq\\Automated Katalon tests\\Primo WB test\\Reports\\WB Primo From Excel URLs\\20171129_154142\\1511963143467.png, D:\\Software testing\\Tourpaq\\Automated Katalon tests\\Primo WB test\\Reports\\WB Primo From Excel URLs\\20171129_154142\\1511963213712.png, D:\\Software testing\\Tourpaq\\Automated Katalon tests\\Primo WB test\\Reports\\WB Primo From Excel URLs\\20171129_154142\\1511963309114.png"/>
         <property name="hostName" value="Cornel - NEACSUNEW-PC.zlin.roweb.ro"/>
         <property name="os" value="Windows 8.1 64bit"/>
         <property name="katalonVersion" value="5.1.0.2"/>
         <property name="browser" value="Firefox 57.0"/>
         <property name="hostAddress" value="10.10.10.211"/>
         <property name="sessionId" value="b390d7b2-3ac5-499f-a747-20cd520eec13"/>
         <property name="seleniumVersion" value="3.7.1"/>
         <property name="proxyInformation" value="ProxyInformation{proxyOption=NO_PROXY, proxyServerType=, password=, proxyServerAddress=, proxyServerPort=0}"/>
         <property name="platform" value="Windows 8.1"/>
      </properties>
      <testcase name="Test Cases/PrimoTours/WB Primo/WB Primo staging - place booking - Iteration 1" classname="Test Cases/PrimoTours/WB Primo/WB Primo staging - place booking" status="PASSED">
         <system-out><![CDATA[2017-11-29 15:41:44 - [TEST_CASE][PASSED] - Test Cases/PrimoTours/WB Primo/WB Primo staging - place booking - Iteration 1: Test Cases/PrimoTours/WB Primo/WB Primo staging - place booking

2017-11-29 15:41:45 - [TEST_STEP][PASSED] - openBrowser: Browser is opened with url: ''

2017-11-29 15:41:50 - [MESSAGE][PASSED] - Browser is opened with url: ''

2017-11-29 15:41:50 - [TEST_STEP][PASSED] - maximizeWindow: Current window maximized

2017-11-29 15:41:50 - [MESSAGE][PASSED] - Current window maximized

2017-11-29 15:41:50 - [TEST_STEP][PASSED] - navigateToUrl: Navigate to 'http://localhost:50029/DoBooking.aspx?pltaID=1480269&p=1&rno=1&pt=1&a=2&c=0&aa=&ca=' successfully

2017-11-29 15:41:51 - [MESSAGE][PASSED] - Navigate to 'http://localhost:50029/DoBooking.aspx?pltaID=1480269&p=1&rno=1&pt=1&a=2&c=0&aa=&ca=' successfully

2017-11-29 15:41:51 - [TEST_STEP][PASSED] - Statement - excelInfo = ["fname":"", "lname":"", "pgender":"", "pday":"", "pmonth":"", "pyear":""]: null

2017-11-29 15:41:51 - [TEST_STEP][PASSED] - Statement - rawData = com.kms.katalon.core.testdata.TestDataFactory.findTestData("Data Files/WB_Primo/Passenger_details"): Reading excel file with source file 'D:\Software testing\Tourpaq\Automated Katalon tests\Primo WB test\Data Files\Primo_URLs_For_Automated_Test.xls' and sheet name 'Passenger Names'

2017-11-29 15:41:52 - [TEST_STEP][PASSED] - Statement - excelRowNo = rawData.getRowNumbers(): null

2017-11-29 15:41:52 - [TEST_STEP][PASSED] - Statement - randomPaxIndex = java.lang.Math.abs(new java.util.Random().nextInt() % excelRowNo) + 1: null

2017-11-29 15:41:52 - [TEST_STEP][PASSED] - Statement - fname = rawData.getValue("FirstName", randomPaxIndex): null

2017-11-29 15:41:52 - [TEST_STEP][PASSED] - Statement - lname = rawData.getValue("LastName", randomPaxIndex): null

2017-11-29 15:41:52 - [TEST_STEP][PASSED] - Statement - pgender = rawData.getValue("Gender", randomPaxIndex): null

2017-11-29 15:41:52 - [TEST_STEP][PASSED] - setText: Text 'Pedersen AUT' is set on object 'Object Repository/PrimoTours/Old Objects/Coco/PrimoT/Page_Primo Tours  Danmarks bedste c/input_firstName'

2017-11-29 15:41:52 - [MESSAGE][PASSED] - Text 'Pedersen AUT' is set on object 'Object Repository/PrimoTours/Old Objects/Coco/PrimoT/Page_Primo Tours  Danmarks bedste c/input_firstName'

2017-11-29 15:41:52 - [TEST_STEP][PASSED] - setText: Text 'Sille Bjerg' is set on object 'Object Repository/PrimoTours/Old Objects/Coco/PrimoT/Page_Primo Tours  Danmarks bedste c/input_lastName'

2017-11-29 15:41:53 - [MESSAGE][PASSED] - Text 'Sille Bjerg' is set on object 'Object Repository/PrimoTours/Old Objects/Coco/PrimoT/Page_Primo Tours  Danmarks bedste c/input_lastName'

2017-11-29 15:41:53 - [TEST_STEP][PASSED] - click: Object: 'Object Repository/PrimoTours/LandingPage/customerGender' is clicked on

2017-11-29 15:41:53 - [MESSAGE][PASSED] - Object: 'Object Repository/PrimoTours/LandingPage/customerGender' is clicked on

2017-11-29 15:41:53 - [TEST_STEP][PASSED] - setText: Text 'Home address' is set on object 'Object Repository/PrimoTours/Old Objects/Coco/PrimoT/Page_Primo Tours  Danmarks bedste c/input_customerAddress'

2017-11-29 15:41:53 - [MESSAGE][PASSED] - Text 'Home address' is set on object 'Object Repository/PrimoTours/Old Objects/Coco/PrimoT/Page_Primo Tours  Danmarks bedste c/input_customerAddress'

2017-11-29 15:41:53 - [TEST_STEP][PASSED] - setText: Text '6700' is set on object 'Object Repository/PrimoTours/Old Objects/Coco/PrimoT/Page_Primo Tours  Danmarks bedste c/input_customerPostcode'

2017-11-29 15:41:53 - [MESSAGE][PASSED] - Text '6700' is set on object 'Object Repository/PrimoTours/Old Objects/Coco/PrimoT/Page_Primo Tours  Danmarks bedste c/input_customerPostcode'

2017-11-29 15:41:53 - [TEST_STEP][PASSED] - setText: Text 'cornel.neacsu@roweb.ro' is set on object 'Object Repository/PrimoTours/Old Objects/Coco/PrimoT/Page_Primo Tours  Danmarks bedste c/input_customerEmail'

2017-11-29 15:41:53 - [MESSAGE][PASSED] - Text 'cornel.neacsu@roweb.ro' is set on object 'Object Repository/PrimoTours/Old Objects/Coco/PrimoT/Page_Primo Tours  Danmarks bedste c/input_customerEmail'

2017-11-29 15:41:53 - [TEST_STEP][PASSED] - setText: Text '12345678' is set on object 'Object Repository/PrimoTours/Old Objects/Coco/PrimoT/Page_Primo Tours  Danmarks bedste c/input_customerPhone'

2017-11-29 15:41:53 - [MESSAGE][PASSED] - Text '12345678' is set on object 'Object Repository/PrimoTours/Old Objects/Coco/PrimoT/Page_Primo Tours  Danmarks bedste c/input_customerPhone'

2017-11-29 15:41:53 - [TEST_STEP][PASSED] - waitForElementClickable: Object 'Object Repository/PrimoTours/Old Objects/Coco/PrimoT/Page_Primo Tours  Danmarks bedste c/input_firstname-0_1' is clickable

2017-11-29 15:41:56 - [MESSAGE][PASSED] - Object 'Object Repository/PrimoTours/Old Objects/Coco/PrimoT/Page_Primo Tours  Danmarks bedste c/input_firstname-0_1' is clickable

2017-11-29 15:41:56 - [TEST_STEP][PASSED] - Statement - driver = com.kms.katalon.core.webui.driver.DriverFactory.getWebDriver(): null

2017-11-29 15:41:56 - [TEST_STEP][PASSED] - Statement - roomContainerXpath = "id("roomAndStaticOptionsContainer")/div[@class="row"]/div[@class="col-md-12 roomContainer"]": null

2017-11-29 15:41:56 - [TEST_STEP][PASSED] - Statement - roomsCount = driver.findElements(org.openqa.selenium.By.xpath(roomContainerXpath)).size(): null

2017-11-29 15:41:56 - [TEST_STEP][PASSED] - Statement - println("roomsCount=" + roomsCount): null

2017-11-29 15:41:56 - [TEST_STEP][PASSED] - Statement - For ([i = 1, i <= roomsCount, (i++)]): Object: 'Object Repository/PrimoTours/LandingPage/secondPaxFirstNameField' is clicked on

2017-11-29 15:41:56 - [TEST_STEP][PASSED] - Statement - paxInRoomXpath = "id("passengersContainer_" + i - 1 + "")/div[@class="col-md-12"]/div[@class="row"]": null

2017-11-29 15:41:56 - [TEST_STEP][PASSED] - Statement - println("paxInRoomXpath=" + paxInRoomXpath): null

2017-11-29 15:41:56 - [TEST_STEP][PASSED] - Statement - paxInRoomCount = driver.findElements(org.openqa.selenium.By.xpath(paxInRoomXpath)).size(): null

2017-11-29 15:41:56 - [TEST_STEP][PASSED] - Statement - println("paxInRoomCount=" + paxInRoomCount): null

2017-11-29 15:41:56 - [TEST_STEP][PASSED] - Statement - For ([j = 1, j <= paxInRoomCount, (j++)]): Object: 'Object Repository/PrimoTours/LandingPage/secondPaxFirstNameField' is clicked on

2017-11-29 15:41:56 - [TEST_STEP][PASSED] - Statement - If (i == 1 & j == 1): null

2017-11-29 15:41:56 - [TEST_STEP][PASSED] - Statement - <not implemented yet for class: org.codehaus.groovy.ast.stmt.ContinueStatement>: null

2017-11-29 15:41:56 - [TEST_STEP][PASSED] - Statement - If (i == 1 & j == 1): null

2017-11-29 15:41:57 - [TEST_STEP][PASSED] - Statement - randomPaxIndex = java.lang.Math.abs(new java.util.Random().nextInt() % excelRowNo) + 1: null

2017-11-29 15:41:57 - [TEST_STEP][PASSED] - Statement - fname = rawData.getValue("FirstName", randomPaxIndex) + " AUT": null

2017-11-29 15:41:57 - [TEST_STEP][PASSED] - Statement - lname = rawData.getValue("LastName", randomPaxIndex): null

2017-11-29 15:41:57 - [TEST_STEP][PASSED] - Statement - pgender = rawData.getValue("Gender", randomPaxIndex): null

2017-11-29 15:41:57 - [TEST_STEP][PASSED] - Statement - pday = rawData.getValue("Day DOB", randomPaxIndex): null

2017-11-29 15:41:57 - [TEST_STEP][PASSED] - Statement - pmonth = rawData.getValue("Month DOB", randomPaxIndex): null

2017-11-29 15:41:57 - [TEST_STEP][PASSED] - Statement - pyear = rawData.getValue("Year DOB", randomPaxIndex): null

2017-11-29 15:41:57 - [TEST_STEP][PASSED] - Statement - paxDetailFields = paxInRoomXpath + "[" + j + "]/div[@class="col-md-x col-md-9"]/div[@class="row paxContainer"][1]/div[contains(@class,"paxAttribute")]": null

2017-11-29 15:41:57 - [TEST_STEP][PASSED] - Statement - xpathval = paxDetailFields + "[1]/div[contains(@class,"form-group")]/input[contains(@class,"paxFirstName")]": null

2017-11-29 15:41:57 - [TEST_STEP][PASSED] - Statement - println("fn: " + xpathval): null

2017-11-29 15:41:57 - [TEST_STEP][PASSED] - Statement - repObj = com.kms.katalon.core.testobject.ObjectRepository.findTestObject(Object Repository/PrimoTours/LandingPage/secondPaxFirstNameField): Finding Test Object with id 'Object Repository/PrimoTours/LandingPage/secondPaxFirstNameField'

2017-11-29 15:41:57 - [TEST_STEP][PASSED] - Statement - repObj.findProperty("xpath").setValue(xpathval): null

2017-11-29 15:41:57 - [TEST_STEP][PASSED] - setText: Text 'Vester Gregersen AUT' is set on object 'Object Repository/PrimoTours/LandingPage/secondPaxFirstNameField'

2017-11-29 15:41:57 - [MESSAGE][PASSED] - Text 'Vester Gregersen AUT' is set on object 'Object Repository/PrimoTours/LandingPage/secondPaxFirstNameField'

2017-11-29 15:41:57 - [TEST_STEP][PASSED] - Statement - xpathval = paxDetailFields + "[2]/div[contains(@class,"form-group")]/input[contains(@class,"paxLastName")]": null

2017-11-29 15:41:57 - [TEST_STEP][PASSED] - Statement - println("ln: " + xpathval): null

2017-11-29 15:41:57 - [TEST_STEP][PASSED] - Statement - repObj = com.kms.katalon.core.testobject.ObjectRepository.findTestObject(Object Repository/PrimoTours/LandingPage/secondPaxFirstNameField): Finding Test Object with id 'Object Repository/PrimoTours/LandingPage/secondPaxFirstNameField'

2017-11-29 15:41:57 - [TEST_STEP][PASSED] - Statement - repObj.findProperty("xpath").setValue(xpathval): null

2017-11-29 15:41:57 - [TEST_STEP][PASSED] - setText: Text 'Mikkel' is set on object 'Object Repository/PrimoTours/LandingPage/secondPaxFirstNameField'

2017-11-29 15:41:57 - [MESSAGE][PASSED] - Text 'Mikkel' is set on object 'Object Repository/PrimoTours/LandingPage/secondPaxFirstNameField'

2017-11-29 15:41:57 - [TEST_STEP][PASSED] - Statement - repObj = com.kms.katalon.core.testobject.ObjectRepository.findTestObject(Object Repository/PrimoTours/LandingPage/secondPaxFirstNameField): Finding Test Object with id 'Object Repository/PrimoTours/LandingPage/secondPaxFirstNameField'

2017-11-29 15:41:57 - [TEST_STEP][PASSED] - Statement - xpathval = paxDetailFields + "[3]/div[contains(@class,"paxGenderSelectorContainer")]/span[contains(@class,"select2 select2-container")]/span[contains(@class,"selection")]/span[contains(@class,"select2-selection")]": null

2017-11-29 15:41:57 - [TEST_STEP][PASSED] - Statement - println("gender: " + xpathval): null

2017-11-29 15:41:57 - [TEST_STEP][PASSED] - Statement - repObj.findProperty("xpath").setValue(xpathval): null

2017-11-29 15:41:57 - [TEST_STEP][PASSED] - click: Object: 'Object Repository/PrimoTours/LandingPage/secondPaxFirstNameField' is clicked on

2017-11-29 15:41:57 - [MESSAGE][PASSED] - Object: 'Object Repository/PrimoTours/LandingPage/secondPaxFirstNameField' is clicked on

2017-11-29 15:41:57 - [TEST_STEP][PASSED] - scrollToElement: Scroll to object 'Object Repository/PrimoTours/Old Objects/Coco (1)/PrimoT/SaveBooking2/Success/bookingTotalValue' successfully

2017-11-29 15:41:57 - [MESSAGE][PASSED] - Scroll to object 'Object Repository/PrimoTours/Old Objects/Coco (1)/PrimoT/SaveBooking2/Success/bookingTotalValue' successfully

2017-11-29 15:41:57 - [TEST_STEP][PASSED] - click: Object: 'Object Repository/PrimoTours/Old Objects/Coco (1)/PrimoT/SaveBooking2/Success/bookingTotalValue' is clicked on

2017-11-29 15:41:57 - [MESSAGE][PASSED] - Object: 'Object Repository/PrimoTours/Old Objects/Coco (1)/PrimoT/SaveBooking2/Success/bookingTotalValue' is clicked on

2017-11-29 15:41:57 - [TEST_STEP][PASSED] - scrollToElement: Scroll to object 'Object Repository/PrimoTours/Old Objects/Coco (1)/PrimoT/SaveBooking2/Success/Page_Primo Tours  Danmarks bedste c/nextButtonOnLandingPage' successfully

2017-11-29 15:41:57 - [MESSAGE][PASSED] - Scroll to object 'Object Repository/PrimoTours/Old Objects/Coco (1)/PrimoT/SaveBooking2/Success/Page_Primo Tours  Danmarks bedste c/nextButtonOnLandingPage' successfully

2017-11-29 15:41:57 - [TEST_STEP][PASSED] - waitForElementClickable: Object 'Object Repository/PrimoTours/Old Objects/Coco (1)/PrimoT/SaveBooking2/Success/Page_Primo Tours  Danmarks bedste c/nextButtonOnLandingPage' is clickable

2017-11-29 15:41:58 - [MESSAGE][PASSED] - Object 'Object Repository/PrimoTours/Old Objects/Coco (1)/PrimoT/SaveBooking2/Success/Page_Primo Tours  Danmarks bedste c/nextButtonOnLandingPage' is clickable

2017-11-29 15:41:58 - [TEST_STEP][PASSED] - waitForElementVisible: Object 'Object Repository/PrimoTours/Old Objects/Coco (1)/PrimoT/SaveBooking2/Success/Page_Primo Tours  Danmarks bedste c/nextButtonOnLandingPage' is visible

2017-11-29 15:41:58 - [MESSAGE][PASSED] - Object 'Object Repository/PrimoTours/Old Objects/Coco (1)/PrimoT/SaveBooking2/Success/Page_Primo Tours  Danmarks bedste c/nextButtonOnLandingPage' is visible

2017-11-29 15:41:58 - [TEST_STEP][PASSED] - scrollToElement: Scroll to object 'Object Repository/PrimoTours/Old Objects/Coco (1)/PrimoT/SaveBooking2/Success/Page_Primo Tours  Danmarks bedste c/nextButtonOnLandingPage' successfully

2017-11-29 15:41:58 - [MESSAGE][PASSED] - Scroll to object 'Object Repository/PrimoTours/Old Objects/Coco (1)/PrimoT/SaveBooking2/Success/Page_Primo Tours  Danmarks bedste c/nextButtonOnLandingPage' successfully

2017-11-29 15:41:58 - [TEST_STEP][PASSED] - click: Object: 'Object Repository/PrimoTours/Old Objects/Coco (1)/PrimoT/SaveBooking2/Success/Page_Primo Tours  Danmarks bedste c/nextButtonOnLandingPage' is clicked on

2017-11-29 15:41:59 - [MESSAGE][PASSED] - Object: 'Object Repository/PrimoTours/Old Objects/Coco (1)/PrimoT/SaveBooking2/Success/Page_Primo Tours  Danmarks bedste c/nextButtonOnLandingPage' is clicked on

2017-11-29 15:41:59 - [TEST_STEP][PASSED] - delay: Delayed 3 second(s)

2017-11-29 15:42:02 - [MESSAGE][PASSED] - Delayed 3 second(s)

2017-11-29 15:42:02 - [TEST_STEP][PASSED] - waitForElementNotVisible: Object 'Object Repository/PrimoTours/Old Objects/CCenter/pageLoaderOverlayLayer' is NOT visible

2017-11-29 15:42:02 - [MESSAGE][PASSED] - Object 'Object Repository/PrimoTours/Old Objects/CCenter/pageLoaderOverlayLayer' is NOT visible

2017-11-29 15:42:02 - [TEST_STEP][PASSED] - scrollToElement: Scroll to object 'Object Repository/PrimoTours/Old Objects/Coco/PrimoT/Ins2/Page_Primo Tours  Danmarks bedste c/travelInsuranceFirstPaxSelector' successfully

2017-11-29 15:42:02 - [MESSAGE][PASSED] - Scroll to object 'Object Repository/PrimoTours/Old Objects/Coco/PrimoT/Ins2/Page_Primo Tours  Danmarks bedste c/travelInsuranceFirstPaxSelector' successfully

2017-11-29 15:42:02 - [TEST_STEP][PASSED] - waitForElementPresent: Object 'Object Repository/PrimoTours/Old Objects/Coco/PrimoT/Ins2/Page_Primo Tours  Danmarks bedste c/travelInsuranceFirstPaxSelector' is present

2017-11-29 15:42:02 - [MESSAGE][PASSED] - Object 'Object Repository/PrimoTours/Old Objects/Coco/PrimoT/Ins2/Page_Primo Tours  Danmarks bedste c/travelInsuranceFirstPaxSelector' is present

2017-11-29 15:42:02 - [TEST_STEP][PASSED] - waitForElementVisible: Object 'Object Repository/PrimoTours/Old Objects/Coco/PrimoT/Ins2/Page_Primo Tours  Danmarks bedste c/travelInsuranceFirstPaxSelector' is visible

2017-11-29 15:42:02 - [MESSAGE][PASSED] - Object 'Object Repository/PrimoTours/Old Objects/Coco/PrimoT/Ins2/Page_Primo Tours  Danmarks bedste c/travelInsuranceFirstPaxSelector' is visible

2017-11-29 15:42:02 - [TEST_STEP][PASSED] - waitForElementClickable: Object 'Object Repository/PrimoTours/Old Objects/Coco/PrimoT/Ins2/Page_Primo Tours  Danmarks bedste c/travelInsuranceFirstPaxSelector' is clickable

2017-11-29 15:42:02 - [MESSAGE][PASSED] - Object 'Object Repository/PrimoTours/Old Objects/Coco/PrimoT/Ins2/Page_Primo Tours  Danmarks bedste c/travelInsuranceFirstPaxSelector' is clickable

2017-11-29 15:42:02 - [TEST_STEP][PASSED] - click: Object: 'Object Repository/PrimoTours/Old Objects/Coco/PrimoT/Ins2/Page_Primo Tours  Danmarks bedste c/travelInsuranceFirstPaxSelector' is clicked on

2017-11-29 15:42:02 - [MESSAGE][PASSED] - Object: 'Object Repository/PrimoTours/Old Objects/Coco/PrimoT/Ins2/Page_Primo Tours  Danmarks bedste c/travelInsuranceFirstPaxSelector' is clicked on

2017-11-29 15:42:02 - [TEST_STEP][PASSED] - Statement - Try: Object: 'Object Repository/PrimoTours/Old Objects/Coco/PrimoT/Ins2/Page_Primo Tours  Danmarks bedste c/firstTravelInsuranceOption' is clicked on

2017-11-29 15:42:02 - [TEST_STEP][PASSED] - click: Object: 'Object Repository/PrimoTours/Old Objects/Coco/PrimoT/Ins2/Page_Primo Tours  Danmarks bedste c/firstTravelInsuranceOption' is clicked on

2017-11-29 15:42:02 - [MESSAGE][PASSED] - Object: 'Object Repository/PrimoTours/Old Objects/Coco/PrimoT/Ins2/Page_Primo Tours  Danmarks bedste c/firstTravelInsuranceOption' is clicked on

2017-11-29 15:42:02 - [TEST_STEP][NOT_RUN] - click: NOT_RUN: click

2017-11-29 15:42:02 - [MESSAGE][NOT_RUN] - NOT_RUN: click

2017-11-29 15:42:02 - [TEST_STEP][NOT_RUN] - scrollToElement: NOT_RUN: scrollToElement

2017-11-29 15:42:02 - [MESSAGE][NOT_RUN] - NOT_RUN: scrollToElement

2017-11-29 15:42:02 - [TEST_STEP][NOT_RUN] - click: NOT_RUN: click

2017-11-29 15:42:02 - [MESSAGE][NOT_RUN] - NOT_RUN: click

2017-11-29 15:42:02 - [TEST_STEP][PASSED] - waitForElementVisible: Object 'Object Repository/PrimoTours/Old Objects/Coco (1)/PrimoT/SaveBooking2/Page_Primo Tours  Danmarks bedste c/individualInsuranceCheckbox' is visible

2017-11-29 15:42:03 - [MESSAGE][PASSED] - Object 'Object Repository/PrimoTours/Old Objects/Coco (1)/PrimoT/SaveBooking2/Page_Primo Tours  Danmarks bedste c/individualInsuranceCheckbox' is visible

2017-11-29 15:42:03 - [TEST_STEP][PASSED] - scrollToElement: Scroll to object 'Object Repository/PrimoTours/Old Objects/Coco (1)/PrimoT/SaveBooking2/Page_Primo Tours  Danmarks bedste c/individualInsuranceCheckbox' successfully

2017-11-29 15:42:03 - [MESSAGE][PASSED] - Scroll to object 'Object Repository/PrimoTours/Old Objects/Coco (1)/PrimoT/SaveBooking2/Page_Primo Tours  Danmarks bedste c/individualInsuranceCheckbox' successfully

2017-11-29 15:42:03 - [TEST_STEP][PASSED] - click: Object: 'Object Repository/PrimoTours/Old Objects/Coco (1)/PrimoT/SaveBooking2/Page_Primo Tours  Danmarks bedste c/individualInsuranceCheckbox' is clicked on

2017-11-29 15:42:03 - [MESSAGE][PASSED] - Object: 'Object Repository/PrimoTours/Old Objects/Coco (1)/PrimoT/SaveBooking2/Page_Primo Tours  Danmarks bedste c/individualInsuranceCheckbox' is clicked on

2017-11-29 15:42:03 - [TEST_STEP][PASSED] - scrollToElement: Scroll to object 'Object Repository/PrimoTours/Old Objects/Coco (1)/PrimoT/SaveBooking2/Success/firstProdCategIndividualSelectionRadioB' successfully

2017-11-29 15:42:03 - [MESSAGE][PASSED] - Scroll to object 'Object Repository/PrimoTours/Old Objects/Coco (1)/PrimoT/SaveBooking2/Success/firstProdCategIndividualSelectionRadioB' successfully

2017-11-29 15:42:03 - [TEST_STEP][PASSED] - waitForElementClickable: Object 'Object Repository/PrimoTours/Old Objects/Coco (1)/PrimoT/SaveBooking2/Success/firstProdCategIndividualSelectionRadioB' is clickable

2017-11-29 15:42:03 - [MESSAGE][PASSED] - Object 'Object Repository/PrimoTours/Old Objects/Coco (1)/PrimoT/SaveBooking2/Success/firstProdCategIndividualSelectionRadioB' is clickable

2017-11-29 15:42:03 - [TEST_STEP][PASSED] - scrollToElement: Scroll to object 'Object Repository/PrimoTours/Old Objects/Coco (1)/PrimoT/SaveBooking2/Success/firstProdCategIndividualSelectionRadioB' successfully

2017-11-29 15:42:03 - [MESSAGE][PASSED] - Scroll to object 'Object Repository/PrimoTours/Old Objects/Coco (1)/PrimoT/SaveBooking2/Success/firstProdCategIndividualSelectionRadioB' successfully

2017-11-29 15:42:03 - [TEST_STEP][PASSED] - click: Object: 'Object Repository/PrimoTours/Old Objects/Coco (1)/PrimoT/SaveBooking2/Success/firstProdCategIndividualSelectionRadioB' is clicked on

2017-11-29 15:42:04 - [MESSAGE][PASSED] - Object: 'Object Repository/PrimoTours/Old Objects/Coco (1)/PrimoT/SaveBooking2/Success/firstProdCategIndividualSelectionRadioB' is clicked on

2017-11-29 15:42:04 - [TEST_STEP][PASSED] - scrollToElement: Scroll to object 'Object Repository/PrimoTours/Old Objects/Coco (1)/PrimoT/SaveBooking2/Success/firstProdCategSelectForAllPaxCheckbox' successfully

2017-11-29 15:42:04 - [MESSAGE][PASSED] - Scroll to object 'Object Repository/PrimoTours/Old Objects/Coco (1)/PrimoT/SaveBooking2/Success/firstProdCategSelectForAllPaxCheckbox' successfully

2017-11-29 15:42:04 - [TEST_STEP][PASSED] - waitForElementClickable: Object 'Object Repository/PrimoTours/Old Objects/Coco (1)/PrimoT/SaveBooking2/Success/firstProdCategSelectForAllPaxCheckbox' is clickable

2017-11-29 15:42:04 - [MESSAGE][PASSED] - Object 'Object Repository/PrimoTours/Old Objects/Coco (1)/PrimoT/SaveBooking2/Success/firstProdCategSelectForAllPaxCheckbox' is clickable

2017-11-29 15:42:04 - [TEST_STEP][PASSED] - click: Object: 'Object Repository/PrimoTours/Old Objects/Coco (1)/PrimoT/SaveBooking2/Success/firstProdCategSelectForAllPaxCheckbox' is clicked on

2017-11-29 15:42:04 - [MESSAGE][PASSED] - Object: 'Object Repository/PrimoTours/Old Objects/Coco (1)/PrimoT/SaveBooking2/Success/firstProdCategSelectForAllPaxCheckbox' is clicked on

2017-11-29 15:42:04 - [TEST_STEP][NOT_RUN] - scrollToElement: NOT_RUN: scrollToElement

2017-11-29 15:42:04 - [MESSAGE][NOT_RUN] - NOT_RUN: scrollToElement

2017-11-29 15:42:04 - [TEST_STEP][NOT_RUN] - scrollToElement: NOT_RUN: scrollToElement

2017-11-29 15:42:04 - [MESSAGE][NOT_RUN] - NOT_RUN: scrollToElement

2017-11-29 15:42:04 - [TEST_STEP][NOT_RUN] - click: NOT_RUN: click

2017-11-29 15:42:04 - [MESSAGE][NOT_RUN] - NOT_RUN: click

2017-11-29 15:42:04 - [TEST_STEP][PASSED] - scrollToElement: Scroll to object 'Object Repository/PrimoTours/ConfirmationPage/agreeTermsAndCondCheckbox' successfully

2017-11-29 15:42:04 - [MESSAGE][PASSED] - Scroll to object 'Object Repository/PrimoTours/ConfirmationPage/agreeTermsAndCondCheckbox' successfully

2017-11-29 15:42:04 - [TEST_STEP][PASSED] - click: Object: 'Object Repository/PrimoTours/ConfirmationPage/agreeTermsAndCondCheckbox' is clicked on

2017-11-29 15:42:04 - [MESSAGE][PASSED] - Object: 'Object Repository/PrimoTours/ConfirmationPage/agreeTermsAndCondCheckbox' is clicked on

2017-11-29 15:42:04 - [TEST_STEP][PASSED] - scrollToElement: Scroll to object 'Object Repository/PrimoTours/ConfirmationPage/placeBookingSpanInsideButton' successfully

2017-11-29 15:42:05 - [MESSAGE][PASSED] - Scroll to object 'Object Repository/PrimoTours/ConfirmationPage/placeBookingSpanInsideButton' successfully

2017-11-29 15:42:05 - [TEST_STEP][PASSED] - delay: Delayed 1 second(s)

2017-11-29 15:42:06 - [MESSAGE][PASSED] - Delayed 1 second(s)

2017-11-29 15:42:06 - [TEST_STEP][PASSED] - waitForElementClickable: Object 'Object Repository/PrimoTours/ConfirmationPage/placeBookingSpanInsideButton' is clickable

2017-11-29 15:42:06 - [MESSAGE][PASSED] - Object 'Object Repository/PrimoTours/ConfirmationPage/placeBookingSpanInsideButton' is clickable

2017-11-29 15:42:06 - [TEST_STEP][PASSED] - Statement - Try: Object: 'Object Repository/PrimoTours/ConfirmationPage/placeBookingSpanInsideButton' is clicked on

2017-11-29 15:42:06 - [TEST_STEP][PASSED] - click: Object: 'Object Repository/PrimoTours/ConfirmationPage/placeBookingSpanInsideButton' is clicked on

2017-11-29 15:42:06 - [MESSAGE][PASSED] - Object: 'Object Repository/PrimoTours/ConfirmationPage/placeBookingSpanInsideButton' is clicked on

2017-11-29 15:42:06 - [TEST_STEP][PASSED] - delay: Delayed 2 second(s)

2017-11-29 15:42:08 - [MESSAGE][PASSED] - Delayed 2 second(s)

2017-11-29 15:42:08 - [TEST_STEP][PASSED] - waitForPageLoad: Wait for page load successfully

2017-11-29 15:42:08 - [MESSAGE][PASSED] - Wait for page load successfully

2017-11-29 15:42:08 - [TEST_STEP][PASSED] - waitForJQueryLoad: jQuery is ready.

2017-11-29 15:42:12 - [MESSAGE][PASSED] - jQuery is ready.

2017-11-29 15:42:12 - [TEST_STEP][PASSED] - waitForElementPresent: Object 'Object Repository/PrimoTours/Old Objects/CCenter/pageLoaderOverlayLayer' is present

2017-11-29 15:42:12 - [MESSAGE][PASSED] - Object 'Object Repository/PrimoTours/Old Objects/CCenter/pageLoaderOverlayLayer' is present

2017-11-29 15:42:12 - [TEST_STEP][PASSED] - waitForElementNotVisible: Object 'Object Repository/PrimoTours/Old Objects/CCenter/pageLoaderOverlayLayer' is NOT visible

2017-11-29 15:42:12 - [MESSAGE][PASSED] - Object 'Object Repository/PrimoTours/Old Objects/CCenter/pageLoaderOverlayLayer' is NOT visible

2017-11-29 15:42:12 - [TEST_STEP][PASSED] - waitForElementPresent: Object 'Object Repository/PrimoTours/Old Objects/ThankYouPage/bookingNoContainer' is present

2017-11-29 15:42:12 - [MESSAGE][PASSED] - Object 'Object Repository/PrimoTours/Old Objects/ThankYouPage/bookingNoContainer' is present

2017-11-29 15:42:12 - [TEST_STEP][PASSED] - waitForElementClickable: Object 'Object Repository/PrimoTours/Old Objects/ThankYouPage/bookingNoContainer' is clickable

2017-11-29 15:42:12 - [MESSAGE][PASSED] - Object 'Object Repository/PrimoTours/Old Objects/ThankYouPage/bookingNoContainer' is clickable

2017-11-29 15:42:12 - [TEST_STEP][PASSED] - verifyElementVisible: Object 'Object Repository/PrimoTours/Old Objects/ThankYouPage/bookingNoContainer' is visible

2017-11-29 15:42:12 - [MESSAGE][PASSED] - Object 'Object Repository/PrimoTours/Old Objects/ThankYouPage/bookingNoContainer' is visible

2017-11-29 15:42:12 - [TEST_STEP][PASSED] - verifyElementVisible: Object 'Object Repository/PrimoTours/Old Objects/ThankYouPage/bookingTotalInfo' is visible

2017-11-29 15:42:12 - [MESSAGE][PASSED] - Object 'Object Repository/PrimoTours/Old Objects/ThankYouPage/bookingTotalInfo' is visible

2017-11-29 15:42:12 - [TEST_STEP][PASSED] - verifyElementVisible: Object 'Object Repository/PrimoTours/Old Objects/ThankYouPage/bookingTotalPriceBar' is visible

2017-11-29 15:42:12 - [MESSAGE][PASSED] - Object 'Object Repository/PrimoTours/Old Objects/ThankYouPage/bookingTotalPriceBar' is visible

2017-11-29 15:42:12 - [TEST_STEP][PASSED] - verifyElementVisible: Object 'Object Repository/PrimoTours/Old Objects/ThankYouPage/printTicketSpan' is visible

2017-11-29 15:42:12 - [MESSAGE][PASSED] - Object 'Object Repository/PrimoTours/Old Objects/ThankYouPage/printTicketSpan' is visible

2017-11-29 15:42:12 - [TEST_STEP][PASSED] - waitForElementClickable: Object 'Object Repository/PrimoTours/Old Objects/ThankYouPage/printTicketSpan' is clickable

2017-11-29 15:42:12 - [MESSAGE][PASSED] - Object 'Object Repository/PrimoTours/Old Objects/ThankYouPage/printTicketSpan' is clickable

2017-11-29 15:42:12 - [TEST_STEP][PASSED] - Statement - Try: Object: 'Object Repository/PrimoTours/Old Objects/ThankYouPage/printTicketSpan' is clicked on

2017-11-29 15:42:12 - [TEST_STEP][PASSED] - click: Object: 'Object Repository/PrimoTours/Old Objects/ThankYouPage/printTicketSpan' is clicked on

2017-11-29 15:42:18 - [MESSAGE][PASSED] - Object: 'Object Repository/PrimoTours/Old Objects/ThankYouPage/printTicketSpan' is clicked on

2017-11-29 15:42:18 - [TEST_STEP][PASSED] - delay: Delayed 2 second(s)

2017-11-29 15:42:20 - [MESSAGE][PASSED] - Delayed 2 second(s)

2017-11-29 15:42:20 - [TEST_STEP][PASSED] - waitForElementVisible: Object 'Object Repository/PrimoTours/Old Objects/ThankYouPage/cCenterButton' is visible

2017-11-29 15:42:20 - [MESSAGE][PASSED] - Object 'Object Repository/PrimoTours/Old Objects/ThankYouPage/cCenterButton' is visible

2017-11-29 15:42:20 - [TEST_STEP][PASSED] - waitForElementClickable: Object 'Object Repository/PrimoTours/Old Objects/ThankYouPage/cCenterButton' is clickable

2017-11-29 15:42:20 - [MESSAGE][PASSED] - Object 'Object Repository/PrimoTours/Old Objects/ThankYouPage/cCenterButton' is clickable

2017-11-29 15:42:20 - [TEST_STEP][PASSED] - click: Object: 'Object Repository/PrimoTours/Old Objects/ThankYouPage/cCenterButton' is clicked on

2017-11-29 15:42:21 - [MESSAGE][PASSED] - Object: 'Object Repository/PrimoTours/Old Objects/ThankYouPage/cCenterButton' is clicked on

2017-11-29 15:42:21 - [TEST_STEP][PASSED] - waitForPageLoad: Wait for page load successfully

2017-11-29 15:42:21 - [MESSAGE][PASSED] - Wait for page load successfully

2017-11-29 15:42:21 - [TEST_STEP][PASSED] - waitForJQueryLoad: jQuery is ready.

2017-11-29 15:42:21 - [MESSAGE][PASSED] - jQuery is ready.

2017-11-29 15:42:21 - [TEST_STEP][PASSED] - waitForElementPresent: Object 'Object Repository/PrimoTours/Old Objects/CCenter/pageLoaderOverlayLayer' is present

2017-11-29 15:42:21 - [MESSAGE][PASSED] - Object 'Object Repository/PrimoTours/Old Objects/CCenter/pageLoaderOverlayLayer' is present

2017-11-29 15:42:21 - [TEST_STEP][PASSED] - waitForElementNotVisible: Object 'Object Repository/PrimoTours/Old Objects/CCenter/pageLoaderOverlayLayer' is NOT visible

2017-11-29 15:42:21 - [MESSAGE][PASSED] - Object 'Object Repository/PrimoTours/Old Objects/CCenter/pageLoaderOverlayLayer' is NOT visible

2017-11-29 15:42:21 - [TEST_STEP][PASSED] - verifyElementVisible: Object 'Object Repository/PrimoTours/Old Objects/ThankYouPage/bookingNoContainer' is visible

2017-11-29 15:42:21 - [MESSAGE][PASSED] - Object 'Object Repository/PrimoTours/Old Objects/ThankYouPage/bookingNoContainer' is visible

2017-11-29 15:42:21 - [TEST_STEP][PASSED] - verifyElementVisible: Object 'Object Repository/PrimoTours/Old Objects/ThankYouPage/bookingTotalPriceBar' is visible

2017-11-29 15:42:21 - [MESSAGE][PASSED] - Object 'Object Repository/PrimoTours/Old Objects/ThankYouPage/bookingTotalPriceBar' is visible

2017-11-29 15:42:21 - [TEST_STEP][PASSED] - delay: Delayed 1 second(s)

2017-11-29 15:42:22 - [MESSAGE][PASSED] - Delayed 1 second(s)]]></system-out>
         <system-err><![CDATA[]]></system-err>
      </testcase>
      <testcase name="Test Cases/PrimoTours/WB Primo/WB Primo staging - place booking - Iteration 2" classname="Test Cases/PrimoTours/WB Primo/WB Primo staging - place booking" status="PASSED">
         <system-out><![CDATA[2017-11-29 15:42:22 - [TEST_CASE][PASSED] - Test Cases/PrimoTours/WB Primo/WB Primo staging - place booking - Iteration 2: Test Cases/PrimoTours/WB Primo/WB Primo staging - place booking

2017-11-29 15:42:22 - [TEST_STEP][PASSED] - openBrowser: Browser is opened with url: ''

2017-11-29 15:42:22 - [MESSAGE][WARNING] - A browser is already opened. Closing browser and opening a new one

2017-11-29 15:42:25 - [MESSAGE][PASSED] - Browser is opened with url: ''

2017-11-29 15:42:25 - [TEST_STEP][PASSED] - maximizeWindow: Current window maximized

2017-11-29 15:42:25 - [MESSAGE][PASSED] - Current window maximized

2017-11-29 15:42:25 - [TEST_STEP][PASSED] - navigateToUrl: Navigate to 'http://localhost:50029/DoBooking.aspx?pltaID=1480269&p=1&rno=1&pt=1&a=2&c=2&aa=&ca=1,5' successfully

2017-11-29 15:42:26 - [MESSAGE][PASSED] - Navigate to 'http://localhost:50029/DoBooking.aspx?pltaID=1480269&p=1&rno=1&pt=1&a=2&c=2&aa=&ca=1,5' successfully

2017-11-29 15:42:26 - [TEST_STEP][PASSED] - Statement - excelInfo = ["fname":"", "lname":"", "pgender":"", "pday":"", "pmonth":"", "pyear":""]: null

2017-11-29 15:42:26 - [TEST_STEP][PASSED] - Statement - rawData = com.kms.katalon.core.testdata.TestDataFactory.findTestData("Data Files/WB_Primo/Passenger_details"): Reading excel file with source file 'D:\Software testing\Tourpaq\Automated Katalon tests\Primo WB test\Data Files\Primo_URLs_For_Automated_Test.xls' and sheet name 'Passenger Names'

2017-11-29 15:42:26 - [TEST_STEP][PASSED] - Statement - excelRowNo = rawData.getRowNumbers(): null

2017-11-29 15:42:26 - [TEST_STEP][PASSED] - Statement - randomPaxIndex = java.lang.Math.abs(new java.util.Random().nextInt() % excelRowNo) + 1: null

2017-11-29 15:42:26 - [TEST_STEP][PASSED] - Statement - fname = rawData.getValue("FirstName", randomPaxIndex): null

2017-11-29 15:42:26 - [TEST_STEP][PASSED] - Statement - lname = rawData.getValue("LastName", randomPaxIndex): null

2017-11-29 15:42:26 - [TEST_STEP][PASSED] - Statement - pgender = rawData.getValue("Gender", randomPaxIndex): null

2017-11-29 15:42:26 - [TEST_STEP][PASSED] - setText: Text 'Skovfo AUT' is set on object 'Object Repository/PrimoTours/Old Objects/Coco/PrimoT/Page_Primo Tours  Danmarks bedste c/input_firstName'

2017-11-29 15:42:26 - [MESSAGE][PASSED] - Text 'Skovfo AUT' is set on object 'Object Repository/PrimoTours/Old Objects/Coco/PrimoT/Page_Primo Tours  Danmarks bedste c/input_firstName'

2017-11-29 15:42:26 - [TEST_STEP][PASSED] - setText: Text 'Kristoffer' is set on object 'Object Repository/PrimoTours/Old Objects/Coco/PrimoT/Page_Primo Tours  Danmarks bedste c/input_lastName'

2017-11-29 15:42:26 - [MESSAGE][PASSED] - Text 'Kristoffer' is set on object 'Object Repository/PrimoTours/Old Objects/Coco/PrimoT/Page_Primo Tours  Danmarks bedste c/input_lastName'

2017-11-29 15:42:26 - [TEST_STEP][PASSED] - click: Object: 'Object Repository/PrimoTours/LandingPage/customerGender' is clicked on

2017-11-29 15:42:27 - [MESSAGE][PASSED] - Object: 'Object Repository/PrimoTours/LandingPage/customerGender' is clicked on

2017-11-29 15:42:27 - [TEST_STEP][PASSED] - setText: Text 'Home address' is set on object 'Object Repository/PrimoTours/Old Objects/Coco/PrimoT/Page_Primo Tours  Danmarks bedste c/input_customerAddress'

2017-11-29 15:42:27 - [MESSAGE][PASSED] - Text 'Home address' is set on object 'Object Repository/PrimoTours/Old Objects/Coco/PrimoT/Page_Primo Tours  Danmarks bedste c/input_customerAddress'

2017-11-29 15:42:27 - [TEST_STEP][PASSED] - setText: Text '6700' is set on object 'Object Repository/PrimoTours/Old Objects/Coco/PrimoT/Page_Primo Tours  Danmarks bedste c/input_customerPostcode'

2017-11-29 15:42:27 - [MESSAGE][PASSED] - Text '6700' is set on object 'Object Repository/PrimoTours/Old Objects/Coco/PrimoT/Page_Primo Tours  Danmarks bedste c/input_customerPostcode'

2017-11-29 15:42:27 - [TEST_STEP][PASSED] - setText: Text 'cornel.neacsu@roweb.ro' is set on object 'Object Repository/PrimoTours/Old Objects/Coco/PrimoT/Page_Primo Tours  Danmarks bedste c/input_customerEmail'

2017-11-29 15:42:27 - [MESSAGE][PASSED] - Text 'cornel.neacsu@roweb.ro' is set on object 'Object Repository/PrimoTours/Old Objects/Coco/PrimoT/Page_Primo Tours  Danmarks bedste c/input_customerEmail'

2017-11-29 15:42:27 - [TEST_STEP][PASSED] - setText: Text '12345678' is set on object 'Object Repository/PrimoTours/Old Objects/Coco/PrimoT/Page_Primo Tours  Danmarks bedste c/input_customerPhone'

2017-11-29 15:42:27 - [MESSAGE][PASSED] - Text '12345678' is set on object 'Object Repository/PrimoTours/Old Objects/Coco/PrimoT/Page_Primo Tours  Danmarks bedste c/input_customerPhone'

2017-11-29 15:42:27 - [TEST_STEP][PASSED] - waitForElementClickable: Object 'Object Repository/PrimoTours/Old Objects/Coco/PrimoT/Page_Primo Tours  Danmarks bedste c/input_firstname-0_1' is clickable

2017-11-29 15:42:30 - [MESSAGE][PASSED] - Object 'Object Repository/PrimoTours/Old Objects/Coco/PrimoT/Page_Primo Tours  Danmarks bedste c/input_firstname-0_1' is clickable

2017-11-29 15:42:30 - [TEST_STEP][PASSED] - Statement - driver = com.kms.katalon.core.webui.driver.DriverFactory.getWebDriver(): null

2017-11-29 15:42:30 - [TEST_STEP][PASSED] - Statement - roomContainerXpath = "id("roomAndStaticOptionsContainer")/div[@class="row"]/div[@class="col-md-12 roomContainer"]": null

2017-11-29 15:42:30 - [TEST_STEP][PASSED] - Statement - roomsCount = driver.findElements(org.openqa.selenium.By.xpath(roomContainerXpath)).size(): null

2017-11-29 15:42:30 - [TEST_STEP][PASSED] - Statement - println("roomsCount=" + roomsCount): null

2017-11-29 15:42:30 - [TEST_STEP][PASSED] - Statement - For ([i = 1, i <= roomsCount, (i++)]): Object: 'Object Repository/PrimoTours/LandingPage/secondPaxFirstNameField' is clicked on

2017-11-29 15:42:30 - [TEST_STEP][PASSED] - Statement - paxInRoomXpath = "id("passengersContainer_" + i - 1 + "")/div[@class="col-md-12"]/div[@class="row"]": null

2017-11-29 15:42:30 - [TEST_STEP][PASSED] - Statement - println("paxInRoomXpath=" + paxInRoomXpath): null

2017-11-29 15:42:30 - [TEST_STEP][PASSED] - Statement - paxInRoomCount = driver.findElements(org.openqa.selenium.By.xpath(paxInRoomXpath)).size(): null

2017-11-29 15:42:30 - [TEST_STEP][PASSED] - Statement - println("paxInRoomCount=" + paxInRoomCount): null

2017-11-29 15:42:30 - [TEST_STEP][PASSED] - Statement - For ([j = 1, j <= paxInRoomCount, (j++)]): Object: 'Object Repository/PrimoTours/LandingPage/secondPaxFirstNameField' is clicked on

2017-11-29 15:42:30 - [TEST_STEP][PASSED] - Statement - If (i == 1 & j == 1): null

2017-11-29 15:42:30 - [TEST_STEP][PASSED] - Statement - <not implemented yet for class: org.codehaus.groovy.ast.stmt.ContinueStatement>: null

2017-11-29 15:42:30 - [TEST_STEP][PASSED] - Statement - If (i == 1 & j == 1): null

2017-11-29 15:42:30 - [TEST_STEP][PASSED] - Statement - randomPaxIndex = java.lang.Math.abs(new java.util.Random().nextInt() % excelRowNo) + 1: null

2017-11-29 15:42:30 - [TEST_STEP][PASSED] - Statement - fname = rawData.getValue("FirstName", randomPaxIndex) + " AUT": null

2017-11-29 15:42:30 - [TEST_STEP][PASSED] - Statement - lname = rawData.getValue("LastName", randomPaxIndex): null

2017-11-29 15:42:30 - [TEST_STEP][PASSED] - Statement - pgender = rawData.getValue("Gender", randomPaxIndex): null

2017-11-29 15:42:30 - [TEST_STEP][PASSED] - Statement - pday = rawData.getValue("Day DOB", randomPaxIndex): null

2017-11-29 15:42:30 - [TEST_STEP][PASSED] - Statement - pmonth = rawData.getValue("Month DOB", randomPaxIndex): null

2017-11-29 15:42:30 - [TEST_STEP][PASSED] - Statement - pyear = rawData.getValue("Year DOB", randomPaxIndex): null

2017-11-29 15:42:30 - [TEST_STEP][PASSED] - Statement - paxDetailFields = paxInRoomXpath + "[" + j + "]/div[@class="col-md-x col-md-9"]/div[@class="row paxContainer"][1]/div[contains(@class,"paxAttribute")]": null

2017-11-29 15:42:30 - [TEST_STEP][PASSED] - Statement - xpathval = paxDetailFields + "[1]/div[contains(@class,"form-group")]/input[contains(@class,"paxFirstName")]": null

2017-11-29 15:42:30 - [TEST_STEP][PASSED] - Statement - println("fn: " + xpathval): null

2017-11-29 15:42:30 - [TEST_STEP][PASSED] - Statement - repObj = com.kms.katalon.core.testobject.ObjectRepository.findTestObject(Object Repository/PrimoTours/LandingPage/secondPaxFirstNameField): Finding Test Object with id 'Object Repository/PrimoTours/LandingPage/secondPaxFirstNameField'

2017-11-29 15:42:30 - [TEST_STEP][PASSED] - Statement - repObj.findProperty("xpath").setValue(xpathval): null

2017-11-29 15:42:30 - [TEST_STEP][PASSED] - setText: Text 'Hansen AUT' is set on object 'Object Repository/PrimoTours/LandingPage/secondPaxFirstNameField'

2017-11-29 15:42:30 - [MESSAGE][PASSED] - Text 'Hansen AUT' is set on object 'Object Repository/PrimoTours/LandingPage/secondPaxFirstNameField'

2017-11-29 15:42:30 - [TEST_STEP][PASSED] - Statement - xpathval = paxDetailFields + "[2]/div[contains(@class,"form-group")]/input[contains(@class,"paxLastName")]": null

2017-11-29 15:42:30 - [TEST_STEP][PASSED] - Statement - println("ln: " + xpathval): null

2017-11-29 15:42:30 - [TEST_STEP][PASSED] - Statement - repObj = com.kms.katalon.core.testobject.ObjectRepository.findTestObject(Object Repository/PrimoTours/LandingPage/secondPaxFirstNameField): Finding Test Object with id 'Object Repository/PrimoTours/LandingPage/secondPaxFirstNameField'

2017-11-29 15:42:31 - [TEST_STEP][PASSED] - Statement - repObj.findProperty("xpath").setValue(xpathval): null

2017-11-29 15:42:31 - [TEST_STEP][PASSED] - setText: Text 'Sebastian Kevin Nørgaard' is set on object 'Object Repository/PrimoTours/LandingPage/secondPaxFirstNameField'

2017-11-29 15:42:31 - [MESSAGE][PASSED] - Text 'Sebastian Kevin Nørgaard' is set on object 'Object Repository/PrimoTours/LandingPage/secondPaxFirstNameField'

2017-11-29 15:42:31 - [TEST_STEP][PASSED] - Statement - repObj = com.kms.katalon.core.testobject.ObjectRepository.findTestObject(Object Repository/PrimoTours/LandingPage/secondPaxFirstNameField): Finding Test Object with id 'Object Repository/PrimoTours/LandingPage/secondPaxFirstNameField'

2017-11-29 15:42:31 - [TEST_STEP][PASSED] - Statement - xpathval = paxDetailFields + "[3]/div[contains(@class,"paxGenderSelectorContainer")]/span[contains(@class,"select2 select2-container")]/span[contains(@class,"selection")]/span[contains(@class,"select2-selection")]": null

2017-11-29 15:42:31 - [TEST_STEP][PASSED] - Statement - println("gender: " + xpathval): null

2017-11-29 15:42:31 - [TEST_STEP][PASSED] - Statement - repObj.findProperty("xpath").setValue(xpathval): null

2017-11-29 15:42:31 - [TEST_STEP][PASSED] - click: Object: 'Object Repository/PrimoTours/LandingPage/secondPaxFirstNameField' is clicked on

2017-11-29 15:42:31 - [MESSAGE][PASSED] - Object: 'Object Repository/PrimoTours/LandingPage/secondPaxFirstNameField' is clicked on

2017-11-29 15:42:31 - [TEST_STEP][PASSED] - Statement - If (i == 1 & j == 1): null

2017-11-29 15:42:31 - [TEST_STEP][PASSED] - Statement - randomPaxIndex = java.lang.Math.abs(new java.util.Random().nextInt() % excelRowNo) + 1: null

2017-11-29 15:42:31 - [TEST_STEP][PASSED] - Statement - fname = rawData.getValue("FirstName", randomPaxIndex) + " AUT": null

2017-11-29 15:42:31 - [TEST_STEP][PASSED] - Statement - lname = rawData.getValue("LastName", randomPaxIndex): null

2017-11-29 15:42:31 - [TEST_STEP][PASSED] - Statement - pgender = rawData.getValue("Gender", randomPaxIndex): null

2017-11-29 15:42:31 - [TEST_STEP][PASSED] - Statement - pday = rawData.getValue("Day DOB", randomPaxIndex): null

2017-11-29 15:42:31 - [TEST_STEP][PASSED] - Statement - pmonth = rawData.getValue("Month DOB", randomPaxIndex): null

2017-11-29 15:42:31 - [TEST_STEP][PASSED] - Statement - pyear = rawData.getValue("Year DOB", randomPaxIndex): null

2017-11-29 15:42:31 - [TEST_STEP][PASSED] - Statement - paxDetailFields = paxInRoomXpath + "[" + j + "]/div[@class="col-md-x col-md-9"]/div[@class="row paxContainer"][1]/div[contains(@class,"paxAttribute")]": null

2017-11-29 15:42:31 - [TEST_STEP][PASSED] - Statement - xpathval = paxDetailFields + "[1]/div[contains(@class,"form-group")]/input[contains(@class,"paxFirstName")]": null

2017-11-29 15:42:31 - [TEST_STEP][PASSED] - Statement - println("fn: " + xpathval): null

2017-11-29 15:42:31 - [TEST_STEP][PASSED] - Statement - repObj = com.kms.katalon.core.testobject.ObjectRepository.findTestObject(Object Repository/PrimoTours/LandingPage/secondPaxFirstNameField): Finding Test Object with id 'Object Repository/PrimoTours/LandingPage/secondPaxFirstNameField'

2017-11-29 15:42:31 - [TEST_STEP][PASSED] - Statement - repObj.findProperty("xpath").setValue(xpathval): null

2017-11-29 15:42:31 - [TEST_STEP][PASSED] - setText: Text 'Jakobsen AUT' is set on object 'Object Repository/PrimoTours/LandingPage/secondPaxFirstNameField'

2017-11-29 15:42:31 - [MESSAGE][PASSED] - Text 'Jakobsen AUT' is set on object 'Object Repository/PrimoTours/LandingPage/secondPaxFirstNameField'

2017-11-29 15:42:31 - [TEST_STEP][PASSED] - Statement - xpathval = paxDetailFields + "[2]/div[contains(@class,"form-group")]/input[contains(@class,"paxLastName")]": null

2017-11-29 15:42:31 - [TEST_STEP][PASSED] - Statement - println("ln: " + xpathval): null

2017-11-29 15:42:31 - [TEST_STEP][PASSED] - Statement - repObj = com.kms.katalon.core.testobject.ObjectRepository.findTestObject(Object Repository/PrimoTours/LandingPage/secondPaxFirstNameField): Finding Test Object with id 'Object Repository/PrimoTours/LandingPage/secondPaxFirstNameField'

2017-11-29 15:42:31 - [TEST_STEP][PASSED] - Statement - repObj.findProperty("xpath").setValue(xpathval): null

2017-11-29 15:42:31 - [TEST_STEP][PASSED] - setText: Text 'Mette Vinge' is set on object 'Object Repository/PrimoTours/LandingPage/secondPaxFirstNameField'

2017-11-29 15:42:31 - [MESSAGE][PASSED] - Text 'Mette Vinge' is set on object 'Object Repository/PrimoTours/LandingPage/secondPaxFirstNameField'

2017-11-29 15:42:31 - [TEST_STEP][PASSED] - Statement - repObj = com.kms.katalon.core.testobject.ObjectRepository.findTestObject(Object Repository/PrimoTours/LandingPage/secondPaxFirstNameField): Finding Test Object with id 'Object Repository/PrimoTours/LandingPage/secondPaxFirstNameField'

2017-11-29 15:42:31 - [TEST_STEP][PASSED] - Statement - xpathval = paxDetailFields + "[3]/div[contains(@class,"paxGenderSelectorContainer")]/span[contains(@class,"select2 select2-container")]/span[contains(@class,"selection")]/span[contains(@class,"select2-selection")]": null

2017-11-29 15:42:31 - [TEST_STEP][PASSED] - Statement - println("gender: " + xpathval): null

2017-11-29 15:42:31 - [TEST_STEP][PASSED] - Statement - repObj.findProperty("xpath").setValue(xpathval): null

2017-11-29 15:42:31 - [TEST_STEP][PASSED] - click: Object: 'Object Repository/PrimoTours/LandingPage/secondPaxFirstNameField' is clicked on

2017-11-29 15:42:31 - [MESSAGE][PASSED] - Object: 'Object Repository/PrimoTours/LandingPage/secondPaxFirstNameField' is clicked on

2017-11-29 15:42:31 - [TEST_STEP][PASSED] - Statement - If (i == 1 & j == 1): null

2017-11-29 15:42:31 - [TEST_STEP][PASSED] - Statement - randomPaxIndex = java.lang.Math.abs(new java.util.Random().nextInt() % excelRowNo) + 1: null

2017-11-29 15:42:31 - [TEST_STEP][PASSED] - Statement - fname = rawData.getValue("FirstName", randomPaxIndex) + " AUT": null

2017-11-29 15:42:31 - [TEST_STEP][PASSED] - Statement - lname = rawData.getValue("LastName", randomPaxIndex): null

2017-11-29 15:42:31 - [TEST_STEP][PASSED] - Statement - pgender = rawData.getValue("Gender", randomPaxIndex): null

2017-11-29 15:42:31 - [TEST_STEP][PASSED] - Statement - pday = rawData.getValue("Day DOB", randomPaxIndex): null

2017-11-29 15:42:31 - [TEST_STEP][PASSED] - Statement - pmonth = rawData.getValue("Month DOB", randomPaxIndex): null

2017-11-29 15:42:31 - [TEST_STEP][PASSED] - Statement - pyear = rawData.getValue("Year DOB", randomPaxIndex): null

2017-11-29 15:42:31 - [TEST_STEP][PASSED] - Statement - paxDetailFields = paxInRoomXpath + "[" + j + "]/div[@class="col-md-x col-md-9"]/div[@class="row paxContainer"][1]/div[contains(@class,"paxAttribute")]": null

2017-11-29 15:42:31 - [TEST_STEP][PASSED] - Statement - xpathval = paxDetailFields + "[1]/div[contains(@class,"form-group")]/input[contains(@class,"paxFirstName")]": null

2017-11-29 15:42:31 - [TEST_STEP][PASSED] - Statement - println("fn: " + xpathval): null

2017-11-29 15:42:31 - [TEST_STEP][PASSED] - Statement - repObj = com.kms.katalon.core.testobject.ObjectRepository.findTestObject(Object Repository/PrimoTours/LandingPage/secondPaxFirstNameField): Finding Test Object with id 'Object Repository/PrimoTours/LandingPage/secondPaxFirstNameField'

2017-11-29 15:42:31 - [TEST_STEP][PASSED] - Statement - repObj.findProperty("xpath").setValue(xpathval): null

2017-11-29 15:42:31 - [TEST_STEP][PASSED] - setText: Text 'Christiansen AUT' is set on object 'Object Repository/PrimoTours/LandingPage/secondPaxFirstNameField'

2017-11-29 15:42:31 - [MESSAGE][PASSED] - Text 'Christiansen AUT' is set on object 'Object Repository/PrimoTours/LandingPage/secondPaxFirstNameField'

2017-11-29 15:42:31 - [TEST_STEP][PASSED] - Statement - xpathval = paxDetailFields + "[2]/div[contains(@class,"form-group")]/input[contains(@class,"paxLastName")]": null

2017-11-29 15:42:31 - [TEST_STEP][PASSED] - Statement - println("ln: " + xpathval): null

2017-11-29 15:42:31 - [TEST_STEP][PASSED] - Statement - repObj = com.kms.katalon.core.testobject.ObjectRepository.findTestObject(Object Repository/PrimoTours/LandingPage/secondPaxFirstNameField): Finding Test Object with id 'Object Repository/PrimoTours/LandingPage/secondPaxFirstNameField'

2017-11-29 15:42:31 - [TEST_STEP][PASSED] - Statement - repObj.findProperty("xpath").setValue(xpathval): null

2017-11-29 15:42:31 - [TEST_STEP][PASSED] - setText: Text 'Henrik Lindtofte' is set on object 'Object Repository/PrimoTours/LandingPage/secondPaxFirstNameField'

2017-11-29 15:42:31 - [MESSAGE][PASSED] - Text 'Henrik Lindtofte' is set on object 'Object Repository/PrimoTours/LandingPage/secondPaxFirstNameField'

2017-11-29 15:42:31 - [TEST_STEP][PASSED] - Statement - repObj = com.kms.katalon.core.testobject.ObjectRepository.findTestObject(Object Repository/PrimoTours/LandingPage/secondPaxFirstNameField): Finding Test Object with id 'Object Repository/PrimoTours/LandingPage/secondPaxFirstNameField'

2017-11-29 15:42:31 - [TEST_STEP][PASSED] - Statement - xpathval = paxDetailFields + "[3]/div[contains(@class,"paxGenderSelectorContainer")]/span[contains(@class,"select2 select2-container")]/span[contains(@class,"selection")]/span[contains(@class,"select2-selection")]": null

2017-11-29 15:42:31 - [TEST_STEP][PASSED] - Statement - println("gender: " + xpathval): null

2017-11-29 15:42:31 - [TEST_STEP][PASSED] - Statement - repObj.findProperty("xpath").setValue(xpathval): null

2017-11-29 15:42:31 - [TEST_STEP][PASSED] - click: Object: 'Object Repository/PrimoTours/LandingPage/secondPaxFirstNameField' is clicked on

2017-11-29 15:42:32 - [MESSAGE][PASSED] - Object: 'Object Repository/PrimoTours/LandingPage/secondPaxFirstNameField' is clicked on

2017-11-29 15:42:32 - [TEST_STEP][PASSED] - scrollToElement: Scroll to object 'Object Repository/PrimoTours/Old Objects/Coco (1)/PrimoT/SaveBooking2/Success/bookingTotalValue' successfully

2017-11-29 15:42:32 - [MESSAGE][PASSED] - Scroll to object 'Object Repository/PrimoTours/Old Objects/Coco (1)/PrimoT/SaveBooking2/Success/bookingTotalValue' successfully

2017-11-29 15:42:32 - [TEST_STEP][PASSED] - click: Object: 'Object Repository/PrimoTours/Old Objects/Coco (1)/PrimoT/SaveBooking2/Success/bookingTotalValue' is clicked on

2017-11-29 15:42:32 - [MESSAGE][PASSED] - Object: 'Object Repository/PrimoTours/Old Objects/Coco (1)/PrimoT/SaveBooking2/Success/bookingTotalValue' is clicked on

2017-11-29 15:42:32 - [TEST_STEP][PASSED] - scrollToElement: Scroll to object 'Object Repository/PrimoTours/Old Objects/Coco (1)/PrimoT/SaveBooking2/Success/Page_Primo Tours  Danmarks bedste c/nextButtonOnLandingPage' successfully

2017-11-29 15:42:32 - [MESSAGE][PASSED] - Scroll to object 'Object Repository/PrimoTours/Old Objects/Coco (1)/PrimoT/SaveBooking2/Success/Page_Primo Tours  Danmarks bedste c/nextButtonOnLandingPage' successfully

2017-11-29 15:42:32 - [TEST_STEP][PASSED] - waitForElementClickable: Object 'Object Repository/PrimoTours/Old Objects/Coco (1)/PrimoT/SaveBooking2/Success/Page_Primo Tours  Danmarks bedste c/nextButtonOnLandingPage' is clickable

2017-11-29 15:42:32 - [MESSAGE][PASSED] - Object 'Object Repository/PrimoTours/Old Objects/Coco (1)/PrimoT/SaveBooking2/Success/Page_Primo Tours  Danmarks bedste c/nextButtonOnLandingPage' is clickable

2017-11-29 15:42:32 - [TEST_STEP][PASSED] - waitForElementVisible: Object 'Object Repository/PrimoTours/Old Objects/Coco (1)/PrimoT/SaveBooking2/Success/Page_Primo Tours  Danmarks bedste c/nextButtonOnLandingPage' is visible

2017-11-29 15:42:32 - [MESSAGE][PASSED] - Object 'Object Repository/PrimoTours/Old Objects/Coco (1)/PrimoT/SaveBooking2/Success/Page_Primo Tours  Danmarks bedste c/nextButtonOnLandingPage' is visible

2017-11-29 15:42:32 - [TEST_STEP][PASSED] - scrollToElement: Scroll to object 'Object Repository/PrimoTours/Old Objects/Coco (1)/PrimoT/SaveBooking2/Success/Page_Primo Tours  Danmarks bedste c/nextButtonOnLandingPage' successfully

2017-11-29 15:42:32 - [MESSAGE][PASSED] - Scroll to object 'Object Repository/PrimoTours/Old Objects/Coco (1)/PrimoT/SaveBooking2/Success/Page_Primo Tours  Danmarks bedste c/nextButtonOnLandingPage' successfully

2017-11-29 15:42:32 - [TEST_STEP][PASSED] - click: Object: 'Object Repository/PrimoTours/Old Objects/Coco (1)/PrimoT/SaveBooking2/Success/Page_Primo Tours  Danmarks bedste c/nextButtonOnLandingPage' is clicked on

2017-11-29 15:42:33 - [MESSAGE][PASSED] - Object: 'Object Repository/PrimoTours/Old Objects/Coco (1)/PrimoT/SaveBooking2/Success/Page_Primo Tours  Danmarks bedste c/nextButtonOnLandingPage' is clicked on

2017-11-29 15:42:33 - [TEST_STEP][PASSED] - delay: Delayed 3 second(s)

2017-11-29 15:42:36 - [MESSAGE][PASSED] - Delayed 3 second(s)

2017-11-29 15:42:36 - [TEST_STEP][PASSED] - waitForElementNotVisible: Object 'Object Repository/PrimoTours/Old Objects/CCenter/pageLoaderOverlayLayer' is NOT visible

2017-11-29 15:42:36 - [MESSAGE][PASSED] - Object 'Object Repository/PrimoTours/Old Objects/CCenter/pageLoaderOverlayLayer' is NOT visible

2017-11-29 15:42:36 - [TEST_STEP][PASSED] - scrollToElement: Scroll to object 'Object Repository/PrimoTours/Old Objects/Coco/PrimoT/Ins2/Page_Primo Tours  Danmarks bedste c/travelInsuranceFirstPaxSelector' successfully

2017-11-29 15:42:36 - [MESSAGE][PASSED] - Scroll to object 'Object Repository/PrimoTours/Old Objects/Coco/PrimoT/Ins2/Page_Primo Tours  Danmarks bedste c/travelInsuranceFirstPaxSelector' successfully

2017-11-29 15:42:36 - [TEST_STEP][PASSED] - waitForElementPresent: Object 'Object Repository/PrimoTours/Old Objects/Coco/PrimoT/Ins2/Page_Primo Tours  Danmarks bedste c/travelInsuranceFirstPaxSelector' is present

2017-11-29 15:42:36 - [MESSAGE][PASSED] - Object 'Object Repository/PrimoTours/Old Objects/Coco/PrimoT/Ins2/Page_Primo Tours  Danmarks bedste c/travelInsuranceFirstPaxSelector' is present

2017-11-29 15:42:36 - [TEST_STEP][PASSED] - waitForElementVisible: Object 'Object Repository/PrimoTours/Old Objects/Coco/PrimoT/Ins2/Page_Primo Tours  Danmarks bedste c/travelInsuranceFirstPaxSelector' is visible

2017-11-29 15:42:36 - [MESSAGE][PASSED] - Object 'Object Repository/PrimoTours/Old Objects/Coco/PrimoT/Ins2/Page_Primo Tours  Danmarks bedste c/travelInsuranceFirstPaxSelector' is visible

2017-11-29 15:42:36 - [TEST_STEP][PASSED] - waitForElementClickable: Object 'Object Repository/PrimoTours/Old Objects/Coco/PrimoT/Ins2/Page_Primo Tours  Danmarks bedste c/travelInsuranceFirstPaxSelector' is clickable

2017-11-29 15:42:37 - [MESSAGE][PASSED] - Object 'Object Repository/PrimoTours/Old Objects/Coco/PrimoT/Ins2/Page_Primo Tours  Danmarks bedste c/travelInsuranceFirstPaxSelector' is clickable

2017-11-29 15:42:37 - [TEST_STEP][PASSED] - click: Object: 'Object Repository/PrimoTours/Old Objects/Coco/PrimoT/Ins2/Page_Primo Tours  Danmarks bedste c/travelInsuranceFirstPaxSelector' is clicked on

2017-11-29 15:42:37 - [MESSAGE][PASSED] - Object: 'Object Repository/PrimoTours/Old Objects/Coco/PrimoT/Ins2/Page_Primo Tours  Danmarks bedste c/travelInsuranceFirstPaxSelector' is clicked on

2017-11-29 15:42:37 - [TEST_STEP][PASSED] - Statement - Try: Object: 'Object Repository/PrimoTours/Old Objects/Coco/PrimoT/Ins2/Page_Primo Tours  Danmarks bedste c/firstTravelInsuranceOption' is clicked on

2017-11-29 15:42:37 - [TEST_STEP][PASSED] - click: Object: 'Object Repository/PrimoTours/Old Objects/Coco/PrimoT/Ins2/Page_Primo Tours  Danmarks bedste c/firstTravelInsuranceOption' is clicked on

2017-11-29 15:42:37 - [MESSAGE][PASSED] - Object: 'Object Repository/PrimoTours/Old Objects/Coco/PrimoT/Ins2/Page_Primo Tours  Danmarks bedste c/firstTravelInsuranceOption' is clicked on

2017-11-29 15:42:37 - [TEST_STEP][NOT_RUN] - click: NOT_RUN: click

2017-11-29 15:42:37 - [MESSAGE][NOT_RUN] - NOT_RUN: click

2017-11-29 15:42:37 - [TEST_STEP][NOT_RUN] - scrollToElement: NOT_RUN: scrollToElement

2017-11-29 15:42:37 - [MESSAGE][NOT_RUN] - NOT_RUN: scrollToElement

2017-11-29 15:42:37 - [TEST_STEP][NOT_RUN] - click: NOT_RUN: click

2017-11-29 15:42:37 - [MESSAGE][NOT_RUN] - NOT_RUN: click

2017-11-29 15:42:37 - [TEST_STEP][PASSED] - waitForElementVisible: Object 'Object Repository/PrimoTours/Old Objects/Coco (1)/PrimoT/SaveBooking2/Page_Primo Tours  Danmarks bedste c/individualInsuranceCheckbox' is visible

2017-11-29 15:42:37 - [MESSAGE][PASSED] - Object 'Object Repository/PrimoTours/Old Objects/Coco (1)/PrimoT/SaveBooking2/Page_Primo Tours  Danmarks bedste c/individualInsuranceCheckbox' is visible

2017-11-29 15:42:37 - [TEST_STEP][PASSED] - scrollToElement: Scroll to object 'Object Repository/PrimoTours/Old Objects/Coco (1)/PrimoT/SaveBooking2/Page_Primo Tours  Danmarks bedste c/individualInsuranceCheckbox' successfully

2017-11-29 15:42:37 - [MESSAGE][PASSED] - Scroll to object 'Object Repository/PrimoTours/Old Objects/Coco (1)/PrimoT/SaveBooking2/Page_Primo Tours  Danmarks bedste c/individualInsuranceCheckbox' successfully

2017-11-29 15:42:37 - [TEST_STEP][PASSED] - click: Object: 'Object Repository/PrimoTours/Old Objects/Coco (1)/PrimoT/SaveBooking2/Page_Primo Tours  Danmarks bedste c/individualInsuranceCheckbox' is clicked on

2017-11-29 15:42:38 - [MESSAGE][PASSED] - Object: 'Object Repository/PrimoTours/Old Objects/Coco (1)/PrimoT/SaveBooking2/Page_Primo Tours  Danmarks bedste c/individualInsuranceCheckbox' is clicked on

2017-11-29 15:42:38 - [TEST_STEP][PASSED] - scrollToElement: Scroll to object 'Object Repository/PrimoTours/Old Objects/Coco (1)/PrimoT/SaveBooking2/Success/firstProdCategIndividualSelectionRadioB' successfully

2017-11-29 15:42:38 - [MESSAGE][PASSED] - Scroll to object 'Object Repository/PrimoTours/Old Objects/Coco (1)/PrimoT/SaveBooking2/Success/firstProdCategIndividualSelectionRadioB' successfully

2017-11-29 15:42:38 - [TEST_STEP][PASSED] - waitForElementClickable: Object 'Object Repository/PrimoTours/Old Objects/Coco (1)/PrimoT/SaveBooking2/Success/firstProdCategIndividualSelectionRadioB' is clickable

2017-11-29 15:42:38 - [MESSAGE][PASSED] - Object 'Object Repository/PrimoTours/Old Objects/Coco (1)/PrimoT/SaveBooking2/Success/firstProdCategIndividualSelectionRadioB' is clickable

2017-11-29 15:42:38 - [TEST_STEP][PASSED] - scrollToElement: Scroll to object 'Object Repository/PrimoTours/Old Objects/Coco (1)/PrimoT/SaveBooking2/Success/firstProdCategIndividualSelectionRadioB' successfully

2017-11-29 15:42:38 - [MESSAGE][PASSED] - Scroll to object 'Object Repository/PrimoTours/Old Objects/Coco (1)/PrimoT/SaveBooking2/Success/firstProdCategIndividualSelectionRadioB' successfully

2017-11-29 15:42:38 - [TEST_STEP][PASSED] - click: Object: 'Object Repository/PrimoTours/Old Objects/Coco (1)/PrimoT/SaveBooking2/Success/firstProdCategIndividualSelectionRadioB' is clicked on

2017-11-29 15:42:38 - [MESSAGE][PASSED] - Object: 'Object Repository/PrimoTours/Old Objects/Coco (1)/PrimoT/SaveBooking2/Success/firstProdCategIndividualSelectionRadioB' is clicked on

2017-11-29 15:42:38 - [TEST_STEP][PASSED] - scrollToElement: Scroll to object 'Object Repository/PrimoTours/Old Objects/Coco (1)/PrimoT/SaveBooking2/Success/firstProdCategSelectForAllPaxCheckbox' successfully

2017-11-29 15:42:38 - [MESSAGE][PASSED] - Scroll to object 'Object Repository/PrimoTours/Old Objects/Coco (1)/PrimoT/SaveBooking2/Success/firstProdCategSelectForAllPaxCheckbox' successfully

2017-11-29 15:42:38 - [TEST_STEP][PASSED] - waitForElementClickable: Object 'Object Repository/PrimoTours/Old Objects/Coco (1)/PrimoT/SaveBooking2/Success/firstProdCategSelectForAllPaxCheckbox' is clickable

2017-11-29 15:42:38 - [MESSAGE][PASSED] - Object 'Object Repository/PrimoTours/Old Objects/Coco (1)/PrimoT/SaveBooking2/Success/firstProdCategSelectForAllPaxCheckbox' is clickable

2017-11-29 15:42:38 - [TEST_STEP][PASSED] - click: Object: 'Object Repository/PrimoTours/Old Objects/Coco (1)/PrimoT/SaveBooking2/Success/firstProdCategSelectForAllPaxCheckbox' is clicked on

2017-11-29 15:42:39 - [MESSAGE][PASSED] - Object: 'Object Repository/PrimoTours/Old Objects/Coco (1)/PrimoT/SaveBooking2/Success/firstProdCategSelectForAllPaxCheckbox' is clicked on

2017-11-29 15:42:39 - [TEST_STEP][NOT_RUN] - scrollToElement: NOT_RUN: scrollToElement

2017-11-29 15:42:39 - [MESSAGE][NOT_RUN] - NOT_RUN: scrollToElement

2017-11-29 15:42:39 - [TEST_STEP][NOT_RUN] - scrollToElement: NOT_RUN: scrollToElement

2017-11-29 15:42:39 - [MESSAGE][NOT_RUN] - NOT_RUN: scrollToElement

2017-11-29 15:42:39 - [TEST_STEP][NOT_RUN] - click: NOT_RUN: click

2017-11-29 15:42:39 - [MESSAGE][NOT_RUN] - NOT_RUN: click

2017-11-29 15:42:39 - [TEST_STEP][PASSED] - scrollToElement: Scroll to object 'Object Repository/PrimoTours/ConfirmationPage/agreeTermsAndCondCheckbox' successfully

2017-11-29 15:42:39 - [MESSAGE][PASSED] - Scroll to object 'Object Repository/PrimoTours/ConfirmationPage/agreeTermsAndCondCheckbox' successfully

2017-11-29 15:42:39 - [TEST_STEP][PASSED] - click: Object: 'Object Repository/PrimoTours/ConfirmationPage/agreeTermsAndCondCheckbox' is clicked on

2017-11-29 15:42:39 - [MESSAGE][PASSED] - Object: 'Object Repository/PrimoTours/ConfirmationPage/agreeTermsAndCondCheckbox' is clicked on

2017-11-29 15:42:39 - [TEST_STEP][PASSED] - scrollToElement: Scroll to object 'Object Repository/PrimoTours/ConfirmationPage/placeBookingSpanInsideButton' successfully

2017-11-29 15:42:39 - [MESSAGE][PASSED] - Scroll to object 'Object Repository/PrimoTours/ConfirmationPage/placeBookingSpanInsideButton' successfully

2017-11-29 15:42:39 - [TEST_STEP][PASSED] - delay: Delayed 1 second(s)

2017-11-29 15:42:40 - [MESSAGE][PASSED] - Delayed 1 second(s)

2017-11-29 15:42:40 - [TEST_STEP][PASSED] - waitForElementClickable: Object 'Object Repository/PrimoTours/ConfirmationPage/placeBookingSpanInsideButton' is clickable

2017-11-29 15:42:40 - [MESSAGE][PASSED] - Object 'Object Repository/PrimoTours/ConfirmationPage/placeBookingSpanInsideButton' is clickable

2017-11-29 15:42:40 - [TEST_STEP][PASSED] - Statement - Try: Object: 'Object Repository/PrimoTours/ConfirmationPage/placeBookingSpanInsideButton' is clicked on

2017-11-29 15:42:40 - [TEST_STEP][PASSED] - click: Object: 'Object Repository/PrimoTours/ConfirmationPage/placeBookingSpanInsideButton' is clicked on

2017-11-29 15:42:40 - [MESSAGE][PASSED] - Object: 'Object Repository/PrimoTours/ConfirmationPage/placeBookingSpanInsideButton' is clicked on

2017-11-29 15:42:40 - [TEST_STEP][PASSED] - delay: Delayed 2 second(s)

2017-11-29 15:42:42 - [MESSAGE][PASSED] - Delayed 2 second(s)

2017-11-29 15:42:42 - [TEST_STEP][PASSED] - waitForPageLoad: Wait for page load successfully

2017-11-29 15:42:42 - [MESSAGE][PASSED] - Wait for page load successfully

2017-11-29 15:42:42 - [TEST_STEP][PASSED] - waitForJQueryLoad: jQuery is ready.

2017-11-29 15:42:47 - [MESSAGE][PASSED] - jQuery is ready.

2017-11-29 15:42:47 - [TEST_STEP][PASSED] - waitForElementPresent: Object 'Object Repository/PrimoTours/Old Objects/CCenter/pageLoaderOverlayLayer' is present

2017-11-29 15:42:47 - [MESSAGE][PASSED] - Object 'Object Repository/PrimoTours/Old Objects/CCenter/pageLoaderOverlayLayer' is present

2017-11-29 15:42:47 - [TEST_STEP][PASSED] - waitForElementNotVisible: Object 'Object Repository/PrimoTours/Old Objects/CCenter/pageLoaderOverlayLayer' is NOT visible

2017-11-29 15:42:48 - [MESSAGE][PASSED] - Object 'Object Repository/PrimoTours/Old Objects/CCenter/pageLoaderOverlayLayer' is NOT visible

2017-11-29 15:42:48 - [TEST_STEP][PASSED] - waitForElementPresent: Object 'Object Repository/PrimoTours/Old Objects/ThankYouPage/bookingNoContainer' is present

2017-11-29 15:42:48 - [MESSAGE][PASSED] - Object 'Object Repository/PrimoTours/Old Objects/ThankYouPage/bookingNoContainer' is present

2017-11-29 15:42:48 - [TEST_STEP][PASSED] - waitForElementClickable: Object 'Object Repository/PrimoTours/Old Objects/ThankYouPage/bookingNoContainer' is clickable

2017-11-29 15:42:48 - [MESSAGE][PASSED] - Object 'Object Repository/PrimoTours/Old Objects/ThankYouPage/bookingNoContainer' is clickable

2017-11-29 15:42:48 - [TEST_STEP][PASSED] - verifyElementVisible: Object 'Object Repository/PrimoTours/Old Objects/ThankYouPage/bookingNoContainer' is visible

2017-11-29 15:42:48 - [MESSAGE][PASSED] - Object 'Object Repository/PrimoTours/Old Objects/ThankYouPage/bookingNoContainer' is visible

2017-11-29 15:42:48 - [TEST_STEP][PASSED] - verifyElementVisible: Object 'Object Repository/PrimoTours/Old Objects/ThankYouPage/bookingTotalInfo' is visible

2017-11-29 15:42:48 - [MESSAGE][PASSED] - Object 'Object Repository/PrimoTours/Old Objects/ThankYouPage/bookingTotalInfo' is visible

2017-11-29 15:42:48 - [TEST_STEP][PASSED] - verifyElementVisible: Object 'Object Repository/PrimoTours/Old Objects/ThankYouPage/bookingTotalPriceBar' is visible

2017-11-29 15:42:48 - [MESSAGE][PASSED] - Object 'Object Repository/PrimoTours/Old Objects/ThankYouPage/bookingTotalPriceBar' is visible

2017-11-29 15:42:48 - [TEST_STEP][PASSED] - verifyElementVisible: Object 'Object Repository/PrimoTours/Old Objects/ThankYouPage/printTicketSpan' is visible

2017-11-29 15:42:48 - [MESSAGE][PASSED] - Object 'Object Repository/PrimoTours/Old Objects/ThankYouPage/printTicketSpan' is visible

2017-11-29 15:42:48 - [TEST_STEP][PASSED] - waitForElementClickable: Object 'Object Repository/PrimoTours/Old Objects/ThankYouPage/printTicketSpan' is clickable

2017-11-29 15:42:48 - [MESSAGE][PASSED] - Object 'Object Repository/PrimoTours/Old Objects/ThankYouPage/printTicketSpan' is clickable

2017-11-29 15:42:48 - [TEST_STEP][PASSED] - Statement - Try: Object: 'Object Repository/PrimoTours/Old Objects/ThankYouPage/printTicketSpan' is clicked on

2017-11-29 15:42:48 - [TEST_STEP][PASSED] - click: Object: 'Object Repository/PrimoTours/Old Objects/ThankYouPage/printTicketSpan' is clicked on

2017-11-29 15:42:54 - [MESSAGE][PASSED] - Object: 'Object Repository/PrimoTours/Old Objects/ThankYouPage/printTicketSpan' is clicked on

2017-11-29 15:42:54 - [TEST_STEP][PASSED] - delay: Delayed 2 second(s)

2017-11-29 15:42:56 - [MESSAGE][PASSED] - Delayed 2 second(s)

2017-11-29 15:42:56 - [TEST_STEP][PASSED] - waitForElementVisible: Object 'Object Repository/PrimoTours/Old Objects/ThankYouPage/cCenterButton' is visible

2017-11-29 15:42:56 - [MESSAGE][PASSED] - Object 'Object Repository/PrimoTours/Old Objects/ThankYouPage/cCenterButton' is visible

2017-11-29 15:42:56 - [TEST_STEP][PASSED] - waitForElementClickable: Object 'Object Repository/PrimoTours/Old Objects/ThankYouPage/cCenterButton' is clickable

2017-11-29 15:42:56 - [MESSAGE][PASSED] - Object 'Object Repository/PrimoTours/Old Objects/ThankYouPage/cCenterButton' is clickable

2017-11-29 15:42:56 - [TEST_STEP][PASSED] - click: Object: 'Object Repository/PrimoTours/Old Objects/ThankYouPage/cCenterButton' is clicked on

2017-11-29 15:42:56 - [MESSAGE][PASSED] - Object: 'Object Repository/PrimoTours/Old Objects/ThankYouPage/cCenterButton' is clicked on

2017-11-29 15:42:56 - [TEST_STEP][PASSED] - waitForPageLoad: Wait for page load successfully

2017-11-29 15:42:56 - [MESSAGE][PASSED] - Wait for page load successfully

2017-11-29 15:42:56 - [TEST_STEP][PASSED] - waitForJQueryLoad: jQuery is ready.

2017-11-29 15:42:57 - [MESSAGE][PASSED] - jQuery is ready.

2017-11-29 15:42:57 - [TEST_STEP][PASSED] - waitForElementPresent: Object 'Object Repository/PrimoTours/Old Objects/CCenter/pageLoaderOverlayLayer' is present

2017-11-29 15:42:57 - [MESSAGE][PASSED] - Object 'Object Repository/PrimoTours/Old Objects/CCenter/pageLoaderOverlayLayer' is present

2017-11-29 15:42:57 - [TEST_STEP][PASSED] - waitForElementNotVisible: Object 'Object Repository/PrimoTours/Old Objects/CCenter/pageLoaderOverlayLayer' is NOT visible

2017-11-29 15:42:57 - [MESSAGE][PASSED] - Object 'Object Repository/PrimoTours/Old Objects/CCenter/pageLoaderOverlayLayer' is NOT visible

2017-11-29 15:42:57 - [TEST_STEP][PASSED] - verifyElementVisible: Object 'Object Repository/PrimoTours/Old Objects/ThankYouPage/bookingNoContainer' is visible

2017-11-29 15:42:57 - [MESSAGE][PASSED] - Object 'Object Repository/PrimoTours/Old Objects/ThankYouPage/bookingNoContainer' is visible

2017-11-29 15:42:57 - [TEST_STEP][PASSED] - verifyElementVisible: Object 'Object Repository/PrimoTours/Old Objects/ThankYouPage/bookingTotalPriceBar' is visible

2017-11-29 15:42:57 - [MESSAGE][PASSED] - Object 'Object Repository/PrimoTours/Old Objects/ThankYouPage/bookingTotalPriceBar' is visible

2017-11-29 15:42:57 - [TEST_STEP][PASSED] - delay: Delayed 1 second(s)

2017-11-29 15:42:58 - [MESSAGE][PASSED] - Delayed 1 second(s)]]></system-out>
         <system-err><![CDATA[]]></system-err>
      </testcase>
      <testcase name="Test Cases/PrimoTours/WB Primo/WB Primo staging - place booking - Iteration 3" classname="Test Cases/PrimoTours/WB Primo/WB Primo staging - place booking" status="PASSED">
         <system-out><![CDATA[2017-11-29 15:42:58 - [TEST_CASE][PASSED] - Test Cases/PrimoTours/WB Primo/WB Primo staging - place booking - Iteration 3: Test Cases/PrimoTours/WB Primo/WB Primo staging - place booking

2017-11-29 15:42:58 - [TEST_STEP][PASSED] - openBrowser: Browser is opened with url: ''

2017-11-29 15:42:58 - [MESSAGE][WARNING] - A browser is already opened. Closing browser and opening a new one

2017-11-29 15:43:01 - [MESSAGE][PASSED] - Browser is opened with url: ''

2017-11-29 15:43:01 - [TEST_STEP][PASSED] - maximizeWindow: Current window maximized

2017-11-29 15:43:01 - [MESSAGE][PASSED] - Current window maximized

2017-11-29 15:43:01 - [TEST_STEP][PASSED] - navigateToUrl: Navigate to 'http://localhost:50029/DoBooking.aspx?pltaID=1480269&p=1&rno=1&pt=2&a=2&c=2&aa=&ca=1%2C5' successfully

2017-11-29 15:43:02 - [MESSAGE][PASSED] - Navigate to 'http://localhost:50029/DoBooking.aspx?pltaID=1480269&p=1&rno=1&pt=2&a=2&c=2&aa=&ca=1%2C5' successfully

2017-11-29 15:43:02 - [TEST_STEP][PASSED] - Statement - excelInfo = ["fname":"", "lname":"", "pgender":"", "pday":"", "pmonth":"", "pyear":""]: null

2017-11-29 15:43:02 - [TEST_STEP][PASSED] - Statement - rawData = com.kms.katalon.core.testdata.TestDataFactory.findTestData("Data Files/WB_Primo/Passenger_details"): Reading excel file with source file 'D:\Software testing\Tourpaq\Automated Katalon tests\Primo WB test\Data Files\Primo_URLs_For_Automated_Test.xls' and sheet name 'Passenger Names'

2017-11-29 15:43:02 - [TEST_STEP][PASSED] - Statement - excelRowNo = rawData.getRowNumbers(): null

2017-11-29 15:43:02 - [TEST_STEP][PASSED] - Statement - randomPaxIndex = java.lang.Math.abs(new java.util.Random().nextInt() % excelRowNo) + 1: null

2017-11-29 15:43:02 - [TEST_STEP][PASSED] - Statement - fname = rawData.getValue("FirstName", randomPaxIndex): null

2017-11-29 15:43:02 - [TEST_STEP][PASSED] - Statement - lname = rawData.getValue("LastName", randomPaxIndex): null

2017-11-29 15:43:02 - [TEST_STEP][PASSED] - Statement - pgender = rawData.getValue("Gender", randomPaxIndex): null

2017-11-29 15:43:02 - [TEST_STEP][PASSED] - setText: Text 'Asser Nielsen AUT' is set on object 'Object Repository/PrimoTours/Old Objects/Coco/PrimoT/Page_Primo Tours  Danmarks bedste c/input_firstName'

2017-11-29 15:43:02 - [MESSAGE][PASSED] - Text 'Asser Nielsen AUT' is set on object 'Object Repository/PrimoTours/Old Objects/Coco/PrimoT/Page_Primo Tours  Danmarks bedste c/input_firstName'

2017-11-29 15:43:02 - [TEST_STEP][PASSED] - setText: Text 'Per' is set on object 'Object Repository/PrimoTours/Old Objects/Coco/PrimoT/Page_Primo Tours  Danmarks bedste c/input_lastName'

2017-11-29 15:43:02 - [MESSAGE][PASSED] - Text 'Per' is set on object 'Object Repository/PrimoTours/Old Objects/Coco/PrimoT/Page_Primo Tours  Danmarks bedste c/input_lastName'

2017-11-29 15:43:02 - [TEST_STEP][PASSED] - click: Object: 'Object Repository/PrimoTours/LandingPage/customerGender' is clicked on

2017-11-29 15:43:03 - [MESSAGE][PASSED] - Object: 'Object Repository/PrimoTours/LandingPage/customerGender' is clicked on

2017-11-29 15:43:03 - [TEST_STEP][PASSED] - setText: Text 'Home address' is set on object 'Object Repository/PrimoTours/Old Objects/Coco/PrimoT/Page_Primo Tours  Danmarks bedste c/input_customerAddress'

2017-11-29 15:43:03 - [MESSAGE][PASSED] - Text 'Home address' is set on object 'Object Repository/PrimoTours/Old Objects/Coco/PrimoT/Page_Primo Tours  Danmarks bedste c/input_customerAddress'

2017-11-29 15:43:03 - [TEST_STEP][PASSED] - setText: Text '6700' is set on object 'Object Repository/PrimoTours/Old Objects/Coco/PrimoT/Page_Primo Tours  Danmarks bedste c/input_customerPostcode'

2017-11-29 15:43:03 - [MESSAGE][PASSED] - Text '6700' is set on object 'Object Repository/PrimoTours/Old Objects/Coco/PrimoT/Page_Primo Tours  Danmarks bedste c/input_customerPostcode'

2017-11-29 15:43:03 - [TEST_STEP][PASSED] - setText: Text 'cornel.neacsu@roweb.ro' is set on object 'Object Repository/PrimoTours/Old Objects/Coco/PrimoT/Page_Primo Tours  Danmarks bedste c/input_customerEmail'

2017-11-29 15:43:03 - [MESSAGE][PASSED] - Text 'cornel.neacsu@roweb.ro' is set on object 'Object Repository/PrimoTours/Old Objects/Coco/PrimoT/Page_Primo Tours  Danmarks bedste c/input_customerEmail'

2017-11-29 15:43:03 - [TEST_STEP][PASSED] - setText: Text '12345678' is set on object 'Object Repository/PrimoTours/Old Objects/Coco/PrimoT/Page_Primo Tours  Danmarks bedste c/input_customerPhone'

2017-11-29 15:43:03 - [MESSAGE][PASSED] - Text '12345678' is set on object 'Object Repository/PrimoTours/Old Objects/Coco/PrimoT/Page_Primo Tours  Danmarks bedste c/input_customerPhone'

2017-11-29 15:43:03 - [TEST_STEP][PASSED] - waitForElementClickable: Object 'Object Repository/PrimoTours/Old Objects/Coco/PrimoT/Page_Primo Tours  Danmarks bedste c/input_firstname-0_1' is clickable

2017-11-29 15:43:06 - [MESSAGE][PASSED] - Object 'Object Repository/PrimoTours/Old Objects/Coco/PrimoT/Page_Primo Tours  Danmarks bedste c/input_firstname-0_1' is clickable

2017-11-29 15:43:06 - [TEST_STEP][PASSED] - Statement - driver = com.kms.katalon.core.webui.driver.DriverFactory.getWebDriver(): null

2017-11-29 15:43:06 - [TEST_STEP][PASSED] - Statement - roomContainerXpath = "id("roomAndStaticOptionsContainer")/div[@class="row"]/div[@class="col-md-12 roomContainer"]": null

2017-11-29 15:43:06 - [TEST_STEP][PASSED] - Statement - roomsCount = driver.findElements(org.openqa.selenium.By.xpath(roomContainerXpath)).size(): null

2017-11-29 15:43:06 - [TEST_STEP][PASSED] - Statement - println("roomsCount=" + roomsCount): null

2017-11-29 15:43:06 - [TEST_STEP][PASSED] - Statement - For ([i = 1, i <= roomsCount, (i++)]): Object: 'Object Repository/PrimoTours/LandingPage/secondPaxFirstNameField' is clicked on

2017-11-29 15:43:06 - [TEST_STEP][PASSED] - Statement - paxInRoomXpath = "id("passengersContainer_" + i - 1 + "")/div[@class="col-md-12"]/div[@class="row"]": null

2017-11-29 15:43:06 - [TEST_STEP][PASSED] - Statement - println("paxInRoomXpath=" + paxInRoomXpath): null

2017-11-29 15:43:06 - [TEST_STEP][PASSED] - Statement - paxInRoomCount = driver.findElements(org.openqa.selenium.By.xpath(paxInRoomXpath)).size(): null

2017-11-29 15:43:06 - [TEST_STEP][PASSED] - Statement - println("paxInRoomCount=" + paxInRoomCount): null

2017-11-29 15:43:06 - [TEST_STEP][PASSED] - Statement - For ([j = 1, j <= paxInRoomCount, (j++)]): Object: 'Object Repository/PrimoTours/LandingPage/secondPaxFirstNameField' is clicked on

2017-11-29 15:43:06 - [TEST_STEP][PASSED] - Statement - If (i == 1 & j == 1): null

2017-11-29 15:43:06 - [TEST_STEP][PASSED] - Statement - <not implemented yet for class: org.codehaus.groovy.ast.stmt.ContinueStatement>: null

2017-11-29 15:43:06 - [TEST_STEP][PASSED] - Statement - If (i == 1 & j == 1): null

2017-11-29 15:43:06 - [TEST_STEP][PASSED] - Statement - randomPaxIndex = java.lang.Math.abs(new java.util.Random().nextInt() % excelRowNo) + 1: null

2017-11-29 15:43:06 - [TEST_STEP][PASSED] - Statement - fname = rawData.getValue("FirstName", randomPaxIndex) + " AUT": null

2017-11-29 15:43:06 - [TEST_STEP][PASSED] - Statement - lname = rawData.getValue("LastName", randomPaxIndex): null

2017-11-29 15:43:06 - [TEST_STEP][PASSED] - Statement - pgender = rawData.getValue("Gender", randomPaxIndex): null

2017-11-29 15:43:06 - [TEST_STEP][PASSED] - Statement - pday = rawData.getValue("Day DOB", randomPaxIndex): null

2017-11-29 15:43:06 - [TEST_STEP][PASSED] - Statement - pmonth = rawData.getValue("Month DOB", randomPaxIndex): null

2017-11-29 15:43:06 - [TEST_STEP][PASSED] - Statement - pyear = rawData.getValue("Year DOB", randomPaxIndex): null

2017-11-29 15:43:06 - [TEST_STEP][PASSED] - Statement - paxDetailFields = paxInRoomXpath + "[" + j + "]/div[@class="col-md-x col-md-9"]/div[@class="row paxContainer"][1]/div[contains(@class,"paxAttribute")]": null

2017-11-29 15:43:06 - [TEST_STEP][PASSED] - Statement - xpathval = paxDetailFields + "[1]/div[contains(@class,"form-group")]/input[contains(@class,"paxFirstName")]": null

2017-11-29 15:43:06 - [TEST_STEP][PASSED] - Statement - println("fn: " + xpathval): null

2017-11-29 15:43:06 - [TEST_STEP][PASSED] - Statement - repObj = com.kms.katalon.core.testobject.ObjectRepository.findTestObject(Object Repository/PrimoTours/LandingPage/secondPaxFirstNameField): Finding Test Object with id 'Object Repository/PrimoTours/LandingPage/secondPaxFirstNameField'

2017-11-29 15:43:06 - [TEST_STEP][PASSED] - Statement - repObj.findProperty("xpath").setValue(xpathval): null

2017-11-29 15:43:06 - [TEST_STEP][PASSED] - setText: Text 'Mortensen AUT' is set on object 'Object Repository/PrimoTours/LandingPage/secondPaxFirstNameField'

2017-11-29 15:43:06 - [MESSAGE][PASSED] - Text 'Mortensen AUT' is set on object 'Object Repository/PrimoTours/LandingPage/secondPaxFirstNameField'

2017-11-29 15:43:06 - [TEST_STEP][PASSED] - Statement - xpathval = paxDetailFields + "[2]/div[contains(@class,"form-group")]/input[contains(@class,"paxLastName")]": null

2017-11-29 15:43:06 - [TEST_STEP][PASSED] - Statement - println("ln: " + xpathval): null

2017-11-29 15:43:06 - [TEST_STEP][PASSED] - Statement - repObj = com.kms.katalon.core.testobject.ObjectRepository.findTestObject(Object Repository/PrimoTours/LandingPage/secondPaxFirstNameField): Finding Test Object with id 'Object Repository/PrimoTours/LandingPage/secondPaxFirstNameField'

2017-11-29 15:43:06 - [TEST_STEP][PASSED] - Statement - repObj.findProperty("xpath").setValue(xpathval): null

2017-11-29 15:43:06 - [TEST_STEP][PASSED] - setText: Text 'Anna-Lise Hededal' is set on object 'Object Repository/PrimoTours/LandingPage/secondPaxFirstNameField'

2017-11-29 15:43:06 - [MESSAGE][PASSED] - Text 'Anna-Lise Hededal' is set on object 'Object Repository/PrimoTours/LandingPage/secondPaxFirstNameField'

2017-11-29 15:43:06 - [TEST_STEP][PASSED] - Statement - repObj = com.kms.katalon.core.testobject.ObjectRepository.findTestObject(Object Repository/PrimoTours/LandingPage/secondPaxFirstNameField): Finding Test Object with id 'Object Repository/PrimoTours/LandingPage/secondPaxFirstNameField'

2017-11-29 15:43:06 - [TEST_STEP][PASSED] - Statement - xpathval = paxDetailFields + "[3]/div[contains(@class,"paxGenderSelectorContainer")]/span[contains(@class,"select2 select2-container")]/span[contains(@class,"selection")]/span[contains(@class,"select2-selection")]": null

2017-11-29 15:43:06 - [TEST_STEP][PASSED] - Statement - println("gender: " + xpathval): null

2017-11-29 15:43:06 - [TEST_STEP][PASSED] - Statement - repObj.findProperty("xpath").setValue(xpathval): null

2017-11-29 15:43:06 - [TEST_STEP][PASSED] - click: Object: 'Object Repository/PrimoTours/LandingPage/secondPaxFirstNameField' is clicked on

2017-11-29 15:43:06 - [MESSAGE][PASSED] - Object: 'Object Repository/PrimoTours/LandingPage/secondPaxFirstNameField' is clicked on

2017-11-29 15:43:06 - [TEST_STEP][PASSED] - Statement - If (i == 1 & j == 1): null

2017-11-29 15:43:06 - [TEST_STEP][PASSED] - Statement - randomPaxIndex = java.lang.Math.abs(new java.util.Random().nextInt() % excelRowNo) + 1: null

2017-11-29 15:43:06 - [TEST_STEP][PASSED] - Statement - fname = rawData.getValue("FirstName", randomPaxIndex) + " AUT": null

2017-11-29 15:43:06 - [TEST_STEP][PASSED] - Statement - lname = rawData.getValue("LastName", randomPaxIndex): null

2017-11-29 15:43:06 - [TEST_STEP][PASSED] - Statement - pgender = rawData.getValue("Gender", randomPaxIndex): null

2017-11-29 15:43:06 - [TEST_STEP][PASSED] - Statement - pday = rawData.getValue("Day DOB", randomPaxIndex): null

2017-11-29 15:43:06 - [TEST_STEP][PASSED] - Statement - pmonth = rawData.getValue("Month DOB", randomPaxIndex): null

2017-11-29 15:43:06 - [TEST_STEP][PASSED] - Statement - pyear = rawData.getValue("Year DOB", randomPaxIndex): null

2017-11-29 15:43:06 - [TEST_STEP][PASSED] - Statement - paxDetailFields = paxInRoomXpath + "[" + j + "]/div[@class="col-md-x col-md-9"]/div[@class="row paxContainer"][1]/div[contains(@class,"paxAttribute")]": null

2017-11-29 15:43:06 - [TEST_STEP][PASSED] - Statement - xpathval = paxDetailFields + "[1]/div[contains(@class,"form-group")]/input[contains(@class,"paxFirstName")]": null

2017-11-29 15:43:06 - [TEST_STEP][PASSED] - Statement - println("fn: " + xpathval): null

2017-11-29 15:43:06 - [TEST_STEP][PASSED] - Statement - repObj = com.kms.katalon.core.testobject.ObjectRepository.findTestObject(Object Repository/PrimoTours/LandingPage/secondPaxFirstNameField): Finding Test Object with id 'Object Repository/PrimoTours/LandingPage/secondPaxFirstNameField'

2017-11-29 15:43:06 - [TEST_STEP][PASSED] - Statement - repObj.findProperty("xpath").setValue(xpathval): null

2017-11-29 15:43:06 - [TEST_STEP][PASSED] - setText: Text 'Methling AUT' is set on object 'Object Repository/PrimoTours/LandingPage/secondPaxFirstNameField'

2017-11-29 15:43:06 - [MESSAGE][PASSED] - Text 'Methling AUT' is set on object 'Object Repository/PrimoTours/LandingPage/secondPaxFirstNameField'

2017-11-29 15:43:06 - [TEST_STEP][PASSED] - Statement - xpathval = paxDetailFields + "[2]/div[contains(@class,"form-group")]/input[contains(@class,"paxLastName")]": null

2017-11-29 15:43:06 - [TEST_STEP][PASSED] - Statement - println("ln: " + xpathval): null

2017-11-29 15:43:06 - [TEST_STEP][PASSED] - Statement - repObj = com.kms.katalon.core.testobject.ObjectRepository.findTestObject(Object Repository/PrimoTours/LandingPage/secondPaxFirstNameField): Finding Test Object with id 'Object Repository/PrimoTours/LandingPage/secondPaxFirstNameField'

2017-11-29 15:43:06 - [TEST_STEP][PASSED] - Statement - repObj.findProperty("xpath").setValue(xpathval): null

2017-11-29 15:43:06 - [TEST_STEP][PASSED] - setText: Text 'Claes' is set on object 'Object Repository/PrimoTours/LandingPage/secondPaxFirstNameField'

2017-11-29 15:43:06 - [MESSAGE][PASSED] - Text 'Claes' is set on object 'Object Repository/PrimoTours/LandingPage/secondPaxFirstNameField'

2017-11-29 15:43:06 - [TEST_STEP][PASSED] - Statement - repObj = com.kms.katalon.core.testobject.ObjectRepository.findTestObject(Object Repository/PrimoTours/LandingPage/secondPaxFirstNameField): Finding Test Object with id 'Object Repository/PrimoTours/LandingPage/secondPaxFirstNameField'

2017-11-29 15:43:06 - [TEST_STEP][PASSED] - Statement - xpathval = paxDetailFields + "[3]/div[contains(@class,"paxGenderSelectorContainer")]/span[contains(@class,"select2 select2-container")]/span[contains(@class,"selection")]/span[contains(@class,"select2-selection")]": null

2017-11-29 15:43:06 - [TEST_STEP][PASSED] - Statement - println("gender: " + xpathval): null

2017-11-29 15:43:06 - [TEST_STEP][PASSED] - Statement - repObj.findProperty("xpath").setValue(xpathval): null

2017-11-29 15:43:06 - [TEST_STEP][PASSED] - click: Object: 'Object Repository/PrimoTours/LandingPage/secondPaxFirstNameField' is clicked on

2017-11-29 15:43:07 - [MESSAGE][PASSED] - Object: 'Object Repository/PrimoTours/LandingPage/secondPaxFirstNameField' is clicked on

2017-11-29 15:43:07 - [TEST_STEP][PASSED] - Statement - If (i == 1 & j == 1): null

2017-11-29 15:43:07 - [TEST_STEP][PASSED] - Statement - randomPaxIndex = java.lang.Math.abs(new java.util.Random().nextInt() % excelRowNo) + 1: null

2017-11-29 15:43:07 - [TEST_STEP][PASSED] - Statement - fname = rawData.getValue("FirstName", randomPaxIndex) + " AUT": null

2017-11-29 15:43:07 - [TEST_STEP][PASSED] - Statement - lname = rawData.getValue("LastName", randomPaxIndex): null

2017-11-29 15:43:07 - [TEST_STEP][PASSED] - Statement - pgender = rawData.getValue("Gender", randomPaxIndex): null

2017-11-29 15:43:07 - [TEST_STEP][PASSED] - Statement - pday = rawData.getValue("Day DOB", randomPaxIndex): null

2017-11-29 15:43:07 - [TEST_STEP][PASSED] - Statement - pmonth = rawData.getValue("Month DOB", randomPaxIndex): null

2017-11-29 15:43:07 - [TEST_STEP][PASSED] - Statement - pyear = rawData.getValue("Year DOB", randomPaxIndex): null

2017-11-29 15:43:07 - [TEST_STEP][PASSED] - Statement - paxDetailFields = paxInRoomXpath + "[" + j + "]/div[@class="col-md-x col-md-9"]/div[@class="row paxContainer"][1]/div[contains(@class,"paxAttribute")]": null

2017-11-29 15:43:07 - [TEST_STEP][PASSED] - Statement - xpathval = paxDetailFields + "[1]/div[contains(@class,"form-group")]/input[contains(@class,"paxFirstName")]": null

2017-11-29 15:43:07 - [TEST_STEP][PASSED] - Statement - println("fn: " + xpathval): null

2017-11-29 15:43:07 - [TEST_STEP][PASSED] - Statement - repObj = com.kms.katalon.core.testobject.ObjectRepository.findTestObject(Object Repository/PrimoTours/LandingPage/secondPaxFirstNameField): Finding Test Object with id 'Object Repository/PrimoTours/LandingPage/secondPaxFirstNameField'

2017-11-29 15:43:07 - [TEST_STEP][PASSED] - Statement - repObj.findProperty("xpath").setValue(xpathval): null

2017-11-29 15:43:07 - [TEST_STEP][PASSED] - setText: Text 'Karstens AUT' is set on object 'Object Repository/PrimoTours/LandingPage/secondPaxFirstNameField'

2017-11-29 15:43:07 - [MESSAGE][PASSED] - Text 'Karstens AUT' is set on object 'Object Repository/PrimoTours/LandingPage/secondPaxFirstNameField'

2017-11-29 15:43:07 - [TEST_STEP][PASSED] - Statement - xpathval = paxDetailFields + "[2]/div[contains(@class,"form-group")]/input[contains(@class,"paxLastName")]": null

2017-11-29 15:43:07 - [TEST_STEP][PASSED] - Statement - println("ln: " + xpathval): null

2017-11-29 15:43:07 - [TEST_STEP][PASSED] - Statement - repObj = com.kms.katalon.core.testobject.ObjectRepository.findTestObject(Object Repository/PrimoTours/LandingPage/secondPaxFirstNameField): Finding Test Object with id 'Object Repository/PrimoTours/LandingPage/secondPaxFirstNameField'

2017-11-29 15:43:07 - [TEST_STEP][PASSED] - Statement - repObj.findProperty("xpath").setValue(xpathval): null

2017-11-29 15:43:07 - [TEST_STEP][PASSED] - setText: Text 'Mona' is set on object 'Object Repository/PrimoTours/LandingPage/secondPaxFirstNameField'

2017-11-29 15:43:07 - [MESSAGE][PASSED] - Text 'Mona' is set on object 'Object Repository/PrimoTours/LandingPage/secondPaxFirstNameField'

2017-11-29 15:43:07 - [TEST_STEP][PASSED] - Statement - repObj = com.kms.katalon.core.testobject.ObjectRepository.findTestObject(Object Repository/PrimoTours/LandingPage/secondPaxFirstNameField): Finding Test Object with id 'Object Repository/PrimoTours/LandingPage/secondPaxFirstNameField'

2017-11-29 15:43:07 - [TEST_STEP][PASSED] - Statement - xpathval = paxDetailFields + "[3]/div[contains(@class,"paxGenderSelectorContainer")]/span[contains(@class,"select2 select2-container")]/span[contains(@class,"selection")]/span[contains(@class,"select2-selection")]": null

2017-11-29 15:43:07 - [TEST_STEP][PASSED] - Statement - println("gender: " + xpathval): null

2017-11-29 15:43:07 - [TEST_STEP][PASSED] - Statement - repObj.findProperty("xpath").setValue(xpathval): null

2017-11-29 15:43:07 - [TEST_STEP][PASSED] - click: Object: 'Object Repository/PrimoTours/LandingPage/secondPaxFirstNameField' is clicked on

2017-11-29 15:43:07 - [MESSAGE][PASSED] - Object: 'Object Repository/PrimoTours/LandingPage/secondPaxFirstNameField' is clicked on

2017-11-29 15:43:07 - [TEST_STEP][PASSED] - scrollToElement: Scroll to object 'Object Repository/PrimoTours/Old Objects/Coco (1)/PrimoT/SaveBooking2/Success/bookingTotalValue' successfully

2017-11-29 15:43:07 - [MESSAGE][PASSED] - Scroll to object 'Object Repository/PrimoTours/Old Objects/Coco (1)/PrimoT/SaveBooking2/Success/bookingTotalValue' successfully

2017-11-29 15:43:07 - [TEST_STEP][PASSED] - click: Object: 'Object Repository/PrimoTours/Old Objects/Coco (1)/PrimoT/SaveBooking2/Success/bookingTotalValue' is clicked on

2017-11-29 15:43:07 - [MESSAGE][PASSED] - Object: 'Object Repository/PrimoTours/Old Objects/Coco (1)/PrimoT/SaveBooking2/Success/bookingTotalValue' is clicked on

2017-11-29 15:43:07 - [TEST_STEP][PASSED] - scrollToElement: Scroll to object 'Object Repository/PrimoTours/Old Objects/Coco (1)/PrimoT/SaveBooking2/Success/Page_Primo Tours  Danmarks bedste c/nextButtonOnLandingPage' successfully

2017-11-29 15:43:07 - [MESSAGE][PASSED] - Scroll to object 'Object Repository/PrimoTours/Old Objects/Coco (1)/PrimoT/SaveBooking2/Success/Page_Primo Tours  Danmarks bedste c/nextButtonOnLandingPage' successfully

2017-11-29 15:43:07 - [TEST_STEP][PASSED] - waitForElementClickable: Object 'Object Repository/PrimoTours/Old Objects/Coco (1)/PrimoT/SaveBooking2/Success/Page_Primo Tours  Danmarks bedste c/nextButtonOnLandingPage' is clickable

2017-11-29 15:43:07 - [MESSAGE][PASSED] - Object 'Object Repository/PrimoTours/Old Objects/Coco (1)/PrimoT/SaveBooking2/Success/Page_Primo Tours  Danmarks bedste c/nextButtonOnLandingPage' is clickable

2017-11-29 15:43:07 - [TEST_STEP][PASSED] - waitForElementVisible: Object 'Object Repository/PrimoTours/Old Objects/Coco (1)/PrimoT/SaveBooking2/Success/Page_Primo Tours  Danmarks bedste c/nextButtonOnLandingPage' is visible

2017-11-29 15:43:07 - [MESSAGE][PASSED] - Object 'Object Repository/PrimoTours/Old Objects/Coco (1)/PrimoT/SaveBooking2/Success/Page_Primo Tours  Danmarks bedste c/nextButtonOnLandingPage' is visible

2017-11-29 15:43:07 - [TEST_STEP][PASSED] - scrollToElement: Scroll to object 'Object Repository/PrimoTours/Old Objects/Coco (1)/PrimoT/SaveBooking2/Success/Page_Primo Tours  Danmarks bedste c/nextButtonOnLandingPage' successfully

2017-11-29 15:43:07 - [MESSAGE][PASSED] - Scroll to object 'Object Repository/PrimoTours/Old Objects/Coco (1)/PrimoT/SaveBooking2/Success/Page_Primo Tours  Danmarks bedste c/nextButtonOnLandingPage' successfully

2017-11-29 15:43:07 - [TEST_STEP][PASSED] - click: Object: 'Object Repository/PrimoTours/Old Objects/Coco (1)/PrimoT/SaveBooking2/Success/Page_Primo Tours  Danmarks bedste c/nextButtonOnLandingPage' is clicked on

2017-11-29 15:43:09 - [MESSAGE][PASSED] - Object: 'Object Repository/PrimoTours/Old Objects/Coco (1)/PrimoT/SaveBooking2/Success/Page_Primo Tours  Danmarks bedste c/nextButtonOnLandingPage' is clicked on

2017-11-29 15:43:09 - [TEST_STEP][PASSED] - delay: Delayed 3 second(s)

2017-11-29 15:43:12 - [MESSAGE][PASSED] - Delayed 3 second(s)

2017-11-29 15:43:12 - [TEST_STEP][PASSED] - waitForElementNotVisible: Object 'Object Repository/PrimoTours/Old Objects/CCenter/pageLoaderOverlayLayer' is NOT visible

2017-11-29 15:43:12 - [MESSAGE][PASSED] - Object 'Object Repository/PrimoTours/Old Objects/CCenter/pageLoaderOverlayLayer' is NOT visible

2017-11-29 15:43:12 - [TEST_STEP][PASSED] - scrollToElement: Scroll to object 'Object Repository/PrimoTours/Old Objects/Coco/PrimoT/Ins2/Page_Primo Tours  Danmarks bedste c/travelInsuranceFirstPaxSelector' successfully

2017-11-29 15:43:12 - [MESSAGE][PASSED] - Scroll to object 'Object Repository/PrimoTours/Old Objects/Coco/PrimoT/Ins2/Page_Primo Tours  Danmarks bedste c/travelInsuranceFirstPaxSelector' successfully

2017-11-29 15:43:12 - [TEST_STEP][PASSED] - waitForElementPresent: Object 'Object Repository/PrimoTours/Old Objects/Coco/PrimoT/Ins2/Page_Primo Tours  Danmarks bedste c/travelInsuranceFirstPaxSelector' is present

2017-11-29 15:43:12 - [MESSAGE][PASSED] - Object 'Object Repository/PrimoTours/Old Objects/Coco/PrimoT/Ins2/Page_Primo Tours  Danmarks bedste c/travelInsuranceFirstPaxSelector' is present

2017-11-29 15:43:12 - [TEST_STEP][PASSED] - waitForElementVisible: Object 'Object Repository/PrimoTours/Old Objects/Coco/PrimoT/Ins2/Page_Primo Tours  Danmarks bedste c/travelInsuranceFirstPaxSelector' is visible

2017-11-29 15:43:12 - [MESSAGE][PASSED] - Object 'Object Repository/PrimoTours/Old Objects/Coco/PrimoT/Ins2/Page_Primo Tours  Danmarks bedste c/travelInsuranceFirstPaxSelector' is visible

2017-11-29 15:43:12 - [TEST_STEP][PASSED] - waitForElementClickable: Object 'Object Repository/PrimoTours/Old Objects/Coco/PrimoT/Ins2/Page_Primo Tours  Danmarks bedste c/travelInsuranceFirstPaxSelector' is clickable

2017-11-29 15:43:12 - [MESSAGE][PASSED] - Object 'Object Repository/PrimoTours/Old Objects/Coco/PrimoT/Ins2/Page_Primo Tours  Danmarks bedste c/travelInsuranceFirstPaxSelector' is clickable

2017-11-29 15:43:12 - [TEST_STEP][PASSED] - click: Object: 'Object Repository/PrimoTours/Old Objects/Coco/PrimoT/Ins2/Page_Primo Tours  Danmarks bedste c/travelInsuranceFirstPaxSelector' is clicked on

2017-11-29 15:43:12 - [MESSAGE][PASSED] - Object: 'Object Repository/PrimoTours/Old Objects/Coco/PrimoT/Ins2/Page_Primo Tours  Danmarks bedste c/travelInsuranceFirstPaxSelector' is clicked on

2017-11-29 15:43:12 - [TEST_STEP][PASSED] - Statement - Try: Object: 'Object Repository/PrimoTours/Old Objects/Coco/PrimoT/Ins2/Page_Primo Tours  Danmarks bedste c/firstTravelInsuranceOption' is clicked on

2017-11-29 15:43:12 - [TEST_STEP][PASSED] - click: Object: 'Object Repository/PrimoTours/Old Objects/Coco/PrimoT/Ins2/Page_Primo Tours  Danmarks bedste c/firstTravelInsuranceOption' is clicked on

2017-11-29 15:43:12 - [MESSAGE][PASSED] - Object: 'Object Repository/PrimoTours/Old Objects/Coco/PrimoT/Ins2/Page_Primo Tours  Danmarks bedste c/firstTravelInsuranceOption' is clicked on

2017-11-29 15:43:12 - [TEST_STEP][NOT_RUN] - click: NOT_RUN: click

2017-11-29 15:43:12 - [MESSAGE][NOT_RUN] - NOT_RUN: click

2017-11-29 15:43:12 - [TEST_STEP][NOT_RUN] - scrollToElement: NOT_RUN: scrollToElement

2017-11-29 15:43:12 - [MESSAGE][NOT_RUN] - NOT_RUN: scrollToElement

2017-11-29 15:43:12 - [TEST_STEP][NOT_RUN] - click: NOT_RUN: click

2017-11-29 15:43:12 - [MESSAGE][NOT_RUN] - NOT_RUN: click

2017-11-29 15:43:12 - [TEST_STEP][PASSED] - waitForElementVisible: Object 'Object Repository/PrimoTours/Old Objects/Coco (1)/PrimoT/SaveBooking2/Page_Primo Tours  Danmarks bedste c/individualInsuranceCheckbox' is visible

2017-11-29 15:43:12 - [MESSAGE][PASSED] - Object 'Object Repository/PrimoTours/Old Objects/Coco (1)/PrimoT/SaveBooking2/Page_Primo Tours  Danmarks bedste c/individualInsuranceCheckbox' is visible

2017-11-29 15:43:12 - [TEST_STEP][PASSED] - scrollToElement: Scroll to object 'Object Repository/PrimoTours/Old Objects/Coco (1)/PrimoT/SaveBooking2/Page_Primo Tours  Danmarks bedste c/individualInsuranceCheckbox' successfully

2017-11-29 15:43:13 - [MESSAGE][PASSED] - Scroll to object 'Object Repository/PrimoTours/Old Objects/Coco (1)/PrimoT/SaveBooking2/Page_Primo Tours  Danmarks bedste c/individualInsuranceCheckbox' successfully

2017-11-29 15:43:13 - [TEST_STEP][PASSED] - click: Object: 'Object Repository/PrimoTours/Old Objects/Coco (1)/PrimoT/SaveBooking2/Page_Primo Tours  Danmarks bedste c/individualInsuranceCheckbox' is clicked on

2017-11-29 15:43:13 - [MESSAGE][PASSED] - Object: 'Object Repository/PrimoTours/Old Objects/Coco (1)/PrimoT/SaveBooking2/Page_Primo Tours  Danmarks bedste c/individualInsuranceCheckbox' is clicked on

2017-11-29 15:43:13 - [TEST_STEP][PASSED] - scrollToElement: Scroll to object 'Object Repository/PrimoTours/Old Objects/Coco (1)/PrimoT/SaveBooking2/Success/firstProdCategIndividualSelectionRadioB' successfully

2017-11-29 15:43:13 - [MESSAGE][PASSED] - Scroll to object 'Object Repository/PrimoTours/Old Objects/Coco (1)/PrimoT/SaveBooking2/Success/firstProdCategIndividualSelectionRadioB' successfully

2017-11-29 15:43:13 - [TEST_STEP][PASSED] - waitForElementClickable: Object 'Object Repository/PrimoTours/Old Objects/Coco (1)/PrimoT/SaveBooking2/Success/firstProdCategIndividualSelectionRadioB' is clickable

2017-11-29 15:43:13 - [MESSAGE][PASSED] - Object 'Object Repository/PrimoTours/Old Objects/Coco (1)/PrimoT/SaveBooking2/Success/firstProdCategIndividualSelectionRadioB' is clickable

2017-11-29 15:43:13 - [TEST_STEP][PASSED] - scrollToElement: Scroll to object 'Object Repository/PrimoTours/Old Objects/Coco (1)/PrimoT/SaveBooking2/Success/firstProdCategIndividualSelectionRadioB' successfully

2017-11-29 15:43:13 - [MESSAGE][PASSED] - Scroll to object 'Object Repository/PrimoTours/Old Objects/Coco (1)/PrimoT/SaveBooking2/Success/firstProdCategIndividualSelectionRadioB' successfully

2017-11-29 15:43:13 - [TEST_STEP][PASSED] - click: Object: 'Object Repository/PrimoTours/Old Objects/Coco (1)/PrimoT/SaveBooking2/Success/firstProdCategIndividualSelectionRadioB' is clicked on

2017-11-29 15:43:13 - [MESSAGE][PASSED] - Object: 'Object Repository/PrimoTours/Old Objects/Coco (1)/PrimoT/SaveBooking2/Success/firstProdCategIndividualSelectionRadioB' is clicked on

2017-11-29 15:43:13 - [TEST_STEP][PASSED] - scrollToElement: Scroll to object 'Object Repository/PrimoTours/Old Objects/Coco (1)/PrimoT/SaveBooking2/Success/firstProdCategSelectForAllPaxCheckbox' successfully

2017-11-29 15:43:13 - [MESSAGE][PASSED] - Scroll to object 'Object Repository/PrimoTours/Old Objects/Coco (1)/PrimoT/SaveBooking2/Success/firstProdCategSelectForAllPaxCheckbox' successfully

2017-11-29 15:43:13 - [TEST_STEP][PASSED] - waitForElementClickable: Object 'Object Repository/PrimoTours/Old Objects/Coco (1)/PrimoT/SaveBooking2/Success/firstProdCategSelectForAllPaxCheckbox' is clickable

2017-11-29 15:43:13 - [MESSAGE][PASSED] - Object 'Object Repository/PrimoTours/Old Objects/Coco (1)/PrimoT/SaveBooking2/Success/firstProdCategSelectForAllPaxCheckbox' is clickable

2017-11-29 15:43:13 - [TEST_STEP][PASSED] - click: Object: 'Object Repository/PrimoTours/Old Objects/Coco (1)/PrimoT/SaveBooking2/Success/firstProdCategSelectForAllPaxCheckbox' is clicked on

2017-11-29 15:43:14 - [MESSAGE][PASSED] - Object: 'Object Repository/PrimoTours/Old Objects/Coco (1)/PrimoT/SaveBooking2/Success/firstProdCategSelectForAllPaxCheckbox' is clicked on

2017-11-29 15:43:14 - [TEST_STEP][NOT_RUN] - scrollToElement: NOT_RUN: scrollToElement

2017-11-29 15:43:14 - [MESSAGE][NOT_RUN] - NOT_RUN: scrollToElement

2017-11-29 15:43:14 - [TEST_STEP][NOT_RUN] - scrollToElement: NOT_RUN: scrollToElement

2017-11-29 15:43:14 - [MESSAGE][NOT_RUN] - NOT_RUN: scrollToElement

2017-11-29 15:43:14 - [TEST_STEP][NOT_RUN] - click: NOT_RUN: click

2017-11-29 15:43:14 - [MESSAGE][NOT_RUN] - NOT_RUN: click

2017-11-29 15:43:14 - [TEST_STEP][PASSED] - scrollToElement: Scroll to object 'Object Repository/PrimoTours/ConfirmationPage/agreeTermsAndCondCheckbox' successfully

2017-11-29 15:43:14 - [MESSAGE][PASSED] - Scroll to object 'Object Repository/PrimoTours/ConfirmationPage/agreeTermsAndCondCheckbox' successfully

2017-11-29 15:43:14 - [TEST_STEP][PASSED] - click: Object: 'Object Repository/PrimoTours/ConfirmationPage/agreeTermsAndCondCheckbox' is clicked on

2017-11-29 15:43:14 - [MESSAGE][PASSED] - Object: 'Object Repository/PrimoTours/ConfirmationPage/agreeTermsAndCondCheckbox' is clicked on

2017-11-29 15:43:14 - [TEST_STEP][PASSED] - scrollToElement: Scroll to object 'Object Repository/PrimoTours/ConfirmationPage/placeBookingSpanInsideButton' successfully

2017-11-29 15:43:14 - [MESSAGE][PASSED] - Scroll to object 'Object Repository/PrimoTours/ConfirmationPage/placeBookingSpanInsideButton' successfully

2017-11-29 15:43:14 - [TEST_STEP][PASSED] - delay: Delayed 1 second(s)

2017-11-29 15:43:15 - [MESSAGE][PASSED] - Delayed 1 second(s)

2017-11-29 15:43:15 - [TEST_STEP][PASSED] - waitForElementClickable: Object 'Object Repository/PrimoTours/ConfirmationPage/placeBookingSpanInsideButton' is clickable

2017-11-29 15:43:15 - [MESSAGE][PASSED] - Object 'Object Repository/PrimoTours/ConfirmationPage/placeBookingSpanInsideButton' is clickable

2017-11-29 15:43:15 - [TEST_STEP][PASSED] - Statement - Try: Object: 'Object Repository/PrimoTours/ConfirmationPage/placeBookingSpanInsideButton' is clicked on

2017-11-29 15:43:15 - [TEST_STEP][PASSED] - click: Object: 'Object Repository/PrimoTours/ConfirmationPage/placeBookingSpanInsideButton' is clicked on

2017-11-29 15:43:15 - [MESSAGE][PASSED] - Object: 'Object Repository/PrimoTours/ConfirmationPage/placeBookingSpanInsideButton' is clicked on

2017-11-29 15:43:15 - [TEST_STEP][PASSED] - delay: Delayed 2 second(s)

2017-11-29 15:43:17 - [MESSAGE][PASSED] - Delayed 2 second(s)

2017-11-29 15:43:17 - [TEST_STEP][PASSED] - waitForPageLoad: Wait for page load successfully

2017-11-29 15:43:17 - [MESSAGE][PASSED] - Wait for page load successfully

2017-11-29 15:43:17 - [TEST_STEP][PASSED] - waitForJQueryLoad: jQuery is ready.

2017-11-29 15:43:21 - [MESSAGE][PASSED] - jQuery is ready.

2017-11-29 15:43:21 - [TEST_STEP][PASSED] - waitForElementPresent: Object 'Object Repository/PrimoTours/Old Objects/CCenter/pageLoaderOverlayLayer' is present

2017-11-29 15:43:21 - [MESSAGE][PASSED] - Object 'Object Repository/PrimoTours/Old Objects/CCenter/pageLoaderOverlayLayer' is present

2017-11-29 15:43:21 - [TEST_STEP][PASSED] - waitForElementNotVisible: Object 'Object Repository/PrimoTours/Old Objects/CCenter/pageLoaderOverlayLayer' is NOT visible

2017-11-29 15:43:22 - [MESSAGE][PASSED] - Object 'Object Repository/PrimoTours/Old Objects/CCenter/pageLoaderOverlayLayer' is NOT visible

2017-11-29 15:43:22 - [TEST_STEP][PASSED] - waitForElementPresent: Object 'Object Repository/PrimoTours/Old Objects/ThankYouPage/bookingNoContainer' is present

2017-11-29 15:43:22 - [MESSAGE][PASSED] - Object 'Object Repository/PrimoTours/Old Objects/ThankYouPage/bookingNoContainer' is present

2017-11-29 15:43:22 - [TEST_STEP][PASSED] - waitForElementClickable: Object 'Object Repository/PrimoTours/Old Objects/ThankYouPage/bookingNoContainer' is clickable

2017-11-29 15:43:22 - [MESSAGE][PASSED] - Object 'Object Repository/PrimoTours/Old Objects/ThankYouPage/bookingNoContainer' is clickable

2017-11-29 15:43:22 - [TEST_STEP][PASSED] - verifyElementVisible: Object 'Object Repository/PrimoTours/Old Objects/ThankYouPage/bookingNoContainer' is visible

2017-11-29 15:43:22 - [MESSAGE][PASSED] - Object 'Object Repository/PrimoTours/Old Objects/ThankYouPage/bookingNoContainer' is visible

2017-11-29 15:43:22 - [TEST_STEP][PASSED] - verifyElementVisible: Object 'Object Repository/PrimoTours/Old Objects/ThankYouPage/bookingTotalInfo' is visible

2017-11-29 15:43:22 - [MESSAGE][PASSED] - Object 'Object Repository/PrimoTours/Old Objects/ThankYouPage/bookingTotalInfo' is visible

2017-11-29 15:43:22 - [TEST_STEP][PASSED] - verifyElementVisible: Object 'Object Repository/PrimoTours/Old Objects/ThankYouPage/bookingTotalPriceBar' is visible

2017-11-29 15:43:22 - [MESSAGE][PASSED] - Object 'Object Repository/PrimoTours/Old Objects/ThankYouPage/bookingTotalPriceBar' is visible

2017-11-29 15:43:22 - [TEST_STEP][PASSED] - verifyElementVisible: Object 'Object Repository/PrimoTours/Old Objects/ThankYouPage/printTicketSpan' is visible

2017-11-29 15:43:22 - [MESSAGE][PASSED] - Object 'Object Repository/PrimoTours/Old Objects/ThankYouPage/printTicketSpan' is visible

2017-11-29 15:43:22 - [TEST_STEP][PASSED] - waitForElementClickable: Object 'Object Repository/PrimoTours/Old Objects/ThankYouPage/printTicketSpan' is clickable

2017-11-29 15:43:22 - [MESSAGE][PASSED] - Object 'Object Repository/PrimoTours/Old Objects/ThankYouPage/printTicketSpan' is clickable

2017-11-29 15:43:22 - [TEST_STEP][PASSED] - Statement - Try: Object: 'Object Repository/PrimoTours/Old Objects/ThankYouPage/printTicketSpan' is clicked on

2017-11-29 15:43:22 - [TEST_STEP][PASSED] - click: Object: 'Object Repository/PrimoTours/Old Objects/ThankYouPage/printTicketSpan' is clicked on

2017-11-29 15:43:27 - [MESSAGE][PASSED] - Object: 'Object Repository/PrimoTours/Old Objects/ThankYouPage/printTicketSpan' is clicked on

2017-11-29 15:43:27 - [TEST_STEP][PASSED] - delay: Delayed 2 second(s)

2017-11-29 15:43:29 - [MESSAGE][PASSED] - Delayed 2 second(s)

2017-11-29 15:43:29 - [TEST_STEP][PASSED] - waitForElementVisible: Object 'Object Repository/PrimoTours/Old Objects/ThankYouPage/cCenterButton' is visible

2017-11-29 15:43:29 - [MESSAGE][PASSED] - Object 'Object Repository/PrimoTours/Old Objects/ThankYouPage/cCenterButton' is visible

2017-11-29 15:43:29 - [TEST_STEP][PASSED] - waitForElementClickable: Object 'Object Repository/PrimoTours/Old Objects/ThankYouPage/cCenterButton' is clickable

2017-11-29 15:43:29 - [MESSAGE][PASSED] - Object 'Object Repository/PrimoTours/Old Objects/ThankYouPage/cCenterButton' is clickable

2017-11-29 15:43:29 - [TEST_STEP][PASSED] - click: Object: 'Object Repository/PrimoTours/Old Objects/ThankYouPage/cCenterButton' is clicked on

2017-11-29 15:43:30 - [MESSAGE][PASSED] - Object: 'Object Repository/PrimoTours/Old Objects/ThankYouPage/cCenterButton' is clicked on

2017-11-29 15:43:30 - [TEST_STEP][PASSED] - waitForPageLoad: Wait for page load successfully

2017-11-29 15:43:30 - [MESSAGE][PASSED] - Wait for page load successfully

2017-11-29 15:43:30 - [TEST_STEP][PASSED] - waitForJQueryLoad: jQuery is ready.

2017-11-29 15:43:30 - [MESSAGE][PASSED] - jQuery is ready.

2017-11-29 15:43:30 - [TEST_STEP][PASSED] - waitForElementPresent: Object 'Object Repository/PrimoTours/Old Objects/CCenter/pageLoaderOverlayLayer' is present

2017-11-29 15:43:30 - [MESSAGE][PASSED] - Object 'Object Repository/PrimoTours/Old Objects/CCenter/pageLoaderOverlayLayer' is present

2017-11-29 15:43:30 - [TEST_STEP][PASSED] - waitForElementNotVisible: Object 'Object Repository/PrimoTours/Old Objects/CCenter/pageLoaderOverlayLayer' is NOT visible

2017-11-29 15:43:30 - [MESSAGE][PASSED] - Object 'Object Repository/PrimoTours/Old Objects/CCenter/pageLoaderOverlayLayer' is NOT visible

2017-11-29 15:43:30 - [TEST_STEP][PASSED] - verifyElementVisible: Object 'Object Repository/PrimoTours/Old Objects/ThankYouPage/bookingNoContainer' is visible

2017-11-29 15:43:30 - [MESSAGE][PASSED] - Object 'Object Repository/PrimoTours/Old Objects/ThankYouPage/bookingNoContainer' is visible

2017-11-29 15:43:30 - [TEST_STEP][PASSED] - verifyElementVisible: Object 'Object Repository/PrimoTours/Old Objects/ThankYouPage/bookingTotalPriceBar' is visible

2017-11-29 15:43:30 - [MESSAGE][PASSED] - Object 'Object Repository/PrimoTours/Old Objects/ThankYouPage/bookingTotalPriceBar' is visible

2017-11-29 15:43:30 - [TEST_STEP][PASSED] - delay: Delayed 1 second(s)

2017-11-29 15:43:31 - [MESSAGE][PASSED] - Delayed 1 second(s)]]></system-out>
         <system-err><![CDATA[]]></system-err>
      </testcase>
      <testcase name="Test Cases/PrimoTours/WB Primo/WB Primo staging - place booking - Iteration 4" classname="Test Cases/PrimoTours/WB Primo/WB Primo staging - place booking" status="PASSED">
         <system-out><![CDATA[2017-11-29 15:43:32 - [TEST_CASE][PASSED] - Test Cases/PrimoTours/WB Primo/WB Primo staging - place booking - Iteration 4: Test Cases/PrimoTours/WB Primo/WB Primo staging - place booking

2017-11-29 15:43:32 - [TEST_STEP][PASSED] - openBrowser: Browser is opened with url: ''

2017-11-29 15:43:32 - [MESSAGE][WARNING] - A browser is already opened. Closing browser and opening a new one

2017-11-29 15:43:35 - [MESSAGE][PASSED] - Browser is opened with url: ''

2017-11-29 15:43:35 - [TEST_STEP][PASSED] - maximizeWindow: Current window maximized

2017-11-29 15:43:35 - [MESSAGE][PASSED] - Current window maximized

2017-11-29 15:43:35 - [TEST_STEP][PASSED] - navigateToUrl: Navigate to 'http://localhost:50029/DoBooking.aspx?pltaID=1480269&p=1&rno=2&pt=1&a=4&c=4&aa=&ca=1,4|0,5' successfully

2017-11-29 15:43:36 - [MESSAGE][PASSED] - Navigate to 'http://localhost:50029/DoBooking.aspx?pltaID=1480269&p=1&rno=2&pt=1&a=4&c=4&aa=&ca=1,4|0,5' successfully

2017-11-29 15:43:36 - [TEST_STEP][PASSED] - Statement - excelInfo = ["fname":"", "lname":"", "pgender":"", "pday":"", "pmonth":"", "pyear":""]: null

2017-11-29 15:43:36 - [TEST_STEP][PASSED] - Statement - rawData = com.kms.katalon.core.testdata.TestDataFactory.findTestData("Data Files/WB_Primo/Passenger_details"): Reading excel file with source file 'D:\Software testing\Tourpaq\Automated Katalon tests\Primo WB test\Data Files\Primo_URLs_For_Automated_Test.xls' and sheet name 'Passenger Names'

2017-11-29 15:43:36 - [TEST_STEP][PASSED] - Statement - excelRowNo = rawData.getRowNumbers(): null

2017-11-29 15:43:36 - [TEST_STEP][PASSED] - Statement - randomPaxIndex = java.lang.Math.abs(new java.util.Random().nextInt() % excelRowNo) + 1: null

2017-11-29 15:43:36 - [TEST_STEP][PASSED] - Statement - fname = rawData.getValue("FirstName", randomPaxIndex): null

2017-11-29 15:43:36 - [TEST_STEP][PASSED] - Statement - lname = rawData.getValue("LastName", randomPaxIndex): null

2017-11-29 15:43:36 - [TEST_STEP][PASSED] - Statement - pgender = rawData.getValue("Gender", randomPaxIndex): null

2017-11-29 15:43:36 - [TEST_STEP][PASSED] - setText: Text 'Rasmussen AUT' is set on object 'Object Repository/PrimoTours/Old Objects/Coco/PrimoT/Page_Primo Tours  Danmarks bedste c/input_firstName'

2017-11-29 15:43:36 - [MESSAGE][PASSED] - Text 'Rasmussen AUT' is set on object 'Object Repository/PrimoTours/Old Objects/Coco/PrimoT/Page_Primo Tours  Danmarks bedste c/input_firstName'

2017-11-29 15:43:36 - [TEST_STEP][PASSED] - setText: Text 'Thøger Astrup' is set on object 'Object Repository/PrimoTours/Old Objects/Coco/PrimoT/Page_Primo Tours  Danmarks bedste c/input_lastName'

2017-11-29 15:43:36 - [MESSAGE][PASSED] - Text 'Thøger Astrup' is set on object 'Object Repository/PrimoTours/Old Objects/Coco/PrimoT/Page_Primo Tours  Danmarks bedste c/input_lastName'

2017-11-29 15:43:36 - [TEST_STEP][PASSED] - click: Object: 'Object Repository/PrimoTours/LandingPage/customerGender' is clicked on

2017-11-29 15:43:36 - [MESSAGE][PASSED] - Object: 'Object Repository/PrimoTours/LandingPage/customerGender' is clicked on

2017-11-29 15:43:36 - [TEST_STEP][PASSED] - setText: Text 'Home address' is set on object 'Object Repository/PrimoTours/Old Objects/Coco/PrimoT/Page_Primo Tours  Danmarks bedste c/input_customerAddress'

2017-11-29 15:43:37 - [MESSAGE][PASSED] - Text 'Home address' is set on object 'Object Repository/PrimoTours/Old Objects/Coco/PrimoT/Page_Primo Tours  Danmarks bedste c/input_customerAddress'

2017-11-29 15:43:37 - [TEST_STEP][PASSED] - setText: Text '6700' is set on object 'Object Repository/PrimoTours/Old Objects/Coco/PrimoT/Page_Primo Tours  Danmarks bedste c/input_customerPostcode'

2017-11-29 15:43:37 - [MESSAGE][PASSED] - Text '6700' is set on object 'Object Repository/PrimoTours/Old Objects/Coco/PrimoT/Page_Primo Tours  Danmarks bedste c/input_customerPostcode'

2017-11-29 15:43:37 - [TEST_STEP][PASSED] - setText: Text 'cornel.neacsu@roweb.ro' is set on object 'Object Repository/PrimoTours/Old Objects/Coco/PrimoT/Page_Primo Tours  Danmarks bedste c/input_customerEmail'

2017-11-29 15:43:37 - [MESSAGE][PASSED] - Text 'cornel.neacsu@roweb.ro' is set on object 'Object Repository/PrimoTours/Old Objects/Coco/PrimoT/Page_Primo Tours  Danmarks bedste c/input_customerEmail'

2017-11-29 15:43:37 - [TEST_STEP][PASSED] - setText: Text '12345678' is set on object 'Object Repository/PrimoTours/Old Objects/Coco/PrimoT/Page_Primo Tours  Danmarks bedste c/input_customerPhone'

2017-11-29 15:43:37 - [MESSAGE][PASSED] - Text '12345678' is set on object 'Object Repository/PrimoTours/Old Objects/Coco/PrimoT/Page_Primo Tours  Danmarks bedste c/input_customerPhone'

2017-11-29 15:43:37 - [TEST_STEP][PASSED] - waitForElementClickable: Object 'Object Repository/PrimoTours/Old Objects/Coco/PrimoT/Page_Primo Tours  Danmarks bedste c/input_firstname-0_1' is clickable

2017-11-29 15:43:40 - [MESSAGE][PASSED] - Object 'Object Repository/PrimoTours/Old Objects/Coco/PrimoT/Page_Primo Tours  Danmarks bedste c/input_firstname-0_1' is clickable

2017-11-29 15:43:40 - [TEST_STEP][PASSED] - Statement - driver = com.kms.katalon.core.webui.driver.DriverFactory.getWebDriver(): null

2017-11-29 15:43:40 - [TEST_STEP][PASSED] - Statement - roomContainerXpath = "id("roomAndStaticOptionsContainer")/div[@class="row"]/div[@class="col-md-12 roomContainer"]": null

2017-11-29 15:43:40 - [TEST_STEP][PASSED] - Statement - roomsCount = driver.findElements(org.openqa.selenium.By.xpath(roomContainerXpath)).size(): null

2017-11-29 15:43:40 - [TEST_STEP][PASSED] - Statement - println("roomsCount=" + roomsCount): null

2017-11-29 15:43:40 - [TEST_STEP][PASSED] - Statement - For ([i = 1, i <= roomsCount, (i++)]): Object: 'Object Repository/PrimoTours/LandingPage/secondPaxFirstNameField' is clicked on

2017-11-29 15:43:40 - [TEST_STEP][PASSED] - Statement - paxInRoomXpath = "id("passengersContainer_" + i - 1 + "")/div[@class="col-md-12"]/div[@class="row"]": null

2017-11-29 15:43:40 - [TEST_STEP][PASSED] - Statement - println("paxInRoomXpath=" + paxInRoomXpath): null

2017-11-29 15:43:40 - [TEST_STEP][PASSED] - Statement - paxInRoomCount = driver.findElements(org.openqa.selenium.By.xpath(paxInRoomXpath)).size(): null

2017-11-29 15:43:40 - [TEST_STEP][PASSED] - Statement - println("paxInRoomCount=" + paxInRoomCount): null

2017-11-29 15:43:40 - [TEST_STEP][PASSED] - Statement - For ([j = 1, j <= paxInRoomCount, (j++)]): Object: 'Object Repository/PrimoTours/LandingPage/secondPaxFirstNameField' is clicked on

2017-11-29 15:43:40 - [TEST_STEP][PASSED] - Statement - If (i == 1 & j == 1): null

2017-11-29 15:43:40 - [TEST_STEP][PASSED] - Statement - <not implemented yet for class: org.codehaus.groovy.ast.stmt.ContinueStatement>: null

2017-11-29 15:43:40 - [TEST_STEP][PASSED] - Statement - If (i == 1 & j == 1): null

2017-11-29 15:43:40 - [TEST_STEP][PASSED] - Statement - randomPaxIndex = java.lang.Math.abs(new java.util.Random().nextInt() % excelRowNo) + 1: null

2017-11-29 15:43:40 - [TEST_STEP][PASSED] - Statement - fname = rawData.getValue("FirstName", randomPaxIndex) + " AUT": null

2017-11-29 15:43:40 - [TEST_STEP][PASSED] - Statement - lname = rawData.getValue("LastName", randomPaxIndex): null

2017-11-29 15:43:40 - [TEST_STEP][PASSED] - Statement - pgender = rawData.getValue("Gender", randomPaxIndex): null

2017-11-29 15:43:40 - [TEST_STEP][PASSED] - Statement - pday = rawData.getValue("Day DOB", randomPaxIndex): null

2017-11-29 15:43:40 - [TEST_STEP][PASSED] - Statement - pmonth = rawData.getValue("Month DOB", randomPaxIndex): null

2017-11-29 15:43:40 - [TEST_STEP][PASSED] - Statement - pyear = rawData.getValue("Year DOB", randomPaxIndex): null

2017-11-29 15:43:40 - [TEST_STEP][PASSED] - Statement - paxDetailFields = paxInRoomXpath + "[" + j + "]/div[@class="col-md-x col-md-9"]/div[@class="row paxContainer"][1]/div[contains(@class,"paxAttribute")]": null

2017-11-29 15:43:40 - [TEST_STEP][PASSED] - Statement - xpathval = paxDetailFields + "[1]/div[contains(@class,"form-group")]/input[contains(@class,"paxFirstName")]": null

2017-11-29 15:43:40 - [TEST_STEP][PASSED] - Statement - println("fn: " + xpathval): null

2017-11-29 15:43:40 - [TEST_STEP][PASSED] - Statement - repObj = com.kms.katalon.core.testobject.ObjectRepository.findTestObject(Object Repository/PrimoTours/LandingPage/secondPaxFirstNameField): Finding Test Object with id 'Object Repository/PrimoTours/LandingPage/secondPaxFirstNameField'

2017-11-29 15:43:40 - [TEST_STEP][PASSED] - Statement - repObj.findProperty("xpath").setValue(xpathval): null

2017-11-29 15:43:40 - [TEST_STEP][PASSED] - setText: Text 'Juszczyk AUT' is set on object 'Object Repository/PrimoTours/LandingPage/secondPaxFirstNameField'

2017-11-29 15:43:40 - [MESSAGE][PASSED] - Text 'Juszczyk AUT' is set on object 'Object Repository/PrimoTours/LandingPage/secondPaxFirstNameField'

2017-11-29 15:43:40 - [TEST_STEP][PASSED] - Statement - xpathval = paxDetailFields + "[2]/div[contains(@class,"form-group")]/input[contains(@class,"paxLastName")]": null

2017-11-29 15:43:40 - [TEST_STEP][PASSED] - Statement - println("ln: " + xpathval): null

2017-11-29 15:43:40 - [TEST_STEP][PASSED] - Statement - repObj = com.kms.katalon.core.testobject.ObjectRepository.findTestObject(Object Repository/PrimoTours/LandingPage/secondPaxFirstNameField): Finding Test Object with id 'Object Repository/PrimoTours/LandingPage/secondPaxFirstNameField'

2017-11-29 15:43:40 - [TEST_STEP][PASSED] - Statement - repObj.findProperty("xpath").setValue(xpathval): null

2017-11-29 15:43:40 - [TEST_STEP][PASSED] - setText: Text 'Amalie Grænge' is set on object 'Object Repository/PrimoTours/LandingPage/secondPaxFirstNameField'

2017-11-29 15:43:40 - [MESSAGE][PASSED] - Text 'Amalie Grænge' is set on object 'Object Repository/PrimoTours/LandingPage/secondPaxFirstNameField'

2017-11-29 15:43:40 - [TEST_STEP][PASSED] - Statement - repObj = com.kms.katalon.core.testobject.ObjectRepository.findTestObject(Object Repository/PrimoTours/LandingPage/secondPaxFirstNameField): Finding Test Object with id 'Object Repository/PrimoTours/LandingPage/secondPaxFirstNameField'

2017-11-29 15:43:40 - [TEST_STEP][PASSED] - Statement - xpathval = paxDetailFields + "[3]/div[contains(@class,"paxGenderSelectorContainer")]/span[contains(@class,"select2 select2-container")]/span[contains(@class,"selection")]/span[contains(@class,"select2-selection")]": null

2017-11-29 15:43:40 - [TEST_STEP][PASSED] - Statement - println("gender: " + xpathval): null

2017-11-29 15:43:40 - [TEST_STEP][PASSED] - Statement - repObj.findProperty("xpath").setValue(xpathval): null

2017-11-29 15:43:40 - [TEST_STEP][PASSED] - click: Object: 'Object Repository/PrimoTours/LandingPage/secondPaxFirstNameField' is clicked on

2017-11-29 15:43:40 - [MESSAGE][PASSED] - Object: 'Object Repository/PrimoTours/LandingPage/secondPaxFirstNameField' is clicked on

2017-11-29 15:43:40 - [TEST_STEP][PASSED] - Statement - If (i == 1 & j == 1): null

2017-11-29 15:43:40 - [TEST_STEP][PASSED] - Statement - randomPaxIndex = java.lang.Math.abs(new java.util.Random().nextInt() % excelRowNo) + 1: null

2017-11-29 15:43:40 - [TEST_STEP][PASSED] - Statement - fname = rawData.getValue("FirstName", randomPaxIndex) + " AUT": null

2017-11-29 15:43:40 - [TEST_STEP][PASSED] - Statement - lname = rawData.getValue("LastName", randomPaxIndex): null

2017-11-29 15:43:40 - [TEST_STEP][PASSED] - Statement - pgender = rawData.getValue("Gender", randomPaxIndex): null

2017-11-29 15:43:40 - [TEST_STEP][PASSED] - Statement - pday = rawData.getValue("Day DOB", randomPaxIndex): null

2017-11-29 15:43:40 - [TEST_STEP][PASSED] - Statement - pmonth = rawData.getValue("Month DOB", randomPaxIndex): null

2017-11-29 15:43:40 - [TEST_STEP][PASSED] - Statement - pyear = rawData.getValue("Year DOB", randomPaxIndex): null

2017-11-29 15:43:40 - [TEST_STEP][PASSED] - Statement - paxDetailFields = paxInRoomXpath + "[" + j + "]/div[@class="col-md-x col-md-9"]/div[@class="row paxContainer"][1]/div[contains(@class,"paxAttribute")]": null

2017-11-29 15:43:40 - [TEST_STEP][PASSED] - Statement - xpathval = paxDetailFields + "[1]/div[contains(@class,"form-group")]/input[contains(@class,"paxFirstName")]": null

2017-11-29 15:43:40 - [TEST_STEP][PASSED] - Statement - println("fn: " + xpathval): null

2017-11-29 15:43:40 - [TEST_STEP][PASSED] - Statement - repObj = com.kms.katalon.core.testobject.ObjectRepository.findTestObject(Object Repository/PrimoTours/LandingPage/secondPaxFirstNameField): Finding Test Object with id 'Object Repository/PrimoTours/LandingPage/secondPaxFirstNameField'

2017-11-29 15:43:40 - [TEST_STEP][PASSED] - Statement - repObj.findProperty("xpath").setValue(xpathval): null

2017-11-29 15:43:40 - [TEST_STEP][PASSED] - setText: Text 'Nordahn Wessman AUT' is set on object 'Object Repository/PrimoTours/LandingPage/secondPaxFirstNameField'

2017-11-29 15:43:40 - [MESSAGE][PASSED] - Text 'Nordahn Wessman AUT' is set on object 'Object Repository/PrimoTours/LandingPage/secondPaxFirstNameField'

2017-11-29 15:43:40 - [TEST_STEP][PASSED] - Statement - xpathval = paxDetailFields + "[2]/div[contains(@class,"form-group")]/input[contains(@class,"paxLastName")]": null

2017-11-29 15:43:40 - [TEST_STEP][PASSED] - Statement - println("ln: " + xpathval): null

2017-11-29 15:43:40 - [TEST_STEP][PASSED] - Statement - repObj = com.kms.katalon.core.testobject.ObjectRepository.findTestObject(Object Repository/PrimoTours/LandingPage/secondPaxFirstNameField): Finding Test Object with id 'Object Repository/PrimoTours/LandingPage/secondPaxFirstNameField'

2017-11-29 15:43:40 - [TEST_STEP][PASSED] - Statement - repObj.findProperty("xpath").setValue(xpathval): null

2017-11-29 15:43:40 - [TEST_STEP][PASSED] - setText: Text 'Kirsten' is set on object 'Object Repository/PrimoTours/LandingPage/secondPaxFirstNameField'

2017-11-29 15:43:40 - [MESSAGE][PASSED] - Text 'Kirsten' is set on object 'Object Repository/PrimoTours/LandingPage/secondPaxFirstNameField'

2017-11-29 15:43:40 - [TEST_STEP][PASSED] - Statement - repObj = com.kms.katalon.core.testobject.ObjectRepository.findTestObject(Object Repository/PrimoTours/LandingPage/secondPaxFirstNameField): Finding Test Object with id 'Object Repository/PrimoTours/LandingPage/secondPaxFirstNameField'

2017-11-29 15:43:40 - [TEST_STEP][PASSED] - Statement - xpathval = paxDetailFields + "[3]/div[contains(@class,"paxGenderSelectorContainer")]/span[contains(@class,"select2 select2-container")]/span[contains(@class,"selection")]/span[contains(@class,"select2-selection")]": null

2017-11-29 15:43:40 - [TEST_STEP][PASSED] - Statement - println("gender: " + xpathval): null

2017-11-29 15:43:40 - [TEST_STEP][PASSED] - Statement - repObj.findProperty("xpath").setValue(xpathval): null

2017-11-29 15:43:40 - [TEST_STEP][PASSED] - click: Object: 'Object Repository/PrimoTours/LandingPage/secondPaxFirstNameField' is clicked on

2017-11-29 15:43:41 - [MESSAGE][PASSED] - Object: 'Object Repository/PrimoTours/LandingPage/secondPaxFirstNameField' is clicked on

2017-11-29 15:43:41 - [TEST_STEP][PASSED] - Statement - If (i == 1 & j == 1): null

2017-11-29 15:43:41 - [TEST_STEP][PASSED] - Statement - randomPaxIndex = java.lang.Math.abs(new java.util.Random().nextInt() % excelRowNo) + 1: null

2017-11-29 15:43:41 - [TEST_STEP][PASSED] - Statement - fname = rawData.getValue("FirstName", randomPaxIndex) + " AUT": null

2017-11-29 15:43:41 - [TEST_STEP][PASSED] - Statement - lname = rawData.getValue("LastName", randomPaxIndex): null

2017-11-29 15:43:41 - [TEST_STEP][PASSED] - Statement - pgender = rawData.getValue("Gender", randomPaxIndex): null

2017-11-29 15:43:41 - [TEST_STEP][PASSED] - Statement - pday = rawData.getValue("Day DOB", randomPaxIndex): null

2017-11-29 15:43:41 - [TEST_STEP][PASSED] - Statement - pmonth = rawData.getValue("Month DOB", randomPaxIndex): null

2017-11-29 15:43:41 - [TEST_STEP][PASSED] - Statement - pyear = rawData.getValue("Year DOB", randomPaxIndex): null

2017-11-29 15:43:41 - [TEST_STEP][PASSED] - Statement - paxDetailFields = paxInRoomXpath + "[" + j + "]/div[@class="col-md-x col-md-9"]/div[@class="row paxContainer"][1]/div[contains(@class,"paxAttribute")]": null

2017-11-29 15:43:41 - [TEST_STEP][PASSED] - Statement - xpathval = paxDetailFields + "[1]/div[contains(@class,"form-group")]/input[contains(@class,"paxFirstName")]": null

2017-11-29 15:43:41 - [TEST_STEP][PASSED] - Statement - println("fn: " + xpathval): null

2017-11-29 15:43:41 - [TEST_STEP][PASSED] - Statement - repObj = com.kms.katalon.core.testobject.ObjectRepository.findTestObject(Object Repository/PrimoTours/LandingPage/secondPaxFirstNameField): Finding Test Object with id 'Object Repository/PrimoTours/LandingPage/secondPaxFirstNameField'

2017-11-29 15:43:41 - [TEST_STEP][PASSED] - Statement - repObj.findProperty("xpath").setValue(xpathval): null

2017-11-29 15:43:41 - [TEST_STEP][PASSED] - setText: Text 'Andersen AUT' is set on object 'Object Repository/PrimoTours/LandingPage/secondPaxFirstNameField'

2017-11-29 15:43:41 - [MESSAGE][PASSED] - Text 'Andersen AUT' is set on object 'Object Repository/PrimoTours/LandingPage/secondPaxFirstNameField'

2017-11-29 15:43:41 - [TEST_STEP][PASSED] - Statement - xpathval = paxDetailFields + "[2]/div[contains(@class,"form-group")]/input[contains(@class,"paxLastName")]": null

2017-11-29 15:43:41 - [TEST_STEP][PASSED] - Statement - println("ln: " + xpathval): null

2017-11-29 15:43:41 - [TEST_STEP][PASSED] - Statement - repObj = com.kms.katalon.core.testobject.ObjectRepository.findTestObject(Object Repository/PrimoTours/LandingPage/secondPaxFirstNameField): Finding Test Object with id 'Object Repository/PrimoTours/LandingPage/secondPaxFirstNameField'

2017-11-29 15:43:41 - [TEST_STEP][PASSED] - Statement - repObj.findProperty("xpath").setValue(xpathval): null

2017-11-29 15:43:41 - [TEST_STEP][PASSED] - setText: Text 'Dorthe Broberg' is set on object 'Object Repository/PrimoTours/LandingPage/secondPaxFirstNameField'

2017-11-29 15:43:41 - [MESSAGE][PASSED] - Text 'Dorthe Broberg' is set on object 'Object Repository/PrimoTours/LandingPage/secondPaxFirstNameField'

2017-11-29 15:43:41 - [TEST_STEP][PASSED] - Statement - repObj = com.kms.katalon.core.testobject.ObjectRepository.findTestObject(Object Repository/PrimoTours/LandingPage/secondPaxFirstNameField): Finding Test Object with id 'Object Repository/PrimoTours/LandingPage/secondPaxFirstNameField'

2017-11-29 15:43:41 - [TEST_STEP][PASSED] - Statement - xpathval = paxDetailFields + "[3]/div[contains(@class,"paxGenderSelectorContainer")]/span[contains(@class,"select2 select2-container")]/span[contains(@class,"selection")]/span[contains(@class,"select2-selection")]": null

2017-11-29 15:43:41 - [TEST_STEP][PASSED] - Statement - println("gender: " + xpathval): null

2017-11-29 15:43:41 - [TEST_STEP][PASSED] - Statement - repObj.findProperty("xpath").setValue(xpathval): null

2017-11-29 15:43:41 - [TEST_STEP][PASSED] - click: Object: 'Object Repository/PrimoTours/LandingPage/secondPaxFirstNameField' is clicked on

2017-11-29 15:43:41 - [MESSAGE][PASSED] - Object: 'Object Repository/PrimoTours/LandingPage/secondPaxFirstNameField' is clicked on

2017-11-29 15:43:41 - [TEST_STEP][PASSED] - Statement - paxInRoomXpath = "id("passengersContainer_" + i - 1 + "")/div[@class="col-md-12"]/div[@class="row"]": null

2017-11-29 15:43:41 - [TEST_STEP][PASSED] - Statement - println("paxInRoomXpath=" + paxInRoomXpath): null

2017-11-29 15:43:41 - [TEST_STEP][PASSED] - Statement - paxInRoomCount = driver.findElements(org.openqa.selenium.By.xpath(paxInRoomXpath)).size(): null

2017-11-29 15:43:41 - [TEST_STEP][PASSED] - Statement - println("paxInRoomCount=" + paxInRoomCount): null

2017-11-29 15:43:41 - [TEST_STEP][PASSED] - Statement - For ([j = 1, j <= paxInRoomCount, (j++)]): Object: 'Object Repository/PrimoTours/LandingPage/secondPaxFirstNameField' is clicked on

2017-11-29 15:43:41 - [TEST_STEP][PASSED] - Statement - If (i == 1 & j == 1): null

2017-11-29 15:43:41 - [TEST_STEP][PASSED] - Statement - randomPaxIndex = java.lang.Math.abs(new java.util.Random().nextInt() % excelRowNo) + 1: null

2017-11-29 15:43:41 - [TEST_STEP][PASSED] - Statement - fname = rawData.getValue("FirstName", randomPaxIndex) + " AUT": null

2017-11-29 15:43:41 - [TEST_STEP][PASSED] - Statement - lname = rawData.getValue("LastName", randomPaxIndex): null

2017-11-29 15:43:41 - [TEST_STEP][PASSED] - Statement - pgender = rawData.getValue("Gender", randomPaxIndex): null

2017-11-29 15:43:41 - [TEST_STEP][PASSED] - Statement - pday = rawData.getValue("Day DOB", randomPaxIndex): null

2017-11-29 15:43:41 - [TEST_STEP][PASSED] - Statement - pmonth = rawData.getValue("Month DOB", randomPaxIndex): null

2017-11-29 15:43:41 - [TEST_STEP][PASSED] - Statement - pyear = rawData.getValue("Year DOB", randomPaxIndex): null

2017-11-29 15:43:41 - [TEST_STEP][PASSED] - Statement - paxDetailFields = paxInRoomXpath + "[" + j + "]/div[@class="col-md-x col-md-9"]/div[@class="row paxContainer"][1]/div[contains(@class,"paxAttribute")]": null

2017-11-29 15:43:41 - [TEST_STEP][PASSED] - Statement - xpathval = paxDetailFields + "[1]/div[contains(@class,"form-group")]/input[contains(@class,"paxFirstName")]": null

2017-11-29 15:43:41 - [TEST_STEP][PASSED] - Statement - println("fn: " + xpathval): null

2017-11-29 15:43:41 - [TEST_STEP][PASSED] - Statement - repObj = com.kms.katalon.core.testobject.ObjectRepository.findTestObject(Object Repository/PrimoTours/LandingPage/secondPaxFirstNameField): Finding Test Object with id 'Object Repository/PrimoTours/LandingPage/secondPaxFirstNameField'

2017-11-29 15:43:41 - [TEST_STEP][PASSED] - Statement - repObj.findProperty("xpath").setValue(xpathval): null

2017-11-29 15:43:41 - [TEST_STEP][PASSED] - setText: Text 'Simonsen AUT' is set on object 'Object Repository/PrimoTours/LandingPage/secondPaxFirstNameField'

2017-11-29 15:43:41 - [MESSAGE][PASSED] - Text 'Simonsen AUT' is set on object 'Object Repository/PrimoTours/LandingPage/secondPaxFirstNameField'

2017-11-29 15:43:41 - [TEST_STEP][PASSED] - Statement - xpathval = paxDetailFields + "[2]/div[contains(@class,"form-group")]/input[contains(@class,"paxLastName")]": null

2017-11-29 15:43:41 - [TEST_STEP][PASSED] - Statement - println("ln: " + xpathval): null

2017-11-29 15:43:41 - [TEST_STEP][PASSED] - Statement - repObj = com.kms.katalon.core.testobject.ObjectRepository.findTestObject(Object Repository/PrimoTours/LandingPage/secondPaxFirstNameField): Finding Test Object with id 'Object Repository/PrimoTours/LandingPage/secondPaxFirstNameField'

2017-11-29 15:43:41 - [TEST_STEP][PASSED] - Statement - repObj.findProperty("xpath").setValue(xpathval): null

2017-11-29 15:43:41 - [TEST_STEP][PASSED] - setText: Text 'Gitte' is set on object 'Object Repository/PrimoTours/LandingPage/secondPaxFirstNameField'

2017-11-29 15:43:41 - [MESSAGE][PASSED] - Text 'Gitte' is set on object 'Object Repository/PrimoTours/LandingPage/secondPaxFirstNameField'

2017-11-29 15:43:41 - [TEST_STEP][PASSED] - Statement - repObj = com.kms.katalon.core.testobject.ObjectRepository.findTestObject(Object Repository/PrimoTours/LandingPage/secondPaxFirstNameField): Finding Test Object with id 'Object Repository/PrimoTours/LandingPage/secondPaxFirstNameField'

2017-11-29 15:43:41 - [TEST_STEP][PASSED] - Statement - xpathval = paxDetailFields + "[3]/div[contains(@class,"paxGenderSelectorContainer")]/span[contains(@class,"select2 select2-container")]/span[contains(@class,"selection")]/span[contains(@class,"select2-selection")]": null

2017-11-29 15:43:41 - [TEST_STEP][PASSED] - Statement - println("gender: " + xpathval): null

2017-11-29 15:43:41 - [TEST_STEP][PASSED] - Statement - repObj.findProperty("xpath").setValue(xpathval): null

2017-11-29 15:43:41 - [TEST_STEP][PASSED] - click: Object: 'Object Repository/PrimoTours/LandingPage/secondPaxFirstNameField' is clicked on

2017-11-29 15:43:42 - [MESSAGE][PASSED] - Object: 'Object Repository/PrimoTours/LandingPage/secondPaxFirstNameField' is clicked on

2017-11-29 15:43:42 - [TEST_STEP][PASSED] - Statement - If (i == 1 & j == 1): null

2017-11-29 15:43:42 - [TEST_STEP][PASSED] - Statement - randomPaxIndex = java.lang.Math.abs(new java.util.Random().nextInt() % excelRowNo) + 1: null

2017-11-29 15:43:42 - [TEST_STEP][PASSED] - Statement - fname = rawData.getValue("FirstName", randomPaxIndex) + " AUT": null

2017-11-29 15:43:42 - [TEST_STEP][PASSED] - Statement - lname = rawData.getValue("LastName", randomPaxIndex): null

2017-11-29 15:43:42 - [TEST_STEP][PASSED] - Statement - pgender = rawData.getValue("Gender", randomPaxIndex): null

2017-11-29 15:43:42 - [TEST_STEP][PASSED] - Statement - pday = rawData.getValue("Day DOB", randomPaxIndex): null

2017-11-29 15:43:42 - [TEST_STEP][PASSED] - Statement - pmonth = rawData.getValue("Month DOB", randomPaxIndex): null

2017-11-29 15:43:42 - [TEST_STEP][PASSED] - Statement - pyear = rawData.getValue("Year DOB", randomPaxIndex): null

2017-11-29 15:43:42 - [TEST_STEP][PASSED] - Statement - paxDetailFields = paxInRoomXpath + "[" + j + "]/div[@class="col-md-x col-md-9"]/div[@class="row paxContainer"][1]/div[contains(@class,"paxAttribute")]": null

2017-11-29 15:43:42 - [TEST_STEP][PASSED] - Statement - xpathval = paxDetailFields + "[1]/div[contains(@class,"form-group")]/input[contains(@class,"paxFirstName")]": null

2017-11-29 15:43:42 - [TEST_STEP][PASSED] - Statement - println("fn: " + xpathval): null

2017-11-29 15:43:42 - [TEST_STEP][PASSED] - Statement - repObj = com.kms.katalon.core.testobject.ObjectRepository.findTestObject(Object Repository/PrimoTours/LandingPage/secondPaxFirstNameField): Finding Test Object with id 'Object Repository/PrimoTours/LandingPage/secondPaxFirstNameField'

2017-11-29 15:43:42 - [TEST_STEP][PASSED] - Statement - repObj.findProperty("xpath").setValue(xpathval): null

2017-11-29 15:43:42 - [TEST_STEP][PASSED] - setText: Text 'Larsen AUT' is set on object 'Object Repository/PrimoTours/LandingPage/secondPaxFirstNameField'

2017-11-29 15:43:42 - [MESSAGE][PASSED] - Text 'Larsen AUT' is set on object 'Object Repository/PrimoTours/LandingPage/secondPaxFirstNameField'

2017-11-29 15:43:42 - [TEST_STEP][PASSED] - Statement - xpathval = paxDetailFields + "[2]/div[contains(@class,"form-group")]/input[contains(@class,"paxLastName")]": null

2017-11-29 15:43:42 - [TEST_STEP][PASSED] - Statement - println("ln: " + xpathval): null

2017-11-29 15:43:42 - [TEST_STEP][PASSED] - Statement - repObj = com.kms.katalon.core.testobject.ObjectRepository.findTestObject(Object Repository/PrimoTours/LandingPage/secondPaxFirstNameField): Finding Test Object with id 'Object Repository/PrimoTours/LandingPage/secondPaxFirstNameField'

2017-11-29 15:43:42 - [TEST_STEP][PASSED] - Statement - repObj.findProperty("xpath").setValue(xpathval): null

2017-11-29 15:43:42 - [TEST_STEP][PASSED] - setText: Text 'Kristian Ritter' is set on object 'Object Repository/PrimoTours/LandingPage/secondPaxFirstNameField'

2017-11-29 15:43:42 - [MESSAGE][PASSED] - Text 'Kristian Ritter' is set on object 'Object Repository/PrimoTours/LandingPage/secondPaxFirstNameField'

2017-11-29 15:43:42 - [TEST_STEP][PASSED] - Statement - repObj = com.kms.katalon.core.testobject.ObjectRepository.findTestObject(Object Repository/PrimoTours/LandingPage/secondPaxFirstNameField): Finding Test Object with id 'Object Repository/PrimoTours/LandingPage/secondPaxFirstNameField'

2017-11-29 15:43:42 - [TEST_STEP][PASSED] - Statement - xpathval = paxDetailFields + "[3]/div[contains(@class,"paxGenderSelectorContainer")]/span[contains(@class,"select2 select2-container")]/span[contains(@class,"selection")]/span[contains(@class,"select2-selection")]": null

2017-11-29 15:43:42 - [TEST_STEP][PASSED] - Statement - println("gender: " + xpathval): null

2017-11-29 15:43:42 - [TEST_STEP][PASSED] - Statement - repObj.findProperty("xpath").setValue(xpathval): null

2017-11-29 15:43:42 - [TEST_STEP][PASSED] - click: Object: 'Object Repository/PrimoTours/LandingPage/secondPaxFirstNameField' is clicked on

2017-11-29 15:43:42 - [MESSAGE][PASSED] - Object: 'Object Repository/PrimoTours/LandingPage/secondPaxFirstNameField' is clicked on

2017-11-29 15:43:42 - [TEST_STEP][PASSED] - scrollToElement: Scroll to object 'Object Repository/PrimoTours/Old Objects/Coco (1)/PrimoT/SaveBooking2/Success/bookingTotalValue' successfully

2017-11-29 15:43:42 - [MESSAGE][PASSED] - Scroll to object 'Object Repository/PrimoTours/Old Objects/Coco (1)/PrimoT/SaveBooking2/Success/bookingTotalValue' successfully

2017-11-29 15:43:42 - [TEST_STEP][PASSED] - click: Object: 'Object Repository/PrimoTours/Old Objects/Coco (1)/PrimoT/SaveBooking2/Success/bookingTotalValue' is clicked on

2017-11-29 15:43:42 - [MESSAGE][PASSED] - Object: 'Object Repository/PrimoTours/Old Objects/Coco (1)/PrimoT/SaveBooking2/Success/bookingTotalValue' is clicked on

2017-11-29 15:43:42 - [TEST_STEP][PASSED] - scrollToElement: Scroll to object 'Object Repository/PrimoTours/Old Objects/Coco (1)/PrimoT/SaveBooking2/Success/Page_Primo Tours  Danmarks bedste c/nextButtonOnLandingPage' successfully

2017-11-29 15:43:42 - [MESSAGE][PASSED] - Scroll to object 'Object Repository/PrimoTours/Old Objects/Coco (1)/PrimoT/SaveBooking2/Success/Page_Primo Tours  Danmarks bedste c/nextButtonOnLandingPage' successfully

2017-11-29 15:43:42 - [TEST_STEP][PASSED] - waitForElementClickable: Object 'Object Repository/PrimoTours/Old Objects/Coco (1)/PrimoT/SaveBooking2/Success/Page_Primo Tours  Danmarks bedste c/nextButtonOnLandingPage' is clickable

2017-11-29 15:43:42 - [MESSAGE][PASSED] - Object 'Object Repository/PrimoTours/Old Objects/Coco (1)/PrimoT/SaveBooking2/Success/Page_Primo Tours  Danmarks bedste c/nextButtonOnLandingPage' is clickable

2017-11-29 15:43:42 - [TEST_STEP][PASSED] - waitForElementVisible: Object 'Object Repository/PrimoTours/Old Objects/Coco (1)/PrimoT/SaveBooking2/Success/Page_Primo Tours  Danmarks bedste c/nextButtonOnLandingPage' is visible

2017-11-29 15:43:43 - [MESSAGE][PASSED] - Object 'Object Repository/PrimoTours/Old Objects/Coco (1)/PrimoT/SaveBooking2/Success/Page_Primo Tours  Danmarks bedste c/nextButtonOnLandingPage' is visible

2017-11-29 15:43:43 - [TEST_STEP][PASSED] - scrollToElement: Scroll to object 'Object Repository/PrimoTours/Old Objects/Coco (1)/PrimoT/SaveBooking2/Success/Page_Primo Tours  Danmarks bedste c/nextButtonOnLandingPage' successfully

2017-11-29 15:43:43 - [MESSAGE][PASSED] - Scroll to object 'Object Repository/PrimoTours/Old Objects/Coco (1)/PrimoT/SaveBooking2/Success/Page_Primo Tours  Danmarks bedste c/nextButtonOnLandingPage' successfully

2017-11-29 15:43:43 - [TEST_STEP][PASSED] - click: Object: 'Object Repository/PrimoTours/Old Objects/Coco (1)/PrimoT/SaveBooking2/Success/Page_Primo Tours  Danmarks bedste c/nextButtonOnLandingPage' is clicked on

2017-11-29 15:43:44 - [MESSAGE][PASSED] - Object: 'Object Repository/PrimoTours/Old Objects/Coco (1)/PrimoT/SaveBooking2/Success/Page_Primo Tours  Danmarks bedste c/nextButtonOnLandingPage' is clicked on

2017-11-29 15:43:44 - [TEST_STEP][PASSED] - delay: Delayed 3 second(s)

2017-11-29 15:43:47 - [MESSAGE][PASSED] - Delayed 3 second(s)

2017-11-29 15:43:47 - [TEST_STEP][PASSED] - waitForElementNotVisible: Object 'Object Repository/PrimoTours/Old Objects/CCenter/pageLoaderOverlayLayer' is NOT visible

2017-11-29 15:43:47 - [MESSAGE][PASSED] - Object 'Object Repository/PrimoTours/Old Objects/CCenter/pageLoaderOverlayLayer' is NOT visible

2017-11-29 15:43:47 - [TEST_STEP][PASSED] - scrollToElement: Scroll to object 'Object Repository/PrimoTours/Old Objects/Coco/PrimoT/Ins2/Page_Primo Tours  Danmarks bedste c/travelInsuranceFirstPaxSelector' successfully

2017-11-29 15:43:47 - [MESSAGE][PASSED] - Scroll to object 'Object Repository/PrimoTours/Old Objects/Coco/PrimoT/Ins2/Page_Primo Tours  Danmarks bedste c/travelInsuranceFirstPaxSelector' successfully

2017-11-29 15:43:47 - [TEST_STEP][PASSED] - waitForElementPresent: Object 'Object Repository/PrimoTours/Old Objects/Coco/PrimoT/Ins2/Page_Primo Tours  Danmarks bedste c/travelInsuranceFirstPaxSelector' is present

2017-11-29 15:43:47 - [MESSAGE][PASSED] - Object 'Object Repository/PrimoTours/Old Objects/Coco/PrimoT/Ins2/Page_Primo Tours  Danmarks bedste c/travelInsuranceFirstPaxSelector' is present

2017-11-29 15:43:47 - [TEST_STEP][PASSED] - waitForElementVisible: Object 'Object Repository/PrimoTours/Old Objects/Coco/PrimoT/Ins2/Page_Primo Tours  Danmarks bedste c/travelInsuranceFirstPaxSelector' is visible

2017-11-29 15:43:47 - [MESSAGE][PASSED] - Object 'Object Repository/PrimoTours/Old Objects/Coco/PrimoT/Ins2/Page_Primo Tours  Danmarks bedste c/travelInsuranceFirstPaxSelector' is visible

2017-11-29 15:43:47 - [TEST_STEP][PASSED] - waitForElementClickable: Object 'Object Repository/PrimoTours/Old Objects/Coco/PrimoT/Ins2/Page_Primo Tours  Danmarks bedste c/travelInsuranceFirstPaxSelector' is clickable

2017-11-29 15:43:47 - [MESSAGE][PASSED] - Object 'Object Repository/PrimoTours/Old Objects/Coco/PrimoT/Ins2/Page_Primo Tours  Danmarks bedste c/travelInsuranceFirstPaxSelector' is clickable

2017-11-29 15:43:47 - [TEST_STEP][PASSED] - click: Object: 'Object Repository/PrimoTours/Old Objects/Coco/PrimoT/Ins2/Page_Primo Tours  Danmarks bedste c/travelInsuranceFirstPaxSelector' is clicked on

2017-11-29 15:43:48 - [MESSAGE][PASSED] - Object: 'Object Repository/PrimoTours/Old Objects/Coco/PrimoT/Ins2/Page_Primo Tours  Danmarks bedste c/travelInsuranceFirstPaxSelector' is clicked on

2017-11-29 15:43:48 - [TEST_STEP][PASSED] - Statement - Try: Object: 'Object Repository/PrimoTours/Old Objects/Coco/PrimoT/Ins2/Page_Primo Tours  Danmarks bedste c/firstTravelInsuranceOption' is clicked on

2017-11-29 15:43:48 - [TEST_STEP][PASSED] - click: Object: 'Object Repository/PrimoTours/Old Objects/Coco/PrimoT/Ins2/Page_Primo Tours  Danmarks bedste c/firstTravelInsuranceOption' is clicked on

2017-11-29 15:43:48 - [MESSAGE][PASSED] - Object: 'Object Repository/PrimoTours/Old Objects/Coco/PrimoT/Ins2/Page_Primo Tours  Danmarks bedste c/firstTravelInsuranceOption' is clicked on

2017-11-29 15:43:48 - [TEST_STEP][NOT_RUN] - click: NOT_RUN: click

2017-11-29 15:43:48 - [MESSAGE][NOT_RUN] - NOT_RUN: click

2017-11-29 15:43:48 - [TEST_STEP][NOT_RUN] - scrollToElement: NOT_RUN: scrollToElement

2017-11-29 15:43:48 - [MESSAGE][NOT_RUN] - NOT_RUN: scrollToElement

2017-11-29 15:43:48 - [TEST_STEP][NOT_RUN] - click: NOT_RUN: click

2017-11-29 15:43:48 - [MESSAGE][NOT_RUN] - NOT_RUN: click

2017-11-29 15:43:48 - [TEST_STEP][PASSED] - waitForElementVisible: Object 'Object Repository/PrimoTours/Old Objects/Coco (1)/PrimoT/SaveBooking2/Page_Primo Tours  Danmarks bedste c/individualInsuranceCheckbox' is visible

2017-11-29 15:43:48 - [MESSAGE][PASSED] - Object 'Object Repository/PrimoTours/Old Objects/Coco (1)/PrimoT/SaveBooking2/Page_Primo Tours  Danmarks bedste c/individualInsuranceCheckbox' is visible

2017-11-29 15:43:48 - [TEST_STEP][PASSED] - scrollToElement: Scroll to object 'Object Repository/PrimoTours/Old Objects/Coco (1)/PrimoT/SaveBooking2/Page_Primo Tours  Danmarks bedste c/individualInsuranceCheckbox' successfully

2017-11-29 15:43:48 - [MESSAGE][PASSED] - Scroll to object 'Object Repository/PrimoTours/Old Objects/Coco (1)/PrimoT/SaveBooking2/Page_Primo Tours  Danmarks bedste c/individualInsuranceCheckbox' successfully

2017-11-29 15:43:48 - [TEST_STEP][PASSED] - click: Object: 'Object Repository/PrimoTours/Old Objects/Coco (1)/PrimoT/SaveBooking2/Page_Primo Tours  Danmarks bedste c/individualInsuranceCheckbox' is clicked on

2017-11-29 15:43:48 - [MESSAGE][PASSED] - Object: 'Object Repository/PrimoTours/Old Objects/Coco (1)/PrimoT/SaveBooking2/Page_Primo Tours  Danmarks bedste c/individualInsuranceCheckbox' is clicked on

2017-11-29 15:43:48 - [TEST_STEP][PASSED] - scrollToElement: Scroll to object 'Object Repository/PrimoTours/Old Objects/Coco (1)/PrimoT/SaveBooking2/Success/firstProdCategIndividualSelectionRadioB' successfully

2017-11-29 15:43:49 - [MESSAGE][PASSED] - Scroll to object 'Object Repository/PrimoTours/Old Objects/Coco (1)/PrimoT/SaveBooking2/Success/firstProdCategIndividualSelectionRadioB' successfully

2017-11-29 15:43:49 - [TEST_STEP][PASSED] - waitForElementClickable: Object 'Object Repository/PrimoTours/Old Objects/Coco (1)/PrimoT/SaveBooking2/Success/firstProdCategIndividualSelectionRadioB' is clickable

2017-11-29 15:43:49 - [MESSAGE][PASSED] - Object 'Object Repository/PrimoTours/Old Objects/Coco (1)/PrimoT/SaveBooking2/Success/firstProdCategIndividualSelectionRadioB' is clickable

2017-11-29 15:43:49 - [TEST_STEP][PASSED] - scrollToElement: Scroll to object 'Object Repository/PrimoTours/Old Objects/Coco (1)/PrimoT/SaveBooking2/Success/firstProdCategIndividualSelectionRadioB' successfully

2017-11-29 15:43:49 - [MESSAGE][PASSED] - Scroll to object 'Object Repository/PrimoTours/Old Objects/Coco (1)/PrimoT/SaveBooking2/Success/firstProdCategIndividualSelectionRadioB' successfully

2017-11-29 15:43:49 - [TEST_STEP][PASSED] - click: Object: 'Object Repository/PrimoTours/Old Objects/Coco (1)/PrimoT/SaveBooking2/Success/firstProdCategIndividualSelectionRadioB' is clicked on

2017-11-29 15:43:49 - [MESSAGE][PASSED] - Object: 'Object Repository/PrimoTours/Old Objects/Coco (1)/PrimoT/SaveBooking2/Success/firstProdCategIndividualSelectionRadioB' is clicked on

2017-11-29 15:43:49 - [TEST_STEP][PASSED] - scrollToElement: Scroll to object 'Object Repository/PrimoTours/Old Objects/Coco (1)/PrimoT/SaveBooking2/Success/firstProdCategSelectForAllPaxCheckbox' successfully

2017-11-29 15:43:49 - [MESSAGE][PASSED] - Scroll to object 'Object Repository/PrimoTours/Old Objects/Coco (1)/PrimoT/SaveBooking2/Success/firstProdCategSelectForAllPaxCheckbox' successfully

2017-11-29 15:43:49 - [TEST_STEP][PASSED] - waitForElementClickable: Object 'Object Repository/PrimoTours/Old Objects/Coco (1)/PrimoT/SaveBooking2/Success/firstProdCategSelectForAllPaxCheckbox' is clickable

2017-11-29 15:43:49 - [MESSAGE][PASSED] - Object 'Object Repository/PrimoTours/Old Objects/Coco (1)/PrimoT/SaveBooking2/Success/firstProdCategSelectForAllPaxCheckbox' is clickable

2017-11-29 15:43:49 - [TEST_STEP][PASSED] - click: Object: 'Object Repository/PrimoTours/Old Objects/Coco (1)/PrimoT/SaveBooking2/Success/firstProdCategSelectForAllPaxCheckbox' is clicked on

2017-11-29 15:43:50 - [MESSAGE][PASSED] - Object: 'Object Repository/PrimoTours/Old Objects/Coco (1)/PrimoT/SaveBooking2/Success/firstProdCategSelectForAllPaxCheckbox' is clicked on

2017-11-29 15:43:50 - [TEST_STEP][NOT_RUN] - scrollToElement: NOT_RUN: scrollToElement

2017-11-29 15:43:50 - [MESSAGE][NOT_RUN] - NOT_RUN: scrollToElement

2017-11-29 15:43:50 - [TEST_STEP][NOT_RUN] - scrollToElement: NOT_RUN: scrollToElement

2017-11-29 15:43:50 - [MESSAGE][NOT_RUN] - NOT_RUN: scrollToElement

2017-11-29 15:43:50 - [TEST_STEP][NOT_RUN] - click: NOT_RUN: click

2017-11-29 15:43:50 - [MESSAGE][NOT_RUN] - NOT_RUN: click

2017-11-29 15:43:50 - [TEST_STEP][PASSED] - scrollToElement: Scroll to object 'Object Repository/PrimoTours/ConfirmationPage/agreeTermsAndCondCheckbox' successfully

2017-11-29 15:43:50 - [MESSAGE][PASSED] - Scroll to object 'Object Repository/PrimoTours/ConfirmationPage/agreeTermsAndCondCheckbox' successfully

2017-11-29 15:43:50 - [TEST_STEP][PASSED] - click: Object: 'Object Repository/PrimoTours/ConfirmationPage/agreeTermsAndCondCheckbox' is clicked on

2017-11-29 15:43:50 - [MESSAGE][PASSED] - Object: 'Object Repository/PrimoTours/ConfirmationPage/agreeTermsAndCondCheckbox' is clicked on

2017-11-29 15:43:50 - [TEST_STEP][PASSED] - scrollToElement: Scroll to object 'Object Repository/PrimoTours/ConfirmationPage/placeBookingSpanInsideButton' successfully

2017-11-29 15:43:50 - [MESSAGE][PASSED] - Scroll to object 'Object Repository/PrimoTours/ConfirmationPage/placeBookingSpanInsideButton' successfully

2017-11-29 15:43:50 - [TEST_STEP][PASSED] - delay: Delayed 1 second(s)

2017-11-29 15:43:51 - [MESSAGE][PASSED] - Delayed 1 second(s)

2017-11-29 15:43:51 - [TEST_STEP][PASSED] - waitForElementClickable: Object 'Object Repository/PrimoTours/ConfirmationPage/placeBookingSpanInsideButton' is clickable

2017-11-29 15:43:51 - [MESSAGE][PASSED] - Object 'Object Repository/PrimoTours/ConfirmationPage/placeBookingSpanInsideButton' is clickable

2017-11-29 15:43:51 - [TEST_STEP][PASSED] - Statement - Try: Object: 'Object Repository/PrimoTours/ConfirmationPage/placeBookingSpanInsideButton' is clicked on

2017-11-29 15:43:51 - [TEST_STEP][PASSED] - click: Object: 'Object Repository/PrimoTours/ConfirmationPage/placeBookingSpanInsideButton' is clicked on

2017-11-29 15:43:51 - [MESSAGE][PASSED] - Object: 'Object Repository/PrimoTours/ConfirmationPage/placeBookingSpanInsideButton' is clicked on

2017-11-29 15:43:51 - [TEST_STEP][PASSED] - delay: Delayed 2 second(s)

2017-11-29 15:43:53 - [MESSAGE][PASSED] - Delayed 2 second(s)

2017-11-29 15:43:53 - [TEST_STEP][PASSED] - waitForPageLoad: Wait for page load successfully

2017-11-29 15:43:53 - [MESSAGE][PASSED] - Wait for page load successfully

2017-11-29 15:43:53 - [TEST_STEP][PASSED] - waitForJQueryLoad: jQuery is ready.

2017-11-29 15:43:54 - [MESSAGE][PASSED] - jQuery is ready.

2017-11-29 15:43:54 - [TEST_STEP][PASSED] - waitForElementPresent: Object 'Object Repository/PrimoTours/Old Objects/CCenter/pageLoaderOverlayLayer' is present

2017-11-29 15:43:54 - [MESSAGE][PASSED] - Object 'Object Repository/PrimoTours/Old Objects/CCenter/pageLoaderOverlayLayer' is present

2017-11-29 15:43:54 - [TEST_STEP][PASSED] - waitForElementNotVisible: Unable to wait for object 'Object Repository/PrimoTours/Old Objects/CCenter/pageLoaderOverlayLayer' to be NOT visible (Root cause: org.openqa.selenium.StaleElementReferenceException: The element reference of <div id="booking-overlay" class="se-pre-con"> stale; either the element is no longer attached to the DOM, it is not in the current frame context, or the document has been refreshed
For documentation on this error, please visit: http://seleniumhq.org/exceptions/stale_element_reference.html
Build info: version: '3.7.1', revision: '8a0099a', time: '2017-11-06T21:07:36.161Z'
System info: host: 'NEACSUNEW-PC', ip: '10.10.10.211', os.name: 'Windows 8.1', os.arch: 'amd64', os.version: '6.3', java.version: '1.8.0_102'
Driver info: com.kms.katalon.core.webui.driver.firefox.CGeckoDriver
Capabilities {acceptInsecureCerts: true, browserName: firefox, browserVersion: 57.0, javascriptEnabled: true, moz:accessibilityChecks: false, moz:headless: false, moz:processID: 20128, moz:profile: C:\Users\Cornel\AppData\Loc..., moz:webdriverClick: false, pageLoadStrategy: normal, platform: XP, platformName: XP, platformVersion: 6.3, proxy: Proxy(direct), rotatable: false, timeouts: {implicit: 0, pageLoad: 300000, script: 30000}}
Session ID: 19dfc4b7-5c50-4c96-8555-546790bb80b4)

2017-11-29 15:43:55 - [MESSAGE][WARNING] - Unable to wait for object 'Object Repository/PrimoTours/Old Objects/CCenter/pageLoaderOverlayLayer' to be NOT visible (Root cause: org.openqa.selenium.StaleElementReferenceException: The element reference of <div id="booking-overlay" class="se-pre-con"> stale; either the element is no longer attached to the DOM, it is not in the current frame context, or the document has been refreshed
For documentation on this error, please visit: http://seleniumhq.org/exceptions/stale_element_reference.html
Build info: version: '3.7.1', revision: '8a0099a', time: '2017-11-06T21:07:36.161Z'
System info: host: 'NEACSUNEW-PC', ip: '10.10.10.211', os.name: 'Windows 8.1', os.arch: 'amd64', os.version: '6.3', java.version: '1.8.0_102'
Driver info: com.kms.katalon.core.webui.driver.firefox.CGeckoDriver
Capabilities {acceptInsecureCerts: true, browserName: firefox, browserVersion: 57.0, javascriptEnabled: true, moz:accessibilityChecks: false, moz:headless: false, moz:processID: 20128, moz:profile: C:\Users\Cornel\AppData\Loc..., moz:webdriverClick: false, pageLoadStrategy: normal, platform: XP, platformName: XP, platformVersion: 6.3, proxy: Proxy(direct), rotatable: false, timeouts: {implicit: 0, pageLoad: 300000, script: 30000}}
Session ID: 19dfc4b7-5c50-4c96-8555-546790bb80b4)
[[ATTACHMENT|D:\\Software testing\\Tourpaq\\Automated Katalon tests\\Primo WB test\\Reports\\WB Primo From Excel URLs\\20171129_154142\\1511963035371.png]]

2017-11-29 15:43:55 - [TEST_STEP][PASSED] - waitForElementPresent: Object 'Object Repository/PrimoTours/Old Objects/ThankYouPage/bookingNoContainer' is present

2017-11-29 15:43:57 - [MESSAGE][PASSED] - Object 'Object Repository/PrimoTours/Old Objects/ThankYouPage/bookingNoContainer' is present

2017-11-29 15:43:57 - [TEST_STEP][PASSED] - waitForElementClickable: Object 'Object Repository/PrimoTours/Old Objects/ThankYouPage/bookingNoContainer' is clickable

2017-11-29 15:43:57 - [MESSAGE][PASSED] - Object 'Object Repository/PrimoTours/Old Objects/ThankYouPage/bookingNoContainer' is clickable

2017-11-29 15:43:57 - [TEST_STEP][PASSED] - verifyElementVisible: Object 'Object Repository/PrimoTours/Old Objects/ThankYouPage/bookingNoContainer' is visible

2017-11-29 15:43:57 - [MESSAGE][PASSED] - Object 'Object Repository/PrimoTours/Old Objects/ThankYouPage/bookingNoContainer' is visible

2017-11-29 15:43:57 - [TEST_STEP][PASSED] - verifyElementVisible: Object 'Object Repository/PrimoTours/Old Objects/ThankYouPage/bookingTotalInfo' is visible

2017-11-29 15:43:57 - [MESSAGE][PASSED] - Object 'Object Repository/PrimoTours/Old Objects/ThankYouPage/bookingTotalInfo' is visible

2017-11-29 15:43:57 - [TEST_STEP][PASSED] - verifyElementVisible: Object 'Object Repository/PrimoTours/Old Objects/ThankYouPage/bookingTotalPriceBar' is visible

2017-11-29 15:43:57 - [MESSAGE][PASSED] - Object 'Object Repository/PrimoTours/Old Objects/ThankYouPage/bookingTotalPriceBar' is visible

2017-11-29 15:43:57 - [TEST_STEP][PASSED] - verifyElementVisible: Object 'Object Repository/PrimoTours/Old Objects/ThankYouPage/printTicketSpan' is visible

2017-11-29 15:43:57 - [MESSAGE][PASSED] - Object 'Object Repository/PrimoTours/Old Objects/ThankYouPage/printTicketSpan' is visible

2017-11-29 15:43:57 - [TEST_STEP][PASSED] - waitForElementClickable: Object 'Object Repository/PrimoTours/Old Objects/ThankYouPage/printTicketSpan' is clickable

2017-11-29 15:43:57 - [MESSAGE][PASSED] - Object 'Object Repository/PrimoTours/Old Objects/ThankYouPage/printTicketSpan' is clickable

2017-11-29 15:43:57 - [TEST_STEP][PASSED] - Statement - Try: Object: 'Object Repository/PrimoTours/Old Objects/ThankYouPage/printTicketSpan' is clicked on

2017-11-29 15:43:57 - [TEST_STEP][PASSED] - click: Object: 'Object Repository/PrimoTours/Old Objects/ThankYouPage/printTicketSpan' is clicked on

2017-11-29 15:43:58 - [MESSAGE][PASSED] - Object: 'Object Repository/PrimoTours/Old Objects/ThankYouPage/printTicketSpan' is clicked on

2017-11-29 15:43:58 - [TEST_STEP][PASSED] - delay: Delayed 2 second(s)

2017-11-29 15:44:00 - [MESSAGE][PASSED] - Delayed 2 second(s)

2017-11-29 15:44:00 - [TEST_STEP][PASSED] - waitForElementVisible: Object 'Object Repository/PrimoTours/Old Objects/ThankYouPage/cCenterButton' is visible

2017-11-29 15:44:00 - [MESSAGE][PASSED] - Object 'Object Repository/PrimoTours/Old Objects/ThankYouPage/cCenterButton' is visible

2017-11-29 15:44:00 - [TEST_STEP][PASSED] - waitForElementClickable: Object 'Object Repository/PrimoTours/Old Objects/ThankYouPage/cCenterButton' is clickable

2017-11-29 15:44:00 - [MESSAGE][PASSED] - Object 'Object Repository/PrimoTours/Old Objects/ThankYouPage/cCenterButton' is clickable

2017-11-29 15:44:00 - [TEST_STEP][PASSED] - click: Object: 'Object Repository/PrimoTours/Old Objects/ThankYouPage/cCenterButton' is clicked on

2017-11-29 15:44:00 - [MESSAGE][PASSED] - Object: 'Object Repository/PrimoTours/Old Objects/ThankYouPage/cCenterButton' is clicked on

2017-11-29 15:44:00 - [TEST_STEP][PASSED] - waitForPageLoad: Wait for page load successfully

2017-11-29 15:44:00 - [MESSAGE][PASSED] - Wait for page load successfully

2017-11-29 15:44:00 - [TEST_STEP][PASSED] - waitForJQueryLoad: jQuery is ready.

2017-11-29 15:44:01 - [MESSAGE][PASSED] - jQuery is ready.

2017-11-29 15:44:01 - [TEST_STEP][PASSED] - waitForElementPresent: Object 'Object Repository/PrimoTours/Old Objects/CCenter/pageLoaderOverlayLayer' is present

2017-11-29 15:44:01 - [MESSAGE][PASSED] - Object 'Object Repository/PrimoTours/Old Objects/CCenter/pageLoaderOverlayLayer' is present

2017-11-29 15:44:01 - [TEST_STEP][PASSED] - waitForElementNotVisible: Object 'Object Repository/PrimoTours/Old Objects/CCenter/pageLoaderOverlayLayer' is NOT visible

2017-11-29 15:44:01 - [MESSAGE][PASSED] - Object 'Object Repository/PrimoTours/Old Objects/CCenter/pageLoaderOverlayLayer' is NOT visible

2017-11-29 15:44:01 - [TEST_STEP][PASSED] - verifyElementVisible: Object 'Object Repository/PrimoTours/Old Objects/ThankYouPage/bookingNoContainer' is visible

2017-11-29 15:44:01 - [MESSAGE][PASSED] - Object 'Object Repository/PrimoTours/Old Objects/ThankYouPage/bookingNoContainer' is visible

2017-11-29 15:44:01 - [TEST_STEP][PASSED] - verifyElementVisible: Object 'Object Repository/PrimoTours/Old Objects/ThankYouPage/bookingTotalPriceBar' is visible

2017-11-29 15:44:01 - [MESSAGE][PASSED] - Object 'Object Repository/PrimoTours/Old Objects/ThankYouPage/bookingTotalPriceBar' is visible

2017-11-29 15:44:01 - [TEST_STEP][PASSED] - delay: Delayed 1 second(s)

2017-11-29 15:44:02 - [MESSAGE][PASSED] - Delayed 1 second(s)]]></system-out>
         <system-err><![CDATA[]]></system-err>
      </testcase>
      <testcase name="Test Cases/PrimoTours/WB Primo/WB Primo staging - place booking - Iteration 5" classname="Test Cases/PrimoTours/WB Primo/WB Primo staging - place booking" status="PASSED">
         <system-out><![CDATA[2017-11-29 15:44:02 - [TEST_CASE][PASSED] - Test Cases/PrimoTours/WB Primo/WB Primo staging - place booking - Iteration 5: Test Cases/PrimoTours/WB Primo/WB Primo staging - place booking

2017-11-29 15:44:02 - [TEST_STEP][PASSED] - openBrowser: Browser is opened with url: ''

2017-11-29 15:44:02 - [MESSAGE][WARNING] - A browser is already opened. Closing browser and opening a new one

2017-11-29 15:44:05 - [MESSAGE][PASSED] - Browser is opened with url: ''

2017-11-29 15:44:05 - [TEST_STEP][PASSED] - maximizeWindow: Current window maximized

2017-11-29 15:44:05 - [MESSAGE][PASSED] - Current window maximized

2017-11-29 15:44:05 - [TEST_STEP][PASSED] - navigateToUrl: Navigate to 'http://localhost:50029/DoBooking.aspx?pltaID=1480269,1480294&p=1&rno=1,1&pt=1,1&a=2,2&c=2,2&aa=&ca=1,4|0,5' successfully

2017-11-29 15:44:06 - [MESSAGE][PASSED] - Navigate to 'http://localhost:50029/DoBooking.aspx?pltaID=1480269,1480294&p=1&rno=1,1&pt=1,1&a=2,2&c=2,2&aa=&ca=1,4|0,5' successfully

2017-11-29 15:44:06 - [TEST_STEP][PASSED] - Statement - excelInfo = ["fname":"", "lname":"", "pgender":"", "pday":"", "pmonth":"", "pyear":""]: null

2017-11-29 15:44:06 - [TEST_STEP][PASSED] - Statement - rawData = com.kms.katalon.core.testdata.TestDataFactory.findTestData("Data Files/WB_Primo/Passenger_details"): Reading excel file with source file 'D:\Software testing\Tourpaq\Automated Katalon tests\Primo WB test\Data Files\Primo_URLs_For_Automated_Test.xls' and sheet name 'Passenger Names'

2017-11-29 15:44:06 - [TEST_STEP][PASSED] - Statement - excelRowNo = rawData.getRowNumbers(): null

2017-11-29 15:44:06 - [TEST_STEP][PASSED] - Statement - randomPaxIndex = java.lang.Math.abs(new java.util.Random().nextInt() % excelRowNo) + 1: null

2017-11-29 15:44:06 - [TEST_STEP][PASSED] - Statement - fname = rawData.getValue("FirstName", randomPaxIndex): null

2017-11-29 15:44:06 - [TEST_STEP][PASSED] - Statement - lname = rawData.getValue("LastName", randomPaxIndex): null

2017-11-29 15:44:06 - [TEST_STEP][PASSED] - Statement - pgender = rawData.getValue("Gender", randomPaxIndex): null

2017-11-29 15:44:06 - [TEST_STEP][PASSED] - setText: Text 'Ubbesen AUT' is set on object 'Object Repository/PrimoTours/Old Objects/Coco/PrimoT/Page_Primo Tours  Danmarks bedste c/input_firstName'

2017-11-29 15:44:06 - [MESSAGE][PASSED] - Text 'Ubbesen AUT' is set on object 'Object Repository/PrimoTours/Old Objects/Coco/PrimoT/Page_Primo Tours  Danmarks bedste c/input_firstName'

2017-11-29 15:44:06 - [TEST_STEP][PASSED] - setText: Text 'Lars' is set on object 'Object Repository/PrimoTours/Old Objects/Coco/PrimoT/Page_Primo Tours  Danmarks bedste c/input_lastName'

2017-11-29 15:44:06 - [MESSAGE][PASSED] - Text 'Lars' is set on object 'Object Repository/PrimoTours/Old Objects/Coco/PrimoT/Page_Primo Tours  Danmarks bedste c/input_lastName'

2017-11-29 15:44:06 - [TEST_STEP][PASSED] - click: Object: 'Object Repository/PrimoTours/LandingPage/customerGender' is clicked on

2017-11-29 15:44:07 - [MESSAGE][PASSED] - Object: 'Object Repository/PrimoTours/LandingPage/customerGender' is clicked on

2017-11-29 15:44:07 - [TEST_STEP][PASSED] - setText: Text 'Home address' is set on object 'Object Repository/PrimoTours/Old Objects/Coco/PrimoT/Page_Primo Tours  Danmarks bedste c/input_customerAddress'

2017-11-29 15:44:07 - [MESSAGE][PASSED] - Text 'Home address' is set on object 'Object Repository/PrimoTours/Old Objects/Coco/PrimoT/Page_Primo Tours  Danmarks bedste c/input_customerAddress'

2017-11-29 15:44:07 - [TEST_STEP][PASSED] - setText: Text '6700' is set on object 'Object Repository/PrimoTours/Old Objects/Coco/PrimoT/Page_Primo Tours  Danmarks bedste c/input_customerPostcode'

2017-11-29 15:44:07 - [MESSAGE][PASSED] - Text '6700' is set on object 'Object Repository/PrimoTours/Old Objects/Coco/PrimoT/Page_Primo Tours  Danmarks bedste c/input_customerPostcode'

2017-11-29 15:44:07 - [TEST_STEP][PASSED] - setText: Text 'cornel.neacsu@roweb.ro' is set on object 'Object Repository/PrimoTours/Old Objects/Coco/PrimoT/Page_Primo Tours  Danmarks bedste c/input_customerEmail'

2017-11-29 15:44:07 - [MESSAGE][PASSED] - Text 'cornel.neacsu@roweb.ro' is set on object 'Object Repository/PrimoTours/Old Objects/Coco/PrimoT/Page_Primo Tours  Danmarks bedste c/input_customerEmail'

2017-11-29 15:44:07 - [TEST_STEP][PASSED] - setText: Text '12345678' is set on object 'Object Repository/PrimoTours/Old Objects/Coco/PrimoT/Page_Primo Tours  Danmarks bedste c/input_customerPhone'

2017-11-29 15:44:07 - [MESSAGE][PASSED] - Text '12345678' is set on object 'Object Repository/PrimoTours/Old Objects/Coco/PrimoT/Page_Primo Tours  Danmarks bedste c/input_customerPhone'

2017-11-29 15:44:07 - [TEST_STEP][PASSED] - waitForElementClickable: Object 'Object Repository/PrimoTours/Old Objects/Coco/PrimoT/Page_Primo Tours  Danmarks bedste c/input_firstname-0_1' is clickable

2017-11-29 15:44:10 - [MESSAGE][PASSED] - Object 'Object Repository/PrimoTours/Old Objects/Coco/PrimoT/Page_Primo Tours  Danmarks bedste c/input_firstname-0_1' is clickable

2017-11-29 15:44:10 - [TEST_STEP][PASSED] - Statement - driver = com.kms.katalon.core.webui.driver.DriverFactory.getWebDriver(): null

2017-11-29 15:44:10 - [TEST_STEP][PASSED] - Statement - roomContainerXpath = "id("roomAndStaticOptionsContainer")/div[@class="row"]/div[@class="col-md-12 roomContainer"]": null

2017-11-29 15:44:10 - [TEST_STEP][PASSED] - Statement - roomsCount = driver.findElements(org.openqa.selenium.By.xpath(roomContainerXpath)).size(): null

2017-11-29 15:44:10 - [TEST_STEP][PASSED] - Statement - println("roomsCount=" + roomsCount): null

2017-11-29 15:44:10 - [TEST_STEP][PASSED] - Statement - For ([i = 1, i <= roomsCount, (i++)]): Object: 'Object Repository/PrimoTours/LandingPage/secondPaxFirstNameField' is clicked on

2017-11-29 15:44:10 - [TEST_STEP][PASSED] - Statement - paxInRoomXpath = "id("passengersContainer_" + i - 1 + "")/div[@class="col-md-12"]/div[@class="row"]": null

2017-11-29 15:44:10 - [TEST_STEP][PASSED] - Statement - println("paxInRoomXpath=" + paxInRoomXpath): null

2017-11-29 15:44:10 - [TEST_STEP][PASSED] - Statement - paxInRoomCount = driver.findElements(org.openqa.selenium.By.xpath(paxInRoomXpath)).size(): null

2017-11-29 15:44:10 - [TEST_STEP][PASSED] - Statement - println("paxInRoomCount=" + paxInRoomCount): null

2017-11-29 15:44:10 - [TEST_STEP][PASSED] - Statement - For ([j = 1, j <= paxInRoomCount, (j++)]): Object: 'Object Repository/PrimoTours/LandingPage/secondPaxFirstNameField' is clicked on

2017-11-29 15:44:10 - [TEST_STEP][PASSED] - Statement - If (i == 1 & j == 1): null

2017-11-29 15:44:10 - [TEST_STEP][PASSED] - Statement - <not implemented yet for class: org.codehaus.groovy.ast.stmt.ContinueStatement>: null

2017-11-29 15:44:10 - [TEST_STEP][PASSED] - Statement - If (i == 1 & j == 1): null

2017-11-29 15:44:10 - [TEST_STEP][PASSED] - Statement - randomPaxIndex = java.lang.Math.abs(new java.util.Random().nextInt() % excelRowNo) + 1: null

2017-11-29 15:44:10 - [TEST_STEP][PASSED] - Statement - fname = rawData.getValue("FirstName", randomPaxIndex) + " AUT": null

2017-11-29 15:44:10 - [TEST_STEP][PASSED] - Statement - lname = rawData.getValue("LastName", randomPaxIndex): null

2017-11-29 15:44:10 - [TEST_STEP][PASSED] - Statement - pgender = rawData.getValue("Gender", randomPaxIndex): null

2017-11-29 15:44:10 - [TEST_STEP][PASSED] - Statement - pday = rawData.getValue("Day DOB", randomPaxIndex): null

2017-11-29 15:44:10 - [TEST_STEP][PASSED] - Statement - pmonth = rawData.getValue("Month DOB", randomPaxIndex): null

2017-11-29 15:44:10 - [TEST_STEP][PASSED] - Statement - pyear = rawData.getValue("Year DOB", randomPaxIndex): null

2017-11-29 15:44:10 - [TEST_STEP][PASSED] - Statement - paxDetailFields = paxInRoomXpath + "[" + j + "]/div[@class="col-md-x col-md-9"]/div[@class="row paxContainer"][1]/div[contains(@class,"paxAttribute")]": null

2017-11-29 15:44:10 - [TEST_STEP][PASSED] - Statement - xpathval = paxDetailFields + "[1]/div[contains(@class,"form-group")]/input[contains(@class,"paxFirstName")]": null

2017-11-29 15:44:10 - [TEST_STEP][PASSED] - Statement - println("fn: " + xpathval): null

2017-11-29 15:44:10 - [TEST_STEP][PASSED] - Statement - repObj = com.kms.katalon.core.testobject.ObjectRepository.findTestObject(Object Repository/PrimoTours/LandingPage/secondPaxFirstNameField): Finding Test Object with id 'Object Repository/PrimoTours/LandingPage/secondPaxFirstNameField'

2017-11-29 15:44:10 - [TEST_STEP][PASSED] - Statement - repObj.findProperty("xpath").setValue(xpathval): null

2017-11-29 15:44:10 - [TEST_STEP][PASSED] - setText: Text 'Jakobsen AUT' is set on object 'Object Repository/PrimoTours/LandingPage/secondPaxFirstNameField'

2017-11-29 15:44:10 - [MESSAGE][PASSED] - Text 'Jakobsen AUT' is set on object 'Object Repository/PrimoTours/LandingPage/secondPaxFirstNameField'

2017-11-29 15:44:10 - [TEST_STEP][PASSED] - Statement - xpathval = paxDetailFields + "[2]/div[contains(@class,"form-group")]/input[contains(@class,"paxLastName")]": null

2017-11-29 15:44:10 - [TEST_STEP][PASSED] - Statement - println("ln: " + xpathval): null

2017-11-29 15:44:10 - [TEST_STEP][PASSED] - Statement - repObj = com.kms.katalon.core.testobject.ObjectRepository.findTestObject(Object Repository/PrimoTours/LandingPage/secondPaxFirstNameField): Finding Test Object with id 'Object Repository/PrimoTours/LandingPage/secondPaxFirstNameField'

2017-11-29 15:44:10 - [TEST_STEP][PASSED] - Statement - repObj.findProperty("xpath").setValue(xpathval): null

2017-11-29 15:44:10 - [TEST_STEP][PASSED] - setText: Text 'Mette Vinge' is set on object 'Object Repository/PrimoTours/LandingPage/secondPaxFirstNameField'

2017-11-29 15:44:10 - [MESSAGE][PASSED] - Text 'Mette Vinge' is set on object 'Object Repository/PrimoTours/LandingPage/secondPaxFirstNameField'

2017-11-29 15:44:10 - [TEST_STEP][PASSED] - Statement - repObj = com.kms.katalon.core.testobject.ObjectRepository.findTestObject(Object Repository/PrimoTours/LandingPage/secondPaxFirstNameField): Finding Test Object with id 'Object Repository/PrimoTours/LandingPage/secondPaxFirstNameField'

2017-11-29 15:44:10 - [TEST_STEP][PASSED] - Statement - xpathval = paxDetailFields + "[3]/div[contains(@class,"paxGenderSelectorContainer")]/span[contains(@class,"select2 select2-container")]/span[contains(@class,"selection")]/span[contains(@class,"select2-selection")]": null

2017-11-29 15:44:10 - [TEST_STEP][PASSED] - Statement - println("gender: " + xpathval): null

2017-11-29 15:44:10 - [TEST_STEP][PASSED] - Statement - repObj.findProperty("xpath").setValue(xpathval): null

2017-11-29 15:44:10 - [TEST_STEP][PASSED] - click: Object: 'Object Repository/PrimoTours/LandingPage/secondPaxFirstNameField' is clicked on

2017-11-29 15:44:10 - [MESSAGE][PASSED] - Object: 'Object Repository/PrimoTours/LandingPage/secondPaxFirstNameField' is clicked on

2017-11-29 15:44:10 - [TEST_STEP][PASSED] - Statement - If (i == 1 & j == 1): null

2017-11-29 15:44:10 - [TEST_STEP][PASSED] - Statement - randomPaxIndex = java.lang.Math.abs(new java.util.Random().nextInt() % excelRowNo) + 1: null

2017-11-29 15:44:10 - [TEST_STEP][PASSED] - Statement - fname = rawData.getValue("FirstName", randomPaxIndex) + " AUT": null

2017-11-29 15:44:10 - [TEST_STEP][PASSED] - Statement - lname = rawData.getValue("LastName", randomPaxIndex): null

2017-11-29 15:44:10 - [TEST_STEP][PASSED] - Statement - pgender = rawData.getValue("Gender", randomPaxIndex): null

2017-11-29 15:44:10 - [TEST_STEP][PASSED] - Statement - pday = rawData.getValue("Day DOB", randomPaxIndex): null

2017-11-29 15:44:10 - [TEST_STEP][PASSED] - Statement - pmonth = rawData.getValue("Month DOB", randomPaxIndex): null

2017-11-29 15:44:10 - [TEST_STEP][PASSED] - Statement - pyear = rawData.getValue("Year DOB", randomPaxIndex): null

2017-11-29 15:44:10 - [TEST_STEP][PASSED] - Statement - paxDetailFields = paxInRoomXpath + "[" + j + "]/div[@class="col-md-x col-md-9"]/div[@class="row paxContainer"][1]/div[contains(@class,"paxAttribute")]": null

2017-11-29 15:44:10 - [TEST_STEP][PASSED] - Statement - xpathval = paxDetailFields + "[1]/div[contains(@class,"form-group")]/input[contains(@class,"paxFirstName")]": null

2017-11-29 15:44:10 - [TEST_STEP][PASSED] - Statement - println("fn: " + xpathval): null

2017-11-29 15:44:10 - [TEST_STEP][PASSED] - Statement - repObj = com.kms.katalon.core.testobject.ObjectRepository.findTestObject(Object Repository/PrimoTours/LandingPage/secondPaxFirstNameField): Finding Test Object with id 'Object Repository/PrimoTours/LandingPage/secondPaxFirstNameField'

2017-11-29 15:44:10 - [TEST_STEP][PASSED] - Statement - repObj.findProperty("xpath").setValue(xpathval): null

2017-11-29 15:44:10 - [TEST_STEP][PASSED] - setText: Text 'Lauridsen AUT' is set on object 'Object Repository/PrimoTours/LandingPage/secondPaxFirstNameField'

2017-11-29 15:44:10 - [MESSAGE][PASSED] - Text 'Lauridsen AUT' is set on object 'Object Repository/PrimoTours/LandingPage/secondPaxFirstNameField'

2017-11-29 15:44:10 - [TEST_STEP][PASSED] - Statement - xpathval = paxDetailFields + "[2]/div[contains(@class,"form-group")]/input[contains(@class,"paxLastName")]": null

2017-11-29 15:44:10 - [TEST_STEP][PASSED] - Statement - println("ln: " + xpathval): null

2017-11-29 15:44:10 - [TEST_STEP][PASSED] - Statement - repObj = com.kms.katalon.core.testobject.ObjectRepository.findTestObject(Object Repository/PrimoTours/LandingPage/secondPaxFirstNameField): Finding Test Object with id 'Object Repository/PrimoTours/LandingPage/secondPaxFirstNameField'

2017-11-29 15:44:10 - [TEST_STEP][PASSED] - Statement - repObj.findProperty("xpath").setValue(xpathval): null

2017-11-29 15:44:10 - [TEST_STEP][PASSED] - setText: Text 'Juline Kate' is set on object 'Object Repository/PrimoTours/LandingPage/secondPaxFirstNameField'

2017-11-29 15:44:10 - [MESSAGE][PASSED] - Text 'Juline Kate' is set on object 'Object Repository/PrimoTours/LandingPage/secondPaxFirstNameField'

2017-11-29 15:44:10 - [TEST_STEP][PASSED] - Statement - repObj = com.kms.katalon.core.testobject.ObjectRepository.findTestObject(Object Repository/PrimoTours/LandingPage/secondPaxFirstNameField): Finding Test Object with id 'Object Repository/PrimoTours/LandingPage/secondPaxFirstNameField'

2017-11-29 15:44:10 - [TEST_STEP][PASSED] - Statement - xpathval = paxDetailFields + "[3]/div[contains(@class,"paxGenderSelectorContainer")]/span[contains(@class,"select2 select2-container")]/span[contains(@class,"selection")]/span[contains(@class,"select2-selection")]": null

2017-11-29 15:44:10 - [TEST_STEP][PASSED] - Statement - println("gender: " + xpathval): null

2017-11-29 15:44:10 - [TEST_STEP][PASSED] - Statement - repObj.findProperty("xpath").setValue(xpathval): null

2017-11-29 15:44:10 - [TEST_STEP][PASSED] - click: Object: 'Object Repository/PrimoTours/LandingPage/secondPaxFirstNameField' is clicked on

2017-11-29 15:44:11 - [MESSAGE][PASSED] - Object: 'Object Repository/PrimoTours/LandingPage/secondPaxFirstNameField' is clicked on

2017-11-29 15:44:11 - [TEST_STEP][PASSED] - Statement - If (i == 1 & j == 1): null

2017-11-29 15:44:11 - [TEST_STEP][PASSED] - Statement - randomPaxIndex = java.lang.Math.abs(new java.util.Random().nextInt() % excelRowNo) + 1: null

2017-11-29 15:44:11 - [TEST_STEP][PASSED] - Statement - fname = rawData.getValue("FirstName", randomPaxIndex) + " AUT": null

2017-11-29 15:44:11 - [TEST_STEP][PASSED] - Statement - lname = rawData.getValue("LastName", randomPaxIndex): null

2017-11-29 15:44:11 - [TEST_STEP][PASSED] - Statement - pgender = rawData.getValue("Gender", randomPaxIndex): null

2017-11-29 15:44:11 - [TEST_STEP][PASSED] - Statement - pday = rawData.getValue("Day DOB", randomPaxIndex): null

2017-11-29 15:44:11 - [TEST_STEP][PASSED] - Statement - pmonth = rawData.getValue("Month DOB", randomPaxIndex): null

2017-11-29 15:44:11 - [TEST_STEP][PASSED] - Statement - pyear = rawData.getValue("Year DOB", randomPaxIndex): null

2017-11-29 15:44:11 - [TEST_STEP][PASSED] - Statement - paxDetailFields = paxInRoomXpath + "[" + j + "]/div[@class="col-md-x col-md-9"]/div[@class="row paxContainer"][1]/div[contains(@class,"paxAttribute")]": null

2017-11-29 15:44:11 - [TEST_STEP][PASSED] - Statement - xpathval = paxDetailFields + "[1]/div[contains(@class,"form-group")]/input[contains(@class,"paxFirstName")]": null

2017-11-29 15:44:11 - [TEST_STEP][PASSED] - Statement - println("fn: " + xpathval): null

2017-11-29 15:44:11 - [TEST_STEP][PASSED] - Statement - repObj = com.kms.katalon.core.testobject.ObjectRepository.findTestObject(Object Repository/PrimoTours/LandingPage/secondPaxFirstNameField): Finding Test Object with id 'Object Repository/PrimoTours/LandingPage/secondPaxFirstNameField'

2017-11-29 15:44:11 - [TEST_STEP][PASSED] - Statement - repObj.findProperty("xpath").setValue(xpathval): null

2017-11-29 15:44:11 - [TEST_STEP][PASSED] - setText: Text 'Pedersen AUT' is set on object 'Object Repository/PrimoTours/LandingPage/secondPaxFirstNameField'

2017-11-29 15:44:11 - [MESSAGE][PASSED] - Text 'Pedersen AUT' is set on object 'Object Repository/PrimoTours/LandingPage/secondPaxFirstNameField'

2017-11-29 15:44:11 - [TEST_STEP][PASSED] - Statement - xpathval = paxDetailFields + "[2]/div[contains(@class,"form-group")]/input[contains(@class,"paxLastName")]": null

2017-11-29 15:44:11 - [TEST_STEP][PASSED] - Statement - println("ln: " + xpathval): null

2017-11-29 15:44:11 - [TEST_STEP][PASSED] - Statement - repObj = com.kms.katalon.core.testobject.ObjectRepository.findTestObject(Object Repository/PrimoTours/LandingPage/secondPaxFirstNameField): Finding Test Object with id 'Object Repository/PrimoTours/LandingPage/secondPaxFirstNameField'

2017-11-29 15:44:11 - [TEST_STEP][PASSED] - Statement - repObj.findProperty("xpath").setValue(xpathval): null

2017-11-29 15:44:11 - [TEST_STEP][PASSED] - setText: Text 'Kim Allan' is set on object 'Object Repository/PrimoTours/LandingPage/secondPaxFirstNameField'

2017-11-29 15:44:11 - [MESSAGE][PASSED] - Text 'Kim Allan' is set on object 'Object Repository/PrimoTours/LandingPage/secondPaxFirstNameField'

2017-11-29 15:44:11 - [TEST_STEP][PASSED] - Statement - repObj = com.kms.katalon.core.testobject.ObjectRepository.findTestObject(Object Repository/PrimoTours/LandingPage/secondPaxFirstNameField): Finding Test Object with id 'Object Repository/PrimoTours/LandingPage/secondPaxFirstNameField'

2017-11-29 15:44:11 - [TEST_STEP][PASSED] - Statement - xpathval = paxDetailFields + "[3]/div[contains(@class,"paxGenderSelectorContainer")]/span[contains(@class,"select2 select2-container")]/span[contains(@class,"selection")]/span[contains(@class,"select2-selection")]": null

2017-11-29 15:44:11 - [TEST_STEP][PASSED] - Statement - println("gender: " + xpathval): null

2017-11-29 15:44:11 - [TEST_STEP][PASSED] - Statement - repObj.findProperty("xpath").setValue(xpathval): null

2017-11-29 15:44:11 - [TEST_STEP][PASSED] - click: Object: 'Object Repository/PrimoTours/LandingPage/secondPaxFirstNameField' is clicked on

2017-11-29 15:44:11 - [MESSAGE][PASSED] - Object: 'Object Repository/PrimoTours/LandingPage/secondPaxFirstNameField' is clicked on

2017-11-29 15:44:11 - [TEST_STEP][PASSED] - Statement - paxInRoomXpath = "id("passengersContainer_" + i - 1 + "")/div[@class="col-md-12"]/div[@class="row"]": null

2017-11-29 15:44:11 - [TEST_STEP][PASSED] - Statement - println("paxInRoomXpath=" + paxInRoomXpath): null

2017-11-29 15:44:11 - [TEST_STEP][PASSED] - Statement - paxInRoomCount = driver.findElements(org.openqa.selenium.By.xpath(paxInRoomXpath)).size(): null

2017-11-29 15:44:11 - [TEST_STEP][PASSED] - Statement - println("paxInRoomCount=" + paxInRoomCount): null

2017-11-29 15:44:11 - [TEST_STEP][PASSED] - Statement - For ([j = 1, j <= paxInRoomCount, (j++)]): Object: 'Object Repository/PrimoTours/LandingPage/secondPaxFirstNameField' is clicked on

2017-11-29 15:44:11 - [TEST_STEP][PASSED] - Statement - If (i == 1 & j == 1): null

2017-11-29 15:44:11 - [TEST_STEP][PASSED] - Statement - randomPaxIndex = java.lang.Math.abs(new java.util.Random().nextInt() % excelRowNo) + 1: null

2017-11-29 15:44:11 - [TEST_STEP][PASSED] - Statement - fname = rawData.getValue("FirstName", randomPaxIndex) + " AUT": null

2017-11-29 15:44:11 - [TEST_STEP][PASSED] - Statement - lname = rawData.getValue("LastName", randomPaxIndex): null

2017-11-29 15:44:11 - [TEST_STEP][PASSED] - Statement - pgender = rawData.getValue("Gender", randomPaxIndex): null

2017-11-29 15:44:11 - [TEST_STEP][PASSED] - Statement - pday = rawData.getValue("Day DOB", randomPaxIndex): null

2017-11-29 15:44:11 - [TEST_STEP][PASSED] - Statement - pmonth = rawData.getValue("Month DOB", randomPaxIndex): null

2017-11-29 15:44:11 - [TEST_STEP][PASSED] - Statement - pyear = rawData.getValue("Year DOB", randomPaxIndex): null

2017-11-29 15:44:11 - [TEST_STEP][PASSED] - Statement - paxDetailFields = paxInRoomXpath + "[" + j + "]/div[@class="col-md-x col-md-9"]/div[@class="row paxContainer"][1]/div[contains(@class,"paxAttribute")]": null

2017-11-29 15:44:11 - [TEST_STEP][PASSED] - Statement - xpathval = paxDetailFields + "[1]/div[contains(@class,"form-group")]/input[contains(@class,"paxFirstName")]": null

2017-11-29 15:44:11 - [TEST_STEP][PASSED] - Statement - println("fn: " + xpathval): null

2017-11-29 15:44:11 - [TEST_STEP][PASSED] - Statement - repObj = com.kms.katalon.core.testobject.ObjectRepository.findTestObject(Object Repository/PrimoTours/LandingPage/secondPaxFirstNameField): Finding Test Object with id 'Object Repository/PrimoTours/LandingPage/secondPaxFirstNameField'

2017-11-29 15:44:11 - [TEST_STEP][PASSED] - Statement - repObj.findProperty("xpath").setValue(xpathval): null

2017-11-29 15:44:11 - [TEST_STEP][PASSED] - setText: Text 'Møller AUT' is set on object 'Object Repository/PrimoTours/LandingPage/secondPaxFirstNameField'

2017-11-29 15:44:11 - [MESSAGE][PASSED] - Text 'Møller AUT' is set on object 'Object Repository/PrimoTours/LandingPage/secondPaxFirstNameField'

2017-11-29 15:44:11 - [TEST_STEP][PASSED] - Statement - xpathval = paxDetailFields + "[2]/div[contains(@class,"form-group")]/input[contains(@class,"paxLastName")]": null

2017-11-29 15:44:11 - [TEST_STEP][PASSED] - Statement - println("ln: " + xpathval): null

2017-11-29 15:44:11 - [TEST_STEP][PASSED] - Statement - repObj = com.kms.katalon.core.testobject.ObjectRepository.findTestObject(Object Repository/PrimoTours/LandingPage/secondPaxFirstNameField): Finding Test Object with id 'Object Repository/PrimoTours/LandingPage/secondPaxFirstNameField'

2017-11-29 15:44:11 - [TEST_STEP][PASSED] - Statement - repObj.findProperty("xpath").setValue(xpathval): null

2017-11-29 15:44:11 - [TEST_STEP][PASSED] - setText: Text 'Christian Doormann' is set on object 'Object Repository/PrimoTours/LandingPage/secondPaxFirstNameField'

2017-11-29 15:44:11 - [MESSAGE][PASSED] - Text 'Christian Doormann' is set on object 'Object Repository/PrimoTours/LandingPage/secondPaxFirstNameField'

2017-11-29 15:44:11 - [TEST_STEP][PASSED] - Statement - repObj = com.kms.katalon.core.testobject.ObjectRepository.findTestObject(Object Repository/PrimoTours/LandingPage/secondPaxFirstNameField): Finding Test Object with id 'Object Repository/PrimoTours/LandingPage/secondPaxFirstNameField'

2017-11-29 15:44:11 - [TEST_STEP][PASSED] - Statement - xpathval = paxDetailFields + "[3]/div[contains(@class,"paxGenderSelectorContainer")]/span[contains(@class,"select2 select2-container")]/span[contains(@class,"selection")]/span[contains(@class,"select2-selection")]": null

2017-11-29 15:44:11 - [TEST_STEP][PASSED] - Statement - println("gender: " + xpathval): null

2017-11-29 15:44:11 - [TEST_STEP][PASSED] - Statement - repObj.findProperty("xpath").setValue(xpathval): null

2017-11-29 15:44:11 - [TEST_STEP][PASSED] - click: Object: 'Object Repository/PrimoTours/LandingPage/secondPaxFirstNameField' is clicked on

2017-11-29 15:44:11 - [MESSAGE][PASSED] - Object: 'Object Repository/PrimoTours/LandingPage/secondPaxFirstNameField' is clicked on

2017-11-29 15:44:11 - [TEST_STEP][PASSED] - Statement - If (i == 1 & j == 1): null

2017-11-29 15:44:11 - [TEST_STEP][PASSED] - Statement - randomPaxIndex = java.lang.Math.abs(new java.util.Random().nextInt() % excelRowNo) + 1: null

2017-11-29 15:44:11 - [TEST_STEP][PASSED] - Statement - fname = rawData.getValue("FirstName", randomPaxIndex) + " AUT": null

2017-11-29 15:44:11 - [TEST_STEP][PASSED] - Statement - lname = rawData.getValue("LastName", randomPaxIndex): null

2017-11-29 15:44:11 - [TEST_STEP][PASSED] - Statement - pgender = rawData.getValue("Gender", randomPaxIndex): null

2017-11-29 15:44:11 - [TEST_STEP][PASSED] - Statement - pday = rawData.getValue("Day DOB", randomPaxIndex): null

2017-11-29 15:44:11 - [TEST_STEP][PASSED] - Statement - pmonth = rawData.getValue("Month DOB", randomPaxIndex): null

2017-11-29 15:44:11 - [TEST_STEP][PASSED] - Statement - pyear = rawData.getValue("Year DOB", randomPaxIndex): null

2017-11-29 15:44:11 - [TEST_STEP][PASSED] - Statement - paxDetailFields = paxInRoomXpath + "[" + j + "]/div[@class="col-md-x col-md-9"]/div[@class="row paxContainer"][1]/div[contains(@class,"paxAttribute")]": null

2017-11-29 15:44:11 - [TEST_STEP][PASSED] - Statement - xpathval = paxDetailFields + "[1]/div[contains(@class,"form-group")]/input[contains(@class,"paxFirstName")]": null

2017-11-29 15:44:11 - [TEST_STEP][PASSED] - Statement - println("fn: " + xpathval): null

2017-11-29 15:44:11 - [TEST_STEP][PASSED] - Statement - repObj = com.kms.katalon.core.testobject.ObjectRepository.findTestObject(Object Repository/PrimoTours/LandingPage/secondPaxFirstNameField): Finding Test Object with id 'Object Repository/PrimoTours/LandingPage/secondPaxFirstNameField'

2017-11-29 15:44:11 - [TEST_STEP][PASSED] - Statement - repObj.findProperty("xpath").setValue(xpathval): null

2017-11-29 15:44:11 - [TEST_STEP][PASSED] - setText: Text 'Lindtofte AUT' is set on object 'Object Repository/PrimoTours/LandingPage/secondPaxFirstNameField'

2017-11-29 15:44:12 - [MESSAGE][PASSED] - Text 'Lindtofte AUT' is set on object 'Object Repository/PrimoTours/LandingPage/secondPaxFirstNameField'

2017-11-29 15:44:12 - [TEST_STEP][PASSED] - Statement - xpathval = paxDetailFields + "[2]/div[contains(@class,"form-group")]/input[contains(@class,"paxLastName")]": null

2017-11-29 15:44:12 - [TEST_STEP][PASSED] - Statement - println("ln: " + xpathval): null

2017-11-29 15:44:12 - [TEST_STEP][PASSED] - Statement - repObj = com.kms.katalon.core.testobject.ObjectRepository.findTestObject(Object Repository/PrimoTours/LandingPage/secondPaxFirstNameField): Finding Test Object with id 'Object Repository/PrimoTours/LandingPage/secondPaxFirstNameField'

2017-11-29 15:44:12 - [TEST_STEP][PASSED] - Statement - repObj.findProperty("xpath").setValue(xpathval): null

2017-11-29 15:44:12 - [TEST_STEP][PASSED] - setText: Text 'Filip Kjær' is set on object 'Object Repository/PrimoTours/LandingPage/secondPaxFirstNameField'

2017-11-29 15:44:12 - [MESSAGE][PASSED] - Text 'Filip Kjær' is set on object 'Object Repository/PrimoTours/LandingPage/secondPaxFirstNameField'

2017-11-29 15:44:12 - [TEST_STEP][PASSED] - Statement - repObj = com.kms.katalon.core.testobject.ObjectRepository.findTestObject(Object Repository/PrimoTours/LandingPage/secondPaxFirstNameField): Finding Test Object with id 'Object Repository/PrimoTours/LandingPage/secondPaxFirstNameField'

2017-11-29 15:44:12 - [TEST_STEP][PASSED] - Statement - xpathval = paxDetailFields + "[3]/div[contains(@class,"paxGenderSelectorContainer")]/span[contains(@class,"select2 select2-container")]/span[contains(@class,"selection")]/span[contains(@class,"select2-selection")]": null

2017-11-29 15:44:12 - [TEST_STEP][PASSED] - Statement - println("gender: " + xpathval): null

2017-11-29 15:44:12 - [TEST_STEP][PASSED] - Statement - repObj.findProperty("xpath").setValue(xpathval): null

2017-11-29 15:44:12 - [TEST_STEP][PASSED] - click: Object: 'Object Repository/PrimoTours/LandingPage/secondPaxFirstNameField' is clicked on

2017-11-29 15:44:12 - [MESSAGE][PASSED] - Object: 'Object Repository/PrimoTours/LandingPage/secondPaxFirstNameField' is clicked on

2017-11-29 15:44:12 - [TEST_STEP][PASSED] - Statement - If (i == 1 & j == 1): null

2017-11-29 15:44:12 - [TEST_STEP][PASSED] - Statement - randomPaxIndex = java.lang.Math.abs(new java.util.Random().nextInt() % excelRowNo) + 1: null

2017-11-29 15:44:12 - [TEST_STEP][PASSED] - Statement - fname = rawData.getValue("FirstName", randomPaxIndex) + " AUT": null

2017-11-29 15:44:12 - [TEST_STEP][PASSED] - Statement - lname = rawData.getValue("LastName", randomPaxIndex): null

2017-11-29 15:44:12 - [TEST_STEP][PASSED] - Statement - pgender = rawData.getValue("Gender", randomPaxIndex): null

2017-11-29 15:44:12 - [TEST_STEP][PASSED] - Statement - pday = rawData.getValue("Day DOB", randomPaxIndex): null

2017-11-29 15:44:12 - [TEST_STEP][PASSED] - Statement - pmonth = rawData.getValue("Month DOB", randomPaxIndex): null

2017-11-29 15:44:12 - [TEST_STEP][PASSED] - Statement - pyear = rawData.getValue("Year DOB", randomPaxIndex): null

2017-11-29 15:44:12 - [TEST_STEP][PASSED] - Statement - paxDetailFields = paxInRoomXpath + "[" + j + "]/div[@class="col-md-x col-md-9"]/div[@class="row paxContainer"][1]/div[contains(@class,"paxAttribute")]": null

2017-11-29 15:44:12 - [TEST_STEP][PASSED] - Statement - xpathval = paxDetailFields + "[1]/div[contains(@class,"form-group")]/input[contains(@class,"paxFirstName")]": null

2017-11-29 15:44:12 - [TEST_STEP][PASSED] - Statement - println("fn: " + xpathval): null

2017-11-29 15:44:12 - [TEST_STEP][PASSED] - Statement - repObj = com.kms.katalon.core.testobject.ObjectRepository.findTestObject(Object Repository/PrimoTours/LandingPage/secondPaxFirstNameField): Finding Test Object with id 'Object Repository/PrimoTours/LandingPage/secondPaxFirstNameField'

2017-11-29 15:44:12 - [TEST_STEP][PASSED] - Statement - repObj.findProperty("xpath").setValue(xpathval): null

2017-11-29 15:44:12 - [TEST_STEP][PASSED] - setText: Text 'Rebsdorf AUT' is set on object 'Object Repository/PrimoTours/LandingPage/secondPaxFirstNameField'

2017-11-29 15:44:12 - [MESSAGE][PASSED] - Text 'Rebsdorf AUT' is set on object 'Object Repository/PrimoTours/LandingPage/secondPaxFirstNameField'

2017-11-29 15:44:12 - [TEST_STEP][PASSED] - Statement - xpathval = paxDetailFields + "[2]/div[contains(@class,"form-group")]/input[contains(@class,"paxLastName")]": null

2017-11-29 15:44:12 - [TEST_STEP][PASSED] - Statement - println("ln: " + xpathval): null

2017-11-29 15:44:12 - [TEST_STEP][PASSED] - Statement - repObj = com.kms.katalon.core.testobject.ObjectRepository.findTestObject(Object Repository/PrimoTours/LandingPage/secondPaxFirstNameField): Finding Test Object with id 'Object Repository/PrimoTours/LandingPage/secondPaxFirstNameField'

2017-11-29 15:44:12 - [TEST_STEP][PASSED] - Statement - repObj.findProperty("xpath").setValue(xpathval): null

2017-11-29 15:44:12 - [TEST_STEP][PASSED] - setText: Text 'Jette Greve' is set on object 'Object Repository/PrimoTours/LandingPage/secondPaxFirstNameField'

2017-11-29 15:44:12 - [MESSAGE][PASSED] - Text 'Jette Greve' is set on object 'Object Repository/PrimoTours/LandingPage/secondPaxFirstNameField'

2017-11-29 15:44:12 - [TEST_STEP][PASSED] - Statement - repObj = com.kms.katalon.core.testobject.ObjectRepository.findTestObject(Object Repository/PrimoTours/LandingPage/secondPaxFirstNameField): Finding Test Object with id 'Object Repository/PrimoTours/LandingPage/secondPaxFirstNameField'

2017-11-29 15:44:12 - [TEST_STEP][PASSED] - Statement - xpathval = paxDetailFields + "[3]/div[contains(@class,"paxGenderSelectorContainer")]/span[contains(@class,"select2 select2-container")]/span[contains(@class,"selection")]/span[contains(@class,"select2-selection")]": null

2017-11-29 15:44:12 - [TEST_STEP][PASSED] - Statement - println("gender: " + xpathval): null

2017-11-29 15:44:12 - [TEST_STEP][PASSED] - Statement - repObj.findProperty("xpath").setValue(xpathval): null

2017-11-29 15:44:12 - [TEST_STEP][PASSED] - click: Object: 'Object Repository/PrimoTours/LandingPage/secondPaxFirstNameField' is clicked on

2017-11-29 15:44:12 - [MESSAGE][PASSED] - Object: 'Object Repository/PrimoTours/LandingPage/secondPaxFirstNameField' is clicked on

2017-11-29 15:44:12 - [TEST_STEP][PASSED] - Statement - If (i == 1 & j == 1): null

2017-11-29 15:44:12 - [TEST_STEP][PASSED] - Statement - randomPaxIndex = java.lang.Math.abs(new java.util.Random().nextInt() % excelRowNo) + 1: null

2017-11-29 15:44:12 - [TEST_STEP][PASSED] - Statement - fname = rawData.getValue("FirstName", randomPaxIndex) + " AUT": null

2017-11-29 15:44:12 - [TEST_STEP][PASSED] - Statement - lname = rawData.getValue("LastName", randomPaxIndex): null

2017-11-29 15:44:12 - [TEST_STEP][PASSED] - Statement - pgender = rawData.getValue("Gender", randomPaxIndex): null

2017-11-29 15:44:12 - [TEST_STEP][PASSED] - Statement - pday = rawData.getValue("Day DOB", randomPaxIndex): null

2017-11-29 15:44:12 - [TEST_STEP][PASSED] - Statement - pmonth = rawData.getValue("Month DOB", randomPaxIndex): null

2017-11-29 15:44:12 - [TEST_STEP][PASSED] - Statement - pyear = rawData.getValue("Year DOB", randomPaxIndex): null

2017-11-29 15:44:12 - [TEST_STEP][PASSED] - Statement - paxDetailFields = paxInRoomXpath + "[" + j + "]/div[@class="col-md-x col-md-9"]/div[@class="row paxContainer"][1]/div[contains(@class,"paxAttribute")]": null

2017-11-29 15:44:12 - [TEST_STEP][PASSED] - Statement - xpathval = paxDetailFields + "[1]/div[contains(@class,"form-group")]/input[contains(@class,"paxFirstName")]": null

2017-11-29 15:44:12 - [TEST_STEP][PASSED] - Statement - println("fn: " + xpathval): null

2017-11-29 15:44:12 - [TEST_STEP][PASSED] - Statement - repObj = com.kms.katalon.core.testobject.ObjectRepository.findTestObject(Object Repository/PrimoTours/LandingPage/secondPaxFirstNameField): Finding Test Object with id 'Object Repository/PrimoTours/LandingPage/secondPaxFirstNameField'

2017-11-29 15:44:12 - [TEST_STEP][PASSED] - Statement - repObj.findProperty("xpath").setValue(xpathval): null

2017-11-29 15:44:12 - [TEST_STEP][PASSED] - setText: Text 'Skovfo AUT' is set on object 'Object Repository/PrimoTours/LandingPage/secondPaxFirstNameField'

2017-11-29 15:44:12 - [MESSAGE][PASSED] - Text 'Skovfo AUT' is set on object 'Object Repository/PrimoTours/LandingPage/secondPaxFirstNameField'

2017-11-29 15:44:12 - [TEST_STEP][PASSED] - Statement - xpathval = paxDetailFields + "[2]/div[contains(@class,"form-group")]/input[contains(@class,"paxLastName")]": null

2017-11-29 15:44:12 - [TEST_STEP][PASSED] - Statement - println("ln: " + xpathval): null

2017-11-29 15:44:12 - [TEST_STEP][PASSED] - Statement - repObj = com.kms.katalon.core.testobject.ObjectRepository.findTestObject(Object Repository/PrimoTours/LandingPage/secondPaxFirstNameField): Finding Test Object with id 'Object Repository/PrimoTours/LandingPage/secondPaxFirstNameField'

2017-11-29 15:44:12 - [TEST_STEP][PASSED] - Statement - repObj.findProperty("xpath").setValue(xpathval): null

2017-11-29 15:44:12 - [TEST_STEP][PASSED] - setText: Text 'Kasper' is set on object 'Object Repository/PrimoTours/LandingPage/secondPaxFirstNameField'

2017-11-29 15:44:12 - [MESSAGE][PASSED] - Text 'Kasper' is set on object 'Object Repository/PrimoTours/LandingPage/secondPaxFirstNameField'

2017-11-29 15:44:12 - [TEST_STEP][PASSED] - Statement - repObj = com.kms.katalon.core.testobject.ObjectRepository.findTestObject(Object Repository/PrimoTours/LandingPage/secondPaxFirstNameField): Finding Test Object with id 'Object Repository/PrimoTours/LandingPage/secondPaxFirstNameField'

2017-11-29 15:44:12 - [TEST_STEP][PASSED] - Statement - xpathval = paxDetailFields + "[3]/div[contains(@class,"paxGenderSelectorContainer")]/span[contains(@class,"select2 select2-container")]/span[contains(@class,"selection")]/span[contains(@class,"select2-selection")]": null

2017-11-29 15:44:12 - [TEST_STEP][PASSED] - Statement - println("gender: " + xpathval): null

2017-11-29 15:44:12 - [TEST_STEP][PASSED] - Statement - repObj.findProperty("xpath").setValue(xpathval): null

2017-11-29 15:44:12 - [TEST_STEP][PASSED] - click: Object: 'Object Repository/PrimoTours/LandingPage/secondPaxFirstNameField' is clicked on

2017-11-29 15:44:13 - [MESSAGE][PASSED] - Object: 'Object Repository/PrimoTours/LandingPage/secondPaxFirstNameField' is clicked on

2017-11-29 15:44:13 - [TEST_STEP][PASSED] - scrollToElement: Scroll to object 'Object Repository/PrimoTours/Old Objects/Coco (1)/PrimoT/SaveBooking2/Success/bookingTotalValue' successfully

2017-11-29 15:44:13 - [MESSAGE][PASSED] - Scroll to object 'Object Repository/PrimoTours/Old Objects/Coco (1)/PrimoT/SaveBooking2/Success/bookingTotalValue' successfully

2017-11-29 15:44:13 - [TEST_STEP][PASSED] - click: Object: 'Object Repository/PrimoTours/Old Objects/Coco (1)/PrimoT/SaveBooking2/Success/bookingTotalValue' is clicked on

2017-11-29 15:44:13 - [MESSAGE][PASSED] - Object: 'Object Repository/PrimoTours/Old Objects/Coco (1)/PrimoT/SaveBooking2/Success/bookingTotalValue' is clicked on

2017-11-29 15:44:13 - [TEST_STEP][PASSED] - scrollToElement: Scroll to object 'Object Repository/PrimoTours/Old Objects/Coco (1)/PrimoT/SaveBooking2/Success/Page_Primo Tours  Danmarks bedste c/nextButtonOnLandingPage' successfully

2017-11-29 15:44:13 - [MESSAGE][PASSED] - Scroll to object 'Object Repository/PrimoTours/Old Objects/Coco (1)/PrimoT/SaveBooking2/Success/Page_Primo Tours  Danmarks bedste c/nextButtonOnLandingPage' successfully

2017-11-29 15:44:13 - [TEST_STEP][PASSED] - waitForElementClickable: Object 'Object Repository/PrimoTours/Old Objects/Coco (1)/PrimoT/SaveBooking2/Success/Page_Primo Tours  Danmarks bedste c/nextButtonOnLandingPage' is clickable

2017-11-29 15:44:13 - [MESSAGE][PASSED] - Object 'Object Repository/PrimoTours/Old Objects/Coco (1)/PrimoT/SaveBooking2/Success/Page_Primo Tours  Danmarks bedste c/nextButtonOnLandingPage' is clickable

2017-11-29 15:44:13 - [TEST_STEP][PASSED] - waitForElementVisible: Object 'Object Repository/PrimoTours/Old Objects/Coco (1)/PrimoT/SaveBooking2/Success/Page_Primo Tours  Danmarks bedste c/nextButtonOnLandingPage' is visible

2017-11-29 15:44:13 - [MESSAGE][PASSED] - Object 'Object Repository/PrimoTours/Old Objects/Coco (1)/PrimoT/SaveBooking2/Success/Page_Primo Tours  Danmarks bedste c/nextButtonOnLandingPage' is visible

2017-11-29 15:44:13 - [TEST_STEP][PASSED] - scrollToElement: Scroll to object 'Object Repository/PrimoTours/Old Objects/Coco (1)/PrimoT/SaveBooking2/Success/Page_Primo Tours  Danmarks bedste c/nextButtonOnLandingPage' successfully

2017-11-29 15:44:13 - [MESSAGE][PASSED] - Scroll to object 'Object Repository/PrimoTours/Old Objects/Coco (1)/PrimoT/SaveBooking2/Success/Page_Primo Tours  Danmarks bedste c/nextButtonOnLandingPage' successfully

2017-11-29 15:44:13 - [TEST_STEP][PASSED] - click: Object: 'Object Repository/PrimoTours/Old Objects/Coco (1)/PrimoT/SaveBooking2/Success/Page_Primo Tours  Danmarks bedste c/nextButtonOnLandingPage' is clicked on

2017-11-29 15:44:15 - [MESSAGE][PASSED] - Object: 'Object Repository/PrimoTours/Old Objects/Coco (1)/PrimoT/SaveBooking2/Success/Page_Primo Tours  Danmarks bedste c/nextButtonOnLandingPage' is clicked on

2017-11-29 15:44:15 - [TEST_STEP][PASSED] - delay: Delayed 3 second(s)

2017-11-29 15:44:18 - [MESSAGE][PASSED] - Delayed 3 second(s)

2017-11-29 15:44:18 - [TEST_STEP][PASSED] - waitForElementNotVisible: Object 'Object Repository/PrimoTours/Old Objects/CCenter/pageLoaderOverlayLayer' is NOT visible

2017-11-29 15:44:18 - [MESSAGE][PASSED] - Object 'Object Repository/PrimoTours/Old Objects/CCenter/pageLoaderOverlayLayer' is NOT visible

2017-11-29 15:44:18 - [TEST_STEP][PASSED] - scrollToElement: Scroll to object 'Object Repository/PrimoTours/Old Objects/Coco/PrimoT/Ins2/Page_Primo Tours  Danmarks bedste c/travelInsuranceFirstPaxSelector' successfully

2017-11-29 15:44:18 - [MESSAGE][PASSED] - Scroll to object 'Object Repository/PrimoTours/Old Objects/Coco/PrimoT/Ins2/Page_Primo Tours  Danmarks bedste c/travelInsuranceFirstPaxSelector' successfully

2017-11-29 15:44:18 - [TEST_STEP][PASSED] - waitForElementPresent: Object 'Object Repository/PrimoTours/Old Objects/Coco/PrimoT/Ins2/Page_Primo Tours  Danmarks bedste c/travelInsuranceFirstPaxSelector' is present

2017-11-29 15:44:18 - [MESSAGE][PASSED] - Object 'Object Repository/PrimoTours/Old Objects/Coco/PrimoT/Ins2/Page_Primo Tours  Danmarks bedste c/travelInsuranceFirstPaxSelector' is present

2017-11-29 15:44:18 - [TEST_STEP][PASSED] - waitForElementVisible: Object 'Object Repository/PrimoTours/Old Objects/Coco/PrimoT/Ins2/Page_Primo Tours  Danmarks bedste c/travelInsuranceFirstPaxSelector' is visible

2017-11-29 15:44:18 - [MESSAGE][PASSED] - Object 'Object Repository/PrimoTours/Old Objects/Coco/PrimoT/Ins2/Page_Primo Tours  Danmarks bedste c/travelInsuranceFirstPaxSelector' is visible

2017-11-29 15:44:18 - [TEST_STEP][PASSED] - waitForElementClickable: Object 'Object Repository/PrimoTours/Old Objects/Coco/PrimoT/Ins2/Page_Primo Tours  Danmarks bedste c/travelInsuranceFirstPaxSelector' is clickable

2017-11-29 15:44:18 - [MESSAGE][PASSED] - Object 'Object Repository/PrimoTours/Old Objects/Coco/PrimoT/Ins2/Page_Primo Tours  Danmarks bedste c/travelInsuranceFirstPaxSelector' is clickable

2017-11-29 15:44:18 - [TEST_STEP][PASSED] - click: Object: 'Object Repository/PrimoTours/Old Objects/Coco/PrimoT/Ins2/Page_Primo Tours  Danmarks bedste c/travelInsuranceFirstPaxSelector' is clicked on

2017-11-29 15:44:18 - [MESSAGE][PASSED] - Object: 'Object Repository/PrimoTours/Old Objects/Coco/PrimoT/Ins2/Page_Primo Tours  Danmarks bedste c/travelInsuranceFirstPaxSelector' is clicked on

2017-11-29 15:44:18 - [TEST_STEP][PASSED] - Statement - Try: Object: 'Object Repository/PrimoTours/Old Objects/Coco/PrimoT/Ins2/Page_Primo Tours  Danmarks bedste c/firstTravelInsuranceOption' is clicked on

2017-11-29 15:44:18 - [TEST_STEP][PASSED] - click: Object: 'Object Repository/PrimoTours/Old Objects/Coco/PrimoT/Ins2/Page_Primo Tours  Danmarks bedste c/firstTravelInsuranceOption' is clicked on

2017-11-29 15:44:19 - [MESSAGE][PASSED] - Object: 'Object Repository/PrimoTours/Old Objects/Coco/PrimoT/Ins2/Page_Primo Tours  Danmarks bedste c/firstTravelInsuranceOption' is clicked on

2017-11-29 15:44:19 - [TEST_STEP][NOT_RUN] - click: NOT_RUN: click

2017-11-29 15:44:19 - [MESSAGE][NOT_RUN] - NOT_RUN: click

2017-11-29 15:44:19 - [TEST_STEP][NOT_RUN] - scrollToElement: NOT_RUN: scrollToElement

2017-11-29 15:44:19 - [MESSAGE][NOT_RUN] - NOT_RUN: scrollToElement

2017-11-29 15:44:19 - [TEST_STEP][NOT_RUN] - click: NOT_RUN: click

2017-11-29 15:44:19 - [MESSAGE][NOT_RUN] - NOT_RUN: click

2017-11-29 15:44:19 - [TEST_STEP][PASSED] - waitForElementVisible: Object 'Object Repository/PrimoTours/Old Objects/Coco (1)/PrimoT/SaveBooking2/Page_Primo Tours  Danmarks bedste c/individualInsuranceCheckbox' is visible

2017-11-29 15:44:19 - [MESSAGE][PASSED] - Object 'Object Repository/PrimoTours/Old Objects/Coco (1)/PrimoT/SaveBooking2/Page_Primo Tours  Danmarks bedste c/individualInsuranceCheckbox' is visible

2017-11-29 15:44:19 - [TEST_STEP][PASSED] - scrollToElement: Scroll to object 'Object Repository/PrimoTours/Old Objects/Coco (1)/PrimoT/SaveBooking2/Page_Primo Tours  Danmarks bedste c/individualInsuranceCheckbox' successfully

2017-11-29 15:44:19 - [MESSAGE][PASSED] - Scroll to object 'Object Repository/PrimoTours/Old Objects/Coco (1)/PrimoT/SaveBooking2/Page_Primo Tours  Danmarks bedste c/individualInsuranceCheckbox' successfully

2017-11-29 15:44:19 - [TEST_STEP][PASSED] - click: Object: 'Object Repository/PrimoTours/Old Objects/Coco (1)/PrimoT/SaveBooking2/Page_Primo Tours  Danmarks bedste c/individualInsuranceCheckbox' is clicked on

2017-11-29 15:44:19 - [MESSAGE][PASSED] - Object: 'Object Repository/PrimoTours/Old Objects/Coco (1)/PrimoT/SaveBooking2/Page_Primo Tours  Danmarks bedste c/individualInsuranceCheckbox' is clicked on

2017-11-29 15:44:19 - [TEST_STEP][PASSED] - scrollToElement: Scroll to object 'Object Repository/PrimoTours/Old Objects/Coco (1)/PrimoT/SaveBooking2/Success/firstProdCategIndividualSelectionRadioB' successfully

2017-11-29 15:44:19 - [MESSAGE][PASSED] - Scroll to object 'Object Repository/PrimoTours/Old Objects/Coco (1)/PrimoT/SaveBooking2/Success/firstProdCategIndividualSelectionRadioB' successfully

2017-11-29 15:44:19 - [TEST_STEP][PASSED] - waitForElementClickable: Object 'Object Repository/PrimoTours/Old Objects/Coco (1)/PrimoT/SaveBooking2/Success/firstProdCategIndividualSelectionRadioB' is clickable

2017-11-29 15:44:19 - [MESSAGE][PASSED] - Object 'Object Repository/PrimoTours/Old Objects/Coco (1)/PrimoT/SaveBooking2/Success/firstProdCategIndividualSelectionRadioB' is clickable

2017-11-29 15:44:19 - [TEST_STEP][PASSED] - scrollToElement: Scroll to object 'Object Repository/PrimoTours/Old Objects/Coco (1)/PrimoT/SaveBooking2/Success/firstProdCategIndividualSelectionRadioB' successfully

2017-11-29 15:44:20 - [MESSAGE][PASSED] - Scroll to object 'Object Repository/PrimoTours/Old Objects/Coco (1)/PrimoT/SaveBooking2/Success/firstProdCategIndividualSelectionRadioB' successfully

2017-11-29 15:44:20 - [TEST_STEP][PASSED] - click: Object: 'Object Repository/PrimoTours/Old Objects/Coco (1)/PrimoT/SaveBooking2/Success/firstProdCategIndividualSelectionRadioB' is clicked on

2017-11-29 15:44:20 - [MESSAGE][PASSED] - Object: 'Object Repository/PrimoTours/Old Objects/Coco (1)/PrimoT/SaveBooking2/Success/firstProdCategIndividualSelectionRadioB' is clicked on

2017-11-29 15:44:20 - [TEST_STEP][PASSED] - scrollToElement: Scroll to object 'Object Repository/PrimoTours/Old Objects/Coco (1)/PrimoT/SaveBooking2/Success/firstProdCategSelectForAllPaxCheckbox' successfully

2017-11-29 15:44:20 - [MESSAGE][PASSED] - Scroll to object 'Object Repository/PrimoTours/Old Objects/Coco (1)/PrimoT/SaveBooking2/Success/firstProdCategSelectForAllPaxCheckbox' successfully

2017-11-29 15:44:20 - [TEST_STEP][PASSED] - waitForElementClickable: Object 'Object Repository/PrimoTours/Old Objects/Coco (1)/PrimoT/SaveBooking2/Success/firstProdCategSelectForAllPaxCheckbox' is clickable

2017-11-29 15:44:20 - [MESSAGE][PASSED] - Object 'Object Repository/PrimoTours/Old Objects/Coco (1)/PrimoT/SaveBooking2/Success/firstProdCategSelectForAllPaxCheckbox' is clickable

2017-11-29 15:44:20 - [TEST_STEP][PASSED] - click: Object: 'Object Repository/PrimoTours/Old Objects/Coco (1)/PrimoT/SaveBooking2/Success/firstProdCategSelectForAllPaxCheckbox' is clicked on

2017-11-29 15:44:20 - [MESSAGE][PASSED] - Object: 'Object Repository/PrimoTours/Old Objects/Coco (1)/PrimoT/SaveBooking2/Success/firstProdCategSelectForAllPaxCheckbox' is clicked on

2017-11-29 15:44:20 - [TEST_STEP][NOT_RUN] - scrollToElement: NOT_RUN: scrollToElement

2017-11-29 15:44:20 - [MESSAGE][NOT_RUN] - NOT_RUN: scrollToElement

2017-11-29 15:44:20 - [TEST_STEP][NOT_RUN] - scrollToElement: NOT_RUN: scrollToElement

2017-11-29 15:44:20 - [MESSAGE][NOT_RUN] - NOT_RUN: scrollToElement

2017-11-29 15:44:20 - [TEST_STEP][NOT_RUN] - click: NOT_RUN: click

2017-11-29 15:44:20 - [MESSAGE][NOT_RUN] - NOT_RUN: click

2017-11-29 15:44:20 - [TEST_STEP][PASSED] - scrollToElement: Scroll to object 'Object Repository/PrimoTours/ConfirmationPage/agreeTermsAndCondCheckbox' successfully

2017-11-29 15:44:20 - [MESSAGE][PASSED] - Scroll to object 'Object Repository/PrimoTours/ConfirmationPage/agreeTermsAndCondCheckbox' successfully

2017-11-29 15:44:20 - [TEST_STEP][PASSED] - click: Object: 'Object Repository/PrimoTours/ConfirmationPage/agreeTermsAndCondCheckbox' is clicked on

2017-11-29 15:44:21 - [MESSAGE][PASSED] - Object: 'Object Repository/PrimoTours/ConfirmationPage/agreeTermsAndCondCheckbox' is clicked on

2017-11-29 15:44:21 - [TEST_STEP][PASSED] - scrollToElement: Scroll to object 'Object Repository/PrimoTours/ConfirmationPage/placeBookingSpanInsideButton' successfully

2017-11-29 15:44:21 - [MESSAGE][PASSED] - Scroll to object 'Object Repository/PrimoTours/ConfirmationPage/placeBookingSpanInsideButton' successfully

2017-11-29 15:44:21 - [TEST_STEP][PASSED] - delay: Delayed 1 second(s)

2017-11-29 15:44:22 - [MESSAGE][PASSED] - Delayed 1 second(s)

2017-11-29 15:44:22 - [TEST_STEP][PASSED] - waitForElementClickable: Object 'Object Repository/PrimoTours/ConfirmationPage/placeBookingSpanInsideButton' is clickable

2017-11-29 15:44:22 - [MESSAGE][PASSED] - Object 'Object Repository/PrimoTours/ConfirmationPage/placeBookingSpanInsideButton' is clickable

2017-11-29 15:44:22 - [TEST_STEP][PASSED] - Statement - Try: Object: 'Object Repository/PrimoTours/ConfirmationPage/placeBookingSpanInsideButton' is clicked on

2017-11-29 15:44:22 - [TEST_STEP][PASSED] - click: Object: 'Object Repository/PrimoTours/ConfirmationPage/placeBookingSpanInsideButton' is clicked on

2017-11-29 15:44:22 - [MESSAGE][PASSED] - Object: 'Object Repository/PrimoTours/ConfirmationPage/placeBookingSpanInsideButton' is clicked on

2017-11-29 15:44:22 - [TEST_STEP][PASSED] - delay: Delayed 2 second(s)

2017-11-29 15:44:24 - [MESSAGE][PASSED] - Delayed 2 second(s)

2017-11-29 15:44:24 - [TEST_STEP][PASSED] - waitForPageLoad: Wait for page load successfully

2017-11-29 15:44:24 - [MESSAGE][PASSED] - Wait for page load successfully

2017-11-29 15:44:24 - [TEST_STEP][PASSED] - waitForJQueryLoad: jQuery is ready.

2017-11-29 15:44:28 - [MESSAGE][PASSED] - jQuery is ready.

2017-11-29 15:44:28 - [TEST_STEP][PASSED] - waitForElementPresent: Object 'Object Repository/PrimoTours/Old Objects/CCenter/pageLoaderOverlayLayer' is present

2017-11-29 15:44:28 - [MESSAGE][PASSED] - Object 'Object Repository/PrimoTours/Old Objects/CCenter/pageLoaderOverlayLayer' is present

2017-11-29 15:44:28 - [TEST_STEP][PASSED] - waitForElementNotVisible: Object 'Object Repository/PrimoTours/Old Objects/CCenter/pageLoaderOverlayLayer' is NOT visible

2017-11-29 15:44:29 - [MESSAGE][PASSED] - Object 'Object Repository/PrimoTours/Old Objects/CCenter/pageLoaderOverlayLayer' is NOT visible

2017-11-29 15:44:29 - [TEST_STEP][PASSED] - waitForElementPresent: Object 'Object Repository/PrimoTours/Old Objects/ThankYouPage/bookingNoContainer' is present

2017-11-29 15:44:29 - [MESSAGE][PASSED] - Object 'Object Repository/PrimoTours/Old Objects/ThankYouPage/bookingNoContainer' is present

2017-11-29 15:44:29 - [TEST_STEP][PASSED] - waitForElementClickable: Object 'Object Repository/PrimoTours/Old Objects/ThankYouPage/bookingNoContainer' is clickable

2017-11-29 15:44:29 - [MESSAGE][PASSED] - Object 'Object Repository/PrimoTours/Old Objects/ThankYouPage/bookingNoContainer' is clickable

2017-11-29 15:44:29 - [TEST_STEP][PASSED] - verifyElementVisible: Object 'Object Repository/PrimoTours/Old Objects/ThankYouPage/bookingNoContainer' is visible

2017-11-29 15:44:29 - [MESSAGE][PASSED] - Object 'Object Repository/PrimoTours/Old Objects/ThankYouPage/bookingNoContainer' is visible

2017-11-29 15:44:29 - [TEST_STEP][PASSED] - verifyElementVisible: Object 'Object Repository/PrimoTours/Old Objects/ThankYouPage/bookingTotalInfo' is visible

2017-11-29 15:44:29 - [MESSAGE][PASSED] - Object 'Object Repository/PrimoTours/Old Objects/ThankYouPage/bookingTotalInfo' is visible

2017-11-29 15:44:29 - [TEST_STEP][PASSED] - verifyElementVisible: Object 'Object Repository/PrimoTours/Old Objects/ThankYouPage/bookingTotalPriceBar' is visible

2017-11-29 15:44:29 - [MESSAGE][PASSED] - Object 'Object Repository/PrimoTours/Old Objects/ThankYouPage/bookingTotalPriceBar' is visible

2017-11-29 15:44:29 - [TEST_STEP][PASSED] - verifyElementVisible: Object 'Object Repository/PrimoTours/Old Objects/ThankYouPage/printTicketSpan' is visible

2017-11-29 15:44:29 - [MESSAGE][PASSED] - Object 'Object Repository/PrimoTours/Old Objects/ThankYouPage/printTicketSpan' is visible

2017-11-29 15:44:29 - [TEST_STEP][PASSED] - waitForElementClickable: Object 'Object Repository/PrimoTours/Old Objects/ThankYouPage/printTicketSpan' is clickable

2017-11-29 15:44:29 - [MESSAGE][PASSED] - Object 'Object Repository/PrimoTours/Old Objects/ThankYouPage/printTicketSpan' is clickable

2017-11-29 15:44:29 - [TEST_STEP][PASSED] - Statement - Try: Object: 'Object Repository/PrimoTours/Old Objects/ThankYouPage/printTicketSpan' is clicked on

2017-11-29 15:44:29 - [TEST_STEP][PASSED] - click: Object: 'Object Repository/PrimoTours/Old Objects/ThankYouPage/printTicketSpan' is clicked on

2017-11-29 15:44:34 - [MESSAGE][PASSED] - Object: 'Object Repository/PrimoTours/Old Objects/ThankYouPage/printTicketSpan' is clicked on

2017-11-29 15:44:34 - [TEST_STEP][PASSED] - delay: Delayed 2 second(s)

2017-11-29 15:44:36 - [MESSAGE][PASSED] - Delayed 2 second(s)

2017-11-29 15:44:36 - [TEST_STEP][PASSED] - waitForElementVisible: Object 'Object Repository/PrimoTours/Old Objects/ThankYouPage/cCenterButton' is visible

2017-11-29 15:44:36 - [MESSAGE][PASSED] - Object 'Object Repository/PrimoTours/Old Objects/ThankYouPage/cCenterButton' is visible

2017-11-29 15:44:36 - [TEST_STEP][PASSED] - waitForElementClickable: Object 'Object Repository/PrimoTours/Old Objects/ThankYouPage/cCenterButton' is clickable

2017-11-29 15:44:36 - [MESSAGE][PASSED] - Object 'Object Repository/PrimoTours/Old Objects/ThankYouPage/cCenterButton' is clickable

2017-11-29 15:44:36 - [TEST_STEP][PASSED] - click: Object: 'Object Repository/PrimoTours/Old Objects/ThankYouPage/cCenterButton' is clicked on

2017-11-29 15:44:37 - [MESSAGE][PASSED] - Object: 'Object Repository/PrimoTours/Old Objects/ThankYouPage/cCenterButton' is clicked on

2017-11-29 15:44:37 - [TEST_STEP][PASSED] - waitForPageLoad: Wait for page load successfully

2017-11-29 15:44:37 - [MESSAGE][PASSED] - Wait for page load successfully

2017-11-29 15:44:37 - [TEST_STEP][PASSED] - waitForJQueryLoad: jQuery is ready.

2017-11-29 15:44:37 - [MESSAGE][PASSED] - jQuery is ready.

2017-11-29 15:44:37 - [TEST_STEP][PASSED] - waitForElementPresent: Object 'Object Repository/PrimoTours/Old Objects/CCenter/pageLoaderOverlayLayer' is present

2017-11-29 15:44:37 - [MESSAGE][PASSED] - Object 'Object Repository/PrimoTours/Old Objects/CCenter/pageLoaderOverlayLayer' is present

2017-11-29 15:44:37 - [TEST_STEP][PASSED] - waitForElementNotVisible: Object 'Object Repository/PrimoTours/Old Objects/CCenter/pageLoaderOverlayLayer' is NOT visible

2017-11-29 15:44:37 - [MESSAGE][PASSED] - Object 'Object Repository/PrimoTours/Old Objects/CCenter/pageLoaderOverlayLayer' is NOT visible

2017-11-29 15:44:37 - [TEST_STEP][PASSED] - verifyElementVisible: Object 'Object Repository/PrimoTours/Old Objects/ThankYouPage/bookingNoContainer' is visible

2017-11-29 15:44:37 - [MESSAGE][PASSED] - Object 'Object Repository/PrimoTours/Old Objects/ThankYouPage/bookingNoContainer' is visible

2017-11-29 15:44:37 - [TEST_STEP][PASSED] - verifyElementVisible: Object 'Object Repository/PrimoTours/Old Objects/ThankYouPage/bookingTotalPriceBar' is visible

2017-11-29 15:44:37 - [MESSAGE][PASSED] - Object 'Object Repository/PrimoTours/Old Objects/ThankYouPage/bookingTotalPriceBar' is visible

2017-11-29 15:44:37 - [TEST_STEP][PASSED] - delay: Delayed 1 second(s)

2017-11-29 15:44:38 - [MESSAGE][PASSED] - Delayed 1 second(s)]]></system-out>
         <system-err><![CDATA[]]></system-err>
      </testcase>
      <testcase name="Test Cases/PrimoTours/WB Primo/WB Primo staging - place booking - Iteration 6" classname="Test Cases/PrimoTours/WB Primo/WB Primo staging - place booking" status="PASSED">
         <system-out><![CDATA[2017-11-29 15:44:38 - [TEST_CASE][PASSED] - Test Cases/PrimoTours/WB Primo/WB Primo staging - place booking - Iteration 6: Test Cases/PrimoTours/WB Primo/WB Primo staging - place booking

2017-11-29 15:44:38 - [TEST_STEP][PASSED] - openBrowser: Browser is opened with url: ''

2017-11-29 15:44:38 - [MESSAGE][WARNING] - A browser is already opened. Closing browser and opening a new one

2017-11-29 15:44:42 - [MESSAGE][PASSED] - Browser is opened with url: ''

2017-11-29 15:44:42 - [TEST_STEP][PASSED] - maximizeWindow: Current window maximized

2017-11-29 15:44:42 - [MESSAGE][PASSED] - Current window maximized

2017-11-29 15:44:42 - [TEST_STEP][PASSED] - navigateToUrl: Navigate to 'http://localhost:50029/DoBooking.aspx?pltaID=1480269,1480294,1480269&p=1&rno=1,1,1&pt=1,1,2&a=2,2,2&c=2,2,0&aa=&ca=1,4|0,5|' successfully

2017-11-29 15:44:42 - [MESSAGE][PASSED] - Navigate to 'http://localhost:50029/DoBooking.aspx?pltaID=1480269,1480294,1480269&p=1&rno=1,1,1&pt=1,1,2&a=2,2,2&c=2,2,0&aa=&ca=1,4|0,5|' successfully

2017-11-29 15:44:42 - [TEST_STEP][PASSED] - Statement - excelInfo = ["fname":"", "lname":"", "pgender":"", "pday":"", "pmonth":"", "pyear":""]: null

2017-11-29 15:44:42 - [TEST_STEP][PASSED] - Statement - rawData = com.kms.katalon.core.testdata.TestDataFactory.findTestData("Data Files/WB_Primo/Passenger_details"): Reading excel file with source file 'D:\Software testing\Tourpaq\Automated Katalon tests\Primo WB test\Data Files\Primo_URLs_For_Automated_Test.xls' and sheet name 'Passenger Names'

2017-11-29 15:44:42 - [TEST_STEP][PASSED] - Statement - excelRowNo = rawData.getRowNumbers(): null

2017-11-29 15:44:42 - [TEST_STEP][PASSED] - Statement - randomPaxIndex = java.lang.Math.abs(new java.util.Random().nextInt() % excelRowNo) + 1: null

2017-11-29 15:44:42 - [TEST_STEP][PASSED] - Statement - fname = rawData.getValue("FirstName", randomPaxIndex): null

2017-11-29 15:44:42 - [TEST_STEP][PASSED] - Statement - lname = rawData.getValue("LastName", randomPaxIndex): null

2017-11-29 15:44:42 - [TEST_STEP][PASSED] - Statement - pgender = rawData.getValue("Gender", randomPaxIndex): null

2017-11-29 15:44:42 - [TEST_STEP][PASSED] - setText: Text 'Oldenstedt-Larsen AUT' is set on object 'Object Repository/PrimoTours/Old Objects/Coco/PrimoT/Page_Primo Tours  Danmarks bedste c/input_firstName'

2017-11-29 15:44:42 - [MESSAGE][PASSED] - Text 'Oldenstedt-Larsen AUT' is set on object 'Object Repository/PrimoTours/Old Objects/Coco/PrimoT/Page_Primo Tours  Danmarks bedste c/input_firstName'

2017-11-29 15:44:42 - [TEST_STEP][PASSED] - setText: Text 'Stig' is set on object 'Object Repository/PrimoTours/Old Objects/Coco/PrimoT/Page_Primo Tours  Danmarks bedste c/input_lastName'

2017-11-29 15:44:43 - [MESSAGE][PASSED] - Text 'Stig' is set on object 'Object Repository/PrimoTours/Old Objects/Coco/PrimoT/Page_Primo Tours  Danmarks bedste c/input_lastName'

2017-11-29 15:44:43 - [TEST_STEP][PASSED] - click: Object: 'Object Repository/PrimoTours/LandingPage/customerGender' is clicked on

2017-11-29 15:44:43 - [MESSAGE][PASSED] - Object: 'Object Repository/PrimoTours/LandingPage/customerGender' is clicked on

2017-11-29 15:44:43 - [TEST_STEP][PASSED] - setText: Text 'Home address' is set on object 'Object Repository/PrimoTours/Old Objects/Coco/PrimoT/Page_Primo Tours  Danmarks bedste c/input_customerAddress'

2017-11-29 15:44:43 - [MESSAGE][PASSED] - Text 'Home address' is set on object 'Object Repository/PrimoTours/Old Objects/Coco/PrimoT/Page_Primo Tours  Danmarks bedste c/input_customerAddress'

2017-11-29 15:44:43 - [TEST_STEP][PASSED] - setText: Text '6700' is set on object 'Object Repository/PrimoTours/Old Objects/Coco/PrimoT/Page_Primo Tours  Danmarks bedste c/input_customerPostcode'

2017-11-29 15:44:43 - [MESSAGE][PASSED] - Text '6700' is set on object 'Object Repository/PrimoTours/Old Objects/Coco/PrimoT/Page_Primo Tours  Danmarks bedste c/input_customerPostcode'

2017-11-29 15:44:43 - [TEST_STEP][PASSED] - setText: Text 'cornel.neacsu@roweb.ro' is set on object 'Object Repository/PrimoTours/Old Objects/Coco/PrimoT/Page_Primo Tours  Danmarks bedste c/input_customerEmail'

2017-11-29 15:44:43 - [MESSAGE][PASSED] - Text 'cornel.neacsu@roweb.ro' is set on object 'Object Repository/PrimoTours/Old Objects/Coco/PrimoT/Page_Primo Tours  Danmarks bedste c/input_customerEmail'

2017-11-29 15:44:43 - [TEST_STEP][PASSED] - setText: Text '12345678' is set on object 'Object Repository/PrimoTours/Old Objects/Coco/PrimoT/Page_Primo Tours  Danmarks bedste c/input_customerPhone'

2017-11-29 15:44:43 - [MESSAGE][PASSED] - Text '12345678' is set on object 'Object Repository/PrimoTours/Old Objects/Coco/PrimoT/Page_Primo Tours  Danmarks bedste c/input_customerPhone'

2017-11-29 15:44:43 - [TEST_STEP][PASSED] - waitForElementClickable: Object 'Object Repository/PrimoTours/Old Objects/Coco/PrimoT/Page_Primo Tours  Danmarks bedste c/input_firstname-0_1' is clickable

2017-11-29 15:44:47 - [MESSAGE][PASSED] - Object 'Object Repository/PrimoTours/Old Objects/Coco/PrimoT/Page_Primo Tours  Danmarks bedste c/input_firstname-0_1' is clickable

2017-11-29 15:44:47 - [TEST_STEP][PASSED] - Statement - driver = com.kms.katalon.core.webui.driver.DriverFactory.getWebDriver(): null

2017-11-29 15:44:47 - [TEST_STEP][PASSED] - Statement - roomContainerXpath = "id("roomAndStaticOptionsContainer")/div[@class="row"]/div[@class="col-md-12 roomContainer"]": null

2017-11-29 15:44:47 - [TEST_STEP][PASSED] - Statement - roomsCount = driver.findElements(org.openqa.selenium.By.xpath(roomContainerXpath)).size(): null

2017-11-29 15:44:47 - [TEST_STEP][PASSED] - Statement - println("roomsCount=" + roomsCount): null

2017-11-29 15:44:47 - [TEST_STEP][PASSED] - Statement - For ([i = 1, i <= roomsCount, (i++)]): Object: 'Object Repository/PrimoTours/LandingPage/secondPaxFirstNameField' is clicked on

2017-11-29 15:44:47 - [TEST_STEP][PASSED] - Statement - paxInRoomXpath = "id("passengersContainer_" + i - 1 + "")/div[@class="col-md-12"]/div[@class="row"]": null

2017-11-29 15:44:47 - [TEST_STEP][PASSED] - Statement - println("paxInRoomXpath=" + paxInRoomXpath): null

2017-11-29 15:44:47 - [TEST_STEP][PASSED] - Statement - paxInRoomCount = driver.findElements(org.openqa.selenium.By.xpath(paxInRoomXpath)).size(): null

2017-11-29 15:44:47 - [TEST_STEP][PASSED] - Statement - println("paxInRoomCount=" + paxInRoomCount): null

2017-11-29 15:44:47 - [TEST_STEP][PASSED] - Statement - For ([j = 1, j <= paxInRoomCount, (j++)]): Object: 'Object Repository/PrimoTours/LandingPage/secondPaxFirstNameField' is clicked on

2017-11-29 15:44:47 - [TEST_STEP][PASSED] - Statement - If (i == 1 & j == 1): null

2017-11-29 15:44:47 - [TEST_STEP][PASSED] - Statement - <not implemented yet for class: org.codehaus.groovy.ast.stmt.ContinueStatement>: null

2017-11-29 15:44:47 - [TEST_STEP][PASSED] - Statement - If (i == 1 & j == 1): null

2017-11-29 15:44:47 - [TEST_STEP][PASSED] - Statement - randomPaxIndex = java.lang.Math.abs(new java.util.Random().nextInt() % excelRowNo) + 1: null

2017-11-29 15:44:47 - [TEST_STEP][PASSED] - Statement - fname = rawData.getValue("FirstName", randomPaxIndex) + " AUT": null

2017-11-29 15:44:47 - [TEST_STEP][PASSED] - Statement - lname = rawData.getValue("LastName", randomPaxIndex): null

2017-11-29 15:44:47 - [TEST_STEP][PASSED] - Statement - pgender = rawData.getValue("Gender", randomPaxIndex): null

2017-11-29 15:44:47 - [TEST_STEP][PASSED] - Statement - pday = rawData.getValue("Day DOB", randomPaxIndex): null

2017-11-29 15:44:47 - [TEST_STEP][PASSED] - Statement - pmonth = rawData.getValue("Month DOB", randomPaxIndex): null

2017-11-29 15:44:47 - [TEST_STEP][PASSED] - Statement - pyear = rawData.getValue("Year DOB", randomPaxIndex): null

2017-11-29 15:44:47 - [TEST_STEP][PASSED] - Statement - paxDetailFields = paxInRoomXpath + "[" + j + "]/div[@class="col-md-x col-md-9"]/div[@class="row paxContainer"][1]/div[contains(@class,"paxAttribute")]": null

2017-11-29 15:44:47 - [TEST_STEP][PASSED] - Statement - xpathval = paxDetailFields + "[1]/div[contains(@class,"form-group")]/input[contains(@class,"paxFirstName")]": null

2017-11-29 15:44:47 - [TEST_STEP][PASSED] - Statement - println("fn: " + xpathval): null

2017-11-29 15:44:47 - [TEST_STEP][PASSED] - Statement - repObj = com.kms.katalon.core.testobject.ObjectRepository.findTestObject(Object Repository/PrimoTours/LandingPage/secondPaxFirstNameField): Finding Test Object with id 'Object Repository/PrimoTours/LandingPage/secondPaxFirstNameField'

2017-11-29 15:44:47 - [TEST_STEP][PASSED] - Statement - repObj.findProperty("xpath").setValue(xpathval): null

2017-11-29 15:44:47 - [TEST_STEP][PASSED] - setText: Text 'Strandbygaard AUT' is set on object 'Object Repository/PrimoTours/LandingPage/secondPaxFirstNameField'

2017-11-29 15:44:47 - [MESSAGE][PASSED] - Text 'Strandbygaard AUT' is set on object 'Object Repository/PrimoTours/LandingPage/secondPaxFirstNameField'

2017-11-29 15:44:47 - [TEST_STEP][PASSED] - Statement - xpathval = paxDetailFields + "[2]/div[contains(@class,"form-group")]/input[contains(@class,"paxLastName")]": null

2017-11-29 15:44:47 - [TEST_STEP][PASSED] - Statement - println("ln: " + xpathval): null

2017-11-29 15:44:47 - [TEST_STEP][PASSED] - Statement - repObj = com.kms.katalon.core.testobject.ObjectRepository.findTestObject(Object Repository/PrimoTours/LandingPage/secondPaxFirstNameField): Finding Test Object with id 'Object Repository/PrimoTours/LandingPage/secondPaxFirstNameField'

2017-11-29 15:44:47 - [TEST_STEP][PASSED] - Statement - repObj.findProperty("xpath").setValue(xpathval): null

2017-11-29 15:44:47 - [TEST_STEP][PASSED] - setText: Text 'Birthe' is set on object 'Object Repository/PrimoTours/LandingPage/secondPaxFirstNameField'

2017-11-29 15:44:47 - [MESSAGE][PASSED] - Text 'Birthe' is set on object 'Object Repository/PrimoTours/LandingPage/secondPaxFirstNameField'

2017-11-29 15:44:47 - [TEST_STEP][PASSED] - Statement - repObj = com.kms.katalon.core.testobject.ObjectRepository.findTestObject(Object Repository/PrimoTours/LandingPage/secondPaxFirstNameField): Finding Test Object with id 'Object Repository/PrimoTours/LandingPage/secondPaxFirstNameField'

2017-11-29 15:44:47 - [TEST_STEP][PASSED] - Statement - xpathval = paxDetailFields + "[3]/div[contains(@class,"paxGenderSelectorContainer")]/span[contains(@class,"select2 select2-container")]/span[contains(@class,"selection")]/span[contains(@class,"select2-selection")]": null

2017-11-29 15:44:47 - [TEST_STEP][PASSED] - Statement - println("gender: " + xpathval): null

2017-11-29 15:44:47 - [TEST_STEP][PASSED] - Statement - repObj.findProperty("xpath").setValue(xpathval): null

2017-11-29 15:44:47 - [TEST_STEP][PASSED] - click: Object: 'Object Repository/PrimoTours/LandingPage/secondPaxFirstNameField' is clicked on

2017-11-29 15:44:47 - [MESSAGE][PASSED] - Object: 'Object Repository/PrimoTours/LandingPage/secondPaxFirstNameField' is clicked on

2017-11-29 15:44:47 - [TEST_STEP][PASSED] - Statement - If (i == 1 & j == 1): null

2017-11-29 15:44:47 - [TEST_STEP][PASSED] - Statement - randomPaxIndex = java.lang.Math.abs(new java.util.Random().nextInt() % excelRowNo) + 1: null

2017-11-29 15:44:47 - [TEST_STEP][PASSED] - Statement - fname = rawData.getValue("FirstName", randomPaxIndex) + " AUT": null

2017-11-29 15:44:47 - [TEST_STEP][PASSED] - Statement - lname = rawData.getValue("LastName", randomPaxIndex): null

2017-11-29 15:44:47 - [TEST_STEP][PASSED] - Statement - pgender = rawData.getValue("Gender", randomPaxIndex): null

2017-11-29 15:44:47 - [TEST_STEP][PASSED] - Statement - pday = rawData.getValue("Day DOB", randomPaxIndex): null

2017-11-29 15:44:47 - [TEST_STEP][PASSED] - Statement - pmonth = rawData.getValue("Month DOB", randomPaxIndex): null

2017-11-29 15:44:47 - [TEST_STEP][PASSED] - Statement - pyear = rawData.getValue("Year DOB", randomPaxIndex): null

2017-11-29 15:44:47 - [TEST_STEP][PASSED] - Statement - paxDetailFields = paxInRoomXpath + "[" + j + "]/div[@class="col-md-x col-md-9"]/div[@class="row paxContainer"][1]/div[contains(@class,"paxAttribute")]": null

2017-11-29 15:44:47 - [TEST_STEP][PASSED] - Statement - xpathval = paxDetailFields + "[1]/div[contains(@class,"form-group")]/input[contains(@class,"paxFirstName")]": null

2017-11-29 15:44:47 - [TEST_STEP][PASSED] - Statement - println("fn: " + xpathval): null

2017-11-29 15:44:47 - [TEST_STEP][PASSED] - Statement - repObj = com.kms.katalon.core.testobject.ObjectRepository.findTestObject(Object Repository/PrimoTours/LandingPage/secondPaxFirstNameField): Finding Test Object with id 'Object Repository/PrimoTours/LandingPage/secondPaxFirstNameField'

2017-11-29 15:44:47 - [TEST_STEP][PASSED] - Statement - repObj.findProperty("xpath").setValue(xpathval): null

2017-11-29 15:44:47 - [TEST_STEP][PASSED] - setText: Text 'Søndergaard AUT' is set on object 'Object Repository/PrimoTours/LandingPage/secondPaxFirstNameField'

2017-11-29 15:44:47 - [MESSAGE][PASSED] - Text 'Søndergaard AUT' is set on object 'Object Repository/PrimoTours/LandingPage/secondPaxFirstNameField'

2017-11-29 15:44:47 - [TEST_STEP][PASSED] - Statement - xpathval = paxDetailFields + "[2]/div[contains(@class,"form-group")]/input[contains(@class,"paxLastName")]": null

2017-11-29 15:44:47 - [TEST_STEP][PASSED] - Statement - println("ln: " + xpathval): null

2017-11-29 15:44:47 - [TEST_STEP][PASSED] - Statement - repObj = com.kms.katalon.core.testobject.ObjectRepository.findTestObject(Object Repository/PrimoTours/LandingPage/secondPaxFirstNameField): Finding Test Object with id 'Object Repository/PrimoTours/LandingPage/secondPaxFirstNameField'

2017-11-29 15:44:47 - [TEST_STEP][PASSED] - Statement - repObj.findProperty("xpath").setValue(xpathval): null

2017-11-29 15:44:47 - [TEST_STEP][PASSED] - setText: Text 'Michael Skov' is set on object 'Object Repository/PrimoTours/LandingPage/secondPaxFirstNameField'

2017-11-29 15:44:47 - [MESSAGE][PASSED] - Text 'Michael Skov' is set on object 'Object Repository/PrimoTours/LandingPage/secondPaxFirstNameField'

2017-11-29 15:44:47 - [TEST_STEP][PASSED] - Statement - repObj = com.kms.katalon.core.testobject.ObjectRepository.findTestObject(Object Repository/PrimoTours/LandingPage/secondPaxFirstNameField): Finding Test Object with id 'Object Repository/PrimoTours/LandingPage/secondPaxFirstNameField'

2017-11-29 15:44:47 - [TEST_STEP][PASSED] - Statement - xpathval = paxDetailFields + "[3]/div[contains(@class,"paxGenderSelectorContainer")]/span[contains(@class,"select2 select2-container")]/span[contains(@class,"selection")]/span[contains(@class,"select2-selection")]": null

2017-11-29 15:44:47 - [TEST_STEP][PASSED] - Statement - println("gender: " + xpathval): null

2017-11-29 15:44:47 - [TEST_STEP][PASSED] - Statement - repObj.findProperty("xpath").setValue(xpathval): null

2017-11-29 15:44:47 - [TEST_STEP][PASSED] - click: Object: 'Object Repository/PrimoTours/LandingPage/secondPaxFirstNameField' is clicked on

2017-11-29 15:44:47 - [MESSAGE][PASSED] - Object: 'Object Repository/PrimoTours/LandingPage/secondPaxFirstNameField' is clicked on

2017-11-29 15:44:47 - [TEST_STEP][PASSED] - Statement - If (i == 1 & j == 1): null

2017-11-29 15:44:47 - [TEST_STEP][PASSED] - Statement - randomPaxIndex = java.lang.Math.abs(new java.util.Random().nextInt() % excelRowNo) + 1: null

2017-11-29 15:44:47 - [TEST_STEP][PASSED] - Statement - fname = rawData.getValue("FirstName", randomPaxIndex) + " AUT": null

2017-11-29 15:44:47 - [TEST_STEP][PASSED] - Statement - lname = rawData.getValue("LastName", randomPaxIndex): null

2017-11-29 15:44:47 - [TEST_STEP][PASSED] - Statement - pgender = rawData.getValue("Gender", randomPaxIndex): null

2017-11-29 15:44:47 - [TEST_STEP][PASSED] - Statement - pday = rawData.getValue("Day DOB", randomPaxIndex): null

2017-11-29 15:44:47 - [TEST_STEP][PASSED] - Statement - pmonth = rawData.getValue("Month DOB", randomPaxIndex): null

2017-11-29 15:44:47 - [TEST_STEP][PASSED] - Statement - pyear = rawData.getValue("Year DOB", randomPaxIndex): null

2017-11-29 15:44:47 - [TEST_STEP][PASSED] - Statement - paxDetailFields = paxInRoomXpath + "[" + j + "]/div[@class="col-md-x col-md-9"]/div[@class="row paxContainer"][1]/div[contains(@class,"paxAttribute")]": null

2017-11-29 15:44:47 - [TEST_STEP][PASSED] - Statement - xpathval = paxDetailFields + "[1]/div[contains(@class,"form-group")]/input[contains(@class,"paxFirstName")]": null

2017-11-29 15:44:47 - [TEST_STEP][PASSED] - Statement - println("fn: " + xpathval): null

2017-11-29 15:44:47 - [TEST_STEP][PASSED] - Statement - repObj = com.kms.katalon.core.testobject.ObjectRepository.findTestObject(Object Repository/PrimoTours/LandingPage/secondPaxFirstNameField): Finding Test Object with id 'Object Repository/PrimoTours/LandingPage/secondPaxFirstNameField'

2017-11-29 15:44:47 - [TEST_STEP][PASSED] - Statement - repObj.findProperty("xpath").setValue(xpathval): null

2017-11-29 15:44:47 - [TEST_STEP][PASSED] - setText: Text 'Mortensen AUT' is set on object 'Object Repository/PrimoTours/LandingPage/secondPaxFirstNameField'

2017-11-29 15:44:47 - [MESSAGE][PASSED] - Text 'Mortensen AUT' is set on object 'Object Repository/PrimoTours/LandingPage/secondPaxFirstNameField'

2017-11-29 15:44:47 - [TEST_STEP][PASSED] - Statement - xpathval = paxDetailFields + "[2]/div[contains(@class,"form-group")]/input[contains(@class,"paxLastName")]": null

2017-11-29 15:44:47 - [TEST_STEP][PASSED] - Statement - println("ln: " + xpathval): null

2017-11-29 15:44:47 - [TEST_STEP][PASSED] - Statement - repObj = com.kms.katalon.core.testobject.ObjectRepository.findTestObject(Object Repository/PrimoTours/LandingPage/secondPaxFirstNameField): Finding Test Object with id 'Object Repository/PrimoTours/LandingPage/secondPaxFirstNameField'

2017-11-29 15:44:47 - [TEST_STEP][PASSED] - Statement - repObj.findProperty("xpath").setValue(xpathval): null

2017-11-29 15:44:47 - [TEST_STEP][PASSED] - setText: Text 'Anna-Lise Hededal' is set on object 'Object Repository/PrimoTours/LandingPage/secondPaxFirstNameField'

2017-11-29 15:44:47 - [MESSAGE][PASSED] - Text 'Anna-Lise Hededal' is set on object 'Object Repository/PrimoTours/LandingPage/secondPaxFirstNameField'

2017-11-29 15:44:47 - [TEST_STEP][PASSED] - Statement - repObj = com.kms.katalon.core.testobject.ObjectRepository.findTestObject(Object Repository/PrimoTours/LandingPage/secondPaxFirstNameField): Finding Test Object with id 'Object Repository/PrimoTours/LandingPage/secondPaxFirstNameField'

2017-11-29 15:44:47 - [TEST_STEP][PASSED] - Statement - xpathval = paxDetailFields + "[3]/div[contains(@class,"paxGenderSelectorContainer")]/span[contains(@class,"select2 select2-container")]/span[contains(@class,"selection")]/span[contains(@class,"select2-selection")]": null

2017-11-29 15:44:47 - [TEST_STEP][PASSED] - Statement - println("gender: " + xpathval): null

2017-11-29 15:44:47 - [TEST_STEP][PASSED] - Statement - repObj.findProperty("xpath").setValue(xpathval): null

2017-11-29 15:44:47 - [TEST_STEP][PASSED] - click: Object: 'Object Repository/PrimoTours/LandingPage/secondPaxFirstNameField' is clicked on

2017-11-29 15:44:48 - [MESSAGE][PASSED] - Object: 'Object Repository/PrimoTours/LandingPage/secondPaxFirstNameField' is clicked on

2017-11-29 15:44:48 - [TEST_STEP][PASSED] - Statement - paxInRoomXpath = "id("passengersContainer_" + i - 1 + "")/div[@class="col-md-12"]/div[@class="row"]": null

2017-11-29 15:44:48 - [TEST_STEP][PASSED] - Statement - println("paxInRoomXpath=" + paxInRoomXpath): null

2017-11-29 15:44:48 - [TEST_STEP][PASSED] - Statement - paxInRoomCount = driver.findElements(org.openqa.selenium.By.xpath(paxInRoomXpath)).size(): null

2017-11-29 15:44:48 - [TEST_STEP][PASSED] - Statement - println("paxInRoomCount=" + paxInRoomCount): null

2017-11-29 15:44:48 - [TEST_STEP][PASSED] - Statement - For ([j = 1, j <= paxInRoomCount, (j++)]): Object: 'Object Repository/PrimoTours/LandingPage/secondPaxFirstNameField' is clicked on

2017-11-29 15:44:48 - [TEST_STEP][PASSED] - Statement - If (i == 1 & j == 1): null

2017-11-29 15:44:48 - [TEST_STEP][PASSED] - Statement - randomPaxIndex = java.lang.Math.abs(new java.util.Random().nextInt() % excelRowNo) + 1: null

2017-11-29 15:44:48 - [TEST_STEP][PASSED] - Statement - fname = rawData.getValue("FirstName", randomPaxIndex) + " AUT": null

2017-11-29 15:44:48 - [TEST_STEP][PASSED] - Statement - lname = rawData.getValue("LastName", randomPaxIndex): null

2017-11-29 15:44:48 - [TEST_STEP][PASSED] - Statement - pgender = rawData.getValue("Gender", randomPaxIndex): null

2017-11-29 15:44:48 - [TEST_STEP][PASSED] - Statement - pday = rawData.getValue("Day DOB", randomPaxIndex): null

2017-11-29 15:44:48 - [TEST_STEP][PASSED] - Statement - pmonth = rawData.getValue("Month DOB", randomPaxIndex): null

2017-11-29 15:44:48 - [TEST_STEP][PASSED] - Statement - pyear = rawData.getValue("Year DOB", randomPaxIndex): null

2017-11-29 15:44:48 - [TEST_STEP][PASSED] - Statement - paxDetailFields = paxInRoomXpath + "[" + j + "]/div[@class="col-md-x col-md-9"]/div[@class="row paxContainer"][1]/div[contains(@class,"paxAttribute")]": null

2017-11-29 15:44:48 - [TEST_STEP][PASSED] - Statement - xpathval = paxDetailFields + "[1]/div[contains(@class,"form-group")]/input[contains(@class,"paxFirstName")]": null

2017-11-29 15:44:48 - [TEST_STEP][PASSED] - Statement - println("fn: " + xpathval): null

2017-11-29 15:44:48 - [TEST_STEP][PASSED] - Statement - repObj = com.kms.katalon.core.testobject.ObjectRepository.findTestObject(Object Repository/PrimoTours/LandingPage/secondPaxFirstNameField): Finding Test Object with id 'Object Repository/PrimoTours/LandingPage/secondPaxFirstNameField'

2017-11-29 15:44:48 - [TEST_STEP][PASSED] - Statement - repObj.findProperty("xpath").setValue(xpathval): null

2017-11-29 15:44:48 - [TEST_STEP][PASSED] - setText: Text 'Larsen AUT' is set on object 'Object Repository/PrimoTours/LandingPage/secondPaxFirstNameField'

2017-11-29 15:44:48 - [MESSAGE][PASSED] - Text 'Larsen AUT' is set on object 'Object Repository/PrimoTours/LandingPage/secondPaxFirstNameField'

2017-11-29 15:44:48 - [TEST_STEP][PASSED] - Statement - xpathval = paxDetailFields + "[2]/div[contains(@class,"form-group")]/input[contains(@class,"paxLastName")]": null

2017-11-29 15:44:48 - [TEST_STEP][PASSED] - Statement - println("ln: " + xpathval): null

2017-11-29 15:44:48 - [TEST_STEP][PASSED] - Statement - repObj = com.kms.katalon.core.testobject.ObjectRepository.findTestObject(Object Repository/PrimoTours/LandingPage/secondPaxFirstNameField): Finding Test Object with id 'Object Repository/PrimoTours/LandingPage/secondPaxFirstNameField'

2017-11-29 15:44:48 - [TEST_STEP][PASSED] - Statement - repObj.findProperty("xpath").setValue(xpathval): null

2017-11-29 15:44:48 - [TEST_STEP][PASSED] - setText: Text 'Martin Parzentny' is set on object 'Object Repository/PrimoTours/LandingPage/secondPaxFirstNameField'

2017-11-29 15:44:48 - [MESSAGE][PASSED] - Text 'Martin Parzentny' is set on object 'Object Repository/PrimoTours/LandingPage/secondPaxFirstNameField'

2017-11-29 15:44:48 - [TEST_STEP][PASSED] - Statement - repObj = com.kms.katalon.core.testobject.ObjectRepository.findTestObject(Object Repository/PrimoTours/LandingPage/secondPaxFirstNameField): Finding Test Object with id 'Object Repository/PrimoTours/LandingPage/secondPaxFirstNameField'

2017-11-29 15:44:48 - [TEST_STEP][PASSED] - Statement - xpathval = paxDetailFields + "[3]/div[contains(@class,"paxGenderSelectorContainer")]/span[contains(@class,"select2 select2-container")]/span[contains(@class,"selection")]/span[contains(@class,"select2-selection")]": null

2017-11-29 15:44:48 - [TEST_STEP][PASSED] - Statement - println("gender: " + xpathval): null

2017-11-29 15:44:48 - [TEST_STEP][PASSED] - Statement - repObj.findProperty("xpath").setValue(xpathval): null

2017-11-29 15:44:48 - [TEST_STEP][PASSED] - click: Object: 'Object Repository/PrimoTours/LandingPage/secondPaxFirstNameField' is clicked on

2017-11-29 15:44:48 - [MESSAGE][PASSED] - Object: 'Object Repository/PrimoTours/LandingPage/secondPaxFirstNameField' is clicked on

2017-11-29 15:44:48 - [TEST_STEP][PASSED] - Statement - If (i == 1 & j == 1): null

2017-11-29 15:44:48 - [TEST_STEP][PASSED] - Statement - randomPaxIndex = java.lang.Math.abs(new java.util.Random().nextInt() % excelRowNo) + 1: null

2017-11-29 15:44:48 - [TEST_STEP][PASSED] - Statement - fname = rawData.getValue("FirstName", randomPaxIndex) + " AUT": null

2017-11-29 15:44:48 - [TEST_STEP][PASSED] - Statement - lname = rawData.getValue("LastName", randomPaxIndex): null

2017-11-29 15:44:48 - [TEST_STEP][PASSED] - Statement - pgender = rawData.getValue("Gender", randomPaxIndex): null

2017-11-29 15:44:48 - [TEST_STEP][PASSED] - Statement - pday = rawData.getValue("Day DOB", randomPaxIndex): null

2017-11-29 15:44:48 - [TEST_STEP][PASSED] - Statement - pmonth = rawData.getValue("Month DOB", randomPaxIndex): null

2017-11-29 15:44:48 - [TEST_STEP][PASSED] - Statement - pyear = rawData.getValue("Year DOB", randomPaxIndex): null

2017-11-29 15:44:48 - [TEST_STEP][PASSED] - Statement - paxDetailFields = paxInRoomXpath + "[" + j + "]/div[@class="col-md-x col-md-9"]/div[@class="row paxContainer"][1]/div[contains(@class,"paxAttribute")]": null

2017-11-29 15:44:48 - [TEST_STEP][PASSED] - Statement - xpathval = paxDetailFields + "[1]/div[contains(@class,"form-group")]/input[contains(@class,"paxFirstName")]": null

2017-11-29 15:44:48 - [TEST_STEP][PASSED] - Statement - println("fn: " + xpathval): null

2017-11-29 15:44:48 - [TEST_STEP][PASSED] - Statement - repObj = com.kms.katalon.core.testobject.ObjectRepository.findTestObject(Object Repository/PrimoTours/LandingPage/secondPaxFirstNameField): Finding Test Object with id 'Object Repository/PrimoTours/LandingPage/secondPaxFirstNameField'

2017-11-29 15:44:48 - [TEST_STEP][PASSED] - Statement - repObj.findProperty("xpath").setValue(xpathval): null

2017-11-29 15:44:48 - [TEST_STEP][PASSED] - setText: Text 'Mønster AUT' is set on object 'Object Repository/PrimoTours/LandingPage/secondPaxFirstNameField'

2017-11-29 15:44:48 - [MESSAGE][PASSED] - Text 'Mønster AUT' is set on object 'Object Repository/PrimoTours/LandingPage/secondPaxFirstNameField'

2017-11-29 15:44:48 - [TEST_STEP][PASSED] - Statement - xpathval = paxDetailFields + "[2]/div[contains(@class,"form-group")]/input[contains(@class,"paxLastName")]": null

2017-11-29 15:44:48 - [TEST_STEP][PASSED] - Statement - println("ln: " + xpathval): null

2017-11-29 15:44:48 - [TEST_STEP][PASSED] - Statement - repObj = com.kms.katalon.core.testobject.ObjectRepository.findTestObject(Object Repository/PrimoTours/LandingPage/secondPaxFirstNameField): Finding Test Object with id 'Object Repository/PrimoTours/LandingPage/secondPaxFirstNameField'

2017-11-29 15:44:48 - [TEST_STEP][PASSED] - Statement - repObj.findProperty("xpath").setValue(xpathval): null

2017-11-29 15:44:48 - [TEST_STEP][PASSED] - setText: Text 'Andres Grau' is set on object 'Object Repository/PrimoTours/LandingPage/secondPaxFirstNameField'

2017-11-29 15:44:48 - [MESSAGE][PASSED] - Text 'Andres Grau' is set on object 'Object Repository/PrimoTours/LandingPage/secondPaxFirstNameField'

2017-11-29 15:44:48 - [TEST_STEP][PASSED] - Statement - repObj = com.kms.katalon.core.testobject.ObjectRepository.findTestObject(Object Repository/PrimoTours/LandingPage/secondPaxFirstNameField): Finding Test Object with id 'Object Repository/PrimoTours/LandingPage/secondPaxFirstNameField'

2017-11-29 15:44:48 - [TEST_STEP][PASSED] - Statement - xpathval = paxDetailFields + "[3]/div[contains(@class,"paxGenderSelectorContainer")]/span[contains(@class,"select2 select2-container")]/span[contains(@class,"selection")]/span[contains(@class,"select2-selection")]": null

2017-11-29 15:44:48 - [TEST_STEP][PASSED] - Statement - println("gender: " + xpathval): null

2017-11-29 15:44:48 - [TEST_STEP][PASSED] - Statement - repObj.findProperty("xpath").setValue(xpathval): null

2017-11-29 15:44:48 - [TEST_STEP][PASSED] - click: Object: 'Object Repository/PrimoTours/LandingPage/secondPaxFirstNameField' is clicked on

2017-11-29 15:44:49 - [MESSAGE][PASSED] - Object: 'Object Repository/PrimoTours/LandingPage/secondPaxFirstNameField' is clicked on

2017-11-29 15:44:49 - [TEST_STEP][PASSED] - Statement - paxInRoomXpath = "id("passengersContainer_" + i - 1 + "")/div[@class="col-md-12"]/div[@class="row"]": null

2017-11-29 15:44:49 - [TEST_STEP][PASSED] - Statement - println("paxInRoomXpath=" + paxInRoomXpath): null

2017-11-29 15:44:49 - [TEST_STEP][PASSED] - Statement - paxInRoomCount = driver.findElements(org.openqa.selenium.By.xpath(paxInRoomXpath)).size(): null

2017-11-29 15:44:49 - [TEST_STEP][PASSED] - Statement - println("paxInRoomCount=" + paxInRoomCount): null

2017-11-29 15:44:49 - [TEST_STEP][PASSED] - Statement - For ([j = 1, j <= paxInRoomCount, (j++)]): Object: 'Object Repository/PrimoTours/LandingPage/secondPaxFirstNameField' is clicked on

2017-11-29 15:44:49 - [TEST_STEP][PASSED] - Statement - If (i == 1 & j == 1): null

2017-11-29 15:44:49 - [TEST_STEP][PASSED] - Statement - randomPaxIndex = java.lang.Math.abs(new java.util.Random().nextInt() % excelRowNo) + 1: null

2017-11-29 15:44:49 - [TEST_STEP][PASSED] - Statement - fname = rawData.getValue("FirstName", randomPaxIndex) + " AUT": null

2017-11-29 15:44:49 - [TEST_STEP][PASSED] - Statement - lname = rawData.getValue("LastName", randomPaxIndex): null

2017-11-29 15:44:49 - [TEST_STEP][PASSED] - Statement - pgender = rawData.getValue("Gender", randomPaxIndex): null

2017-11-29 15:44:49 - [TEST_STEP][PASSED] - Statement - pday = rawData.getValue("Day DOB", randomPaxIndex): null

2017-11-29 15:44:49 - [TEST_STEP][PASSED] - Statement - pmonth = rawData.getValue("Month DOB", randomPaxIndex): null

2017-11-29 15:44:49 - [TEST_STEP][PASSED] - Statement - pyear = rawData.getValue("Year DOB", randomPaxIndex): null

2017-11-29 15:44:49 - [TEST_STEP][PASSED] - Statement - paxDetailFields = paxInRoomXpath + "[" + j + "]/div[@class="col-md-x col-md-9"]/div[@class="row paxContainer"][1]/div[contains(@class,"paxAttribute")]": null

2017-11-29 15:44:49 - [TEST_STEP][PASSED] - Statement - xpathval = paxDetailFields + "[1]/div[contains(@class,"form-group")]/input[contains(@class,"paxFirstName")]": null

2017-11-29 15:44:49 - [TEST_STEP][PASSED] - Statement - println("fn: " + xpathval): null

2017-11-29 15:44:49 - [TEST_STEP][PASSED] - Statement - repObj = com.kms.katalon.core.testobject.ObjectRepository.findTestObject(Object Repository/PrimoTours/LandingPage/secondPaxFirstNameField): Finding Test Object with id 'Object Repository/PrimoTours/LandingPage/secondPaxFirstNameField'

2017-11-29 15:44:49 - [TEST_STEP][PASSED] - Statement - repObj.findProperty("xpath").setValue(xpathval): null

2017-11-29 15:44:49 - [TEST_STEP][PASSED] - setText: Text 'Pehrsson AUT' is set on object 'Object Repository/PrimoTours/LandingPage/secondPaxFirstNameField'

2017-11-29 15:44:49 - [MESSAGE][PASSED] - Text 'Pehrsson AUT' is set on object 'Object Repository/PrimoTours/LandingPage/secondPaxFirstNameField'

2017-11-29 15:44:49 - [TEST_STEP][PASSED] - Statement - xpathval = paxDetailFields + "[2]/div[contains(@class,"form-group")]/input[contains(@class,"paxLastName")]": null

2017-11-29 15:44:49 - [TEST_STEP][PASSED] - Statement - println("ln: " + xpathval): null

2017-11-29 15:44:49 - [TEST_STEP][PASSED] - Statement - repObj = com.kms.katalon.core.testobject.ObjectRepository.findTestObject(Object Repository/PrimoTours/LandingPage/secondPaxFirstNameField): Finding Test Object with id 'Object Repository/PrimoTours/LandingPage/secondPaxFirstNameField'

2017-11-29 15:44:49 - [TEST_STEP][PASSED] - Statement - repObj.findProperty("xpath").setValue(xpathval): null

2017-11-29 15:44:49 - [TEST_STEP][PASSED] - setText: Text 'Marianne' is set on object 'Object Repository/PrimoTours/LandingPage/secondPaxFirstNameField'

2017-11-29 15:44:49 - [MESSAGE][PASSED] - Text 'Marianne' is set on object 'Object Repository/PrimoTours/LandingPage/secondPaxFirstNameField'

2017-11-29 15:44:49 - [TEST_STEP][PASSED] - Statement - repObj = com.kms.katalon.core.testobject.ObjectRepository.findTestObject(Object Repository/PrimoTours/LandingPage/secondPaxFirstNameField): Finding Test Object with id 'Object Repository/PrimoTours/LandingPage/secondPaxFirstNameField'

2017-11-29 15:44:49 - [TEST_STEP][PASSED] - Statement - xpathval = paxDetailFields + "[3]/div[contains(@class,"paxGenderSelectorContainer")]/span[contains(@class,"select2 select2-container")]/span[contains(@class,"selection")]/span[contains(@class,"select2-selection")]": null

2017-11-29 15:44:49 - [TEST_STEP][PASSED] - Statement - println("gender: " + xpathval): null

2017-11-29 15:44:49 - [TEST_STEP][PASSED] - Statement - repObj.findProperty("xpath").setValue(xpathval): null

2017-11-29 15:44:49 - [TEST_STEP][PASSED] - click: Object: 'Object Repository/PrimoTours/LandingPage/secondPaxFirstNameField' is clicked on

2017-11-29 15:44:49 - [MESSAGE][PASSED] - Object: 'Object Repository/PrimoTours/LandingPage/secondPaxFirstNameField' is clicked on

2017-11-29 15:44:49 - [TEST_STEP][PASSED] - Statement - If (i == 1 & j == 1): null

2017-11-29 15:44:49 - [TEST_STEP][PASSED] - Statement - randomPaxIndex = java.lang.Math.abs(new java.util.Random().nextInt() % excelRowNo) + 1: null

2017-11-29 15:44:49 - [TEST_STEP][PASSED] - Statement - fname = rawData.getValue("FirstName", randomPaxIndex) + " AUT": null

2017-11-29 15:44:49 - [TEST_STEP][PASSED] - Statement - lname = rawData.getValue("LastName", randomPaxIndex): null

2017-11-29 15:44:49 - [TEST_STEP][PASSED] - Statement - pgender = rawData.getValue("Gender", randomPaxIndex): null

2017-11-29 15:44:49 - [TEST_STEP][PASSED] - Statement - pday = rawData.getValue("Day DOB", randomPaxIndex): null

2017-11-29 15:44:49 - [TEST_STEP][PASSED] - Statement - pmonth = rawData.getValue("Month DOB", randomPaxIndex): null

2017-11-29 15:44:49 - [TEST_STEP][PASSED] - Statement - pyear = rawData.getValue("Year DOB", randomPaxIndex): null

2017-11-29 15:44:49 - [TEST_STEP][PASSED] - Statement - paxDetailFields = paxInRoomXpath + "[" + j + "]/div[@class="col-md-x col-md-9"]/div[@class="row paxContainer"][1]/div[contains(@class,"paxAttribute")]": null

2017-11-29 15:44:49 - [TEST_STEP][PASSED] - Statement - xpathval = paxDetailFields + "[1]/div[contains(@class,"form-group")]/input[contains(@class,"paxFirstName")]": null

2017-11-29 15:44:49 - [TEST_STEP][PASSED] - Statement - println("fn: " + xpathval): null

2017-11-29 15:44:49 - [TEST_STEP][PASSED] - Statement - repObj = com.kms.katalon.core.testobject.ObjectRepository.findTestObject(Object Repository/PrimoTours/LandingPage/secondPaxFirstNameField): Finding Test Object with id 'Object Repository/PrimoTours/LandingPage/secondPaxFirstNameField'

2017-11-29 15:44:49 - [TEST_STEP][PASSED] - Statement - repObj.findProperty("xpath").setValue(xpathval): null

2017-11-29 15:44:49 - [TEST_STEP][PASSED] - setText: Text 'Pedersen AUT' is set on object 'Object Repository/PrimoTours/LandingPage/secondPaxFirstNameField'

2017-11-29 15:44:49 - [MESSAGE][PASSED] - Text 'Pedersen AUT' is set on object 'Object Repository/PrimoTours/LandingPage/secondPaxFirstNameField'

2017-11-29 15:44:49 - [TEST_STEP][PASSED] - Statement - xpathval = paxDetailFields + "[2]/div[contains(@class,"form-group")]/input[contains(@class,"paxLastName")]": null

2017-11-29 15:44:49 - [TEST_STEP][PASSED] - Statement - println("ln: " + xpathval): null

2017-11-29 15:44:49 - [TEST_STEP][PASSED] - Statement - repObj = com.kms.katalon.core.testobject.ObjectRepository.findTestObject(Object Repository/PrimoTours/LandingPage/secondPaxFirstNameField): Finding Test Object with id 'Object Repository/PrimoTours/LandingPage/secondPaxFirstNameField'

2017-11-29 15:44:49 - [TEST_STEP][PASSED] - Statement - repObj.findProperty("xpath").setValue(xpathval): null

2017-11-29 15:44:49 - [TEST_STEP][PASSED] - setText: Text 'Bente Ingrid' is set on object 'Object Repository/PrimoTours/LandingPage/secondPaxFirstNameField'

2017-11-29 15:44:49 - [MESSAGE][PASSED] - Text 'Bente Ingrid' is set on object 'Object Repository/PrimoTours/LandingPage/secondPaxFirstNameField'

2017-11-29 15:44:49 - [TEST_STEP][PASSED] - Statement - repObj = com.kms.katalon.core.testobject.ObjectRepository.findTestObject(Object Repository/PrimoTours/LandingPage/secondPaxFirstNameField): Finding Test Object with id 'Object Repository/PrimoTours/LandingPage/secondPaxFirstNameField'

2017-11-29 15:44:49 - [TEST_STEP][PASSED] - Statement - xpathval = paxDetailFields + "[3]/div[contains(@class,"paxGenderSelectorContainer")]/span[contains(@class,"select2 select2-container")]/span[contains(@class,"selection")]/span[contains(@class,"select2-selection")]": null

2017-11-29 15:44:49 - [TEST_STEP][PASSED] - Statement - println("gender: " + xpathval): null

2017-11-29 15:44:49 - [TEST_STEP][PASSED] - Statement - repObj.findProperty("xpath").setValue(xpathval): null

2017-11-29 15:44:49 - [TEST_STEP][PASSED] - click: Object: 'Object Repository/PrimoTours/LandingPage/secondPaxFirstNameField' is clicked on

2017-11-29 15:44:49 - [MESSAGE][PASSED] - Object: 'Object Repository/PrimoTours/LandingPage/secondPaxFirstNameField' is clicked on

2017-11-29 15:44:49 - [TEST_STEP][PASSED] - Statement - If (i == 1 & j == 1): null

2017-11-29 15:44:49 - [TEST_STEP][PASSED] - Statement - randomPaxIndex = java.lang.Math.abs(new java.util.Random().nextInt() % excelRowNo) + 1: null

2017-11-29 15:44:49 - [TEST_STEP][PASSED] - Statement - fname = rawData.getValue("FirstName", randomPaxIndex) + " AUT": null

2017-11-29 15:44:49 - [TEST_STEP][PASSED] - Statement - lname = rawData.getValue("LastName", randomPaxIndex): null

2017-11-29 15:44:49 - [TEST_STEP][PASSED] - Statement - pgender = rawData.getValue("Gender", randomPaxIndex): null

2017-11-29 15:44:49 - [TEST_STEP][PASSED] - Statement - pday = rawData.getValue("Day DOB", randomPaxIndex): null

2017-11-29 15:44:49 - [TEST_STEP][PASSED] - Statement - pmonth = rawData.getValue("Month DOB", randomPaxIndex): null

2017-11-29 15:44:49 - [TEST_STEP][PASSED] - Statement - pyear = rawData.getValue("Year DOB", randomPaxIndex): null

2017-11-29 15:44:49 - [TEST_STEP][PASSED] - Statement - paxDetailFields = paxInRoomXpath + "[" + j + "]/div[@class="col-md-x col-md-9"]/div[@class="row paxContainer"][1]/div[contains(@class,"paxAttribute")]": null

2017-11-29 15:44:49 - [TEST_STEP][PASSED] - Statement - xpathval = paxDetailFields + "[1]/div[contains(@class,"form-group")]/input[contains(@class,"paxFirstName")]": null

2017-11-29 15:44:49 - [TEST_STEP][PASSED] - Statement - println("fn: " + xpathval): null

2017-11-29 15:44:49 - [TEST_STEP][PASSED] - Statement - repObj = com.kms.katalon.core.testobject.ObjectRepository.findTestObject(Object Repository/PrimoTours/LandingPage/secondPaxFirstNameField): Finding Test Object with id 'Object Repository/PrimoTours/LandingPage/secondPaxFirstNameField'

2017-11-29 15:44:49 - [TEST_STEP][PASSED] - Statement - repObj.findProperty("xpath").setValue(xpathval): null

2017-11-29 15:44:49 - [TEST_STEP][PASSED] - setText: Text 'Jakobsen AUT' is set on object 'Object Repository/PrimoTours/LandingPage/secondPaxFirstNameField'

2017-11-29 15:44:50 - [MESSAGE][PASSED] - Text 'Jakobsen AUT' is set on object 'Object Repository/PrimoTours/LandingPage/secondPaxFirstNameField'

2017-11-29 15:44:50 - [TEST_STEP][PASSED] - Statement - xpathval = paxDetailFields + "[2]/div[contains(@class,"form-group")]/input[contains(@class,"paxLastName")]": null

2017-11-29 15:44:50 - [TEST_STEP][PASSED] - Statement - println("ln: " + xpathval): null

2017-11-29 15:44:50 - [TEST_STEP][PASSED] - Statement - repObj = com.kms.katalon.core.testobject.ObjectRepository.findTestObject(Object Repository/PrimoTours/LandingPage/secondPaxFirstNameField): Finding Test Object with id 'Object Repository/PrimoTours/LandingPage/secondPaxFirstNameField'

2017-11-29 15:44:50 - [TEST_STEP][PASSED] - Statement - repObj.findProperty("xpath").setValue(xpathval): null

2017-11-29 15:44:50 - [TEST_STEP][PASSED] - setText: Text 'Hans Børge' is set on object 'Object Repository/PrimoTours/LandingPage/secondPaxFirstNameField'

2017-11-29 15:44:50 - [MESSAGE][PASSED] - Text 'Hans Børge' is set on object 'Object Repository/PrimoTours/LandingPage/secondPaxFirstNameField'

2017-11-29 15:44:50 - [TEST_STEP][PASSED] - Statement - repObj = com.kms.katalon.core.testobject.ObjectRepository.findTestObject(Object Repository/PrimoTours/LandingPage/secondPaxFirstNameField): Finding Test Object with id 'Object Repository/PrimoTours/LandingPage/secondPaxFirstNameField'

2017-11-29 15:44:50 - [TEST_STEP][PASSED] - Statement - xpathval = paxDetailFields + "[3]/div[contains(@class,"paxGenderSelectorContainer")]/span[contains(@class,"select2 select2-container")]/span[contains(@class,"selection")]/span[contains(@class,"select2-selection")]": null

2017-11-29 15:44:50 - [TEST_STEP][PASSED] - Statement - println("gender: " + xpathval): null

2017-11-29 15:44:50 - [TEST_STEP][PASSED] - Statement - repObj.findProperty("xpath").setValue(xpathval): null

2017-11-29 15:44:50 - [TEST_STEP][PASSED] - click: Object: 'Object Repository/PrimoTours/LandingPage/secondPaxFirstNameField' is clicked on

2017-11-29 15:44:50 - [MESSAGE][PASSED] - Object: 'Object Repository/PrimoTours/LandingPage/secondPaxFirstNameField' is clicked on

2017-11-29 15:44:50 - [TEST_STEP][PASSED] - Statement - If (i == 1 & j == 1): null

2017-11-29 15:44:50 - [TEST_STEP][PASSED] - Statement - randomPaxIndex = java.lang.Math.abs(new java.util.Random().nextInt() % excelRowNo) + 1: null

2017-11-29 15:44:50 - [TEST_STEP][PASSED] - Statement - fname = rawData.getValue("FirstName", randomPaxIndex) + " AUT": null

2017-11-29 15:44:50 - [TEST_STEP][PASSED] - Statement - lname = rawData.getValue("LastName", randomPaxIndex): null

2017-11-29 15:44:50 - [TEST_STEP][PASSED] - Statement - pgender = rawData.getValue("Gender", randomPaxIndex): null

2017-11-29 15:44:50 - [TEST_STEP][PASSED] - Statement - pday = rawData.getValue("Day DOB", randomPaxIndex): null

2017-11-29 15:44:50 - [TEST_STEP][PASSED] - Statement - pmonth = rawData.getValue("Month DOB", randomPaxIndex): null

2017-11-29 15:44:50 - [TEST_STEP][PASSED] - Statement - pyear = rawData.getValue("Year DOB", randomPaxIndex): null

2017-11-29 15:44:50 - [TEST_STEP][PASSED] - Statement - paxDetailFields = paxInRoomXpath + "[" + j + "]/div[@class="col-md-x col-md-9"]/div[@class="row paxContainer"][1]/div[contains(@class,"paxAttribute")]": null

2017-11-29 15:44:50 - [TEST_STEP][PASSED] - Statement - xpathval = paxDetailFields + "[1]/div[contains(@class,"form-group")]/input[contains(@class,"paxFirstName")]": null

2017-11-29 15:44:50 - [TEST_STEP][PASSED] - Statement - println("fn: " + xpathval): null

2017-11-29 15:44:50 - [TEST_STEP][PASSED] - Statement - repObj = com.kms.katalon.core.testobject.ObjectRepository.findTestObject(Object Repository/PrimoTours/LandingPage/secondPaxFirstNameField): Finding Test Object with id 'Object Repository/PrimoTours/LandingPage/secondPaxFirstNameField'

2017-11-29 15:44:50 - [TEST_STEP][PASSED] - Statement - repObj.findProperty("xpath").setValue(xpathval): null

2017-11-29 15:44:50 - [TEST_STEP][PASSED] - setText: Text 'Steffensen AUT' is set on object 'Object Repository/PrimoTours/LandingPage/secondPaxFirstNameField'

2017-11-29 15:44:50 - [MESSAGE][PASSED] - Text 'Steffensen AUT' is set on object 'Object Repository/PrimoTours/LandingPage/secondPaxFirstNameField'

2017-11-29 15:44:50 - [TEST_STEP][PASSED] - Statement - xpathval = paxDetailFields + "[2]/div[contains(@class,"form-group")]/input[contains(@class,"paxLastName")]": null

2017-11-29 15:44:50 - [TEST_STEP][PASSED] - Statement - println("ln: " + xpathval): null

2017-11-29 15:44:50 - [TEST_STEP][PASSED] - Statement - repObj = com.kms.katalon.core.testobject.ObjectRepository.findTestObject(Object Repository/PrimoTours/LandingPage/secondPaxFirstNameField): Finding Test Object with id 'Object Repository/PrimoTours/LandingPage/secondPaxFirstNameField'

2017-11-29 15:44:50 - [TEST_STEP][PASSED] - Statement - repObj.findProperty("xpath").setValue(xpathval): null

2017-11-29 15:44:50 - [TEST_STEP][PASSED] - setText: Text 'Kasper Vinge' is set on object 'Object Repository/PrimoTours/LandingPage/secondPaxFirstNameField'

2017-11-29 15:44:50 - [MESSAGE][PASSED] - Text 'Kasper Vinge' is set on object 'Object Repository/PrimoTours/LandingPage/secondPaxFirstNameField'

2017-11-29 15:44:50 - [TEST_STEP][PASSED] - Statement - repObj = com.kms.katalon.core.testobject.ObjectRepository.findTestObject(Object Repository/PrimoTours/LandingPage/secondPaxFirstNameField): Finding Test Object with id 'Object Repository/PrimoTours/LandingPage/secondPaxFirstNameField'

2017-11-29 15:44:50 - [TEST_STEP][PASSED] - Statement - xpathval = paxDetailFields + "[3]/div[contains(@class,"paxGenderSelectorContainer")]/span[contains(@class,"select2 select2-container")]/span[contains(@class,"selection")]/span[contains(@class,"select2-selection")]": null

2017-11-29 15:44:50 - [TEST_STEP][PASSED] - Statement - println("gender: " + xpathval): null

2017-11-29 15:44:50 - [TEST_STEP][PASSED] - Statement - repObj.findProperty("xpath").setValue(xpathval): null

2017-11-29 15:44:50 - [TEST_STEP][PASSED] - click: Object: 'Object Repository/PrimoTours/LandingPage/secondPaxFirstNameField' is clicked on

2017-11-29 15:44:50 - [MESSAGE][PASSED] - Object: 'Object Repository/PrimoTours/LandingPage/secondPaxFirstNameField' is clicked on

2017-11-29 15:44:50 - [TEST_STEP][PASSED] - scrollToElement: Scroll to object 'Object Repository/PrimoTours/Old Objects/Coco (1)/PrimoT/SaveBooking2/Success/bookingTotalValue' successfully

2017-11-29 15:44:50 - [MESSAGE][PASSED] - Scroll to object 'Object Repository/PrimoTours/Old Objects/Coco (1)/PrimoT/SaveBooking2/Success/bookingTotalValue' successfully

2017-11-29 15:44:50 - [TEST_STEP][PASSED] - click: Object: 'Object Repository/PrimoTours/Old Objects/Coco (1)/PrimoT/SaveBooking2/Success/bookingTotalValue' is clicked on

2017-11-29 15:44:51 - [MESSAGE][PASSED] - Object: 'Object Repository/PrimoTours/Old Objects/Coco (1)/PrimoT/SaveBooking2/Success/bookingTotalValue' is clicked on

2017-11-29 15:44:51 - [TEST_STEP][PASSED] - scrollToElement: Scroll to object 'Object Repository/PrimoTours/Old Objects/Coco (1)/PrimoT/SaveBooking2/Success/Page_Primo Tours  Danmarks bedste c/nextButtonOnLandingPage' successfully

2017-11-29 15:44:51 - [MESSAGE][PASSED] - Scroll to object 'Object Repository/PrimoTours/Old Objects/Coco (1)/PrimoT/SaveBooking2/Success/Page_Primo Tours  Danmarks bedste c/nextButtonOnLandingPage' successfully

2017-11-29 15:44:51 - [TEST_STEP][PASSED] - waitForElementClickable: Object 'Object Repository/PrimoTours/Old Objects/Coco (1)/PrimoT/SaveBooking2/Success/Page_Primo Tours  Danmarks bedste c/nextButtonOnLandingPage' is clickable

2017-11-29 15:44:51 - [MESSAGE][PASSED] - Object 'Object Repository/PrimoTours/Old Objects/Coco (1)/PrimoT/SaveBooking2/Success/Page_Primo Tours  Danmarks bedste c/nextButtonOnLandingPage' is clickable

2017-11-29 15:44:51 - [TEST_STEP][PASSED] - waitForElementVisible: Object 'Object Repository/PrimoTours/Old Objects/Coco (1)/PrimoT/SaveBooking2/Success/Page_Primo Tours  Danmarks bedste c/nextButtonOnLandingPage' is visible

2017-11-29 15:44:51 - [MESSAGE][PASSED] - Object 'Object Repository/PrimoTours/Old Objects/Coco (1)/PrimoT/SaveBooking2/Success/Page_Primo Tours  Danmarks bedste c/nextButtonOnLandingPage' is visible

2017-11-29 15:44:51 - [TEST_STEP][PASSED] - scrollToElement: Scroll to object 'Object Repository/PrimoTours/Old Objects/Coco (1)/PrimoT/SaveBooking2/Success/Page_Primo Tours  Danmarks bedste c/nextButtonOnLandingPage' successfully

2017-11-29 15:44:51 - [MESSAGE][PASSED] - Scroll to object 'Object Repository/PrimoTours/Old Objects/Coco (1)/PrimoT/SaveBooking2/Success/Page_Primo Tours  Danmarks bedste c/nextButtonOnLandingPage' successfully

2017-11-29 15:44:51 - [TEST_STEP][PASSED] - click: Object: 'Object Repository/PrimoTours/Old Objects/Coco (1)/PrimoT/SaveBooking2/Success/Page_Primo Tours  Danmarks bedste c/nextButtonOnLandingPage' is clicked on

2017-11-29 15:44:53 - [MESSAGE][PASSED] - Object: 'Object Repository/PrimoTours/Old Objects/Coco (1)/PrimoT/SaveBooking2/Success/Page_Primo Tours  Danmarks bedste c/nextButtonOnLandingPage' is clicked on

2017-11-29 15:44:53 - [TEST_STEP][PASSED] - delay: Delayed 3 second(s)

2017-11-29 15:44:56 - [MESSAGE][PASSED] - Delayed 3 second(s)

2017-11-29 15:44:56 - [TEST_STEP][PASSED] - waitForElementNotVisible: Object 'Object Repository/PrimoTours/Old Objects/CCenter/pageLoaderOverlayLayer' is NOT visible

2017-11-29 15:44:56 - [MESSAGE][PASSED] - Object 'Object Repository/PrimoTours/Old Objects/CCenter/pageLoaderOverlayLayer' is NOT visible

2017-11-29 15:44:56 - [TEST_STEP][PASSED] - scrollToElement: Scroll to object 'Object Repository/PrimoTours/Old Objects/Coco/PrimoT/Ins2/Page_Primo Tours  Danmarks bedste c/travelInsuranceFirstPaxSelector' successfully

2017-11-29 15:44:56 - [MESSAGE][PASSED] - Scroll to object 'Object Repository/PrimoTours/Old Objects/Coco/PrimoT/Ins2/Page_Primo Tours  Danmarks bedste c/travelInsuranceFirstPaxSelector' successfully

2017-11-29 15:44:56 - [TEST_STEP][PASSED] - waitForElementPresent: Object 'Object Repository/PrimoTours/Old Objects/Coco/PrimoT/Ins2/Page_Primo Tours  Danmarks bedste c/travelInsuranceFirstPaxSelector' is present

2017-11-29 15:44:56 - [MESSAGE][PASSED] - Object 'Object Repository/PrimoTours/Old Objects/Coco/PrimoT/Ins2/Page_Primo Tours  Danmarks bedste c/travelInsuranceFirstPaxSelector' is present

2017-11-29 15:44:56 - [TEST_STEP][PASSED] - waitForElementVisible: Object 'Object Repository/PrimoTours/Old Objects/Coco/PrimoT/Ins2/Page_Primo Tours  Danmarks bedste c/travelInsuranceFirstPaxSelector' is visible

2017-11-29 15:44:56 - [MESSAGE][PASSED] - Object 'Object Repository/PrimoTours/Old Objects/Coco/PrimoT/Ins2/Page_Primo Tours  Danmarks bedste c/travelInsuranceFirstPaxSelector' is visible

2017-11-29 15:44:56 - [TEST_STEP][PASSED] - waitForElementClickable: Object 'Object Repository/PrimoTours/Old Objects/Coco/PrimoT/Ins2/Page_Primo Tours  Danmarks bedste c/travelInsuranceFirstPaxSelector' is clickable

2017-11-29 15:44:56 - [MESSAGE][PASSED] - Object 'Object Repository/PrimoTours/Old Objects/Coco/PrimoT/Ins2/Page_Primo Tours  Danmarks bedste c/travelInsuranceFirstPaxSelector' is clickable

2017-11-29 15:44:56 - [TEST_STEP][PASSED] - click: Object: 'Object Repository/PrimoTours/Old Objects/Coco/PrimoT/Ins2/Page_Primo Tours  Danmarks bedste c/travelInsuranceFirstPaxSelector' is clicked on

2017-11-29 15:44:57 - [MESSAGE][PASSED] - Object: 'Object Repository/PrimoTours/Old Objects/Coco/PrimoT/Ins2/Page_Primo Tours  Danmarks bedste c/travelInsuranceFirstPaxSelector' is clicked on

2017-11-29 15:44:57 - [TEST_STEP][PASSED] - Statement - Try: Object: 'Object Repository/PrimoTours/Old Objects/Coco/PrimoT/Ins2/Page_Primo Tours  Danmarks bedste c/firstTravelInsuranceOption' is clicked on

2017-11-29 15:44:57 - [TEST_STEP][PASSED] - click: Object: 'Object Repository/PrimoTours/Old Objects/Coco/PrimoT/Ins2/Page_Primo Tours  Danmarks bedste c/firstTravelInsuranceOption' is clicked on

2017-11-29 15:44:57 - [MESSAGE][PASSED] - Object: 'Object Repository/PrimoTours/Old Objects/Coco/PrimoT/Ins2/Page_Primo Tours  Danmarks bedste c/firstTravelInsuranceOption' is clicked on

2017-11-29 15:44:57 - [TEST_STEP][NOT_RUN] - click: NOT_RUN: click

2017-11-29 15:44:57 - [MESSAGE][NOT_RUN] - NOT_RUN: click

2017-11-29 15:44:57 - [TEST_STEP][NOT_RUN] - scrollToElement: NOT_RUN: scrollToElement

2017-11-29 15:44:57 - [MESSAGE][NOT_RUN] - NOT_RUN: scrollToElement

2017-11-29 15:44:57 - [TEST_STEP][NOT_RUN] - click: NOT_RUN: click

2017-11-29 15:44:57 - [MESSAGE][NOT_RUN] - NOT_RUN: click

2017-11-29 15:44:57 - [TEST_STEP][PASSED] - waitForElementVisible: Object 'Object Repository/PrimoTours/Old Objects/Coco (1)/PrimoT/SaveBooking2/Page_Primo Tours  Danmarks bedste c/individualInsuranceCheckbox' is visible

2017-11-29 15:44:57 - [MESSAGE][PASSED] - Object 'Object Repository/PrimoTours/Old Objects/Coco (1)/PrimoT/SaveBooking2/Page_Primo Tours  Danmarks bedste c/individualInsuranceCheckbox' is visible

2017-11-29 15:44:57 - [TEST_STEP][PASSED] - scrollToElement: Scroll to object 'Object Repository/PrimoTours/Old Objects/Coco (1)/PrimoT/SaveBooking2/Page_Primo Tours  Danmarks bedste c/individualInsuranceCheckbox' successfully

2017-11-29 15:44:57 - [MESSAGE][PASSED] - Scroll to object 'Object Repository/PrimoTours/Old Objects/Coco (1)/PrimoT/SaveBooking2/Page_Primo Tours  Danmarks bedste c/individualInsuranceCheckbox' successfully

2017-11-29 15:44:57 - [TEST_STEP][PASSED] - click: Object: 'Object Repository/PrimoTours/Old Objects/Coco (1)/PrimoT/SaveBooking2/Page_Primo Tours  Danmarks bedste c/individualInsuranceCheckbox' is clicked on

2017-11-29 15:44:58 - [MESSAGE][PASSED] - Object: 'Object Repository/PrimoTours/Old Objects/Coco (1)/PrimoT/SaveBooking2/Page_Primo Tours  Danmarks bedste c/individualInsuranceCheckbox' is clicked on

2017-11-29 15:44:58 - [TEST_STEP][PASSED] - scrollToElement: Scroll to object 'Object Repository/PrimoTours/Old Objects/Coco (1)/PrimoT/SaveBooking2/Success/firstProdCategIndividualSelectionRadioB' successfully

2017-11-29 15:44:58 - [MESSAGE][PASSED] - Scroll to object 'Object Repository/PrimoTours/Old Objects/Coco (1)/PrimoT/SaveBooking2/Success/firstProdCategIndividualSelectionRadioB' successfully

2017-11-29 15:44:58 - [TEST_STEP][PASSED] - waitForElementClickable: Object 'Object Repository/PrimoTours/Old Objects/Coco (1)/PrimoT/SaveBooking2/Success/firstProdCategIndividualSelectionRadioB' is clickable

2017-11-29 15:44:58 - [MESSAGE][PASSED] - Object 'Object Repository/PrimoTours/Old Objects/Coco (1)/PrimoT/SaveBooking2/Success/firstProdCategIndividualSelectionRadioB' is clickable

2017-11-29 15:44:58 - [TEST_STEP][PASSED] - scrollToElement: Scroll to object 'Object Repository/PrimoTours/Old Objects/Coco (1)/PrimoT/SaveBooking2/Success/firstProdCategIndividualSelectionRadioB' successfully

2017-11-29 15:44:58 - [MESSAGE][PASSED] - Scroll to object 'Object Repository/PrimoTours/Old Objects/Coco (1)/PrimoT/SaveBooking2/Success/firstProdCategIndividualSelectionRadioB' successfully

2017-11-29 15:44:58 - [TEST_STEP][PASSED] - click: Object: 'Object Repository/PrimoTours/Old Objects/Coco (1)/PrimoT/SaveBooking2/Success/firstProdCategIndividualSelectionRadioB' is clicked on

2017-11-29 15:44:58 - [MESSAGE][PASSED] - Object: 'Object Repository/PrimoTours/Old Objects/Coco (1)/PrimoT/SaveBooking2/Success/firstProdCategIndividualSelectionRadioB' is clicked on

2017-11-29 15:44:58 - [TEST_STEP][PASSED] - scrollToElement: Scroll to object 'Object Repository/PrimoTours/Old Objects/Coco (1)/PrimoT/SaveBooking2/Success/firstProdCategSelectForAllPaxCheckbox' successfully

2017-11-29 15:44:58 - [MESSAGE][PASSED] - Scroll to object 'Object Repository/PrimoTours/Old Objects/Coco (1)/PrimoT/SaveBooking2/Success/firstProdCategSelectForAllPaxCheckbox' successfully

2017-11-29 15:44:58 - [TEST_STEP][PASSED] - waitForElementClickable: Object 'Object Repository/PrimoTours/Old Objects/Coco (1)/PrimoT/SaveBooking2/Success/firstProdCategSelectForAllPaxCheckbox' is clickable

2017-11-29 15:44:58 - [MESSAGE][PASSED] - Object 'Object Repository/PrimoTours/Old Objects/Coco (1)/PrimoT/SaveBooking2/Success/firstProdCategSelectForAllPaxCheckbox' is clickable

2017-11-29 15:44:58 - [TEST_STEP][PASSED] - click: Object: 'Object Repository/PrimoTours/Old Objects/Coco (1)/PrimoT/SaveBooking2/Success/firstProdCategSelectForAllPaxCheckbox' is clicked on

2017-11-29 15:44:58 - [MESSAGE][PASSED] - Object: 'Object Repository/PrimoTours/Old Objects/Coco (1)/PrimoT/SaveBooking2/Success/firstProdCategSelectForAllPaxCheckbox' is clicked on

2017-11-29 15:44:58 - [TEST_STEP][NOT_RUN] - scrollToElement: NOT_RUN: scrollToElement

2017-11-29 15:44:58 - [MESSAGE][NOT_RUN] - NOT_RUN: scrollToElement

2017-11-29 15:44:58 - [TEST_STEP][NOT_RUN] - scrollToElement: NOT_RUN: scrollToElement

2017-11-29 15:44:58 - [MESSAGE][NOT_RUN] - NOT_RUN: scrollToElement

2017-11-29 15:44:58 - [TEST_STEP][NOT_RUN] - click: NOT_RUN: click

2017-11-29 15:44:58 - [MESSAGE][NOT_RUN] - NOT_RUN: click

2017-11-29 15:44:58 - [TEST_STEP][PASSED] - scrollToElement: Scroll to object 'Object Repository/PrimoTours/ConfirmationPage/agreeTermsAndCondCheckbox' successfully

2017-11-29 15:44:58 - [MESSAGE][PASSED] - Scroll to object 'Object Repository/PrimoTours/ConfirmationPage/agreeTermsAndCondCheckbox' successfully

2017-11-29 15:44:58 - [TEST_STEP][PASSED] - click: Object: 'Object Repository/PrimoTours/ConfirmationPage/agreeTermsAndCondCheckbox' is clicked on

2017-11-29 15:44:59 - [MESSAGE][PASSED] - Object: 'Object Repository/PrimoTours/ConfirmationPage/agreeTermsAndCondCheckbox' is clicked on

2017-11-29 15:44:59 - [TEST_STEP][PASSED] - scrollToElement: Scroll to object 'Object Repository/PrimoTours/ConfirmationPage/placeBookingSpanInsideButton' successfully

2017-11-29 15:44:59 - [MESSAGE][PASSED] - Scroll to object 'Object Repository/PrimoTours/ConfirmationPage/placeBookingSpanInsideButton' successfully

2017-11-29 15:44:59 - [TEST_STEP][PASSED] - delay: Delayed 1 second(s)

2017-11-29 15:45:00 - [MESSAGE][PASSED] - Delayed 1 second(s)

2017-11-29 15:45:00 - [TEST_STEP][PASSED] - waitForElementClickable: Object 'Object Repository/PrimoTours/ConfirmationPage/placeBookingSpanInsideButton' is clickable

2017-11-29 15:45:00 - [MESSAGE][PASSED] - Object 'Object Repository/PrimoTours/ConfirmationPage/placeBookingSpanInsideButton' is clickable

2017-11-29 15:45:00 - [TEST_STEP][PASSED] - Statement - Try: Object: 'Object Repository/PrimoTours/ConfirmationPage/placeBookingSpanInsideButton' is clicked on

2017-11-29 15:45:00 - [TEST_STEP][PASSED] - click: Object: 'Object Repository/PrimoTours/ConfirmationPage/placeBookingSpanInsideButton' is clicked on

2017-11-29 15:45:00 - [MESSAGE][PASSED] - Object: 'Object Repository/PrimoTours/ConfirmationPage/placeBookingSpanInsideButton' is clicked on

2017-11-29 15:45:00 - [TEST_STEP][PASSED] - delay: Delayed 2 second(s)

2017-11-29 15:45:02 - [MESSAGE][PASSED] - Delayed 2 second(s)

2017-11-29 15:45:02 - [TEST_STEP][PASSED] - waitForPageLoad: Wait for page load successfully

2017-11-29 15:45:02 - [MESSAGE][PASSED] - Wait for page load successfully

2017-11-29 15:45:02 - [TEST_STEP][PASSED] - waitForJQueryLoad: Unable to wait for jQuery to load. (Root cause: org.openqa.selenium.JavascriptException: ReferenceError: jQuery is not defined
Build info: version: '3.7.1', revision: '8a0099a', time: '2017-11-06T21:07:36.161Z'
System info: host: 'NEACSUNEW-PC', ip: '10.10.10.211', os.name: 'Windows 8.1', os.arch: 'amd64', os.version: '6.3', java.version: '1.8.0_102'
Driver info: com.kms.katalon.core.webui.driver.firefox.CGeckoDriver
Capabilities {acceptInsecureCerts: true, browserName: firefox, browserVersion: 57.0, javascriptEnabled: true, moz:accessibilityChecks: false, moz:headless: false, moz:processID: 20256, moz:profile: C:\Users\Cornel\AppData\Loc..., moz:webdriverClick: false, pageLoadStrategy: normal, platform: XP, platformName: XP, platformVersion: 6.3, proxy: Proxy(direct), rotatable: false, timeouts: {implicit: 0, pageLoad: 300000, script: 30000}}
Session ID: 88a925bf-2f4f-4a86-85f3-9a6ca6db1e53)

2017-11-29 15:45:04 - [MESSAGE][WARNING] - Unable to wait for jQuery to load. (Root cause: org.openqa.selenium.JavascriptException: ReferenceError: jQuery is not defined
Build info: version: '3.7.1', revision: '8a0099a', time: '2017-11-06T21:07:36.161Z'
System info: host: 'NEACSUNEW-PC', ip: '10.10.10.211', os.name: 'Windows 8.1', os.arch: 'amd64', os.version: '6.3', java.version: '1.8.0_102'
Driver info: com.kms.katalon.core.webui.driver.firefox.CGeckoDriver
Capabilities {acceptInsecureCerts: true, browserName: firefox, browserVersion: 57.0, javascriptEnabled: true, moz:accessibilityChecks: false, moz:headless: false, moz:processID: 20256, moz:profile: C:\Users\Cornel\AppData\Loc..., moz:webdriverClick: false, pageLoadStrategy: normal, platform: XP, platformName: XP, platformVersion: 6.3, proxy: Proxy(direct), rotatable: false, timeouts: {implicit: 0, pageLoad: 300000, script: 30000}}
Session ID: 88a925bf-2f4f-4a86-85f3-9a6ca6db1e53)
[[ATTACHMENT|D:\\Software testing\\Tourpaq\\Automated Katalon tests\\Primo WB test\\Reports\\WB Primo From Excel URLs\\20171129_154142\\1511963104272.png]]

2017-11-29 15:45:04 - [TEST_STEP][PASSED] - waitForElementPresent: Object 'Object Repository/PrimoTours/Old Objects/CCenter/pageLoaderOverlayLayer' is present

2017-11-29 15:45:04 - [MESSAGE][PASSED] - Object 'Object Repository/PrimoTours/Old Objects/CCenter/pageLoaderOverlayLayer' is present

2017-11-29 15:45:04 - [TEST_STEP][PASSED] - waitForElementNotVisible: Object 'Object Repository/PrimoTours/Old Objects/CCenter/pageLoaderOverlayLayer' is NOT visible

2017-11-29 15:45:08 - [MESSAGE][PASSED] - Object 'Object Repository/PrimoTours/Old Objects/CCenter/pageLoaderOverlayLayer' is NOT visible

2017-11-29 15:45:08 - [TEST_STEP][PASSED] - waitForElementPresent: Object 'Object Repository/PrimoTours/Old Objects/ThankYouPage/bookingNoContainer' is present

2017-11-29 15:45:08 - [MESSAGE][PASSED] - Object 'Object Repository/PrimoTours/Old Objects/ThankYouPage/bookingNoContainer' is present

2017-11-29 15:45:08 - [TEST_STEP][PASSED] - waitForElementClickable: Object 'Object Repository/PrimoTours/Old Objects/ThankYouPage/bookingNoContainer' is clickable

2017-11-29 15:45:08 - [MESSAGE][PASSED] - Object 'Object Repository/PrimoTours/Old Objects/ThankYouPage/bookingNoContainer' is clickable

2017-11-29 15:45:08 - [TEST_STEP][PASSED] - verifyElementVisible: Object 'Object Repository/PrimoTours/Old Objects/ThankYouPage/bookingNoContainer' is visible

2017-11-29 15:45:08 - [MESSAGE][PASSED] - Object 'Object Repository/PrimoTours/Old Objects/ThankYouPage/bookingNoContainer' is visible

2017-11-29 15:45:08 - [TEST_STEP][PASSED] - verifyElementVisible: Object 'Object Repository/PrimoTours/Old Objects/ThankYouPage/bookingTotalInfo' is visible

2017-11-29 15:45:08 - [MESSAGE][PASSED] - Object 'Object Repository/PrimoTours/Old Objects/ThankYouPage/bookingTotalInfo' is visible

2017-11-29 15:45:08 - [TEST_STEP][PASSED] - verifyElementVisible: Object 'Object Repository/PrimoTours/Old Objects/ThankYouPage/bookingTotalPriceBar' is visible

2017-11-29 15:45:08 - [MESSAGE][PASSED] - Object 'Object Repository/PrimoTours/Old Objects/ThankYouPage/bookingTotalPriceBar' is visible

2017-11-29 15:45:08 - [TEST_STEP][PASSED] - verifyElementVisible: Object 'Object Repository/PrimoTours/Old Objects/ThankYouPage/printTicketSpan' is visible

2017-11-29 15:45:08 - [MESSAGE][PASSED] - Object 'Object Repository/PrimoTours/Old Objects/ThankYouPage/printTicketSpan' is visible

2017-11-29 15:45:08 - [TEST_STEP][PASSED] - waitForElementClickable: Object 'Object Repository/PrimoTours/Old Objects/ThankYouPage/printTicketSpan' is clickable

2017-11-29 15:45:08 - [MESSAGE][PASSED] - Object 'Object Repository/PrimoTours/Old Objects/ThankYouPage/printTicketSpan' is clickable

2017-11-29 15:45:08 - [TEST_STEP][PASSED] - Statement - Try: Object: 'Object Repository/PrimoTours/Old Objects/ThankYouPage/printTicketSpan' is clicked on

2017-11-29 15:45:08 - [TEST_STEP][PASSED] - click: Object: 'Object Repository/PrimoTours/Old Objects/ThankYouPage/printTicketSpan' is clicked on

2017-11-29 15:45:13 - [MESSAGE][PASSED] - Object: 'Object Repository/PrimoTours/Old Objects/ThankYouPage/printTicketSpan' is clicked on

2017-11-29 15:45:13 - [TEST_STEP][PASSED] - delay: Delayed 2 second(s)

2017-11-29 15:45:15 - [MESSAGE][PASSED] - Delayed 2 second(s)

2017-11-29 15:45:15 - [TEST_STEP][PASSED] - waitForElementVisible: Object 'Object Repository/PrimoTours/Old Objects/ThankYouPage/cCenterButton' is visible

2017-11-29 15:45:15 - [MESSAGE][PASSED] - Object 'Object Repository/PrimoTours/Old Objects/ThankYouPage/cCenterButton' is visible

2017-11-29 15:45:15 - [TEST_STEP][PASSED] - waitForElementClickable: Object 'Object Repository/PrimoTours/Old Objects/ThankYouPage/cCenterButton' is clickable

2017-11-29 15:45:15 - [MESSAGE][PASSED] - Object 'Object Repository/PrimoTours/Old Objects/ThankYouPage/cCenterButton' is clickable

2017-11-29 15:45:15 - [TEST_STEP][PASSED] - click: Object: 'Object Repository/PrimoTours/Old Objects/ThankYouPage/cCenterButton' is clicked on

2017-11-29 15:45:16 - [MESSAGE][PASSED] - Object: 'Object Repository/PrimoTours/Old Objects/ThankYouPage/cCenterButton' is clicked on

2017-11-29 15:45:16 - [TEST_STEP][PASSED] - waitForPageLoad: Wait for page load successfully

2017-11-29 15:45:16 - [MESSAGE][PASSED] - Wait for page load successfully

2017-11-29 15:45:16 - [TEST_STEP][PASSED] - waitForJQueryLoad: jQuery is ready.

2017-11-29 15:45:16 - [MESSAGE][PASSED] - jQuery is ready.

2017-11-29 15:45:16 - [TEST_STEP][PASSED] - waitForElementPresent: Object 'Object Repository/PrimoTours/Old Objects/CCenter/pageLoaderOverlayLayer' is present

2017-11-29 15:45:16 - [MESSAGE][PASSED] - Object 'Object Repository/PrimoTours/Old Objects/CCenter/pageLoaderOverlayLayer' is present

2017-11-29 15:45:16 - [TEST_STEP][PASSED] - waitForElementNotVisible: Object 'Object Repository/PrimoTours/Old Objects/CCenter/pageLoaderOverlayLayer' is NOT visible

2017-11-29 15:45:16 - [MESSAGE][PASSED] - Object 'Object Repository/PrimoTours/Old Objects/CCenter/pageLoaderOverlayLayer' is NOT visible

2017-11-29 15:45:16 - [TEST_STEP][PASSED] - verifyElementVisible: Object 'Object Repository/PrimoTours/Old Objects/ThankYouPage/bookingNoContainer' is visible

2017-11-29 15:45:16 - [MESSAGE][PASSED] - Object 'Object Repository/PrimoTours/Old Objects/ThankYouPage/bookingNoContainer' is visible

2017-11-29 15:45:16 - [TEST_STEP][PASSED] - verifyElementVisible: Object 'Object Repository/PrimoTours/Old Objects/ThankYouPage/bookingTotalPriceBar' is visible

2017-11-29 15:45:16 - [MESSAGE][PASSED] - Object 'Object Repository/PrimoTours/Old Objects/ThankYouPage/bookingTotalPriceBar' is visible

2017-11-29 15:45:16 - [TEST_STEP][PASSED] - delay: Delayed 1 second(s)

2017-11-29 15:45:17 - [MESSAGE][PASSED] - Delayed 1 second(s)]]></system-out>
         <system-err><![CDATA[]]></system-err>
      </testcase>
      <testcase name="Test Cases/PrimoTours/WB Primo/WB Primo staging - place booking - Iteration 7" classname="Test Cases/PrimoTours/WB Primo/WB Primo staging - place booking" status="PASSED">
         <system-out><![CDATA[2017-11-29 15:45:18 - [TEST_CASE][PASSED] - Test Cases/PrimoTours/WB Primo/WB Primo staging - place booking - Iteration 7: Test Cases/PrimoTours/WB Primo/WB Primo staging - place booking

2017-11-29 15:45:18 - [TEST_STEP][PASSED] - openBrowser: Browser is opened with url: ''

2017-11-29 15:45:18 - [MESSAGE][WARNING] - A browser is already opened. Closing browser and opening a new one

2017-11-29 15:45:21 - [MESSAGE][PASSED] - Browser is opened with url: ''

2017-11-29 15:45:21 - [TEST_STEP][PASSED] - maximizeWindow: Current window maximized

2017-11-29 15:45:21 - [MESSAGE][PASSED] - Current window maximized

2017-11-29 15:45:21 - [TEST_STEP][PASSED] - navigateToUrl: Navigate to 'http://localhost:50029/DoBooking.aspx?pltaID=1480269,1480294,1480269&p=2&rno=1,1,1&pt=1,1,2&a=2,2,2&c=2,2,0&aa=&ca=1,4|0,5|' successfully

2017-11-29 15:45:22 - [MESSAGE][PASSED] - Navigate to 'http://localhost:50029/DoBooking.aspx?pltaID=1480269,1480294,1480269&p=2&rno=1,1,1&pt=1,1,2&a=2,2,2&c=2,2,0&aa=&ca=1,4|0,5|' successfully

2017-11-29 15:45:22 - [TEST_STEP][PASSED] - Statement - excelInfo = ["fname":"", "lname":"", "pgender":"", "pday":"", "pmonth":"", "pyear":""]: null

2017-11-29 15:45:22 - [TEST_STEP][PASSED] - Statement - rawData = com.kms.katalon.core.testdata.TestDataFactory.findTestData("Data Files/WB_Primo/Passenger_details"): Reading excel file with source file 'D:\Software testing\Tourpaq\Automated Katalon tests\Primo WB test\Data Files\Primo_URLs_For_Automated_Test.xls' and sheet name 'Passenger Names'

2017-11-29 15:45:22 - [TEST_STEP][PASSED] - Statement - excelRowNo = rawData.getRowNumbers(): null

2017-11-29 15:45:22 - [TEST_STEP][PASSED] - Statement - randomPaxIndex = java.lang.Math.abs(new java.util.Random().nextInt() % excelRowNo) + 1: null

2017-11-29 15:45:22 - [TEST_STEP][PASSED] - Statement - fname = rawData.getValue("FirstName", randomPaxIndex): null

2017-11-29 15:45:22 - [TEST_STEP][PASSED] - Statement - lname = rawData.getValue("LastName", randomPaxIndex): null

2017-11-29 15:45:22 - [TEST_STEP][PASSED] - Statement - pgender = rawData.getValue("Gender", randomPaxIndex): null

2017-11-29 15:45:22 - [TEST_STEP][PASSED] - setText: Text 'Votborg AUT' is set on object 'Object Repository/PrimoTours/Old Objects/Coco/PrimoT/Page_Primo Tours  Danmarks bedste c/input_firstName'

2017-11-29 15:45:22 - [MESSAGE][PASSED] - Text 'Votborg AUT' is set on object 'Object Repository/PrimoTours/Old Objects/Coco/PrimoT/Page_Primo Tours  Danmarks bedste c/input_firstName'

2017-11-29 15:45:22 - [TEST_STEP][PASSED] - setText: Text 'Anne Dorthe' is set on object 'Object Repository/PrimoTours/Old Objects/Coco/PrimoT/Page_Primo Tours  Danmarks bedste c/input_lastName'

2017-11-29 15:45:22 - [MESSAGE][PASSED] - Text 'Anne Dorthe' is set on object 'Object Repository/PrimoTours/Old Objects/Coco/PrimoT/Page_Primo Tours  Danmarks bedste c/input_lastName'

2017-11-29 15:45:22 - [TEST_STEP][PASSED] - click: Object: 'Object Repository/PrimoTours/LandingPage/customerGender' is clicked on

2017-11-29 15:45:22 - [MESSAGE][PASSED] - Object: 'Object Repository/PrimoTours/LandingPage/customerGender' is clicked on

2017-11-29 15:45:22 - [TEST_STEP][PASSED] - setText: Text 'Home address' is set on object 'Object Repository/PrimoTours/Old Objects/Coco/PrimoT/Page_Primo Tours  Danmarks bedste c/input_customerAddress'

2017-11-29 15:45:22 - [MESSAGE][PASSED] - Text 'Home address' is set on object 'Object Repository/PrimoTours/Old Objects/Coco/PrimoT/Page_Primo Tours  Danmarks bedste c/input_customerAddress'

2017-11-29 15:45:22 - [TEST_STEP][PASSED] - setText: Text '6700' is set on object 'Object Repository/PrimoTours/Old Objects/Coco/PrimoT/Page_Primo Tours  Danmarks bedste c/input_customerPostcode'

2017-11-29 15:45:22 - [MESSAGE][PASSED] - Text '6700' is set on object 'Object Repository/PrimoTours/Old Objects/Coco/PrimoT/Page_Primo Tours  Danmarks bedste c/input_customerPostcode'

2017-11-29 15:45:22 - [TEST_STEP][PASSED] - setText: Text 'cornel.neacsu@roweb.ro' is set on object 'Object Repository/PrimoTours/Old Objects/Coco/PrimoT/Page_Primo Tours  Danmarks bedste c/input_customerEmail'

2017-11-29 15:45:22 - [MESSAGE][PASSED] - Text 'cornel.neacsu@roweb.ro' is set on object 'Object Repository/PrimoTours/Old Objects/Coco/PrimoT/Page_Primo Tours  Danmarks bedste c/input_customerEmail'

2017-11-29 15:45:22 - [TEST_STEP][PASSED] - setText: Text '12345678' is set on object 'Object Repository/PrimoTours/Old Objects/Coco/PrimoT/Page_Primo Tours  Danmarks bedste c/input_customerPhone'

2017-11-29 15:45:23 - [MESSAGE][PASSED] - Text '12345678' is set on object 'Object Repository/PrimoTours/Old Objects/Coco/PrimoT/Page_Primo Tours  Danmarks bedste c/input_customerPhone'

2017-11-29 15:45:23 - [TEST_STEP][PASSED] - waitForElementClickable: Object 'Object Repository/PrimoTours/Old Objects/Coco/PrimoT/Page_Primo Tours  Danmarks bedste c/input_firstname-0_1' is clickable

2017-11-29 15:45:26 - [MESSAGE][PASSED] - Object 'Object Repository/PrimoTours/Old Objects/Coco/PrimoT/Page_Primo Tours  Danmarks bedste c/input_firstname-0_1' is clickable

2017-11-29 15:45:26 - [TEST_STEP][PASSED] - Statement - driver = com.kms.katalon.core.webui.driver.DriverFactory.getWebDriver(): null

2017-11-29 15:45:26 - [TEST_STEP][PASSED] - Statement - roomContainerXpath = "id("roomAndStaticOptionsContainer")/div[@class="row"]/div[@class="col-md-12 roomContainer"]": null

2017-11-29 15:45:26 - [TEST_STEP][PASSED] - Statement - roomsCount = driver.findElements(org.openqa.selenium.By.xpath(roomContainerXpath)).size(): null

2017-11-29 15:45:26 - [TEST_STEP][PASSED] - Statement - println("roomsCount=" + roomsCount): null

2017-11-29 15:45:26 - [TEST_STEP][PASSED] - Statement - For ([i = 1, i <= roomsCount, (i++)]): Object: 'Object Repository/PrimoTours/LandingPage/secondPaxFirstNameField' is clicked on

2017-11-29 15:45:26 - [TEST_STEP][PASSED] - Statement - paxInRoomXpath = "id("passengersContainer_" + i - 1 + "")/div[@class="col-md-12"]/div[@class="row"]": null

2017-11-29 15:45:26 - [TEST_STEP][PASSED] - Statement - println("paxInRoomXpath=" + paxInRoomXpath): null

2017-11-29 15:45:26 - [TEST_STEP][PASSED] - Statement - paxInRoomCount = driver.findElements(org.openqa.selenium.By.xpath(paxInRoomXpath)).size(): null

2017-11-29 15:45:26 - [TEST_STEP][PASSED] - Statement - println("paxInRoomCount=" + paxInRoomCount): null

2017-11-29 15:45:26 - [TEST_STEP][PASSED] - Statement - For ([j = 1, j <= paxInRoomCount, (j++)]): Object: 'Object Repository/PrimoTours/LandingPage/secondPaxFirstNameField' is clicked on

2017-11-29 15:45:26 - [TEST_STEP][PASSED] - Statement - If (i == 1 & j == 1): null

2017-11-29 15:45:26 - [TEST_STEP][PASSED] - Statement - <not implemented yet for class: org.codehaus.groovy.ast.stmt.ContinueStatement>: null

2017-11-29 15:45:26 - [TEST_STEP][PASSED] - Statement - If (i == 1 & j == 1): null

2017-11-29 15:45:26 - [TEST_STEP][PASSED] - Statement - randomPaxIndex = java.lang.Math.abs(new java.util.Random().nextInt() % excelRowNo) + 1: null

2017-11-29 15:45:26 - [TEST_STEP][PASSED] - Statement - fname = rawData.getValue("FirstName", randomPaxIndex) + " AUT": null

2017-11-29 15:45:26 - [TEST_STEP][PASSED] - Statement - lname = rawData.getValue("LastName", randomPaxIndex): null

2017-11-29 15:45:26 - [TEST_STEP][PASSED] - Statement - pgender = rawData.getValue("Gender", randomPaxIndex): null

2017-11-29 15:45:26 - [TEST_STEP][PASSED] - Statement - pday = rawData.getValue("Day DOB", randomPaxIndex): null

2017-11-29 15:45:26 - [TEST_STEP][PASSED] - Statement - pmonth = rawData.getValue("Month DOB", randomPaxIndex): null

2017-11-29 15:45:26 - [TEST_STEP][PASSED] - Statement - pyear = rawData.getValue("Year DOB", randomPaxIndex): null

2017-11-29 15:45:26 - [TEST_STEP][PASSED] - Statement - paxDetailFields = paxInRoomXpath + "[" + j + "]/div[@class="col-md-x col-md-9"]/div[@class="row paxContainer"][1]/div[contains(@class,"paxAttribute")]": null

2017-11-29 15:45:26 - [TEST_STEP][PASSED] - Statement - xpathval = paxDetailFields + "[1]/div[contains(@class,"form-group")]/input[contains(@class,"paxFirstName")]": null

2017-11-29 15:45:26 - [TEST_STEP][PASSED] - Statement - println("fn: " + xpathval): null

2017-11-29 15:45:26 - [TEST_STEP][PASSED] - Statement - repObj = com.kms.katalon.core.testobject.ObjectRepository.findTestObject(Object Repository/PrimoTours/LandingPage/secondPaxFirstNameField): Finding Test Object with id 'Object Repository/PrimoTours/LandingPage/secondPaxFirstNameField'

2017-11-29 15:45:26 - [TEST_STEP][PASSED] - Statement - repObj.findProperty("xpath").setValue(xpathval): null

2017-11-29 15:45:26 - [TEST_STEP][PASSED] - setText: Text 'Christiansen AUT' is set on object 'Object Repository/PrimoTours/LandingPage/secondPaxFirstNameField'

2017-11-29 15:45:26 - [MESSAGE][PASSED] - Text 'Christiansen AUT' is set on object 'Object Repository/PrimoTours/LandingPage/secondPaxFirstNameField'

2017-11-29 15:45:26 - [TEST_STEP][PASSED] - Statement - xpathval = paxDetailFields + "[2]/div[contains(@class,"form-group")]/input[contains(@class,"paxLastName")]": null

2017-11-29 15:45:26 - [TEST_STEP][PASSED] - Statement - println("ln: " + xpathval): null

2017-11-29 15:45:26 - [TEST_STEP][PASSED] - Statement - repObj = com.kms.katalon.core.testobject.ObjectRepository.findTestObject(Object Repository/PrimoTours/LandingPage/secondPaxFirstNameField): Finding Test Object with id 'Object Repository/PrimoTours/LandingPage/secondPaxFirstNameField'

2017-11-29 15:45:26 - [TEST_STEP][PASSED] - Statement - repObj.findProperty("xpath").setValue(xpathval): null

2017-11-29 15:45:26 - [TEST_STEP][PASSED] - setText: Text 'Annalise Lindtofte' is set on object 'Object Repository/PrimoTours/LandingPage/secondPaxFirstNameField'

2017-11-29 15:45:26 - [MESSAGE][PASSED] - Text 'Annalise Lindtofte' is set on object 'Object Repository/PrimoTours/LandingPage/secondPaxFirstNameField'

2017-11-29 15:45:26 - [TEST_STEP][PASSED] - Statement - repObj = com.kms.katalon.core.testobject.ObjectRepository.findTestObject(Object Repository/PrimoTours/LandingPage/secondPaxFirstNameField): Finding Test Object with id 'Object Repository/PrimoTours/LandingPage/secondPaxFirstNameField'

2017-11-29 15:45:26 - [TEST_STEP][PASSED] - Statement - xpathval = paxDetailFields + "[3]/div[contains(@class,"paxGenderSelectorContainer")]/span[contains(@class,"select2 select2-container")]/span[contains(@class,"selection")]/span[contains(@class,"select2-selection")]": null

2017-11-29 15:45:26 - [TEST_STEP][PASSED] - Statement - println("gender: " + xpathval): null

2017-11-29 15:45:26 - [TEST_STEP][PASSED] - Statement - repObj.findProperty("xpath").setValue(xpathval): null

2017-11-29 15:45:26 - [TEST_STEP][PASSED] - click: Object: 'Object Repository/PrimoTours/LandingPage/secondPaxFirstNameField' is clicked on

2017-11-29 15:45:26 - [MESSAGE][PASSED] - Object: 'Object Repository/PrimoTours/LandingPage/secondPaxFirstNameField' is clicked on

2017-11-29 15:45:26 - [TEST_STEP][PASSED] - Statement - If (i == 1 & j == 1): null

2017-11-29 15:45:26 - [TEST_STEP][PASSED] - Statement - randomPaxIndex = java.lang.Math.abs(new java.util.Random().nextInt() % excelRowNo) + 1: null

2017-11-29 15:45:26 - [TEST_STEP][PASSED] - Statement - fname = rawData.getValue("FirstName", randomPaxIndex) + " AUT": null

2017-11-29 15:45:26 - [TEST_STEP][PASSED] - Statement - lname = rawData.getValue("LastName", randomPaxIndex): null

2017-11-29 15:45:26 - [TEST_STEP][PASSED] - Statement - pgender = rawData.getValue("Gender", randomPaxIndex): null

2017-11-29 15:45:26 - [TEST_STEP][PASSED] - Statement - pday = rawData.getValue("Day DOB", randomPaxIndex): null

2017-11-29 15:45:26 - [TEST_STEP][PASSED] - Statement - pmonth = rawData.getValue("Month DOB", randomPaxIndex): null

2017-11-29 15:45:26 - [TEST_STEP][PASSED] - Statement - pyear = rawData.getValue("Year DOB", randomPaxIndex): null

2017-11-29 15:45:26 - [TEST_STEP][PASSED] - Statement - paxDetailFields = paxInRoomXpath + "[" + j + "]/div[@class="col-md-x col-md-9"]/div[@class="row paxContainer"][1]/div[contains(@class,"paxAttribute")]": null

2017-11-29 15:45:26 - [TEST_STEP][PASSED] - Statement - xpathval = paxDetailFields + "[1]/div[contains(@class,"form-group")]/input[contains(@class,"paxFirstName")]": null

2017-11-29 15:45:26 - [TEST_STEP][PASSED] - Statement - println("fn: " + xpathval): null

2017-11-29 15:45:26 - [TEST_STEP][PASSED] - Statement - repObj = com.kms.katalon.core.testobject.ObjectRepository.findTestObject(Object Repository/PrimoTours/LandingPage/secondPaxFirstNameField): Finding Test Object with id 'Object Repository/PrimoTours/LandingPage/secondPaxFirstNameField'

2017-11-29 15:45:26 - [TEST_STEP][PASSED] - Statement - repObj.findProperty("xpath").setValue(xpathval): null

2017-11-29 15:45:26 - [TEST_STEP][PASSED] - setText: Text 'Jakobsen AUT' is set on object 'Object Repository/PrimoTours/LandingPage/secondPaxFirstNameField'

2017-11-29 15:45:26 - [MESSAGE][PASSED] - Text 'Jakobsen AUT' is set on object 'Object Repository/PrimoTours/LandingPage/secondPaxFirstNameField'

2017-11-29 15:45:26 - [TEST_STEP][PASSED] - Statement - xpathval = paxDetailFields + "[2]/div[contains(@class,"form-group")]/input[contains(@class,"paxLastName")]": null

2017-11-29 15:45:26 - [TEST_STEP][PASSED] - Statement - println("ln: " + xpathval): null

2017-11-29 15:45:26 - [TEST_STEP][PASSED] - Statement - repObj = com.kms.katalon.core.testobject.ObjectRepository.findTestObject(Object Repository/PrimoTours/LandingPage/secondPaxFirstNameField): Finding Test Object with id 'Object Repository/PrimoTours/LandingPage/secondPaxFirstNameField'

2017-11-29 15:45:26 - [TEST_STEP][PASSED] - Statement - repObj.findProperty("xpath").setValue(xpathval): null

2017-11-29 15:45:26 - [TEST_STEP][PASSED] - setText: Text 'Majken Højgaard Orup' is set on object 'Object Repository/PrimoTours/LandingPage/secondPaxFirstNameField'

2017-11-29 15:45:26 - [MESSAGE][PASSED] - Text 'Majken Højgaard Orup' is set on object 'Object Repository/PrimoTours/LandingPage/secondPaxFirstNameField'

2017-11-29 15:45:26 - [TEST_STEP][PASSED] - Statement - repObj = com.kms.katalon.core.testobject.ObjectRepository.findTestObject(Object Repository/PrimoTours/LandingPage/secondPaxFirstNameField): Finding Test Object with id 'Object Repository/PrimoTours/LandingPage/secondPaxFirstNameField'

2017-11-29 15:45:26 - [TEST_STEP][PASSED] - Statement - xpathval = paxDetailFields + "[3]/div[contains(@class,"paxGenderSelectorContainer")]/span[contains(@class,"select2 select2-container")]/span[contains(@class,"selection")]/span[contains(@class,"select2-selection")]": null

2017-11-29 15:45:26 - [TEST_STEP][PASSED] - Statement - println("gender: " + xpathval): null

2017-11-29 15:45:26 - [TEST_STEP][PASSED] - Statement - repObj.findProperty("xpath").setValue(xpathval): null

2017-11-29 15:45:26 - [TEST_STEP][PASSED] - click: Object: 'Object Repository/PrimoTours/LandingPage/secondPaxFirstNameField' is clicked on

2017-11-29 15:45:27 - [MESSAGE][PASSED] - Object: 'Object Repository/PrimoTours/LandingPage/secondPaxFirstNameField' is clicked on

2017-11-29 15:45:27 - [TEST_STEP][PASSED] - Statement - If (i == 1 & j == 1): null

2017-11-29 15:45:27 - [TEST_STEP][PASSED] - Statement - randomPaxIndex = java.lang.Math.abs(new java.util.Random().nextInt() % excelRowNo) + 1: null

2017-11-29 15:45:27 - [TEST_STEP][PASSED] - Statement - fname = rawData.getValue("FirstName", randomPaxIndex) + " AUT": null

2017-11-29 15:45:27 - [TEST_STEP][PASSED] - Statement - lname = rawData.getValue("LastName", randomPaxIndex): null

2017-11-29 15:45:27 - [TEST_STEP][PASSED] - Statement - pgender = rawData.getValue("Gender", randomPaxIndex): null

2017-11-29 15:45:27 - [TEST_STEP][PASSED] - Statement - pday = rawData.getValue("Day DOB", randomPaxIndex): null

2017-11-29 15:45:27 - [TEST_STEP][PASSED] - Statement - pmonth = rawData.getValue("Month DOB", randomPaxIndex): null

2017-11-29 15:45:27 - [TEST_STEP][PASSED] - Statement - pyear = rawData.getValue("Year DOB", randomPaxIndex): null

2017-11-29 15:45:27 - [TEST_STEP][PASSED] - Statement - paxDetailFields = paxInRoomXpath + "[" + j + "]/div[@class="col-md-x col-md-9"]/div[@class="row paxContainer"][1]/div[contains(@class,"paxAttribute")]": null

2017-11-29 15:45:27 - [TEST_STEP][PASSED] - Statement - xpathval = paxDetailFields + "[1]/div[contains(@class,"form-group")]/input[contains(@class,"paxFirstName")]": null

2017-11-29 15:45:27 - [TEST_STEP][PASSED] - Statement - println("fn: " + xpathval): null

2017-11-29 15:45:27 - [TEST_STEP][PASSED] - Statement - repObj = com.kms.katalon.core.testobject.ObjectRepository.findTestObject(Object Repository/PrimoTours/LandingPage/secondPaxFirstNameField): Finding Test Object with id 'Object Repository/PrimoTours/LandingPage/secondPaxFirstNameField'

2017-11-29 15:45:27 - [TEST_STEP][PASSED] - Statement - repObj.findProperty("xpath").setValue(xpathval): null

2017-11-29 15:45:27 - [TEST_STEP][PASSED] - setText: Text 'Larsen AUT' is set on object 'Object Repository/PrimoTours/LandingPage/secondPaxFirstNameField'

2017-11-29 15:45:27 - [MESSAGE][PASSED] - Text 'Larsen AUT' is set on object 'Object Repository/PrimoTours/LandingPage/secondPaxFirstNameField'

2017-11-29 15:45:27 - [TEST_STEP][PASSED] - Statement - xpathval = paxDetailFields + "[2]/div[contains(@class,"form-group")]/input[contains(@class,"paxLastName")]": null

2017-11-29 15:45:27 - [TEST_STEP][PASSED] - Statement - println("ln: " + xpathval): null

2017-11-29 15:45:27 - [TEST_STEP][PASSED] - Statement - repObj = com.kms.katalon.core.testobject.ObjectRepository.findTestObject(Object Repository/PrimoTours/LandingPage/secondPaxFirstNameField): Finding Test Object with id 'Object Repository/PrimoTours/LandingPage/secondPaxFirstNameField'

2017-11-29 15:45:27 - [TEST_STEP][PASSED] - Statement - repObj.findProperty("xpath").setValue(xpathval): null

2017-11-29 15:45:27 - [TEST_STEP][PASSED] - setText: Text 'Anna Bille' is set on object 'Object Repository/PrimoTours/LandingPage/secondPaxFirstNameField'

2017-11-29 15:45:27 - [MESSAGE][PASSED] - Text 'Anna Bille' is set on object 'Object Repository/PrimoTours/LandingPage/secondPaxFirstNameField'

2017-11-29 15:45:27 - [TEST_STEP][PASSED] - Statement - repObj = com.kms.katalon.core.testobject.ObjectRepository.findTestObject(Object Repository/PrimoTours/LandingPage/secondPaxFirstNameField): Finding Test Object with id 'Object Repository/PrimoTours/LandingPage/secondPaxFirstNameField'

2017-11-29 15:45:27 - [TEST_STEP][PASSED] - Statement - xpathval = paxDetailFields + "[3]/div[contains(@class,"paxGenderSelectorContainer")]/span[contains(@class,"select2 select2-container")]/span[contains(@class,"selection")]/span[contains(@class,"select2-selection")]": null

2017-11-29 15:45:27 - [TEST_STEP][PASSED] - Statement - println("gender: " + xpathval): null

2017-11-29 15:45:27 - [TEST_STEP][PASSED] - Statement - repObj.findProperty("xpath").setValue(xpathval): null

2017-11-29 15:45:27 - [TEST_STEP][PASSED] - click: Object: 'Object Repository/PrimoTours/LandingPage/secondPaxFirstNameField' is clicked on

2017-11-29 15:45:27 - [MESSAGE][PASSED] - Object: 'Object Repository/PrimoTours/LandingPage/secondPaxFirstNameField' is clicked on

2017-11-29 15:45:27 - [TEST_STEP][PASSED] - Statement - paxInRoomXpath = "id("passengersContainer_" + i - 1 + "")/div[@class="col-md-12"]/div[@class="row"]": null

2017-11-29 15:45:27 - [TEST_STEP][PASSED] - Statement - println("paxInRoomXpath=" + paxInRoomXpath): null

2017-11-29 15:45:27 - [TEST_STEP][PASSED] - Statement - paxInRoomCount = driver.findElements(org.openqa.selenium.By.xpath(paxInRoomXpath)).size(): null

2017-11-29 15:45:27 - [TEST_STEP][PASSED] - Statement - println("paxInRoomCount=" + paxInRoomCount): null

2017-11-29 15:45:27 - [TEST_STEP][PASSED] - Statement - For ([j = 1, j <= paxInRoomCount, (j++)]): Object: 'Object Repository/PrimoTours/LandingPage/secondPaxFirstNameField' is clicked on

2017-11-29 15:45:27 - [TEST_STEP][PASSED] - Statement - If (i == 1 & j == 1): null

2017-11-29 15:45:27 - [TEST_STEP][PASSED] - Statement - randomPaxIndex = java.lang.Math.abs(new java.util.Random().nextInt() % excelRowNo) + 1: null

2017-11-29 15:45:27 - [TEST_STEP][PASSED] - Statement - fname = rawData.getValue("FirstName", randomPaxIndex) + " AUT": null

2017-11-29 15:45:27 - [TEST_STEP][PASSED] - Statement - lname = rawData.getValue("LastName", randomPaxIndex): null

2017-11-29 15:45:27 - [TEST_STEP][PASSED] - Statement - pgender = rawData.getValue("Gender", randomPaxIndex): null

2017-11-29 15:45:27 - [TEST_STEP][PASSED] - Statement - pday = rawData.getValue("Day DOB", randomPaxIndex): null

2017-11-29 15:45:27 - [TEST_STEP][PASSED] - Statement - pmonth = rawData.getValue("Month DOB", randomPaxIndex): null

2017-11-29 15:45:27 - [TEST_STEP][PASSED] - Statement - pyear = rawData.getValue("Year DOB", randomPaxIndex): null

2017-11-29 15:45:27 - [TEST_STEP][PASSED] - Statement - paxDetailFields = paxInRoomXpath + "[" + j + "]/div[@class="col-md-x col-md-9"]/div[@class="row paxContainer"][1]/div[contains(@class,"paxAttribute")]": null

2017-11-29 15:45:27 - [TEST_STEP][PASSED] - Statement - xpathval = paxDetailFields + "[1]/div[contains(@class,"form-group")]/input[contains(@class,"paxFirstName")]": null

2017-11-29 15:45:27 - [TEST_STEP][PASSED] - Statement - println("fn: " + xpathval): null

2017-11-29 15:45:27 - [TEST_STEP][PASSED] - Statement - repObj = com.kms.katalon.core.testobject.ObjectRepository.findTestObject(Object Repository/PrimoTours/LandingPage/secondPaxFirstNameField): Finding Test Object with id 'Object Repository/PrimoTours/LandingPage/secondPaxFirstNameField'

2017-11-29 15:45:27 - [TEST_STEP][PASSED] - Statement - repObj.findProperty("xpath").setValue(xpathval): null

2017-11-29 15:45:27 - [TEST_STEP][PASSED] - setText: Text 'Marcussen AUT' is set on object 'Object Repository/PrimoTours/LandingPage/secondPaxFirstNameField'

2017-11-29 15:45:27 - [MESSAGE][PASSED] - Text 'Marcussen AUT' is set on object 'Object Repository/PrimoTours/LandingPage/secondPaxFirstNameField'

2017-11-29 15:45:27 - [TEST_STEP][PASSED] - Statement - xpathval = paxDetailFields + "[2]/div[contains(@class,"form-group")]/input[contains(@class,"paxLastName")]": null

2017-11-29 15:45:27 - [TEST_STEP][PASSED] - Statement - println("ln: " + xpathval): null

2017-11-29 15:45:27 - [TEST_STEP][PASSED] - Statement - repObj = com.kms.katalon.core.testobject.ObjectRepository.findTestObject(Object Repository/PrimoTours/LandingPage/secondPaxFirstNameField): Finding Test Object with id 'Object Repository/PrimoTours/LandingPage/secondPaxFirstNameField'

2017-11-29 15:45:27 - [TEST_STEP][PASSED] - Statement - repObj.findProperty("xpath").setValue(xpathval): null

2017-11-29 15:45:27 - [TEST_STEP][PASSED] - setText: Text 'Ole' is set on object 'Object Repository/PrimoTours/LandingPage/secondPaxFirstNameField'

2017-11-29 15:45:27 - [MESSAGE][PASSED] - Text 'Ole' is set on object 'Object Repository/PrimoTours/LandingPage/secondPaxFirstNameField'

2017-11-29 15:45:27 - [TEST_STEP][PASSED] - Statement - repObj = com.kms.katalon.core.testobject.ObjectRepository.findTestObject(Object Repository/PrimoTours/LandingPage/secondPaxFirstNameField): Finding Test Object with id 'Object Repository/PrimoTours/LandingPage/secondPaxFirstNameField'

2017-11-29 15:45:27 - [TEST_STEP][PASSED] - Statement - xpathval = paxDetailFields + "[3]/div[contains(@class,"paxGenderSelectorContainer")]/span[contains(@class,"select2 select2-container")]/span[contains(@class,"selection")]/span[contains(@class,"select2-selection")]": null

2017-11-29 15:45:27 - [TEST_STEP][PASSED] - Statement - println("gender: " + xpathval): null

2017-11-29 15:45:27 - [TEST_STEP][PASSED] - Statement - repObj.findProperty("xpath").setValue(xpathval): null

2017-11-29 15:45:27 - [TEST_STEP][PASSED] - click: Object: 'Object Repository/PrimoTours/LandingPage/secondPaxFirstNameField' is clicked on

2017-11-29 15:45:27 - [MESSAGE][PASSED] - Object: 'Object Repository/PrimoTours/LandingPage/secondPaxFirstNameField' is clicked on

2017-11-29 15:45:27 - [TEST_STEP][PASSED] - Statement - If (i == 1 & j == 1): null

2017-11-29 15:45:27 - [TEST_STEP][PASSED] - Statement - randomPaxIndex = java.lang.Math.abs(new java.util.Random().nextInt() % excelRowNo) + 1: null

2017-11-29 15:45:27 - [TEST_STEP][PASSED] - Statement - fname = rawData.getValue("FirstName", randomPaxIndex) + " AUT": null

2017-11-29 15:45:27 - [TEST_STEP][PASSED] - Statement - lname = rawData.getValue("LastName", randomPaxIndex): null

2017-11-29 15:45:27 - [TEST_STEP][PASSED] - Statement - pgender = rawData.getValue("Gender", randomPaxIndex): null

2017-11-29 15:45:27 - [TEST_STEP][PASSED] - Statement - pday = rawData.getValue("Day DOB", randomPaxIndex): null

2017-11-29 15:45:27 - [TEST_STEP][PASSED] - Statement - pmonth = rawData.getValue("Month DOB", randomPaxIndex): null

2017-11-29 15:45:27 - [TEST_STEP][PASSED] - Statement - pyear = rawData.getValue("Year DOB", randomPaxIndex): null

2017-11-29 15:45:27 - [TEST_STEP][PASSED] - Statement - paxDetailFields = paxInRoomXpath + "[" + j + "]/div[@class="col-md-x col-md-9"]/div[@class="row paxContainer"][1]/div[contains(@class,"paxAttribute")]": null

2017-11-29 15:45:27 - [TEST_STEP][PASSED] - Statement - xpathval = paxDetailFields + "[1]/div[contains(@class,"form-group")]/input[contains(@class,"paxFirstName")]": null

2017-11-29 15:45:27 - [TEST_STEP][PASSED] - Statement - println("fn: " + xpathval): null

2017-11-29 15:45:27 - [TEST_STEP][PASSED] - Statement - repObj = com.kms.katalon.core.testobject.ObjectRepository.findTestObject(Object Repository/PrimoTours/LandingPage/secondPaxFirstNameField): Finding Test Object with id 'Object Repository/PrimoTours/LandingPage/secondPaxFirstNameField'

2017-11-29 15:45:27 - [TEST_STEP][PASSED] - Statement - repObj.findProperty("xpath").setValue(xpathval): null

2017-11-29 15:45:27 - [TEST_STEP][PASSED] - setText: Text 'Ax AUT' is set on object 'Object Repository/PrimoTours/LandingPage/secondPaxFirstNameField'

2017-11-29 15:45:27 - [MESSAGE][PASSED] - Text 'Ax AUT' is set on object 'Object Repository/PrimoTours/LandingPage/secondPaxFirstNameField'

2017-11-29 15:45:27 - [TEST_STEP][PASSED] - Statement - xpathval = paxDetailFields + "[2]/div[contains(@class,"form-group")]/input[contains(@class,"paxLastName")]": null

2017-11-29 15:45:27 - [TEST_STEP][PASSED] - Statement - println("ln: " + xpathval): null

2017-11-29 15:45:27 - [TEST_STEP][PASSED] - Statement - repObj = com.kms.katalon.core.testobject.ObjectRepository.findTestObject(Object Repository/PrimoTours/LandingPage/secondPaxFirstNameField): Finding Test Object with id 'Object Repository/PrimoTours/LandingPage/secondPaxFirstNameField'

2017-11-29 15:45:27 - [TEST_STEP][PASSED] - Statement - repObj.findProperty("xpath").setValue(xpathval): null

2017-11-29 15:45:27 - [TEST_STEP][PASSED] - setText: Text 'Michael Folke' is set on object 'Object Repository/PrimoTours/LandingPage/secondPaxFirstNameField'

2017-11-29 15:45:28 - [MESSAGE][PASSED] - Text 'Michael Folke' is set on object 'Object Repository/PrimoTours/LandingPage/secondPaxFirstNameField'

2017-11-29 15:45:28 - [TEST_STEP][PASSED] - Statement - repObj = com.kms.katalon.core.testobject.ObjectRepository.findTestObject(Object Repository/PrimoTours/LandingPage/secondPaxFirstNameField): Finding Test Object with id 'Object Repository/PrimoTours/LandingPage/secondPaxFirstNameField'

2017-11-29 15:45:28 - [TEST_STEP][PASSED] - Statement - xpathval = paxDetailFields + "[3]/div[contains(@class,"paxGenderSelectorContainer")]/span[contains(@class,"select2 select2-container")]/span[contains(@class,"selection")]/span[contains(@class,"select2-selection")]": null

2017-11-29 15:45:28 - [TEST_STEP][PASSED] - Statement - println("gender: " + xpathval): null

2017-11-29 15:45:28 - [TEST_STEP][PASSED] - Statement - repObj.findProperty("xpath").setValue(xpathval): null

2017-11-29 15:45:28 - [TEST_STEP][PASSED] - click: Object: 'Object Repository/PrimoTours/LandingPage/secondPaxFirstNameField' is clicked on

2017-11-29 15:45:28 - [MESSAGE][PASSED] - Object: 'Object Repository/PrimoTours/LandingPage/secondPaxFirstNameField' is clicked on

2017-11-29 15:45:28 - [TEST_STEP][PASSED] - Statement - paxInRoomXpath = "id("passengersContainer_" + i - 1 + "")/div[@class="col-md-12"]/div[@class="row"]": null

2017-11-29 15:45:28 - [TEST_STEP][PASSED] - Statement - println("paxInRoomXpath=" + paxInRoomXpath): null

2017-11-29 15:45:28 - [TEST_STEP][PASSED] - Statement - paxInRoomCount = driver.findElements(org.openqa.selenium.By.xpath(paxInRoomXpath)).size(): null

2017-11-29 15:45:28 - [TEST_STEP][PASSED] - Statement - println("paxInRoomCount=" + paxInRoomCount): null

2017-11-29 15:45:28 - [TEST_STEP][PASSED] - Statement - For ([j = 1, j <= paxInRoomCount, (j++)]): Object: 'Object Repository/PrimoTours/LandingPage/secondPaxFirstNameField' is clicked on

2017-11-29 15:45:28 - [TEST_STEP][PASSED] - Statement - If (i == 1 & j == 1): null

2017-11-29 15:45:28 - [TEST_STEP][PASSED] - Statement - randomPaxIndex = java.lang.Math.abs(new java.util.Random().nextInt() % excelRowNo) + 1: null

2017-11-29 15:45:28 - [TEST_STEP][PASSED] - Statement - fname = rawData.getValue("FirstName", randomPaxIndex) + " AUT": null

2017-11-29 15:45:28 - [TEST_STEP][PASSED] - Statement - lname = rawData.getValue("LastName", randomPaxIndex): null

2017-11-29 15:45:28 - [TEST_STEP][PASSED] - Statement - pgender = rawData.getValue("Gender", randomPaxIndex): null

2017-11-29 15:45:28 - [TEST_STEP][PASSED] - Statement - pday = rawData.getValue("Day DOB", randomPaxIndex): null

2017-11-29 15:45:28 - [TEST_STEP][PASSED] - Statement - pmonth = rawData.getValue("Month DOB", randomPaxIndex): null

2017-11-29 15:45:28 - [TEST_STEP][PASSED] - Statement - pyear = rawData.getValue("Year DOB", randomPaxIndex): null

2017-11-29 15:45:28 - [TEST_STEP][PASSED] - Statement - paxDetailFields = paxInRoomXpath + "[" + j + "]/div[@class="col-md-x col-md-9"]/div[@class="row paxContainer"][1]/div[contains(@class,"paxAttribute")]": null

2017-11-29 15:45:28 - [TEST_STEP][PASSED] - Statement - xpathval = paxDetailFields + "[1]/div[contains(@class,"form-group")]/input[contains(@class,"paxFirstName")]": null

2017-11-29 15:45:28 - [TEST_STEP][PASSED] - Statement - println("fn: " + xpathval): null

2017-11-29 15:45:28 - [TEST_STEP][PASSED] - Statement - repObj = com.kms.katalon.core.testobject.ObjectRepository.findTestObject(Object Repository/PrimoTours/LandingPage/secondPaxFirstNameField): Finding Test Object with id 'Object Repository/PrimoTours/LandingPage/secondPaxFirstNameField'

2017-11-29 15:45:28 - [TEST_STEP][PASSED] - Statement - repObj.findProperty("xpath").setValue(xpathval): null

2017-11-29 15:45:28 - [TEST_STEP][PASSED] - setText: Text 'Jensen AUT' is set on object 'Object Repository/PrimoTours/LandingPage/secondPaxFirstNameField'

2017-11-29 15:45:28 - [MESSAGE][PASSED] - Text 'Jensen AUT' is set on object 'Object Repository/PrimoTours/LandingPage/secondPaxFirstNameField'

2017-11-29 15:45:28 - [TEST_STEP][PASSED] - Statement - xpathval = paxDetailFields + "[2]/div[contains(@class,"form-group")]/input[contains(@class,"paxLastName")]": null

2017-11-29 15:45:28 - [TEST_STEP][PASSED] - Statement - println("ln: " + xpathval): null

2017-11-29 15:45:28 - [TEST_STEP][PASSED] - Statement - repObj = com.kms.katalon.core.testobject.ObjectRepository.findTestObject(Object Repository/PrimoTours/LandingPage/secondPaxFirstNameField): Finding Test Object with id 'Object Repository/PrimoTours/LandingPage/secondPaxFirstNameField'

2017-11-29 15:45:28 - [TEST_STEP][PASSED] - Statement - repObj.findProperty("xpath").setValue(xpathval): null

2017-11-29 15:45:28 - [TEST_STEP][PASSED] - setText: Text 'Kjed Skov' is set on object 'Object Repository/PrimoTours/LandingPage/secondPaxFirstNameField'

2017-11-29 15:45:28 - [MESSAGE][PASSED] - Text 'Kjed Skov' is set on object 'Object Repository/PrimoTours/LandingPage/secondPaxFirstNameField'

2017-11-29 15:45:28 - [TEST_STEP][PASSED] - Statement - repObj = com.kms.katalon.core.testobject.ObjectRepository.findTestObject(Object Repository/PrimoTours/LandingPage/secondPaxFirstNameField): Finding Test Object with id 'Object Repository/PrimoTours/LandingPage/secondPaxFirstNameField'

2017-11-29 15:45:28 - [TEST_STEP][PASSED] - Statement - xpathval = paxDetailFields + "[3]/div[contains(@class,"paxGenderSelectorContainer")]/span[contains(@class,"select2 select2-container")]/span[contains(@class,"selection")]/span[contains(@class,"select2-selection")]": null

2017-11-29 15:45:28 - [TEST_STEP][PASSED] - Statement - println("gender: " + xpathval): null

2017-11-29 15:45:28 - [TEST_STEP][PASSED] - Statement - repObj.findProperty("xpath").setValue(xpathval): null

2017-11-29 15:45:28 - [TEST_STEP][PASSED] - click: Object: 'Object Repository/PrimoTours/LandingPage/secondPaxFirstNameField' is clicked on

2017-11-29 15:45:28 - [MESSAGE][PASSED] - Object: 'Object Repository/PrimoTours/LandingPage/secondPaxFirstNameField' is clicked on

2017-11-29 15:45:28 - [TEST_STEP][PASSED] - Statement - If (i == 1 & j == 1): null

2017-11-29 15:45:28 - [TEST_STEP][PASSED] - Statement - randomPaxIndex = java.lang.Math.abs(new java.util.Random().nextInt() % excelRowNo) + 1: null

2017-11-29 15:45:28 - [TEST_STEP][PASSED] - Statement - fname = rawData.getValue("FirstName", randomPaxIndex) + " AUT": null

2017-11-29 15:45:28 - [TEST_STEP][PASSED] - Statement - lname = rawData.getValue("LastName", randomPaxIndex): null

2017-11-29 15:45:28 - [TEST_STEP][PASSED] - Statement - pgender = rawData.getValue("Gender", randomPaxIndex): null

2017-11-29 15:45:28 - [TEST_STEP][PASSED] - Statement - pday = rawData.getValue("Day DOB", randomPaxIndex): null

2017-11-29 15:45:28 - [TEST_STEP][PASSED] - Statement - pmonth = rawData.getValue("Month DOB", randomPaxIndex): null

2017-11-29 15:45:28 - [TEST_STEP][PASSED] - Statement - pyear = rawData.getValue("Year DOB", randomPaxIndex): null

2017-11-29 15:45:28 - [TEST_STEP][PASSED] - Statement - paxDetailFields = paxInRoomXpath + "[" + j + "]/div[@class="col-md-x col-md-9"]/div[@class="row paxContainer"][1]/div[contains(@class,"paxAttribute")]": null

2017-11-29 15:45:28 - [TEST_STEP][PASSED] - Statement - xpathval = paxDetailFields + "[1]/div[contains(@class,"form-group")]/input[contains(@class,"paxFirstName")]": null

2017-11-29 15:45:28 - [TEST_STEP][PASSED] - Statement - println("fn: " + xpathval): null

2017-11-29 15:45:28 - [TEST_STEP][PASSED] - Statement - repObj = com.kms.katalon.core.testobject.ObjectRepository.findTestObject(Object Repository/PrimoTours/LandingPage/secondPaxFirstNameField): Finding Test Object with id 'Object Repository/PrimoTours/LandingPage/secondPaxFirstNameField'

2017-11-29 15:45:28 - [TEST_STEP][PASSED] - Statement - repObj.findProperty("xpath").setValue(xpathval): null

2017-11-29 15:45:28 - [TEST_STEP][PASSED] - setText: Text 'Ax AUT' is set on object 'Object Repository/PrimoTours/LandingPage/secondPaxFirstNameField'

2017-11-29 15:45:28 - [MESSAGE][PASSED] - Text 'Ax AUT' is set on object 'Object Repository/PrimoTours/LandingPage/secondPaxFirstNameField'

2017-11-29 15:45:28 - [TEST_STEP][PASSED] - Statement - xpathval = paxDetailFields + "[2]/div[contains(@class,"form-group")]/input[contains(@class,"paxLastName")]": null

2017-11-29 15:45:28 - [TEST_STEP][PASSED] - Statement - println("ln: " + xpathval): null

2017-11-29 15:45:28 - [TEST_STEP][PASSED] - Statement - repObj = com.kms.katalon.core.testobject.ObjectRepository.findTestObject(Object Repository/PrimoTours/LandingPage/secondPaxFirstNameField): Finding Test Object with id 'Object Repository/PrimoTours/LandingPage/secondPaxFirstNameField'

2017-11-29 15:45:28 - [TEST_STEP][PASSED] - Statement - repObj.findProperty("xpath").setValue(xpathval): null

2017-11-29 15:45:28 - [TEST_STEP][PASSED] - setText: Text 'Michael Folke' is set on object 'Object Repository/PrimoTours/LandingPage/secondPaxFirstNameField'

2017-11-29 15:45:28 - [MESSAGE][PASSED] - Text 'Michael Folke' is set on object 'Object Repository/PrimoTours/LandingPage/secondPaxFirstNameField'

2017-11-29 15:45:28 - [TEST_STEP][PASSED] - Statement - repObj = com.kms.katalon.core.testobject.ObjectRepository.findTestObject(Object Repository/PrimoTours/LandingPage/secondPaxFirstNameField): Finding Test Object with id 'Object Repository/PrimoTours/LandingPage/secondPaxFirstNameField'

2017-11-29 15:45:28 - [TEST_STEP][PASSED] - Statement - xpathval = paxDetailFields + "[3]/div[contains(@class,"paxGenderSelectorContainer")]/span[contains(@class,"select2 select2-container")]/span[contains(@class,"selection")]/span[contains(@class,"select2-selection")]": null

2017-11-29 15:45:28 - [TEST_STEP][PASSED] - Statement - println("gender: " + xpathval): null

2017-11-29 15:45:28 - [TEST_STEP][PASSED] - Statement - repObj.findProperty("xpath").setValue(xpathval): null

2017-11-29 15:45:28 - [TEST_STEP][PASSED] - click: Object: 'Object Repository/PrimoTours/LandingPage/secondPaxFirstNameField' is clicked on

2017-11-29 15:45:29 - [MESSAGE][PASSED] - Object: 'Object Repository/PrimoTours/LandingPage/secondPaxFirstNameField' is clicked on

2017-11-29 15:45:29 - [TEST_STEP][PASSED] - Statement - If (i == 1 & j == 1): null

2017-11-29 15:45:29 - [TEST_STEP][PASSED] - Statement - randomPaxIndex = java.lang.Math.abs(new java.util.Random().nextInt() % excelRowNo) + 1: null

2017-11-29 15:45:29 - [TEST_STEP][PASSED] - Statement - fname = rawData.getValue("FirstName", randomPaxIndex) + " AUT": null

2017-11-29 15:45:29 - [TEST_STEP][PASSED] - Statement - lname = rawData.getValue("LastName", randomPaxIndex): null

2017-11-29 15:45:29 - [TEST_STEP][PASSED] - Statement - pgender = rawData.getValue("Gender", randomPaxIndex): null

2017-11-29 15:45:29 - [TEST_STEP][PASSED] - Statement - pday = rawData.getValue("Day DOB", randomPaxIndex): null

2017-11-29 15:45:29 - [TEST_STEP][PASSED] - Statement - pmonth = rawData.getValue("Month DOB", randomPaxIndex): null

2017-11-29 15:45:29 - [TEST_STEP][PASSED] - Statement - pyear = rawData.getValue("Year DOB", randomPaxIndex): null

2017-11-29 15:45:29 - [TEST_STEP][PASSED] - Statement - paxDetailFields = paxInRoomXpath + "[" + j + "]/div[@class="col-md-x col-md-9"]/div[@class="row paxContainer"][1]/div[contains(@class,"paxAttribute")]": null

2017-11-29 15:45:29 - [TEST_STEP][PASSED] - Statement - xpathval = paxDetailFields + "[1]/div[contains(@class,"form-group")]/input[contains(@class,"paxFirstName")]": null

2017-11-29 15:45:29 - [TEST_STEP][PASSED] - Statement - println("fn: " + xpathval): null

2017-11-29 15:45:29 - [TEST_STEP][PASSED] - Statement - repObj = com.kms.katalon.core.testobject.ObjectRepository.findTestObject(Object Repository/PrimoTours/LandingPage/secondPaxFirstNameField): Finding Test Object with id 'Object Repository/PrimoTours/LandingPage/secondPaxFirstNameField'

2017-11-29 15:45:29 - [TEST_STEP][PASSED] - Statement - repObj.findProperty("xpath").setValue(xpathval): null

2017-11-29 15:45:29 - [TEST_STEP][PASSED] - setText: Text 'Jakobsen AUT' is set on object 'Object Repository/PrimoTours/LandingPage/secondPaxFirstNameField'

2017-11-29 15:45:29 - [MESSAGE][PASSED] - Text 'Jakobsen AUT' is set on object 'Object Repository/PrimoTours/LandingPage/secondPaxFirstNameField'

2017-11-29 15:45:29 - [TEST_STEP][PASSED] - Statement - xpathval = paxDetailFields + "[2]/div[contains(@class,"form-group")]/input[contains(@class,"paxLastName")]": null

2017-11-29 15:45:29 - [TEST_STEP][PASSED] - Statement - println("ln: " + xpathval): null

2017-11-29 15:45:29 - [TEST_STEP][PASSED] - Statement - repObj = com.kms.katalon.core.testobject.ObjectRepository.findTestObject(Object Repository/PrimoTours/LandingPage/secondPaxFirstNameField): Finding Test Object with id 'Object Repository/PrimoTours/LandingPage/secondPaxFirstNameField'

2017-11-29 15:45:29 - [TEST_STEP][PASSED] - Statement - repObj.findProperty("xpath").setValue(xpathval): null

2017-11-29 15:45:29 - [TEST_STEP][PASSED] - setText: Text 'Hans Børge' is set on object 'Object Repository/PrimoTours/LandingPage/secondPaxFirstNameField'

2017-11-29 15:45:29 - [MESSAGE][PASSED] - Text 'Hans Børge' is set on object 'Object Repository/PrimoTours/LandingPage/secondPaxFirstNameField'

2017-11-29 15:45:29 - [TEST_STEP][PASSED] - Statement - repObj = com.kms.katalon.core.testobject.ObjectRepository.findTestObject(Object Repository/PrimoTours/LandingPage/secondPaxFirstNameField): Finding Test Object with id 'Object Repository/PrimoTours/LandingPage/secondPaxFirstNameField'

2017-11-29 15:45:29 - [TEST_STEP][PASSED] - Statement - xpathval = paxDetailFields + "[3]/div[contains(@class,"paxGenderSelectorContainer")]/span[contains(@class,"select2 select2-container")]/span[contains(@class,"selection")]/span[contains(@class,"select2-selection")]": null

2017-11-29 15:45:29 - [TEST_STEP][PASSED] - Statement - println("gender: " + xpathval): null

2017-11-29 15:45:29 - [TEST_STEP][PASSED] - Statement - repObj.findProperty("xpath").setValue(xpathval): null

2017-11-29 15:45:29 - [TEST_STEP][PASSED] - click: Object: 'Object Repository/PrimoTours/LandingPage/secondPaxFirstNameField' is clicked on

2017-11-29 15:45:29 - [MESSAGE][PASSED] - Object: 'Object Repository/PrimoTours/LandingPage/secondPaxFirstNameField' is clicked on

2017-11-29 15:45:29 - [TEST_STEP][PASSED] - Statement - If (i == 1 & j == 1): null

2017-11-29 15:45:29 - [TEST_STEP][PASSED] - Statement - randomPaxIndex = java.lang.Math.abs(new java.util.Random().nextInt() % excelRowNo) + 1: null

2017-11-29 15:45:29 - [TEST_STEP][PASSED] - Statement - fname = rawData.getValue("FirstName", randomPaxIndex) + " AUT": null

2017-11-29 15:45:29 - [TEST_STEP][PASSED] - Statement - lname = rawData.getValue("LastName", randomPaxIndex): null

2017-11-29 15:45:29 - [TEST_STEP][PASSED] - Statement - pgender = rawData.getValue("Gender", randomPaxIndex): null

2017-11-29 15:45:29 - [TEST_STEP][PASSED] - Statement - pday = rawData.getValue("Day DOB", randomPaxIndex): null

2017-11-29 15:45:29 - [TEST_STEP][PASSED] - Statement - pmonth = rawData.getValue("Month DOB", randomPaxIndex): null

2017-11-29 15:45:29 - [TEST_STEP][PASSED] - Statement - pyear = rawData.getValue("Year DOB", randomPaxIndex): null

2017-11-29 15:45:29 - [TEST_STEP][PASSED] - Statement - paxDetailFields = paxInRoomXpath + "[" + j + "]/div[@class="col-md-x col-md-9"]/div[@class="row paxContainer"][1]/div[contains(@class,"paxAttribute")]": null

2017-11-29 15:45:29 - [TEST_STEP][PASSED] - Statement - xpathval = paxDetailFields + "[1]/div[contains(@class,"form-group")]/input[contains(@class,"paxFirstName")]": null

2017-11-29 15:45:29 - [TEST_STEP][PASSED] - Statement - println("fn: " + xpathval): null

2017-11-29 15:45:29 - [TEST_STEP][PASSED] - Statement - repObj = com.kms.katalon.core.testobject.ObjectRepository.findTestObject(Object Repository/PrimoTours/LandingPage/secondPaxFirstNameField): Finding Test Object with id 'Object Repository/PrimoTours/LandingPage/secondPaxFirstNameField'

2017-11-29 15:45:29 - [TEST_STEP][PASSED] - Statement - repObj.findProperty("xpath").setValue(xpathval): null

2017-11-29 15:45:29 - [TEST_STEP][PASSED] - setText: Text 'Karstens AUT' is set on object 'Object Repository/PrimoTours/LandingPage/secondPaxFirstNameField'

2017-11-29 15:45:29 - [MESSAGE][PASSED] - Text 'Karstens AUT' is set on object 'Object Repository/PrimoTours/LandingPage/secondPaxFirstNameField'

2017-11-29 15:45:29 - [TEST_STEP][PASSED] - Statement - xpathval = paxDetailFields + "[2]/div[contains(@class,"form-group")]/input[contains(@class,"paxLastName")]": null

2017-11-29 15:45:29 - [TEST_STEP][PASSED] - Statement - println("ln: " + xpathval): null

2017-11-29 15:45:29 - [TEST_STEP][PASSED] - Statement - repObj = com.kms.katalon.core.testobject.ObjectRepository.findTestObject(Object Repository/PrimoTours/LandingPage/secondPaxFirstNameField): Finding Test Object with id 'Object Repository/PrimoTours/LandingPage/secondPaxFirstNameField'

2017-11-29 15:45:29 - [TEST_STEP][PASSED] - Statement - repObj.findProperty("xpath").setValue(xpathval): null

2017-11-29 15:45:29 - [TEST_STEP][PASSED] - setText: Text 'Mona' is set on object 'Object Repository/PrimoTours/LandingPage/secondPaxFirstNameField'

2017-11-29 15:45:29 - [MESSAGE][PASSED] - Text 'Mona' is set on object 'Object Repository/PrimoTours/LandingPage/secondPaxFirstNameField'

2017-11-29 15:45:29 - [TEST_STEP][PASSED] - Statement - repObj = com.kms.katalon.core.testobject.ObjectRepository.findTestObject(Object Repository/PrimoTours/LandingPage/secondPaxFirstNameField): Finding Test Object with id 'Object Repository/PrimoTours/LandingPage/secondPaxFirstNameField'

2017-11-29 15:45:29 - [TEST_STEP][PASSED] - Statement - xpathval = paxDetailFields + "[3]/div[contains(@class,"paxGenderSelectorContainer")]/span[contains(@class,"select2 select2-container")]/span[contains(@class,"selection")]/span[contains(@class,"select2-selection")]": null

2017-11-29 15:45:29 - [TEST_STEP][PASSED] - Statement - println("gender: " + xpathval): null

2017-11-29 15:45:29 - [TEST_STEP][PASSED] - Statement - repObj.findProperty("xpath").setValue(xpathval): null

2017-11-29 15:45:29 - [TEST_STEP][PASSED] - click: Object: 'Object Repository/PrimoTours/LandingPage/secondPaxFirstNameField' is clicked on

2017-11-29 15:45:30 - [MESSAGE][PASSED] - Object: 'Object Repository/PrimoTours/LandingPage/secondPaxFirstNameField' is clicked on

2017-11-29 15:45:30 - [TEST_STEP][PASSED] - scrollToElement: Scroll to object 'Object Repository/PrimoTours/Old Objects/Coco (1)/PrimoT/SaveBooking2/Success/bookingTotalValue' successfully

2017-11-29 15:45:30 - [MESSAGE][PASSED] - Scroll to object 'Object Repository/PrimoTours/Old Objects/Coco (1)/PrimoT/SaveBooking2/Success/bookingTotalValue' successfully

2017-11-29 15:45:30 - [TEST_STEP][PASSED] - click: Object: 'Object Repository/PrimoTours/Old Objects/Coco (1)/PrimoT/SaveBooking2/Success/bookingTotalValue' is clicked on

2017-11-29 15:45:30 - [MESSAGE][PASSED] - Object: 'Object Repository/PrimoTours/Old Objects/Coco (1)/PrimoT/SaveBooking2/Success/bookingTotalValue' is clicked on

2017-11-29 15:45:30 - [TEST_STEP][PASSED] - scrollToElement: Scroll to object 'Object Repository/PrimoTours/Old Objects/Coco (1)/PrimoT/SaveBooking2/Success/Page_Primo Tours  Danmarks bedste c/nextButtonOnLandingPage' successfully

2017-11-29 15:45:30 - [MESSAGE][PASSED] - Scroll to object 'Object Repository/PrimoTours/Old Objects/Coco (1)/PrimoT/SaveBooking2/Success/Page_Primo Tours  Danmarks bedste c/nextButtonOnLandingPage' successfully

2017-11-29 15:45:30 - [TEST_STEP][PASSED] - waitForElementClickable: Object 'Object Repository/PrimoTours/Old Objects/Coco (1)/PrimoT/SaveBooking2/Success/Page_Primo Tours  Danmarks bedste c/nextButtonOnLandingPage' is clickable

2017-11-29 15:45:30 - [MESSAGE][PASSED] - Object 'Object Repository/PrimoTours/Old Objects/Coco (1)/PrimoT/SaveBooking2/Success/Page_Primo Tours  Danmarks bedste c/nextButtonOnLandingPage' is clickable

2017-11-29 15:45:30 - [TEST_STEP][PASSED] - waitForElementVisible: Object 'Object Repository/PrimoTours/Old Objects/Coco (1)/PrimoT/SaveBooking2/Success/Page_Primo Tours  Danmarks bedste c/nextButtonOnLandingPage' is visible

2017-11-29 15:45:30 - [MESSAGE][PASSED] - Object 'Object Repository/PrimoTours/Old Objects/Coco (1)/PrimoT/SaveBooking2/Success/Page_Primo Tours  Danmarks bedste c/nextButtonOnLandingPage' is visible

2017-11-29 15:45:30 - [TEST_STEP][PASSED] - scrollToElement: Scroll to object 'Object Repository/PrimoTours/Old Objects/Coco (1)/PrimoT/SaveBooking2/Success/Page_Primo Tours  Danmarks bedste c/nextButtonOnLandingPage' successfully

2017-11-29 15:45:30 - [MESSAGE][PASSED] - Scroll to object 'Object Repository/PrimoTours/Old Objects/Coco (1)/PrimoT/SaveBooking2/Success/Page_Primo Tours  Danmarks bedste c/nextButtonOnLandingPage' successfully

2017-11-29 15:45:30 - [TEST_STEP][PASSED] - click: Object: 'Object Repository/PrimoTours/Old Objects/Coco (1)/PrimoT/SaveBooking2/Success/Page_Primo Tours  Danmarks bedste c/nextButtonOnLandingPage' is clicked on

2017-11-29 15:45:33 - [MESSAGE][PASSED] - Object: 'Object Repository/PrimoTours/Old Objects/Coco (1)/PrimoT/SaveBooking2/Success/Page_Primo Tours  Danmarks bedste c/nextButtonOnLandingPage' is clicked on

2017-11-29 15:45:33 - [TEST_STEP][PASSED] - delay: Delayed 3 second(s)

2017-11-29 15:45:36 - [MESSAGE][PASSED] - Delayed 3 second(s)

2017-11-29 15:45:36 - [TEST_STEP][PASSED] - waitForElementNotVisible: Object 'Object Repository/PrimoTours/Old Objects/CCenter/pageLoaderOverlayLayer' is NOT visible

2017-11-29 15:45:36 - [MESSAGE][PASSED] - Object 'Object Repository/PrimoTours/Old Objects/CCenter/pageLoaderOverlayLayer' is NOT visible

2017-11-29 15:45:36 - [TEST_STEP][PASSED] - scrollToElement: Scroll to object 'Object Repository/PrimoTours/Old Objects/Coco/PrimoT/Ins2/Page_Primo Tours  Danmarks bedste c/travelInsuranceFirstPaxSelector' successfully

2017-11-29 15:45:36 - [MESSAGE][PASSED] - Scroll to object 'Object Repository/PrimoTours/Old Objects/Coco/PrimoT/Ins2/Page_Primo Tours  Danmarks bedste c/travelInsuranceFirstPaxSelector' successfully

2017-11-29 15:45:36 - [TEST_STEP][PASSED] - waitForElementPresent: Object 'Object Repository/PrimoTours/Old Objects/Coco/PrimoT/Ins2/Page_Primo Tours  Danmarks bedste c/travelInsuranceFirstPaxSelector' is present

2017-11-29 15:45:36 - [MESSAGE][PASSED] - Object 'Object Repository/PrimoTours/Old Objects/Coco/PrimoT/Ins2/Page_Primo Tours  Danmarks bedste c/travelInsuranceFirstPaxSelector' is present

2017-11-29 15:45:36 - [TEST_STEP][PASSED] - waitForElementVisible: Object 'Object Repository/PrimoTours/Old Objects/Coco/PrimoT/Ins2/Page_Primo Tours  Danmarks bedste c/travelInsuranceFirstPaxSelector' is visible

2017-11-29 15:45:36 - [MESSAGE][PASSED] - Object 'Object Repository/PrimoTours/Old Objects/Coco/PrimoT/Ins2/Page_Primo Tours  Danmarks bedste c/travelInsuranceFirstPaxSelector' is visible

2017-11-29 15:45:36 - [TEST_STEP][PASSED] - waitForElementClickable: Object 'Object Repository/PrimoTours/Old Objects/Coco/PrimoT/Ins2/Page_Primo Tours  Danmarks bedste c/travelInsuranceFirstPaxSelector' is clickable

2017-11-29 15:45:36 - [MESSAGE][PASSED] - Object 'Object Repository/PrimoTours/Old Objects/Coco/PrimoT/Ins2/Page_Primo Tours  Danmarks bedste c/travelInsuranceFirstPaxSelector' is clickable

2017-11-29 15:45:36 - [TEST_STEP][PASSED] - click: Object: 'Object Repository/PrimoTours/Old Objects/Coco/PrimoT/Ins2/Page_Primo Tours  Danmarks bedste c/travelInsuranceFirstPaxSelector' is clicked on

2017-11-29 15:45:36 - [MESSAGE][PASSED] - Object: 'Object Repository/PrimoTours/Old Objects/Coco/PrimoT/Ins2/Page_Primo Tours  Danmarks bedste c/travelInsuranceFirstPaxSelector' is clicked on

2017-11-29 15:45:36 - [TEST_STEP][PASSED] - Statement - Try: Object: 'Object Repository/PrimoTours/Old Objects/Coco/PrimoT/Ins2/Page_Primo Tours  Danmarks bedste c/firstTravelInsuranceOption' is clicked on

2017-11-29 15:45:36 - [TEST_STEP][PASSED] - click: Object: 'Object Repository/PrimoTours/Old Objects/Coco/PrimoT/Ins2/Page_Primo Tours  Danmarks bedste c/firstTravelInsuranceOption' is clicked on

2017-11-29 15:45:36 - [MESSAGE][PASSED] - Object: 'Object Repository/PrimoTours/Old Objects/Coco/PrimoT/Ins2/Page_Primo Tours  Danmarks bedste c/firstTravelInsuranceOption' is clicked on

2017-11-29 15:45:36 - [TEST_STEP][NOT_RUN] - click: NOT_RUN: click

2017-11-29 15:45:36 - [MESSAGE][NOT_RUN] - NOT_RUN: click

2017-11-29 15:45:36 - [TEST_STEP][NOT_RUN] - scrollToElement: NOT_RUN: scrollToElement

2017-11-29 15:45:36 - [MESSAGE][NOT_RUN] - NOT_RUN: scrollToElement

2017-11-29 15:45:36 - [TEST_STEP][NOT_RUN] - click: NOT_RUN: click

2017-11-29 15:45:36 - [MESSAGE][NOT_RUN] - NOT_RUN: click

2017-11-29 15:45:36 - [TEST_STEP][PASSED] - waitForElementVisible: Object 'Object Repository/PrimoTours/Old Objects/Coco (1)/PrimoT/SaveBooking2/Page_Primo Tours  Danmarks bedste c/individualInsuranceCheckbox' is visible

2017-11-29 15:45:37 - [MESSAGE][PASSED] - Object 'Object Repository/PrimoTours/Old Objects/Coco (1)/PrimoT/SaveBooking2/Page_Primo Tours  Danmarks bedste c/individualInsuranceCheckbox' is visible

2017-11-29 15:45:37 - [TEST_STEP][PASSED] - scrollToElement: Scroll to object 'Object Repository/PrimoTours/Old Objects/Coco (1)/PrimoT/SaveBooking2/Page_Primo Tours  Danmarks bedste c/individualInsuranceCheckbox' successfully

2017-11-29 15:45:37 - [MESSAGE][PASSED] - Scroll to object 'Object Repository/PrimoTours/Old Objects/Coco (1)/PrimoT/SaveBooking2/Page_Primo Tours  Danmarks bedste c/individualInsuranceCheckbox' successfully

2017-11-29 15:45:37 - [TEST_STEP][PASSED] - click: Object: 'Object Repository/PrimoTours/Old Objects/Coco (1)/PrimoT/SaveBooking2/Page_Primo Tours  Danmarks bedste c/individualInsuranceCheckbox' is clicked on

2017-11-29 15:45:37 - [MESSAGE][PASSED] - Object: 'Object Repository/PrimoTours/Old Objects/Coco (1)/PrimoT/SaveBooking2/Page_Primo Tours  Danmarks bedste c/individualInsuranceCheckbox' is clicked on

2017-11-29 15:45:37 - [TEST_STEP][PASSED] - scrollToElement: Scroll to object 'Object Repository/PrimoTours/Old Objects/Coco (1)/PrimoT/SaveBooking2/Success/firstProdCategIndividualSelectionRadioB' successfully

2017-11-29 15:45:37 - [MESSAGE][PASSED] - Scroll to object 'Object Repository/PrimoTours/Old Objects/Coco (1)/PrimoT/SaveBooking2/Success/firstProdCategIndividualSelectionRadioB' successfully

2017-11-29 15:45:37 - [TEST_STEP][PASSED] - waitForElementClickable: Object 'Object Repository/PrimoTours/Old Objects/Coco (1)/PrimoT/SaveBooking2/Success/firstProdCategIndividualSelectionRadioB' is clickable

2017-11-29 15:45:37 - [MESSAGE][PASSED] - Object 'Object Repository/PrimoTours/Old Objects/Coco (1)/PrimoT/SaveBooking2/Success/firstProdCategIndividualSelectionRadioB' is clickable

2017-11-29 15:45:37 - [TEST_STEP][PASSED] - scrollToElement: Scroll to object 'Object Repository/PrimoTours/Old Objects/Coco (1)/PrimoT/SaveBooking2/Success/firstProdCategIndividualSelectionRadioB' successfully

2017-11-29 15:45:37 - [MESSAGE][PASSED] - Scroll to object 'Object Repository/PrimoTours/Old Objects/Coco (1)/PrimoT/SaveBooking2/Success/firstProdCategIndividualSelectionRadioB' successfully

2017-11-29 15:45:37 - [TEST_STEP][PASSED] - click: Object: 'Object Repository/PrimoTours/Old Objects/Coco (1)/PrimoT/SaveBooking2/Success/firstProdCategIndividualSelectionRadioB' is clicked on

2017-11-29 15:45:37 - [MESSAGE][PASSED] - Object: 'Object Repository/PrimoTours/Old Objects/Coco (1)/PrimoT/SaveBooking2/Success/firstProdCategIndividualSelectionRadioB' is clicked on

2017-11-29 15:45:37 - [TEST_STEP][PASSED] - scrollToElement: Scroll to object 'Object Repository/PrimoTours/Old Objects/Coco (1)/PrimoT/SaveBooking2/Success/firstProdCategSelectForAllPaxCheckbox' successfully

2017-11-29 15:45:37 - [MESSAGE][PASSED] - Scroll to object 'Object Repository/PrimoTours/Old Objects/Coco (1)/PrimoT/SaveBooking2/Success/firstProdCategSelectForAllPaxCheckbox' successfully

2017-11-29 15:45:37 - [TEST_STEP][PASSED] - waitForElementClickable: Object 'Object Repository/PrimoTours/Old Objects/Coco (1)/PrimoT/SaveBooking2/Success/firstProdCategSelectForAllPaxCheckbox' is clickable

2017-11-29 15:45:37 - [MESSAGE][PASSED] - Object 'Object Repository/PrimoTours/Old Objects/Coco (1)/PrimoT/SaveBooking2/Success/firstProdCategSelectForAllPaxCheckbox' is clickable

2017-11-29 15:45:37 - [TEST_STEP][PASSED] - click: Object: 'Object Repository/PrimoTours/Old Objects/Coco (1)/PrimoT/SaveBooking2/Success/firstProdCategSelectForAllPaxCheckbox' is clicked on

2017-11-29 15:45:38 - [MESSAGE][PASSED] - Object: 'Object Repository/PrimoTours/Old Objects/Coco (1)/PrimoT/SaveBooking2/Success/firstProdCategSelectForAllPaxCheckbox' is clicked on

2017-11-29 15:45:38 - [TEST_STEP][NOT_RUN] - scrollToElement: NOT_RUN: scrollToElement

2017-11-29 15:45:38 - [MESSAGE][NOT_RUN] - NOT_RUN: scrollToElement

2017-11-29 15:45:38 - [TEST_STEP][NOT_RUN] - scrollToElement: NOT_RUN: scrollToElement

2017-11-29 15:45:38 - [MESSAGE][NOT_RUN] - NOT_RUN: scrollToElement

2017-11-29 15:45:38 - [TEST_STEP][NOT_RUN] - click: NOT_RUN: click

2017-11-29 15:45:38 - [MESSAGE][NOT_RUN] - NOT_RUN: click

2017-11-29 15:45:38 - [TEST_STEP][PASSED] - scrollToElement: Scroll to object 'Object Repository/PrimoTours/ConfirmationPage/agreeTermsAndCondCheckbox' successfully

2017-11-29 15:45:38 - [MESSAGE][PASSED] - Scroll to object 'Object Repository/PrimoTours/ConfirmationPage/agreeTermsAndCondCheckbox' successfully

2017-11-29 15:45:38 - [TEST_STEP][PASSED] - click: Object: 'Object Repository/PrimoTours/ConfirmationPage/agreeTermsAndCondCheckbox' is clicked on

2017-11-29 15:45:38 - [MESSAGE][PASSED] - Object: 'Object Repository/PrimoTours/ConfirmationPage/agreeTermsAndCondCheckbox' is clicked on

2017-11-29 15:45:38 - [TEST_STEP][PASSED] - scrollToElement: Scroll to object 'Object Repository/PrimoTours/ConfirmationPage/placeBookingSpanInsideButton' successfully

2017-11-29 15:45:38 - [MESSAGE][PASSED] - Scroll to object 'Object Repository/PrimoTours/ConfirmationPage/placeBookingSpanInsideButton' successfully

2017-11-29 15:45:38 - [TEST_STEP][PASSED] - delay: Delayed 1 second(s)

2017-11-29 15:45:39 - [MESSAGE][PASSED] - Delayed 1 second(s)

2017-11-29 15:45:39 - [TEST_STEP][PASSED] - waitForElementClickable: Object 'Object Repository/PrimoTours/ConfirmationPage/placeBookingSpanInsideButton' is clickable

2017-11-29 15:45:39 - [MESSAGE][PASSED] - Object 'Object Repository/PrimoTours/ConfirmationPage/placeBookingSpanInsideButton' is clickable

2017-11-29 15:45:39 - [TEST_STEP][PASSED] - Statement - Try: Object: 'Object Repository/PrimoTours/ConfirmationPage/placeBookingSpanInsideButton' is clicked on

2017-11-29 15:45:39 - [TEST_STEP][PASSED] - click: Object: 'Object Repository/PrimoTours/ConfirmationPage/placeBookingSpanInsideButton' is clicked on

2017-11-29 15:45:39 - [MESSAGE][PASSED] - Object: 'Object Repository/PrimoTours/ConfirmationPage/placeBookingSpanInsideButton' is clicked on

2017-11-29 15:45:39 - [TEST_STEP][PASSED] - delay: Delayed 2 second(s)

2017-11-29 15:45:41 - [MESSAGE][PASSED] - Delayed 2 second(s)

2017-11-29 15:45:41 - [TEST_STEP][PASSED] - waitForPageLoad: Wait for page load successfully

2017-11-29 15:45:41 - [MESSAGE][PASSED] - Wait for page load successfully

2017-11-29 15:45:41 - [TEST_STEP][PASSED] - waitForJQueryLoad: Unable to wait for jQuery to load. (Root cause: org.openqa.selenium.JavascriptException: ReferenceError: jQuery is not defined
Build info: version: '3.7.1', revision: '8a0099a', time: '2017-11-06T21:07:36.161Z'
System info: host: 'NEACSUNEW-PC', ip: '10.10.10.211', os.name: 'Windows 8.1', os.arch: 'amd64', os.version: '6.3', java.version: '1.8.0_102'
Driver info: com.kms.katalon.core.webui.driver.firefox.CGeckoDriver
Capabilities {acceptInsecureCerts: true, browserName: firefox, browserVersion: 57.0, javascriptEnabled: true, moz:accessibilityChecks: false, moz:headless: false, moz:processID: 11400, moz:profile: C:\Users\Cornel\AppData\Loc..., moz:webdriverClick: false, pageLoadStrategy: normal, platform: XP, platformName: XP, platformVersion: 6.3, proxy: Proxy(direct), rotatable: false, timeouts: {implicit: 0, pageLoad: 300000, script: 30000}}
Session ID: bdff19c2-760a-4c20-a123-4087266e769d)

2017-11-29 15:45:43 - [MESSAGE][WARNING] - Unable to wait for jQuery to load. (Root cause: org.openqa.selenium.JavascriptException: ReferenceError: jQuery is not defined
Build info: version: '3.7.1', revision: '8a0099a', time: '2017-11-06T21:07:36.161Z'
System info: host: 'NEACSUNEW-PC', ip: '10.10.10.211', os.name: 'Windows 8.1', os.arch: 'amd64', os.version: '6.3', java.version: '1.8.0_102'
Driver info: com.kms.katalon.core.webui.driver.firefox.CGeckoDriver
Capabilities {acceptInsecureCerts: true, browserName: firefox, browserVersion: 57.0, javascriptEnabled: true, moz:accessibilityChecks: false, moz:headless: false, moz:processID: 11400, moz:profile: C:\Users\Cornel\AppData\Loc..., moz:webdriverClick: false, pageLoadStrategy: normal, platform: XP, platformName: XP, platformVersion: 6.3, proxy: Proxy(direct), rotatable: false, timeouts: {implicit: 0, pageLoad: 300000, script: 30000}}
Session ID: bdff19c2-760a-4c20-a123-4087266e769d)
[[ATTACHMENT|D:\\Software testing\\Tourpaq\\Automated Katalon tests\\Primo WB test\\Reports\\WB Primo From Excel URLs\\20171129_154142\\1511963143467.png]]

2017-11-29 15:45:43 - [TEST_STEP][PASSED] - waitForElementPresent: Object 'Object Repository/PrimoTours/Old Objects/CCenter/pageLoaderOverlayLayer' is present

2017-11-29 15:45:43 - [MESSAGE][PASSED] - Object 'Object Repository/PrimoTours/Old Objects/CCenter/pageLoaderOverlayLayer' is present

2017-11-29 15:45:43 - [TEST_STEP][PASSED] - waitForElementNotVisible: Object 'Object Repository/PrimoTours/Old Objects/CCenter/pageLoaderOverlayLayer' is NOT visible

2017-11-29 15:45:47 - [MESSAGE][PASSED] - Object 'Object Repository/PrimoTours/Old Objects/CCenter/pageLoaderOverlayLayer' is NOT visible

2017-11-29 15:45:47 - [TEST_STEP][PASSED] - waitForElementPresent: Object 'Object Repository/PrimoTours/Old Objects/ThankYouPage/bookingNoContainer' is present

2017-11-29 15:45:47 - [MESSAGE][PASSED] - Object 'Object Repository/PrimoTours/Old Objects/ThankYouPage/bookingNoContainer' is present

2017-11-29 15:45:47 - [TEST_STEP][PASSED] - waitForElementClickable: Object 'Object Repository/PrimoTours/Old Objects/ThankYouPage/bookingNoContainer' is clickable

2017-11-29 15:45:47 - [MESSAGE][PASSED] - Object 'Object Repository/PrimoTours/Old Objects/ThankYouPage/bookingNoContainer' is clickable

2017-11-29 15:45:47 - [TEST_STEP][PASSED] - verifyElementVisible: Object 'Object Repository/PrimoTours/Old Objects/ThankYouPage/bookingNoContainer' is visible

2017-11-29 15:45:47 - [MESSAGE][PASSED] - Object 'Object Repository/PrimoTours/Old Objects/ThankYouPage/bookingNoContainer' is visible

2017-11-29 15:45:47 - [TEST_STEP][PASSED] - verifyElementVisible: Object 'Object Repository/PrimoTours/Old Objects/ThankYouPage/bookingTotalInfo' is visible

2017-11-29 15:45:48 - [MESSAGE][PASSED] - Object 'Object Repository/PrimoTours/Old Objects/ThankYouPage/bookingTotalInfo' is visible

2017-11-29 15:45:48 - [TEST_STEP][PASSED] - verifyElementVisible: Object 'Object Repository/PrimoTours/Old Objects/ThankYouPage/bookingTotalPriceBar' is visible

2017-11-29 15:45:48 - [MESSAGE][PASSED] - Object 'Object Repository/PrimoTours/Old Objects/ThankYouPage/bookingTotalPriceBar' is visible

2017-11-29 15:45:48 - [TEST_STEP][PASSED] - verifyElementVisible: Object 'Object Repository/PrimoTours/Old Objects/ThankYouPage/printTicketSpan' is visible

2017-11-29 15:45:48 - [MESSAGE][PASSED] - Object 'Object Repository/PrimoTours/Old Objects/ThankYouPage/printTicketSpan' is visible

2017-11-29 15:45:48 - [TEST_STEP][PASSED] - waitForElementClickable: Object 'Object Repository/PrimoTours/Old Objects/ThankYouPage/printTicketSpan' is clickable

2017-11-29 15:45:48 - [MESSAGE][PASSED] - Object 'Object Repository/PrimoTours/Old Objects/ThankYouPage/printTicketSpan' is clickable

2017-11-29 15:45:48 - [TEST_STEP][PASSED] - Statement - Try: Object: 'Object Repository/PrimoTours/Old Objects/ThankYouPage/printTicketSpan' is clicked on

2017-11-29 15:45:48 - [TEST_STEP][PASSED] - click: Object: 'Object Repository/PrimoTours/Old Objects/ThankYouPage/printTicketSpan' is clicked on

2017-11-29 15:45:53 - [MESSAGE][PASSED] - Object: 'Object Repository/PrimoTours/Old Objects/ThankYouPage/printTicketSpan' is clicked on

2017-11-29 15:45:53 - [TEST_STEP][PASSED] - delay: Delayed 2 second(s)

2017-11-29 15:45:55 - [MESSAGE][PASSED] - Delayed 2 second(s)

2017-11-29 15:45:55 - [TEST_STEP][PASSED] - waitForElementVisible: Object 'Object Repository/PrimoTours/Old Objects/ThankYouPage/cCenterButton' is visible

2017-11-29 15:45:55 - [MESSAGE][PASSED] - Object 'Object Repository/PrimoTours/Old Objects/ThankYouPage/cCenterButton' is visible

2017-11-29 15:45:55 - [TEST_STEP][PASSED] - waitForElementClickable: Object 'Object Repository/PrimoTours/Old Objects/ThankYouPage/cCenterButton' is clickable

2017-11-29 15:45:55 - [MESSAGE][PASSED] - Object 'Object Repository/PrimoTours/Old Objects/ThankYouPage/cCenterButton' is clickable

2017-11-29 15:45:55 - [TEST_STEP][PASSED] - click: Object: 'Object Repository/PrimoTours/Old Objects/ThankYouPage/cCenterButton' is clicked on

2017-11-29 15:45:56 - [MESSAGE][PASSED] - Object: 'Object Repository/PrimoTours/Old Objects/ThankYouPage/cCenterButton' is clicked on

2017-11-29 15:45:56 - [TEST_STEP][PASSED] - waitForPageLoad: Wait for page load successfully

2017-11-29 15:45:56 - [MESSAGE][PASSED] - Wait for page load successfully

2017-11-29 15:45:56 - [TEST_STEP][PASSED] - waitForJQueryLoad: jQuery is ready.

2017-11-29 15:45:56 - [MESSAGE][PASSED] - jQuery is ready.

2017-11-29 15:45:56 - [TEST_STEP][PASSED] - waitForElementPresent: Object 'Object Repository/PrimoTours/Old Objects/CCenter/pageLoaderOverlayLayer' is present

2017-11-29 15:45:56 - [MESSAGE][PASSED] - Object 'Object Repository/PrimoTours/Old Objects/CCenter/pageLoaderOverlayLayer' is present

2017-11-29 15:45:56 - [TEST_STEP][PASSED] - waitForElementNotVisible: Object 'Object Repository/PrimoTours/Old Objects/CCenter/pageLoaderOverlayLayer' is NOT visible

2017-11-29 15:45:56 - [MESSAGE][PASSED] - Object 'Object Repository/PrimoTours/Old Objects/CCenter/pageLoaderOverlayLayer' is NOT visible

2017-11-29 15:45:56 - [TEST_STEP][PASSED] - verifyElementVisible: Object 'Object Repository/PrimoTours/Old Objects/ThankYouPage/bookingNoContainer' is visible

2017-11-29 15:45:56 - [MESSAGE][PASSED] - Object 'Object Repository/PrimoTours/Old Objects/ThankYouPage/bookingNoContainer' is visible

2017-11-29 15:45:56 - [TEST_STEP][PASSED] - verifyElementVisible: Object 'Object Repository/PrimoTours/Old Objects/ThankYouPage/bookingTotalPriceBar' is visible

2017-11-29 15:45:56 - [MESSAGE][PASSED] - Object 'Object Repository/PrimoTours/Old Objects/ThankYouPage/bookingTotalPriceBar' is visible

2017-11-29 15:45:56 - [TEST_STEP][PASSED] - delay: Delayed 1 second(s)

2017-11-29 15:45:57 - [MESSAGE][PASSED] - Delayed 1 second(s)]]></system-out>
         <system-err><![CDATA[]]></system-err>
      </testcase>
      <testcase name="Test Cases/PrimoTours/WB Primo/WB Primo staging - place booking - Iteration 8" classname="Test Cases/PrimoTours/WB Primo/WB Primo staging - place booking" status="PASSED">
         <system-out><![CDATA[2017-11-29 15:45:57 - [TEST_CASE][PASSED] - Test Cases/PrimoTours/WB Primo/WB Primo staging - place booking - Iteration 8: Test Cases/PrimoTours/WB Primo/WB Primo staging - place booking

2017-11-29 15:45:57 - [TEST_STEP][PASSED] - openBrowser: Browser is opened with url: ''

2017-11-29 15:45:57 - [MESSAGE][WARNING] - A browser is already opened. Closing browser and opening a new one

2017-11-29 15:46:01 - [MESSAGE][PASSED] - Browser is opened with url: ''

2017-11-29 15:46:01 - [TEST_STEP][PASSED] - maximizeWindow: Current window maximized

2017-11-29 15:46:01 - [MESSAGE][PASSED] - Current window maximized

2017-11-29 15:46:01 - [TEST_STEP][PASSED] - navigateToUrl: Navigate to 'http://localhost:50029/DoBooking.aspx?pltaID=1480269&p=1&rno=3&pt=1&a=8&c=2&aa=&ca=0|1|6' successfully

2017-11-29 15:46:01 - [MESSAGE][PASSED] - Navigate to 'http://localhost:50029/DoBooking.aspx?pltaID=1480269&p=1&rno=3&pt=1&a=8&c=2&aa=&ca=0|1|6' successfully

2017-11-29 15:46:01 - [TEST_STEP][PASSED] - Statement - excelInfo = ["fname":"", "lname":"", "pgender":"", "pday":"", "pmonth":"", "pyear":""]: null

2017-11-29 15:46:01 - [TEST_STEP][PASSED] - Statement - rawData = com.kms.katalon.core.testdata.TestDataFactory.findTestData("Data Files/WB_Primo/Passenger_details"): Reading excel file with source file 'D:\Software testing\Tourpaq\Automated Katalon tests\Primo WB test\Data Files\Primo_URLs_For_Automated_Test.xls' and sheet name 'Passenger Names'

2017-11-29 15:46:01 - [TEST_STEP][PASSED] - Statement - excelRowNo = rawData.getRowNumbers(): null

2017-11-29 15:46:01 - [TEST_STEP][PASSED] - Statement - randomPaxIndex = java.lang.Math.abs(new java.util.Random().nextInt() % excelRowNo) + 1: null

2017-11-29 15:46:01 - [TEST_STEP][PASSED] - Statement - fname = rawData.getValue("FirstName", randomPaxIndex): null

2017-11-29 15:46:01 - [TEST_STEP][PASSED] - Statement - lname = rawData.getValue("LastName", randomPaxIndex): null

2017-11-29 15:46:01 - [TEST_STEP][PASSED] - Statement - pgender = rawData.getValue("Gender", randomPaxIndex): null

2017-11-29 15:46:01 - [TEST_STEP][PASSED] - setText: Text 'Knudsen AUT' is set on object 'Object Repository/PrimoTours/Old Objects/Coco/PrimoT/Page_Primo Tours  Danmarks bedste c/input_firstName'

2017-11-29 15:46:02 - [MESSAGE][PASSED] - Text 'Knudsen AUT' is set on object 'Object Repository/PrimoTours/Old Objects/Coco/PrimoT/Page_Primo Tours  Danmarks bedste c/input_firstName'

2017-11-29 15:46:02 - [TEST_STEP][PASSED] - setText: Text 'Nicky Thomas' is set on object 'Object Repository/PrimoTours/Old Objects/Coco/PrimoT/Page_Primo Tours  Danmarks bedste c/input_lastName'

2017-11-29 15:46:02 - [MESSAGE][PASSED] - Text 'Nicky Thomas' is set on object 'Object Repository/PrimoTours/Old Objects/Coco/PrimoT/Page_Primo Tours  Danmarks bedste c/input_lastName'

2017-11-29 15:46:02 - [TEST_STEP][PASSED] - click: Object: 'Object Repository/PrimoTours/LandingPage/customerGender' is clicked on

2017-11-29 15:46:02 - [MESSAGE][PASSED] - Object: 'Object Repository/PrimoTours/LandingPage/customerGender' is clicked on

2017-11-29 15:46:02 - [TEST_STEP][PASSED] - setText: Text 'Home address' is set on object 'Object Repository/PrimoTours/Old Objects/Coco/PrimoT/Page_Primo Tours  Danmarks bedste c/input_customerAddress'

2017-11-29 15:46:02 - [MESSAGE][PASSED] - Text 'Home address' is set on object 'Object Repository/PrimoTours/Old Objects/Coco/PrimoT/Page_Primo Tours  Danmarks bedste c/input_customerAddress'

2017-11-29 15:46:02 - [TEST_STEP][PASSED] - setText: Text '6700' is set on object 'Object Repository/PrimoTours/Old Objects/Coco/PrimoT/Page_Primo Tours  Danmarks bedste c/input_customerPostcode'

2017-11-29 15:46:02 - [MESSAGE][PASSED] - Text '6700' is set on object 'Object Repository/PrimoTours/Old Objects/Coco/PrimoT/Page_Primo Tours  Danmarks bedste c/input_customerPostcode'

2017-11-29 15:46:02 - [TEST_STEP][PASSED] - setText: Text 'cornel.neacsu@roweb.ro' is set on object 'Object Repository/PrimoTours/Old Objects/Coco/PrimoT/Page_Primo Tours  Danmarks bedste c/input_customerEmail'

2017-11-29 15:46:02 - [MESSAGE][PASSED] - Text 'cornel.neacsu@roweb.ro' is set on object 'Object Repository/PrimoTours/Old Objects/Coco/PrimoT/Page_Primo Tours  Danmarks bedste c/input_customerEmail'

2017-11-29 15:46:02 - [TEST_STEP][PASSED] - setText: Text '12345678' is set on object 'Object Repository/PrimoTours/Old Objects/Coco/PrimoT/Page_Primo Tours  Danmarks bedste c/input_customerPhone'

2017-11-29 15:46:02 - [MESSAGE][PASSED] - Text '12345678' is set on object 'Object Repository/PrimoTours/Old Objects/Coco/PrimoT/Page_Primo Tours  Danmarks bedste c/input_customerPhone'

2017-11-29 15:46:02 - [TEST_STEP][PASSED] - waitForElementClickable: Object 'Object Repository/PrimoTours/Old Objects/Coco/PrimoT/Page_Primo Tours  Danmarks bedste c/input_firstname-0_1' is clickable

2017-11-29 15:46:05 - [MESSAGE][PASSED] - Object 'Object Repository/PrimoTours/Old Objects/Coco/PrimoT/Page_Primo Tours  Danmarks bedste c/input_firstname-0_1' is clickable

2017-11-29 15:46:05 - [TEST_STEP][PASSED] - Statement - driver = com.kms.katalon.core.webui.driver.DriverFactory.getWebDriver(): null

2017-11-29 15:46:05 - [TEST_STEP][PASSED] - Statement - roomContainerXpath = "id("roomAndStaticOptionsContainer")/div[@class="row"]/div[@class="col-md-12 roomContainer"]": null

2017-11-29 15:46:05 - [TEST_STEP][PASSED] - Statement - roomsCount = driver.findElements(org.openqa.selenium.By.xpath(roomContainerXpath)).size(): null

2017-11-29 15:46:05 - [TEST_STEP][PASSED] - Statement - println("roomsCount=" + roomsCount): null

2017-11-29 15:46:05 - [TEST_STEP][PASSED] - Statement - For ([i = 1, i <= roomsCount, (i++)]): Object: 'Object Repository/PrimoTours/LandingPage/secondPaxFirstNameField' is clicked on

2017-11-29 15:46:05 - [TEST_STEP][PASSED] - Statement - paxInRoomXpath = "id("passengersContainer_" + i - 1 + "")/div[@class="col-md-12"]/div[@class="row"]": null

2017-11-29 15:46:05 - [TEST_STEP][PASSED] - Statement - println("paxInRoomXpath=" + paxInRoomXpath): null

2017-11-29 15:46:05 - [TEST_STEP][PASSED] - Statement - paxInRoomCount = driver.findElements(org.openqa.selenium.By.xpath(paxInRoomXpath)).size(): null

2017-11-29 15:46:05 - [TEST_STEP][PASSED] - Statement - println("paxInRoomCount=" + paxInRoomCount): null

2017-11-29 15:46:05 - [TEST_STEP][PASSED] - Statement - For ([j = 1, j <= paxInRoomCount, (j++)]): Object: 'Object Repository/PrimoTours/LandingPage/secondPaxFirstNameField' is clicked on

2017-11-29 15:46:05 - [TEST_STEP][PASSED] - Statement - If (i == 1 & j == 1): null

2017-11-29 15:46:05 - [TEST_STEP][PASSED] - Statement - <not implemented yet for class: org.codehaus.groovy.ast.stmt.ContinueStatement>: null

2017-11-29 15:46:05 - [TEST_STEP][PASSED] - Statement - If (i == 1 & j == 1): null

2017-11-29 15:46:05 - [TEST_STEP][PASSED] - Statement - randomPaxIndex = java.lang.Math.abs(new java.util.Random().nextInt() % excelRowNo) + 1: null

2017-11-29 15:46:05 - [TEST_STEP][PASSED] - Statement - fname = rawData.getValue("FirstName", randomPaxIndex) + " AUT": null

2017-11-29 15:46:05 - [TEST_STEP][PASSED] - Statement - lname = rawData.getValue("LastName", randomPaxIndex): null

2017-11-29 15:46:05 - [TEST_STEP][PASSED] - Statement - pgender = rawData.getValue("Gender", randomPaxIndex): null

2017-11-29 15:46:05 - [TEST_STEP][PASSED] - Statement - pday = rawData.getValue("Day DOB", randomPaxIndex): null

2017-11-29 15:46:05 - [TEST_STEP][PASSED] - Statement - pmonth = rawData.getValue("Month DOB", randomPaxIndex): null

2017-11-29 15:46:05 - [TEST_STEP][PASSED] - Statement - pyear = rawData.getValue("Year DOB", randomPaxIndex): null

2017-11-29 15:46:05 - [TEST_STEP][PASSED] - Statement - paxDetailFields = paxInRoomXpath + "[" + j + "]/div[@class="col-md-x col-md-9"]/div[@class="row paxContainer"][1]/div[contains(@class,"paxAttribute")]": null

2017-11-29 15:46:05 - [TEST_STEP][PASSED] - Statement - xpathval = paxDetailFields + "[1]/div[contains(@class,"form-group")]/input[contains(@class,"paxFirstName")]": null

2017-11-29 15:46:05 - [TEST_STEP][PASSED] - Statement - println("fn: " + xpathval): null

2017-11-29 15:46:05 - [TEST_STEP][PASSED] - Statement - repObj = com.kms.katalon.core.testobject.ObjectRepository.findTestObject(Object Repository/PrimoTours/LandingPage/secondPaxFirstNameField): Finding Test Object with id 'Object Repository/PrimoTours/LandingPage/secondPaxFirstNameField'

2017-11-29 15:46:05 - [TEST_STEP][PASSED] - Statement - repObj.findProperty("xpath").setValue(xpathval): null

2017-11-29 15:46:05 - [TEST_STEP][PASSED] - setText: Text 'Spangsø AUT' is set on object 'Object Repository/PrimoTours/LandingPage/secondPaxFirstNameField'

2017-11-29 15:46:05 - [MESSAGE][PASSED] - Text 'Spangsø AUT' is set on object 'Object Repository/PrimoTours/LandingPage/secondPaxFirstNameField'

2017-11-29 15:46:05 - [TEST_STEP][PASSED] - Statement - xpathval = paxDetailFields + "[2]/div[contains(@class,"form-group")]/input[contains(@class,"paxLastName")]": null

2017-11-29 15:46:05 - [TEST_STEP][PASSED] - Statement - println("ln: " + xpathval): null

2017-11-29 15:46:05 - [TEST_STEP][PASSED] - Statement - repObj = com.kms.katalon.core.testobject.ObjectRepository.findTestObject(Object Repository/PrimoTours/LandingPage/secondPaxFirstNameField): Finding Test Object with id 'Object Repository/PrimoTours/LandingPage/secondPaxFirstNameField'

2017-11-29 15:46:05 - [TEST_STEP][PASSED] - Statement - repObj.findProperty("xpath").setValue(xpathval): null

2017-11-29 15:46:05 - [TEST_STEP][PASSED] - setText: Text 'Simon Due' is set on object 'Object Repository/PrimoTours/LandingPage/secondPaxFirstNameField'

2017-11-29 15:46:05 - [MESSAGE][PASSED] - Text 'Simon Due' is set on object 'Object Repository/PrimoTours/LandingPage/secondPaxFirstNameField'

2017-11-29 15:46:05 - [TEST_STEP][PASSED] - Statement - repObj = com.kms.katalon.core.testobject.ObjectRepository.findTestObject(Object Repository/PrimoTours/LandingPage/secondPaxFirstNameField): Finding Test Object with id 'Object Repository/PrimoTours/LandingPage/secondPaxFirstNameField'

2017-11-29 15:46:05 - [TEST_STEP][PASSED] - Statement - xpathval = paxDetailFields + "[3]/div[contains(@class,"paxGenderSelectorContainer")]/span[contains(@class,"select2 select2-container")]/span[contains(@class,"selection")]/span[contains(@class,"select2-selection")]": null

2017-11-29 15:46:05 - [TEST_STEP][PASSED] - Statement - println("gender: " + xpathval): null

2017-11-29 15:46:05 - [TEST_STEP][PASSED] - Statement - repObj.findProperty("xpath").setValue(xpathval): null

2017-11-29 15:46:05 - [TEST_STEP][PASSED] - click: Object: 'Object Repository/PrimoTours/LandingPage/secondPaxFirstNameField' is clicked on

2017-11-29 15:46:05 - [MESSAGE][PASSED] - Object: 'Object Repository/PrimoTours/LandingPage/secondPaxFirstNameField' is clicked on

2017-11-29 15:46:05 - [TEST_STEP][PASSED] - Statement - If (i == 1 & j == 1): null

2017-11-29 15:46:05 - [TEST_STEP][PASSED] - Statement - randomPaxIndex = java.lang.Math.abs(new java.util.Random().nextInt() % excelRowNo) + 1: null

2017-11-29 15:46:05 - [TEST_STEP][PASSED] - Statement - fname = rawData.getValue("FirstName", randomPaxIndex) + " AUT": null

2017-11-29 15:46:05 - [TEST_STEP][PASSED] - Statement - lname = rawData.getValue("LastName", randomPaxIndex): null

2017-11-29 15:46:05 - [TEST_STEP][PASSED] - Statement - pgender = rawData.getValue("Gender", randomPaxIndex): null

2017-11-29 15:46:05 - [TEST_STEP][PASSED] - Statement - pday = rawData.getValue("Day DOB", randomPaxIndex): null

2017-11-29 15:46:05 - [TEST_STEP][PASSED] - Statement - pmonth = rawData.getValue("Month DOB", randomPaxIndex): null

2017-11-29 15:46:05 - [TEST_STEP][PASSED] - Statement - pyear = rawData.getValue("Year DOB", randomPaxIndex): null

2017-11-29 15:46:05 - [TEST_STEP][PASSED] - Statement - paxDetailFields = paxInRoomXpath + "[" + j + "]/div[@class="col-md-x col-md-9"]/div[@class="row paxContainer"][1]/div[contains(@class,"paxAttribute")]": null

2017-11-29 15:46:05 - [TEST_STEP][PASSED] - Statement - xpathval = paxDetailFields + "[1]/div[contains(@class,"form-group")]/input[contains(@class,"paxFirstName")]": null

2017-11-29 15:46:05 - [TEST_STEP][PASSED] - Statement - println("fn: " + xpathval): null

2017-11-29 15:46:05 - [TEST_STEP][PASSED] - Statement - repObj = com.kms.katalon.core.testobject.ObjectRepository.findTestObject(Object Repository/PrimoTours/LandingPage/secondPaxFirstNameField): Finding Test Object with id 'Object Repository/PrimoTours/LandingPage/secondPaxFirstNameField'

2017-11-29 15:46:05 - [TEST_STEP][PASSED] - Statement - repObj.findProperty("xpath").setValue(xpathval): null

2017-11-29 15:46:05 - [TEST_STEP][PASSED] - setText: Text 'Nielsen AUT' is set on object 'Object Repository/PrimoTours/LandingPage/secondPaxFirstNameField'

2017-11-29 15:46:06 - [MESSAGE][PASSED] - Text 'Nielsen AUT' is set on object 'Object Repository/PrimoTours/LandingPage/secondPaxFirstNameField'

2017-11-29 15:46:06 - [TEST_STEP][PASSED] - Statement - xpathval = paxDetailFields + "[2]/div[contains(@class,"form-group")]/input[contains(@class,"paxLastName")]": null

2017-11-29 15:46:06 - [TEST_STEP][PASSED] - Statement - println("ln: " + xpathval): null

2017-11-29 15:46:06 - [TEST_STEP][PASSED] - Statement - repObj = com.kms.katalon.core.testobject.ObjectRepository.findTestObject(Object Repository/PrimoTours/LandingPage/secondPaxFirstNameField): Finding Test Object with id 'Object Repository/PrimoTours/LandingPage/secondPaxFirstNameField'

2017-11-29 15:46:06 - [TEST_STEP][PASSED] - Statement - repObj.findProperty("xpath").setValue(xpathval): null

2017-11-29 15:46:06 - [TEST_STEP][PASSED] - setText: Text 'Chanie Øllegaard' is set on object 'Object Repository/PrimoTours/LandingPage/secondPaxFirstNameField'

2017-11-29 15:46:06 - [MESSAGE][PASSED] - Text 'Chanie Øllegaard' is set on object 'Object Repository/PrimoTours/LandingPage/secondPaxFirstNameField'

2017-11-29 15:46:06 - [TEST_STEP][PASSED] - Statement - repObj = com.kms.katalon.core.testobject.ObjectRepository.findTestObject(Object Repository/PrimoTours/LandingPage/secondPaxFirstNameField): Finding Test Object with id 'Object Repository/PrimoTours/LandingPage/secondPaxFirstNameField'

2017-11-29 15:46:06 - [TEST_STEP][PASSED] - Statement - xpathval = paxDetailFields + "[3]/div[contains(@class,"paxGenderSelectorContainer")]/span[contains(@class,"select2 select2-container")]/span[contains(@class,"selection")]/span[contains(@class,"select2-selection")]": null

2017-11-29 15:46:06 - [TEST_STEP][PASSED] - Statement - println("gender: " + xpathval): null

2017-11-29 15:46:06 - [TEST_STEP][PASSED] - Statement - repObj.findProperty("xpath").setValue(xpathval): null

2017-11-29 15:46:06 - [TEST_STEP][PASSED] - click: Object: 'Object Repository/PrimoTours/LandingPage/secondPaxFirstNameField' is clicked on

2017-11-29 15:46:06 - [MESSAGE][PASSED] - Object: 'Object Repository/PrimoTours/LandingPage/secondPaxFirstNameField' is clicked on

2017-11-29 15:46:06 - [TEST_STEP][PASSED] - Statement - If (i == 1 & j == 1): null

2017-11-29 15:46:06 - [TEST_STEP][PASSED] - Statement - randomPaxIndex = java.lang.Math.abs(new java.util.Random().nextInt() % excelRowNo) + 1: null

2017-11-29 15:46:06 - [TEST_STEP][PASSED] - Statement - fname = rawData.getValue("FirstName", randomPaxIndex) + " AUT": null

2017-11-29 15:46:06 - [TEST_STEP][PASSED] - Statement - lname = rawData.getValue("LastName", randomPaxIndex): null

2017-11-29 15:46:06 - [TEST_STEP][PASSED] - Statement - pgender = rawData.getValue("Gender", randomPaxIndex): null

2017-11-29 15:46:06 - [TEST_STEP][PASSED] - Statement - pday = rawData.getValue("Day DOB", randomPaxIndex): null

2017-11-29 15:46:06 - [TEST_STEP][PASSED] - Statement - pmonth = rawData.getValue("Month DOB", randomPaxIndex): null

2017-11-29 15:46:06 - [TEST_STEP][PASSED] - Statement - pyear = rawData.getValue("Year DOB", randomPaxIndex): null

2017-11-29 15:46:06 - [TEST_STEP][PASSED] - Statement - paxDetailFields = paxInRoomXpath + "[" + j + "]/div[@class="col-md-x col-md-9"]/div[@class="row paxContainer"][1]/div[contains(@class,"paxAttribute")]": null

2017-11-29 15:46:06 - [TEST_STEP][PASSED] - Statement - xpathval = paxDetailFields + "[1]/div[contains(@class,"form-group")]/input[contains(@class,"paxFirstName")]": null

2017-11-29 15:46:06 - [TEST_STEP][PASSED] - Statement - println("fn: " + xpathval): null

2017-11-29 15:46:06 - [TEST_STEP][PASSED] - Statement - repObj = com.kms.katalon.core.testobject.ObjectRepository.findTestObject(Object Repository/PrimoTours/LandingPage/secondPaxFirstNameField): Finding Test Object with id 'Object Repository/PrimoTours/LandingPage/secondPaxFirstNameField'

2017-11-29 15:46:06 - [TEST_STEP][PASSED] - Statement - repObj.findProperty("xpath").setValue(xpathval): null

2017-11-29 15:46:06 - [TEST_STEP][PASSED] - setText: Text 'Papillon AUT' is set on object 'Object Repository/PrimoTours/LandingPage/secondPaxFirstNameField'

2017-11-29 15:46:06 - [MESSAGE][PASSED] - Text 'Papillon AUT' is set on object 'Object Repository/PrimoTours/LandingPage/secondPaxFirstNameField'

2017-11-29 15:46:06 - [TEST_STEP][PASSED] - Statement - xpathval = paxDetailFields + "[2]/div[contains(@class,"form-group")]/input[contains(@class,"paxLastName")]": null

2017-11-29 15:46:06 - [TEST_STEP][PASSED] - Statement - println("ln: " + xpathval): null

2017-11-29 15:46:06 - [TEST_STEP][PASSED] - Statement - repObj = com.kms.katalon.core.testobject.ObjectRepository.findTestObject(Object Repository/PrimoTours/LandingPage/secondPaxFirstNameField): Finding Test Object with id 'Object Repository/PrimoTours/LandingPage/secondPaxFirstNameField'

2017-11-29 15:46:06 - [TEST_STEP][PASSED] - Statement - repObj.findProperty("xpath").setValue(xpathval): null

2017-11-29 15:46:06 - [TEST_STEP][PASSED] - setText: Text 'Ronny Uri' is set on object 'Object Repository/PrimoTours/LandingPage/secondPaxFirstNameField'

2017-11-29 15:46:06 - [MESSAGE][PASSED] - Text 'Ronny Uri' is set on object 'Object Repository/PrimoTours/LandingPage/secondPaxFirstNameField'

2017-11-29 15:46:06 - [TEST_STEP][PASSED] - Statement - repObj = com.kms.katalon.core.testobject.ObjectRepository.findTestObject(Object Repository/PrimoTours/LandingPage/secondPaxFirstNameField): Finding Test Object with id 'Object Repository/PrimoTours/LandingPage/secondPaxFirstNameField'

2017-11-29 15:46:06 - [TEST_STEP][PASSED] - Statement - xpathval = paxDetailFields + "[3]/div[contains(@class,"paxGenderSelectorContainer")]/span[contains(@class,"select2 select2-container")]/span[contains(@class,"selection")]/span[contains(@class,"select2-selection")]": null

2017-11-29 15:46:06 - [TEST_STEP][PASSED] - Statement - println("gender: " + xpathval): null

2017-11-29 15:46:06 - [TEST_STEP][PASSED] - Statement - repObj.findProperty("xpath").setValue(xpathval): null

2017-11-29 15:46:06 - [TEST_STEP][PASSED] - click: Object: 'Object Repository/PrimoTours/LandingPage/secondPaxFirstNameField' is clicked on

2017-11-29 15:46:06 - [MESSAGE][PASSED] - Object: 'Object Repository/PrimoTours/LandingPage/secondPaxFirstNameField' is clicked on

2017-11-29 15:46:06 - [TEST_STEP][PASSED] - Statement - paxInRoomXpath = "id("passengersContainer_" + i - 1 + "")/div[@class="col-md-12"]/div[@class="row"]": null

2017-11-29 15:46:06 - [TEST_STEP][PASSED] - Statement - println("paxInRoomXpath=" + paxInRoomXpath): null

2017-11-29 15:46:06 - [TEST_STEP][PASSED] - Statement - paxInRoomCount = driver.findElements(org.openqa.selenium.By.xpath(paxInRoomXpath)).size(): null

2017-11-29 15:46:06 - [TEST_STEP][PASSED] - Statement - println("paxInRoomCount=" + paxInRoomCount): null

2017-11-29 15:46:06 - [TEST_STEP][PASSED] - Statement - For ([j = 1, j <= paxInRoomCount, (j++)]): Object: 'Object Repository/PrimoTours/LandingPage/secondPaxFirstNameField' is clicked on

2017-11-29 15:46:06 - [TEST_STEP][PASSED] - Statement - If (i == 1 & j == 1): null

2017-11-29 15:46:06 - [TEST_STEP][PASSED] - Statement - randomPaxIndex = java.lang.Math.abs(new java.util.Random().nextInt() % excelRowNo) + 1: null

2017-11-29 15:46:06 - [TEST_STEP][PASSED] - Statement - fname = rawData.getValue("FirstName", randomPaxIndex) + " AUT": null

2017-11-29 15:46:06 - [TEST_STEP][PASSED] - Statement - lname = rawData.getValue("LastName", randomPaxIndex): null

2017-11-29 15:46:06 - [TEST_STEP][PASSED] - Statement - pgender = rawData.getValue("Gender", randomPaxIndex): null

2017-11-29 15:46:06 - [TEST_STEP][PASSED] - Statement - pday = rawData.getValue("Day DOB", randomPaxIndex): null

2017-11-29 15:46:06 - [TEST_STEP][PASSED] - Statement - pmonth = rawData.getValue("Month DOB", randomPaxIndex): null

2017-11-29 15:46:06 - [TEST_STEP][PASSED] - Statement - pyear = rawData.getValue("Year DOB", randomPaxIndex): null

2017-11-29 15:46:06 - [TEST_STEP][PASSED] - Statement - paxDetailFields = paxInRoomXpath + "[" + j + "]/div[@class="col-md-x col-md-9"]/div[@class="row paxContainer"][1]/div[contains(@class,"paxAttribute")]": null

2017-11-29 15:46:06 - [TEST_STEP][PASSED] - Statement - xpathval = paxDetailFields + "[1]/div[contains(@class,"form-group")]/input[contains(@class,"paxFirstName")]": null

2017-11-29 15:46:06 - [TEST_STEP][PASSED] - Statement - println("fn: " + xpathval): null

2017-11-29 15:46:06 - [TEST_STEP][PASSED] - Statement - repObj = com.kms.katalon.core.testobject.ObjectRepository.findTestObject(Object Repository/PrimoTours/LandingPage/secondPaxFirstNameField): Finding Test Object with id 'Object Repository/PrimoTours/LandingPage/secondPaxFirstNameField'

2017-11-29 15:46:06 - [TEST_STEP][PASSED] - Statement - repObj.findProperty("xpath").setValue(xpathval): null

2017-11-29 15:46:06 - [TEST_STEP][PASSED] - setText: Text 'Jensen AUT' is set on object 'Object Repository/PrimoTours/LandingPage/secondPaxFirstNameField'

2017-11-29 15:46:06 - [MESSAGE][PASSED] - Text 'Jensen AUT' is set on object 'Object Repository/PrimoTours/LandingPage/secondPaxFirstNameField'

2017-11-29 15:46:06 - [TEST_STEP][PASSED] - Statement - xpathval = paxDetailFields + "[2]/div[contains(@class,"form-group")]/input[contains(@class,"paxLastName")]": null

2017-11-29 15:46:06 - [TEST_STEP][PASSED] - Statement - println("ln: " + xpathval): null

2017-11-29 15:46:06 - [TEST_STEP][PASSED] - Statement - repObj = com.kms.katalon.core.testobject.ObjectRepository.findTestObject(Object Repository/PrimoTours/LandingPage/secondPaxFirstNameField): Finding Test Object with id 'Object Repository/PrimoTours/LandingPage/secondPaxFirstNameField'

2017-11-29 15:46:06 - [TEST_STEP][PASSED] - Statement - repObj.findProperty("xpath").setValue(xpathval): null

2017-11-29 15:46:06 - [TEST_STEP][PASSED] - setText: Text 'Gitte Stauning' is set on object 'Object Repository/PrimoTours/LandingPage/secondPaxFirstNameField'

2017-11-29 15:46:06 - [MESSAGE][PASSED] - Text 'Gitte Stauning' is set on object 'Object Repository/PrimoTours/LandingPage/secondPaxFirstNameField'

2017-11-29 15:46:06 - [TEST_STEP][PASSED] - Statement - repObj = com.kms.katalon.core.testobject.ObjectRepository.findTestObject(Object Repository/PrimoTours/LandingPage/secondPaxFirstNameField): Finding Test Object with id 'Object Repository/PrimoTours/LandingPage/secondPaxFirstNameField'

2017-11-29 15:46:06 - [TEST_STEP][PASSED] - Statement - xpathval = paxDetailFields + "[3]/div[contains(@class,"paxGenderSelectorContainer")]/span[contains(@class,"select2 select2-container")]/span[contains(@class,"selection")]/span[contains(@class,"select2-selection")]": null

2017-11-29 15:46:06 - [TEST_STEP][PASSED] - Statement - println("gender: " + xpathval): null

2017-11-29 15:46:06 - [TEST_STEP][PASSED] - Statement - repObj.findProperty("xpath").setValue(xpathval): null

2017-11-29 15:46:06 - [TEST_STEP][PASSED] - click: Object: 'Object Repository/PrimoTours/LandingPage/secondPaxFirstNameField' is clicked on

2017-11-29 15:46:07 - [MESSAGE][PASSED] - Object: 'Object Repository/PrimoTours/LandingPage/secondPaxFirstNameField' is clicked on

2017-11-29 15:46:07 - [TEST_STEP][PASSED] - Statement - If (i == 1 & j == 1): null

2017-11-29 15:46:07 - [TEST_STEP][PASSED] - Statement - randomPaxIndex = java.lang.Math.abs(new java.util.Random().nextInt() % excelRowNo) + 1: null

2017-11-29 15:46:07 - [TEST_STEP][PASSED] - Statement - fname = rawData.getValue("FirstName", randomPaxIndex) + " AUT": null

2017-11-29 15:46:07 - [TEST_STEP][PASSED] - Statement - lname = rawData.getValue("LastName", randomPaxIndex): null

2017-11-29 15:46:07 - [TEST_STEP][PASSED] - Statement - pgender = rawData.getValue("Gender", randomPaxIndex): null

2017-11-29 15:46:07 - [TEST_STEP][PASSED] - Statement - pday = rawData.getValue("Day DOB", randomPaxIndex): null

2017-11-29 15:46:07 - [TEST_STEP][PASSED] - Statement - pmonth = rawData.getValue("Month DOB", randomPaxIndex): null

2017-11-29 15:46:07 - [TEST_STEP][PASSED] - Statement - pyear = rawData.getValue("Year DOB", randomPaxIndex): null

2017-11-29 15:46:07 - [TEST_STEP][PASSED] - Statement - paxDetailFields = paxInRoomXpath + "[" + j + "]/div[@class="col-md-x col-md-9"]/div[@class="row paxContainer"][1]/div[contains(@class,"paxAttribute")]": null

2017-11-29 15:46:07 - [TEST_STEP][PASSED] - Statement - xpathval = paxDetailFields + "[1]/div[contains(@class,"form-group")]/input[contains(@class,"paxFirstName")]": null

2017-11-29 15:46:07 - [TEST_STEP][PASSED] - Statement - println("fn: " + xpathval): null

2017-11-29 15:46:07 - [TEST_STEP][PASSED] - Statement - repObj = com.kms.katalon.core.testobject.ObjectRepository.findTestObject(Object Repository/PrimoTours/LandingPage/secondPaxFirstNameField): Finding Test Object with id 'Object Repository/PrimoTours/LandingPage/secondPaxFirstNameField'

2017-11-29 15:46:07 - [TEST_STEP][PASSED] - Statement - repObj.findProperty("xpath").setValue(xpathval): null

2017-11-29 15:46:07 - [TEST_STEP][PASSED] - setText: Text 'Carlson AUT' is set on object 'Object Repository/PrimoTours/LandingPage/secondPaxFirstNameField'

2017-11-29 15:46:07 - [MESSAGE][PASSED] - Text 'Carlson AUT' is set on object 'Object Repository/PrimoTours/LandingPage/secondPaxFirstNameField'

2017-11-29 15:46:07 - [TEST_STEP][PASSED] - Statement - xpathval = paxDetailFields + "[2]/div[contains(@class,"form-group")]/input[contains(@class,"paxLastName")]": null

2017-11-29 15:46:07 - [TEST_STEP][PASSED] - Statement - println("ln: " + xpathval): null

2017-11-29 15:46:07 - [TEST_STEP][PASSED] - Statement - repObj = com.kms.katalon.core.testobject.ObjectRepository.findTestObject(Object Repository/PrimoTours/LandingPage/secondPaxFirstNameField): Finding Test Object with id 'Object Repository/PrimoTours/LandingPage/secondPaxFirstNameField'

2017-11-29 15:46:07 - [TEST_STEP][PASSED] - Statement - repObj.findProperty("xpath").setValue(xpathval): null

2017-11-29 15:46:07 - [TEST_STEP][PASSED] - setText: Text 'Kathrine Grænge' is set on object 'Object Repository/PrimoTours/LandingPage/secondPaxFirstNameField'

2017-11-29 15:46:07 - [MESSAGE][PASSED] - Text 'Kathrine Grænge' is set on object 'Object Repository/PrimoTours/LandingPage/secondPaxFirstNameField'

2017-11-29 15:46:07 - [TEST_STEP][PASSED] - Statement - repObj = com.kms.katalon.core.testobject.ObjectRepository.findTestObject(Object Repository/PrimoTours/LandingPage/secondPaxFirstNameField): Finding Test Object with id 'Object Repository/PrimoTours/LandingPage/secondPaxFirstNameField'

2017-11-29 15:46:07 - [TEST_STEP][PASSED] - Statement - xpathval = paxDetailFields + "[3]/div[contains(@class,"paxGenderSelectorContainer")]/span[contains(@class,"select2 select2-container")]/span[contains(@class,"selection")]/span[contains(@class,"select2-selection")]": null

2017-11-29 15:46:07 - [TEST_STEP][PASSED] - Statement - println("gender: " + xpathval): null

2017-11-29 15:46:07 - [TEST_STEP][PASSED] - Statement - repObj.findProperty("xpath").setValue(xpathval): null

2017-11-29 15:46:07 - [TEST_STEP][PASSED] - click: Object: 'Object Repository/PrimoTours/LandingPage/secondPaxFirstNameField' is clicked on

2017-11-29 15:46:07 - [MESSAGE][PASSED] - Object: 'Object Repository/PrimoTours/LandingPage/secondPaxFirstNameField' is clicked on

2017-11-29 15:46:07 - [TEST_STEP][PASSED] - Statement - If (i == 1 & j == 1): null

2017-11-29 15:46:07 - [TEST_STEP][PASSED] - Statement - randomPaxIndex = java.lang.Math.abs(new java.util.Random().nextInt() % excelRowNo) + 1: null

2017-11-29 15:46:07 - [TEST_STEP][PASSED] - Statement - fname = rawData.getValue("FirstName", randomPaxIndex) + " AUT": null

2017-11-29 15:46:07 - [TEST_STEP][PASSED] - Statement - lname = rawData.getValue("LastName", randomPaxIndex): null

2017-11-29 15:46:07 - [TEST_STEP][PASSED] - Statement - pgender = rawData.getValue("Gender", randomPaxIndex): null

2017-11-29 15:46:07 - [TEST_STEP][PASSED] - Statement - pday = rawData.getValue("Day DOB", randomPaxIndex): null

2017-11-29 15:46:07 - [TEST_STEP][PASSED] - Statement - pmonth = rawData.getValue("Month DOB", randomPaxIndex): null

2017-11-29 15:46:07 - [TEST_STEP][PASSED] - Statement - pyear = rawData.getValue("Year DOB", randomPaxIndex): null

2017-11-29 15:46:07 - [TEST_STEP][PASSED] - Statement - paxDetailFields = paxInRoomXpath + "[" + j + "]/div[@class="col-md-x col-md-9"]/div[@class="row paxContainer"][1]/div[contains(@class,"paxAttribute")]": null

2017-11-29 15:46:07 - [TEST_STEP][PASSED] - Statement - xpathval = paxDetailFields + "[1]/div[contains(@class,"form-group")]/input[contains(@class,"paxFirstName")]": null

2017-11-29 15:46:07 - [TEST_STEP][PASSED] - Statement - println("fn: " + xpathval): null

2017-11-29 15:46:07 - [TEST_STEP][PASSED] - Statement - repObj = com.kms.katalon.core.testobject.ObjectRepository.findTestObject(Object Repository/PrimoTours/LandingPage/secondPaxFirstNameField): Finding Test Object with id 'Object Repository/PrimoTours/LandingPage/secondPaxFirstNameField'

2017-11-29 15:46:07 - [TEST_STEP][PASSED] - Statement - repObj.findProperty("xpath").setValue(xpathval): null

2017-11-29 15:46:07 - [TEST_STEP][PASSED] - setText: Text 'Nielsen AUT' is set on object 'Object Repository/PrimoTours/LandingPage/secondPaxFirstNameField'

2017-11-29 15:46:07 - [MESSAGE][PASSED] - Text 'Nielsen AUT' is set on object 'Object Repository/PrimoTours/LandingPage/secondPaxFirstNameField'

2017-11-29 15:46:07 - [TEST_STEP][PASSED] - Statement - xpathval = paxDetailFields + "[2]/div[contains(@class,"form-group")]/input[contains(@class,"paxLastName")]": null

2017-11-29 15:46:07 - [TEST_STEP][PASSED] - Statement - println("ln: " + xpathval): null

2017-11-29 15:46:07 - [TEST_STEP][PASSED] - Statement - repObj = com.kms.katalon.core.testobject.ObjectRepository.findTestObject(Object Repository/PrimoTours/LandingPage/secondPaxFirstNameField): Finding Test Object with id 'Object Repository/PrimoTours/LandingPage/secondPaxFirstNameField'

2017-11-29 15:46:07 - [TEST_STEP][PASSED] - Statement - repObj.findProperty("xpath").setValue(xpathval): null

2017-11-29 15:46:07 - [TEST_STEP][PASSED] - setText: Text 'Anders Blomkvist Korshøj' is set on object 'Object Repository/PrimoTours/LandingPage/secondPaxFirstNameField'

2017-11-29 15:46:07 - [MESSAGE][PASSED] - Text 'Anders Blomkvist Korshøj' is set on object 'Object Repository/PrimoTours/LandingPage/secondPaxFirstNameField'

2017-11-29 15:46:07 - [TEST_STEP][PASSED] - Statement - repObj = com.kms.katalon.core.testobject.ObjectRepository.findTestObject(Object Repository/PrimoTours/LandingPage/secondPaxFirstNameField): Finding Test Object with id 'Object Repository/PrimoTours/LandingPage/secondPaxFirstNameField'

2017-11-29 15:46:07 - [TEST_STEP][PASSED] - Statement - xpathval = paxDetailFields + "[3]/div[contains(@class,"paxGenderSelectorContainer")]/span[contains(@class,"select2 select2-container")]/span[contains(@class,"selection")]/span[contains(@class,"select2-selection")]": null

2017-11-29 15:46:07 - [TEST_STEP][PASSED] - Statement - println("gender: " + xpathval): null

2017-11-29 15:46:07 - [TEST_STEP][PASSED] - Statement - repObj.findProperty("xpath").setValue(xpathval): null

2017-11-29 15:46:07 - [TEST_STEP][PASSED] - click: Object: 'Object Repository/PrimoTours/LandingPage/secondPaxFirstNameField' is clicked on

2017-11-29 15:46:07 - [MESSAGE][PASSED] - Object: 'Object Repository/PrimoTours/LandingPage/secondPaxFirstNameField' is clicked on

2017-11-29 15:46:07 - [TEST_STEP][PASSED] - Statement - paxInRoomXpath = "id("passengersContainer_" + i - 1 + "")/div[@class="col-md-12"]/div[@class="row"]": null

2017-11-29 15:46:07 - [TEST_STEP][PASSED] - Statement - println("paxInRoomXpath=" + paxInRoomXpath): null

2017-11-29 15:46:07 - [TEST_STEP][PASSED] - Statement - paxInRoomCount = driver.findElements(org.openqa.selenium.By.xpath(paxInRoomXpath)).size(): null

2017-11-29 15:46:07 - [TEST_STEP][PASSED] - Statement - println("paxInRoomCount=" + paxInRoomCount): null

2017-11-29 15:46:07 - [TEST_STEP][PASSED] - Statement - For ([j = 1, j <= paxInRoomCount, (j++)]): Object: 'Object Repository/PrimoTours/LandingPage/secondPaxFirstNameField' is clicked on

2017-11-29 15:46:07 - [TEST_STEP][PASSED] - Statement - If (i == 1 & j == 1): null

2017-11-29 15:46:07 - [TEST_STEP][PASSED] - Statement - randomPaxIndex = java.lang.Math.abs(new java.util.Random().nextInt() % excelRowNo) + 1: null

2017-11-29 15:46:07 - [TEST_STEP][PASSED] - Statement - fname = rawData.getValue("FirstName", randomPaxIndex) + " AUT": null

2017-11-29 15:46:07 - [TEST_STEP][PASSED] - Statement - lname = rawData.getValue("LastName", randomPaxIndex): null

2017-11-29 15:46:07 - [TEST_STEP][PASSED] - Statement - pgender = rawData.getValue("Gender", randomPaxIndex): null

2017-11-29 15:46:07 - [TEST_STEP][PASSED] - Statement - pday = rawData.getValue("Day DOB", randomPaxIndex): null

2017-11-29 15:46:07 - [TEST_STEP][PASSED] - Statement - pmonth = rawData.getValue("Month DOB", randomPaxIndex): null

2017-11-29 15:46:07 - [TEST_STEP][PASSED] - Statement - pyear = rawData.getValue("Year DOB", randomPaxIndex): null

2017-11-29 15:46:07 - [TEST_STEP][PASSED] - Statement - paxDetailFields = paxInRoomXpath + "[" + j + "]/div[@class="col-md-x col-md-9"]/div[@class="row paxContainer"][1]/div[contains(@class,"paxAttribute")]": null

2017-11-29 15:46:07 - [TEST_STEP][PASSED] - Statement - xpathval = paxDetailFields + "[1]/div[contains(@class,"form-group")]/input[contains(@class,"paxFirstName")]": null

2017-11-29 15:46:07 - [TEST_STEP][PASSED] - Statement - println("fn: " + xpathval): null

2017-11-29 15:46:07 - [TEST_STEP][PASSED] - Statement - repObj = com.kms.katalon.core.testobject.ObjectRepository.findTestObject(Object Repository/PrimoTours/LandingPage/secondPaxFirstNameField): Finding Test Object with id 'Object Repository/PrimoTours/LandingPage/secondPaxFirstNameField'

2017-11-29 15:46:07 - [TEST_STEP][PASSED] - Statement - repObj.findProperty("xpath").setValue(xpathval): null

2017-11-29 15:46:07 - [TEST_STEP][PASSED] - setText: Text 'Køhler AUT' is set on object 'Object Repository/PrimoTours/LandingPage/secondPaxFirstNameField'

2017-11-29 15:46:07 - [MESSAGE][PASSED] - Text 'Køhler AUT' is set on object 'Object Repository/PrimoTours/LandingPage/secondPaxFirstNameField'

2017-11-29 15:46:07 - [TEST_STEP][PASSED] - Statement - xpathval = paxDetailFields + "[2]/div[contains(@class,"form-group")]/input[contains(@class,"paxLastName")]": null

2017-11-29 15:46:07 - [TEST_STEP][PASSED] - Statement - println("ln: " + xpathval): null

2017-11-29 15:46:07 - [TEST_STEP][PASSED] - Statement - repObj = com.kms.katalon.core.testobject.ObjectRepository.findTestObject(Object Repository/PrimoTours/LandingPage/secondPaxFirstNameField): Finding Test Object with id 'Object Repository/PrimoTours/LandingPage/secondPaxFirstNameField'

2017-11-29 15:46:07 - [TEST_STEP][PASSED] - Statement - repObj.findProperty("xpath").setValue(xpathval): null

2017-11-29 15:46:07 - [TEST_STEP][PASSED] - setText: Text 'Hanne' is set on object 'Object Repository/PrimoTours/LandingPage/secondPaxFirstNameField'

2017-11-29 15:46:08 - [MESSAGE][PASSED] - Text 'Hanne' is set on object 'Object Repository/PrimoTours/LandingPage/secondPaxFirstNameField'

2017-11-29 15:46:08 - [TEST_STEP][PASSED] - Statement - repObj = com.kms.katalon.core.testobject.ObjectRepository.findTestObject(Object Repository/PrimoTours/LandingPage/secondPaxFirstNameField): Finding Test Object with id 'Object Repository/PrimoTours/LandingPage/secondPaxFirstNameField'

2017-11-29 15:46:08 - [TEST_STEP][PASSED] - Statement - xpathval = paxDetailFields + "[3]/div[contains(@class,"paxGenderSelectorContainer")]/span[contains(@class,"select2 select2-container")]/span[contains(@class,"selection")]/span[contains(@class,"select2-selection")]": null

2017-11-29 15:46:08 - [TEST_STEP][PASSED] - Statement - println("gender: " + xpathval): null

2017-11-29 15:46:08 - [TEST_STEP][PASSED] - Statement - repObj.findProperty("xpath").setValue(xpathval): null

2017-11-29 15:46:08 - [TEST_STEP][PASSED] - click: Object: 'Object Repository/PrimoTours/LandingPage/secondPaxFirstNameField' is clicked on

2017-11-29 15:46:08 - [MESSAGE][PASSED] - Object: 'Object Repository/PrimoTours/LandingPage/secondPaxFirstNameField' is clicked on

2017-11-29 15:46:08 - [TEST_STEP][PASSED] - Statement - If (i == 1 & j == 1): null

2017-11-29 15:46:08 - [TEST_STEP][PASSED] - Statement - randomPaxIndex = java.lang.Math.abs(new java.util.Random().nextInt() % excelRowNo) + 1: null

2017-11-29 15:46:08 - [TEST_STEP][PASSED] - Statement - fname = rawData.getValue("FirstName", randomPaxIndex) + " AUT": null

2017-11-29 15:46:08 - [TEST_STEP][PASSED] - Statement - lname = rawData.getValue("LastName", randomPaxIndex): null

2017-11-29 15:46:08 - [TEST_STEP][PASSED] - Statement - pgender = rawData.getValue("Gender", randomPaxIndex): null

2017-11-29 15:46:08 - [TEST_STEP][PASSED] - Statement - pday = rawData.getValue("Day DOB", randomPaxIndex): null

2017-11-29 15:46:08 - [TEST_STEP][PASSED] - Statement - pmonth = rawData.getValue("Month DOB", randomPaxIndex): null

2017-11-29 15:46:08 - [TEST_STEP][PASSED] - Statement - pyear = rawData.getValue("Year DOB", randomPaxIndex): null

2017-11-29 15:46:08 - [TEST_STEP][PASSED] - Statement - paxDetailFields = paxInRoomXpath + "[" + j + "]/div[@class="col-md-x col-md-9"]/div[@class="row paxContainer"][1]/div[contains(@class,"paxAttribute")]": null

2017-11-29 15:46:08 - [TEST_STEP][PASSED] - Statement - xpathval = paxDetailFields + "[1]/div[contains(@class,"form-group")]/input[contains(@class,"paxFirstName")]": null

2017-11-29 15:46:08 - [TEST_STEP][PASSED] - Statement - println("fn: " + xpathval): null

2017-11-29 15:46:08 - [TEST_STEP][PASSED] - Statement - repObj = com.kms.katalon.core.testobject.ObjectRepository.findTestObject(Object Repository/PrimoTours/LandingPage/secondPaxFirstNameField): Finding Test Object with id 'Object Repository/PrimoTours/LandingPage/secondPaxFirstNameField'

2017-11-29 15:46:08 - [TEST_STEP][PASSED] - Statement - repObj.findProperty("xpath").setValue(xpathval): null

2017-11-29 15:46:08 - [TEST_STEP][PASSED] - setText: Text 'Rasmussen AUT' is set on object 'Object Repository/PrimoTours/LandingPage/secondPaxFirstNameField'

2017-11-29 15:46:08 - [MESSAGE][PASSED] - Text 'Rasmussen AUT' is set on object 'Object Repository/PrimoTours/LandingPage/secondPaxFirstNameField'

2017-11-29 15:46:08 - [TEST_STEP][PASSED] - Statement - xpathval = paxDetailFields + "[2]/div[contains(@class,"form-group")]/input[contains(@class,"paxLastName")]": null

2017-11-29 15:46:08 - [TEST_STEP][PASSED] - Statement - println("ln: " + xpathval): null

2017-11-29 15:46:08 - [TEST_STEP][PASSED] - Statement - repObj = com.kms.katalon.core.testobject.ObjectRepository.findTestObject(Object Repository/PrimoTours/LandingPage/secondPaxFirstNameField): Finding Test Object with id 'Object Repository/PrimoTours/LandingPage/secondPaxFirstNameField'

2017-11-29 15:46:08 - [TEST_STEP][PASSED] - Statement - repObj.findProperty("xpath").setValue(xpathval): null

2017-11-29 15:46:08 - [TEST_STEP][PASSED] - setText: Text 'Lisbeth' is set on object 'Object Repository/PrimoTours/LandingPage/secondPaxFirstNameField'

2017-11-29 15:46:08 - [MESSAGE][PASSED] - Text 'Lisbeth' is set on object 'Object Repository/PrimoTours/LandingPage/secondPaxFirstNameField'

2017-11-29 15:46:08 - [TEST_STEP][PASSED] - Statement - repObj = com.kms.katalon.core.testobject.ObjectRepository.findTestObject(Object Repository/PrimoTours/LandingPage/secondPaxFirstNameField): Finding Test Object with id 'Object Repository/PrimoTours/LandingPage/secondPaxFirstNameField'

2017-11-29 15:46:08 - [TEST_STEP][PASSED] - Statement - xpathval = paxDetailFields + "[3]/div[contains(@class,"paxGenderSelectorContainer")]/span[contains(@class,"select2 select2-container")]/span[contains(@class,"selection")]/span[contains(@class,"select2-selection")]": null

2017-11-29 15:46:08 - [TEST_STEP][PASSED] - Statement - println("gender: " + xpathval): null

2017-11-29 15:46:08 - [TEST_STEP][PASSED] - Statement - repObj.findProperty("xpath").setValue(xpathval): null

2017-11-29 15:46:08 - [TEST_STEP][PASSED] - click: Object: 'Object Repository/PrimoTours/LandingPage/secondPaxFirstNameField' is clicked on

2017-11-29 15:46:08 - [MESSAGE][PASSED] - Object: 'Object Repository/PrimoTours/LandingPage/secondPaxFirstNameField' is clicked on

2017-11-29 15:46:08 - [TEST_STEP][PASSED] - scrollToElement: Scroll to object 'Object Repository/PrimoTours/Old Objects/Coco (1)/PrimoT/SaveBooking2/Success/bookingTotalValue' successfully

2017-11-29 15:46:08 - [MESSAGE][PASSED] - Scroll to object 'Object Repository/PrimoTours/Old Objects/Coco (1)/PrimoT/SaveBooking2/Success/bookingTotalValue' successfully

2017-11-29 15:46:08 - [TEST_STEP][PASSED] - click: Object: 'Object Repository/PrimoTours/Old Objects/Coco (1)/PrimoT/SaveBooking2/Success/bookingTotalValue' is clicked on

2017-11-29 15:46:09 - [MESSAGE][PASSED] - Object: 'Object Repository/PrimoTours/Old Objects/Coco (1)/PrimoT/SaveBooking2/Success/bookingTotalValue' is clicked on

2017-11-29 15:46:09 - [TEST_STEP][PASSED] - scrollToElement: Scroll to object 'Object Repository/PrimoTours/Old Objects/Coco (1)/PrimoT/SaveBooking2/Success/Page_Primo Tours  Danmarks bedste c/nextButtonOnLandingPage' successfully

2017-11-29 15:46:09 - [MESSAGE][PASSED] - Scroll to object 'Object Repository/PrimoTours/Old Objects/Coco (1)/PrimoT/SaveBooking2/Success/Page_Primo Tours  Danmarks bedste c/nextButtonOnLandingPage' successfully

2017-11-29 15:46:09 - [TEST_STEP][PASSED] - waitForElementClickable: Object 'Object Repository/PrimoTours/Old Objects/Coco (1)/PrimoT/SaveBooking2/Success/Page_Primo Tours  Danmarks bedste c/nextButtonOnLandingPage' is clickable

2017-11-29 15:46:09 - [MESSAGE][PASSED] - Object 'Object Repository/PrimoTours/Old Objects/Coco (1)/PrimoT/SaveBooking2/Success/Page_Primo Tours  Danmarks bedste c/nextButtonOnLandingPage' is clickable

2017-11-29 15:46:09 - [TEST_STEP][PASSED] - waitForElementVisible: Object 'Object Repository/PrimoTours/Old Objects/Coco (1)/PrimoT/SaveBooking2/Success/Page_Primo Tours  Danmarks bedste c/nextButtonOnLandingPage' is visible

2017-11-29 15:46:09 - [MESSAGE][PASSED] - Object 'Object Repository/PrimoTours/Old Objects/Coco (1)/PrimoT/SaveBooking2/Success/Page_Primo Tours  Danmarks bedste c/nextButtonOnLandingPage' is visible

2017-11-29 15:46:09 - [TEST_STEP][PASSED] - scrollToElement: Scroll to object 'Object Repository/PrimoTours/Old Objects/Coco (1)/PrimoT/SaveBooking2/Success/Page_Primo Tours  Danmarks bedste c/nextButtonOnLandingPage' successfully

2017-11-29 15:46:09 - [MESSAGE][PASSED] - Scroll to object 'Object Repository/PrimoTours/Old Objects/Coco (1)/PrimoT/SaveBooking2/Success/Page_Primo Tours  Danmarks bedste c/nextButtonOnLandingPage' successfully

2017-11-29 15:46:09 - [TEST_STEP][PASSED] - click: Object: 'Object Repository/PrimoTours/Old Objects/Coco (1)/PrimoT/SaveBooking2/Success/Page_Primo Tours  Danmarks bedste c/nextButtonOnLandingPage' is clicked on

2017-11-29 15:46:11 - [MESSAGE][PASSED] - Object: 'Object Repository/PrimoTours/Old Objects/Coco (1)/PrimoT/SaveBooking2/Success/Page_Primo Tours  Danmarks bedste c/nextButtonOnLandingPage' is clicked on

2017-11-29 15:46:11 - [TEST_STEP][PASSED] - delay: Delayed 3 second(s)

2017-11-29 15:46:14 - [MESSAGE][PASSED] - Delayed 3 second(s)

2017-11-29 15:46:14 - [TEST_STEP][PASSED] - waitForElementNotVisible: Object 'Object Repository/PrimoTours/Old Objects/CCenter/pageLoaderOverlayLayer' is NOT visible

2017-11-29 15:46:14 - [MESSAGE][PASSED] - Object 'Object Repository/PrimoTours/Old Objects/CCenter/pageLoaderOverlayLayer' is NOT visible

2017-11-29 15:46:14 - [TEST_STEP][PASSED] - scrollToElement: Scroll to object 'Object Repository/PrimoTours/Old Objects/Coco/PrimoT/Ins2/Page_Primo Tours  Danmarks bedste c/travelInsuranceFirstPaxSelector' successfully

2017-11-29 15:46:14 - [MESSAGE][PASSED] - Scroll to object 'Object Repository/PrimoTours/Old Objects/Coco/PrimoT/Ins2/Page_Primo Tours  Danmarks bedste c/travelInsuranceFirstPaxSelector' successfully

2017-11-29 15:46:14 - [TEST_STEP][PASSED] - waitForElementPresent: Object 'Object Repository/PrimoTours/Old Objects/Coco/PrimoT/Ins2/Page_Primo Tours  Danmarks bedste c/travelInsuranceFirstPaxSelector' is present

2017-11-29 15:46:14 - [MESSAGE][PASSED] - Object 'Object Repository/PrimoTours/Old Objects/Coco/PrimoT/Ins2/Page_Primo Tours  Danmarks bedste c/travelInsuranceFirstPaxSelector' is present

2017-11-29 15:46:14 - [TEST_STEP][PASSED] - waitForElementVisible: Object 'Object Repository/PrimoTours/Old Objects/Coco/PrimoT/Ins2/Page_Primo Tours  Danmarks bedste c/travelInsuranceFirstPaxSelector' is visible

2017-11-29 15:46:14 - [MESSAGE][PASSED] - Object 'Object Repository/PrimoTours/Old Objects/Coco/PrimoT/Ins2/Page_Primo Tours  Danmarks bedste c/travelInsuranceFirstPaxSelector' is visible

2017-11-29 15:46:14 - [TEST_STEP][PASSED] - waitForElementClickable: Object 'Object Repository/PrimoTours/Old Objects/Coco/PrimoT/Ins2/Page_Primo Tours  Danmarks bedste c/travelInsuranceFirstPaxSelector' is clickable

2017-11-29 15:46:14 - [MESSAGE][PASSED] - Object 'Object Repository/PrimoTours/Old Objects/Coco/PrimoT/Ins2/Page_Primo Tours  Danmarks bedste c/travelInsuranceFirstPaxSelector' is clickable

2017-11-29 15:46:14 - [TEST_STEP][PASSED] - click: Object: 'Object Repository/PrimoTours/Old Objects/Coco/PrimoT/Ins2/Page_Primo Tours  Danmarks bedste c/travelInsuranceFirstPaxSelector' is clicked on

2017-11-29 15:46:14 - [MESSAGE][PASSED] - Object: 'Object Repository/PrimoTours/Old Objects/Coco/PrimoT/Ins2/Page_Primo Tours  Danmarks bedste c/travelInsuranceFirstPaxSelector' is clicked on

2017-11-29 15:46:14 - [TEST_STEP][PASSED] - Statement - Try: Object: 'Object Repository/PrimoTours/Old Objects/Coco/PrimoT/Ins2/Page_Primo Tours  Danmarks bedste c/firstTravelInsuranceOption' is clicked on

2017-11-29 15:46:14 - [TEST_STEP][PASSED] - click: Object: 'Object Repository/PrimoTours/Old Objects/Coco/PrimoT/Ins2/Page_Primo Tours  Danmarks bedste c/firstTravelInsuranceOption' is clicked on

2017-11-29 15:46:15 - [MESSAGE][PASSED] - Object: 'Object Repository/PrimoTours/Old Objects/Coco/PrimoT/Ins2/Page_Primo Tours  Danmarks bedste c/firstTravelInsuranceOption' is clicked on

2017-11-29 15:46:15 - [TEST_STEP][NOT_RUN] - click: NOT_RUN: click

2017-11-29 15:46:15 - [MESSAGE][NOT_RUN] - NOT_RUN: click

2017-11-29 15:46:15 - [TEST_STEP][NOT_RUN] - scrollToElement: NOT_RUN: scrollToElement

2017-11-29 15:46:15 - [MESSAGE][NOT_RUN] - NOT_RUN: scrollToElement

2017-11-29 15:46:15 - [TEST_STEP][NOT_RUN] - click: NOT_RUN: click

2017-11-29 15:46:15 - [MESSAGE][NOT_RUN] - NOT_RUN: click

2017-11-29 15:46:15 - [TEST_STEP][PASSED] - waitForElementVisible: Object 'Object Repository/PrimoTours/Old Objects/Coco (1)/PrimoT/SaveBooking2/Page_Primo Tours  Danmarks bedste c/individualInsuranceCheckbox' is visible

2017-11-29 15:46:15 - [MESSAGE][PASSED] - Object 'Object Repository/PrimoTours/Old Objects/Coco (1)/PrimoT/SaveBooking2/Page_Primo Tours  Danmarks bedste c/individualInsuranceCheckbox' is visible

2017-11-29 15:46:15 - [TEST_STEP][PASSED] - scrollToElement: Scroll to object 'Object Repository/PrimoTours/Old Objects/Coco (1)/PrimoT/SaveBooking2/Page_Primo Tours  Danmarks bedste c/individualInsuranceCheckbox' successfully

2017-11-29 15:46:15 - [MESSAGE][PASSED] - Scroll to object 'Object Repository/PrimoTours/Old Objects/Coco (1)/PrimoT/SaveBooking2/Page_Primo Tours  Danmarks bedste c/individualInsuranceCheckbox' successfully

2017-11-29 15:46:15 - [TEST_STEP][PASSED] - click: Object: 'Object Repository/PrimoTours/Old Objects/Coco (1)/PrimoT/SaveBooking2/Page_Primo Tours  Danmarks bedste c/individualInsuranceCheckbox' is clicked on

2017-11-29 15:46:15 - [MESSAGE][PASSED] - Object: 'Object Repository/PrimoTours/Old Objects/Coco (1)/PrimoT/SaveBooking2/Page_Primo Tours  Danmarks bedste c/individualInsuranceCheckbox' is clicked on

2017-11-29 15:46:15 - [TEST_STEP][PASSED] - scrollToElement: Scroll to object 'Object Repository/PrimoTours/Old Objects/Coco (1)/PrimoT/SaveBooking2/Success/firstProdCategIndividualSelectionRadioB' successfully

2017-11-29 15:46:15 - [MESSAGE][PASSED] - Scroll to object 'Object Repository/PrimoTours/Old Objects/Coco (1)/PrimoT/SaveBooking2/Success/firstProdCategIndividualSelectionRadioB' successfully

2017-11-29 15:46:15 - [TEST_STEP][PASSED] - waitForElementClickable: Object 'Object Repository/PrimoTours/Old Objects/Coco (1)/PrimoT/SaveBooking2/Success/firstProdCategIndividualSelectionRadioB' is clickable

2017-11-29 15:46:15 - [MESSAGE][PASSED] - Object 'Object Repository/PrimoTours/Old Objects/Coco (1)/PrimoT/SaveBooking2/Success/firstProdCategIndividualSelectionRadioB' is clickable

2017-11-29 15:46:15 - [TEST_STEP][PASSED] - scrollToElement: Scroll to object 'Object Repository/PrimoTours/Old Objects/Coco (1)/PrimoT/SaveBooking2/Success/firstProdCategIndividualSelectionRadioB' successfully

2017-11-29 15:46:16 - [MESSAGE][PASSED] - Scroll to object 'Object Repository/PrimoTours/Old Objects/Coco (1)/PrimoT/SaveBooking2/Success/firstProdCategIndividualSelectionRadioB' successfully

2017-11-29 15:46:16 - [TEST_STEP][PASSED] - click: Object: 'Object Repository/PrimoTours/Old Objects/Coco (1)/PrimoT/SaveBooking2/Success/firstProdCategIndividualSelectionRadioB' is clicked on

2017-11-29 15:46:16 - [MESSAGE][PASSED] - Object: 'Object Repository/PrimoTours/Old Objects/Coco (1)/PrimoT/SaveBooking2/Success/firstProdCategIndividualSelectionRadioB' is clicked on

2017-11-29 15:46:16 - [TEST_STEP][PASSED] - scrollToElement: Scroll to object 'Object Repository/PrimoTours/Old Objects/Coco (1)/PrimoT/SaveBooking2/Success/firstProdCategSelectForAllPaxCheckbox' successfully

2017-11-29 15:46:16 - [MESSAGE][PASSED] - Scroll to object 'Object Repository/PrimoTours/Old Objects/Coco (1)/PrimoT/SaveBooking2/Success/firstProdCategSelectForAllPaxCheckbox' successfully

2017-11-29 15:46:16 - [TEST_STEP][PASSED] - waitForElementClickable: Object 'Object Repository/PrimoTours/Old Objects/Coco (1)/PrimoT/SaveBooking2/Success/firstProdCategSelectForAllPaxCheckbox' is clickable

2017-11-29 15:46:16 - [MESSAGE][PASSED] - Object 'Object Repository/PrimoTours/Old Objects/Coco (1)/PrimoT/SaveBooking2/Success/firstProdCategSelectForAllPaxCheckbox' is clickable

2017-11-29 15:46:16 - [TEST_STEP][PASSED] - click: Object: 'Object Repository/PrimoTours/Old Objects/Coco (1)/PrimoT/SaveBooking2/Success/firstProdCategSelectForAllPaxCheckbox' is clicked on

2017-11-29 15:46:16 - [MESSAGE][PASSED] - Object: 'Object Repository/PrimoTours/Old Objects/Coco (1)/PrimoT/SaveBooking2/Success/firstProdCategSelectForAllPaxCheckbox' is clicked on

2017-11-29 15:46:16 - [TEST_STEP][NOT_RUN] - scrollToElement: NOT_RUN: scrollToElement

2017-11-29 15:46:16 - [MESSAGE][NOT_RUN] - NOT_RUN: scrollToElement

2017-11-29 15:46:16 - [TEST_STEP][NOT_RUN] - scrollToElement: NOT_RUN: scrollToElement

2017-11-29 15:46:16 - [MESSAGE][NOT_RUN] - NOT_RUN: scrollToElement

2017-11-29 15:46:16 - [TEST_STEP][NOT_RUN] - click: NOT_RUN: click

2017-11-29 15:46:16 - [MESSAGE][NOT_RUN] - NOT_RUN: click

2017-11-29 15:46:16 - [TEST_STEP][PASSED] - scrollToElement: Scroll to object 'Object Repository/PrimoTours/ConfirmationPage/agreeTermsAndCondCheckbox' successfully

2017-11-29 15:46:16 - [MESSAGE][PASSED] - Scroll to object 'Object Repository/PrimoTours/ConfirmationPage/agreeTermsAndCondCheckbox' successfully

2017-11-29 15:46:16 - [TEST_STEP][PASSED] - click: Object: 'Object Repository/PrimoTours/ConfirmationPage/agreeTermsAndCondCheckbox' is clicked on

2017-11-29 15:46:17 - [MESSAGE][PASSED] - Object: 'Object Repository/PrimoTours/ConfirmationPage/agreeTermsAndCondCheckbox' is clicked on

2017-11-29 15:46:17 - [TEST_STEP][PASSED] - scrollToElement: Scroll to object 'Object Repository/PrimoTours/ConfirmationPage/placeBookingSpanInsideButton' successfully

2017-11-29 15:46:17 - [MESSAGE][PASSED] - Scroll to object 'Object Repository/PrimoTours/ConfirmationPage/placeBookingSpanInsideButton' successfully

2017-11-29 15:46:17 - [TEST_STEP][PASSED] - delay: Delayed 1 second(s)

2017-11-29 15:46:18 - [MESSAGE][PASSED] - Delayed 1 second(s)

2017-11-29 15:46:18 - [TEST_STEP][PASSED] - waitForElementClickable: Object 'Object Repository/PrimoTours/ConfirmationPage/placeBookingSpanInsideButton' is clickable

2017-11-29 15:46:18 - [MESSAGE][PASSED] - Object 'Object Repository/PrimoTours/ConfirmationPage/placeBookingSpanInsideButton' is clickable

2017-11-29 15:46:18 - [TEST_STEP][PASSED] - Statement - Try: Object: 'Object Repository/PrimoTours/ConfirmationPage/placeBookingSpanInsideButton' is clicked on

2017-11-29 15:46:18 - [TEST_STEP][PASSED] - click: Object: 'Object Repository/PrimoTours/ConfirmationPage/placeBookingSpanInsideButton' is clicked on

2017-11-29 15:46:18 - [MESSAGE][PASSED] - Object: 'Object Repository/PrimoTours/ConfirmationPage/placeBookingSpanInsideButton' is clicked on

2017-11-29 15:46:18 - [TEST_STEP][PASSED] - delay: Delayed 2 second(s)

2017-11-29 15:46:20 - [MESSAGE][PASSED] - Delayed 2 second(s)

2017-11-29 15:46:20 - [TEST_STEP][PASSED] - waitForPageLoad: Wait for page load successfully

2017-11-29 15:46:20 - [MESSAGE][PASSED] - Wait for page load successfully

2017-11-29 15:46:20 - [TEST_STEP][PASSED] - waitForJQueryLoad: jQuery is ready.

2017-11-29 15:46:24 - [MESSAGE][PASSED] - jQuery is ready.

2017-11-29 15:46:24 - [TEST_STEP][PASSED] - waitForElementPresent: Object 'Object Repository/PrimoTours/Old Objects/CCenter/pageLoaderOverlayLayer' is present

2017-11-29 15:46:24 - [MESSAGE][PASSED] - Object 'Object Repository/PrimoTours/Old Objects/CCenter/pageLoaderOverlayLayer' is present

2017-11-29 15:46:24 - [TEST_STEP][PASSED] - waitForElementNotVisible: Object 'Object Repository/PrimoTours/Old Objects/CCenter/pageLoaderOverlayLayer' is NOT visible

2017-11-29 15:46:25 - [MESSAGE][PASSED] - Object 'Object Repository/PrimoTours/Old Objects/CCenter/pageLoaderOverlayLayer' is NOT visible

2017-11-29 15:46:25 - [TEST_STEP][PASSED] - waitForElementPresent: Object 'Object Repository/PrimoTours/Old Objects/ThankYouPage/bookingNoContainer' is present

2017-11-29 15:46:25 - [MESSAGE][PASSED] - Object 'Object Repository/PrimoTours/Old Objects/ThankYouPage/bookingNoContainer' is present

2017-11-29 15:46:25 - [TEST_STEP][PASSED] - waitForElementClickable: Object 'Object Repository/PrimoTours/Old Objects/ThankYouPage/bookingNoContainer' is clickable

2017-11-29 15:46:25 - [MESSAGE][PASSED] - Object 'Object Repository/PrimoTours/Old Objects/ThankYouPage/bookingNoContainer' is clickable

2017-11-29 15:46:25 - [TEST_STEP][PASSED] - verifyElementVisible: Object 'Object Repository/PrimoTours/Old Objects/ThankYouPage/bookingNoContainer' is visible

2017-11-29 15:46:25 - [MESSAGE][PASSED] - Object 'Object Repository/PrimoTours/Old Objects/ThankYouPage/bookingNoContainer' is visible

2017-11-29 15:46:25 - [TEST_STEP][PASSED] - verifyElementVisible: Object 'Object Repository/PrimoTours/Old Objects/ThankYouPage/bookingTotalInfo' is visible

2017-11-29 15:46:25 - [MESSAGE][PASSED] - Object 'Object Repository/PrimoTours/Old Objects/ThankYouPage/bookingTotalInfo' is visible

2017-11-29 15:46:25 - [TEST_STEP][PASSED] - verifyElementVisible: Object 'Object Repository/PrimoTours/Old Objects/ThankYouPage/bookingTotalPriceBar' is visible

2017-11-29 15:46:25 - [MESSAGE][PASSED] - Object 'Object Repository/PrimoTours/Old Objects/ThankYouPage/bookingTotalPriceBar' is visible

2017-11-29 15:46:25 - [TEST_STEP][PASSED] - verifyElementVisible: Object 'Object Repository/PrimoTours/Old Objects/ThankYouPage/printTicketSpan' is visible

2017-11-29 15:46:25 - [MESSAGE][PASSED] - Object 'Object Repository/PrimoTours/Old Objects/ThankYouPage/printTicketSpan' is visible

2017-11-29 15:46:25 - [TEST_STEP][PASSED] - waitForElementClickable: Object 'Object Repository/PrimoTours/Old Objects/ThankYouPage/printTicketSpan' is clickable

2017-11-29 15:46:25 - [MESSAGE][PASSED] - Object 'Object Repository/PrimoTours/Old Objects/ThankYouPage/printTicketSpan' is clickable

2017-11-29 15:46:25 - [TEST_STEP][PASSED] - Statement - Try: Object: 'Object Repository/PrimoTours/Old Objects/ThankYouPage/printTicketSpan' is clicked on

2017-11-29 15:46:25 - [TEST_STEP][PASSED] - click: Object: 'Object Repository/PrimoTours/Old Objects/ThankYouPage/printTicketSpan' is clicked on

2017-11-29 15:46:30 - [MESSAGE][PASSED] - Object: 'Object Repository/PrimoTours/Old Objects/ThankYouPage/printTicketSpan' is clicked on

2017-11-29 15:46:30 - [TEST_STEP][PASSED] - delay: Delayed 2 second(s)

2017-11-29 15:46:32 - [MESSAGE][PASSED] - Delayed 2 second(s)

2017-11-29 15:46:32 - [TEST_STEP][PASSED] - waitForElementVisible: Object 'Object Repository/PrimoTours/Old Objects/ThankYouPage/cCenterButton' is visible

2017-11-29 15:46:33 - [MESSAGE][PASSED] - Object 'Object Repository/PrimoTours/Old Objects/ThankYouPage/cCenterButton' is visible

2017-11-29 15:46:33 - [TEST_STEP][PASSED] - waitForElementClickable: Object 'Object Repository/PrimoTours/Old Objects/ThankYouPage/cCenterButton' is clickable

2017-11-29 15:46:33 - [MESSAGE][PASSED] - Object 'Object Repository/PrimoTours/Old Objects/ThankYouPage/cCenterButton' is clickable

2017-11-29 15:46:33 - [TEST_STEP][PASSED] - click: Object: 'Object Repository/PrimoTours/Old Objects/ThankYouPage/cCenterButton' is clicked on

2017-11-29 15:46:33 - [MESSAGE][PASSED] - Object: 'Object Repository/PrimoTours/Old Objects/ThankYouPage/cCenterButton' is clicked on

2017-11-29 15:46:33 - [TEST_STEP][PASSED] - waitForPageLoad: Wait for page load successfully

2017-11-29 15:46:33 - [MESSAGE][PASSED] - Wait for page load successfully

2017-11-29 15:46:33 - [TEST_STEP][PASSED] - waitForJQueryLoad: jQuery is ready.

2017-11-29 15:46:33 - [MESSAGE][PASSED] - jQuery is ready.

2017-11-29 15:46:33 - [TEST_STEP][PASSED] - waitForElementPresent: Object 'Object Repository/PrimoTours/Old Objects/CCenter/pageLoaderOverlayLayer' is present

2017-11-29 15:46:33 - [MESSAGE][PASSED] - Object 'Object Repository/PrimoTours/Old Objects/CCenter/pageLoaderOverlayLayer' is present

2017-11-29 15:46:33 - [TEST_STEP][PASSED] - waitForElementNotVisible: Object 'Object Repository/PrimoTours/Old Objects/CCenter/pageLoaderOverlayLayer' is NOT visible

2017-11-29 15:46:33 - [MESSAGE][PASSED] - Object 'Object Repository/PrimoTours/Old Objects/CCenter/pageLoaderOverlayLayer' is NOT visible

2017-11-29 15:46:33 - [TEST_STEP][PASSED] - verifyElementVisible: Object 'Object Repository/PrimoTours/Old Objects/ThankYouPage/bookingNoContainer' is visible

2017-11-29 15:46:33 - [MESSAGE][PASSED] - Object 'Object Repository/PrimoTours/Old Objects/ThankYouPage/bookingNoContainer' is visible

2017-11-29 15:46:33 - [TEST_STEP][PASSED] - verifyElementVisible: Object 'Object Repository/PrimoTours/Old Objects/ThankYouPage/bookingTotalPriceBar' is visible

2017-11-29 15:46:33 - [MESSAGE][PASSED] - Object 'Object Repository/PrimoTours/Old Objects/ThankYouPage/bookingTotalPriceBar' is visible

2017-11-29 15:46:33 - [TEST_STEP][PASSED] - delay: Delayed 1 second(s)

2017-11-29 15:46:34 - [MESSAGE][PASSED] - Delayed 1 second(s)]]></system-out>
         <system-err><![CDATA[]]></system-err>
      </testcase>
      <testcase name="Test Cases/PrimoTours/WB Primo/WB Primo staging - place booking - Iteration 9" classname="Test Cases/PrimoTours/WB Primo/WB Primo staging - place booking" status="PASSED">
         <system-out><![CDATA[2017-11-29 15:46:35 - [TEST_CASE][PASSED] - Test Cases/PrimoTours/WB Primo/WB Primo staging - place booking - Iteration 9: Test Cases/PrimoTours/WB Primo/WB Primo staging - place booking

2017-11-29 15:46:35 - [TEST_STEP][PASSED] - openBrowser: Browser is opened with url: ''

2017-11-29 15:46:35 - [MESSAGE][WARNING] - A browser is already opened. Closing browser and opening a new one

2017-11-29 15:46:38 - [MESSAGE][PASSED] - Browser is opened with url: ''

2017-11-29 15:46:38 - [TEST_STEP][PASSED] - maximizeWindow: Current window maximized

2017-11-29 15:46:38 - [MESSAGE][PASSED] - Current window maximized

2017-11-29 15:46:38 - [TEST_STEP][PASSED] - navigateToUrl: Navigate to 'http://localhost:50029/DoBooking.aspx?pltaID=1480269&p=2&rno=1&pt=1&a=2&c=0&aa=&ca=' successfully

2017-11-29 15:46:39 - [MESSAGE][PASSED] - Navigate to 'http://localhost:50029/DoBooking.aspx?pltaID=1480269&p=2&rno=1&pt=1&a=2&c=0&aa=&ca=' successfully

2017-11-29 15:46:39 - [TEST_STEP][PASSED] - Statement - excelInfo = ["fname":"", "lname":"", "pgender":"", "pday":"", "pmonth":"", "pyear":""]: null

2017-11-29 15:46:39 - [TEST_STEP][PASSED] - Statement - rawData = com.kms.katalon.core.testdata.TestDataFactory.findTestData("Data Files/WB_Primo/Passenger_details"): Reading excel file with source file 'D:\Software testing\Tourpaq\Automated Katalon tests\Primo WB test\Data Files\Primo_URLs_For_Automated_Test.xls' and sheet name 'Passenger Names'

2017-11-29 15:46:39 - [TEST_STEP][PASSED] - Statement - excelRowNo = rawData.getRowNumbers(): null

2017-11-29 15:46:39 - [TEST_STEP][PASSED] - Statement - randomPaxIndex = java.lang.Math.abs(new java.util.Random().nextInt() % excelRowNo) + 1: null

2017-11-29 15:46:39 - [TEST_STEP][PASSED] - Statement - fname = rawData.getValue("FirstName", randomPaxIndex): null

2017-11-29 15:46:39 - [TEST_STEP][PASSED] - Statement - lname = rawData.getValue("LastName", randomPaxIndex): null

2017-11-29 15:46:39 - [TEST_STEP][PASSED] - Statement - pgender = rawData.getValue("Gender", randomPaxIndex): null

2017-11-29 15:46:39 - [TEST_STEP][PASSED] - setText: Text 'Kanstrup AUT' is set on object 'Object Repository/PrimoTours/Old Objects/Coco/PrimoT/Page_Primo Tours  Danmarks bedste c/input_firstName'

2017-11-29 15:46:39 - [MESSAGE][PASSED] - Text 'Kanstrup AUT' is set on object 'Object Repository/PrimoTours/Old Objects/Coco/PrimoT/Page_Primo Tours  Danmarks bedste c/input_firstName'

2017-11-29 15:46:39 - [TEST_STEP][PASSED] - setText: Text 'Helle Jeshøj' is set on object 'Object Repository/PrimoTours/Old Objects/Coco/PrimoT/Page_Primo Tours  Danmarks bedste c/input_lastName'

2017-11-29 15:46:39 - [MESSAGE][PASSED] - Text 'Helle Jeshøj' is set on object 'Object Repository/PrimoTours/Old Objects/Coco/PrimoT/Page_Primo Tours  Danmarks bedste c/input_lastName'

2017-11-29 15:46:39 - [TEST_STEP][PASSED] - click: Object: 'Object Repository/PrimoTours/LandingPage/customerGender' is clicked on

2017-11-29 15:46:39 - [MESSAGE][PASSED] - Object: 'Object Repository/PrimoTours/LandingPage/customerGender' is clicked on

2017-11-29 15:46:39 - [TEST_STEP][PASSED] - setText: Text 'Home address' is set on object 'Object Repository/PrimoTours/Old Objects/Coco/PrimoT/Page_Primo Tours  Danmarks bedste c/input_customerAddress'

2017-11-29 15:46:39 - [MESSAGE][PASSED] - Text 'Home address' is set on object 'Object Repository/PrimoTours/Old Objects/Coco/PrimoT/Page_Primo Tours  Danmarks bedste c/input_customerAddress'

2017-11-29 15:46:39 - [TEST_STEP][PASSED] - setText: Text '6700' is set on object 'Object Repository/PrimoTours/Old Objects/Coco/PrimoT/Page_Primo Tours  Danmarks bedste c/input_customerPostcode'

2017-11-29 15:46:39 - [MESSAGE][PASSED] - Text '6700' is set on object 'Object Repository/PrimoTours/Old Objects/Coco/PrimoT/Page_Primo Tours  Danmarks bedste c/input_customerPostcode'

2017-11-29 15:46:39 - [TEST_STEP][PASSED] - setText: Text 'cornel.neacsu@roweb.ro' is set on object 'Object Repository/PrimoTours/Old Objects/Coco/PrimoT/Page_Primo Tours  Danmarks bedste c/input_customerEmail'

2017-11-29 15:46:39 - [MESSAGE][PASSED] - Text 'cornel.neacsu@roweb.ro' is set on object 'Object Repository/PrimoTours/Old Objects/Coco/PrimoT/Page_Primo Tours  Danmarks bedste c/input_customerEmail'

2017-11-29 15:46:39 - [TEST_STEP][PASSED] - setText: Text '12345678' is set on object 'Object Repository/PrimoTours/Old Objects/Coco/PrimoT/Page_Primo Tours  Danmarks bedste c/input_customerPhone'

2017-11-29 15:46:40 - [MESSAGE][PASSED] - Text '12345678' is set on object 'Object Repository/PrimoTours/Old Objects/Coco/PrimoT/Page_Primo Tours  Danmarks bedste c/input_customerPhone'

2017-11-29 15:46:40 - [TEST_STEP][PASSED] - waitForElementClickable: Object 'Object Repository/PrimoTours/Old Objects/Coco/PrimoT/Page_Primo Tours  Danmarks bedste c/input_firstname-0_1' is clickable

2017-11-29 15:46:42 - [MESSAGE][PASSED] - Object 'Object Repository/PrimoTours/Old Objects/Coco/PrimoT/Page_Primo Tours  Danmarks bedste c/input_firstname-0_1' is clickable

2017-11-29 15:46:42 - [TEST_STEP][PASSED] - Statement - driver = com.kms.katalon.core.webui.driver.DriverFactory.getWebDriver(): null

2017-11-29 15:46:42 - [TEST_STEP][PASSED] - Statement - roomContainerXpath = "id("roomAndStaticOptionsContainer")/div[@class="row"]/div[@class="col-md-12 roomContainer"]": null

2017-11-29 15:46:42 - [TEST_STEP][PASSED] - Statement - roomsCount = driver.findElements(org.openqa.selenium.By.xpath(roomContainerXpath)).size(): null

2017-11-29 15:46:42 - [TEST_STEP][PASSED] - Statement - println("roomsCount=" + roomsCount): null

2017-11-29 15:46:42 - [TEST_STEP][PASSED] - Statement - For ([i = 1, i <= roomsCount, (i++)]): Object: 'Object Repository/PrimoTours/LandingPage/secondPaxFirstNameField' is clicked on

2017-11-29 15:46:42 - [TEST_STEP][PASSED] - Statement - paxInRoomXpath = "id("passengersContainer_" + i - 1 + "")/div[@class="col-md-12"]/div[@class="row"]": null

2017-11-29 15:46:42 - [TEST_STEP][PASSED] - Statement - println("paxInRoomXpath=" + paxInRoomXpath): null

2017-11-29 15:46:42 - [TEST_STEP][PASSED] - Statement - paxInRoomCount = driver.findElements(org.openqa.selenium.By.xpath(paxInRoomXpath)).size(): null

2017-11-29 15:46:42 - [TEST_STEP][PASSED] - Statement - println("paxInRoomCount=" + paxInRoomCount): null

2017-11-29 15:46:42 - [TEST_STEP][PASSED] - Statement - For ([j = 1, j <= paxInRoomCount, (j++)]): Object: 'Object Repository/PrimoTours/LandingPage/secondPaxFirstNameField' is clicked on

2017-11-29 15:46:42 - [TEST_STEP][PASSED] - Statement - If (i == 1 & j == 1): null

2017-11-29 15:46:42 - [TEST_STEP][PASSED] - Statement - <not implemented yet for class: org.codehaus.groovy.ast.stmt.ContinueStatement>: null

2017-11-29 15:46:42 - [TEST_STEP][PASSED] - Statement - If (i == 1 & j == 1): null

2017-11-29 15:46:42 - [TEST_STEP][PASSED] - Statement - randomPaxIndex = java.lang.Math.abs(new java.util.Random().nextInt() % excelRowNo) + 1: null

2017-11-29 15:46:42 - [TEST_STEP][PASSED] - Statement - fname = rawData.getValue("FirstName", randomPaxIndex) + " AUT": null

2017-11-29 15:46:42 - [TEST_STEP][PASSED] - Statement - lname = rawData.getValue("LastName", randomPaxIndex): null

2017-11-29 15:46:42 - [TEST_STEP][PASSED] - Statement - pgender = rawData.getValue("Gender", randomPaxIndex): null

2017-11-29 15:46:42 - [TEST_STEP][PASSED] - Statement - pday = rawData.getValue("Day DOB", randomPaxIndex): null

2017-11-29 15:46:42 - [TEST_STEP][PASSED] - Statement - pmonth = rawData.getValue("Month DOB", randomPaxIndex): null

2017-11-29 15:46:42 - [TEST_STEP][PASSED] - Statement - pyear = rawData.getValue("Year DOB", randomPaxIndex): null

2017-11-29 15:46:42 - [TEST_STEP][PASSED] - Statement - paxDetailFields = paxInRoomXpath + "[" + j + "]/div[@class="col-md-x col-md-9"]/div[@class="row paxContainer"][1]/div[contains(@class,"paxAttribute")]": null

2017-11-29 15:46:42 - [TEST_STEP][PASSED] - Statement - xpathval = paxDetailFields + "[1]/div[contains(@class,"form-group")]/input[contains(@class,"paxFirstName")]": null

2017-11-29 15:46:42 - [TEST_STEP][PASSED] - Statement - println("fn: " + xpathval): null

2017-11-29 15:46:42 - [TEST_STEP][PASSED] - Statement - repObj = com.kms.katalon.core.testobject.ObjectRepository.findTestObject(Object Repository/PrimoTours/LandingPage/secondPaxFirstNameField): Finding Test Object with id 'Object Repository/PrimoTours/LandingPage/secondPaxFirstNameField'

2017-11-29 15:46:42 - [TEST_STEP][PASSED] - Statement - repObj.findProperty("xpath").setValue(xpathval): null

2017-11-29 15:46:42 - [TEST_STEP][PASSED] - setText: Text 'Søndergaard AUT' is set on object 'Object Repository/PrimoTours/LandingPage/secondPaxFirstNameField'

2017-11-29 15:46:42 - [MESSAGE][PASSED] - Text 'Søndergaard AUT' is set on object 'Object Repository/PrimoTours/LandingPage/secondPaxFirstNameField'

2017-11-29 15:46:42 - [TEST_STEP][PASSED] - Statement - xpathval = paxDetailFields + "[2]/div[contains(@class,"form-group")]/input[contains(@class,"paxLastName")]": null

2017-11-29 15:46:42 - [TEST_STEP][PASSED] - Statement - println("ln: " + xpathval): null

2017-11-29 15:46:42 - [TEST_STEP][PASSED] - Statement - repObj = com.kms.katalon.core.testobject.ObjectRepository.findTestObject(Object Repository/PrimoTours/LandingPage/secondPaxFirstNameField): Finding Test Object with id 'Object Repository/PrimoTours/LandingPage/secondPaxFirstNameField'

2017-11-29 15:46:42 - [TEST_STEP][PASSED] - Statement - repObj.findProperty("xpath").setValue(xpathval): null

2017-11-29 15:46:42 - [TEST_STEP][PASSED] - setText: Text 'Gretie Skov' is set on object 'Object Repository/PrimoTours/LandingPage/secondPaxFirstNameField'

2017-11-29 15:46:42 - [MESSAGE][PASSED] - Text 'Gretie Skov' is set on object 'Object Repository/PrimoTours/LandingPage/secondPaxFirstNameField'

2017-11-29 15:46:42 - [TEST_STEP][PASSED] - Statement - repObj = com.kms.katalon.core.testobject.ObjectRepository.findTestObject(Object Repository/PrimoTours/LandingPage/secondPaxFirstNameField): Finding Test Object with id 'Object Repository/PrimoTours/LandingPage/secondPaxFirstNameField'

2017-11-29 15:46:42 - [TEST_STEP][PASSED] - Statement - xpathval = paxDetailFields + "[3]/div[contains(@class,"paxGenderSelectorContainer")]/span[contains(@class,"select2 select2-container")]/span[contains(@class,"selection")]/span[contains(@class,"select2-selection")]": null

2017-11-29 15:46:42 - [TEST_STEP][PASSED] - Statement - println("gender: " + xpathval): null

2017-11-29 15:46:42 - [TEST_STEP][PASSED] - Statement - repObj.findProperty("xpath").setValue(xpathval): null

2017-11-29 15:46:42 - [TEST_STEP][PASSED] - click: Object: 'Object Repository/PrimoTours/LandingPage/secondPaxFirstNameField' is clicked on

2017-11-29 15:46:42 - [MESSAGE][PASSED] - Object: 'Object Repository/PrimoTours/LandingPage/secondPaxFirstNameField' is clicked on

2017-11-29 15:46:42 - [TEST_STEP][PASSED] - scrollToElement: Scroll to object 'Object Repository/PrimoTours/Old Objects/Coco (1)/PrimoT/SaveBooking2/Success/bookingTotalValue' successfully

2017-11-29 15:46:42 - [MESSAGE][PASSED] - Scroll to object 'Object Repository/PrimoTours/Old Objects/Coco (1)/PrimoT/SaveBooking2/Success/bookingTotalValue' successfully

2017-11-29 15:46:42 - [TEST_STEP][PASSED] - click: Object: 'Object Repository/PrimoTours/Old Objects/Coco (1)/PrimoT/SaveBooking2/Success/bookingTotalValue' is clicked on

2017-11-29 15:46:43 - [MESSAGE][PASSED] - Object: 'Object Repository/PrimoTours/Old Objects/Coco (1)/PrimoT/SaveBooking2/Success/bookingTotalValue' is clicked on

2017-11-29 15:46:43 - [TEST_STEP][PASSED] - scrollToElement: Scroll to object 'Object Repository/PrimoTours/Old Objects/Coco (1)/PrimoT/SaveBooking2/Success/Page_Primo Tours  Danmarks bedste c/nextButtonOnLandingPage' successfully

2017-11-29 15:46:43 - [MESSAGE][PASSED] - Scroll to object 'Object Repository/PrimoTours/Old Objects/Coco (1)/PrimoT/SaveBooking2/Success/Page_Primo Tours  Danmarks bedste c/nextButtonOnLandingPage' successfully

2017-11-29 15:46:43 - [TEST_STEP][PASSED] - waitForElementClickable: Object 'Object Repository/PrimoTours/Old Objects/Coco (1)/PrimoT/SaveBooking2/Success/Page_Primo Tours  Danmarks bedste c/nextButtonOnLandingPage' is clickable

2017-11-29 15:46:43 - [MESSAGE][PASSED] - Object 'Object Repository/PrimoTours/Old Objects/Coco (1)/PrimoT/SaveBooking2/Success/Page_Primo Tours  Danmarks bedste c/nextButtonOnLandingPage' is clickable

2017-11-29 15:46:43 - [TEST_STEP][PASSED] - waitForElementVisible: Object 'Object Repository/PrimoTours/Old Objects/Coco (1)/PrimoT/SaveBooking2/Success/Page_Primo Tours  Danmarks bedste c/nextButtonOnLandingPage' is visible

2017-11-29 15:46:43 - [MESSAGE][PASSED] - Object 'Object Repository/PrimoTours/Old Objects/Coco (1)/PrimoT/SaveBooking2/Success/Page_Primo Tours  Danmarks bedste c/nextButtonOnLandingPage' is visible

2017-11-29 15:46:43 - [TEST_STEP][PASSED] - scrollToElement: Scroll to object 'Object Repository/PrimoTours/Old Objects/Coco (1)/PrimoT/SaveBooking2/Success/Page_Primo Tours  Danmarks bedste c/nextButtonOnLandingPage' successfully

2017-11-29 15:46:43 - [MESSAGE][PASSED] - Scroll to object 'Object Repository/PrimoTours/Old Objects/Coco (1)/PrimoT/SaveBooking2/Success/Page_Primo Tours  Danmarks bedste c/nextButtonOnLandingPage' successfully

2017-11-29 15:46:43 - [TEST_STEP][PASSED] - click: Object: 'Object Repository/PrimoTours/Old Objects/Coco (1)/PrimoT/SaveBooking2/Success/Page_Primo Tours  Danmarks bedste c/nextButtonOnLandingPage' is clicked on

2017-11-29 15:46:44 - [MESSAGE][PASSED] - Object: 'Object Repository/PrimoTours/Old Objects/Coco (1)/PrimoT/SaveBooking2/Success/Page_Primo Tours  Danmarks bedste c/nextButtonOnLandingPage' is clicked on

2017-11-29 15:46:44 - [TEST_STEP][PASSED] - delay: Delayed 3 second(s)

2017-11-29 15:46:47 - [MESSAGE][PASSED] - Delayed 3 second(s)

2017-11-29 15:46:47 - [TEST_STEP][PASSED] - waitForElementNotVisible: Object 'Object Repository/PrimoTours/Old Objects/CCenter/pageLoaderOverlayLayer' is NOT visible

2017-11-29 15:46:47 - [MESSAGE][PASSED] - Object 'Object Repository/PrimoTours/Old Objects/CCenter/pageLoaderOverlayLayer' is NOT visible

2017-11-29 15:46:47 - [TEST_STEP][PASSED] - scrollToElement: Scroll to object 'Object Repository/PrimoTours/Old Objects/Coco/PrimoT/Ins2/Page_Primo Tours  Danmarks bedste c/travelInsuranceFirstPaxSelector' successfully

2017-11-29 15:46:47 - [MESSAGE][PASSED] - Scroll to object 'Object Repository/PrimoTours/Old Objects/Coco/PrimoT/Ins2/Page_Primo Tours  Danmarks bedste c/travelInsuranceFirstPaxSelector' successfully

2017-11-29 15:46:47 - [TEST_STEP][PASSED] - waitForElementPresent: Object 'Object Repository/PrimoTours/Old Objects/Coco/PrimoT/Ins2/Page_Primo Tours  Danmarks bedste c/travelInsuranceFirstPaxSelector' is present

2017-11-29 15:46:47 - [MESSAGE][PASSED] - Object 'Object Repository/PrimoTours/Old Objects/Coco/PrimoT/Ins2/Page_Primo Tours  Danmarks bedste c/travelInsuranceFirstPaxSelector' is present

2017-11-29 15:46:47 - [TEST_STEP][PASSED] - waitForElementVisible: Object 'Object Repository/PrimoTours/Old Objects/Coco/PrimoT/Ins2/Page_Primo Tours  Danmarks bedste c/travelInsuranceFirstPaxSelector' is visible

2017-11-29 15:46:47 - [MESSAGE][PASSED] - Object 'Object Repository/PrimoTours/Old Objects/Coco/PrimoT/Ins2/Page_Primo Tours  Danmarks bedste c/travelInsuranceFirstPaxSelector' is visible

2017-11-29 15:46:47 - [TEST_STEP][PASSED] - waitForElementClickable: Object 'Object Repository/PrimoTours/Old Objects/Coco/PrimoT/Ins2/Page_Primo Tours  Danmarks bedste c/travelInsuranceFirstPaxSelector' is clickable

2017-11-29 15:46:47 - [MESSAGE][PASSED] - Object 'Object Repository/PrimoTours/Old Objects/Coco/PrimoT/Ins2/Page_Primo Tours  Danmarks bedste c/travelInsuranceFirstPaxSelector' is clickable

2017-11-29 15:46:47 - [TEST_STEP][PASSED] - click: Object: 'Object Repository/PrimoTours/Old Objects/Coco/PrimoT/Ins2/Page_Primo Tours  Danmarks bedste c/travelInsuranceFirstPaxSelector' is clicked on

2017-11-29 15:46:47 - [MESSAGE][PASSED] - Object: 'Object Repository/PrimoTours/Old Objects/Coco/PrimoT/Ins2/Page_Primo Tours  Danmarks bedste c/travelInsuranceFirstPaxSelector' is clicked on

2017-11-29 15:46:47 - [TEST_STEP][PASSED] - Statement - Try: Object: 'Object Repository/PrimoTours/Old Objects/Coco/PrimoT/Ins2/Page_Primo Tours  Danmarks bedste c/firstTravelInsuranceOption' is clicked on

2017-11-29 15:46:47 - [TEST_STEP][PASSED] - click: Object: 'Object Repository/PrimoTours/Old Objects/Coco/PrimoT/Ins2/Page_Primo Tours  Danmarks bedste c/firstTravelInsuranceOption' is clicked on

2017-11-29 15:46:47 - [MESSAGE][PASSED] - Object: 'Object Repository/PrimoTours/Old Objects/Coco/PrimoT/Ins2/Page_Primo Tours  Danmarks bedste c/firstTravelInsuranceOption' is clicked on

2017-11-29 15:46:47 - [TEST_STEP][NOT_RUN] - click: NOT_RUN: click

2017-11-29 15:46:47 - [MESSAGE][NOT_RUN] - NOT_RUN: click

2017-11-29 15:46:47 - [TEST_STEP][NOT_RUN] - scrollToElement: NOT_RUN: scrollToElement

2017-11-29 15:46:47 - [MESSAGE][NOT_RUN] - NOT_RUN: scrollToElement

2017-11-29 15:46:47 - [TEST_STEP][NOT_RUN] - click: NOT_RUN: click

2017-11-29 15:46:47 - [MESSAGE][NOT_RUN] - NOT_RUN: click

2017-11-29 15:46:47 - [TEST_STEP][PASSED] - waitForElementVisible: Object 'Object Repository/PrimoTours/Old Objects/Coco (1)/PrimoT/SaveBooking2/Page_Primo Tours  Danmarks bedste c/individualInsuranceCheckbox' is visible

2017-11-29 15:46:47 - [MESSAGE][PASSED] - Object 'Object Repository/PrimoTours/Old Objects/Coco (1)/PrimoT/SaveBooking2/Page_Primo Tours  Danmarks bedste c/individualInsuranceCheckbox' is visible

2017-11-29 15:46:47 - [TEST_STEP][PASSED] - scrollToElement: Scroll to object 'Object Repository/PrimoTours/Old Objects/Coco (1)/PrimoT/SaveBooking2/Page_Primo Tours  Danmarks bedste c/individualInsuranceCheckbox' successfully

2017-11-29 15:46:48 - [MESSAGE][PASSED] - Scroll to object 'Object Repository/PrimoTours/Old Objects/Coco (1)/PrimoT/SaveBooking2/Page_Primo Tours  Danmarks bedste c/individualInsuranceCheckbox' successfully

2017-11-29 15:46:48 - [TEST_STEP][PASSED] - click: Object: 'Object Repository/PrimoTours/Old Objects/Coco (1)/PrimoT/SaveBooking2/Page_Primo Tours  Danmarks bedste c/individualInsuranceCheckbox' is clicked on

2017-11-29 15:46:48 - [MESSAGE][PASSED] - Object: 'Object Repository/PrimoTours/Old Objects/Coco (1)/PrimoT/SaveBooking2/Page_Primo Tours  Danmarks bedste c/individualInsuranceCheckbox' is clicked on

2017-11-29 15:46:48 - [TEST_STEP][PASSED] - scrollToElement: Scroll to object 'Object Repository/PrimoTours/Old Objects/Coco (1)/PrimoT/SaveBooking2/Success/firstProdCategIndividualSelectionRadioB' successfully

2017-11-29 15:46:48 - [MESSAGE][PASSED] - Scroll to object 'Object Repository/PrimoTours/Old Objects/Coco (1)/PrimoT/SaveBooking2/Success/firstProdCategIndividualSelectionRadioB' successfully

2017-11-29 15:46:48 - [TEST_STEP][PASSED] - waitForElementClickable: Object 'Object Repository/PrimoTours/Old Objects/Coco (1)/PrimoT/SaveBooking2/Success/firstProdCategIndividualSelectionRadioB' is clickable

2017-11-29 15:46:48 - [MESSAGE][PASSED] - Object 'Object Repository/PrimoTours/Old Objects/Coco (1)/PrimoT/SaveBooking2/Success/firstProdCategIndividualSelectionRadioB' is clickable

2017-11-29 15:46:48 - [TEST_STEP][PASSED] - scrollToElement: Scroll to object 'Object Repository/PrimoTours/Old Objects/Coco (1)/PrimoT/SaveBooking2/Success/firstProdCategIndividualSelectionRadioB' successfully

2017-11-29 15:46:48 - [MESSAGE][PASSED] - Scroll to object 'Object Repository/PrimoTours/Old Objects/Coco (1)/PrimoT/SaveBooking2/Success/firstProdCategIndividualSelectionRadioB' successfully

2017-11-29 15:46:48 - [TEST_STEP][PASSED] - click: Object: 'Object Repository/PrimoTours/Old Objects/Coco (1)/PrimoT/SaveBooking2/Success/firstProdCategIndividualSelectionRadioB' is clicked on

2017-11-29 15:46:48 - [MESSAGE][PASSED] - Object: 'Object Repository/PrimoTours/Old Objects/Coco (1)/PrimoT/SaveBooking2/Success/firstProdCategIndividualSelectionRadioB' is clicked on

2017-11-29 15:46:48 - [TEST_STEP][PASSED] - scrollToElement: Scroll to object 'Object Repository/PrimoTours/Old Objects/Coco (1)/PrimoT/SaveBooking2/Success/firstProdCategSelectForAllPaxCheckbox' successfully

2017-11-29 15:46:48 - [MESSAGE][PASSED] - Scroll to object 'Object Repository/PrimoTours/Old Objects/Coco (1)/PrimoT/SaveBooking2/Success/firstProdCategSelectForAllPaxCheckbox' successfully

2017-11-29 15:46:48 - [TEST_STEP][PASSED] - waitForElementClickable: Object 'Object Repository/PrimoTours/Old Objects/Coco (1)/PrimoT/SaveBooking2/Success/firstProdCategSelectForAllPaxCheckbox' is clickable

2017-11-29 15:46:48 - [MESSAGE][PASSED] - Object 'Object Repository/PrimoTours/Old Objects/Coco (1)/PrimoT/SaveBooking2/Success/firstProdCategSelectForAllPaxCheckbox' is clickable

2017-11-29 15:46:48 - [TEST_STEP][PASSED] - click: Object: 'Object Repository/PrimoTours/Old Objects/Coco (1)/PrimoT/SaveBooking2/Success/firstProdCategSelectForAllPaxCheckbox' is clicked on

2017-11-29 15:46:49 - [MESSAGE][PASSED] - Object: 'Object Repository/PrimoTours/Old Objects/Coco (1)/PrimoT/SaveBooking2/Success/firstProdCategSelectForAllPaxCheckbox' is clicked on

2017-11-29 15:46:49 - [TEST_STEP][NOT_RUN] - scrollToElement: NOT_RUN: scrollToElement

2017-11-29 15:46:49 - [MESSAGE][NOT_RUN] - NOT_RUN: scrollToElement

2017-11-29 15:46:49 - [TEST_STEP][NOT_RUN] - scrollToElement: NOT_RUN: scrollToElement

2017-11-29 15:46:49 - [MESSAGE][NOT_RUN] - NOT_RUN: scrollToElement

2017-11-29 15:46:49 - [TEST_STEP][NOT_RUN] - click: NOT_RUN: click

2017-11-29 15:46:49 - [MESSAGE][NOT_RUN] - NOT_RUN: click

2017-11-29 15:46:49 - [TEST_STEP][PASSED] - scrollToElement: Scroll to object 'Object Repository/PrimoTours/ConfirmationPage/agreeTermsAndCondCheckbox' successfully

2017-11-29 15:46:49 - [MESSAGE][PASSED] - Scroll to object 'Object Repository/PrimoTours/ConfirmationPage/agreeTermsAndCondCheckbox' successfully

2017-11-29 15:46:49 - [TEST_STEP][PASSED] - click: Object: 'Object Repository/PrimoTours/ConfirmationPage/agreeTermsAndCondCheckbox' is clicked on

2017-11-29 15:46:49 - [MESSAGE][PASSED] - Object: 'Object Repository/PrimoTours/ConfirmationPage/agreeTermsAndCondCheckbox' is clicked on

2017-11-29 15:46:49 - [TEST_STEP][PASSED] - scrollToElement: Scroll to object 'Object Repository/PrimoTours/ConfirmationPage/placeBookingSpanInsideButton' successfully

2017-11-29 15:46:49 - [MESSAGE][PASSED] - Scroll to object 'Object Repository/PrimoTours/ConfirmationPage/placeBookingSpanInsideButton' successfully

2017-11-29 15:46:49 - [TEST_STEP][PASSED] - delay: Delayed 1 second(s)

2017-11-29 15:46:50 - [MESSAGE][PASSED] - Delayed 1 second(s)

2017-11-29 15:46:50 - [TEST_STEP][PASSED] - waitForElementClickable: Object 'Object Repository/PrimoTours/ConfirmationPage/placeBookingSpanInsideButton' is clickable

2017-11-29 15:46:50 - [MESSAGE][PASSED] - Object 'Object Repository/PrimoTours/ConfirmationPage/placeBookingSpanInsideButton' is clickable

2017-11-29 15:46:50 - [TEST_STEP][PASSED] - Statement - Try: Object: 'Object Repository/PrimoTours/ConfirmationPage/placeBookingSpanInsideButton' is clicked on

2017-11-29 15:46:50 - [TEST_STEP][PASSED] - click: Object: 'Object Repository/PrimoTours/ConfirmationPage/placeBookingSpanInsideButton' is clicked on

2017-11-29 15:46:50 - [MESSAGE][PASSED] - Object: 'Object Repository/PrimoTours/ConfirmationPage/placeBookingSpanInsideButton' is clicked on

2017-11-29 15:46:50 - [TEST_STEP][PASSED] - delay: Delayed 2 second(s)

2017-11-29 15:46:52 - [MESSAGE][PASSED] - Delayed 2 second(s)

2017-11-29 15:46:52 - [TEST_STEP][PASSED] - waitForPageLoad: Wait for page load successfully

2017-11-29 15:46:52 - [MESSAGE][PASSED] - Wait for page load successfully

2017-11-29 15:46:52 - [TEST_STEP][PASSED] - waitForJQueryLoad: jQuery is ready.

2017-11-29 15:46:53 - [MESSAGE][PASSED] - jQuery is ready.

2017-11-29 15:46:53 - [TEST_STEP][PASSED] - waitForElementPresent: Object 'Object Repository/PrimoTours/Old Objects/CCenter/pageLoaderOverlayLayer' is present

2017-11-29 15:46:53 - [MESSAGE][PASSED] - Object 'Object Repository/PrimoTours/Old Objects/CCenter/pageLoaderOverlayLayer' is present

2017-11-29 15:46:53 - [TEST_STEP][PASSED] - waitForElementNotVisible: Unable to wait for object 'Object Repository/PrimoTours/Old Objects/CCenter/pageLoaderOverlayLayer' to be NOT visible (Root cause: org.openqa.selenium.StaleElementReferenceException: The element reference of <div id="booking-overlay" class="se-pre-con"> stale; either the element is no longer attached to the DOM, it is not in the current frame context, or the document has been refreshed
For documentation on this error, please visit: http://seleniumhq.org/exceptions/stale_element_reference.html
Build info: version: '3.7.1', revision: '8a0099a', time: '2017-11-06T21:07:36.161Z'
System info: host: 'NEACSUNEW-PC', ip: '10.10.10.211', os.name: 'Windows 8.1', os.arch: 'amd64', os.version: '6.3', java.version: '1.8.0_102'
Driver info: com.kms.katalon.core.webui.driver.firefox.CGeckoDriver
Capabilities {acceptInsecureCerts: true, browserName: firefox, browserVersion: 57.0, javascriptEnabled: true, moz:accessibilityChecks: false, moz:headless: false, moz:processID: 20376, moz:profile: C:\Users\Cornel\AppData\Loc..., moz:webdriverClick: false, pageLoadStrategy: normal, platform: XP, platformName: XP, platformVersion: 6.3, proxy: Proxy(direct), rotatable: false, timeouts: {implicit: 0, pageLoad: 300000, script: 30000}}
Session ID: 255b6451-f5c2-4216-9629-f9fdbd81698a)

2017-11-29 15:46:53 - [MESSAGE][WARNING] - Unable to wait for object 'Object Repository/PrimoTours/Old Objects/CCenter/pageLoaderOverlayLayer' to be NOT visible (Root cause: org.openqa.selenium.StaleElementReferenceException: The element reference of <div id="booking-overlay" class="se-pre-con"> stale; either the element is no longer attached to the DOM, it is not in the current frame context, or the document has been refreshed
For documentation on this error, please visit: http://seleniumhq.org/exceptions/stale_element_reference.html
Build info: version: '3.7.1', revision: '8a0099a', time: '2017-11-06T21:07:36.161Z'
System info: host: 'NEACSUNEW-PC', ip: '10.10.10.211', os.name: 'Windows 8.1', os.arch: 'amd64', os.version: '6.3', java.version: '1.8.0_102'
Driver info: com.kms.katalon.core.webui.driver.firefox.CGeckoDriver
Capabilities {acceptInsecureCerts: true, browserName: firefox, browserVersion: 57.0, javascriptEnabled: true, moz:accessibilityChecks: false, moz:headless: false, moz:processID: 20376, moz:profile: C:\Users\Cornel\AppData\Loc..., moz:webdriverClick: false, pageLoadStrategy: normal, platform: XP, platformName: XP, platformVersion: 6.3, proxy: Proxy(direct), rotatable: false, timeouts: {implicit: 0, pageLoad: 300000, script: 30000}}
Session ID: 255b6451-f5c2-4216-9629-f9fdbd81698a)
[[ATTACHMENT|D:\\Software testing\\Tourpaq\\Automated Katalon tests\\Primo WB test\\Reports\\WB Primo From Excel URLs\\20171129_154142\\1511963213712.png]]

2017-11-29 15:46:53 - [TEST_STEP][PASSED] - waitForElementPresent: Object 'Object Repository/PrimoTours/Old Objects/ThankYouPage/bookingNoContainer' is present

2017-11-29 15:46:55 - [MESSAGE][PASSED] - Object 'Object Repository/PrimoTours/Old Objects/ThankYouPage/bookingNoContainer' is present

2017-11-29 15:46:55 - [TEST_STEP][PASSED] - waitForElementClickable: Object 'Object Repository/PrimoTours/Old Objects/ThankYouPage/bookingNoContainer' is clickable

2017-11-29 15:46:55 - [MESSAGE][PASSED] - Object 'Object Repository/PrimoTours/Old Objects/ThankYouPage/bookingNoContainer' is clickable

2017-11-29 15:46:55 - [TEST_STEP][PASSED] - verifyElementVisible: Object 'Object Repository/PrimoTours/Old Objects/ThankYouPage/bookingNoContainer' is visible

2017-11-29 15:46:55 - [MESSAGE][PASSED] - Object 'Object Repository/PrimoTours/Old Objects/ThankYouPage/bookingNoContainer' is visible

2017-11-29 15:46:55 - [TEST_STEP][PASSED] - verifyElementVisible: Object 'Object Repository/PrimoTours/Old Objects/ThankYouPage/bookingTotalInfo' is visible

2017-11-29 15:46:55 - [MESSAGE][PASSED] - Object 'Object Repository/PrimoTours/Old Objects/ThankYouPage/bookingTotalInfo' is visible

2017-11-29 15:46:55 - [TEST_STEP][PASSED] - verifyElementVisible: Object 'Object Repository/PrimoTours/Old Objects/ThankYouPage/bookingTotalPriceBar' is visible

2017-11-29 15:46:56 - [MESSAGE][PASSED] - Object 'Object Repository/PrimoTours/Old Objects/ThankYouPage/bookingTotalPriceBar' is visible

2017-11-29 15:46:56 - [TEST_STEP][PASSED] - verifyElementVisible: Object 'Object Repository/PrimoTours/Old Objects/ThankYouPage/printTicketSpan' is visible

2017-11-29 15:46:56 - [MESSAGE][PASSED] - Object 'Object Repository/PrimoTours/Old Objects/ThankYouPage/printTicketSpan' is visible

2017-11-29 15:46:56 - [TEST_STEP][PASSED] - waitForElementClickable: Object 'Object Repository/PrimoTours/Old Objects/ThankYouPage/printTicketSpan' is clickable

2017-11-29 15:46:56 - [MESSAGE][PASSED] - Object 'Object Repository/PrimoTours/Old Objects/ThankYouPage/printTicketSpan' is clickable

2017-11-29 15:46:56 - [TEST_STEP][PASSED] - Statement - Try: Object: 'Object Repository/PrimoTours/Old Objects/ThankYouPage/printTicketSpan' is clicked on

2017-11-29 15:46:56 - [TEST_STEP][PASSED] - click: Object: 'Object Repository/PrimoTours/Old Objects/ThankYouPage/printTicketSpan' is clicked on

2017-11-29 15:46:56 - [MESSAGE][PASSED] - Object: 'Object Repository/PrimoTours/Old Objects/ThankYouPage/printTicketSpan' is clicked on

2017-11-29 15:46:56 - [TEST_STEP][PASSED] - delay: Delayed 2 second(s)

2017-11-29 15:46:58 - [MESSAGE][PASSED] - Delayed 2 second(s)

2017-11-29 15:46:58 - [TEST_STEP][PASSED] - waitForElementVisible: Object 'Object Repository/PrimoTours/Old Objects/ThankYouPage/cCenterButton' is visible

2017-11-29 15:46:58 - [MESSAGE][PASSED] - Object 'Object Repository/PrimoTours/Old Objects/ThankYouPage/cCenterButton' is visible

2017-11-29 15:46:58 - [TEST_STEP][PASSED] - waitForElementClickable: Object 'Object Repository/PrimoTours/Old Objects/ThankYouPage/cCenterButton' is clickable

2017-11-29 15:46:58 - [MESSAGE][PASSED] - Object 'Object Repository/PrimoTours/Old Objects/ThankYouPage/cCenterButton' is clickable

2017-11-29 15:46:58 - [TEST_STEP][PASSED] - click: Object: 'Object Repository/PrimoTours/Old Objects/ThankYouPage/cCenterButton' is clicked on

2017-11-29 15:46:59 - [MESSAGE][PASSED] - Object: 'Object Repository/PrimoTours/Old Objects/ThankYouPage/cCenterButton' is clicked on

2017-11-29 15:46:59 - [TEST_STEP][PASSED] - waitForPageLoad: Wait for page load successfully

2017-11-29 15:46:59 - [MESSAGE][PASSED] - Wait for page load successfully

2017-11-29 15:46:59 - [TEST_STEP][PASSED] - waitForJQueryLoad: jQuery is ready.

2017-11-29 15:46:59 - [MESSAGE][PASSED] - jQuery is ready.

2017-11-29 15:46:59 - [TEST_STEP][PASSED] - waitForElementPresent: Object 'Object Repository/PrimoTours/Old Objects/CCenter/pageLoaderOverlayLayer' is present

2017-11-29 15:46:59 - [MESSAGE][PASSED] - Object 'Object Repository/PrimoTours/Old Objects/CCenter/pageLoaderOverlayLayer' is present

2017-11-29 15:46:59 - [TEST_STEP][PASSED] - waitForElementNotVisible: Object 'Object Repository/PrimoTours/Old Objects/CCenter/pageLoaderOverlayLayer' is NOT visible

2017-11-29 15:46:59 - [MESSAGE][PASSED] - Object 'Object Repository/PrimoTours/Old Objects/CCenter/pageLoaderOverlayLayer' is NOT visible

2017-11-29 15:46:59 - [TEST_STEP][PASSED] - verifyElementVisible: Object 'Object Repository/PrimoTours/Old Objects/ThankYouPage/bookingNoContainer' is visible

2017-11-29 15:46:59 - [MESSAGE][PASSED] - Object 'Object Repository/PrimoTours/Old Objects/ThankYouPage/bookingNoContainer' is visible

2017-11-29 15:46:59 - [TEST_STEP][PASSED] - verifyElementVisible: Object 'Object Repository/PrimoTours/Old Objects/ThankYouPage/bookingTotalPriceBar' is visible

2017-11-29 15:46:59 - [MESSAGE][PASSED] - Object 'Object Repository/PrimoTours/Old Objects/ThankYouPage/bookingTotalPriceBar' is visible

2017-11-29 15:46:59 - [TEST_STEP][PASSED] - delay: Delayed 1 second(s)

2017-11-29 15:47:00 - [MESSAGE][PASSED] - Delayed 1 second(s)]]></system-out>
         <system-err><![CDATA[]]></system-err>
      </testcase>
      <testcase name="Test Cases/PrimoTours/WB Primo/WB Primo staging - place booking - Iteration 10" classname="Test Cases/PrimoTours/WB Primo/WB Primo staging - place booking" status="PASSED">
         <system-out><![CDATA[2017-11-29 15:47:00 - [TEST_CASE][PASSED] - Test Cases/PrimoTours/WB Primo/WB Primo staging - place booking - Iteration 10: Test Cases/PrimoTours/WB Primo/WB Primo staging - place booking

2017-11-29 15:47:00 - [TEST_STEP][PASSED] - openBrowser: Browser is opened with url: ''

2017-11-29 15:47:00 - [MESSAGE][WARNING] - A browser is already opened. Closing browser and opening a new one

2017-11-29 15:47:03 - [MESSAGE][PASSED] - Browser is opened with url: ''

2017-11-29 15:47:03 - [TEST_STEP][PASSED] - maximizeWindow: Current window maximized

2017-11-29 15:47:03 - [MESSAGE][PASSED] - Current window maximized

2017-11-29 15:47:03 - [TEST_STEP][PASSED] - navigateToUrl: Navigate to 'http://localhost:50029/DoBooking.aspx?pltaID=1480269&p=2&rno=1&pt=1&a=2&c=2&aa=&ca=1%2C5' successfully

2017-11-29 15:47:04 - [MESSAGE][PASSED] - Navigate to 'http://localhost:50029/DoBooking.aspx?pltaID=1480269&p=2&rno=1&pt=1&a=2&c=2&aa=&ca=1%2C5' successfully

2017-11-29 15:47:04 - [TEST_STEP][PASSED] - Statement - excelInfo = ["fname":"", "lname":"", "pgender":"", "pday":"", "pmonth":"", "pyear":""]: null

2017-11-29 15:47:04 - [TEST_STEP][PASSED] - Statement - rawData = com.kms.katalon.core.testdata.TestDataFactory.findTestData("Data Files/WB_Primo/Passenger_details"): Reading excel file with source file 'D:\Software testing\Tourpaq\Automated Katalon tests\Primo WB test\Data Files\Primo_URLs_For_Automated_Test.xls' and sheet name 'Passenger Names'

2017-11-29 15:47:04 - [TEST_STEP][PASSED] - Statement - excelRowNo = rawData.getRowNumbers(): null

2017-11-29 15:47:04 - [TEST_STEP][PASSED] - Statement - randomPaxIndex = java.lang.Math.abs(new java.util.Random().nextInt() % excelRowNo) + 1: null

2017-11-29 15:47:04 - [TEST_STEP][PASSED] - Statement - fname = rawData.getValue("FirstName", randomPaxIndex): null

2017-11-29 15:47:04 - [TEST_STEP][PASSED] - Statement - lname = rawData.getValue("LastName", randomPaxIndex): null

2017-11-29 15:47:04 - [TEST_STEP][PASSED] - Statement - pgender = rawData.getValue("Gender", randomPaxIndex): null

2017-11-29 15:47:04 - [TEST_STEP][PASSED] - setText: Text 'Larsen AUT' is set on object 'Object Repository/PrimoTours/Old Objects/Coco/PrimoT/Page_Primo Tours  Danmarks bedste c/input_firstName'

2017-11-29 15:47:04 - [MESSAGE][PASSED] - Text 'Larsen AUT' is set on object 'Object Repository/PrimoTours/Old Objects/Coco/PrimoT/Page_Primo Tours  Danmarks bedste c/input_firstName'

2017-11-29 15:47:04 - [TEST_STEP][PASSED] - setText: Text 'Maja Straube Bach' is set on object 'Object Repository/PrimoTours/Old Objects/Coco/PrimoT/Page_Primo Tours  Danmarks bedste c/input_lastName'

2017-11-29 15:47:04 - [MESSAGE][PASSED] - Text 'Maja Straube Bach' is set on object 'Object Repository/PrimoTours/Old Objects/Coco/PrimoT/Page_Primo Tours  Danmarks bedste c/input_lastName'

2017-11-29 15:47:04 - [TEST_STEP][PASSED] - click: Object: 'Object Repository/PrimoTours/LandingPage/customerGender' is clicked on

2017-11-29 15:47:04 - [MESSAGE][PASSED] - Object: 'Object Repository/PrimoTours/LandingPage/customerGender' is clicked on

2017-11-29 15:47:04 - [TEST_STEP][PASSED] - setText: Text 'Home address' is set on object 'Object Repository/PrimoTours/Old Objects/Coco/PrimoT/Page_Primo Tours  Danmarks bedste c/input_customerAddress'

2017-11-29 15:47:05 - [MESSAGE][PASSED] - Text 'Home address' is set on object 'Object Repository/PrimoTours/Old Objects/Coco/PrimoT/Page_Primo Tours  Danmarks bedste c/input_customerAddress'

2017-11-29 15:47:05 - [TEST_STEP][PASSED] - setText: Text '6700' is set on object 'Object Repository/PrimoTours/Old Objects/Coco/PrimoT/Page_Primo Tours  Danmarks bedste c/input_customerPostcode'

2017-11-29 15:47:05 - [MESSAGE][PASSED] - Text '6700' is set on object 'Object Repository/PrimoTours/Old Objects/Coco/PrimoT/Page_Primo Tours  Danmarks bedste c/input_customerPostcode'

2017-11-29 15:47:05 - [TEST_STEP][PASSED] - setText: Text 'cornel.neacsu@roweb.ro' is set on object 'Object Repository/PrimoTours/Old Objects/Coco/PrimoT/Page_Primo Tours  Danmarks bedste c/input_customerEmail'

2017-11-29 15:47:05 - [MESSAGE][PASSED] - Text 'cornel.neacsu@roweb.ro' is set on object 'Object Repository/PrimoTours/Old Objects/Coco/PrimoT/Page_Primo Tours  Danmarks bedste c/input_customerEmail'

2017-11-29 15:47:05 - [TEST_STEP][PASSED] - setText: Text '12345678' is set on object 'Object Repository/PrimoTours/Old Objects/Coco/PrimoT/Page_Primo Tours  Danmarks bedste c/input_customerPhone'

2017-11-29 15:47:05 - [MESSAGE][PASSED] - Text '12345678' is set on object 'Object Repository/PrimoTours/Old Objects/Coco/PrimoT/Page_Primo Tours  Danmarks bedste c/input_customerPhone'

2017-11-29 15:47:05 - [TEST_STEP][PASSED] - waitForElementClickable: Object 'Object Repository/PrimoTours/Old Objects/Coco/PrimoT/Page_Primo Tours  Danmarks bedste c/input_firstname-0_1' is clickable

2017-11-29 15:47:07 - [MESSAGE][PASSED] - Object 'Object Repository/PrimoTours/Old Objects/Coco/PrimoT/Page_Primo Tours  Danmarks bedste c/input_firstname-0_1' is clickable

2017-11-29 15:47:07 - [TEST_STEP][PASSED] - Statement - driver = com.kms.katalon.core.webui.driver.DriverFactory.getWebDriver(): null

2017-11-29 15:47:07 - [TEST_STEP][PASSED] - Statement - roomContainerXpath = "id("roomAndStaticOptionsContainer")/div[@class="row"]/div[@class="col-md-12 roomContainer"]": null

2017-11-29 15:47:07 - [TEST_STEP][PASSED] - Statement - roomsCount = driver.findElements(org.openqa.selenium.By.xpath(roomContainerXpath)).size(): null

2017-11-29 15:47:07 - [TEST_STEP][PASSED] - Statement - println("roomsCount=" + roomsCount): null

2017-11-29 15:47:07 - [TEST_STEP][PASSED] - Statement - For ([i = 1, i <= roomsCount, (i++)]): Object: 'Object Repository/PrimoTours/LandingPage/secondPaxFirstNameField' is clicked on

2017-11-29 15:47:07 - [TEST_STEP][PASSED] - Statement - paxInRoomXpath = "id("passengersContainer_" + i - 1 + "")/div[@class="col-md-12"]/div[@class="row"]": null

2017-11-29 15:47:07 - [TEST_STEP][PASSED] - Statement - println("paxInRoomXpath=" + paxInRoomXpath): null

2017-11-29 15:47:07 - [TEST_STEP][PASSED] - Statement - paxInRoomCount = driver.findElements(org.openqa.selenium.By.xpath(paxInRoomXpath)).size(): null

2017-11-29 15:47:07 - [TEST_STEP][PASSED] - Statement - println("paxInRoomCount=" + paxInRoomCount): null

2017-11-29 15:47:07 - [TEST_STEP][PASSED] - Statement - For ([j = 1, j <= paxInRoomCount, (j++)]): Object: 'Object Repository/PrimoTours/LandingPage/secondPaxFirstNameField' is clicked on

2017-11-29 15:47:07 - [TEST_STEP][PASSED] - Statement - If (i == 1 & j == 1): null

2017-11-29 15:47:07 - [TEST_STEP][PASSED] - Statement - <not implemented yet for class: org.codehaus.groovy.ast.stmt.ContinueStatement>: null

2017-11-29 15:47:07 - [TEST_STEP][PASSED] - Statement - If (i == 1 & j == 1): null

2017-11-29 15:47:07 - [TEST_STEP][PASSED] - Statement - randomPaxIndex = java.lang.Math.abs(new java.util.Random().nextInt() % excelRowNo) + 1: null

2017-11-29 15:47:07 - [TEST_STEP][PASSED] - Statement - fname = rawData.getValue("FirstName", randomPaxIndex) + " AUT": null

2017-11-29 15:47:07 - [TEST_STEP][PASSED] - Statement - lname = rawData.getValue("LastName", randomPaxIndex): null

2017-11-29 15:47:07 - [TEST_STEP][PASSED] - Statement - pgender = rawData.getValue("Gender", randomPaxIndex): null

2017-11-29 15:47:07 - [TEST_STEP][PASSED] - Statement - pday = rawData.getValue("Day DOB", randomPaxIndex): null

2017-11-29 15:47:07 - [TEST_STEP][PASSED] - Statement - pmonth = rawData.getValue("Month DOB", randomPaxIndex): null

2017-11-29 15:47:07 - [TEST_STEP][PASSED] - Statement - pyear = rawData.getValue("Year DOB", randomPaxIndex): null

2017-11-29 15:47:07 - [TEST_STEP][PASSED] - Statement - paxDetailFields = paxInRoomXpath + "[" + j + "]/div[@class="col-md-x col-md-9"]/div[@class="row paxContainer"][1]/div[contains(@class,"paxAttribute")]": null

2017-11-29 15:47:07 - [TEST_STEP][PASSED] - Statement - xpathval = paxDetailFields + "[1]/div[contains(@class,"form-group")]/input[contains(@class,"paxFirstName")]": null

2017-11-29 15:47:07 - [TEST_STEP][PASSED] - Statement - println("fn: " + xpathval): null

2017-11-29 15:47:07 - [TEST_STEP][PASSED] - Statement - repObj = com.kms.katalon.core.testobject.ObjectRepository.findTestObject(Object Repository/PrimoTours/LandingPage/secondPaxFirstNameField): Finding Test Object with id 'Object Repository/PrimoTours/LandingPage/secondPaxFirstNameField'

2017-11-29 15:47:07 - [TEST_STEP][PASSED] - Statement - repObj.findProperty("xpath").setValue(xpathval): null

2017-11-29 15:47:07 - [TEST_STEP][PASSED] - setText: Text 'Dall-Hansen AUT' is set on object 'Object Repository/PrimoTours/LandingPage/secondPaxFirstNameField'

2017-11-29 15:47:07 - [MESSAGE][PASSED] - Text 'Dall-Hansen AUT' is set on object 'Object Repository/PrimoTours/LandingPage/secondPaxFirstNameField'

2017-11-29 15:47:07 - [TEST_STEP][PASSED] - Statement - xpathval = paxDetailFields + "[2]/div[contains(@class,"form-group")]/input[contains(@class,"paxLastName")]": null

2017-11-29 15:47:07 - [TEST_STEP][PASSED] - Statement - println("ln: " + xpathval): null

2017-11-29 15:47:07 - [TEST_STEP][PASSED] - Statement - repObj = com.kms.katalon.core.testobject.ObjectRepository.findTestObject(Object Repository/PrimoTours/LandingPage/secondPaxFirstNameField): Finding Test Object with id 'Object Repository/PrimoTours/LandingPage/secondPaxFirstNameField'

2017-11-29 15:47:07 - [TEST_STEP][PASSED] - Statement - repObj.findProperty("xpath").setValue(xpathval): null

2017-11-29 15:47:07 - [TEST_STEP][PASSED] - setText: Text 'Christine Bang' is set on object 'Object Repository/PrimoTours/LandingPage/secondPaxFirstNameField'

2017-11-29 15:47:07 - [MESSAGE][PASSED] - Text 'Christine Bang' is set on object 'Object Repository/PrimoTours/LandingPage/secondPaxFirstNameField'

2017-11-29 15:47:07 - [TEST_STEP][PASSED] - Statement - repObj = com.kms.katalon.core.testobject.ObjectRepository.findTestObject(Object Repository/PrimoTours/LandingPage/secondPaxFirstNameField): Finding Test Object with id 'Object Repository/PrimoTours/LandingPage/secondPaxFirstNameField'

2017-11-29 15:47:07 - [TEST_STEP][PASSED] - Statement - xpathval = paxDetailFields + "[3]/div[contains(@class,"paxGenderSelectorContainer")]/span[contains(@class,"select2 select2-container")]/span[contains(@class,"selection")]/span[contains(@class,"select2-selection")]": null

2017-11-29 15:47:07 - [TEST_STEP][PASSED] - Statement - println("gender: " + xpathval): null

2017-11-29 15:47:07 - [TEST_STEP][PASSED] - Statement - repObj.findProperty("xpath").setValue(xpathval): null

2017-11-29 15:47:07 - [TEST_STEP][PASSED] - click: Object: 'Object Repository/PrimoTours/LandingPage/secondPaxFirstNameField' is clicked on

2017-11-29 15:47:07 - [MESSAGE][PASSED] - Object: 'Object Repository/PrimoTours/LandingPage/secondPaxFirstNameField' is clicked on

2017-11-29 15:47:07 - [TEST_STEP][PASSED] - Statement - If (i == 1 & j == 1): null

2017-11-29 15:47:07 - [TEST_STEP][PASSED] - Statement - randomPaxIndex = java.lang.Math.abs(new java.util.Random().nextInt() % excelRowNo) + 1: null

2017-11-29 15:47:07 - [TEST_STEP][PASSED] - Statement - fname = rawData.getValue("FirstName", randomPaxIndex) + " AUT": null

2017-11-29 15:47:07 - [TEST_STEP][PASSED] - Statement - lname = rawData.getValue("LastName", randomPaxIndex): null

2017-11-29 15:47:07 - [TEST_STEP][PASSED] - Statement - pgender = rawData.getValue("Gender", randomPaxIndex): null

2017-11-29 15:47:07 - [TEST_STEP][PASSED] - Statement - pday = rawData.getValue("Day DOB", randomPaxIndex): null

2017-11-29 15:47:07 - [TEST_STEP][PASSED] - Statement - pmonth = rawData.getValue("Month DOB", randomPaxIndex): null

2017-11-29 15:47:07 - [TEST_STEP][PASSED] - Statement - pyear = rawData.getValue("Year DOB", randomPaxIndex): null

2017-11-29 15:47:07 - [TEST_STEP][PASSED] - Statement - paxDetailFields = paxInRoomXpath + "[" + j + "]/div[@class="col-md-x col-md-9"]/div[@class="row paxContainer"][1]/div[contains(@class,"paxAttribute")]": null

2017-11-29 15:47:07 - [TEST_STEP][PASSED] - Statement - xpathval = paxDetailFields + "[1]/div[contains(@class,"form-group")]/input[contains(@class,"paxFirstName")]": null

2017-11-29 15:47:07 - [TEST_STEP][PASSED] - Statement - println("fn: " + xpathval): null

2017-11-29 15:47:07 - [TEST_STEP][PASSED] - Statement - repObj = com.kms.katalon.core.testobject.ObjectRepository.findTestObject(Object Repository/PrimoTours/LandingPage/secondPaxFirstNameField): Finding Test Object with id 'Object Repository/PrimoTours/LandingPage/secondPaxFirstNameField'

2017-11-29 15:47:07 - [TEST_STEP][PASSED] - Statement - repObj.findProperty("xpath").setValue(xpathval): null

2017-11-29 15:47:07 - [TEST_STEP][PASSED] - setText: Text 'Mortensen AUT' is set on object 'Object Repository/PrimoTours/LandingPage/secondPaxFirstNameField'

2017-11-29 15:47:08 - [MESSAGE][PASSED] - Text 'Mortensen AUT' is set on object 'Object Repository/PrimoTours/LandingPage/secondPaxFirstNameField'

2017-11-29 15:47:08 - [TEST_STEP][PASSED] - Statement - xpathval = paxDetailFields + "[2]/div[contains(@class,"form-group")]/input[contains(@class,"paxLastName")]": null

2017-11-29 15:47:08 - [TEST_STEP][PASSED] - Statement - println("ln: " + xpathval): null

2017-11-29 15:47:08 - [TEST_STEP][PASSED] - Statement - repObj = com.kms.katalon.core.testobject.ObjectRepository.findTestObject(Object Repository/PrimoTours/LandingPage/secondPaxFirstNameField): Finding Test Object with id 'Object Repository/PrimoTours/LandingPage/secondPaxFirstNameField'

2017-11-29 15:47:08 - [TEST_STEP][PASSED] - Statement - repObj.findProperty("xpath").setValue(xpathval): null

2017-11-29 15:47:08 - [TEST_STEP][PASSED] - setText: Text 'Anna Lise Hededal' is set on object 'Object Repository/PrimoTours/LandingPage/secondPaxFirstNameField'

2017-11-29 15:47:08 - [MESSAGE][PASSED] - Text 'Anna Lise Hededal' is set on object 'Object Repository/PrimoTours/LandingPage/secondPaxFirstNameField'

2017-11-29 15:47:08 - [TEST_STEP][PASSED] - Statement - repObj = com.kms.katalon.core.testobject.ObjectRepository.findTestObject(Object Repository/PrimoTours/LandingPage/secondPaxFirstNameField): Finding Test Object with id 'Object Repository/PrimoTours/LandingPage/secondPaxFirstNameField'

2017-11-29 15:47:08 - [TEST_STEP][PASSED] - Statement - xpathval = paxDetailFields + "[3]/div[contains(@class,"paxGenderSelectorContainer")]/span[contains(@class,"select2 select2-container")]/span[contains(@class,"selection")]/span[contains(@class,"select2-selection")]": null

2017-11-29 15:47:08 - [TEST_STEP][PASSED] - Statement - println("gender: " + xpathval): null

2017-11-29 15:47:08 - [TEST_STEP][PASSED] - Statement - repObj.findProperty("xpath").setValue(xpathval): null

2017-11-29 15:47:08 - [TEST_STEP][PASSED] - click: Object: 'Object Repository/PrimoTours/LandingPage/secondPaxFirstNameField' is clicked on

2017-11-29 15:47:08 - [MESSAGE][PASSED] - Object: 'Object Repository/PrimoTours/LandingPage/secondPaxFirstNameField' is clicked on

2017-11-29 15:47:08 - [TEST_STEP][PASSED] - Statement - If (i == 1 & j == 1): null

2017-11-29 15:47:08 - [TEST_STEP][PASSED] - Statement - randomPaxIndex = java.lang.Math.abs(new java.util.Random().nextInt() % excelRowNo) + 1: null

2017-11-29 15:47:08 - [TEST_STEP][PASSED] - Statement - fname = rawData.getValue("FirstName", randomPaxIndex) + " AUT": null

2017-11-29 15:47:08 - [TEST_STEP][PASSED] - Statement - lname = rawData.getValue("LastName", randomPaxIndex): null

2017-11-29 15:47:08 - [TEST_STEP][PASSED] - Statement - pgender = rawData.getValue("Gender", randomPaxIndex): null

2017-11-29 15:47:08 - [TEST_STEP][PASSED] - Statement - pday = rawData.getValue("Day DOB", randomPaxIndex): null

2017-11-29 15:47:08 - [TEST_STEP][PASSED] - Statement - pmonth = rawData.getValue("Month DOB", randomPaxIndex): null

2017-11-29 15:47:08 - [TEST_STEP][PASSED] - Statement - pyear = rawData.getValue("Year DOB", randomPaxIndex): null

2017-11-29 15:47:08 - [TEST_STEP][PASSED] - Statement - paxDetailFields = paxInRoomXpath + "[" + j + "]/div[@class="col-md-x col-md-9"]/div[@class="row paxContainer"][1]/div[contains(@class,"paxAttribute")]": null

2017-11-29 15:47:08 - [TEST_STEP][PASSED] - Statement - xpathval = paxDetailFields + "[1]/div[contains(@class,"form-group")]/input[contains(@class,"paxFirstName")]": null

2017-11-29 15:47:08 - [TEST_STEP][PASSED] - Statement - println("fn: " + xpathval): null

2017-11-29 15:47:08 - [TEST_STEP][PASSED] - Statement - repObj = com.kms.katalon.core.testobject.ObjectRepository.findTestObject(Object Repository/PrimoTours/LandingPage/secondPaxFirstNameField): Finding Test Object with id 'Object Repository/PrimoTours/LandingPage/secondPaxFirstNameField'

2017-11-29 15:47:08 - [TEST_STEP][PASSED] - Statement - repObj.findProperty("xpath").setValue(xpathval): null

2017-11-29 15:47:08 - [TEST_STEP][PASSED] - setText: Text 'Rasmussen AUT' is set on object 'Object Repository/PrimoTours/LandingPage/secondPaxFirstNameField'

2017-11-29 15:47:08 - [MESSAGE][PASSED] - Text 'Rasmussen AUT' is set on object 'Object Repository/PrimoTours/LandingPage/secondPaxFirstNameField'

2017-11-29 15:47:08 - [TEST_STEP][PASSED] - Statement - xpathval = paxDetailFields + "[2]/div[contains(@class,"form-group")]/input[contains(@class,"paxLastName")]": null

2017-11-29 15:47:08 - [TEST_STEP][PASSED] - Statement - println("ln: " + xpathval): null

2017-11-29 15:47:08 - [TEST_STEP][PASSED] - Statement - repObj = com.kms.katalon.core.testobject.ObjectRepository.findTestObject(Object Repository/PrimoTours/LandingPage/secondPaxFirstNameField): Finding Test Object with id 'Object Repository/PrimoTours/LandingPage/secondPaxFirstNameField'

2017-11-29 15:47:08 - [TEST_STEP][PASSED] - Statement - repObj.findProperty("xpath").setValue(xpathval): null

2017-11-29 15:47:08 - [TEST_STEP][PASSED] - setText: Text 'Ruth Kvolbæk' is set on object 'Object Repository/PrimoTours/LandingPage/secondPaxFirstNameField'

2017-11-29 15:47:08 - [MESSAGE][PASSED] - Text 'Ruth Kvolbæk' is set on object 'Object Repository/PrimoTours/LandingPage/secondPaxFirstNameField'

2017-11-29 15:47:08 - [TEST_STEP][PASSED] - Statement - repObj = com.kms.katalon.core.testobject.ObjectRepository.findTestObject(Object Repository/PrimoTours/LandingPage/secondPaxFirstNameField): Finding Test Object with id 'Object Repository/PrimoTours/LandingPage/secondPaxFirstNameField'

2017-11-29 15:47:08 - [TEST_STEP][PASSED] - Statement - xpathval = paxDetailFields + "[3]/div[contains(@class,"paxGenderSelectorContainer")]/span[contains(@class,"select2 select2-container")]/span[contains(@class,"selection")]/span[contains(@class,"select2-selection")]": null

2017-11-29 15:47:08 - [TEST_STEP][PASSED] - Statement - println("gender: " + xpathval): null

2017-11-29 15:47:08 - [TEST_STEP][PASSED] - Statement - repObj.findProperty("xpath").setValue(xpathval): null

2017-11-29 15:47:08 - [TEST_STEP][PASSED] - click: Object: 'Object Repository/PrimoTours/LandingPage/secondPaxFirstNameField' is clicked on

2017-11-29 15:47:08 - [MESSAGE][PASSED] - Object: 'Object Repository/PrimoTours/LandingPage/secondPaxFirstNameField' is clicked on

2017-11-29 15:47:08 - [TEST_STEP][PASSED] - scrollToElement: Scroll to object 'Object Repository/PrimoTours/Old Objects/Coco (1)/PrimoT/SaveBooking2/Success/bookingTotalValue' successfully

2017-11-29 15:47:08 - [MESSAGE][PASSED] - Scroll to object 'Object Repository/PrimoTours/Old Objects/Coco (1)/PrimoT/SaveBooking2/Success/bookingTotalValue' successfully

2017-11-29 15:47:08 - [TEST_STEP][PASSED] - click: Object: 'Object Repository/PrimoTours/Old Objects/Coco (1)/PrimoT/SaveBooking2/Success/bookingTotalValue' is clicked on

2017-11-29 15:47:08 - [MESSAGE][PASSED] - Object: 'Object Repository/PrimoTours/Old Objects/Coco (1)/PrimoT/SaveBooking2/Success/bookingTotalValue' is clicked on

2017-11-29 15:47:08 - [TEST_STEP][PASSED] - scrollToElement: Scroll to object 'Object Repository/PrimoTours/Old Objects/Coco (1)/PrimoT/SaveBooking2/Success/Page_Primo Tours  Danmarks bedste c/nextButtonOnLandingPage' successfully

2017-11-29 15:47:09 - [MESSAGE][PASSED] - Scroll to object 'Object Repository/PrimoTours/Old Objects/Coco (1)/PrimoT/SaveBooking2/Success/Page_Primo Tours  Danmarks bedste c/nextButtonOnLandingPage' successfully

2017-11-29 15:47:09 - [TEST_STEP][PASSED] - waitForElementClickable: Object 'Object Repository/PrimoTours/Old Objects/Coco (1)/PrimoT/SaveBooking2/Success/Page_Primo Tours  Danmarks bedste c/nextButtonOnLandingPage' is clickable

2017-11-29 15:47:09 - [MESSAGE][PASSED] - Object 'Object Repository/PrimoTours/Old Objects/Coco (1)/PrimoT/SaveBooking2/Success/Page_Primo Tours  Danmarks bedste c/nextButtonOnLandingPage' is clickable

2017-11-29 15:47:09 - [TEST_STEP][PASSED] - waitForElementVisible: Object 'Object Repository/PrimoTours/Old Objects/Coco (1)/PrimoT/SaveBooking2/Success/Page_Primo Tours  Danmarks bedste c/nextButtonOnLandingPage' is visible

2017-11-29 15:47:09 - [MESSAGE][PASSED] - Object 'Object Repository/PrimoTours/Old Objects/Coco (1)/PrimoT/SaveBooking2/Success/Page_Primo Tours  Danmarks bedste c/nextButtonOnLandingPage' is visible

2017-11-29 15:47:09 - [TEST_STEP][PASSED] - scrollToElement: Scroll to object 'Object Repository/PrimoTours/Old Objects/Coco (1)/PrimoT/SaveBooking2/Success/Page_Primo Tours  Danmarks bedste c/nextButtonOnLandingPage' successfully

2017-11-29 15:47:09 - [MESSAGE][PASSED] - Scroll to object 'Object Repository/PrimoTours/Old Objects/Coco (1)/PrimoT/SaveBooking2/Success/Page_Primo Tours  Danmarks bedste c/nextButtonOnLandingPage' successfully

2017-11-29 15:47:09 - [TEST_STEP][PASSED] - click: Object: 'Object Repository/PrimoTours/Old Objects/Coco (1)/PrimoT/SaveBooking2/Success/Page_Primo Tours  Danmarks bedste c/nextButtonOnLandingPage' is clicked on

2017-11-29 15:47:10 - [MESSAGE][PASSED] - Object: 'Object Repository/PrimoTours/Old Objects/Coco (1)/PrimoT/SaveBooking2/Success/Page_Primo Tours  Danmarks bedste c/nextButtonOnLandingPage' is clicked on

2017-11-29 15:47:10 - [TEST_STEP][PASSED] - delay: Delayed 3 second(s)

2017-11-29 15:47:13 - [MESSAGE][PASSED] - Delayed 3 second(s)

2017-11-29 15:47:13 - [TEST_STEP][PASSED] - waitForElementNotVisible: Object 'Object Repository/PrimoTours/Old Objects/CCenter/pageLoaderOverlayLayer' is NOT visible

2017-11-29 15:47:13 - [MESSAGE][PASSED] - Object 'Object Repository/PrimoTours/Old Objects/CCenter/pageLoaderOverlayLayer' is NOT visible

2017-11-29 15:47:13 - [TEST_STEP][PASSED] - scrollToElement: Scroll to object 'Object Repository/PrimoTours/Old Objects/Coco/PrimoT/Ins2/Page_Primo Tours  Danmarks bedste c/travelInsuranceFirstPaxSelector' successfully

2017-11-29 15:47:13 - [MESSAGE][PASSED] - Scroll to object 'Object Repository/PrimoTours/Old Objects/Coco/PrimoT/Ins2/Page_Primo Tours  Danmarks bedste c/travelInsuranceFirstPaxSelector' successfully

2017-11-29 15:47:13 - [TEST_STEP][PASSED] - waitForElementPresent: Object 'Object Repository/PrimoTours/Old Objects/Coco/PrimoT/Ins2/Page_Primo Tours  Danmarks bedste c/travelInsuranceFirstPaxSelector' is present

2017-11-29 15:47:13 - [MESSAGE][PASSED] - Object 'Object Repository/PrimoTours/Old Objects/Coco/PrimoT/Ins2/Page_Primo Tours  Danmarks bedste c/travelInsuranceFirstPaxSelector' is present

2017-11-29 15:47:13 - [TEST_STEP][PASSED] - waitForElementVisible: Object 'Object Repository/PrimoTours/Old Objects/Coco/PrimoT/Ins2/Page_Primo Tours  Danmarks bedste c/travelInsuranceFirstPaxSelector' is visible

2017-11-29 15:47:13 - [MESSAGE][PASSED] - Object 'Object Repository/PrimoTours/Old Objects/Coco/PrimoT/Ins2/Page_Primo Tours  Danmarks bedste c/travelInsuranceFirstPaxSelector' is visible

2017-11-29 15:47:13 - [TEST_STEP][PASSED] - waitForElementClickable: Object 'Object Repository/PrimoTours/Old Objects/Coco/PrimoT/Ins2/Page_Primo Tours  Danmarks bedste c/travelInsuranceFirstPaxSelector' is clickable

2017-11-29 15:47:13 - [MESSAGE][PASSED] - Object 'Object Repository/PrimoTours/Old Objects/Coco/PrimoT/Ins2/Page_Primo Tours  Danmarks bedste c/travelInsuranceFirstPaxSelector' is clickable

2017-11-29 15:47:13 - [TEST_STEP][PASSED] - click: Object: 'Object Repository/PrimoTours/Old Objects/Coco/PrimoT/Ins2/Page_Primo Tours  Danmarks bedste c/travelInsuranceFirstPaxSelector' is clicked on

2017-11-29 15:47:13 - [MESSAGE][PASSED] - Object: 'Object Repository/PrimoTours/Old Objects/Coco/PrimoT/Ins2/Page_Primo Tours  Danmarks bedste c/travelInsuranceFirstPaxSelector' is clicked on

2017-11-29 15:47:13 - [TEST_STEP][PASSED] - Statement - Try: Object: 'Object Repository/PrimoTours/Old Objects/Coco/PrimoT/Ins2/Page_Primo Tours  Danmarks bedste c/firstTravelInsuranceOption' is clicked on

2017-11-29 15:47:13 - [TEST_STEP][PASSED] - click: Object: 'Object Repository/PrimoTours/Old Objects/Coco/PrimoT/Ins2/Page_Primo Tours  Danmarks bedste c/firstTravelInsuranceOption' is clicked on

2017-11-29 15:47:14 - [MESSAGE][PASSED] - Object: 'Object Repository/PrimoTours/Old Objects/Coco/PrimoT/Ins2/Page_Primo Tours  Danmarks bedste c/firstTravelInsuranceOption' is clicked on

2017-11-29 15:47:14 - [TEST_STEP][NOT_RUN] - click: NOT_RUN: click

2017-11-29 15:47:14 - [MESSAGE][NOT_RUN] - NOT_RUN: click

2017-11-29 15:47:14 - [TEST_STEP][NOT_RUN] - scrollToElement: NOT_RUN: scrollToElement

2017-11-29 15:47:14 - [MESSAGE][NOT_RUN] - NOT_RUN: scrollToElement

2017-11-29 15:47:14 - [TEST_STEP][NOT_RUN] - click: NOT_RUN: click

2017-11-29 15:47:14 - [MESSAGE][NOT_RUN] - NOT_RUN: click

2017-11-29 15:47:14 - [TEST_STEP][PASSED] - waitForElementVisible: Object 'Object Repository/PrimoTours/Old Objects/Coco (1)/PrimoT/SaveBooking2/Page_Primo Tours  Danmarks bedste c/individualInsuranceCheckbox' is visible

2017-11-29 15:47:14 - [MESSAGE][PASSED] - Object 'Object Repository/PrimoTours/Old Objects/Coco (1)/PrimoT/SaveBooking2/Page_Primo Tours  Danmarks bedste c/individualInsuranceCheckbox' is visible

2017-11-29 15:47:14 - [TEST_STEP][PASSED] - scrollToElement: Scroll to object 'Object Repository/PrimoTours/Old Objects/Coco (1)/PrimoT/SaveBooking2/Page_Primo Tours  Danmarks bedste c/individualInsuranceCheckbox' successfully

2017-11-29 15:47:14 - [MESSAGE][PASSED] - Scroll to object 'Object Repository/PrimoTours/Old Objects/Coco (1)/PrimoT/SaveBooking2/Page_Primo Tours  Danmarks bedste c/individualInsuranceCheckbox' successfully

2017-11-29 15:47:14 - [TEST_STEP][PASSED] - click: Object: 'Object Repository/PrimoTours/Old Objects/Coco (1)/PrimoT/SaveBooking2/Page_Primo Tours  Danmarks bedste c/individualInsuranceCheckbox' is clicked on

2017-11-29 15:47:14 - [MESSAGE][PASSED] - Object: 'Object Repository/PrimoTours/Old Objects/Coco (1)/PrimoT/SaveBooking2/Page_Primo Tours  Danmarks bedste c/individualInsuranceCheckbox' is clicked on

2017-11-29 15:47:14 - [TEST_STEP][PASSED] - scrollToElement: Scroll to object 'Object Repository/PrimoTours/Old Objects/Coco (1)/PrimoT/SaveBooking2/Success/firstProdCategIndividualSelectionRadioB' successfully

2017-11-29 15:47:14 - [MESSAGE][PASSED] - Scroll to object 'Object Repository/PrimoTours/Old Objects/Coco (1)/PrimoT/SaveBooking2/Success/firstProdCategIndividualSelectionRadioB' successfully

2017-11-29 15:47:14 - [TEST_STEP][PASSED] - waitForElementClickable: Object 'Object Repository/PrimoTours/Old Objects/Coco (1)/PrimoT/SaveBooking2/Success/firstProdCategIndividualSelectionRadioB' is clickable

2017-11-29 15:47:14 - [MESSAGE][PASSED] - Object 'Object Repository/PrimoTours/Old Objects/Coco (1)/PrimoT/SaveBooking2/Success/firstProdCategIndividualSelectionRadioB' is clickable

2017-11-29 15:47:14 - [TEST_STEP][PASSED] - scrollToElement: Scroll to object 'Object Repository/PrimoTours/Old Objects/Coco (1)/PrimoT/SaveBooking2/Success/firstProdCategIndividualSelectionRadioB' successfully

2017-11-29 15:47:14 - [MESSAGE][PASSED] - Scroll to object 'Object Repository/PrimoTours/Old Objects/Coco (1)/PrimoT/SaveBooking2/Success/firstProdCategIndividualSelectionRadioB' successfully

2017-11-29 15:47:14 - [TEST_STEP][PASSED] - click: Object: 'Object Repository/PrimoTours/Old Objects/Coco (1)/PrimoT/SaveBooking2/Success/firstProdCategIndividualSelectionRadioB' is clicked on

2017-11-29 15:47:15 - [MESSAGE][PASSED] - Object: 'Object Repository/PrimoTours/Old Objects/Coco (1)/PrimoT/SaveBooking2/Success/firstProdCategIndividualSelectionRadioB' is clicked on

2017-11-29 15:47:15 - [TEST_STEP][PASSED] - scrollToElement: Scroll to object 'Object Repository/PrimoTours/Old Objects/Coco (1)/PrimoT/SaveBooking2/Success/firstProdCategSelectForAllPaxCheckbox' successfully

2017-11-29 15:47:15 - [MESSAGE][PASSED] - Scroll to object 'Object Repository/PrimoTours/Old Objects/Coco (1)/PrimoT/SaveBooking2/Success/firstProdCategSelectForAllPaxCheckbox' successfully

2017-11-29 15:47:15 - [TEST_STEP][PASSED] - waitForElementClickable: Object 'Object Repository/PrimoTours/Old Objects/Coco (1)/PrimoT/SaveBooking2/Success/firstProdCategSelectForAllPaxCheckbox' is clickable

2017-11-29 15:47:15 - [MESSAGE][PASSED] - Object 'Object Repository/PrimoTours/Old Objects/Coco (1)/PrimoT/SaveBooking2/Success/firstProdCategSelectForAllPaxCheckbox' is clickable

2017-11-29 15:47:15 - [TEST_STEP][PASSED] - click: Object: 'Object Repository/PrimoTours/Old Objects/Coco (1)/PrimoT/SaveBooking2/Success/firstProdCategSelectForAllPaxCheckbox' is clicked on

2017-11-29 15:47:15 - [MESSAGE][PASSED] - Object: 'Object Repository/PrimoTours/Old Objects/Coco (1)/PrimoT/SaveBooking2/Success/firstProdCategSelectForAllPaxCheckbox' is clicked on

2017-11-29 15:47:15 - [TEST_STEP][NOT_RUN] - scrollToElement: NOT_RUN: scrollToElement

2017-11-29 15:47:15 - [MESSAGE][NOT_RUN] - NOT_RUN: scrollToElement

2017-11-29 15:47:15 - [TEST_STEP][NOT_RUN] - scrollToElement: NOT_RUN: scrollToElement

2017-11-29 15:47:15 - [MESSAGE][NOT_RUN] - NOT_RUN: scrollToElement

2017-11-29 15:47:15 - [TEST_STEP][NOT_RUN] - click: NOT_RUN: click

2017-11-29 15:47:15 - [MESSAGE][NOT_RUN] - NOT_RUN: click

2017-11-29 15:47:15 - [TEST_STEP][PASSED] - scrollToElement: Scroll to object 'Object Repository/PrimoTours/ConfirmationPage/agreeTermsAndCondCheckbox' successfully

2017-11-29 15:47:15 - [MESSAGE][PASSED] - Scroll to object 'Object Repository/PrimoTours/ConfirmationPage/agreeTermsAndCondCheckbox' successfully

2017-11-29 15:47:15 - [TEST_STEP][PASSED] - click: Object: 'Object Repository/PrimoTours/ConfirmationPage/agreeTermsAndCondCheckbox' is clicked on

2017-11-29 15:47:15 - [MESSAGE][PASSED] - Object: 'Object Repository/PrimoTours/ConfirmationPage/agreeTermsAndCondCheckbox' is clicked on

2017-11-29 15:47:15 - [TEST_STEP][PASSED] - scrollToElement: Scroll to object 'Object Repository/PrimoTours/ConfirmationPage/placeBookingSpanInsideButton' successfully

2017-11-29 15:47:15 - [MESSAGE][PASSED] - Scroll to object 'Object Repository/PrimoTours/ConfirmationPage/placeBookingSpanInsideButton' successfully

2017-11-29 15:47:15 - [TEST_STEP][PASSED] - delay: Delayed 1 second(s)

2017-11-29 15:47:16 - [MESSAGE][PASSED] - Delayed 1 second(s)

2017-11-29 15:47:16 - [TEST_STEP][PASSED] - waitForElementClickable: Object 'Object Repository/PrimoTours/ConfirmationPage/placeBookingSpanInsideButton' is clickable

2017-11-29 15:47:16 - [MESSAGE][PASSED] - Object 'Object Repository/PrimoTours/ConfirmationPage/placeBookingSpanInsideButton' is clickable

2017-11-29 15:47:16 - [TEST_STEP][PASSED] - Statement - Try: Object: 'Object Repository/PrimoTours/ConfirmationPage/placeBookingSpanInsideButton' is clicked on

2017-11-29 15:47:16 - [TEST_STEP][PASSED] - click: Object: 'Object Repository/PrimoTours/ConfirmationPage/placeBookingSpanInsideButton' is clicked on

2017-11-29 15:47:17 - [MESSAGE][PASSED] - Object: 'Object Repository/PrimoTours/ConfirmationPage/placeBookingSpanInsideButton' is clicked on

2017-11-29 15:47:17 - [TEST_STEP][PASSED] - delay: Delayed 2 second(s)

2017-11-29 15:47:19 - [MESSAGE][PASSED] - Delayed 2 second(s)

2017-11-29 15:47:19 - [TEST_STEP][PASSED] - waitForPageLoad: Wait for page load successfully

2017-11-29 15:47:19 - [MESSAGE][PASSED] - Wait for page load successfully

2017-11-29 15:47:19 - [TEST_STEP][PASSED] - waitForJQueryLoad: jQuery is ready.

2017-11-29 15:47:23 - [MESSAGE][PASSED] - jQuery is ready.

2017-11-29 15:47:23 - [TEST_STEP][PASSED] - waitForElementPresent: Object 'Object Repository/PrimoTours/Old Objects/CCenter/pageLoaderOverlayLayer' is present

2017-11-29 15:47:23 - [MESSAGE][PASSED] - Object 'Object Repository/PrimoTours/Old Objects/CCenter/pageLoaderOverlayLayer' is present

2017-11-29 15:47:23 - [TEST_STEP][PASSED] - waitForElementNotVisible: Object 'Object Repository/PrimoTours/Old Objects/CCenter/pageLoaderOverlayLayer' is NOT visible

2017-11-29 15:47:23 - [MESSAGE][PASSED] - Object 'Object Repository/PrimoTours/Old Objects/CCenter/pageLoaderOverlayLayer' is NOT visible

2017-11-29 15:47:23 - [TEST_STEP][PASSED] - waitForElementPresent: Object 'Object Repository/PrimoTours/Old Objects/ThankYouPage/bookingNoContainer' is present

2017-11-29 15:47:23 - [MESSAGE][PASSED] - Object 'Object Repository/PrimoTours/Old Objects/ThankYouPage/bookingNoContainer' is present

2017-11-29 15:47:23 - [TEST_STEP][PASSED] - waitForElementClickable: Object 'Object Repository/PrimoTours/Old Objects/ThankYouPage/bookingNoContainer' is clickable

2017-11-29 15:47:23 - [MESSAGE][PASSED] - Object 'Object Repository/PrimoTours/Old Objects/ThankYouPage/bookingNoContainer' is clickable

2017-11-29 15:47:23 - [TEST_STEP][PASSED] - verifyElementVisible: Object 'Object Repository/PrimoTours/Old Objects/ThankYouPage/bookingNoContainer' is visible

2017-11-29 15:47:23 - [MESSAGE][PASSED] - Object 'Object Repository/PrimoTours/Old Objects/ThankYouPage/bookingNoContainer' is visible

2017-11-29 15:47:23 - [TEST_STEP][PASSED] - verifyElementVisible: Object 'Object Repository/PrimoTours/Old Objects/ThankYouPage/bookingTotalInfo' is visible

2017-11-29 15:47:23 - [MESSAGE][PASSED] - Object 'Object Repository/PrimoTours/Old Objects/ThankYouPage/bookingTotalInfo' is visible

2017-11-29 15:47:23 - [TEST_STEP][PASSED] - verifyElementVisible: Object 'Object Repository/PrimoTours/Old Objects/ThankYouPage/bookingTotalPriceBar' is visible

2017-11-29 15:47:23 - [MESSAGE][PASSED] - Object 'Object Repository/PrimoTours/Old Objects/ThankYouPage/bookingTotalPriceBar' is visible

2017-11-29 15:47:23 - [TEST_STEP][PASSED] - verifyElementVisible: Object 'Object Repository/PrimoTours/Old Objects/ThankYouPage/printTicketSpan' is visible

2017-11-29 15:47:23 - [MESSAGE][PASSED] - Object 'Object Repository/PrimoTours/Old Objects/ThankYouPage/printTicketSpan' is visible

2017-11-29 15:47:23 - [TEST_STEP][PASSED] - waitForElementClickable: Object 'Object Repository/PrimoTours/Old Objects/ThankYouPage/printTicketSpan' is clickable

2017-11-29 15:47:23 - [MESSAGE][PASSED] - Object 'Object Repository/PrimoTours/Old Objects/ThankYouPage/printTicketSpan' is clickable

2017-11-29 15:47:23 - [TEST_STEP][PASSED] - Statement - Try: Object: 'Object Repository/PrimoTours/Old Objects/ThankYouPage/printTicketSpan' is clicked on

2017-11-29 15:47:23 - [TEST_STEP][PASSED] - click: Object: 'Object Repository/PrimoTours/Old Objects/ThankYouPage/printTicketSpan' is clicked on

2017-11-29 15:47:29 - [MESSAGE][PASSED] - Object: 'Object Repository/PrimoTours/Old Objects/ThankYouPage/printTicketSpan' is clicked on

2017-11-29 15:47:29 - [TEST_STEP][PASSED] - delay: Delayed 2 second(s)

2017-11-29 15:47:31 - [MESSAGE][PASSED] - Delayed 2 second(s)

2017-11-29 15:47:31 - [TEST_STEP][PASSED] - waitForElementVisible: Object 'Object Repository/PrimoTours/Old Objects/ThankYouPage/cCenterButton' is visible

2017-11-29 15:47:31 - [MESSAGE][PASSED] - Object 'Object Repository/PrimoTours/Old Objects/ThankYouPage/cCenterButton' is visible

2017-11-29 15:47:31 - [TEST_STEP][PASSED] - waitForElementClickable: Object 'Object Repository/PrimoTours/Old Objects/ThankYouPage/cCenterButton' is clickable

2017-11-29 15:47:31 - [MESSAGE][PASSED] - Object 'Object Repository/PrimoTours/Old Objects/ThankYouPage/cCenterButton' is clickable

2017-11-29 15:47:31 - [TEST_STEP][PASSED] - click: Object: 'Object Repository/PrimoTours/Old Objects/ThankYouPage/cCenterButton' is clicked on

2017-11-29 15:47:31 - [MESSAGE][PASSED] - Object: 'Object Repository/PrimoTours/Old Objects/ThankYouPage/cCenterButton' is clicked on

2017-11-29 15:47:31 - [TEST_STEP][PASSED] - waitForPageLoad: Wait for page load successfully

2017-11-29 15:47:31 - [MESSAGE][PASSED] - Wait for page load successfully

2017-11-29 15:47:31 - [TEST_STEP][PASSED] - waitForJQueryLoad: jQuery is ready.

2017-11-29 15:47:31 - [MESSAGE][PASSED] - jQuery is ready.

2017-11-29 15:47:31 - [TEST_STEP][PASSED] - waitForElementPresent: Object 'Object Repository/PrimoTours/Old Objects/CCenter/pageLoaderOverlayLayer' is present

2017-11-29 15:47:31 - [MESSAGE][PASSED] - Object 'Object Repository/PrimoTours/Old Objects/CCenter/pageLoaderOverlayLayer' is present

2017-11-29 15:47:31 - [TEST_STEP][PASSED] - waitForElementNotVisible: Object 'Object Repository/PrimoTours/Old Objects/CCenter/pageLoaderOverlayLayer' is NOT visible

2017-11-29 15:47:32 - [MESSAGE][PASSED] - Object 'Object Repository/PrimoTours/Old Objects/CCenter/pageLoaderOverlayLayer' is NOT visible

2017-11-29 15:47:32 - [TEST_STEP][PASSED] - verifyElementVisible: Object 'Object Repository/PrimoTours/Old Objects/ThankYouPage/bookingNoContainer' is visible

2017-11-29 15:47:32 - [MESSAGE][PASSED] - Object 'Object Repository/PrimoTours/Old Objects/ThankYouPage/bookingNoContainer' is visible

2017-11-29 15:47:32 - [TEST_STEP][PASSED] - verifyElementVisible: Object 'Object Repository/PrimoTours/Old Objects/ThankYouPage/bookingTotalPriceBar' is visible

2017-11-29 15:47:32 - [MESSAGE][PASSED] - Object 'Object Repository/PrimoTours/Old Objects/ThankYouPage/bookingTotalPriceBar' is visible

2017-11-29 15:47:32 - [TEST_STEP][PASSED] - delay: Delayed 1 second(s)

2017-11-29 15:47:33 - [MESSAGE][PASSED] - Delayed 1 second(s)]]></system-out>
         <system-err><![CDATA[]]></system-err>
      </testcase>
      <testcase name="Test Cases/PrimoTours/WB Primo/WB Primo staging - place booking - Iteration 11" classname="Test Cases/PrimoTours/WB Primo/WB Primo staging - place booking" status="PASSED">
         <system-out><![CDATA[2017-11-29 15:47:33 - [TEST_CASE][PASSED] - Test Cases/PrimoTours/WB Primo/WB Primo staging - place booking - Iteration 11: Test Cases/PrimoTours/WB Primo/WB Primo staging - place booking

2017-11-29 15:47:33 - [TEST_STEP][PASSED] - openBrowser: Browser is opened with url: ''

2017-11-29 15:47:33 - [MESSAGE][WARNING] - A browser is already opened. Closing browser and opening a new one

2017-11-29 15:47:36 - [MESSAGE][PASSED] - Browser is opened with url: ''

2017-11-29 15:47:36 - [TEST_STEP][PASSED] - maximizeWindow: Current window maximized

2017-11-29 15:47:36 - [MESSAGE][PASSED] - Current window maximized

2017-11-29 15:47:36 - [TEST_STEP][PASSED] - navigateToUrl: Navigate to 'http://localhost:50029/DoBooking.aspx?pltaID=1480269&p=2&rno=1&pt=2&a=2&c=2&aa=&ca=1%2C5' successfully

2017-11-29 15:47:37 - [MESSAGE][PASSED] - Navigate to 'http://localhost:50029/DoBooking.aspx?pltaID=1480269&p=2&rno=1&pt=2&a=2&c=2&aa=&ca=1%2C5' successfully

2017-11-29 15:47:37 - [TEST_STEP][PASSED] - Statement - excelInfo = ["fname":"", "lname":"", "pgender":"", "pday":"", "pmonth":"", "pyear":""]: null

2017-11-29 15:47:37 - [TEST_STEP][PASSED] - Statement - rawData = com.kms.katalon.core.testdata.TestDataFactory.findTestData("Data Files/WB_Primo/Passenger_details"): Reading excel file with source file 'D:\Software testing\Tourpaq\Automated Katalon tests\Primo WB test\Data Files\Primo_URLs_For_Automated_Test.xls' and sheet name 'Passenger Names'

2017-11-29 15:47:37 - [TEST_STEP][PASSED] - Statement - excelRowNo = rawData.getRowNumbers(): null

2017-11-29 15:47:37 - [TEST_STEP][PASSED] - Statement - randomPaxIndex = java.lang.Math.abs(new java.util.Random().nextInt() % excelRowNo) + 1: null

2017-11-29 15:47:37 - [TEST_STEP][PASSED] - Statement - fname = rawData.getValue("FirstName", randomPaxIndex): null

2017-11-29 15:47:37 - [TEST_STEP][PASSED] - Statement - lname = rawData.getValue("LastName", randomPaxIndex): null

2017-11-29 15:47:37 - [TEST_STEP][PASSED] - Statement - pgender = rawData.getValue("Gender", randomPaxIndex): null

2017-11-29 15:47:37 - [TEST_STEP][PASSED] - setText: Text 'Klausen AUT' is set on object 'Object Repository/PrimoTours/Old Objects/Coco/PrimoT/Page_Primo Tours  Danmarks bedste c/input_firstName'

2017-11-29 15:47:37 - [MESSAGE][PASSED] - Text 'Klausen AUT' is set on object 'Object Repository/PrimoTours/Old Objects/Coco/PrimoT/Page_Primo Tours  Danmarks bedste c/input_firstName'

2017-11-29 15:47:37 - [TEST_STEP][PASSED] - setText: Text 'Stine Fredsted' is set on object 'Object Repository/PrimoTours/Old Objects/Coco/PrimoT/Page_Primo Tours  Danmarks bedste c/input_lastName'

2017-11-29 15:47:37 - [MESSAGE][PASSED] - Text 'Stine Fredsted' is set on object 'Object Repository/PrimoTours/Old Objects/Coco/PrimoT/Page_Primo Tours  Danmarks bedste c/input_lastName'

2017-11-29 15:47:37 - [TEST_STEP][PASSED] - click: Object: 'Object Repository/PrimoTours/LandingPage/customerGender' is clicked on

2017-11-29 15:47:37 - [MESSAGE][PASSED] - Object: 'Object Repository/PrimoTours/LandingPage/customerGender' is clicked on

2017-11-29 15:47:37 - [TEST_STEP][PASSED] - setText: Text 'Home address' is set on object 'Object Repository/PrimoTours/Old Objects/Coco/PrimoT/Page_Primo Tours  Danmarks bedste c/input_customerAddress'

2017-11-29 15:47:37 - [MESSAGE][PASSED] - Text 'Home address' is set on object 'Object Repository/PrimoTours/Old Objects/Coco/PrimoT/Page_Primo Tours  Danmarks bedste c/input_customerAddress'

2017-11-29 15:47:37 - [TEST_STEP][PASSED] - setText: Text '6700' is set on object 'Object Repository/PrimoTours/Old Objects/Coco/PrimoT/Page_Primo Tours  Danmarks bedste c/input_customerPostcode'

2017-11-29 15:47:37 - [MESSAGE][PASSED] - Text '6700' is set on object 'Object Repository/PrimoTours/Old Objects/Coco/PrimoT/Page_Primo Tours  Danmarks bedste c/input_customerPostcode'

2017-11-29 15:47:37 - [TEST_STEP][PASSED] - setText: Text 'cornel.neacsu@roweb.ro' is set on object 'Object Repository/PrimoTours/Old Objects/Coco/PrimoT/Page_Primo Tours  Danmarks bedste c/input_customerEmail'

2017-11-29 15:47:38 - [MESSAGE][PASSED] - Text 'cornel.neacsu@roweb.ro' is set on object 'Object Repository/PrimoTours/Old Objects/Coco/PrimoT/Page_Primo Tours  Danmarks bedste c/input_customerEmail'

2017-11-29 15:47:38 - [TEST_STEP][PASSED] - setText: Text '12345678' is set on object 'Object Repository/PrimoTours/Old Objects/Coco/PrimoT/Page_Primo Tours  Danmarks bedste c/input_customerPhone'

2017-11-29 15:47:38 - [MESSAGE][PASSED] - Text '12345678' is set on object 'Object Repository/PrimoTours/Old Objects/Coco/PrimoT/Page_Primo Tours  Danmarks bedste c/input_customerPhone'

2017-11-29 15:47:38 - [TEST_STEP][PASSED] - waitForElementClickable: Object 'Object Repository/PrimoTours/Old Objects/Coco/PrimoT/Page_Primo Tours  Danmarks bedste c/input_firstname-0_1' is clickable

2017-11-29 15:47:40 - [MESSAGE][PASSED] - Object 'Object Repository/PrimoTours/Old Objects/Coco/PrimoT/Page_Primo Tours  Danmarks bedste c/input_firstname-0_1' is clickable

2017-11-29 15:47:40 - [TEST_STEP][PASSED] - Statement - driver = com.kms.katalon.core.webui.driver.DriverFactory.getWebDriver(): null

2017-11-29 15:47:40 - [TEST_STEP][PASSED] - Statement - roomContainerXpath = "id("roomAndStaticOptionsContainer")/div[@class="row"]/div[@class="col-md-12 roomContainer"]": null

2017-11-29 15:47:40 - [TEST_STEP][PASSED] - Statement - roomsCount = driver.findElements(org.openqa.selenium.By.xpath(roomContainerXpath)).size(): null

2017-11-29 15:47:40 - [TEST_STEP][PASSED] - Statement - println("roomsCount=" + roomsCount): null

2017-11-29 15:47:40 - [TEST_STEP][PASSED] - Statement - For ([i = 1, i <= roomsCount, (i++)]): Object: 'Object Repository/PrimoTours/LandingPage/secondPaxFirstNameField' is clicked on

2017-11-29 15:47:40 - [TEST_STEP][PASSED] - Statement - paxInRoomXpath = "id("passengersContainer_" + i - 1 + "")/div[@class="col-md-12"]/div[@class="row"]": null

2017-11-29 15:47:40 - [TEST_STEP][PASSED] - Statement - println("paxInRoomXpath=" + paxInRoomXpath): null

2017-11-29 15:47:40 - [TEST_STEP][PASSED] - Statement - paxInRoomCount = driver.findElements(org.openqa.selenium.By.xpath(paxInRoomXpath)).size(): null

2017-11-29 15:47:40 - [TEST_STEP][PASSED] - Statement - println("paxInRoomCount=" + paxInRoomCount): null

2017-11-29 15:47:40 - [TEST_STEP][PASSED] - Statement - For ([j = 1, j <= paxInRoomCount, (j++)]): Object: 'Object Repository/PrimoTours/LandingPage/secondPaxFirstNameField' is clicked on

2017-11-29 15:47:40 - [TEST_STEP][PASSED] - Statement - If (i == 1 & j == 1): null

2017-11-29 15:47:40 - [TEST_STEP][PASSED] - Statement - <not implemented yet for class: org.codehaus.groovy.ast.stmt.ContinueStatement>: null

2017-11-29 15:47:40 - [TEST_STEP][PASSED] - Statement - If (i == 1 & j == 1): null

2017-11-29 15:47:40 - [TEST_STEP][PASSED] - Statement - randomPaxIndex = java.lang.Math.abs(new java.util.Random().nextInt() % excelRowNo) + 1: null

2017-11-29 15:47:40 - [TEST_STEP][PASSED] - Statement - fname = rawData.getValue("FirstName", randomPaxIndex) + " AUT": null

2017-11-29 15:47:40 - [TEST_STEP][PASSED] - Statement - lname = rawData.getValue("LastName", randomPaxIndex): null

2017-11-29 15:47:40 - [TEST_STEP][PASSED] - Statement - pgender = rawData.getValue("Gender", randomPaxIndex): null

2017-11-29 15:47:40 - [TEST_STEP][PASSED] - Statement - pday = rawData.getValue("Day DOB", randomPaxIndex): null

2017-11-29 15:47:40 - [TEST_STEP][PASSED] - Statement - pmonth = rawData.getValue("Month DOB", randomPaxIndex): null

2017-11-29 15:47:40 - [TEST_STEP][PASSED] - Statement - pyear = rawData.getValue("Year DOB", randomPaxIndex): null

2017-11-29 15:47:40 - [TEST_STEP][PASSED] - Statement - paxDetailFields = paxInRoomXpath + "[" + j + "]/div[@class="col-md-x col-md-9"]/div[@class="row paxContainer"][1]/div[contains(@class,"paxAttribute")]": null

2017-11-29 15:47:40 - [TEST_STEP][PASSED] - Statement - xpathval = paxDetailFields + "[1]/div[contains(@class,"form-group")]/input[contains(@class,"paxFirstName")]": null

2017-11-29 15:47:40 - [TEST_STEP][PASSED] - Statement - println("fn: " + xpathval): null

2017-11-29 15:47:40 - [TEST_STEP][PASSED] - Statement - repObj = com.kms.katalon.core.testobject.ObjectRepository.findTestObject(Object Repository/PrimoTours/LandingPage/secondPaxFirstNameField): Finding Test Object with id 'Object Repository/PrimoTours/LandingPage/secondPaxFirstNameField'

2017-11-29 15:47:40 - [TEST_STEP][PASSED] - Statement - repObj.findProperty("xpath").setValue(xpathval): null

2017-11-29 15:47:40 - [TEST_STEP][PASSED] - setText: Text 'Bak AUT' is set on object 'Object Repository/PrimoTours/LandingPage/secondPaxFirstNameField'

2017-11-29 15:47:40 - [MESSAGE][PASSED] - Text 'Bak AUT' is set on object 'Object Repository/PrimoTours/LandingPage/secondPaxFirstNameField'

2017-11-29 15:47:40 - [TEST_STEP][PASSED] - Statement - xpathval = paxDetailFields + "[2]/div[contains(@class,"form-group")]/input[contains(@class,"paxLastName")]": null

2017-11-29 15:47:40 - [TEST_STEP][PASSED] - Statement - println("ln: " + xpathval): null

2017-11-29 15:47:40 - [TEST_STEP][PASSED] - Statement - repObj = com.kms.katalon.core.testobject.ObjectRepository.findTestObject(Object Repository/PrimoTours/LandingPage/secondPaxFirstNameField): Finding Test Object with id 'Object Repository/PrimoTours/LandingPage/secondPaxFirstNameField'

2017-11-29 15:47:40 - [TEST_STEP][PASSED] - Statement - repObj.findProperty("xpath").setValue(xpathval): null

2017-11-29 15:47:40 - [TEST_STEP][PASSED] - setText: Text 'Jørgen ' is set on object 'Object Repository/PrimoTours/LandingPage/secondPaxFirstNameField'

2017-11-29 15:47:40 - [MESSAGE][PASSED] - Text 'Jørgen ' is set on object 'Object Repository/PrimoTours/LandingPage/secondPaxFirstNameField'

2017-11-29 15:47:40 - [TEST_STEP][PASSED] - Statement - repObj = com.kms.katalon.core.testobject.ObjectRepository.findTestObject(Object Repository/PrimoTours/LandingPage/secondPaxFirstNameField): Finding Test Object with id 'Object Repository/PrimoTours/LandingPage/secondPaxFirstNameField'

2017-11-29 15:47:40 - [TEST_STEP][PASSED] - Statement - xpathval = paxDetailFields + "[3]/div[contains(@class,"paxGenderSelectorContainer")]/span[contains(@class,"select2 select2-container")]/span[contains(@class,"selection")]/span[contains(@class,"select2-selection")]": null

2017-11-29 15:47:40 - [TEST_STEP][PASSED] - Statement - println("gender: " + xpathval): null

2017-11-29 15:47:40 - [TEST_STEP][PASSED] - Statement - repObj.findProperty("xpath").setValue(xpathval): null

2017-11-29 15:47:40 - [TEST_STEP][PASSED] - click: Object: 'Object Repository/PrimoTours/LandingPage/secondPaxFirstNameField' is clicked on

2017-11-29 15:47:41 - [MESSAGE][PASSED] - Object: 'Object Repository/PrimoTours/LandingPage/secondPaxFirstNameField' is clicked on

2017-11-29 15:47:41 - [TEST_STEP][PASSED] - Statement - If (i == 1 & j == 1): null

2017-11-29 15:47:41 - [TEST_STEP][PASSED] - Statement - randomPaxIndex = java.lang.Math.abs(new java.util.Random().nextInt() % excelRowNo) + 1: null

2017-11-29 15:47:41 - [TEST_STEP][PASSED] - Statement - fname = rawData.getValue("FirstName", randomPaxIndex) + " AUT": null

2017-11-29 15:47:41 - [TEST_STEP][PASSED] - Statement - lname = rawData.getValue("LastName", randomPaxIndex): null

2017-11-29 15:47:41 - [TEST_STEP][PASSED] - Statement - pgender = rawData.getValue("Gender", randomPaxIndex): null

2017-11-29 15:47:41 - [TEST_STEP][PASSED] - Statement - pday = rawData.getValue("Day DOB", randomPaxIndex): null

2017-11-29 15:47:41 - [TEST_STEP][PASSED] - Statement - pmonth = rawData.getValue("Month DOB", randomPaxIndex): null

2017-11-29 15:47:41 - [TEST_STEP][PASSED] - Statement - pyear = rawData.getValue("Year DOB", randomPaxIndex): null

2017-11-29 15:47:41 - [TEST_STEP][PASSED] - Statement - paxDetailFields = paxInRoomXpath + "[" + j + "]/div[@class="col-md-x col-md-9"]/div[@class="row paxContainer"][1]/div[contains(@class,"paxAttribute")]": null

2017-11-29 15:47:41 - [TEST_STEP][PASSED] - Statement - xpathval = paxDetailFields + "[1]/div[contains(@class,"form-group")]/input[contains(@class,"paxFirstName")]": null

2017-11-29 15:47:41 - [TEST_STEP][PASSED] - Statement - println("fn: " + xpathval): null

2017-11-29 15:47:41 - [TEST_STEP][PASSED] - Statement - repObj = com.kms.katalon.core.testobject.ObjectRepository.findTestObject(Object Repository/PrimoTours/LandingPage/secondPaxFirstNameField): Finding Test Object with id 'Object Repository/PrimoTours/LandingPage/secondPaxFirstNameField'

2017-11-29 15:47:41 - [TEST_STEP][PASSED] - Statement - repObj.findProperty("xpath").setValue(xpathval): null

2017-11-29 15:47:41 - [TEST_STEP][PASSED] - setText: Text 'Henriksen AUT' is set on object 'Object Repository/PrimoTours/LandingPage/secondPaxFirstNameField'

2017-11-29 15:47:41 - [MESSAGE][PASSED] - Text 'Henriksen AUT' is set on object 'Object Repository/PrimoTours/LandingPage/secondPaxFirstNameField'

2017-11-29 15:47:41 - [TEST_STEP][PASSED] - Statement - xpathval = paxDetailFields + "[2]/div[contains(@class,"form-group")]/input[contains(@class,"paxLastName")]": null

2017-11-29 15:47:41 - [TEST_STEP][PASSED] - Statement - println("ln: " + xpathval): null

2017-11-29 15:47:41 - [TEST_STEP][PASSED] - Statement - repObj = com.kms.katalon.core.testobject.ObjectRepository.findTestObject(Object Repository/PrimoTours/LandingPage/secondPaxFirstNameField): Finding Test Object with id 'Object Repository/PrimoTours/LandingPage/secondPaxFirstNameField'

2017-11-29 15:47:41 - [TEST_STEP][PASSED] - Statement - repObj.findProperty("xpath").setValue(xpathval): null

2017-11-29 15:47:41 - [TEST_STEP][PASSED] - setText: Text 'Kenneth' is set on object 'Object Repository/PrimoTours/LandingPage/secondPaxFirstNameField'

2017-11-29 15:47:41 - [MESSAGE][PASSED] - Text 'Kenneth' is set on object 'Object Repository/PrimoTours/LandingPage/secondPaxFirstNameField'

2017-11-29 15:47:41 - [TEST_STEP][PASSED] - Statement - repObj = com.kms.katalon.core.testobject.ObjectRepository.findTestObject(Object Repository/PrimoTours/LandingPage/secondPaxFirstNameField): Finding Test Object with id 'Object Repository/PrimoTours/LandingPage/secondPaxFirstNameField'

2017-11-29 15:47:41 - [TEST_STEP][PASSED] - Statement - xpathval = paxDetailFields + "[3]/div[contains(@class,"paxGenderSelectorContainer")]/span[contains(@class,"select2 select2-container")]/span[contains(@class,"selection")]/span[contains(@class,"select2-selection")]": null

2017-11-29 15:47:41 - [TEST_STEP][PASSED] - Statement - println("gender: " + xpathval): null

2017-11-29 15:47:41 - [TEST_STEP][PASSED] - Statement - repObj.findProperty("xpath").setValue(xpathval): null

2017-11-29 15:47:41 - [TEST_STEP][PASSED] - click: Object: 'Object Repository/PrimoTours/LandingPage/secondPaxFirstNameField' is clicked on

2017-11-29 15:47:41 - [MESSAGE][PASSED] - Object: 'Object Repository/PrimoTours/LandingPage/secondPaxFirstNameField' is clicked on

2017-11-29 15:47:41 - [TEST_STEP][PASSED] - Statement - If (i == 1 & j == 1): null

2017-11-29 15:47:41 - [TEST_STEP][PASSED] - Statement - randomPaxIndex = java.lang.Math.abs(new java.util.Random().nextInt() % excelRowNo) + 1: null

2017-11-29 15:47:41 - [TEST_STEP][PASSED] - Statement - fname = rawData.getValue("FirstName", randomPaxIndex) + " AUT": null

2017-11-29 15:47:41 - [TEST_STEP][PASSED] - Statement - lname = rawData.getValue("LastName", randomPaxIndex): null

2017-11-29 15:47:41 - [TEST_STEP][PASSED] - Statement - pgender = rawData.getValue("Gender", randomPaxIndex): null

2017-11-29 15:47:41 - [TEST_STEP][PASSED] - Statement - pday = rawData.getValue("Day DOB", randomPaxIndex): null

2017-11-29 15:47:41 - [TEST_STEP][PASSED] - Statement - pmonth = rawData.getValue("Month DOB", randomPaxIndex): null

2017-11-29 15:47:41 - [TEST_STEP][PASSED] - Statement - pyear = rawData.getValue("Year DOB", randomPaxIndex): null

2017-11-29 15:47:41 - [TEST_STEP][PASSED] - Statement - paxDetailFields = paxInRoomXpath + "[" + j + "]/div[@class="col-md-x col-md-9"]/div[@class="row paxContainer"][1]/div[contains(@class,"paxAttribute")]": null

2017-11-29 15:47:41 - [TEST_STEP][PASSED] - Statement - xpathval = paxDetailFields + "[1]/div[contains(@class,"form-group")]/input[contains(@class,"paxFirstName")]": null

2017-11-29 15:47:41 - [TEST_STEP][PASSED] - Statement - println("fn: " + xpathval): null

2017-11-29 15:47:41 - [TEST_STEP][PASSED] - Statement - repObj = com.kms.katalon.core.testobject.ObjectRepository.findTestObject(Object Repository/PrimoTours/LandingPage/secondPaxFirstNameField): Finding Test Object with id 'Object Repository/PrimoTours/LandingPage/secondPaxFirstNameField'

2017-11-29 15:47:41 - [TEST_STEP][PASSED] - Statement - repObj.findProperty("xpath").setValue(xpathval): null

2017-11-29 15:47:41 - [TEST_STEP][PASSED] - setText: Text 'Hansen AUT' is set on object 'Object Repository/PrimoTours/LandingPage/secondPaxFirstNameField'

2017-11-29 15:47:41 - [MESSAGE][PASSED] - Text 'Hansen AUT' is set on object 'Object Repository/PrimoTours/LandingPage/secondPaxFirstNameField'

2017-11-29 15:47:41 - [TEST_STEP][PASSED] - Statement - xpathval = paxDetailFields + "[2]/div[contains(@class,"form-group")]/input[contains(@class,"paxLastName")]": null

2017-11-29 15:47:41 - [TEST_STEP][PASSED] - Statement - println("ln: " + xpathval): null

2017-11-29 15:47:41 - [TEST_STEP][PASSED] - Statement - repObj = com.kms.katalon.core.testobject.ObjectRepository.findTestObject(Object Repository/PrimoTours/LandingPage/secondPaxFirstNameField): Finding Test Object with id 'Object Repository/PrimoTours/LandingPage/secondPaxFirstNameField'

2017-11-29 15:47:41 - [TEST_STEP][PASSED] - Statement - repObj.findProperty("xpath").setValue(xpathval): null

2017-11-29 15:47:41 - [TEST_STEP][PASSED] - setText: Text 'Kristian Marinus Asbjerg' is set on object 'Object Repository/PrimoTours/LandingPage/secondPaxFirstNameField'

2017-11-29 15:47:41 - [MESSAGE][PASSED] - Text 'Kristian Marinus Asbjerg' is set on object 'Object Repository/PrimoTours/LandingPage/secondPaxFirstNameField'

2017-11-29 15:47:41 - [TEST_STEP][PASSED] - Statement - repObj = com.kms.katalon.core.testobject.ObjectRepository.findTestObject(Object Repository/PrimoTours/LandingPage/secondPaxFirstNameField): Finding Test Object with id 'Object Repository/PrimoTours/LandingPage/secondPaxFirstNameField'

2017-11-29 15:47:41 - [TEST_STEP][PASSED] - Statement - xpathval = paxDetailFields + "[3]/div[contains(@class,"paxGenderSelectorContainer")]/span[contains(@class,"select2 select2-container")]/span[contains(@class,"selection")]/span[contains(@class,"select2-selection")]": null

2017-11-29 15:47:41 - [TEST_STEP][PASSED] - Statement - println("gender: " + xpathval): null

2017-11-29 15:47:41 - [TEST_STEP][PASSED] - Statement - repObj.findProperty("xpath").setValue(xpathval): null

2017-11-29 15:47:41 - [TEST_STEP][PASSED] - click: Object: 'Object Repository/PrimoTours/LandingPage/secondPaxFirstNameField' is clicked on

2017-11-29 15:47:41 - [MESSAGE][PASSED] - Object: 'Object Repository/PrimoTours/LandingPage/secondPaxFirstNameField' is clicked on

2017-11-29 15:47:41 - [TEST_STEP][PASSED] - scrollToElement: Scroll to object 'Object Repository/PrimoTours/Old Objects/Coco (1)/PrimoT/SaveBooking2/Success/bookingTotalValue' successfully

2017-11-29 15:47:41 - [MESSAGE][PASSED] - Scroll to object 'Object Repository/PrimoTours/Old Objects/Coco (1)/PrimoT/SaveBooking2/Success/bookingTotalValue' successfully

2017-11-29 15:47:41 - [TEST_STEP][PASSED] - click: Object: 'Object Repository/PrimoTours/Old Objects/Coco (1)/PrimoT/SaveBooking2/Success/bookingTotalValue' is clicked on

2017-11-29 15:47:42 - [MESSAGE][PASSED] - Object: 'Object Repository/PrimoTours/Old Objects/Coco (1)/PrimoT/SaveBooking2/Success/bookingTotalValue' is clicked on

2017-11-29 15:47:42 - [TEST_STEP][PASSED] - scrollToElement: Scroll to object 'Object Repository/PrimoTours/Old Objects/Coco (1)/PrimoT/SaveBooking2/Success/Page_Primo Tours  Danmarks bedste c/nextButtonOnLandingPage' successfully

2017-11-29 15:47:42 - [MESSAGE][PASSED] - Scroll to object 'Object Repository/PrimoTours/Old Objects/Coco (1)/PrimoT/SaveBooking2/Success/Page_Primo Tours  Danmarks bedste c/nextButtonOnLandingPage' successfully

2017-11-29 15:47:42 - [TEST_STEP][PASSED] - waitForElementClickable: Object 'Object Repository/PrimoTours/Old Objects/Coco (1)/PrimoT/SaveBooking2/Success/Page_Primo Tours  Danmarks bedste c/nextButtonOnLandingPage' is clickable

2017-11-29 15:47:42 - [MESSAGE][PASSED] - Object 'Object Repository/PrimoTours/Old Objects/Coco (1)/PrimoT/SaveBooking2/Success/Page_Primo Tours  Danmarks bedste c/nextButtonOnLandingPage' is clickable

2017-11-29 15:47:42 - [TEST_STEP][PASSED] - waitForElementVisible: Object 'Object Repository/PrimoTours/Old Objects/Coco (1)/PrimoT/SaveBooking2/Success/Page_Primo Tours  Danmarks bedste c/nextButtonOnLandingPage' is visible

2017-11-29 15:47:42 - [MESSAGE][PASSED] - Object 'Object Repository/PrimoTours/Old Objects/Coco (1)/PrimoT/SaveBooking2/Success/Page_Primo Tours  Danmarks bedste c/nextButtonOnLandingPage' is visible

2017-11-29 15:47:42 - [TEST_STEP][PASSED] - scrollToElement: Scroll to object 'Object Repository/PrimoTours/Old Objects/Coco (1)/PrimoT/SaveBooking2/Success/Page_Primo Tours  Danmarks bedste c/nextButtonOnLandingPage' successfully

2017-11-29 15:47:42 - [MESSAGE][PASSED] - Scroll to object 'Object Repository/PrimoTours/Old Objects/Coco (1)/PrimoT/SaveBooking2/Success/Page_Primo Tours  Danmarks bedste c/nextButtonOnLandingPage' successfully

2017-11-29 15:47:42 - [TEST_STEP][PASSED] - click: Object: 'Object Repository/PrimoTours/Old Objects/Coco (1)/PrimoT/SaveBooking2/Success/Page_Primo Tours  Danmarks bedste c/nextButtonOnLandingPage' is clicked on

2017-11-29 15:47:43 - [MESSAGE][PASSED] - Object: 'Object Repository/PrimoTours/Old Objects/Coco (1)/PrimoT/SaveBooking2/Success/Page_Primo Tours  Danmarks bedste c/nextButtonOnLandingPage' is clicked on

2017-11-29 15:47:43 - [TEST_STEP][PASSED] - delay: Delayed 3 second(s)

2017-11-29 15:47:46 - [MESSAGE][PASSED] - Delayed 3 second(s)

2017-11-29 15:47:46 - [TEST_STEP][PASSED] - waitForElementNotVisible: Object 'Object Repository/PrimoTours/Old Objects/CCenter/pageLoaderOverlayLayer' is NOT visible

2017-11-29 15:47:46 - [MESSAGE][PASSED] - Object 'Object Repository/PrimoTours/Old Objects/CCenter/pageLoaderOverlayLayer' is NOT visible

2017-11-29 15:47:46 - [TEST_STEP][PASSED] - scrollToElement: Scroll to object 'Object Repository/PrimoTours/Old Objects/Coco/PrimoT/Ins2/Page_Primo Tours  Danmarks bedste c/travelInsuranceFirstPaxSelector' successfully

2017-11-29 15:47:46 - [MESSAGE][PASSED] - Scroll to object 'Object Repository/PrimoTours/Old Objects/Coco/PrimoT/Ins2/Page_Primo Tours  Danmarks bedste c/travelInsuranceFirstPaxSelector' successfully

2017-11-29 15:47:46 - [TEST_STEP][PASSED] - waitForElementPresent: Object 'Object Repository/PrimoTours/Old Objects/Coco/PrimoT/Ins2/Page_Primo Tours  Danmarks bedste c/travelInsuranceFirstPaxSelector' is present

2017-11-29 15:47:46 - [MESSAGE][PASSED] - Object 'Object Repository/PrimoTours/Old Objects/Coco/PrimoT/Ins2/Page_Primo Tours  Danmarks bedste c/travelInsuranceFirstPaxSelector' is present

2017-11-29 15:47:46 - [TEST_STEP][PASSED] - waitForElementVisible: Object 'Object Repository/PrimoTours/Old Objects/Coco/PrimoT/Ins2/Page_Primo Tours  Danmarks bedste c/travelInsuranceFirstPaxSelector' is visible

2017-11-29 15:47:46 - [MESSAGE][PASSED] - Object 'Object Repository/PrimoTours/Old Objects/Coco/PrimoT/Ins2/Page_Primo Tours  Danmarks bedste c/travelInsuranceFirstPaxSelector' is visible

2017-11-29 15:47:46 - [TEST_STEP][PASSED] - waitForElementClickable: Object 'Object Repository/PrimoTours/Old Objects/Coco/PrimoT/Ins2/Page_Primo Tours  Danmarks bedste c/travelInsuranceFirstPaxSelector' is clickable

2017-11-29 15:47:46 - [MESSAGE][PASSED] - Object 'Object Repository/PrimoTours/Old Objects/Coco/PrimoT/Ins2/Page_Primo Tours  Danmarks bedste c/travelInsuranceFirstPaxSelector' is clickable

2017-11-29 15:47:46 - [TEST_STEP][PASSED] - click: Object: 'Object Repository/PrimoTours/Old Objects/Coco/PrimoT/Ins2/Page_Primo Tours  Danmarks bedste c/travelInsuranceFirstPaxSelector' is clicked on

2017-11-29 15:47:46 - [MESSAGE][PASSED] - Object: 'Object Repository/PrimoTours/Old Objects/Coco/PrimoT/Ins2/Page_Primo Tours  Danmarks bedste c/travelInsuranceFirstPaxSelector' is clicked on

2017-11-29 15:47:46 - [TEST_STEP][PASSED] - Statement - Try: Object: 'Object Repository/PrimoTours/Old Objects/Coco/PrimoT/Ins2/Page_Primo Tours  Danmarks bedste c/firstTravelInsuranceOption' is clicked on

2017-11-29 15:47:46 - [TEST_STEP][PASSED] - click: Object: 'Object Repository/PrimoTours/Old Objects/Coco/PrimoT/Ins2/Page_Primo Tours  Danmarks bedste c/firstTravelInsuranceOption' is clicked on

2017-11-29 15:47:47 - [MESSAGE][PASSED] - Object: 'Object Repository/PrimoTours/Old Objects/Coco/PrimoT/Ins2/Page_Primo Tours  Danmarks bedste c/firstTravelInsuranceOption' is clicked on

2017-11-29 15:47:47 - [TEST_STEP][NOT_RUN] - click: NOT_RUN: click

2017-11-29 15:47:47 - [MESSAGE][NOT_RUN] - NOT_RUN: click

2017-11-29 15:47:47 - [TEST_STEP][NOT_RUN] - scrollToElement: NOT_RUN: scrollToElement

2017-11-29 15:47:47 - [MESSAGE][NOT_RUN] - NOT_RUN: scrollToElement

2017-11-29 15:47:47 - [TEST_STEP][NOT_RUN] - click: NOT_RUN: click

2017-11-29 15:47:47 - [MESSAGE][NOT_RUN] - NOT_RUN: click

2017-11-29 15:47:47 - [TEST_STEP][PASSED] - waitForElementVisible: Object 'Object Repository/PrimoTours/Old Objects/Coco (1)/PrimoT/SaveBooking2/Page_Primo Tours  Danmarks bedste c/individualInsuranceCheckbox' is visible

2017-11-29 15:47:47 - [MESSAGE][PASSED] - Object 'Object Repository/PrimoTours/Old Objects/Coco (1)/PrimoT/SaveBooking2/Page_Primo Tours  Danmarks bedste c/individualInsuranceCheckbox' is visible

2017-11-29 15:47:47 - [TEST_STEP][PASSED] - scrollToElement: Scroll to object 'Object Repository/PrimoTours/Old Objects/Coco (1)/PrimoT/SaveBooking2/Page_Primo Tours  Danmarks bedste c/individualInsuranceCheckbox' successfully

2017-11-29 15:47:47 - [MESSAGE][PASSED] - Scroll to object 'Object Repository/PrimoTours/Old Objects/Coco (1)/PrimoT/SaveBooking2/Page_Primo Tours  Danmarks bedste c/individualInsuranceCheckbox' successfully

2017-11-29 15:47:47 - [TEST_STEP][PASSED] - click: Object: 'Object Repository/PrimoTours/Old Objects/Coco (1)/PrimoT/SaveBooking2/Page_Primo Tours  Danmarks bedste c/individualInsuranceCheckbox' is clicked on

2017-11-29 15:47:47 - [MESSAGE][PASSED] - Object: 'Object Repository/PrimoTours/Old Objects/Coco (1)/PrimoT/SaveBooking2/Page_Primo Tours  Danmarks bedste c/individualInsuranceCheckbox' is clicked on

2017-11-29 15:47:47 - [TEST_STEP][PASSED] - scrollToElement: Scroll to object 'Object Repository/PrimoTours/Old Objects/Coco (1)/PrimoT/SaveBooking2/Success/firstProdCategIndividualSelectionRadioB' successfully

2017-11-29 15:47:47 - [MESSAGE][PASSED] - Scroll to object 'Object Repository/PrimoTours/Old Objects/Coco (1)/PrimoT/SaveBooking2/Success/firstProdCategIndividualSelectionRadioB' successfully

2017-11-29 15:47:47 - [TEST_STEP][PASSED] - waitForElementClickable: Object 'Object Repository/PrimoTours/Old Objects/Coco (1)/PrimoT/SaveBooking2/Success/firstProdCategIndividualSelectionRadioB' is clickable

2017-11-29 15:47:47 - [MESSAGE][PASSED] - Object 'Object Repository/PrimoTours/Old Objects/Coco (1)/PrimoT/SaveBooking2/Success/firstProdCategIndividualSelectionRadioB' is clickable

2017-11-29 15:47:47 - [TEST_STEP][PASSED] - scrollToElement: Scroll to object 'Object Repository/PrimoTours/Old Objects/Coco (1)/PrimoT/SaveBooking2/Success/firstProdCategIndividualSelectionRadioB' successfully

2017-11-29 15:47:47 - [MESSAGE][PASSED] - Scroll to object 'Object Repository/PrimoTours/Old Objects/Coco (1)/PrimoT/SaveBooking2/Success/firstProdCategIndividualSelectionRadioB' successfully

2017-11-29 15:47:47 - [TEST_STEP][PASSED] - click: Object: 'Object Repository/PrimoTours/Old Objects/Coco (1)/PrimoT/SaveBooking2/Success/firstProdCategIndividualSelectionRadioB' is clicked on

2017-11-29 15:47:48 - [MESSAGE][PASSED] - Object: 'Object Repository/PrimoTours/Old Objects/Coco (1)/PrimoT/SaveBooking2/Success/firstProdCategIndividualSelectionRadioB' is clicked on

2017-11-29 15:47:48 - [TEST_STEP][PASSED] - scrollToElement: Scroll to object 'Object Repository/PrimoTours/Old Objects/Coco (1)/PrimoT/SaveBooking2/Success/firstProdCategSelectForAllPaxCheckbox' successfully

2017-11-29 15:47:48 - [MESSAGE][PASSED] - Scroll to object 'Object Repository/PrimoTours/Old Objects/Coco (1)/PrimoT/SaveBooking2/Success/firstProdCategSelectForAllPaxCheckbox' successfully

2017-11-29 15:47:48 - [TEST_STEP][PASSED] - waitForElementClickable: Object 'Object Repository/PrimoTours/Old Objects/Coco (1)/PrimoT/SaveBooking2/Success/firstProdCategSelectForAllPaxCheckbox' is clickable

2017-11-29 15:47:48 - [MESSAGE][PASSED] - Object 'Object Repository/PrimoTours/Old Objects/Coco (1)/PrimoT/SaveBooking2/Success/firstProdCategSelectForAllPaxCheckbox' is clickable

2017-11-29 15:47:48 - [TEST_STEP][PASSED] - click: Object: 'Object Repository/PrimoTours/Old Objects/Coco (1)/PrimoT/SaveBooking2/Success/firstProdCategSelectForAllPaxCheckbox' is clicked on

2017-11-29 15:47:48 - [MESSAGE][PASSED] - Object: 'Object Repository/PrimoTours/Old Objects/Coco (1)/PrimoT/SaveBooking2/Success/firstProdCategSelectForAllPaxCheckbox' is clicked on

2017-11-29 15:47:48 - [TEST_STEP][NOT_RUN] - scrollToElement: NOT_RUN: scrollToElement

2017-11-29 15:47:48 - [MESSAGE][NOT_RUN] - NOT_RUN: scrollToElement

2017-11-29 15:47:48 - [TEST_STEP][NOT_RUN] - scrollToElement: NOT_RUN: scrollToElement

2017-11-29 15:47:48 - [MESSAGE][NOT_RUN] - NOT_RUN: scrollToElement

2017-11-29 15:47:48 - [TEST_STEP][NOT_RUN] - click: NOT_RUN: click

2017-11-29 15:47:48 - [MESSAGE][NOT_RUN] - NOT_RUN: click

2017-11-29 15:47:48 - [TEST_STEP][PASSED] - scrollToElement: Scroll to object 'Object Repository/PrimoTours/ConfirmationPage/agreeTermsAndCondCheckbox' successfully

2017-11-29 15:47:48 - [MESSAGE][PASSED] - Scroll to object 'Object Repository/PrimoTours/ConfirmationPage/agreeTermsAndCondCheckbox' successfully

2017-11-29 15:47:48 - [TEST_STEP][PASSED] - click: Object: 'Object Repository/PrimoTours/ConfirmationPage/agreeTermsAndCondCheckbox' is clicked on

2017-11-29 15:47:48 - [MESSAGE][PASSED] - Object: 'Object Repository/PrimoTours/ConfirmationPage/agreeTermsAndCondCheckbox' is clicked on

2017-11-29 15:47:48 - [TEST_STEP][PASSED] - scrollToElement: Scroll to object 'Object Repository/PrimoTours/ConfirmationPage/placeBookingSpanInsideButton' successfully

2017-11-29 15:47:48 - [MESSAGE][PASSED] - Scroll to object 'Object Repository/PrimoTours/ConfirmationPage/placeBookingSpanInsideButton' successfully

2017-11-29 15:47:48 - [TEST_STEP][PASSED] - delay: Delayed 1 second(s)

2017-11-29 15:47:49 - [MESSAGE][PASSED] - Delayed 1 second(s)

2017-11-29 15:47:50 - [TEST_STEP][PASSED] - waitForElementClickable: Object 'Object Repository/PrimoTours/ConfirmationPage/placeBookingSpanInsideButton' is clickable

2017-11-29 15:47:50 - [MESSAGE][PASSED] - Object 'Object Repository/PrimoTours/ConfirmationPage/placeBookingSpanInsideButton' is clickable

2017-11-29 15:47:50 - [TEST_STEP][PASSED] - Statement - Try: Object: 'Object Repository/PrimoTours/ConfirmationPage/placeBookingSpanInsideButton' is clicked on

2017-11-29 15:47:50 - [TEST_STEP][PASSED] - click: Object: 'Object Repository/PrimoTours/ConfirmationPage/placeBookingSpanInsideButton' is clicked on

2017-11-29 15:47:50 - [MESSAGE][PASSED] - Object: 'Object Repository/PrimoTours/ConfirmationPage/placeBookingSpanInsideButton' is clicked on

2017-11-29 15:47:50 - [TEST_STEP][PASSED] - delay: Delayed 2 second(s)

2017-11-29 15:47:52 - [MESSAGE][PASSED] - Delayed 2 second(s)

2017-11-29 15:47:52 - [TEST_STEP][PASSED] - waitForPageLoad: Wait for page load successfully

2017-11-29 15:47:52 - [MESSAGE][PASSED] - Wait for page load successfully

2017-11-29 15:47:52 - [TEST_STEP][PASSED] - waitForJQueryLoad: jQuery is ready.

2017-11-29 15:47:56 - [MESSAGE][PASSED] - jQuery is ready.

2017-11-29 15:47:56 - [TEST_STEP][PASSED] - waitForElementPresent: Object 'Object Repository/PrimoTours/Old Objects/CCenter/pageLoaderOverlayLayer' is present

2017-11-29 15:47:56 - [MESSAGE][PASSED] - Object 'Object Repository/PrimoTours/Old Objects/CCenter/pageLoaderOverlayLayer' is present

2017-11-29 15:47:56 - [TEST_STEP][PASSED] - waitForElementNotVisible: Object 'Object Repository/PrimoTours/Old Objects/CCenter/pageLoaderOverlayLayer' is NOT visible

2017-11-29 15:47:57 - [MESSAGE][PASSED] - Object 'Object Repository/PrimoTours/Old Objects/CCenter/pageLoaderOverlayLayer' is NOT visible

2017-11-29 15:47:57 - [TEST_STEP][PASSED] - waitForElementPresent: Object 'Object Repository/PrimoTours/Old Objects/ThankYouPage/bookingNoContainer' is present

2017-11-29 15:47:57 - [MESSAGE][PASSED] - Object 'Object Repository/PrimoTours/Old Objects/ThankYouPage/bookingNoContainer' is present

2017-11-29 15:47:57 - [TEST_STEP][PASSED] - waitForElementClickable: Object 'Object Repository/PrimoTours/Old Objects/ThankYouPage/bookingNoContainer' is clickable

2017-11-29 15:47:57 - [MESSAGE][PASSED] - Object 'Object Repository/PrimoTours/Old Objects/ThankYouPage/bookingNoContainer' is clickable

2017-11-29 15:47:57 - [TEST_STEP][PASSED] - verifyElementVisible: Object 'Object Repository/PrimoTours/Old Objects/ThankYouPage/bookingNoContainer' is visible

2017-11-29 15:47:57 - [MESSAGE][PASSED] - Object 'Object Repository/PrimoTours/Old Objects/ThankYouPage/bookingNoContainer' is visible

2017-11-29 15:47:57 - [TEST_STEP][PASSED] - verifyElementVisible: Object 'Object Repository/PrimoTours/Old Objects/ThankYouPage/bookingTotalInfo' is visible

2017-11-29 15:47:57 - [MESSAGE][PASSED] - Object 'Object Repository/PrimoTours/Old Objects/ThankYouPage/bookingTotalInfo' is visible

2017-11-29 15:47:57 - [TEST_STEP][PASSED] - verifyElementVisible: Object 'Object Repository/PrimoTours/Old Objects/ThankYouPage/bookingTotalPriceBar' is visible

2017-11-29 15:47:57 - [MESSAGE][PASSED] - Object 'Object Repository/PrimoTours/Old Objects/ThankYouPage/bookingTotalPriceBar' is visible

2017-11-29 15:47:57 - [TEST_STEP][PASSED] - verifyElementVisible: Object 'Object Repository/PrimoTours/Old Objects/ThankYouPage/printTicketSpan' is visible

2017-11-29 15:47:57 - [MESSAGE][PASSED] - Object 'Object Repository/PrimoTours/Old Objects/ThankYouPage/printTicketSpan' is visible

2017-11-29 15:47:57 - [TEST_STEP][PASSED] - waitForElementClickable: Object 'Object Repository/PrimoTours/Old Objects/ThankYouPage/printTicketSpan' is clickable

2017-11-29 15:47:57 - [MESSAGE][PASSED] - Object 'Object Repository/PrimoTours/Old Objects/ThankYouPage/printTicketSpan' is clickable

2017-11-29 15:47:57 - [TEST_STEP][PASSED] - Statement - Try: Object: 'Object Repository/PrimoTours/Old Objects/ThankYouPage/printTicketSpan' is clicked on

2017-11-29 15:47:57 - [TEST_STEP][PASSED] - click: Object: 'Object Repository/PrimoTours/Old Objects/ThankYouPage/printTicketSpan' is clicked on

2017-11-29 15:48:02 - [MESSAGE][PASSED] - Object: 'Object Repository/PrimoTours/Old Objects/ThankYouPage/printTicketSpan' is clicked on

2017-11-29 15:48:02 - [TEST_STEP][PASSED] - delay: Delayed 2 second(s)

2017-11-29 15:48:04 - [MESSAGE][PASSED] - Delayed 2 second(s)

2017-11-29 15:48:04 - [TEST_STEP][PASSED] - waitForElementVisible: Object 'Object Repository/PrimoTours/Old Objects/ThankYouPage/cCenterButton' is visible

2017-11-29 15:48:04 - [MESSAGE][PASSED] - Object 'Object Repository/PrimoTours/Old Objects/ThankYouPage/cCenterButton' is visible

2017-11-29 15:48:04 - [TEST_STEP][PASSED] - waitForElementClickable: Object 'Object Repository/PrimoTours/Old Objects/ThankYouPage/cCenterButton' is clickable

2017-11-29 15:48:04 - [MESSAGE][PASSED] - Object 'Object Repository/PrimoTours/Old Objects/ThankYouPage/cCenterButton' is clickable

2017-11-29 15:48:04 - [TEST_STEP][PASSED] - click: Object: 'Object Repository/PrimoTours/Old Objects/ThankYouPage/cCenterButton' is clicked on

2017-11-29 15:48:05 - [MESSAGE][PASSED] - Object: 'Object Repository/PrimoTours/Old Objects/ThankYouPage/cCenterButton' is clicked on

2017-11-29 15:48:05 - [TEST_STEP][PASSED] - waitForPageLoad: Wait for page load successfully

2017-11-29 15:48:05 - [MESSAGE][PASSED] - Wait for page load successfully

2017-11-29 15:48:05 - [TEST_STEP][PASSED] - waitForJQueryLoad: jQuery is ready.

2017-11-29 15:48:05 - [MESSAGE][PASSED] - jQuery is ready.

2017-11-29 15:48:05 - [TEST_STEP][PASSED] - waitForElementPresent: Object 'Object Repository/PrimoTours/Old Objects/CCenter/pageLoaderOverlayLayer' is present

2017-11-29 15:48:05 - [MESSAGE][PASSED] - Object 'Object Repository/PrimoTours/Old Objects/CCenter/pageLoaderOverlayLayer' is present

2017-11-29 15:48:05 - [TEST_STEP][PASSED] - waitForElementNotVisible: Object 'Object Repository/PrimoTours/Old Objects/CCenter/pageLoaderOverlayLayer' is NOT visible

2017-11-29 15:48:05 - [MESSAGE][PASSED] - Object 'Object Repository/PrimoTours/Old Objects/CCenter/pageLoaderOverlayLayer' is NOT visible

2017-11-29 15:48:05 - [TEST_STEP][PASSED] - verifyElementVisible: Object 'Object Repository/PrimoTours/Old Objects/ThankYouPage/bookingNoContainer' is visible

2017-11-29 15:48:05 - [MESSAGE][PASSED] - Object 'Object Repository/PrimoTours/Old Objects/ThankYouPage/bookingNoContainer' is visible

2017-11-29 15:48:05 - [TEST_STEP][PASSED] - verifyElementVisible: Object 'Object Repository/PrimoTours/Old Objects/ThankYouPage/bookingTotalPriceBar' is visible

2017-11-29 15:48:05 - [MESSAGE][PASSED] - Object 'Object Repository/PrimoTours/Old Objects/ThankYouPage/bookingTotalPriceBar' is visible

2017-11-29 15:48:05 - [TEST_STEP][PASSED] - delay: Delayed 1 second(s)

2017-11-29 15:48:06 - [MESSAGE][PASSED] - Delayed 1 second(s)]]></system-out>
         <system-err><![CDATA[]]></system-err>
      </testcase>
      <testcase name="Test Cases/PrimoTours/WB Primo/WB Primo staging - place booking - Iteration 12" classname="Test Cases/PrimoTours/WB Primo/WB Primo staging - place booking" status="PASSED">
         <system-out><![CDATA[2017-11-29 15:48:06 - [TEST_CASE][PASSED] - Test Cases/PrimoTours/WB Primo/WB Primo staging - place booking - Iteration 12: Test Cases/PrimoTours/WB Primo/WB Primo staging - place booking

2017-11-29 15:48:06 - [TEST_STEP][PASSED] - openBrowser: Browser is opened with url: ''

2017-11-29 15:48:06 - [MESSAGE][WARNING] - A browser is already opened. Closing browser and opening a new one

2017-11-29 15:48:10 - [MESSAGE][PASSED] - Browser is opened with url: ''

2017-11-29 15:48:10 - [TEST_STEP][PASSED] - maximizeWindow: Current window maximized

2017-11-29 15:48:10 - [MESSAGE][PASSED] - Current window maximized

2017-11-29 15:48:10 - [TEST_STEP][PASSED] - navigateToUrl: Navigate to 'http://localhost:50029/DoBooking.aspx?pltaID=1480269&p=2&rno=2&pt=1&a=4&c=4&aa=&ca=1%2C5|0%2C7' successfully

2017-11-29 15:48:11 - [MESSAGE][PASSED] - Navigate to 'http://localhost:50029/DoBooking.aspx?pltaID=1480269&p=2&rno=2&pt=1&a=4&c=4&aa=&ca=1%2C5|0%2C7' successfully

2017-11-29 15:48:11 - [TEST_STEP][PASSED] - Statement - excelInfo = ["fname":"", "lname":"", "pgender":"", "pday":"", "pmonth":"", "pyear":""]: null

2017-11-29 15:48:11 - [TEST_STEP][PASSED] - Statement - rawData = com.kms.katalon.core.testdata.TestDataFactory.findTestData("Data Files/WB_Primo/Passenger_details"): Reading excel file with source file 'D:\Software testing\Tourpaq\Automated Katalon tests\Primo WB test\Data Files\Primo_URLs_For_Automated_Test.xls' and sheet name 'Passenger Names'

2017-11-29 15:48:11 - [TEST_STEP][PASSED] - Statement - excelRowNo = rawData.getRowNumbers(): null

2017-11-29 15:48:11 - [TEST_STEP][PASSED] - Statement - randomPaxIndex = java.lang.Math.abs(new java.util.Random().nextInt() % excelRowNo) + 1: null

2017-11-29 15:48:11 - [TEST_STEP][PASSED] - Statement - fname = rawData.getValue("FirstName", randomPaxIndex): null

2017-11-29 15:48:11 - [TEST_STEP][PASSED] - Statement - lname = rawData.getValue("LastName", randomPaxIndex): null

2017-11-29 15:48:11 - [TEST_STEP][PASSED] - Statement - pgender = rawData.getValue("Gender", randomPaxIndex): null

2017-11-29 15:48:11 - [TEST_STEP][PASSED] - setText: Text 'Larsen AUT' is set on object 'Object Repository/PrimoTours/Old Objects/Coco/PrimoT/Page_Primo Tours  Danmarks bedste c/input_firstName'

2017-11-29 15:48:11 - [MESSAGE][PASSED] - Text 'Larsen AUT' is set on object 'Object Repository/PrimoTours/Old Objects/Coco/PrimoT/Page_Primo Tours  Danmarks bedste c/input_firstName'

2017-11-29 15:48:11 - [TEST_STEP][PASSED] - setText: Text 'Kristian Ritter' is set on object 'Object Repository/PrimoTours/Old Objects/Coco/PrimoT/Page_Primo Tours  Danmarks bedste c/input_lastName'

2017-11-29 15:48:11 - [MESSAGE][PASSED] - Text 'Kristian Ritter' is set on object 'Object Repository/PrimoTours/Old Objects/Coco/PrimoT/Page_Primo Tours  Danmarks bedste c/input_lastName'

2017-11-29 15:48:11 - [TEST_STEP][PASSED] - click: Object: 'Object Repository/PrimoTours/LandingPage/customerGender' is clicked on

2017-11-29 15:48:11 - [MESSAGE][PASSED] - Object: 'Object Repository/PrimoTours/LandingPage/customerGender' is clicked on

2017-11-29 15:48:11 - [TEST_STEP][PASSED] - setText: Text 'Home address' is set on object 'Object Repository/PrimoTours/Old Objects/Coco/PrimoT/Page_Primo Tours  Danmarks bedste c/input_customerAddress'

2017-11-29 15:48:11 - [MESSAGE][PASSED] - Text 'Home address' is set on object 'Object Repository/PrimoTours/Old Objects/Coco/PrimoT/Page_Primo Tours  Danmarks bedste c/input_customerAddress'

2017-11-29 15:48:11 - [TEST_STEP][PASSED] - setText: Text '6700' is set on object 'Object Repository/PrimoTours/Old Objects/Coco/PrimoT/Page_Primo Tours  Danmarks bedste c/input_customerPostcode'

2017-11-29 15:48:11 - [MESSAGE][PASSED] - Text '6700' is set on object 'Object Repository/PrimoTours/Old Objects/Coco/PrimoT/Page_Primo Tours  Danmarks bedste c/input_customerPostcode'

2017-11-29 15:48:11 - [TEST_STEP][PASSED] - setText: Text 'cornel.neacsu@roweb.ro' is set on object 'Object Repository/PrimoTours/Old Objects/Coco/PrimoT/Page_Primo Tours  Danmarks bedste c/input_customerEmail'

2017-11-29 15:48:11 - [MESSAGE][PASSED] - Text 'cornel.neacsu@roweb.ro' is set on object 'Object Repository/PrimoTours/Old Objects/Coco/PrimoT/Page_Primo Tours  Danmarks bedste c/input_customerEmail'

2017-11-29 15:48:11 - [TEST_STEP][PASSED] - setText: Text '12345678' is set on object 'Object Repository/PrimoTours/Old Objects/Coco/PrimoT/Page_Primo Tours  Danmarks bedste c/input_customerPhone'

2017-11-29 15:48:11 - [MESSAGE][PASSED] - Text '12345678' is set on object 'Object Repository/PrimoTours/Old Objects/Coco/PrimoT/Page_Primo Tours  Danmarks bedste c/input_customerPhone'

2017-11-29 15:48:11 - [TEST_STEP][PASSED] - waitForElementClickable: Object 'Object Repository/PrimoTours/Old Objects/Coco/PrimoT/Page_Primo Tours  Danmarks bedste c/input_firstname-0_1' is clickable

2017-11-29 15:48:14 - [MESSAGE][PASSED] - Object 'Object Repository/PrimoTours/Old Objects/Coco/PrimoT/Page_Primo Tours  Danmarks bedste c/input_firstname-0_1' is clickable

2017-11-29 15:48:14 - [TEST_STEP][PASSED] - Statement - driver = com.kms.katalon.core.webui.driver.DriverFactory.getWebDriver(): null

2017-11-29 15:48:14 - [TEST_STEP][PASSED] - Statement - roomContainerXpath = "id("roomAndStaticOptionsContainer")/div[@class="row"]/div[@class="col-md-12 roomContainer"]": null

2017-11-29 15:48:14 - [TEST_STEP][PASSED] - Statement - roomsCount = driver.findElements(org.openqa.selenium.By.xpath(roomContainerXpath)).size(): null

2017-11-29 15:48:14 - [TEST_STEP][PASSED] - Statement - println("roomsCount=" + roomsCount): null

2017-11-29 15:48:14 - [TEST_STEP][PASSED] - Statement - For ([i = 1, i <= roomsCount, (i++)]): Object: 'Object Repository/PrimoTours/LandingPage/secondPaxFirstNameField' is clicked on

2017-11-29 15:48:14 - [TEST_STEP][PASSED] - Statement - paxInRoomXpath = "id("passengersContainer_" + i - 1 + "")/div[@class="col-md-12"]/div[@class="row"]": null

2017-11-29 15:48:14 - [TEST_STEP][PASSED] - Statement - println("paxInRoomXpath=" + paxInRoomXpath): null

2017-11-29 15:48:14 - [TEST_STEP][PASSED] - Statement - paxInRoomCount = driver.findElements(org.openqa.selenium.By.xpath(paxInRoomXpath)).size(): null

2017-11-29 15:48:14 - [TEST_STEP][PASSED] - Statement - println("paxInRoomCount=" + paxInRoomCount): null

2017-11-29 15:48:14 - [TEST_STEP][PASSED] - Statement - For ([j = 1, j <= paxInRoomCount, (j++)]): Object: 'Object Repository/PrimoTours/LandingPage/secondPaxFirstNameField' is clicked on

2017-11-29 15:48:14 - [TEST_STEP][PASSED] - Statement - If (i == 1 & j == 1): null

2017-11-29 15:48:14 - [TEST_STEP][PASSED] - Statement - <not implemented yet for class: org.codehaus.groovy.ast.stmt.ContinueStatement>: null

2017-11-29 15:48:14 - [TEST_STEP][PASSED] - Statement - If (i == 1 & j == 1): null

2017-11-29 15:48:14 - [TEST_STEP][PASSED] - Statement - randomPaxIndex = java.lang.Math.abs(new java.util.Random().nextInt() % excelRowNo) + 1: null

2017-11-29 15:48:14 - [TEST_STEP][PASSED] - Statement - fname = rawData.getValue("FirstName", randomPaxIndex) + " AUT": null

2017-11-29 15:48:14 - [TEST_STEP][PASSED] - Statement - lname = rawData.getValue("LastName", randomPaxIndex): null

2017-11-29 15:48:14 - [TEST_STEP][PASSED] - Statement - pgender = rawData.getValue("Gender", randomPaxIndex): null

2017-11-29 15:48:14 - [TEST_STEP][PASSED] - Statement - pday = rawData.getValue("Day DOB", randomPaxIndex): null

2017-11-29 15:48:14 - [TEST_STEP][PASSED] - Statement - pmonth = rawData.getValue("Month DOB", randomPaxIndex): null

2017-11-29 15:48:14 - [TEST_STEP][PASSED] - Statement - pyear = rawData.getValue("Year DOB", randomPaxIndex): null

2017-11-29 15:48:14 - [TEST_STEP][PASSED] - Statement - paxDetailFields = paxInRoomXpath + "[" + j + "]/div[@class="col-md-x col-md-9"]/div[@class="row paxContainer"][1]/div[contains(@class,"paxAttribute")]": null

2017-11-29 15:48:14 - [TEST_STEP][PASSED] - Statement - xpathval = paxDetailFields + "[1]/div[contains(@class,"form-group")]/input[contains(@class,"paxFirstName")]": null

2017-11-29 15:48:14 - [TEST_STEP][PASSED] - Statement - println("fn: " + xpathval): null

2017-11-29 15:48:14 - [TEST_STEP][PASSED] - Statement - repObj = com.kms.katalon.core.testobject.ObjectRepository.findTestObject(Object Repository/PrimoTours/LandingPage/secondPaxFirstNameField): Finding Test Object with id 'Object Repository/PrimoTours/LandingPage/secondPaxFirstNameField'

2017-11-29 15:48:14 - [TEST_STEP][PASSED] - Statement - repObj.findProperty("xpath").setValue(xpathval): null

2017-11-29 15:48:14 - [TEST_STEP][PASSED] - setText: Text 'Wfdwfd AUT' is set on object 'Object Repository/PrimoTours/LandingPage/secondPaxFirstNameField'

2017-11-29 15:48:14 - [MESSAGE][PASSED] - Text 'Wfdwfd AUT' is set on object 'Object Repository/PrimoTours/LandingPage/secondPaxFirstNameField'

2017-11-29 15:48:14 - [TEST_STEP][PASSED] - Statement - xpathval = paxDetailFields + "[2]/div[contains(@class,"form-group")]/input[contains(@class,"paxLastName")]": null

2017-11-29 15:48:14 - [TEST_STEP][PASSED] - Statement - println("ln: " + xpathval): null

2017-11-29 15:48:14 - [TEST_STEP][PASSED] - Statement - repObj = com.kms.katalon.core.testobject.ObjectRepository.findTestObject(Object Repository/PrimoTours/LandingPage/secondPaxFirstNameField): Finding Test Object with id 'Object Repository/PrimoTours/LandingPage/secondPaxFirstNameField'

2017-11-29 15:48:14 - [TEST_STEP][PASSED] - Statement - repObj.findProperty("xpath").setValue(xpathval): null

2017-11-29 15:48:14 - [TEST_STEP][PASSED] - setText: Text 'Efffdd' is set on object 'Object Repository/PrimoTours/LandingPage/secondPaxFirstNameField'

2017-11-29 15:48:14 - [MESSAGE][PASSED] - Text 'Efffdd' is set on object 'Object Repository/PrimoTours/LandingPage/secondPaxFirstNameField'

2017-11-29 15:48:14 - [TEST_STEP][PASSED] - Statement - repObj = com.kms.katalon.core.testobject.ObjectRepository.findTestObject(Object Repository/PrimoTours/LandingPage/secondPaxFirstNameField): Finding Test Object with id 'Object Repository/PrimoTours/LandingPage/secondPaxFirstNameField'

2017-11-29 15:48:14 - [TEST_STEP][PASSED] - Statement - xpathval = paxDetailFields + "[3]/div[contains(@class,"paxGenderSelectorContainer")]/span[contains(@class,"select2 select2-container")]/span[contains(@class,"selection")]/span[contains(@class,"select2-selection")]": null

2017-11-29 15:48:14 - [TEST_STEP][PASSED] - Statement - println("gender: " + xpathval): null

2017-11-29 15:48:14 - [TEST_STEP][PASSED] - Statement - repObj.findProperty("xpath").setValue(xpathval): null

2017-11-29 15:48:14 - [TEST_STEP][PASSED] - click: Object: 'Object Repository/PrimoTours/LandingPage/secondPaxFirstNameField' is clicked on

2017-11-29 15:48:15 - [MESSAGE][PASSED] - Object: 'Object Repository/PrimoTours/LandingPage/secondPaxFirstNameField' is clicked on

2017-11-29 15:48:15 - [TEST_STEP][PASSED] - Statement - If (i == 1 & j == 1): null

2017-11-29 15:48:15 - [TEST_STEP][PASSED] - Statement - randomPaxIndex = java.lang.Math.abs(new java.util.Random().nextInt() % excelRowNo) + 1: null

2017-11-29 15:48:15 - [TEST_STEP][PASSED] - Statement - fname = rawData.getValue("FirstName", randomPaxIndex) + " AUT": null

2017-11-29 15:48:15 - [TEST_STEP][PASSED] - Statement - lname = rawData.getValue("LastName", randomPaxIndex): null

2017-11-29 15:48:15 - [TEST_STEP][PASSED] - Statement - pgender = rawData.getValue("Gender", randomPaxIndex): null

2017-11-29 15:48:15 - [TEST_STEP][PASSED] - Statement - pday = rawData.getValue("Day DOB", randomPaxIndex): null

2017-11-29 15:48:15 - [TEST_STEP][PASSED] - Statement - pmonth = rawData.getValue("Month DOB", randomPaxIndex): null

2017-11-29 15:48:15 - [TEST_STEP][PASSED] - Statement - pyear = rawData.getValue("Year DOB", randomPaxIndex): null

2017-11-29 15:48:15 - [TEST_STEP][PASSED] - Statement - paxDetailFields = paxInRoomXpath + "[" + j + "]/div[@class="col-md-x col-md-9"]/div[@class="row paxContainer"][1]/div[contains(@class,"paxAttribute")]": null

2017-11-29 15:48:15 - [TEST_STEP][PASSED] - Statement - xpathval = paxDetailFields + "[1]/div[contains(@class,"form-group")]/input[contains(@class,"paxFirstName")]": null

2017-11-29 15:48:15 - [TEST_STEP][PASSED] - Statement - println("fn: " + xpathval): null

2017-11-29 15:48:15 - [TEST_STEP][PASSED] - Statement - repObj = com.kms.katalon.core.testobject.ObjectRepository.findTestObject(Object Repository/PrimoTours/LandingPage/secondPaxFirstNameField): Finding Test Object with id 'Object Repository/PrimoTours/LandingPage/secondPaxFirstNameField'

2017-11-29 15:48:15 - [TEST_STEP][PASSED] - Statement - repObj.findProperty("xpath").setValue(xpathval): null

2017-11-29 15:48:15 - [TEST_STEP][PASSED] - setText: Text 'Stefansen AUT' is set on object 'Object Repository/PrimoTours/LandingPage/secondPaxFirstNameField'

2017-11-29 15:48:15 - [MESSAGE][PASSED] - Text 'Stefansen AUT' is set on object 'Object Repository/PrimoTours/LandingPage/secondPaxFirstNameField'

2017-11-29 15:48:15 - [TEST_STEP][PASSED] - Statement - xpathval = paxDetailFields + "[2]/div[contains(@class,"form-group")]/input[contains(@class,"paxLastName")]": null

2017-11-29 15:48:15 - [TEST_STEP][PASSED] - Statement - println("ln: " + xpathval): null

2017-11-29 15:48:15 - [TEST_STEP][PASSED] - Statement - repObj = com.kms.katalon.core.testobject.ObjectRepository.findTestObject(Object Repository/PrimoTours/LandingPage/secondPaxFirstNameField): Finding Test Object with id 'Object Repository/PrimoTours/LandingPage/secondPaxFirstNameField'

2017-11-29 15:48:15 - [TEST_STEP][PASSED] - Statement - repObj.findProperty("xpath").setValue(xpathval): null

2017-11-29 15:48:15 - [TEST_STEP][PASSED] - setText: Text 'Inger Elise' is set on object 'Object Repository/PrimoTours/LandingPage/secondPaxFirstNameField'

2017-11-29 15:48:15 - [MESSAGE][PASSED] - Text 'Inger Elise' is set on object 'Object Repository/PrimoTours/LandingPage/secondPaxFirstNameField'

2017-11-29 15:48:15 - [TEST_STEP][PASSED] - Statement - repObj = com.kms.katalon.core.testobject.ObjectRepository.findTestObject(Object Repository/PrimoTours/LandingPage/secondPaxFirstNameField): Finding Test Object with id 'Object Repository/PrimoTours/LandingPage/secondPaxFirstNameField'

2017-11-29 15:48:15 - [TEST_STEP][PASSED] - Statement - xpathval = paxDetailFields + "[3]/div[contains(@class,"paxGenderSelectorContainer")]/span[contains(@class,"select2 select2-container")]/span[contains(@class,"selection")]/span[contains(@class,"select2-selection")]": null

2017-11-29 15:48:15 - [TEST_STEP][PASSED] - Statement - println("gender: " + xpathval): null

2017-11-29 15:48:15 - [TEST_STEP][PASSED] - Statement - repObj.findProperty("xpath").setValue(xpathval): null

2017-11-29 15:48:15 - [TEST_STEP][PASSED] - click: Object: 'Object Repository/PrimoTours/LandingPage/secondPaxFirstNameField' is clicked on

2017-11-29 15:48:15 - [MESSAGE][PASSED] - Object: 'Object Repository/PrimoTours/LandingPage/secondPaxFirstNameField' is clicked on

2017-11-29 15:48:15 - [TEST_STEP][PASSED] - Statement - If (i == 1 & j == 1): null

2017-11-29 15:48:15 - [TEST_STEP][PASSED] - Statement - randomPaxIndex = java.lang.Math.abs(new java.util.Random().nextInt() % excelRowNo) + 1: null

2017-11-29 15:48:15 - [TEST_STEP][PASSED] - Statement - fname = rawData.getValue("FirstName", randomPaxIndex) + " AUT": null

2017-11-29 15:48:15 - [TEST_STEP][PASSED] - Statement - lname = rawData.getValue("LastName", randomPaxIndex): null

2017-11-29 15:48:15 - [TEST_STEP][PASSED] - Statement - pgender = rawData.getValue("Gender", randomPaxIndex): null

2017-11-29 15:48:15 - [TEST_STEP][PASSED] - Statement - pday = rawData.getValue("Day DOB", randomPaxIndex): null

2017-11-29 15:48:15 - [TEST_STEP][PASSED] - Statement - pmonth = rawData.getValue("Month DOB", randomPaxIndex): null

2017-11-29 15:48:15 - [TEST_STEP][PASSED] - Statement - pyear = rawData.getValue("Year DOB", randomPaxIndex): null

2017-11-29 15:48:15 - [TEST_STEP][PASSED] - Statement - paxDetailFields = paxInRoomXpath + "[" + j + "]/div[@class="col-md-x col-md-9"]/div[@class="row paxContainer"][1]/div[contains(@class,"paxAttribute")]": null

2017-11-29 15:48:15 - [TEST_STEP][PASSED] - Statement - xpathval = paxDetailFields + "[1]/div[contains(@class,"form-group")]/input[contains(@class,"paxFirstName")]": null

2017-11-29 15:48:15 - [TEST_STEP][PASSED] - Statement - println("fn: " + xpathval): null

2017-11-29 15:48:15 - [TEST_STEP][PASSED] - Statement - repObj = com.kms.katalon.core.testobject.ObjectRepository.findTestObject(Object Repository/PrimoTours/LandingPage/secondPaxFirstNameField): Finding Test Object with id 'Object Repository/PrimoTours/LandingPage/secondPaxFirstNameField'

2017-11-29 15:48:15 - [TEST_STEP][PASSED] - Statement - repObj.findProperty("xpath").setValue(xpathval): null

2017-11-29 15:48:15 - [TEST_STEP][PASSED] - setText: Text 'Lindtofte AUT' is set on object 'Object Repository/PrimoTours/LandingPage/secondPaxFirstNameField'

2017-11-29 15:48:15 - [MESSAGE][PASSED] - Text 'Lindtofte AUT' is set on object 'Object Repository/PrimoTours/LandingPage/secondPaxFirstNameField'

2017-11-29 15:48:15 - [TEST_STEP][PASSED] - Statement - xpathval = paxDetailFields + "[2]/div[contains(@class,"form-group")]/input[contains(@class,"paxLastName")]": null

2017-11-29 15:48:15 - [TEST_STEP][PASSED] - Statement - println("ln: " + xpathval): null

2017-11-29 15:48:15 - [TEST_STEP][PASSED] - Statement - repObj = com.kms.katalon.core.testobject.ObjectRepository.findTestObject(Object Repository/PrimoTours/LandingPage/secondPaxFirstNameField): Finding Test Object with id 'Object Repository/PrimoTours/LandingPage/secondPaxFirstNameField'

2017-11-29 15:48:15 - [TEST_STEP][PASSED] - Statement - repObj.findProperty("xpath").setValue(xpathval): null

2017-11-29 15:48:15 - [TEST_STEP][PASSED] - setText: Text 'Frederik Kjær' is set on object 'Object Repository/PrimoTours/LandingPage/secondPaxFirstNameField'

2017-11-29 15:48:15 - [MESSAGE][PASSED] - Text 'Frederik Kjær' is set on object 'Object Repository/PrimoTours/LandingPage/secondPaxFirstNameField'

2017-11-29 15:48:15 - [TEST_STEP][PASSED] - Statement - repObj = com.kms.katalon.core.testobject.ObjectRepository.findTestObject(Object Repository/PrimoTours/LandingPage/secondPaxFirstNameField): Finding Test Object with id 'Object Repository/PrimoTours/LandingPage/secondPaxFirstNameField'

2017-11-29 15:48:15 - [TEST_STEP][PASSED] - Statement - xpathval = paxDetailFields + "[3]/div[contains(@class,"paxGenderSelectorContainer")]/span[contains(@class,"select2 select2-container")]/span[contains(@class,"selection")]/span[contains(@class,"select2-selection")]": null

2017-11-29 15:48:15 - [TEST_STEP][PASSED] - Statement - println("gender: " + xpathval): null

2017-11-29 15:48:15 - [TEST_STEP][PASSED] - Statement - repObj.findProperty("xpath").setValue(xpathval): null

2017-11-29 15:48:15 - [TEST_STEP][PASSED] - click: Object: 'Object Repository/PrimoTours/LandingPage/secondPaxFirstNameField' is clicked on

2017-11-29 15:48:15 - [MESSAGE][PASSED] - Object: 'Object Repository/PrimoTours/LandingPage/secondPaxFirstNameField' is clicked on

2017-11-29 15:48:15 - [TEST_STEP][PASSED] - Statement - paxInRoomXpath = "id("passengersContainer_" + i - 1 + "")/div[@class="col-md-12"]/div[@class="row"]": null

2017-11-29 15:48:15 - [TEST_STEP][PASSED] - Statement - println("paxInRoomXpath=" + paxInRoomXpath): null

2017-11-29 15:48:15 - [TEST_STEP][PASSED] - Statement - paxInRoomCount = driver.findElements(org.openqa.selenium.By.xpath(paxInRoomXpath)).size(): null

2017-11-29 15:48:15 - [TEST_STEP][PASSED] - Statement - println("paxInRoomCount=" + paxInRoomCount): null

2017-11-29 15:48:15 - [TEST_STEP][PASSED] - Statement - For ([j = 1, j <= paxInRoomCount, (j++)]): Object: 'Object Repository/PrimoTours/LandingPage/secondPaxFirstNameField' is clicked on

2017-11-29 15:48:15 - [TEST_STEP][PASSED] - Statement - If (i == 1 & j == 1): null

2017-11-29 15:48:15 - [TEST_STEP][PASSED] - Statement - randomPaxIndex = java.lang.Math.abs(new java.util.Random().nextInt() % excelRowNo) + 1: null

2017-11-29 15:48:15 - [TEST_STEP][PASSED] - Statement - fname = rawData.getValue("FirstName", randomPaxIndex) + " AUT": null

2017-11-29 15:48:15 - [TEST_STEP][PASSED] - Statement - lname = rawData.getValue("LastName", randomPaxIndex): null

2017-11-29 15:48:15 - [TEST_STEP][PASSED] - Statement - pgender = rawData.getValue("Gender", randomPaxIndex): null

2017-11-29 15:48:15 - [TEST_STEP][PASSED] - Statement - pday = rawData.getValue("Day DOB", randomPaxIndex): null

2017-11-29 15:48:15 - [TEST_STEP][PASSED] - Statement - pmonth = rawData.getValue("Month DOB", randomPaxIndex): null

2017-11-29 15:48:15 - [TEST_STEP][PASSED] - Statement - pyear = rawData.getValue("Year DOB", randomPaxIndex): null

2017-11-29 15:48:15 - [TEST_STEP][PASSED] - Statement - paxDetailFields = paxInRoomXpath + "[" + j + "]/div[@class="col-md-x col-md-9"]/div[@class="row paxContainer"][1]/div[contains(@class,"paxAttribute")]": null

2017-11-29 15:48:15 - [TEST_STEP][PASSED] - Statement - xpathval = paxDetailFields + "[1]/div[contains(@class,"form-group")]/input[contains(@class,"paxFirstName")]": null

2017-11-29 15:48:15 - [TEST_STEP][PASSED] - Statement - println("fn: " + xpathval): null

2017-11-29 15:48:15 - [TEST_STEP][PASSED] - Statement - repObj = com.kms.katalon.core.testobject.ObjectRepository.findTestObject(Object Repository/PrimoTours/LandingPage/secondPaxFirstNameField): Finding Test Object with id 'Object Repository/PrimoTours/LandingPage/secondPaxFirstNameField'

2017-11-29 15:48:15 - [TEST_STEP][PASSED] - Statement - repObj.findProperty("xpath").setValue(xpathval): null

2017-11-29 15:48:15 - [TEST_STEP][PASSED] - setText: Text 'Vester Nielsen AUT' is set on object 'Object Repository/PrimoTours/LandingPage/secondPaxFirstNameField'

2017-11-29 15:48:15 - [MESSAGE][PASSED] - Text 'Vester Nielsen AUT' is set on object 'Object Repository/PrimoTours/LandingPage/secondPaxFirstNameField'

2017-11-29 15:48:15 - [TEST_STEP][PASSED] - Statement - xpathval = paxDetailFields + "[2]/div[contains(@class,"form-group")]/input[contains(@class,"paxLastName")]": null

2017-11-29 15:48:15 - [TEST_STEP][PASSED] - Statement - println("ln: " + xpathval): null

2017-11-29 15:48:15 - [TEST_STEP][PASSED] - Statement - repObj = com.kms.katalon.core.testobject.ObjectRepository.findTestObject(Object Repository/PrimoTours/LandingPage/secondPaxFirstNameField): Finding Test Object with id 'Object Repository/PrimoTours/LandingPage/secondPaxFirstNameField'

2017-11-29 15:48:15 - [TEST_STEP][PASSED] - Statement - repObj.findProperty("xpath").setValue(xpathval): null

2017-11-29 15:48:15 - [TEST_STEP][PASSED] - setText: Text 'Helle' is set on object 'Object Repository/PrimoTours/LandingPage/secondPaxFirstNameField'

2017-11-29 15:48:15 - [MESSAGE][PASSED] - Text 'Helle' is set on object 'Object Repository/PrimoTours/LandingPage/secondPaxFirstNameField'

2017-11-29 15:48:15 - [TEST_STEP][PASSED] - Statement - repObj = com.kms.katalon.core.testobject.ObjectRepository.findTestObject(Object Repository/PrimoTours/LandingPage/secondPaxFirstNameField): Finding Test Object with id 'Object Repository/PrimoTours/LandingPage/secondPaxFirstNameField'

2017-11-29 15:48:15 - [TEST_STEP][PASSED] - Statement - xpathval = paxDetailFields + "[3]/div[contains(@class,"paxGenderSelectorContainer")]/span[contains(@class,"select2 select2-container")]/span[contains(@class,"selection")]/span[contains(@class,"select2-selection")]": null

2017-11-29 15:48:15 - [TEST_STEP][PASSED] - Statement - println("gender: " + xpathval): null

2017-11-29 15:48:15 - [TEST_STEP][PASSED] - Statement - repObj.findProperty("xpath").setValue(xpathval): null

2017-11-29 15:48:15 - [TEST_STEP][PASSED] - click: Object: 'Object Repository/PrimoTours/LandingPage/secondPaxFirstNameField' is clicked on

2017-11-29 15:48:16 - [MESSAGE][PASSED] - Object: 'Object Repository/PrimoTours/LandingPage/secondPaxFirstNameField' is clicked on

2017-11-29 15:48:16 - [TEST_STEP][PASSED] - Statement - If (i == 1 & j == 1): null

2017-11-29 15:48:16 - [TEST_STEP][PASSED] - Statement - randomPaxIndex = java.lang.Math.abs(new java.util.Random().nextInt() % excelRowNo) + 1: null

2017-11-29 15:48:16 - [TEST_STEP][PASSED] - Statement - fname = rawData.getValue("FirstName", randomPaxIndex) + " AUT": null

2017-11-29 15:48:16 - [TEST_STEP][PASSED] - Statement - lname = rawData.getValue("LastName", randomPaxIndex): null

2017-11-29 15:48:16 - [TEST_STEP][PASSED] - Statement - pgender = rawData.getValue("Gender", randomPaxIndex): null

2017-11-29 15:48:16 - [TEST_STEP][PASSED] - Statement - pday = rawData.getValue("Day DOB", randomPaxIndex): null

2017-11-29 15:48:16 - [TEST_STEP][PASSED] - Statement - pmonth = rawData.getValue("Month DOB", randomPaxIndex): null

2017-11-29 15:48:16 - [TEST_STEP][PASSED] - Statement - pyear = rawData.getValue("Year DOB", randomPaxIndex): null

2017-11-29 15:48:16 - [TEST_STEP][PASSED] - Statement - paxDetailFields = paxInRoomXpath + "[" + j + "]/div[@class="col-md-x col-md-9"]/div[@class="row paxContainer"][1]/div[contains(@class,"paxAttribute")]": null

2017-11-29 15:48:16 - [TEST_STEP][PASSED] - Statement - xpathval = paxDetailFields + "[1]/div[contains(@class,"form-group")]/input[contains(@class,"paxFirstName")]": null

2017-11-29 15:48:16 - [TEST_STEP][PASSED] - Statement - println("fn: " + xpathval): null

2017-11-29 15:48:16 - [TEST_STEP][PASSED] - Statement - repObj = com.kms.katalon.core.testobject.ObjectRepository.findTestObject(Object Repository/PrimoTours/LandingPage/secondPaxFirstNameField): Finding Test Object with id 'Object Repository/PrimoTours/LandingPage/secondPaxFirstNameField'

2017-11-29 15:48:16 - [TEST_STEP][PASSED] - Statement - repObj.findProperty("xpath").setValue(xpathval): null

2017-11-29 15:48:16 - [TEST_STEP][PASSED] - setText: Text 'Votborg AUT' is set on object 'Object Repository/PrimoTours/LandingPage/secondPaxFirstNameField'

2017-11-29 15:48:16 - [MESSAGE][PASSED] - Text 'Votborg AUT' is set on object 'Object Repository/PrimoTours/LandingPage/secondPaxFirstNameField'

2017-11-29 15:48:16 - [TEST_STEP][PASSED] - Statement - xpathval = paxDetailFields + "[2]/div[contains(@class,"form-group")]/input[contains(@class,"paxLastName")]": null

2017-11-29 15:48:16 - [TEST_STEP][PASSED] - Statement - println("ln: " + xpathval): null

2017-11-29 15:48:16 - [TEST_STEP][PASSED] - Statement - repObj = com.kms.katalon.core.testobject.ObjectRepository.findTestObject(Object Repository/PrimoTours/LandingPage/secondPaxFirstNameField): Finding Test Object with id 'Object Repository/PrimoTours/LandingPage/secondPaxFirstNameField'

2017-11-29 15:48:16 - [TEST_STEP][PASSED] - Statement - repObj.findProperty("xpath").setValue(xpathval): null

2017-11-29 15:48:16 - [TEST_STEP][PASSED] - setText: Text 'Silas Vilsgaard' is set on object 'Object Repository/PrimoTours/LandingPage/secondPaxFirstNameField'

2017-11-29 15:48:16 - [MESSAGE][PASSED] - Text 'Silas Vilsgaard' is set on object 'Object Repository/PrimoTours/LandingPage/secondPaxFirstNameField'

2017-11-29 15:48:16 - [TEST_STEP][PASSED] - Statement - repObj = com.kms.katalon.core.testobject.ObjectRepository.findTestObject(Object Repository/PrimoTours/LandingPage/secondPaxFirstNameField): Finding Test Object with id 'Object Repository/PrimoTours/LandingPage/secondPaxFirstNameField'

2017-11-29 15:48:16 - [TEST_STEP][PASSED] - Statement - xpathval = paxDetailFields + "[3]/div[contains(@class,"paxGenderSelectorContainer")]/span[contains(@class,"select2 select2-container")]/span[contains(@class,"selection")]/span[contains(@class,"select2-selection")]": null

2017-11-29 15:48:16 - [TEST_STEP][PASSED] - Statement - println("gender: " + xpathval): null

2017-11-29 15:48:16 - [TEST_STEP][PASSED] - Statement - repObj.findProperty("xpath").setValue(xpathval): null

2017-11-29 15:48:16 - [TEST_STEP][PASSED] - click: Object: 'Object Repository/PrimoTours/LandingPage/secondPaxFirstNameField' is clicked on

2017-11-29 15:48:16 - [MESSAGE][PASSED] - Object: 'Object Repository/PrimoTours/LandingPage/secondPaxFirstNameField' is clicked on

2017-11-29 15:48:16 - [TEST_STEP][PASSED] - scrollToElement: Scroll to object 'Object Repository/PrimoTours/Old Objects/Coco (1)/PrimoT/SaveBooking2/Success/bookingTotalValue' successfully

2017-11-29 15:48:16 - [MESSAGE][PASSED] - Scroll to object 'Object Repository/PrimoTours/Old Objects/Coco (1)/PrimoT/SaveBooking2/Success/bookingTotalValue' successfully

2017-11-29 15:48:16 - [TEST_STEP][PASSED] - click: Object: 'Object Repository/PrimoTours/Old Objects/Coco (1)/PrimoT/SaveBooking2/Success/bookingTotalValue' is clicked on

2017-11-29 15:48:16 - [MESSAGE][PASSED] - Object: 'Object Repository/PrimoTours/Old Objects/Coco (1)/PrimoT/SaveBooking2/Success/bookingTotalValue' is clicked on

2017-11-29 15:48:16 - [TEST_STEP][PASSED] - scrollToElement: Scroll to object 'Object Repository/PrimoTours/Old Objects/Coco (1)/PrimoT/SaveBooking2/Success/Page_Primo Tours  Danmarks bedste c/nextButtonOnLandingPage' successfully

2017-11-29 15:48:16 - [MESSAGE][PASSED] - Scroll to object 'Object Repository/PrimoTours/Old Objects/Coco (1)/PrimoT/SaveBooking2/Success/Page_Primo Tours  Danmarks bedste c/nextButtonOnLandingPage' successfully

2017-11-29 15:48:16 - [TEST_STEP][PASSED] - waitForElementClickable: Object 'Object Repository/PrimoTours/Old Objects/Coco (1)/PrimoT/SaveBooking2/Success/Page_Primo Tours  Danmarks bedste c/nextButtonOnLandingPage' is clickable

2017-11-29 15:48:16 - [MESSAGE][PASSED] - Object 'Object Repository/PrimoTours/Old Objects/Coco (1)/PrimoT/SaveBooking2/Success/Page_Primo Tours  Danmarks bedste c/nextButtonOnLandingPage' is clickable

2017-11-29 15:48:16 - [TEST_STEP][PASSED] - waitForElementVisible: Object 'Object Repository/PrimoTours/Old Objects/Coco (1)/PrimoT/SaveBooking2/Success/Page_Primo Tours  Danmarks bedste c/nextButtonOnLandingPage' is visible

2017-11-29 15:48:16 - [MESSAGE][PASSED] - Object 'Object Repository/PrimoTours/Old Objects/Coco (1)/PrimoT/SaveBooking2/Success/Page_Primo Tours  Danmarks bedste c/nextButtonOnLandingPage' is visible

2017-11-29 15:48:16 - [TEST_STEP][PASSED] - scrollToElement: Scroll to object 'Object Repository/PrimoTours/Old Objects/Coco (1)/PrimoT/SaveBooking2/Success/Page_Primo Tours  Danmarks bedste c/nextButtonOnLandingPage' successfully

2017-11-29 15:48:16 - [MESSAGE][PASSED] - Scroll to object 'Object Repository/PrimoTours/Old Objects/Coco (1)/PrimoT/SaveBooking2/Success/Page_Primo Tours  Danmarks bedste c/nextButtonOnLandingPage' successfully

2017-11-29 15:48:16 - [TEST_STEP][PASSED] - click: Object: 'Object Repository/PrimoTours/Old Objects/Coco (1)/PrimoT/SaveBooking2/Success/Page_Primo Tours  Danmarks bedste c/nextButtonOnLandingPage' is clicked on

2017-11-29 15:48:18 - [MESSAGE][PASSED] - Object: 'Object Repository/PrimoTours/Old Objects/Coco (1)/PrimoT/SaveBooking2/Success/Page_Primo Tours  Danmarks bedste c/nextButtonOnLandingPage' is clicked on

2017-11-29 15:48:18 - [TEST_STEP][PASSED] - delay: Delayed 3 second(s)

2017-11-29 15:48:21 - [MESSAGE][PASSED] - Delayed 3 second(s)

2017-11-29 15:48:21 - [TEST_STEP][PASSED] - waitForElementNotVisible: Object 'Object Repository/PrimoTours/Old Objects/CCenter/pageLoaderOverlayLayer' is NOT visible

2017-11-29 15:48:21 - [MESSAGE][PASSED] - Object 'Object Repository/PrimoTours/Old Objects/CCenter/pageLoaderOverlayLayer' is NOT visible

2017-11-29 15:48:21 - [TEST_STEP][PASSED] - scrollToElement: Scroll to object 'Object Repository/PrimoTours/Old Objects/Coco/PrimoT/Ins2/Page_Primo Tours  Danmarks bedste c/travelInsuranceFirstPaxSelector' successfully

2017-11-29 15:48:21 - [MESSAGE][PASSED] - Scroll to object 'Object Repository/PrimoTours/Old Objects/Coco/PrimoT/Ins2/Page_Primo Tours  Danmarks bedste c/travelInsuranceFirstPaxSelector' successfully

2017-11-29 15:48:21 - [TEST_STEP][PASSED] - waitForElementPresent: Object 'Object Repository/PrimoTours/Old Objects/Coco/PrimoT/Ins2/Page_Primo Tours  Danmarks bedste c/travelInsuranceFirstPaxSelector' is present

2017-11-29 15:48:21 - [MESSAGE][PASSED] - Object 'Object Repository/PrimoTours/Old Objects/Coco/PrimoT/Ins2/Page_Primo Tours  Danmarks bedste c/travelInsuranceFirstPaxSelector' is present

2017-11-29 15:48:21 - [TEST_STEP][PASSED] - waitForElementVisible: Object 'Object Repository/PrimoTours/Old Objects/Coco/PrimoT/Ins2/Page_Primo Tours  Danmarks bedste c/travelInsuranceFirstPaxSelector' is visible

2017-11-29 15:48:21 - [MESSAGE][PASSED] - Object 'Object Repository/PrimoTours/Old Objects/Coco/PrimoT/Ins2/Page_Primo Tours  Danmarks bedste c/travelInsuranceFirstPaxSelector' is visible

2017-11-29 15:48:21 - [TEST_STEP][PASSED] - waitForElementClickable: Object 'Object Repository/PrimoTours/Old Objects/Coco/PrimoT/Ins2/Page_Primo Tours  Danmarks bedste c/travelInsuranceFirstPaxSelector' is clickable

2017-11-29 15:48:21 - [MESSAGE][PASSED] - Object 'Object Repository/PrimoTours/Old Objects/Coco/PrimoT/Ins2/Page_Primo Tours  Danmarks bedste c/travelInsuranceFirstPaxSelector' is clickable

2017-11-29 15:48:21 - [TEST_STEP][PASSED] - click: Object: 'Object Repository/PrimoTours/Old Objects/Coco/PrimoT/Ins2/Page_Primo Tours  Danmarks bedste c/travelInsuranceFirstPaxSelector' is clicked on

2017-11-29 15:48:22 - [MESSAGE][PASSED] - Object: 'Object Repository/PrimoTours/Old Objects/Coco/PrimoT/Ins2/Page_Primo Tours  Danmarks bedste c/travelInsuranceFirstPaxSelector' is clicked on

2017-11-29 15:48:22 - [TEST_STEP][PASSED] - Statement - Try: Object: 'Object Repository/PrimoTours/Old Objects/Coco/PrimoT/Ins2/Page_Primo Tours  Danmarks bedste c/firstTravelInsuranceOption' is clicked on

2017-11-29 15:48:22 - [TEST_STEP][PASSED] - click: Object: 'Object Repository/PrimoTours/Old Objects/Coco/PrimoT/Ins2/Page_Primo Tours  Danmarks bedste c/firstTravelInsuranceOption' is clicked on

2017-11-29 15:48:22 - [MESSAGE][PASSED] - Object: 'Object Repository/PrimoTours/Old Objects/Coco/PrimoT/Ins2/Page_Primo Tours  Danmarks bedste c/firstTravelInsuranceOption' is clicked on

2017-11-29 15:48:22 - [TEST_STEP][NOT_RUN] - click: NOT_RUN: click

2017-11-29 15:48:22 - [MESSAGE][NOT_RUN] - NOT_RUN: click

2017-11-29 15:48:22 - [TEST_STEP][NOT_RUN] - scrollToElement: NOT_RUN: scrollToElement

2017-11-29 15:48:22 - [MESSAGE][NOT_RUN] - NOT_RUN: scrollToElement

2017-11-29 15:48:22 - [TEST_STEP][NOT_RUN] - click: NOT_RUN: click

2017-11-29 15:48:22 - [MESSAGE][NOT_RUN] - NOT_RUN: click

2017-11-29 15:48:22 - [TEST_STEP][PASSED] - waitForElementVisible: Object 'Object Repository/PrimoTours/Old Objects/Coco (1)/PrimoT/SaveBooking2/Page_Primo Tours  Danmarks bedste c/individualInsuranceCheckbox' is visible

2017-11-29 15:48:22 - [MESSAGE][PASSED] - Object 'Object Repository/PrimoTours/Old Objects/Coco (1)/PrimoT/SaveBooking2/Page_Primo Tours  Danmarks bedste c/individualInsuranceCheckbox' is visible

2017-11-29 15:48:22 - [TEST_STEP][PASSED] - scrollToElement: Scroll to object 'Object Repository/PrimoTours/Old Objects/Coco (1)/PrimoT/SaveBooking2/Page_Primo Tours  Danmarks bedste c/individualInsuranceCheckbox' successfully

2017-11-29 15:48:22 - [MESSAGE][PASSED] - Scroll to object 'Object Repository/PrimoTours/Old Objects/Coco (1)/PrimoT/SaveBooking2/Page_Primo Tours  Danmarks bedste c/individualInsuranceCheckbox' successfully

2017-11-29 15:48:22 - [TEST_STEP][PASSED] - click: Object: 'Object Repository/PrimoTours/Old Objects/Coco (1)/PrimoT/SaveBooking2/Page_Primo Tours  Danmarks bedste c/individualInsuranceCheckbox' is clicked on

2017-11-29 15:48:22 - [MESSAGE][PASSED] - Object: 'Object Repository/PrimoTours/Old Objects/Coco (1)/PrimoT/SaveBooking2/Page_Primo Tours  Danmarks bedste c/individualInsuranceCheckbox' is clicked on

2017-11-29 15:48:22 - [TEST_STEP][PASSED] - scrollToElement: Scroll to object 'Object Repository/PrimoTours/Old Objects/Coco (1)/PrimoT/SaveBooking2/Success/firstProdCategIndividualSelectionRadioB' successfully

2017-11-29 15:48:22 - [MESSAGE][PASSED] - Scroll to object 'Object Repository/PrimoTours/Old Objects/Coco (1)/PrimoT/SaveBooking2/Success/firstProdCategIndividualSelectionRadioB' successfully

2017-11-29 15:48:22 - [TEST_STEP][PASSED] - waitForElementClickable: Object 'Object Repository/PrimoTours/Old Objects/Coco (1)/PrimoT/SaveBooking2/Success/firstProdCategIndividualSelectionRadioB' is clickable

2017-11-29 15:48:22 - [MESSAGE][PASSED] - Object 'Object Repository/PrimoTours/Old Objects/Coco (1)/PrimoT/SaveBooking2/Success/firstProdCategIndividualSelectionRadioB' is clickable

2017-11-29 15:48:22 - [TEST_STEP][PASSED] - scrollToElement: Scroll to object 'Object Repository/PrimoTours/Old Objects/Coco (1)/PrimoT/SaveBooking2/Success/firstProdCategIndividualSelectionRadioB' successfully

2017-11-29 15:48:23 - [MESSAGE][PASSED] - Scroll to object 'Object Repository/PrimoTours/Old Objects/Coco (1)/PrimoT/SaveBooking2/Success/firstProdCategIndividualSelectionRadioB' successfully

2017-11-29 15:48:23 - [TEST_STEP][PASSED] - click: Object: 'Object Repository/PrimoTours/Old Objects/Coco (1)/PrimoT/SaveBooking2/Success/firstProdCategIndividualSelectionRadioB' is clicked on

2017-11-29 15:48:23 - [MESSAGE][PASSED] - Object: 'Object Repository/PrimoTours/Old Objects/Coco (1)/PrimoT/SaveBooking2/Success/firstProdCategIndividualSelectionRadioB' is clicked on

2017-11-29 15:48:23 - [TEST_STEP][PASSED] - scrollToElement: Scroll to object 'Object Repository/PrimoTours/Old Objects/Coco (1)/PrimoT/SaveBooking2/Success/firstProdCategSelectForAllPaxCheckbox' successfully

2017-11-29 15:48:23 - [MESSAGE][PASSED] - Scroll to object 'Object Repository/PrimoTours/Old Objects/Coco (1)/PrimoT/SaveBooking2/Success/firstProdCategSelectForAllPaxCheckbox' successfully

2017-11-29 15:48:23 - [TEST_STEP][PASSED] - waitForElementClickable: Object 'Object Repository/PrimoTours/Old Objects/Coco (1)/PrimoT/SaveBooking2/Success/firstProdCategSelectForAllPaxCheckbox' is clickable

2017-11-29 15:48:23 - [MESSAGE][PASSED] - Object 'Object Repository/PrimoTours/Old Objects/Coco (1)/PrimoT/SaveBooking2/Success/firstProdCategSelectForAllPaxCheckbox' is clickable

2017-11-29 15:48:23 - [TEST_STEP][PASSED] - click: Object: 'Object Repository/PrimoTours/Old Objects/Coco (1)/PrimoT/SaveBooking2/Success/firstProdCategSelectForAllPaxCheckbox' is clicked on

2017-11-29 15:48:23 - [MESSAGE][PASSED] - Object: 'Object Repository/PrimoTours/Old Objects/Coco (1)/PrimoT/SaveBooking2/Success/firstProdCategSelectForAllPaxCheckbox' is clicked on

2017-11-29 15:48:23 - [TEST_STEP][NOT_RUN] - scrollToElement: NOT_RUN: scrollToElement

2017-11-29 15:48:23 - [MESSAGE][NOT_RUN] - NOT_RUN: scrollToElement

2017-11-29 15:48:23 - [TEST_STEP][NOT_RUN] - scrollToElement: NOT_RUN: scrollToElement

2017-11-29 15:48:23 - [MESSAGE][NOT_RUN] - NOT_RUN: scrollToElement

2017-11-29 15:48:23 - [TEST_STEP][NOT_RUN] - click: NOT_RUN: click

2017-11-29 15:48:23 - [MESSAGE][NOT_RUN] - NOT_RUN: click

2017-11-29 15:48:23 - [TEST_STEP][PASSED] - scrollToElement: Scroll to object 'Object Repository/PrimoTours/ConfirmationPage/agreeTermsAndCondCheckbox' successfully

2017-11-29 15:48:23 - [MESSAGE][PASSED] - Scroll to object 'Object Repository/PrimoTours/ConfirmationPage/agreeTermsAndCondCheckbox' successfully

2017-11-29 15:48:23 - [TEST_STEP][PASSED] - click: Object: 'Object Repository/PrimoTours/ConfirmationPage/agreeTermsAndCondCheckbox' is clicked on

2017-11-29 15:48:24 - [MESSAGE][PASSED] - Object: 'Object Repository/PrimoTours/ConfirmationPage/agreeTermsAndCondCheckbox' is clicked on

2017-11-29 15:48:24 - [TEST_STEP][PASSED] - scrollToElement: Scroll to object 'Object Repository/PrimoTours/ConfirmationPage/placeBookingSpanInsideButton' successfully

2017-11-29 15:48:24 - [MESSAGE][PASSED] - Scroll to object 'Object Repository/PrimoTours/ConfirmationPage/placeBookingSpanInsideButton' successfully

2017-11-29 15:48:24 - [TEST_STEP][PASSED] - delay: Delayed 1 second(s)

2017-11-29 15:48:25 - [MESSAGE][PASSED] - Delayed 1 second(s)

2017-11-29 15:48:25 - [TEST_STEP][PASSED] - waitForElementClickable: Object 'Object Repository/PrimoTours/ConfirmationPage/placeBookingSpanInsideButton' is clickable

2017-11-29 15:48:25 - [MESSAGE][PASSED] - Object 'Object Repository/PrimoTours/ConfirmationPage/placeBookingSpanInsideButton' is clickable

2017-11-29 15:48:25 - [TEST_STEP][PASSED] - Statement - Try: Object: 'Object Repository/PrimoTours/ConfirmationPage/placeBookingSpanInsideButton' is clicked on

2017-11-29 15:48:25 - [TEST_STEP][PASSED] - click: Object: 'Object Repository/PrimoTours/ConfirmationPage/placeBookingSpanInsideButton' is clicked on

2017-11-29 15:48:25 - [MESSAGE][PASSED] - Object: 'Object Repository/PrimoTours/ConfirmationPage/placeBookingSpanInsideButton' is clicked on

2017-11-29 15:48:25 - [TEST_STEP][PASSED] - delay: Delayed 2 second(s)

2017-11-29 15:48:27 - [MESSAGE][PASSED] - Delayed 2 second(s)

2017-11-29 15:48:27 - [TEST_STEP][PASSED] - waitForPageLoad: Wait for page load successfully

2017-11-29 15:48:27 - [MESSAGE][PASSED] - Wait for page load successfully

2017-11-29 15:48:27 - [TEST_STEP][PASSED] - waitForJQueryLoad: jQuery is ready.

2017-11-29 15:48:28 - [MESSAGE][PASSED] - jQuery is ready.

2017-11-29 15:48:28 - [TEST_STEP][PASSED] - waitForElementPresent: Object 'Object Repository/PrimoTours/Old Objects/CCenter/pageLoaderOverlayLayer' is present

2017-11-29 15:48:28 - [MESSAGE][PASSED] - Object 'Object Repository/PrimoTours/Old Objects/CCenter/pageLoaderOverlayLayer' is present

2017-11-29 15:48:28 - [TEST_STEP][PASSED] - waitForElementNotVisible: Unable to wait for object 'Object Repository/PrimoTours/Old Objects/CCenter/pageLoaderOverlayLayer' to be NOT visible (Root cause: org.openqa.selenium.StaleElementReferenceException: The element reference of <div id="booking-overlay" class="se-pre-con"> stale; either the element is no longer attached to the DOM, it is not in the current frame context, or the document has been refreshed
For documentation on this error, please visit: http://seleniumhq.org/exceptions/stale_element_reference.html
Build info: version: '3.7.1', revision: '8a0099a', time: '2017-11-06T21:07:36.161Z'
System info: host: 'NEACSUNEW-PC', ip: '10.10.10.211', os.name: 'Windows 8.1', os.arch: 'amd64', os.version: '6.3', java.version: '1.8.0_102'
Driver info: com.kms.katalon.core.webui.driver.firefox.CGeckoDriver
Capabilities {acceptInsecureCerts: true, browserName: firefox, browserVersion: 57.0, javascriptEnabled: true, moz:accessibilityChecks: false, moz:headless: false, moz:processID: 17968, moz:profile: C:\Users\Cornel\AppData\Loc..., moz:webdriverClick: false, pageLoadStrategy: normal, platform: XP, platformName: XP, platformVersion: 6.3, proxy: Proxy(direct), rotatable: false, timeouts: {implicit: 0, pageLoad: 300000, script: 30000}}
Session ID: b390d7b2-3ac5-499f-a747-20cd520eec13)

2017-11-29 15:48:29 - [MESSAGE][WARNING] - Unable to wait for object 'Object Repository/PrimoTours/Old Objects/CCenter/pageLoaderOverlayLayer' to be NOT visible (Root cause: org.openqa.selenium.StaleElementReferenceException: The element reference of <div id="booking-overlay" class="se-pre-con"> stale; either the element is no longer attached to the DOM, it is not in the current frame context, or the document has been refreshed
For documentation on this error, please visit: http://seleniumhq.org/exceptions/stale_element_reference.html
Build info: version: '3.7.1', revision: '8a0099a', time: '2017-11-06T21:07:36.161Z'
System info: host: 'NEACSUNEW-PC', ip: '10.10.10.211', os.name: 'Windows 8.1', os.arch: 'amd64', os.version: '6.3', java.version: '1.8.0_102'
Driver info: com.kms.katalon.core.webui.driver.firefox.CGeckoDriver
Capabilities {acceptInsecureCerts: true, browserName: firefox, browserVersion: 57.0, javascriptEnabled: true, moz:accessibilityChecks: false, moz:headless: false, moz:processID: 17968, moz:profile: C:\Users\Cornel\AppData\Loc..., moz:webdriverClick: false, pageLoadStrategy: normal, platform: XP, platformName: XP, platformVersion: 6.3, proxy: Proxy(direct), rotatable: false, timeouts: {implicit: 0, pageLoad: 300000, script: 30000}}
Session ID: b390d7b2-3ac5-499f-a747-20cd520eec13)
[[ATTACHMENT|D:\\Software testing\\Tourpaq\\Automated Katalon tests\\Primo WB test\\Reports\\WB Primo From Excel URLs\\20171129_154142\\1511963309114.png]]

2017-11-29 15:48:29 - [TEST_STEP][PASSED] - waitForElementPresent: Object 'Object Repository/PrimoTours/Old Objects/ThankYouPage/bookingNoContainer' is present

2017-11-29 15:48:39 - [MESSAGE][PASSED] - Object 'Object Repository/PrimoTours/Old Objects/ThankYouPage/bookingNoContainer' is present

2017-11-29 15:48:39 - [TEST_STEP][PASSED] - waitForElementClickable: Object 'Object Repository/PrimoTours/Old Objects/ThankYouPage/bookingNoContainer' is clickable

2017-11-29 15:48:39 - [MESSAGE][PASSED] - Object 'Object Repository/PrimoTours/Old Objects/ThankYouPage/bookingNoContainer' is clickable

2017-11-29 15:48:39 - [TEST_STEP][PASSED] - verifyElementVisible: Object 'Object Repository/PrimoTours/Old Objects/ThankYouPage/bookingNoContainer' is visible

2017-11-29 15:48:39 - [MESSAGE][PASSED] - Object 'Object Repository/PrimoTours/Old Objects/ThankYouPage/bookingNoContainer' is visible

2017-11-29 15:48:39 - [TEST_STEP][PASSED] - verifyElementVisible: Object 'Object Repository/PrimoTours/Old Objects/ThankYouPage/bookingTotalInfo' is visible

2017-11-29 15:48:39 - [MESSAGE][PASSED] - Object 'Object Repository/PrimoTours/Old Objects/ThankYouPage/bookingTotalInfo' is visible

2017-11-29 15:48:39 - [TEST_STEP][PASSED] - verifyElementVisible: Object 'Object Repository/PrimoTours/Old Objects/ThankYouPage/bookingTotalPriceBar' is visible

2017-11-29 15:48:39 - [MESSAGE][PASSED] - Object 'Object Repository/PrimoTours/Old Objects/ThankYouPage/bookingTotalPriceBar' is visible

2017-11-29 15:48:39 - [TEST_STEP][PASSED] - verifyElementVisible: Object 'Object Repository/PrimoTours/Old Objects/ThankYouPage/printTicketSpan' is visible

2017-11-29 15:48:39 - [MESSAGE][PASSED] - Object 'Object Repository/PrimoTours/Old Objects/ThankYouPage/printTicketSpan' is visible

2017-11-29 15:48:39 - [TEST_STEP][PASSED] - waitForElementClickable: Object 'Object Repository/PrimoTours/Old Objects/ThankYouPage/printTicketSpan' is clickable

2017-11-29 15:48:39 - [MESSAGE][PASSED] - Object 'Object Repository/PrimoTours/Old Objects/ThankYouPage/printTicketSpan' is clickable

2017-11-29 15:48:39 - [TEST_STEP][PASSED] - Statement - Try: Object: 'Object Repository/PrimoTours/Old Objects/ThankYouPage/printTicketSpan' is clicked on

2017-11-29 15:48:39 - [TEST_STEP][PASSED] - click: Object: 'Object Repository/PrimoTours/Old Objects/ThankYouPage/printTicketSpan' is clicked on

2017-11-29 15:48:39 - [MESSAGE][PASSED] - Object: 'Object Repository/PrimoTours/Old Objects/ThankYouPage/printTicketSpan' is clicked on

2017-11-29 15:48:39 - [TEST_STEP][PASSED] - delay: Delayed 2 second(s)

2017-11-29 15:48:41 - [MESSAGE][PASSED] - Delayed 2 second(s)

2017-11-29 15:48:41 - [TEST_STEP][PASSED] - waitForElementVisible: Object 'Object Repository/PrimoTours/Old Objects/ThankYouPage/cCenterButton' is visible

2017-11-29 15:48:41 - [MESSAGE][PASSED] - Object 'Object Repository/PrimoTours/Old Objects/ThankYouPage/cCenterButton' is visible

2017-11-29 15:48:41 - [TEST_STEP][PASSED] - waitForElementClickable: Object 'Object Repository/PrimoTours/Old Objects/ThankYouPage/cCenterButton' is clickable

2017-11-29 15:48:41 - [MESSAGE][PASSED] - Object 'Object Repository/PrimoTours/Old Objects/ThankYouPage/cCenterButton' is clickable

2017-11-29 15:48:41 - [TEST_STEP][PASSED] - click: Object: 'Object Repository/PrimoTours/Old Objects/ThankYouPage/cCenterButton' is clicked on

2017-11-29 15:48:42 - [MESSAGE][PASSED] - Object: 'Object Repository/PrimoTours/Old Objects/ThankYouPage/cCenterButton' is clicked on

2017-11-29 15:48:42 - [TEST_STEP][PASSED] - waitForPageLoad: Wait for page load successfully

2017-11-29 15:48:42 - [MESSAGE][PASSED] - Wait for page load successfully

2017-11-29 15:48:42 - [TEST_STEP][PASSED] - waitForJQueryLoad: jQuery is ready.

2017-11-29 15:48:42 - [MESSAGE][PASSED] - jQuery is ready.

2017-11-29 15:48:42 - [TEST_STEP][PASSED] - waitForElementPresent: Object 'Object Repository/PrimoTours/Old Objects/CCenter/pageLoaderOverlayLayer' is present

2017-11-29 15:48:42 - [MESSAGE][PASSED] - Object 'Object Repository/PrimoTours/Old Objects/CCenter/pageLoaderOverlayLayer' is present

2017-11-29 15:48:42 - [TEST_STEP][PASSED] - waitForElementNotVisible: Object 'Object Repository/PrimoTours/Old Objects/CCenter/pageLoaderOverlayLayer' is NOT visible

2017-11-29 15:48:42 - [MESSAGE][PASSED] - Object 'Object Repository/PrimoTours/Old Objects/CCenter/pageLoaderOverlayLayer' is NOT visible

2017-11-29 15:48:42 - [TEST_STEP][PASSED] - verifyElementVisible: Object 'Object Repository/PrimoTours/Old Objects/ThankYouPage/bookingNoContainer' is visible

2017-11-29 15:48:42 - [MESSAGE][PASSED] - Object 'Object Repository/PrimoTours/Old Objects/ThankYouPage/bookingNoContainer' is visible

2017-11-29 15:48:42 - [TEST_STEP][PASSED] - verifyElementVisible: Object 'Object Repository/PrimoTours/Old Objects/ThankYouPage/bookingTotalPriceBar' is visible

2017-11-29 15:48:42 - [MESSAGE][PASSED] - Object 'Object Repository/PrimoTours/Old Objects/ThankYouPage/bookingTotalPriceBar' is visible

2017-11-29 15:48:42 - [TEST_STEP][PASSED] - delay: Delayed 1 second(s)

2017-11-29 15:48:43 - [MESSAGE][PASSED] - Delayed 1 second(s)]]></system-out>
         <system-err><![CDATA[]]></system-err>
      </testcase>
      <system-out><![CDATA[2017-11-29 15:41:44 - [TEST_SUITE][PASSED] - WB Primo From Excel URLs: Test Cases/PrimoTours/WB Primo/WB Primo staging - place booking]]></system-out>
      <system-err><![CDATA[]]></system-err>
   </testsuite>
</testsuites>
