<?xml version="1.0" encoding="UTF-8"?>
<testsuites name="WB Primo From Excel URLs" time="315" tests="1" failures="5" errors="0">
   <testsuite name="WB Primo From Excel URLs" tests="1" failures="5" errors="0" time="315" timestamp="2017-11-16 19:22:48" hostname="Cornel - NEACSUNEW-PC.zlin.roweb.ro" id="Test Suites/WB Primo From Excel URLs">
      <properties>
         <property name="deviceName" value=""/>
         <property name="devicePlatform" value=""/>
         <property name="logFolder" value="D:\\Software testing\\Tourpaq\\Automated Katalon tests\\Primo WB test\\Reports\\WB Primo From Excel URLs\\20171116_192235"/>
         <property name="logFiles" value="D:\\Software testing\\Tourpaq\\Automated Katalon tests\\Primo WB test\\Reports\\WB Primo From Excel URLs\\20171116_192235\\execution0.log"/>
         <property name="attachments" value="D:\\Software testing\\Tourpaq\\Automated Katalon tests\\Primo WB test\\Reports\\WB Primo From Excel URLs\\20171116_192235\\1510852973494.png, D:\\Software testing\\Tourpaq\\Automated Katalon tests\\Primo WB test\\Reports\\WB Primo From Excel URLs\\20171116_192235\\1510852987828.png, D:\\Software testing\\Tourpaq\\Automated Katalon tests\\Primo WB test\\Reports\\WB Primo From Excel URLs\\20171116_192235\\1510853042526.png, D:\\Software testing\\Tourpaq\\Automated Katalon tests\\Primo WB test\\Reports\\WB Primo From Excel URLs\\20171116_192235\\1510853103371.png, D:\\Software testing\\Tourpaq\\Automated Katalon tests\\Primo WB test\\Reports\\WB Primo From Excel URLs\\20171116_192235\\1510853165415.png, D:\\Software testing\\Tourpaq\\Automated Katalon tests\\Primo WB test\\Reports\\WB Primo From Excel URLs\\20171116_192235\\1510853223848.png, D:\\Software testing\\Tourpaq\\Automated Katalon tests\\Primo WB test\\Reports\\WB Primo From Excel URLs\\20171116_192235\\1510853282018.png"/>
         <property name="hostName" value="Cornel - NEACSUNEW-PC.zlin.roweb.ro"/>
         <property name="os" value="Windows 8.1 64bit"/>
         <property name="katalonVersion" value="5.1.0.1"/>
         <property name="browser" value="Chrome 62.0.3202.94"/>
         <property name="hostAddress" value="10.10.10.211"/>
         <property name="sessionId" value="629511eb0a17c6f21beaa7b9576e6df7"/>
         <property name="seleniumVersion" value="3.7.1"/>
         <property name="proxyInformation" value="ProxyInformation{proxyOption=NO_PROXY, proxyServerType=, password=, proxyServerAddress=, proxyServerPort=0}"/>
         <property name="platform" value="Windows 8.1"/>
      </properties>
      <testcase name="Test Cases/WB Primo/WB Primo staging - place booking - Iteration 1" classname="Test Cases/WB Primo/WB Primo staging - place booking" status="PASSED">
         <system-out><![CDATA[2017-11-16 19:22:48 - [TEST_CASE][PASSED] - Test Cases/WB Primo/WB Primo staging - place booking - Iteration 1: Test Cases/WB Primo/WB Primo staging - place booking

2017-11-16 19:22:49 - [TEST_STEP][PASSED] - openBrowser: Browser is opened with url: ''

2017-11-16 19:22:52 - [MESSAGE][PASSED] - Browser is opened with url: ''

2017-11-16 19:22:52 - [TEST_STEP][PASSED] - maximizeWindow: Unable to maximize current window (Root cause: org.openqa.selenium.WebDriverException: unknown error: failed to change window state to maximized, current state is normal
  (Session info: chrome=62.0.3202.94)
  (Driver info: chromedriver=2.33.506120 (e3e53437346286c0bc2d2dc9aa4915ba81d9023f),platform=Windows NT 6.3.9600 x86_64) (WARNING: The server did not provide any stacktrace information)
Command duration or timeout: 0 milliseconds
Build info: version: '3.7.1', revision: '8a0099a', time: '2017-11-06T21:07:36.161Z'
System info: host: 'NEACSUNEW-PC', ip: '10.10.10.211', os.name: 'Windows 8.1', os.arch: 'amd64', os.version: '6.3', java.version: '1.8.0_102'
Driver info: com.kms.katalon.selenium.driver.CChromeDriver
Capabilities {acceptSslCerts: true, applicationCacheEnabled: false, browserConnectionEnabled: false, browserName: chrome, chrome: {chromedriverVersion: 2.33.506120 (e3e53437346286..., userDataDir: C:\Users\Cornel\AppData\Loc...}, cssSelectorsEnabled: true, databaseEnabled: false, handlesAlerts: true, hasTouchScreen: false, javascriptEnabled: true, locationContextEnabled: true, mobileEmulationEnabled: false, nativeEvents: true, networkConnectionEnabled: false, pageLoadStrategy: normal, platform: XP, platformName: XP, rotatable: false, setWindowRect: true, takesHeapSnapshot: true, takesScreenshot: true, unexpectedAlertBehaviour: , unhandledPromptBehavior: , version: 62.0.3202.94, webStorageEnabled: true}
Session ID: 9acd7fae39fb652ed8705bb016baebc7)

2017-11-16 19:22:53 - [MESSAGE][WARNING] - Unable to maximize current window (Root cause: org.openqa.selenium.WebDriverException: unknown error: failed to change window state to maximized, current state is normal
  (Session info: chrome=62.0.3202.94)
  (Driver info: chromedriver=2.33.506120 (e3e53437346286c0bc2d2dc9aa4915ba81d9023f),platform=Windows NT 6.3.9600 x86_64) (WARNING: The server did not provide any stacktrace information)
Command duration or timeout: 0 milliseconds
Build info: version: '3.7.1', revision: '8a0099a', time: '2017-11-06T21:07:36.161Z'
System info: host: 'NEACSUNEW-PC', ip: '10.10.10.211', os.name: 'Windows 8.1', os.arch: 'amd64', os.version: '6.3', java.version: '1.8.0_102'
Driver info: com.kms.katalon.selenium.driver.CChromeDriver
Capabilities {acceptSslCerts: true, applicationCacheEnabled: false, browserConnectionEnabled: false, browserName: chrome, chrome: {chromedriverVersion: 2.33.506120 (e3e53437346286..., userDataDir: C:\Users\Cornel\AppData\Loc...}, cssSelectorsEnabled: true, databaseEnabled: false, handlesAlerts: true, hasTouchScreen: false, javascriptEnabled: true, locationContextEnabled: true, mobileEmulationEnabled: false, nativeEvents: true, networkConnectionEnabled: false, pageLoadStrategy: normal, platform: XP, platformName: XP, rotatable: false, setWindowRect: true, takesHeapSnapshot: true, takesScreenshot: true, unexpectedAlertBehaviour: , unhandledPromptBehavior: , version: 62.0.3202.94, webStorageEnabled: true}
Session ID: 9acd7fae39fb652ed8705bb016baebc7)
[[ATTACHMENT|D:\\Software testing\\Tourpaq\\Automated Katalon tests\\Primo WB test\\Reports\\WB Primo From Excel URLs\\20171116_192235\\1510852973494.png]]

2017-11-16 19:22:53 - [TEST_STEP][PASSED] - navigateToUrl: Navigate to 'https://staging-primotours-webbooking.tourpaq.com/DoBooking.aspx?pltaID=1480269&p=1&rno=1&pt=1&a=2&c=0&aa=&ca=' successfully

2017-11-16 19:22:55 - [MESSAGE][PASSED] - Navigate to 'https://staging-primotours-webbooking.tourpaq.com/DoBooking.aspx?pltaID=1480269&p=1&rno=1&pt=1&a=2&c=0&aa=&ca=' successfully

2017-11-16 19:22:55 - [TEST_STEP][PASSED] - setText: Text 'Cornel' is set on object 'Object Repository/Coco/PrimoT/Page_Primo Tours  Danmarks bedste c/input_firstName'

2017-11-16 19:22:56 - [MESSAGE][PASSED] - Text 'Cornel' is set on object 'Object Repository/Coco/PrimoT/Page_Primo Tours  Danmarks bedste c/input_firstName'

2017-11-16 19:22:56 - [TEST_STEP][PASSED] - setText: Text 'Neacsu - Automated' is set on object 'Object Repository/Coco/PrimoT/Page_Primo Tours  Danmarks bedste c/input_lastName'

2017-11-16 19:22:56 - [MESSAGE][PASSED] - Text 'Neacsu - Automated' is set on object 'Object Repository/Coco/PrimoT/Page_Primo Tours  Danmarks bedste c/input_lastName'

2017-11-16 19:22:56 - [TEST_STEP][PASSED] - setText: Text 'Home address' is set on object 'Object Repository/Coco/PrimoT/Page_Primo Tours  Danmarks bedste c/input_customerAddress'

2017-11-16 19:22:57 - [MESSAGE][PASSED] - Text 'Home address' is set on object 'Object Repository/Coco/PrimoT/Page_Primo Tours  Danmarks bedste c/input_customerAddress'

2017-11-16 19:22:57 - [TEST_STEP][PASSED] - setText: Text '6700' is set on object 'Object Repository/Coco/PrimoT/Page_Primo Tours  Danmarks bedste c/input_customerPostcode'

2017-11-16 19:22:57 - [MESSAGE][PASSED] - Text '6700' is set on object 'Object Repository/Coco/PrimoT/Page_Primo Tours  Danmarks bedste c/input_customerPostcode'

2017-11-16 19:22:57 - [TEST_STEP][PASSED] - setText: Text 'cornel.neacsu@roweb.ro' is set on object 'Object Repository/Coco/PrimoT/Page_Primo Tours  Danmarks bedste c/input_customerEmail'

2017-11-16 19:22:57 - [MESSAGE][PASSED] - Text 'cornel.neacsu@roweb.ro' is set on object 'Object Repository/Coco/PrimoT/Page_Primo Tours  Danmarks bedste c/input_customerEmail'

2017-11-16 19:22:57 - [TEST_STEP][PASSED] - setText: Text '12345678' is set on object 'Object Repository/Coco/PrimoT/Page_Primo Tours  Danmarks bedste c/input_customerPhone'

2017-11-16 19:22:58 - [MESSAGE][PASSED] - Text '12345678' is set on object 'Object Repository/Coco/PrimoT/Page_Primo Tours  Danmarks bedste c/input_customerPhone'

2017-11-16 19:22:58 - [TEST_STEP][PASSED] - setText: Text 'FirstName of passenger' is set on object 'Object Repository/Coco/PrimoT/Page_Primo Tours  Danmarks bedste c/input_firstname-0_1'

2017-11-16 19:22:59 - [MESSAGE][PASSED] - Text 'FirstName of passenger' is set on object 'Object Repository/Coco/PrimoT/Page_Primo Tours  Danmarks bedste c/input_firstname-0_1'

2017-11-16 19:22:59 - [TEST_STEP][PASSED] - setText: Text 'Last name of passenger' is set on object 'Object Repository/Coco/PrimoT/Page_Primo Tours  Danmarks bedste c/input_lastname0_1'

2017-11-16 19:22:59 - [MESSAGE][PASSED] - Text 'Last name of passenger' is set on object 'Object Repository/Coco/PrimoT/Page_Primo Tours  Danmarks bedste c/input_lastname0_1'

2017-11-16 19:22:59 - [TEST_STEP][PASSED] - scrollToElement: Scroll to object 'Object Repository/Coco/PrimoT/SaveBooking2/Success/span_kr. 7.892-' successfully

2017-11-16 19:22:59 - [MESSAGE][PASSED] - Scroll to object 'Object Repository/Coco/PrimoT/SaveBooking2/Success/span_kr. 7.892-' successfully

2017-11-16 19:22:59 - [TEST_STEP][PASSED] - click: Object: 'Object Repository/Coco/PrimoT/SaveBooking2/Success/span_kr. 7.892-' is clicked on

2017-11-16 19:22:59 - [MESSAGE][PASSED] - Object: 'Object Repository/Coco/PrimoT/SaveBooking2/Success/span_kr. 7.892-' is clicked on

2017-11-16 19:22:59 - [TEST_STEP][PASSED] - scrollToElement: Scroll to object 'Object Repository/Coco/PrimoT/Page_Primo Tours  Danmarks bedste c/Page_Primo Tours  Danmarks bedste c/Page_Primo Tours  Danmarks bedste c/i_fa fa-arrow-circle-right' successfully

2017-11-16 19:22:59 - [MESSAGE][PASSED] - Scroll to object 'Object Repository/Coco/PrimoT/Page_Primo Tours  Danmarks bedste c/Page_Primo Tours  Danmarks bedste c/Page_Primo Tours  Danmarks bedste c/i_fa fa-arrow-circle-right' successfully

2017-11-16 19:22:59 - [TEST_STEP][PASSED] - waitForElementClickable: Object 'Object Repository/Coco/PrimoT/Page_Primo Tours  Danmarks bedste c/Page_Primo Tours  Danmarks bedste c/Page_Primo Tours  Danmarks bedste c/i_fa fa-arrow-circle-right' is clickable

2017-11-16 19:23:00 - [MESSAGE][PASSED] - Object 'Object Repository/Coco/PrimoT/Page_Primo Tours  Danmarks bedste c/Page_Primo Tours  Danmarks bedste c/Page_Primo Tours  Danmarks bedste c/i_fa fa-arrow-circle-right' is clickable

2017-11-16 19:23:00 - [TEST_STEP][PASSED] - waitForElementVisible: Object 'Object Repository/Coco/PrimoT/Page_Primo Tours  Danmarks bedste c/Page_Primo Tours  Danmarks bedste c/Page_Primo Tours  Danmarks bedste c/i_fa fa-arrow-circle-right' is visible

2017-11-16 19:23:00 - [MESSAGE][PASSED] - Object 'Object Repository/Coco/PrimoT/Page_Primo Tours  Danmarks bedste c/Page_Primo Tours  Danmarks bedste c/Page_Primo Tours  Danmarks bedste c/i_fa fa-arrow-circle-right' is visible

2017-11-16 19:23:00 - [TEST_STEP][PASSED] - scrollToElement: Scroll to object 'Object Repository/Coco/PrimoT/Page_Primo Tours  Danmarks bedste c/Page_Primo Tours  Danmarks bedste c/Page_Primo Tours  Danmarks bedste c/i_fa fa-arrow-circle-right' successfully

2017-11-16 19:23:00 - [MESSAGE][PASSED] - Scroll to object 'Object Repository/Coco/PrimoT/Page_Primo Tours  Danmarks bedste c/Page_Primo Tours  Danmarks bedste c/Page_Primo Tours  Danmarks bedste c/i_fa fa-arrow-circle-right' successfully

2017-11-16 19:23:00 - [TEST_STEP][PASSED] - click: Object: 'Object Repository/Coco/PrimoT/Page_Primo Tours  Danmarks bedste c/Page_Primo Tours  Danmarks bedste c/Page_Primo Tours  Danmarks bedste c/i_fa fa-arrow-circle-right' is clicked on

2017-11-16 19:23:00 - [MESSAGE][PASSED] - Object: 'Object Repository/Coco/PrimoT/Page_Primo Tours  Danmarks bedste c/Page_Primo Tours  Danmarks bedste c/Page_Primo Tours  Danmarks bedste c/i_fa fa-arrow-circle-right' is clicked on

2017-11-16 19:23:00 - [TEST_STEP][PASSED] - waitForElementPresent: Object 'Object Repository/Coco/PrimoT/Ins2/Page_Primo Tours  Danmarks bedste c/span_Vlg forsikring' is present

2017-11-16 19:23:01 - [MESSAGE][PASSED] - Object 'Object Repository/Coco/PrimoT/Ins2/Page_Primo Tours  Danmarks bedste c/span_Vlg forsikring' is present

2017-11-16 19:23:01 - [TEST_STEP][PASSED] - click: Object: 'Object Repository/Coco/PrimoT/Ins2/Page_Primo Tours  Danmarks bedste c/span_Vlg forsikring' is clicked on

2017-11-16 19:23:02 - [MESSAGE][PASSED] - Object: 'Object Repository/Coco/PrimoT/Ins2/Page_Primo Tours  Danmarks bedste c/span_Vlg forsikring' is clicked on

2017-11-16 19:23:02 - [TEST_STEP][PASSED] - click: Object: 'Object Repository/Coco/PrimoT/Ins2/Page_Primo Tours  Danmarks bedste c/li_Har selv forsikring - kr. 0' is clicked on

2017-11-16 19:23:02 - [MESSAGE][PASSED] - Object: 'Object Repository/Coco/PrimoT/Ins2/Page_Primo Tours  Danmarks bedste c/li_Har selv forsikring - kr. 0' is clicked on

2017-11-16 19:23:02 - [TEST_STEP][NOT_RUN] - click: NOT_RUN: click

2017-11-16 19:23:02 - [MESSAGE][NOT_RUN] - NOT_RUN: click

2017-11-16 19:23:02 - [TEST_STEP][NOT_RUN] - scrollToElement: NOT_RUN: scrollToElement

2017-11-16 19:23:02 - [MESSAGE][NOT_RUN] - NOT_RUN: scrollToElement

2017-11-16 19:23:02 - [TEST_STEP][NOT_RUN] - click: NOT_RUN: click

2017-11-16 19:23:02 - [MESSAGE][NOT_RUN] - NOT_RUN: click

2017-11-16 19:23:02 - [TEST_STEP][PASSED] - scrollToElement: Scroll to object 'Object Repository/Coco/PrimoT/SaveBooking2/Page_Primo Tours  Danmarks bedste c/a_toggle checkbox kalypto' successfully

2017-11-16 19:23:02 - [MESSAGE][PASSED] - Scroll to object 'Object Repository/Coco/PrimoT/SaveBooking2/Page_Primo Tours  Danmarks bedste c/a_toggle checkbox kalypto' successfully

2017-11-16 19:23:02 - [TEST_STEP][PASSED] - waitForElementVisible: Object 'Object Repository/Coco/PrimoT/SaveBooking2/Page_Primo Tours  Danmarks bedste c/a_toggle checkbox kalypto' is visible

2017-11-16 19:23:02 - [MESSAGE][PASSED] - Object 'Object Repository/Coco/PrimoT/SaveBooking2/Page_Primo Tours  Danmarks bedste c/a_toggle checkbox kalypto' is visible

2017-11-16 19:23:02 - [TEST_STEP][PASSED] - click: Object: 'Object Repository/Coco/PrimoT/SaveBooking2/Page_Primo Tours  Danmarks bedste c/a_toggle checkbox kalypto' is clicked on

2017-11-16 19:23:02 - [MESSAGE][PASSED] - Object: 'Object Repository/Coco/PrimoT/SaveBooking2/Page_Primo Tours  Danmarks bedste c/a_toggle checkbox kalypto' is clicked on

2017-11-16 19:23:02 - [TEST_STEP][PASSED] - scrollToElement: Scroll to object 'Object Repository/Coco/PrimoT/SaveBooking2/Success/a_toggle radio kalypto' successfully

2017-11-16 19:23:02 - [MESSAGE][PASSED] - Scroll to object 'Object Repository/Coco/PrimoT/SaveBooking2/Success/a_toggle radio kalypto' successfully

2017-11-16 19:23:02 - [TEST_STEP][PASSED] - click: Object: 'Object Repository/Coco/PrimoT/SaveBooking2/Success/a_toggle radio kalypto' is clicked on

2017-11-16 19:23:02 - [MESSAGE][PASSED] - Object: 'Object Repository/Coco/PrimoT/SaveBooking2/Success/a_toggle radio kalypto' is clicked on

2017-11-16 19:23:02 - [TEST_STEP][PASSED] - scrollToElement: Scroll to object 'Object Repository/Coco/PrimoT/SaveBooking2/Success/a_toggle checkbox kalypto (1)' successfully

2017-11-16 19:23:03 - [MESSAGE][PASSED] - Scroll to object 'Object Repository/Coco/PrimoT/SaveBooking2/Success/a_toggle checkbox kalypto (1)' successfully

2017-11-16 19:23:03 - [TEST_STEP][PASSED] - click: Object: 'Object Repository/Coco/PrimoT/SaveBooking2/Success/a_toggle checkbox kalypto (1)' is clicked on

2017-11-16 19:23:03 - [MESSAGE][PASSED] - Object: 'Object Repository/Coco/PrimoT/SaveBooking2/Success/a_toggle checkbox kalypto (1)' is clicked on

2017-11-16 19:23:03 - [TEST_STEP][NOT_RUN] - scrollToElement: NOT_RUN: scrollToElement

2017-11-16 19:23:03 - [MESSAGE][NOT_RUN] - NOT_RUN: scrollToElement

2017-11-16 19:23:03 - [TEST_STEP][NOT_RUN] - scrollToElement: NOT_RUN: scrollToElement

2017-11-16 19:23:03 - [MESSAGE][NOT_RUN] - NOT_RUN: scrollToElement

2017-11-16 19:23:03 - [TEST_STEP][NOT_RUN] - click: NOT_RUN: click

2017-11-16 19:23:03 - [MESSAGE][NOT_RUN] - NOT_RUN: click

2017-11-16 19:23:03 - [TEST_STEP][PASSED] - scrollToElement: Scroll to object 'Object Repository/Coco/PrimoT/SaveBooking2/Success/a_toggle checkbox kalypto' successfully

2017-11-16 19:23:03 - [MESSAGE][PASSED] - Scroll to object 'Object Repository/Coco/PrimoT/SaveBooking2/Success/a_toggle checkbox kalypto' successfully

2017-11-16 19:23:03 - [TEST_STEP][PASSED] - click: Object: 'Object Repository/Coco/PrimoT/SaveBooking2/Success/a_toggle checkbox kalypto' is clicked on

2017-11-16 19:23:03 - [MESSAGE][PASSED] - Object: 'Object Repository/Coco/PrimoT/SaveBooking2/Success/a_toggle checkbox kalypto' is clicked on

2017-11-16 19:23:03 - [TEST_STEP][PASSED] - scrollToElement: Scroll to object 'Object Repository/Coco/PrimoT/SaveBooking2/Page_Primo Tours  Danmarks bedste c/a_btn btn-success col-xs-12 st' successfully

2017-11-16 19:23:03 - [MESSAGE][PASSED] - Scroll to object 'Object Repository/Coco/PrimoT/SaveBooking2/Page_Primo Tours  Danmarks bedste c/a_btn btn-success col-xs-12 st' successfully

2017-11-16 19:23:03 - [TEST_STEP][PASSED] - waitForElementClickable: Object 'Object Repository/Coco/PrimoT/SaveBooking2/Page_Primo Tours  Danmarks bedste c/a_btn btn-success col-xs-12 st' is clickable

2017-11-16 19:23:03 - [MESSAGE][PASSED] - Object 'Object Repository/Coco/PrimoT/SaveBooking2/Page_Primo Tours  Danmarks bedste c/a_btn btn-success col-xs-12 st' is clickable

2017-11-16 19:23:03 - [TEST_STEP][NOT_RUN] - click: NOT_RUN: click

2017-11-16 19:23:03 - [MESSAGE][NOT_RUN] - NOT_RUN: click]]></system-out>
         <system-err><![CDATA[]]></system-err>
      </testcase>
      <testcase name="Test Cases/WB Primo/WB Primo staging - place booking - Iteration 2" classname="Test Cases/WB Primo/WB Primo staging - place booking" status="FAILED">
         <failure type="FAILED" message="Test Cases/WB Primo/WB Primo staging - place booking FAILED because (of) Unable to click on object 'Object Repository/Coco/PrimoT/Ins2/Page_Primo Tours  Danmarks bedste c/span_Vlg forsikring' (Root cause: com.kms.katalon.core.webui.exception.WebElementNotFoundException: Web element with id: 'Object Repository/Coco/PrimoT/Ins2/Page_Primo Tours  Danmarks bedste c/span_Vlg forsikring' located by 'By.xpath: //span[count(. | //*[starts-with(@id,'select2-ddlInsurance')]) = count(//*[starts-with(@id,'select2-ddlInsurance')])][count(. | //*[contains(@class,'select2-selection__rendered')]) = count(//*[contains(@class,'select2-selection__rendered')])]' not found)"/>
         <system-out><![CDATA[2017-11-16 19:23:03 - [TEST_CASE][FAILED] - Test Cases/WB Primo/WB Primo staging - place booking - Iteration 2: Test Cases/WB Primo/WB Primo staging - place booking FAILED because (of) Unable to click on object 'Object Repository/Coco/PrimoT/Ins2/Page_Primo Tours  Danmarks bedste c/span_Vlg forsikring' (Root cause: com.kms.katalon.core.webui.exception.WebElementNotFoundException: Web element with id: 'Object Repository/Coco/PrimoT/Ins2/Page_Primo Tours  Danmarks bedste c/span_Vlg forsikring' located by 'By.xpath: //span[count(. | //*[starts-with(@id,'select2-ddlInsurance')]) = count(//*[starts-with(@id,'select2-ddlInsurance')])][count(. | //*[contains(@class,'select2-selection__rendered')]) = count(//*[contains(@class,'select2-selection__rendered')])]' not found)

2017-11-16 19:23:03 - [TEST_STEP][PASSED] - openBrowser: Browser is opened with url: ''

2017-11-16 19:23:03 - [MESSAGE][WARNING] - A browser is already opened. Closing browser and opening a new one

2017-11-16 19:23:06 - [MESSAGE][PASSED] - Browser is opened with url: ''

2017-11-16 19:23:06 - [TEST_STEP][PASSED] - maximizeWindow: Unable to maximize current window (Root cause: org.openqa.selenium.WebDriverException: unknown error: failed to change window state to maximized, current state is normal
  (Session info: chrome=62.0.3202.94)
  (Driver info: chromedriver=2.33.506120 (e3e53437346286c0bc2d2dc9aa4915ba81d9023f),platform=Windows NT 6.3.9600 x86_64) (WARNING: The server did not provide any stacktrace information)
Command duration or timeout: 0 milliseconds
Build info: version: '3.7.1', revision: '8a0099a', time: '2017-11-06T21:07:36.161Z'
System info: host: 'NEACSUNEW-PC', ip: '10.10.10.211', os.name: 'Windows 8.1', os.arch: 'amd64', os.version: '6.3', java.version: '1.8.0_102'
Driver info: com.kms.katalon.selenium.driver.CChromeDriver
Capabilities {acceptSslCerts: true, applicationCacheEnabled: false, browserConnectionEnabled: false, browserName: chrome, chrome: {chromedriverVersion: 2.33.506120 (e3e53437346286..., userDataDir: C:\Users\Cornel\AppData\Loc...}, cssSelectorsEnabled: true, databaseEnabled: false, handlesAlerts: true, hasTouchScreen: false, javascriptEnabled: true, locationContextEnabled: true, mobileEmulationEnabled: false, nativeEvents: true, networkConnectionEnabled: false, pageLoadStrategy: normal, platform: XP, platformName: XP, rotatable: false, setWindowRect: true, takesHeapSnapshot: true, takesScreenshot: true, unexpectedAlertBehaviour: , unhandledPromptBehavior: , version: 62.0.3202.94, webStorageEnabled: true}
Session ID: a7d2fe8559362e89918261ac52819fff)

2017-11-16 19:23:08 - [MESSAGE][WARNING] - Unable to maximize current window (Root cause: org.openqa.selenium.WebDriverException: unknown error: failed to change window state to maximized, current state is normal
  (Session info: chrome=62.0.3202.94)
  (Driver info: chromedriver=2.33.506120 (e3e53437346286c0bc2d2dc9aa4915ba81d9023f),platform=Windows NT 6.3.9600 x86_64) (WARNING: The server did not provide any stacktrace information)
Command duration or timeout: 0 milliseconds
Build info: version: '3.7.1', revision: '8a0099a', time: '2017-11-06T21:07:36.161Z'
System info: host: 'NEACSUNEW-PC', ip: '10.10.10.211', os.name: 'Windows 8.1', os.arch: 'amd64', os.version: '6.3', java.version: '1.8.0_102'
Driver info: com.kms.katalon.selenium.driver.CChromeDriver
Capabilities {acceptSslCerts: true, applicationCacheEnabled: false, browserConnectionEnabled: false, browserName: chrome, chrome: {chromedriverVersion: 2.33.506120 (e3e53437346286..., userDataDir: C:\Users\Cornel\AppData\Loc...}, cssSelectorsEnabled: true, databaseEnabled: false, handlesAlerts: true, hasTouchScreen: false, javascriptEnabled: true, locationContextEnabled: true, mobileEmulationEnabled: false, nativeEvents: true, networkConnectionEnabled: false, pageLoadStrategy: normal, platform: XP, platformName: XP, rotatable: false, setWindowRect: true, takesHeapSnapshot: true, takesScreenshot: true, unexpectedAlertBehaviour: , unhandledPromptBehavior: , version: 62.0.3202.94, webStorageEnabled: true}
Session ID: a7d2fe8559362e89918261ac52819fff)
[[ATTACHMENT|D:\\Software testing\\Tourpaq\\Automated Katalon tests\\Primo WB test\\Reports\\WB Primo From Excel URLs\\20171116_192235\\1510852987828.png]]

2017-11-16 19:23:08 - [TEST_STEP][PASSED] - navigateToUrl: Navigate to 'https://staging-primotours-webbooking.tourpaq.com/DoBooking.aspx?pltaID=1480269&p=1&rno=1&pt=1&a=2&c=2&aa=&ca=1%2C5' successfully

2017-11-16 19:23:11 - [MESSAGE][PASSED] - Navigate to 'https://staging-primotours-webbooking.tourpaq.com/DoBooking.aspx?pltaID=1480269&p=1&rno=1&pt=1&a=2&c=2&aa=&ca=1%2C5' successfully

2017-11-16 19:23:11 - [TEST_STEP][PASSED] - setText: Text 'Cornel' is set on object 'Object Repository/Coco/PrimoT/Page_Primo Tours  Danmarks bedste c/input_firstName'

2017-11-16 19:23:11 - [MESSAGE][PASSED] - Text 'Cornel' is set on object 'Object Repository/Coco/PrimoT/Page_Primo Tours  Danmarks bedste c/input_firstName'

2017-11-16 19:23:11 - [TEST_STEP][PASSED] - setText: Text 'Neacsu - Automated' is set on object 'Object Repository/Coco/PrimoT/Page_Primo Tours  Danmarks bedste c/input_lastName'

2017-11-16 19:23:11 - [MESSAGE][PASSED] - Text 'Neacsu - Automated' is set on object 'Object Repository/Coco/PrimoT/Page_Primo Tours  Danmarks bedste c/input_lastName'

2017-11-16 19:23:11 - [TEST_STEP][PASSED] - setText: Text 'Home address' is set on object 'Object Repository/Coco/PrimoT/Page_Primo Tours  Danmarks bedste c/input_customerAddress'

2017-11-16 19:23:11 - [MESSAGE][PASSED] - Text 'Home address' is set on object 'Object Repository/Coco/PrimoT/Page_Primo Tours  Danmarks bedste c/input_customerAddress'

2017-11-16 19:23:11 - [TEST_STEP][PASSED] - setText: Text '6700' is set on object 'Object Repository/Coco/PrimoT/Page_Primo Tours  Danmarks bedste c/input_customerPostcode'

2017-11-16 19:23:12 - [MESSAGE][PASSED] - Text '6700' is set on object 'Object Repository/Coco/PrimoT/Page_Primo Tours  Danmarks bedste c/input_customerPostcode'

2017-11-16 19:23:12 - [TEST_STEP][PASSED] - setText: Text 'cornel.neacsu@roweb.ro' is set on object 'Object Repository/Coco/PrimoT/Page_Primo Tours  Danmarks bedste c/input_customerEmail'

2017-11-16 19:23:12 - [MESSAGE][PASSED] - Text 'cornel.neacsu@roweb.ro' is set on object 'Object Repository/Coco/PrimoT/Page_Primo Tours  Danmarks bedste c/input_customerEmail'

2017-11-16 19:23:12 - [TEST_STEP][PASSED] - setText: Text '12345678' is set on object 'Object Repository/Coco/PrimoT/Page_Primo Tours  Danmarks bedste c/input_customerPhone'

2017-11-16 19:23:12 - [MESSAGE][PASSED] - Text '12345678' is set on object 'Object Repository/Coco/PrimoT/Page_Primo Tours  Danmarks bedste c/input_customerPhone'

2017-11-16 19:23:12 - [TEST_STEP][PASSED] - setText: Text 'FirstName of passenger' is set on object 'Object Repository/Coco/PrimoT/Page_Primo Tours  Danmarks bedste c/input_firstname-0_1'

2017-11-16 19:23:14 - [MESSAGE][PASSED] - Text 'FirstName of passenger' is set on object 'Object Repository/Coco/PrimoT/Page_Primo Tours  Danmarks bedste c/input_firstname-0_1'

2017-11-16 19:23:14 - [TEST_STEP][PASSED] - setText: Text 'Last name of passenger' is set on object 'Object Repository/Coco/PrimoT/Page_Primo Tours  Danmarks bedste c/input_lastname0_1'

2017-11-16 19:23:15 - [MESSAGE][PASSED] - Text 'Last name of passenger' is set on object 'Object Repository/Coco/PrimoT/Page_Primo Tours  Danmarks bedste c/input_lastname0_1'

2017-11-16 19:23:15 - [TEST_STEP][PASSED] - scrollToElement: Scroll to object 'Object Repository/Coco/PrimoT/SaveBooking2/Success/span_kr. 7.892-' successfully

2017-11-16 19:23:15 - [MESSAGE][PASSED] - Scroll to object 'Object Repository/Coco/PrimoT/SaveBooking2/Success/span_kr. 7.892-' successfully

2017-11-16 19:23:15 - [TEST_STEP][PASSED] - click: Object: 'Object Repository/Coco/PrimoT/SaveBooking2/Success/span_kr. 7.892-' is clicked on

2017-11-16 19:23:15 - [MESSAGE][PASSED] - Object: 'Object Repository/Coco/PrimoT/SaveBooking2/Success/span_kr. 7.892-' is clicked on

2017-11-16 19:23:15 - [TEST_STEP][PASSED] - scrollToElement: Scroll to object 'Object Repository/Coco/PrimoT/Page_Primo Tours  Danmarks bedste c/Page_Primo Tours  Danmarks bedste c/Page_Primo Tours  Danmarks bedste c/i_fa fa-arrow-circle-right' successfully

2017-11-16 19:23:15 - [MESSAGE][PASSED] - Scroll to object 'Object Repository/Coco/PrimoT/Page_Primo Tours  Danmarks bedste c/Page_Primo Tours  Danmarks bedste c/Page_Primo Tours  Danmarks bedste c/i_fa fa-arrow-circle-right' successfully

2017-11-16 19:23:15 - [TEST_STEP][PASSED] - waitForElementClickable: Object 'Object Repository/Coco/PrimoT/Page_Primo Tours  Danmarks bedste c/Page_Primo Tours  Danmarks bedste c/Page_Primo Tours  Danmarks bedste c/i_fa fa-arrow-circle-right' is clickable

2017-11-16 19:23:15 - [MESSAGE][PASSED] - Object 'Object Repository/Coco/PrimoT/Page_Primo Tours  Danmarks bedste c/Page_Primo Tours  Danmarks bedste c/Page_Primo Tours  Danmarks bedste c/i_fa fa-arrow-circle-right' is clickable

2017-11-16 19:23:15 - [TEST_STEP][PASSED] - waitForElementVisible: Object 'Object Repository/Coco/PrimoT/Page_Primo Tours  Danmarks bedste c/Page_Primo Tours  Danmarks bedste c/Page_Primo Tours  Danmarks bedste c/i_fa fa-arrow-circle-right' is visible

2017-11-16 19:23:15 - [MESSAGE][PASSED] - Object 'Object Repository/Coco/PrimoT/Page_Primo Tours  Danmarks bedste c/Page_Primo Tours  Danmarks bedste c/Page_Primo Tours  Danmarks bedste c/i_fa fa-arrow-circle-right' is visible

2017-11-16 19:23:15 - [TEST_STEP][PASSED] - scrollToElement: Scroll to object 'Object Repository/Coco/PrimoT/Page_Primo Tours  Danmarks bedste c/Page_Primo Tours  Danmarks bedste c/Page_Primo Tours  Danmarks bedste c/i_fa fa-arrow-circle-right' successfully

2017-11-16 19:23:15 - [MESSAGE][PASSED] - Scroll to object 'Object Repository/Coco/PrimoT/Page_Primo Tours  Danmarks bedste c/Page_Primo Tours  Danmarks bedste c/Page_Primo Tours  Danmarks bedste c/i_fa fa-arrow-circle-right' successfully

2017-11-16 19:23:15 - [TEST_STEP][PASSED] - click: Object: 'Object Repository/Coco/PrimoT/Page_Primo Tours  Danmarks bedste c/Page_Primo Tours  Danmarks bedste c/Page_Primo Tours  Danmarks bedste c/i_fa fa-arrow-circle-right' is clicked on

2017-11-16 19:23:15 - [MESSAGE][PASSED] - Object: 'Object Repository/Coco/PrimoT/Page_Primo Tours  Danmarks bedste c/Page_Primo Tours  Danmarks bedste c/Page_Primo Tours  Danmarks bedste c/i_fa fa-arrow-circle-right' is clicked on

2017-11-16 19:23:15 - [TEST_STEP][PASSED] - waitForElementPresent: Object 'Object Repository/Coco/PrimoT/Ins2/Page_Primo Tours  Danmarks bedste c/span_Vlg forsikring' is not present after 10 second(s)

2017-11-16 19:23:27 - [MESSAGE][WARNING] - Object 'Object Repository/Coco/PrimoT/Ins2/Page_Primo Tours  Danmarks bedste c/span_Vlg forsikring' is not present after 10 second(s)

2017-11-16 19:23:27 - [TEST_STEP][FAILED] - click: Unable to click on object 'Object Repository/Coco/PrimoT/Ins2/Page_Primo Tours  Danmarks bedste c/span_Vlg forsikring' (Root cause: com.kms.katalon.core.webui.exception.WebElementNotFoundException: Web element with id: 'Object Repository/Coco/PrimoT/Ins2/Page_Primo Tours  Danmarks bedste c/span_Vlg forsikring' located by 'By.xpath: //span[count(. | //*[starts-with(@id,'select2-ddlInsurance')]) = count(//*[starts-with(@id,'select2-ddlInsurance')])][count(. | //*[contains(@class,'select2-selection__rendered')]) = count(//*[contains(@class,'select2-selection__rendered')])]' not found)

2017-11-16 19:24:02 - [MESSAGE][FAILED] - Unable to click on object 'Object Repository/Coco/PrimoT/Ins2/Page_Primo Tours  Danmarks bedste c/span_Vlg forsikring' (Root cause: com.kms.katalon.core.webui.exception.WebElementNotFoundException: Web element with id: 'Object Repository/Coco/PrimoT/Ins2/Page_Primo Tours  Danmarks bedste c/span_Vlg forsikring' located by 'By.xpath: //span[count(. | //*[starts-with(@id,'select2-ddlInsurance')]) = count(//*[starts-with(@id,'select2-ddlInsurance')])][count(. | //*[contains(@class,'select2-selection__rendered')]) = count(//*[contains(@class,'select2-selection__rendered')])]' not found)
[[ATTACHMENT|D:\\Software testing\\Tourpaq\\Automated Katalon tests\\Primo WB test\\Reports\\WB Primo From Excel URLs\\20171116_192235\\1510853042526.png]]]]></system-out>
         <system-err><![CDATA[2017-11-16 19:23:03 - [TEST_CASE][FAILED] - Test Cases/WB Primo/WB Primo staging - place booking - Iteration 2: Test Cases/WB Primo/WB Primo staging - place booking FAILED because (of) Unable to click on object 'Object Repository/Coco/PrimoT/Ins2/Page_Primo Tours  Danmarks bedste c/span_Vlg forsikring' (Root cause: com.kms.katalon.core.webui.exception.WebElementNotFoundException: Web element with id: 'Object Repository/Coco/PrimoT/Ins2/Page_Primo Tours  Danmarks bedste c/span_Vlg forsikring' located by 'By.xpath: //span[count(. | //*[starts-with(@id,'select2-ddlInsurance')]) = count(//*[starts-with(@id,'select2-ddlInsurance')])][count(. | //*[contains(@class,'select2-selection__rendered')]) = count(//*[contains(@class,'select2-selection__rendered')])]' not found)]]></system-err>
      </testcase>
      <testcase name="Test Cases/WB Primo/WB Primo staging - place booking - Iteration 3" classname="Test Cases/WB Primo/WB Primo staging - place booking" status="FAILED">
         <failure type="FAILED" message="Test Cases/WB Primo/WB Primo staging - place booking FAILED because (of) Unable to click on object 'Object Repository/Coco/PrimoT/Ins2/Page_Primo Tours  Danmarks bedste c/span_Vlg forsikring' (Root cause: com.kms.katalon.core.webui.exception.WebElementNotFoundException: Web element with id: 'Object Repository/Coco/PrimoT/Ins2/Page_Primo Tours  Danmarks bedste c/span_Vlg forsikring' located by 'By.xpath: //span[count(. | //*[starts-with(@id,'select2-ddlInsurance')]) = count(//*[starts-with(@id,'select2-ddlInsurance')])][count(. | //*[contains(@class,'select2-selection__rendered')]) = count(//*[contains(@class,'select2-selection__rendered')])]' not found)"/>
         <system-out><![CDATA[2017-11-16 19:24:03 - [TEST_CASE][FAILED] - Test Cases/WB Primo/WB Primo staging - place booking - Iteration 3: Test Cases/WB Primo/WB Primo staging - place booking FAILED because (of) Unable to click on object 'Object Repository/Coco/PrimoT/Ins2/Page_Primo Tours  Danmarks bedste c/span_Vlg forsikring' (Root cause: com.kms.katalon.core.webui.exception.WebElementNotFoundException: Web element with id: 'Object Repository/Coco/PrimoT/Ins2/Page_Primo Tours  Danmarks bedste c/span_Vlg forsikring' located by 'By.xpath: //span[count(. | //*[starts-with(@id,'select2-ddlInsurance')]) = count(//*[starts-with(@id,'select2-ddlInsurance')])][count(. | //*[contains(@class,'select2-selection__rendered')]) = count(//*[contains(@class,'select2-selection__rendered')])]' not found)

2017-11-16 19:24:03 - [TEST_STEP][PASSED] - openBrowser: Browser is opened with url: ''

2017-11-16 19:24:03 - [MESSAGE][WARNING] - A browser is already opened. Closing browser and opening a new one

2017-11-16 19:24:05 - [MESSAGE][PASSED] - Browser is opened with url: ''

2017-11-16 19:24:05 - [TEST_STEP][PASSED] - maximizeWindow: Current window maximized

2017-11-16 19:24:06 - [MESSAGE][PASSED] - Current window maximized

2017-11-16 19:24:06 - [TEST_STEP][PASSED] - navigateToUrl: Navigate to 'https://staging-primotours-webbooking.tourpaq.com/DoBooking.aspx?pltaID=1480269&p=1&rno=2&pt=1&a=4&c=4&aa=&ca=1,4|0,5' successfully

2017-11-16 19:24:09 - [MESSAGE][PASSED] - Navigate to 'https://staging-primotours-webbooking.tourpaq.com/DoBooking.aspx?pltaID=1480269&p=1&rno=2&pt=1&a=4&c=4&aa=&ca=1,4|0,5' successfully

2017-11-16 19:24:09 - [TEST_STEP][PASSED] - setText: Text 'Cornel' is set on object 'Object Repository/Coco/PrimoT/Page_Primo Tours  Danmarks bedste c/input_firstName'

2017-11-16 19:24:09 - [MESSAGE][PASSED] - Text 'Cornel' is set on object 'Object Repository/Coco/PrimoT/Page_Primo Tours  Danmarks bedste c/input_firstName'

2017-11-16 19:24:09 - [TEST_STEP][PASSED] - setText: Text 'Neacsu - Automated' is set on object 'Object Repository/Coco/PrimoT/Page_Primo Tours  Danmarks bedste c/input_lastName'

2017-11-16 19:24:09 - [MESSAGE][PASSED] - Text 'Neacsu - Automated' is set on object 'Object Repository/Coco/PrimoT/Page_Primo Tours  Danmarks bedste c/input_lastName'

2017-11-16 19:24:09 - [TEST_STEP][PASSED] - setText: Text 'Home address' is set on object 'Object Repository/Coco/PrimoT/Page_Primo Tours  Danmarks bedste c/input_customerAddress'

2017-11-16 19:24:10 - [MESSAGE][PASSED] - Text 'Home address' is set on object 'Object Repository/Coco/PrimoT/Page_Primo Tours  Danmarks bedste c/input_customerAddress'

2017-11-16 19:24:10 - [TEST_STEP][PASSED] - setText: Text '6700' is set on object 'Object Repository/Coco/PrimoT/Page_Primo Tours  Danmarks bedste c/input_customerPostcode'

2017-11-16 19:24:10 - [MESSAGE][PASSED] - Text '6700' is set on object 'Object Repository/Coco/PrimoT/Page_Primo Tours  Danmarks bedste c/input_customerPostcode'

2017-11-16 19:24:10 - [TEST_STEP][PASSED] - setText: Text 'cornel.neacsu@roweb.ro' is set on object 'Object Repository/Coco/PrimoT/Page_Primo Tours  Danmarks bedste c/input_customerEmail'

2017-11-16 19:24:10 - [MESSAGE][PASSED] - Text 'cornel.neacsu@roweb.ro' is set on object 'Object Repository/Coco/PrimoT/Page_Primo Tours  Danmarks bedste c/input_customerEmail'

2017-11-16 19:24:10 - [TEST_STEP][PASSED] - setText: Text '12345678' is set on object 'Object Repository/Coco/PrimoT/Page_Primo Tours  Danmarks bedste c/input_customerPhone'

2017-11-16 19:24:11 - [MESSAGE][PASSED] - Text '12345678' is set on object 'Object Repository/Coco/PrimoT/Page_Primo Tours  Danmarks bedste c/input_customerPhone'

2017-11-16 19:24:11 - [TEST_STEP][PASSED] - setText: Text 'FirstName of passenger' is set on object 'Object Repository/Coco/PrimoT/Page_Primo Tours  Danmarks bedste c/input_firstname-0_1'

2017-11-16 19:24:12 - [MESSAGE][PASSED] - Text 'FirstName of passenger' is set on object 'Object Repository/Coco/PrimoT/Page_Primo Tours  Danmarks bedste c/input_firstname-0_1'

2017-11-16 19:24:12 - [TEST_STEP][PASSED] - setText: Text 'Last name of passenger' is set on object 'Object Repository/Coco/PrimoT/Page_Primo Tours  Danmarks bedste c/input_lastname0_1'

2017-11-16 19:24:13 - [MESSAGE][PASSED] - Text 'Last name of passenger' is set on object 'Object Repository/Coco/PrimoT/Page_Primo Tours  Danmarks bedste c/input_lastname0_1'

2017-11-16 19:24:13 - [TEST_STEP][PASSED] - scrollToElement: Scroll to object 'Object Repository/Coco/PrimoT/SaveBooking2/Success/span_kr. 7.892-' successfully

2017-11-16 19:24:13 - [MESSAGE][PASSED] - Scroll to object 'Object Repository/Coco/PrimoT/SaveBooking2/Success/span_kr. 7.892-' successfully

2017-11-16 19:24:13 - [TEST_STEP][PASSED] - click: Object: 'Object Repository/Coco/PrimoT/SaveBooking2/Success/span_kr. 7.892-' is clicked on

2017-11-16 19:24:13 - [MESSAGE][PASSED] - Object: 'Object Repository/Coco/PrimoT/SaveBooking2/Success/span_kr. 7.892-' is clicked on

2017-11-16 19:24:13 - [TEST_STEP][PASSED] - scrollToElement: Scroll to object 'Object Repository/Coco/PrimoT/Page_Primo Tours  Danmarks bedste c/Page_Primo Tours  Danmarks bedste c/Page_Primo Tours  Danmarks bedste c/i_fa fa-arrow-circle-right' successfully

2017-11-16 19:24:13 - [MESSAGE][PASSED] - Scroll to object 'Object Repository/Coco/PrimoT/Page_Primo Tours  Danmarks bedste c/Page_Primo Tours  Danmarks bedste c/Page_Primo Tours  Danmarks bedste c/i_fa fa-arrow-circle-right' successfully

2017-11-16 19:24:13 - [TEST_STEP][PASSED] - waitForElementClickable: Object 'Object Repository/Coco/PrimoT/Page_Primo Tours  Danmarks bedste c/Page_Primo Tours  Danmarks bedste c/Page_Primo Tours  Danmarks bedste c/i_fa fa-arrow-circle-right' is clickable

2017-11-16 19:24:13 - [MESSAGE][PASSED] - Object 'Object Repository/Coco/PrimoT/Page_Primo Tours  Danmarks bedste c/Page_Primo Tours  Danmarks bedste c/Page_Primo Tours  Danmarks bedste c/i_fa fa-arrow-circle-right' is clickable

2017-11-16 19:24:13 - [TEST_STEP][PASSED] - waitForElementVisible: Object 'Object Repository/Coco/PrimoT/Page_Primo Tours  Danmarks bedste c/Page_Primo Tours  Danmarks bedste c/Page_Primo Tours  Danmarks bedste c/i_fa fa-arrow-circle-right' is visible

2017-11-16 19:24:13 - [MESSAGE][PASSED] - Object 'Object Repository/Coco/PrimoT/Page_Primo Tours  Danmarks bedste c/Page_Primo Tours  Danmarks bedste c/Page_Primo Tours  Danmarks bedste c/i_fa fa-arrow-circle-right' is visible

2017-11-16 19:24:13 - [TEST_STEP][PASSED] - scrollToElement: Scroll to object 'Object Repository/Coco/PrimoT/Page_Primo Tours  Danmarks bedste c/Page_Primo Tours  Danmarks bedste c/Page_Primo Tours  Danmarks bedste c/i_fa fa-arrow-circle-right' successfully

2017-11-16 19:24:13 - [MESSAGE][PASSED] - Scroll to object 'Object Repository/Coco/PrimoT/Page_Primo Tours  Danmarks bedste c/Page_Primo Tours  Danmarks bedste c/Page_Primo Tours  Danmarks bedste c/i_fa fa-arrow-circle-right' successfully

2017-11-16 19:24:13 - [TEST_STEP][PASSED] - click: Object: 'Object Repository/Coco/PrimoT/Page_Primo Tours  Danmarks bedste c/Page_Primo Tours  Danmarks bedste c/Page_Primo Tours  Danmarks bedste c/i_fa fa-arrow-circle-right' is clicked on

2017-11-16 19:24:13 - [MESSAGE][PASSED] - Object: 'Object Repository/Coco/PrimoT/Page_Primo Tours  Danmarks bedste c/Page_Primo Tours  Danmarks bedste c/Page_Primo Tours  Danmarks bedste c/i_fa fa-arrow-circle-right' is clicked on

2017-11-16 19:24:13 - [TEST_STEP][PASSED] - waitForElementPresent: Object 'Object Repository/Coco/PrimoT/Ins2/Page_Primo Tours  Danmarks bedste c/span_Vlg forsikring' is not present after 10 second(s)

2017-11-16 19:24:25 - [MESSAGE][WARNING] - Object 'Object Repository/Coco/PrimoT/Ins2/Page_Primo Tours  Danmarks bedste c/span_Vlg forsikring' is not present after 10 second(s)

2017-11-16 19:24:25 - [TEST_STEP][FAILED] - click: Unable to click on object 'Object Repository/Coco/PrimoT/Ins2/Page_Primo Tours  Danmarks bedste c/span_Vlg forsikring' (Root cause: com.kms.katalon.core.webui.exception.WebElementNotFoundException: Web element with id: 'Object Repository/Coco/PrimoT/Ins2/Page_Primo Tours  Danmarks bedste c/span_Vlg forsikring' located by 'By.xpath: //span[count(. | //*[starts-with(@id,'select2-ddlInsurance')]) = count(//*[starts-with(@id,'select2-ddlInsurance')])][count(. | //*[contains(@class,'select2-selection__rendered')]) = count(//*[contains(@class,'select2-selection__rendered')])]' not found)

2017-11-16 19:25:03 - [MESSAGE][FAILED] - Unable to click on object 'Object Repository/Coco/PrimoT/Ins2/Page_Primo Tours  Danmarks bedste c/span_Vlg forsikring' (Root cause: com.kms.katalon.core.webui.exception.WebElementNotFoundException: Web element with id: 'Object Repository/Coco/PrimoT/Ins2/Page_Primo Tours  Danmarks bedste c/span_Vlg forsikring' located by 'By.xpath: //span[count(. | //*[starts-with(@id,'select2-ddlInsurance')]) = count(//*[starts-with(@id,'select2-ddlInsurance')])][count(. | //*[contains(@class,'select2-selection__rendered')]) = count(//*[contains(@class,'select2-selection__rendered')])]' not found)
[[ATTACHMENT|D:\\Software testing\\Tourpaq\\Automated Katalon tests\\Primo WB test\\Reports\\WB Primo From Excel URLs\\20171116_192235\\1510853103371.png]]]]></system-out>
         <system-err><![CDATA[2017-11-16 19:24:03 - [TEST_CASE][FAILED] - Test Cases/WB Primo/WB Primo staging - place booking - Iteration 3: Test Cases/WB Primo/WB Primo staging - place booking FAILED because (of) Unable to click on object 'Object Repository/Coco/PrimoT/Ins2/Page_Primo Tours  Danmarks bedste c/span_Vlg forsikring' (Root cause: com.kms.katalon.core.webui.exception.WebElementNotFoundException: Web element with id: 'Object Repository/Coco/PrimoT/Ins2/Page_Primo Tours  Danmarks bedste c/span_Vlg forsikring' located by 'By.xpath: //span[count(. | //*[starts-with(@id,'select2-ddlInsurance')]) = count(//*[starts-with(@id,'select2-ddlInsurance')])][count(. | //*[contains(@class,'select2-selection__rendered')]) = count(//*[contains(@class,'select2-selection__rendered')])]' not found)]]></system-err>
      </testcase>
      <testcase name="Test Cases/WB Primo/WB Primo staging - place booking - Iteration 4" classname="Test Cases/WB Primo/WB Primo staging - place booking" status="FAILED">
         <failure type="FAILED" message="Test Cases/WB Primo/WB Primo staging - place booking FAILED because (of) Unable to click on object 'Object Repository/Coco/PrimoT/Ins2/Page_Primo Tours  Danmarks bedste c/span_Vlg forsikring' (Root cause: com.kms.katalon.core.webui.exception.WebElementNotFoundException: Web element with id: 'Object Repository/Coco/PrimoT/Ins2/Page_Primo Tours  Danmarks bedste c/span_Vlg forsikring' located by 'By.xpath: //span[count(. | //*[starts-with(@id,'select2-ddlInsurance')]) = count(//*[starts-with(@id,'select2-ddlInsurance')])][count(. | //*[contains(@class,'select2-selection__rendered')]) = count(//*[contains(@class,'select2-selection__rendered')])]' not found)"/>
         <system-out><![CDATA[2017-11-16 19:25:03 - [TEST_CASE][FAILED] - Test Cases/WB Primo/WB Primo staging - place booking - Iteration 4: Test Cases/WB Primo/WB Primo staging - place booking FAILED because (of) Unable to click on object 'Object Repository/Coco/PrimoT/Ins2/Page_Primo Tours  Danmarks bedste c/span_Vlg forsikring' (Root cause: com.kms.katalon.core.webui.exception.WebElementNotFoundException: Web element with id: 'Object Repository/Coco/PrimoT/Ins2/Page_Primo Tours  Danmarks bedste c/span_Vlg forsikring' located by 'By.xpath: //span[count(. | //*[starts-with(@id,'select2-ddlInsurance')]) = count(//*[starts-with(@id,'select2-ddlInsurance')])][count(. | //*[contains(@class,'select2-selection__rendered')]) = count(//*[contains(@class,'select2-selection__rendered')])]' not found)

2017-11-16 19:25:03 - [TEST_STEP][PASSED] - openBrowser: Browser is opened with url: ''

2017-11-16 19:25:03 - [MESSAGE][WARNING] - A browser is already opened. Closing browser and opening a new one

2017-11-16 19:25:06 - [MESSAGE][PASSED] - Browser is opened with url: ''

2017-11-16 19:25:06 - [TEST_STEP][PASSED] - maximizeWindow: Current window maximized

2017-11-16 19:25:07 - [MESSAGE][PASSED] - Current window maximized

2017-11-16 19:25:07 - [TEST_STEP][PASSED] - navigateToUrl: Navigate to 'https://staging-primotours-webbooking.tourpaq.com/DoBooking.aspx?pltaID=1480269&p=1&rno=3&pt=1&a=8&c=2&aa=&ca=0|1|6' successfully

2017-11-16 19:25:09 - [MESSAGE][PASSED] - Navigate to 'https://staging-primotours-webbooking.tourpaq.com/DoBooking.aspx?pltaID=1480269&p=1&rno=3&pt=1&a=8&c=2&aa=&ca=0|1|6' successfully

2017-11-16 19:25:09 - [TEST_STEP][PASSED] - setText: Text 'Cornel' is set on object 'Object Repository/Coco/PrimoT/Page_Primo Tours  Danmarks bedste c/input_firstName'

2017-11-16 19:25:09 - [MESSAGE][PASSED] - Text 'Cornel' is set on object 'Object Repository/Coco/PrimoT/Page_Primo Tours  Danmarks bedste c/input_firstName'

2017-11-16 19:25:09 - [TEST_STEP][PASSED] - setText: Text 'Neacsu - Automated' is set on object 'Object Repository/Coco/PrimoT/Page_Primo Tours  Danmarks bedste c/input_lastName'

2017-11-16 19:25:10 - [MESSAGE][PASSED] - Text 'Neacsu - Automated' is set on object 'Object Repository/Coco/PrimoT/Page_Primo Tours  Danmarks bedste c/input_lastName'

2017-11-16 19:25:10 - [TEST_STEP][PASSED] - setText: Text 'Home address' is set on object 'Object Repository/Coco/PrimoT/Page_Primo Tours  Danmarks bedste c/input_customerAddress'

2017-11-16 19:25:10 - [MESSAGE][PASSED] - Text 'Home address' is set on object 'Object Repository/Coco/PrimoT/Page_Primo Tours  Danmarks bedste c/input_customerAddress'

2017-11-16 19:25:10 - [TEST_STEP][PASSED] - setText: Text '6700' is set on object 'Object Repository/Coco/PrimoT/Page_Primo Tours  Danmarks bedste c/input_customerPostcode'

2017-11-16 19:25:10 - [MESSAGE][PASSED] - Text '6700' is set on object 'Object Repository/Coco/PrimoT/Page_Primo Tours  Danmarks bedste c/input_customerPostcode'

2017-11-16 19:25:10 - [TEST_STEP][PASSED] - setText: Text 'cornel.neacsu@roweb.ro' is set on object 'Object Repository/Coco/PrimoT/Page_Primo Tours  Danmarks bedste c/input_customerEmail'

2017-11-16 19:25:11 - [MESSAGE][PASSED] - Text 'cornel.neacsu@roweb.ro' is set on object 'Object Repository/Coco/PrimoT/Page_Primo Tours  Danmarks bedste c/input_customerEmail'

2017-11-16 19:25:11 - [TEST_STEP][PASSED] - setText: Text '12345678' is set on object 'Object Repository/Coco/PrimoT/Page_Primo Tours  Danmarks bedste c/input_customerPhone'

2017-11-16 19:25:11 - [MESSAGE][PASSED] - Text '12345678' is set on object 'Object Repository/Coco/PrimoT/Page_Primo Tours  Danmarks bedste c/input_customerPhone'

2017-11-16 19:25:11 - [TEST_STEP][PASSED] - setText: Text 'FirstName of passenger' is set on object 'Object Repository/Coco/PrimoT/Page_Primo Tours  Danmarks bedste c/input_firstname-0_1'

2017-11-16 19:25:13 - [MESSAGE][PASSED] - Text 'FirstName of passenger' is set on object 'Object Repository/Coco/PrimoT/Page_Primo Tours  Danmarks bedste c/input_firstname-0_1'

2017-11-16 19:25:13 - [TEST_STEP][PASSED] - setText: Text 'Last name of passenger' is set on object 'Object Repository/Coco/PrimoT/Page_Primo Tours  Danmarks bedste c/input_lastname0_1'

2017-11-16 19:25:13 - [MESSAGE][PASSED] - Text 'Last name of passenger' is set on object 'Object Repository/Coco/PrimoT/Page_Primo Tours  Danmarks bedste c/input_lastname0_1'

2017-11-16 19:25:13 - [TEST_STEP][PASSED] - scrollToElement: Scroll to object 'Object Repository/Coco/PrimoT/SaveBooking2/Success/span_kr. 7.892-' successfully

2017-11-16 19:25:13 - [MESSAGE][PASSED] - Scroll to object 'Object Repository/Coco/PrimoT/SaveBooking2/Success/span_kr. 7.892-' successfully

2017-11-16 19:25:13 - [TEST_STEP][PASSED] - click: Object: 'Object Repository/Coco/PrimoT/SaveBooking2/Success/span_kr. 7.892-' is clicked on

2017-11-16 19:25:13 - [MESSAGE][PASSED] - Object: 'Object Repository/Coco/PrimoT/SaveBooking2/Success/span_kr. 7.892-' is clicked on

2017-11-16 19:25:13 - [TEST_STEP][PASSED] - scrollToElement: Scroll to object 'Object Repository/Coco/PrimoT/Page_Primo Tours  Danmarks bedste c/Page_Primo Tours  Danmarks bedste c/Page_Primo Tours  Danmarks bedste c/i_fa fa-arrow-circle-right' successfully

2017-11-16 19:25:14 - [MESSAGE][PASSED] - Scroll to object 'Object Repository/Coco/PrimoT/Page_Primo Tours  Danmarks bedste c/Page_Primo Tours  Danmarks bedste c/Page_Primo Tours  Danmarks bedste c/i_fa fa-arrow-circle-right' successfully

2017-11-16 19:25:14 - [TEST_STEP][PASSED] - waitForElementClickable: Object 'Object Repository/Coco/PrimoT/Page_Primo Tours  Danmarks bedste c/Page_Primo Tours  Danmarks bedste c/Page_Primo Tours  Danmarks bedste c/i_fa fa-arrow-circle-right' is clickable

2017-11-16 19:25:14 - [MESSAGE][PASSED] - Object 'Object Repository/Coco/PrimoT/Page_Primo Tours  Danmarks bedste c/Page_Primo Tours  Danmarks bedste c/Page_Primo Tours  Danmarks bedste c/i_fa fa-arrow-circle-right' is clickable

2017-11-16 19:25:14 - [TEST_STEP][PASSED] - waitForElementVisible: Object 'Object Repository/Coco/PrimoT/Page_Primo Tours  Danmarks bedste c/Page_Primo Tours  Danmarks bedste c/Page_Primo Tours  Danmarks bedste c/i_fa fa-arrow-circle-right' is visible

2017-11-16 19:25:14 - [MESSAGE][PASSED] - Object 'Object Repository/Coco/PrimoT/Page_Primo Tours  Danmarks bedste c/Page_Primo Tours  Danmarks bedste c/Page_Primo Tours  Danmarks bedste c/i_fa fa-arrow-circle-right' is visible

2017-11-16 19:25:14 - [TEST_STEP][PASSED] - scrollToElement: Scroll to object 'Object Repository/Coco/PrimoT/Page_Primo Tours  Danmarks bedste c/Page_Primo Tours  Danmarks bedste c/Page_Primo Tours  Danmarks bedste c/i_fa fa-arrow-circle-right' successfully

2017-11-16 19:25:14 - [MESSAGE][PASSED] - Scroll to object 'Object Repository/Coco/PrimoT/Page_Primo Tours  Danmarks bedste c/Page_Primo Tours  Danmarks bedste c/Page_Primo Tours  Danmarks bedste c/i_fa fa-arrow-circle-right' successfully

2017-11-16 19:25:14 - [TEST_STEP][PASSED] - click: Object: 'Object Repository/Coco/PrimoT/Page_Primo Tours  Danmarks bedste c/Page_Primo Tours  Danmarks bedste c/Page_Primo Tours  Danmarks bedste c/i_fa fa-arrow-circle-right' is clicked on

2017-11-16 19:25:14 - [MESSAGE][PASSED] - Object: 'Object Repository/Coco/PrimoT/Page_Primo Tours  Danmarks bedste c/Page_Primo Tours  Danmarks bedste c/Page_Primo Tours  Danmarks bedste c/i_fa fa-arrow-circle-right' is clicked on

2017-11-16 19:25:14 - [TEST_STEP][PASSED] - waitForElementPresent: Object 'Object Repository/Coco/PrimoT/Ins2/Page_Primo Tours  Danmarks bedste c/span_Vlg forsikring' is not present after 10 second(s)

2017-11-16 19:25:27 - [MESSAGE][WARNING] - Object 'Object Repository/Coco/PrimoT/Ins2/Page_Primo Tours  Danmarks bedste c/span_Vlg forsikring' is not present after 10 second(s)

2017-11-16 19:25:27 - [TEST_STEP][FAILED] - click: Unable to click on object 'Object Repository/Coco/PrimoT/Ins2/Page_Primo Tours  Danmarks bedste c/span_Vlg forsikring' (Root cause: com.kms.katalon.core.webui.exception.WebElementNotFoundException: Web element with id: 'Object Repository/Coco/PrimoT/Ins2/Page_Primo Tours  Danmarks bedste c/span_Vlg forsikring' located by 'By.xpath: //span[count(. | //*[starts-with(@id,'select2-ddlInsurance')]) = count(//*[starts-with(@id,'select2-ddlInsurance')])][count(. | //*[contains(@class,'select2-selection__rendered')]) = count(//*[contains(@class,'select2-selection__rendered')])]' not found)

2017-11-16 19:26:05 - [MESSAGE][FAILED] - Unable to click on object 'Object Repository/Coco/PrimoT/Ins2/Page_Primo Tours  Danmarks bedste c/span_Vlg forsikring' (Root cause: com.kms.katalon.core.webui.exception.WebElementNotFoundException: Web element with id: 'Object Repository/Coco/PrimoT/Ins2/Page_Primo Tours  Danmarks bedste c/span_Vlg forsikring' located by 'By.xpath: //span[count(. | //*[starts-with(@id,'select2-ddlInsurance')]) = count(//*[starts-with(@id,'select2-ddlInsurance')])][count(. | //*[contains(@class,'select2-selection__rendered')]) = count(//*[contains(@class,'select2-selection__rendered')])]' not found)
[[ATTACHMENT|D:\\Software testing\\Tourpaq\\Automated Katalon tests\\Primo WB test\\Reports\\WB Primo From Excel URLs\\20171116_192235\\1510853165415.png]]]]></system-out>
         <system-err><![CDATA[2017-11-16 19:25:03 - [TEST_CASE][FAILED] - Test Cases/WB Primo/WB Primo staging - place booking - Iteration 4: Test Cases/WB Primo/WB Primo staging - place booking FAILED because (of) Unable to click on object 'Object Repository/Coco/PrimoT/Ins2/Page_Primo Tours  Danmarks bedste c/span_Vlg forsikring' (Root cause: com.kms.katalon.core.webui.exception.WebElementNotFoundException: Web element with id: 'Object Repository/Coco/PrimoT/Ins2/Page_Primo Tours  Danmarks bedste c/span_Vlg forsikring' located by 'By.xpath: //span[count(. | //*[starts-with(@id,'select2-ddlInsurance')]) = count(//*[starts-with(@id,'select2-ddlInsurance')])][count(. | //*[contains(@class,'select2-selection__rendered')]) = count(//*[contains(@class,'select2-selection__rendered')])]' not found)]]></system-err>
      </testcase>
      <testcase name="Test Cases/WB Primo/WB Primo staging - place booking - Iteration 5" classname="Test Cases/WB Primo/WB Primo staging - place booking" status="FAILED">
         <failure type="FAILED" message="Test Cases/WB Primo/WB Primo staging - place booking FAILED because (of) Unable to click on object 'Object Repository/Coco/PrimoT/Ins2/Page_Primo Tours  Danmarks bedste c/span_Vlg forsikring' (Root cause: com.kms.katalon.core.webui.exception.WebElementNotFoundException: Web element with id: 'Object Repository/Coco/PrimoT/Ins2/Page_Primo Tours  Danmarks bedste c/span_Vlg forsikring' located by 'By.xpath: //span[count(. | //*[starts-with(@id,'select2-ddlInsurance')]) = count(//*[starts-with(@id,'select2-ddlInsurance')])][count(. | //*[contains(@class,'select2-selection__rendered')]) = count(//*[contains(@class,'select2-selection__rendered')])]' not found)"/>
         <system-out><![CDATA[2017-11-16 19:26:05 - [TEST_CASE][FAILED] - Test Cases/WB Primo/WB Primo staging - place booking - Iteration 5: Test Cases/WB Primo/WB Primo staging - place booking FAILED because (of) Unable to click on object 'Object Repository/Coco/PrimoT/Ins2/Page_Primo Tours  Danmarks bedste c/span_Vlg forsikring' (Root cause: com.kms.katalon.core.webui.exception.WebElementNotFoundException: Web element with id: 'Object Repository/Coco/PrimoT/Ins2/Page_Primo Tours  Danmarks bedste c/span_Vlg forsikring' located by 'By.xpath: //span[count(. | //*[starts-with(@id,'select2-ddlInsurance')]) = count(//*[starts-with(@id,'select2-ddlInsurance')])][count(. | //*[contains(@class,'select2-selection__rendered')]) = count(//*[contains(@class,'select2-selection__rendered')])]' not found)

2017-11-16 19:26:05 - [TEST_STEP][PASSED] - openBrowser: Browser is opened with url: ''

2017-11-16 19:26:05 - [MESSAGE][WARNING] - A browser is already opened. Closing browser and opening a new one

2017-11-16 19:26:08 - [MESSAGE][PASSED] - Browser is opened with url: ''

2017-11-16 19:26:08 - [TEST_STEP][PASSED] - maximizeWindow: Current window maximized

2017-11-16 19:26:09 - [MESSAGE][PASSED] - Current window maximized

2017-11-16 19:26:09 - [TEST_STEP][PASSED] - navigateToUrl: Navigate to 'https://staging-primotours-webbooking.tourpaq.com/DoBooking.aspx?pltaID=1480269&p=2&rno=1&pt=1&a=2&c=2&aa=&ca=1%2C5' successfully

2017-11-16 19:26:11 - [MESSAGE][PASSED] - Navigate to 'https://staging-primotours-webbooking.tourpaq.com/DoBooking.aspx?pltaID=1480269&p=2&rno=1&pt=1&a=2&c=2&aa=&ca=1%2C5' successfully

2017-11-16 19:26:11 - [TEST_STEP][PASSED] - setText: Text 'Cornel' is set on object 'Object Repository/Coco/PrimoT/Page_Primo Tours  Danmarks bedste c/input_firstName'

2017-11-16 19:26:12 - [MESSAGE][PASSED] - Text 'Cornel' is set on object 'Object Repository/Coco/PrimoT/Page_Primo Tours  Danmarks bedste c/input_firstName'

2017-11-16 19:26:12 - [TEST_STEP][PASSED] - setText: Text 'Neacsu - Automated' is set on object 'Object Repository/Coco/PrimoT/Page_Primo Tours  Danmarks bedste c/input_lastName'

2017-11-16 19:26:12 - [MESSAGE][PASSED] - Text 'Neacsu - Automated' is set on object 'Object Repository/Coco/PrimoT/Page_Primo Tours  Danmarks bedste c/input_lastName'

2017-11-16 19:26:12 - [TEST_STEP][PASSED] - setText: Text 'Home address' is set on object 'Object Repository/Coco/PrimoT/Page_Primo Tours  Danmarks bedste c/input_customerAddress'

2017-11-16 19:26:13 - [MESSAGE][PASSED] - Text 'Home address' is set on object 'Object Repository/Coco/PrimoT/Page_Primo Tours  Danmarks bedste c/input_customerAddress'

2017-11-16 19:26:13 - [TEST_STEP][PASSED] - setText: Text '6700' is set on object 'Object Repository/Coco/PrimoT/Page_Primo Tours  Danmarks bedste c/input_customerPostcode'

2017-11-16 19:26:13 - [MESSAGE][PASSED] - Text '6700' is set on object 'Object Repository/Coco/PrimoT/Page_Primo Tours  Danmarks bedste c/input_customerPostcode'

2017-11-16 19:26:13 - [TEST_STEP][PASSED] - setText: Text 'cornel.neacsu@roweb.ro' is set on object 'Object Repository/Coco/PrimoT/Page_Primo Tours  Danmarks bedste c/input_customerEmail'

2017-11-16 19:26:13 - [MESSAGE][PASSED] - Text 'cornel.neacsu@roweb.ro' is set on object 'Object Repository/Coco/PrimoT/Page_Primo Tours  Danmarks bedste c/input_customerEmail'

2017-11-16 19:26:13 - [TEST_STEP][PASSED] - setText: Text '12345678' is set on object 'Object Repository/Coco/PrimoT/Page_Primo Tours  Danmarks bedste c/input_customerPhone'

2017-11-16 19:26:13 - [MESSAGE][PASSED] - Text '12345678' is set on object 'Object Repository/Coco/PrimoT/Page_Primo Tours  Danmarks bedste c/input_customerPhone'

2017-11-16 19:26:13 - [TEST_STEP][PASSED] - setText: Text 'FirstName of passenger' is set on object 'Object Repository/Coco/PrimoT/Page_Primo Tours  Danmarks bedste c/input_firstname-0_1'

2017-11-16 19:26:15 - [MESSAGE][PASSED] - Text 'FirstName of passenger' is set on object 'Object Repository/Coco/PrimoT/Page_Primo Tours  Danmarks bedste c/input_firstname-0_1'

2017-11-16 19:26:15 - [TEST_STEP][PASSED] - setText: Text 'Last name of passenger' is set on object 'Object Repository/Coco/PrimoT/Page_Primo Tours  Danmarks bedste c/input_lastname0_1'

2017-11-16 19:26:16 - [MESSAGE][PASSED] - Text 'Last name of passenger' is set on object 'Object Repository/Coco/PrimoT/Page_Primo Tours  Danmarks bedste c/input_lastname0_1'

2017-11-16 19:26:16 - [TEST_STEP][PASSED] - scrollToElement: Scroll to object 'Object Repository/Coco/PrimoT/SaveBooking2/Success/span_kr. 7.892-' successfully

2017-11-16 19:26:16 - [MESSAGE][PASSED] - Scroll to object 'Object Repository/Coco/PrimoT/SaveBooking2/Success/span_kr. 7.892-' successfully

2017-11-16 19:26:16 - [TEST_STEP][PASSED] - click: Object: 'Object Repository/Coco/PrimoT/SaveBooking2/Success/span_kr. 7.892-' is clicked on

2017-11-16 19:26:16 - [MESSAGE][PASSED] - Object: 'Object Repository/Coco/PrimoT/SaveBooking2/Success/span_kr. 7.892-' is clicked on

2017-11-16 19:26:16 - [TEST_STEP][PASSED] - scrollToElement: Scroll to object 'Object Repository/Coco/PrimoT/Page_Primo Tours  Danmarks bedste c/Page_Primo Tours  Danmarks bedste c/Page_Primo Tours  Danmarks bedste c/i_fa fa-arrow-circle-right' successfully

2017-11-16 19:26:16 - [MESSAGE][PASSED] - Scroll to object 'Object Repository/Coco/PrimoT/Page_Primo Tours  Danmarks bedste c/Page_Primo Tours  Danmarks bedste c/Page_Primo Tours  Danmarks bedste c/i_fa fa-arrow-circle-right' successfully

2017-11-16 19:26:16 - [TEST_STEP][PASSED] - waitForElementClickable: Object 'Object Repository/Coco/PrimoT/Page_Primo Tours  Danmarks bedste c/Page_Primo Tours  Danmarks bedste c/Page_Primo Tours  Danmarks bedste c/i_fa fa-arrow-circle-right' is clickable

2017-11-16 19:26:16 - [MESSAGE][PASSED] - Object 'Object Repository/Coco/PrimoT/Page_Primo Tours  Danmarks bedste c/Page_Primo Tours  Danmarks bedste c/Page_Primo Tours  Danmarks bedste c/i_fa fa-arrow-circle-right' is clickable

2017-11-16 19:26:16 - [TEST_STEP][PASSED] - waitForElementVisible: Object 'Object Repository/Coco/PrimoT/Page_Primo Tours  Danmarks bedste c/Page_Primo Tours  Danmarks bedste c/Page_Primo Tours  Danmarks bedste c/i_fa fa-arrow-circle-right' is visible

2017-11-16 19:26:16 - [MESSAGE][PASSED] - Object 'Object Repository/Coco/PrimoT/Page_Primo Tours  Danmarks bedste c/Page_Primo Tours  Danmarks bedste c/Page_Primo Tours  Danmarks bedste c/i_fa fa-arrow-circle-right' is visible

2017-11-16 19:26:16 - [TEST_STEP][PASSED] - scrollToElement: Scroll to object 'Object Repository/Coco/PrimoT/Page_Primo Tours  Danmarks bedste c/Page_Primo Tours  Danmarks bedste c/Page_Primo Tours  Danmarks bedste c/i_fa fa-arrow-circle-right' successfully

2017-11-16 19:26:16 - [MESSAGE][PASSED] - Scroll to object 'Object Repository/Coco/PrimoT/Page_Primo Tours  Danmarks bedste c/Page_Primo Tours  Danmarks bedste c/Page_Primo Tours  Danmarks bedste c/i_fa fa-arrow-circle-right' successfully

2017-11-16 19:26:16 - [TEST_STEP][PASSED] - click: Object: 'Object Repository/Coco/PrimoT/Page_Primo Tours  Danmarks bedste c/Page_Primo Tours  Danmarks bedste c/Page_Primo Tours  Danmarks bedste c/i_fa fa-arrow-circle-right' is clicked on

2017-11-16 19:26:16 - [MESSAGE][PASSED] - Object: 'Object Repository/Coco/PrimoT/Page_Primo Tours  Danmarks bedste c/Page_Primo Tours  Danmarks bedste c/Page_Primo Tours  Danmarks bedste c/i_fa fa-arrow-circle-right' is clicked on

2017-11-16 19:26:16 - [TEST_STEP][PASSED] - waitForElementPresent: Object 'Object Repository/Coco/PrimoT/Ins2/Page_Primo Tours  Danmarks bedste c/span_Vlg forsikring' is not present after 10 second(s)

2017-11-16 19:26:28 - [MESSAGE][WARNING] - Object 'Object Repository/Coco/PrimoT/Ins2/Page_Primo Tours  Danmarks bedste c/span_Vlg forsikring' is not present after 10 second(s)

2017-11-16 19:26:28 - [TEST_STEP][FAILED] - click: Unable to click on object 'Object Repository/Coco/PrimoT/Ins2/Page_Primo Tours  Danmarks bedste c/span_Vlg forsikring' (Root cause: com.kms.katalon.core.webui.exception.WebElementNotFoundException: Web element with id: 'Object Repository/Coco/PrimoT/Ins2/Page_Primo Tours  Danmarks bedste c/span_Vlg forsikring' located by 'By.xpath: //span[count(. | //*[starts-with(@id,'select2-ddlInsurance')]) = count(//*[starts-with(@id,'select2-ddlInsurance')])][count(. | //*[contains(@class,'select2-selection__rendered')]) = count(//*[contains(@class,'select2-selection__rendered')])]' not found)

2017-11-16 19:27:04 - [MESSAGE][FAILED] - Unable to click on object 'Object Repository/Coco/PrimoT/Ins2/Page_Primo Tours  Danmarks bedste c/span_Vlg forsikring' (Root cause: com.kms.katalon.core.webui.exception.WebElementNotFoundException: Web element with id: 'Object Repository/Coco/PrimoT/Ins2/Page_Primo Tours  Danmarks bedste c/span_Vlg forsikring' located by 'By.xpath: //span[count(. | //*[starts-with(@id,'select2-ddlInsurance')]) = count(//*[starts-with(@id,'select2-ddlInsurance')])][count(. | //*[contains(@class,'select2-selection__rendered')]) = count(//*[contains(@class,'select2-selection__rendered')])]' not found)
[[ATTACHMENT|D:\\Software testing\\Tourpaq\\Automated Katalon tests\\Primo WB test\\Reports\\WB Primo From Excel URLs\\20171116_192235\\1510853223848.png]]]]></system-out>
         <system-err><![CDATA[2017-11-16 19:26:05 - [TEST_CASE][FAILED] - Test Cases/WB Primo/WB Primo staging - place booking - Iteration 5: Test Cases/WB Primo/WB Primo staging - place booking FAILED because (of) Unable to click on object 'Object Repository/Coco/PrimoT/Ins2/Page_Primo Tours  Danmarks bedste c/span_Vlg forsikring' (Root cause: com.kms.katalon.core.webui.exception.WebElementNotFoundException: Web element with id: 'Object Repository/Coco/PrimoT/Ins2/Page_Primo Tours  Danmarks bedste c/span_Vlg forsikring' located by 'By.xpath: //span[count(. | //*[starts-with(@id,'select2-ddlInsurance')]) = count(//*[starts-with(@id,'select2-ddlInsurance')])][count(. | //*[contains(@class,'select2-selection__rendered')]) = count(//*[contains(@class,'select2-selection__rendered')])]' not found)]]></system-err>
      </testcase>
      <testcase name="Test Cases/WB Primo/WB Primo staging - place booking - Iteration 6" classname="Test Cases/WB Primo/WB Primo staging - place booking" status="FAILED">
         <failure type="FAILED" message="Test Cases/WB Primo/WB Primo staging - place booking FAILED because (of) Unable to click on object 'Object Repository/Coco/PrimoT/Ins2/Page_Primo Tours  Danmarks bedste c/span_Vlg forsikring' (Root cause: com.kms.katalon.core.webui.exception.WebElementNotFoundException: Web element with id: 'Object Repository/Coco/PrimoT/Ins2/Page_Primo Tours  Danmarks bedste c/span_Vlg forsikring' located by 'By.xpath: //span[count(. | //*[starts-with(@id,'select2-ddlInsurance')]) = count(//*[starts-with(@id,'select2-ddlInsurance')])][count(. | //*[contains(@class,'select2-selection__rendered')]) = count(//*[contains(@class,'select2-selection__rendered')])]' not found)"/>
         <system-out><![CDATA[2017-11-16 19:27:04 - [TEST_CASE][FAILED] - Test Cases/WB Primo/WB Primo staging - place booking - Iteration 6: Test Cases/WB Primo/WB Primo staging - place booking FAILED because (of) Unable to click on object 'Object Repository/Coco/PrimoT/Ins2/Page_Primo Tours  Danmarks bedste c/span_Vlg forsikring' (Root cause: com.kms.katalon.core.webui.exception.WebElementNotFoundException: Web element with id: 'Object Repository/Coco/PrimoT/Ins2/Page_Primo Tours  Danmarks bedste c/span_Vlg forsikring' located by 'By.xpath: //span[count(. | //*[starts-with(@id,'select2-ddlInsurance')]) = count(//*[starts-with(@id,'select2-ddlInsurance')])][count(. | //*[contains(@class,'select2-selection__rendered')]) = count(//*[contains(@class,'select2-selection__rendered')])]' not found)

2017-11-16 19:27:04 - [TEST_STEP][PASSED] - openBrowser: Browser is opened with url: ''

2017-11-16 19:27:04 - [MESSAGE][WARNING] - A browser is already opened. Closing browser and opening a new one

2017-11-16 19:27:07 - [MESSAGE][PASSED] - Browser is opened with url: ''

2017-11-16 19:27:07 - [TEST_STEP][PASSED] - maximizeWindow: Current window maximized

2017-11-16 19:27:08 - [MESSAGE][PASSED] - Current window maximized

2017-11-16 19:27:08 - [TEST_STEP][PASSED] - navigateToUrl: Navigate to 'https://staging-primotours-webbooking.tourpaq.com/DoBooking.aspx?pltaID=1480269&p=2&rno=1&pt=1&a=2&c=2&aa=&ca=1%2C5' successfully

2017-11-16 19:27:10 - [MESSAGE][PASSED] - Navigate to 'https://staging-primotours-webbooking.tourpaq.com/DoBooking.aspx?pltaID=1480269&p=2&rno=1&pt=1&a=2&c=2&aa=&ca=1%2C5' successfully

2017-11-16 19:27:10 - [TEST_STEP][PASSED] - setText: Text 'Cornel' is set on object 'Object Repository/Coco/PrimoT/Page_Primo Tours  Danmarks bedste c/input_firstName'

2017-11-16 19:27:10 - [MESSAGE][PASSED] - Text 'Cornel' is set on object 'Object Repository/Coco/PrimoT/Page_Primo Tours  Danmarks bedste c/input_firstName'

2017-11-16 19:27:10 - [TEST_STEP][PASSED] - setText: Text 'Neacsu - Automated' is set on object 'Object Repository/Coco/PrimoT/Page_Primo Tours  Danmarks bedste c/input_lastName'

2017-11-16 19:27:11 - [MESSAGE][PASSED] - Text 'Neacsu - Automated' is set on object 'Object Repository/Coco/PrimoT/Page_Primo Tours  Danmarks bedste c/input_lastName'

2017-11-16 19:27:11 - [TEST_STEP][PASSED] - setText: Text 'Home address' is set on object 'Object Repository/Coco/PrimoT/Page_Primo Tours  Danmarks bedste c/input_customerAddress'

2017-11-16 19:27:11 - [MESSAGE][PASSED] - Text 'Home address' is set on object 'Object Repository/Coco/PrimoT/Page_Primo Tours  Danmarks bedste c/input_customerAddress'

2017-11-16 19:27:11 - [TEST_STEP][PASSED] - setText: Text '6700' is set on object 'Object Repository/Coco/PrimoT/Page_Primo Tours  Danmarks bedste c/input_customerPostcode'

2017-11-16 19:27:11 - [MESSAGE][PASSED] - Text '6700' is set on object 'Object Repository/Coco/PrimoT/Page_Primo Tours  Danmarks bedste c/input_customerPostcode'

2017-11-16 19:27:11 - [TEST_STEP][PASSED] - setText: Text 'cornel.neacsu@roweb.ro' is set on object 'Object Repository/Coco/PrimoT/Page_Primo Tours  Danmarks bedste c/input_customerEmail'

2017-11-16 19:27:11 - [MESSAGE][PASSED] - Text 'cornel.neacsu@roweb.ro' is set on object 'Object Repository/Coco/PrimoT/Page_Primo Tours  Danmarks bedste c/input_customerEmail'

2017-11-16 19:27:11 - [TEST_STEP][PASSED] - setText: Text '12345678' is set on object 'Object Repository/Coco/PrimoT/Page_Primo Tours  Danmarks bedste c/input_customerPhone'

2017-11-16 19:27:12 - [MESSAGE][PASSED] - Text '12345678' is set on object 'Object Repository/Coco/PrimoT/Page_Primo Tours  Danmarks bedste c/input_customerPhone'

2017-11-16 19:27:12 - [TEST_STEP][PASSED] - setText: Text 'FirstName of passenger' is set on object 'Object Repository/Coco/PrimoT/Page_Primo Tours  Danmarks bedste c/input_firstname-0_1'

2017-11-16 19:27:13 - [MESSAGE][PASSED] - Text 'FirstName of passenger' is set on object 'Object Repository/Coco/PrimoT/Page_Primo Tours  Danmarks bedste c/input_firstname-0_1'

2017-11-16 19:27:13 - [TEST_STEP][PASSED] - setText: Text 'Last name of passenger' is set on object 'Object Repository/Coco/PrimoT/Page_Primo Tours  Danmarks bedste c/input_lastname0_1'

2017-11-16 19:27:13 - [MESSAGE][PASSED] - Text 'Last name of passenger' is set on object 'Object Repository/Coco/PrimoT/Page_Primo Tours  Danmarks bedste c/input_lastname0_1'

2017-11-16 19:27:13 - [TEST_STEP][PASSED] - scrollToElement: Scroll to object 'Object Repository/Coco/PrimoT/SaveBooking2/Success/span_kr. 7.892-' successfully

2017-11-16 19:27:13 - [MESSAGE][PASSED] - Scroll to object 'Object Repository/Coco/PrimoT/SaveBooking2/Success/span_kr. 7.892-' successfully

2017-11-16 19:27:13 - [TEST_STEP][PASSED] - click: Object: 'Object Repository/Coco/PrimoT/SaveBooking2/Success/span_kr. 7.892-' is clicked on

2017-11-16 19:27:13 - [MESSAGE][PASSED] - Object: 'Object Repository/Coco/PrimoT/SaveBooking2/Success/span_kr. 7.892-' is clicked on

2017-11-16 19:27:13 - [TEST_STEP][PASSED] - scrollToElement: Scroll to object 'Object Repository/Coco/PrimoT/Page_Primo Tours  Danmarks bedste c/Page_Primo Tours  Danmarks bedste c/Page_Primo Tours  Danmarks bedste c/i_fa fa-arrow-circle-right' successfully

2017-11-16 19:27:13 - [MESSAGE][PASSED] - Scroll to object 'Object Repository/Coco/PrimoT/Page_Primo Tours  Danmarks bedste c/Page_Primo Tours  Danmarks bedste c/Page_Primo Tours  Danmarks bedste c/i_fa fa-arrow-circle-right' successfully

2017-11-16 19:27:14 - [TEST_STEP][PASSED] - waitForElementClickable: Object 'Object Repository/Coco/PrimoT/Page_Primo Tours  Danmarks bedste c/Page_Primo Tours  Danmarks bedste c/Page_Primo Tours  Danmarks bedste c/i_fa fa-arrow-circle-right' is clickable

2017-11-16 19:27:14 - [MESSAGE][PASSED] - Object 'Object Repository/Coco/PrimoT/Page_Primo Tours  Danmarks bedste c/Page_Primo Tours  Danmarks bedste c/Page_Primo Tours  Danmarks bedste c/i_fa fa-arrow-circle-right' is clickable

2017-11-16 19:27:14 - [TEST_STEP][PASSED] - waitForElementVisible: Object 'Object Repository/Coco/PrimoT/Page_Primo Tours  Danmarks bedste c/Page_Primo Tours  Danmarks bedste c/Page_Primo Tours  Danmarks bedste c/i_fa fa-arrow-circle-right' is visible

2017-11-16 19:27:14 - [MESSAGE][PASSED] - Object 'Object Repository/Coco/PrimoT/Page_Primo Tours  Danmarks bedste c/Page_Primo Tours  Danmarks bedste c/Page_Primo Tours  Danmarks bedste c/i_fa fa-arrow-circle-right' is visible

2017-11-16 19:27:14 - [TEST_STEP][PASSED] - scrollToElement: Scroll to object 'Object Repository/Coco/PrimoT/Page_Primo Tours  Danmarks bedste c/Page_Primo Tours  Danmarks bedste c/Page_Primo Tours  Danmarks bedste c/i_fa fa-arrow-circle-right' successfully

2017-11-16 19:27:14 - [MESSAGE][PASSED] - Scroll to object 'Object Repository/Coco/PrimoT/Page_Primo Tours  Danmarks bedste c/Page_Primo Tours  Danmarks bedste c/Page_Primo Tours  Danmarks bedste c/i_fa fa-arrow-circle-right' successfully

2017-11-16 19:27:14 - [TEST_STEP][PASSED] - click: Object: 'Object Repository/Coco/PrimoT/Page_Primo Tours  Danmarks bedste c/Page_Primo Tours  Danmarks bedste c/Page_Primo Tours  Danmarks bedste c/i_fa fa-arrow-circle-right' is clicked on

2017-11-16 19:27:14 - [MESSAGE][PASSED] - Object: 'Object Repository/Coco/PrimoT/Page_Primo Tours  Danmarks bedste c/Page_Primo Tours  Danmarks bedste c/Page_Primo Tours  Danmarks bedste c/i_fa fa-arrow-circle-right' is clicked on

2017-11-16 19:27:14 - [TEST_STEP][PASSED] - waitForElementPresent: Object 'Object Repository/Coco/PrimoT/Ins2/Page_Primo Tours  Danmarks bedste c/span_Vlg forsikring' is not present after 10 second(s)

2017-11-16 19:27:26 - [MESSAGE][WARNING] - Object 'Object Repository/Coco/PrimoT/Ins2/Page_Primo Tours  Danmarks bedste c/span_Vlg forsikring' is not present after 10 second(s)

2017-11-16 19:27:26 - [TEST_STEP][FAILED] - click: Unable to click on object 'Object Repository/Coco/PrimoT/Ins2/Page_Primo Tours  Danmarks bedste c/span_Vlg forsikring' (Root cause: com.kms.katalon.core.webui.exception.WebElementNotFoundException: Web element with id: 'Object Repository/Coco/PrimoT/Ins2/Page_Primo Tours  Danmarks bedste c/span_Vlg forsikring' located by 'By.xpath: //span[count(. | //*[starts-with(@id,'select2-ddlInsurance')]) = count(//*[starts-with(@id,'select2-ddlInsurance')])][count(. | //*[contains(@class,'select2-selection__rendered')]) = count(//*[contains(@class,'select2-selection__rendered')])]' not found)

2017-11-16 19:28:02 - [MESSAGE][FAILED] - Unable to click on object 'Object Repository/Coco/PrimoT/Ins2/Page_Primo Tours  Danmarks bedste c/span_Vlg forsikring' (Root cause: com.kms.katalon.core.webui.exception.WebElementNotFoundException: Web element with id: 'Object Repository/Coco/PrimoT/Ins2/Page_Primo Tours  Danmarks bedste c/span_Vlg forsikring' located by 'By.xpath: //span[count(. | //*[starts-with(@id,'select2-ddlInsurance')]) = count(//*[starts-with(@id,'select2-ddlInsurance')])][count(. | //*[contains(@class,'select2-selection__rendered')]) = count(//*[contains(@class,'select2-selection__rendered')])]' not found)
[[ATTACHMENT|D:\\Software testing\\Tourpaq\\Automated Katalon tests\\Primo WB test\\Reports\\WB Primo From Excel URLs\\20171116_192235\\1510853282018.png]]]]></system-out>
         <system-err><![CDATA[2017-11-16 19:27:04 - [TEST_CASE][FAILED] - Test Cases/WB Primo/WB Primo staging - place booking - Iteration 6: Test Cases/WB Primo/WB Primo staging - place booking FAILED because (of) Unable to click on object 'Object Repository/Coco/PrimoT/Ins2/Page_Primo Tours  Danmarks bedste c/span_Vlg forsikring' (Root cause: com.kms.katalon.core.webui.exception.WebElementNotFoundException: Web element with id: 'Object Repository/Coco/PrimoT/Ins2/Page_Primo Tours  Danmarks bedste c/span_Vlg forsikring' located by 'By.xpath: //span[count(. | //*[starts-with(@id,'select2-ddlInsurance')]) = count(//*[starts-with(@id,'select2-ddlInsurance')])][count(. | //*[contains(@class,'select2-selection__rendered')]) = count(//*[contains(@class,'select2-selection__rendered')])]' not found)]]></system-err>
      </testcase>
      <system-out><![CDATA[2017-11-16 19:22:48 - [TEST_SUITE][FAILED] - WB Primo From Excel URLs: Test Cases/WB Primo/WB Primo staging - place booking FAILED because (of) Unable to click on object 'Object Repository/Coco/PrimoT/Ins2/Page_Primo Tours  Danmarks bedste c/span_Vlg forsikring' (Root cause: com.kms.katalon.core.webui.exception.WebElementNotFoundException: Web element with id: 'Object Repository/Coco/PrimoT/Ins2/Page_Primo Tours  Danmarks bedste c/span_Vlg forsikring' located by 'By.xpath: //span[count(. | //*[starts-with(@id,'select2-ddlInsurance')]) = count(//*[starts-with(@id,'select2-ddlInsurance')])][count(. | //*[contains(@class,'select2-selection__rendered')]) = count(//*[contains(@class,'select2-selection__rendered')])]' not found)]]></system-out>
      <system-err><![CDATA[2017-11-16 19:22:48 - [TEST_SUITE][FAILED] - WB Primo From Excel URLs: Test Cases/WB Primo/WB Primo staging - place booking FAILED because (of) Unable to click on object 'Object Repository/Coco/PrimoT/Ins2/Page_Primo Tours  Danmarks bedste c/span_Vlg forsikring' (Root cause: com.kms.katalon.core.webui.exception.WebElementNotFoundException: Web element with id: 'Object Repository/Coco/PrimoT/Ins2/Page_Primo Tours  Danmarks bedste c/span_Vlg forsikring' located by 'By.xpath: //span[count(. | //*[starts-with(@id,'select2-ddlInsurance')]) = count(//*[starts-with(@id,'select2-ddlInsurance')])][count(. | //*[contains(@class,'select2-selection__rendered')]) = count(//*[contains(@class,'select2-selection__rendered')])]' not found)]]></system-err>
   </testsuite>
</testsuites>
