<?xml version="1.0" encoding="UTF-8"?>
<testsuites name="Primo Tours" time="38" tests="0" failures="1" errors="0">
   <testsuite name="Primo Tours" tests="0" failures="1" errors="0" time="38" timestamp="2017-10-26 17:26:49" hostname="Cornel - NEACSUNEW-PC.zlin.roweb.ro" id="Test Suites/Primo Tours">
      <properties>
         <property name="deviceName" value=""/>
         <property name="devicePlatform" value=""/>
         <property name="logFolder" value="C:\\Users\\Cornel\\Katalon Studio\\Primo WB test\\Reports\\Primo Tours\\20171026_172647"/>
         <property name="logFiles" value="C:\\Users\\Cornel\\Katalon Studio\\Primo WB test\\Reports\\Primo Tours\\20171026_172647\\execution0.log"/>
         <property name="attachments" value="C:\\Users\\Cornel\\Katalon Studio\\Primo WB test\\Reports\\Primo Tours\\20171026_172647\\1509028045256.png"/>
         <property name="hostName" value="Cornel - NEACSUNEW-PC.zlin.roweb.ro"/>
         <property name="os" value="Windows 8.1 64bit"/>
         <property name="katalonVersion" value="4.8.0.2"/>
         <property name="browser" value="Chrome 61.0.3163.100"/>
         <property name="hostAddress" value="10.10.10.211"/>
         <property name="sessionId" value="4f2232b7b55567eb87b8379c5749098d"/>
         <property name="seleniumVersion" value="2.53.0"/>
         <property name="proxyInformation" value="ProxyInformation{proxyOption=NO_PROXY, proxyServerType=, password=, proxyServerAddress=, proxyServerPort=0}"/>
         <property name="platform" value="Windows 8.1"/>
      </properties>
      <testcase name="Test Cases/PrimoTours - place a booking with no payment" classname="Test Cases/PrimoTours - place a booking with no payment" status="FAILED">
         <failure type="FAILED" message="Unable to click on object 'Object Repository/Coco/PrimoT/Page_Rejser til Kreta med danske gu/Page_Rejser til Kreta med danske gu/a_Book her' (Root cause: org.openqa.selenium.WebDriverException: unknown error: Element &lt;a href=&quot;https://primotours-webbooking.tourpaq.com/DoBooking.aspx?pltaID=1468651&amp;amp;p=1&amp;amp;rno=1&amp;amp;pt=1&amp;amp;a=2&amp;amp;c=0&amp;amp;aa=&amp;amp;ca=&quot; target=&quot;_blank&quot; class=&quot;btn btn-green btn-block&quot; rel=&quot;noopener&quot;>...&lt;/a> is not clickable at point (1723, 20). Other element would receive the click: &lt;div class=&quot;search fixed&quot;>...&lt;/div>
  (Session info: chrome=61.0.3163.100)
  (Driver info: chromedriver=2.31.488763 (092de99f48a300323ecf8c2a4e2e7cab51de5ba8),platform=Windows NT 6.3.9600 x86_64) (WARNING: The server did not provide any stacktrace information)
Command duration or timeout: 100 milliseconds
Build info: version: '2.53.0', revision: '35ae25b', time: '2016-03-15 17:00:58'
System info: host: 'NEACSUNEW-PC', ip: '10.10.10.211', os.name: 'Windows 8.1', os.arch: 'amd64', os.version: '6.3', java.version: '1.8.0_102'
Driver info: com.kms.katalon.selenium.driver.CChromeDriver
Capabilities [{applicationCacheEnabled=false, rotatable=false, mobileEmulationEnabled=false, networkConnectionEnabled=false, chrome={chromedriverVersion=2.31.488763 (092de99f48a300323ecf8c2a4e2e7cab51de5ba8), userDataDir=C:\Users\Cornel\AppData\Local\Temp\scoped_dir2964_23363}, takesHeapSnapshot=true, pageLoadStrategy=normal, databaseEnabled=false, handlesAlerts=true, hasTouchScreen=false, version=61.0.3163.100, platform=WIN8_1, browserConnectionEnabled=false, nativeEvents=true, acceptSslCerts=true, locationContextEnabled=true, webStorageEnabled=true, browserName=chrome, takesScreenshot=true, javascriptEnabled=true, cssSelectorsEnabled=true, setWindowRect=true, unexpectedAlertBehaviour=}]
Session ID: 4f2232b7b55567eb87b8379c5749098d)"/>
         <system-out><![CDATA[2017-10-26 17:26:49 - [TEST_CASE][FAILED] - Test Cases/PrimoTours - place a booking with no payment: Test Cases/PrimoTours - place a booking with no payment FAILED because (of) Unable to click on object 'Object Repository/Coco/PrimoT/Page_Rejser til Kreta med danske gu/Page_Rejser til Kreta med danske gu/a_Book her' (Root cause: org.openqa.selenium.WebDriverException: unknown error: Element <a href="https://primotours-webbooking.tourpaq.com/DoBooking.aspx?pltaID=1468651&amp;p=1&amp;rno=1&amp;pt=1&amp;a=2&amp;c=0&amp;aa=&amp;ca=" target="_blank" class="btn btn-green btn-block" rel="noopener">...</a> is not clickable at point (1723, 20). Other element would receive the click: <div class="search fixed">...</div>
  (Session info: chrome=61.0.3163.100)
  (Driver info: chromedriver=2.31.488763 (092de99f48a300323ecf8c2a4e2e7cab51de5ba8),platform=Windows NT 6.3.9600 x86_64) (WARNING: The server did not provide any stacktrace information)
Command duration or timeout: 100 milliseconds
Build info: version: '2.53.0', revision: '35ae25b', time: '2016-03-15 17:00:58'
System info: host: 'NEACSUNEW-PC', ip: '10.10.10.211', os.name: 'Windows 8.1', os.arch: 'amd64', os.version: '6.3', java.version: '1.8.0_102'
Driver info: com.kms.katalon.selenium.driver.CChromeDriver
Capabilities [{applicationCacheEnabled=false, rotatable=false, mobileEmulationEnabled=false, networkConnectionEnabled=false, chrome={chromedriverVersion=2.31.488763 (092de99f48a300323ecf8c2a4e2e7cab51de5ba8), userDataDir=C:\Users\Cornel\AppData\Local\Temp\scoped_dir2964_23363}, takesHeapSnapshot=true, pageLoadStrategy=normal, databaseEnabled=false, handlesAlerts=true, hasTouchScreen=false, version=61.0.3163.100, platform=WIN8_1, browserConnectionEnabled=false, nativeEvents=true, acceptSslCerts=true, locationContextEnabled=true, webStorageEnabled=true, browserName=chrome, takesScreenshot=true, javascriptEnabled=true, cssSelectorsEnabled=true, setWindowRect=true, unexpectedAlertBehaviour=}]
Session ID: 4f2232b7b55567eb87b8379c5749098d)

2017-10-26 17:26:50 - [TEST_STEP][PASSED] - openBrowser: Browser is opened with url: ''

2017-10-26 17:26:55 - [MESSAGE][PASSED] - Browser is opened with url: ''

2017-10-26 17:26:55 - [TEST_STEP][PASSED] - maximizeWindow: Current window maximized

2017-10-26 17:26:56 - [MESSAGE][PASSED] - Current window maximized

2017-10-26 17:26:56 - [TEST_STEP][PASSED] - navigateToUrl: Navigate to 'https://www.primotours.dk/' successfully

2017-10-26 17:27:03 - [MESSAGE][PASSED] - Navigate to 'https://www.primotours.dk/' successfully

2017-10-26 17:27:03 - [TEST_STEP][PASSED] - waitForPageLoad: Wait for page load successfully

2017-10-26 17:27:03 - [MESSAGE][PASSED] - Wait for page load successfully

2017-10-26 17:27:03 - [TEST_STEP][PASSED] - scrollToElement: Scroll to object 'Object Repository/Coco/PrimoT/Page_Charter rejser med Primo Tours/span_jquery-select-trigger-arr' successfully

2017-10-26 17:27:03 - [MESSAGE][PASSED] - Scroll to object 'Object Repository/Coco/PrimoT/Page_Charter rejser med Primo Tours/span_jquery-select-trigger-arr' successfully

2017-10-26 17:27:03 - [TEST_STEP][PASSED] - waitForElementClickable: Object 'Object Repository/Coco/PrimoT/Page_Charter rejser med Primo Tours/span_jquery-select-trigger-arr' is clickable

2017-10-26 17:27:03 - [MESSAGE][PASSED] - Object 'Object Repository/Coco/PrimoT/Page_Charter rejser med Primo Tours/span_jquery-select-trigger-arr' is clickable

2017-10-26 17:27:03 - [TEST_STEP][PASSED] - click: Object: 'Object Repository/Coco/PrimoT/Page_Charter rejser med Primo Tours/span_jquery-select-trigger-arr' is clicked on

2017-10-26 17:27:03 - [MESSAGE][PASSED] - Object: 'Object Repository/Coco/PrimoT/Page_Charter rejser med Primo Tours/span_jquery-select-trigger-arr' is clicked on

2017-10-26 17:27:03 - [TEST_STEP][PASSED] - click: Object: 'Object Repository/Coco/PrimoT/Page_Charter rejser med Primo Tours/a_Kreta' is clicked on

2017-10-26 17:27:07 - [MESSAGE][PASSED] - Object: 'Object Repository/Coco/PrimoT/Page_Charter rejser med Primo Tours/a_Kreta' is clicked on

2017-10-26 17:27:07 - [TEST_STEP][PASSED] - click: Object: 'Object Repository/Coco/PrimoT/Page_Charter rejser med Primo Tours/button_Find drmmerejsen' is clicked on

2017-10-26 17:27:10 - [MESSAGE][PASSED] - Object: 'Object Repository/Coco/PrimoT/Page_Charter rejser med Primo Tours/button_Find drmmerejsen' is clicked on

2017-10-26 17:27:10 - [TEST_STEP][NOT_RUN] - waitForElementClickable: NOT_RUN: waitForElementClickable

2017-10-26 17:27:10 - [MESSAGE][NOT_RUN] - NOT_RUN: waitForElementClickable

2017-10-26 17:27:10 - [TEST_STEP][PASSED] - waitForPageLoad: Wait for page load successfully

2017-10-26 17:27:11 - [MESSAGE][PASSED] - Wait for page load successfully

2017-10-26 17:27:11 - [TEST_STEP][PASSED] - scrollToElement: Scroll to object 'Object Repository/Coco/PrimoT/Page_Rejser til Kreta med danske gu/Page_Rejser til Kreta med danske gu/a_Book her' successfully

2017-10-26 17:27:14 - [MESSAGE][PASSED] - Scroll to object 'Object Repository/Coco/PrimoT/Page_Rejser til Kreta med danske gu/Page_Rejser til Kreta med danske gu/a_Book her' successfully

2017-10-26 17:27:14 - [TEST_STEP][PASSED] - waitForElementVisible: Object 'Object Repository/Coco/PrimoT/Page_Rejser til Kreta med danske gu/Page_Rejser til Kreta med danske gu/a_Book her' is visible

2017-10-26 17:27:18 - [MESSAGE][PASSED] - Object 'Object Repository/Coco/PrimoT/Page_Rejser til Kreta med danske gu/Page_Rejser til Kreta med danske gu/a_Book her' is visible

2017-10-26 17:27:18 - [TEST_STEP][PASSED] - waitForElementClickable: Object 'Object Repository/Coco/PrimoT/Page_Rejser til Kreta med danske gu/Page_Rejser til Kreta med danske gu/a_Book her' is clickable

2017-10-26 17:27:21 - [MESSAGE][PASSED] - Object 'Object Repository/Coco/PrimoT/Page_Rejser til Kreta med danske gu/Page_Rejser til Kreta med danske gu/a_Book her' is clickable

2017-10-26 17:27:21 - [TEST_STEP][FAILED] - click: Unable to click on object 'Object Repository/Coco/PrimoT/Page_Rejser til Kreta med danske gu/Page_Rejser til Kreta med danske gu/a_Book her' (Root cause: org.openqa.selenium.WebDriverException: unknown error: Element <a href="https://primotours-webbooking.tourpaq.com/DoBooking.aspx?pltaID=1468651&amp;p=1&amp;rno=1&amp;pt=1&amp;a=2&amp;c=0&amp;aa=&amp;ca=" target="_blank" class="btn btn-green btn-block" rel="noopener">...</a> is not clickable at point (1723, 20). Other element would receive the click: <div class="search fixed">...</div>
  (Session info: chrome=61.0.3163.100)
  (Driver info: chromedriver=2.31.488763 (092de99f48a300323ecf8c2a4e2e7cab51de5ba8),platform=Windows NT 6.3.9600 x86_64) (WARNING: The server did not provide any stacktrace information)
Command duration or timeout: 100 milliseconds
Build info: version: '2.53.0', revision: '35ae25b', time: '2016-03-15 17:00:58'
System info: host: 'NEACSUNEW-PC', ip: '10.10.10.211', os.name: 'Windows 8.1', os.arch: 'amd64', os.version: '6.3', java.version: '1.8.0_102'
Driver info: com.kms.katalon.selenium.driver.CChromeDriver
Capabilities [{applicationCacheEnabled=false, rotatable=false, mobileEmulationEnabled=false, networkConnectionEnabled=false, chrome={chromedriverVersion=2.31.488763 (092de99f48a300323ecf8c2a4e2e7cab51de5ba8), userDataDir=C:\Users\Cornel\AppData\Local\Temp\scoped_dir2964_23363}, takesHeapSnapshot=true, pageLoadStrategy=normal, databaseEnabled=false, handlesAlerts=true, hasTouchScreen=false, version=61.0.3163.100, platform=WIN8_1, browserConnectionEnabled=false, nativeEvents=true, acceptSslCerts=true, locationContextEnabled=true, webStorageEnabled=true, browserName=chrome, takesScreenshot=true, javascriptEnabled=true, cssSelectorsEnabled=true, setWindowRect=true, unexpectedAlertBehaviour=}]
Session ID: 4f2232b7b55567eb87b8379c5749098d)

2017-10-26 17:27:26 - [MESSAGE][FAILED] - Unable to click on object 'Object Repository/Coco/PrimoT/Page_Rejser til Kreta med danske gu/Page_Rejser til Kreta med danske gu/a_Book her' (Root cause: org.openqa.selenium.WebDriverException: unknown error: Element <a href="https://primotours-webbooking.tourpaq.com/DoBooking.aspx?pltaID=1468651&amp;p=1&amp;rno=1&amp;pt=1&amp;a=2&amp;c=0&amp;aa=&amp;ca=" target="_blank" class="btn btn-green btn-block" rel="noopener">...</a> is not clickable at point (1723, 20). Other element would receive the click: <div class="search fixed">...</div>
  (Session info: chrome=61.0.3163.100)
  (Driver info: chromedriver=2.31.488763 (092de99f48a300323ecf8c2a4e2e7cab51de5ba8),platform=Windows NT 6.3.9600 x86_64) (WARNING: The server did not provide any stacktrace information)
Command duration or timeout: 100 milliseconds
Build info: version: '2.53.0', revision: '35ae25b', time: '2016-03-15 17:00:58'
System info: host: 'NEACSUNEW-PC', ip: '10.10.10.211', os.name: 'Windows 8.1', os.arch: 'amd64', os.version: '6.3', java.version: '1.8.0_102'
Driver info: com.kms.katalon.selenium.driver.CChromeDriver
Capabilities [{applicationCacheEnabled=false, rotatable=false, mobileEmulationEnabled=false, networkConnectionEnabled=false, chrome={chromedriverVersion=2.31.488763 (092de99f48a300323ecf8c2a4e2e7cab51de5ba8), userDataDir=C:\Users\Cornel\AppData\Local\Temp\scoped_dir2964_23363}, takesHeapSnapshot=true, pageLoadStrategy=normal, databaseEnabled=false, handlesAlerts=true, hasTouchScreen=false, version=61.0.3163.100, platform=WIN8_1, browserConnectionEnabled=false, nativeEvents=true, acceptSslCerts=true, locationContextEnabled=true, webStorageEnabled=true, browserName=chrome, takesScreenshot=true, javascriptEnabled=true, cssSelectorsEnabled=true, setWindowRect=true, unexpectedAlertBehaviour=}]
Session ID: 4f2232b7b55567eb87b8379c5749098d)
[[ATTACHMENT|C:\\Users\\Cornel\\Katalon Studio\\Primo WB test\\Reports\\Primo Tours\\20171026_172647\\1509028045256.png]]]]></system-out>
         <system-err><![CDATA[2017-10-26 17:26:49 - [TEST_CASE][FAILED] - Test Cases/PrimoTours - place a booking with no payment: Test Cases/PrimoTours - place a booking with no payment FAILED because (of) Unable to click on object 'Object Repository/Coco/PrimoT/Page_Rejser til Kreta med danske gu/Page_Rejser til Kreta med danske gu/a_Book her' (Root cause: org.openqa.selenium.WebDriverException: unknown error: Element <a href="https://primotours-webbooking.tourpaq.com/DoBooking.aspx?pltaID=1468651&amp;p=1&amp;rno=1&amp;pt=1&amp;a=2&amp;c=0&amp;aa=&amp;ca=" target="_blank" class="btn btn-green btn-block" rel="noopener">...</a> is not clickable at point (1723, 20). Other element would receive the click: <div class="search fixed">...</div>
  (Session info: chrome=61.0.3163.100)
  (Driver info: chromedriver=2.31.488763 (092de99f48a300323ecf8c2a4e2e7cab51de5ba8),platform=Windows NT 6.3.9600 x86_64) (WARNING: The server did not provide any stacktrace information)
Command duration or timeout: 100 milliseconds
Build info: version: '2.53.0', revision: '35ae25b', time: '2016-03-15 17:00:58'
System info: host: 'NEACSUNEW-PC', ip: '10.10.10.211', os.name: 'Windows 8.1', os.arch: 'amd64', os.version: '6.3', java.version: '1.8.0_102'
Driver info: com.kms.katalon.selenium.driver.CChromeDriver
Capabilities [{applicationCacheEnabled=false, rotatable=false, mobileEmulationEnabled=false, networkConnectionEnabled=false, chrome={chromedriverVersion=2.31.488763 (092de99f48a300323ecf8c2a4e2e7cab51de5ba8), userDataDir=C:\Users\Cornel\AppData\Local\Temp\scoped_dir2964_23363}, takesHeapSnapshot=true, pageLoadStrategy=normal, databaseEnabled=false, handlesAlerts=true, hasTouchScreen=false, version=61.0.3163.100, platform=WIN8_1, browserConnectionEnabled=false, nativeEvents=true, acceptSslCerts=true, locationContextEnabled=true, webStorageEnabled=true, browserName=chrome, takesScreenshot=true, javascriptEnabled=true, cssSelectorsEnabled=true, setWindowRect=true, unexpectedAlertBehaviour=}]
Session ID: 4f2232b7b55567eb87b8379c5749098d)]]></system-err>
      </testcase>
      <system-out><![CDATA[2017-10-26 17:26:49 - [TEST_SUITE][FAILED] - Primo Tours: Test Cases/PrimoTours - place a booking with no payment FAILED because (of) Unable to click on object 'Object Repository/Coco/PrimoT/Page_Rejser til Kreta med danske gu/Page_Rejser til Kreta med danske gu/a_Book her' (Root cause: org.openqa.selenium.WebDriverException: unknown error: Element <a href="https://primotours-webbooking.tourpaq.com/DoBooking.aspx?pltaID=1468651&amp;p=1&amp;rno=1&amp;pt=1&amp;a=2&amp;c=0&amp;aa=&amp;ca=" target="_blank" class="btn btn-green btn-block" rel="noopener">...</a> is not clickable at point (1723, 20). Other element would receive the click: <div class="search fixed">...</div>
  (Session info: chrome=61.0.3163.100)
  (Driver info: chromedriver=2.31.488763 (092de99f48a300323ecf8c2a4e2e7cab51de5ba8),platform=Windows NT 6.3.9600 x86_64) (WARNING: The server did not provide any stacktrace information)
Command duration or timeout: 100 milliseconds
Build info: version: '2.53.0', revision: '35ae25b', time: '2016-03-15 17:00:58'
System info: host: 'NEACSUNEW-PC', ip: '10.10.10.211', os.name: 'Windows 8.1', os.arch: 'amd64', os.version: '6.3', java.version: '1.8.0_102'
Driver info: com.kms.katalon.selenium.driver.CChromeDriver
Capabilities [{applicationCacheEnabled=false, rotatable=false, mobileEmulationEnabled=false, networkConnectionEnabled=false, chrome={chromedriverVersion=2.31.488763 (092de99f48a300323ecf8c2a4e2e7cab51de5ba8), userDataDir=C:\Users\Cornel\AppData\Local\Temp\scoped_dir2964_23363}, takesHeapSnapshot=true, pageLoadStrategy=normal, databaseEnabled=false, handlesAlerts=true, hasTouchScreen=false, version=61.0.3163.100, platform=WIN8_1, browserConnectionEnabled=false, nativeEvents=true, acceptSslCerts=true, locationContextEnabled=true, webStorageEnabled=true, browserName=chrome, takesScreenshot=true, javascriptEnabled=true, cssSelectorsEnabled=true, setWindowRect=true, unexpectedAlertBehaviour=}]
Session ID: 4f2232b7b55567eb87b8379c5749098d)]]></system-out>
      <system-err><![CDATA[2017-10-26 17:26:49 - [TEST_SUITE][FAILED] - Primo Tours: Test Cases/PrimoTours - place a booking with no payment FAILED because (of) Unable to click on object 'Object Repository/Coco/PrimoT/Page_Rejser til Kreta med danske gu/Page_Rejser til Kreta med danske gu/a_Book her' (Root cause: org.openqa.selenium.WebDriverException: unknown error: Element <a href="https://primotours-webbooking.tourpaq.com/DoBooking.aspx?pltaID=1468651&amp;p=1&amp;rno=1&amp;pt=1&amp;a=2&amp;c=0&amp;aa=&amp;ca=" target="_blank" class="btn btn-green btn-block" rel="noopener">...</a> is not clickable at point (1723, 20). Other element would receive the click: <div class="search fixed">...</div>
  (Session info: chrome=61.0.3163.100)
  (Driver info: chromedriver=2.31.488763 (092de99f48a300323ecf8c2a4e2e7cab51de5ba8),platform=Windows NT 6.3.9600 x86_64) (WARNING: The server did not provide any stacktrace information)
Command duration or timeout: 100 milliseconds
Build info: version: '2.53.0', revision: '35ae25b', time: '2016-03-15 17:00:58'
System info: host: 'NEACSUNEW-PC', ip: '10.10.10.211', os.name: 'Windows 8.1', os.arch: 'amd64', os.version: '6.3', java.version: '1.8.0_102'
Driver info: com.kms.katalon.selenium.driver.CChromeDriver
Capabilities [{applicationCacheEnabled=false, rotatable=false, mobileEmulationEnabled=false, networkConnectionEnabled=false, chrome={chromedriverVersion=2.31.488763 (092de99f48a300323ecf8c2a4e2e7cab51de5ba8), userDataDir=C:\Users\Cornel\AppData\Local\Temp\scoped_dir2964_23363}, takesHeapSnapshot=true, pageLoadStrategy=normal, databaseEnabled=false, handlesAlerts=true, hasTouchScreen=false, version=61.0.3163.100, platform=WIN8_1, browserConnectionEnabled=false, nativeEvents=true, acceptSslCerts=true, locationContextEnabled=true, webStorageEnabled=true, browserName=chrome, takesScreenshot=true, javascriptEnabled=true, cssSelectorsEnabled=true, setWindowRect=true, unexpectedAlertBehaviour=}]
Session ID: 4f2232b7b55567eb87b8379c5749098d)]]></system-err>
   </testsuite>
</testsuites>
