<?xml version="1.0" encoding="UTF-8"?>
<testsuites name="WB Primo From Excel URLs" time="107" tests="3" failures="3" errors="0">
   <testsuite name="WB Primo From Excel URLs" tests="3" failures="3" errors="0" time="107" timestamp="2017-11-27 14:12:16" hostname="Cornel - NEACSUNEW-PC.zlin.roweb.ro" id="Test Suites/WB Primo From Excel URLs">
      <properties>
         <property name="deviceName" value=""/>
         <property name="devicePlatform" value=""/>
         <property name="logFolder" value="D:\\Software testing\\Tourpaq\\Automated Katalon tests\\Primo WB test\\Reports\\WB Primo From Excel URLs\\20171127_141214"/>
         <property name="logFiles" value="D:\\Software testing\\Tourpaq\\Automated Katalon tests\\Primo WB test\\Reports\\WB Primo From Excel URLs\\20171127_141214\\execution0.log"/>
         <property name="attachments" value="D:\\Software testing\\Tourpaq\\Automated Katalon tests\\Primo WB test\\Reports\\WB Primo From Excel URLs\\20171127_141214\\1511784784484.png, D:\\Software testing\\Tourpaq\\Automated Katalon tests\\Primo WB test\\Reports\\WB Primo From Excel URLs\\20171127_141214\\1511784828922.png, D:\\Software testing\\Tourpaq\\Automated Katalon tests\\Primo WB test\\Reports\\WB Primo From Excel URLs\\20171127_141214\\1511784842375.png"/>
         <property name="hostName" value="Cornel - NEACSUNEW-PC.zlin.roweb.ro"/>
         <property name="os" value="Windows 8.1 64bit"/>
         <property name="katalonVersion" value="5.1.0.2"/>
         <property name="browser" value="Chrome 62.0.3202.94"/>
         <property name="hostAddress" value="10.10.10.211"/>
         <property name="sessionId" value="9d9ea96b95f2cf1b4f90e7c489d7d56e"/>
         <property name="seleniumVersion" value="3.7.1"/>
         <property name="proxyInformation" value="ProxyInformation{proxyOption=NO_PROXY, proxyServerType=, password=, proxyServerAddress=, proxyServerPort=0}"/>
         <property name="platform" value="Windows 8.1"/>
      </properties>
      <testcase name="Test Cases/PrimoTours/WB Primo/WB Primo staging - place booking - Iteration 1" classname="Test Cases/PrimoTours/WB Primo/WB Primo staging - place booking" status="PASSED">
         <system-out><![CDATA[2017-11-27 14:12:16 - [TEST_CASE][PASSED] - Test Cases/PrimoTours/WB Primo/WB Primo staging - place booking - Iteration 1: Test Cases/PrimoTours/WB Primo/WB Primo staging - place booking

2017-11-27 14:12:17 - [TEST_STEP][PASSED] - openBrowser: Browser is opened with url: ''

2017-11-27 14:12:20 - [MESSAGE][PASSED] - Browser is opened with url: ''

2017-11-27 14:12:20 - [TEST_STEP][PASSED] - maximizeWindow: Current window maximized

2017-11-27 14:12:21 - [MESSAGE][PASSED] - Current window maximized

2017-11-27 14:12:21 - [TEST_STEP][PASSED] - navigateToUrl: Navigate to 'https://staging-primotours-webbooking.tourpaq.com/DoBooking.aspx?pltaID=1480269&p=1&rno=1&pt=1&a=2&c=0&aa=&ca=' successfully

2017-11-27 14:12:24 - [MESSAGE][PASSED] - Navigate to 'https://staging-primotours-webbooking.tourpaq.com/DoBooking.aspx?pltaID=1480269&p=1&rno=1&pt=1&a=2&c=0&aa=&ca=' successfully

2017-11-27 14:12:24 - [TEST_STEP][PASSED] - setText: Text 'Pedersen AUT' is set on object 'Object Repository/PrimoTours/Old Objects/Coco/PrimoT/Page_Primo Tours  Danmarks bedste c/input_firstName'

2017-11-27 14:12:25 - [MESSAGE][PASSED] - Text 'Pedersen AUT' is set on object 'Object Repository/PrimoTours/Old Objects/Coco/PrimoT/Page_Primo Tours  Danmarks bedste c/input_firstName'

2017-11-27 14:12:25 - [TEST_STEP][PASSED] - setText: Text 'Vibe Dalby' is set on object 'Object Repository/PrimoTours/Old Objects/Coco/PrimoT/Page_Primo Tours  Danmarks bedste c/input_lastName'

2017-11-27 14:12:25 - [MESSAGE][PASSED] - Text 'Vibe Dalby' is set on object 'Object Repository/PrimoTours/Old Objects/Coco/PrimoT/Page_Primo Tours  Danmarks bedste c/input_lastName'

2017-11-27 14:12:25 - [TEST_STEP][PASSED] - setText: Text 'Home address' is set on object 'Object Repository/PrimoTours/Old Objects/Coco/PrimoT/Page_Primo Tours  Danmarks bedste c/input_customerAddress'

2017-11-27 14:12:25 - [MESSAGE][PASSED] - Text 'Home address' is set on object 'Object Repository/PrimoTours/Old Objects/Coco/PrimoT/Page_Primo Tours  Danmarks bedste c/input_customerAddress'

2017-11-27 14:12:25 - [TEST_STEP][PASSED] - setText: Text '6700' is set on object 'Object Repository/PrimoTours/Old Objects/Coco/PrimoT/Page_Primo Tours  Danmarks bedste c/input_customerPostcode'

2017-11-27 14:12:25 - [MESSAGE][PASSED] - Text '6700' is set on object 'Object Repository/PrimoTours/Old Objects/Coco/PrimoT/Page_Primo Tours  Danmarks bedste c/input_customerPostcode'

2017-11-27 14:12:25 - [TEST_STEP][PASSED] - setText: Text 'cornel.neacsu@roweb.ro' is set on object 'Object Repository/PrimoTours/Old Objects/Coco/PrimoT/Page_Primo Tours  Danmarks bedste c/input_customerEmail'

2017-11-27 14:12:26 - [MESSAGE][PASSED] - Text 'cornel.neacsu@roweb.ro' is set on object 'Object Repository/PrimoTours/Old Objects/Coco/PrimoT/Page_Primo Tours  Danmarks bedste c/input_customerEmail'

2017-11-27 14:12:26 - [TEST_STEP][PASSED] - setText: Text '12345678' is set on object 'Object Repository/PrimoTours/Old Objects/Coco/PrimoT/Page_Primo Tours  Danmarks bedste c/input_customerPhone'

2017-11-27 14:12:26 - [MESSAGE][PASSED] - Text '12345678' is set on object 'Object Repository/PrimoTours/Old Objects/Coco/PrimoT/Page_Primo Tours  Danmarks bedste c/input_customerPhone'

2017-11-27 14:12:26 - [TEST_STEP][PASSED] - waitForElementClickable: Object 'Object Repository/PrimoTours/Old Objects/Coco/PrimoT/Page_Primo Tours  Danmarks bedste c/input_firstname-0_1' is clickable

2017-11-27 14:12:27 - [MESSAGE][PASSED] - Object 'Object Repository/PrimoTours/Old Objects/Coco/PrimoT/Page_Primo Tours  Danmarks bedste c/input_firstname-0_1' is clickable

2017-11-27 14:12:27 - [TEST_STEP][PASSED] - Statement - excelInfo = ["fname":"", "lname":"", "pgender":"", "pday":"", "pmonth":"", "pyear":""]: null

2017-11-27 14:12:27 - [TEST_STEP][PASSED] - Statement - rawData = com.kms.katalon.core.testdata.TestDataFactory.findTestData("Data Files/WB_Primo/Passenger_details"): Reading excel file with source file 'D:\Software testing\Tourpaq\Automated Katalon tests\Primo WB test\Data Files\Primo_URLs_For_Automated_Test.xlsx' and sheet name 'Passenger Names'

2017-11-27 14:12:29 - [TEST_STEP][PASSED] - Statement - excelRowNo = rawData.getRowNumbers(): null

2017-11-27 14:12:29 - [TEST_STEP][PASSED] - Statement - randomPaxIndex = 1: null

2017-11-27 14:12:29 - [TEST_STEP][PASSED] - Statement - driver = com.kms.katalon.core.webui.driver.DriverFactory.getWebDriver(): null

2017-11-27 14:12:29 - [TEST_STEP][PASSED] - Statement - roomContainerXpath = "id("booking")/div[@class="wrapper second-bg"]/div[contains(@class,"container-mx")]/div[@class="row"]/div[@class="col-md-12 roomContainer"]": null

2017-11-27 14:12:29 - [TEST_STEP][PASSED] - Statement - roomsCount = driver.findElements(org.openqa.selenium.By.xpath(roomContainerXpath)).size(): null

2017-11-27 14:12:29 - [TEST_STEP][PASSED] - Statement - println("roomsCount=" + roomsCount): null

2017-11-27 14:12:29 - [TEST_STEP][PASSED] - Statement - For ([i = 1, i <= roomsCount, (i++)]): Text 'Claes' is set on object 'Object Repository/PrimoTours/Old Objects/allPaxLastNameFields'

2017-11-27 14:12:29 - [TEST_STEP][PASSED] - Statement - paxInRoomXpath = roomContainerXpath + "[" + i + "]/div[@class="row"]/div[@class="col-md-12"]/div[@class="row"]": null

2017-11-27 14:12:29 - [TEST_STEP][PASSED] - Statement - paxInRoomCount = driver.findElements(org.openqa.selenium.By.xpath(paxInRoomXpath)).size(): null

2017-11-27 14:12:29 - [TEST_STEP][PASSED] - Statement - println("paxInRoomCount=" + paxInRoomCount): null

2017-11-27 14:12:29 - [TEST_STEP][PASSED] - Statement - For ([j = 1, j <= paxInRoomCount, (j++)]): Text 'Claes' is set on object 'Object Repository/PrimoTours/Old Objects/allPaxLastNameFields'

2017-11-27 14:12:29 - [TEST_STEP][PASSED] - Statement - If (i == 1 & j == 1): null

2017-11-27 14:12:29 - [TEST_STEP][PASSED] - Statement - <not implemented yet for class: org.codehaus.groovy.ast.stmt.ContinueStatement>: null

2017-11-27 14:12:29 - [TEST_STEP][PASSED] - Statement - If (i == 1 & j == 1): null

2017-11-27 14:12:29 - [TEST_STEP][PASSED] - Statement - randomPaxIndex = java.lang.Math.abs(new java.util.Random().nextInt() % excelRowNo) + 1: null

2017-11-27 14:12:29 - [TEST_STEP][PASSED] - Statement - println(randomPaxIndex): null

2017-11-27 14:12:29 - [TEST_STEP][PASSED] - Statement - fname = rawData.getValue("FirstName", randomPaxIndex) + " AUT": null

2017-11-27 14:12:29 - [TEST_STEP][PASSED] - Statement - lname = rawData.getValue("LastName", randomPaxIndex): null

2017-11-27 14:12:29 - [TEST_STEP][PASSED] - Statement - pgender = rawData.getValue("Gender", randomPaxIndex): null

2017-11-27 14:12:29 - [TEST_STEP][PASSED] - Statement - pday = rawData.getValue("Day DOB", randomPaxIndex): null

2017-11-27 14:12:29 - [TEST_STEP][PASSED] - Statement - pmonth = rawData.getValue("Month DOB", randomPaxIndex): null

2017-11-27 14:12:29 - [TEST_STEP][PASSED] - Statement - pyear = rawData.getValue("Year DOB", randomPaxIndex): null

2017-11-27 14:12:29 - [TEST_STEP][PASSED] - Statement - paxDetailFields = paxInRoomXpath + "[" + j + "]/div[@class="col-md-x col-md-9"]/div[@class="row paxContainer"]/div[@class="col-md-5"]": null

2017-11-27 14:12:29 - [TEST_STEP][PASSED] - Statement - xpathval = paxDetailFields + "[1]/div[contains(@class,"form-group")]/input[@class="form-control paxFirstName"]": null

2017-11-27 14:12:29 - [TEST_STEP][PASSED] - Statement - println("fn: " + xpathval): null

2017-11-27 14:12:29 - [TEST_STEP][PASSED] - Statement - repObj = com.kms.katalon.core.testobject.ObjectRepository.findTestObject(Object Repository/PrimoTours/Old Objects/allPaxFirstNameFields): Finding Test Object with id 'Object Repository/PrimoTours/Old Objects/allPaxFirstNameFields'

2017-11-27 14:12:29 - [TEST_STEP][PASSED] - Statement - repObj.findProperty("xpath").setValue(xpathval): null

2017-11-27 14:12:29 - [TEST_STEP][PASSED] - setText: Text 'Methling AUT' is set on object 'Object Repository/PrimoTours/Old Objects/allPaxFirstNameFields'

2017-11-27 14:12:29 - [MESSAGE][PASSED] - Text 'Methling AUT' is set on object 'Object Repository/PrimoTours/Old Objects/allPaxFirstNameFields'

2017-11-27 14:12:29 - [TEST_STEP][PASSED] - Statement - xpathval = paxDetailFields + "[2]/div[contains(@class,"form-group")]/input[@class="form-control paxLastName"]": null

2017-11-27 14:12:29 - [TEST_STEP][PASSED] - Statement - println("ln: " + xpathval): null

2017-11-27 14:12:29 - [TEST_STEP][PASSED] - Statement - repObj = com.kms.katalon.core.testobject.ObjectRepository.findTestObject(Object Repository/PrimoTours/Old Objects/allPaxLastNameFields): Finding Test Object with id 'Object Repository/PrimoTours/Old Objects/allPaxLastNameFields'

2017-11-27 14:12:29 - [TEST_STEP][PASSED] - Statement - repObj.findProperty("xpath").setValue(xpathval): null

2017-11-27 14:12:29 - [TEST_STEP][PASSED] - setText: Text 'Claes' is set on object 'Object Repository/PrimoTours/Old Objects/allPaxLastNameFields'

2017-11-27 14:12:29 - [MESSAGE][PASSED] - Text 'Claes' is set on object 'Object Repository/PrimoTours/Old Objects/allPaxLastNameFields'

2017-11-27 14:12:29 - [TEST_STEP][PASSED] - scrollToElement: Scroll to object 'Object Repository/PrimoTours/Old Objects/Coco (1)/PrimoT/SaveBooking2/Success/span_kr. 7.892-' successfully

2017-11-27 14:12:29 - [MESSAGE][PASSED] - Scroll to object 'Object Repository/PrimoTours/Old Objects/Coco (1)/PrimoT/SaveBooking2/Success/span_kr. 7.892-' successfully

2017-11-27 14:12:29 - [TEST_STEP][PASSED] - click: Object: 'Object Repository/PrimoTours/Old Objects/Coco (1)/PrimoT/SaveBooking2/Success/span_kr. 7.892-' is clicked on

2017-11-27 14:12:30 - [MESSAGE][PASSED] - Object: 'Object Repository/PrimoTours/Old Objects/Coco (1)/PrimoT/SaveBooking2/Success/span_kr. 7.892-' is clicked on

2017-11-27 14:12:30 - [TEST_STEP][PASSED] - scrollToElement: Scroll to object 'Object Repository/PrimoTours/Old Objects/Coco (1)/PrimoT/SaveBooking2/Success/Page_Primo Tours  Danmarks bedste c/i_fa fa-arrow-circle-right' successfully

2017-11-27 14:12:30 - [MESSAGE][PASSED] - Scroll to object 'Object Repository/PrimoTours/Old Objects/Coco (1)/PrimoT/SaveBooking2/Success/Page_Primo Tours  Danmarks bedste c/i_fa fa-arrow-circle-right' successfully

2017-11-27 14:12:30 - [TEST_STEP][PASSED] - waitForElementClickable: Object 'Object Repository/PrimoTours/Old Objects/Coco (1)/PrimoT/SaveBooking2/Success/Page_Primo Tours  Danmarks bedste c/i_fa fa-arrow-circle-right' is clickable

2017-11-27 14:12:30 - [MESSAGE][PASSED] - Object 'Object Repository/PrimoTours/Old Objects/Coco (1)/PrimoT/SaveBooking2/Success/Page_Primo Tours  Danmarks bedste c/i_fa fa-arrow-circle-right' is clickable

2017-11-27 14:12:30 - [TEST_STEP][PASSED] - waitForElementVisible: Object 'Object Repository/PrimoTours/Old Objects/Coco (1)/PrimoT/SaveBooking2/Success/Page_Primo Tours  Danmarks bedste c/i_fa fa-arrow-circle-right' is visible

2017-11-27 14:12:30 - [MESSAGE][PASSED] - Object 'Object Repository/PrimoTours/Old Objects/Coco (1)/PrimoT/SaveBooking2/Success/Page_Primo Tours  Danmarks bedste c/i_fa fa-arrow-circle-right' is visible

2017-11-27 14:12:30 - [TEST_STEP][PASSED] - scrollToElement: Scroll to object 'Object Repository/PrimoTours/Old Objects/Coco (1)/PrimoT/SaveBooking2/Success/Page_Primo Tours  Danmarks bedste c/i_fa fa-arrow-circle-right' successfully

2017-11-27 14:12:30 - [MESSAGE][PASSED] - Scroll to object 'Object Repository/PrimoTours/Old Objects/Coco (1)/PrimoT/SaveBooking2/Success/Page_Primo Tours  Danmarks bedste c/i_fa fa-arrow-circle-right' successfully

2017-11-27 14:12:30 - [TEST_STEP][PASSED] - click: Object: 'Object Repository/PrimoTours/Old Objects/Coco (1)/PrimoT/SaveBooking2/Success/Page_Primo Tours  Danmarks bedste c/i_fa fa-arrow-circle-right' is clicked on

2017-11-27 14:12:30 - [MESSAGE][PASSED] - Object: 'Object Repository/PrimoTours/Old Objects/Coco (1)/PrimoT/SaveBooking2/Success/Page_Primo Tours  Danmarks bedste c/i_fa fa-arrow-circle-right' is clicked on

2017-11-27 14:12:30 - [TEST_STEP][PASSED] - scrollToElement: Scroll to object 'Object Repository/PrimoTours/Old Objects/Coco/PrimoT/Ins2/Page_Primo Tours  Danmarks bedste c/span_Vlg forsikring' successfully

2017-11-27 14:12:30 - [MESSAGE][PASSED] - Scroll to object 'Object Repository/PrimoTours/Old Objects/Coco/PrimoT/Ins2/Page_Primo Tours  Danmarks bedste c/span_Vlg forsikring' successfully

2017-11-27 14:12:30 - [TEST_STEP][PASSED] - waitForElementPresent: Object 'Object Repository/PrimoTours/Old Objects/Coco/PrimoT/Ins2/Page_Primo Tours  Danmarks bedste c/span_Vlg forsikring' is present

2017-11-27 14:12:30 - [MESSAGE][PASSED] - Object 'Object Repository/PrimoTours/Old Objects/Coco/PrimoT/Ins2/Page_Primo Tours  Danmarks bedste c/span_Vlg forsikring' is present

2017-11-27 14:12:30 - [TEST_STEP][PASSED] - waitForElementVisible: Object 'Object Repository/PrimoTours/Old Objects/Coco/PrimoT/Ins2/Page_Primo Tours  Danmarks bedste c/span_Vlg forsikring' is visible

2017-11-27 14:12:31 - [MESSAGE][PASSED] - Object 'Object Repository/PrimoTours/Old Objects/Coco/PrimoT/Ins2/Page_Primo Tours  Danmarks bedste c/span_Vlg forsikring' is visible

2017-11-27 14:12:31 - [TEST_STEP][PASSED] - waitForElementClickable: Object 'Object Repository/PrimoTours/Old Objects/Coco/PrimoT/Ins2/Page_Primo Tours  Danmarks bedste c/span_Vlg forsikring' is clickable

2017-11-27 14:12:31 - [MESSAGE][PASSED] - Object 'Object Repository/PrimoTours/Old Objects/Coco/PrimoT/Ins2/Page_Primo Tours  Danmarks bedste c/span_Vlg forsikring' is clickable

2017-11-27 14:12:31 - [TEST_STEP][PASSED] - click: Object: 'Object Repository/PrimoTours/Old Objects/Coco/PrimoT/Ins2/Page_Primo Tours  Danmarks bedste c/span_Vlg forsikring' is clicked on

2017-11-27 14:12:31 - [MESSAGE][PASSED] - Object: 'Object Repository/PrimoTours/Old Objects/Coco/PrimoT/Ins2/Page_Primo Tours  Danmarks bedste c/span_Vlg forsikring' is clicked on

2017-11-27 14:12:31 - [TEST_STEP][PASSED] - click: Object: 'Object Repository/PrimoTours/Old Objects/Coco/PrimoT/Ins2/Page_Primo Tours  Danmarks bedste c/li_Har selv forsikring - kr. 0' is clicked on

2017-11-27 14:12:31 - [MESSAGE][PASSED] - Object: 'Object Repository/PrimoTours/Old Objects/Coco/PrimoT/Ins2/Page_Primo Tours  Danmarks bedste c/li_Har selv forsikring - kr. 0' is clicked on

2017-11-27 14:12:31 - [TEST_STEP][NOT_RUN] - click: NOT_RUN: click

2017-11-27 14:12:31 - [MESSAGE][NOT_RUN] - NOT_RUN: click

2017-11-27 14:12:31 - [TEST_STEP][NOT_RUN] - scrollToElement: NOT_RUN: scrollToElement

2017-11-27 14:12:31 - [MESSAGE][NOT_RUN] - NOT_RUN: scrollToElement

2017-11-27 14:12:31 - [TEST_STEP][NOT_RUN] - click: NOT_RUN: click

2017-11-27 14:12:31 - [MESSAGE][NOT_RUN] - NOT_RUN: click

2017-11-27 14:12:31 - [TEST_STEP][PASSED] - scrollToElement: Scroll to object 'Object Repository/PrimoTours/Old Objects/Coco (1)/PrimoT/SaveBooking2/Page_Primo Tours  Danmarks bedste c/a_toggle checkbox kalypto' successfully

2017-11-27 14:12:31 - [MESSAGE][PASSED] - Scroll to object 'Object Repository/PrimoTours/Old Objects/Coco (1)/PrimoT/SaveBooking2/Page_Primo Tours  Danmarks bedste c/a_toggle checkbox kalypto' successfully

2017-11-27 14:12:31 - [TEST_STEP][PASSED] - waitForElementVisible: Object 'Object Repository/PrimoTours/Old Objects/Coco (1)/PrimoT/SaveBooking2/Page_Primo Tours  Danmarks bedste c/a_toggle checkbox kalypto' is visible

2017-11-27 14:12:31 - [MESSAGE][PASSED] - Object 'Object Repository/PrimoTours/Old Objects/Coco (1)/PrimoT/SaveBooking2/Page_Primo Tours  Danmarks bedste c/a_toggle checkbox kalypto' is visible

2017-11-27 14:12:31 - [TEST_STEP][PASSED] - click: Object: 'Object Repository/PrimoTours/Old Objects/Coco (1)/PrimoT/SaveBooking2/Page_Primo Tours  Danmarks bedste c/a_toggle checkbox kalypto' is clicked on

2017-11-27 14:12:31 - [MESSAGE][PASSED] - Object: 'Object Repository/PrimoTours/Old Objects/Coco (1)/PrimoT/SaveBooking2/Page_Primo Tours  Danmarks bedste c/a_toggle checkbox kalypto' is clicked on

2017-11-27 14:12:31 - [TEST_STEP][PASSED] - scrollToElement: Scroll to object 'Object Repository/PrimoTours/Old Objects/Coco (1)/PrimoT/SaveBooking2/Success/a_toggle radio kalypto' successfully

2017-11-27 14:12:31 - [MESSAGE][PASSED] - Scroll to object 'Object Repository/PrimoTours/Old Objects/Coco (1)/PrimoT/SaveBooking2/Success/a_toggle radio kalypto' successfully

2017-11-27 14:12:31 - [TEST_STEP][PASSED] - click: Object: 'Object Repository/PrimoTours/Old Objects/Coco (1)/PrimoT/SaveBooking2/Success/a_toggle radio kalypto' is clicked on

2017-11-27 14:12:32 - [MESSAGE][PASSED] - Object: 'Object Repository/PrimoTours/Old Objects/Coco (1)/PrimoT/SaveBooking2/Success/a_toggle radio kalypto' is clicked on

2017-11-27 14:12:32 - [TEST_STEP][PASSED] - scrollToElement: Scroll to object 'Object Repository/PrimoTours/Old Objects/Coco (1)/PrimoT/SaveBooking2/Success/a_toggle checkbox kalypto (1)' successfully

2017-11-27 14:12:32 - [MESSAGE][PASSED] - Scroll to object 'Object Repository/PrimoTours/Old Objects/Coco (1)/PrimoT/SaveBooking2/Success/a_toggle checkbox kalypto (1)' successfully

2017-11-27 14:12:32 - [TEST_STEP][PASSED] - click: Object: 'Object Repository/PrimoTours/Old Objects/Coco (1)/PrimoT/SaveBooking2/Success/a_toggle checkbox kalypto (1)' is clicked on

2017-11-27 14:12:32 - [MESSAGE][PASSED] - Object: 'Object Repository/PrimoTours/Old Objects/Coco (1)/PrimoT/SaveBooking2/Success/a_toggle checkbox kalypto (1)' is clicked on

2017-11-27 14:12:32 - [TEST_STEP][NOT_RUN] - scrollToElement: NOT_RUN: scrollToElement

2017-11-27 14:12:32 - [MESSAGE][NOT_RUN] - NOT_RUN: scrollToElement

2017-11-27 14:12:32 - [TEST_STEP][NOT_RUN] - scrollToElement: NOT_RUN: scrollToElement

2017-11-27 14:12:32 - [MESSAGE][NOT_RUN] - NOT_RUN: scrollToElement

2017-11-27 14:12:32 - [TEST_STEP][NOT_RUN] - click: NOT_RUN: click

2017-11-27 14:12:32 - [MESSAGE][NOT_RUN] - NOT_RUN: click

2017-11-27 14:12:32 - [TEST_STEP][PASSED] - scrollToElement: Scroll to object 'Object Repository/PrimoTours/Old Objects/Coco (1)/PrimoT/SaveBooking2/Success/a_toggle checkbox kalypto' successfully

2017-11-27 14:12:32 - [MESSAGE][PASSED] - Scroll to object 'Object Repository/PrimoTours/Old Objects/Coco (1)/PrimoT/SaveBooking2/Success/a_toggle checkbox kalypto' successfully

2017-11-27 14:12:32 - [TEST_STEP][PASSED] - click: Object: 'Object Repository/PrimoTours/Old Objects/Coco (1)/PrimoT/SaveBooking2/Success/a_toggle checkbox kalypto' is clicked on

2017-11-27 14:12:32 - [MESSAGE][PASSED] - Object: 'Object Repository/PrimoTours/Old Objects/Coco (1)/PrimoT/SaveBooking2/Success/a_toggle checkbox kalypto' is clicked on

2017-11-27 14:12:32 - [TEST_STEP][PASSED] - scrollToElement: Scroll to object 'Object Repository/PrimoTours/Old Objects/Coco (1)/PrimoT/SaveBooking2/Page_Primo Tours  Danmarks bedste c/a_btn btn-success col-xs-12 st' successfully

2017-11-27 14:12:32 - [MESSAGE][PASSED] - Scroll to object 'Object Repository/PrimoTours/Old Objects/Coco (1)/PrimoT/SaveBooking2/Page_Primo Tours  Danmarks bedste c/a_btn btn-success col-xs-12 st' successfully

2017-11-27 14:12:32 - [TEST_STEP][PASSED] - waitForElementClickable: Object 'Object Repository/PrimoTours/Old Objects/Coco (1)/PrimoT/SaveBooking2/Page_Primo Tours  Danmarks bedste c/a_btn btn-success col-xs-12 st' is clickable

2017-11-27 14:12:32 - [MESSAGE][PASSED] - Object 'Object Repository/PrimoTours/Old Objects/Coco (1)/PrimoT/SaveBooking2/Page_Primo Tours  Danmarks bedste c/a_btn btn-success col-xs-12 st' is clickable

2017-11-27 14:12:32 - [TEST_STEP][NOT_RUN] - click: NOT_RUN: click

2017-11-27 14:12:32 - [MESSAGE][NOT_RUN] - NOT_RUN: click]]></system-out>
         <system-err><![CDATA[]]></system-err>
      </testcase>
      <testcase name="Test Cases/PrimoTours/WB Primo/WB Primo staging - place booking - Iteration 2" classname="Test Cases/PrimoTours/WB Primo/WB Primo staging - place booking" status="PASSED">
         <system-out><![CDATA[2017-11-27 14:12:32 - [TEST_CASE][PASSED] - Test Cases/PrimoTours/WB Primo/WB Primo staging - place booking - Iteration 2: Test Cases/PrimoTours/WB Primo/WB Primo staging - place booking

2017-11-27 14:12:32 - [TEST_STEP][PASSED] - openBrowser: Browser is opened with url: ''

2017-11-27 14:12:32 - [MESSAGE][WARNING] - A browser is already opened. Closing browser and opening a new one

2017-11-27 14:12:35 - [MESSAGE][PASSED] - Browser is opened with url: ''

2017-11-27 14:12:35 - [TEST_STEP][PASSED] - maximizeWindow: Current window maximized

2017-11-27 14:12:36 - [MESSAGE][PASSED] - Current window maximized

2017-11-27 14:12:36 - [TEST_STEP][PASSED] - navigateToUrl: Navigate to 'https://staging-primotours-webbooking.tourpaq.com/DoBooking.aspx?pltaID=1480269&p=1&rno=1&pt=1&a=2&c=2&aa=&ca=1%2C5' successfully

2017-11-27 14:12:39 - [MESSAGE][PASSED] - Navigate to 'https://staging-primotours-webbooking.tourpaq.com/DoBooking.aspx?pltaID=1480269&p=1&rno=1&pt=1&a=2&c=2&aa=&ca=1%2C5' successfully

2017-11-27 14:12:39 - [TEST_STEP][PASSED] - setText: Text 'Pedersen AUT' is set on object 'Object Repository/PrimoTours/Old Objects/Coco/PrimoT/Page_Primo Tours  Danmarks bedste c/input_firstName'

2017-11-27 14:12:39 - [MESSAGE][PASSED] - Text 'Pedersen AUT' is set on object 'Object Repository/PrimoTours/Old Objects/Coco/PrimoT/Page_Primo Tours  Danmarks bedste c/input_firstName'

2017-11-27 14:12:39 - [TEST_STEP][PASSED] - setText: Text 'Vibe Dalby' is set on object 'Object Repository/PrimoTours/Old Objects/Coco/PrimoT/Page_Primo Tours  Danmarks bedste c/input_lastName'

2017-11-27 14:12:40 - [MESSAGE][PASSED] - Text 'Vibe Dalby' is set on object 'Object Repository/PrimoTours/Old Objects/Coco/PrimoT/Page_Primo Tours  Danmarks bedste c/input_lastName'

2017-11-27 14:12:40 - [TEST_STEP][PASSED] - setText: Text 'Home address' is set on object 'Object Repository/PrimoTours/Old Objects/Coco/PrimoT/Page_Primo Tours  Danmarks bedste c/input_customerAddress'

2017-11-27 14:12:40 - [MESSAGE][PASSED] - Text 'Home address' is set on object 'Object Repository/PrimoTours/Old Objects/Coco/PrimoT/Page_Primo Tours  Danmarks bedste c/input_customerAddress'

2017-11-27 14:12:40 - [TEST_STEP][PASSED] - setText: Text '6700' is set on object 'Object Repository/PrimoTours/Old Objects/Coco/PrimoT/Page_Primo Tours  Danmarks bedste c/input_customerPostcode'

2017-11-27 14:12:40 - [MESSAGE][PASSED] - Text '6700' is set on object 'Object Repository/PrimoTours/Old Objects/Coco/PrimoT/Page_Primo Tours  Danmarks bedste c/input_customerPostcode'

2017-11-27 14:12:40 - [TEST_STEP][PASSED] - setText: Text 'cornel.neacsu@roweb.ro' is set on object 'Object Repository/PrimoTours/Old Objects/Coco/PrimoT/Page_Primo Tours  Danmarks bedste c/input_customerEmail'

2017-11-27 14:12:41 - [MESSAGE][PASSED] - Text 'cornel.neacsu@roweb.ro' is set on object 'Object Repository/PrimoTours/Old Objects/Coco/PrimoT/Page_Primo Tours  Danmarks bedste c/input_customerEmail'

2017-11-27 14:12:41 - [TEST_STEP][PASSED] - setText: Text '12345678' is set on object 'Object Repository/PrimoTours/Old Objects/Coco/PrimoT/Page_Primo Tours  Danmarks bedste c/input_customerPhone'

2017-11-27 14:12:41 - [MESSAGE][PASSED] - Text '12345678' is set on object 'Object Repository/PrimoTours/Old Objects/Coco/PrimoT/Page_Primo Tours  Danmarks bedste c/input_customerPhone'

2017-11-27 14:12:41 - [TEST_STEP][PASSED] - waitForElementClickable: Object 'Object Repository/PrimoTours/Old Objects/Coco/PrimoT/Page_Primo Tours  Danmarks bedste c/input_firstname-0_1' is clickable

2017-11-27 14:12:42 - [MESSAGE][PASSED] - Object 'Object Repository/PrimoTours/Old Objects/Coco/PrimoT/Page_Primo Tours  Danmarks bedste c/input_firstname-0_1' is clickable

2017-11-27 14:12:42 - [TEST_STEP][PASSED] - Statement - excelInfo = ["fname":"", "lname":"", "pgender":"", "pday":"", "pmonth":"", "pyear":""]: null

2017-11-27 14:12:42 - [TEST_STEP][PASSED] - Statement - rawData = com.kms.katalon.core.testdata.TestDataFactory.findTestData("Data Files/WB_Primo/Passenger_details"): Reading excel file with source file 'D:\Software testing\Tourpaq\Automated Katalon tests\Primo WB test\Data Files\Primo_URLs_For_Automated_Test.xlsx' and sheet name 'Passenger Names'

2017-11-27 14:12:43 - [TEST_STEP][PASSED] - Statement - excelRowNo = rawData.getRowNumbers(): null

2017-11-27 14:12:43 - [TEST_STEP][PASSED] - Statement - randomPaxIndex = 1: null

2017-11-27 14:12:43 - [TEST_STEP][PASSED] - Statement - driver = com.kms.katalon.core.webui.driver.DriverFactory.getWebDriver(): null

2017-11-27 14:12:43 - [TEST_STEP][PASSED] - Statement - roomContainerXpath = "id("booking")/div[@class="wrapper second-bg"]/div[contains(@class,"container-mx")]/div[@class="row"]/div[@class="col-md-12 roomContainer"]": null

2017-11-27 14:12:43 - [TEST_STEP][PASSED] - Statement - roomsCount = driver.findElements(org.openqa.selenium.By.xpath(roomContainerXpath)).size(): null

2017-11-27 14:12:43 - [TEST_STEP][PASSED] - Statement - println("roomsCount=" + roomsCount): null

2017-11-27 14:12:43 - [TEST_STEP][PASSED] - Statement - For ([i = 1, i <= roomsCount, (i++)]): Text 'Judith' is set on object 'Object Repository/PrimoTours/Old Objects/allPaxLastNameFields'

2017-11-27 14:12:43 - [TEST_STEP][PASSED] - Statement - paxInRoomXpath = roomContainerXpath + "[" + i + "]/div[@class="row"]/div[@class="col-md-12"]/div[@class="row"]": null

2017-11-27 14:12:43 - [TEST_STEP][PASSED] - Statement - paxInRoomCount = driver.findElements(org.openqa.selenium.By.xpath(paxInRoomXpath)).size(): null

2017-11-27 14:12:43 - [TEST_STEP][PASSED] - Statement - println("paxInRoomCount=" + paxInRoomCount): null

2017-11-27 14:12:43 - [TEST_STEP][PASSED] - Statement - For ([j = 1, j <= paxInRoomCount, (j++)]): Text 'Judith' is set on object 'Object Repository/PrimoTours/Old Objects/allPaxLastNameFields'

2017-11-27 14:12:43 - [TEST_STEP][PASSED] - Statement - If (i == 1 & j == 1): null

2017-11-27 14:12:43 - [TEST_STEP][PASSED] - Statement - <not implemented yet for class: org.codehaus.groovy.ast.stmt.ContinueStatement>: null

2017-11-27 14:12:43 - [TEST_STEP][PASSED] - Statement - If (i == 1 & j == 1): null

2017-11-27 14:12:43 - [TEST_STEP][PASSED] - Statement - randomPaxIndex = java.lang.Math.abs(new java.util.Random().nextInt() % excelRowNo) + 1: null

2017-11-27 14:12:43 - [TEST_STEP][PASSED] - Statement - println(randomPaxIndex): null

2017-11-27 14:12:43 - [TEST_STEP][PASSED] - Statement - fname = rawData.getValue("FirstName", randomPaxIndex) + " AUT": null

2017-11-27 14:12:43 - [TEST_STEP][PASSED] - Statement - lname = rawData.getValue("LastName", randomPaxIndex): null

2017-11-27 14:12:43 - [TEST_STEP][PASSED] - Statement - pgender = rawData.getValue("Gender", randomPaxIndex): null

2017-11-27 14:12:43 - [TEST_STEP][PASSED] - Statement - pday = rawData.getValue("Day DOB", randomPaxIndex): null

2017-11-27 14:12:43 - [TEST_STEP][PASSED] - Statement - pmonth = rawData.getValue("Month DOB", randomPaxIndex): null

2017-11-27 14:12:43 - [TEST_STEP][PASSED] - Statement - pyear = rawData.getValue("Year DOB", randomPaxIndex): null

2017-11-27 14:12:43 - [TEST_STEP][PASSED] - Statement - paxDetailFields = paxInRoomXpath + "[" + j + "]/div[@class="col-md-x col-md-9"]/div[@class="row paxContainer"]/div[@class="col-md-5"]": null

2017-11-27 14:12:43 - [TEST_STEP][PASSED] - Statement - xpathval = paxDetailFields + "[1]/div[contains(@class,"form-group")]/input[@class="form-control paxFirstName"]": null

2017-11-27 14:12:43 - [TEST_STEP][PASSED] - Statement - println("fn: " + xpathval): null

2017-11-27 14:12:43 - [TEST_STEP][PASSED] - Statement - repObj = com.kms.katalon.core.testobject.ObjectRepository.findTestObject(Object Repository/PrimoTours/Old Objects/allPaxFirstNameFields): Finding Test Object with id 'Object Repository/PrimoTours/Old Objects/allPaxFirstNameFields'

2017-11-27 14:12:43 - [TEST_STEP][PASSED] - Statement - repObj.findProperty("xpath").setValue(xpathval): null

2017-11-27 14:12:43 - [TEST_STEP][PASSED] - setText: Text 'Rasmussen AUT' is set on object 'Object Repository/PrimoTours/Old Objects/allPaxFirstNameFields'

2017-11-27 14:12:43 - [MESSAGE][PASSED] - Text 'Rasmussen AUT' is set on object 'Object Repository/PrimoTours/Old Objects/allPaxFirstNameFields'

2017-11-27 14:12:43 - [TEST_STEP][PASSED] - Statement - xpathval = paxDetailFields + "[2]/div[contains(@class,"form-group")]/input[@class="form-control paxLastName"]": null

2017-11-27 14:12:43 - [TEST_STEP][PASSED] - Statement - println("ln: " + xpathval): null

2017-11-27 14:12:43 - [TEST_STEP][PASSED] - Statement - repObj = com.kms.katalon.core.testobject.ObjectRepository.findTestObject(Object Repository/PrimoTours/Old Objects/allPaxLastNameFields): Finding Test Object with id 'Object Repository/PrimoTours/Old Objects/allPaxLastNameFields'

2017-11-27 14:12:43 - [TEST_STEP][PASSED] - Statement - repObj.findProperty("xpath").setValue(xpathval): null

2017-11-27 14:12:43 - [TEST_STEP][PASSED] - setText: Text 'Gert' is set on object 'Object Repository/PrimoTours/Old Objects/allPaxLastNameFields'

2017-11-27 14:12:43 - [MESSAGE][PASSED] - Text 'Gert' is set on object 'Object Repository/PrimoTours/Old Objects/allPaxLastNameFields'

2017-11-27 14:12:43 - [TEST_STEP][PASSED] - Statement - If (i == 1 & j == 1): null

2017-11-27 14:12:43 - [TEST_STEP][PASSED] - Statement - randomPaxIndex = java.lang.Math.abs(new java.util.Random().nextInt() % excelRowNo) + 1: null

2017-11-27 14:12:43 - [TEST_STEP][PASSED] - Statement - println(randomPaxIndex): null

2017-11-27 14:12:43 - [TEST_STEP][PASSED] - Statement - fname = rawData.getValue("FirstName", randomPaxIndex) + " AUT": null

2017-11-27 14:12:43 - [TEST_STEP][PASSED] - Statement - lname = rawData.getValue("LastName", randomPaxIndex): null

2017-11-27 14:12:43 - [TEST_STEP][PASSED] - Statement - pgender = rawData.getValue("Gender", randomPaxIndex): null

2017-11-27 14:12:43 - [TEST_STEP][PASSED] - Statement - pday = rawData.getValue("Day DOB", randomPaxIndex): null

2017-11-27 14:12:43 - [TEST_STEP][PASSED] - Statement - pmonth = rawData.getValue("Month DOB", randomPaxIndex): null

2017-11-27 14:12:43 - [TEST_STEP][PASSED] - Statement - pyear = rawData.getValue("Year DOB", randomPaxIndex): null

2017-11-27 14:12:43 - [TEST_STEP][PASSED] - Statement - paxDetailFields = paxInRoomXpath + "[" + j + "]/div[@class="col-md-x col-md-9"]/div[@class="row paxContainer"]/div[@class="col-md-5"]": null

2017-11-27 14:12:43 - [TEST_STEP][PASSED] - Statement - xpathval = paxDetailFields + "[1]/div[contains(@class,"form-group")]/input[@class="form-control paxFirstName"]": null

2017-11-27 14:12:43 - [TEST_STEP][PASSED] - Statement - println("fn: " + xpathval): null

2017-11-27 14:12:43 - [TEST_STEP][PASSED] - Statement - repObj = com.kms.katalon.core.testobject.ObjectRepository.findTestObject(Object Repository/PrimoTours/Old Objects/allPaxFirstNameFields): Finding Test Object with id 'Object Repository/PrimoTours/Old Objects/allPaxFirstNameFields'

2017-11-27 14:12:43 - [TEST_STEP][PASSED] - Statement - repObj.findProperty("xpath").setValue(xpathval): null

2017-11-27 14:12:43 - [TEST_STEP][PASSED] - setText: Text 'Clausen AUT' is set on object 'Object Repository/PrimoTours/Old Objects/allPaxFirstNameFields'

2017-11-27 14:12:43 - [MESSAGE][PASSED] - Text 'Clausen AUT' is set on object 'Object Repository/PrimoTours/Old Objects/allPaxFirstNameFields'

2017-11-27 14:12:43 - [TEST_STEP][PASSED] - Statement - xpathval = paxDetailFields + "[2]/div[contains(@class,"form-group")]/input[@class="form-control paxLastName"]": null

2017-11-27 14:12:43 - [TEST_STEP][PASSED] - Statement - println("ln: " + xpathval): null

2017-11-27 14:12:43 - [TEST_STEP][PASSED] - Statement - repObj = com.kms.katalon.core.testobject.ObjectRepository.findTestObject(Object Repository/PrimoTours/Old Objects/allPaxLastNameFields): Finding Test Object with id 'Object Repository/PrimoTours/Old Objects/allPaxLastNameFields'

2017-11-27 14:12:43 - [TEST_STEP][PASSED] - Statement - repObj.findProperty("xpath").setValue(xpathval): null

2017-11-27 14:12:43 - [TEST_STEP][PASSED] - setText: Text 'Carina' is set on object 'Object Repository/PrimoTours/Old Objects/allPaxLastNameFields'

2017-11-27 14:12:44 - [MESSAGE][PASSED] - Text 'Carina' is set on object 'Object Repository/PrimoTours/Old Objects/allPaxLastNameFields'

2017-11-27 14:12:44 - [TEST_STEP][PASSED] - Statement - If (i == 1 & j == 1): null

2017-11-27 14:12:44 - [TEST_STEP][PASSED] - Statement - randomPaxIndex = java.lang.Math.abs(new java.util.Random().nextInt() % excelRowNo) + 1: null

2017-11-27 14:12:44 - [TEST_STEP][PASSED] - Statement - println(randomPaxIndex): null

2017-11-27 14:12:44 - [TEST_STEP][PASSED] - Statement - fname = rawData.getValue("FirstName", randomPaxIndex) + " AUT": null

2017-11-27 14:12:44 - [TEST_STEP][PASSED] - Statement - lname = rawData.getValue("LastName", randomPaxIndex): null

2017-11-27 14:12:44 - [TEST_STEP][PASSED] - Statement - pgender = rawData.getValue("Gender", randomPaxIndex): null

2017-11-27 14:12:44 - [TEST_STEP][PASSED] - Statement - pday = rawData.getValue("Day DOB", randomPaxIndex): null

2017-11-27 14:12:44 - [TEST_STEP][PASSED] - Statement - pmonth = rawData.getValue("Month DOB", randomPaxIndex): null

2017-11-27 14:12:44 - [TEST_STEP][PASSED] - Statement - pyear = rawData.getValue("Year DOB", randomPaxIndex): null

2017-11-27 14:12:44 - [TEST_STEP][PASSED] - Statement - paxDetailFields = paxInRoomXpath + "[" + j + "]/div[@class="col-md-x col-md-9"]/div[@class="row paxContainer"]/div[@class="col-md-5"]": null

2017-11-27 14:12:44 - [TEST_STEP][PASSED] - Statement - xpathval = paxDetailFields + "[1]/div[contains(@class,"form-group")]/input[@class="form-control paxFirstName"]": null

2017-11-27 14:12:44 - [TEST_STEP][PASSED] - Statement - println("fn: " + xpathval): null

2017-11-27 14:12:44 - [TEST_STEP][PASSED] - Statement - repObj = com.kms.katalon.core.testobject.ObjectRepository.findTestObject(Object Repository/PrimoTours/Old Objects/allPaxFirstNameFields): Finding Test Object with id 'Object Repository/PrimoTours/Old Objects/allPaxFirstNameFields'

2017-11-27 14:12:44 - [TEST_STEP][PASSED] - Statement - repObj.findProperty("xpath").setValue(xpathval): null

2017-11-27 14:12:44 - [TEST_STEP][PASSED] - setText: Text 'Pedersen AUT' is set on object 'Object Repository/PrimoTours/Old Objects/allPaxFirstNameFields'

2017-11-27 14:12:44 - [MESSAGE][PASSED] - Text 'Pedersen AUT' is set on object 'Object Repository/PrimoTours/Old Objects/allPaxFirstNameFields'

2017-11-27 14:12:44 - [TEST_STEP][PASSED] - Statement - xpathval = paxDetailFields + "[2]/div[contains(@class,"form-group")]/input[@class="form-control paxLastName"]": null

2017-11-27 14:12:44 - [TEST_STEP][PASSED] - Statement - println("ln: " + xpathval): null

2017-11-27 14:12:44 - [TEST_STEP][PASSED] - Statement - repObj = com.kms.katalon.core.testobject.ObjectRepository.findTestObject(Object Repository/PrimoTours/Old Objects/allPaxLastNameFields): Finding Test Object with id 'Object Repository/PrimoTours/Old Objects/allPaxLastNameFields'

2017-11-27 14:12:44 - [TEST_STEP][PASSED] - Statement - repObj.findProperty("xpath").setValue(xpathval): null

2017-11-27 14:12:44 - [TEST_STEP][PASSED] - setText: Text 'Judith' is set on object 'Object Repository/PrimoTours/Old Objects/allPaxLastNameFields'

2017-11-27 14:12:44 - [MESSAGE][PASSED] - Text 'Judith' is set on object 'Object Repository/PrimoTours/Old Objects/allPaxLastNameFields'

2017-11-27 14:12:44 - [TEST_STEP][PASSED] - scrollToElement: Scroll to object 'Object Repository/PrimoTours/Old Objects/Coco (1)/PrimoT/SaveBooking2/Success/span_kr. 7.892-' successfully

2017-11-27 14:12:44 - [MESSAGE][PASSED] - Scroll to object 'Object Repository/PrimoTours/Old Objects/Coco (1)/PrimoT/SaveBooking2/Success/span_kr. 7.892-' successfully

2017-11-27 14:12:44 - [TEST_STEP][PASSED] - click: Object: 'Object Repository/PrimoTours/Old Objects/Coco (1)/PrimoT/SaveBooking2/Success/span_kr. 7.892-' is clicked on

2017-11-27 14:12:44 - [MESSAGE][PASSED] - Object: 'Object Repository/PrimoTours/Old Objects/Coco (1)/PrimoT/SaveBooking2/Success/span_kr. 7.892-' is clicked on

2017-11-27 14:12:44 - [TEST_STEP][PASSED] - scrollToElement: Scroll to object 'Object Repository/PrimoTours/Old Objects/Coco (1)/PrimoT/SaveBooking2/Success/Page_Primo Tours  Danmarks bedste c/i_fa fa-arrow-circle-right' successfully

2017-11-27 14:12:44 - [MESSAGE][PASSED] - Scroll to object 'Object Repository/PrimoTours/Old Objects/Coco (1)/PrimoT/SaveBooking2/Success/Page_Primo Tours  Danmarks bedste c/i_fa fa-arrow-circle-right' successfully

2017-11-27 14:12:44 - [TEST_STEP][PASSED] - waitForElementClickable: Object 'Object Repository/PrimoTours/Old Objects/Coco (1)/PrimoT/SaveBooking2/Success/Page_Primo Tours  Danmarks bedste c/i_fa fa-arrow-circle-right' is clickable

2017-11-27 14:12:44 - [MESSAGE][PASSED] - Object 'Object Repository/PrimoTours/Old Objects/Coco (1)/PrimoT/SaveBooking2/Success/Page_Primo Tours  Danmarks bedste c/i_fa fa-arrow-circle-right' is clickable

2017-11-27 14:12:44 - [TEST_STEP][PASSED] - waitForElementVisible: Object 'Object Repository/PrimoTours/Old Objects/Coco (1)/PrimoT/SaveBooking2/Success/Page_Primo Tours  Danmarks bedste c/i_fa fa-arrow-circle-right' is visible

2017-11-27 14:12:44 - [MESSAGE][PASSED] - Object 'Object Repository/PrimoTours/Old Objects/Coco (1)/PrimoT/SaveBooking2/Success/Page_Primo Tours  Danmarks bedste c/i_fa fa-arrow-circle-right' is visible

2017-11-27 14:12:44 - [TEST_STEP][PASSED] - scrollToElement: Scroll to object 'Object Repository/PrimoTours/Old Objects/Coco (1)/PrimoT/SaveBooking2/Success/Page_Primo Tours  Danmarks bedste c/i_fa fa-arrow-circle-right' successfully

2017-11-27 14:12:44 - [MESSAGE][PASSED] - Scroll to object 'Object Repository/PrimoTours/Old Objects/Coco (1)/PrimoT/SaveBooking2/Success/Page_Primo Tours  Danmarks bedste c/i_fa fa-arrow-circle-right' successfully

2017-11-27 14:12:44 - [TEST_STEP][PASSED] - click: Object: 'Object Repository/PrimoTours/Old Objects/Coco (1)/PrimoT/SaveBooking2/Success/Page_Primo Tours  Danmarks bedste c/i_fa fa-arrow-circle-right' is clicked on

2017-11-27 14:12:44 - [MESSAGE][PASSED] - Object: 'Object Repository/PrimoTours/Old Objects/Coco (1)/PrimoT/SaveBooking2/Success/Page_Primo Tours  Danmarks bedste c/i_fa fa-arrow-circle-right' is clicked on

2017-11-27 14:12:44 - [TEST_STEP][PASSED] - scrollToElement: Scroll to object 'Object Repository/PrimoTours/Old Objects/Coco/PrimoT/Ins2/Page_Primo Tours  Danmarks bedste c/span_Vlg forsikring' successfully

2017-11-27 14:12:45 - [MESSAGE][PASSED] - Scroll to object 'Object Repository/PrimoTours/Old Objects/Coco/PrimoT/Ins2/Page_Primo Tours  Danmarks bedste c/span_Vlg forsikring' successfully

2017-11-27 14:12:45 - [TEST_STEP][PASSED] - waitForElementPresent: Object 'Object Repository/PrimoTours/Old Objects/Coco/PrimoT/Ins2/Page_Primo Tours  Danmarks bedste c/span_Vlg forsikring' is present

2017-11-27 14:12:45 - [MESSAGE][PASSED] - Object 'Object Repository/PrimoTours/Old Objects/Coco/PrimoT/Ins2/Page_Primo Tours  Danmarks bedste c/span_Vlg forsikring' is present

2017-11-27 14:12:45 - [TEST_STEP][PASSED] - waitForElementVisible: Object 'Object Repository/PrimoTours/Old Objects/Coco/PrimoT/Ins2/Page_Primo Tours  Danmarks bedste c/span_Vlg forsikring' is visible

2017-11-27 14:12:45 - [MESSAGE][PASSED] - Object 'Object Repository/PrimoTours/Old Objects/Coco/PrimoT/Ins2/Page_Primo Tours  Danmarks bedste c/span_Vlg forsikring' is visible

2017-11-27 14:12:45 - [TEST_STEP][PASSED] - waitForElementClickable: Object 'Object Repository/PrimoTours/Old Objects/Coco/PrimoT/Ins2/Page_Primo Tours  Danmarks bedste c/span_Vlg forsikring' is clickable

2017-11-27 14:12:45 - [MESSAGE][PASSED] - Object 'Object Repository/PrimoTours/Old Objects/Coco/PrimoT/Ins2/Page_Primo Tours  Danmarks bedste c/span_Vlg forsikring' is clickable

2017-11-27 14:12:45 - [TEST_STEP][PASSED] - click: Object: 'Object Repository/PrimoTours/Old Objects/Coco/PrimoT/Ins2/Page_Primo Tours  Danmarks bedste c/span_Vlg forsikring' is clicked on

2017-11-27 14:12:45 - [MESSAGE][PASSED] - Object: 'Object Repository/PrimoTours/Old Objects/Coco/PrimoT/Ins2/Page_Primo Tours  Danmarks bedste c/span_Vlg forsikring' is clicked on

2017-11-27 14:12:45 - [TEST_STEP][PASSED] - click: Object: 'Object Repository/PrimoTours/Old Objects/Coco/PrimoT/Ins2/Page_Primo Tours  Danmarks bedste c/li_Har selv forsikring - kr. 0' is clicked on

2017-11-27 14:12:46 - [MESSAGE][PASSED] - Object: 'Object Repository/PrimoTours/Old Objects/Coco/PrimoT/Ins2/Page_Primo Tours  Danmarks bedste c/li_Har selv forsikring - kr. 0' is clicked on

2017-11-27 14:12:46 - [TEST_STEP][NOT_RUN] - click: NOT_RUN: click

2017-11-27 14:12:46 - [MESSAGE][NOT_RUN] - NOT_RUN: click

2017-11-27 14:12:46 - [TEST_STEP][NOT_RUN] - scrollToElement: NOT_RUN: scrollToElement

2017-11-27 14:12:46 - [MESSAGE][NOT_RUN] - NOT_RUN: scrollToElement

2017-11-27 14:12:46 - [TEST_STEP][NOT_RUN] - click: NOT_RUN: click

2017-11-27 14:12:46 - [MESSAGE][NOT_RUN] - NOT_RUN: click

2017-11-27 14:12:46 - [TEST_STEP][PASSED] - scrollToElement: Scroll to object 'Object Repository/PrimoTours/Old Objects/Coco (1)/PrimoT/SaveBooking2/Page_Primo Tours  Danmarks bedste c/a_toggle checkbox kalypto' successfully

2017-11-27 14:12:46 - [MESSAGE][PASSED] - Scroll to object 'Object Repository/PrimoTours/Old Objects/Coco (1)/PrimoT/SaveBooking2/Page_Primo Tours  Danmarks bedste c/a_toggle checkbox kalypto' successfully

2017-11-27 14:12:46 - [TEST_STEP][PASSED] - waitForElementVisible: Object 'Object Repository/PrimoTours/Old Objects/Coco (1)/PrimoT/SaveBooking2/Page_Primo Tours  Danmarks bedste c/a_toggle checkbox kalypto' is visible

2017-11-27 14:12:46 - [MESSAGE][PASSED] - Object 'Object Repository/PrimoTours/Old Objects/Coco (1)/PrimoT/SaveBooking2/Page_Primo Tours  Danmarks bedste c/a_toggle checkbox kalypto' is visible

2017-11-27 14:12:46 - [TEST_STEP][PASSED] - click: Object: 'Object Repository/PrimoTours/Old Objects/Coco (1)/PrimoT/SaveBooking2/Page_Primo Tours  Danmarks bedste c/a_toggle checkbox kalypto' is clicked on

2017-11-27 14:12:46 - [MESSAGE][PASSED] - Object: 'Object Repository/PrimoTours/Old Objects/Coco (1)/PrimoT/SaveBooking2/Page_Primo Tours  Danmarks bedste c/a_toggle checkbox kalypto' is clicked on

2017-11-27 14:12:46 - [TEST_STEP][PASSED] - scrollToElement: Scroll to object 'Object Repository/PrimoTours/Old Objects/Coco (1)/PrimoT/SaveBooking2/Success/a_toggle radio kalypto' successfully

2017-11-27 14:12:46 - [MESSAGE][PASSED] - Scroll to object 'Object Repository/PrimoTours/Old Objects/Coco (1)/PrimoT/SaveBooking2/Success/a_toggle radio kalypto' successfully

2017-11-27 14:12:46 - [TEST_STEP][PASSED] - click: Object: 'Object Repository/PrimoTours/Old Objects/Coco (1)/PrimoT/SaveBooking2/Success/a_toggle radio kalypto' is clicked on

2017-11-27 14:12:46 - [MESSAGE][PASSED] - Object: 'Object Repository/PrimoTours/Old Objects/Coco (1)/PrimoT/SaveBooking2/Success/a_toggle radio kalypto' is clicked on

2017-11-27 14:12:46 - [TEST_STEP][PASSED] - scrollToElement: Scroll to object 'Object Repository/PrimoTours/Old Objects/Coco (1)/PrimoT/SaveBooking2/Success/a_toggle checkbox kalypto (1)' successfully

2017-11-27 14:12:46 - [MESSAGE][PASSED] - Scroll to object 'Object Repository/PrimoTours/Old Objects/Coco (1)/PrimoT/SaveBooking2/Success/a_toggle checkbox kalypto (1)' successfully

2017-11-27 14:12:46 - [TEST_STEP][PASSED] - click: Object: 'Object Repository/PrimoTours/Old Objects/Coco (1)/PrimoT/SaveBooking2/Success/a_toggle checkbox kalypto (1)' is clicked on

2017-11-27 14:12:47 - [MESSAGE][PASSED] - Object: 'Object Repository/PrimoTours/Old Objects/Coco (1)/PrimoT/SaveBooking2/Success/a_toggle checkbox kalypto (1)' is clicked on

2017-11-27 14:12:47 - [TEST_STEP][NOT_RUN] - scrollToElement: NOT_RUN: scrollToElement

2017-11-27 14:12:47 - [MESSAGE][NOT_RUN] - NOT_RUN: scrollToElement

2017-11-27 14:12:47 - [TEST_STEP][NOT_RUN] - scrollToElement: NOT_RUN: scrollToElement

2017-11-27 14:12:47 - [MESSAGE][NOT_RUN] - NOT_RUN: scrollToElement

2017-11-27 14:12:47 - [TEST_STEP][NOT_RUN] - click: NOT_RUN: click

2017-11-27 14:12:47 - [MESSAGE][NOT_RUN] - NOT_RUN: click

2017-11-27 14:12:47 - [TEST_STEP][PASSED] - scrollToElement: Scroll to object 'Object Repository/PrimoTours/Old Objects/Coco (1)/PrimoT/SaveBooking2/Success/a_toggle checkbox kalypto' successfully

2017-11-27 14:12:47 - [MESSAGE][PASSED] - Scroll to object 'Object Repository/PrimoTours/Old Objects/Coco (1)/PrimoT/SaveBooking2/Success/a_toggle checkbox kalypto' successfully

2017-11-27 14:12:47 - [TEST_STEP][PASSED] - click: Object: 'Object Repository/PrimoTours/Old Objects/Coco (1)/PrimoT/SaveBooking2/Success/a_toggle checkbox kalypto' is clicked on

2017-11-27 14:12:47 - [MESSAGE][PASSED] - Object: 'Object Repository/PrimoTours/Old Objects/Coco (1)/PrimoT/SaveBooking2/Success/a_toggle checkbox kalypto' is clicked on

2017-11-27 14:12:47 - [TEST_STEP][PASSED] - scrollToElement: Scroll to object 'Object Repository/PrimoTours/Old Objects/Coco (1)/PrimoT/SaveBooking2/Page_Primo Tours  Danmarks bedste c/a_btn btn-success col-xs-12 st' successfully

2017-11-27 14:12:47 - [MESSAGE][PASSED] - Scroll to object 'Object Repository/PrimoTours/Old Objects/Coco (1)/PrimoT/SaveBooking2/Page_Primo Tours  Danmarks bedste c/a_btn btn-success col-xs-12 st' successfully

2017-11-27 14:12:47 - [TEST_STEP][PASSED] - waitForElementClickable: Object 'Object Repository/PrimoTours/Old Objects/Coco (1)/PrimoT/SaveBooking2/Page_Primo Tours  Danmarks bedste c/a_btn btn-success col-xs-12 st' is clickable

2017-11-27 14:12:47 - [MESSAGE][PASSED] - Object 'Object Repository/PrimoTours/Old Objects/Coco (1)/PrimoT/SaveBooking2/Page_Primo Tours  Danmarks bedste c/a_btn btn-success col-xs-12 st' is clickable

2017-11-27 14:12:47 - [TEST_STEP][NOT_RUN] - click: NOT_RUN: click

2017-11-27 14:12:47 - [MESSAGE][NOT_RUN] - NOT_RUN: click]]></system-out>
         <system-err><![CDATA[]]></system-err>
      </testcase>
      <testcase name="Test Cases/PrimoTours/WB Primo/WB Primo staging - place booking - Iteration 3" classname="Test Cases/PrimoTours/WB Primo/WB Primo staging - place booking" status="FAILED">
         <failure type="FAILED" message="Test Cases/PrimoTours/WB Primo/WB Primo staging - place booking FAILED because (of) Unable to click on object 'Object Repository/PrimoTours/Old Objects/Coco (1)/PrimoT/SaveBooking2/Success/a_toggle radio kalypto' (Root cause: org.openqa.selenium.WebDriverException: unknown error: Element &lt;a href=&quot;#&quot; class=&quot;toggle radio kalypto&quot;>&lt;/a> is not clickable at point (865, 10). Other element would receive the click: &lt;html lang=&quot;en&quot; class=&quot;win chrome chrome62 webkit webkit5&quot;>...&lt;/html>
  (Session info: chrome=62.0.3202.94)
  (Driver info: chromedriver=2.33.506120 (e3e53437346286c0bc2d2dc9aa4915ba81d9023f),platform=Windows NT 6.3.9600 x86_64) (WARNING: The server did not provide any stacktrace information)
Command duration or timeout: 0 milliseconds
Build info: version: '3.7.1', revision: '8a0099a', time: '2017-11-06T21:07:36.161Z'
System info: host: 'NEACSUNEW-PC', ip: '10.10.10.211', os.name: 'Windows 8.1', os.arch: 'amd64', os.version: '6.3', java.version: '1.8.0_102'
Driver info: com.kms.katalon.selenium.driver.CChromeDriver
Capabilities {acceptSslCerts: true, applicationCacheEnabled: false, browserConnectionEnabled: false, browserName: chrome, chrome: {chromedriverVersion: 2.33.506120 (e3e53437346286..., userDataDir: C:\Users\Cornel\AppData\Loc...}, cssSelectorsEnabled: true, databaseEnabled: false, handlesAlerts: true, hasTouchScreen: false, javascriptEnabled: true, locationContextEnabled: true, mobileEmulationEnabled: false, nativeEvents: true, networkConnectionEnabled: false, pageLoadStrategy: normal, platform: XP, platformName: XP, rotatable: false, setWindowRect: true, takesHeapSnapshot: true, takesScreenshot: true, unexpectedAlertBehaviour: , unhandledPromptBehavior: , version: 62.0.3202.94, webStorageEnabled: true}
Session ID: c94f221576f4a0c061d3672c0fbaf680)"/>
         <system-out><![CDATA[2017-11-27 14:12:47 - [TEST_CASE][FAILED] - Test Cases/PrimoTours/WB Primo/WB Primo staging - place booking - Iteration 3: Test Cases/PrimoTours/WB Primo/WB Primo staging - place booking FAILED because (of) Unable to click on object 'Object Repository/PrimoTours/Old Objects/Coco (1)/PrimoT/SaveBooking2/Success/a_toggle radio kalypto' (Root cause: org.openqa.selenium.WebDriverException: unknown error: Element <a href="#" class="toggle radio kalypto"></a> is not clickable at point (865, 10). Other element would receive the click: <html lang="en" class="win chrome chrome62 webkit webkit5">...</html>
  (Session info: chrome=62.0.3202.94)
  (Driver info: chromedriver=2.33.506120 (e3e53437346286c0bc2d2dc9aa4915ba81d9023f),platform=Windows NT 6.3.9600 x86_64) (WARNING: The server did not provide any stacktrace information)
Command duration or timeout: 0 milliseconds
Build info: version: '3.7.1', revision: '8a0099a', time: '2017-11-06T21:07:36.161Z'
System info: host: 'NEACSUNEW-PC', ip: '10.10.10.211', os.name: 'Windows 8.1', os.arch: 'amd64', os.version: '6.3', java.version: '1.8.0_102'
Driver info: com.kms.katalon.selenium.driver.CChromeDriver
Capabilities {acceptSslCerts: true, applicationCacheEnabled: false, browserConnectionEnabled: false, browserName: chrome, chrome: {chromedriverVersion: 2.33.506120 (e3e53437346286..., userDataDir: C:\Users\Cornel\AppData\Loc...}, cssSelectorsEnabled: true, databaseEnabled: false, handlesAlerts: true, hasTouchScreen: false, javascriptEnabled: true, locationContextEnabled: true, mobileEmulationEnabled: false, nativeEvents: true, networkConnectionEnabled: false, pageLoadStrategy: normal, platform: XP, platformName: XP, rotatable: false, setWindowRect: true, takesHeapSnapshot: true, takesScreenshot: true, unexpectedAlertBehaviour: , unhandledPromptBehavior: , version: 62.0.3202.94, webStorageEnabled: true}
Session ID: c94f221576f4a0c061d3672c0fbaf680)

2017-11-27 14:12:47 - [TEST_STEP][PASSED] - openBrowser: Browser is opened with url: ''

2017-11-27 14:12:47 - [MESSAGE][WARNING] - A browser is already opened. Closing browser and opening a new one

2017-11-27 14:12:50 - [MESSAGE][PASSED] - Browser is opened with url: ''

2017-11-27 14:12:50 - [TEST_STEP][PASSED] - maximizeWindow: Current window maximized

2017-11-27 14:12:51 - [MESSAGE][PASSED] - Current window maximized

2017-11-27 14:12:51 - [TEST_STEP][PASSED] - navigateToUrl: Navigate to 'https://staging-primotours-webbooking.tourpaq.com/DoBooking.aspx?pltaID=1480269&p=1&rno=2&pt=1&a=4&c=4&aa=&ca=1,4|0,5' successfully

2017-11-27 14:12:54 - [MESSAGE][PASSED] - Navigate to 'https://staging-primotours-webbooking.tourpaq.com/DoBooking.aspx?pltaID=1480269&p=1&rno=2&pt=1&a=4&c=4&aa=&ca=1,4|0,5' successfully

2017-11-27 14:12:54 - [TEST_STEP][PASSED] - setText: Text 'Pedersen AUT' is set on object 'Object Repository/PrimoTours/Old Objects/Coco/PrimoT/Page_Primo Tours  Danmarks bedste c/input_firstName'

2017-11-27 14:12:55 - [MESSAGE][PASSED] - Text 'Pedersen AUT' is set on object 'Object Repository/PrimoTours/Old Objects/Coco/PrimoT/Page_Primo Tours  Danmarks bedste c/input_firstName'

2017-11-27 14:12:55 - [TEST_STEP][PASSED] - setText: Text 'Vibe Dalby' is set on object 'Object Repository/PrimoTours/Old Objects/Coco/PrimoT/Page_Primo Tours  Danmarks bedste c/input_lastName'

2017-11-27 14:12:55 - [MESSAGE][PASSED] - Text 'Vibe Dalby' is set on object 'Object Repository/PrimoTours/Old Objects/Coco/PrimoT/Page_Primo Tours  Danmarks bedste c/input_lastName'

2017-11-27 14:12:55 - [TEST_STEP][PASSED] - setText: Text 'Home address' is set on object 'Object Repository/PrimoTours/Old Objects/Coco/PrimoT/Page_Primo Tours  Danmarks bedste c/input_customerAddress'

2017-11-27 14:12:55 - [MESSAGE][PASSED] - Text 'Home address' is set on object 'Object Repository/PrimoTours/Old Objects/Coco/PrimoT/Page_Primo Tours  Danmarks bedste c/input_customerAddress'

2017-11-27 14:12:55 - [TEST_STEP][PASSED] - setText: Text '6700' is set on object 'Object Repository/PrimoTours/Old Objects/Coco/PrimoT/Page_Primo Tours  Danmarks bedste c/input_customerPostcode'

2017-11-27 14:12:56 - [MESSAGE][PASSED] - Text '6700' is set on object 'Object Repository/PrimoTours/Old Objects/Coco/PrimoT/Page_Primo Tours  Danmarks bedste c/input_customerPostcode'

2017-11-27 14:12:56 - [TEST_STEP][PASSED] - setText: Text 'cornel.neacsu@roweb.ro' is set on object 'Object Repository/PrimoTours/Old Objects/Coco/PrimoT/Page_Primo Tours  Danmarks bedste c/input_customerEmail'

2017-11-27 14:12:56 - [MESSAGE][PASSED] - Text 'cornel.neacsu@roweb.ro' is set on object 'Object Repository/PrimoTours/Old Objects/Coco/PrimoT/Page_Primo Tours  Danmarks bedste c/input_customerEmail'

2017-11-27 14:12:56 - [TEST_STEP][PASSED] - setText: Text '12345678' is set on object 'Object Repository/PrimoTours/Old Objects/Coco/PrimoT/Page_Primo Tours  Danmarks bedste c/input_customerPhone'

2017-11-27 14:12:56 - [MESSAGE][PASSED] - Text '12345678' is set on object 'Object Repository/PrimoTours/Old Objects/Coco/PrimoT/Page_Primo Tours  Danmarks bedste c/input_customerPhone'

2017-11-27 14:12:56 - [TEST_STEP][PASSED] - waitForElementClickable: Object 'Object Repository/PrimoTours/Old Objects/Coco/PrimoT/Page_Primo Tours  Danmarks bedste c/input_firstname-0_1' is clickable

2017-11-27 14:12:58 - [MESSAGE][PASSED] - Object 'Object Repository/PrimoTours/Old Objects/Coco/PrimoT/Page_Primo Tours  Danmarks bedste c/input_firstname-0_1' is clickable

2017-11-27 14:12:58 - [TEST_STEP][PASSED] - Statement - excelInfo = ["fname":"", "lname":"", "pgender":"", "pday":"", "pmonth":"", "pyear":""]: null

2017-11-27 14:12:58 - [TEST_STEP][PASSED] - Statement - rawData = com.kms.katalon.core.testdata.TestDataFactory.findTestData("Data Files/WB_Primo/Passenger_details"): Reading excel file with source file 'D:\Software testing\Tourpaq\Automated Katalon tests\Primo WB test\Data Files\Primo_URLs_For_Automated_Test.xlsx' and sheet name 'Passenger Names'

2017-11-27 14:12:58 - [TEST_STEP][PASSED] - Statement - excelRowNo = rawData.getRowNumbers(): null

2017-11-27 14:12:58 - [TEST_STEP][PASSED] - Statement - randomPaxIndex = 1: null

2017-11-27 14:12:58 - [TEST_STEP][PASSED] - Statement - driver = com.kms.katalon.core.webui.driver.DriverFactory.getWebDriver(): null

2017-11-27 14:12:58 - [TEST_STEP][PASSED] - Statement - roomContainerXpath = "id("booking")/div[@class="wrapper second-bg"]/div[contains(@class,"container-mx")]/div[@class="row"]/div[@class="col-md-12 roomContainer"]": null

2017-11-27 14:12:58 - [TEST_STEP][PASSED] - Statement - roomsCount = driver.findElements(org.openqa.selenium.By.xpath(roomContainerXpath)).size(): null

2017-11-27 14:12:58 - [TEST_STEP][PASSED] - Statement - println("roomsCount=" + roomsCount): null

2017-11-27 14:12:58 - [TEST_STEP][PASSED] - Statement - For ([i = 1, i <= roomsCount, (i++)]): Text 'Anders Blomkvist Korshøj' is set on object 'Object Repository/PrimoTours/Old Objects/allPaxLastNameFields'

2017-11-27 14:12:58 - [TEST_STEP][PASSED] - Statement - paxInRoomXpath = roomContainerXpath + "[" + i + "]/div[@class="row"]/div[@class="col-md-12"]/div[@class="row"]": null

2017-11-27 14:12:58 - [TEST_STEP][PASSED] - Statement - paxInRoomCount = driver.findElements(org.openqa.selenium.By.xpath(paxInRoomXpath)).size(): null

2017-11-27 14:12:58 - [TEST_STEP][PASSED] - Statement - println("paxInRoomCount=" + paxInRoomCount): null

2017-11-27 14:12:58 - [TEST_STEP][PASSED] - Statement - For ([j = 1, j <= paxInRoomCount, (j++)]): Text 'Annalise Lindtofte' is set on object 'Object Repository/PrimoTours/Old Objects/allPaxLastNameFields'

2017-11-27 14:12:58 - [TEST_STEP][PASSED] - Statement - If (i == 1 & j == 1): null

2017-11-27 14:12:58 - [TEST_STEP][PASSED] - Statement - <not implemented yet for class: org.codehaus.groovy.ast.stmt.ContinueStatement>: null

2017-11-27 14:12:58 - [TEST_STEP][PASSED] - Statement - If (i == 1 & j == 1): null

2017-11-27 14:12:58 - [TEST_STEP][PASSED] - Statement - randomPaxIndex = java.lang.Math.abs(new java.util.Random().nextInt() % excelRowNo) + 1: null

2017-11-27 14:12:58 - [TEST_STEP][PASSED] - Statement - println(randomPaxIndex): null

2017-11-27 14:12:58 - [TEST_STEP][PASSED] - Statement - fname = rawData.getValue("FirstName", randomPaxIndex) + " AUT": null

2017-11-27 14:12:58 - [TEST_STEP][PASSED] - Statement - lname = rawData.getValue("LastName", randomPaxIndex): null

2017-11-27 14:12:58 - [TEST_STEP][PASSED] - Statement - pgender = rawData.getValue("Gender", randomPaxIndex): null

2017-11-27 14:12:58 - [TEST_STEP][PASSED] - Statement - pday = rawData.getValue("Day DOB", randomPaxIndex): null

2017-11-27 14:12:58 - [TEST_STEP][PASSED] - Statement - pmonth = rawData.getValue("Month DOB", randomPaxIndex): null

2017-11-27 14:12:58 - [TEST_STEP][PASSED] - Statement - pyear = rawData.getValue("Year DOB", randomPaxIndex): null

2017-11-27 14:12:58 - [TEST_STEP][PASSED] - Statement - paxDetailFields = paxInRoomXpath + "[" + j + "]/div[@class="col-md-x col-md-9"]/div[@class="row paxContainer"]/div[@class="col-md-5"]": null

2017-11-27 14:12:58 - [TEST_STEP][PASSED] - Statement - xpathval = paxDetailFields + "[1]/div[contains(@class,"form-group")]/input[@class="form-control paxFirstName"]": null

2017-11-27 14:12:58 - [TEST_STEP][PASSED] - Statement - println("fn: " + xpathval): null

2017-11-27 14:12:58 - [TEST_STEP][PASSED] - Statement - repObj = com.kms.katalon.core.testobject.ObjectRepository.findTestObject(Object Repository/PrimoTours/Old Objects/allPaxFirstNameFields): Finding Test Object with id 'Object Repository/PrimoTours/Old Objects/allPaxFirstNameFields'

2017-11-27 14:12:58 - [TEST_STEP][PASSED] - Statement - repObj.findProperty("xpath").setValue(xpathval): null

2017-11-27 14:12:58 - [TEST_STEP][PASSED] - setText: Text 'Lyngholm AUT' is set on object 'Object Repository/PrimoTours/Old Objects/allPaxFirstNameFields'

2017-11-27 14:12:59 - [MESSAGE][PASSED] - Text 'Lyngholm AUT' is set on object 'Object Repository/PrimoTours/Old Objects/allPaxFirstNameFields'

2017-11-27 14:12:59 - [TEST_STEP][PASSED] - Statement - xpathval = paxDetailFields + "[2]/div[contains(@class,"form-group")]/input[@class="form-control paxLastName"]": null

2017-11-27 14:12:59 - [TEST_STEP][PASSED] - Statement - println("ln: " + xpathval): null

2017-11-27 14:12:59 - [TEST_STEP][PASSED] - Statement - repObj = com.kms.katalon.core.testobject.ObjectRepository.findTestObject(Object Repository/PrimoTours/Old Objects/allPaxLastNameFields): Finding Test Object with id 'Object Repository/PrimoTours/Old Objects/allPaxLastNameFields'

2017-11-27 14:12:59 - [TEST_STEP][PASSED] - Statement - repObj.findProperty("xpath").setValue(xpathval): null

2017-11-27 14:12:59 - [TEST_STEP][PASSED] - setText: Text 'Tina Bæk' is set on object 'Object Repository/PrimoTours/Old Objects/allPaxLastNameFields'

2017-11-27 14:12:59 - [MESSAGE][PASSED] - Text 'Tina Bæk' is set on object 'Object Repository/PrimoTours/Old Objects/allPaxLastNameFields'

2017-11-27 14:12:59 - [TEST_STEP][PASSED] - Statement - If (i == 1 & j == 1): null

2017-11-27 14:12:59 - [TEST_STEP][PASSED] - Statement - randomPaxIndex = java.lang.Math.abs(new java.util.Random().nextInt() % excelRowNo) + 1: null

2017-11-27 14:12:59 - [TEST_STEP][PASSED] - Statement - println(randomPaxIndex): null

2017-11-27 14:12:59 - [TEST_STEP][PASSED] - Statement - fname = rawData.getValue("FirstName", randomPaxIndex) + " AUT": null

2017-11-27 14:12:59 - [TEST_STEP][PASSED] - Statement - lname = rawData.getValue("LastName", randomPaxIndex): null

2017-11-27 14:12:59 - [TEST_STEP][PASSED] - Statement - pgender = rawData.getValue("Gender", randomPaxIndex): null

2017-11-27 14:12:59 - [TEST_STEP][PASSED] - Statement - pday = rawData.getValue("Day DOB", randomPaxIndex): null

2017-11-27 14:12:59 - [TEST_STEP][PASSED] - Statement - pmonth = rawData.getValue("Month DOB", randomPaxIndex): null

2017-11-27 14:12:59 - [TEST_STEP][PASSED] - Statement - pyear = rawData.getValue("Year DOB", randomPaxIndex): null

2017-11-27 14:12:59 - [TEST_STEP][PASSED] - Statement - paxDetailFields = paxInRoomXpath + "[" + j + "]/div[@class="col-md-x col-md-9"]/div[@class="row paxContainer"]/div[@class="col-md-5"]": null

2017-11-27 14:12:59 - [TEST_STEP][PASSED] - Statement - xpathval = paxDetailFields + "[1]/div[contains(@class,"form-group")]/input[@class="form-control paxFirstName"]": null

2017-11-27 14:12:59 - [TEST_STEP][PASSED] - Statement - println("fn: " + xpathval): null

2017-11-27 14:12:59 - [TEST_STEP][PASSED] - Statement - repObj = com.kms.katalon.core.testobject.ObjectRepository.findTestObject(Object Repository/PrimoTours/Old Objects/allPaxFirstNameFields): Finding Test Object with id 'Object Repository/PrimoTours/Old Objects/allPaxFirstNameFields'

2017-11-27 14:12:59 - [TEST_STEP][PASSED] - Statement - repObj.findProperty("xpath").setValue(xpathval): null

2017-11-27 14:12:59 - [TEST_STEP][PASSED] - setText: Text 'Juul AUT' is set on object 'Object Repository/PrimoTours/Old Objects/allPaxFirstNameFields'

2017-11-27 14:12:59 - [MESSAGE][PASSED] - Text 'Juul AUT' is set on object 'Object Repository/PrimoTours/Old Objects/allPaxFirstNameFields'

2017-11-27 14:12:59 - [TEST_STEP][PASSED] - Statement - xpathval = paxDetailFields + "[2]/div[contains(@class,"form-group")]/input[@class="form-control paxLastName"]": null

2017-11-27 14:12:59 - [TEST_STEP][PASSED] - Statement - println("ln: " + xpathval): null

2017-11-27 14:12:59 - [TEST_STEP][PASSED] - Statement - repObj = com.kms.katalon.core.testobject.ObjectRepository.findTestObject(Object Repository/PrimoTours/Old Objects/allPaxLastNameFields): Finding Test Object with id 'Object Repository/PrimoTours/Old Objects/allPaxLastNameFields'

2017-11-27 14:12:59 - [TEST_STEP][PASSED] - Statement - repObj.findProperty("xpath").setValue(xpathval): null

2017-11-27 14:12:59 - [TEST_STEP][PASSED] - setText: Text 'Bettina Bagger' is set on object 'Object Repository/PrimoTours/Old Objects/allPaxLastNameFields'

2017-11-27 14:12:59 - [MESSAGE][PASSED] - Text 'Bettina Bagger' is set on object 'Object Repository/PrimoTours/Old Objects/allPaxLastNameFields'

2017-11-27 14:12:59 - [TEST_STEP][PASSED] - Statement - If (i == 1 & j == 1): null

2017-11-27 14:12:59 - [TEST_STEP][PASSED] - Statement - randomPaxIndex = java.lang.Math.abs(new java.util.Random().nextInt() % excelRowNo) + 1: null

2017-11-27 14:12:59 - [TEST_STEP][PASSED] - Statement - println(randomPaxIndex): null

2017-11-27 14:12:59 - [TEST_STEP][PASSED] - Statement - fname = rawData.getValue("FirstName", randomPaxIndex) + " AUT": null

2017-11-27 14:12:59 - [TEST_STEP][PASSED] - Statement - lname = rawData.getValue("LastName", randomPaxIndex): null

2017-11-27 14:12:59 - [TEST_STEP][PASSED] - Statement - pgender = rawData.getValue("Gender", randomPaxIndex): null

2017-11-27 14:12:59 - [TEST_STEP][PASSED] - Statement - pday = rawData.getValue("Day DOB", randomPaxIndex): null

2017-11-27 14:12:59 - [TEST_STEP][PASSED] - Statement - pmonth = rawData.getValue("Month DOB", randomPaxIndex): null

2017-11-27 14:12:59 - [TEST_STEP][PASSED] - Statement - pyear = rawData.getValue("Year DOB", randomPaxIndex): null

2017-11-27 14:12:59 - [TEST_STEP][PASSED] - Statement - paxDetailFields = paxInRoomXpath + "[" + j + "]/div[@class="col-md-x col-md-9"]/div[@class="row paxContainer"]/div[@class="col-md-5"]": null

2017-11-27 14:12:59 - [TEST_STEP][PASSED] - Statement - xpathval = paxDetailFields + "[1]/div[contains(@class,"form-group")]/input[@class="form-control paxFirstName"]": null

2017-11-27 14:12:59 - [TEST_STEP][PASSED] - Statement - println("fn: " + xpathval): null

2017-11-27 14:12:59 - [TEST_STEP][PASSED] - Statement - repObj = com.kms.katalon.core.testobject.ObjectRepository.findTestObject(Object Repository/PrimoTours/Old Objects/allPaxFirstNameFields): Finding Test Object with id 'Object Repository/PrimoTours/Old Objects/allPaxFirstNameFields'

2017-11-27 14:12:59 - [TEST_STEP][PASSED] - Statement - repObj.findProperty("xpath").setValue(xpathval): null

2017-11-27 14:12:59 - [TEST_STEP][PASSED] - setText: Text 'Christiansen AUT' is set on object 'Object Repository/PrimoTours/Old Objects/allPaxFirstNameFields'

2017-11-27 14:13:00 - [MESSAGE][PASSED] - Text 'Christiansen AUT' is set on object 'Object Repository/PrimoTours/Old Objects/allPaxFirstNameFields'

2017-11-27 14:13:00 - [TEST_STEP][PASSED] - Statement - xpathval = paxDetailFields + "[2]/div[contains(@class,"form-group")]/input[@class="form-control paxLastName"]": null

2017-11-27 14:13:00 - [TEST_STEP][PASSED] - Statement - println("ln: " + xpathval): null

2017-11-27 14:13:00 - [TEST_STEP][PASSED] - Statement - repObj = com.kms.katalon.core.testobject.ObjectRepository.findTestObject(Object Repository/PrimoTours/Old Objects/allPaxLastNameFields): Finding Test Object with id 'Object Repository/PrimoTours/Old Objects/allPaxLastNameFields'

2017-11-27 14:13:00 - [TEST_STEP][PASSED] - Statement - repObj.findProperty("xpath").setValue(xpathval): null

2017-11-27 14:13:00 - [TEST_STEP][PASSED] - setText: Text 'Annalise Lindtofte' is set on object 'Object Repository/PrimoTours/Old Objects/allPaxLastNameFields'

2017-11-27 14:13:00 - [MESSAGE][PASSED] - Text 'Annalise Lindtofte' is set on object 'Object Repository/PrimoTours/Old Objects/allPaxLastNameFields'

2017-11-27 14:13:00 - [TEST_STEP][PASSED] - Statement - paxInRoomXpath = roomContainerXpath + "[" + i + "]/div[@class="row"]/div[@class="col-md-12"]/div[@class="row"]": null

2017-11-27 14:13:00 - [TEST_STEP][PASSED] - Statement - paxInRoomCount = driver.findElements(org.openqa.selenium.By.xpath(paxInRoomXpath)).size(): null

2017-11-27 14:13:00 - [TEST_STEP][PASSED] - Statement - println("paxInRoomCount=" + paxInRoomCount): null

2017-11-27 14:13:00 - [TEST_STEP][PASSED] - Statement - For ([j = 1, j <= paxInRoomCount, (j++)]): Text 'Anders Blomkvist Korshøj' is set on object 'Object Repository/PrimoTours/Old Objects/allPaxLastNameFields'

2017-11-27 14:13:00 - [TEST_STEP][PASSED] - Statement - If (i == 1 & j == 1): null

2017-11-27 14:13:00 - [TEST_STEP][PASSED] - Statement - randomPaxIndex = java.lang.Math.abs(new java.util.Random().nextInt() % excelRowNo) + 1: null

2017-11-27 14:13:00 - [TEST_STEP][PASSED] - Statement - println(randomPaxIndex): null

2017-11-27 14:13:00 - [TEST_STEP][PASSED] - Statement - fname = rawData.getValue("FirstName", randomPaxIndex) + " AUT": null

2017-11-27 14:13:00 - [TEST_STEP][PASSED] - Statement - lname = rawData.getValue("LastName", randomPaxIndex): null

2017-11-27 14:13:00 - [TEST_STEP][PASSED] - Statement - pgender = rawData.getValue("Gender", randomPaxIndex): null

2017-11-27 14:13:00 - [TEST_STEP][PASSED] - Statement - pday = rawData.getValue("Day DOB", randomPaxIndex): null

2017-11-27 14:13:00 - [TEST_STEP][PASSED] - Statement - pmonth = rawData.getValue("Month DOB", randomPaxIndex): null

2017-11-27 14:13:00 - [TEST_STEP][PASSED] - Statement - pyear = rawData.getValue("Year DOB", randomPaxIndex): null

2017-11-27 14:13:00 - [TEST_STEP][PASSED] - Statement - paxDetailFields = paxInRoomXpath + "[" + j + "]/div[@class="col-md-x col-md-9"]/div[@class="row paxContainer"]/div[@class="col-md-5"]": null

2017-11-27 14:13:00 - [TEST_STEP][PASSED] - Statement - xpathval = paxDetailFields + "[1]/div[contains(@class,"form-group")]/input[@class="form-control paxFirstName"]": null

2017-11-27 14:13:00 - [TEST_STEP][PASSED] - Statement - println("fn: " + xpathval): null

2017-11-27 14:13:00 - [TEST_STEP][PASSED] - Statement - repObj = com.kms.katalon.core.testobject.ObjectRepository.findTestObject(Object Repository/PrimoTours/Old Objects/allPaxFirstNameFields): Finding Test Object with id 'Object Repository/PrimoTours/Old Objects/allPaxFirstNameFields'

2017-11-27 14:13:00 - [TEST_STEP][PASSED] - Statement - repObj.findProperty("xpath").setValue(xpathval): null

2017-11-27 14:13:00 - [TEST_STEP][PASSED] - setText: Text 'Juul AUT' is set on object 'Object Repository/PrimoTours/Old Objects/allPaxFirstNameFields'

2017-11-27 14:13:00 - [MESSAGE][PASSED] - Text 'Juul AUT' is set on object 'Object Repository/PrimoTours/Old Objects/allPaxFirstNameFields'

2017-11-27 14:13:00 - [TEST_STEP][PASSED] - Statement - xpathval = paxDetailFields + "[2]/div[contains(@class,"form-group")]/input[@class="form-control paxLastName"]": null

2017-11-27 14:13:00 - [TEST_STEP][PASSED] - Statement - println("ln: " + xpathval): null

2017-11-27 14:13:00 - [TEST_STEP][PASSED] - Statement - repObj = com.kms.katalon.core.testobject.ObjectRepository.findTestObject(Object Repository/PrimoTours/Old Objects/allPaxLastNameFields): Finding Test Object with id 'Object Repository/PrimoTours/Old Objects/allPaxLastNameFields'

2017-11-27 14:13:00 - [TEST_STEP][PASSED] - Statement - repObj.findProperty("xpath").setValue(xpathval): null

2017-11-27 14:13:00 - [TEST_STEP][PASSED] - setText: Text 'Bettina Bagger' is set on object 'Object Repository/PrimoTours/Old Objects/allPaxLastNameFields'

2017-11-27 14:13:01 - [MESSAGE][PASSED] - Text 'Bettina Bagger' is set on object 'Object Repository/PrimoTours/Old Objects/allPaxLastNameFields'

2017-11-27 14:13:01 - [TEST_STEP][PASSED] - Statement - If (i == 1 & j == 1): null

2017-11-27 14:13:01 - [TEST_STEP][PASSED] - Statement - randomPaxIndex = java.lang.Math.abs(new java.util.Random().nextInt() % excelRowNo) + 1: null

2017-11-27 14:13:01 - [TEST_STEP][PASSED] - Statement - println(randomPaxIndex): null

2017-11-27 14:13:01 - [TEST_STEP][PASSED] - Statement - fname = rawData.getValue("FirstName", randomPaxIndex) + " AUT": null

2017-11-27 14:13:01 - [TEST_STEP][PASSED] - Statement - lname = rawData.getValue("LastName", randomPaxIndex): null

2017-11-27 14:13:01 - [TEST_STEP][PASSED] - Statement - pgender = rawData.getValue("Gender", randomPaxIndex): null

2017-11-27 14:13:01 - [TEST_STEP][PASSED] - Statement - pday = rawData.getValue("Day DOB", randomPaxIndex): null

2017-11-27 14:13:01 - [TEST_STEP][PASSED] - Statement - pmonth = rawData.getValue("Month DOB", randomPaxIndex): null

2017-11-27 14:13:01 - [TEST_STEP][PASSED] - Statement - pyear = rawData.getValue("Year DOB", randomPaxIndex): null

2017-11-27 14:13:01 - [TEST_STEP][PASSED] - Statement - paxDetailFields = paxInRoomXpath + "[" + j + "]/div[@class="col-md-x col-md-9"]/div[@class="row paxContainer"]/div[@class="col-md-5"]": null

2017-11-27 14:13:01 - [TEST_STEP][PASSED] - Statement - xpathval = paxDetailFields + "[1]/div[contains(@class,"form-group")]/input[@class="form-control paxFirstName"]": null

2017-11-27 14:13:01 - [TEST_STEP][PASSED] - Statement - println("fn: " + xpathval): null

2017-11-27 14:13:01 - [TEST_STEP][PASSED] - Statement - repObj = com.kms.katalon.core.testobject.ObjectRepository.findTestObject(Object Repository/PrimoTours/Old Objects/allPaxFirstNameFields): Finding Test Object with id 'Object Repository/PrimoTours/Old Objects/allPaxFirstNameFields'

2017-11-27 14:13:01 - [TEST_STEP][PASSED] - Statement - repObj.findProperty("xpath").setValue(xpathval): null

2017-11-27 14:13:01 - [TEST_STEP][PASSED] - setText: Text 'Nielsen AUT' is set on object 'Object Repository/PrimoTours/Old Objects/allPaxFirstNameFields'

2017-11-27 14:13:01 - [MESSAGE][PASSED] - Text 'Nielsen AUT' is set on object 'Object Repository/PrimoTours/Old Objects/allPaxFirstNameFields'

2017-11-27 14:13:01 - [TEST_STEP][PASSED] - Statement - xpathval = paxDetailFields + "[2]/div[contains(@class,"form-group")]/input[@class="form-control paxLastName"]": null

2017-11-27 14:13:01 - [TEST_STEP][PASSED] - Statement - println("ln: " + xpathval): null

2017-11-27 14:13:01 - [TEST_STEP][PASSED] - Statement - repObj = com.kms.katalon.core.testobject.ObjectRepository.findTestObject(Object Repository/PrimoTours/Old Objects/allPaxLastNameFields): Finding Test Object with id 'Object Repository/PrimoTours/Old Objects/allPaxLastNameFields'

2017-11-27 14:13:01 - [TEST_STEP][PASSED] - Statement - repObj.findProperty("xpath").setValue(xpathval): null

2017-11-27 14:13:01 - [TEST_STEP][PASSED] - setText: Text 'Anders Blomkvist Korshøj' is set on object 'Object Repository/PrimoTours/Old Objects/allPaxLastNameFields'

2017-11-27 14:13:01 - [MESSAGE][PASSED] - Text 'Anders Blomkvist Korshøj' is set on object 'Object Repository/PrimoTours/Old Objects/allPaxLastNameFields'

2017-11-27 14:13:01 - [TEST_STEP][PASSED] - scrollToElement: Scroll to object 'Object Repository/PrimoTours/Old Objects/Coco (1)/PrimoT/SaveBooking2/Success/span_kr. 7.892-' successfully

2017-11-27 14:13:01 - [MESSAGE][PASSED] - Scroll to object 'Object Repository/PrimoTours/Old Objects/Coco (1)/PrimoT/SaveBooking2/Success/span_kr. 7.892-' successfully

2017-11-27 14:13:01 - [TEST_STEP][PASSED] - click: Object: 'Object Repository/PrimoTours/Old Objects/Coco (1)/PrimoT/SaveBooking2/Success/span_kr. 7.892-' is clicked on

2017-11-27 14:13:01 - [MESSAGE][PASSED] - Object: 'Object Repository/PrimoTours/Old Objects/Coco (1)/PrimoT/SaveBooking2/Success/span_kr. 7.892-' is clicked on

2017-11-27 14:13:01 - [TEST_STEP][PASSED] - scrollToElement: Scroll to object 'Object Repository/PrimoTours/Old Objects/Coco (1)/PrimoT/SaveBooking2/Success/Page_Primo Tours  Danmarks bedste c/i_fa fa-arrow-circle-right' successfully

2017-11-27 14:13:01 - [MESSAGE][PASSED] - Scroll to object 'Object Repository/PrimoTours/Old Objects/Coco (1)/PrimoT/SaveBooking2/Success/Page_Primo Tours  Danmarks bedste c/i_fa fa-arrow-circle-right' successfully

2017-11-27 14:13:01 - [TEST_STEP][PASSED] - waitForElementClickable: Object 'Object Repository/PrimoTours/Old Objects/Coco (1)/PrimoT/SaveBooking2/Success/Page_Primo Tours  Danmarks bedste c/i_fa fa-arrow-circle-right' is clickable

2017-11-27 14:13:01 - [MESSAGE][PASSED] - Object 'Object Repository/PrimoTours/Old Objects/Coco (1)/PrimoT/SaveBooking2/Success/Page_Primo Tours  Danmarks bedste c/i_fa fa-arrow-circle-right' is clickable

2017-11-27 14:13:01 - [TEST_STEP][PASSED] - waitForElementVisible: Object 'Object Repository/PrimoTours/Old Objects/Coco (1)/PrimoT/SaveBooking2/Success/Page_Primo Tours  Danmarks bedste c/i_fa fa-arrow-circle-right' is visible

2017-11-27 14:13:02 - [MESSAGE][PASSED] - Object 'Object Repository/PrimoTours/Old Objects/Coco (1)/PrimoT/SaveBooking2/Success/Page_Primo Tours  Danmarks bedste c/i_fa fa-arrow-circle-right' is visible

2017-11-27 14:13:02 - [TEST_STEP][PASSED] - scrollToElement: Scroll to object 'Object Repository/PrimoTours/Old Objects/Coco (1)/PrimoT/SaveBooking2/Success/Page_Primo Tours  Danmarks bedste c/i_fa fa-arrow-circle-right' successfully

2017-11-27 14:13:02 - [MESSAGE][PASSED] - Scroll to object 'Object Repository/PrimoTours/Old Objects/Coco (1)/PrimoT/SaveBooking2/Success/Page_Primo Tours  Danmarks bedste c/i_fa fa-arrow-circle-right' successfully

2017-11-27 14:13:02 - [TEST_STEP][PASSED] - click: Object: 'Object Repository/PrimoTours/Old Objects/Coco (1)/PrimoT/SaveBooking2/Success/Page_Primo Tours  Danmarks bedste c/i_fa fa-arrow-circle-right' is clicked on

2017-11-27 14:13:02 - [MESSAGE][PASSED] - Object: 'Object Repository/PrimoTours/Old Objects/Coco (1)/PrimoT/SaveBooking2/Success/Page_Primo Tours  Danmarks bedste c/i_fa fa-arrow-circle-right' is clicked on

2017-11-27 14:13:02 - [TEST_STEP][PASSED] - scrollToElement: Scroll to object 'Object Repository/PrimoTours/Old Objects/Coco/PrimoT/Ins2/Page_Primo Tours  Danmarks bedste c/span_Vlg forsikring' successfully

2017-11-27 14:13:03 - [MESSAGE][PASSED] - Scroll to object 'Object Repository/PrimoTours/Old Objects/Coco/PrimoT/Ins2/Page_Primo Tours  Danmarks bedste c/span_Vlg forsikring' successfully

2017-11-27 14:13:03 - [TEST_STEP][PASSED] - waitForElementPresent: Object 'Object Repository/PrimoTours/Old Objects/Coco/PrimoT/Ins2/Page_Primo Tours  Danmarks bedste c/span_Vlg forsikring' is present

2017-11-27 14:13:03 - [MESSAGE][PASSED] - Object 'Object Repository/PrimoTours/Old Objects/Coco/PrimoT/Ins2/Page_Primo Tours  Danmarks bedste c/span_Vlg forsikring' is present

2017-11-27 14:13:03 - [TEST_STEP][PASSED] - waitForElementVisible: Object 'Object Repository/PrimoTours/Old Objects/Coco/PrimoT/Ins2/Page_Primo Tours  Danmarks bedste c/span_Vlg forsikring' is visible

2017-11-27 14:13:03 - [MESSAGE][PASSED] - Object 'Object Repository/PrimoTours/Old Objects/Coco/PrimoT/Ins2/Page_Primo Tours  Danmarks bedste c/span_Vlg forsikring' is visible

2017-11-27 14:13:03 - [TEST_STEP][PASSED] - waitForElementClickable: Object 'Object Repository/PrimoTours/Old Objects/Coco/PrimoT/Ins2/Page_Primo Tours  Danmarks bedste c/span_Vlg forsikring' is clickable

2017-11-27 14:13:03 - [MESSAGE][PASSED] - Object 'Object Repository/PrimoTours/Old Objects/Coco/PrimoT/Ins2/Page_Primo Tours  Danmarks bedste c/span_Vlg forsikring' is clickable

2017-11-27 14:13:03 - [TEST_STEP][PASSED] - click: Object: 'Object Repository/PrimoTours/Old Objects/Coco/PrimoT/Ins2/Page_Primo Tours  Danmarks bedste c/span_Vlg forsikring' is clicked on

2017-11-27 14:13:03 - [MESSAGE][PASSED] - Object: 'Object Repository/PrimoTours/Old Objects/Coco/PrimoT/Ins2/Page_Primo Tours  Danmarks bedste c/span_Vlg forsikring' is clicked on

2017-11-27 14:13:03 - [TEST_STEP][PASSED] - click: Object: 'Object Repository/PrimoTours/Old Objects/Coco/PrimoT/Ins2/Page_Primo Tours  Danmarks bedste c/li_Har selv forsikring - kr. 0' is clicked on

2017-11-27 14:13:03 - [MESSAGE][PASSED] - Object: 'Object Repository/PrimoTours/Old Objects/Coco/PrimoT/Ins2/Page_Primo Tours  Danmarks bedste c/li_Har selv forsikring - kr. 0' is clicked on

2017-11-27 14:13:03 - [TEST_STEP][NOT_RUN] - click: NOT_RUN: click

2017-11-27 14:13:03 - [MESSAGE][NOT_RUN] - NOT_RUN: click

2017-11-27 14:13:03 - [TEST_STEP][NOT_RUN] - scrollToElement: NOT_RUN: scrollToElement

2017-11-27 14:13:03 - [MESSAGE][NOT_RUN] - NOT_RUN: scrollToElement

2017-11-27 14:13:03 - [TEST_STEP][NOT_RUN] - click: NOT_RUN: click

2017-11-27 14:13:03 - [MESSAGE][NOT_RUN] - NOT_RUN: click

2017-11-27 14:13:03 - [TEST_STEP][PASSED] - scrollToElement: Scroll to object 'Object Repository/PrimoTours/Old Objects/Coco (1)/PrimoT/SaveBooking2/Page_Primo Tours  Danmarks bedste c/a_toggle checkbox kalypto' successfully

2017-11-27 14:13:03 - [MESSAGE][PASSED] - Scroll to object 'Object Repository/PrimoTours/Old Objects/Coco (1)/PrimoT/SaveBooking2/Page_Primo Tours  Danmarks bedste c/a_toggle checkbox kalypto' successfully

2017-11-27 14:13:03 - [TEST_STEP][PASSED] - waitForElementVisible: Object 'Object Repository/PrimoTours/Old Objects/Coco (1)/PrimoT/SaveBooking2/Page_Primo Tours  Danmarks bedste c/a_toggle checkbox kalypto' is visible

2017-11-27 14:13:04 - [MESSAGE][PASSED] - Object 'Object Repository/PrimoTours/Old Objects/Coco (1)/PrimoT/SaveBooking2/Page_Primo Tours  Danmarks bedste c/a_toggle checkbox kalypto' is visible

2017-11-27 14:13:04 - [TEST_STEP][PASSED] - click: Object: 'Object Repository/PrimoTours/Old Objects/Coco (1)/PrimoT/SaveBooking2/Page_Primo Tours  Danmarks bedste c/a_toggle checkbox kalypto' is clicked on

2017-11-27 14:13:04 - [MESSAGE][PASSED] - Object: 'Object Repository/PrimoTours/Old Objects/Coco (1)/PrimoT/SaveBooking2/Page_Primo Tours  Danmarks bedste c/a_toggle checkbox kalypto' is clicked on

2017-11-27 14:13:04 - [TEST_STEP][PASSED] - scrollToElement: Scroll to object 'Object Repository/PrimoTours/Old Objects/Coco (1)/PrimoT/SaveBooking2/Success/a_toggle radio kalypto' successfully

2017-11-27 14:13:04 - [MESSAGE][PASSED] - Scroll to object 'Object Repository/PrimoTours/Old Objects/Coco (1)/PrimoT/SaveBooking2/Success/a_toggle radio kalypto' successfully

2017-11-27 14:13:04 - [TEST_STEP][FAILED] - click: Unable to click on object 'Object Repository/PrimoTours/Old Objects/Coco (1)/PrimoT/SaveBooking2/Success/a_toggle radio kalypto' (Root cause: org.openqa.selenium.WebDriverException: unknown error: Element <a href="#" class="toggle radio kalypto"></a> is not clickable at point (865, 10). Other element would receive the click: <html lang="en" class="win chrome chrome62 webkit webkit5">...</html>
  (Session info: chrome=62.0.3202.94)
  (Driver info: chromedriver=2.33.506120 (e3e53437346286c0bc2d2dc9aa4915ba81d9023f),platform=Windows NT 6.3.9600 x86_64) (WARNING: The server did not provide any stacktrace information)
Command duration or timeout: 0 milliseconds
Build info: version: '3.7.1', revision: '8a0099a', time: '2017-11-06T21:07:36.161Z'
System info: host: 'NEACSUNEW-PC', ip: '10.10.10.211', os.name: 'Windows 8.1', os.arch: 'amd64', os.version: '6.3', java.version: '1.8.0_102'
Driver info: com.kms.katalon.selenium.driver.CChromeDriver
Capabilities {acceptSslCerts: true, applicationCacheEnabled: false, browserConnectionEnabled: false, browserName: chrome, chrome: {chromedriverVersion: 2.33.506120 (e3e53437346286..., userDataDir: C:\Users\Cornel\AppData\Loc...}, cssSelectorsEnabled: true, databaseEnabled: false, handlesAlerts: true, hasTouchScreen: false, javascriptEnabled: true, locationContextEnabled: true, mobileEmulationEnabled: false, nativeEvents: true, networkConnectionEnabled: false, pageLoadStrategy: normal, platform: XP, platformName: XP, rotatable: false, setWindowRect: true, takesHeapSnapshot: true, takesScreenshot: true, unexpectedAlertBehaviour: , unhandledPromptBehavior: , version: 62.0.3202.94, webStorageEnabled: true}
Session ID: c94f221576f4a0c061d3672c0fbaf680)

2017-11-27 14:13:05 - [MESSAGE][FAILED] - Unable to click on object 'Object Repository/PrimoTours/Old Objects/Coco (1)/PrimoT/SaveBooking2/Success/a_toggle radio kalypto' (Root cause: org.openqa.selenium.WebDriverException: unknown error: Element <a href="#" class="toggle radio kalypto"></a> is not clickable at point (865, 10). Other element would receive the click: <html lang="en" class="win chrome chrome62 webkit webkit5">...</html>
  (Session info: chrome=62.0.3202.94)
  (Driver info: chromedriver=2.33.506120 (e3e53437346286c0bc2d2dc9aa4915ba81d9023f),platform=Windows NT 6.3.9600 x86_64) (WARNING: The server did not provide any stacktrace information)
Command duration or timeout: 0 milliseconds
Build info: version: '3.7.1', revision: '8a0099a', time: '2017-11-06T21:07:36.161Z'
System info: host: 'NEACSUNEW-PC', ip: '10.10.10.211', os.name: 'Windows 8.1', os.arch: 'amd64', os.version: '6.3', java.version: '1.8.0_102'
Driver info: com.kms.katalon.selenium.driver.CChromeDriver
Capabilities {acceptSslCerts: true, applicationCacheEnabled: false, browserConnectionEnabled: false, browserName: chrome, chrome: {chromedriverVersion: 2.33.506120 (e3e53437346286..., userDataDir: C:\Users\Cornel\AppData\Loc...}, cssSelectorsEnabled: true, databaseEnabled: false, handlesAlerts: true, hasTouchScreen: false, javascriptEnabled: true, locationContextEnabled: true, mobileEmulationEnabled: false, nativeEvents: true, networkConnectionEnabled: false, pageLoadStrategy: normal, platform: XP, platformName: XP, rotatable: false, setWindowRect: true, takesHeapSnapshot: true, takesScreenshot: true, unexpectedAlertBehaviour: , unhandledPromptBehavior: , version: 62.0.3202.94, webStorageEnabled: true}
Session ID: c94f221576f4a0c061d3672c0fbaf680)
[[ATTACHMENT|D:\\Software testing\\Tourpaq\\Automated Katalon tests\\Primo WB test\\Reports\\WB Primo From Excel URLs\\20171127_141214\\1511784784484.png]]]]></system-out>
         <system-err><![CDATA[2017-11-27 14:12:47 - [TEST_CASE][FAILED] - Test Cases/PrimoTours/WB Primo/WB Primo staging - place booking - Iteration 3: Test Cases/PrimoTours/WB Primo/WB Primo staging - place booking FAILED because (of) Unable to click on object 'Object Repository/PrimoTours/Old Objects/Coco (1)/PrimoT/SaveBooking2/Success/a_toggle radio kalypto' (Root cause: org.openqa.selenium.WebDriverException: unknown error: Element <a href="#" class="toggle radio kalypto"></a> is not clickable at point (865, 10). Other element would receive the click: <html lang="en" class="win chrome chrome62 webkit webkit5">...</html>
  (Session info: chrome=62.0.3202.94)
  (Driver info: chromedriver=2.33.506120 (e3e53437346286c0bc2d2dc9aa4915ba81d9023f),platform=Windows NT 6.3.9600 x86_64) (WARNING: The server did not provide any stacktrace information)
Command duration or timeout: 0 milliseconds
Build info: version: '3.7.1', revision: '8a0099a', time: '2017-11-06T21:07:36.161Z'
System info: host: 'NEACSUNEW-PC', ip: '10.10.10.211', os.name: 'Windows 8.1', os.arch: 'amd64', os.version: '6.3', java.version: '1.8.0_102'
Driver info: com.kms.katalon.selenium.driver.CChromeDriver
Capabilities {acceptSslCerts: true, applicationCacheEnabled: false, browserConnectionEnabled: false, browserName: chrome, chrome: {chromedriverVersion: 2.33.506120 (e3e53437346286..., userDataDir: C:\Users\Cornel\AppData\Loc...}, cssSelectorsEnabled: true, databaseEnabled: false, handlesAlerts: true, hasTouchScreen: false, javascriptEnabled: true, locationContextEnabled: true, mobileEmulationEnabled: false, nativeEvents: true, networkConnectionEnabled: false, pageLoadStrategy: normal, platform: XP, platformName: XP, rotatable: false, setWindowRect: true, takesHeapSnapshot: true, takesScreenshot: true, unexpectedAlertBehaviour: , unhandledPromptBehavior: , version: 62.0.3202.94, webStorageEnabled: true}
Session ID: c94f221576f4a0c061d3672c0fbaf680)]]></system-err>
      </testcase>
      <testcase name="Test Cases/PrimoTours/WB Primo/WB Primo staging - place booking - Iteration 4" classname="Test Cases/PrimoTours/WB Primo/WB Primo staging - place booking" status="PASSED">
         <system-out><![CDATA[2017-11-27 14:13:05 - [TEST_CASE][PASSED] - Test Cases/PrimoTours/WB Primo/WB Primo staging - place booking - Iteration 4: Test Cases/PrimoTours/WB Primo/WB Primo staging - place booking

2017-11-27 14:13:05 - [TEST_STEP][PASSED] - openBrowser: Browser is opened with url: ''

2017-11-27 14:13:05 - [MESSAGE][WARNING] - A browser is already opened. Closing browser and opening a new one

2017-11-27 14:13:07 - [MESSAGE][PASSED] - Browser is opened with url: ''

2017-11-27 14:13:07 - [TEST_STEP][PASSED] - maximizeWindow: Current window maximized

2017-11-27 14:13:09 - [MESSAGE][PASSED] - Current window maximized

2017-11-27 14:13:09 - [TEST_STEP][PASSED] - navigateToUrl: Navigate to 'https://staging-primotours-webbooking.tourpaq.com/DoBooking.aspx?pltaID=1480269&p=1&rno=3&pt=1&a=8&c=2&aa=&ca=0|1|6' successfully

2017-11-27 14:13:11 - [MESSAGE][PASSED] - Navigate to 'https://staging-primotours-webbooking.tourpaq.com/DoBooking.aspx?pltaID=1480269&p=1&rno=3&pt=1&a=8&c=2&aa=&ca=0|1|6' successfully

2017-11-27 14:13:11 - [TEST_STEP][PASSED] - setText: Text 'Pedersen AUT' is set on object 'Object Repository/PrimoTours/Old Objects/Coco/PrimoT/Page_Primo Tours  Danmarks bedste c/input_firstName'

2017-11-27 14:13:12 - [MESSAGE][PASSED] - Text 'Pedersen AUT' is set on object 'Object Repository/PrimoTours/Old Objects/Coco/PrimoT/Page_Primo Tours  Danmarks bedste c/input_firstName'

2017-11-27 14:13:12 - [TEST_STEP][PASSED] - setText: Text 'Vibe Dalby' is set on object 'Object Repository/PrimoTours/Old Objects/Coco/PrimoT/Page_Primo Tours  Danmarks bedste c/input_lastName'

2017-11-27 14:13:12 - [MESSAGE][PASSED] - Text 'Vibe Dalby' is set on object 'Object Repository/PrimoTours/Old Objects/Coco/PrimoT/Page_Primo Tours  Danmarks bedste c/input_lastName'

2017-11-27 14:13:12 - [TEST_STEP][PASSED] - setText: Text 'Home address' is set on object 'Object Repository/PrimoTours/Old Objects/Coco/PrimoT/Page_Primo Tours  Danmarks bedste c/input_customerAddress'

2017-11-27 14:13:12 - [MESSAGE][PASSED] - Text 'Home address' is set on object 'Object Repository/PrimoTours/Old Objects/Coco/PrimoT/Page_Primo Tours  Danmarks bedste c/input_customerAddress'

2017-11-27 14:13:12 - [TEST_STEP][PASSED] - setText: Text '6700' is set on object 'Object Repository/PrimoTours/Old Objects/Coco/PrimoT/Page_Primo Tours  Danmarks bedste c/input_customerPostcode'

2017-11-27 14:13:13 - [MESSAGE][PASSED] - Text '6700' is set on object 'Object Repository/PrimoTours/Old Objects/Coco/PrimoT/Page_Primo Tours  Danmarks bedste c/input_customerPostcode'

2017-11-27 14:13:13 - [TEST_STEP][PASSED] - setText: Text 'cornel.neacsu@roweb.ro' is set on object 'Object Repository/PrimoTours/Old Objects/Coco/PrimoT/Page_Primo Tours  Danmarks bedste c/input_customerEmail'

2017-11-27 14:13:13 - [MESSAGE][PASSED] - Text 'cornel.neacsu@roweb.ro' is set on object 'Object Repository/PrimoTours/Old Objects/Coco/PrimoT/Page_Primo Tours  Danmarks bedste c/input_customerEmail'

2017-11-27 14:13:13 - [TEST_STEP][PASSED] - setText: Text '12345678' is set on object 'Object Repository/PrimoTours/Old Objects/Coco/PrimoT/Page_Primo Tours  Danmarks bedste c/input_customerPhone'

2017-11-27 14:13:13 - [MESSAGE][PASSED] - Text '12345678' is set on object 'Object Repository/PrimoTours/Old Objects/Coco/PrimoT/Page_Primo Tours  Danmarks bedste c/input_customerPhone'

2017-11-27 14:13:13 - [TEST_STEP][PASSED] - waitForElementClickable: Object 'Object Repository/PrimoTours/Old Objects/Coco/PrimoT/Page_Primo Tours  Danmarks bedste c/input_firstname-0_1' is clickable

2017-11-27 14:13:14 - [MESSAGE][PASSED] - Object 'Object Repository/PrimoTours/Old Objects/Coco/PrimoT/Page_Primo Tours  Danmarks bedste c/input_firstname-0_1' is clickable

2017-11-27 14:13:14 - [TEST_STEP][PASSED] - Statement - excelInfo = ["fname":"", "lname":"", "pgender":"", "pday":"", "pmonth":"", "pyear":""]: null

2017-11-27 14:13:14 - [TEST_STEP][PASSED] - Statement - rawData = com.kms.katalon.core.testdata.TestDataFactory.findTestData("Data Files/WB_Primo/Passenger_details"): Reading excel file with source file 'D:\Software testing\Tourpaq\Automated Katalon tests\Primo WB test\Data Files\Primo_URLs_For_Automated_Test.xlsx' and sheet name 'Passenger Names'

2017-11-27 14:13:15 - [TEST_STEP][PASSED] - Statement - excelRowNo = rawData.getRowNumbers(): null

2017-11-27 14:13:15 - [TEST_STEP][PASSED] - Statement - randomPaxIndex = 1: null

2017-11-27 14:13:15 - [TEST_STEP][PASSED] - Statement - driver = com.kms.katalon.core.webui.driver.DriverFactory.getWebDriver(): null

2017-11-27 14:13:15 - [TEST_STEP][PASSED] - Statement - roomContainerXpath = "id("booking")/div[@class="wrapper second-bg"]/div[contains(@class,"container-mx")]/div[@class="row"]/div[@class="col-md-12 roomContainer"]": null

2017-11-27 14:13:15 - [TEST_STEP][PASSED] - Statement - roomsCount = driver.findElements(org.openqa.selenium.By.xpath(roomContainerXpath)).size(): null

2017-11-27 14:13:15 - [TEST_STEP][PASSED] - Statement - println("roomsCount=" + roomsCount): null

2017-11-27 14:13:15 - [TEST_STEP][PASSED] - Statement - For ([i = 1, i <= roomsCount, (i++)]): Text 'Inger Mulvad' is set on object 'Object Repository/PrimoTours/Old Objects/allPaxLastNameFields'

2017-11-27 14:13:15 - [TEST_STEP][PASSED] - Statement - paxInRoomXpath = roomContainerXpath + "[" + i + "]/div[@class="row"]/div[@class="col-md-12"]/div[@class="row"]": null

2017-11-27 14:13:15 - [TEST_STEP][PASSED] - Statement - paxInRoomCount = driver.findElements(org.openqa.selenium.By.xpath(paxInRoomXpath)).size(): null

2017-11-27 14:13:15 - [TEST_STEP][PASSED] - Statement - println("paxInRoomCount=" + paxInRoomCount): null

2017-11-27 14:13:15 - [TEST_STEP][PASSED] - Statement - For ([j = 1, j <= paxInRoomCount, (j++)]): Text 'Frederik Lindstøm' is set on object 'Object Repository/PrimoTours/Old Objects/allPaxLastNameFields'

2017-11-27 14:13:15 - [TEST_STEP][PASSED] - Statement - If (i == 1 & j == 1): null

2017-11-27 14:13:15 - [TEST_STEP][PASSED] - Statement - <not implemented yet for class: org.codehaus.groovy.ast.stmt.ContinueStatement>: null

2017-11-27 14:13:15 - [TEST_STEP][PASSED] - Statement - If (i == 1 & j == 1): null

2017-11-27 14:13:15 - [TEST_STEP][PASSED] - Statement - randomPaxIndex = java.lang.Math.abs(new java.util.Random().nextInt() % excelRowNo) + 1: null

2017-11-27 14:13:15 - [TEST_STEP][PASSED] - Statement - println(randomPaxIndex): null

2017-11-27 14:13:15 - [TEST_STEP][PASSED] - Statement - fname = rawData.getValue("FirstName", randomPaxIndex) + " AUT": null

2017-11-27 14:13:15 - [TEST_STEP][PASSED] - Statement - lname = rawData.getValue("LastName", randomPaxIndex): null

2017-11-27 14:13:15 - [TEST_STEP][PASSED] - Statement - pgender = rawData.getValue("Gender", randomPaxIndex): null

2017-11-27 14:13:15 - [TEST_STEP][PASSED] - Statement - pday = rawData.getValue("Day DOB", randomPaxIndex): null

2017-11-27 14:13:15 - [TEST_STEP][PASSED] - Statement - pmonth = rawData.getValue("Month DOB", randomPaxIndex): null

2017-11-27 14:13:15 - [TEST_STEP][PASSED] - Statement - pyear = rawData.getValue("Year DOB", randomPaxIndex): null

2017-11-27 14:13:15 - [TEST_STEP][PASSED] - Statement - paxDetailFields = paxInRoomXpath + "[" + j + "]/div[@class="col-md-x col-md-9"]/div[@class="row paxContainer"]/div[@class="col-md-5"]": null

2017-11-27 14:13:15 - [TEST_STEP][PASSED] - Statement - xpathval = paxDetailFields + "[1]/div[contains(@class,"form-group")]/input[@class="form-control paxFirstName"]": null

2017-11-27 14:13:15 - [TEST_STEP][PASSED] - Statement - println("fn: " + xpathval): null

2017-11-27 14:13:15 - [TEST_STEP][PASSED] - Statement - repObj = com.kms.katalon.core.testobject.ObjectRepository.findTestObject(Object Repository/PrimoTours/Old Objects/allPaxFirstNameFields): Finding Test Object with id 'Object Repository/PrimoTours/Old Objects/allPaxFirstNameFields'

2017-11-27 14:13:15 - [TEST_STEP][PASSED] - Statement - repObj.findProperty("xpath").setValue(xpathval): null

2017-11-27 14:13:15 - [TEST_STEP][PASSED] - setText: Text 'Kaastrup-Olsen AUT' is set on object 'Object Repository/PrimoTours/Old Objects/allPaxFirstNameFields'

2017-11-27 14:13:15 - [MESSAGE][PASSED] - Text 'Kaastrup-Olsen AUT' is set on object 'Object Repository/PrimoTours/Old Objects/allPaxFirstNameFields'

2017-11-27 14:13:15 - [TEST_STEP][PASSED] - Statement - xpathval = paxDetailFields + "[2]/div[contains(@class,"form-group")]/input[@class="form-control paxLastName"]": null

2017-11-27 14:13:15 - [TEST_STEP][PASSED] - Statement - println("ln: " + xpathval): null

2017-11-27 14:13:15 - [TEST_STEP][PASSED] - Statement - repObj = com.kms.katalon.core.testobject.ObjectRepository.findTestObject(Object Repository/PrimoTours/Old Objects/allPaxLastNameFields): Finding Test Object with id 'Object Repository/PrimoTours/Old Objects/allPaxLastNameFields'

2017-11-27 14:13:15 - [TEST_STEP][PASSED] - Statement - repObj.findProperty("xpath").setValue(xpathval): null

2017-11-27 14:13:15 - [TEST_STEP][PASSED] - setText: Text 'Io Rebecca Rosenoern' is set on object 'Object Repository/PrimoTours/Old Objects/allPaxLastNameFields'

2017-11-27 14:13:16 - [MESSAGE][PASSED] - Text 'Io Rebecca Rosenoern' is set on object 'Object Repository/PrimoTours/Old Objects/allPaxLastNameFields'

2017-11-27 14:13:16 - [TEST_STEP][PASSED] - Statement - If (i == 1 & j == 1): null

2017-11-27 14:13:16 - [TEST_STEP][PASSED] - Statement - randomPaxIndex = java.lang.Math.abs(new java.util.Random().nextInt() % excelRowNo) + 1: null

2017-11-27 14:13:16 - [TEST_STEP][PASSED] - Statement - println(randomPaxIndex): null

2017-11-27 14:13:16 - [TEST_STEP][PASSED] - Statement - fname = rawData.getValue("FirstName", randomPaxIndex) + " AUT": null

2017-11-27 14:13:16 - [TEST_STEP][PASSED] - Statement - lname = rawData.getValue("LastName", randomPaxIndex): null

2017-11-27 14:13:16 - [TEST_STEP][PASSED] - Statement - pgender = rawData.getValue("Gender", randomPaxIndex): null

2017-11-27 14:13:16 - [TEST_STEP][PASSED] - Statement - pday = rawData.getValue("Day DOB", randomPaxIndex): null

2017-11-27 14:13:16 - [TEST_STEP][PASSED] - Statement - pmonth = rawData.getValue("Month DOB", randomPaxIndex): null

2017-11-27 14:13:16 - [TEST_STEP][PASSED] - Statement - pyear = rawData.getValue("Year DOB", randomPaxIndex): null

2017-11-27 14:13:16 - [TEST_STEP][PASSED] - Statement - paxDetailFields = paxInRoomXpath + "[" + j + "]/div[@class="col-md-x col-md-9"]/div[@class="row paxContainer"]/div[@class="col-md-5"]": null

2017-11-27 14:13:16 - [TEST_STEP][PASSED] - Statement - xpathval = paxDetailFields + "[1]/div[contains(@class,"form-group")]/input[@class="form-control paxFirstName"]": null

2017-11-27 14:13:16 - [TEST_STEP][PASSED] - Statement - println("fn: " + xpathval): null

2017-11-27 14:13:16 - [TEST_STEP][PASSED] - Statement - repObj = com.kms.katalon.core.testobject.ObjectRepository.findTestObject(Object Repository/PrimoTours/Old Objects/allPaxFirstNameFields): Finding Test Object with id 'Object Repository/PrimoTours/Old Objects/allPaxFirstNameFields'

2017-11-27 14:13:16 - [TEST_STEP][PASSED] - Statement - repObj.findProperty("xpath").setValue(xpathval): null

2017-11-27 14:13:16 - [TEST_STEP][PASSED] - setText: Text 'Svendsen AUT' is set on object 'Object Repository/PrimoTours/Old Objects/allPaxFirstNameFields'

2017-11-27 14:13:16 - [MESSAGE][PASSED] - Text 'Svendsen AUT' is set on object 'Object Repository/PrimoTours/Old Objects/allPaxFirstNameFields'

2017-11-27 14:13:16 - [TEST_STEP][PASSED] - Statement - xpathval = paxDetailFields + "[2]/div[contains(@class,"form-group")]/input[@class="form-control paxLastName"]": null

2017-11-27 14:13:16 - [TEST_STEP][PASSED] - Statement - println("ln: " + xpathval): null

2017-11-27 14:13:16 - [TEST_STEP][PASSED] - Statement - repObj = com.kms.katalon.core.testobject.ObjectRepository.findTestObject(Object Repository/PrimoTours/Old Objects/allPaxLastNameFields): Finding Test Object with id 'Object Repository/PrimoTours/Old Objects/allPaxLastNameFields'

2017-11-27 14:13:16 - [TEST_STEP][PASSED] - Statement - repObj.findProperty("xpath").setValue(xpathval): null

2017-11-27 14:13:16 - [TEST_STEP][PASSED] - setText: Text 'Inge' is set on object 'Object Repository/PrimoTours/Old Objects/allPaxLastNameFields'

2017-11-27 14:13:16 - [MESSAGE][PASSED] - Text 'Inge' is set on object 'Object Repository/PrimoTours/Old Objects/allPaxLastNameFields'

2017-11-27 14:13:16 - [TEST_STEP][PASSED] - Statement - If (i == 1 & j == 1): null

2017-11-27 14:13:16 - [TEST_STEP][PASSED] - Statement - randomPaxIndex = java.lang.Math.abs(new java.util.Random().nextInt() % excelRowNo) + 1: null

2017-11-27 14:13:16 - [TEST_STEP][PASSED] - Statement - println(randomPaxIndex): null

2017-11-27 14:13:16 - [TEST_STEP][PASSED] - Statement - fname = rawData.getValue("FirstName", randomPaxIndex) + " AUT": null

2017-11-27 14:13:16 - [TEST_STEP][PASSED] - Statement - lname = rawData.getValue("LastName", randomPaxIndex): null

2017-11-27 14:13:16 - [TEST_STEP][PASSED] - Statement - pgender = rawData.getValue("Gender", randomPaxIndex): null

2017-11-27 14:13:16 - [TEST_STEP][PASSED] - Statement - pday = rawData.getValue("Day DOB", randomPaxIndex): null

2017-11-27 14:13:16 - [TEST_STEP][PASSED] - Statement - pmonth = rawData.getValue("Month DOB", randomPaxIndex): null

2017-11-27 14:13:16 - [TEST_STEP][PASSED] - Statement - pyear = rawData.getValue("Year DOB", randomPaxIndex): null

2017-11-27 14:13:16 - [TEST_STEP][PASSED] - Statement - paxDetailFields = paxInRoomXpath + "[" + j + "]/div[@class="col-md-x col-md-9"]/div[@class="row paxContainer"]/div[@class="col-md-5"]": null

2017-11-27 14:13:16 - [TEST_STEP][PASSED] - Statement - xpathval = paxDetailFields + "[1]/div[contains(@class,"form-group")]/input[@class="form-control paxFirstName"]": null

2017-11-27 14:13:16 - [TEST_STEP][PASSED] - Statement - println("fn: " + xpathval): null

2017-11-27 14:13:16 - [TEST_STEP][PASSED] - Statement - repObj = com.kms.katalon.core.testobject.ObjectRepository.findTestObject(Object Repository/PrimoTours/Old Objects/allPaxFirstNameFields): Finding Test Object with id 'Object Repository/PrimoTours/Old Objects/allPaxFirstNameFields'

2017-11-27 14:13:16 - [TEST_STEP][PASSED] - Statement - repObj.findProperty("xpath").setValue(xpathval): null

2017-11-27 14:13:16 - [TEST_STEP][PASSED] - setText: Text 'Andersen AUT' is set on object 'Object Repository/PrimoTours/Old Objects/allPaxFirstNameFields'

2017-11-27 14:13:17 - [MESSAGE][PASSED] - Text 'Andersen AUT' is set on object 'Object Repository/PrimoTours/Old Objects/allPaxFirstNameFields'

2017-11-27 14:13:17 - [TEST_STEP][PASSED] - Statement - xpathval = paxDetailFields + "[2]/div[contains(@class,"form-group")]/input[@class="form-control paxLastName"]": null

2017-11-27 14:13:17 - [TEST_STEP][PASSED] - Statement - println("ln: " + xpathval): null

2017-11-27 14:13:17 - [TEST_STEP][PASSED] - Statement - repObj = com.kms.katalon.core.testobject.ObjectRepository.findTestObject(Object Repository/PrimoTours/Old Objects/allPaxLastNameFields): Finding Test Object with id 'Object Repository/PrimoTours/Old Objects/allPaxLastNameFields'

2017-11-27 14:13:17 - [TEST_STEP][PASSED] - Statement - repObj.findProperty("xpath").setValue(xpathval): null

2017-11-27 14:13:17 - [TEST_STEP][PASSED] - setText: Text 'Frederik Lindstøm' is set on object 'Object Repository/PrimoTours/Old Objects/allPaxLastNameFields'

2017-11-27 14:13:17 - [MESSAGE][PASSED] - Text 'Frederik Lindstøm' is set on object 'Object Repository/PrimoTours/Old Objects/allPaxLastNameFields'

2017-11-27 14:13:17 - [TEST_STEP][PASSED] - Statement - paxInRoomXpath = roomContainerXpath + "[" + i + "]/div[@class="row"]/div[@class="col-md-12"]/div[@class="row"]": null

2017-11-27 14:13:17 - [TEST_STEP][PASSED] - Statement - paxInRoomCount = driver.findElements(org.openqa.selenium.By.xpath(paxInRoomXpath)).size(): null

2017-11-27 14:13:17 - [TEST_STEP][PASSED] - Statement - println("paxInRoomCount=" + paxInRoomCount): null

2017-11-27 14:13:17 - [TEST_STEP][PASSED] - Statement - For ([j = 1, j <= paxInRoomCount, (j++)]): Text 'Birthe' is set on object 'Object Repository/PrimoTours/Old Objects/allPaxLastNameFields'

2017-11-27 14:13:17 - [TEST_STEP][PASSED] - Statement - If (i == 1 & j == 1): null

2017-11-27 14:13:17 - [TEST_STEP][PASSED] - Statement - randomPaxIndex = java.lang.Math.abs(new java.util.Random().nextInt() % excelRowNo) + 1: null

2017-11-27 14:13:17 - [TEST_STEP][PASSED] - Statement - println(randomPaxIndex): null

2017-11-27 14:13:17 - [TEST_STEP][PASSED] - Statement - fname = rawData.getValue("FirstName", randomPaxIndex) + " AUT": null

2017-11-27 14:13:17 - [TEST_STEP][PASSED] - Statement - lname = rawData.getValue("LastName", randomPaxIndex): null

2017-11-27 14:13:17 - [TEST_STEP][PASSED] - Statement - pgender = rawData.getValue("Gender", randomPaxIndex): null

2017-11-27 14:13:17 - [TEST_STEP][PASSED] - Statement - pday = rawData.getValue("Day DOB", randomPaxIndex): null

2017-11-27 14:13:17 - [TEST_STEP][PASSED] - Statement - pmonth = rawData.getValue("Month DOB", randomPaxIndex): null

2017-11-27 14:13:17 - [TEST_STEP][PASSED] - Statement - pyear = rawData.getValue("Year DOB", randomPaxIndex): null

2017-11-27 14:13:17 - [TEST_STEP][PASSED] - Statement - paxDetailFields = paxInRoomXpath + "[" + j + "]/div[@class="col-md-x col-md-9"]/div[@class="row paxContainer"]/div[@class="col-md-5"]": null

2017-11-27 14:13:17 - [TEST_STEP][PASSED] - Statement - xpathval = paxDetailFields + "[1]/div[contains(@class,"form-group")]/input[@class="form-control paxFirstName"]": null

2017-11-27 14:13:17 - [TEST_STEP][PASSED] - Statement - println("fn: " + xpathval): null

2017-11-27 14:13:17 - [TEST_STEP][PASSED] - Statement - repObj = com.kms.katalon.core.testobject.ObjectRepository.findTestObject(Object Repository/PrimoTours/Old Objects/allPaxFirstNameFields): Finding Test Object with id 'Object Repository/PrimoTours/Old Objects/allPaxFirstNameFields'

2017-11-27 14:13:17 - [TEST_STEP][PASSED] - Statement - repObj.findProperty("xpath").setValue(xpathval): null

2017-11-27 14:13:17 - [TEST_STEP][PASSED] - setText: Text 'Frandsen AUT' is set on object 'Object Repository/PrimoTours/Old Objects/allPaxFirstNameFields'

2017-11-27 14:13:17 - [MESSAGE][PASSED] - Text 'Frandsen AUT' is set on object 'Object Repository/PrimoTours/Old Objects/allPaxFirstNameFields'

2017-11-27 14:13:17 - [TEST_STEP][PASSED] - Statement - xpathval = paxDetailFields + "[2]/div[contains(@class,"form-group")]/input[@class="form-control paxLastName"]": null

2017-11-27 14:13:17 - [TEST_STEP][PASSED] - Statement - println("ln: " + xpathval): null

2017-11-27 14:13:17 - [TEST_STEP][PASSED] - Statement - repObj = com.kms.katalon.core.testobject.ObjectRepository.findTestObject(Object Repository/PrimoTours/Old Objects/allPaxLastNameFields): Finding Test Object with id 'Object Repository/PrimoTours/Old Objects/allPaxLastNameFields'

2017-11-27 14:13:17 - [TEST_STEP][PASSED] - Statement - repObj.findProperty("xpath").setValue(xpathval): null

2017-11-27 14:13:17 - [TEST_STEP][PASSED] - setText: Text 'Anders Lehm' is set on object 'Object Repository/PrimoTours/Old Objects/allPaxLastNameFields'

2017-11-27 14:13:18 - [MESSAGE][PASSED] - Text 'Anders Lehm' is set on object 'Object Repository/PrimoTours/Old Objects/allPaxLastNameFields'

2017-11-27 14:13:18 - [TEST_STEP][PASSED] - Statement - If (i == 1 & j == 1): null

2017-11-27 14:13:18 - [TEST_STEP][PASSED] - Statement - randomPaxIndex = java.lang.Math.abs(new java.util.Random().nextInt() % excelRowNo) + 1: null

2017-11-27 14:13:18 - [TEST_STEP][PASSED] - Statement - println(randomPaxIndex): null

2017-11-27 14:13:18 - [TEST_STEP][PASSED] - Statement - fname = rawData.getValue("FirstName", randomPaxIndex) + " AUT": null

2017-11-27 14:13:18 - [TEST_STEP][PASSED] - Statement - lname = rawData.getValue("LastName", randomPaxIndex): null

2017-11-27 14:13:18 - [TEST_STEP][PASSED] - Statement - pgender = rawData.getValue("Gender", randomPaxIndex): null

2017-11-27 14:13:18 - [TEST_STEP][PASSED] - Statement - pday = rawData.getValue("Day DOB", randomPaxIndex): null

2017-11-27 14:13:18 - [TEST_STEP][PASSED] - Statement - pmonth = rawData.getValue("Month DOB", randomPaxIndex): null

2017-11-27 14:13:18 - [TEST_STEP][PASSED] - Statement - pyear = rawData.getValue("Year DOB", randomPaxIndex): null

2017-11-27 14:13:18 - [TEST_STEP][PASSED] - Statement - paxDetailFields = paxInRoomXpath + "[" + j + "]/div[@class="col-md-x col-md-9"]/div[@class="row paxContainer"]/div[@class="col-md-5"]": null

2017-11-27 14:13:18 - [TEST_STEP][PASSED] - Statement - xpathval = paxDetailFields + "[1]/div[contains(@class,"form-group")]/input[@class="form-control paxFirstName"]": null

2017-11-27 14:13:18 - [TEST_STEP][PASSED] - Statement - println("fn: " + xpathval): null

2017-11-27 14:13:18 - [TEST_STEP][PASSED] - Statement - repObj = com.kms.katalon.core.testobject.ObjectRepository.findTestObject(Object Repository/PrimoTours/Old Objects/allPaxFirstNameFields): Finding Test Object with id 'Object Repository/PrimoTours/Old Objects/allPaxFirstNameFields'

2017-11-27 14:13:18 - [TEST_STEP][PASSED] - Statement - repObj.findProperty("xpath").setValue(xpathval): null

2017-11-27 14:13:18 - [TEST_STEP][PASSED] - setText: Text 'Ubbesen AUT' is set on object 'Object Repository/PrimoTours/Old Objects/allPaxFirstNameFields'

2017-11-27 14:13:18 - [MESSAGE][PASSED] - Text 'Ubbesen AUT' is set on object 'Object Repository/PrimoTours/Old Objects/allPaxFirstNameFields'

2017-11-27 14:13:18 - [TEST_STEP][PASSED] - Statement - xpathval = paxDetailFields + "[2]/div[contains(@class,"form-group")]/input[@class="form-control paxLastName"]": null

2017-11-27 14:13:18 - [TEST_STEP][PASSED] - Statement - println("ln: " + xpathval): null

2017-11-27 14:13:18 - [TEST_STEP][PASSED] - Statement - repObj = com.kms.katalon.core.testobject.ObjectRepository.findTestObject(Object Repository/PrimoTours/Old Objects/allPaxLastNameFields): Finding Test Object with id 'Object Repository/PrimoTours/Old Objects/allPaxLastNameFields'

2017-11-27 14:13:18 - [TEST_STEP][PASSED] - Statement - repObj.findProperty("xpath").setValue(xpathval): null

2017-11-27 14:13:18 - [TEST_STEP][PASSED] - setText: Text 'Lars' is set on object 'Object Repository/PrimoTours/Old Objects/allPaxLastNameFields'

2017-11-27 14:13:18 - [MESSAGE][PASSED] - Text 'Lars' is set on object 'Object Repository/PrimoTours/Old Objects/allPaxLastNameFields'

2017-11-27 14:13:18 - [TEST_STEP][PASSED] - Statement - If (i == 1 & j == 1): null

2017-11-27 14:13:18 - [TEST_STEP][PASSED] - Statement - randomPaxIndex = java.lang.Math.abs(new java.util.Random().nextInt() % excelRowNo) + 1: null

2017-11-27 14:13:18 - [TEST_STEP][PASSED] - Statement - println(randomPaxIndex): null

2017-11-27 14:13:18 - [TEST_STEP][PASSED] - Statement - fname = rawData.getValue("FirstName", randomPaxIndex) + " AUT": null

2017-11-27 14:13:18 - [TEST_STEP][PASSED] - Statement - lname = rawData.getValue("LastName", randomPaxIndex): null

2017-11-27 14:13:18 - [TEST_STEP][PASSED] - Statement - pgender = rawData.getValue("Gender", randomPaxIndex): null

2017-11-27 14:13:18 - [TEST_STEP][PASSED] - Statement - pday = rawData.getValue("Day DOB", randomPaxIndex): null

2017-11-27 14:13:18 - [TEST_STEP][PASSED] - Statement - pmonth = rawData.getValue("Month DOB", randomPaxIndex): null

2017-11-27 14:13:18 - [TEST_STEP][PASSED] - Statement - pyear = rawData.getValue("Year DOB", randomPaxIndex): null

2017-11-27 14:13:18 - [TEST_STEP][PASSED] - Statement - paxDetailFields = paxInRoomXpath + "[" + j + "]/div[@class="col-md-x col-md-9"]/div[@class="row paxContainer"]/div[@class="col-md-5"]": null

2017-11-27 14:13:18 - [TEST_STEP][PASSED] - Statement - xpathval = paxDetailFields + "[1]/div[contains(@class,"form-group")]/input[@class="form-control paxFirstName"]": null

2017-11-27 14:13:18 - [TEST_STEP][PASSED] - Statement - println("fn: " + xpathval): null

2017-11-27 14:13:18 - [TEST_STEP][PASSED] - Statement - repObj = com.kms.katalon.core.testobject.ObjectRepository.findTestObject(Object Repository/PrimoTours/Old Objects/allPaxFirstNameFields): Finding Test Object with id 'Object Repository/PrimoTours/Old Objects/allPaxFirstNameFields'

2017-11-27 14:13:18 - [TEST_STEP][PASSED] - Statement - repObj.findProperty("xpath").setValue(xpathval): null

2017-11-27 14:13:18 - [TEST_STEP][PASSED] - setText: Text 'Strandbygaard AUT' is set on object 'Object Repository/PrimoTours/Old Objects/allPaxFirstNameFields'

2017-11-27 14:13:19 - [MESSAGE][PASSED] - Text 'Strandbygaard AUT' is set on object 'Object Repository/PrimoTours/Old Objects/allPaxFirstNameFields'

2017-11-27 14:13:19 - [TEST_STEP][PASSED] - Statement - xpathval = paxDetailFields + "[2]/div[contains(@class,"form-group")]/input[@class="form-control paxLastName"]": null

2017-11-27 14:13:19 - [TEST_STEP][PASSED] - Statement - println("ln: " + xpathval): null

2017-11-27 14:13:19 - [TEST_STEP][PASSED] - Statement - repObj = com.kms.katalon.core.testobject.ObjectRepository.findTestObject(Object Repository/PrimoTours/Old Objects/allPaxLastNameFields): Finding Test Object with id 'Object Repository/PrimoTours/Old Objects/allPaxLastNameFields'

2017-11-27 14:13:19 - [TEST_STEP][PASSED] - Statement - repObj.findProperty("xpath").setValue(xpathval): null

2017-11-27 14:13:19 - [TEST_STEP][PASSED] - setText: Text 'Birthe' is set on object 'Object Repository/PrimoTours/Old Objects/allPaxLastNameFields'

2017-11-27 14:13:19 - [MESSAGE][PASSED] - Text 'Birthe' is set on object 'Object Repository/PrimoTours/Old Objects/allPaxLastNameFields'

2017-11-27 14:13:19 - [TEST_STEP][PASSED] - Statement - paxInRoomXpath = roomContainerXpath + "[" + i + "]/div[@class="row"]/div[@class="col-md-12"]/div[@class="row"]": null

2017-11-27 14:13:19 - [TEST_STEP][PASSED] - Statement - paxInRoomCount = driver.findElements(org.openqa.selenium.By.xpath(paxInRoomXpath)).size(): null

2017-11-27 14:13:19 - [TEST_STEP][PASSED] - Statement - println("paxInRoomCount=" + paxInRoomCount): null

2017-11-27 14:13:19 - [TEST_STEP][PASSED] - Statement - For ([j = 1, j <= paxInRoomCount, (j++)]): Text 'Inger Mulvad' is set on object 'Object Repository/PrimoTours/Old Objects/allPaxLastNameFields'

2017-11-27 14:13:19 - [TEST_STEP][PASSED] - Statement - If (i == 1 & j == 1): null

2017-11-27 14:13:19 - [TEST_STEP][PASSED] - Statement - randomPaxIndex = java.lang.Math.abs(new java.util.Random().nextInt() % excelRowNo) + 1: null

2017-11-27 14:13:19 - [TEST_STEP][PASSED] - Statement - println(randomPaxIndex): null

2017-11-27 14:13:19 - [TEST_STEP][PASSED] - Statement - fname = rawData.getValue("FirstName", randomPaxIndex) + " AUT": null

2017-11-27 14:13:19 - [TEST_STEP][PASSED] - Statement - lname = rawData.getValue("LastName", randomPaxIndex): null

2017-11-27 14:13:19 - [TEST_STEP][PASSED] - Statement - pgender = rawData.getValue("Gender", randomPaxIndex): null

2017-11-27 14:13:19 - [TEST_STEP][PASSED] - Statement - pday = rawData.getValue("Day DOB", randomPaxIndex): null

2017-11-27 14:13:19 - [TEST_STEP][PASSED] - Statement - pmonth = rawData.getValue("Month DOB", randomPaxIndex): null

2017-11-27 14:13:19 - [TEST_STEP][PASSED] - Statement - pyear = rawData.getValue("Year DOB", randomPaxIndex): null

2017-11-27 14:13:19 - [TEST_STEP][PASSED] - Statement - paxDetailFields = paxInRoomXpath + "[" + j + "]/div[@class="col-md-x col-md-9"]/div[@class="row paxContainer"]/div[@class="col-md-5"]": null

2017-11-27 14:13:19 - [TEST_STEP][PASSED] - Statement - xpathval = paxDetailFields + "[1]/div[contains(@class,"form-group")]/input[@class="form-control paxFirstName"]": null

2017-11-27 14:13:19 - [TEST_STEP][PASSED] - Statement - println("fn: " + xpathval): null

2017-11-27 14:13:19 - [TEST_STEP][PASSED] - Statement - repObj = com.kms.katalon.core.testobject.ObjectRepository.findTestObject(Object Repository/PrimoTours/Old Objects/allPaxFirstNameFields): Finding Test Object with id 'Object Repository/PrimoTours/Old Objects/allPaxFirstNameFields'

2017-11-27 14:13:19 - [TEST_STEP][PASSED] - Statement - repObj.findProperty("xpath").setValue(xpathval): null

2017-11-27 14:13:19 - [TEST_STEP][PASSED] - setText: Text 'Basse Hansen AUT' is set on object 'Object Repository/PrimoTours/Old Objects/allPaxFirstNameFields'

2017-11-27 14:13:19 - [MESSAGE][PASSED] - Text 'Basse Hansen AUT' is set on object 'Object Repository/PrimoTours/Old Objects/allPaxFirstNameFields'

2017-11-27 14:13:19 - [TEST_STEP][PASSED] - Statement - xpathval = paxDetailFields + "[2]/div[contains(@class,"form-group")]/input[@class="form-control paxLastName"]": null

2017-11-27 14:13:19 - [TEST_STEP][PASSED] - Statement - println("ln: " + xpathval): null

2017-11-27 14:13:19 - [TEST_STEP][PASSED] - Statement - repObj = com.kms.katalon.core.testobject.ObjectRepository.findTestObject(Object Repository/PrimoTours/Old Objects/allPaxLastNameFields): Finding Test Object with id 'Object Repository/PrimoTours/Old Objects/allPaxLastNameFields'

2017-11-27 14:13:19 - [TEST_STEP][PASSED] - Statement - repObj.findProperty("xpath").setValue(xpathval): null

2017-11-27 14:13:19 - [TEST_STEP][PASSED] - setText: Text 'Mathias' is set on object 'Object Repository/PrimoTours/Old Objects/allPaxLastNameFields'

2017-11-27 14:13:19 - [MESSAGE][PASSED] - Text 'Mathias' is set on object 'Object Repository/PrimoTours/Old Objects/allPaxLastNameFields'

2017-11-27 14:13:19 - [TEST_STEP][PASSED] - Statement - If (i == 1 & j == 1): null

2017-11-27 14:13:19 - [TEST_STEP][PASSED] - Statement - randomPaxIndex = java.lang.Math.abs(new java.util.Random().nextInt() % excelRowNo) + 1: null

2017-11-27 14:13:19 - [TEST_STEP][PASSED] - Statement - println(randomPaxIndex): null

2017-11-27 14:13:19 - [TEST_STEP][PASSED] - Statement - fname = rawData.getValue("FirstName", randomPaxIndex) + " AUT": null

2017-11-27 14:13:19 - [TEST_STEP][PASSED] - Statement - lname = rawData.getValue("LastName", randomPaxIndex): null

2017-11-27 14:13:19 - [TEST_STEP][PASSED] - Statement - pgender = rawData.getValue("Gender", randomPaxIndex): null

2017-11-27 14:13:19 - [TEST_STEP][PASSED] - Statement - pday = rawData.getValue("Day DOB", randomPaxIndex): null

2017-11-27 14:13:19 - [TEST_STEP][PASSED] - Statement - pmonth = rawData.getValue("Month DOB", randomPaxIndex): null

2017-11-27 14:13:19 - [TEST_STEP][PASSED] - Statement - pyear = rawData.getValue("Year DOB", randomPaxIndex): null

2017-11-27 14:13:19 - [TEST_STEP][PASSED] - Statement - paxDetailFields = paxInRoomXpath + "[" + j + "]/div[@class="col-md-x col-md-9"]/div[@class="row paxContainer"]/div[@class="col-md-5"]": null

2017-11-27 14:13:19 - [TEST_STEP][PASSED] - Statement - xpathval = paxDetailFields + "[1]/div[contains(@class,"form-group")]/input[@class="form-control paxFirstName"]": null

2017-11-27 14:13:19 - [TEST_STEP][PASSED] - Statement - println("fn: " + xpathval): null

2017-11-27 14:13:19 - [TEST_STEP][PASSED] - Statement - repObj = com.kms.katalon.core.testobject.ObjectRepository.findTestObject(Object Repository/PrimoTours/Old Objects/allPaxFirstNameFields): Finding Test Object with id 'Object Repository/PrimoTours/Old Objects/allPaxFirstNameFields'

2017-11-27 14:13:19 - [TEST_STEP][PASSED] - Statement - repObj.findProperty("xpath").setValue(xpathval): null

2017-11-27 14:13:19 - [TEST_STEP][PASSED] - setText: Text 'Poulsen AUT' is set on object 'Object Repository/PrimoTours/Old Objects/allPaxFirstNameFields'

2017-11-27 14:13:20 - [MESSAGE][PASSED] - Text 'Poulsen AUT' is set on object 'Object Repository/PrimoTours/Old Objects/allPaxFirstNameFields'

2017-11-27 14:13:20 - [TEST_STEP][PASSED] - Statement - xpathval = paxDetailFields + "[2]/div[contains(@class,"form-group")]/input[@class="form-control paxLastName"]": null

2017-11-27 14:13:20 - [TEST_STEP][PASSED] - Statement - println("ln: " + xpathval): null

2017-11-27 14:13:20 - [TEST_STEP][PASSED] - Statement - repObj = com.kms.katalon.core.testobject.ObjectRepository.findTestObject(Object Repository/PrimoTours/Old Objects/allPaxLastNameFields): Finding Test Object with id 'Object Repository/PrimoTours/Old Objects/allPaxLastNameFields'

2017-11-27 14:13:20 - [TEST_STEP][PASSED] - Statement - repObj.findProperty("xpath").setValue(xpathval): null

2017-11-27 14:13:20 - [TEST_STEP][PASSED] - setText: Text 'Inger Mulvad' is set on object 'Object Repository/PrimoTours/Old Objects/allPaxLastNameFields'

2017-11-27 14:13:20 - [MESSAGE][PASSED] - Text 'Inger Mulvad' is set on object 'Object Repository/PrimoTours/Old Objects/allPaxLastNameFields'

2017-11-27 14:13:20 - [TEST_STEP][PASSED] - scrollToElement: Scroll to object 'Object Repository/PrimoTours/Old Objects/Coco (1)/PrimoT/SaveBooking2/Success/span_kr. 7.892-' successfully

2017-11-27 14:13:20 - [MESSAGE][PASSED] - Scroll to object 'Object Repository/PrimoTours/Old Objects/Coco (1)/PrimoT/SaveBooking2/Success/span_kr. 7.892-' successfully

2017-11-27 14:13:20 - [TEST_STEP][PASSED] - click: Object: 'Object Repository/PrimoTours/Old Objects/Coco (1)/PrimoT/SaveBooking2/Success/span_kr. 7.892-' is clicked on

2017-11-27 14:13:20 - [MESSAGE][PASSED] - Object: 'Object Repository/PrimoTours/Old Objects/Coco (1)/PrimoT/SaveBooking2/Success/span_kr. 7.892-' is clicked on

2017-11-27 14:13:20 - [TEST_STEP][PASSED] - scrollToElement: Scroll to object 'Object Repository/PrimoTours/Old Objects/Coco (1)/PrimoT/SaveBooking2/Success/Page_Primo Tours  Danmarks bedste c/i_fa fa-arrow-circle-right' successfully

2017-11-27 14:13:20 - [MESSAGE][PASSED] - Scroll to object 'Object Repository/PrimoTours/Old Objects/Coco (1)/PrimoT/SaveBooking2/Success/Page_Primo Tours  Danmarks bedste c/i_fa fa-arrow-circle-right' successfully

2017-11-27 14:13:20 - [TEST_STEP][PASSED] - waitForElementClickable: Object 'Object Repository/PrimoTours/Old Objects/Coco (1)/PrimoT/SaveBooking2/Success/Page_Primo Tours  Danmarks bedste c/i_fa fa-arrow-circle-right' is clickable

2017-11-27 14:13:20 - [MESSAGE][PASSED] - Object 'Object Repository/PrimoTours/Old Objects/Coco (1)/PrimoT/SaveBooking2/Success/Page_Primo Tours  Danmarks bedste c/i_fa fa-arrow-circle-right' is clickable

2017-11-27 14:13:20 - [TEST_STEP][PASSED] - waitForElementVisible: Object 'Object Repository/PrimoTours/Old Objects/Coco (1)/PrimoT/SaveBooking2/Success/Page_Primo Tours  Danmarks bedste c/i_fa fa-arrow-circle-right' is visible

2017-11-27 14:13:20 - [MESSAGE][PASSED] - Object 'Object Repository/PrimoTours/Old Objects/Coco (1)/PrimoT/SaveBooking2/Success/Page_Primo Tours  Danmarks bedste c/i_fa fa-arrow-circle-right' is visible

2017-11-27 14:13:20 - [TEST_STEP][PASSED] - scrollToElement: Scroll to object 'Object Repository/PrimoTours/Old Objects/Coco (1)/PrimoT/SaveBooking2/Success/Page_Primo Tours  Danmarks bedste c/i_fa fa-arrow-circle-right' successfully

2017-11-27 14:13:20 - [MESSAGE][PASSED] - Scroll to object 'Object Repository/PrimoTours/Old Objects/Coco (1)/PrimoT/SaveBooking2/Success/Page_Primo Tours  Danmarks bedste c/i_fa fa-arrow-circle-right' successfully

2017-11-27 14:13:20 - [TEST_STEP][PASSED] - click: Object: 'Object Repository/PrimoTours/Old Objects/Coco (1)/PrimoT/SaveBooking2/Success/Page_Primo Tours  Danmarks bedste c/i_fa fa-arrow-circle-right' is clicked on

2017-11-27 14:13:21 - [MESSAGE][PASSED] - Object: 'Object Repository/PrimoTours/Old Objects/Coco (1)/PrimoT/SaveBooking2/Success/Page_Primo Tours  Danmarks bedste c/i_fa fa-arrow-circle-right' is clicked on

2017-11-27 14:13:21 - [TEST_STEP][PASSED] - scrollToElement: Scroll to object 'Object Repository/PrimoTours/Old Objects/Coco/PrimoT/Ins2/Page_Primo Tours  Danmarks bedste c/span_Vlg forsikring' successfully

2017-11-27 14:13:22 - [MESSAGE][PASSED] - Scroll to object 'Object Repository/PrimoTours/Old Objects/Coco/PrimoT/Ins2/Page_Primo Tours  Danmarks bedste c/span_Vlg forsikring' successfully

2017-11-27 14:13:22 - [TEST_STEP][PASSED] - waitForElementPresent: Object 'Object Repository/PrimoTours/Old Objects/Coco/PrimoT/Ins2/Page_Primo Tours  Danmarks bedste c/span_Vlg forsikring' is present

2017-11-27 14:13:22 - [MESSAGE][PASSED] - Object 'Object Repository/PrimoTours/Old Objects/Coco/PrimoT/Ins2/Page_Primo Tours  Danmarks bedste c/span_Vlg forsikring' is present

2017-11-27 14:13:22 - [TEST_STEP][PASSED] - waitForElementVisible: Object 'Object Repository/PrimoTours/Old Objects/Coco/PrimoT/Ins2/Page_Primo Tours  Danmarks bedste c/span_Vlg forsikring' is visible

2017-11-27 14:13:23 - [MESSAGE][PASSED] - Object 'Object Repository/PrimoTours/Old Objects/Coco/PrimoT/Ins2/Page_Primo Tours  Danmarks bedste c/span_Vlg forsikring' is visible

2017-11-27 14:13:23 - [TEST_STEP][PASSED] - waitForElementClickable: Object 'Object Repository/PrimoTours/Old Objects/Coco/PrimoT/Ins2/Page_Primo Tours  Danmarks bedste c/span_Vlg forsikring' is clickable

2017-11-27 14:13:23 - [MESSAGE][PASSED] - Object 'Object Repository/PrimoTours/Old Objects/Coco/PrimoT/Ins2/Page_Primo Tours  Danmarks bedste c/span_Vlg forsikring' is clickable

2017-11-27 14:13:23 - [TEST_STEP][PASSED] - click: Object: 'Object Repository/PrimoTours/Old Objects/Coco/PrimoT/Ins2/Page_Primo Tours  Danmarks bedste c/span_Vlg forsikring' is clicked on

2017-11-27 14:13:23 - [MESSAGE][PASSED] - Object: 'Object Repository/PrimoTours/Old Objects/Coco/PrimoT/Ins2/Page_Primo Tours  Danmarks bedste c/span_Vlg forsikring' is clicked on

2017-11-27 14:13:23 - [TEST_STEP][PASSED] - click: Object: 'Object Repository/PrimoTours/Old Objects/Coco/PrimoT/Ins2/Page_Primo Tours  Danmarks bedste c/li_Har selv forsikring - kr. 0' is clicked on

2017-11-27 14:13:23 - [MESSAGE][PASSED] - Object: 'Object Repository/PrimoTours/Old Objects/Coco/PrimoT/Ins2/Page_Primo Tours  Danmarks bedste c/li_Har selv forsikring - kr. 0' is clicked on

2017-11-27 14:13:23 - [TEST_STEP][NOT_RUN] - click: NOT_RUN: click

2017-11-27 14:13:23 - [MESSAGE][NOT_RUN] - NOT_RUN: click

2017-11-27 14:13:23 - [TEST_STEP][NOT_RUN] - scrollToElement: NOT_RUN: scrollToElement

2017-11-27 14:13:23 - [MESSAGE][NOT_RUN] - NOT_RUN: scrollToElement

2017-11-27 14:13:23 - [TEST_STEP][NOT_RUN] - click: NOT_RUN: click

2017-11-27 14:13:23 - [MESSAGE][NOT_RUN] - NOT_RUN: click

2017-11-27 14:13:23 - [TEST_STEP][PASSED] - scrollToElement: Scroll to object 'Object Repository/PrimoTours/Old Objects/Coco (1)/PrimoT/SaveBooking2/Page_Primo Tours  Danmarks bedste c/a_toggle checkbox kalypto' successfully

2017-11-27 14:13:23 - [MESSAGE][PASSED] - Scroll to object 'Object Repository/PrimoTours/Old Objects/Coco (1)/PrimoT/SaveBooking2/Page_Primo Tours  Danmarks bedste c/a_toggle checkbox kalypto' successfully

2017-11-27 14:13:23 - [TEST_STEP][PASSED] - waitForElementVisible: Object 'Object Repository/PrimoTours/Old Objects/Coco (1)/PrimoT/SaveBooking2/Page_Primo Tours  Danmarks bedste c/a_toggle checkbox kalypto' is visible

2017-11-27 14:13:23 - [MESSAGE][PASSED] - Object 'Object Repository/PrimoTours/Old Objects/Coco (1)/PrimoT/SaveBooking2/Page_Primo Tours  Danmarks bedste c/a_toggle checkbox kalypto' is visible

2017-11-27 14:13:23 - [TEST_STEP][PASSED] - click: Object: 'Object Repository/PrimoTours/Old Objects/Coco (1)/PrimoT/SaveBooking2/Page_Primo Tours  Danmarks bedste c/a_toggle checkbox kalypto' is clicked on

2017-11-27 14:13:23 - [MESSAGE][PASSED] - Object: 'Object Repository/PrimoTours/Old Objects/Coco (1)/PrimoT/SaveBooking2/Page_Primo Tours  Danmarks bedste c/a_toggle checkbox kalypto' is clicked on

2017-11-27 14:13:23 - [TEST_STEP][PASSED] - scrollToElement: Scroll to object 'Object Repository/PrimoTours/Old Objects/Coco (1)/PrimoT/SaveBooking2/Success/a_toggle radio kalypto' successfully

2017-11-27 14:13:24 - [MESSAGE][PASSED] - Scroll to object 'Object Repository/PrimoTours/Old Objects/Coco (1)/PrimoT/SaveBooking2/Success/a_toggle radio kalypto' successfully

2017-11-27 14:13:24 - [TEST_STEP][PASSED] - click: Object: 'Object Repository/PrimoTours/Old Objects/Coco (1)/PrimoT/SaveBooking2/Success/a_toggle radio kalypto' is clicked on

2017-11-27 14:13:24 - [MESSAGE][PASSED] - Object: 'Object Repository/PrimoTours/Old Objects/Coco (1)/PrimoT/SaveBooking2/Success/a_toggle radio kalypto' is clicked on

2017-11-27 14:13:24 - [TEST_STEP][PASSED] - scrollToElement: Scroll to object 'Object Repository/PrimoTours/Old Objects/Coco (1)/PrimoT/SaveBooking2/Success/a_toggle checkbox kalypto (1)' successfully

2017-11-27 14:13:24 - [MESSAGE][PASSED] - Scroll to object 'Object Repository/PrimoTours/Old Objects/Coco (1)/PrimoT/SaveBooking2/Success/a_toggle checkbox kalypto (1)' successfully

2017-11-27 14:13:24 - [TEST_STEP][PASSED] - click: Object: 'Object Repository/PrimoTours/Old Objects/Coco (1)/PrimoT/SaveBooking2/Success/a_toggle checkbox kalypto (1)' is clicked on

2017-11-27 14:13:24 - [MESSAGE][PASSED] - Object: 'Object Repository/PrimoTours/Old Objects/Coco (1)/PrimoT/SaveBooking2/Success/a_toggle checkbox kalypto (1)' is clicked on

2017-11-27 14:13:24 - [TEST_STEP][NOT_RUN] - scrollToElement: NOT_RUN: scrollToElement

2017-11-27 14:13:24 - [MESSAGE][NOT_RUN] - NOT_RUN: scrollToElement

2017-11-27 14:13:24 - [TEST_STEP][NOT_RUN] - scrollToElement: NOT_RUN: scrollToElement

2017-11-27 14:13:24 - [MESSAGE][NOT_RUN] - NOT_RUN: scrollToElement

2017-11-27 14:13:24 - [TEST_STEP][NOT_RUN] - click: NOT_RUN: click

2017-11-27 14:13:24 - [MESSAGE][NOT_RUN] - NOT_RUN: click

2017-11-27 14:13:24 - [TEST_STEP][PASSED] - scrollToElement: Scroll to object 'Object Repository/PrimoTours/Old Objects/Coco (1)/PrimoT/SaveBooking2/Success/a_toggle checkbox kalypto' successfully

2017-11-27 14:13:24 - [MESSAGE][PASSED] - Scroll to object 'Object Repository/PrimoTours/Old Objects/Coco (1)/PrimoT/SaveBooking2/Success/a_toggle checkbox kalypto' successfully

2017-11-27 14:13:24 - [TEST_STEP][PASSED] - click: Object: 'Object Repository/PrimoTours/Old Objects/Coco (1)/PrimoT/SaveBooking2/Success/a_toggle checkbox kalypto' is clicked on

2017-11-27 14:13:25 - [MESSAGE][PASSED] - Object: 'Object Repository/PrimoTours/Old Objects/Coco (1)/PrimoT/SaveBooking2/Success/a_toggle checkbox kalypto' is clicked on

2017-11-27 14:13:25 - [TEST_STEP][PASSED] - scrollToElement: Scroll to object 'Object Repository/PrimoTours/Old Objects/Coco (1)/PrimoT/SaveBooking2/Page_Primo Tours  Danmarks bedste c/a_btn btn-success col-xs-12 st' successfully

2017-11-27 14:13:25 - [MESSAGE][PASSED] - Scroll to object 'Object Repository/PrimoTours/Old Objects/Coco (1)/PrimoT/SaveBooking2/Page_Primo Tours  Danmarks bedste c/a_btn btn-success col-xs-12 st' successfully

2017-11-27 14:13:25 - [TEST_STEP][PASSED] - waitForElementClickable: Object 'Object Repository/PrimoTours/Old Objects/Coco (1)/PrimoT/SaveBooking2/Page_Primo Tours  Danmarks bedste c/a_btn btn-success col-xs-12 st' is clickable

2017-11-27 14:13:25 - [MESSAGE][PASSED] - Object 'Object Repository/PrimoTours/Old Objects/Coco (1)/PrimoT/SaveBooking2/Page_Primo Tours  Danmarks bedste c/a_btn btn-success col-xs-12 st' is clickable

2017-11-27 14:13:25 - [TEST_STEP][NOT_RUN] - click: NOT_RUN: click

2017-11-27 14:13:25 - [MESSAGE][NOT_RUN] - NOT_RUN: click]]></system-out>
         <system-err><![CDATA[]]></system-err>
      </testcase>
      <testcase name="Test Cases/PrimoTours/WB Primo/WB Primo staging - place booking - Iteration 5" classname="Test Cases/PrimoTours/WB Primo/WB Primo staging - place booking" status="FAILED">
         <failure type="FAILED" message="Test Cases/PrimoTours/WB Primo/WB Primo staging - place booking FAILED because (of) Unable to click on object 'Object Repository/PrimoTours/Old Objects/Coco/PrimoT/Ins2/Page_Primo Tours  Danmarks bedste c/li_Har selv forsikring - kr. 0' (Root cause: com.kms.katalon.core.webui.exception.WebElementNotFoundException: Web element with id: 'Object Repository/PrimoTours/Old Objects/Coco/PrimoT/Ins2/Page_Primo Tours  Danmarks bedste c/li_Har selv forsikring - kr. 0' located by 'By.xpath: //*[@class = 'select2-results__option'][1]' not found)"/>
         <system-out><![CDATA[2017-11-27 14:13:25 - [TEST_CASE][FAILED] - Test Cases/PrimoTours/WB Primo/WB Primo staging - place booking - Iteration 5: Test Cases/PrimoTours/WB Primo/WB Primo staging - place booking FAILED because (of) Unable to click on object 'Object Repository/PrimoTours/Old Objects/Coco/PrimoT/Ins2/Page_Primo Tours  Danmarks bedste c/li_Har selv forsikring - kr. 0' (Root cause: com.kms.katalon.core.webui.exception.WebElementNotFoundException: Web element with id: 'Object Repository/PrimoTours/Old Objects/Coco/PrimoT/Ins2/Page_Primo Tours  Danmarks bedste c/li_Har selv forsikring - kr. 0' located by 'By.xpath: //*[@class = 'select2-results__option'][1]' not found)

2017-11-27 14:13:25 - [TEST_STEP][PASSED] - openBrowser: Browser is opened with url: ''

2017-11-27 14:13:25 - [MESSAGE][WARNING] - A browser is already opened. Closing browser and opening a new one

2017-11-27 14:13:28 - [MESSAGE][PASSED] - Browser is opened with url: ''

2017-11-27 14:13:28 - [TEST_STEP][PASSED] - maximizeWindow: Current window maximized

2017-11-27 14:13:29 - [MESSAGE][PASSED] - Current window maximized

2017-11-27 14:13:29 - [TEST_STEP][PASSED] - navigateToUrl: Navigate to 'https://staging-primotours-webbooking.tourpaq.com/DoBooking.aspx?pltaID=1480269&p=2&rno=1&pt=1&a=2&c=0&aa=&ca=' successfully

2017-11-27 14:13:31 - [MESSAGE][PASSED] - Navigate to 'https://staging-primotours-webbooking.tourpaq.com/DoBooking.aspx?pltaID=1480269&p=2&rno=1&pt=1&a=2&c=0&aa=&ca=' successfully

2017-11-27 14:13:31 - [TEST_STEP][PASSED] - setText: Text 'Pedersen AUT' is set on object 'Object Repository/PrimoTours/Old Objects/Coco/PrimoT/Page_Primo Tours  Danmarks bedste c/input_firstName'

2017-11-27 14:13:32 - [MESSAGE][PASSED] - Text 'Pedersen AUT' is set on object 'Object Repository/PrimoTours/Old Objects/Coco/PrimoT/Page_Primo Tours  Danmarks bedste c/input_firstName'

2017-11-27 14:13:32 - [TEST_STEP][PASSED] - setText: Text 'Vibe Dalby' is set on object 'Object Repository/PrimoTours/Old Objects/Coco/PrimoT/Page_Primo Tours  Danmarks bedste c/input_lastName'

2017-11-27 14:13:32 - [MESSAGE][PASSED] - Text 'Vibe Dalby' is set on object 'Object Repository/PrimoTours/Old Objects/Coco/PrimoT/Page_Primo Tours  Danmarks bedste c/input_lastName'

2017-11-27 14:13:32 - [TEST_STEP][PASSED] - setText: Text 'Home address' is set on object 'Object Repository/PrimoTours/Old Objects/Coco/PrimoT/Page_Primo Tours  Danmarks bedste c/input_customerAddress'

2017-11-27 14:13:32 - [MESSAGE][PASSED] - Text 'Home address' is set on object 'Object Repository/PrimoTours/Old Objects/Coco/PrimoT/Page_Primo Tours  Danmarks bedste c/input_customerAddress'

2017-11-27 14:13:32 - [TEST_STEP][PASSED] - setText: Text '6700' is set on object 'Object Repository/PrimoTours/Old Objects/Coco/PrimoT/Page_Primo Tours  Danmarks bedste c/input_customerPostcode'

2017-11-27 14:13:32 - [MESSAGE][PASSED] - Text '6700' is set on object 'Object Repository/PrimoTours/Old Objects/Coco/PrimoT/Page_Primo Tours  Danmarks bedste c/input_customerPostcode'

2017-11-27 14:13:32 - [TEST_STEP][PASSED] - setText: Text 'cornel.neacsu@roweb.ro' is set on object 'Object Repository/PrimoTours/Old Objects/Coco/PrimoT/Page_Primo Tours  Danmarks bedste c/input_customerEmail'

2017-11-27 14:13:33 - [MESSAGE][PASSED] - Text 'cornel.neacsu@roweb.ro' is set on object 'Object Repository/PrimoTours/Old Objects/Coco/PrimoT/Page_Primo Tours  Danmarks bedste c/input_customerEmail'

2017-11-27 14:13:33 - [TEST_STEP][PASSED] - setText: Text '12345678' is set on object 'Object Repository/PrimoTours/Old Objects/Coco/PrimoT/Page_Primo Tours  Danmarks bedste c/input_customerPhone'

2017-11-27 14:13:33 - [MESSAGE][PASSED] - Text '12345678' is set on object 'Object Repository/PrimoTours/Old Objects/Coco/PrimoT/Page_Primo Tours  Danmarks bedste c/input_customerPhone'

2017-11-27 14:13:33 - [TEST_STEP][PASSED] - waitForElementClickable: Object 'Object Repository/PrimoTours/Old Objects/Coco/PrimoT/Page_Primo Tours  Danmarks bedste c/input_firstname-0_1' is clickable

2017-11-27 14:13:35 - [MESSAGE][PASSED] - Object 'Object Repository/PrimoTours/Old Objects/Coco/PrimoT/Page_Primo Tours  Danmarks bedste c/input_firstname-0_1' is clickable

2017-11-27 14:13:35 - [TEST_STEP][PASSED] - Statement - excelInfo = ["fname":"", "lname":"", "pgender":"", "pday":"", "pmonth":"", "pyear":""]: null

2017-11-27 14:13:35 - [TEST_STEP][PASSED] - Statement - rawData = com.kms.katalon.core.testdata.TestDataFactory.findTestData("Data Files/WB_Primo/Passenger_details"): Reading excel file with source file 'D:\Software testing\Tourpaq\Automated Katalon tests\Primo WB test\Data Files\Primo_URLs_For_Automated_Test.xlsx' and sheet name 'Passenger Names'

2017-11-27 14:13:35 - [TEST_STEP][PASSED] - Statement - excelRowNo = rawData.getRowNumbers(): null

2017-11-27 14:13:35 - [TEST_STEP][PASSED] - Statement - randomPaxIndex = 1: null

2017-11-27 14:13:35 - [TEST_STEP][PASSED] - Statement - driver = com.kms.katalon.core.webui.driver.DriverFactory.getWebDriver(): null

2017-11-27 14:13:35 - [TEST_STEP][PASSED] - Statement - roomContainerXpath = "id("booking")/div[@class="wrapper second-bg"]/div[contains(@class,"container-mx")]/div[@class="row"]/div[@class="col-md-12 roomContainer"]": null

2017-11-27 14:13:35 - [TEST_STEP][PASSED] - Statement - roomsCount = driver.findElements(org.openqa.selenium.By.xpath(roomContainerXpath)).size(): null

2017-11-27 14:13:35 - [TEST_STEP][PASSED] - Statement - println("roomsCount=" + roomsCount): null

2017-11-27 14:13:35 - [TEST_STEP][PASSED] - Statement - For ([i = 1, i <= roomsCount, (i++)]): Text 'Malene' is set on object 'Object Repository/PrimoTours/Old Objects/allPaxLastNameFields'

2017-11-27 14:13:35 - [TEST_STEP][PASSED] - Statement - paxInRoomXpath = roomContainerXpath + "[" + i + "]/div[@class="row"]/div[@class="col-md-12"]/div[@class="row"]": null

2017-11-27 14:13:35 - [TEST_STEP][PASSED] - Statement - paxInRoomCount = driver.findElements(org.openqa.selenium.By.xpath(paxInRoomXpath)).size(): null

2017-11-27 14:13:35 - [TEST_STEP][PASSED] - Statement - println("paxInRoomCount=" + paxInRoomCount): null

2017-11-27 14:13:35 - [TEST_STEP][PASSED] - Statement - For ([j = 1, j <= paxInRoomCount, (j++)]): Text 'Malene' is set on object 'Object Repository/PrimoTours/Old Objects/allPaxLastNameFields'

2017-11-27 14:13:35 - [TEST_STEP][PASSED] - Statement - If (i == 1 & j == 1): null

2017-11-27 14:13:35 - [TEST_STEP][PASSED] - Statement - <not implemented yet for class: org.codehaus.groovy.ast.stmt.ContinueStatement>: null

2017-11-27 14:13:35 - [TEST_STEP][PASSED] - Statement - If (i == 1 & j == 1): null

2017-11-27 14:13:35 - [TEST_STEP][PASSED] - Statement - randomPaxIndex = java.lang.Math.abs(new java.util.Random().nextInt() % excelRowNo) + 1: null

2017-11-27 14:13:35 - [TEST_STEP][PASSED] - Statement - println(randomPaxIndex): null

2017-11-27 14:13:35 - [TEST_STEP][PASSED] - Statement - fname = rawData.getValue("FirstName", randomPaxIndex) + " AUT": null

2017-11-27 14:13:35 - [TEST_STEP][PASSED] - Statement - lname = rawData.getValue("LastName", randomPaxIndex): null

2017-11-27 14:13:35 - [TEST_STEP][PASSED] - Statement - pgender = rawData.getValue("Gender", randomPaxIndex): null

2017-11-27 14:13:35 - [TEST_STEP][PASSED] - Statement - pday = rawData.getValue("Day DOB", randomPaxIndex): null

2017-11-27 14:13:35 - [TEST_STEP][PASSED] - Statement - pmonth = rawData.getValue("Month DOB", randomPaxIndex): null

2017-11-27 14:13:35 - [TEST_STEP][PASSED] - Statement - pyear = rawData.getValue("Year DOB", randomPaxIndex): null

2017-11-27 14:13:35 - [TEST_STEP][PASSED] - Statement - paxDetailFields = paxInRoomXpath + "[" + j + "]/div[@class="col-md-x col-md-9"]/div[@class="row paxContainer"]/div[@class="col-md-5"]": null

2017-11-27 14:13:35 - [TEST_STEP][PASSED] - Statement - xpathval = paxDetailFields + "[1]/div[contains(@class,"form-group")]/input[@class="form-control paxFirstName"]": null

2017-11-27 14:13:35 - [TEST_STEP][PASSED] - Statement - println("fn: " + xpathval): null

2017-11-27 14:13:35 - [TEST_STEP][PASSED] - Statement - repObj = com.kms.katalon.core.testobject.ObjectRepository.findTestObject(Object Repository/PrimoTours/Old Objects/allPaxFirstNameFields): Finding Test Object with id 'Object Repository/PrimoTours/Old Objects/allPaxFirstNameFields'

2017-11-27 14:13:35 - [TEST_STEP][PASSED] - Statement - repObj.findProperty("xpath").setValue(xpathval): null

2017-11-27 14:13:35 - [TEST_STEP][PASSED] - setText: Text 'Epsau AUT' is set on object 'Object Repository/PrimoTours/Old Objects/allPaxFirstNameFields'

2017-11-27 14:13:35 - [MESSAGE][PASSED] - Text 'Epsau AUT' is set on object 'Object Repository/PrimoTours/Old Objects/allPaxFirstNameFields'

2017-11-27 14:13:35 - [TEST_STEP][PASSED] - Statement - xpathval = paxDetailFields + "[2]/div[contains(@class,"form-group")]/input[@class="form-control paxLastName"]": null

2017-11-27 14:13:35 - [TEST_STEP][PASSED] - Statement - println("ln: " + xpathval): null

2017-11-27 14:13:35 - [TEST_STEP][PASSED] - Statement - repObj = com.kms.katalon.core.testobject.ObjectRepository.findTestObject(Object Repository/PrimoTours/Old Objects/allPaxLastNameFields): Finding Test Object with id 'Object Repository/PrimoTours/Old Objects/allPaxLastNameFields'

2017-11-27 14:13:35 - [TEST_STEP][PASSED] - Statement - repObj.findProperty("xpath").setValue(xpathval): null

2017-11-27 14:13:35 - [TEST_STEP][PASSED] - setText: Text 'Malene' is set on object 'Object Repository/PrimoTours/Old Objects/allPaxLastNameFields'

2017-11-27 14:13:35 - [MESSAGE][PASSED] - Text 'Malene' is set on object 'Object Repository/PrimoTours/Old Objects/allPaxLastNameFields'

2017-11-27 14:13:35 - [TEST_STEP][PASSED] - scrollToElement: Scroll to object 'Object Repository/PrimoTours/Old Objects/Coco (1)/PrimoT/SaveBooking2/Success/span_kr. 7.892-' successfully

2017-11-27 14:13:35 - [MESSAGE][PASSED] - Scroll to object 'Object Repository/PrimoTours/Old Objects/Coco (1)/PrimoT/SaveBooking2/Success/span_kr. 7.892-' successfully

2017-11-27 14:13:35 - [TEST_STEP][PASSED] - click: Object: 'Object Repository/PrimoTours/Old Objects/Coco (1)/PrimoT/SaveBooking2/Success/span_kr. 7.892-' is clicked on

2017-11-27 14:13:36 - [MESSAGE][PASSED] - Object: 'Object Repository/PrimoTours/Old Objects/Coco (1)/PrimoT/SaveBooking2/Success/span_kr. 7.892-' is clicked on

2017-11-27 14:13:36 - [TEST_STEP][PASSED] - scrollToElement: Scroll to object 'Object Repository/PrimoTours/Old Objects/Coco (1)/PrimoT/SaveBooking2/Success/Page_Primo Tours  Danmarks bedste c/i_fa fa-arrow-circle-right' successfully

2017-11-27 14:13:36 - [MESSAGE][PASSED] - Scroll to object 'Object Repository/PrimoTours/Old Objects/Coco (1)/PrimoT/SaveBooking2/Success/Page_Primo Tours  Danmarks bedste c/i_fa fa-arrow-circle-right' successfully

2017-11-27 14:13:36 - [TEST_STEP][PASSED] - waitForElementClickable: Object 'Object Repository/PrimoTours/Old Objects/Coco (1)/PrimoT/SaveBooking2/Success/Page_Primo Tours  Danmarks bedste c/i_fa fa-arrow-circle-right' is clickable

2017-11-27 14:13:36 - [MESSAGE][PASSED] - Object 'Object Repository/PrimoTours/Old Objects/Coco (1)/PrimoT/SaveBooking2/Success/Page_Primo Tours  Danmarks bedste c/i_fa fa-arrow-circle-right' is clickable

2017-11-27 14:13:36 - [TEST_STEP][PASSED] - waitForElementVisible: Object 'Object Repository/PrimoTours/Old Objects/Coco (1)/PrimoT/SaveBooking2/Success/Page_Primo Tours  Danmarks bedste c/i_fa fa-arrow-circle-right' is visible

2017-11-27 14:13:36 - [MESSAGE][PASSED] - Object 'Object Repository/PrimoTours/Old Objects/Coco (1)/PrimoT/SaveBooking2/Success/Page_Primo Tours  Danmarks bedste c/i_fa fa-arrow-circle-right' is visible

2017-11-27 14:13:36 - [TEST_STEP][PASSED] - scrollToElement: Scroll to object 'Object Repository/PrimoTours/Old Objects/Coco (1)/PrimoT/SaveBooking2/Success/Page_Primo Tours  Danmarks bedste c/i_fa fa-arrow-circle-right' successfully

2017-11-27 14:13:36 - [MESSAGE][PASSED] - Scroll to object 'Object Repository/PrimoTours/Old Objects/Coco (1)/PrimoT/SaveBooking2/Success/Page_Primo Tours  Danmarks bedste c/i_fa fa-arrow-circle-right' successfully

2017-11-27 14:13:36 - [TEST_STEP][PASSED] - click: Object: 'Object Repository/PrimoTours/Old Objects/Coco (1)/PrimoT/SaveBooking2/Success/Page_Primo Tours  Danmarks bedste c/i_fa fa-arrow-circle-right' is clicked on

2017-11-27 14:13:36 - [MESSAGE][PASSED] - Object: 'Object Repository/PrimoTours/Old Objects/Coco (1)/PrimoT/SaveBooking2/Success/Page_Primo Tours  Danmarks bedste c/i_fa fa-arrow-circle-right' is clicked on

2017-11-27 14:13:36 - [TEST_STEP][PASSED] - scrollToElement: Scroll to object 'Object Repository/PrimoTours/Old Objects/Coco/PrimoT/Ins2/Page_Primo Tours  Danmarks bedste c/span_Vlg forsikring' successfully

2017-11-27 14:13:36 - [MESSAGE][PASSED] - Scroll to object 'Object Repository/PrimoTours/Old Objects/Coco/PrimoT/Ins2/Page_Primo Tours  Danmarks bedste c/span_Vlg forsikring' successfully

2017-11-27 14:13:36 - [TEST_STEP][PASSED] - waitForElementPresent: Object 'Object Repository/PrimoTours/Old Objects/Coco/PrimoT/Ins2/Page_Primo Tours  Danmarks bedste c/span_Vlg forsikring' is present

2017-11-27 14:13:36 - [MESSAGE][PASSED] - Object 'Object Repository/PrimoTours/Old Objects/Coco/PrimoT/Ins2/Page_Primo Tours  Danmarks bedste c/span_Vlg forsikring' is present

2017-11-27 14:13:36 - [TEST_STEP][PASSED] - waitForElementVisible: Object 'Object Repository/PrimoTours/Old Objects/Coco/PrimoT/Ins2/Page_Primo Tours  Danmarks bedste c/span_Vlg forsikring' is visible

2017-11-27 14:13:37 - [MESSAGE][PASSED] - Object 'Object Repository/PrimoTours/Old Objects/Coco/PrimoT/Ins2/Page_Primo Tours  Danmarks bedste c/span_Vlg forsikring' is visible

2017-11-27 14:13:37 - [TEST_STEP][PASSED] - waitForElementClickable: Object 'Object Repository/PrimoTours/Old Objects/Coco/PrimoT/Ins2/Page_Primo Tours  Danmarks bedste c/span_Vlg forsikring' is clickable

2017-11-27 14:13:37 - [MESSAGE][PASSED] - Object 'Object Repository/PrimoTours/Old Objects/Coco/PrimoT/Ins2/Page_Primo Tours  Danmarks bedste c/span_Vlg forsikring' is clickable

2017-11-27 14:13:37 - [TEST_STEP][PASSED] - click: Object: 'Object Repository/PrimoTours/Old Objects/Coco/PrimoT/Ins2/Page_Primo Tours  Danmarks bedste c/span_Vlg forsikring' is clicked on

2017-11-27 14:13:37 - [MESSAGE][PASSED] - Object: 'Object Repository/PrimoTours/Old Objects/Coco/PrimoT/Ins2/Page_Primo Tours  Danmarks bedste c/span_Vlg forsikring' is clicked on

2017-11-27 14:13:37 - [TEST_STEP][FAILED] - click: Unable to click on object 'Object Repository/PrimoTours/Old Objects/Coco/PrimoT/Ins2/Page_Primo Tours  Danmarks bedste c/li_Har selv forsikring - kr. 0' (Root cause: com.kms.katalon.core.webui.exception.WebElementNotFoundException: Web element with id: 'Object Repository/PrimoTours/Old Objects/Coco/PrimoT/Ins2/Page_Primo Tours  Danmarks bedste c/li_Har selv forsikring - kr. 0' located by 'By.xpath: //*[@class = 'select2-results__option'][1]' not found)

2017-11-27 14:13:49 - [MESSAGE][FAILED] - Unable to click on object 'Object Repository/PrimoTours/Old Objects/Coco/PrimoT/Ins2/Page_Primo Tours  Danmarks bedste c/li_Har selv forsikring - kr. 0' (Root cause: com.kms.katalon.core.webui.exception.WebElementNotFoundException: Web element with id: 'Object Repository/PrimoTours/Old Objects/Coco/PrimoT/Ins2/Page_Primo Tours  Danmarks bedste c/li_Har selv forsikring - kr. 0' located by 'By.xpath: //*[@class = 'select2-results__option'][1]' not found)
[[ATTACHMENT|D:\\Software testing\\Tourpaq\\Automated Katalon tests\\Primo WB test\\Reports\\WB Primo From Excel URLs\\20171127_141214\\1511784828922.png]]]]></system-out>
         <system-err><![CDATA[2017-11-27 14:13:25 - [TEST_CASE][FAILED] - Test Cases/PrimoTours/WB Primo/WB Primo staging - place booking - Iteration 5: Test Cases/PrimoTours/WB Primo/WB Primo staging - place booking FAILED because (of) Unable to click on object 'Object Repository/PrimoTours/Old Objects/Coco/PrimoT/Ins2/Page_Primo Tours  Danmarks bedste c/li_Har selv forsikring - kr. 0' (Root cause: com.kms.katalon.core.webui.exception.WebElementNotFoundException: Web element with id: 'Object Repository/PrimoTours/Old Objects/Coco/PrimoT/Ins2/Page_Primo Tours  Danmarks bedste c/li_Har selv forsikring - kr. 0' located by 'By.xpath: //*[@class = 'select2-results__option'][1]' not found)]]></system-err>
      </testcase>
      <testcase name="Test Cases/PrimoTours/WB Primo/WB Primo staging - place booking - Iteration 6" classname="Test Cases/PrimoTours/WB Primo/WB Primo staging - place booking" status="FAILED">
         <failure type="FAILED" message="Test Cases/PrimoTours/WB Primo/WB Primo staging - place booking FAILED because (of) Unable to click on object 'Object Repository/PrimoTours/Old Objects/Coco (1)/PrimoT/SaveBooking2/Success/a_toggle radio kalypto' (Root cause: org.openqa.selenium.WebDriverException: unknown error: Element &lt;a href=&quot;#&quot; class=&quot;toggle radio kalypto&quot;>&lt;/a> is not clickable at point (865, 10). Other element would receive the click: &lt;html lang=&quot;en&quot; class=&quot;win chrome chrome62 webkit webkit5&quot;>...&lt;/html>
  (Session info: chrome=62.0.3202.94)
  (Driver info: chromedriver=2.33.506120 (e3e53437346286c0bc2d2dc9aa4915ba81d9023f),platform=Windows NT 6.3.9600 x86_64) (WARNING: The server did not provide any stacktrace information)
Command duration or timeout: 0 milliseconds
Build info: version: '3.7.1', revision: '8a0099a', time: '2017-11-06T21:07:36.161Z'
System info: host: 'NEACSUNEW-PC', ip: '10.10.10.211', os.name: 'Windows 8.1', os.arch: 'amd64', os.version: '6.3', java.version: '1.8.0_102'
Driver info: com.kms.katalon.selenium.driver.CChromeDriver
Capabilities {acceptSslCerts: true, applicationCacheEnabled: false, browserConnectionEnabled: false, browserName: chrome, chrome: {chromedriverVersion: 2.33.506120 (e3e53437346286..., userDataDir: C:\Users\Cornel\AppData\Loc...}, cssSelectorsEnabled: true, databaseEnabled: false, handlesAlerts: true, hasTouchScreen: false, javascriptEnabled: true, locationContextEnabled: true, mobileEmulationEnabled: false, nativeEvents: true, networkConnectionEnabled: false, pageLoadStrategy: normal, platform: XP, platformName: XP, rotatable: false, setWindowRect: true, takesHeapSnapshot: true, takesScreenshot: true, unexpectedAlertBehaviour: , unhandledPromptBehavior: , version: 62.0.3202.94, webStorageEnabled: true}
Session ID: 9d9ea96b95f2cf1b4f90e7c489d7d56e)"/>
         <system-out><![CDATA[2017-11-27 14:13:49 - [TEST_CASE][FAILED] - Test Cases/PrimoTours/WB Primo/WB Primo staging - place booking - Iteration 6: Test Cases/PrimoTours/WB Primo/WB Primo staging - place booking FAILED because (of) Unable to click on object 'Object Repository/PrimoTours/Old Objects/Coco (1)/PrimoT/SaveBooking2/Success/a_toggle radio kalypto' (Root cause: org.openqa.selenium.WebDriverException: unknown error: Element <a href="#" class="toggle radio kalypto"></a> is not clickable at point (865, 10). Other element would receive the click: <html lang="en" class="win chrome chrome62 webkit webkit5">...</html>
  (Session info: chrome=62.0.3202.94)
  (Driver info: chromedriver=2.33.506120 (e3e53437346286c0bc2d2dc9aa4915ba81d9023f),platform=Windows NT 6.3.9600 x86_64) (WARNING: The server did not provide any stacktrace information)
Command duration or timeout: 0 milliseconds
Build info: version: '3.7.1', revision: '8a0099a', time: '2017-11-06T21:07:36.161Z'
System info: host: 'NEACSUNEW-PC', ip: '10.10.10.211', os.name: 'Windows 8.1', os.arch: 'amd64', os.version: '6.3', java.version: '1.8.0_102'
Driver info: com.kms.katalon.selenium.driver.CChromeDriver
Capabilities {acceptSslCerts: true, applicationCacheEnabled: false, browserConnectionEnabled: false, browserName: chrome, chrome: {chromedriverVersion: 2.33.506120 (e3e53437346286..., userDataDir: C:\Users\Cornel\AppData\Loc...}, cssSelectorsEnabled: true, databaseEnabled: false, handlesAlerts: true, hasTouchScreen: false, javascriptEnabled: true, locationContextEnabled: true, mobileEmulationEnabled: false, nativeEvents: true, networkConnectionEnabled: false, pageLoadStrategy: normal, platform: XP, platformName: XP, rotatable: false, setWindowRect: true, takesHeapSnapshot: true, takesScreenshot: true, unexpectedAlertBehaviour: , unhandledPromptBehavior: , version: 62.0.3202.94, webStorageEnabled: true}
Session ID: 9d9ea96b95f2cf1b4f90e7c489d7d56e)

2017-11-27 14:13:49 - [TEST_STEP][PASSED] - openBrowser: Browser is opened with url: ''

2017-11-27 14:13:49 - [MESSAGE][WARNING] - A browser is already opened. Closing browser and opening a new one

2017-11-27 14:13:52 - [MESSAGE][PASSED] - Browser is opened with url: ''

2017-11-27 14:13:52 - [TEST_STEP][PASSED] - maximizeWindow: Current window maximized

2017-11-27 14:13:53 - [MESSAGE][PASSED] - Current window maximized

2017-11-27 14:13:53 - [TEST_STEP][PASSED] - navigateToUrl: Navigate to 'https://staging-primotours-webbooking.tourpaq.com/DoBooking.aspx?pltaID=1480269&p=2&rno=1&pt=1&a=2&c=2&aa=&ca=1%2C5' successfully

2017-11-27 14:13:55 - [MESSAGE][PASSED] - Navigate to 'https://staging-primotours-webbooking.tourpaq.com/DoBooking.aspx?pltaID=1480269&p=2&rno=1&pt=1&a=2&c=2&aa=&ca=1%2C5' successfully

2017-11-27 14:13:55 - [TEST_STEP][PASSED] - setText: Text 'Pedersen AUT' is set on object 'Object Repository/PrimoTours/Old Objects/Coco/PrimoT/Page_Primo Tours  Danmarks bedste c/input_firstName'

2017-11-27 14:13:55 - [MESSAGE][PASSED] - Text 'Pedersen AUT' is set on object 'Object Repository/PrimoTours/Old Objects/Coco/PrimoT/Page_Primo Tours  Danmarks bedste c/input_firstName'

2017-11-27 14:13:55 - [TEST_STEP][PASSED] - setText: Text 'Vibe Dalby' is set on object 'Object Repository/PrimoTours/Old Objects/Coco/PrimoT/Page_Primo Tours  Danmarks bedste c/input_lastName'

2017-11-27 14:13:56 - [MESSAGE][PASSED] - Text 'Vibe Dalby' is set on object 'Object Repository/PrimoTours/Old Objects/Coco/PrimoT/Page_Primo Tours  Danmarks bedste c/input_lastName'

2017-11-27 14:13:56 - [TEST_STEP][PASSED] - setText: Text 'Home address' is set on object 'Object Repository/PrimoTours/Old Objects/Coco/PrimoT/Page_Primo Tours  Danmarks bedste c/input_customerAddress'

2017-11-27 14:13:56 - [MESSAGE][PASSED] - Text 'Home address' is set on object 'Object Repository/PrimoTours/Old Objects/Coco/PrimoT/Page_Primo Tours  Danmarks bedste c/input_customerAddress'

2017-11-27 14:13:56 - [TEST_STEP][PASSED] - setText: Text '6700' is set on object 'Object Repository/PrimoTours/Old Objects/Coco/PrimoT/Page_Primo Tours  Danmarks bedste c/input_customerPostcode'

2017-11-27 14:13:56 - [MESSAGE][PASSED] - Text '6700' is set on object 'Object Repository/PrimoTours/Old Objects/Coco/PrimoT/Page_Primo Tours  Danmarks bedste c/input_customerPostcode'

2017-11-27 14:13:56 - [TEST_STEP][PASSED] - setText: Text 'cornel.neacsu@roweb.ro' is set on object 'Object Repository/PrimoTours/Old Objects/Coco/PrimoT/Page_Primo Tours  Danmarks bedste c/input_customerEmail'

2017-11-27 14:13:57 - [MESSAGE][PASSED] - Text 'cornel.neacsu@roweb.ro' is set on object 'Object Repository/PrimoTours/Old Objects/Coco/PrimoT/Page_Primo Tours  Danmarks bedste c/input_customerEmail'

2017-11-27 14:13:57 - [TEST_STEP][PASSED] - setText: Text '12345678' is set on object 'Object Repository/PrimoTours/Old Objects/Coco/PrimoT/Page_Primo Tours  Danmarks bedste c/input_customerPhone'

2017-11-27 14:13:57 - [MESSAGE][PASSED] - Text '12345678' is set on object 'Object Repository/PrimoTours/Old Objects/Coco/PrimoT/Page_Primo Tours  Danmarks bedste c/input_customerPhone'

2017-11-27 14:13:57 - [TEST_STEP][PASSED] - waitForElementClickable: Object 'Object Repository/PrimoTours/Old Objects/Coco/PrimoT/Page_Primo Tours  Danmarks bedste c/input_firstname-0_1' is clickable

2017-11-27 14:13:58 - [MESSAGE][PASSED] - Object 'Object Repository/PrimoTours/Old Objects/Coco/PrimoT/Page_Primo Tours  Danmarks bedste c/input_firstname-0_1' is clickable

2017-11-27 14:13:58 - [TEST_STEP][PASSED] - Statement - excelInfo = ["fname":"", "lname":"", "pgender":"", "pday":"", "pmonth":"", "pyear":""]: null

2017-11-27 14:13:58 - [TEST_STEP][PASSED] - Statement - rawData = com.kms.katalon.core.testdata.TestDataFactory.findTestData("Data Files/WB_Primo/Passenger_details"): Reading excel file with source file 'D:\Software testing\Tourpaq\Automated Katalon tests\Primo WB test\Data Files\Primo_URLs_For_Automated_Test.xlsx' and sheet name 'Passenger Names'

2017-11-27 14:13:58 - [TEST_STEP][PASSED] - Statement - excelRowNo = rawData.getRowNumbers(): null

2017-11-27 14:13:58 - [TEST_STEP][PASSED] - Statement - randomPaxIndex = 1: null

2017-11-27 14:13:58 - [TEST_STEP][PASSED] - Statement - driver = com.kms.katalon.core.webui.driver.DriverFactory.getWebDriver(): null

2017-11-27 14:13:58 - [TEST_STEP][PASSED] - Statement - roomContainerXpath = "id("booking")/div[@class="wrapper second-bg"]/div[contains(@class,"container-mx")]/div[@class="row"]/div[@class="col-md-12 roomContainer"]": null

2017-11-27 14:13:58 - [TEST_STEP][PASSED] - Statement - roomsCount = driver.findElements(org.openqa.selenium.By.xpath(roomContainerXpath)).size(): null

2017-11-27 14:13:58 - [TEST_STEP][PASSED] - Statement - println("roomsCount=" + roomsCount): null

2017-11-27 14:13:58 - [TEST_STEP][PASSED] - Statement - For ([i = 1, i <= roomsCount, (i++)]): Text 'Nicky Thomas' is set on object 'Object Repository/PrimoTours/Old Objects/allPaxLastNameFields'

2017-11-27 14:13:58 - [TEST_STEP][PASSED] - Statement - paxInRoomXpath = roomContainerXpath + "[" + i + "]/div[@class="row"]/div[@class="col-md-12"]/div[@class="row"]": null

2017-11-27 14:13:58 - [TEST_STEP][PASSED] - Statement - paxInRoomCount = driver.findElements(org.openqa.selenium.By.xpath(paxInRoomXpath)).size(): null

2017-11-27 14:13:58 - [TEST_STEP][PASSED] - Statement - println("paxInRoomCount=" + paxInRoomCount): null

2017-11-27 14:13:58 - [TEST_STEP][PASSED] - Statement - For ([j = 1, j <= paxInRoomCount, (j++)]): Text 'Nicky Thomas' is set on object 'Object Repository/PrimoTours/Old Objects/allPaxLastNameFields'

2017-11-27 14:13:58 - [TEST_STEP][PASSED] - Statement - If (i == 1 & j == 1): null

2017-11-27 14:13:58 - [TEST_STEP][PASSED] - Statement - <not implemented yet for class: org.codehaus.groovy.ast.stmt.ContinueStatement>: null

2017-11-27 14:13:58 - [TEST_STEP][PASSED] - Statement - If (i == 1 & j == 1): null

2017-11-27 14:13:58 - [TEST_STEP][PASSED] - Statement - randomPaxIndex = java.lang.Math.abs(new java.util.Random().nextInt() % excelRowNo) + 1: null

2017-11-27 14:13:58 - [TEST_STEP][PASSED] - Statement - println(randomPaxIndex): null

2017-11-27 14:13:58 - [TEST_STEP][PASSED] - Statement - fname = rawData.getValue("FirstName", randomPaxIndex) + " AUT": null

2017-11-27 14:13:58 - [TEST_STEP][PASSED] - Statement - lname = rawData.getValue("LastName", randomPaxIndex): null

2017-11-27 14:13:58 - [TEST_STEP][PASSED] - Statement - pgender = rawData.getValue("Gender", randomPaxIndex): null

2017-11-27 14:13:58 - [TEST_STEP][PASSED] - Statement - pday = rawData.getValue("Day DOB", randomPaxIndex): null

2017-11-27 14:13:58 - [TEST_STEP][PASSED] - Statement - pmonth = rawData.getValue("Month DOB", randomPaxIndex): null

2017-11-27 14:13:58 - [TEST_STEP][PASSED] - Statement - pyear = rawData.getValue("Year DOB", randomPaxIndex): null

2017-11-27 14:13:58 - [TEST_STEP][PASSED] - Statement - paxDetailFields = paxInRoomXpath + "[" + j + "]/div[@class="col-md-x col-md-9"]/div[@class="row paxContainer"]/div[@class="col-md-5"]": null

2017-11-27 14:13:58 - [TEST_STEP][PASSED] - Statement - xpathval = paxDetailFields + "[1]/div[contains(@class,"form-group")]/input[@class="form-control paxFirstName"]": null

2017-11-27 14:13:58 - [TEST_STEP][PASSED] - Statement - println("fn: " + xpathval): null

2017-11-27 14:13:58 - [TEST_STEP][PASSED] - Statement - repObj = com.kms.katalon.core.testobject.ObjectRepository.findTestObject(Object Repository/PrimoTours/Old Objects/allPaxFirstNameFields): Finding Test Object with id 'Object Repository/PrimoTours/Old Objects/allPaxFirstNameFields'

2017-11-27 14:13:58 - [TEST_STEP][PASSED] - Statement - repObj.findProperty("xpath").setValue(xpathval): null

2017-11-27 14:13:58 - [TEST_STEP][PASSED] - setText: Text 'Votborg AUT' is set on object 'Object Repository/PrimoTours/Old Objects/allPaxFirstNameFields'

2017-11-27 14:13:59 - [MESSAGE][PASSED] - Text 'Votborg AUT' is set on object 'Object Repository/PrimoTours/Old Objects/allPaxFirstNameFields'

2017-11-27 14:13:59 - [TEST_STEP][PASSED] - Statement - xpathval = paxDetailFields + "[2]/div[contains(@class,"form-group")]/input[@class="form-control paxLastName"]": null

2017-11-27 14:13:59 - [TEST_STEP][PASSED] - Statement - println("ln: " + xpathval): null

2017-11-27 14:13:59 - [TEST_STEP][PASSED] - Statement - repObj = com.kms.katalon.core.testobject.ObjectRepository.findTestObject(Object Repository/PrimoTours/Old Objects/allPaxLastNameFields): Finding Test Object with id 'Object Repository/PrimoTours/Old Objects/allPaxLastNameFields'

2017-11-27 14:13:59 - [TEST_STEP][PASSED] - Statement - repObj.findProperty("xpath").setValue(xpathval): null

2017-11-27 14:13:59 - [TEST_STEP][PASSED] - setText: Text 'Anne Dorthe' is set on object 'Object Repository/PrimoTours/Old Objects/allPaxLastNameFields'

2017-11-27 14:13:59 - [MESSAGE][PASSED] - Text 'Anne Dorthe' is set on object 'Object Repository/PrimoTours/Old Objects/allPaxLastNameFields'

2017-11-27 14:13:59 - [TEST_STEP][PASSED] - Statement - If (i == 1 & j == 1): null

2017-11-27 14:13:59 - [TEST_STEP][PASSED] - Statement - randomPaxIndex = java.lang.Math.abs(new java.util.Random().nextInt() % excelRowNo) + 1: null

2017-11-27 14:13:59 - [TEST_STEP][PASSED] - Statement - println(randomPaxIndex): null

2017-11-27 14:13:59 - [TEST_STEP][PASSED] - Statement - fname = rawData.getValue("FirstName", randomPaxIndex) + " AUT": null

2017-11-27 14:13:59 - [TEST_STEP][PASSED] - Statement - lname = rawData.getValue("LastName", randomPaxIndex): null

2017-11-27 14:13:59 - [TEST_STEP][PASSED] - Statement - pgender = rawData.getValue("Gender", randomPaxIndex): null

2017-11-27 14:13:59 - [TEST_STEP][PASSED] - Statement - pday = rawData.getValue("Day DOB", randomPaxIndex): null

2017-11-27 14:13:59 - [TEST_STEP][PASSED] - Statement - pmonth = rawData.getValue("Month DOB", randomPaxIndex): null

2017-11-27 14:13:59 - [TEST_STEP][PASSED] - Statement - pyear = rawData.getValue("Year DOB", randomPaxIndex): null

2017-11-27 14:13:59 - [TEST_STEP][PASSED] - Statement - paxDetailFields = paxInRoomXpath + "[" + j + "]/div[@class="col-md-x col-md-9"]/div[@class="row paxContainer"]/div[@class="col-md-5"]": null

2017-11-27 14:13:59 - [TEST_STEP][PASSED] - Statement - xpathval = paxDetailFields + "[1]/div[contains(@class,"form-group")]/input[@class="form-control paxFirstName"]": null

2017-11-27 14:13:59 - [TEST_STEP][PASSED] - Statement - println("fn: " + xpathval): null

2017-11-27 14:13:59 - [TEST_STEP][PASSED] - Statement - repObj = com.kms.katalon.core.testobject.ObjectRepository.findTestObject(Object Repository/PrimoTours/Old Objects/allPaxFirstNameFields): Finding Test Object with id 'Object Repository/PrimoTours/Old Objects/allPaxFirstNameFields'

2017-11-27 14:13:59 - [TEST_STEP][PASSED] - Statement - repObj.findProperty("xpath").setValue(xpathval): null

2017-11-27 14:13:59 - [TEST_STEP][PASSED] - setText: Text 'Pehrsson AUT' is set on object 'Object Repository/PrimoTours/Old Objects/allPaxFirstNameFields'

2017-11-27 14:13:59 - [MESSAGE][PASSED] - Text 'Pehrsson AUT' is set on object 'Object Repository/PrimoTours/Old Objects/allPaxFirstNameFields'

2017-11-27 14:13:59 - [TEST_STEP][PASSED] - Statement - xpathval = paxDetailFields + "[2]/div[contains(@class,"form-group")]/input[@class="form-control paxLastName"]": null

2017-11-27 14:13:59 - [TEST_STEP][PASSED] - Statement - println("ln: " + xpathval): null

2017-11-27 14:13:59 - [TEST_STEP][PASSED] - Statement - repObj = com.kms.katalon.core.testobject.ObjectRepository.findTestObject(Object Repository/PrimoTours/Old Objects/allPaxLastNameFields): Finding Test Object with id 'Object Repository/PrimoTours/Old Objects/allPaxLastNameFields'

2017-11-27 14:13:59 - [TEST_STEP][PASSED] - Statement - repObj.findProperty("xpath").setValue(xpathval): null

2017-11-27 14:13:59 - [TEST_STEP][PASSED] - setText: Text 'Marianne' is set on object 'Object Repository/PrimoTours/Old Objects/allPaxLastNameFields'

2017-11-27 14:13:59 - [MESSAGE][PASSED] - Text 'Marianne' is set on object 'Object Repository/PrimoTours/Old Objects/allPaxLastNameFields'

2017-11-27 14:13:59 - [TEST_STEP][PASSED] - Statement - If (i == 1 & j == 1): null

2017-11-27 14:13:59 - [TEST_STEP][PASSED] - Statement - randomPaxIndex = java.lang.Math.abs(new java.util.Random().nextInt() % excelRowNo) + 1: null

2017-11-27 14:13:59 - [TEST_STEP][PASSED] - Statement - println(randomPaxIndex): null

2017-11-27 14:13:59 - [TEST_STEP][PASSED] - Statement - fname = rawData.getValue("FirstName", randomPaxIndex) + " AUT": null

2017-11-27 14:13:59 - [TEST_STEP][PASSED] - Statement - lname = rawData.getValue("LastName", randomPaxIndex): null

2017-11-27 14:13:59 - [TEST_STEP][PASSED] - Statement - pgender = rawData.getValue("Gender", randomPaxIndex): null

2017-11-27 14:13:59 - [TEST_STEP][PASSED] - Statement - pday = rawData.getValue("Day DOB", randomPaxIndex): null

2017-11-27 14:13:59 - [TEST_STEP][PASSED] - Statement - pmonth = rawData.getValue("Month DOB", randomPaxIndex): null

2017-11-27 14:13:59 - [TEST_STEP][PASSED] - Statement - pyear = rawData.getValue("Year DOB", randomPaxIndex): null

2017-11-27 14:13:59 - [TEST_STEP][PASSED] - Statement - paxDetailFields = paxInRoomXpath + "[" + j + "]/div[@class="col-md-x col-md-9"]/div[@class="row paxContainer"]/div[@class="col-md-5"]": null

2017-11-27 14:13:59 - [TEST_STEP][PASSED] - Statement - xpathval = paxDetailFields + "[1]/div[contains(@class,"form-group")]/input[@class="form-control paxFirstName"]": null

2017-11-27 14:13:59 - [TEST_STEP][PASSED] - Statement - println("fn: " + xpathval): null

2017-11-27 14:13:59 - [TEST_STEP][PASSED] - Statement - repObj = com.kms.katalon.core.testobject.ObjectRepository.findTestObject(Object Repository/PrimoTours/Old Objects/allPaxFirstNameFields): Finding Test Object with id 'Object Repository/PrimoTours/Old Objects/allPaxFirstNameFields'

2017-11-27 14:13:59 - [TEST_STEP][PASSED] - Statement - repObj.findProperty("xpath").setValue(xpathval): null

2017-11-27 14:13:59 - [TEST_STEP][PASSED] - setText: Text 'Knudsen AUT' is set on object 'Object Repository/PrimoTours/Old Objects/allPaxFirstNameFields'

2017-11-27 14:14:00 - [MESSAGE][PASSED] - Text 'Knudsen AUT' is set on object 'Object Repository/PrimoTours/Old Objects/allPaxFirstNameFields'

2017-11-27 14:14:00 - [TEST_STEP][PASSED] - Statement - xpathval = paxDetailFields + "[2]/div[contains(@class,"form-group")]/input[@class="form-control paxLastName"]": null

2017-11-27 14:14:00 - [TEST_STEP][PASSED] - Statement - println("ln: " + xpathval): null

2017-11-27 14:14:00 - [TEST_STEP][PASSED] - Statement - repObj = com.kms.katalon.core.testobject.ObjectRepository.findTestObject(Object Repository/PrimoTours/Old Objects/allPaxLastNameFields): Finding Test Object with id 'Object Repository/PrimoTours/Old Objects/allPaxLastNameFields'

2017-11-27 14:14:00 - [TEST_STEP][PASSED] - Statement - repObj.findProperty("xpath").setValue(xpathval): null

2017-11-27 14:14:00 - [TEST_STEP][PASSED] - setText: Text 'Nicky Thomas' is set on object 'Object Repository/PrimoTours/Old Objects/allPaxLastNameFields'

2017-11-27 14:14:00 - [MESSAGE][PASSED] - Text 'Nicky Thomas' is set on object 'Object Repository/PrimoTours/Old Objects/allPaxLastNameFields'

2017-11-27 14:14:00 - [TEST_STEP][PASSED] - scrollToElement: Scroll to object 'Object Repository/PrimoTours/Old Objects/Coco (1)/PrimoT/SaveBooking2/Success/span_kr. 7.892-' successfully

2017-11-27 14:14:00 - [MESSAGE][PASSED] - Scroll to object 'Object Repository/PrimoTours/Old Objects/Coco (1)/PrimoT/SaveBooking2/Success/span_kr. 7.892-' successfully

2017-11-27 14:14:00 - [TEST_STEP][PASSED] - click: Object: 'Object Repository/PrimoTours/Old Objects/Coco (1)/PrimoT/SaveBooking2/Success/span_kr. 7.892-' is clicked on

2017-11-27 14:14:00 - [MESSAGE][PASSED] - Object: 'Object Repository/PrimoTours/Old Objects/Coco (1)/PrimoT/SaveBooking2/Success/span_kr. 7.892-' is clicked on

2017-11-27 14:14:00 - [TEST_STEP][PASSED] - scrollToElement: Scroll to object 'Object Repository/PrimoTours/Old Objects/Coco (1)/PrimoT/SaveBooking2/Success/Page_Primo Tours  Danmarks bedste c/i_fa fa-arrow-circle-right' successfully

2017-11-27 14:14:00 - [MESSAGE][PASSED] - Scroll to object 'Object Repository/PrimoTours/Old Objects/Coco (1)/PrimoT/SaveBooking2/Success/Page_Primo Tours  Danmarks bedste c/i_fa fa-arrow-circle-right' successfully

2017-11-27 14:14:00 - [TEST_STEP][PASSED] - waitForElementClickable: Object 'Object Repository/PrimoTours/Old Objects/Coco (1)/PrimoT/SaveBooking2/Success/Page_Primo Tours  Danmarks bedste c/i_fa fa-arrow-circle-right' is clickable

2017-11-27 14:14:00 - [MESSAGE][PASSED] - Object 'Object Repository/PrimoTours/Old Objects/Coco (1)/PrimoT/SaveBooking2/Success/Page_Primo Tours  Danmarks bedste c/i_fa fa-arrow-circle-right' is clickable

2017-11-27 14:14:00 - [TEST_STEP][PASSED] - waitForElementVisible: Object 'Object Repository/PrimoTours/Old Objects/Coco (1)/PrimoT/SaveBooking2/Success/Page_Primo Tours  Danmarks bedste c/i_fa fa-arrow-circle-right' is visible

2017-11-27 14:14:00 - [MESSAGE][PASSED] - Object 'Object Repository/PrimoTours/Old Objects/Coco (1)/PrimoT/SaveBooking2/Success/Page_Primo Tours  Danmarks bedste c/i_fa fa-arrow-circle-right' is visible

2017-11-27 14:14:00 - [TEST_STEP][PASSED] - scrollToElement: Scroll to object 'Object Repository/PrimoTours/Old Objects/Coco (1)/PrimoT/SaveBooking2/Success/Page_Primo Tours  Danmarks bedste c/i_fa fa-arrow-circle-right' successfully

2017-11-27 14:14:00 - [MESSAGE][PASSED] - Scroll to object 'Object Repository/PrimoTours/Old Objects/Coco (1)/PrimoT/SaveBooking2/Success/Page_Primo Tours  Danmarks bedste c/i_fa fa-arrow-circle-right' successfully

2017-11-27 14:14:00 - [TEST_STEP][PASSED] - click: Object: 'Object Repository/PrimoTours/Old Objects/Coco (1)/PrimoT/SaveBooking2/Success/Page_Primo Tours  Danmarks bedste c/i_fa fa-arrow-circle-right' is clicked on

2017-11-27 14:14:00 - [MESSAGE][PASSED] - Object: 'Object Repository/PrimoTours/Old Objects/Coco (1)/PrimoT/SaveBooking2/Success/Page_Primo Tours  Danmarks bedste c/i_fa fa-arrow-circle-right' is clicked on

2017-11-27 14:14:00 - [TEST_STEP][PASSED] - scrollToElement: Scroll to object 'Object Repository/PrimoTours/Old Objects/Coco/PrimoT/Ins2/Page_Primo Tours  Danmarks bedste c/span_Vlg forsikring' successfully

2017-11-27 14:14:01 - [MESSAGE][PASSED] - Scroll to object 'Object Repository/PrimoTours/Old Objects/Coco/PrimoT/Ins2/Page_Primo Tours  Danmarks bedste c/span_Vlg forsikring' successfully

2017-11-27 14:14:01 - [TEST_STEP][PASSED] - waitForElementPresent: Object 'Object Repository/PrimoTours/Old Objects/Coco/PrimoT/Ins2/Page_Primo Tours  Danmarks bedste c/span_Vlg forsikring' is present

2017-11-27 14:14:01 - [MESSAGE][PASSED] - Object 'Object Repository/PrimoTours/Old Objects/Coco/PrimoT/Ins2/Page_Primo Tours  Danmarks bedste c/span_Vlg forsikring' is present

2017-11-27 14:14:01 - [TEST_STEP][PASSED] - waitForElementVisible: Object 'Object Repository/PrimoTours/Old Objects/Coco/PrimoT/Ins2/Page_Primo Tours  Danmarks bedste c/span_Vlg forsikring' is visible

2017-11-27 14:14:01 - [MESSAGE][PASSED] - Object 'Object Repository/PrimoTours/Old Objects/Coco/PrimoT/Ins2/Page_Primo Tours  Danmarks bedste c/span_Vlg forsikring' is visible

2017-11-27 14:14:01 - [TEST_STEP][PASSED] - waitForElementClickable: Object 'Object Repository/PrimoTours/Old Objects/Coco/PrimoT/Ins2/Page_Primo Tours  Danmarks bedste c/span_Vlg forsikring' is clickable

2017-11-27 14:14:01 - [MESSAGE][PASSED] - Object 'Object Repository/PrimoTours/Old Objects/Coco/PrimoT/Ins2/Page_Primo Tours  Danmarks bedste c/span_Vlg forsikring' is clickable

2017-11-27 14:14:01 - [TEST_STEP][PASSED] - click: Object: 'Object Repository/PrimoTours/Old Objects/Coco/PrimoT/Ins2/Page_Primo Tours  Danmarks bedste c/span_Vlg forsikring' is clicked on

2017-11-27 14:14:01 - [MESSAGE][PASSED] - Object: 'Object Repository/PrimoTours/Old Objects/Coco/PrimoT/Ins2/Page_Primo Tours  Danmarks bedste c/span_Vlg forsikring' is clicked on

2017-11-27 14:14:01 - [TEST_STEP][PASSED] - click: Object: 'Object Repository/PrimoTours/Old Objects/Coco/PrimoT/Ins2/Page_Primo Tours  Danmarks bedste c/li_Har selv forsikring - kr. 0' is clicked on

2017-11-27 14:14:01 - [MESSAGE][PASSED] - Object: 'Object Repository/PrimoTours/Old Objects/Coco/PrimoT/Ins2/Page_Primo Tours  Danmarks bedste c/li_Har selv forsikring - kr. 0' is clicked on

2017-11-27 14:14:01 - [TEST_STEP][NOT_RUN] - click: NOT_RUN: click

2017-11-27 14:14:01 - [MESSAGE][NOT_RUN] - NOT_RUN: click

2017-11-27 14:14:01 - [TEST_STEP][NOT_RUN] - scrollToElement: NOT_RUN: scrollToElement

2017-11-27 14:14:01 - [MESSAGE][NOT_RUN] - NOT_RUN: scrollToElement

2017-11-27 14:14:01 - [TEST_STEP][NOT_RUN] - click: NOT_RUN: click

2017-11-27 14:14:01 - [MESSAGE][NOT_RUN] - NOT_RUN: click

2017-11-27 14:14:01 - [TEST_STEP][PASSED] - scrollToElement: Scroll to object 'Object Repository/PrimoTours/Old Objects/Coco (1)/PrimoT/SaveBooking2/Page_Primo Tours  Danmarks bedste c/a_toggle checkbox kalypto' successfully

2017-11-27 14:14:01 - [MESSAGE][PASSED] - Scroll to object 'Object Repository/PrimoTours/Old Objects/Coco (1)/PrimoT/SaveBooking2/Page_Primo Tours  Danmarks bedste c/a_toggle checkbox kalypto' successfully

2017-11-27 14:14:01 - [TEST_STEP][PASSED] - waitForElementVisible: Object 'Object Repository/PrimoTours/Old Objects/Coco (1)/PrimoT/SaveBooking2/Page_Primo Tours  Danmarks bedste c/a_toggle checkbox kalypto' is visible

2017-11-27 14:14:01 - [MESSAGE][PASSED] - Object 'Object Repository/PrimoTours/Old Objects/Coco (1)/PrimoT/SaveBooking2/Page_Primo Tours  Danmarks bedste c/a_toggle checkbox kalypto' is visible

2017-11-27 14:14:01 - [TEST_STEP][PASSED] - click: Object: 'Object Repository/PrimoTours/Old Objects/Coco (1)/PrimoT/SaveBooking2/Page_Primo Tours  Danmarks bedste c/a_toggle checkbox kalypto' is clicked on

2017-11-27 14:14:02 - [MESSAGE][PASSED] - Object: 'Object Repository/PrimoTours/Old Objects/Coco (1)/PrimoT/SaveBooking2/Page_Primo Tours  Danmarks bedste c/a_toggle checkbox kalypto' is clicked on

2017-11-27 14:14:02 - [TEST_STEP][PASSED] - scrollToElement: Scroll to object 'Object Repository/PrimoTours/Old Objects/Coco (1)/PrimoT/SaveBooking2/Success/a_toggle radio kalypto' successfully

2017-11-27 14:14:02 - [MESSAGE][PASSED] - Scroll to object 'Object Repository/PrimoTours/Old Objects/Coco (1)/PrimoT/SaveBooking2/Success/a_toggle radio kalypto' successfully

2017-11-27 14:14:02 - [TEST_STEP][FAILED] - click: Unable to click on object 'Object Repository/PrimoTours/Old Objects/Coco (1)/PrimoT/SaveBooking2/Success/a_toggle radio kalypto' (Root cause: org.openqa.selenium.WebDriverException: unknown error: Element <a href="#" class="toggle radio kalypto"></a> is not clickable at point (865, 10). Other element would receive the click: <html lang="en" class="win chrome chrome62 webkit webkit5">...</html>
  (Session info: chrome=62.0.3202.94)
  (Driver info: chromedriver=2.33.506120 (e3e53437346286c0bc2d2dc9aa4915ba81d9023f),platform=Windows NT 6.3.9600 x86_64) (WARNING: The server did not provide any stacktrace information)
Command duration or timeout: 0 milliseconds
Build info: version: '3.7.1', revision: '8a0099a', time: '2017-11-06T21:07:36.161Z'
System info: host: 'NEACSUNEW-PC', ip: '10.10.10.211', os.name: 'Windows 8.1', os.arch: 'amd64', os.version: '6.3', java.version: '1.8.0_102'
Driver info: com.kms.katalon.selenium.driver.CChromeDriver
Capabilities {acceptSslCerts: true, applicationCacheEnabled: false, browserConnectionEnabled: false, browserName: chrome, chrome: {chromedriverVersion: 2.33.506120 (e3e53437346286..., userDataDir: C:\Users\Cornel\AppData\Loc...}, cssSelectorsEnabled: true, databaseEnabled: false, handlesAlerts: true, hasTouchScreen: false, javascriptEnabled: true, locationContextEnabled: true, mobileEmulationEnabled: false, nativeEvents: true, networkConnectionEnabled: false, pageLoadStrategy: normal, platform: XP, platformName: XP, rotatable: false, setWindowRect: true, takesHeapSnapshot: true, takesScreenshot: true, unexpectedAlertBehaviour: , unhandledPromptBehavior: , version: 62.0.3202.94, webStorageEnabled: true}
Session ID: 9d9ea96b95f2cf1b4f90e7c489d7d56e)

2017-11-27 14:14:02 - [MESSAGE][FAILED] - Unable to click on object 'Object Repository/PrimoTours/Old Objects/Coco (1)/PrimoT/SaveBooking2/Success/a_toggle radio kalypto' (Root cause: org.openqa.selenium.WebDriverException: unknown error: Element <a href="#" class="toggle radio kalypto"></a> is not clickable at point (865, 10). Other element would receive the click: <html lang="en" class="win chrome chrome62 webkit webkit5">...</html>
  (Session info: chrome=62.0.3202.94)
  (Driver info: chromedriver=2.33.506120 (e3e53437346286c0bc2d2dc9aa4915ba81d9023f),platform=Windows NT 6.3.9600 x86_64) (WARNING: The server did not provide any stacktrace information)
Command duration or timeout: 0 milliseconds
Build info: version: '3.7.1', revision: '8a0099a', time: '2017-11-06T21:07:36.161Z'
System info: host: 'NEACSUNEW-PC', ip: '10.10.10.211', os.name: 'Windows 8.1', os.arch: 'amd64', os.version: '6.3', java.version: '1.8.0_102'
Driver info: com.kms.katalon.selenium.driver.CChromeDriver
Capabilities {acceptSslCerts: true, applicationCacheEnabled: false, browserConnectionEnabled: false, browserName: chrome, chrome: {chromedriverVersion: 2.33.506120 (e3e53437346286..., userDataDir: C:\Users\Cornel\AppData\Loc...}, cssSelectorsEnabled: true, databaseEnabled: false, handlesAlerts: true, hasTouchScreen: false, javascriptEnabled: true, locationContextEnabled: true, mobileEmulationEnabled: false, nativeEvents: true, networkConnectionEnabled: false, pageLoadStrategy: normal, platform: XP, platformName: XP, rotatable: false, setWindowRect: true, takesHeapSnapshot: true, takesScreenshot: true, unexpectedAlertBehaviour: , unhandledPromptBehavior: , version: 62.0.3202.94, webStorageEnabled: true}
Session ID: 9d9ea96b95f2cf1b4f90e7c489d7d56e)
[[ATTACHMENT|D:\\Software testing\\Tourpaq\\Automated Katalon tests\\Primo WB test\\Reports\\WB Primo From Excel URLs\\20171127_141214\\1511784842375.png]]]]></system-out>
         <system-err><![CDATA[2017-11-27 14:13:49 - [TEST_CASE][FAILED] - Test Cases/PrimoTours/WB Primo/WB Primo staging - place booking - Iteration 6: Test Cases/PrimoTours/WB Primo/WB Primo staging - place booking FAILED because (of) Unable to click on object 'Object Repository/PrimoTours/Old Objects/Coco (1)/PrimoT/SaveBooking2/Success/a_toggle radio kalypto' (Root cause: org.openqa.selenium.WebDriverException: unknown error: Element <a href="#" class="toggle radio kalypto"></a> is not clickable at point (865, 10). Other element would receive the click: <html lang="en" class="win chrome chrome62 webkit webkit5">...</html>
  (Session info: chrome=62.0.3202.94)
  (Driver info: chromedriver=2.33.506120 (e3e53437346286c0bc2d2dc9aa4915ba81d9023f),platform=Windows NT 6.3.9600 x86_64) (WARNING: The server did not provide any stacktrace information)
Command duration or timeout: 0 milliseconds
Build info: version: '3.7.1', revision: '8a0099a', time: '2017-11-06T21:07:36.161Z'
System info: host: 'NEACSUNEW-PC', ip: '10.10.10.211', os.name: 'Windows 8.1', os.arch: 'amd64', os.version: '6.3', java.version: '1.8.0_102'
Driver info: com.kms.katalon.selenium.driver.CChromeDriver
Capabilities {acceptSslCerts: true, applicationCacheEnabled: false, browserConnectionEnabled: false, browserName: chrome, chrome: {chromedriverVersion: 2.33.506120 (e3e53437346286..., userDataDir: C:\Users\Cornel\AppData\Loc...}, cssSelectorsEnabled: true, databaseEnabled: false, handlesAlerts: true, hasTouchScreen: false, javascriptEnabled: true, locationContextEnabled: true, mobileEmulationEnabled: false, nativeEvents: true, networkConnectionEnabled: false, pageLoadStrategy: normal, platform: XP, platformName: XP, rotatable: false, setWindowRect: true, takesHeapSnapshot: true, takesScreenshot: true, unexpectedAlertBehaviour: , unhandledPromptBehavior: , version: 62.0.3202.94, webStorageEnabled: true}
Session ID: 9d9ea96b95f2cf1b4f90e7c489d7d56e)]]></system-err>
      </testcase>
      <system-out><![CDATA[2017-11-27 14:12:16 - [TEST_SUITE][FAILED] - WB Primo From Excel URLs: Test Cases/PrimoTours/WB Primo/WB Primo staging - place booking FAILED because (of) Unable to click on object 'Object Repository/PrimoTours/Old Objects/Coco (1)/PrimoT/SaveBooking2/Success/a_toggle radio kalypto' (Root cause: org.openqa.selenium.WebDriverException: unknown error: Element <a href="#" class="toggle radio kalypto"></a> is not clickable at point (865, 10). Other element would receive the click: <html lang="en" class="win chrome chrome62 webkit webkit5">...</html>
  (Session info: chrome=62.0.3202.94)
  (Driver info: chromedriver=2.33.506120 (e3e53437346286c0bc2d2dc9aa4915ba81d9023f),platform=Windows NT 6.3.9600 x86_64) (WARNING: The server did not provide any stacktrace information)
Command duration or timeout: 0 milliseconds
Build info: version: '3.7.1', revision: '8a0099a', time: '2017-11-06T21:07:36.161Z'
System info: host: 'NEACSUNEW-PC', ip: '10.10.10.211', os.name: 'Windows 8.1', os.arch: 'amd64', os.version: '6.3', java.version: '1.8.0_102'
Driver info: com.kms.katalon.selenium.driver.CChromeDriver
Capabilities {acceptSslCerts: true, applicationCacheEnabled: false, browserConnectionEnabled: false, browserName: chrome, chrome: {chromedriverVersion: 2.33.506120 (e3e53437346286..., userDataDir: C:\Users\Cornel\AppData\Loc...}, cssSelectorsEnabled: true, databaseEnabled: false, handlesAlerts: true, hasTouchScreen: false, javascriptEnabled: true, locationContextEnabled: true, mobileEmulationEnabled: false, nativeEvents: true, networkConnectionEnabled: false, pageLoadStrategy: normal, platform: XP, platformName: XP, rotatable: false, setWindowRect: true, takesHeapSnapshot: true, takesScreenshot: true, unexpectedAlertBehaviour: , unhandledPromptBehavior: , version: 62.0.3202.94, webStorageEnabled: true}
Session ID: c94f221576f4a0c061d3672c0fbaf680)]]></system-out>
      <system-err><![CDATA[2017-11-27 14:12:16 - [TEST_SUITE][FAILED] - WB Primo From Excel URLs: Test Cases/PrimoTours/WB Primo/WB Primo staging - place booking FAILED because (of) Unable to click on object 'Object Repository/PrimoTours/Old Objects/Coco (1)/PrimoT/SaveBooking2/Success/a_toggle radio kalypto' (Root cause: org.openqa.selenium.WebDriverException: unknown error: Element <a href="#" class="toggle radio kalypto"></a> is not clickable at point (865, 10). Other element would receive the click: <html lang="en" class="win chrome chrome62 webkit webkit5">...</html>
  (Session info: chrome=62.0.3202.94)
  (Driver info: chromedriver=2.33.506120 (e3e53437346286c0bc2d2dc9aa4915ba81d9023f),platform=Windows NT 6.3.9600 x86_64) (WARNING: The server did not provide any stacktrace information)
Command duration or timeout: 0 milliseconds
Build info: version: '3.7.1', revision: '8a0099a', time: '2017-11-06T21:07:36.161Z'
System info: host: 'NEACSUNEW-PC', ip: '10.10.10.211', os.name: 'Windows 8.1', os.arch: 'amd64', os.version: '6.3', java.version: '1.8.0_102'
Driver info: com.kms.katalon.selenium.driver.CChromeDriver
Capabilities {acceptSslCerts: true, applicationCacheEnabled: false, browserConnectionEnabled: false, browserName: chrome, chrome: {chromedriverVersion: 2.33.506120 (e3e53437346286..., userDataDir: C:\Users\Cornel\AppData\Loc...}, cssSelectorsEnabled: true, databaseEnabled: false, handlesAlerts: true, hasTouchScreen: false, javascriptEnabled: true, locationContextEnabled: true, mobileEmulationEnabled: false, nativeEvents: true, networkConnectionEnabled: false, pageLoadStrategy: normal, platform: XP, platformName: XP, rotatable: false, setWindowRect: true, takesHeapSnapshot: true, takesScreenshot: true, unexpectedAlertBehaviour: , unhandledPromptBehavior: , version: 62.0.3202.94, webStorageEnabled: true}
Session ID: c94f221576f4a0c061d3672c0fbaf680)]]></system-err>
   </testsuite>
</testsuites>
