<?xml version="1.0" encoding="UTF-8"?>
<testsuites name="Primo Tours" time="35" tests="0" failures="1" errors="0">
   <testsuite name="Primo Tours" tests="0" failures="1" errors="0" time="35" timestamp="2017-10-26 15:14:21" hostname="Cornel - NEACSUNEW-PC.zlin.roweb.ro" id="Test Suites/Primo Tours">
      <properties>
         <property name="deviceName" value=""/>
         <property name="devicePlatform" value=""/>
         <property name="logFolder" value="C:\\Users\\Cornel\\Katalon Studio\\Primo WB test\\Reports\\Primo Tours\\20171026_151419"/>
         <property name="logFiles" value="C:\\Users\\Cornel\\Katalon Studio\\Primo WB test\\Reports\\Primo Tours\\20171026_151419\\execution0.log"/>
         <property name="attachments" value="C:\\Users\\Cornel\\Katalon Studio\\Primo WB test\\Reports\\Primo Tours\\20171026_151419\\1509020095193.png, C:\\Users\\Cornel\\Katalon Studio\\Primo WB test\\Reports\\Primo Tours\\20171026_151419\\1509020095816.png"/>
         <property name="hostName" value="Cornel - NEACSUNEW-PC.zlin.roweb.ro"/>
         <property name="os" value="Windows 8.1 64bit"/>
         <property name="katalonVersion" value="4.8.0.2"/>
         <property name="browser" value="Chrome 61.0.3163.100"/>
         <property name="hostAddress" value="10.10.10.211"/>
         <property name="sessionId" value="a6bdbc1440d91dd3b628d2f4a20894b7"/>
         <property name="seleniumVersion" value="2.53.0"/>
         <property name="proxyInformation" value="ProxyInformation{proxyOption=NO_PROXY, proxyServerType=, password=, proxyServerAddress=, proxyServerPort=0}"/>
         <property name="platform" value="Windows 8.1"/>
      </properties>
      <testcase name="Test Cases/PrimoTours - place a booking with no payment" classname="Test Cases/PrimoTours - place a booking with no payment" status="FAILED">
         <failure type="FAILED" message="Unable to accept alert (Root cause: No alert found)"/>
         <system-out><![CDATA[2017-10-26 15:14:22 - [TEST_CASE][FAILED] - Test Cases/PrimoTours - place a booking with no payment: Test Cases/PrimoTours - place a booking with no payment FAILED because (of) Unable to accept alert (Root cause: No alert found)

2017-10-26 15:14:23 - [TEST_STEP][PASSED] - openBrowser: Browser is opened with url: ''

2017-10-26 15:14:29 - [MESSAGE][PASSED] - Browser is opened with url: ''

2017-10-26 15:14:29 - [TEST_STEP][PASSED] - navigateToUrl: Navigate to 'https://www.primotours.dk/' successfully

2017-10-26 15:14:32 - [MESSAGE][PASSED] - Navigate to 'https://www.primotours.dk/' successfully

2017-10-26 15:14:32 - [TEST_STEP][PASSED] - waitForElementClickable: Object 'Object Repository/Coco/PrimoT/Page_Charter rejser med Primo Tours/span_jquery-select-trigger-arr' is clickable

2017-10-26 15:14:33 - [MESSAGE][PASSED] - Object 'Object Repository/Coco/PrimoT/Page_Charter rejser med Primo Tours/span_jquery-select-trigger-arr' is clickable

2017-10-26 15:14:33 - [TEST_STEP][PASSED] - click: Object: 'Object Repository/Coco/PrimoT/Page_Charter rejser med Primo Tours/span_jquery-select-trigger-arr' is clicked on

2017-10-26 15:14:33 - [MESSAGE][PASSED] - Object: 'Object Repository/Coco/PrimoT/Page_Charter rejser med Primo Tours/span_jquery-select-trigger-arr' is clicked on

2017-10-26 15:14:33 - [TEST_STEP][PASSED] - click: Object: 'Object Repository/Coco/PrimoT/Page_Charter rejser med Primo Tours/a_Kreta' is clicked on

2017-10-26 15:14:35 - [MESSAGE][PASSED] - Object: 'Object Repository/Coco/PrimoT/Page_Charter rejser med Primo Tours/a_Kreta' is clicked on

2017-10-26 15:14:35 - [TEST_STEP][PASSED] - click: Object: 'Object Repository/Coco/PrimoT/Page_Charter rejser med Primo Tours/button_Find drmmerejsen' is clicked on

2017-10-26 15:14:37 - [MESSAGE][PASSED] - Object: 'Object Repository/Coco/PrimoT/Page_Charter rejser med Primo Tours/button_Find drmmerejsen' is clicked on

2017-10-26 15:14:37 - [TEST_STEP][NOT_RUN] - waitForElementClickable: NOT_RUN: waitForElementClickable

2017-10-26 15:14:37 - [MESSAGE][NOT_RUN] - NOT_RUN: waitForElementClickable

2017-10-26 15:14:37 - [TEST_STEP][PASSED] - scrollToElement: Scroll to object 'Object Repository/Coco/PrimoT/Page_Rejser til Kreta med danske gu/Page_Rejser til Kreta med danske gu/a_Book her' successfully

2017-10-26 15:14:39 - [MESSAGE][PASSED] - Scroll to object 'Object Repository/Coco/PrimoT/Page_Rejser til Kreta med danske gu/Page_Rejser til Kreta med danske gu/a_Book her' successfully

2017-10-26 15:14:39 - [TEST_STEP][PASSED] - click: Object: 'Object Repository/Coco/PrimoT/Page_Rejser til Kreta med danske gu/Page_Rejser til Kreta med danske gu/a_Book her' is clicked on

2017-10-26 15:14:41 - [MESSAGE][PASSED] - Object: 'Object Repository/Coco/PrimoT/Page_Rejser til Kreta med danske gu/Page_Rejser til Kreta med danske gu/a_Book her' is clicked on

2017-10-26 15:14:41 - [TEST_STEP][PASSED] - switchToWindowTitle: Switched to window with title: 'Primo Tours – Danmarks bedste charterbureau'

2017-10-26 15:14:44 - [MESSAGE][PASSED] - Switched to window with title: 'Primo Tours – Danmarks bedste charterbureau'

2017-10-26 15:14:44 - [TEST_STEP][PASSED] - setText: Text 'Cornel' is set on object 'Object Repository/Coco/PrimoT/Page_Primo Tours  Danmarks bedste c/input_firstName'

2017-10-26 15:14:45 - [MESSAGE][PASSED] - Text 'Cornel' is set on object 'Object Repository/Coco/PrimoT/Page_Primo Tours  Danmarks bedste c/input_firstName'

2017-10-26 15:14:45 - [TEST_STEP][PASSED] - setText: Text 'Neacsu' is set on object 'Object Repository/Coco/PrimoT/Page_Primo Tours  Danmarks bedste c/input_lastName'

2017-10-26 15:14:45 - [MESSAGE][PASSED] - Text 'Neacsu' is set on object 'Object Repository/Coco/PrimoT/Page_Primo Tours  Danmarks bedste c/input_lastName'

2017-10-26 15:14:45 - [TEST_STEP][PASSED] - setText: Text 'Home address' is set on object 'Object Repository/Coco/PrimoT/Page_Primo Tours  Danmarks bedste c/input_customerAddress'

2017-10-26 15:14:45 - [MESSAGE][PASSED] - Text 'Home address' is set on object 'Object Repository/Coco/PrimoT/Page_Primo Tours  Danmarks bedste c/input_customerAddress'

2017-10-26 15:14:45 - [TEST_STEP][PASSED] - setText: Text '6700' is set on object 'Object Repository/Coco/PrimoT/Page_Primo Tours  Danmarks bedste c/input_customerPostcode'

2017-10-26 15:14:46 - [MESSAGE][PASSED] - Text '6700' is set on object 'Object Repository/Coco/PrimoT/Page_Primo Tours  Danmarks bedste c/input_customerPostcode'

2017-10-26 15:14:46 - [TEST_STEP][PASSED] - setText: Text 'cornel.neacsu@roweb.ro' is set on object 'Object Repository/Coco/PrimoT/Page_Primo Tours  Danmarks bedste c/input_customerEmail'

2017-10-26 15:14:46 - [MESSAGE][PASSED] - Text 'cornel.neacsu@roweb.ro' is set on object 'Object Repository/Coco/PrimoT/Page_Primo Tours  Danmarks bedste c/input_customerEmail'

2017-10-26 15:14:46 - [TEST_STEP][PASSED] - setText: Text '12345678' is set on object 'Object Repository/Coco/PrimoT/Page_Primo Tours  Danmarks bedste c/input_customerPhone'

2017-10-26 15:14:47 - [MESSAGE][PASSED] - Text '12345678' is set on object 'Object Repository/Coco/PrimoT/Page_Primo Tours  Danmarks bedste c/input_customerPhone'

2017-10-26 15:14:47 - [TEST_STEP][PASSED] - setText: Text 'FirstName of passenger' is set on object 'Object Repository/Coco/PrimoT/Page_Primo Tours  Danmarks bedste c/input_firstname-0_1'

2017-10-26 15:14:51 - [MESSAGE][PASSED] - Text 'FirstName of passenger' is set on object 'Object Repository/Coco/PrimoT/Page_Primo Tours  Danmarks bedste c/input_firstname-0_1'

2017-10-26 15:14:51 - [TEST_STEP][PASSED] - setText: Text 'Last name of passenger' is set on object 'Object Repository/Coco/PrimoT/Page_Primo Tours  Danmarks bedste c/input_lastname0_1'

2017-10-26 15:14:51 - [MESSAGE][PASSED] - Text 'Last name of passenger' is set on object 'Object Repository/Coco/PrimoT/Page_Primo Tours  Danmarks bedste c/input_lastname0_1'

2017-10-26 15:14:51 - [TEST_STEP][PASSED] - scrollToElement: Scroll to object 'Object Repository/Coco/PrimoT/Page_Primo Tours  Danmarks bedste c/Page_Primo Tours  Danmarks bedste c/Page_Primo Tours  Danmarks bedste c/i_fa fa-arrow-circle-right' successfully

2017-10-26 15:14:51 - [MESSAGE][PASSED] - Scroll to object 'Object Repository/Coco/PrimoT/Page_Primo Tours  Danmarks bedste c/Page_Primo Tours  Danmarks bedste c/Page_Primo Tours  Danmarks bedste c/i_fa fa-arrow-circle-right' successfully

2017-10-26 15:14:51 - [TEST_STEP][PASSED] - waitForElementClickable: Object 'Object Repository/Coco/PrimoT/Page_Primo Tours  Danmarks bedste c/Page_Primo Tours  Danmarks bedste c/Page_Primo Tours  Danmarks bedste c/i_fa fa-arrow-circle-right' is clickable

2017-10-26 15:14:51 - [MESSAGE][PASSED] - Object 'Object Repository/Coco/PrimoT/Page_Primo Tours  Danmarks bedste c/Page_Primo Tours  Danmarks bedste c/Page_Primo Tours  Danmarks bedste c/i_fa fa-arrow-circle-right' is clickable

2017-10-26 15:14:51 - [TEST_STEP][PASSED] - waitForElementVisible: Object 'Object Repository/Coco/PrimoT/Page_Primo Tours  Danmarks bedste c/Page_Primo Tours  Danmarks bedste c/Page_Primo Tours  Danmarks bedste c/i_fa fa-arrow-circle-right' is visible

2017-10-26 15:14:51 - [MESSAGE][PASSED] - Object 'Object Repository/Coco/PrimoT/Page_Primo Tours  Danmarks bedste c/Page_Primo Tours  Danmarks bedste c/Page_Primo Tours  Danmarks bedste c/i_fa fa-arrow-circle-right' is visible

2017-10-26 15:14:51 - [TEST_STEP][PASSED] - click: Object: 'Object Repository/Coco/PrimoT/Page_Primo Tours  Danmarks bedste c/Page_Primo Tours  Danmarks bedste c/Page_Primo Tours  Danmarks bedste c/i_fa fa-arrow-circle-right' is clicked on

2017-10-26 15:14:52 - [MESSAGE][PASSED] - Object: 'Object Repository/Coco/PrimoT/Page_Primo Tours  Danmarks bedste c/Page_Primo Tours  Danmarks bedste c/Page_Primo Tours  Danmarks bedste c/i_fa fa-arrow-circle-right' is clicked on

2017-10-26 15:14:52 - [TEST_STEP][PASSED] - waitForElementPresent: Object 'Object Repository/Coco/PrimoT/Ins2/Page_Primo Tours  Danmarks bedste c/span_Vlg forsikring' is present

2017-10-26 15:14:53 - [MESSAGE][PASSED] - Object 'Object Repository/Coco/PrimoT/Ins2/Page_Primo Tours  Danmarks bedste c/span_Vlg forsikring' is present

2017-10-26 15:14:53 - [TEST_STEP][PASSED] - click: Object: 'Object Repository/Coco/PrimoT/Ins2/Page_Primo Tours  Danmarks bedste c/span_Vlg forsikring' is clicked on

2017-10-26 15:14:54 - [MESSAGE][PASSED] - Object: 'Object Repository/Coco/PrimoT/Ins2/Page_Primo Tours  Danmarks bedste c/span_Vlg forsikring' is clicked on

2017-10-26 15:14:54 - [TEST_STEP][PASSED] - click: Object: 'Object Repository/Coco/PrimoT/Ins2/Page_Primo Tours  Danmarks bedste c/li_Har selv forsikring - kr. 0' is clicked on

2017-10-26 15:14:54 - [MESSAGE][PASSED] - Object: 'Object Repository/Coco/PrimoT/Ins2/Page_Primo Tours  Danmarks bedste c/li_Har selv forsikring - kr. 0' is clicked on

2017-10-26 15:14:54 - [TEST_STEP][NOT_RUN] - click: NOT_RUN: click

2017-10-26 15:14:54 - [MESSAGE][NOT_RUN] - NOT_RUN: click

2017-10-26 15:14:54 - [TEST_STEP][NOT_RUN] - scrollToElement: NOT_RUN: scrollToElement

2017-10-26 15:14:54 - [MESSAGE][NOT_RUN] - NOT_RUN: scrollToElement

2017-10-26 15:14:54 - [TEST_STEP][NOT_RUN] - click: NOT_RUN: click

2017-10-26 15:14:54 - [MESSAGE][NOT_RUN] - NOT_RUN: click

2017-10-26 15:14:54 - [TEST_STEP][PASSED] - scrollToElement: Scroll to object 'Object Repository/Coco/PrimoT/SaveBooking2/Page_Primo Tours  Danmarks bedste c/a_toggle checkbox kalypto' successfully

2017-10-26 15:14:54 - [MESSAGE][PASSED] - Scroll to object 'Object Repository/Coco/PrimoT/SaveBooking2/Page_Primo Tours  Danmarks bedste c/a_toggle checkbox kalypto' successfully

2017-10-26 15:14:54 - [TEST_STEP][PASSED] - waitForElementVisible: Object 'Object Repository/Coco/PrimoT/SaveBooking2/Page_Primo Tours  Danmarks bedste c/a_toggle checkbox kalypto' is visible

2017-10-26 15:14:54 - [MESSAGE][PASSED] - Object 'Object Repository/Coco/PrimoT/SaveBooking2/Page_Primo Tours  Danmarks bedste c/a_toggle checkbox kalypto' is visible

2017-10-26 15:14:54 - [TEST_STEP][PASSED] - click: Object: 'Object Repository/Coco/PrimoT/SaveBooking2/Page_Primo Tours  Danmarks bedste c/a_toggle checkbox kalypto' is clicked on

2017-10-26 15:14:54 - [MESSAGE][PASSED] - Object: 'Object Repository/Coco/PrimoT/SaveBooking2/Page_Primo Tours  Danmarks bedste c/a_toggle checkbox kalypto' is clicked on

2017-10-26 15:14:54 - [TEST_STEP][PASSED] - scrollToElement: Scroll to object 'Object Repository/Coco/PrimoT/SaveBooking2/Success/a_toggle radio kalypto' successfully

2017-10-26 15:14:55 - [MESSAGE][PASSED] - Scroll to object 'Object Repository/Coco/PrimoT/SaveBooking2/Success/a_toggle radio kalypto' successfully

2017-10-26 15:14:55 - [TEST_STEP][FAILED] - acceptAlert: Unable to accept alert (Root cause: No alert found)

2017-10-26 15:14:55 - [MESSAGE][FAILED] - No alert found
[[ATTACHMENT|C:\\Users\\Cornel\\Katalon Studio\\Primo WB test\\Reports\\Primo Tours\\20171026_151419\\1509020095193.png]]

2017-10-26 15:14:56 - [MESSAGE][FAILED] - Unable to accept alert (Root cause: No alert found)
[[ATTACHMENT|C:\\Users\\Cornel\\Katalon Studio\\Primo WB test\\Reports\\Primo Tours\\20171026_151419\\1509020095816.png]]]]></system-out>
         <system-err><![CDATA[2017-10-26 15:14:22 - [TEST_CASE][FAILED] - Test Cases/PrimoTours - place a booking with no payment: Test Cases/PrimoTours - place a booking with no payment FAILED because (of) Unable to accept alert (Root cause: No alert found)]]></system-err>
      </testcase>
      <system-out><![CDATA[2017-10-26 15:14:21 - [TEST_SUITE][FAILED] - Primo Tours: Test Cases/PrimoTours - place a booking with no payment FAILED because (of) Unable to accept alert (Root cause: No alert found)]]></system-out>
      <system-err><![CDATA[2017-10-26 15:14:21 - [TEST_SUITE][FAILED] - Primo Tours: Test Cases/PrimoTours - place a booking with no payment FAILED because (of) Unable to accept alert (Root cause: No alert found)]]></system-err>
   </testsuite>
</testsuites>
