<?xml version="1.0" encoding="UTF-8"?>
<testsuites name="WB Primo From Excel URLs" time="88" tests="0" failures="1" errors="0">
   <testsuite name="WB Primo From Excel URLs" tests="0" failures="1" errors="0" time="88" timestamp="2017-11-24 18:14:39" hostname="Cornel - NEACSUNEW-PC.zlin.roweb.ro" id="Test Suites/WB Primo From Excel URLs">
      <properties>
         <property name="deviceName" value=""/>
         <property name="devicePlatform" value=""/>
         <property name="logFolder" value="D:\\Software testing\\Tourpaq\\Automated Katalon tests\\Primo WB test\\Reports\\WB Primo From Excel URLs\\20171124_181436"/>
         <property name="logFiles" value="D:\\Software testing\\Tourpaq\\Automated Katalon tests\\Primo WB test\\Reports\\WB Primo From Excel URLs\\20171124_181436\\execution0.log"/>
         <property name="attachments" value="D:\\Software testing\\Tourpaq\\Automated Katalon tests\\Primo WB test\\Reports\\WB Primo From Excel URLs\\20171124_181436\\1511540166844.png"/>
         <property name="hostName" value="Cornel - NEACSUNEW-PC.zlin.roweb.ro"/>
         <property name="os" value="Windows 8.1 64bit"/>
         <property name="katalonVersion" value="5.1.0.1"/>
         <property name="browser" value="Chrome 62.0.3202.94"/>
         <property name="hostAddress" value="10.10.10.211"/>
         <property name="sessionId" value="a6e6057d6771c3676c072be47781e669"/>
         <property name="seleniumVersion" value="3.7.1"/>
         <property name="proxyInformation" value="ProxyInformation{proxyOption=NO_PROXY, proxyServerType=, password=, proxyServerAddress=, proxyServerPort=0}"/>
         <property name="platform" value="Windows 8.1"/>
      </properties>
      <testcase name="Test Cases/PrimoTours/WB Primo/WB Primo staging - place booking" classname="Test Cases/PrimoTours/WB Primo/WB Primo staging - place booking" status="FAILED">
         <failure type="FAILED" message="Unable to click on object 'Object Repository/PrimoTours/Old Objects/Coco/PrimoT/Ins2/Page_Primo Tours  Danmarks bedste c/span_Vlg forsikring' (Root cause: com.kms.katalon.core.webui.exception.WebElementNotFoundException: Web element with id: 'Object Repository/PrimoTours/Old Objects/Coco/PrimoT/Ins2/Page_Primo Tours  Danmarks bedste c/span_Vlg forsikring' located by 'By.xpath: id(&quot;options&quot;)/div[@class=&quot;wrapper first-bg-topmost&quot;]/div[@class=&quot;container-mx padding-top&quot;]/div[@class=&quot;row&quot;]/div[@class=&quot;col-md-12&quot;]/div[@class=&quot;row confirmation-passenger-insurances&quot;][1]/div[@class=&quot;col-md-4&quot;]/div[@class=&quot;form-group ddl withlabel travelInsOfPax&quot;]/*[contains(@class,'select2 select2-container')]' not found)"/>
         <system-out><![CDATA[2017-11-24 18:14:40 - [TEST_CASE][FAILED] - Test Cases/PrimoTours/WB Primo/WB Primo staging - place booking: Test Cases/PrimoTours/WB Primo/WB Primo staging - place booking FAILED because (of) Unable to click on object 'Object Repository/PrimoTours/Old Objects/Coco/PrimoT/Ins2/Page_Primo Tours  Danmarks bedste c/span_Vlg forsikring' (Root cause: com.kms.katalon.core.webui.exception.WebElementNotFoundException: Web element with id: 'Object Repository/PrimoTours/Old Objects/Coco/PrimoT/Ins2/Page_Primo Tours  Danmarks bedste c/span_Vlg forsikring' located by 'By.xpath: id("options")/div[@class="wrapper first-bg-topmost"]/div[@class="container-mx padding-top"]/div[@class="row"]/div[@class="col-md-12"]/div[@class="row confirmation-passenger-insurances"][1]/div[@class="col-md-4"]/div[@class="form-group ddl withlabel travelInsOfPax"]/*[contains(@class,'select2 select2-container')]' not found)

2017-11-24 18:14:42 - [TEST_STEP][PASSED] - openBrowser: Browser is opened with url: ''

2017-11-24 18:14:46 - [MESSAGE][PASSED] - Browser is opened with url: ''

2017-11-24 18:14:46 - [TEST_STEP][PASSED] - maximizeWindow: Current window maximized

2017-11-24 18:14:47 - [MESSAGE][PASSED] - Current window maximized

2017-11-24 18:14:47 - [TEST_STEP][PASSED] - navigateToUrl: Navigate to 'https://staging-primotours-webbooking.tourpaq.com/DoBooking.aspx?pltaID=1480269&p=1&rno=1&pt=1&a=2&c=0&aa=&ca=' successfully

2017-11-24 18:14:54 - [MESSAGE][PASSED] - Navigate to 'https://staging-primotours-webbooking.tourpaq.com/DoBooking.aspx?pltaID=1480269&p=1&rno=1&pt=1&a=2&c=0&aa=&ca=' successfully

2017-11-24 18:14:54 - [TEST_STEP][PASSED] - setText: Text 'Pedersen AUT' is set on object 'Object Repository/PrimoTours/Old Objects/Coco/PrimoT/Page_Primo Tours  Danmarks bedste c/input_firstName'

2017-11-24 18:14:55 - [MESSAGE][PASSED] - Text 'Pedersen AUT' is set on object 'Object Repository/PrimoTours/Old Objects/Coco/PrimoT/Page_Primo Tours  Danmarks bedste c/input_firstName'

2017-11-24 18:14:55 - [TEST_STEP][PASSED] - setText: Text 'Vibe Dalby' is set on object 'Object Repository/PrimoTours/Old Objects/Coco/PrimoT/Page_Primo Tours  Danmarks bedste c/input_lastName'

2017-11-24 18:14:56 - [MESSAGE][PASSED] - Text 'Vibe Dalby' is set on object 'Object Repository/PrimoTours/Old Objects/Coco/PrimoT/Page_Primo Tours  Danmarks bedste c/input_lastName'

2017-11-24 18:14:56 - [TEST_STEP][PASSED] - setText: Text 'Home address' is set on object 'Object Repository/PrimoTours/Old Objects/Coco/PrimoT/Page_Primo Tours  Danmarks bedste c/input_customerAddress'

2017-11-24 18:14:56 - [MESSAGE][PASSED] - Text 'Home address' is set on object 'Object Repository/PrimoTours/Old Objects/Coco/PrimoT/Page_Primo Tours  Danmarks bedste c/input_customerAddress'

2017-11-24 18:14:56 - [TEST_STEP][PASSED] - setText: Text '6700' is set on object 'Object Repository/PrimoTours/Old Objects/Coco/PrimoT/Page_Primo Tours  Danmarks bedste c/input_customerPostcode'

2017-11-24 18:14:57 - [MESSAGE][PASSED] - Text '6700' is set on object 'Object Repository/PrimoTours/Old Objects/Coco/PrimoT/Page_Primo Tours  Danmarks bedste c/input_customerPostcode'

2017-11-24 18:14:57 - [TEST_STEP][PASSED] - setText: Text 'cornel.neacsu@roweb.ro' is set on object 'Object Repository/PrimoTours/Old Objects/Coco/PrimoT/Page_Primo Tours  Danmarks bedste c/input_customerEmail'

2017-11-24 18:14:58 - [MESSAGE][PASSED] - Text 'cornel.neacsu@roweb.ro' is set on object 'Object Repository/PrimoTours/Old Objects/Coco/PrimoT/Page_Primo Tours  Danmarks bedste c/input_customerEmail'

2017-11-24 18:14:58 - [TEST_STEP][PASSED] - setText: Text '12345678' is set on object 'Object Repository/PrimoTours/Old Objects/Coco/PrimoT/Page_Primo Tours  Danmarks bedste c/input_customerPhone'

2017-11-24 18:14:58 - [MESSAGE][PASSED] - Text '12345678' is set on object 'Object Repository/PrimoTours/Old Objects/Coco/PrimoT/Page_Primo Tours  Danmarks bedste c/input_customerPhone'

2017-11-24 18:14:58 - [TEST_STEP][PASSED] - Statement - excelInfo = ["fname":"", "lname":"", "pgender":"", "pday":"", "pmonth":"", "pyear":""]: null

2017-11-24 18:14:58 - [TEST_STEP][PASSED] - Statement - rawData = com.kms.katalon.core.testdata.TestDataFactory.findTestData("Data Files/WB_Primo/Passenger_details"): Reading excel file with source file 'D:\Software testing\Tourpaq\Automated Katalon tests\Primo WB test\Data Files\Primo_URLs_For_Automated_Test.xlsx' and sheet name 'Passenger Names'

2017-11-24 18:15:02 - [TEST_STEP][PASSED] - Statement - excelRowNo = rawData.getRowNumbers(): null

2017-11-24 18:15:02 - [TEST_STEP][PASSED] - Statement - randomPaxIndex = 1: null

2017-11-24 18:15:02 - [TEST_STEP][PASSED] - Statement - driver = com.kms.katalon.core.webui.driver.DriverFactory.getWebDriver(): null

2017-11-24 18:15:02 - [TEST_STEP][PASSED] - Statement - roomContainerXpath = "id("booking")/div[@class="wrapper second-bg"]/div[@class="container-mx small-padding"]/div[@class="row"]/div[@class="col-md-12 roomContainer"]": null

2017-11-24 18:15:02 - [TEST_STEP][PASSED] - Statement - roomsCount = driver.findElements(org.openqa.selenium.By.xpath(roomContainerXpath)).size(): null

2017-11-24 18:15:02 - [TEST_STEP][PASSED] - Statement - println("roomsCount=" + roomsCount): null

2017-11-24 18:15:02 - [TEST_STEP][PASSED] - Statement - For ([i = 1, i <= roomsCount, (i++)]): null

2017-11-24 18:15:02 - [TEST_STEP][PASSED] - scrollToElement: Scroll to object 'Object Repository/PrimoTours/Old Objects/Coco (1)/PrimoT/SaveBooking2/Success/span_kr. 7.892-' successfully

2017-11-24 18:15:02 - [MESSAGE][PASSED] - Scroll to object 'Object Repository/PrimoTours/Old Objects/Coco (1)/PrimoT/SaveBooking2/Success/span_kr. 7.892-' successfully

2017-11-24 18:15:02 - [TEST_STEP][PASSED] - click: Object: 'Object Repository/PrimoTours/Old Objects/Coco (1)/PrimoT/SaveBooking2/Success/span_kr. 7.892-' is clicked on

2017-11-24 18:15:02 - [MESSAGE][PASSED] - Object: 'Object Repository/PrimoTours/Old Objects/Coco (1)/PrimoT/SaveBooking2/Success/span_kr. 7.892-' is clicked on

2017-11-24 18:15:02 - [TEST_STEP][PASSED] - scrollToElement: Scroll to object 'Object Repository/PrimoTours/Old Objects/Coco (1)/PrimoT/SaveBooking2/Success/Page_Primo Tours  Danmarks bedste c/i_fa fa-arrow-circle-right' successfully

2017-11-24 18:15:02 - [MESSAGE][PASSED] - Scroll to object 'Object Repository/PrimoTours/Old Objects/Coco (1)/PrimoT/SaveBooking2/Success/Page_Primo Tours  Danmarks bedste c/i_fa fa-arrow-circle-right' successfully

2017-11-24 18:15:02 - [TEST_STEP][PASSED] - waitForElementClickable: Object 'Object Repository/PrimoTours/Old Objects/Coco (1)/PrimoT/SaveBooking2/Success/Page_Primo Tours  Danmarks bedste c/i_fa fa-arrow-circle-right' is clickable

2017-11-24 18:15:02 - [MESSAGE][PASSED] - Object 'Object Repository/PrimoTours/Old Objects/Coco (1)/PrimoT/SaveBooking2/Success/Page_Primo Tours  Danmarks bedste c/i_fa fa-arrow-circle-right' is clickable

2017-11-24 18:15:02 - [TEST_STEP][PASSED] - waitForElementVisible: Object 'Object Repository/PrimoTours/Old Objects/Coco (1)/PrimoT/SaveBooking2/Success/Page_Primo Tours  Danmarks bedste c/i_fa fa-arrow-circle-right' is visible

2017-11-24 18:15:03 - [MESSAGE][PASSED] - Object 'Object Repository/PrimoTours/Old Objects/Coco (1)/PrimoT/SaveBooking2/Success/Page_Primo Tours  Danmarks bedste c/i_fa fa-arrow-circle-right' is visible

2017-11-24 18:15:03 - [TEST_STEP][PASSED] - scrollToElement: Scroll to object 'Object Repository/PrimoTours/Old Objects/Coco (1)/PrimoT/SaveBooking2/Success/Page_Primo Tours  Danmarks bedste c/i_fa fa-arrow-circle-right' successfully

2017-11-24 18:15:03 - [MESSAGE][PASSED] - Scroll to object 'Object Repository/PrimoTours/Old Objects/Coco (1)/PrimoT/SaveBooking2/Success/Page_Primo Tours  Danmarks bedste c/i_fa fa-arrow-circle-right' successfully

2017-11-24 18:15:03 - [TEST_STEP][PASSED] - click: Object: 'Object Repository/PrimoTours/Old Objects/Coco (1)/PrimoT/SaveBooking2/Success/Page_Primo Tours  Danmarks bedste c/i_fa fa-arrow-circle-right' is clicked on

2017-11-24 18:15:03 - [MESSAGE][PASSED] - Object: 'Object Repository/PrimoTours/Old Objects/Coco (1)/PrimoT/SaveBooking2/Success/Page_Primo Tours  Danmarks bedste c/i_fa fa-arrow-circle-right' is clicked on

2017-11-24 18:15:03 - [TEST_STEP][PASSED] - waitForElementPresent: Object 'Object Repository/PrimoTours/Old Objects/Coco/PrimoT/Ins2/Page_Primo Tours  Danmarks bedste c/span_Vlg forsikring' is not present after 10 second(s)

2017-11-24 18:15:14 - [MESSAGE][WARNING] - Object 'Object Repository/PrimoTours/Old Objects/Coco/PrimoT/Ins2/Page_Primo Tours  Danmarks bedste c/span_Vlg forsikring' is not present after 10 second(s)

2017-11-24 18:15:14 - [TEST_STEP][PASSED] - waitForElementVisible: Web element with id: 'Object Repository/PrimoTours/Old Objects/Coco/PrimoT/Ins2/Page_Primo Tours  Danmarks bedste c/span_Vlg forsikring' located by 'By.xpath: id("options")/div[@class="wrapper first-bg-topmost"]/div[@class="container-mx padding-top"]/div[@class="row"]/div[@class="col-md-12"]/div[@class="row confirmation-passenger-insurances"][1]/div[@class="col-md-4"]/div[@class="form-group ddl withlabel travelInsOfPax"]/*[contains(@class,'select2 select2-container')]' not found

2017-11-24 18:15:24 - [MESSAGE][WARNING] - Web element with id: 'Object Repository/PrimoTours/Old Objects/Coco/PrimoT/Ins2/Page_Primo Tours  Danmarks bedste c/span_Vlg forsikring' located by 'By.xpath: id("options")/div[@class="wrapper first-bg-topmost"]/div[@class="container-mx padding-top"]/div[@class="row"]/div[@class="col-md-12"]/div[@class="row confirmation-passenger-insurances"][1]/div[@class="col-md-4"]/div[@class="form-group ddl withlabel travelInsOfPax"]/*[contains(@class,'select2 select2-container')]' not found

2017-11-24 18:15:24 - [TEST_STEP][PASSED] - waitForElementClickable: Web element with id: 'Object Repository/PrimoTours/Old Objects/Coco/PrimoT/Ins2/Page_Primo Tours  Danmarks bedste c/span_Vlg forsikring' located by 'By.xpath: id("options")/div[@class="wrapper first-bg-topmost"]/div[@class="container-mx padding-top"]/div[@class="row"]/div[@class="col-md-12"]/div[@class="row confirmation-passenger-insurances"][1]/div[@class="col-md-4"]/div[@class="form-group ddl withlabel travelInsOfPax"]/*[contains(@class,'select2 select2-container')]' not found

2017-11-24 18:15:35 - [MESSAGE][WARNING] - Web element with id: 'Object Repository/PrimoTours/Old Objects/Coco/PrimoT/Ins2/Page_Primo Tours  Danmarks bedste c/span_Vlg forsikring' located by 'By.xpath: id("options")/div[@class="wrapper first-bg-topmost"]/div[@class="container-mx padding-top"]/div[@class="row"]/div[@class="col-md-12"]/div[@class="row confirmation-passenger-insurances"][1]/div[@class="col-md-4"]/div[@class="form-group ddl withlabel travelInsOfPax"]/*[contains(@class,'select2 select2-container')]' not found

2017-11-24 18:15:35 - [TEST_STEP][FAILED] - click: Unable to click on object 'Object Repository/PrimoTours/Old Objects/Coco/PrimoT/Ins2/Page_Primo Tours  Danmarks bedste c/span_Vlg forsikring' (Root cause: com.kms.katalon.core.webui.exception.WebElementNotFoundException: Web element with id: 'Object Repository/PrimoTours/Old Objects/Coco/PrimoT/Ins2/Page_Primo Tours  Danmarks bedste c/span_Vlg forsikring' located by 'By.xpath: id("options")/div[@class="wrapper first-bg-topmost"]/div[@class="container-mx padding-top"]/div[@class="row"]/div[@class="col-md-12"]/div[@class="row confirmation-passenger-insurances"][1]/div[@class="col-md-4"]/div[@class="form-group ddl withlabel travelInsOfPax"]/*[contains(@class,'select2 select2-container')]' not found)

2017-11-24 18:16:07 - [MESSAGE][FAILED] - Unable to click on object 'Object Repository/PrimoTours/Old Objects/Coco/PrimoT/Ins2/Page_Primo Tours  Danmarks bedste c/span_Vlg forsikring' (Root cause: com.kms.katalon.core.webui.exception.WebElementNotFoundException: Web element with id: 'Object Repository/PrimoTours/Old Objects/Coco/PrimoT/Ins2/Page_Primo Tours  Danmarks bedste c/span_Vlg forsikring' located by 'By.xpath: id("options")/div[@class="wrapper first-bg-topmost"]/div[@class="container-mx padding-top"]/div[@class="row"]/div[@class="col-md-12"]/div[@class="row confirmation-passenger-insurances"][1]/div[@class="col-md-4"]/div[@class="form-group ddl withlabel travelInsOfPax"]/*[contains(@class,'select2 select2-container')]' not found)
[[ATTACHMENT|D:\\Software testing\\Tourpaq\\Automated Katalon tests\\Primo WB test\\Reports\\WB Primo From Excel URLs\\20171124_181436\\1511540166844.png]]]]></system-out>
         <system-err><![CDATA[2017-11-24 18:14:40 - [TEST_CASE][FAILED] - Test Cases/PrimoTours/WB Primo/WB Primo staging - place booking: Test Cases/PrimoTours/WB Primo/WB Primo staging - place booking FAILED because (of) Unable to click on object 'Object Repository/PrimoTours/Old Objects/Coco/PrimoT/Ins2/Page_Primo Tours  Danmarks bedste c/span_Vlg forsikring' (Root cause: com.kms.katalon.core.webui.exception.WebElementNotFoundException: Web element with id: 'Object Repository/PrimoTours/Old Objects/Coco/PrimoT/Ins2/Page_Primo Tours  Danmarks bedste c/span_Vlg forsikring' located by 'By.xpath: id("options")/div[@class="wrapper first-bg-topmost"]/div[@class="container-mx padding-top"]/div[@class="row"]/div[@class="col-md-12"]/div[@class="row confirmation-passenger-insurances"][1]/div[@class="col-md-4"]/div[@class="form-group ddl withlabel travelInsOfPax"]/*[contains(@class,'select2 select2-container')]' not found)]]></system-err>
      </testcase>
      <system-out><![CDATA[2017-11-24 18:14:39 - [TEST_SUITE][FAILED] - WB Primo From Excel URLs: Test Cases/PrimoTours/WB Primo/WB Primo staging - place booking FAILED because (of) Unable to click on object 'Object Repository/PrimoTours/Old Objects/Coco/PrimoT/Ins2/Page_Primo Tours  Danmarks bedste c/span_Vlg forsikring' (Root cause: com.kms.katalon.core.webui.exception.WebElementNotFoundException: Web element with id: 'Object Repository/PrimoTours/Old Objects/Coco/PrimoT/Ins2/Page_Primo Tours  Danmarks bedste c/span_Vlg forsikring' located by 'By.xpath: id("options")/div[@class="wrapper first-bg-topmost"]/div[@class="container-mx padding-top"]/div[@class="row"]/div[@class="col-md-12"]/div[@class="row confirmation-passenger-insurances"][1]/div[@class="col-md-4"]/div[@class="form-group ddl withlabel travelInsOfPax"]/*[contains(@class,'select2 select2-container')]' not found)]]></system-out>
      <system-err><![CDATA[2017-11-24 18:14:39 - [TEST_SUITE][FAILED] - WB Primo From Excel URLs: Test Cases/PrimoTours/WB Primo/WB Primo staging - place booking FAILED because (of) Unable to click on object 'Object Repository/PrimoTours/Old Objects/Coco/PrimoT/Ins2/Page_Primo Tours  Danmarks bedste c/span_Vlg forsikring' (Root cause: com.kms.katalon.core.webui.exception.WebElementNotFoundException: Web element with id: 'Object Repository/PrimoTours/Old Objects/Coco/PrimoT/Ins2/Page_Primo Tours  Danmarks bedste c/span_Vlg forsikring' located by 'By.xpath: id("options")/div[@class="wrapper first-bg-topmost"]/div[@class="container-mx padding-top"]/div[@class="row"]/div[@class="col-md-12"]/div[@class="row confirmation-passenger-insurances"][1]/div[@class="col-md-4"]/div[@class="form-group ddl withlabel travelInsOfPax"]/*[contains(@class,'select2 select2-container')]' not found)]]></system-err>
   </testsuite>
</testsuites>
