<?xml version="1.0" encoding="UTF-8"?>
<testsuites name="WB Primo From Excel URLs" time="432" tests="0" failures="13" errors="0">
   <testsuite name="WB Primo From Excel URLs" tests="0" failures="13" errors="0" time="432" timestamp="2017-12-04 13:15:55" hostname="Cornel - NEACSUNEW-PC.zlin.roweb.ro" id="Test Suites/WB Primo From Excel URLs">
      <properties>
         <property name="deviceName" value=""/>
         <property name="devicePlatform" value=""/>
         <property name="logFolder" value="D:\\Software testing\\Tourpaq\\Automated Katalon tests\\Primo WB test\\Reports\\WB Primo From Excel URLs\\20171204_131551"/>
         <property name="logFiles" value="D:\\Software testing\\Tourpaq\\Automated Katalon tests\\Primo WB test\\Reports\\WB Primo From Excel URLs\\20171204_131551\\execution0.log"/>
         <property name="attachments" value="D:\\Software testing\\Tourpaq\\Automated Katalon tests\\Primo WB test\\Reports\\WB Primo From Excel URLs\\20171204_131551\\1512386186324.png, D:\\Software testing\\Tourpaq\\Automated Katalon tests\\Primo WB test\\Reports\\WB Primo From Excel URLs\\20171204_131551\\1512386189006.png, D:\\Software testing\\Tourpaq\\Automated Katalon tests\\Primo WB test\\Reports\\WB Primo From Excel URLs\\20171204_131551\\1512386189628.png, D:\\Software testing\\Tourpaq\\Automated Katalon tests\\Primo WB test\\Reports\\WB Primo From Excel URLs\\20171204_131551\\1512386201035.png, D:\\Software testing\\Tourpaq\\Automated Katalon tests\\Primo WB test\\Reports\\WB Primo From Excel URLs\\20171204_131551\\1512386208603.png, D:\\Software testing\\Tourpaq\\Automated Katalon tests\\Primo WB test\\Reports\\WB Primo From Excel URLs\\20171204_131551\\1512386209018.png, D:\\Software testing\\Tourpaq\\Automated Katalon tests\\Primo WB test\\Reports\\WB Primo From Excel URLs\\20171204_131551\\1512386220310.png, D:\\Software testing\\Tourpaq\\Automated Katalon tests\\Primo WB test\\Reports\\WB Primo From Excel URLs\\20171204_131551\\1512386232660.png, D:\\Software testing\\Tourpaq\\Automated Katalon tests\\Primo WB test\\Reports\\WB Primo From Excel URLs\\20171204_131551\\1512386235017.png, D:\\Software testing\\Tourpaq\\Automated Katalon tests\\Primo WB test\\Reports\\WB Primo From Excel URLs\\20171204_131551\\1512386235629.png, D:\\Software testing\\Tourpaq\\Automated Katalon tests\\Primo WB test\\Reports\\WB Primo From Excel URLs\\20171204_131551\\1512386247546.png, D:\\Software testing\\Tourpaq\\Automated Katalon tests\\Primo WB test\\Reports\\WB Primo From Excel URLs\\20171204_131551\\1512386261425.png, D:\\Software testing\\Tourpaq\\Automated Katalon tests\\Primo WB test\\Reports\\WB Primo From Excel URLs\\20171204_131551\\1512386263966.png, D:\\Software testing\\Tourpaq\\Automated Katalon tests\\Primo WB test\\Reports\\WB Primo From Excel URLs\\20171204_131551\\1512386264454.png, D:\\Software testing\\Tourpaq\\Automated Katalon tests\\Primo WB test\\Reports\\WB Primo From Excel URLs\\20171204_131551\\1512386276994.png, D:\\Software testing\\Tourpaq\\Automated Katalon tests\\Primo WB test\\Reports\\WB Primo From Excel URLs\\20171204_131551\\1512386279779.png, D:\\Software testing\\Tourpaq\\Automated Katalon tests\\Primo WB test\\Reports\\WB Primo From Excel URLs\\20171204_131551\\1512386285067.png, D:\\Software testing\\Tourpaq\\Automated Katalon tests\\Primo WB test\\Reports\\WB Primo From Excel URLs\\20171204_131551\\1512386297508.png, D:\\Software testing\\Tourpaq\\Automated Katalon tests\\Primo WB test\\Reports\\WB Primo From Excel URLs\\20171204_131551\\1512386301487.png, D:\\Software testing\\Tourpaq\\Automated Katalon tests\\Primo WB test\\Reports\\WB Primo From Excel URLs\\20171204_131551\\1512386303266.png, D:\\Software testing\\Tourpaq\\Automated Katalon tests\\Primo WB test\\Reports\\WB Primo From Excel URLs\\20171204_131551\\1512386308814.png, D:\\Software testing\\Tourpaq\\Automated Katalon tests\\Primo WB test\\Reports\\WB Primo From Excel URLs\\20171204_131551\\1512386320788.png, D:\\Software testing\\Tourpaq\\Automated Katalon tests\\Primo WB test\\Reports\\WB Primo From Excel URLs\\20171204_131551\\1512386324407.png, D:\\Software testing\\Tourpaq\\Automated Katalon tests\\Primo WB test\\Reports\\WB Primo From Excel URLs\\20171204_131551\\1512386326127.png, D:\\Software testing\\Tourpaq\\Automated Katalon tests\\Primo WB test\\Reports\\WB Primo From Excel URLs\\20171204_131551\\1512386338495.png, D:\\Software testing\\Tourpaq\\Automated Katalon tests\\Primo WB test\\Reports\\WB Primo From Excel URLs\\20171204_131551\\1512386341308.png, D:\\Software testing\\Tourpaq\\Automated Katalon tests\\Primo WB test\\Reports\\WB Primo From Excel URLs\\20171204_131551\\1512386439030.png, D:\\Software testing\\Tourpaq\\Automated Katalon tests\\Primo WB test\\Reports\\WB Primo From Excel URLs\\20171204_131551\\1512386440798.png, D:\\Software testing\\Tourpaq\\Automated Katalon tests\\Primo WB test\\Reports\\WB Primo From Excel URLs\\20171204_131551\\1512386443284.png, D:\\Software testing\\Tourpaq\\Automated Katalon tests\\Primo WB test\\Reports\\WB Primo From Excel URLs\\20171204_131551\\1512386445133.png, D:\\Software testing\\Tourpaq\\Automated Katalon tests\\Primo WB test\\Reports\\WB Primo From Excel URLs\\20171204_131551\\1512386458960.png, D:\\Software testing\\Tourpaq\\Automated Katalon tests\\Primo WB test\\Reports\\WB Primo From Excel URLs\\20171204_131551\\1512386461805.png, D:\\Software testing\\Tourpaq\\Automated Katalon tests\\Primo WB test\\Reports\\WB Primo From Excel URLs\\20171204_131551\\1512386483673.png, D:\\Software testing\\Tourpaq\\Automated Katalon tests\\Primo WB test\\Reports\\WB Primo From Excel URLs\\20171204_131551\\1512386486151.png, D:\\Software testing\\Tourpaq\\Automated Katalon tests\\Primo WB test\\Reports\\WB Primo From Excel URLs\\20171204_131551\\1512386488947.png, D:\\Software testing\\Tourpaq\\Automated Katalon tests\\Primo WB test\\Reports\\WB Primo From Excel URLs\\20171204_131551\\1512386490870.png, D:\\Software testing\\Tourpaq\\Automated Katalon tests\\Primo WB test\\Reports\\WB Primo From Excel URLs\\20171204_131551\\1512386494127.png, D:\\Software testing\\Tourpaq\\Automated Katalon tests\\Primo WB test\\Reports\\WB Primo From Excel URLs\\20171204_131551\\1512386497158.png, D:\\Software testing\\Tourpaq\\Automated Katalon tests\\Primo WB test\\Reports\\WB Primo From Excel URLs\\20171204_131551\\1512386499957.png, D:\\Software testing\\Tourpaq\\Automated Katalon tests\\Primo WB test\\Reports\\WB Primo From Excel URLs\\20171204_131551\\1512386507799.png, D:\\Software testing\\Tourpaq\\Automated Katalon tests\\Primo WB test\\Reports\\WB Primo From Excel URLs\\20171204_131551\\1512386524485.png, D:\\Software testing\\Tourpaq\\Automated Katalon tests\\Primo WB test\\Reports\\WB Primo From Excel URLs\\20171204_131551\\1512386524942.png, D:\\Software testing\\Tourpaq\\Automated Katalon tests\\Primo WB test\\Reports\\WB Primo From Excel URLs\\20171204_131551\\1512386536101.png, D:\\Software testing\\Tourpaq\\Automated Katalon tests\\Primo WB test\\Reports\\WB Primo From Excel URLs\\20171204_131551\\1512386542024.png, D:\\Software testing\\Tourpaq\\Automated Katalon tests\\Primo WB test\\Reports\\WB Primo From Excel URLs\\20171204_131551\\1512386553303.png, D:\\Software testing\\Tourpaq\\Automated Katalon tests\\Primo WB test\\Reports\\WB Primo From Excel URLs\\20171204_131551\\1512386565544.png, D:\\Software testing\\Tourpaq\\Automated Katalon tests\\Primo WB test\\Reports\\WB Primo From Excel URLs\\20171204_131551\\1512386568009.png, D:\\Software testing\\Tourpaq\\Automated Katalon tests\\Primo WB test\\Reports\\WB Primo From Excel URLs\\20171204_131551\\1512386568494.png, D:\\Software testing\\Tourpaq\\Automated Katalon tests\\Primo WB test\\Reports\\WB Primo From Excel URLs\\20171204_131551\\1512386579820.png, D:\\Software testing\\Tourpaq\\Automated Katalon tests\\Primo WB test\\Reports\\WB Primo From Excel URLs\\20171204_131551\\1512386586804.png"/>
         <property name="hostName" value="Cornel - NEACSUNEW-PC.zlin.roweb.ro"/>
         <property name="os" value="Windows 8.1 64bit"/>
         <property name="katalonVersion" value="5.1.0.2"/>
         <property name="browser" value="Chrome 62.0.3202.94"/>
         <property name="hostAddress" value="10.10.10.211"/>
         <property name="sessionId" value="6c64b4659f40048c1cd04ff5dac7ed04"/>
         <property name="seleniumVersion" value="3.7.1"/>
         <property name="proxyInformation" value="ProxyInformation{proxyOption=NO_PROXY, proxyServerType=, password=, proxyServerAddress=, proxyServerPort=0}"/>
         <property name="platform" value="Windows 8.1"/>
      </properties>
      <testcase name="Test Cases/PrimoTours/WB Primo/WB Primo staging - place booking - Iteration 1" classname="Test Cases/PrimoTours/WB Primo/WB Primo staging - place booking" status="FAILED">
         <failure type="FAILED" message="Test Cases/PrimoTours/WB Primo/WB Primo staging - place booking FAILED because (of) Unable to click on object 'Object Repository/PrimoTours/Old Objects/ThankYouPage/printTicketSpan' (Root cause: org.openqa.selenium.WebDriverException: unknown error: Element &lt;span id=&quot;printTicketSpan&quot; data-bind=&quot;text: tourpaq.bookingEngine.languageStaticResources.PrintReceipt&quot;>...&lt;/span> is not clickable at point (508, 319). Other element would receive the click: &lt;div class=&quot;se-pre-con&quot; id=&quot;booking-overlay&quot; style=&quot;opacity: 0.00394265;&quot;>&lt;/div>
  (Session info: chrome=62.0.3202.94)
  (Driver info: chromedriver=2.33.506120 (e3e53437346286c0bc2d2dc9aa4915ba81d9023f),platform=Windows NT 6.3.9600 x86_64) (WARNING: The server did not provide any stacktrace information)
Command duration or timeout: 0 milliseconds
Build info: version: '3.7.1', revision: '8a0099a', time: '2017-11-06T21:07:36.161Z'
System info: host: 'NEACSUNEW-PC', ip: '10.10.10.211', os.name: 'Windows 8.1', os.arch: 'amd64', os.version: '6.3', java.version: '1.8.0_102'
Driver info: com.kms.katalon.selenium.driver.CChromeDriver
Capabilities {acceptSslCerts: true, applicationCacheEnabled: false, browserConnectionEnabled: false, browserName: chrome, chrome: {chromedriverVersion: 2.33.506120 (e3e53437346286..., userDataDir: C:\Users\Cornel\AppData\Loc...}, cssSelectorsEnabled: true, databaseEnabled: false, handlesAlerts: true, hasTouchScreen: false, javascriptEnabled: true, locationContextEnabled: true, mobileEmulationEnabled: false, nativeEvents: true, networkConnectionEnabled: false, pageLoadStrategy: normal, platform: XP, platformName: XP, rotatable: false, setWindowRect: true, takesHeapSnapshot: true, takesScreenshot: true, unexpectedAlertBehaviour: , unhandledPromptBehavior: , version: 62.0.3202.94, webStorageEnabled: true}
Session ID: 22259bd4203b41337bd74e7c43998777)"/>
         <system-out><![CDATA[2017-12-04 13:15:55 - [TEST_CASE][FAILED] - Test Cases/PrimoTours/WB Primo/WB Primo staging - place booking - Iteration 1: Test Cases/PrimoTours/WB Primo/WB Primo staging - place booking FAILED because (of) Unable to click on object 'Object Repository/PrimoTours/Old Objects/ThankYouPage/printTicketSpan' (Root cause: org.openqa.selenium.WebDriverException: unknown error: Element <span id="printTicketSpan" data-bind="text: tourpaq.bookingEngine.languageStaticResources.PrintReceipt">...</span> is not clickable at point (508, 319). Other element would receive the click: <div class="se-pre-con" id="booking-overlay" style="opacity: 0.00394265;"></div>
  (Session info: chrome=62.0.3202.94)
  (Driver info: chromedriver=2.33.506120 (e3e53437346286c0bc2d2dc9aa4915ba81d9023f),platform=Windows NT 6.3.9600 x86_64) (WARNING: The server did not provide any stacktrace information)
Command duration or timeout: 0 milliseconds
Build info: version: '3.7.1', revision: '8a0099a', time: '2017-11-06T21:07:36.161Z'
System info: host: 'NEACSUNEW-PC', ip: '10.10.10.211', os.name: 'Windows 8.1', os.arch: 'amd64', os.version: '6.3', java.version: '1.8.0_102'
Driver info: com.kms.katalon.selenium.driver.CChromeDriver
Capabilities {acceptSslCerts: true, applicationCacheEnabled: false, browserConnectionEnabled: false, browserName: chrome, chrome: {chromedriverVersion: 2.33.506120 (e3e53437346286..., userDataDir: C:\Users\Cornel\AppData\Loc...}, cssSelectorsEnabled: true, databaseEnabled: false, handlesAlerts: true, hasTouchScreen: false, javascriptEnabled: true, locationContextEnabled: true, mobileEmulationEnabled: false, nativeEvents: true, networkConnectionEnabled: false, pageLoadStrategy: normal, platform: XP, platformName: XP, rotatable: false, setWindowRect: true, takesHeapSnapshot: true, takesScreenshot: true, unexpectedAlertBehaviour: , unhandledPromptBehavior: , version: 62.0.3202.94, webStorageEnabled: true}
Session ID: 22259bd4203b41337bd74e7c43998777)

2017-12-04 13:15:56 - [TEST_STEP][PASSED] - openBrowser: Browser is opened with url: ''

2017-12-04 13:16:01 - [MESSAGE][PASSED] - Browser is opened with url: ''

2017-12-04 13:16:01 - [TEST_STEP][PASSED] - maximizeWindow: Current window maximized

2017-12-04 13:16:03 - [MESSAGE][PASSED] - Current window maximized

2017-12-04 13:16:03 - [TEST_STEP][PASSED] - navigateToUrl: Navigate to 'https://staging-primotours-webbooking.tourpaq.com/DoBooking.aspx?pltaID=1480269&p=1&rno=1&pt=1&a=2&c=0&aa=&ca=' successfully

2017-12-04 13:16:06 - [MESSAGE][PASSED] - Navigate to 'https://staging-primotours-webbooking.tourpaq.com/DoBooking.aspx?pltaID=1480269&p=1&rno=1&pt=1&a=2&c=0&aa=&ca=' successfully

2017-12-04 13:16:06 - [TEST_STEP][PASSED] - Statement - excelInfo = ["fname":"", "lname":"", "pgender":"", "pday":"", "pmonth":"", "pyear":""]: null

2017-12-04 13:16:06 - [TEST_STEP][PASSED] - Statement - rawData = com.kms.katalon.core.testdata.TestDataFactory.findTestData("Data Files/WB_Primo/Passenger_details"): Reading excel file with source file 'D:\Software testing\Tourpaq\Automated Katalon tests\Primo WB test\Data Files\Primo_URLs_For_Automated_Test.xls' and sheet name 'Passenger Names'

2017-12-04 13:16:07 - [TEST_STEP][PASSED] - Statement - excelRowNo = rawData.getRowNumbers(): null

2017-12-04 13:16:07 - [TEST_STEP][PASSED] - Statement - randomPaxIndex = java.lang.Math.abs(new java.util.Random().nextInt() % excelRowNo) + 1: null

2017-12-04 13:16:07 - [TEST_STEP][PASSED] - Statement - fname = rawData.getValue("FirstName", randomPaxIndex): null

2017-12-04 13:16:07 - [TEST_STEP][PASSED] - Statement - lname = rawData.getValue("LastName", randomPaxIndex): null

2017-12-04 13:16:07 - [TEST_STEP][PASSED] - Statement - pgender = rawData.getValue("Gender", randomPaxIndex): null

2017-12-04 13:16:07 - [TEST_STEP][PASSED] - setText: Text 'Vester Nielsen AUT' is set on object 'Object Repository/PrimoTours/Old Objects/Coco/PrimoT/Page_Primo Tours  Danmarks bedste c/input_firstName'

2017-12-04 13:16:07 - [MESSAGE][PASSED] - Text 'Vester Nielsen AUT' is set on object 'Object Repository/PrimoTours/Old Objects/Coco/PrimoT/Page_Primo Tours  Danmarks bedste c/input_firstName'

2017-12-04 13:16:07 - [TEST_STEP][PASSED] - setText: Text 'Helle' is set on object 'Object Repository/PrimoTours/Old Objects/Coco/PrimoT/Page_Primo Tours  Danmarks bedste c/input_lastName'

2017-12-04 13:16:08 - [MESSAGE][PASSED] - Text 'Helle' is set on object 'Object Repository/PrimoTours/Old Objects/Coco/PrimoT/Page_Primo Tours  Danmarks bedste c/input_lastName'

2017-12-04 13:16:08 - [TEST_STEP][PASSED] - click: Object: 'Object Repository/PrimoTours/LandingPage/customerGender' is clicked on

2017-12-04 13:16:08 - [MESSAGE][PASSED] - Object: 'Object Repository/PrimoTours/LandingPage/customerGender' is clicked on

2017-12-04 13:16:08 - [TEST_STEP][PASSED] - setText: Text 'Home address' is set on object 'Object Repository/PrimoTours/Old Objects/Coco/PrimoT/Page_Primo Tours  Danmarks bedste c/input_customerAddress'

2017-12-04 13:16:08 - [MESSAGE][PASSED] - Text 'Home address' is set on object 'Object Repository/PrimoTours/Old Objects/Coco/PrimoT/Page_Primo Tours  Danmarks bedste c/input_customerAddress'

2017-12-04 13:16:08 - [TEST_STEP][PASSED] - setText: Text '6700' is set on object 'Object Repository/PrimoTours/Old Objects/Coco/PrimoT/Page_Primo Tours  Danmarks bedste c/input_customerPostcode'

2017-12-04 13:16:09 - [MESSAGE][PASSED] - Text '6700' is set on object 'Object Repository/PrimoTours/Old Objects/Coco/PrimoT/Page_Primo Tours  Danmarks bedste c/input_customerPostcode'

2017-12-04 13:16:09 - [TEST_STEP][PASSED] - setText: Text 'cornel.neacsu@roweb.ro' is set on object 'Object Repository/PrimoTours/Old Objects/Coco/PrimoT/Page_Primo Tours  Danmarks bedste c/input_customerEmail'

2017-12-04 13:16:09 - [MESSAGE][PASSED] - Text 'cornel.neacsu@roweb.ro' is set on object 'Object Repository/PrimoTours/Old Objects/Coco/PrimoT/Page_Primo Tours  Danmarks bedste c/input_customerEmail'

2017-12-04 13:16:09 - [TEST_STEP][PASSED] - setText: Text '12345678' is set on object 'Object Repository/PrimoTours/Old Objects/Coco/PrimoT/Page_Primo Tours  Danmarks bedste c/input_customerPhone'

2017-12-04 13:16:09 - [MESSAGE][PASSED] - Text '12345678' is set on object 'Object Repository/PrimoTours/Old Objects/Coco/PrimoT/Page_Primo Tours  Danmarks bedste c/input_customerPhone'

2017-12-04 13:16:09 - [TEST_STEP][PASSED] - waitForElementClickable: Object 'Object Repository/PrimoTours/Old Objects/Coco/PrimoT/Page_Primo Tours  Danmarks bedste c/input_firstname-0_1' is clickable

2017-12-04 13:16:11 - [MESSAGE][PASSED] - Object 'Object Repository/PrimoTours/Old Objects/Coco/PrimoT/Page_Primo Tours  Danmarks bedste c/input_firstname-0_1' is clickable

2017-12-04 13:16:11 - [TEST_STEP][PASSED] - Statement - driver = com.kms.katalon.core.webui.driver.DriverFactory.getWebDriver(): null

2017-12-04 13:16:11 - [TEST_STEP][PASSED] - Statement - roomContainerXpath = "id("roomAndStaticOptionsContainer")/div[@class="row"]/div[@class="col-md-12 roomContainer"]": null

2017-12-04 13:16:11 - [TEST_STEP][PASSED] - Statement - roomsCount = driver.findElements(org.openqa.selenium.By.xpath(roomContainerXpath)).size(): null

2017-12-04 13:16:11 - [TEST_STEP][PASSED] - Statement - println("roomsCount=" + roomsCount): null

2017-12-04 13:16:11 - [TEST_STEP][PASSED] - Statement - For ([i = 1, i <= roomsCount, (i++)]): Object: 'Object Repository/PrimoTours/LandingPage/secondPaxFirstNameField' is clicked on

2017-12-04 13:16:11 - [TEST_STEP][PASSED] - Statement - paxInRoomXpath = "id("passengersContainer_" + i - 1 + "")/div[@class="col-md-12"]/div[@class="row"]": null

2017-12-04 13:16:11 - [TEST_STEP][PASSED] - Statement - println("paxInRoomXpath=" + paxInRoomXpath): null

2017-12-04 13:16:11 - [TEST_STEP][PASSED] - Statement - paxInRoomCount = driver.findElements(org.openqa.selenium.By.xpath(paxInRoomXpath)).size(): null

2017-12-04 13:16:11 - [TEST_STEP][PASSED] - Statement - println("paxInRoomCount=" + paxInRoomCount): null

2017-12-04 13:16:11 - [TEST_STEP][PASSED] - Statement - For ([j = 1, j <= paxInRoomCount, (j++)]): Object: 'Object Repository/PrimoTours/LandingPage/secondPaxFirstNameField' is clicked on

2017-12-04 13:16:11 - [TEST_STEP][PASSED] - Statement - If (i == 1 & j == 1): null

2017-12-04 13:16:11 - [TEST_STEP][PASSED] - Statement - <not implemented yet for class: org.codehaus.groovy.ast.stmt.ContinueStatement>: null

2017-12-04 13:16:11 - [TEST_STEP][PASSED] - Statement - If (i == 1 & j == 1): null

2017-12-04 13:16:11 - [TEST_STEP][PASSED] - Statement - randomPaxIndex = java.lang.Math.abs(new java.util.Random().nextInt() % excelRowNo) + 1: null

2017-12-04 13:16:11 - [TEST_STEP][PASSED] - Statement - fname = rawData.getValue("FirstName", randomPaxIndex) + " AUT": null

2017-12-04 13:16:11 - [TEST_STEP][PASSED] - Statement - lname = rawData.getValue("LastName", randomPaxIndex): null

2017-12-04 13:16:11 - [TEST_STEP][PASSED] - Statement - pgender = rawData.getValue("Gender", randomPaxIndex): null

2017-12-04 13:16:11 - [TEST_STEP][PASSED] - Statement - pday = rawData.getValue("Day DOB", randomPaxIndex): null

2017-12-04 13:16:11 - [TEST_STEP][PASSED] - Statement - pmonth = rawData.getValue("Month DOB", randomPaxIndex): null

2017-12-04 13:16:11 - [TEST_STEP][PASSED] - Statement - pyear = rawData.getValue("Year DOB", randomPaxIndex): null

2017-12-04 13:16:11 - [TEST_STEP][PASSED] - Statement - paxDetailFields = paxInRoomXpath + "[" + j + "]/div[@class="col-md-x col-md-9"]/div[@class="row paxContainer"][1]/div[contains(@class,"paxAttribute")]": null

2017-12-04 13:16:11 - [TEST_STEP][PASSED] - Statement - xpathval = paxDetailFields + "[1]/div[contains(@class,"form-group")]/input[contains(@class,"paxFirstName")]": null

2017-12-04 13:16:11 - [TEST_STEP][PASSED] - Statement - println("fn: " + xpathval): null

2017-12-04 13:16:11 - [TEST_STEP][PASSED] - Statement - repObj = com.kms.katalon.core.testobject.ObjectRepository.findTestObject(Object Repository/PrimoTours/LandingPage/secondPaxFirstNameField): Finding Test Object with id 'Object Repository/PrimoTours/LandingPage/secondPaxFirstNameField'

2017-12-04 13:16:11 - [TEST_STEP][PASSED] - Statement - repObj.findProperty("xpath").setValue(xpathval): null

2017-12-04 13:16:11 - [TEST_STEP][PASSED] - setText: Text 'Juul AUT' is set on object 'Object Repository/PrimoTours/LandingPage/secondPaxFirstNameField'

2017-12-04 13:16:11 - [MESSAGE][PASSED] - Text 'Juul AUT' is set on object 'Object Repository/PrimoTours/LandingPage/secondPaxFirstNameField'

2017-12-04 13:16:11 - [TEST_STEP][PASSED] - Statement - xpathval = paxDetailFields + "[2]/div[contains(@class,"form-group")]/input[contains(@class,"paxLastName")]": null

2017-12-04 13:16:11 - [TEST_STEP][PASSED] - Statement - println("ln: " + xpathval): null

2017-12-04 13:16:11 - [TEST_STEP][PASSED] - Statement - repObj = com.kms.katalon.core.testobject.ObjectRepository.findTestObject(Object Repository/PrimoTours/LandingPage/secondPaxFirstNameField): Finding Test Object with id 'Object Repository/PrimoTours/LandingPage/secondPaxFirstNameField'

2017-12-04 13:16:11 - [TEST_STEP][PASSED] - Statement - repObj.findProperty("xpath").setValue(xpathval): null

2017-12-04 13:16:11 - [TEST_STEP][PASSED] - setText: Text 'Bettina Bagger' is set on object 'Object Repository/PrimoTours/LandingPage/secondPaxFirstNameField'

2017-12-04 13:16:11 - [MESSAGE][PASSED] - Text 'Bettina Bagger' is set on object 'Object Repository/PrimoTours/LandingPage/secondPaxFirstNameField'

2017-12-04 13:16:11 - [TEST_STEP][PASSED] - Statement - repObj = com.kms.katalon.core.testobject.ObjectRepository.findTestObject(Object Repository/PrimoTours/LandingPage/secondPaxFirstNameField): Finding Test Object with id 'Object Repository/PrimoTours/LandingPage/secondPaxFirstNameField'

2017-12-04 13:16:11 - [TEST_STEP][PASSED] - Statement - xpathval = paxDetailFields + "[3]/div[contains(@class,"paxGenderSelectorContainer")]/span[contains(@class,"select2 select2-container")]/span[contains(@class,"selection")]/span[contains(@class,"select2-selection")]": null

2017-12-04 13:16:11 - [TEST_STEP][PASSED] - Statement - println("gender: " + xpathval): null

2017-12-04 13:16:11 - [TEST_STEP][PASSED] - Statement - repObj.findProperty("xpath").setValue(xpathval): null

2017-12-04 13:16:11 - [TEST_STEP][PASSED] - click: Object: 'Object Repository/PrimoTours/LandingPage/secondPaxFirstNameField' is clicked on

2017-12-04 13:16:11 - [MESSAGE][PASSED] - Object: 'Object Repository/PrimoTours/LandingPage/secondPaxFirstNameField' is clicked on

2017-12-04 13:16:11 - [TEST_STEP][PASSED] - scrollToElement: Scroll to object 'Object Repository/PrimoTours/Old Objects/Coco (1)/PrimoT/SaveBooking2/Success/bookingTotalValue' successfully

2017-12-04 13:16:11 - [MESSAGE][PASSED] - Scroll to object 'Object Repository/PrimoTours/Old Objects/Coco (1)/PrimoT/SaveBooking2/Success/bookingTotalValue' successfully

2017-12-04 13:16:11 - [TEST_STEP][PASSED] - click: Object: 'Object Repository/PrimoTours/Old Objects/Coco (1)/PrimoT/SaveBooking2/Success/bookingTotalValue' is clicked on

2017-12-04 13:16:11 - [MESSAGE][PASSED] - Object: 'Object Repository/PrimoTours/Old Objects/Coco (1)/PrimoT/SaveBooking2/Success/bookingTotalValue' is clicked on

2017-12-04 13:16:11 - [TEST_STEP][PASSED] - scrollToElement: Scroll to object 'Object Repository/PrimoTours/Old Objects/Coco (1)/PrimoT/SaveBooking2/Success/Page_Primo Tours  Danmarks bedste c/nextButtonOnLandingPage' successfully

2017-12-04 13:16:11 - [MESSAGE][PASSED] - Scroll to object 'Object Repository/PrimoTours/Old Objects/Coco (1)/PrimoT/SaveBooking2/Success/Page_Primo Tours  Danmarks bedste c/nextButtonOnLandingPage' successfully

2017-12-04 13:16:11 - [TEST_STEP][PASSED] - waitForElementClickable: Object 'Object Repository/PrimoTours/Old Objects/Coco (1)/PrimoT/SaveBooking2/Success/Page_Primo Tours  Danmarks bedste c/nextButtonOnLandingPage' is clickable

2017-12-04 13:16:11 - [MESSAGE][PASSED] - Object 'Object Repository/PrimoTours/Old Objects/Coco (1)/PrimoT/SaveBooking2/Success/Page_Primo Tours  Danmarks bedste c/nextButtonOnLandingPage' is clickable

2017-12-04 13:16:11 - [TEST_STEP][PASSED] - waitForElementVisible: Object 'Object Repository/PrimoTours/Old Objects/Coco (1)/PrimoT/SaveBooking2/Success/Page_Primo Tours  Danmarks bedste c/nextButtonOnLandingPage' is visible

2017-12-04 13:16:11 - [MESSAGE][PASSED] - Object 'Object Repository/PrimoTours/Old Objects/Coco (1)/PrimoT/SaveBooking2/Success/Page_Primo Tours  Danmarks bedste c/nextButtonOnLandingPage' is visible

2017-12-04 13:16:11 - [TEST_STEP][PASSED] - scrollToElement: Scroll to object 'Object Repository/PrimoTours/Old Objects/Coco (1)/PrimoT/SaveBooking2/Success/Page_Primo Tours  Danmarks bedste c/nextButtonOnLandingPage' successfully

2017-12-04 13:16:12 - [MESSAGE][PASSED] - Scroll to object 'Object Repository/PrimoTours/Old Objects/Coco (1)/PrimoT/SaveBooking2/Success/Page_Primo Tours  Danmarks bedste c/nextButtonOnLandingPage' successfully

2017-12-04 13:16:12 - [TEST_STEP][PASSED] - click: Object: 'Object Repository/PrimoTours/Old Objects/Coco (1)/PrimoT/SaveBooking2/Success/Page_Primo Tours  Danmarks bedste c/nextButtonOnLandingPage' is clicked on

2017-12-04 13:16:12 - [MESSAGE][PASSED] - Object: 'Object Repository/PrimoTours/Old Objects/Coco (1)/PrimoT/SaveBooking2/Success/Page_Primo Tours  Danmarks bedste c/nextButtonOnLandingPage' is clicked on

2017-12-04 13:16:12 - [TEST_STEP][PASSED] - delay: Delayed 3 second(s)

2017-12-04 13:16:15 - [MESSAGE][PASSED] - Delayed 3 second(s)

2017-12-04 13:16:15 - [TEST_STEP][PASSED] - waitForElementNotVisible: Object 'Object Repository/PrimoTours/Old Objects/CCenter/pageLoaderOverlayLayer' is NOT visible

2017-12-04 13:16:15 - [MESSAGE][PASSED] - Object 'Object Repository/PrimoTours/Old Objects/CCenter/pageLoaderOverlayLayer' is NOT visible

2017-12-04 13:16:15 - [TEST_STEP][PASSED] - scrollToElement: Scroll to object 'Object Repository/PrimoTours/Old Objects/Coco/PrimoT/Ins2/Page_Primo Tours  Danmarks bedste c/travelInsuranceFirstPaxSelector' successfully

2017-12-04 13:16:15 - [MESSAGE][PASSED] - Scroll to object 'Object Repository/PrimoTours/Old Objects/Coco/PrimoT/Ins2/Page_Primo Tours  Danmarks bedste c/travelInsuranceFirstPaxSelector' successfully

2017-12-04 13:16:15 - [TEST_STEP][PASSED] - waitForElementPresent: Object 'Object Repository/PrimoTours/Old Objects/Coco/PrimoT/Ins2/Page_Primo Tours  Danmarks bedste c/travelInsuranceFirstPaxSelector' is present

2017-12-04 13:16:15 - [MESSAGE][PASSED] - Object 'Object Repository/PrimoTours/Old Objects/Coco/PrimoT/Ins2/Page_Primo Tours  Danmarks bedste c/travelInsuranceFirstPaxSelector' is present

2017-12-04 13:16:15 - [TEST_STEP][PASSED] - waitForElementVisible: Object 'Object Repository/PrimoTours/Old Objects/Coco/PrimoT/Ins2/Page_Primo Tours  Danmarks bedste c/travelInsuranceFirstPaxSelector' is visible

2017-12-04 13:16:16 - [MESSAGE][PASSED] - Object 'Object Repository/PrimoTours/Old Objects/Coco/PrimoT/Ins2/Page_Primo Tours  Danmarks bedste c/travelInsuranceFirstPaxSelector' is visible

2017-12-04 13:16:16 - [TEST_STEP][PASSED] - waitForElementClickable: Object 'Object Repository/PrimoTours/Old Objects/Coco/PrimoT/Ins2/Page_Primo Tours  Danmarks bedste c/travelInsuranceFirstPaxSelector' is clickable

2017-12-04 13:16:16 - [MESSAGE][PASSED] - Object 'Object Repository/PrimoTours/Old Objects/Coco/PrimoT/Ins2/Page_Primo Tours  Danmarks bedste c/travelInsuranceFirstPaxSelector' is clickable

2017-12-04 13:16:16 - [TEST_STEP][PASSED] - click: Object: 'Object Repository/PrimoTours/Old Objects/Coco/PrimoT/Ins2/Page_Primo Tours  Danmarks bedste c/travelInsuranceFirstPaxSelector' is clicked on

2017-12-04 13:16:16 - [MESSAGE][PASSED] - Object: 'Object Repository/PrimoTours/Old Objects/Coco/PrimoT/Ins2/Page_Primo Tours  Danmarks bedste c/travelInsuranceFirstPaxSelector' is clicked on

2017-12-04 13:16:16 - [TEST_STEP][PASSED] - Statement - Try: Object: 'Object Repository/PrimoTours/Old Objects/Coco/PrimoT/Ins2/Page_Primo Tours  Danmarks bedste c/firstTravelInsuranceOption' is clicked on

2017-12-04 13:16:16 - [TEST_STEP][PASSED] - click: Object: 'Object Repository/PrimoTours/Old Objects/Coco/PrimoT/Ins2/Page_Primo Tours  Danmarks bedste c/firstTravelInsuranceOption' is clicked on

2017-12-04 13:16:16 - [MESSAGE][PASSED] - Object: 'Object Repository/PrimoTours/Old Objects/Coco/PrimoT/Ins2/Page_Primo Tours  Danmarks bedste c/firstTravelInsuranceOption' is clicked on

2017-12-04 13:16:16 - [TEST_STEP][NOT_RUN] - click: NOT_RUN: click

2017-12-04 13:16:16 - [MESSAGE][NOT_RUN] - NOT_RUN: click

2017-12-04 13:16:16 - [TEST_STEP][NOT_RUN] - scrollToElement: NOT_RUN: scrollToElement

2017-12-04 13:16:16 - [MESSAGE][NOT_RUN] - NOT_RUN: scrollToElement

2017-12-04 13:16:16 - [TEST_STEP][NOT_RUN] - click: NOT_RUN: click

2017-12-04 13:16:16 - [MESSAGE][NOT_RUN] - NOT_RUN: click

2017-12-04 13:16:16 - [TEST_STEP][PASSED] - waitForElementVisible: Object 'Object Repository/PrimoTours/Old Objects/Coco (1)/PrimoT/SaveBooking2/Page_Primo Tours  Danmarks bedste c/individualInsuranceCheckbox' is visible

2017-12-04 13:16:16 - [MESSAGE][PASSED] - Object 'Object Repository/PrimoTours/Old Objects/Coco (1)/PrimoT/SaveBooking2/Page_Primo Tours  Danmarks bedste c/individualInsuranceCheckbox' is visible

2017-12-04 13:16:16 - [TEST_STEP][PASSED] - scrollToElement: Scroll to object 'Object Repository/PrimoTours/Old Objects/Coco (1)/PrimoT/SaveBooking2/Page_Primo Tours  Danmarks bedste c/individualInsuranceCheckbox' successfully

2017-12-04 13:16:16 - [MESSAGE][PASSED] - Scroll to object 'Object Repository/PrimoTours/Old Objects/Coco (1)/PrimoT/SaveBooking2/Page_Primo Tours  Danmarks bedste c/individualInsuranceCheckbox' successfully

2017-12-04 13:16:16 - [TEST_STEP][PASSED] - click: Object: 'Object Repository/PrimoTours/Old Objects/Coco (1)/PrimoT/SaveBooking2/Page_Primo Tours  Danmarks bedste c/individualInsuranceCheckbox' is clicked on

2017-12-04 13:16:16 - [MESSAGE][PASSED] - Object: 'Object Repository/PrimoTours/Old Objects/Coco (1)/PrimoT/SaveBooking2/Page_Primo Tours  Danmarks bedste c/individualInsuranceCheckbox' is clicked on

2017-12-04 13:16:16 - [TEST_STEP][PASSED] - scrollToElement: Scroll to object 'Object Repository/PrimoTours/Old Objects/Coco (1)/PrimoT/SaveBooking2/Success/firstProdCategIndividualSelectionRadioB' successfully

2017-12-04 13:16:16 - [MESSAGE][PASSED] - Scroll to object 'Object Repository/PrimoTours/Old Objects/Coco (1)/PrimoT/SaveBooking2/Success/firstProdCategIndividualSelectionRadioB' successfully

2017-12-04 13:16:16 - [TEST_STEP][PASSED] - waitForElementClickable: Object 'Object Repository/PrimoTours/Old Objects/Coco (1)/PrimoT/SaveBooking2/Success/firstProdCategIndividualSelectionRadioB' is clickable

2017-12-04 13:16:16 - [MESSAGE][PASSED] - Object 'Object Repository/PrimoTours/Old Objects/Coco (1)/PrimoT/SaveBooking2/Success/firstProdCategIndividualSelectionRadioB' is clickable

2017-12-04 13:16:16 - [TEST_STEP][PASSED] - scrollToElement: Scroll to object 'Object Repository/PrimoTours/Old Objects/Coco (1)/PrimoT/SaveBooking2/Success/firstProdCategIndividualSelectionRadioB' successfully

2017-12-04 13:16:16 - [MESSAGE][PASSED] - Scroll to object 'Object Repository/PrimoTours/Old Objects/Coco (1)/PrimoT/SaveBooking2/Success/firstProdCategIndividualSelectionRadioB' successfully

2017-12-04 13:16:16 - [TEST_STEP][PASSED] - click: Object: 'Object Repository/PrimoTours/Old Objects/Coco (1)/PrimoT/SaveBooking2/Success/firstProdCategIndividualSelectionRadioB' is clicked on

2017-12-04 13:16:17 - [MESSAGE][PASSED] - Object: 'Object Repository/PrimoTours/Old Objects/Coco (1)/PrimoT/SaveBooking2/Success/firstProdCategIndividualSelectionRadioB' is clicked on

2017-12-04 13:16:17 - [TEST_STEP][PASSED] - scrollToElement: Scroll to object 'Object Repository/PrimoTours/Old Objects/Coco (1)/PrimoT/SaveBooking2/Success/firstProdCategSelectForAllPaxCheckbox' successfully

2017-12-04 13:16:17 - [MESSAGE][PASSED] - Scroll to object 'Object Repository/PrimoTours/Old Objects/Coco (1)/PrimoT/SaveBooking2/Success/firstProdCategSelectForAllPaxCheckbox' successfully

2017-12-04 13:16:17 - [TEST_STEP][PASSED] - waitForElementClickable: Object 'Object Repository/PrimoTours/Old Objects/Coco (1)/PrimoT/SaveBooking2/Success/firstProdCategSelectForAllPaxCheckbox' is clickable

2017-12-04 13:16:17 - [MESSAGE][PASSED] - Object 'Object Repository/PrimoTours/Old Objects/Coco (1)/PrimoT/SaveBooking2/Success/firstProdCategSelectForAllPaxCheckbox' is clickable

2017-12-04 13:16:17 - [TEST_STEP][PASSED] - click: Object: 'Object Repository/PrimoTours/Old Objects/Coco (1)/PrimoT/SaveBooking2/Success/firstProdCategSelectForAllPaxCheckbox' is clicked on

2017-12-04 13:16:17 - [MESSAGE][PASSED] - Object: 'Object Repository/PrimoTours/Old Objects/Coco (1)/PrimoT/SaveBooking2/Success/firstProdCategSelectForAllPaxCheckbox' is clicked on

2017-12-04 13:16:17 - [TEST_STEP][NOT_RUN] - scrollToElement: NOT_RUN: scrollToElement

2017-12-04 13:16:17 - [MESSAGE][NOT_RUN] - NOT_RUN: scrollToElement

2017-12-04 13:16:17 - [TEST_STEP][NOT_RUN] - scrollToElement: NOT_RUN: scrollToElement

2017-12-04 13:16:17 - [MESSAGE][NOT_RUN] - NOT_RUN: scrollToElement

2017-12-04 13:16:17 - [TEST_STEP][NOT_RUN] - click: NOT_RUN: click

2017-12-04 13:16:17 - [MESSAGE][NOT_RUN] - NOT_RUN: click

2017-12-04 13:16:17 - [TEST_STEP][PASSED] - scrollToElement: Scroll to object 'Object Repository/PrimoTours/ConfirmationPage/agreeTermsAndCondCheckbox' successfully

2017-12-04 13:16:17 - [MESSAGE][PASSED] - Scroll to object 'Object Repository/PrimoTours/ConfirmationPage/agreeTermsAndCondCheckbox' successfully

2017-12-04 13:16:17 - [TEST_STEP][PASSED] - waitForElementClickable: Object 'Object Repository/PrimoTours/ConfirmationPage/agreeTermsAndCondCheckbox' is clickable

2017-12-04 13:16:17 - [MESSAGE][PASSED] - Object 'Object Repository/PrimoTours/ConfirmationPage/agreeTermsAndCondCheckbox' is clickable

2017-12-04 13:16:17 - [TEST_STEP][PASSED] - click: Object: 'Object Repository/PrimoTours/ConfirmationPage/agreeTermsAndCondCheckbox' is clicked on

2017-12-04 13:16:17 - [MESSAGE][PASSED] - Object: 'Object Repository/PrimoTours/ConfirmationPage/agreeTermsAndCondCheckbox' is clicked on

2017-12-04 13:16:17 - [TEST_STEP][PASSED] - scrollToElement: Scroll to object 'Object Repository/PrimoTours/ConfirmationPage/placeBookingButton' successfully

2017-12-04 13:16:17 - [MESSAGE][PASSED] - Scroll to object 'Object Repository/PrimoTours/ConfirmationPage/placeBookingButton' successfully

2017-12-04 13:16:17 - [TEST_STEP][PASSED] - delay: Delayed 1 second(s)

2017-12-04 13:16:18 - [MESSAGE][PASSED] - Delayed 1 second(s)

2017-12-04 13:16:18 - [TEST_STEP][PASSED] - waitForElementClickable: Object 'Object Repository/PrimoTours/ConfirmationPage/placeBookingButton' is clickable

2017-12-04 13:16:18 - [MESSAGE][PASSED] - Object 'Object Repository/PrimoTours/ConfirmationPage/placeBookingButton' is clickable

2017-12-04 13:16:18 - [TEST_STEP][PASSED] - Statement - Try: Object: 'Object Repository/PrimoTours/ConfirmationPage/placeBookingButton' is clicked on

2017-12-04 13:16:18 - [TEST_STEP][PASSED] - click: Object: 'Object Repository/PrimoTours/ConfirmationPage/placeBookingButton' is clicked on

2017-12-04 13:16:18 - [MESSAGE][PASSED] - Object: 'Object Repository/PrimoTours/ConfirmationPage/placeBookingButton' is clicked on

2017-12-04 13:16:18 - [TEST_STEP][PASSED] - delay: Delayed 2 second(s)

2017-12-04 13:16:20 - [MESSAGE][PASSED] - Delayed 2 second(s)

2017-12-04 13:16:20 - [TEST_STEP][PASSED] - waitForPageLoad: Wait for page load successfully

2017-12-04 13:16:20 - [MESSAGE][PASSED] - Wait for page load successfully

2017-12-04 13:16:20 - [TEST_STEP][PASSED] - waitForJQueryLoad: jQuery is ready.

2017-12-04 13:16:24 - [MESSAGE][PASSED] - jQuery is ready.

2017-12-04 13:16:24 - [TEST_STEP][PASSED] - waitForElementPresent: Object 'Object Repository/PrimoTours/Old Objects/CCenter/pageLoaderOverlayLayer' is present

2017-12-04 13:16:24 - [MESSAGE][PASSED] - Object 'Object Repository/PrimoTours/Old Objects/CCenter/pageLoaderOverlayLayer' is present

2017-12-04 13:16:24 - [TEST_STEP][PASSED] - waitForElementNotVisible: Unable to wait for object 'Object Repository/PrimoTours/Old Objects/CCenter/pageLoaderOverlayLayer' to be NOT visible (Root cause: org.openqa.selenium.StaleElementReferenceException: stale element reference: element is not attached to the page document
  (Session info: chrome=62.0.3202.94)
  (Driver info: chromedriver=2.33.506120 (e3e53437346286c0bc2d2dc9aa4915ba81d9023f),platform=Windows NT 6.3.9600 x86_64) (WARNING: The server did not provide any stacktrace information)
Command duration or timeout: 0 milliseconds
For documentation on this error, please visit: http://seleniumhq.org/exceptions/stale_element_reference.html
Build info: version: '3.7.1', revision: '8a0099a', time: '2017-11-06T21:07:36.161Z'
System info: host: 'NEACSUNEW-PC', ip: '10.10.10.211', os.name: 'Windows 8.1', os.arch: 'amd64', os.version: '6.3', java.version: '1.8.0_102'
Driver info: com.kms.katalon.selenium.driver.CChromeDriver
Capabilities {acceptSslCerts: true, applicationCacheEnabled: false, browserConnectionEnabled: false, browserName: chrome, chrome: {chromedriverVersion: 2.33.506120 (e3e53437346286..., userDataDir: C:\Users\Cornel\AppData\Loc...}, cssSelectorsEnabled: true, databaseEnabled: false, handlesAlerts: true, hasTouchScreen: false, javascriptEnabled: true, locationContextEnabled: true, mobileEmulationEnabled: false, nativeEvents: true, networkConnectionEnabled: false, pageLoadStrategy: normal, platform: XP, platformName: XP, rotatable: false, setWindowRect: true, takesHeapSnapshot: true, takesScreenshot: true, unexpectedAlertBehaviour: , unhandledPromptBehavior: , version: 62.0.3202.94, webStorageEnabled: true}
Session ID: 22259bd4203b41337bd74e7c43998777)

2017-12-04 13:16:26 - [MESSAGE][WARNING] - Unable to wait for object 'Object Repository/PrimoTours/Old Objects/CCenter/pageLoaderOverlayLayer' to be NOT visible (Root cause: org.openqa.selenium.StaleElementReferenceException: stale element reference: element is not attached to the page document
  (Session info: chrome=62.0.3202.94)
  (Driver info: chromedriver=2.33.506120 (e3e53437346286c0bc2d2dc9aa4915ba81d9023f),platform=Windows NT 6.3.9600 x86_64) (WARNING: The server did not provide any stacktrace information)
Command duration or timeout: 0 milliseconds
For documentation on this error, please visit: http://seleniumhq.org/exceptions/stale_element_reference.html
Build info: version: '3.7.1', revision: '8a0099a', time: '2017-11-06T21:07:36.161Z'
System info: host: 'NEACSUNEW-PC', ip: '10.10.10.211', os.name: 'Windows 8.1', os.arch: 'amd64', os.version: '6.3', java.version: '1.8.0_102'
Driver info: com.kms.katalon.selenium.driver.CChromeDriver
Capabilities {acceptSslCerts: true, applicationCacheEnabled: false, browserConnectionEnabled: false, browserName: chrome, chrome: {chromedriverVersion: 2.33.506120 (e3e53437346286..., userDataDir: C:\Users\Cornel\AppData\Loc...}, cssSelectorsEnabled: true, databaseEnabled: false, handlesAlerts: true, hasTouchScreen: false, javascriptEnabled: true, locationContextEnabled: true, mobileEmulationEnabled: false, nativeEvents: true, networkConnectionEnabled: false, pageLoadStrategy: normal, platform: XP, platformName: XP, rotatable: false, setWindowRect: true, takesHeapSnapshot: true, takesScreenshot: true, unexpectedAlertBehaviour: , unhandledPromptBehavior: , version: 62.0.3202.94, webStorageEnabled: true}
Session ID: 22259bd4203b41337bd74e7c43998777)
[[ATTACHMENT|D:\\Software testing\\Tourpaq\\Automated Katalon tests\\Primo WB test\\Reports\\WB Primo From Excel URLs\\20171204_131551\\1512386186324.png]]

2017-12-04 13:16:26 - [TEST_STEP][PASSED] - waitForElementPresent: Object 'Object Repository/PrimoTours/Old Objects/ThankYouPage/bookingNoContainer' is present

2017-12-04 13:16:28 - [MESSAGE][PASSED] - Object 'Object Repository/PrimoTours/Old Objects/ThankYouPage/bookingNoContainer' is present

2017-12-04 13:16:28 - [TEST_STEP][PASSED] - waitForElementClickable: Object 'Object Repository/PrimoTours/Old Objects/ThankYouPage/bookingNoContainer' is clickable

2017-12-04 13:16:28 - [MESSAGE][PASSED] - Object 'Object Repository/PrimoTours/Old Objects/ThankYouPage/bookingNoContainer' is clickable

2017-12-04 13:16:28 - [TEST_STEP][PASSED] - verifyElementVisible: Object 'Object Repository/PrimoTours/Old Objects/ThankYouPage/bookingNoContainer' is visible

2017-12-04 13:16:28 - [MESSAGE][PASSED] - Object 'Object Repository/PrimoTours/Old Objects/ThankYouPage/bookingNoContainer' is visible

2017-12-04 13:16:28 - [TEST_STEP][PASSED] - verifyElementVisible: Object 'Object Repository/PrimoTours/Old Objects/ThankYouPage/bookingTotalInfo' is visible

2017-12-04 13:16:28 - [MESSAGE][PASSED] - Object 'Object Repository/PrimoTours/Old Objects/ThankYouPage/bookingTotalInfo' is visible

2017-12-04 13:16:28 - [TEST_STEP][PASSED] - verifyElementVisible: Object 'Object Repository/PrimoTours/Old Objects/ThankYouPage/bookingTotalPriceBar' is visible

2017-12-04 13:16:28 - [MESSAGE][PASSED] - Object 'Object Repository/PrimoTours/Old Objects/ThankYouPage/bookingTotalPriceBar' is visible

2017-12-04 13:16:28 - [TEST_STEP][PASSED] - verifyElementVisible: Object 'Object Repository/PrimoTours/Old Objects/ThankYouPage/printTicketSpan' is visible

2017-12-04 13:16:28 - [MESSAGE][PASSED] - Object 'Object Repository/PrimoTours/Old Objects/ThankYouPage/printTicketSpan' is visible

2017-12-04 13:16:28 - [TEST_STEP][PASSED] - waitForElementClickable: Object 'Object Repository/PrimoTours/Old Objects/ThankYouPage/printTicketSpan' is clickable

2017-12-04 13:16:28 - [MESSAGE][PASSED] - Object 'Object Repository/PrimoTours/Old Objects/ThankYouPage/printTicketSpan' is clickable

2017-12-04 13:16:28 - [TEST_STEP][FAILED] - Statement - Try: Unable to click on object 'Object Repository/PrimoTours/Old Objects/ThankYouPage/printTicketSpan' (Root cause: org.openqa.selenium.WebDriverException: unknown error: Element <span id="printTicketSpan" data-bind="text: tourpaq.bookingEngine.languageStaticResources.PrintReceipt">...</span> is not clickable at point (508, 319). Other element would receive the click: <div class="se-pre-con" id="booking-overlay"></div>
  (Session info: chrome=62.0.3202.94)
  (Driver info: chromedriver=2.33.506120 (e3e53437346286c0bc2d2dc9aa4915ba81d9023f),platform=Windows NT 6.3.9600 x86_64) (WARNING: The server did not provide any stacktrace information)
Command duration or timeout: 0 milliseconds
Build info: version: '3.7.1', revision: '8a0099a', time: '2017-11-06T21:07:36.161Z'
System info: host: 'NEACSUNEW-PC', ip: '10.10.10.211', os.name: 'Windows 8.1', os.arch: 'amd64', os.version: '6.3', java.version: '1.8.0_102'
Driver info: com.kms.katalon.selenium.driver.CChromeDriver
Capabilities {acceptSslCerts: true, applicationCacheEnabled: false, browserConnectionEnabled: false, browserName: chrome, chrome: {chromedriverVersion: 2.33.506120 (e3e53437346286..., userDataDir: C:\Users\Cornel\AppData\Loc...}, cssSelectorsEnabled: true, databaseEnabled: false, handlesAlerts: true, hasTouchScreen: false, javascriptEnabled: true, locationContextEnabled: true, mobileEmulationEnabled: false, nativeEvents: true, networkConnectionEnabled: false, pageLoadStrategy: normal, platform: XP, platformName: XP, rotatable: false, setWindowRect: true, takesHeapSnapshot: true, takesScreenshot: true, unexpectedAlertBehaviour: , unhandledPromptBehavior: , version: 62.0.3202.94, webStorageEnabled: true}
Session ID: 22259bd4203b41337bd74e7c43998777)

2017-12-04 13:16:28 - [TEST_STEP][FAILED] - click: Unable to click on object 'Object Repository/PrimoTours/Old Objects/ThankYouPage/printTicketSpan' (Root cause: org.openqa.selenium.WebDriverException: unknown error: Element <span id="printTicketSpan" data-bind="text: tourpaq.bookingEngine.languageStaticResources.PrintReceipt">...</span> is not clickable at point (508, 319). Other element would receive the click: <div class="se-pre-con" id="booking-overlay"></div>
  (Session info: chrome=62.0.3202.94)
  (Driver info: chromedriver=2.33.506120 (e3e53437346286c0bc2d2dc9aa4915ba81d9023f),platform=Windows NT 6.3.9600 x86_64) (WARNING: The server did not provide any stacktrace information)
Command duration or timeout: 0 milliseconds
Build info: version: '3.7.1', revision: '8a0099a', time: '2017-11-06T21:07:36.161Z'
System info: host: 'NEACSUNEW-PC', ip: '10.10.10.211', os.name: 'Windows 8.1', os.arch: 'amd64', os.version: '6.3', java.version: '1.8.0_102'
Driver info: com.kms.katalon.selenium.driver.CChromeDriver
Capabilities {acceptSslCerts: true, applicationCacheEnabled: false, browserConnectionEnabled: false, browserName: chrome, chrome: {chromedriverVersion: 2.33.506120 (e3e53437346286..., userDataDir: C:\Users\Cornel\AppData\Loc...}, cssSelectorsEnabled: true, databaseEnabled: false, handlesAlerts: true, hasTouchScreen: false, javascriptEnabled: true, locationContextEnabled: true, mobileEmulationEnabled: false, nativeEvents: true, networkConnectionEnabled: false, pageLoadStrategy: normal, platform: XP, platformName: XP, rotatable: false, setWindowRect: true, takesHeapSnapshot: true, takesScreenshot: true, unexpectedAlertBehaviour: , unhandledPromptBehavior: , version: 62.0.3202.94, webStorageEnabled: true}
Session ID: 22259bd4203b41337bd74e7c43998777)

2017-12-04 13:16:29 - [MESSAGE][FAILED] - Unable to click on object 'Object Repository/PrimoTours/Old Objects/ThankYouPage/printTicketSpan' (Root cause: org.openqa.selenium.WebDriverException: unknown error: Element <span id="printTicketSpan" data-bind="text: tourpaq.bookingEngine.languageStaticResources.PrintReceipt">...</span> is not clickable at point (508, 319). Other element would receive the click: <div class="se-pre-con" id="booking-overlay"></div>
  (Session info: chrome=62.0.3202.94)
  (Driver info: chromedriver=2.33.506120 (e3e53437346286c0bc2d2dc9aa4915ba81d9023f),platform=Windows NT 6.3.9600 x86_64) (WARNING: The server did not provide any stacktrace information)
Command duration or timeout: 0 milliseconds
Build info: version: '3.7.1', revision: '8a0099a', time: '2017-11-06T21:07:36.161Z'
System info: host: 'NEACSUNEW-PC', ip: '10.10.10.211', os.name: 'Windows 8.1', os.arch: 'amd64', os.version: '6.3', java.version: '1.8.0_102'
Driver info: com.kms.katalon.selenium.driver.CChromeDriver
Capabilities {acceptSslCerts: true, applicationCacheEnabled: false, browserConnectionEnabled: false, browserName: chrome, chrome: {chromedriverVersion: 2.33.506120 (e3e53437346286..., userDataDir: C:\Users\Cornel\AppData\Loc...}, cssSelectorsEnabled: true, databaseEnabled: false, handlesAlerts: true, hasTouchScreen: false, javascriptEnabled: true, locationContextEnabled: true, mobileEmulationEnabled: false, nativeEvents: true, networkConnectionEnabled: false, pageLoadStrategy: normal, platform: XP, platformName: XP, rotatable: false, setWindowRect: true, takesHeapSnapshot: true, takesScreenshot: true, unexpectedAlertBehaviour: , unhandledPromptBehavior: , version: 62.0.3202.94, webStorageEnabled: true}
Session ID: 22259bd4203b41337bd74e7c43998777)
[[ATTACHMENT|D:\\Software testing\\Tourpaq\\Automated Katalon tests\\Primo WB test\\Reports\\WB Primo From Excel URLs\\20171204_131551\\1512386189006.png]]

2017-12-04 13:16:29 - [TEST_STEP][FAILED] - Statement - Catch (Exception e): Unable to click on object 'Object Repository/PrimoTours/Old Objects/ThankYouPage/printTicketSpan' (Root cause: org.openqa.selenium.WebDriverException: unknown error: Element <span id="printTicketSpan" data-bind="text: tourpaq.bookingEngine.languageStaticResources.PrintReceipt">...</span> is not clickable at point (508, 319). Other element would receive the click: <div class="se-pre-con" id="booking-overlay" style="opacity: 0.00394265;"></div>
  (Session info: chrome=62.0.3202.94)
  (Driver info: chromedriver=2.33.506120 (e3e53437346286c0bc2d2dc9aa4915ba81d9023f),platform=Windows NT 6.3.9600 x86_64) (WARNING: The server did not provide any stacktrace information)
Command duration or timeout: 0 milliseconds
Build info: version: '3.7.1', revision: '8a0099a', time: '2017-11-06T21:07:36.161Z'
System info: host: 'NEACSUNEW-PC', ip: '10.10.10.211', os.name: 'Windows 8.1', os.arch: 'amd64', os.version: '6.3', java.version: '1.8.0_102'
Driver info: com.kms.katalon.selenium.driver.CChromeDriver
Capabilities {acceptSslCerts: true, applicationCacheEnabled: false, browserConnectionEnabled: false, browserName: chrome, chrome: {chromedriverVersion: 2.33.506120 (e3e53437346286..., userDataDir: C:\Users\Cornel\AppData\Loc...}, cssSelectorsEnabled: true, databaseEnabled: false, handlesAlerts: true, hasTouchScreen: false, javascriptEnabled: true, locationContextEnabled: true, mobileEmulationEnabled: false, nativeEvents: true, networkConnectionEnabled: false, pageLoadStrategy: normal, platform: XP, platformName: XP, rotatable: false, setWindowRect: true, takesHeapSnapshot: true, takesScreenshot: true, unexpectedAlertBehaviour: , unhandledPromptBehavior: , version: 62.0.3202.94, webStorageEnabled: true}
Session ID: 22259bd4203b41337bd74e7c43998777)

2017-12-04 13:16:29 - [TEST_STEP][FAILED] - click: Unable to click on object 'Object Repository/PrimoTours/Old Objects/ThankYouPage/printTicketSpan' (Root cause: org.openqa.selenium.WebDriverException: unknown error: Element <span id="printTicketSpan" data-bind="text: tourpaq.bookingEngine.languageStaticResources.PrintReceipt">...</span> is not clickable at point (508, 319). Other element would receive the click: <div class="se-pre-con" id="booking-overlay" style="opacity: 0.00394265;"></div>
  (Session info: chrome=62.0.3202.94)
  (Driver info: chromedriver=2.33.506120 (e3e53437346286c0bc2d2dc9aa4915ba81d9023f),platform=Windows NT 6.3.9600 x86_64) (WARNING: The server did not provide any stacktrace information)
Command duration or timeout: 0 milliseconds
Build info: version: '3.7.1', revision: '8a0099a', time: '2017-11-06T21:07:36.161Z'
System info: host: 'NEACSUNEW-PC', ip: '10.10.10.211', os.name: 'Windows 8.1', os.arch: 'amd64', os.version: '6.3', java.version: '1.8.0_102'
Driver info: com.kms.katalon.selenium.driver.CChromeDriver
Capabilities {acceptSslCerts: true, applicationCacheEnabled: false, browserConnectionEnabled: false, browserName: chrome, chrome: {chromedriverVersion: 2.33.506120 (e3e53437346286..., userDataDir: C:\Users\Cornel\AppData\Loc...}, cssSelectorsEnabled: true, databaseEnabled: false, handlesAlerts: true, hasTouchScreen: false, javascriptEnabled: true, locationContextEnabled: true, mobileEmulationEnabled: false, nativeEvents: true, networkConnectionEnabled: false, pageLoadStrategy: normal, platform: XP, platformName: XP, rotatable: false, setWindowRect: true, takesHeapSnapshot: true, takesScreenshot: true, unexpectedAlertBehaviour: , unhandledPromptBehavior: , version: 62.0.3202.94, webStorageEnabled: true}
Session ID: 22259bd4203b41337bd74e7c43998777)

2017-12-04 13:16:30 - [MESSAGE][FAILED] - Unable to click on object 'Object Repository/PrimoTours/Old Objects/ThankYouPage/printTicketSpan' (Root cause: org.openqa.selenium.WebDriverException: unknown error: Element <span id="printTicketSpan" data-bind="text: tourpaq.bookingEngine.languageStaticResources.PrintReceipt">...</span> is not clickable at point (508, 319). Other element would receive the click: <div class="se-pre-con" id="booking-overlay" style="opacity: 0.00394265;"></div>
  (Session info: chrome=62.0.3202.94)
  (Driver info: chromedriver=2.33.506120 (e3e53437346286c0bc2d2dc9aa4915ba81d9023f),platform=Windows NT 6.3.9600 x86_64) (WARNING: The server did not provide any stacktrace information)
Command duration or timeout: 0 milliseconds
Build info: version: '3.7.1', revision: '8a0099a', time: '2017-11-06T21:07:36.161Z'
System info: host: 'NEACSUNEW-PC', ip: '10.10.10.211', os.name: 'Windows 8.1', os.arch: 'amd64', os.version: '6.3', java.version: '1.8.0_102'
Driver info: com.kms.katalon.selenium.driver.CChromeDriver
Capabilities {acceptSslCerts: true, applicationCacheEnabled: false, browserConnectionEnabled: false, browserName: chrome, chrome: {chromedriverVersion: 2.33.506120 (e3e53437346286..., userDataDir: C:\Users\Cornel\AppData\Loc...}, cssSelectorsEnabled: true, databaseEnabled: false, handlesAlerts: true, hasTouchScreen: false, javascriptEnabled: true, locationContextEnabled: true, mobileEmulationEnabled: false, nativeEvents: true, networkConnectionEnabled: false, pageLoadStrategy: normal, platform: XP, platformName: XP, rotatable: false, setWindowRect: true, takesHeapSnapshot: true, takesScreenshot: true, unexpectedAlertBehaviour: , unhandledPromptBehavior: , version: 62.0.3202.94, webStorageEnabled: true}
Session ID: 22259bd4203b41337bd74e7c43998777)
[[ATTACHMENT|D:\\Software testing\\Tourpaq\\Automated Katalon tests\\Primo WB test\\Reports\\WB Primo From Excel URLs\\20171204_131551\\1512386189628.png]]]]></system-out>
         <system-err><![CDATA[2017-12-04 13:15:55 - [TEST_CASE][FAILED] - Test Cases/PrimoTours/WB Primo/WB Primo staging - place booking - Iteration 1: Test Cases/PrimoTours/WB Primo/WB Primo staging - place booking FAILED because (of) Unable to click on object 'Object Repository/PrimoTours/Old Objects/ThankYouPage/printTicketSpan' (Root cause: org.openqa.selenium.WebDriverException: unknown error: Element <span id="printTicketSpan" data-bind="text: tourpaq.bookingEngine.languageStaticResources.PrintReceipt">...</span> is not clickable at point (508, 319). Other element would receive the click: <div class="se-pre-con" id="booking-overlay" style="opacity: 0.00394265;"></div>
  (Session info: chrome=62.0.3202.94)
  (Driver info: chromedriver=2.33.506120 (e3e53437346286c0bc2d2dc9aa4915ba81d9023f),platform=Windows NT 6.3.9600 x86_64) (WARNING: The server did not provide any stacktrace information)
Command duration or timeout: 0 milliseconds
Build info: version: '3.7.1', revision: '8a0099a', time: '2017-11-06T21:07:36.161Z'
System info: host: 'NEACSUNEW-PC', ip: '10.10.10.211', os.name: 'Windows 8.1', os.arch: 'amd64', os.version: '6.3', java.version: '1.8.0_102'
Driver info: com.kms.katalon.selenium.driver.CChromeDriver
Capabilities {acceptSslCerts: true, applicationCacheEnabled: false, browserConnectionEnabled: false, browserName: chrome, chrome: {chromedriverVersion: 2.33.506120 (e3e53437346286..., userDataDir: C:\Users\Cornel\AppData\Loc...}, cssSelectorsEnabled: true, databaseEnabled: false, handlesAlerts: true, hasTouchScreen: false, javascriptEnabled: true, locationContextEnabled: true, mobileEmulationEnabled: false, nativeEvents: true, networkConnectionEnabled: false, pageLoadStrategy: normal, platform: XP, platformName: XP, rotatable: false, setWindowRect: true, takesHeapSnapshot: true, takesScreenshot: true, unexpectedAlertBehaviour: , unhandledPromptBehavior: , version: 62.0.3202.94, webStorageEnabled: true}
Session ID: 22259bd4203b41337bd74e7c43998777)]]></system-err>
      </testcase>
      <testcase name="Test Cases/PrimoTours/WB Primo/WB Primo staging - place booking - Iteration 2" classname="Test Cases/PrimoTours/WB Primo/WB Primo staging - place booking" status="FAILED">
         <failure type="FAILED" message="Test Cases/PrimoTours/WB Primo/WB Primo staging - place booking FAILED because (of) Unable to click on object 'Object Repository/PrimoTours/ConfirmationPage/placeBookingButton' (Root cause: org.openqa.selenium.WebDriverException: unknown error: Element &lt;a href=&quot;javascript:;&quot; class=&quot;btn btn-success col-xs-12 step defaultButton disabledElement&quot; data-validator=&quot;options&quot; data-loader=&quot;true&quot; id=&quot;placeBookingButton&quot; data-bind=&quot;css: tourpaq.bookingEngine.confirmation.nextStepButtonStyle&quot;>...&lt;/a> is not clickable at point (1337, 729). Other element would receive the click: &lt;div class=&quot;col-xs-12 col-md-4 col-md-offset-4 pull-right&quot;>...&lt;/div>
  (Session info: chrome=62.0.3202.94)
  (Driver info: chromedriver=2.33.506120 (e3e53437346286c0bc2d2dc9aa4915ba81d9023f),platform=Windows NT 6.3.9600 x86_64) (WARNING: The server did not provide any stacktrace information)
Command duration or timeout: 0 milliseconds
Build info: version: '3.7.1', revision: '8a0099a', time: '2017-11-06T21:07:36.161Z'
System info: host: 'NEACSUNEW-PC', ip: '10.10.10.211', os.name: 'Windows 8.1', os.arch: 'amd64', os.version: '6.3', java.version: '1.8.0_102'
Driver info: com.kms.katalon.selenium.driver.CChromeDriver
Capabilities {acceptSslCerts: true, applicationCacheEnabled: false, browserConnectionEnabled: false, browserName: chrome, chrome: {chromedriverVersion: 2.33.506120 (e3e53437346286..., userDataDir: C:\Users\Cornel\AppData\Loc...}, cssSelectorsEnabled: true, databaseEnabled: false, handlesAlerts: true, hasTouchScreen: false, javascriptEnabled: true, locationContextEnabled: true, mobileEmulationEnabled: false, nativeEvents: true, networkConnectionEnabled: false, pageLoadStrategy: normal, platform: XP, platformName: XP, rotatable: false, setWindowRect: true, takesHeapSnapshot: true, takesScreenshot: true, unexpectedAlertBehaviour: , unhandledPromptBehavior: , version: 62.0.3202.94, webStorageEnabled: true}
Session ID: 575b8a26419fc564b3ec141fc2e7d6f3)"/>
         <system-out><![CDATA[2017-12-04 13:16:30 - [TEST_CASE][FAILED] - Test Cases/PrimoTours/WB Primo/WB Primo staging - place booking - Iteration 2: Test Cases/PrimoTours/WB Primo/WB Primo staging - place booking FAILED because (of) Unable to click on object 'Object Repository/PrimoTours/ConfirmationPage/placeBookingButton' (Root cause: org.openqa.selenium.WebDriverException: unknown error: Element <a href="javascript:;" class="btn btn-success col-xs-12 step defaultButton disabledElement" data-validator="options" data-loader="true" id="placeBookingButton" data-bind="css: tourpaq.bookingEngine.confirmation.nextStepButtonStyle">...</a> is not clickable at point (1337, 729). Other element would receive the click: <div class="col-xs-12 col-md-4 col-md-offset-4 pull-right">...</div>
  (Session info: chrome=62.0.3202.94)
  (Driver info: chromedriver=2.33.506120 (e3e53437346286c0bc2d2dc9aa4915ba81d9023f),platform=Windows NT 6.3.9600 x86_64) (WARNING: The server did not provide any stacktrace information)
Command duration or timeout: 0 milliseconds
Build info: version: '3.7.1', revision: '8a0099a', time: '2017-11-06T21:07:36.161Z'
System info: host: 'NEACSUNEW-PC', ip: '10.10.10.211', os.name: 'Windows 8.1', os.arch: 'amd64', os.version: '6.3', java.version: '1.8.0_102'
Driver info: com.kms.katalon.selenium.driver.CChromeDriver
Capabilities {acceptSslCerts: true, applicationCacheEnabled: false, browserConnectionEnabled: false, browserName: chrome, chrome: {chromedriverVersion: 2.33.506120 (e3e53437346286..., userDataDir: C:\Users\Cornel\AppData\Loc...}, cssSelectorsEnabled: true, databaseEnabled: false, handlesAlerts: true, hasTouchScreen: false, javascriptEnabled: true, locationContextEnabled: true, mobileEmulationEnabled: false, nativeEvents: true, networkConnectionEnabled: false, pageLoadStrategy: normal, platform: XP, platformName: XP, rotatable: false, setWindowRect: true, takesHeapSnapshot: true, takesScreenshot: true, unexpectedAlertBehaviour: , unhandledPromptBehavior: , version: 62.0.3202.94, webStorageEnabled: true}
Session ID: 575b8a26419fc564b3ec141fc2e7d6f3)

2017-12-04 13:16:30 - [TEST_STEP][PASSED] - openBrowser: Browser is opened with url: ''

2017-12-04 13:16:30 - [MESSAGE][WARNING] - A browser is already opened. Closing browser and opening a new one

2017-12-04 13:16:33 - [MESSAGE][PASSED] - Browser is opened with url: ''

2017-12-04 13:16:33 - [TEST_STEP][PASSED] - maximizeWindow: Current window maximized

2017-12-04 13:16:34 - [MESSAGE][PASSED] - Current window maximized

2017-12-04 13:16:34 - [TEST_STEP][PASSED] - navigateToUrl: Navigate to 'https://staging-primotours-webbooking.tourpaq.com/DoBooking.aspx?pltaID=1480269&p=1&rno=1&pt=1&a=2&c=2&aa=&ca=1,5' successfully

2017-12-04 13:16:36 - [MESSAGE][PASSED] - Navigate to 'https://staging-primotours-webbooking.tourpaq.com/DoBooking.aspx?pltaID=1480269&p=1&rno=1&pt=1&a=2&c=2&aa=&ca=1,5' successfully

2017-12-04 13:16:36 - [TEST_STEP][PASSED] - Statement - excelInfo = ["fname":"", "lname":"", "pgender":"", "pday":"", "pmonth":"", "pyear":""]: null

2017-12-04 13:16:36 - [TEST_STEP][PASSED] - Statement - rawData = com.kms.katalon.core.testdata.TestDataFactory.findTestData("Data Files/WB_Primo/Passenger_details"): Reading excel file with source file 'D:\Software testing\Tourpaq\Automated Katalon tests\Primo WB test\Data Files\Primo_URLs_For_Automated_Test.xls' and sheet name 'Passenger Names'

2017-12-04 13:16:36 - [TEST_STEP][PASSED] - Statement - excelRowNo = rawData.getRowNumbers(): null

2017-12-04 13:16:36 - [TEST_STEP][PASSED] - Statement - randomPaxIndex = java.lang.Math.abs(new java.util.Random().nextInt() % excelRowNo) + 1: null

2017-12-04 13:16:36 - [TEST_STEP][PASSED] - Statement - fname = rawData.getValue("FirstName", randomPaxIndex): null

2017-12-04 13:16:36 - [TEST_STEP][PASSED] - Statement - lname = rawData.getValue("LastName", randomPaxIndex): null

2017-12-04 13:16:36 - [TEST_STEP][PASSED] - Statement - pgender = rawData.getValue("Gender", randomPaxIndex): null

2017-12-04 13:16:36 - [TEST_STEP][PASSED] - setText: Text 'Henriksen AUT' is set on object 'Object Repository/PrimoTours/Old Objects/Coco/PrimoT/Page_Primo Tours  Danmarks bedste c/input_firstName'

2017-12-04 13:16:37 - [MESSAGE][PASSED] - Text 'Henriksen AUT' is set on object 'Object Repository/PrimoTours/Old Objects/Coco/PrimoT/Page_Primo Tours  Danmarks bedste c/input_firstName'

2017-12-04 13:16:37 - [TEST_STEP][PASSED] - setText: Text 'Kenneth' is set on object 'Object Repository/PrimoTours/Old Objects/Coco/PrimoT/Page_Primo Tours  Danmarks bedste c/input_lastName'

2017-12-04 13:16:37 - [MESSAGE][PASSED] - Text 'Kenneth' is set on object 'Object Repository/PrimoTours/Old Objects/Coco/PrimoT/Page_Primo Tours  Danmarks bedste c/input_lastName'

2017-12-04 13:16:37 - [TEST_STEP][PASSED] - click: Object: 'Object Repository/PrimoTours/LandingPage/customerGender' is clicked on

2017-12-04 13:16:37 - [MESSAGE][PASSED] - Object: 'Object Repository/PrimoTours/LandingPage/customerGender' is clicked on

2017-12-04 13:16:37 - [TEST_STEP][PASSED] - setText: Text 'Home address' is set on object 'Object Repository/PrimoTours/Old Objects/Coco/PrimoT/Page_Primo Tours  Danmarks bedste c/input_customerAddress'

2017-12-04 13:16:37 - [MESSAGE][PASSED] - Text 'Home address' is set on object 'Object Repository/PrimoTours/Old Objects/Coco/PrimoT/Page_Primo Tours  Danmarks bedste c/input_customerAddress'

2017-12-04 13:16:37 - [TEST_STEP][PASSED] - setText: Text '6700' is set on object 'Object Repository/PrimoTours/Old Objects/Coco/PrimoT/Page_Primo Tours  Danmarks bedste c/input_customerPostcode'

2017-12-04 13:16:38 - [MESSAGE][PASSED] - Text '6700' is set on object 'Object Repository/PrimoTours/Old Objects/Coco/PrimoT/Page_Primo Tours  Danmarks bedste c/input_customerPostcode'

2017-12-04 13:16:38 - [TEST_STEP][PASSED] - setText: Text 'cornel.neacsu@roweb.ro' is set on object 'Object Repository/PrimoTours/Old Objects/Coco/PrimoT/Page_Primo Tours  Danmarks bedste c/input_customerEmail'

2017-12-04 13:16:38 - [MESSAGE][PASSED] - Text 'cornel.neacsu@roweb.ro' is set on object 'Object Repository/PrimoTours/Old Objects/Coco/PrimoT/Page_Primo Tours  Danmarks bedste c/input_customerEmail'

2017-12-04 13:16:38 - [TEST_STEP][PASSED] - setText: Text '12345678' is set on object 'Object Repository/PrimoTours/Old Objects/Coco/PrimoT/Page_Primo Tours  Danmarks bedste c/input_customerPhone'

2017-12-04 13:16:38 - [MESSAGE][PASSED] - Text '12345678' is set on object 'Object Repository/PrimoTours/Old Objects/Coco/PrimoT/Page_Primo Tours  Danmarks bedste c/input_customerPhone'

2017-12-04 13:16:38 - [TEST_STEP][PASSED] - waitForElementClickable: Object 'Object Repository/PrimoTours/Old Objects/Coco/PrimoT/Page_Primo Tours  Danmarks bedste c/input_firstname-0_1' is clickable

2017-12-04 13:16:39 - [MESSAGE][PASSED] - Object 'Object Repository/PrimoTours/Old Objects/Coco/PrimoT/Page_Primo Tours  Danmarks bedste c/input_firstname-0_1' is clickable

2017-12-04 13:16:39 - [TEST_STEP][PASSED] - Statement - driver = com.kms.katalon.core.webui.driver.DriverFactory.getWebDriver(): null

2017-12-04 13:16:39 - [TEST_STEP][PASSED] - Statement - roomContainerXpath = "id("roomAndStaticOptionsContainer")/div[@class="row"]/div[@class="col-md-12 roomContainer"]": null

2017-12-04 13:16:39 - [TEST_STEP][PASSED] - Statement - roomsCount = driver.findElements(org.openqa.selenium.By.xpath(roomContainerXpath)).size(): null

2017-12-04 13:16:39 - [TEST_STEP][PASSED] - Statement - println("roomsCount=" + roomsCount): null

2017-12-04 13:16:39 - [TEST_STEP][PASSED] - Statement - For ([i = 1, i <= roomsCount, (i++)]): Object: 'Object Repository/PrimoTours/LandingPage/secondPaxFirstNameField' is clicked on

2017-12-04 13:16:39 - [TEST_STEP][PASSED] - Statement - paxInRoomXpath = "id("passengersContainer_" + i - 1 + "")/div[@class="col-md-12"]/div[@class="row"]": null

2017-12-04 13:16:39 - [TEST_STEP][PASSED] - Statement - println("paxInRoomXpath=" + paxInRoomXpath): null

2017-12-04 13:16:39 - [TEST_STEP][PASSED] - Statement - paxInRoomCount = driver.findElements(org.openqa.selenium.By.xpath(paxInRoomXpath)).size(): null

2017-12-04 13:16:39 - [TEST_STEP][PASSED] - Statement - println("paxInRoomCount=" + paxInRoomCount): null

2017-12-04 13:16:39 - [TEST_STEP][PASSED] - Statement - For ([j = 1, j <= paxInRoomCount, (j++)]): Object: 'Object Repository/PrimoTours/LandingPage/secondPaxFirstNameField' is clicked on

2017-12-04 13:16:39 - [TEST_STEP][PASSED] - Statement - If (i == 1 & j == 1): null

2017-12-04 13:16:39 - [TEST_STEP][PASSED] - Statement - <not implemented yet for class: org.codehaus.groovy.ast.stmt.ContinueStatement>: null

2017-12-04 13:16:39 - [TEST_STEP][PASSED] - Statement - If (i == 1 & j == 1): null

2017-12-04 13:16:39 - [TEST_STEP][PASSED] - Statement - randomPaxIndex = java.lang.Math.abs(new java.util.Random().nextInt() % excelRowNo) + 1: null

2017-12-04 13:16:39 - [TEST_STEP][PASSED] - Statement - fname = rawData.getValue("FirstName", randomPaxIndex) + " AUT": null

2017-12-04 13:16:39 - [TEST_STEP][PASSED] - Statement - lname = rawData.getValue("LastName", randomPaxIndex): null

2017-12-04 13:16:39 - [TEST_STEP][PASSED] - Statement - pgender = rawData.getValue("Gender", randomPaxIndex): null

2017-12-04 13:16:39 - [TEST_STEP][PASSED] - Statement - pday = rawData.getValue("Day DOB", randomPaxIndex): null

2017-12-04 13:16:39 - [TEST_STEP][PASSED] - Statement - pmonth = rawData.getValue("Month DOB", randomPaxIndex): null

2017-12-04 13:16:39 - [TEST_STEP][PASSED] - Statement - pyear = rawData.getValue("Year DOB", randomPaxIndex): null

2017-12-04 13:16:39 - [TEST_STEP][PASSED] - Statement - paxDetailFields = paxInRoomXpath + "[" + j + "]/div[@class="col-md-x col-md-9"]/div[@class="row paxContainer"][1]/div[contains(@class,"paxAttribute")]": null

2017-12-04 13:16:39 - [TEST_STEP][PASSED] - Statement - xpathval = paxDetailFields + "[1]/div[contains(@class,"form-group")]/input[contains(@class,"paxFirstName")]": null

2017-12-04 13:16:39 - [TEST_STEP][PASSED] - Statement - println("fn: " + xpathval): null

2017-12-04 13:16:39 - [TEST_STEP][PASSED] - Statement - repObj = com.kms.katalon.core.testobject.ObjectRepository.findTestObject(Object Repository/PrimoTours/LandingPage/secondPaxFirstNameField): Finding Test Object with id 'Object Repository/PrimoTours/LandingPage/secondPaxFirstNameField'

2017-12-04 13:16:39 - [TEST_STEP][PASSED] - Statement - repObj.findProperty("xpath").setValue(xpathval): null

2017-12-04 13:16:39 - [TEST_STEP][PASSED] - setText: Text 'Hansen AUT' is set on object 'Object Repository/PrimoTours/LandingPage/secondPaxFirstNameField'

2017-12-04 13:16:40 - [MESSAGE][PASSED] - Text 'Hansen AUT' is set on object 'Object Repository/PrimoTours/LandingPage/secondPaxFirstNameField'

2017-12-04 13:16:40 - [TEST_STEP][PASSED] - Statement - xpathval = paxDetailFields + "[2]/div[contains(@class,"form-group")]/input[contains(@class,"paxLastName")]": null

2017-12-04 13:16:40 - [TEST_STEP][PASSED] - Statement - println("ln: " + xpathval): null

2017-12-04 13:16:40 - [TEST_STEP][PASSED] - Statement - repObj = com.kms.katalon.core.testobject.ObjectRepository.findTestObject(Object Repository/PrimoTours/LandingPage/secondPaxFirstNameField): Finding Test Object with id 'Object Repository/PrimoTours/LandingPage/secondPaxFirstNameField'

2017-12-04 13:16:40 - [TEST_STEP][PASSED] - Statement - repObj.findProperty("xpath").setValue(xpathval): null

2017-12-04 13:16:40 - [TEST_STEP][PASSED] - setText: Text 'Lene' is set on object 'Object Repository/PrimoTours/LandingPage/secondPaxFirstNameField'

2017-12-04 13:16:40 - [MESSAGE][PASSED] - Text 'Lene' is set on object 'Object Repository/PrimoTours/LandingPage/secondPaxFirstNameField'

2017-12-04 13:16:40 - [TEST_STEP][PASSED] - Statement - repObj = com.kms.katalon.core.testobject.ObjectRepository.findTestObject(Object Repository/PrimoTours/LandingPage/secondPaxFirstNameField): Finding Test Object with id 'Object Repository/PrimoTours/LandingPage/secondPaxFirstNameField'

2017-12-04 13:16:40 - [TEST_STEP][PASSED] - Statement - xpathval = paxDetailFields + "[3]/div[contains(@class,"paxGenderSelectorContainer")]/span[contains(@class,"select2 select2-container")]/span[contains(@class,"selection")]/span[contains(@class,"select2-selection")]": null

2017-12-04 13:16:40 - [TEST_STEP][PASSED] - Statement - println("gender: " + xpathval): null

2017-12-04 13:16:40 - [TEST_STEP][PASSED] - Statement - repObj.findProperty("xpath").setValue(xpathval): null

2017-12-04 13:16:40 - [TEST_STEP][PASSED] - click: Object: 'Object Repository/PrimoTours/LandingPage/secondPaxFirstNameField' is clicked on

2017-12-04 13:16:40 - [MESSAGE][PASSED] - Object: 'Object Repository/PrimoTours/LandingPage/secondPaxFirstNameField' is clicked on

2017-12-04 13:16:40 - [TEST_STEP][PASSED] - Statement - If (i == 1 & j == 1): null

2017-12-04 13:16:40 - [TEST_STEP][PASSED] - Statement - randomPaxIndex = java.lang.Math.abs(new java.util.Random().nextInt() % excelRowNo) + 1: null

2017-12-04 13:16:40 - [TEST_STEP][PASSED] - Statement - fname = rawData.getValue("FirstName", randomPaxIndex) + " AUT": null

2017-12-04 13:16:40 - [TEST_STEP][PASSED] - Statement - lname = rawData.getValue("LastName", randomPaxIndex): null

2017-12-04 13:16:40 - [TEST_STEP][PASSED] - Statement - pgender = rawData.getValue("Gender", randomPaxIndex): null

2017-12-04 13:16:40 - [TEST_STEP][PASSED] - Statement - pday = rawData.getValue("Day DOB", randomPaxIndex): null

2017-12-04 13:16:40 - [TEST_STEP][PASSED] - Statement - pmonth = rawData.getValue("Month DOB", randomPaxIndex): null

2017-12-04 13:16:40 - [TEST_STEP][PASSED] - Statement - pyear = rawData.getValue("Year DOB", randomPaxIndex): null

2017-12-04 13:16:40 - [TEST_STEP][PASSED] - Statement - paxDetailFields = paxInRoomXpath + "[" + j + "]/div[@class="col-md-x col-md-9"]/div[@class="row paxContainer"][1]/div[contains(@class,"paxAttribute")]": null

2017-12-04 13:16:40 - [TEST_STEP][PASSED] - Statement - xpathval = paxDetailFields + "[1]/div[contains(@class,"form-group")]/input[contains(@class,"paxFirstName")]": null

2017-12-04 13:16:40 - [TEST_STEP][PASSED] - Statement - println("fn: " + xpathval): null

2017-12-04 13:16:40 - [TEST_STEP][PASSED] - Statement - repObj = com.kms.katalon.core.testobject.ObjectRepository.findTestObject(Object Repository/PrimoTours/LandingPage/secondPaxFirstNameField): Finding Test Object with id 'Object Repository/PrimoTours/LandingPage/secondPaxFirstNameField'

2017-12-04 13:16:40 - [TEST_STEP][PASSED] - Statement - repObj.findProperty("xpath").setValue(xpathval): null

2017-12-04 13:16:40 - [TEST_STEP][PASSED] - setText: Text 'Nørgaard AUT' is set on object 'Object Repository/PrimoTours/LandingPage/secondPaxFirstNameField'

2017-12-04 13:16:40 - [MESSAGE][PASSED] - Text 'Nørgaard AUT' is set on object 'Object Repository/PrimoTours/LandingPage/secondPaxFirstNameField'

2017-12-04 13:16:40 - [TEST_STEP][PASSED] - Statement - xpathval = paxDetailFields + "[2]/div[contains(@class,"form-group")]/input[contains(@class,"paxLastName")]": null

2017-12-04 13:16:40 - [TEST_STEP][PASSED] - Statement - println("ln: " + xpathval): null

2017-12-04 13:16:40 - [TEST_STEP][PASSED] - Statement - repObj = com.kms.katalon.core.testobject.ObjectRepository.findTestObject(Object Repository/PrimoTours/LandingPage/secondPaxFirstNameField): Finding Test Object with id 'Object Repository/PrimoTours/LandingPage/secondPaxFirstNameField'

2017-12-04 13:16:40 - [TEST_STEP][PASSED] - Statement - repObj.findProperty("xpath").setValue(xpathval): null

2017-12-04 13:16:40 - [TEST_STEP][PASSED] - setText: Text 'Svend Åge' is set on object 'Object Repository/PrimoTours/LandingPage/secondPaxFirstNameField'

2017-12-04 13:16:40 - [MESSAGE][PASSED] - Text 'Svend Åge' is set on object 'Object Repository/PrimoTours/LandingPage/secondPaxFirstNameField'

2017-12-04 13:16:40 - [TEST_STEP][PASSED] - Statement - repObj = com.kms.katalon.core.testobject.ObjectRepository.findTestObject(Object Repository/PrimoTours/LandingPage/secondPaxFirstNameField): Finding Test Object with id 'Object Repository/PrimoTours/LandingPage/secondPaxFirstNameField'

2017-12-04 13:16:40 - [TEST_STEP][PASSED] - Statement - xpathval = paxDetailFields + "[3]/div[contains(@class,"paxGenderSelectorContainer")]/span[contains(@class,"select2 select2-container")]/span[contains(@class,"selection")]/span[contains(@class,"select2-selection")]": null

2017-12-04 13:16:40 - [TEST_STEP][PASSED] - Statement - println("gender: " + xpathval): null

2017-12-04 13:16:40 - [TEST_STEP][PASSED] - Statement - repObj.findProperty("xpath").setValue(xpathval): null

2017-12-04 13:16:40 - [TEST_STEP][PASSED] - click: Unable to click on object 'Object Repository/PrimoTours/LandingPage/secondPaxFirstNameField' (Root cause: org.openqa.selenium.WebDriverException: unknown error: Element <span class="select2-selection select2-selection--single" role="combobox" aria-haspopup="true" aria-expanded="false" tabindex="0" aria-labelledby="select2-gender-0_2-fz-container">...</span> is not clickable at point (1168, 747). Other element would receive the click: <li class="select2-results__option" id="select2-gender-0_1-y9-result-caas-MS" role="treeitem" aria-selected="false">...</li>
  (Session info: chrome=62.0.3202.94)
  (Driver info: chromedriver=2.33.506120 (e3e53437346286c0bc2d2dc9aa4915ba81d9023f),platform=Windows NT 6.3.9600 x86_64) (WARNING: The server did not provide any stacktrace information)
Command duration or timeout: 0 milliseconds
Build info: version: '3.7.1', revision: '8a0099a', time: '2017-11-06T21:07:36.161Z'
System info: host: 'NEACSUNEW-PC', ip: '10.10.10.211', os.name: 'Windows 8.1', os.arch: 'amd64', os.version: '6.3', java.version: '1.8.0_102'
Driver info: com.kms.katalon.selenium.driver.CChromeDriver
Capabilities {acceptSslCerts: true, applicationCacheEnabled: false, browserConnectionEnabled: false, browserName: chrome, chrome: {chromedriverVersion: 2.33.506120 (e3e53437346286..., userDataDir: C:\Users\Cornel\AppData\Loc...}, cssSelectorsEnabled: true, databaseEnabled: false, handlesAlerts: true, hasTouchScreen: false, javascriptEnabled: true, locationContextEnabled: true, mobileEmulationEnabled: false, nativeEvents: true, networkConnectionEnabled: false, pageLoadStrategy: normal, platform: XP, platformName: XP, rotatable: false, setWindowRect: true, takesHeapSnapshot: true, takesScreenshot: true, unexpectedAlertBehaviour: , unhandledPromptBehavior: , version: 62.0.3202.94, webStorageEnabled: true}
Session ID: 575b8a26419fc564b3ec141fc2e7d6f3)

2017-12-04 13:16:41 - [MESSAGE][WARNING] - Unable to click on object 'Object Repository/PrimoTours/LandingPage/secondPaxFirstNameField' (Root cause: org.openqa.selenium.WebDriverException: unknown error: Element <span class="select2-selection select2-selection--single" role="combobox" aria-haspopup="true" aria-expanded="false" tabindex="0" aria-labelledby="select2-gender-0_2-fz-container">...</span> is not clickable at point (1168, 747). Other element would receive the click: <li class="select2-results__option" id="select2-gender-0_1-y9-result-caas-MS" role="treeitem" aria-selected="false">...</li>
  (Session info: chrome=62.0.3202.94)
  (Driver info: chromedriver=2.33.506120 (e3e53437346286c0bc2d2dc9aa4915ba81d9023f),platform=Windows NT 6.3.9600 x86_64) (WARNING: The server did not provide any stacktrace information)
Command duration or timeout: 0 milliseconds
Build info: version: '3.7.1', revision: '8a0099a', time: '2017-11-06T21:07:36.161Z'
System info: host: 'NEACSUNEW-PC', ip: '10.10.10.211', os.name: 'Windows 8.1', os.arch: 'amd64', os.version: '6.3', java.version: '1.8.0_102'
Driver info: com.kms.katalon.selenium.driver.CChromeDriver
Capabilities {acceptSslCerts: true, applicationCacheEnabled: false, browserConnectionEnabled: false, browserName: chrome, chrome: {chromedriverVersion: 2.33.506120 (e3e53437346286..., userDataDir: C:\Users\Cornel\AppData\Loc...}, cssSelectorsEnabled: true, databaseEnabled: false, handlesAlerts: true, hasTouchScreen: false, javascriptEnabled: true, locationContextEnabled: true, mobileEmulationEnabled: false, nativeEvents: true, networkConnectionEnabled: false, pageLoadStrategy: normal, platform: XP, platformName: XP, rotatable: false, setWindowRect: true, takesHeapSnapshot: true, takesScreenshot: true, unexpectedAlertBehaviour: , unhandledPromptBehavior: , version: 62.0.3202.94, webStorageEnabled: true}
Session ID: 575b8a26419fc564b3ec141fc2e7d6f3)
[[ATTACHMENT|D:\\Software testing\\Tourpaq\\Automated Katalon tests\\Primo WB test\\Reports\\WB Primo From Excel URLs\\20171204_131551\\1512386201035.png]]

2017-12-04 13:16:41 - [TEST_STEP][PASSED] - Statement - If (i == 1 & j == 1): null

2017-12-04 13:16:41 - [TEST_STEP][PASSED] - Statement - randomPaxIndex = java.lang.Math.abs(new java.util.Random().nextInt() % excelRowNo) + 1: null

2017-12-04 13:16:41 - [TEST_STEP][PASSED] - Statement - fname = rawData.getValue("FirstName", randomPaxIndex) + " AUT": null

2017-12-04 13:16:41 - [TEST_STEP][PASSED] - Statement - lname = rawData.getValue("LastName", randomPaxIndex): null

2017-12-04 13:16:41 - [TEST_STEP][PASSED] - Statement - pgender = rawData.getValue("Gender", randomPaxIndex): null

2017-12-04 13:16:41 - [TEST_STEP][PASSED] - Statement - pday = rawData.getValue("Day DOB", randomPaxIndex): null

2017-12-04 13:16:41 - [TEST_STEP][PASSED] - Statement - pmonth = rawData.getValue("Month DOB", randomPaxIndex): null

2017-12-04 13:16:41 - [TEST_STEP][PASSED] - Statement - pyear = rawData.getValue("Year DOB", randomPaxIndex): null

2017-12-04 13:16:41 - [TEST_STEP][PASSED] - Statement - paxDetailFields = paxInRoomXpath + "[" + j + "]/div[@class="col-md-x col-md-9"]/div[@class="row paxContainer"][1]/div[contains(@class,"paxAttribute")]": null

2017-12-04 13:16:41 - [TEST_STEP][PASSED] - Statement - xpathval = paxDetailFields + "[1]/div[contains(@class,"form-group")]/input[contains(@class,"paxFirstName")]": null

2017-12-04 13:16:41 - [TEST_STEP][PASSED] - Statement - println("fn: " + xpathval): null

2017-12-04 13:16:41 - [TEST_STEP][PASSED] - Statement - repObj = com.kms.katalon.core.testobject.ObjectRepository.findTestObject(Object Repository/PrimoTours/LandingPage/secondPaxFirstNameField): Finding Test Object with id 'Object Repository/PrimoTours/LandingPage/secondPaxFirstNameField'

2017-12-04 13:16:41 - [TEST_STEP][PASSED] - Statement - repObj.findProperty("xpath").setValue(xpathval): null

2017-12-04 13:16:41 - [TEST_STEP][PASSED] - setText: Text 'Linnebjerg AUT' is set on object 'Object Repository/PrimoTours/LandingPage/secondPaxFirstNameField'

2017-12-04 13:16:41 - [MESSAGE][PASSED] - Text 'Linnebjerg AUT' is set on object 'Object Repository/PrimoTours/LandingPage/secondPaxFirstNameField'

2017-12-04 13:16:41 - [TEST_STEP][PASSED] - Statement - xpathval = paxDetailFields + "[2]/div[contains(@class,"form-group")]/input[contains(@class,"paxLastName")]": null

2017-12-04 13:16:41 - [TEST_STEP][PASSED] - Statement - println("ln: " + xpathval): null

2017-12-04 13:16:41 - [TEST_STEP][PASSED] - Statement - repObj = com.kms.katalon.core.testobject.ObjectRepository.findTestObject(Object Repository/PrimoTours/LandingPage/secondPaxFirstNameField): Finding Test Object with id 'Object Repository/PrimoTours/LandingPage/secondPaxFirstNameField'

2017-12-04 13:16:41 - [TEST_STEP][PASSED] - Statement - repObj.findProperty("xpath").setValue(xpathval): null

2017-12-04 13:16:41 - [TEST_STEP][PASSED] - setText: Text 'Frederikke Borup' is set on object 'Object Repository/PrimoTours/LandingPage/secondPaxFirstNameField'

2017-12-04 13:16:42 - [MESSAGE][PASSED] - Text 'Frederikke Borup' is set on object 'Object Repository/PrimoTours/LandingPage/secondPaxFirstNameField'

2017-12-04 13:16:42 - [TEST_STEP][PASSED] - Statement - repObj = com.kms.katalon.core.testobject.ObjectRepository.findTestObject(Object Repository/PrimoTours/LandingPage/secondPaxFirstNameField): Finding Test Object with id 'Object Repository/PrimoTours/LandingPage/secondPaxFirstNameField'

2017-12-04 13:16:42 - [TEST_STEP][PASSED] - Statement - xpathval = paxDetailFields + "[3]/div[contains(@class,"paxGenderSelectorContainer")]/span[contains(@class,"select2 select2-container")]/span[contains(@class,"selection")]/span[contains(@class,"select2-selection")]": null

2017-12-04 13:16:42 - [TEST_STEP][PASSED] - Statement - println("gender: " + xpathval): null

2017-12-04 13:16:42 - [TEST_STEP][PASSED] - Statement - repObj.findProperty("xpath").setValue(xpathval): null

2017-12-04 13:16:42 - [TEST_STEP][PASSED] - click: Object: 'Object Repository/PrimoTours/LandingPage/secondPaxFirstNameField' is clicked on

2017-12-04 13:16:42 - [MESSAGE][PASSED] - Object: 'Object Repository/PrimoTours/LandingPage/secondPaxFirstNameField' is clicked on

2017-12-04 13:16:42 - [TEST_STEP][PASSED] - scrollToElement: Scroll to object 'Object Repository/PrimoTours/Old Objects/Coco (1)/PrimoT/SaveBooking2/Success/bookingTotalValue' successfully

2017-12-04 13:16:42 - [MESSAGE][PASSED] - Scroll to object 'Object Repository/PrimoTours/Old Objects/Coco (1)/PrimoT/SaveBooking2/Success/bookingTotalValue' successfully

2017-12-04 13:16:42 - [TEST_STEP][PASSED] - click: Object: 'Object Repository/PrimoTours/Old Objects/Coco (1)/PrimoT/SaveBooking2/Success/bookingTotalValue' is clicked on

2017-12-04 13:16:42 - [MESSAGE][PASSED] - Object: 'Object Repository/PrimoTours/Old Objects/Coco (1)/PrimoT/SaveBooking2/Success/bookingTotalValue' is clicked on

2017-12-04 13:16:42 - [TEST_STEP][PASSED] - scrollToElement: Scroll to object 'Object Repository/PrimoTours/Old Objects/Coco (1)/PrimoT/SaveBooking2/Success/Page_Primo Tours  Danmarks bedste c/nextButtonOnLandingPage' successfully

2017-12-04 13:16:42 - [MESSAGE][PASSED] - Scroll to object 'Object Repository/PrimoTours/Old Objects/Coco (1)/PrimoT/SaveBooking2/Success/Page_Primo Tours  Danmarks bedste c/nextButtonOnLandingPage' successfully

2017-12-04 13:16:42 - [TEST_STEP][PASSED] - waitForElementClickable: Object 'Object Repository/PrimoTours/Old Objects/Coco (1)/PrimoT/SaveBooking2/Success/Page_Primo Tours  Danmarks bedste c/nextButtonOnLandingPage' is clickable

2017-12-04 13:16:42 - [MESSAGE][PASSED] - Object 'Object Repository/PrimoTours/Old Objects/Coco (1)/PrimoT/SaveBooking2/Success/Page_Primo Tours  Danmarks bedste c/nextButtonOnLandingPage' is clickable

2017-12-04 13:16:42 - [TEST_STEP][PASSED] - waitForElementVisible: Object 'Object Repository/PrimoTours/Old Objects/Coco (1)/PrimoT/SaveBooking2/Success/Page_Primo Tours  Danmarks bedste c/nextButtonOnLandingPage' is visible

2017-12-04 13:16:42 - [MESSAGE][PASSED] - Object 'Object Repository/PrimoTours/Old Objects/Coco (1)/PrimoT/SaveBooking2/Success/Page_Primo Tours  Danmarks bedste c/nextButtonOnLandingPage' is visible

2017-12-04 13:16:42 - [TEST_STEP][PASSED] - scrollToElement: Scroll to object 'Object Repository/PrimoTours/Old Objects/Coco (1)/PrimoT/SaveBooking2/Success/Page_Primo Tours  Danmarks bedste c/nextButtonOnLandingPage' successfully

2017-12-04 13:16:42 - [MESSAGE][PASSED] - Scroll to object 'Object Repository/PrimoTours/Old Objects/Coco (1)/PrimoT/SaveBooking2/Success/Page_Primo Tours  Danmarks bedste c/nextButtonOnLandingPage' successfully

2017-12-04 13:16:42 - [TEST_STEP][PASSED] - click: Object: 'Object Repository/PrimoTours/Old Objects/Coco (1)/PrimoT/SaveBooking2/Success/Page_Primo Tours  Danmarks bedste c/nextButtonOnLandingPage' is clicked on

2017-12-04 13:16:42 - [MESSAGE][PASSED] - Object: 'Object Repository/PrimoTours/Old Objects/Coco (1)/PrimoT/SaveBooking2/Success/Page_Primo Tours  Danmarks bedste c/nextButtonOnLandingPage' is clicked on

2017-12-04 13:16:42 - [TEST_STEP][PASSED] - delay: Delayed 3 second(s)

2017-12-04 13:16:45 - [MESSAGE][PASSED] - Delayed 3 second(s)

2017-12-04 13:16:45 - [TEST_STEP][PASSED] - waitForElementNotVisible: Object 'Object Repository/PrimoTours/Old Objects/CCenter/pageLoaderOverlayLayer' is NOT visible

2017-12-04 13:16:45 - [MESSAGE][PASSED] - Object 'Object Repository/PrimoTours/Old Objects/CCenter/pageLoaderOverlayLayer' is NOT visible

2017-12-04 13:16:45 - [TEST_STEP][PASSED] - scrollToElement: Scroll to object 'Object Repository/PrimoTours/Old Objects/Coco/PrimoT/Ins2/Page_Primo Tours  Danmarks bedste c/travelInsuranceFirstPaxSelector' successfully

2017-12-04 13:16:45 - [MESSAGE][PASSED] - Scroll to object 'Object Repository/PrimoTours/Old Objects/Coco/PrimoT/Ins2/Page_Primo Tours  Danmarks bedste c/travelInsuranceFirstPaxSelector' successfully

2017-12-04 13:16:45 - [TEST_STEP][PASSED] - waitForElementPresent: Object 'Object Repository/PrimoTours/Old Objects/Coco/PrimoT/Ins2/Page_Primo Tours  Danmarks bedste c/travelInsuranceFirstPaxSelector' is present

2017-12-04 13:16:45 - [MESSAGE][PASSED] - Object 'Object Repository/PrimoTours/Old Objects/Coco/PrimoT/Ins2/Page_Primo Tours  Danmarks bedste c/travelInsuranceFirstPaxSelector' is present

2017-12-04 13:16:45 - [TEST_STEP][PASSED] - waitForElementVisible: Object 'Object Repository/PrimoTours/Old Objects/Coco/PrimoT/Ins2/Page_Primo Tours  Danmarks bedste c/travelInsuranceFirstPaxSelector' is visible

2017-12-04 13:16:45 - [MESSAGE][PASSED] - Object 'Object Repository/PrimoTours/Old Objects/Coco/PrimoT/Ins2/Page_Primo Tours  Danmarks bedste c/travelInsuranceFirstPaxSelector' is visible

2017-12-04 13:16:45 - [TEST_STEP][PASSED] - waitForElementClickable: Object 'Object Repository/PrimoTours/Old Objects/Coco/PrimoT/Ins2/Page_Primo Tours  Danmarks bedste c/travelInsuranceFirstPaxSelector' is clickable

2017-12-04 13:16:45 - [MESSAGE][PASSED] - Object 'Object Repository/PrimoTours/Old Objects/Coco/PrimoT/Ins2/Page_Primo Tours  Danmarks bedste c/travelInsuranceFirstPaxSelector' is clickable

2017-12-04 13:16:45 - [TEST_STEP][PASSED] - click: Object: 'Object Repository/PrimoTours/Old Objects/Coco/PrimoT/Ins2/Page_Primo Tours  Danmarks bedste c/travelInsuranceFirstPaxSelector' is clicked on

2017-12-04 13:16:45 - [MESSAGE][PASSED] - Object: 'Object Repository/PrimoTours/Old Objects/Coco/PrimoT/Ins2/Page_Primo Tours  Danmarks bedste c/travelInsuranceFirstPaxSelector' is clicked on

2017-12-04 13:16:45 - [TEST_STEP][PASSED] - Statement - Try: Object: 'Object Repository/PrimoTours/Old Objects/Coco/PrimoT/Ins2/Page_Primo Tours  Danmarks bedste c/firstTravelInsuranceOption' is clicked on

2017-12-04 13:16:45 - [TEST_STEP][PASSED] - click: Object: 'Object Repository/PrimoTours/Old Objects/Coco/PrimoT/Ins2/Page_Primo Tours  Danmarks bedste c/firstTravelInsuranceOption' is clicked on

2017-12-04 13:16:46 - [MESSAGE][PASSED] - Object: 'Object Repository/PrimoTours/Old Objects/Coco/PrimoT/Ins2/Page_Primo Tours  Danmarks bedste c/firstTravelInsuranceOption' is clicked on

2017-12-04 13:16:46 - [TEST_STEP][NOT_RUN] - click: NOT_RUN: click

2017-12-04 13:16:46 - [MESSAGE][NOT_RUN] - NOT_RUN: click

2017-12-04 13:16:46 - [TEST_STEP][NOT_RUN] - scrollToElement: NOT_RUN: scrollToElement

2017-12-04 13:16:46 - [MESSAGE][NOT_RUN] - NOT_RUN: scrollToElement

2017-12-04 13:16:46 - [TEST_STEP][NOT_RUN] - click: NOT_RUN: click

2017-12-04 13:16:46 - [MESSAGE][NOT_RUN] - NOT_RUN: click

2017-12-04 13:16:46 - [TEST_STEP][PASSED] - waitForElementVisible: Object 'Object Repository/PrimoTours/Old Objects/Coco (1)/PrimoT/SaveBooking2/Page_Primo Tours  Danmarks bedste c/individualInsuranceCheckbox' is visible

2017-12-04 13:16:46 - [MESSAGE][PASSED] - Object 'Object Repository/PrimoTours/Old Objects/Coco (1)/PrimoT/SaveBooking2/Page_Primo Tours  Danmarks bedste c/individualInsuranceCheckbox' is visible

2017-12-04 13:16:46 - [TEST_STEP][PASSED] - scrollToElement: Scroll to object 'Object Repository/PrimoTours/Old Objects/Coco (1)/PrimoT/SaveBooking2/Page_Primo Tours  Danmarks bedste c/individualInsuranceCheckbox' successfully

2017-12-04 13:16:46 - [MESSAGE][PASSED] - Scroll to object 'Object Repository/PrimoTours/Old Objects/Coco (1)/PrimoT/SaveBooking2/Page_Primo Tours  Danmarks bedste c/individualInsuranceCheckbox' successfully

2017-12-04 13:16:46 - [TEST_STEP][PASSED] - click: Object: 'Object Repository/PrimoTours/Old Objects/Coco (1)/PrimoT/SaveBooking2/Page_Primo Tours  Danmarks bedste c/individualInsuranceCheckbox' is clicked on

2017-12-04 13:16:46 - [MESSAGE][PASSED] - Object: 'Object Repository/PrimoTours/Old Objects/Coco (1)/PrimoT/SaveBooking2/Page_Primo Tours  Danmarks bedste c/individualInsuranceCheckbox' is clicked on

2017-12-04 13:16:46 - [TEST_STEP][PASSED] - scrollToElement: Scroll to object 'Object Repository/PrimoTours/Old Objects/Coco (1)/PrimoT/SaveBooking2/Success/firstProdCategIndividualSelectionRadioB' successfully

2017-12-04 13:16:46 - [MESSAGE][PASSED] - Scroll to object 'Object Repository/PrimoTours/Old Objects/Coco (1)/PrimoT/SaveBooking2/Success/firstProdCategIndividualSelectionRadioB' successfully

2017-12-04 13:16:46 - [TEST_STEP][PASSED] - waitForElementClickable: Object 'Object Repository/PrimoTours/Old Objects/Coco (1)/PrimoT/SaveBooking2/Success/firstProdCategIndividualSelectionRadioB' is clickable

2017-12-04 13:16:46 - [MESSAGE][PASSED] - Object 'Object Repository/PrimoTours/Old Objects/Coco (1)/PrimoT/SaveBooking2/Success/firstProdCategIndividualSelectionRadioB' is clickable

2017-12-04 13:16:46 - [TEST_STEP][PASSED] - scrollToElement: Scroll to object 'Object Repository/PrimoTours/Old Objects/Coco (1)/PrimoT/SaveBooking2/Success/firstProdCategIndividualSelectionRadioB' successfully

2017-12-04 13:16:46 - [MESSAGE][PASSED] - Scroll to object 'Object Repository/PrimoTours/Old Objects/Coco (1)/PrimoT/SaveBooking2/Success/firstProdCategIndividualSelectionRadioB' successfully

2017-12-04 13:16:46 - [TEST_STEP][PASSED] - click: Object: 'Object Repository/PrimoTours/Old Objects/Coco (1)/PrimoT/SaveBooking2/Success/firstProdCategIndividualSelectionRadioB' is clicked on

2017-12-04 13:16:46 - [MESSAGE][PASSED] - Object: 'Object Repository/PrimoTours/Old Objects/Coco (1)/PrimoT/SaveBooking2/Success/firstProdCategIndividualSelectionRadioB' is clicked on

2017-12-04 13:16:46 - [TEST_STEP][PASSED] - scrollToElement: Scroll to object 'Object Repository/PrimoTours/Old Objects/Coco (1)/PrimoT/SaveBooking2/Success/firstProdCategSelectForAllPaxCheckbox' successfully

2017-12-04 13:16:46 - [MESSAGE][PASSED] - Scroll to object 'Object Repository/PrimoTours/Old Objects/Coco (1)/PrimoT/SaveBooking2/Success/firstProdCategSelectForAllPaxCheckbox' successfully

2017-12-04 13:16:46 - [TEST_STEP][PASSED] - waitForElementClickable: Object 'Object Repository/PrimoTours/Old Objects/Coco (1)/PrimoT/SaveBooking2/Success/firstProdCategSelectForAllPaxCheckbox' is clickable

2017-12-04 13:16:46 - [MESSAGE][PASSED] - Object 'Object Repository/PrimoTours/Old Objects/Coco (1)/PrimoT/SaveBooking2/Success/firstProdCategSelectForAllPaxCheckbox' is clickable

2017-12-04 13:16:46 - [TEST_STEP][PASSED] - click: Object: 'Object Repository/PrimoTours/Old Objects/Coco (1)/PrimoT/SaveBooking2/Success/firstProdCategSelectForAllPaxCheckbox' is clicked on

2017-12-04 13:16:47 - [MESSAGE][PASSED] - Object: 'Object Repository/PrimoTours/Old Objects/Coco (1)/PrimoT/SaveBooking2/Success/firstProdCategSelectForAllPaxCheckbox' is clicked on

2017-12-04 13:16:47 - [TEST_STEP][NOT_RUN] - scrollToElement: NOT_RUN: scrollToElement

2017-12-04 13:16:47 - [MESSAGE][NOT_RUN] - NOT_RUN: scrollToElement

2017-12-04 13:16:47 - [TEST_STEP][NOT_RUN] - scrollToElement: NOT_RUN: scrollToElement

2017-12-04 13:16:47 - [MESSAGE][NOT_RUN] - NOT_RUN: scrollToElement

2017-12-04 13:16:47 - [TEST_STEP][NOT_RUN] - click: NOT_RUN: click

2017-12-04 13:16:47 - [MESSAGE][NOT_RUN] - NOT_RUN: click

2017-12-04 13:16:47 - [TEST_STEP][PASSED] - scrollToElement: Scroll to object 'Object Repository/PrimoTours/ConfirmationPage/agreeTermsAndCondCheckbox' successfully

2017-12-04 13:16:47 - [MESSAGE][PASSED] - Scroll to object 'Object Repository/PrimoTours/ConfirmationPage/agreeTermsAndCondCheckbox' successfully

2017-12-04 13:16:47 - [TEST_STEP][PASSED] - waitForElementClickable: Object 'Object Repository/PrimoTours/ConfirmationPage/agreeTermsAndCondCheckbox' is clickable

2017-12-04 13:16:47 - [MESSAGE][PASSED] - Object 'Object Repository/PrimoTours/ConfirmationPage/agreeTermsAndCondCheckbox' is clickable

2017-12-04 13:16:47 - [TEST_STEP][PASSED] - click: Object: 'Object Repository/PrimoTours/ConfirmationPage/agreeTermsAndCondCheckbox' is clicked on

2017-12-04 13:16:47 - [MESSAGE][PASSED] - Object: 'Object Repository/PrimoTours/ConfirmationPage/agreeTermsAndCondCheckbox' is clicked on

2017-12-04 13:16:47 - [TEST_STEP][PASSED] - scrollToElement: Scroll to object 'Object Repository/PrimoTours/ConfirmationPage/placeBookingButton' successfully

2017-12-04 13:16:47 - [MESSAGE][PASSED] - Scroll to object 'Object Repository/PrimoTours/ConfirmationPage/placeBookingButton' successfully

2017-12-04 13:16:47 - [TEST_STEP][PASSED] - delay: Delayed 1 second(s)

2017-12-04 13:16:48 - [MESSAGE][PASSED] - Delayed 1 second(s)

2017-12-04 13:16:48 - [TEST_STEP][PASSED] - waitForElementClickable: Object 'Object Repository/PrimoTours/ConfirmationPage/placeBookingButton' is clickable

2017-12-04 13:16:48 - [MESSAGE][PASSED] - Object 'Object Repository/PrimoTours/ConfirmationPage/placeBookingButton' is clickable

2017-12-04 13:16:48 - [TEST_STEP][FAILED] - Statement - Try: Unable to click on object 'Object Repository/PrimoTours/ConfirmationPage/placeBookingButton' (Root cause: org.openqa.selenium.WebDriverException: unknown error: Element <a href="javascript:;" class="btn btn-success col-xs-12 step defaultButton disabledElement" data-validator="options" data-loader="true" id="placeBookingButton" data-bind="css: tourpaq.bookingEngine.confirmation.nextStepButtonStyle">...</a> is not clickable at point (1337, 729). Other element would receive the click: <div class="col-xs-12 col-md-4 col-md-offset-4 pull-right">...</div>
  (Session info: chrome=62.0.3202.94)
  (Driver info: chromedriver=2.33.506120 (e3e53437346286c0bc2d2dc9aa4915ba81d9023f),platform=Windows NT 6.3.9600 x86_64) (WARNING: The server did not provide any stacktrace information)
Command duration or timeout: 0 milliseconds
Build info: version: '3.7.1', revision: '8a0099a', time: '2017-11-06T21:07:36.161Z'
System info: host: 'NEACSUNEW-PC', ip: '10.10.10.211', os.name: 'Windows 8.1', os.arch: 'amd64', os.version: '6.3', java.version: '1.8.0_102'
Driver info: com.kms.katalon.selenium.driver.CChromeDriver
Capabilities {acceptSslCerts: true, applicationCacheEnabled: false, browserConnectionEnabled: false, browserName: chrome, chrome: {chromedriverVersion: 2.33.506120 (e3e53437346286..., userDataDir: C:\Users\Cornel\AppData\Loc...}, cssSelectorsEnabled: true, databaseEnabled: false, handlesAlerts: true, hasTouchScreen: false, javascriptEnabled: true, locationContextEnabled: true, mobileEmulationEnabled: false, nativeEvents: true, networkConnectionEnabled: false, pageLoadStrategy: normal, platform: XP, platformName: XP, rotatable: false, setWindowRect: true, takesHeapSnapshot: true, takesScreenshot: true, unexpectedAlertBehaviour: , unhandledPromptBehavior: , version: 62.0.3202.94, webStorageEnabled: true}
Session ID: 575b8a26419fc564b3ec141fc2e7d6f3)

2017-12-04 13:16:48 - [TEST_STEP][FAILED] - click: Unable to click on object 'Object Repository/PrimoTours/ConfirmationPage/placeBookingButton' (Root cause: org.openqa.selenium.WebDriverException: unknown error: Element <a href="javascript:;" class="btn btn-success col-xs-12 step defaultButton disabledElement" data-validator="options" data-loader="true" id="placeBookingButton" data-bind="css: tourpaq.bookingEngine.confirmation.nextStepButtonStyle">...</a> is not clickable at point (1337, 729). Other element would receive the click: <div class="col-xs-12 col-md-4 col-md-offset-4 pull-right">...</div>
  (Session info: chrome=62.0.3202.94)
  (Driver info: chromedriver=2.33.506120 (e3e53437346286c0bc2d2dc9aa4915ba81d9023f),platform=Windows NT 6.3.9600 x86_64) (WARNING: The server did not provide any stacktrace information)
Command duration or timeout: 0 milliseconds
Build info: version: '3.7.1', revision: '8a0099a', time: '2017-11-06T21:07:36.161Z'
System info: host: 'NEACSUNEW-PC', ip: '10.10.10.211', os.name: 'Windows 8.1', os.arch: 'amd64', os.version: '6.3', java.version: '1.8.0_102'
Driver info: com.kms.katalon.selenium.driver.CChromeDriver
Capabilities {acceptSslCerts: true, applicationCacheEnabled: false, browserConnectionEnabled: false, browserName: chrome, chrome: {chromedriverVersion: 2.33.506120 (e3e53437346286..., userDataDir: C:\Users\Cornel\AppData\Loc...}, cssSelectorsEnabled: true, databaseEnabled: false, handlesAlerts: true, hasTouchScreen: false, javascriptEnabled: true, locationContextEnabled: true, mobileEmulationEnabled: false, nativeEvents: true, networkConnectionEnabled: false, pageLoadStrategy: normal, platform: XP, platformName: XP, rotatable: false, setWindowRect: true, takesHeapSnapshot: true, takesScreenshot: true, unexpectedAlertBehaviour: , unhandledPromptBehavior: , version: 62.0.3202.94, webStorageEnabled: true}
Session ID: 575b8a26419fc564b3ec141fc2e7d6f3)

2017-12-04 13:16:48 - [MESSAGE][FAILED] - Unable to click on object 'Object Repository/PrimoTours/ConfirmationPage/placeBookingButton' (Root cause: org.openqa.selenium.WebDriverException: unknown error: Element <a href="javascript:;" class="btn btn-success col-xs-12 step defaultButton disabledElement" data-validator="options" data-loader="true" id="placeBookingButton" data-bind="css: tourpaq.bookingEngine.confirmation.nextStepButtonStyle">...</a> is not clickable at point (1337, 729). Other element would receive the click: <div class="col-xs-12 col-md-4 col-md-offset-4 pull-right">...</div>
  (Session info: chrome=62.0.3202.94)
  (Driver info: chromedriver=2.33.506120 (e3e53437346286c0bc2d2dc9aa4915ba81d9023f),platform=Windows NT 6.3.9600 x86_64) (WARNING: The server did not provide any stacktrace information)
Command duration or timeout: 0 milliseconds
Build info: version: '3.7.1', revision: '8a0099a', time: '2017-11-06T21:07:36.161Z'
System info: host: 'NEACSUNEW-PC', ip: '10.10.10.211', os.name: 'Windows 8.1', os.arch: 'amd64', os.version: '6.3', java.version: '1.8.0_102'
Driver info: com.kms.katalon.selenium.driver.CChromeDriver
Capabilities {acceptSslCerts: true, applicationCacheEnabled: false, browserConnectionEnabled: false, browserName: chrome, chrome: {chromedriverVersion: 2.33.506120 (e3e53437346286..., userDataDir: C:\Users\Cornel\AppData\Loc...}, cssSelectorsEnabled: true, databaseEnabled: false, handlesAlerts: true, hasTouchScreen: false, javascriptEnabled: true, locationContextEnabled: true, mobileEmulationEnabled: false, nativeEvents: true, networkConnectionEnabled: false, pageLoadStrategy: normal, platform: XP, platformName: XP, rotatable: false, setWindowRect: true, takesHeapSnapshot: true, takesScreenshot: true, unexpectedAlertBehaviour: , unhandledPromptBehavior: , version: 62.0.3202.94, webStorageEnabled: true}
Session ID: 575b8a26419fc564b3ec141fc2e7d6f3)
[[ATTACHMENT|D:\\Software testing\\Tourpaq\\Automated Katalon tests\\Primo WB test\\Reports\\WB Primo From Excel URLs\\20171204_131551\\1512386208603.png]]

2017-12-04 13:16:48 - [TEST_STEP][FAILED] - Statement - Catch (Exception e): Unable to click on object 'Object Repository/PrimoTours/ConfirmationPage/placeBookingButton' (Root cause: org.openqa.selenium.WebDriverException: unknown error: Element <a href="javascript:;" class="btn btn-success col-xs-12 step defaultButton disabledElement" data-validator="options" data-loader="true" id="placeBookingButton" data-bind="css: tourpaq.bookingEngine.confirmation.nextStepButtonStyle">...</a> is not clickable at point (1337, 729). Other element would receive the click: <div class="col-xs-12 col-md-4 col-md-offset-4 pull-right">...</div>
  (Session info: chrome=62.0.3202.94)
  (Driver info: chromedriver=2.33.506120 (e3e53437346286c0bc2d2dc9aa4915ba81d9023f),platform=Windows NT 6.3.9600 x86_64) (WARNING: The server did not provide any stacktrace information)
Command duration or timeout: 0 milliseconds
Build info: version: '3.7.1', revision: '8a0099a', time: '2017-11-06T21:07:36.161Z'
System info: host: 'NEACSUNEW-PC', ip: '10.10.10.211', os.name: 'Windows 8.1', os.arch: 'amd64', os.version: '6.3', java.version: '1.8.0_102'
Driver info: com.kms.katalon.selenium.driver.CChromeDriver
Capabilities {acceptSslCerts: true, applicationCacheEnabled: false, browserConnectionEnabled: false, browserName: chrome, chrome: {chromedriverVersion: 2.33.506120 (e3e53437346286..., userDataDir: C:\Users\Cornel\AppData\Loc...}, cssSelectorsEnabled: true, databaseEnabled: false, handlesAlerts: true, hasTouchScreen: false, javascriptEnabled: true, locationContextEnabled: true, mobileEmulationEnabled: false, nativeEvents: true, networkConnectionEnabled: false, pageLoadStrategy: normal, platform: XP, platformName: XP, rotatable: false, setWindowRect: true, takesHeapSnapshot: true, takesScreenshot: true, unexpectedAlertBehaviour: , unhandledPromptBehavior: , version: 62.0.3202.94, webStorageEnabled: true}
Session ID: 575b8a26419fc564b3ec141fc2e7d6f3)

2017-12-04 13:16:48 - [TEST_STEP][PASSED] - scrollToElement: Scroll to object 'Object Repository/PrimoTours/ConfirmationPage/placeBookingButton' successfully

2017-12-04 13:16:48 - [MESSAGE][PASSED] - Scroll to object 'Object Repository/PrimoTours/ConfirmationPage/placeBookingButton' successfully

2017-12-04 13:16:48 - [TEST_STEP][FAILED] - click: Unable to click on object 'Object Repository/PrimoTours/ConfirmationPage/placeBookingButton' (Root cause: org.openqa.selenium.WebDriverException: unknown error: Element <a href="javascript:;" class="btn btn-success col-xs-12 step defaultButton disabledElement" data-validator="options" data-loader="true" id="placeBookingButton" data-bind="css: tourpaq.bookingEngine.confirmation.nextStepButtonStyle">...</a> is not clickable at point (1337, 729). Other element would receive the click: <div class="col-xs-12 col-md-4 col-md-offset-4 pull-right">...</div>
  (Session info: chrome=62.0.3202.94)
  (Driver info: chromedriver=2.33.506120 (e3e53437346286c0bc2d2dc9aa4915ba81d9023f),platform=Windows NT 6.3.9600 x86_64) (WARNING: The server did not provide any stacktrace information)
Command duration or timeout: 0 milliseconds
Build info: version: '3.7.1', revision: '8a0099a', time: '2017-11-06T21:07:36.161Z'
System info: host: 'NEACSUNEW-PC', ip: '10.10.10.211', os.name: 'Windows 8.1', os.arch: 'amd64', os.version: '6.3', java.version: '1.8.0_102'
Driver info: com.kms.katalon.selenium.driver.CChromeDriver
Capabilities {acceptSslCerts: true, applicationCacheEnabled: false, browserConnectionEnabled: false, browserName: chrome, chrome: {chromedriverVersion: 2.33.506120 (e3e53437346286..., userDataDir: C:\Users\Cornel\AppData\Loc...}, cssSelectorsEnabled: true, databaseEnabled: false, handlesAlerts: true, hasTouchScreen: false, javascriptEnabled: true, locationContextEnabled: true, mobileEmulationEnabled: false, nativeEvents: true, networkConnectionEnabled: false, pageLoadStrategy: normal, platform: XP, platformName: XP, rotatable: false, setWindowRect: true, takesHeapSnapshot: true, takesScreenshot: true, unexpectedAlertBehaviour: , unhandledPromptBehavior: , version: 62.0.3202.94, webStorageEnabled: true}
Session ID: 575b8a26419fc564b3ec141fc2e7d6f3)

2017-12-04 13:16:49 - [MESSAGE][FAILED] - Unable to click on object 'Object Repository/PrimoTours/ConfirmationPage/placeBookingButton' (Root cause: org.openqa.selenium.WebDriverException: unknown error: Element <a href="javascript:;" class="btn btn-success col-xs-12 step defaultButton disabledElement" data-validator="options" data-loader="true" id="placeBookingButton" data-bind="css: tourpaq.bookingEngine.confirmation.nextStepButtonStyle">...</a> is not clickable at point (1337, 729). Other element would receive the click: <div class="col-xs-12 col-md-4 col-md-offset-4 pull-right">...</div>
  (Session info: chrome=62.0.3202.94)
  (Driver info: chromedriver=2.33.506120 (e3e53437346286c0bc2d2dc9aa4915ba81d9023f),platform=Windows NT 6.3.9600 x86_64) (WARNING: The server did not provide any stacktrace information)
Command duration or timeout: 0 milliseconds
Build info: version: '3.7.1', revision: '8a0099a', time: '2017-11-06T21:07:36.161Z'
System info: host: 'NEACSUNEW-PC', ip: '10.10.10.211', os.name: 'Windows 8.1', os.arch: 'amd64', os.version: '6.3', java.version: '1.8.0_102'
Driver info: com.kms.katalon.selenium.driver.CChromeDriver
Capabilities {acceptSslCerts: true, applicationCacheEnabled: false, browserConnectionEnabled: false, browserName: chrome, chrome: {chromedriverVersion: 2.33.506120 (e3e53437346286..., userDataDir: C:\Users\Cornel\AppData\Loc...}, cssSelectorsEnabled: true, databaseEnabled: false, handlesAlerts: true, hasTouchScreen: false, javascriptEnabled: true, locationContextEnabled: true, mobileEmulationEnabled: false, nativeEvents: true, networkConnectionEnabled: false, pageLoadStrategy: normal, platform: XP, platformName: XP, rotatable: false, setWindowRect: true, takesHeapSnapshot: true, takesScreenshot: true, unexpectedAlertBehaviour: , unhandledPromptBehavior: , version: 62.0.3202.94, webStorageEnabled: true}
Session ID: 575b8a26419fc564b3ec141fc2e7d6f3)
[[ATTACHMENT|D:\\Software testing\\Tourpaq\\Automated Katalon tests\\Primo WB test\\Reports\\WB Primo From Excel URLs\\20171204_131551\\1512386209018.png]]]]></system-out>
         <system-err><![CDATA[2017-12-04 13:16:30 - [TEST_CASE][FAILED] - Test Cases/PrimoTours/WB Primo/WB Primo staging - place booking - Iteration 2: Test Cases/PrimoTours/WB Primo/WB Primo staging - place booking FAILED because (of) Unable to click on object 'Object Repository/PrimoTours/ConfirmationPage/placeBookingButton' (Root cause: org.openqa.selenium.WebDriverException: unknown error: Element <a href="javascript:;" class="btn btn-success col-xs-12 step defaultButton disabledElement" data-validator="options" data-loader="true" id="placeBookingButton" data-bind="css: tourpaq.bookingEngine.confirmation.nextStepButtonStyle">...</a> is not clickable at point (1337, 729). Other element would receive the click: <div class="col-xs-12 col-md-4 col-md-offset-4 pull-right">...</div>
  (Session info: chrome=62.0.3202.94)
  (Driver info: chromedriver=2.33.506120 (e3e53437346286c0bc2d2dc9aa4915ba81d9023f),platform=Windows NT 6.3.9600 x86_64) (WARNING: The server did not provide any stacktrace information)
Command duration or timeout: 0 milliseconds
Build info: version: '3.7.1', revision: '8a0099a', time: '2017-11-06T21:07:36.161Z'
System info: host: 'NEACSUNEW-PC', ip: '10.10.10.211', os.name: 'Windows 8.1', os.arch: 'amd64', os.version: '6.3', java.version: '1.8.0_102'
Driver info: com.kms.katalon.selenium.driver.CChromeDriver
Capabilities {acceptSslCerts: true, applicationCacheEnabled: false, browserConnectionEnabled: false, browserName: chrome, chrome: {chromedriverVersion: 2.33.506120 (e3e53437346286..., userDataDir: C:\Users\Cornel\AppData\Loc...}, cssSelectorsEnabled: true, databaseEnabled: false, handlesAlerts: true, hasTouchScreen: false, javascriptEnabled: true, locationContextEnabled: true, mobileEmulationEnabled: false, nativeEvents: true, networkConnectionEnabled: false, pageLoadStrategy: normal, platform: XP, platformName: XP, rotatable: false, setWindowRect: true, takesHeapSnapshot: true, takesScreenshot: true, unexpectedAlertBehaviour: , unhandledPromptBehavior: , version: 62.0.3202.94, webStorageEnabled: true}
Session ID: 575b8a26419fc564b3ec141fc2e7d6f3)]]></system-err>
      </testcase>
      <testcase name="Test Cases/PrimoTours/WB Primo/WB Primo staging - place booking - Iteration 3" classname="Test Cases/PrimoTours/WB Primo/WB Primo staging - place booking" status="FAILED">
         <failure type="FAILED" message="Test Cases/PrimoTours/WB Primo/WB Primo staging - place booking FAILED because (of) Unable to click on object 'Object Repository/PrimoTours/Old Objects/ThankYouPage/printTicketSpan' (Root cause: org.openqa.selenium.WebDriverException: unknown error: Element &lt;span id=&quot;printTicketSpan&quot; data-bind=&quot;text: tourpaq.bookingEngine.languageStaticResources.PrintReceipt&quot;>...&lt;/span> is not clickable at point (508, 319). Other element would receive the click: &lt;div class=&quot;se-pre-con&quot; id=&quot;booking-overlay&quot; style=&quot;opacity: 0.000986636;&quot;>&lt;/div>
  (Session info: chrome=62.0.3202.94)
  (Driver info: chromedriver=2.33.506120 (e3e53437346286c0bc2d2dc9aa4915ba81d9023f),platform=Windows NT 6.3.9600 x86_64) (WARNING: The server did not provide any stacktrace information)
Command duration or timeout: 0 milliseconds
Build info: version: '3.7.1', revision: '8a0099a', time: '2017-11-06T21:07:36.161Z'
System info: host: 'NEACSUNEW-PC', ip: '10.10.10.211', os.name: 'Windows 8.1', os.arch: 'amd64', os.version: '6.3', java.version: '1.8.0_102'
Driver info: com.kms.katalon.selenium.driver.CChromeDriver
Capabilities {acceptSslCerts: true, applicationCacheEnabled: false, browserConnectionEnabled: false, browserName: chrome, chrome: {chromedriverVersion: 2.33.506120 (e3e53437346286..., userDataDir: C:\Users\Cornel\AppData\Loc...}, cssSelectorsEnabled: true, databaseEnabled: false, handlesAlerts: true, hasTouchScreen: false, javascriptEnabled: true, locationContextEnabled: true, mobileEmulationEnabled: false, nativeEvents: true, networkConnectionEnabled: false, pageLoadStrategy: normal, platform: XP, platformName: XP, rotatable: false, setWindowRect: true, takesHeapSnapshot: true, takesScreenshot: true, unexpectedAlertBehaviour: , unhandledPromptBehavior: , version: 62.0.3202.94, webStorageEnabled: true}
Session ID: b6ce1644e877b815f88c299bb6192a5c)"/>
         <system-out><![CDATA[2017-12-04 13:16:49 - [TEST_CASE][FAILED] - Test Cases/PrimoTours/WB Primo/WB Primo staging - place booking - Iteration 3: Test Cases/PrimoTours/WB Primo/WB Primo staging - place booking FAILED because (of) Unable to click on object 'Object Repository/PrimoTours/Old Objects/ThankYouPage/printTicketSpan' (Root cause: org.openqa.selenium.WebDriverException: unknown error: Element <span id="printTicketSpan" data-bind="text: tourpaq.bookingEngine.languageStaticResources.PrintReceipt">...</span> is not clickable at point (508, 319). Other element would receive the click: <div class="se-pre-con" id="booking-overlay" style="opacity: 0.000986636;"></div>
  (Session info: chrome=62.0.3202.94)
  (Driver info: chromedriver=2.33.506120 (e3e53437346286c0bc2d2dc9aa4915ba81d9023f),platform=Windows NT 6.3.9600 x86_64) (WARNING: The server did not provide any stacktrace information)
Command duration or timeout: 0 milliseconds
Build info: version: '3.7.1', revision: '8a0099a', time: '2017-11-06T21:07:36.161Z'
System info: host: 'NEACSUNEW-PC', ip: '10.10.10.211', os.name: 'Windows 8.1', os.arch: 'amd64', os.version: '6.3', java.version: '1.8.0_102'
Driver info: com.kms.katalon.selenium.driver.CChromeDriver
Capabilities {acceptSslCerts: true, applicationCacheEnabled: false, browserConnectionEnabled: false, browserName: chrome, chrome: {chromedriverVersion: 2.33.506120 (e3e53437346286..., userDataDir: C:\Users\Cornel\AppData\Loc...}, cssSelectorsEnabled: true, databaseEnabled: false, handlesAlerts: true, hasTouchScreen: false, javascriptEnabled: true, locationContextEnabled: true, mobileEmulationEnabled: false, nativeEvents: true, networkConnectionEnabled: false, pageLoadStrategy: normal, platform: XP, platformName: XP, rotatable: false, setWindowRect: true, takesHeapSnapshot: true, takesScreenshot: true, unexpectedAlertBehaviour: , unhandledPromptBehavior: , version: 62.0.3202.94, webStorageEnabled: true}
Session ID: b6ce1644e877b815f88c299bb6192a5c)

2017-12-04 13:16:49 - [TEST_STEP][PASSED] - openBrowser: Browser is opened with url: ''

2017-12-04 13:16:49 - [MESSAGE][WARNING] - A browser is already opened. Closing browser and opening a new one

2017-12-04 13:16:52 - [MESSAGE][PASSED] - Browser is opened with url: ''

2017-12-04 13:16:52 - [TEST_STEP][PASSED] - maximizeWindow: Current window maximized

2017-12-04 13:16:53 - [MESSAGE][PASSED] - Current window maximized

2017-12-04 13:16:53 - [TEST_STEP][PASSED] - navigateToUrl: Navigate to 'https://staging-primotours-webbooking.tourpaq.com/DoBooking.aspx?pltaID=1480269&p=1&rno=1&pt=2&a=2&c=2&aa=&ca=1,5' successfully

2017-12-04 13:16:55 - [MESSAGE][PASSED] - Navigate to 'https://staging-primotours-webbooking.tourpaq.com/DoBooking.aspx?pltaID=1480269&p=1&rno=1&pt=2&a=2&c=2&aa=&ca=1,5' successfully

2017-12-04 13:16:55 - [TEST_STEP][PASSED] - Statement - excelInfo = ["fname":"", "lname":"", "pgender":"", "pday":"", "pmonth":"", "pyear":""]: null

2017-12-04 13:16:55 - [TEST_STEP][PASSED] - Statement - rawData = com.kms.katalon.core.testdata.TestDataFactory.findTestData("Data Files/WB_Primo/Passenger_details"): Reading excel file with source file 'D:\Software testing\Tourpaq\Automated Katalon tests\Primo WB test\Data Files\Primo_URLs_For_Automated_Test.xls' and sheet name 'Passenger Names'

2017-12-04 13:16:55 - [TEST_STEP][PASSED] - Statement - excelRowNo = rawData.getRowNumbers(): null

2017-12-04 13:16:55 - [TEST_STEP][PASSED] - Statement - randomPaxIndex = java.lang.Math.abs(new java.util.Random().nextInt() % excelRowNo) + 1: null

2017-12-04 13:16:55 - [TEST_STEP][PASSED] - Statement - fname = rawData.getValue("FirstName", randomPaxIndex): null

2017-12-04 13:16:55 - [TEST_STEP][PASSED] - Statement - lname = rawData.getValue("LastName", randomPaxIndex): null

2017-12-04 13:16:55 - [TEST_STEP][PASSED] - Statement - pgender = rawData.getValue("Gender", randomPaxIndex): null

2017-12-04 13:16:55 - [TEST_STEP][PASSED] - setText: Text 'Hansen AUT' is set on object 'Object Repository/PrimoTours/Old Objects/Coco/PrimoT/Page_Primo Tours  Danmarks bedste c/input_firstName'

2017-12-04 13:16:55 - [MESSAGE][PASSED] - Text 'Hansen AUT' is set on object 'Object Repository/PrimoTours/Old Objects/Coco/PrimoT/Page_Primo Tours  Danmarks bedste c/input_firstName'

2017-12-04 13:16:55 - [TEST_STEP][PASSED] - setText: Text 'Jacob Sanggaard' is set on object 'Object Repository/PrimoTours/Old Objects/Coco/PrimoT/Page_Primo Tours  Danmarks bedste c/input_lastName'

2017-12-04 13:16:56 - [MESSAGE][PASSED] - Text 'Jacob Sanggaard' is set on object 'Object Repository/PrimoTours/Old Objects/Coco/PrimoT/Page_Primo Tours  Danmarks bedste c/input_lastName'

2017-12-04 13:16:56 - [TEST_STEP][PASSED] - click: Object: 'Object Repository/PrimoTours/LandingPage/customerGender' is clicked on

2017-12-04 13:16:56 - [MESSAGE][PASSED] - Object: 'Object Repository/PrimoTours/LandingPage/customerGender' is clicked on

2017-12-04 13:16:56 - [TEST_STEP][PASSED] - setText: Text 'Home address' is set on object 'Object Repository/PrimoTours/Old Objects/Coco/PrimoT/Page_Primo Tours  Danmarks bedste c/input_customerAddress'

2017-12-04 13:16:56 - [MESSAGE][PASSED] - Text 'Home address' is set on object 'Object Repository/PrimoTours/Old Objects/Coco/PrimoT/Page_Primo Tours  Danmarks bedste c/input_customerAddress'

2017-12-04 13:16:56 - [TEST_STEP][PASSED] - setText: Text '6700' is set on object 'Object Repository/PrimoTours/Old Objects/Coco/PrimoT/Page_Primo Tours  Danmarks bedste c/input_customerPostcode'

2017-12-04 13:16:56 - [MESSAGE][PASSED] - Text '6700' is set on object 'Object Repository/PrimoTours/Old Objects/Coco/PrimoT/Page_Primo Tours  Danmarks bedste c/input_customerPostcode'

2017-12-04 13:16:56 - [TEST_STEP][PASSED] - setText: Text 'cornel.neacsu@roweb.ro' is set on object 'Object Repository/PrimoTours/Old Objects/Coco/PrimoT/Page_Primo Tours  Danmarks bedste c/input_customerEmail'

2017-12-04 13:16:57 - [MESSAGE][PASSED] - Text 'cornel.neacsu@roweb.ro' is set on object 'Object Repository/PrimoTours/Old Objects/Coco/PrimoT/Page_Primo Tours  Danmarks bedste c/input_customerEmail'

2017-12-04 13:16:57 - [TEST_STEP][PASSED] - setText: Text '12345678' is set on object 'Object Repository/PrimoTours/Old Objects/Coco/PrimoT/Page_Primo Tours  Danmarks bedste c/input_customerPhone'

2017-12-04 13:16:57 - [MESSAGE][PASSED] - Text '12345678' is set on object 'Object Repository/PrimoTours/Old Objects/Coco/PrimoT/Page_Primo Tours  Danmarks bedste c/input_customerPhone'

2017-12-04 13:16:57 - [TEST_STEP][PASSED] - waitForElementClickable: Object 'Object Repository/PrimoTours/Old Objects/Coco/PrimoT/Page_Primo Tours  Danmarks bedste c/input_firstname-0_1' is clickable

2017-12-04 13:16:59 - [MESSAGE][PASSED] - Object 'Object Repository/PrimoTours/Old Objects/Coco/PrimoT/Page_Primo Tours  Danmarks bedste c/input_firstname-0_1' is clickable

2017-12-04 13:16:59 - [TEST_STEP][PASSED] - Statement - driver = com.kms.katalon.core.webui.driver.DriverFactory.getWebDriver(): null

2017-12-04 13:16:59 - [TEST_STEP][PASSED] - Statement - roomContainerXpath = "id("roomAndStaticOptionsContainer")/div[@class="row"]/div[@class="col-md-12 roomContainer"]": null

2017-12-04 13:16:59 - [TEST_STEP][PASSED] - Statement - roomsCount = driver.findElements(org.openqa.selenium.By.xpath(roomContainerXpath)).size(): null

2017-12-04 13:16:59 - [TEST_STEP][PASSED] - Statement - println("roomsCount=" + roomsCount): null

2017-12-04 13:16:59 - [TEST_STEP][PASSED] - Statement - For ([i = 1, i <= roomsCount, (i++)]): Object: 'Object Repository/PrimoTours/LandingPage/secondPaxFirstNameField' is clicked on

2017-12-04 13:16:59 - [TEST_STEP][PASSED] - Statement - paxInRoomXpath = "id("passengersContainer_" + i - 1 + "")/div[@class="col-md-12"]/div[@class="row"]": null

2017-12-04 13:16:59 - [TEST_STEP][PASSED] - Statement - println("paxInRoomXpath=" + paxInRoomXpath): null

2017-12-04 13:16:59 - [TEST_STEP][PASSED] - Statement - paxInRoomCount = driver.findElements(org.openqa.selenium.By.xpath(paxInRoomXpath)).size(): null

2017-12-04 13:16:59 - [TEST_STEP][PASSED] - Statement - println("paxInRoomCount=" + paxInRoomCount): null

2017-12-04 13:16:59 - [TEST_STEP][PASSED] - Statement - For ([j = 1, j <= paxInRoomCount, (j++)]): Object: 'Object Repository/PrimoTours/LandingPage/secondPaxFirstNameField' is clicked on

2017-12-04 13:16:59 - [TEST_STEP][PASSED] - Statement - If (i == 1 & j == 1): null

2017-12-04 13:16:59 - [TEST_STEP][PASSED] - Statement - <not implemented yet for class: org.codehaus.groovy.ast.stmt.ContinueStatement>: null

2017-12-04 13:16:59 - [TEST_STEP][PASSED] - Statement - If (i == 1 & j == 1): null

2017-12-04 13:16:59 - [TEST_STEP][PASSED] - Statement - randomPaxIndex = java.lang.Math.abs(new java.util.Random().nextInt() % excelRowNo) + 1: null

2017-12-04 13:16:59 - [TEST_STEP][PASSED] - Statement - fname = rawData.getValue("FirstName", randomPaxIndex) + " AUT": null

2017-12-04 13:16:59 - [TEST_STEP][PASSED] - Statement - lname = rawData.getValue("LastName", randomPaxIndex): null

2017-12-04 13:16:59 - [TEST_STEP][PASSED] - Statement - pgender = rawData.getValue("Gender", randomPaxIndex): null

2017-12-04 13:16:59 - [TEST_STEP][PASSED] - Statement - pday = rawData.getValue("Day DOB", randomPaxIndex): null

2017-12-04 13:16:59 - [TEST_STEP][PASSED] - Statement - pmonth = rawData.getValue("Month DOB", randomPaxIndex): null

2017-12-04 13:16:59 - [TEST_STEP][PASSED] - Statement - pyear = rawData.getValue("Year DOB", randomPaxIndex): null

2017-12-04 13:16:59 - [TEST_STEP][PASSED] - Statement - paxDetailFields = paxInRoomXpath + "[" + j + "]/div[@class="col-md-x col-md-9"]/div[@class="row paxContainer"][1]/div[contains(@class,"paxAttribute")]": null

2017-12-04 13:16:59 - [TEST_STEP][PASSED] - Statement - xpathval = paxDetailFields + "[1]/div[contains(@class,"form-group")]/input[contains(@class,"paxFirstName")]": null

2017-12-04 13:16:59 - [TEST_STEP][PASSED] - Statement - println("fn: " + xpathval): null

2017-12-04 13:16:59 - [TEST_STEP][PASSED] - Statement - repObj = com.kms.katalon.core.testobject.ObjectRepository.findTestObject(Object Repository/PrimoTours/LandingPage/secondPaxFirstNameField): Finding Test Object with id 'Object Repository/PrimoTours/LandingPage/secondPaxFirstNameField'

2017-12-04 13:16:59 - [TEST_STEP][PASSED] - Statement - repObj.findProperty("xpath").setValue(xpathval): null

2017-12-04 13:16:59 - [TEST_STEP][PASSED] - setText: Text 'Gydahl Methling AUT' is set on object 'Object Repository/PrimoTours/LandingPage/secondPaxFirstNameField'

2017-12-04 13:16:59 - [MESSAGE][PASSED] - Text 'Gydahl Methling AUT' is set on object 'Object Repository/PrimoTours/LandingPage/secondPaxFirstNameField'

2017-12-04 13:16:59 - [TEST_STEP][PASSED] - Statement - xpathval = paxDetailFields + "[2]/div[contains(@class,"form-group")]/input[contains(@class,"paxLastName")]": null

2017-12-04 13:16:59 - [TEST_STEP][PASSED] - Statement - println("ln: " + xpathval): null

2017-12-04 13:16:59 - [TEST_STEP][PASSED] - Statement - repObj = com.kms.katalon.core.testobject.ObjectRepository.findTestObject(Object Repository/PrimoTours/LandingPage/secondPaxFirstNameField): Finding Test Object with id 'Object Repository/PrimoTours/LandingPage/secondPaxFirstNameField'

2017-12-04 13:16:59 - [TEST_STEP][PASSED] - Statement - repObj.findProperty("xpath").setValue(xpathval): null

2017-12-04 13:16:59 - [TEST_STEP][PASSED] - setText: Text 'Sofia Lucca' is set on object 'Object Repository/PrimoTours/LandingPage/secondPaxFirstNameField'

2017-12-04 13:16:59 - [MESSAGE][PASSED] - Text 'Sofia Lucca' is set on object 'Object Repository/PrimoTours/LandingPage/secondPaxFirstNameField'

2017-12-04 13:16:59 - [TEST_STEP][PASSED] - Statement - repObj = com.kms.katalon.core.testobject.ObjectRepository.findTestObject(Object Repository/PrimoTours/LandingPage/secondPaxFirstNameField): Finding Test Object with id 'Object Repository/PrimoTours/LandingPage/secondPaxFirstNameField'

2017-12-04 13:16:59 - [TEST_STEP][PASSED] - Statement - xpathval = paxDetailFields + "[3]/div[contains(@class,"paxGenderSelectorContainer")]/span[contains(@class,"select2 select2-container")]/span[contains(@class,"selection")]/span[contains(@class,"select2-selection")]": null

2017-12-04 13:16:59 - [TEST_STEP][PASSED] - Statement - println("gender: " + xpathval): null

2017-12-04 13:16:59 - [TEST_STEP][PASSED] - Statement - repObj.findProperty("xpath").setValue(xpathval): null

2017-12-04 13:16:59 - [TEST_STEP][PASSED] - click: Object: 'Object Repository/PrimoTours/LandingPage/secondPaxFirstNameField' is clicked on

2017-12-04 13:16:59 - [MESSAGE][PASSED] - Object: 'Object Repository/PrimoTours/LandingPage/secondPaxFirstNameField' is clicked on

2017-12-04 13:16:59 - [TEST_STEP][PASSED] - Statement - If (i == 1 & j == 1): null

2017-12-04 13:16:59 - [TEST_STEP][PASSED] - Statement - randomPaxIndex = java.lang.Math.abs(new java.util.Random().nextInt() % excelRowNo) + 1: null

2017-12-04 13:16:59 - [TEST_STEP][PASSED] - Statement - fname = rawData.getValue("FirstName", randomPaxIndex) + " AUT": null

2017-12-04 13:16:59 - [TEST_STEP][PASSED] - Statement - lname = rawData.getValue("LastName", randomPaxIndex): null

2017-12-04 13:16:59 - [TEST_STEP][PASSED] - Statement - pgender = rawData.getValue("Gender", randomPaxIndex): null

2017-12-04 13:16:59 - [TEST_STEP][PASSED] - Statement - pday = rawData.getValue("Day DOB", randomPaxIndex): null

2017-12-04 13:16:59 - [TEST_STEP][PASSED] - Statement - pmonth = rawData.getValue("Month DOB", randomPaxIndex): null

2017-12-04 13:16:59 - [TEST_STEP][PASSED] - Statement - pyear = rawData.getValue("Year DOB", randomPaxIndex): null

2017-12-04 13:16:59 - [TEST_STEP][PASSED] - Statement - paxDetailFields = paxInRoomXpath + "[" + j + "]/div[@class="col-md-x col-md-9"]/div[@class="row paxContainer"][1]/div[contains(@class,"paxAttribute")]": null

2017-12-04 13:16:59 - [TEST_STEP][PASSED] - Statement - xpathval = paxDetailFields + "[1]/div[contains(@class,"form-group")]/input[contains(@class,"paxFirstName")]": null

2017-12-04 13:16:59 - [TEST_STEP][PASSED] - Statement - println("fn: " + xpathval): null

2017-12-04 13:16:59 - [TEST_STEP][PASSED] - Statement - repObj = com.kms.katalon.core.testobject.ObjectRepository.findTestObject(Object Repository/PrimoTours/LandingPage/secondPaxFirstNameField): Finding Test Object with id 'Object Repository/PrimoTours/LandingPage/secondPaxFirstNameField'

2017-12-04 13:16:59 - [TEST_STEP][PASSED] - Statement - repObj.findProperty("xpath").setValue(xpathval): null

2017-12-04 13:16:59 - [TEST_STEP][PASSED] - setText: Text 'Christiansen AUT' is set on object 'Object Repository/PrimoTours/LandingPage/secondPaxFirstNameField'

2017-12-04 13:16:59 - [MESSAGE][PASSED] - Text 'Christiansen AUT' is set on object 'Object Repository/PrimoTours/LandingPage/secondPaxFirstNameField'

2017-12-04 13:16:59 - [TEST_STEP][PASSED] - Statement - xpathval = paxDetailFields + "[2]/div[contains(@class,"form-group")]/input[contains(@class,"paxLastName")]": null

2017-12-04 13:16:59 - [TEST_STEP][PASSED] - Statement - println("ln: " + xpathval): null

2017-12-04 13:16:59 - [TEST_STEP][PASSED] - Statement - repObj = com.kms.katalon.core.testobject.ObjectRepository.findTestObject(Object Repository/PrimoTours/LandingPage/secondPaxFirstNameField): Finding Test Object with id 'Object Repository/PrimoTours/LandingPage/secondPaxFirstNameField'

2017-12-04 13:16:59 - [TEST_STEP][PASSED] - Statement - repObj.findProperty("xpath").setValue(xpathval): null

2017-12-04 13:16:59 - [TEST_STEP][PASSED] - setText: Text 'Annalise Lindtofte' is set on object 'Object Repository/PrimoTours/LandingPage/secondPaxFirstNameField'

2017-12-04 13:17:00 - [MESSAGE][PASSED] - Text 'Annalise Lindtofte' is set on object 'Object Repository/PrimoTours/LandingPage/secondPaxFirstNameField'

2017-12-04 13:17:00 - [TEST_STEP][PASSED] - Statement - repObj = com.kms.katalon.core.testobject.ObjectRepository.findTestObject(Object Repository/PrimoTours/LandingPage/secondPaxFirstNameField): Finding Test Object with id 'Object Repository/PrimoTours/LandingPage/secondPaxFirstNameField'

2017-12-04 13:17:00 - [TEST_STEP][PASSED] - Statement - xpathval = paxDetailFields + "[3]/div[contains(@class,"paxGenderSelectorContainer")]/span[contains(@class,"select2 select2-container")]/span[contains(@class,"selection")]/span[contains(@class,"select2-selection")]": null

2017-12-04 13:17:00 - [TEST_STEP][PASSED] - Statement - println("gender: " + xpathval): null

2017-12-04 13:17:00 - [TEST_STEP][PASSED] - Statement - repObj.findProperty("xpath").setValue(xpathval): null

2017-12-04 13:17:00 - [TEST_STEP][PASSED] - click: Unable to click on object 'Object Repository/PrimoTours/LandingPage/secondPaxFirstNameField' (Root cause: org.openqa.selenium.WebDriverException: unknown error: Element <span class="select2-selection select2-selection--single" role="combobox" aria-haspopup="true" aria-expanded="false" tabindex="0" aria-labelledby="select2-gender-0_2-e7-container">...</span> is not clickable at point (1168, 747). Other element would receive the click: <li class="select2-results__option" id="select2-gender-0_1-jb-result-afxv-MS" role="treeitem" aria-selected="false">...</li>
  (Session info: chrome=62.0.3202.94)
  (Driver info: chromedriver=2.33.506120 (e3e53437346286c0bc2d2dc9aa4915ba81d9023f),platform=Windows NT 6.3.9600 x86_64) (WARNING: The server did not provide any stacktrace information)
Command duration or timeout: 0 milliseconds
Build info: version: '3.7.1', revision: '8a0099a', time: '2017-11-06T21:07:36.161Z'
System info: host: 'NEACSUNEW-PC', ip: '10.10.10.211', os.name: 'Windows 8.1', os.arch: 'amd64', os.version: '6.3', java.version: '1.8.0_102'
Driver info: com.kms.katalon.selenium.driver.CChromeDriver
Capabilities {acceptSslCerts: true, applicationCacheEnabled: false, browserConnectionEnabled: false, browserName: chrome, chrome: {chromedriverVersion: 2.33.506120 (e3e53437346286..., userDataDir: C:\Users\Cornel\AppData\Loc...}, cssSelectorsEnabled: true, databaseEnabled: false, handlesAlerts: true, hasTouchScreen: false, javascriptEnabled: true, locationContextEnabled: true, mobileEmulationEnabled: false, nativeEvents: true, networkConnectionEnabled: false, pageLoadStrategy: normal, platform: XP, platformName: XP, rotatable: false, setWindowRect: true, takesHeapSnapshot: true, takesScreenshot: true, unexpectedAlertBehaviour: , unhandledPromptBehavior: , version: 62.0.3202.94, webStorageEnabled: true}
Session ID: b6ce1644e877b815f88c299bb6192a5c)

2017-12-04 13:17:00 - [MESSAGE][WARNING] - Unable to click on object 'Object Repository/PrimoTours/LandingPage/secondPaxFirstNameField' (Root cause: org.openqa.selenium.WebDriverException: unknown error: Element <span class="select2-selection select2-selection--single" role="combobox" aria-haspopup="true" aria-expanded="false" tabindex="0" aria-labelledby="select2-gender-0_2-e7-container">...</span> is not clickable at point (1168, 747). Other element would receive the click: <li class="select2-results__option" id="select2-gender-0_1-jb-result-afxv-MS" role="treeitem" aria-selected="false">...</li>
  (Session info: chrome=62.0.3202.94)
  (Driver info: chromedriver=2.33.506120 (e3e53437346286c0bc2d2dc9aa4915ba81d9023f),platform=Windows NT 6.3.9600 x86_64) (WARNING: The server did not provide any stacktrace information)
Command duration or timeout: 0 milliseconds
Build info: version: '3.7.1', revision: '8a0099a', time: '2017-11-06T21:07:36.161Z'
System info: host: 'NEACSUNEW-PC', ip: '10.10.10.211', os.name: 'Windows 8.1', os.arch: 'amd64', os.version: '6.3', java.version: '1.8.0_102'
Driver info: com.kms.katalon.selenium.driver.CChromeDriver
Capabilities {acceptSslCerts: true, applicationCacheEnabled: false, browserConnectionEnabled: false, browserName: chrome, chrome: {chromedriverVersion: 2.33.506120 (e3e53437346286..., userDataDir: C:\Users\Cornel\AppData\Loc...}, cssSelectorsEnabled: true, databaseEnabled: false, handlesAlerts: true, hasTouchScreen: false, javascriptEnabled: true, locationContextEnabled: true, mobileEmulationEnabled: false, nativeEvents: true, networkConnectionEnabled: false, pageLoadStrategy: normal, platform: XP, platformName: XP, rotatable: false, setWindowRect: true, takesHeapSnapshot: true, takesScreenshot: true, unexpectedAlertBehaviour: , unhandledPromptBehavior: , version: 62.0.3202.94, webStorageEnabled: true}
Session ID: b6ce1644e877b815f88c299bb6192a5c)
[[ATTACHMENT|D:\\Software testing\\Tourpaq\\Automated Katalon tests\\Primo WB test\\Reports\\WB Primo From Excel URLs\\20171204_131551\\1512386220310.png]]

2017-12-04 13:17:00 - [TEST_STEP][PASSED] - Statement - If (i == 1 & j == 1): null

2017-12-04 13:17:00 - [TEST_STEP][PASSED] - Statement - randomPaxIndex = java.lang.Math.abs(new java.util.Random().nextInt() % excelRowNo) + 1: null

2017-12-04 13:17:00 - [TEST_STEP][PASSED] - Statement - fname = rawData.getValue("FirstName", randomPaxIndex) + " AUT": null

2017-12-04 13:17:00 - [TEST_STEP][PASSED] - Statement - lname = rawData.getValue("LastName", randomPaxIndex): null

2017-12-04 13:17:00 - [TEST_STEP][PASSED] - Statement - pgender = rawData.getValue("Gender", randomPaxIndex): null

2017-12-04 13:17:00 - [TEST_STEP][PASSED] - Statement - pday = rawData.getValue("Day DOB", randomPaxIndex): null

2017-12-04 13:17:00 - [TEST_STEP][PASSED] - Statement - pmonth = rawData.getValue("Month DOB", randomPaxIndex): null

2017-12-04 13:17:00 - [TEST_STEP][PASSED] - Statement - pyear = rawData.getValue("Year DOB", randomPaxIndex): null

2017-12-04 13:17:00 - [TEST_STEP][PASSED] - Statement - paxDetailFields = paxInRoomXpath + "[" + j + "]/div[@class="col-md-x col-md-9"]/div[@class="row paxContainer"][1]/div[contains(@class,"paxAttribute")]": null

2017-12-04 13:17:00 - [TEST_STEP][PASSED] - Statement - xpathval = paxDetailFields + "[1]/div[contains(@class,"form-group")]/input[contains(@class,"paxFirstName")]": null

2017-12-04 13:17:00 - [TEST_STEP][PASSED] - Statement - println("fn: " + xpathval): null

2017-12-04 13:17:00 - [TEST_STEP][PASSED] - Statement - repObj = com.kms.katalon.core.testobject.ObjectRepository.findTestObject(Object Repository/PrimoTours/LandingPage/secondPaxFirstNameField): Finding Test Object with id 'Object Repository/PrimoTours/LandingPage/secondPaxFirstNameField'

2017-12-04 13:17:00 - [TEST_STEP][PASSED] - Statement - repObj.findProperty("xpath").setValue(xpathval): null

2017-12-04 13:17:00 - [TEST_STEP][PASSED] - setText: Text 'Pedersen AUT' is set on object 'Object Repository/PrimoTours/LandingPage/secondPaxFirstNameField'

2017-12-04 13:17:01 - [MESSAGE][PASSED] - Text 'Pedersen AUT' is set on object 'Object Repository/PrimoTours/LandingPage/secondPaxFirstNameField'

2017-12-04 13:17:01 - [TEST_STEP][PASSED] - Statement - xpathval = paxDetailFields + "[2]/div[contains(@class,"form-group")]/input[contains(@class,"paxLastName")]": null

2017-12-04 13:17:01 - [TEST_STEP][PASSED] - Statement - println("ln: " + xpathval): null

2017-12-04 13:17:01 - [TEST_STEP][PASSED] - Statement - repObj = com.kms.katalon.core.testobject.ObjectRepository.findTestObject(Object Repository/PrimoTours/LandingPage/secondPaxFirstNameField): Finding Test Object with id 'Object Repository/PrimoTours/LandingPage/secondPaxFirstNameField'

2017-12-04 13:17:01 - [TEST_STEP][PASSED] - Statement - repObj.findProperty("xpath").setValue(xpathval): null

2017-12-04 13:17:01 - [TEST_STEP][PASSED] - setText: Text 'Vibe Dalby' is set on object 'Object Repository/PrimoTours/LandingPage/secondPaxFirstNameField'

2017-12-04 13:17:01 - [MESSAGE][PASSED] - Text 'Vibe Dalby' is set on object 'Object Repository/PrimoTours/LandingPage/secondPaxFirstNameField'

2017-12-04 13:17:01 - [TEST_STEP][PASSED] - Statement - repObj = com.kms.katalon.core.testobject.ObjectRepository.findTestObject(Object Repository/PrimoTours/LandingPage/secondPaxFirstNameField): Finding Test Object with id 'Object Repository/PrimoTours/LandingPage/secondPaxFirstNameField'

2017-12-04 13:17:01 - [TEST_STEP][PASSED] - Statement - xpathval = paxDetailFields + "[3]/div[contains(@class,"paxGenderSelectorContainer")]/span[contains(@class,"select2 select2-container")]/span[contains(@class,"selection")]/span[contains(@class,"select2-selection")]": null

2017-12-04 13:17:01 - [TEST_STEP][PASSED] - Statement - println("gender: " + xpathval): null

2017-12-04 13:17:01 - [TEST_STEP][PASSED] - Statement - repObj.findProperty("xpath").setValue(xpathval): null

2017-12-04 13:17:01 - [TEST_STEP][PASSED] - click: Object: 'Object Repository/PrimoTours/LandingPage/secondPaxFirstNameField' is clicked on

2017-12-04 13:17:01 - [MESSAGE][PASSED] - Object: 'Object Repository/PrimoTours/LandingPage/secondPaxFirstNameField' is clicked on

2017-12-04 13:17:01 - [TEST_STEP][PASSED] - scrollToElement: Scroll to object 'Object Repository/PrimoTours/Old Objects/Coco (1)/PrimoT/SaveBooking2/Success/bookingTotalValue' successfully

2017-12-04 13:17:01 - [MESSAGE][PASSED] - Scroll to object 'Object Repository/PrimoTours/Old Objects/Coco (1)/PrimoT/SaveBooking2/Success/bookingTotalValue' successfully

2017-12-04 13:17:01 - [TEST_STEP][PASSED] - click: Object: 'Object Repository/PrimoTours/Old Objects/Coco (1)/PrimoT/SaveBooking2/Success/bookingTotalValue' is clicked on

2017-12-04 13:17:01 - [MESSAGE][PASSED] - Object: 'Object Repository/PrimoTours/Old Objects/Coco (1)/PrimoT/SaveBooking2/Success/bookingTotalValue' is clicked on

2017-12-04 13:17:01 - [TEST_STEP][PASSED] - scrollToElement: Scroll to object 'Object Repository/PrimoTours/Old Objects/Coco (1)/PrimoT/SaveBooking2/Success/Page_Primo Tours  Danmarks bedste c/nextButtonOnLandingPage' successfully

2017-12-04 13:17:01 - [MESSAGE][PASSED] - Scroll to object 'Object Repository/PrimoTours/Old Objects/Coco (1)/PrimoT/SaveBooking2/Success/Page_Primo Tours  Danmarks bedste c/nextButtonOnLandingPage' successfully

2017-12-04 13:17:01 - [TEST_STEP][PASSED] - waitForElementClickable: Object 'Object Repository/PrimoTours/Old Objects/Coco (1)/PrimoT/SaveBooking2/Success/Page_Primo Tours  Danmarks bedste c/nextButtonOnLandingPage' is clickable

2017-12-04 13:17:01 - [MESSAGE][PASSED] - Object 'Object Repository/PrimoTours/Old Objects/Coco (1)/PrimoT/SaveBooking2/Success/Page_Primo Tours  Danmarks bedste c/nextButtonOnLandingPage' is clickable

2017-12-04 13:17:01 - [TEST_STEP][PASSED] - waitForElementVisible: Object 'Object Repository/PrimoTours/Old Objects/Coco (1)/PrimoT/SaveBooking2/Success/Page_Primo Tours  Danmarks bedste c/nextButtonOnLandingPage' is visible

2017-12-04 13:17:01 - [MESSAGE][PASSED] - Object 'Object Repository/PrimoTours/Old Objects/Coco (1)/PrimoT/SaveBooking2/Success/Page_Primo Tours  Danmarks bedste c/nextButtonOnLandingPage' is visible

2017-12-04 13:17:01 - [TEST_STEP][PASSED] - scrollToElement: Scroll to object 'Object Repository/PrimoTours/Old Objects/Coco (1)/PrimoT/SaveBooking2/Success/Page_Primo Tours  Danmarks bedste c/nextButtonOnLandingPage' successfully

2017-12-04 13:17:01 - [MESSAGE][PASSED] - Scroll to object 'Object Repository/PrimoTours/Old Objects/Coco (1)/PrimoT/SaveBooking2/Success/Page_Primo Tours  Danmarks bedste c/nextButtonOnLandingPage' successfully

2017-12-04 13:17:01 - [TEST_STEP][PASSED] - click: Object: 'Object Repository/PrimoTours/Old Objects/Coco (1)/PrimoT/SaveBooking2/Success/Page_Primo Tours  Danmarks bedste c/nextButtonOnLandingPage' is clicked on

2017-12-04 13:17:01 - [MESSAGE][PASSED] - Object: 'Object Repository/PrimoTours/Old Objects/Coco (1)/PrimoT/SaveBooking2/Success/Page_Primo Tours  Danmarks bedste c/nextButtonOnLandingPage' is clicked on

2017-12-04 13:17:01 - [TEST_STEP][PASSED] - delay: Delayed 3 second(s)

2017-12-04 13:17:04 - [MESSAGE][PASSED] - Delayed 3 second(s)

2017-12-04 13:17:04 - [TEST_STEP][PASSED] - waitForElementNotVisible: Object 'Object Repository/PrimoTours/Old Objects/CCenter/pageLoaderOverlayLayer' is NOT visible

2017-12-04 13:17:04 - [MESSAGE][PASSED] - Object 'Object Repository/PrimoTours/Old Objects/CCenter/pageLoaderOverlayLayer' is NOT visible

2017-12-04 13:17:04 - [TEST_STEP][PASSED] - scrollToElement: Scroll to object 'Object Repository/PrimoTours/Old Objects/Coco/PrimoT/Ins2/Page_Primo Tours  Danmarks bedste c/travelInsuranceFirstPaxSelector' successfully

2017-12-04 13:17:04 - [MESSAGE][PASSED] - Scroll to object 'Object Repository/PrimoTours/Old Objects/Coco/PrimoT/Ins2/Page_Primo Tours  Danmarks bedste c/travelInsuranceFirstPaxSelector' successfully

2017-12-04 13:17:04 - [TEST_STEP][PASSED] - waitForElementPresent: Object 'Object Repository/PrimoTours/Old Objects/Coco/PrimoT/Ins2/Page_Primo Tours  Danmarks bedste c/travelInsuranceFirstPaxSelector' is present

2017-12-04 13:17:04 - [MESSAGE][PASSED] - Object 'Object Repository/PrimoTours/Old Objects/Coco/PrimoT/Ins2/Page_Primo Tours  Danmarks bedste c/travelInsuranceFirstPaxSelector' is present

2017-12-04 13:17:04 - [TEST_STEP][PASSED] - waitForElementVisible: Object 'Object Repository/PrimoTours/Old Objects/Coco/PrimoT/Ins2/Page_Primo Tours  Danmarks bedste c/travelInsuranceFirstPaxSelector' is visible

2017-12-04 13:17:04 - [MESSAGE][PASSED] - Object 'Object Repository/PrimoTours/Old Objects/Coco/PrimoT/Ins2/Page_Primo Tours  Danmarks bedste c/travelInsuranceFirstPaxSelector' is visible

2017-12-04 13:17:04 - [TEST_STEP][PASSED] - waitForElementClickable: Object 'Object Repository/PrimoTours/Old Objects/Coco/PrimoT/Ins2/Page_Primo Tours  Danmarks bedste c/travelInsuranceFirstPaxSelector' is clickable

2017-12-04 13:17:04 - [MESSAGE][PASSED] - Object 'Object Repository/PrimoTours/Old Objects/Coco/PrimoT/Ins2/Page_Primo Tours  Danmarks bedste c/travelInsuranceFirstPaxSelector' is clickable

2017-12-04 13:17:04 - [TEST_STEP][PASSED] - click: Object: 'Object Repository/PrimoTours/Old Objects/Coco/PrimoT/Ins2/Page_Primo Tours  Danmarks bedste c/travelInsuranceFirstPaxSelector' is clicked on

2017-12-04 13:17:04 - [MESSAGE][PASSED] - Object: 'Object Repository/PrimoTours/Old Objects/Coco/PrimoT/Ins2/Page_Primo Tours  Danmarks bedste c/travelInsuranceFirstPaxSelector' is clicked on

2017-12-04 13:17:04 - [TEST_STEP][PASSED] - Statement - Try: Object: 'Object Repository/PrimoTours/Old Objects/Coco/PrimoT/Ins2/Page_Primo Tours  Danmarks bedste c/firstTravelInsuranceOption' is clicked on

2017-12-04 13:17:04 - [TEST_STEP][PASSED] - click: Object: 'Object Repository/PrimoTours/Old Objects/Coco/PrimoT/Ins2/Page_Primo Tours  Danmarks bedste c/firstTravelInsuranceOption' is clicked on

2017-12-04 13:17:05 - [MESSAGE][PASSED] - Object: 'Object Repository/PrimoTours/Old Objects/Coco/PrimoT/Ins2/Page_Primo Tours  Danmarks bedste c/firstTravelInsuranceOption' is clicked on

2017-12-04 13:17:05 - [TEST_STEP][NOT_RUN] - click: NOT_RUN: click

2017-12-04 13:17:05 - [MESSAGE][NOT_RUN] - NOT_RUN: click

2017-12-04 13:17:05 - [TEST_STEP][NOT_RUN] - scrollToElement: NOT_RUN: scrollToElement

2017-12-04 13:17:05 - [MESSAGE][NOT_RUN] - NOT_RUN: scrollToElement

2017-12-04 13:17:05 - [TEST_STEP][NOT_RUN] - click: NOT_RUN: click

2017-12-04 13:17:05 - [MESSAGE][NOT_RUN] - NOT_RUN: click

2017-12-04 13:17:05 - [TEST_STEP][PASSED] - waitForElementVisible: Object 'Object Repository/PrimoTours/Old Objects/Coco (1)/PrimoT/SaveBooking2/Page_Primo Tours  Danmarks bedste c/individualInsuranceCheckbox' is visible

2017-12-04 13:17:05 - [MESSAGE][PASSED] - Object 'Object Repository/PrimoTours/Old Objects/Coco (1)/PrimoT/SaveBooking2/Page_Primo Tours  Danmarks bedste c/individualInsuranceCheckbox' is visible

2017-12-04 13:17:05 - [TEST_STEP][PASSED] - scrollToElement: Scroll to object 'Object Repository/PrimoTours/Old Objects/Coco (1)/PrimoT/SaveBooking2/Page_Primo Tours  Danmarks bedste c/individualInsuranceCheckbox' successfully

2017-12-04 13:17:05 - [MESSAGE][PASSED] - Scroll to object 'Object Repository/PrimoTours/Old Objects/Coco (1)/PrimoT/SaveBooking2/Page_Primo Tours  Danmarks bedste c/individualInsuranceCheckbox' successfully

2017-12-04 13:17:05 - [TEST_STEP][PASSED] - click: Object: 'Object Repository/PrimoTours/Old Objects/Coco (1)/PrimoT/SaveBooking2/Page_Primo Tours  Danmarks bedste c/individualInsuranceCheckbox' is clicked on

2017-12-04 13:17:05 - [MESSAGE][PASSED] - Object: 'Object Repository/PrimoTours/Old Objects/Coco (1)/PrimoT/SaveBooking2/Page_Primo Tours  Danmarks bedste c/individualInsuranceCheckbox' is clicked on

2017-12-04 13:17:05 - [TEST_STEP][PASSED] - scrollToElement: Scroll to object 'Object Repository/PrimoTours/Old Objects/Coco (1)/PrimoT/SaveBooking2/Success/firstProdCategIndividualSelectionRadioB' successfully

2017-12-04 13:17:05 - [MESSAGE][PASSED] - Scroll to object 'Object Repository/PrimoTours/Old Objects/Coco (1)/PrimoT/SaveBooking2/Success/firstProdCategIndividualSelectionRadioB' successfully

2017-12-04 13:17:05 - [TEST_STEP][PASSED] - waitForElementClickable: Object 'Object Repository/PrimoTours/Old Objects/Coco (1)/PrimoT/SaveBooking2/Success/firstProdCategIndividualSelectionRadioB' is clickable

2017-12-04 13:17:05 - [MESSAGE][PASSED] - Object 'Object Repository/PrimoTours/Old Objects/Coco (1)/PrimoT/SaveBooking2/Success/firstProdCategIndividualSelectionRadioB' is clickable

2017-12-04 13:17:05 - [TEST_STEP][PASSED] - scrollToElement: Scroll to object 'Object Repository/PrimoTours/Old Objects/Coco (1)/PrimoT/SaveBooking2/Success/firstProdCategIndividualSelectionRadioB' successfully

2017-12-04 13:17:05 - [MESSAGE][PASSED] - Scroll to object 'Object Repository/PrimoTours/Old Objects/Coco (1)/PrimoT/SaveBooking2/Success/firstProdCategIndividualSelectionRadioB' successfully

2017-12-04 13:17:05 - [TEST_STEP][PASSED] - click: Object: 'Object Repository/PrimoTours/Old Objects/Coco (1)/PrimoT/SaveBooking2/Success/firstProdCategIndividualSelectionRadioB' is clicked on

2017-12-04 13:17:05 - [MESSAGE][PASSED] - Object: 'Object Repository/PrimoTours/Old Objects/Coco (1)/PrimoT/SaveBooking2/Success/firstProdCategIndividualSelectionRadioB' is clicked on

2017-12-04 13:17:05 - [TEST_STEP][PASSED] - scrollToElement: Scroll to object 'Object Repository/PrimoTours/Old Objects/Coco (1)/PrimoT/SaveBooking2/Success/firstProdCategSelectForAllPaxCheckbox' successfully

2017-12-04 13:17:05 - [MESSAGE][PASSED] - Scroll to object 'Object Repository/PrimoTours/Old Objects/Coco (1)/PrimoT/SaveBooking2/Success/firstProdCategSelectForAllPaxCheckbox' successfully

2017-12-04 13:17:05 - [TEST_STEP][PASSED] - waitForElementClickable: Object 'Object Repository/PrimoTours/Old Objects/Coco (1)/PrimoT/SaveBooking2/Success/firstProdCategSelectForAllPaxCheckbox' is clickable

2017-12-04 13:17:05 - [MESSAGE][PASSED] - Object 'Object Repository/PrimoTours/Old Objects/Coco (1)/PrimoT/SaveBooking2/Success/firstProdCategSelectForAllPaxCheckbox' is clickable

2017-12-04 13:17:05 - [TEST_STEP][PASSED] - click: Object: 'Object Repository/PrimoTours/Old Objects/Coco (1)/PrimoT/SaveBooking2/Success/firstProdCategSelectForAllPaxCheckbox' is clicked on

2017-12-04 13:17:06 - [MESSAGE][PASSED] - Object: 'Object Repository/PrimoTours/Old Objects/Coco (1)/PrimoT/SaveBooking2/Success/firstProdCategSelectForAllPaxCheckbox' is clicked on

2017-12-04 13:17:06 - [TEST_STEP][NOT_RUN] - scrollToElement: NOT_RUN: scrollToElement

2017-12-04 13:17:06 - [MESSAGE][NOT_RUN] - NOT_RUN: scrollToElement

2017-12-04 13:17:06 - [TEST_STEP][NOT_RUN] - scrollToElement: NOT_RUN: scrollToElement

2017-12-04 13:17:06 - [MESSAGE][NOT_RUN] - NOT_RUN: scrollToElement

2017-12-04 13:17:06 - [TEST_STEP][NOT_RUN] - click: NOT_RUN: click

2017-12-04 13:17:06 - [MESSAGE][NOT_RUN] - NOT_RUN: click

2017-12-04 13:17:06 - [TEST_STEP][PASSED] - scrollToElement: Scroll to object 'Object Repository/PrimoTours/ConfirmationPage/agreeTermsAndCondCheckbox' successfully

2017-12-04 13:17:06 - [MESSAGE][PASSED] - Scroll to object 'Object Repository/PrimoTours/ConfirmationPage/agreeTermsAndCondCheckbox' successfully

2017-12-04 13:17:06 - [TEST_STEP][PASSED] - waitForElementClickable: Object 'Object Repository/PrimoTours/ConfirmationPage/agreeTermsAndCondCheckbox' is clickable

2017-12-04 13:17:06 - [MESSAGE][PASSED] - Object 'Object Repository/PrimoTours/ConfirmationPage/agreeTermsAndCondCheckbox' is clickable

2017-12-04 13:17:06 - [TEST_STEP][PASSED] - click: Object: 'Object Repository/PrimoTours/ConfirmationPage/agreeTermsAndCondCheckbox' is clicked on

2017-12-04 13:17:06 - [MESSAGE][PASSED] - Object: 'Object Repository/PrimoTours/ConfirmationPage/agreeTermsAndCondCheckbox' is clicked on

2017-12-04 13:17:06 - [TEST_STEP][PASSED] - scrollToElement: Scroll to object 'Object Repository/PrimoTours/ConfirmationPage/placeBookingButton' successfully

2017-12-04 13:17:06 - [MESSAGE][PASSED] - Scroll to object 'Object Repository/PrimoTours/ConfirmationPage/placeBookingButton' successfully

2017-12-04 13:17:06 - [TEST_STEP][PASSED] - delay: Delayed 1 second(s)

2017-12-04 13:17:07 - [MESSAGE][PASSED] - Delayed 1 second(s)

2017-12-04 13:17:07 - [TEST_STEP][PASSED] - waitForElementClickable: Object 'Object Repository/PrimoTours/ConfirmationPage/placeBookingButton' is clickable

2017-12-04 13:17:07 - [MESSAGE][PASSED] - Object 'Object Repository/PrimoTours/ConfirmationPage/placeBookingButton' is clickable

2017-12-04 13:17:07 - [TEST_STEP][PASSED] - Statement - Try: Object: 'Object Repository/PrimoTours/ConfirmationPage/placeBookingButton' is clicked on

2017-12-04 13:17:07 - [TEST_STEP][PASSED] - click: Object: 'Object Repository/PrimoTours/ConfirmationPage/placeBookingButton' is clicked on

2017-12-04 13:17:07 - [MESSAGE][PASSED] - Object: 'Object Repository/PrimoTours/ConfirmationPage/placeBookingButton' is clicked on

2017-12-04 13:17:07 - [TEST_STEP][PASSED] - delay: Delayed 2 second(s)

2017-12-04 13:17:09 - [MESSAGE][PASSED] - Delayed 2 second(s)

2017-12-04 13:17:09 - [TEST_STEP][PASSED] - waitForPageLoad: Wait for page load successfully

2017-12-04 13:17:09 - [MESSAGE][PASSED] - Wait for page load successfully

2017-12-04 13:17:09 - [TEST_STEP][PASSED] - waitForJQueryLoad: jQuery is ready.

2017-12-04 13:17:11 - [MESSAGE][PASSED] - jQuery is ready.

2017-12-04 13:17:11 - [TEST_STEP][PASSED] - waitForElementPresent: Object 'Object Repository/PrimoTours/Old Objects/CCenter/pageLoaderOverlayLayer' is present

2017-12-04 13:17:11 - [MESSAGE][PASSED] - Object 'Object Repository/PrimoTours/Old Objects/CCenter/pageLoaderOverlayLayer' is present

2017-12-04 13:17:11 - [TEST_STEP][PASSED] - waitForElementNotVisible: Unable to wait for object 'Object Repository/PrimoTours/Old Objects/CCenter/pageLoaderOverlayLayer' to be NOT visible (Root cause: org.openqa.selenium.StaleElementReferenceException: stale element reference: element is not attached to the page document
  (Session info: chrome=62.0.3202.94)
  (Driver info: chromedriver=2.33.506120 (e3e53437346286c0bc2d2dc9aa4915ba81d9023f),platform=Windows NT 6.3.9600 x86_64) (WARNING: The server did not provide any stacktrace information)
Command duration or timeout: 0 milliseconds
For documentation on this error, please visit: http://seleniumhq.org/exceptions/stale_element_reference.html
Build info: version: '3.7.1', revision: '8a0099a', time: '2017-11-06T21:07:36.161Z'
System info: host: 'NEACSUNEW-PC', ip: '10.10.10.211', os.name: 'Windows 8.1', os.arch: 'amd64', os.version: '6.3', java.version: '1.8.0_102'
Driver info: com.kms.katalon.selenium.driver.CChromeDriver
Capabilities {acceptSslCerts: true, applicationCacheEnabled: false, browserConnectionEnabled: false, browserName: chrome, chrome: {chromedriverVersion: 2.33.506120 (e3e53437346286..., userDataDir: C:\Users\Cornel\AppData\Loc...}, cssSelectorsEnabled: true, databaseEnabled: false, handlesAlerts: true, hasTouchScreen: false, javascriptEnabled: true, locationContextEnabled: true, mobileEmulationEnabled: false, nativeEvents: true, networkConnectionEnabled: false, pageLoadStrategy: normal, platform: XP, platformName: XP, rotatable: false, setWindowRect: true, takesHeapSnapshot: true, takesScreenshot: true, unexpectedAlertBehaviour: , unhandledPromptBehavior: , version: 62.0.3202.94, webStorageEnabled: true}
Session ID: b6ce1644e877b815f88c299bb6192a5c)

2017-12-04 13:17:13 - [MESSAGE][WARNING] - Unable to wait for object 'Object Repository/PrimoTours/Old Objects/CCenter/pageLoaderOverlayLayer' to be NOT visible (Root cause: org.openqa.selenium.StaleElementReferenceException: stale element reference: element is not attached to the page document
  (Session info: chrome=62.0.3202.94)
  (Driver info: chromedriver=2.33.506120 (e3e53437346286c0bc2d2dc9aa4915ba81d9023f),platform=Windows NT 6.3.9600 x86_64) (WARNING: The server did not provide any stacktrace information)
Command duration or timeout: 0 milliseconds
For documentation on this error, please visit: http://seleniumhq.org/exceptions/stale_element_reference.html
Build info: version: '3.7.1', revision: '8a0099a', time: '2017-11-06T21:07:36.161Z'
System info: host: 'NEACSUNEW-PC', ip: '10.10.10.211', os.name: 'Windows 8.1', os.arch: 'amd64', os.version: '6.3', java.version: '1.8.0_102'
Driver info: com.kms.katalon.selenium.driver.CChromeDriver
Capabilities {acceptSslCerts: true, applicationCacheEnabled: false, browserConnectionEnabled: false, browserName: chrome, chrome: {chromedriverVersion: 2.33.506120 (e3e53437346286..., userDataDir: C:\Users\Cornel\AppData\Loc...}, cssSelectorsEnabled: true, databaseEnabled: false, handlesAlerts: true, hasTouchScreen: false, javascriptEnabled: true, locationContextEnabled: true, mobileEmulationEnabled: false, nativeEvents: true, networkConnectionEnabled: false, pageLoadStrategy: normal, platform: XP, platformName: XP, rotatable: false, setWindowRect: true, takesHeapSnapshot: true, takesScreenshot: true, unexpectedAlertBehaviour: , unhandledPromptBehavior: , version: 62.0.3202.94, webStorageEnabled: true}
Session ID: b6ce1644e877b815f88c299bb6192a5c)
[[ATTACHMENT|D:\\Software testing\\Tourpaq\\Automated Katalon tests\\Primo WB test\\Reports\\WB Primo From Excel URLs\\20171204_131551\\1512386232660.png]]

2017-12-04 13:17:13 - [TEST_STEP][PASSED] - waitForElementPresent: Object 'Object Repository/PrimoTours/Old Objects/ThankYouPage/bookingNoContainer' is present

2017-12-04 13:17:14 - [MESSAGE][PASSED] - Object 'Object Repository/PrimoTours/Old Objects/ThankYouPage/bookingNoContainer' is present

2017-12-04 13:17:14 - [TEST_STEP][PASSED] - waitForElementClickable: Object 'Object Repository/PrimoTours/Old Objects/ThankYouPage/bookingNoContainer' is clickable

2017-12-04 13:17:14 - [MESSAGE][PASSED] - Object 'Object Repository/PrimoTours/Old Objects/ThankYouPage/bookingNoContainer' is clickable

2017-12-04 13:17:14 - [TEST_STEP][PASSED] - verifyElementVisible: Object 'Object Repository/PrimoTours/Old Objects/ThankYouPage/bookingNoContainer' is visible

2017-12-04 13:17:14 - [MESSAGE][PASSED] - Object 'Object Repository/PrimoTours/Old Objects/ThankYouPage/bookingNoContainer' is visible

2017-12-04 13:17:14 - [TEST_STEP][PASSED] - verifyElementVisible: Object 'Object Repository/PrimoTours/Old Objects/ThankYouPage/bookingTotalInfo' is visible

2017-12-04 13:17:14 - [MESSAGE][PASSED] - Object 'Object Repository/PrimoTours/Old Objects/ThankYouPage/bookingTotalInfo' is visible

2017-12-04 13:17:14 - [TEST_STEP][PASSED] - verifyElementVisible: Object 'Object Repository/PrimoTours/Old Objects/ThankYouPage/bookingTotalPriceBar' is visible

2017-12-04 13:17:14 - [MESSAGE][PASSED] - Object 'Object Repository/PrimoTours/Old Objects/ThankYouPage/bookingTotalPriceBar' is visible

2017-12-04 13:17:14 - [TEST_STEP][PASSED] - verifyElementVisible: Object 'Object Repository/PrimoTours/Old Objects/ThankYouPage/printTicketSpan' is visible

2017-12-04 13:17:14 - [MESSAGE][PASSED] - Object 'Object Repository/PrimoTours/Old Objects/ThankYouPage/printTicketSpan' is visible

2017-12-04 13:17:14 - [TEST_STEP][PASSED] - waitForElementClickable: Object 'Object Repository/PrimoTours/Old Objects/ThankYouPage/printTicketSpan' is clickable

2017-12-04 13:17:14 - [MESSAGE][PASSED] - Object 'Object Repository/PrimoTours/Old Objects/ThankYouPage/printTicketSpan' is clickable

2017-12-04 13:17:14 - [TEST_STEP][FAILED] - Statement - Try: Unable to click on object 'Object Repository/PrimoTours/Old Objects/ThankYouPage/printTicketSpan' (Root cause: org.openqa.selenium.WebDriverException: unknown error: Element <span id="printTicketSpan" data-bind="text: tourpaq.bookingEngine.languageStaticResources.PrintReceipt">...</span> is not clickable at point (508, 319). Other element would receive the click: <div class="se-pre-con" id="booking-overlay"></div>
  (Session info: chrome=62.0.3202.94)
  (Driver info: chromedriver=2.33.506120 (e3e53437346286c0bc2d2dc9aa4915ba81d9023f),platform=Windows NT 6.3.9600 x86_64) (WARNING: The server did not provide any stacktrace information)
Command duration or timeout: 0 milliseconds
Build info: version: '3.7.1', revision: '8a0099a', time: '2017-11-06T21:07:36.161Z'
System info: host: 'NEACSUNEW-PC', ip: '10.10.10.211', os.name: 'Windows 8.1', os.arch: 'amd64', os.version: '6.3', java.version: '1.8.0_102'
Driver info: com.kms.katalon.selenium.driver.CChromeDriver
Capabilities {acceptSslCerts: true, applicationCacheEnabled: false, browserConnectionEnabled: false, browserName: chrome, chrome: {chromedriverVersion: 2.33.506120 (e3e53437346286..., userDataDir: C:\Users\Cornel\AppData\Loc...}, cssSelectorsEnabled: true, databaseEnabled: false, handlesAlerts: true, hasTouchScreen: false, javascriptEnabled: true, locationContextEnabled: true, mobileEmulationEnabled: false, nativeEvents: true, networkConnectionEnabled: false, pageLoadStrategy: normal, platform: XP, platformName: XP, rotatable: false, setWindowRect: true, takesHeapSnapshot: true, takesScreenshot: true, unexpectedAlertBehaviour: , unhandledPromptBehavior: , version: 62.0.3202.94, webStorageEnabled: true}
Session ID: b6ce1644e877b815f88c299bb6192a5c)

2017-12-04 13:17:14 - [TEST_STEP][FAILED] - click: Unable to click on object 'Object Repository/PrimoTours/Old Objects/ThankYouPage/printTicketSpan' (Root cause: org.openqa.selenium.WebDriverException: unknown error: Element <span id="printTicketSpan" data-bind="text: tourpaq.bookingEngine.languageStaticResources.PrintReceipt">...</span> is not clickable at point (508, 319). Other element would receive the click: <div class="se-pre-con" id="booking-overlay"></div>
  (Session info: chrome=62.0.3202.94)
  (Driver info: chromedriver=2.33.506120 (e3e53437346286c0bc2d2dc9aa4915ba81d9023f),platform=Windows NT 6.3.9600 x86_64) (WARNING: The server did not provide any stacktrace information)
Command duration or timeout: 0 milliseconds
Build info: version: '3.7.1', revision: '8a0099a', time: '2017-11-06T21:07:36.161Z'
System info: host: 'NEACSUNEW-PC', ip: '10.10.10.211', os.name: 'Windows 8.1', os.arch: 'amd64', os.version: '6.3', java.version: '1.8.0_102'
Driver info: com.kms.katalon.selenium.driver.CChromeDriver
Capabilities {acceptSslCerts: true, applicationCacheEnabled: false, browserConnectionEnabled: false, browserName: chrome, chrome: {chromedriverVersion: 2.33.506120 (e3e53437346286..., userDataDir: C:\Users\Cornel\AppData\Loc...}, cssSelectorsEnabled: true, databaseEnabled: false, handlesAlerts: true, hasTouchScreen: false, javascriptEnabled: true, locationContextEnabled: true, mobileEmulationEnabled: false, nativeEvents: true, networkConnectionEnabled: false, pageLoadStrategy: normal, platform: XP, platformName: XP, rotatable: false, setWindowRect: true, takesHeapSnapshot: true, takesScreenshot: true, unexpectedAlertBehaviour: , unhandledPromptBehavior: , version: 62.0.3202.94, webStorageEnabled: true}
Session ID: b6ce1644e877b815f88c299bb6192a5c)

2017-12-04 13:17:15 - [MESSAGE][FAILED] - Unable to click on object 'Object Repository/PrimoTours/Old Objects/ThankYouPage/printTicketSpan' (Root cause: org.openqa.selenium.WebDriverException: unknown error: Element <span id="printTicketSpan" data-bind="text: tourpaq.bookingEngine.languageStaticResources.PrintReceipt">...</span> is not clickable at point (508, 319). Other element would receive the click: <div class="se-pre-con" id="booking-overlay"></div>
  (Session info: chrome=62.0.3202.94)
  (Driver info: chromedriver=2.33.506120 (e3e53437346286c0bc2d2dc9aa4915ba81d9023f),platform=Windows NT 6.3.9600 x86_64) (WARNING: The server did not provide any stacktrace information)
Command duration or timeout: 0 milliseconds
Build info: version: '3.7.1', revision: '8a0099a', time: '2017-11-06T21:07:36.161Z'
System info: host: 'NEACSUNEW-PC', ip: '10.10.10.211', os.name: 'Windows 8.1', os.arch: 'amd64', os.version: '6.3', java.version: '1.8.0_102'
Driver info: com.kms.katalon.selenium.driver.CChromeDriver
Capabilities {acceptSslCerts: true, applicationCacheEnabled: false, browserConnectionEnabled: false, browserName: chrome, chrome: {chromedriverVersion: 2.33.506120 (e3e53437346286..., userDataDir: C:\Users\Cornel\AppData\Loc...}, cssSelectorsEnabled: true, databaseEnabled: false, handlesAlerts: true, hasTouchScreen: false, javascriptEnabled: true, locationContextEnabled: true, mobileEmulationEnabled: false, nativeEvents: true, networkConnectionEnabled: false, pageLoadStrategy: normal, platform: XP, platformName: XP, rotatable: false, setWindowRect: true, takesHeapSnapshot: true, takesScreenshot: true, unexpectedAlertBehaviour: , unhandledPromptBehavior: , version: 62.0.3202.94, webStorageEnabled: true}
Session ID: b6ce1644e877b815f88c299bb6192a5c)
[[ATTACHMENT|D:\\Software testing\\Tourpaq\\Automated Katalon tests\\Primo WB test\\Reports\\WB Primo From Excel URLs\\20171204_131551\\1512386235017.png]]

2017-12-04 13:17:15 - [TEST_STEP][FAILED] - Statement - Catch (Exception e): Unable to click on object 'Object Repository/PrimoTours/Old Objects/ThankYouPage/printTicketSpan' (Root cause: org.openqa.selenium.WebDriverException: unknown error: Element <span id="printTicketSpan" data-bind="text: tourpaq.bookingEngine.languageStaticResources.PrintReceipt">...</span> is not clickable at point (508, 319). Other element would receive the click: <div class="se-pre-con" id="booking-overlay" style="opacity: 0.000986636;"></div>
  (Session info: chrome=62.0.3202.94)
  (Driver info: chromedriver=2.33.506120 (e3e53437346286c0bc2d2dc9aa4915ba81d9023f),platform=Windows NT 6.3.9600 x86_64) (WARNING: The server did not provide any stacktrace information)
Command duration or timeout: 0 milliseconds
Build info: version: '3.7.1', revision: '8a0099a', time: '2017-11-06T21:07:36.161Z'
System info: host: 'NEACSUNEW-PC', ip: '10.10.10.211', os.name: 'Windows 8.1', os.arch: 'amd64', os.version: '6.3', java.version: '1.8.0_102'
Driver info: com.kms.katalon.selenium.driver.CChromeDriver
Capabilities {acceptSslCerts: true, applicationCacheEnabled: false, browserConnectionEnabled: false, browserName: chrome, chrome: {chromedriverVersion: 2.33.506120 (e3e53437346286..., userDataDir: C:\Users\Cornel\AppData\Loc...}, cssSelectorsEnabled: true, databaseEnabled: false, handlesAlerts: true, hasTouchScreen: false, javascriptEnabled: true, locationContextEnabled: true, mobileEmulationEnabled: false, nativeEvents: true, networkConnectionEnabled: false, pageLoadStrategy: normal, platform: XP, platformName: XP, rotatable: false, setWindowRect: true, takesHeapSnapshot: true, takesScreenshot: true, unexpectedAlertBehaviour: , unhandledPromptBehavior: , version: 62.0.3202.94, webStorageEnabled: true}
Session ID: b6ce1644e877b815f88c299bb6192a5c)

2017-12-04 13:17:15 - [TEST_STEP][FAILED] - click: Unable to click on object 'Object Repository/PrimoTours/Old Objects/ThankYouPage/printTicketSpan' (Root cause: org.openqa.selenium.WebDriverException: unknown error: Element <span id="printTicketSpan" data-bind="text: tourpaq.bookingEngine.languageStaticResources.PrintReceipt">...</span> is not clickable at point (508, 319). Other element would receive the click: <div class="se-pre-con" id="booking-overlay" style="opacity: 0.000986636;"></div>
  (Session info: chrome=62.0.3202.94)
  (Driver info: chromedriver=2.33.506120 (e3e53437346286c0bc2d2dc9aa4915ba81d9023f),platform=Windows NT 6.3.9600 x86_64) (WARNING: The server did not provide any stacktrace information)
Command duration or timeout: 0 milliseconds
Build info: version: '3.7.1', revision: '8a0099a', time: '2017-11-06T21:07:36.161Z'
System info: host: 'NEACSUNEW-PC', ip: '10.10.10.211', os.name: 'Windows 8.1', os.arch: 'amd64', os.version: '6.3', java.version: '1.8.0_102'
Driver info: com.kms.katalon.selenium.driver.CChromeDriver
Capabilities {acceptSslCerts: true, applicationCacheEnabled: false, browserConnectionEnabled: false, browserName: chrome, chrome: {chromedriverVersion: 2.33.506120 (e3e53437346286..., userDataDir: C:\Users\Cornel\AppData\Loc...}, cssSelectorsEnabled: true, databaseEnabled: false, handlesAlerts: true, hasTouchScreen: false, javascriptEnabled: true, locationContextEnabled: true, mobileEmulationEnabled: false, nativeEvents: true, networkConnectionEnabled: false, pageLoadStrategy: normal, platform: XP, platformName: XP, rotatable: false, setWindowRect: true, takesHeapSnapshot: true, takesScreenshot: true, unexpectedAlertBehaviour: , unhandledPromptBehavior: , version: 62.0.3202.94, webStorageEnabled: true}
Session ID: b6ce1644e877b815f88c299bb6192a5c)

2017-12-04 13:17:16 - [MESSAGE][FAILED] - Unable to click on object 'Object Repository/PrimoTours/Old Objects/ThankYouPage/printTicketSpan' (Root cause: org.openqa.selenium.WebDriverException: unknown error: Element <span id="printTicketSpan" data-bind="text: tourpaq.bookingEngine.languageStaticResources.PrintReceipt">...</span> is not clickable at point (508, 319). Other element would receive the click: <div class="se-pre-con" id="booking-overlay" style="opacity: 0.000986636;"></div>
  (Session info: chrome=62.0.3202.94)
  (Driver info: chromedriver=2.33.506120 (e3e53437346286c0bc2d2dc9aa4915ba81d9023f),platform=Windows NT 6.3.9600 x86_64) (WARNING: The server did not provide any stacktrace information)
Command duration or timeout: 0 milliseconds
Build info: version: '3.7.1', revision: '8a0099a', time: '2017-11-06T21:07:36.161Z'
System info: host: 'NEACSUNEW-PC', ip: '10.10.10.211', os.name: 'Windows 8.1', os.arch: 'amd64', os.version: '6.3', java.version: '1.8.0_102'
Driver info: com.kms.katalon.selenium.driver.CChromeDriver
Capabilities {acceptSslCerts: true, applicationCacheEnabled: false, browserConnectionEnabled: false, browserName: chrome, chrome: {chromedriverVersion: 2.33.506120 (e3e53437346286..., userDataDir: C:\Users\Cornel\AppData\Loc...}, cssSelectorsEnabled: true, databaseEnabled: false, handlesAlerts: true, hasTouchScreen: false, javascriptEnabled: true, locationContextEnabled: true, mobileEmulationEnabled: false, nativeEvents: true, networkConnectionEnabled: false, pageLoadStrategy: normal, platform: XP, platformName: XP, rotatable: false, setWindowRect: true, takesHeapSnapshot: true, takesScreenshot: true, unexpectedAlertBehaviour: , unhandledPromptBehavior: , version: 62.0.3202.94, webStorageEnabled: true}
Session ID: b6ce1644e877b815f88c299bb6192a5c)
[[ATTACHMENT|D:\\Software testing\\Tourpaq\\Automated Katalon tests\\Primo WB test\\Reports\\WB Primo From Excel URLs\\20171204_131551\\1512386235629.png]]]]></system-out>
         <system-err><![CDATA[2017-12-04 13:16:49 - [TEST_CASE][FAILED] - Test Cases/PrimoTours/WB Primo/WB Primo staging - place booking - Iteration 3: Test Cases/PrimoTours/WB Primo/WB Primo staging - place booking FAILED because (of) Unable to click on object 'Object Repository/PrimoTours/Old Objects/ThankYouPage/printTicketSpan' (Root cause: org.openqa.selenium.WebDriverException: unknown error: Element <span id="printTicketSpan" data-bind="text: tourpaq.bookingEngine.languageStaticResources.PrintReceipt">...</span> is not clickable at point (508, 319). Other element would receive the click: <div class="se-pre-con" id="booking-overlay" style="opacity: 0.000986636;"></div>
  (Session info: chrome=62.0.3202.94)
  (Driver info: chromedriver=2.33.506120 (e3e53437346286c0bc2d2dc9aa4915ba81d9023f),platform=Windows NT 6.3.9600 x86_64) (WARNING: The server did not provide any stacktrace information)
Command duration or timeout: 0 milliseconds
Build info: version: '3.7.1', revision: '8a0099a', time: '2017-11-06T21:07:36.161Z'
System info: host: 'NEACSUNEW-PC', ip: '10.10.10.211', os.name: 'Windows 8.1', os.arch: 'amd64', os.version: '6.3', java.version: '1.8.0_102'
Driver info: com.kms.katalon.selenium.driver.CChromeDriver
Capabilities {acceptSslCerts: true, applicationCacheEnabled: false, browserConnectionEnabled: false, browserName: chrome, chrome: {chromedriverVersion: 2.33.506120 (e3e53437346286..., userDataDir: C:\Users\Cornel\AppData\Loc...}, cssSelectorsEnabled: true, databaseEnabled: false, handlesAlerts: true, hasTouchScreen: false, javascriptEnabled: true, locationContextEnabled: true, mobileEmulationEnabled: false, nativeEvents: true, networkConnectionEnabled: false, pageLoadStrategy: normal, platform: XP, platformName: XP, rotatable: false, setWindowRect: true, takesHeapSnapshot: true, takesScreenshot: true, unexpectedAlertBehaviour: , unhandledPromptBehavior: , version: 62.0.3202.94, webStorageEnabled: true}
Session ID: b6ce1644e877b815f88c299bb6192a5c)]]></system-err>
      </testcase>
      <testcase name="Test Cases/PrimoTours/WB Primo/WB Primo staging - place booking - Iteration 4" classname="Test Cases/PrimoTours/WB Primo/WB Primo staging - place booking" status="FAILED">
         <failure type="FAILED" message="Test Cases/PrimoTours/WB Primo/WB Primo staging - place booking FAILED because (of) Unable to click on object 'Object Repository/PrimoTours/Old Objects/ThankYouPage/printTicketSpan' (Root cause: org.openqa.selenium.WebDriverException: unknown error: Element &lt;span id=&quot;printTicketSpan&quot; data-bind=&quot;text: tourpaq.bookingEngine.languageStaticResources.PrintReceipt&quot;>...&lt;/span> is not clickable at point (508, 319). Other element would receive the click: &lt;div class=&quot;se-pre-con&quot; id=&quot;booking-overlay&quot; style=&quot;opacity: 0.759014;&quot;>&lt;/div>
  (Session info: chrome=62.0.3202.94)
  (Driver info: chromedriver=2.33.506120 (e3e53437346286c0bc2d2dc9aa4915ba81d9023f),platform=Windows NT 6.3.9600 x86_64) (WARNING: The server did not provide any stacktrace information)
Command duration or timeout: 0 milliseconds
Build info: version: '3.7.1', revision: '8a0099a', time: '2017-11-06T21:07:36.161Z'
System info: host: 'NEACSUNEW-PC', ip: '10.10.10.211', os.name: 'Windows 8.1', os.arch: 'amd64', os.version: '6.3', java.version: '1.8.0_102'
Driver info: com.kms.katalon.selenium.driver.CChromeDriver
Capabilities {acceptSslCerts: true, applicationCacheEnabled: false, browserConnectionEnabled: false, browserName: chrome, chrome: {chromedriverVersion: 2.33.506120 (e3e53437346286..., userDataDir: C:\Users\Cornel\AppData\Loc...}, cssSelectorsEnabled: true, databaseEnabled: false, handlesAlerts: true, hasTouchScreen: false, javascriptEnabled: true, locationContextEnabled: true, mobileEmulationEnabled: false, nativeEvents: true, networkConnectionEnabled: false, pageLoadStrategy: normal, platform: XP, platformName: XP, rotatable: false, setWindowRect: true, takesHeapSnapshot: true, takesScreenshot: true, unexpectedAlertBehaviour: , unhandledPromptBehavior: , version: 62.0.3202.94, webStorageEnabled: true}
Session ID: 418508b3fe9c6c4ce73bea3d17bcbfeb)"/>
         <system-out><![CDATA[2017-12-04 13:17:16 - [TEST_CASE][FAILED] - Test Cases/PrimoTours/WB Primo/WB Primo staging - place booking - Iteration 4: Test Cases/PrimoTours/WB Primo/WB Primo staging - place booking FAILED because (of) Unable to click on object 'Object Repository/PrimoTours/Old Objects/ThankYouPage/printTicketSpan' (Root cause: org.openqa.selenium.WebDriverException: unknown error: Element <span id="printTicketSpan" data-bind="text: tourpaq.bookingEngine.languageStaticResources.PrintReceipt">...</span> is not clickable at point (508, 319). Other element would receive the click: <div class="se-pre-con" id="booking-overlay" style="opacity: 0.759014;"></div>
  (Session info: chrome=62.0.3202.94)
  (Driver info: chromedriver=2.33.506120 (e3e53437346286c0bc2d2dc9aa4915ba81d9023f),platform=Windows NT 6.3.9600 x86_64) (WARNING: The server did not provide any stacktrace information)
Command duration or timeout: 0 milliseconds
Build info: version: '3.7.1', revision: '8a0099a', time: '2017-11-06T21:07:36.161Z'
System info: host: 'NEACSUNEW-PC', ip: '10.10.10.211', os.name: 'Windows 8.1', os.arch: 'amd64', os.version: '6.3', java.version: '1.8.0_102'
Driver info: com.kms.katalon.selenium.driver.CChromeDriver
Capabilities {acceptSslCerts: true, applicationCacheEnabled: false, browserConnectionEnabled: false, browserName: chrome, chrome: {chromedriverVersion: 2.33.506120 (e3e53437346286..., userDataDir: C:\Users\Cornel\AppData\Loc...}, cssSelectorsEnabled: true, databaseEnabled: false, handlesAlerts: true, hasTouchScreen: false, javascriptEnabled: true, locationContextEnabled: true, mobileEmulationEnabled: false, nativeEvents: true, networkConnectionEnabled: false, pageLoadStrategy: normal, platform: XP, platformName: XP, rotatable: false, setWindowRect: true, takesHeapSnapshot: true, takesScreenshot: true, unexpectedAlertBehaviour: , unhandledPromptBehavior: , version: 62.0.3202.94, webStorageEnabled: true}
Session ID: 418508b3fe9c6c4ce73bea3d17bcbfeb)

2017-12-04 13:17:16 - [TEST_STEP][PASSED] - openBrowser: Browser is opened with url: ''

2017-12-04 13:17:16 - [MESSAGE][WARNING] - A browser is already opened. Closing browser and opening a new one

2017-12-04 13:17:18 - [MESSAGE][PASSED] - Browser is opened with url: ''

2017-12-04 13:17:19 - [TEST_STEP][PASSED] - maximizeWindow: Current window maximized

2017-12-04 13:17:20 - [MESSAGE][PASSED] - Current window maximized

2017-12-04 13:17:20 - [TEST_STEP][PASSED] - navigateToUrl: Navigate to 'https://staging-primotours-webbooking.tourpaq.com/DoBooking.aspx?pltaID=1480269&p=1&rno=2&pt=1&a=4&c=4&aa=&ca=1,4|0,5' successfully

2017-12-04 13:17:22 - [MESSAGE][PASSED] - Navigate to 'https://staging-primotours-webbooking.tourpaq.com/DoBooking.aspx?pltaID=1480269&p=1&rno=2&pt=1&a=4&c=4&aa=&ca=1,4|0,5' successfully

2017-12-04 13:17:22 - [TEST_STEP][PASSED] - Statement - excelInfo = ["fname":"", "lname":"", "pgender":"", "pday":"", "pmonth":"", "pyear":""]: null

2017-12-04 13:17:22 - [TEST_STEP][PASSED] - Statement - rawData = com.kms.katalon.core.testdata.TestDataFactory.findTestData("Data Files/WB_Primo/Passenger_details"): Reading excel file with source file 'D:\Software testing\Tourpaq\Automated Katalon tests\Primo WB test\Data Files\Primo_URLs_For_Automated_Test.xls' and sheet name 'Passenger Names'

2017-12-04 13:17:22 - [TEST_STEP][PASSED] - Statement - excelRowNo = rawData.getRowNumbers(): null

2017-12-04 13:17:22 - [TEST_STEP][PASSED] - Statement - randomPaxIndex = java.lang.Math.abs(new java.util.Random().nextInt() % excelRowNo) + 1: null

2017-12-04 13:17:22 - [TEST_STEP][PASSED] - Statement - fname = rawData.getValue("FirstName", randomPaxIndex): null

2017-12-04 13:17:22 - [TEST_STEP][PASSED] - Statement - lname = rawData.getValue("LastName", randomPaxIndex): null

2017-12-04 13:17:22 - [TEST_STEP][PASSED] - Statement - pgender = rawData.getValue("Gender", randomPaxIndex): null

2017-12-04 13:17:22 - [TEST_STEP][PASSED] - setText: Text 'Basse Hansen AUT' is set on object 'Object Repository/PrimoTours/Old Objects/Coco/PrimoT/Page_Primo Tours  Danmarks bedste c/input_firstName'

2017-12-04 13:17:23 - [MESSAGE][PASSED] - Text 'Basse Hansen AUT' is set on object 'Object Repository/PrimoTours/Old Objects/Coco/PrimoT/Page_Primo Tours  Danmarks bedste c/input_firstName'

2017-12-04 13:17:23 - [TEST_STEP][PASSED] - setText: Text 'Andreas' is set on object 'Object Repository/PrimoTours/Old Objects/Coco/PrimoT/Page_Primo Tours  Danmarks bedste c/input_lastName'

2017-12-04 13:17:23 - [MESSAGE][PASSED] - Text 'Andreas' is set on object 'Object Repository/PrimoTours/Old Objects/Coco/PrimoT/Page_Primo Tours  Danmarks bedste c/input_lastName'

2017-12-04 13:17:23 - [TEST_STEP][PASSED] - click: Object: 'Object Repository/PrimoTours/LandingPage/customerGender' is clicked on

2017-12-04 13:17:23 - [MESSAGE][PASSED] - Object: 'Object Repository/PrimoTours/LandingPage/customerGender' is clicked on

2017-12-04 13:17:23 - [TEST_STEP][PASSED] - setText: Text 'Home address' is set on object 'Object Repository/PrimoTours/Old Objects/Coco/PrimoT/Page_Primo Tours  Danmarks bedste c/input_customerAddress'

2017-12-04 13:17:23 - [MESSAGE][PASSED] - Text 'Home address' is set on object 'Object Repository/PrimoTours/Old Objects/Coco/PrimoT/Page_Primo Tours  Danmarks bedste c/input_customerAddress'

2017-12-04 13:17:23 - [TEST_STEP][PASSED] - setText: Text '6700' is set on object 'Object Repository/PrimoTours/Old Objects/Coco/PrimoT/Page_Primo Tours  Danmarks bedste c/input_customerPostcode'

2017-12-04 13:17:24 - [MESSAGE][PASSED] - Text '6700' is set on object 'Object Repository/PrimoTours/Old Objects/Coco/PrimoT/Page_Primo Tours  Danmarks bedste c/input_customerPostcode'

2017-12-04 13:17:24 - [TEST_STEP][PASSED] - setText: Text 'cornel.neacsu@roweb.ro' is set on object 'Object Repository/PrimoTours/Old Objects/Coco/PrimoT/Page_Primo Tours  Danmarks bedste c/input_customerEmail'

2017-12-04 13:17:24 - [MESSAGE][PASSED] - Text 'cornel.neacsu@roweb.ro' is set on object 'Object Repository/PrimoTours/Old Objects/Coco/PrimoT/Page_Primo Tours  Danmarks bedste c/input_customerEmail'

2017-12-04 13:17:24 - [TEST_STEP][PASSED] - setText: Text '12345678' is set on object 'Object Repository/PrimoTours/Old Objects/Coco/PrimoT/Page_Primo Tours  Danmarks bedste c/input_customerPhone'

2017-12-04 13:17:24 - [MESSAGE][PASSED] - Text '12345678' is set on object 'Object Repository/PrimoTours/Old Objects/Coco/PrimoT/Page_Primo Tours  Danmarks bedste c/input_customerPhone'

2017-12-04 13:17:24 - [TEST_STEP][PASSED] - waitForElementClickable: Object 'Object Repository/PrimoTours/Old Objects/Coco/PrimoT/Page_Primo Tours  Danmarks bedste c/input_firstname-0_1' is clickable

2017-12-04 13:17:26 - [MESSAGE][PASSED] - Object 'Object Repository/PrimoTours/Old Objects/Coco/PrimoT/Page_Primo Tours  Danmarks bedste c/input_firstname-0_1' is clickable

2017-12-04 13:17:26 - [TEST_STEP][PASSED] - Statement - driver = com.kms.katalon.core.webui.driver.DriverFactory.getWebDriver(): null

2017-12-04 13:17:26 - [TEST_STEP][PASSED] - Statement - roomContainerXpath = "id("roomAndStaticOptionsContainer")/div[@class="row"]/div[@class="col-md-12 roomContainer"]": null

2017-12-04 13:17:26 - [TEST_STEP][PASSED] - Statement - roomsCount = driver.findElements(org.openqa.selenium.By.xpath(roomContainerXpath)).size(): null

2017-12-04 13:17:26 - [TEST_STEP][PASSED] - Statement - println("roomsCount=" + roomsCount): null

2017-12-04 13:17:26 - [TEST_STEP][PASSED] - Statement - For ([i = 1, i <= roomsCount, (i++)]): Object: 'Object Repository/PrimoTours/LandingPage/secondPaxFirstNameField' is clicked on

2017-12-04 13:17:26 - [TEST_STEP][PASSED] - Statement - paxInRoomXpath = "id("passengersContainer_" + i - 1 + "")/div[@class="col-md-12"]/div[@class="row"]": null

2017-12-04 13:17:26 - [TEST_STEP][PASSED] - Statement - println("paxInRoomXpath=" + paxInRoomXpath): null

2017-12-04 13:17:26 - [TEST_STEP][PASSED] - Statement - paxInRoomCount = driver.findElements(org.openqa.selenium.By.xpath(paxInRoomXpath)).size(): null

2017-12-04 13:17:26 - [TEST_STEP][PASSED] - Statement - println("paxInRoomCount=" + paxInRoomCount): null

2017-12-04 13:17:26 - [TEST_STEP][PASSED] - Statement - For ([j = 1, j <= paxInRoomCount, (j++)]): Object: 'Object Repository/PrimoTours/LandingPage/secondPaxFirstNameField' is clicked on

2017-12-04 13:17:26 - [TEST_STEP][PASSED] - Statement - If (i == 1 & j == 1): null

2017-12-04 13:17:26 - [TEST_STEP][PASSED] - Statement - <not implemented yet for class: org.codehaus.groovy.ast.stmt.ContinueStatement>: null

2017-12-04 13:17:26 - [TEST_STEP][PASSED] - Statement - If (i == 1 & j == 1): null

2017-12-04 13:17:26 - [TEST_STEP][PASSED] - Statement - randomPaxIndex = java.lang.Math.abs(new java.util.Random().nextInt() % excelRowNo) + 1: null

2017-12-04 13:17:26 - [TEST_STEP][PASSED] - Statement - fname = rawData.getValue("FirstName", randomPaxIndex) + " AUT": null

2017-12-04 13:17:26 - [TEST_STEP][PASSED] - Statement - lname = rawData.getValue("LastName", randomPaxIndex): null

2017-12-04 13:17:26 - [TEST_STEP][PASSED] - Statement - pgender = rawData.getValue("Gender", randomPaxIndex): null

2017-12-04 13:17:26 - [TEST_STEP][PASSED] - Statement - pday = rawData.getValue("Day DOB", randomPaxIndex): null

2017-12-04 13:17:26 - [TEST_STEP][PASSED] - Statement - pmonth = rawData.getValue("Month DOB", randomPaxIndex): null

2017-12-04 13:17:26 - [TEST_STEP][PASSED] - Statement - pyear = rawData.getValue("Year DOB", randomPaxIndex): null

2017-12-04 13:17:26 - [TEST_STEP][PASSED] - Statement - paxDetailFields = paxInRoomXpath + "[" + j + "]/div[@class="col-md-x col-md-9"]/div[@class="row paxContainer"][1]/div[contains(@class,"paxAttribute")]": null

2017-12-04 13:17:26 - [TEST_STEP][PASSED] - Statement - xpathval = paxDetailFields + "[1]/div[contains(@class,"form-group")]/input[contains(@class,"paxFirstName")]": null

2017-12-04 13:17:26 - [TEST_STEP][PASSED] - Statement - println("fn: " + xpathval): null

2017-12-04 13:17:26 - [TEST_STEP][PASSED] - Statement - repObj = com.kms.katalon.core.testobject.ObjectRepository.findTestObject(Object Repository/PrimoTours/LandingPage/secondPaxFirstNameField): Finding Test Object with id 'Object Repository/PrimoTours/LandingPage/secondPaxFirstNameField'

2017-12-04 13:17:26 - [TEST_STEP][PASSED] - Statement - repObj.findProperty("xpath").setValue(xpathval): null

2017-12-04 13:17:26 - [TEST_STEP][PASSED] - setText: Text 'Christiansen AUT' is set on object 'Object Repository/PrimoTours/LandingPage/secondPaxFirstNameField'

2017-12-04 13:17:26 - [MESSAGE][PASSED] - Text 'Christiansen AUT' is set on object 'Object Repository/PrimoTours/LandingPage/secondPaxFirstNameField'

2017-12-04 13:17:26 - [TEST_STEP][PASSED] - Statement - xpathval = paxDetailFields + "[2]/div[contains(@class,"form-group")]/input[contains(@class,"paxLastName")]": null

2017-12-04 13:17:26 - [TEST_STEP][PASSED] - Statement - println("ln: " + xpathval): null

2017-12-04 13:17:26 - [TEST_STEP][PASSED] - Statement - repObj = com.kms.katalon.core.testobject.ObjectRepository.findTestObject(Object Repository/PrimoTours/LandingPage/secondPaxFirstNameField): Finding Test Object with id 'Object Repository/PrimoTours/LandingPage/secondPaxFirstNameField'

2017-12-04 13:17:26 - [TEST_STEP][PASSED] - Statement - repObj.findProperty("xpath").setValue(xpathval): null

2017-12-04 13:17:26 - [TEST_STEP][PASSED] - setText: Text 'Henrik Lindtofte' is set on object 'Object Repository/PrimoTours/LandingPage/secondPaxFirstNameField'

2017-12-04 13:17:26 - [MESSAGE][PASSED] - Text 'Henrik Lindtofte' is set on object 'Object Repository/PrimoTours/LandingPage/secondPaxFirstNameField'

2017-12-04 13:17:26 - [TEST_STEP][PASSED] - Statement - repObj = com.kms.katalon.core.testobject.ObjectRepository.findTestObject(Object Repository/PrimoTours/LandingPage/secondPaxFirstNameField): Finding Test Object with id 'Object Repository/PrimoTours/LandingPage/secondPaxFirstNameField'

2017-12-04 13:17:26 - [TEST_STEP][PASSED] - Statement - xpathval = paxDetailFields + "[3]/div[contains(@class,"paxGenderSelectorContainer")]/span[contains(@class,"select2 select2-container")]/span[contains(@class,"selection")]/span[contains(@class,"select2-selection")]": null

2017-12-04 13:17:26 - [TEST_STEP][PASSED] - Statement - println("gender: " + xpathval): null

2017-12-04 13:17:26 - [TEST_STEP][PASSED] - Statement - repObj.findProperty("xpath").setValue(xpathval): null

2017-12-04 13:17:26 - [TEST_STEP][PASSED] - click: Object: 'Object Repository/PrimoTours/LandingPage/secondPaxFirstNameField' is clicked on

2017-12-04 13:17:26 - [MESSAGE][PASSED] - Object: 'Object Repository/PrimoTours/LandingPage/secondPaxFirstNameField' is clicked on

2017-12-04 13:17:26 - [TEST_STEP][PASSED] - Statement - If (i == 1 & j == 1): null

2017-12-04 13:17:26 - [TEST_STEP][PASSED] - Statement - randomPaxIndex = java.lang.Math.abs(new java.util.Random().nextInt() % excelRowNo) + 1: null

2017-12-04 13:17:26 - [TEST_STEP][PASSED] - Statement - fname = rawData.getValue("FirstName", randomPaxIndex) + " AUT": null

2017-12-04 13:17:26 - [TEST_STEP][PASSED] - Statement - lname = rawData.getValue("LastName", randomPaxIndex): null

2017-12-04 13:17:26 - [TEST_STEP][PASSED] - Statement - pgender = rawData.getValue("Gender", randomPaxIndex): null

2017-12-04 13:17:26 - [TEST_STEP][PASSED] - Statement - pday = rawData.getValue("Day DOB", randomPaxIndex): null

2017-12-04 13:17:26 - [TEST_STEP][PASSED] - Statement - pmonth = rawData.getValue("Month DOB", randomPaxIndex): null

2017-12-04 13:17:26 - [TEST_STEP][PASSED] - Statement - pyear = rawData.getValue("Year DOB", randomPaxIndex): null

2017-12-04 13:17:26 - [TEST_STEP][PASSED] - Statement - paxDetailFields = paxInRoomXpath + "[" + j + "]/div[@class="col-md-x col-md-9"]/div[@class="row paxContainer"][1]/div[contains(@class,"paxAttribute")]": null

2017-12-04 13:17:26 - [TEST_STEP][PASSED] - Statement - xpathval = paxDetailFields + "[1]/div[contains(@class,"form-group")]/input[contains(@class,"paxFirstName")]": null

2017-12-04 13:17:26 - [TEST_STEP][PASSED] - Statement - println("fn: " + xpathval): null

2017-12-04 13:17:26 - [TEST_STEP][PASSED] - Statement - repObj = com.kms.katalon.core.testobject.ObjectRepository.findTestObject(Object Repository/PrimoTours/LandingPage/secondPaxFirstNameField): Finding Test Object with id 'Object Repository/PrimoTours/LandingPage/secondPaxFirstNameField'

2017-12-04 13:17:26 - [TEST_STEP][PASSED] - Statement - repObj.findProperty("xpath").setValue(xpathval): null

2017-12-04 13:17:26 - [TEST_STEP][PASSED] - setText: Text 'Basse Hansen AUT' is set on object 'Object Repository/PrimoTours/LandingPage/secondPaxFirstNameField'

2017-12-04 13:17:27 - [MESSAGE][PASSED] - Text 'Basse Hansen AUT' is set on object 'Object Repository/PrimoTours/LandingPage/secondPaxFirstNameField'

2017-12-04 13:17:27 - [TEST_STEP][PASSED] - Statement - xpathval = paxDetailFields + "[2]/div[contains(@class,"form-group")]/input[contains(@class,"paxLastName")]": null

2017-12-04 13:17:27 - [TEST_STEP][PASSED] - Statement - println("ln: " + xpathval): null

2017-12-04 13:17:27 - [TEST_STEP][PASSED] - Statement - repObj = com.kms.katalon.core.testobject.ObjectRepository.findTestObject(Object Repository/PrimoTours/LandingPage/secondPaxFirstNameField): Finding Test Object with id 'Object Repository/PrimoTours/LandingPage/secondPaxFirstNameField'

2017-12-04 13:17:27 - [TEST_STEP][PASSED] - Statement - repObj.findProperty("xpath").setValue(xpathval): null

2017-12-04 13:17:27 - [TEST_STEP][PASSED] - setText: Text 'Jørgen' is set on object 'Object Repository/PrimoTours/LandingPage/secondPaxFirstNameField'

2017-12-04 13:17:27 - [MESSAGE][PASSED] - Text 'Jørgen' is set on object 'Object Repository/PrimoTours/LandingPage/secondPaxFirstNameField'

2017-12-04 13:17:27 - [TEST_STEP][PASSED] - Statement - repObj = com.kms.katalon.core.testobject.ObjectRepository.findTestObject(Object Repository/PrimoTours/LandingPage/secondPaxFirstNameField): Finding Test Object with id 'Object Repository/PrimoTours/LandingPage/secondPaxFirstNameField'

2017-12-04 13:17:27 - [TEST_STEP][PASSED] - Statement - xpathval = paxDetailFields + "[3]/div[contains(@class,"paxGenderSelectorContainer")]/span[contains(@class,"select2 select2-container")]/span[contains(@class,"selection")]/span[contains(@class,"select2-selection")]": null

2017-12-04 13:17:27 - [TEST_STEP][PASSED] - Statement - println("gender: " + xpathval): null

2017-12-04 13:17:27 - [TEST_STEP][PASSED] - Statement - repObj.findProperty("xpath").setValue(xpathval): null

2017-12-04 13:17:27 - [TEST_STEP][PASSED] - click: Unable to click on object 'Object Repository/PrimoTours/LandingPage/secondPaxFirstNameField' (Root cause: org.openqa.selenium.WebDriverException: unknown error: Element <span class="select2-selection select2-selection--single" role="combobox" aria-haspopup="true" aria-expanded="false" tabindex="0" aria-labelledby="select2-gender-0_2-bz-container">...</span> is not clickable at point (1168, 747). Other element would receive the click: <li class="select2-results__option" id="select2-gender-0_1-83-result-8kad-MS" role="treeitem" aria-selected="false">...</li>
  (Session info: chrome=62.0.3202.94)
  (Driver info: chromedriver=2.33.506120 (e3e53437346286c0bc2d2dc9aa4915ba81d9023f),platform=Windows NT 6.3.9600 x86_64) (WARNING: The server did not provide any stacktrace information)
Command duration or timeout: 0 milliseconds
Build info: version: '3.7.1', revision: '8a0099a', time: '2017-11-06T21:07:36.161Z'
System info: host: 'NEACSUNEW-PC', ip: '10.10.10.211', os.name: 'Windows 8.1', os.arch: 'amd64', os.version: '6.3', java.version: '1.8.0_102'
Driver info: com.kms.katalon.selenium.driver.CChromeDriver
Capabilities {acceptSslCerts: true, applicationCacheEnabled: false, browserConnectionEnabled: false, browserName: chrome, chrome: {chromedriverVersion: 2.33.506120 (e3e53437346286..., userDataDir: C:\Users\Cornel\AppData\Loc...}, cssSelectorsEnabled: true, databaseEnabled: false, handlesAlerts: true, hasTouchScreen: false, javascriptEnabled: true, locationContextEnabled: true, mobileEmulationEnabled: false, nativeEvents: true, networkConnectionEnabled: false, pageLoadStrategy: normal, platform: XP, platformName: XP, rotatable: false, setWindowRect: true, takesHeapSnapshot: true, takesScreenshot: true, unexpectedAlertBehaviour: , unhandledPromptBehavior: , version: 62.0.3202.94, webStorageEnabled: true}
Session ID: 418508b3fe9c6c4ce73bea3d17bcbfeb)

2017-12-04 13:17:28 - [MESSAGE][WARNING] - Unable to click on object 'Object Repository/PrimoTours/LandingPage/secondPaxFirstNameField' (Root cause: org.openqa.selenium.WebDriverException: unknown error: Element <span class="select2-selection select2-selection--single" role="combobox" aria-haspopup="true" aria-expanded="false" tabindex="0" aria-labelledby="select2-gender-0_2-bz-container">...</span> is not clickable at point (1168, 747). Other element would receive the click: <li class="select2-results__option" id="select2-gender-0_1-83-result-8kad-MS" role="treeitem" aria-selected="false">...</li>
  (Session info: chrome=62.0.3202.94)
  (Driver info: chromedriver=2.33.506120 (e3e53437346286c0bc2d2dc9aa4915ba81d9023f),platform=Windows NT 6.3.9600 x86_64) (WARNING: The server did not provide any stacktrace information)
Command duration or timeout: 0 milliseconds
Build info: version: '3.7.1', revision: '8a0099a', time: '2017-11-06T21:07:36.161Z'
System info: host: 'NEACSUNEW-PC', ip: '10.10.10.211', os.name: 'Windows 8.1', os.arch: 'amd64', os.version: '6.3', java.version: '1.8.0_102'
Driver info: com.kms.katalon.selenium.driver.CChromeDriver
Capabilities {acceptSslCerts: true, applicationCacheEnabled: false, browserConnectionEnabled: false, browserName: chrome, chrome: {chromedriverVersion: 2.33.506120 (e3e53437346286..., userDataDir: C:\Users\Cornel\AppData\Loc...}, cssSelectorsEnabled: true, databaseEnabled: false, handlesAlerts: true, hasTouchScreen: false, javascriptEnabled: true, locationContextEnabled: true, mobileEmulationEnabled: false, nativeEvents: true, networkConnectionEnabled: false, pageLoadStrategy: normal, platform: XP, platformName: XP, rotatable: false, setWindowRect: true, takesHeapSnapshot: true, takesScreenshot: true, unexpectedAlertBehaviour: , unhandledPromptBehavior: , version: 62.0.3202.94, webStorageEnabled: true}
Session ID: 418508b3fe9c6c4ce73bea3d17bcbfeb)
[[ATTACHMENT|D:\\Software testing\\Tourpaq\\Automated Katalon tests\\Primo WB test\\Reports\\WB Primo From Excel URLs\\20171204_131551\\1512386247546.png]]

2017-12-04 13:17:28 - [TEST_STEP][PASSED] - Statement - If (i == 1 & j == 1): null

2017-12-04 13:17:28 - [TEST_STEP][PASSED] - Statement - randomPaxIndex = java.lang.Math.abs(new java.util.Random().nextInt() % excelRowNo) + 1: null

2017-12-04 13:17:28 - [TEST_STEP][PASSED] - Statement - fname = rawData.getValue("FirstName", randomPaxIndex) + " AUT": null

2017-12-04 13:17:28 - [TEST_STEP][PASSED] - Statement - lname = rawData.getValue("LastName", randomPaxIndex): null

2017-12-04 13:17:28 - [TEST_STEP][PASSED] - Statement - pgender = rawData.getValue("Gender", randomPaxIndex): null

2017-12-04 13:17:28 - [TEST_STEP][PASSED] - Statement - pday = rawData.getValue("Day DOB", randomPaxIndex): null

2017-12-04 13:17:28 - [TEST_STEP][PASSED] - Statement - pmonth = rawData.getValue("Month DOB", randomPaxIndex): null

2017-12-04 13:17:28 - [TEST_STEP][PASSED] - Statement - pyear = rawData.getValue("Year DOB", randomPaxIndex): null

2017-12-04 13:17:28 - [TEST_STEP][PASSED] - Statement - paxDetailFields = paxInRoomXpath + "[" + j + "]/div[@class="col-md-x col-md-9"]/div[@class="row paxContainer"][1]/div[contains(@class,"paxAttribute")]": null

2017-12-04 13:17:28 - [TEST_STEP][PASSED] - Statement - xpathval = paxDetailFields + "[1]/div[contains(@class,"form-group")]/input[contains(@class,"paxFirstName")]": null

2017-12-04 13:17:28 - [TEST_STEP][PASSED] - Statement - println("fn: " + xpathval): null

2017-12-04 13:17:28 - [TEST_STEP][PASSED] - Statement - repObj = com.kms.katalon.core.testobject.ObjectRepository.findTestObject(Object Repository/PrimoTours/LandingPage/secondPaxFirstNameField): Finding Test Object with id 'Object Repository/PrimoTours/LandingPage/secondPaxFirstNameField'

2017-12-04 13:17:28 - [TEST_STEP][PASSED] - Statement - repObj.findProperty("xpath").setValue(xpathval): null

2017-12-04 13:17:28 - [TEST_STEP][PASSED] - setText: Text 'Skovfo AUT' is set on object 'Object Repository/PrimoTours/LandingPage/secondPaxFirstNameField'

2017-12-04 13:17:28 - [MESSAGE][PASSED] - Text 'Skovfo AUT' is set on object 'Object Repository/PrimoTours/LandingPage/secondPaxFirstNameField'

2017-12-04 13:17:28 - [TEST_STEP][PASSED] - Statement - xpathval = paxDetailFields + "[2]/div[contains(@class,"form-group")]/input[contains(@class,"paxLastName")]": null

2017-12-04 13:17:28 - [TEST_STEP][PASSED] - Statement - println("ln: " + xpathval): null

2017-12-04 13:17:28 - [TEST_STEP][PASSED] - Statement - repObj = com.kms.katalon.core.testobject.ObjectRepository.findTestObject(Object Repository/PrimoTours/LandingPage/secondPaxFirstNameField): Finding Test Object with id 'Object Repository/PrimoTours/LandingPage/secondPaxFirstNameField'

2017-12-04 13:17:28 - [TEST_STEP][PASSED] - Statement - repObj.findProperty("xpath").setValue(xpathval): null

2017-12-04 13:17:28 - [TEST_STEP][PASSED] - setText: Text 'Kirstine' is set on object 'Object Repository/PrimoTours/LandingPage/secondPaxFirstNameField'

2017-12-04 13:17:28 - [MESSAGE][PASSED] - Text 'Kirstine' is set on object 'Object Repository/PrimoTours/LandingPage/secondPaxFirstNameField'

2017-12-04 13:17:28 - [TEST_STEP][PASSED] - Statement - repObj = com.kms.katalon.core.testobject.ObjectRepository.findTestObject(Object Repository/PrimoTours/LandingPage/secondPaxFirstNameField): Finding Test Object with id 'Object Repository/PrimoTours/LandingPage/secondPaxFirstNameField'

2017-12-04 13:17:28 - [TEST_STEP][PASSED] - Statement - xpathval = paxDetailFields + "[3]/div[contains(@class,"paxGenderSelectorContainer")]/span[contains(@class,"select2 select2-container")]/span[contains(@class,"selection")]/span[contains(@class,"select2-selection")]": null

2017-12-04 13:17:28 - [TEST_STEP][PASSED] - Statement - println("gender: " + xpathval): null

2017-12-04 13:17:28 - [TEST_STEP][PASSED] - Statement - repObj.findProperty("xpath").setValue(xpathval): null

2017-12-04 13:17:28 - [TEST_STEP][PASSED] - click: Object: 'Object Repository/PrimoTours/LandingPage/secondPaxFirstNameField' is clicked on

2017-12-04 13:17:28 - [MESSAGE][PASSED] - Object: 'Object Repository/PrimoTours/LandingPage/secondPaxFirstNameField' is clicked on

2017-12-04 13:17:28 - [TEST_STEP][PASSED] - Statement - paxInRoomXpath = "id("passengersContainer_" + i - 1 + "")/div[@class="col-md-12"]/div[@class="row"]": null

2017-12-04 13:17:28 - [TEST_STEP][PASSED] - Statement - println("paxInRoomXpath=" + paxInRoomXpath): null

2017-12-04 13:17:28 - [TEST_STEP][PASSED] - Statement - paxInRoomCount = driver.findElements(org.openqa.selenium.By.xpath(paxInRoomXpath)).size(): null

2017-12-04 13:17:28 - [TEST_STEP][PASSED] - Statement - println("paxInRoomCount=" + paxInRoomCount): null

2017-12-04 13:17:28 - [TEST_STEP][PASSED] - Statement - For ([j = 1, j <= paxInRoomCount, (j++)]): Object: 'Object Repository/PrimoTours/LandingPage/secondPaxFirstNameField' is clicked on

2017-12-04 13:17:28 - [TEST_STEP][PASSED] - Statement - If (i == 1 & j == 1): null

2017-12-04 13:17:28 - [TEST_STEP][PASSED] - Statement - randomPaxIndex = java.lang.Math.abs(new java.util.Random().nextInt() % excelRowNo) + 1: null

2017-12-04 13:17:28 - [TEST_STEP][PASSED] - Statement - fname = rawData.getValue("FirstName", randomPaxIndex) + " AUT": null

2017-12-04 13:17:28 - [TEST_STEP][PASSED] - Statement - lname = rawData.getValue("LastName", randomPaxIndex): null

2017-12-04 13:17:28 - [TEST_STEP][PASSED] - Statement - pgender = rawData.getValue("Gender", randomPaxIndex): null

2017-12-04 13:17:28 - [TEST_STEP][PASSED] - Statement - pday = rawData.getValue("Day DOB", randomPaxIndex): null

2017-12-04 13:17:28 - [TEST_STEP][PASSED] - Statement - pmonth = rawData.getValue("Month DOB", randomPaxIndex): null

2017-12-04 13:17:28 - [TEST_STEP][PASSED] - Statement - pyear = rawData.getValue("Year DOB", randomPaxIndex): null

2017-12-04 13:17:28 - [TEST_STEP][PASSED] - Statement - paxDetailFields = paxInRoomXpath + "[" + j + "]/div[@class="col-md-x col-md-9"]/div[@class="row paxContainer"][1]/div[contains(@class,"paxAttribute")]": null

2017-12-04 13:17:28 - [TEST_STEP][PASSED] - Statement - xpathval = paxDetailFields + "[1]/div[contains(@class,"form-group")]/input[contains(@class,"paxFirstName")]": null

2017-12-04 13:17:28 - [TEST_STEP][PASSED] - Statement - println("fn: " + xpathval): null

2017-12-04 13:17:28 - [TEST_STEP][PASSED] - Statement - repObj = com.kms.katalon.core.testobject.ObjectRepository.findTestObject(Object Repository/PrimoTours/LandingPage/secondPaxFirstNameField): Finding Test Object with id 'Object Repository/PrimoTours/LandingPage/secondPaxFirstNameField'

2017-12-04 13:17:28 - [TEST_STEP][PASSED] - Statement - repObj.findProperty("xpath").setValue(xpathval): null

2017-12-04 13:17:28 - [TEST_STEP][PASSED] - setText: Text 'Nørgaard AUT' is set on object 'Object Repository/PrimoTours/LandingPage/secondPaxFirstNameField'

2017-12-04 13:17:28 - [MESSAGE][PASSED] - Text 'Nørgaard AUT' is set on object 'Object Repository/PrimoTours/LandingPage/secondPaxFirstNameField'

2017-12-04 13:17:28 - [TEST_STEP][PASSED] - Statement - xpathval = paxDetailFields + "[2]/div[contains(@class,"form-group")]/input[contains(@class,"paxLastName")]": null

2017-12-04 13:17:28 - [TEST_STEP][PASSED] - Statement - println("ln: " + xpathval): null

2017-12-04 13:17:28 - [TEST_STEP][PASSED] - Statement - repObj = com.kms.katalon.core.testobject.ObjectRepository.findTestObject(Object Repository/PrimoTours/LandingPage/secondPaxFirstNameField): Finding Test Object with id 'Object Repository/PrimoTours/LandingPage/secondPaxFirstNameField'

2017-12-04 13:17:28 - [TEST_STEP][PASSED] - Statement - repObj.findProperty("xpath").setValue(xpathval): null

2017-12-04 13:17:28 - [TEST_STEP][PASSED] - setText: Text 'Helle' is set on object 'Object Repository/PrimoTours/LandingPage/secondPaxFirstNameField'

2017-12-04 13:17:29 - [MESSAGE][PASSED] - Text 'Helle' is set on object 'Object Repository/PrimoTours/LandingPage/secondPaxFirstNameField'

2017-12-04 13:17:29 - [TEST_STEP][PASSED] - Statement - repObj = com.kms.katalon.core.testobject.ObjectRepository.findTestObject(Object Repository/PrimoTours/LandingPage/secondPaxFirstNameField): Finding Test Object with id 'Object Repository/PrimoTours/LandingPage/secondPaxFirstNameField'

2017-12-04 13:17:29 - [TEST_STEP][PASSED] - Statement - xpathval = paxDetailFields + "[3]/div[contains(@class,"paxGenderSelectorContainer")]/span[contains(@class,"select2 select2-container")]/span[contains(@class,"selection")]/span[contains(@class,"select2-selection")]": null

2017-12-04 13:17:29 - [TEST_STEP][PASSED] - Statement - println("gender: " + xpathval): null

2017-12-04 13:17:29 - [TEST_STEP][PASSED] - Statement - repObj.findProperty("xpath").setValue(xpathval): null

2017-12-04 13:17:29 - [TEST_STEP][PASSED] - click: Object: 'Object Repository/PrimoTours/LandingPage/secondPaxFirstNameField' is clicked on

2017-12-04 13:17:29 - [MESSAGE][PASSED] - Object: 'Object Repository/PrimoTours/LandingPage/secondPaxFirstNameField' is clicked on

2017-12-04 13:17:29 - [TEST_STEP][PASSED] - Statement - If (i == 1 & j == 1): null

2017-12-04 13:17:29 - [TEST_STEP][PASSED] - Statement - randomPaxIndex = java.lang.Math.abs(new java.util.Random().nextInt() % excelRowNo) + 1: null

2017-12-04 13:17:29 - [TEST_STEP][PASSED] - Statement - fname = rawData.getValue("FirstName", randomPaxIndex) + " AUT": null

2017-12-04 13:17:29 - [TEST_STEP][PASSED] - Statement - lname = rawData.getValue("LastName", randomPaxIndex): null

2017-12-04 13:17:29 - [TEST_STEP][PASSED] - Statement - pgender = rawData.getValue("Gender", randomPaxIndex): null

2017-12-04 13:17:29 - [TEST_STEP][PASSED] - Statement - pday = rawData.getValue("Day DOB", randomPaxIndex): null

2017-12-04 13:17:29 - [TEST_STEP][PASSED] - Statement - pmonth = rawData.getValue("Month DOB", randomPaxIndex): null

2017-12-04 13:17:29 - [TEST_STEP][PASSED] - Statement - pyear = rawData.getValue("Year DOB", randomPaxIndex): null

2017-12-04 13:17:29 - [TEST_STEP][PASSED] - Statement - paxDetailFields = paxInRoomXpath + "[" + j + "]/div[@class="col-md-x col-md-9"]/div[@class="row paxContainer"][1]/div[contains(@class,"paxAttribute")]": null

2017-12-04 13:17:29 - [TEST_STEP][PASSED] - Statement - xpathval = paxDetailFields + "[1]/div[contains(@class,"form-group")]/input[contains(@class,"paxFirstName")]": null

2017-12-04 13:17:29 - [TEST_STEP][PASSED] - Statement - println("fn: " + xpathval): null

2017-12-04 13:17:29 - [TEST_STEP][PASSED] - Statement - repObj = com.kms.katalon.core.testobject.ObjectRepository.findTestObject(Object Repository/PrimoTours/LandingPage/secondPaxFirstNameField): Finding Test Object with id 'Object Repository/PrimoTours/LandingPage/secondPaxFirstNameField'

2017-12-04 13:17:29 - [TEST_STEP][PASSED] - Statement - repObj.findProperty("xpath").setValue(xpathval): null

2017-12-04 13:17:29 - [TEST_STEP][PASSED] - setText: Text 'Pörtner AUT' is set on object 'Object Repository/PrimoTours/LandingPage/secondPaxFirstNameField'

2017-12-04 13:17:29 - [MESSAGE][PASSED] - Text 'Pörtner AUT' is set on object 'Object Repository/PrimoTours/LandingPage/secondPaxFirstNameField'

2017-12-04 13:17:29 - [TEST_STEP][PASSED] - Statement - xpathval = paxDetailFields + "[2]/div[contains(@class,"form-group")]/input[contains(@class,"paxLastName")]": null

2017-12-04 13:17:29 - [TEST_STEP][PASSED] - Statement - println("ln: " + xpathval): null

2017-12-04 13:17:29 - [TEST_STEP][PASSED] - Statement - repObj = com.kms.katalon.core.testobject.ObjectRepository.findTestObject(Object Repository/PrimoTours/LandingPage/secondPaxFirstNameField): Finding Test Object with id 'Object Repository/PrimoTours/LandingPage/secondPaxFirstNameField'

2017-12-04 13:17:29 - [TEST_STEP][PASSED] - Statement - repObj.findProperty("xpath").setValue(xpathval): null

2017-12-04 13:17:29 - [TEST_STEP][PASSED] - setText: Text 'Vivi' is set on object 'Object Repository/PrimoTours/LandingPage/secondPaxFirstNameField'

2017-12-04 13:17:29 - [MESSAGE][PASSED] - Text 'Vivi' is set on object 'Object Repository/PrimoTours/LandingPage/secondPaxFirstNameField'

2017-12-04 13:17:29 - [TEST_STEP][PASSED] - Statement - repObj = com.kms.katalon.core.testobject.ObjectRepository.findTestObject(Object Repository/PrimoTours/LandingPage/secondPaxFirstNameField): Finding Test Object with id 'Object Repository/PrimoTours/LandingPage/secondPaxFirstNameField'

2017-12-04 13:17:29 - [TEST_STEP][PASSED] - Statement - xpathval = paxDetailFields + "[3]/div[contains(@class,"paxGenderSelectorContainer")]/span[contains(@class,"select2 select2-container")]/span[contains(@class,"selection")]/span[contains(@class,"select2-selection")]": null

2017-12-04 13:17:29 - [TEST_STEP][PASSED] - Statement - println("gender: " + xpathval): null

2017-12-04 13:17:29 - [TEST_STEP][PASSED] - Statement - repObj.findProperty("xpath").setValue(xpathval): null

2017-12-04 13:17:29 - [TEST_STEP][PASSED] - click: Object: 'Object Repository/PrimoTours/LandingPage/secondPaxFirstNameField' is clicked on

2017-12-04 13:17:29 - [MESSAGE][PASSED] - Object: 'Object Repository/PrimoTours/LandingPage/secondPaxFirstNameField' is clicked on

2017-12-04 13:17:29 - [TEST_STEP][PASSED] - scrollToElement: Scroll to object 'Object Repository/PrimoTours/Old Objects/Coco (1)/PrimoT/SaveBooking2/Success/bookingTotalValue' successfully

2017-12-04 13:17:29 - [MESSAGE][PASSED] - Scroll to object 'Object Repository/PrimoTours/Old Objects/Coco (1)/PrimoT/SaveBooking2/Success/bookingTotalValue' successfully

2017-12-04 13:17:29 - [TEST_STEP][PASSED] - click: Object: 'Object Repository/PrimoTours/Old Objects/Coco (1)/PrimoT/SaveBooking2/Success/bookingTotalValue' is clicked on

2017-12-04 13:17:29 - [MESSAGE][PASSED] - Object: 'Object Repository/PrimoTours/Old Objects/Coco (1)/PrimoT/SaveBooking2/Success/bookingTotalValue' is clicked on

2017-12-04 13:17:29 - [TEST_STEP][PASSED] - scrollToElement: Scroll to object 'Object Repository/PrimoTours/Old Objects/Coco (1)/PrimoT/SaveBooking2/Success/Page_Primo Tours  Danmarks bedste c/nextButtonOnLandingPage' successfully

2017-12-04 13:17:29 - [MESSAGE][PASSED] - Scroll to object 'Object Repository/PrimoTours/Old Objects/Coco (1)/PrimoT/SaveBooking2/Success/Page_Primo Tours  Danmarks bedste c/nextButtonOnLandingPage' successfully

2017-12-04 13:17:29 - [TEST_STEP][PASSED] - waitForElementClickable: Object 'Object Repository/PrimoTours/Old Objects/Coco (1)/PrimoT/SaveBooking2/Success/Page_Primo Tours  Danmarks bedste c/nextButtonOnLandingPage' is clickable

2017-12-04 13:17:29 - [MESSAGE][PASSED] - Object 'Object Repository/PrimoTours/Old Objects/Coco (1)/PrimoT/SaveBooking2/Success/Page_Primo Tours  Danmarks bedste c/nextButtonOnLandingPage' is clickable

2017-12-04 13:17:29 - [TEST_STEP][PASSED] - waitForElementVisible: Object 'Object Repository/PrimoTours/Old Objects/Coco (1)/PrimoT/SaveBooking2/Success/Page_Primo Tours  Danmarks bedste c/nextButtonOnLandingPage' is visible

2017-12-04 13:17:29 - [MESSAGE][PASSED] - Object 'Object Repository/PrimoTours/Old Objects/Coco (1)/PrimoT/SaveBooking2/Success/Page_Primo Tours  Danmarks bedste c/nextButtonOnLandingPage' is visible

2017-12-04 13:17:29 - [TEST_STEP][PASSED] - scrollToElement: Scroll to object 'Object Repository/PrimoTours/Old Objects/Coco (1)/PrimoT/SaveBooking2/Success/Page_Primo Tours  Danmarks bedste c/nextButtonOnLandingPage' successfully

2017-12-04 13:17:29 - [MESSAGE][PASSED] - Scroll to object 'Object Repository/PrimoTours/Old Objects/Coco (1)/PrimoT/SaveBooking2/Success/Page_Primo Tours  Danmarks bedste c/nextButtonOnLandingPage' successfully

2017-12-04 13:17:29 - [TEST_STEP][PASSED] - click: Object: 'Object Repository/PrimoTours/Old Objects/Coco (1)/PrimoT/SaveBooking2/Success/Page_Primo Tours  Danmarks bedste c/nextButtonOnLandingPage' is clicked on

2017-12-04 13:17:30 - [MESSAGE][PASSED] - Object: 'Object Repository/PrimoTours/Old Objects/Coco (1)/PrimoT/SaveBooking2/Success/Page_Primo Tours  Danmarks bedste c/nextButtonOnLandingPage' is clicked on

2017-12-04 13:17:30 - [TEST_STEP][PASSED] - delay: Delayed 3 second(s)

2017-12-04 13:17:33 - [MESSAGE][PASSED] - Delayed 3 second(s)

2017-12-04 13:17:33 - [TEST_STEP][PASSED] - waitForElementNotVisible: Object 'Object Repository/PrimoTours/Old Objects/CCenter/pageLoaderOverlayLayer' is NOT visible

2017-12-04 13:17:33 - [MESSAGE][PASSED] - Object 'Object Repository/PrimoTours/Old Objects/CCenter/pageLoaderOverlayLayer' is NOT visible

2017-12-04 13:17:33 - [TEST_STEP][PASSED] - scrollToElement: Scroll to object 'Object Repository/PrimoTours/Old Objects/Coco/PrimoT/Ins2/Page_Primo Tours  Danmarks bedste c/travelInsuranceFirstPaxSelector' successfully

2017-12-04 13:17:33 - [MESSAGE][PASSED] - Scroll to object 'Object Repository/PrimoTours/Old Objects/Coco/PrimoT/Ins2/Page_Primo Tours  Danmarks bedste c/travelInsuranceFirstPaxSelector' successfully

2017-12-04 13:17:33 - [TEST_STEP][PASSED] - waitForElementPresent: Object 'Object Repository/PrimoTours/Old Objects/Coco/PrimoT/Ins2/Page_Primo Tours  Danmarks bedste c/travelInsuranceFirstPaxSelector' is present

2017-12-04 13:17:33 - [MESSAGE][PASSED] - Object 'Object Repository/PrimoTours/Old Objects/Coco/PrimoT/Ins2/Page_Primo Tours  Danmarks bedste c/travelInsuranceFirstPaxSelector' is present

2017-12-04 13:17:33 - [TEST_STEP][PASSED] - waitForElementVisible: Object 'Object Repository/PrimoTours/Old Objects/Coco/PrimoT/Ins2/Page_Primo Tours  Danmarks bedste c/travelInsuranceFirstPaxSelector' is visible

2017-12-04 13:17:33 - [MESSAGE][PASSED] - Object 'Object Repository/PrimoTours/Old Objects/Coco/PrimoT/Ins2/Page_Primo Tours  Danmarks bedste c/travelInsuranceFirstPaxSelector' is visible

2017-12-04 13:17:33 - [TEST_STEP][PASSED] - waitForElementClickable: Object 'Object Repository/PrimoTours/Old Objects/Coco/PrimoT/Ins2/Page_Primo Tours  Danmarks bedste c/travelInsuranceFirstPaxSelector' is clickable

2017-12-04 13:17:33 - [MESSAGE][PASSED] - Object 'Object Repository/PrimoTours/Old Objects/Coco/PrimoT/Ins2/Page_Primo Tours  Danmarks bedste c/travelInsuranceFirstPaxSelector' is clickable

2017-12-04 13:17:33 - [TEST_STEP][PASSED] - click: Object: 'Object Repository/PrimoTours/Old Objects/Coco/PrimoT/Ins2/Page_Primo Tours  Danmarks bedste c/travelInsuranceFirstPaxSelector' is clicked on

2017-12-04 13:17:33 - [MESSAGE][PASSED] - Object: 'Object Repository/PrimoTours/Old Objects/Coco/PrimoT/Ins2/Page_Primo Tours  Danmarks bedste c/travelInsuranceFirstPaxSelector' is clicked on

2017-12-04 13:17:33 - [TEST_STEP][PASSED] - Statement - Try: Object: 'Object Repository/PrimoTours/Old Objects/Coco/PrimoT/Ins2/Page_Primo Tours  Danmarks bedste c/firstTravelInsuranceOption' is clicked on

2017-12-04 13:17:33 - [TEST_STEP][PASSED] - click: Object: 'Object Repository/PrimoTours/Old Objects/Coco/PrimoT/Ins2/Page_Primo Tours  Danmarks bedste c/firstTravelInsuranceOption' is clicked on

2017-12-04 13:17:33 - [MESSAGE][PASSED] - Object: 'Object Repository/PrimoTours/Old Objects/Coco/PrimoT/Ins2/Page_Primo Tours  Danmarks bedste c/firstTravelInsuranceOption' is clicked on

2017-12-04 13:17:33 - [TEST_STEP][NOT_RUN] - click: NOT_RUN: click

2017-12-04 13:17:33 - [MESSAGE][NOT_RUN] - NOT_RUN: click

2017-12-04 13:17:33 - [TEST_STEP][NOT_RUN] - scrollToElement: NOT_RUN: scrollToElement

2017-12-04 13:17:33 - [MESSAGE][NOT_RUN] - NOT_RUN: scrollToElement

2017-12-04 13:17:33 - [TEST_STEP][NOT_RUN] - click: NOT_RUN: click

2017-12-04 13:17:33 - [MESSAGE][NOT_RUN] - NOT_RUN: click

2017-12-04 13:17:33 - [TEST_STEP][PASSED] - waitForElementVisible: Object 'Object Repository/PrimoTours/Old Objects/Coco (1)/PrimoT/SaveBooking2/Page_Primo Tours  Danmarks bedste c/individualInsuranceCheckbox' is visible

2017-12-04 13:17:33 - [MESSAGE][PASSED] - Object 'Object Repository/PrimoTours/Old Objects/Coco (1)/PrimoT/SaveBooking2/Page_Primo Tours  Danmarks bedste c/individualInsuranceCheckbox' is visible

2017-12-04 13:17:33 - [TEST_STEP][PASSED] - scrollToElement: Scroll to object 'Object Repository/PrimoTours/Old Objects/Coco (1)/PrimoT/SaveBooking2/Page_Primo Tours  Danmarks bedste c/individualInsuranceCheckbox' successfully

2017-12-04 13:17:33 - [MESSAGE][PASSED] - Scroll to object 'Object Repository/PrimoTours/Old Objects/Coco (1)/PrimoT/SaveBooking2/Page_Primo Tours  Danmarks bedste c/individualInsuranceCheckbox' successfully

2017-12-04 13:17:33 - [TEST_STEP][PASSED] - click: Object: 'Object Repository/PrimoTours/Old Objects/Coco (1)/PrimoT/SaveBooking2/Page_Primo Tours  Danmarks bedste c/individualInsuranceCheckbox' is clicked on

2017-12-04 13:17:33 - [MESSAGE][PASSED] - Object: 'Object Repository/PrimoTours/Old Objects/Coco (1)/PrimoT/SaveBooking2/Page_Primo Tours  Danmarks bedste c/individualInsuranceCheckbox' is clicked on

2017-12-04 13:17:33 - [TEST_STEP][PASSED] - scrollToElement: Scroll to object 'Object Repository/PrimoTours/Old Objects/Coco (1)/PrimoT/SaveBooking2/Success/firstProdCategIndividualSelectionRadioB' successfully

2017-12-04 13:17:33 - [MESSAGE][PASSED] - Scroll to object 'Object Repository/PrimoTours/Old Objects/Coco (1)/PrimoT/SaveBooking2/Success/firstProdCategIndividualSelectionRadioB' successfully

2017-12-04 13:17:33 - [TEST_STEP][PASSED] - waitForElementClickable: Object 'Object Repository/PrimoTours/Old Objects/Coco (1)/PrimoT/SaveBooking2/Success/firstProdCategIndividualSelectionRadioB' is clickable

2017-12-04 13:17:33 - [MESSAGE][PASSED] - Object 'Object Repository/PrimoTours/Old Objects/Coco (1)/PrimoT/SaveBooking2/Success/firstProdCategIndividualSelectionRadioB' is clickable

2017-12-04 13:17:33 - [TEST_STEP][PASSED] - scrollToElement: Scroll to object 'Object Repository/PrimoTours/Old Objects/Coco (1)/PrimoT/SaveBooking2/Success/firstProdCategIndividualSelectionRadioB' successfully

2017-12-04 13:17:33 - [MESSAGE][PASSED] - Scroll to object 'Object Repository/PrimoTours/Old Objects/Coco (1)/PrimoT/SaveBooking2/Success/firstProdCategIndividualSelectionRadioB' successfully

2017-12-04 13:17:33 - [TEST_STEP][PASSED] - click: Object: 'Object Repository/PrimoTours/Old Objects/Coco (1)/PrimoT/SaveBooking2/Success/firstProdCategIndividualSelectionRadioB' is clicked on

2017-12-04 13:17:34 - [MESSAGE][PASSED] - Object: 'Object Repository/PrimoTours/Old Objects/Coco (1)/PrimoT/SaveBooking2/Success/firstProdCategIndividualSelectionRadioB' is clicked on

2017-12-04 13:17:34 - [TEST_STEP][PASSED] - scrollToElement: Scroll to object 'Object Repository/PrimoTours/Old Objects/Coco (1)/PrimoT/SaveBooking2/Success/firstProdCategSelectForAllPaxCheckbox' successfully

2017-12-04 13:17:34 - [MESSAGE][PASSED] - Scroll to object 'Object Repository/PrimoTours/Old Objects/Coco (1)/PrimoT/SaveBooking2/Success/firstProdCategSelectForAllPaxCheckbox' successfully

2017-12-04 13:17:34 - [TEST_STEP][PASSED] - waitForElementClickable: Object 'Object Repository/PrimoTours/Old Objects/Coco (1)/PrimoT/SaveBooking2/Success/firstProdCategSelectForAllPaxCheckbox' is clickable

2017-12-04 13:17:34 - [MESSAGE][PASSED] - Object 'Object Repository/PrimoTours/Old Objects/Coco (1)/PrimoT/SaveBooking2/Success/firstProdCategSelectForAllPaxCheckbox' is clickable

2017-12-04 13:17:34 - [TEST_STEP][PASSED] - click: Object: 'Object Repository/PrimoTours/Old Objects/Coco (1)/PrimoT/SaveBooking2/Success/firstProdCategSelectForAllPaxCheckbox' is clicked on

2017-12-04 13:17:34 - [MESSAGE][PASSED] - Object: 'Object Repository/PrimoTours/Old Objects/Coco (1)/PrimoT/SaveBooking2/Success/firstProdCategSelectForAllPaxCheckbox' is clicked on

2017-12-04 13:17:34 - [TEST_STEP][NOT_RUN] - scrollToElement: NOT_RUN: scrollToElement

2017-12-04 13:17:34 - [MESSAGE][NOT_RUN] - NOT_RUN: scrollToElement

2017-12-04 13:17:34 - [TEST_STEP][NOT_RUN] - scrollToElement: NOT_RUN: scrollToElement

2017-12-04 13:17:34 - [MESSAGE][NOT_RUN] - NOT_RUN: scrollToElement

2017-12-04 13:17:34 - [TEST_STEP][NOT_RUN] - click: NOT_RUN: click

2017-12-04 13:17:34 - [MESSAGE][NOT_RUN] - NOT_RUN: click

2017-12-04 13:17:34 - [TEST_STEP][PASSED] - scrollToElement: Scroll to object 'Object Repository/PrimoTours/ConfirmationPage/agreeTermsAndCondCheckbox' successfully

2017-12-04 13:17:34 - [MESSAGE][PASSED] - Scroll to object 'Object Repository/PrimoTours/ConfirmationPage/agreeTermsAndCondCheckbox' successfully

2017-12-04 13:17:34 - [TEST_STEP][PASSED] - waitForElementClickable: Object 'Object Repository/PrimoTours/ConfirmationPage/agreeTermsAndCondCheckbox' is clickable

2017-12-04 13:17:34 - [MESSAGE][PASSED] - Object 'Object Repository/PrimoTours/ConfirmationPage/agreeTermsAndCondCheckbox' is clickable

2017-12-04 13:17:34 - [TEST_STEP][PASSED] - click: Object: 'Object Repository/PrimoTours/ConfirmationPage/agreeTermsAndCondCheckbox' is clicked on

2017-12-04 13:17:34 - [MESSAGE][PASSED] - Object: 'Object Repository/PrimoTours/ConfirmationPage/agreeTermsAndCondCheckbox' is clicked on

2017-12-04 13:17:34 - [TEST_STEP][PASSED] - scrollToElement: Scroll to object 'Object Repository/PrimoTours/ConfirmationPage/placeBookingButton' successfully

2017-12-04 13:17:34 - [MESSAGE][PASSED] - Scroll to object 'Object Repository/PrimoTours/ConfirmationPage/placeBookingButton' successfully

2017-12-04 13:17:34 - [TEST_STEP][PASSED] - delay: Delayed 1 second(s)

2017-12-04 13:17:35 - [MESSAGE][PASSED] - Delayed 1 second(s)

2017-12-04 13:17:35 - [TEST_STEP][PASSED] - waitForElementClickable: Object 'Object Repository/PrimoTours/ConfirmationPage/placeBookingButton' is clickable

2017-12-04 13:17:35 - [MESSAGE][PASSED] - Object 'Object Repository/PrimoTours/ConfirmationPage/placeBookingButton' is clickable

2017-12-04 13:17:35 - [TEST_STEP][PASSED] - Statement - Try: Object: 'Object Repository/PrimoTours/ConfirmationPage/placeBookingButton' is clicked on

2017-12-04 13:17:35 - [TEST_STEP][PASSED] - click: Object: 'Object Repository/PrimoTours/ConfirmationPage/placeBookingButton' is clicked on

2017-12-04 13:17:35 - [MESSAGE][PASSED] - Object: 'Object Repository/PrimoTours/ConfirmationPage/placeBookingButton' is clicked on

2017-12-04 13:17:35 - [TEST_STEP][PASSED] - delay: Delayed 2 second(s)

2017-12-04 13:17:37 - [MESSAGE][PASSED] - Delayed 2 second(s)

2017-12-04 13:17:37 - [TEST_STEP][PASSED] - waitForPageLoad: Wait for page load successfully

2017-12-04 13:17:37 - [MESSAGE][PASSED] - Wait for page load successfully

2017-12-04 13:17:37 - [TEST_STEP][PASSED] - waitForJQueryLoad: jQuery is ready.

2017-12-04 13:17:39 - [MESSAGE][PASSED] - jQuery is ready.

2017-12-04 13:17:39 - [TEST_STEP][PASSED] - waitForElementPresent: Object 'Object Repository/PrimoTours/Old Objects/CCenter/pageLoaderOverlayLayer' is present

2017-12-04 13:17:39 - [MESSAGE][PASSED] - Object 'Object Repository/PrimoTours/Old Objects/CCenter/pageLoaderOverlayLayer' is present

2017-12-04 13:17:39 - [TEST_STEP][PASSED] - waitForElementNotVisible: Unable to wait for object 'Object Repository/PrimoTours/Old Objects/CCenter/pageLoaderOverlayLayer' to be NOT visible (Root cause: org.openqa.selenium.StaleElementReferenceException: stale element reference: element is not attached to the page document
  (Session info: chrome=62.0.3202.94)
  (Driver info: chromedriver=2.33.506120 (e3e53437346286c0bc2d2dc9aa4915ba81d9023f),platform=Windows NT 6.3.9600 x86_64) (WARNING: The server did not provide any stacktrace information)
Command duration or timeout: 0 milliseconds
For documentation on this error, please visit: http://seleniumhq.org/exceptions/stale_element_reference.html
Build info: version: '3.7.1', revision: '8a0099a', time: '2017-11-06T21:07:36.161Z'
System info: host: 'NEACSUNEW-PC', ip: '10.10.10.211', os.name: 'Windows 8.1', os.arch: 'amd64', os.version: '6.3', java.version: '1.8.0_102'
Driver info: com.kms.katalon.selenium.driver.CChromeDriver
Capabilities {acceptSslCerts: true, applicationCacheEnabled: false, browserConnectionEnabled: false, browserName: chrome, chrome: {chromedriverVersion: 2.33.506120 (e3e53437346286..., userDataDir: C:\Users\Cornel\AppData\Loc...}, cssSelectorsEnabled: true, databaseEnabled: false, handlesAlerts: true, hasTouchScreen: false, javascriptEnabled: true, locationContextEnabled: true, mobileEmulationEnabled: false, nativeEvents: true, networkConnectionEnabled: false, pageLoadStrategy: normal, platform: XP, platformName: XP, rotatable: false, setWindowRect: true, takesHeapSnapshot: true, takesScreenshot: true, unexpectedAlertBehaviour: , unhandledPromptBehavior: , version: 62.0.3202.94, webStorageEnabled: true}
Session ID: 418508b3fe9c6c4ce73bea3d17bcbfeb)

2017-12-04 13:17:41 - [MESSAGE][WARNING] - Unable to wait for object 'Object Repository/PrimoTours/Old Objects/CCenter/pageLoaderOverlayLayer' to be NOT visible (Root cause: org.openqa.selenium.StaleElementReferenceException: stale element reference: element is not attached to the page document
  (Session info: chrome=62.0.3202.94)
  (Driver info: chromedriver=2.33.506120 (e3e53437346286c0bc2d2dc9aa4915ba81d9023f),platform=Windows NT 6.3.9600 x86_64) (WARNING: The server did not provide any stacktrace information)
Command duration or timeout: 0 milliseconds
For documentation on this error, please visit: http://seleniumhq.org/exceptions/stale_element_reference.html
Build info: version: '3.7.1', revision: '8a0099a', time: '2017-11-06T21:07:36.161Z'
System info: host: 'NEACSUNEW-PC', ip: '10.10.10.211', os.name: 'Windows 8.1', os.arch: 'amd64', os.version: '6.3', java.version: '1.8.0_102'
Driver info: com.kms.katalon.selenium.driver.CChromeDriver
Capabilities {acceptSslCerts: true, applicationCacheEnabled: false, browserConnectionEnabled: false, browserName: chrome, chrome: {chromedriverVersion: 2.33.506120 (e3e53437346286..., userDataDir: C:\Users\Cornel\AppData\Loc...}, cssSelectorsEnabled: true, databaseEnabled: false, handlesAlerts: true, hasTouchScreen: false, javascriptEnabled: true, locationContextEnabled: true, mobileEmulationEnabled: false, nativeEvents: true, networkConnectionEnabled: false, pageLoadStrategy: normal, platform: XP, platformName: XP, rotatable: false, setWindowRect: true, takesHeapSnapshot: true, takesScreenshot: true, unexpectedAlertBehaviour: , unhandledPromptBehavior: , version: 62.0.3202.94, webStorageEnabled: true}
Session ID: 418508b3fe9c6c4ce73bea3d17bcbfeb)
[[ATTACHMENT|D:\\Software testing\\Tourpaq\\Automated Katalon tests\\Primo WB test\\Reports\\WB Primo From Excel URLs\\20171204_131551\\1512386261425.png]]

2017-12-04 13:17:41 - [TEST_STEP][PASSED] - waitForElementPresent: Object 'Object Repository/PrimoTours/Old Objects/ThankYouPage/bookingNoContainer' is present

2017-12-04 13:17:43 - [MESSAGE][PASSED] - Object 'Object Repository/PrimoTours/Old Objects/ThankYouPage/bookingNoContainer' is present

2017-12-04 13:17:43 - [TEST_STEP][PASSED] - waitForElementClickable: Object 'Object Repository/PrimoTours/Old Objects/ThankYouPage/bookingNoContainer' is clickable

2017-12-04 13:17:43 - [MESSAGE][PASSED] - Object 'Object Repository/PrimoTours/Old Objects/ThankYouPage/bookingNoContainer' is clickable

2017-12-04 13:17:43 - [TEST_STEP][PASSED] - verifyElementVisible: Object 'Object Repository/PrimoTours/Old Objects/ThankYouPage/bookingNoContainer' is visible

2017-12-04 13:17:43 - [MESSAGE][PASSED] - Object 'Object Repository/PrimoTours/Old Objects/ThankYouPage/bookingNoContainer' is visible

2017-12-04 13:17:43 - [TEST_STEP][PASSED] - verifyElementVisible: Object 'Object Repository/PrimoTours/Old Objects/ThankYouPage/bookingTotalInfo' is visible

2017-12-04 13:17:43 - [MESSAGE][PASSED] - Object 'Object Repository/PrimoTours/Old Objects/ThankYouPage/bookingTotalInfo' is visible

2017-12-04 13:17:43 - [TEST_STEP][PASSED] - verifyElementVisible: Object 'Object Repository/PrimoTours/Old Objects/ThankYouPage/bookingTotalPriceBar' is visible

2017-12-04 13:17:43 - [MESSAGE][PASSED] - Object 'Object Repository/PrimoTours/Old Objects/ThankYouPage/bookingTotalPriceBar' is visible

2017-12-04 13:17:43 - [TEST_STEP][PASSED] - verifyElementVisible: Object 'Object Repository/PrimoTours/Old Objects/ThankYouPage/printTicketSpan' is visible

2017-12-04 13:17:43 - [MESSAGE][PASSED] - Object 'Object Repository/PrimoTours/Old Objects/ThankYouPage/printTicketSpan' is visible

2017-12-04 13:17:43 - [TEST_STEP][PASSED] - waitForElementClickable: Object 'Object Repository/PrimoTours/Old Objects/ThankYouPage/printTicketSpan' is clickable

2017-12-04 13:17:43 - [MESSAGE][PASSED] - Object 'Object Repository/PrimoTours/Old Objects/ThankYouPage/printTicketSpan' is clickable

2017-12-04 13:17:43 - [TEST_STEP][FAILED] - Statement - Try: Unable to click on object 'Object Repository/PrimoTours/Old Objects/ThankYouPage/printTicketSpan' (Root cause: org.openqa.selenium.WebDriverException: unknown error: Element <span id="printTicketSpan" data-bind="text: tourpaq.bookingEngine.languageStaticResources.PrintReceipt">...</span> is not clickable at point (508, 319). Other element would receive the click: <div class="se-pre-con" id="booking-overlay"></div>
  (Session info: chrome=62.0.3202.94)
  (Driver info: chromedriver=2.33.506120 (e3e53437346286c0bc2d2dc9aa4915ba81d9023f),platform=Windows NT 6.3.9600 x86_64) (WARNING: The server did not provide any stacktrace information)
Command duration or timeout: 0 milliseconds
Build info: version: '3.7.1', revision: '8a0099a', time: '2017-11-06T21:07:36.161Z'
System info: host: 'NEACSUNEW-PC', ip: '10.10.10.211', os.name: 'Windows 8.1', os.arch: 'amd64', os.version: '6.3', java.version: '1.8.0_102'
Driver info: com.kms.katalon.selenium.driver.CChromeDriver
Capabilities {acceptSslCerts: true, applicationCacheEnabled: false, browserConnectionEnabled: false, browserName: chrome, chrome: {chromedriverVersion: 2.33.506120 (e3e53437346286..., userDataDir: C:\Users\Cornel\AppData\Loc...}, cssSelectorsEnabled: true, databaseEnabled: false, handlesAlerts: true, hasTouchScreen: false, javascriptEnabled: true, locationContextEnabled: true, mobileEmulationEnabled: false, nativeEvents: true, networkConnectionEnabled: false, pageLoadStrategy: normal, platform: XP, platformName: XP, rotatable: false, setWindowRect: true, takesHeapSnapshot: true, takesScreenshot: true, unexpectedAlertBehaviour: , unhandledPromptBehavior: , version: 62.0.3202.94, webStorageEnabled: true}
Session ID: 418508b3fe9c6c4ce73bea3d17bcbfeb)

2017-12-04 13:17:43 - [TEST_STEP][FAILED] - click: Unable to click on object 'Object Repository/PrimoTours/Old Objects/ThankYouPage/printTicketSpan' (Root cause: org.openqa.selenium.WebDriverException: unknown error: Element <span id="printTicketSpan" data-bind="text: tourpaq.bookingEngine.languageStaticResources.PrintReceipt">...</span> is not clickable at point (508, 319). Other element would receive the click: <div class="se-pre-con" id="booking-overlay"></div>
  (Session info: chrome=62.0.3202.94)
  (Driver info: chromedriver=2.33.506120 (e3e53437346286c0bc2d2dc9aa4915ba81d9023f),platform=Windows NT 6.3.9600 x86_64) (WARNING: The server did not provide any stacktrace information)
Command duration or timeout: 0 milliseconds
Build info: version: '3.7.1', revision: '8a0099a', time: '2017-11-06T21:07:36.161Z'
System info: host: 'NEACSUNEW-PC', ip: '10.10.10.211', os.name: 'Windows 8.1', os.arch: 'amd64', os.version: '6.3', java.version: '1.8.0_102'
Driver info: com.kms.katalon.selenium.driver.CChromeDriver
Capabilities {acceptSslCerts: true, applicationCacheEnabled: false, browserConnectionEnabled: false, browserName: chrome, chrome: {chromedriverVersion: 2.33.506120 (e3e53437346286..., userDataDir: C:\Users\Cornel\AppData\Loc...}, cssSelectorsEnabled: true, databaseEnabled: false, handlesAlerts: true, hasTouchScreen: false, javascriptEnabled: true, locationContextEnabled: true, mobileEmulationEnabled: false, nativeEvents: true, networkConnectionEnabled: false, pageLoadStrategy: normal, platform: XP, platformName: XP, rotatable: false, setWindowRect: true, takesHeapSnapshot: true, takesScreenshot: true, unexpectedAlertBehaviour: , unhandledPromptBehavior: , version: 62.0.3202.94, webStorageEnabled: true}
Session ID: 418508b3fe9c6c4ce73bea3d17bcbfeb)

2017-12-04 13:17:44 - [MESSAGE][FAILED] - Unable to click on object 'Object Repository/PrimoTours/Old Objects/ThankYouPage/printTicketSpan' (Root cause: org.openqa.selenium.WebDriverException: unknown error: Element <span id="printTicketSpan" data-bind="text: tourpaq.bookingEngine.languageStaticResources.PrintReceipt">...</span> is not clickable at point (508, 319). Other element would receive the click: <div class="se-pre-con" id="booking-overlay"></div>
  (Session info: chrome=62.0.3202.94)
  (Driver info: chromedriver=2.33.506120 (e3e53437346286c0bc2d2dc9aa4915ba81d9023f),platform=Windows NT 6.3.9600 x86_64) (WARNING: The server did not provide any stacktrace information)
Command duration or timeout: 0 milliseconds
Build info: version: '3.7.1', revision: '8a0099a', time: '2017-11-06T21:07:36.161Z'
System info: host: 'NEACSUNEW-PC', ip: '10.10.10.211', os.name: 'Windows 8.1', os.arch: 'amd64', os.version: '6.3', java.version: '1.8.0_102'
Driver info: com.kms.katalon.selenium.driver.CChromeDriver
Capabilities {acceptSslCerts: true, applicationCacheEnabled: false, browserConnectionEnabled: false, browserName: chrome, chrome: {chromedriverVersion: 2.33.506120 (e3e53437346286..., userDataDir: C:\Users\Cornel\AppData\Loc...}, cssSelectorsEnabled: true, databaseEnabled: false, handlesAlerts: true, hasTouchScreen: false, javascriptEnabled: true, locationContextEnabled: true, mobileEmulationEnabled: false, nativeEvents: true, networkConnectionEnabled: false, pageLoadStrategy: normal, platform: XP, platformName: XP, rotatable: false, setWindowRect: true, takesHeapSnapshot: true, takesScreenshot: true, unexpectedAlertBehaviour: , unhandledPromptBehavior: , version: 62.0.3202.94, webStorageEnabled: true}
Session ID: 418508b3fe9c6c4ce73bea3d17bcbfeb)
[[ATTACHMENT|D:\\Software testing\\Tourpaq\\Automated Katalon tests\\Primo WB test\\Reports\\WB Primo From Excel URLs\\20171204_131551\\1512386263966.png]]

2017-12-04 13:17:44 - [TEST_STEP][FAILED] - Statement - Catch (Exception e): Unable to click on object 'Object Repository/PrimoTours/Old Objects/ThankYouPage/printTicketSpan' (Root cause: org.openqa.selenium.WebDriverException: unknown error: Element <span id="printTicketSpan" data-bind="text: tourpaq.bookingEngine.languageStaticResources.PrintReceipt">...</span> is not clickable at point (508, 319). Other element would receive the click: <div class="se-pre-con" id="booking-overlay" style="opacity: 0.759014;"></div>
  (Session info: chrome=62.0.3202.94)
  (Driver info: chromedriver=2.33.506120 (e3e53437346286c0bc2d2dc9aa4915ba81d9023f),platform=Windows NT 6.3.9600 x86_64) (WARNING: The server did not provide any stacktrace information)
Command duration or timeout: 0 milliseconds
Build info: version: '3.7.1', revision: '8a0099a', time: '2017-11-06T21:07:36.161Z'
System info: host: 'NEACSUNEW-PC', ip: '10.10.10.211', os.name: 'Windows 8.1', os.arch: 'amd64', os.version: '6.3', java.version: '1.8.0_102'
Driver info: com.kms.katalon.selenium.driver.CChromeDriver
Capabilities {acceptSslCerts: true, applicationCacheEnabled: false, browserConnectionEnabled: false, browserName: chrome, chrome: {chromedriverVersion: 2.33.506120 (e3e53437346286..., userDataDir: C:\Users\Cornel\AppData\Loc...}, cssSelectorsEnabled: true, databaseEnabled: false, handlesAlerts: true, hasTouchScreen: false, javascriptEnabled: true, locationContextEnabled: true, mobileEmulationEnabled: false, nativeEvents: true, networkConnectionEnabled: false, pageLoadStrategy: normal, platform: XP, platformName: XP, rotatable: false, setWindowRect: true, takesHeapSnapshot: true, takesScreenshot: true, unexpectedAlertBehaviour: , unhandledPromptBehavior: , version: 62.0.3202.94, webStorageEnabled: true}
Session ID: 418508b3fe9c6c4ce73bea3d17bcbfeb)

2017-12-04 13:17:44 - [TEST_STEP][FAILED] - click: Unable to click on object 'Object Repository/PrimoTours/Old Objects/ThankYouPage/printTicketSpan' (Root cause: org.openqa.selenium.WebDriverException: unknown error: Element <span id="printTicketSpan" data-bind="text: tourpaq.bookingEngine.languageStaticResources.PrintReceipt">...</span> is not clickable at point (508, 319). Other element would receive the click: <div class="se-pre-con" id="booking-overlay" style="opacity: 0.759014;"></div>
  (Session info: chrome=62.0.3202.94)
  (Driver info: chromedriver=2.33.506120 (e3e53437346286c0bc2d2dc9aa4915ba81d9023f),platform=Windows NT 6.3.9600 x86_64) (WARNING: The server did not provide any stacktrace information)
Command duration or timeout: 0 milliseconds
Build info: version: '3.7.1', revision: '8a0099a', time: '2017-11-06T21:07:36.161Z'
System info: host: 'NEACSUNEW-PC', ip: '10.10.10.211', os.name: 'Windows 8.1', os.arch: 'amd64', os.version: '6.3', java.version: '1.8.0_102'
Driver info: com.kms.katalon.selenium.driver.CChromeDriver
Capabilities {acceptSslCerts: true, applicationCacheEnabled: false, browserConnectionEnabled: false, browserName: chrome, chrome: {chromedriverVersion: 2.33.506120 (e3e53437346286..., userDataDir: C:\Users\Cornel\AppData\Loc...}, cssSelectorsEnabled: true, databaseEnabled: false, handlesAlerts: true, hasTouchScreen: false, javascriptEnabled: true, locationContextEnabled: true, mobileEmulationEnabled: false, nativeEvents: true, networkConnectionEnabled: false, pageLoadStrategy: normal, platform: XP, platformName: XP, rotatable: false, setWindowRect: true, takesHeapSnapshot: true, takesScreenshot: true, unexpectedAlertBehaviour: , unhandledPromptBehavior: , version: 62.0.3202.94, webStorageEnabled: true}
Session ID: 418508b3fe9c6c4ce73bea3d17bcbfeb)

2017-12-04 13:17:45 - [MESSAGE][FAILED] - Unable to click on object 'Object Repository/PrimoTours/Old Objects/ThankYouPage/printTicketSpan' (Root cause: org.openqa.selenium.WebDriverException: unknown error: Element <span id="printTicketSpan" data-bind="text: tourpaq.bookingEngine.languageStaticResources.PrintReceipt">...</span> is not clickable at point (508, 319). Other element would receive the click: <div class="se-pre-con" id="booking-overlay" style="opacity: 0.759014;"></div>
  (Session info: chrome=62.0.3202.94)
  (Driver info: chromedriver=2.33.506120 (e3e53437346286c0bc2d2dc9aa4915ba81d9023f),platform=Windows NT 6.3.9600 x86_64) (WARNING: The server did not provide any stacktrace information)
Command duration or timeout: 0 milliseconds
Build info: version: '3.7.1', revision: '8a0099a', time: '2017-11-06T21:07:36.161Z'
System info: host: 'NEACSUNEW-PC', ip: '10.10.10.211', os.name: 'Windows 8.1', os.arch: 'amd64', os.version: '6.3', java.version: '1.8.0_102'
Driver info: com.kms.katalon.selenium.driver.CChromeDriver
Capabilities {acceptSslCerts: true, applicationCacheEnabled: false, browserConnectionEnabled: false, browserName: chrome, chrome: {chromedriverVersion: 2.33.506120 (e3e53437346286..., userDataDir: C:\Users\Cornel\AppData\Loc...}, cssSelectorsEnabled: true, databaseEnabled: false, handlesAlerts: true, hasTouchScreen: false, javascriptEnabled: true, locationContextEnabled: true, mobileEmulationEnabled: false, nativeEvents: true, networkConnectionEnabled: false, pageLoadStrategy: normal, platform: XP, platformName: XP, rotatable: false, setWindowRect: true, takesHeapSnapshot: true, takesScreenshot: true, unexpectedAlertBehaviour: , unhandledPromptBehavior: , version: 62.0.3202.94, webStorageEnabled: true}
Session ID: 418508b3fe9c6c4ce73bea3d17bcbfeb)
[[ATTACHMENT|D:\\Software testing\\Tourpaq\\Automated Katalon tests\\Primo WB test\\Reports\\WB Primo From Excel URLs\\20171204_131551\\1512386264454.png]]]]></system-out>
         <system-err><![CDATA[2017-12-04 13:17:16 - [TEST_CASE][FAILED] - Test Cases/PrimoTours/WB Primo/WB Primo staging - place booking - Iteration 4: Test Cases/PrimoTours/WB Primo/WB Primo staging - place booking FAILED because (of) Unable to click on object 'Object Repository/PrimoTours/Old Objects/ThankYouPage/printTicketSpan' (Root cause: org.openqa.selenium.WebDriverException: unknown error: Element <span id="printTicketSpan" data-bind="text: tourpaq.bookingEngine.languageStaticResources.PrintReceipt">...</span> is not clickable at point (508, 319). Other element would receive the click: <div class="se-pre-con" id="booking-overlay" style="opacity: 0.759014;"></div>
  (Session info: chrome=62.0.3202.94)
  (Driver info: chromedriver=2.33.506120 (e3e53437346286c0bc2d2dc9aa4915ba81d9023f),platform=Windows NT 6.3.9600 x86_64) (WARNING: The server did not provide any stacktrace information)
Command duration or timeout: 0 milliseconds
Build info: version: '3.7.1', revision: '8a0099a', time: '2017-11-06T21:07:36.161Z'
System info: host: 'NEACSUNEW-PC', ip: '10.10.10.211', os.name: 'Windows 8.1', os.arch: 'amd64', os.version: '6.3', java.version: '1.8.0_102'
Driver info: com.kms.katalon.selenium.driver.CChromeDriver
Capabilities {acceptSslCerts: true, applicationCacheEnabled: false, browserConnectionEnabled: false, browserName: chrome, chrome: {chromedriverVersion: 2.33.506120 (e3e53437346286..., userDataDir: C:\Users\Cornel\AppData\Loc...}, cssSelectorsEnabled: true, databaseEnabled: false, handlesAlerts: true, hasTouchScreen: false, javascriptEnabled: true, locationContextEnabled: true, mobileEmulationEnabled: false, nativeEvents: true, networkConnectionEnabled: false, pageLoadStrategy: normal, platform: XP, platformName: XP, rotatable: false, setWindowRect: true, takesHeapSnapshot: true, takesScreenshot: true, unexpectedAlertBehaviour: , unhandledPromptBehavior: , version: 62.0.3202.94, webStorageEnabled: true}
Session ID: 418508b3fe9c6c4ce73bea3d17bcbfeb)]]></system-err>
      </testcase>
      <testcase name="Test Cases/PrimoTours/WB Primo/WB Primo staging - place booking - Iteration 5" classname="Test Cases/PrimoTours/WB Primo/WB Primo staging - place booking" status="FAILED">
         <failure type="FAILED" message="Test Cases/PrimoTours/WB Primo/WB Primo staging - place booking FAILED because (of) Unable to click on object 'Object Repository/PrimoTours/Old Objects/Coco (1)/PrimoT/SaveBooking2/Success/firstProdCategIndividualSelectionRadioB' (Root cause: org.openqa.selenium.WebDriverException: unknown error: Element &lt;a href=&quot;#&quot; class=&quot;toggle radio kalypto&quot;>&lt;/a> is not clickable at point (865, 10). Other element would receive the click: &lt;html lang=&quot;en&quot; class=&quot;win chrome chrome62 webkit webkit5&quot;>...&lt;/html>
  (Session info: chrome=62.0.3202.94)
  (Driver info: chromedriver=2.33.506120 (e3e53437346286c0bc2d2dc9aa4915ba81d9023f),platform=Windows NT 6.3.9600 x86_64) (WARNING: The server did not provide any stacktrace information)
Command duration or timeout: 0 milliseconds
Build info: version: '3.7.1', revision: '8a0099a', time: '2017-11-06T21:07:36.161Z'
System info: host: 'NEACSUNEW-PC', ip: '10.10.10.211', os.name: 'Windows 8.1', os.arch: 'amd64', os.version: '6.3', java.version: '1.8.0_102'
Driver info: com.kms.katalon.selenium.driver.CChromeDriver
Capabilities {acceptSslCerts: true, applicationCacheEnabled: false, browserConnectionEnabled: false, browserName: chrome, chrome: {chromedriverVersion: 2.33.506120 (e3e53437346286..., userDataDir: C:\Users\Cornel\AppData\Loc...}, cssSelectorsEnabled: true, databaseEnabled: false, handlesAlerts: true, hasTouchScreen: false, javascriptEnabled: true, locationContextEnabled: true, mobileEmulationEnabled: false, nativeEvents: true, networkConnectionEnabled: false, pageLoadStrategy: normal, platform: XP, platformName: XP, rotatable: false, setWindowRect: true, takesHeapSnapshot: true, takesScreenshot: true, unexpectedAlertBehaviour: , unhandledPromptBehavior: , version: 62.0.3202.94, webStorageEnabled: true}
Session ID: 021fb41169178eb887d285e86212d255)"/>
         <system-out><![CDATA[2017-12-04 13:17:45 - [TEST_CASE][FAILED] - Test Cases/PrimoTours/WB Primo/WB Primo staging - place booking - Iteration 5: Test Cases/PrimoTours/WB Primo/WB Primo staging - place booking FAILED because (of) Unable to click on object 'Object Repository/PrimoTours/Old Objects/Coco (1)/PrimoT/SaveBooking2/Success/firstProdCategIndividualSelectionRadioB' (Root cause: org.openqa.selenium.WebDriverException: unknown error: Element <a href="#" class="toggle radio kalypto"></a> is not clickable at point (865, 10). Other element would receive the click: <html lang="en" class="win chrome chrome62 webkit webkit5">...</html>
  (Session info: chrome=62.0.3202.94)
  (Driver info: chromedriver=2.33.506120 (e3e53437346286c0bc2d2dc9aa4915ba81d9023f),platform=Windows NT 6.3.9600 x86_64) (WARNING: The server did not provide any stacktrace information)
Command duration or timeout: 0 milliseconds
Build info: version: '3.7.1', revision: '8a0099a', time: '2017-11-06T21:07:36.161Z'
System info: host: 'NEACSUNEW-PC', ip: '10.10.10.211', os.name: 'Windows 8.1', os.arch: 'amd64', os.version: '6.3', java.version: '1.8.0_102'
Driver info: com.kms.katalon.selenium.driver.CChromeDriver
Capabilities {acceptSslCerts: true, applicationCacheEnabled: false, browserConnectionEnabled: false, browserName: chrome, chrome: {chromedriverVersion: 2.33.506120 (e3e53437346286..., userDataDir: C:\Users\Cornel\AppData\Loc...}, cssSelectorsEnabled: true, databaseEnabled: false, handlesAlerts: true, hasTouchScreen: false, javascriptEnabled: true, locationContextEnabled: true, mobileEmulationEnabled: false, nativeEvents: true, networkConnectionEnabled: false, pageLoadStrategy: normal, platform: XP, platformName: XP, rotatable: false, setWindowRect: true, takesHeapSnapshot: true, takesScreenshot: true, unexpectedAlertBehaviour: , unhandledPromptBehavior: , version: 62.0.3202.94, webStorageEnabled: true}
Session ID: 021fb41169178eb887d285e86212d255)

2017-12-04 13:17:45 - [TEST_STEP][PASSED] - openBrowser: Browser is opened with url: ''

2017-12-04 13:17:45 - [MESSAGE][WARNING] - A browser is already opened. Closing browser and opening a new one

2017-12-04 13:17:47 - [MESSAGE][PASSED] - Browser is opened with url: ''

2017-12-04 13:17:47 - [TEST_STEP][PASSED] - maximizeWindow: Current window maximized

2017-12-04 13:17:49 - [MESSAGE][PASSED] - Current window maximized

2017-12-04 13:17:49 - [TEST_STEP][PASSED] - navigateToUrl: Navigate to 'https://staging-primotours-webbooking.tourpaq.com/DoBooking.aspx?pltaID=1480269,1480294&p=1&rno=1,1&pt=1,1&a=2,2&c=2,2&aa=&ca=1,4|0,5' successfully

2017-12-04 13:17:51 - [MESSAGE][PASSED] - Navigate to 'https://staging-primotours-webbooking.tourpaq.com/DoBooking.aspx?pltaID=1480269,1480294&p=1&rno=1,1&pt=1,1&a=2,2&c=2,2&aa=&ca=1,4|0,5' successfully

2017-12-04 13:17:51 - [TEST_STEP][PASSED] - Statement - excelInfo = ["fname":"", "lname":"", "pgender":"", "pday":"", "pmonth":"", "pyear":""]: null

2017-12-04 13:17:51 - [TEST_STEP][PASSED] - Statement - rawData = com.kms.katalon.core.testdata.TestDataFactory.findTestData("Data Files/WB_Primo/Passenger_details"): Reading excel file with source file 'D:\Software testing\Tourpaq\Automated Katalon tests\Primo WB test\Data Files\Primo_URLs_For_Automated_Test.xls' and sheet name 'Passenger Names'

2017-12-04 13:17:51 - [TEST_STEP][PASSED] - Statement - excelRowNo = rawData.getRowNumbers(): null

2017-12-04 13:17:51 - [TEST_STEP][PASSED] - Statement - randomPaxIndex = java.lang.Math.abs(new java.util.Random().nextInt() % excelRowNo) + 1: null

2017-12-04 13:17:51 - [TEST_STEP][PASSED] - Statement - fname = rawData.getValue("FirstName", randomPaxIndex): null

2017-12-04 13:17:51 - [TEST_STEP][PASSED] - Statement - lname = rawData.getValue("LastName", randomPaxIndex): null

2017-12-04 13:17:51 - [TEST_STEP][PASSED] - Statement - pgender = rawData.getValue("Gender", randomPaxIndex): null

2017-12-04 13:17:51 - [TEST_STEP][PASSED] - setText: Text 'Pörtner AUT' is set on object 'Object Repository/PrimoTours/Old Objects/Coco/PrimoT/Page_Primo Tours  Danmarks bedste c/input_firstName'

2017-12-04 13:17:51 - [MESSAGE][PASSED] - Text 'Pörtner AUT' is set on object 'Object Repository/PrimoTours/Old Objects/Coco/PrimoT/Page_Primo Tours  Danmarks bedste c/input_firstName'

2017-12-04 13:17:51 - [TEST_STEP][PASSED] - setText: Text 'Kim Michael' is set on object 'Object Repository/PrimoTours/Old Objects/Coco/PrimoT/Page_Primo Tours  Danmarks bedste c/input_lastName'

2017-12-04 13:17:51 - [MESSAGE][PASSED] - Text 'Kim Michael' is set on object 'Object Repository/PrimoTours/Old Objects/Coco/PrimoT/Page_Primo Tours  Danmarks bedste c/input_lastName'

2017-12-04 13:17:51 - [TEST_STEP][PASSED] - click: Object: 'Object Repository/PrimoTours/LandingPage/customerGender' is clicked on

2017-12-04 13:17:51 - [MESSAGE][PASSED] - Object: 'Object Repository/PrimoTours/LandingPage/customerGender' is clicked on

2017-12-04 13:17:51 - [TEST_STEP][PASSED] - setText: Text 'Home address' is set on object 'Object Repository/PrimoTours/Old Objects/Coco/PrimoT/Page_Primo Tours  Danmarks bedste c/input_customerAddress'

2017-12-04 13:17:52 - [MESSAGE][PASSED] - Text 'Home address' is set on object 'Object Repository/PrimoTours/Old Objects/Coco/PrimoT/Page_Primo Tours  Danmarks bedste c/input_customerAddress'

2017-12-04 13:17:52 - [TEST_STEP][PASSED] - setText: Text '6700' is set on object 'Object Repository/PrimoTours/Old Objects/Coco/PrimoT/Page_Primo Tours  Danmarks bedste c/input_customerPostcode'

2017-12-04 13:17:52 - [MESSAGE][PASSED] - Text '6700' is set on object 'Object Repository/PrimoTours/Old Objects/Coco/PrimoT/Page_Primo Tours  Danmarks bedste c/input_customerPostcode'

2017-12-04 13:17:52 - [TEST_STEP][PASSED] - setText: Text 'cornel.neacsu@roweb.ro' is set on object 'Object Repository/PrimoTours/Old Objects/Coco/PrimoT/Page_Primo Tours  Danmarks bedste c/input_customerEmail'

2017-12-04 13:17:52 - [MESSAGE][PASSED] - Text 'cornel.neacsu@roweb.ro' is set on object 'Object Repository/PrimoTours/Old Objects/Coco/PrimoT/Page_Primo Tours  Danmarks bedste c/input_customerEmail'

2017-12-04 13:17:52 - [TEST_STEP][PASSED] - setText: Text '12345678' is set on object 'Object Repository/PrimoTours/Old Objects/Coco/PrimoT/Page_Primo Tours  Danmarks bedste c/input_customerPhone'

2017-12-04 13:17:52 - [MESSAGE][PASSED] - Text '12345678' is set on object 'Object Repository/PrimoTours/Old Objects/Coco/PrimoT/Page_Primo Tours  Danmarks bedste c/input_customerPhone'

2017-12-04 13:17:52 - [TEST_STEP][PASSED] - waitForElementClickable: Object 'Object Repository/PrimoTours/Old Objects/Coco/PrimoT/Page_Primo Tours  Danmarks bedste c/input_firstname-0_1' is clickable

2017-12-04 13:17:55 - [MESSAGE][PASSED] - Object 'Object Repository/PrimoTours/Old Objects/Coco/PrimoT/Page_Primo Tours  Danmarks bedste c/input_firstname-0_1' is clickable

2017-12-04 13:17:55 - [TEST_STEP][PASSED] - Statement - driver = com.kms.katalon.core.webui.driver.DriverFactory.getWebDriver(): null

2017-12-04 13:17:55 - [TEST_STEP][PASSED] - Statement - roomContainerXpath = "id("roomAndStaticOptionsContainer")/div[@class="row"]/div[@class="col-md-12 roomContainer"]": null

2017-12-04 13:17:55 - [TEST_STEP][PASSED] - Statement - roomsCount = driver.findElements(org.openqa.selenium.By.xpath(roomContainerXpath)).size(): null

2017-12-04 13:17:55 - [TEST_STEP][PASSED] - Statement - println("roomsCount=" + roomsCount): null

2017-12-04 13:17:55 - [TEST_STEP][PASSED] - Statement - For ([i = 1, i <= roomsCount, (i++)]): Object: 'Object Repository/PrimoTours/LandingPage/secondPaxFirstNameField' is clicked on

2017-12-04 13:17:55 - [TEST_STEP][PASSED] - Statement - paxInRoomXpath = "id("passengersContainer_" + i - 1 + "")/div[@class="col-md-12"]/div[@class="row"]": null

2017-12-04 13:17:55 - [TEST_STEP][PASSED] - Statement - println("paxInRoomXpath=" + paxInRoomXpath): null

2017-12-04 13:17:55 - [TEST_STEP][PASSED] - Statement - paxInRoomCount = driver.findElements(org.openqa.selenium.By.xpath(paxInRoomXpath)).size(): null

2017-12-04 13:17:55 - [TEST_STEP][PASSED] - Statement - println("paxInRoomCount=" + paxInRoomCount): null

2017-12-04 13:17:55 - [TEST_STEP][PASSED] - Statement - For ([j = 1, j <= paxInRoomCount, (j++)]): Object: 'Object Repository/PrimoTours/LandingPage/secondPaxFirstNameField' is clicked on

2017-12-04 13:17:55 - [TEST_STEP][PASSED] - Statement - If (i == 1 & j == 1): null

2017-12-04 13:17:55 - [TEST_STEP][PASSED] - Statement - <not implemented yet for class: org.codehaus.groovy.ast.stmt.ContinueStatement>: null

2017-12-04 13:17:55 - [TEST_STEP][PASSED] - Statement - If (i == 1 & j == 1): null

2017-12-04 13:17:55 - [TEST_STEP][PASSED] - Statement - randomPaxIndex = java.lang.Math.abs(new java.util.Random().nextInt() % excelRowNo) + 1: null

2017-12-04 13:17:55 - [TEST_STEP][PASSED] - Statement - fname = rawData.getValue("FirstName", randomPaxIndex) + " AUT": null

2017-12-04 13:17:55 - [TEST_STEP][PASSED] - Statement - lname = rawData.getValue("LastName", randomPaxIndex): null

2017-12-04 13:17:55 - [TEST_STEP][PASSED] - Statement - pgender = rawData.getValue("Gender", randomPaxIndex): null

2017-12-04 13:17:55 - [TEST_STEP][PASSED] - Statement - pday = rawData.getValue("Day DOB", randomPaxIndex): null

2017-12-04 13:17:55 - [TEST_STEP][PASSED] - Statement - pmonth = rawData.getValue("Month DOB", randomPaxIndex): null

2017-12-04 13:17:55 - [TEST_STEP][PASSED] - Statement - pyear = rawData.getValue("Year DOB", randomPaxIndex): null

2017-12-04 13:17:55 - [TEST_STEP][PASSED] - Statement - paxDetailFields = paxInRoomXpath + "[" + j + "]/div[@class="col-md-x col-md-9"]/div[@class="row paxContainer"][1]/div[contains(@class,"paxAttribute")]": null

2017-12-04 13:17:55 - [TEST_STEP][PASSED] - Statement - xpathval = paxDetailFields + "[1]/div[contains(@class,"form-group")]/input[contains(@class,"paxFirstName")]": null

2017-12-04 13:17:55 - [TEST_STEP][PASSED] - Statement - println("fn: " + xpathval): null

2017-12-04 13:17:55 - [TEST_STEP][PASSED] - Statement - repObj = com.kms.katalon.core.testobject.ObjectRepository.findTestObject(Object Repository/PrimoTours/LandingPage/secondPaxFirstNameField): Finding Test Object with id 'Object Repository/PrimoTours/LandingPage/secondPaxFirstNameField'

2017-12-04 13:17:55 - [TEST_STEP][PASSED] - Statement - repObj.findProperty("xpath").setValue(xpathval): null

2017-12-04 13:17:55 - [TEST_STEP][PASSED] - setText: Text 'Sørensen AUT' is set on object 'Object Repository/PrimoTours/LandingPage/secondPaxFirstNameField'

2017-12-04 13:17:56 - [MESSAGE][PASSED] - Text 'Sørensen AUT' is set on object 'Object Repository/PrimoTours/LandingPage/secondPaxFirstNameField'

2017-12-04 13:17:56 - [TEST_STEP][PASSED] - Statement - xpathval = paxDetailFields + "[2]/div[contains(@class,"form-group")]/input[contains(@class,"paxLastName")]": null

2017-12-04 13:17:56 - [TEST_STEP][PASSED] - Statement - println("ln: " + xpathval): null

2017-12-04 13:17:56 - [TEST_STEP][PASSED] - Statement - repObj = com.kms.katalon.core.testobject.ObjectRepository.findTestObject(Object Repository/PrimoTours/LandingPage/secondPaxFirstNameField): Finding Test Object with id 'Object Repository/PrimoTours/LandingPage/secondPaxFirstNameField'

2017-12-04 13:17:56 - [TEST_STEP][PASSED] - Statement - repObj.findProperty("xpath").setValue(xpathval): null

2017-12-04 13:17:56 - [TEST_STEP][PASSED] - setText: Text 'Ludvig Kryhlmand' is set on object 'Object Repository/PrimoTours/LandingPage/secondPaxFirstNameField'

2017-12-04 13:17:56 - [MESSAGE][PASSED] - Text 'Ludvig Kryhlmand' is set on object 'Object Repository/PrimoTours/LandingPage/secondPaxFirstNameField'

2017-12-04 13:17:56 - [TEST_STEP][PASSED] - Statement - repObj = com.kms.katalon.core.testobject.ObjectRepository.findTestObject(Object Repository/PrimoTours/LandingPage/secondPaxFirstNameField): Finding Test Object with id 'Object Repository/PrimoTours/LandingPage/secondPaxFirstNameField'

2017-12-04 13:17:56 - [TEST_STEP][PASSED] - Statement - xpathval = paxDetailFields + "[3]/div[contains(@class,"paxGenderSelectorContainer")]/span[contains(@class,"select2 select2-container")]/span[contains(@class,"selection")]/span[contains(@class,"select2-selection")]": null

2017-12-04 13:17:56 - [TEST_STEP][PASSED] - Statement - println("gender: " + xpathval): null

2017-12-04 13:17:56 - [TEST_STEP][PASSED] - Statement - repObj.findProperty("xpath").setValue(xpathval): null

2017-12-04 13:17:56 - [TEST_STEP][PASSED] - click: Object: 'Object Repository/PrimoTours/LandingPage/secondPaxFirstNameField' is clicked on

2017-12-04 13:17:56 - [MESSAGE][PASSED] - Object: 'Object Repository/PrimoTours/LandingPage/secondPaxFirstNameField' is clicked on

2017-12-04 13:17:56 - [TEST_STEP][PASSED] - Statement - If (i == 1 & j == 1): null

2017-12-04 13:17:56 - [TEST_STEP][PASSED] - Statement - randomPaxIndex = java.lang.Math.abs(new java.util.Random().nextInt() % excelRowNo) + 1: null

2017-12-04 13:17:56 - [TEST_STEP][PASSED] - Statement - fname = rawData.getValue("FirstName", randomPaxIndex) + " AUT": null

2017-12-04 13:17:56 - [TEST_STEP][PASSED] - Statement - lname = rawData.getValue("LastName", randomPaxIndex): null

2017-12-04 13:17:56 - [TEST_STEP][PASSED] - Statement - pgender = rawData.getValue("Gender", randomPaxIndex): null

2017-12-04 13:17:56 - [TEST_STEP][PASSED] - Statement - pday = rawData.getValue("Day DOB", randomPaxIndex): null

2017-12-04 13:17:56 - [TEST_STEP][PASSED] - Statement - pmonth = rawData.getValue("Month DOB", randomPaxIndex): null

2017-12-04 13:17:56 - [TEST_STEP][PASSED] - Statement - pyear = rawData.getValue("Year DOB", randomPaxIndex): null

2017-12-04 13:17:56 - [TEST_STEP][PASSED] - Statement - paxDetailFields = paxInRoomXpath + "[" + j + "]/div[@class="col-md-x col-md-9"]/div[@class="row paxContainer"][1]/div[contains(@class,"paxAttribute")]": null

2017-12-04 13:17:56 - [TEST_STEP][PASSED] - Statement - xpathval = paxDetailFields + "[1]/div[contains(@class,"form-group")]/input[contains(@class,"paxFirstName")]": null

2017-12-04 13:17:56 - [TEST_STEP][PASSED] - Statement - println("fn: " + xpathval): null

2017-12-04 13:17:56 - [TEST_STEP][PASSED] - Statement - repObj = com.kms.katalon.core.testobject.ObjectRepository.findTestObject(Object Repository/PrimoTours/LandingPage/secondPaxFirstNameField): Finding Test Object with id 'Object Repository/PrimoTours/LandingPage/secondPaxFirstNameField'

2017-12-04 13:17:56 - [TEST_STEP][PASSED] - Statement - repObj.findProperty("xpath").setValue(xpathval): null

2017-12-04 13:17:56 - [TEST_STEP][PASSED] - setText: Text 'Niculae AUT' is set on object 'Object Repository/PrimoTours/LandingPage/secondPaxFirstNameField'

2017-12-04 13:17:56 - [MESSAGE][PASSED] - Text 'Niculae AUT' is set on object 'Object Repository/PrimoTours/LandingPage/secondPaxFirstNameField'

2017-12-04 13:17:56 - [TEST_STEP][PASSED] - Statement - xpathval = paxDetailFields + "[2]/div[contains(@class,"form-group")]/input[contains(@class,"paxLastName")]": null

2017-12-04 13:17:56 - [TEST_STEP][PASSED] - Statement - println("ln: " + xpathval): null

2017-12-04 13:17:56 - [TEST_STEP][PASSED] - Statement - repObj = com.kms.katalon.core.testobject.ObjectRepository.findTestObject(Object Repository/PrimoTours/LandingPage/secondPaxFirstNameField): Finding Test Object with id 'Object Repository/PrimoTours/LandingPage/secondPaxFirstNameField'

2017-12-04 13:17:56 - [TEST_STEP][PASSED] - Statement - repObj.findProperty("xpath").setValue(xpathval): null

2017-12-04 13:17:56 - [TEST_STEP][PASSED] - setText: Text 'Maria' is set on object 'Object Repository/PrimoTours/LandingPage/secondPaxFirstNameField'

2017-12-04 13:17:56 - [MESSAGE][PASSED] - Text 'Maria' is set on object 'Object Repository/PrimoTours/LandingPage/secondPaxFirstNameField'

2017-12-04 13:17:56 - [TEST_STEP][PASSED] - Statement - repObj = com.kms.katalon.core.testobject.ObjectRepository.findTestObject(Object Repository/PrimoTours/LandingPage/secondPaxFirstNameField): Finding Test Object with id 'Object Repository/PrimoTours/LandingPage/secondPaxFirstNameField'

2017-12-04 13:17:56 - [TEST_STEP][PASSED] - Statement - xpathval = paxDetailFields + "[3]/div[contains(@class,"paxGenderSelectorContainer")]/span[contains(@class,"select2 select2-container")]/span[contains(@class,"selection")]/span[contains(@class,"select2-selection")]": null

2017-12-04 13:17:56 - [TEST_STEP][PASSED] - Statement - println("gender: " + xpathval): null

2017-12-04 13:17:56 - [TEST_STEP][PASSED] - Statement - repObj.findProperty("xpath").setValue(xpathval): null

2017-12-04 13:17:56 - [TEST_STEP][PASSED] - click: Unable to click on object 'Object Repository/PrimoTours/LandingPage/secondPaxFirstNameField' (Root cause: org.openqa.selenium.WebDriverException: unknown error: Element <span class="select2-selection select2-selection--single" role="combobox" aria-haspopup="true" aria-expanded="false" tabindex="0" aria-labelledby="select2-gender-0_2-gx-container">...</span> is not clickable at point (1168, 788). Other element would receive the click: <li class="select2-results__option" id="select2-gender-0_1-87-result-x72i-MS" role="treeitem" aria-selected="false">...</li>
  (Session info: chrome=62.0.3202.94)
  (Driver info: chromedriver=2.33.506120 (e3e53437346286c0bc2d2dc9aa4915ba81d9023f),platform=Windows NT 6.3.9600 x86_64) (WARNING: The server did not provide any stacktrace information)
Command duration or timeout: 0 milliseconds
Build info: version: '3.7.1', revision: '8a0099a', time: '2017-11-06T21:07:36.161Z'
System info: host: 'NEACSUNEW-PC', ip: '10.10.10.211', os.name: 'Windows 8.1', os.arch: 'amd64', os.version: '6.3', java.version: '1.8.0_102'
Driver info: com.kms.katalon.selenium.driver.CChromeDriver
Capabilities {acceptSslCerts: true, applicationCacheEnabled: false, browserConnectionEnabled: false, browserName: chrome, chrome: {chromedriverVersion: 2.33.506120 (e3e53437346286..., userDataDir: C:\Users\Cornel\AppData\Loc...}, cssSelectorsEnabled: true, databaseEnabled: false, handlesAlerts: true, hasTouchScreen: false, javascriptEnabled: true, locationContextEnabled: true, mobileEmulationEnabled: false, nativeEvents: true, networkConnectionEnabled: false, pageLoadStrategy: normal, platform: XP, platformName: XP, rotatable: false, setWindowRect: true, takesHeapSnapshot: true, takesScreenshot: true, unexpectedAlertBehaviour: , unhandledPromptBehavior: , version: 62.0.3202.94, webStorageEnabled: true}
Session ID: 021fb41169178eb887d285e86212d255)

2017-12-04 13:17:57 - [MESSAGE][WARNING] - Unable to click on object 'Object Repository/PrimoTours/LandingPage/secondPaxFirstNameField' (Root cause: org.openqa.selenium.WebDriverException: unknown error: Element <span class="select2-selection select2-selection--single" role="combobox" aria-haspopup="true" aria-expanded="false" tabindex="0" aria-labelledby="select2-gender-0_2-gx-container">...</span> is not clickable at point (1168, 788). Other element would receive the click: <li class="select2-results__option" id="select2-gender-0_1-87-result-x72i-MS" role="treeitem" aria-selected="false">...</li>
  (Session info: chrome=62.0.3202.94)
  (Driver info: chromedriver=2.33.506120 (e3e53437346286c0bc2d2dc9aa4915ba81d9023f),platform=Windows NT 6.3.9600 x86_64) (WARNING: The server did not provide any stacktrace information)
Command duration or timeout: 0 milliseconds
Build info: version: '3.7.1', revision: '8a0099a', time: '2017-11-06T21:07:36.161Z'
System info: host: 'NEACSUNEW-PC', ip: '10.10.10.211', os.name: 'Windows 8.1', os.arch: 'amd64', os.version: '6.3', java.version: '1.8.0_102'
Driver info: com.kms.katalon.selenium.driver.CChromeDriver
Capabilities {acceptSslCerts: true, applicationCacheEnabled: false, browserConnectionEnabled: false, browserName: chrome, chrome: {chromedriverVersion: 2.33.506120 (e3e53437346286..., userDataDir: C:\Users\Cornel\AppData\Loc...}, cssSelectorsEnabled: true, databaseEnabled: false, handlesAlerts: true, hasTouchScreen: false, javascriptEnabled: true, locationContextEnabled: true, mobileEmulationEnabled: false, nativeEvents: true, networkConnectionEnabled: false, pageLoadStrategy: normal, platform: XP, platformName: XP, rotatable: false, setWindowRect: true, takesHeapSnapshot: true, takesScreenshot: true, unexpectedAlertBehaviour: , unhandledPromptBehavior: , version: 62.0.3202.94, webStorageEnabled: true}
Session ID: 021fb41169178eb887d285e86212d255)
[[ATTACHMENT|D:\\Software testing\\Tourpaq\\Automated Katalon tests\\Primo WB test\\Reports\\WB Primo From Excel URLs\\20171204_131551\\1512386276994.png]]

2017-12-04 13:17:57 - [TEST_STEP][PASSED] - Statement - If (i == 1 & j == 1): null

2017-12-04 13:17:57 - [TEST_STEP][PASSED] - Statement - randomPaxIndex = java.lang.Math.abs(new java.util.Random().nextInt() % excelRowNo) + 1: null

2017-12-04 13:17:57 - [TEST_STEP][PASSED] - Statement - fname = rawData.getValue("FirstName", randomPaxIndex) + " AUT": null

2017-12-04 13:17:57 - [TEST_STEP][PASSED] - Statement - lname = rawData.getValue("LastName", randomPaxIndex): null

2017-12-04 13:17:57 - [TEST_STEP][PASSED] - Statement - pgender = rawData.getValue("Gender", randomPaxIndex): null

2017-12-04 13:17:57 - [TEST_STEP][PASSED] - Statement - pday = rawData.getValue("Day DOB", randomPaxIndex): null

2017-12-04 13:17:57 - [TEST_STEP][PASSED] - Statement - pmonth = rawData.getValue("Month DOB", randomPaxIndex): null

2017-12-04 13:17:57 - [TEST_STEP][PASSED] - Statement - pyear = rawData.getValue("Year DOB", randomPaxIndex): null

2017-12-04 13:17:57 - [TEST_STEP][PASSED] - Statement - paxDetailFields = paxInRoomXpath + "[" + j + "]/div[@class="col-md-x col-md-9"]/div[@class="row paxContainer"][1]/div[contains(@class,"paxAttribute")]": null

2017-12-04 13:17:57 - [TEST_STEP][PASSED] - Statement - xpathval = paxDetailFields + "[1]/div[contains(@class,"form-group")]/input[contains(@class,"paxFirstName")]": null

2017-12-04 13:17:57 - [TEST_STEP][PASSED] - Statement - println("fn: " + xpathval): null

2017-12-04 13:17:57 - [TEST_STEP][PASSED] - Statement - repObj = com.kms.katalon.core.testobject.ObjectRepository.findTestObject(Object Repository/PrimoTours/LandingPage/secondPaxFirstNameField): Finding Test Object with id 'Object Repository/PrimoTours/LandingPage/secondPaxFirstNameField'

2017-12-04 13:17:57 - [TEST_STEP][PASSED] - Statement - repObj.findProperty("xpath").setValue(xpathval): null

2017-12-04 13:17:57 - [TEST_STEP][PASSED] - setText: Text 'Kanstrup AUT' is set on object 'Object Repository/PrimoTours/LandingPage/secondPaxFirstNameField'

2017-12-04 13:17:57 - [MESSAGE][PASSED] - Text 'Kanstrup AUT' is set on object 'Object Repository/PrimoTours/LandingPage/secondPaxFirstNameField'

2017-12-04 13:17:57 - [TEST_STEP][PASSED] - Statement - xpathval = paxDetailFields + "[2]/div[contains(@class,"form-group")]/input[contains(@class,"paxLastName")]": null

2017-12-04 13:17:57 - [TEST_STEP][PASSED] - Statement - println("ln: " + xpathval): null

2017-12-04 13:17:57 - [TEST_STEP][PASSED] - Statement - repObj = com.kms.katalon.core.testobject.ObjectRepository.findTestObject(Object Repository/PrimoTours/LandingPage/secondPaxFirstNameField): Finding Test Object with id 'Object Repository/PrimoTours/LandingPage/secondPaxFirstNameField'

2017-12-04 13:17:57 - [TEST_STEP][PASSED] - Statement - repObj.findProperty("xpath").setValue(xpathval): null

2017-12-04 13:17:57 - [TEST_STEP][PASSED] - setText: Text 'Jesper' is set on object 'Object Repository/PrimoTours/LandingPage/secondPaxFirstNameField'

2017-12-04 13:17:57 - [MESSAGE][PASSED] - Text 'Jesper' is set on object 'Object Repository/PrimoTours/LandingPage/secondPaxFirstNameField'

2017-12-04 13:17:57 - [TEST_STEP][PASSED] - Statement - repObj = com.kms.katalon.core.testobject.ObjectRepository.findTestObject(Object Repository/PrimoTours/LandingPage/secondPaxFirstNameField): Finding Test Object with id 'Object Repository/PrimoTours/LandingPage/secondPaxFirstNameField'

2017-12-04 13:17:57 - [TEST_STEP][PASSED] - Statement - xpathval = paxDetailFields + "[3]/div[contains(@class,"paxGenderSelectorContainer")]/span[contains(@class,"select2 select2-container")]/span[contains(@class,"selection")]/span[contains(@class,"select2-selection")]": null

2017-12-04 13:17:57 - [TEST_STEP][PASSED] - Statement - println("gender: " + xpathval): null

2017-12-04 13:17:57 - [TEST_STEP][PASSED] - Statement - repObj.findProperty("xpath").setValue(xpathval): null

2017-12-04 13:17:57 - [TEST_STEP][PASSED] - click: Object: 'Object Repository/PrimoTours/LandingPage/secondPaxFirstNameField' is clicked on

2017-12-04 13:17:58 - [MESSAGE][PASSED] - Object: 'Object Repository/PrimoTours/LandingPage/secondPaxFirstNameField' is clicked on

2017-12-04 13:17:58 - [TEST_STEP][PASSED] - Statement - paxInRoomXpath = "id("passengersContainer_" + i - 1 + "")/div[@class="col-md-12"]/div[@class="row"]": null

2017-12-04 13:17:58 - [TEST_STEP][PASSED] - Statement - println("paxInRoomXpath=" + paxInRoomXpath): null

2017-12-04 13:17:58 - [TEST_STEP][PASSED] - Statement - paxInRoomCount = driver.findElements(org.openqa.selenium.By.xpath(paxInRoomXpath)).size(): null

2017-12-04 13:17:58 - [TEST_STEP][PASSED] - Statement - println("paxInRoomCount=" + paxInRoomCount): null

2017-12-04 13:17:58 - [TEST_STEP][PASSED] - Statement - For ([j = 1, j <= paxInRoomCount, (j++)]): Object: 'Object Repository/PrimoTours/LandingPage/secondPaxFirstNameField' is clicked on

2017-12-04 13:17:58 - [TEST_STEP][PASSED] - Statement - If (i == 1 & j == 1): null

2017-12-04 13:17:58 - [TEST_STEP][PASSED] - Statement - randomPaxIndex = java.lang.Math.abs(new java.util.Random().nextInt() % excelRowNo) + 1: null

2017-12-04 13:17:58 - [TEST_STEP][PASSED] - Statement - fname = rawData.getValue("FirstName", randomPaxIndex) + " AUT": null

2017-12-04 13:17:58 - [TEST_STEP][PASSED] - Statement - lname = rawData.getValue("LastName", randomPaxIndex): null

2017-12-04 13:17:58 - [TEST_STEP][PASSED] - Statement - pgender = rawData.getValue("Gender", randomPaxIndex): null

2017-12-04 13:17:58 - [TEST_STEP][PASSED] - Statement - pday = rawData.getValue("Day DOB", randomPaxIndex): null

2017-12-04 13:17:58 - [TEST_STEP][PASSED] - Statement - pmonth = rawData.getValue("Month DOB", randomPaxIndex): null

2017-12-04 13:17:58 - [TEST_STEP][PASSED] - Statement - pyear = rawData.getValue("Year DOB", randomPaxIndex): null

2017-12-04 13:17:58 - [TEST_STEP][PASSED] - Statement - paxDetailFields = paxInRoomXpath + "[" + j + "]/div[@class="col-md-x col-md-9"]/div[@class="row paxContainer"][1]/div[contains(@class,"paxAttribute")]": null

2017-12-04 13:17:58 - [TEST_STEP][PASSED] - Statement - xpathval = paxDetailFields + "[1]/div[contains(@class,"form-group")]/input[contains(@class,"paxFirstName")]": null

2017-12-04 13:17:58 - [TEST_STEP][PASSED] - Statement - println("fn: " + xpathval): null

2017-12-04 13:17:58 - [TEST_STEP][PASSED] - Statement - repObj = com.kms.katalon.core.testobject.ObjectRepository.findTestObject(Object Repository/PrimoTours/LandingPage/secondPaxFirstNameField): Finding Test Object with id 'Object Repository/PrimoTours/LandingPage/secondPaxFirstNameField'

2017-12-04 13:17:58 - [TEST_STEP][PASSED] - Statement - repObj.findProperty("xpath").setValue(xpathval): null

2017-12-04 13:17:58 - [TEST_STEP][PASSED] - setText: Text 'Rebsdorf AUT' is set on object 'Object Repository/PrimoTours/LandingPage/secondPaxFirstNameField'

2017-12-04 13:17:58 - [MESSAGE][PASSED] - Text 'Rebsdorf AUT' is set on object 'Object Repository/PrimoTours/LandingPage/secondPaxFirstNameField'

2017-12-04 13:17:58 - [TEST_STEP][PASSED] - Statement - xpathval = paxDetailFields + "[2]/div[contains(@class,"form-group")]/input[contains(@class,"paxLastName")]": null

2017-12-04 13:17:58 - [TEST_STEP][PASSED] - Statement - println("ln: " + xpathval): null

2017-12-04 13:17:58 - [TEST_STEP][PASSED] - Statement - repObj = com.kms.katalon.core.testobject.ObjectRepository.findTestObject(Object Repository/PrimoTours/LandingPage/secondPaxFirstNameField): Finding Test Object with id 'Object Repository/PrimoTours/LandingPage/secondPaxFirstNameField'

2017-12-04 13:17:58 - [TEST_STEP][PASSED] - Statement - repObj.findProperty("xpath").setValue(xpathval): null

2017-12-04 13:17:58 - [TEST_STEP][PASSED] - setText: Text 'Jette Greve' is set on object 'Object Repository/PrimoTours/LandingPage/secondPaxFirstNameField'

2017-12-04 13:17:58 - [MESSAGE][PASSED] - Text 'Jette Greve' is set on object 'Object Repository/PrimoTours/LandingPage/secondPaxFirstNameField'

2017-12-04 13:17:58 - [TEST_STEP][PASSED] - Statement - repObj = com.kms.katalon.core.testobject.ObjectRepository.findTestObject(Object Repository/PrimoTours/LandingPage/secondPaxFirstNameField): Finding Test Object with id 'Object Repository/PrimoTours/LandingPage/secondPaxFirstNameField'

2017-12-04 13:17:58 - [TEST_STEP][PASSED] - Statement - xpathval = paxDetailFields + "[3]/div[contains(@class,"paxGenderSelectorContainer")]/span[contains(@class,"select2 select2-container")]/span[contains(@class,"selection")]/span[contains(@class,"select2-selection")]": null

2017-12-04 13:17:58 - [TEST_STEP][PASSED] - Statement - println("gender: " + xpathval): null

2017-12-04 13:17:58 - [TEST_STEP][PASSED] - Statement - repObj.findProperty("xpath").setValue(xpathval): null

2017-12-04 13:17:58 - [TEST_STEP][PASSED] - click: Object: 'Object Repository/PrimoTours/LandingPage/secondPaxFirstNameField' is clicked on

2017-12-04 13:17:58 - [MESSAGE][PASSED] - Object: 'Object Repository/PrimoTours/LandingPage/secondPaxFirstNameField' is clicked on

2017-12-04 13:17:58 - [TEST_STEP][PASSED] - Statement - If (i == 1 & j == 1): null

2017-12-04 13:17:58 - [TEST_STEP][PASSED] - Statement - randomPaxIndex = java.lang.Math.abs(new java.util.Random().nextInt() % excelRowNo) + 1: null

2017-12-04 13:17:58 - [TEST_STEP][PASSED] - Statement - fname = rawData.getValue("FirstName", randomPaxIndex) + " AUT": null

2017-12-04 13:17:58 - [TEST_STEP][PASSED] - Statement - lname = rawData.getValue("LastName", randomPaxIndex): null

2017-12-04 13:17:58 - [TEST_STEP][PASSED] - Statement - pgender = rawData.getValue("Gender", randomPaxIndex): null

2017-12-04 13:17:58 - [TEST_STEP][PASSED] - Statement - pday = rawData.getValue("Day DOB", randomPaxIndex): null

2017-12-04 13:17:58 - [TEST_STEP][PASSED] - Statement - pmonth = rawData.getValue("Month DOB", randomPaxIndex): null

2017-12-04 13:17:58 - [TEST_STEP][PASSED] - Statement - pyear = rawData.getValue("Year DOB", randomPaxIndex): null

2017-12-04 13:17:58 - [TEST_STEP][PASSED] - Statement - paxDetailFields = paxInRoomXpath + "[" + j + "]/div[@class="col-md-x col-md-9"]/div[@class="row paxContainer"][1]/div[contains(@class,"paxAttribute")]": null

2017-12-04 13:17:58 - [TEST_STEP][PASSED] - Statement - xpathval = paxDetailFields + "[1]/div[contains(@class,"form-group")]/input[contains(@class,"paxFirstName")]": null

2017-12-04 13:17:58 - [TEST_STEP][PASSED] - Statement - println("fn: " + xpathval): null

2017-12-04 13:17:58 - [TEST_STEP][PASSED] - Statement - repObj = com.kms.katalon.core.testobject.ObjectRepository.findTestObject(Object Repository/PrimoTours/LandingPage/secondPaxFirstNameField): Finding Test Object with id 'Object Repository/PrimoTours/LandingPage/secondPaxFirstNameField'

2017-12-04 13:17:58 - [TEST_STEP][PASSED] - Statement - repObj.findProperty("xpath").setValue(xpathval): null

2017-12-04 13:17:58 - [TEST_STEP][PASSED] - setText: Text 'Ax AUT' is set on object 'Object Repository/PrimoTours/LandingPage/secondPaxFirstNameField'

2017-12-04 13:17:58 - [MESSAGE][PASSED] - Text 'Ax AUT' is set on object 'Object Repository/PrimoTours/LandingPage/secondPaxFirstNameField'

2017-12-04 13:17:58 - [TEST_STEP][PASSED] - Statement - xpathval = paxDetailFields + "[2]/div[contains(@class,"form-group")]/input[contains(@class,"paxLastName")]": null

2017-12-04 13:17:58 - [TEST_STEP][PASSED] - Statement - println("ln: " + xpathval): null

2017-12-04 13:17:58 - [TEST_STEP][PASSED] - Statement - repObj = com.kms.katalon.core.testobject.ObjectRepository.findTestObject(Object Repository/PrimoTours/LandingPage/secondPaxFirstNameField): Finding Test Object with id 'Object Repository/PrimoTours/LandingPage/secondPaxFirstNameField'

2017-12-04 13:17:58 - [TEST_STEP][PASSED] - Statement - repObj.findProperty("xpath").setValue(xpathval): null

2017-12-04 13:17:58 - [TEST_STEP][PASSED] - setText: Text 'Michael Folke' is set on object 'Object Repository/PrimoTours/LandingPage/secondPaxFirstNameField'

2017-12-04 13:17:59 - [MESSAGE][PASSED] - Text 'Michael Folke' is set on object 'Object Repository/PrimoTours/LandingPage/secondPaxFirstNameField'

2017-12-04 13:17:59 - [TEST_STEP][PASSED] - Statement - repObj = com.kms.katalon.core.testobject.ObjectRepository.findTestObject(Object Repository/PrimoTours/LandingPage/secondPaxFirstNameField): Finding Test Object with id 'Object Repository/PrimoTours/LandingPage/secondPaxFirstNameField'

2017-12-04 13:17:59 - [TEST_STEP][PASSED] - Statement - xpathval = paxDetailFields + "[3]/div[contains(@class,"paxGenderSelectorContainer")]/span[contains(@class,"select2 select2-container")]/span[contains(@class,"selection")]/span[contains(@class,"select2-selection")]": null

2017-12-04 13:17:59 - [TEST_STEP][PASSED] - Statement - println("gender: " + xpathval): null

2017-12-04 13:17:59 - [TEST_STEP][PASSED] - Statement - repObj.findProperty("xpath").setValue(xpathval): null

2017-12-04 13:17:59 - [TEST_STEP][PASSED] - click: Object: 'Object Repository/PrimoTours/LandingPage/secondPaxFirstNameField' is clicked on

2017-12-04 13:17:59 - [MESSAGE][PASSED] - Object: 'Object Repository/PrimoTours/LandingPage/secondPaxFirstNameField' is clicked on

2017-12-04 13:17:59 - [TEST_STEP][PASSED] - Statement - If (i == 1 & j == 1): null

2017-12-04 13:17:59 - [TEST_STEP][PASSED] - Statement - randomPaxIndex = java.lang.Math.abs(new java.util.Random().nextInt() % excelRowNo) + 1: null

2017-12-04 13:17:59 - [TEST_STEP][PASSED] - Statement - fname = rawData.getValue("FirstName", randomPaxIndex) + " AUT": null

2017-12-04 13:17:59 - [TEST_STEP][PASSED] - Statement - lname = rawData.getValue("LastName", randomPaxIndex): null

2017-12-04 13:17:59 - [TEST_STEP][PASSED] - Statement - pgender = rawData.getValue("Gender", randomPaxIndex): null

2017-12-04 13:17:59 - [TEST_STEP][PASSED] - Statement - pday = rawData.getValue("Day DOB", randomPaxIndex): null

2017-12-04 13:17:59 - [TEST_STEP][PASSED] - Statement - pmonth = rawData.getValue("Month DOB", randomPaxIndex): null

2017-12-04 13:17:59 - [TEST_STEP][PASSED] - Statement - pyear = rawData.getValue("Year DOB", randomPaxIndex): null

2017-12-04 13:17:59 - [TEST_STEP][PASSED] - Statement - paxDetailFields = paxInRoomXpath + "[" + j + "]/div[@class="col-md-x col-md-9"]/div[@class="row paxContainer"][1]/div[contains(@class,"paxAttribute")]": null

2017-12-04 13:17:59 - [TEST_STEP][PASSED] - Statement - xpathval = paxDetailFields + "[1]/div[contains(@class,"form-group")]/input[contains(@class,"paxFirstName")]": null

2017-12-04 13:17:59 - [TEST_STEP][PASSED] - Statement - println("fn: " + xpathval): null

2017-12-04 13:17:59 - [TEST_STEP][PASSED] - Statement - repObj = com.kms.katalon.core.testobject.ObjectRepository.findTestObject(Object Repository/PrimoTours/LandingPage/secondPaxFirstNameField): Finding Test Object with id 'Object Repository/PrimoTours/LandingPage/secondPaxFirstNameField'

2017-12-04 13:17:59 - [TEST_STEP][PASSED] - Statement - repObj.findProperty("xpath").setValue(xpathval): null

2017-12-04 13:17:59 - [TEST_STEP][PASSED] - setText: Text 'Søgaard AUT' is set on object 'Object Repository/PrimoTours/LandingPage/secondPaxFirstNameField'

2017-12-04 13:17:59 - [MESSAGE][PASSED] - Text 'Søgaard AUT' is set on object 'Object Repository/PrimoTours/LandingPage/secondPaxFirstNameField'

2017-12-04 13:17:59 - [TEST_STEP][PASSED] - Statement - xpathval = paxDetailFields + "[2]/div[contains(@class,"form-group")]/input[contains(@class,"paxLastName")]": null

2017-12-04 13:17:59 - [TEST_STEP][PASSED] - Statement - println("ln: " + xpathval): null

2017-12-04 13:17:59 - [TEST_STEP][PASSED] - Statement - repObj = com.kms.katalon.core.testobject.ObjectRepository.findTestObject(Object Repository/PrimoTours/LandingPage/secondPaxFirstNameField): Finding Test Object with id 'Object Repository/PrimoTours/LandingPage/secondPaxFirstNameField'

2017-12-04 13:17:59 - [TEST_STEP][PASSED] - Statement - repObj.findProperty("xpath").setValue(xpathval): null

2017-12-04 13:17:59 - [TEST_STEP][PASSED] - setText: Text 'Carit' is set on object 'Object Repository/PrimoTours/LandingPage/secondPaxFirstNameField'

2017-12-04 13:17:59 - [MESSAGE][PASSED] - Text 'Carit' is set on object 'Object Repository/PrimoTours/LandingPage/secondPaxFirstNameField'

2017-12-04 13:17:59 - [TEST_STEP][PASSED] - Statement - repObj = com.kms.katalon.core.testobject.ObjectRepository.findTestObject(Object Repository/PrimoTours/LandingPage/secondPaxFirstNameField): Finding Test Object with id 'Object Repository/PrimoTours/LandingPage/secondPaxFirstNameField'

2017-12-04 13:17:59 - [TEST_STEP][PASSED] - Statement - xpathval = paxDetailFields + "[3]/div[contains(@class,"paxGenderSelectorContainer")]/span[contains(@class,"select2 select2-container")]/span[contains(@class,"selection")]/span[contains(@class,"select2-selection")]": null

2017-12-04 13:17:59 - [TEST_STEP][PASSED] - Statement - println("gender: " + xpathval): null

2017-12-04 13:17:59 - [TEST_STEP][PASSED] - Statement - repObj.findProperty("xpath").setValue(xpathval): null

2017-12-04 13:17:59 - [TEST_STEP][PASSED] - click: Unable to click on object 'Object Repository/PrimoTours/LandingPage/secondPaxFirstNameField' (Root cause: org.openqa.selenium.WebDriverException: unknown error: Element <span class="select2-selection select2-selection--single" role="combobox" aria-haspopup="true" aria-expanded="false" tabindex="0" aria-labelledby="select2-gender-1_2-wf-container">...</span> is not clickable at point (1168, 528). Other element would receive the click: <li class="select2-results__option" id="select2-gender-1_1-q9-result-acfm-MS" role="treeitem" aria-selected="false">...</li>
  (Session info: chrome=62.0.3202.94)
  (Driver info: chromedriver=2.33.506120 (e3e53437346286c0bc2d2dc9aa4915ba81d9023f),platform=Windows NT 6.3.9600 x86_64) (WARNING: The server did not provide any stacktrace information)
Command duration or timeout: 0 milliseconds
Build info: version: '3.7.1', revision: '8a0099a', time: '2017-11-06T21:07:36.161Z'
System info: host: 'NEACSUNEW-PC', ip: '10.10.10.211', os.name: 'Windows 8.1', os.arch: 'amd64', os.version: '6.3', java.version: '1.8.0_102'
Driver info: com.kms.katalon.selenium.driver.CChromeDriver
Capabilities {acceptSslCerts: true, applicationCacheEnabled: false, browserConnectionEnabled: false, browserName: chrome, chrome: {chromedriverVersion: 2.33.506120 (e3e53437346286..., userDataDir: C:\Users\Cornel\AppData\Loc...}, cssSelectorsEnabled: true, databaseEnabled: false, handlesAlerts: true, hasTouchScreen: false, javascriptEnabled: true, locationContextEnabled: true, mobileEmulationEnabled: false, nativeEvents: true, networkConnectionEnabled: false, pageLoadStrategy: normal, platform: XP, platformName: XP, rotatable: false, setWindowRect: true, takesHeapSnapshot: true, takesScreenshot: true, unexpectedAlertBehaviour: , unhandledPromptBehavior: , version: 62.0.3202.94, webStorageEnabled: true}
Session ID: 021fb41169178eb887d285e86212d255)

2017-12-04 13:18:00 - [MESSAGE][WARNING] - Unable to click on object 'Object Repository/PrimoTours/LandingPage/secondPaxFirstNameField' (Root cause: org.openqa.selenium.WebDriverException: unknown error: Element <span class="select2-selection select2-selection--single" role="combobox" aria-haspopup="true" aria-expanded="false" tabindex="0" aria-labelledby="select2-gender-1_2-wf-container">...</span> is not clickable at point (1168, 528). Other element would receive the click: <li class="select2-results__option" id="select2-gender-1_1-q9-result-acfm-MS" role="treeitem" aria-selected="false">...</li>
  (Session info: chrome=62.0.3202.94)
  (Driver info: chromedriver=2.33.506120 (e3e53437346286c0bc2d2dc9aa4915ba81d9023f),platform=Windows NT 6.3.9600 x86_64) (WARNING: The server did not provide any stacktrace information)
Command duration or timeout: 0 milliseconds
Build info: version: '3.7.1', revision: '8a0099a', time: '2017-11-06T21:07:36.161Z'
System info: host: 'NEACSUNEW-PC', ip: '10.10.10.211', os.name: 'Windows 8.1', os.arch: 'amd64', os.version: '6.3', java.version: '1.8.0_102'
Driver info: com.kms.katalon.selenium.driver.CChromeDriver
Capabilities {acceptSslCerts: true, applicationCacheEnabled: false, browserConnectionEnabled: false, browserName: chrome, chrome: {chromedriverVersion: 2.33.506120 (e3e53437346286..., userDataDir: C:\Users\Cornel\AppData\Loc...}, cssSelectorsEnabled: true, databaseEnabled: false, handlesAlerts: true, hasTouchScreen: false, javascriptEnabled: true, locationContextEnabled: true, mobileEmulationEnabled: false, nativeEvents: true, networkConnectionEnabled: false, pageLoadStrategy: normal, platform: XP, platformName: XP, rotatable: false, setWindowRect: true, takesHeapSnapshot: true, takesScreenshot: true, unexpectedAlertBehaviour: , unhandledPromptBehavior: , version: 62.0.3202.94, webStorageEnabled: true}
Session ID: 021fb41169178eb887d285e86212d255)
[[ATTACHMENT|D:\\Software testing\\Tourpaq\\Automated Katalon tests\\Primo WB test\\Reports\\WB Primo From Excel URLs\\20171204_131551\\1512386279779.png]]

2017-12-04 13:18:00 - [TEST_STEP][PASSED] - Statement - If (i == 1 & j == 1): null

2017-12-04 13:18:00 - [TEST_STEP][PASSED] - Statement - randomPaxIndex = java.lang.Math.abs(new java.util.Random().nextInt() % excelRowNo) + 1: null

2017-12-04 13:18:00 - [TEST_STEP][PASSED] - Statement - fname = rawData.getValue("FirstName", randomPaxIndex) + " AUT": null

2017-12-04 13:18:00 - [TEST_STEP][PASSED] - Statement - lname = rawData.getValue("LastName", randomPaxIndex): null

2017-12-04 13:18:00 - [TEST_STEP][PASSED] - Statement - pgender = rawData.getValue("Gender", randomPaxIndex): null

2017-12-04 13:18:00 - [TEST_STEP][PASSED] - Statement - pday = rawData.getValue("Day DOB", randomPaxIndex): null

2017-12-04 13:18:00 - [TEST_STEP][PASSED] - Statement - pmonth = rawData.getValue("Month DOB", randomPaxIndex): null

2017-12-04 13:18:00 - [TEST_STEP][PASSED] - Statement - pyear = rawData.getValue("Year DOB", randomPaxIndex): null

2017-12-04 13:18:00 - [TEST_STEP][PASSED] - Statement - paxDetailFields = paxInRoomXpath + "[" + j + "]/div[@class="col-md-x col-md-9"]/div[@class="row paxContainer"][1]/div[contains(@class,"paxAttribute")]": null

2017-12-04 13:18:00 - [TEST_STEP][PASSED] - Statement - xpathval = paxDetailFields + "[1]/div[contains(@class,"form-group")]/input[contains(@class,"paxFirstName")]": null

2017-12-04 13:18:00 - [TEST_STEP][PASSED] - Statement - println("fn: " + xpathval): null

2017-12-04 13:18:00 - [TEST_STEP][PASSED] - Statement - repObj = com.kms.katalon.core.testobject.ObjectRepository.findTestObject(Object Repository/PrimoTours/LandingPage/secondPaxFirstNameField): Finding Test Object with id 'Object Repository/PrimoTours/LandingPage/secondPaxFirstNameField'

2017-12-04 13:18:00 - [TEST_STEP][PASSED] - Statement - repObj.findProperty("xpath").setValue(xpathval): null

2017-12-04 13:18:00 - [TEST_STEP][PASSED] - setText: Text 'Votborg AUT' is set on object 'Object Repository/PrimoTours/LandingPage/secondPaxFirstNameField'

2017-12-04 13:18:00 - [MESSAGE][PASSED] - Text 'Votborg AUT' is set on object 'Object Repository/PrimoTours/LandingPage/secondPaxFirstNameField'

2017-12-04 13:18:00 - [TEST_STEP][PASSED] - Statement - xpathval = paxDetailFields + "[2]/div[contains(@class,"form-group")]/input[contains(@class,"paxLastName")]": null

2017-12-04 13:18:00 - [TEST_STEP][PASSED] - Statement - println("ln: " + xpathval): null

2017-12-04 13:18:00 - [TEST_STEP][PASSED] - Statement - repObj = com.kms.katalon.core.testobject.ObjectRepository.findTestObject(Object Repository/PrimoTours/LandingPage/secondPaxFirstNameField): Finding Test Object with id 'Object Repository/PrimoTours/LandingPage/secondPaxFirstNameField'

2017-12-04 13:18:00 - [TEST_STEP][PASSED] - Statement - repObj.findProperty("xpath").setValue(xpathval): null

2017-12-04 13:18:00 - [TEST_STEP][PASSED] - setText: Text 'Silas Vilsgaard' is set on object 'Object Repository/PrimoTours/LandingPage/secondPaxFirstNameField'

2017-12-04 13:18:00 - [MESSAGE][PASSED] - Text 'Silas Vilsgaard' is set on object 'Object Repository/PrimoTours/LandingPage/secondPaxFirstNameField'

2017-12-04 13:18:00 - [TEST_STEP][PASSED] - Statement - repObj = com.kms.katalon.core.testobject.ObjectRepository.findTestObject(Object Repository/PrimoTours/LandingPage/secondPaxFirstNameField): Finding Test Object with id 'Object Repository/PrimoTours/LandingPage/secondPaxFirstNameField'

2017-12-04 13:18:00 - [TEST_STEP][PASSED] - Statement - xpathval = paxDetailFields + "[3]/div[contains(@class,"paxGenderSelectorContainer")]/span[contains(@class,"select2 select2-container")]/span[contains(@class,"selection")]/span[contains(@class,"select2-selection")]": null

2017-12-04 13:18:00 - [TEST_STEP][PASSED] - Statement - println("gender: " + xpathval): null

2017-12-04 13:18:00 - [TEST_STEP][PASSED] - Statement - repObj.findProperty("xpath").setValue(xpathval): null

2017-12-04 13:18:00 - [TEST_STEP][PASSED] - click: Object: 'Object Repository/PrimoTours/LandingPage/secondPaxFirstNameField' is clicked on

2017-12-04 13:18:00 - [MESSAGE][PASSED] - Object: 'Object Repository/PrimoTours/LandingPage/secondPaxFirstNameField' is clicked on

2017-12-04 13:18:00 - [TEST_STEP][PASSED] - scrollToElement: Scroll to object 'Object Repository/PrimoTours/Old Objects/Coco (1)/PrimoT/SaveBooking2/Success/bookingTotalValue' successfully

2017-12-04 13:18:00 - [MESSAGE][PASSED] - Scroll to object 'Object Repository/PrimoTours/Old Objects/Coco (1)/PrimoT/SaveBooking2/Success/bookingTotalValue' successfully

2017-12-04 13:18:00 - [TEST_STEP][PASSED] - click: Object: 'Object Repository/PrimoTours/Old Objects/Coco (1)/PrimoT/SaveBooking2/Success/bookingTotalValue' is clicked on

2017-12-04 13:18:00 - [MESSAGE][PASSED] - Object: 'Object Repository/PrimoTours/Old Objects/Coco (1)/PrimoT/SaveBooking2/Success/bookingTotalValue' is clicked on

2017-12-04 13:18:00 - [TEST_STEP][PASSED] - scrollToElement: Scroll to object 'Object Repository/PrimoTours/Old Objects/Coco (1)/PrimoT/SaveBooking2/Success/Page_Primo Tours  Danmarks bedste c/nextButtonOnLandingPage' successfully

2017-12-04 13:18:00 - [MESSAGE][PASSED] - Scroll to object 'Object Repository/PrimoTours/Old Objects/Coco (1)/PrimoT/SaveBooking2/Success/Page_Primo Tours  Danmarks bedste c/nextButtonOnLandingPage' successfully

2017-12-04 13:18:00 - [TEST_STEP][PASSED] - waitForElementClickable: Object 'Object Repository/PrimoTours/Old Objects/Coco (1)/PrimoT/SaveBooking2/Success/Page_Primo Tours  Danmarks bedste c/nextButtonOnLandingPage' is clickable

2017-12-04 13:18:01 - [MESSAGE][PASSED] - Object 'Object Repository/PrimoTours/Old Objects/Coco (1)/PrimoT/SaveBooking2/Success/Page_Primo Tours  Danmarks bedste c/nextButtonOnLandingPage' is clickable

2017-12-04 13:18:01 - [TEST_STEP][PASSED] - waitForElementVisible: Object 'Object Repository/PrimoTours/Old Objects/Coco (1)/PrimoT/SaveBooking2/Success/Page_Primo Tours  Danmarks bedste c/nextButtonOnLandingPage' is visible

2017-12-04 13:18:01 - [MESSAGE][PASSED] - Object 'Object Repository/PrimoTours/Old Objects/Coco (1)/PrimoT/SaveBooking2/Success/Page_Primo Tours  Danmarks bedste c/nextButtonOnLandingPage' is visible

2017-12-04 13:18:01 - [TEST_STEP][PASSED] - scrollToElement: Scroll to object 'Object Repository/PrimoTours/Old Objects/Coco (1)/PrimoT/SaveBooking2/Success/Page_Primo Tours  Danmarks bedste c/nextButtonOnLandingPage' successfully

2017-12-04 13:18:01 - [MESSAGE][PASSED] - Scroll to object 'Object Repository/PrimoTours/Old Objects/Coco (1)/PrimoT/SaveBooking2/Success/Page_Primo Tours  Danmarks bedste c/nextButtonOnLandingPage' successfully

2017-12-04 13:18:01 - [TEST_STEP][PASSED] - click: Object: 'Object Repository/PrimoTours/Old Objects/Coco (1)/PrimoT/SaveBooking2/Success/Page_Primo Tours  Danmarks bedste c/nextButtonOnLandingPage' is clicked on

2017-12-04 13:18:01 - [MESSAGE][PASSED] - Object: 'Object Repository/PrimoTours/Old Objects/Coco (1)/PrimoT/SaveBooking2/Success/Page_Primo Tours  Danmarks bedste c/nextButtonOnLandingPage' is clicked on

2017-12-04 13:18:01 - [TEST_STEP][PASSED] - delay: Delayed 3 second(s)

2017-12-04 13:18:04 - [MESSAGE][PASSED] - Delayed 3 second(s)

2017-12-04 13:18:04 - [TEST_STEP][PASSED] - waitForElementNotVisible: Object 'Object Repository/PrimoTours/Old Objects/CCenter/pageLoaderOverlayLayer' is NOT visible

2017-12-04 13:18:04 - [MESSAGE][PASSED] - Object 'Object Repository/PrimoTours/Old Objects/CCenter/pageLoaderOverlayLayer' is NOT visible

2017-12-04 13:18:04 - [TEST_STEP][PASSED] - scrollToElement: Scroll to object 'Object Repository/PrimoTours/Old Objects/Coco/PrimoT/Ins2/Page_Primo Tours  Danmarks bedste c/travelInsuranceFirstPaxSelector' successfully

2017-12-04 13:18:04 - [MESSAGE][PASSED] - Scroll to object 'Object Repository/PrimoTours/Old Objects/Coco/PrimoT/Ins2/Page_Primo Tours  Danmarks bedste c/travelInsuranceFirstPaxSelector' successfully

2017-12-04 13:18:04 - [TEST_STEP][PASSED] - waitForElementPresent: Object 'Object Repository/PrimoTours/Old Objects/Coco/PrimoT/Ins2/Page_Primo Tours  Danmarks bedste c/travelInsuranceFirstPaxSelector' is present

2017-12-04 13:18:04 - [MESSAGE][PASSED] - Object 'Object Repository/PrimoTours/Old Objects/Coco/PrimoT/Ins2/Page_Primo Tours  Danmarks bedste c/travelInsuranceFirstPaxSelector' is present

2017-12-04 13:18:04 - [TEST_STEP][PASSED] - waitForElementVisible: Object 'Object Repository/PrimoTours/Old Objects/Coco/PrimoT/Ins2/Page_Primo Tours  Danmarks bedste c/travelInsuranceFirstPaxSelector' is visible

2017-12-04 13:18:04 - [MESSAGE][PASSED] - Object 'Object Repository/PrimoTours/Old Objects/Coco/PrimoT/Ins2/Page_Primo Tours  Danmarks bedste c/travelInsuranceFirstPaxSelector' is visible

2017-12-04 13:18:04 - [TEST_STEP][PASSED] - waitForElementClickable: Object 'Object Repository/PrimoTours/Old Objects/Coco/PrimoT/Ins2/Page_Primo Tours  Danmarks bedste c/travelInsuranceFirstPaxSelector' is clickable

2017-12-04 13:18:04 - [MESSAGE][PASSED] - Object 'Object Repository/PrimoTours/Old Objects/Coco/PrimoT/Ins2/Page_Primo Tours  Danmarks bedste c/travelInsuranceFirstPaxSelector' is clickable

2017-12-04 13:18:04 - [TEST_STEP][PASSED] - click: Object: 'Object Repository/PrimoTours/Old Objects/Coco/PrimoT/Ins2/Page_Primo Tours  Danmarks bedste c/travelInsuranceFirstPaxSelector' is clicked on

2017-12-04 13:18:04 - [MESSAGE][PASSED] - Object: 'Object Repository/PrimoTours/Old Objects/Coco/PrimoT/Ins2/Page_Primo Tours  Danmarks bedste c/travelInsuranceFirstPaxSelector' is clicked on

2017-12-04 13:18:04 - [TEST_STEP][PASSED] - Statement - Try: Object: 'Object Repository/PrimoTours/Old Objects/Coco/PrimoT/Ins2/Page_Primo Tours  Danmarks bedste c/firstTravelInsuranceOption' is clicked on

2017-12-04 13:18:04 - [TEST_STEP][PASSED] - click: Object: 'Object Repository/PrimoTours/Old Objects/Coco/PrimoT/Ins2/Page_Primo Tours  Danmarks bedste c/firstTravelInsuranceOption' is clicked on

2017-12-04 13:18:04 - [MESSAGE][PASSED] - Object: 'Object Repository/PrimoTours/Old Objects/Coco/PrimoT/Ins2/Page_Primo Tours  Danmarks bedste c/firstTravelInsuranceOption' is clicked on

2017-12-04 13:18:04 - [TEST_STEP][NOT_RUN] - click: NOT_RUN: click

2017-12-04 13:18:04 - [MESSAGE][NOT_RUN] - NOT_RUN: click

2017-12-04 13:18:04 - [TEST_STEP][NOT_RUN] - scrollToElement: NOT_RUN: scrollToElement

2017-12-04 13:18:04 - [MESSAGE][NOT_RUN] - NOT_RUN: scrollToElement

2017-12-04 13:18:04 - [TEST_STEP][NOT_RUN] - click: NOT_RUN: click

2017-12-04 13:18:04 - [MESSAGE][NOT_RUN] - NOT_RUN: click

2017-12-04 13:18:04 - [TEST_STEP][PASSED] - waitForElementVisible: Object 'Object Repository/PrimoTours/Old Objects/Coco (1)/PrimoT/SaveBooking2/Page_Primo Tours  Danmarks bedste c/individualInsuranceCheckbox' is visible

2017-12-04 13:18:04 - [MESSAGE][PASSED] - Object 'Object Repository/PrimoTours/Old Objects/Coco (1)/PrimoT/SaveBooking2/Page_Primo Tours  Danmarks bedste c/individualInsuranceCheckbox' is visible

2017-12-04 13:18:04 - [TEST_STEP][PASSED] - scrollToElement: Scroll to object 'Object Repository/PrimoTours/Old Objects/Coco (1)/PrimoT/SaveBooking2/Page_Primo Tours  Danmarks bedste c/individualInsuranceCheckbox' successfully

2017-12-04 13:18:04 - [MESSAGE][PASSED] - Scroll to object 'Object Repository/PrimoTours/Old Objects/Coco (1)/PrimoT/SaveBooking2/Page_Primo Tours  Danmarks bedste c/individualInsuranceCheckbox' successfully

2017-12-04 13:18:04 - [TEST_STEP][PASSED] - click: Object: 'Object Repository/PrimoTours/Old Objects/Coco (1)/PrimoT/SaveBooking2/Page_Primo Tours  Danmarks bedste c/individualInsuranceCheckbox' is clicked on

2017-12-04 13:18:04 - [MESSAGE][PASSED] - Object: 'Object Repository/PrimoTours/Old Objects/Coco (1)/PrimoT/SaveBooking2/Page_Primo Tours  Danmarks bedste c/individualInsuranceCheckbox' is clicked on

2017-12-04 13:18:04 - [TEST_STEP][PASSED] - scrollToElement: Scroll to object 'Object Repository/PrimoTours/Old Objects/Coco (1)/PrimoT/SaveBooking2/Success/firstProdCategIndividualSelectionRadioB' successfully

2017-12-04 13:18:04 - [MESSAGE][PASSED] - Scroll to object 'Object Repository/PrimoTours/Old Objects/Coco (1)/PrimoT/SaveBooking2/Success/firstProdCategIndividualSelectionRadioB' successfully

2017-12-04 13:18:04 - [TEST_STEP][PASSED] - waitForElementClickable: Object 'Object Repository/PrimoTours/Old Objects/Coco (1)/PrimoT/SaveBooking2/Success/firstProdCategIndividualSelectionRadioB' is clickable

2017-12-04 13:18:04 - [MESSAGE][PASSED] - Object 'Object Repository/PrimoTours/Old Objects/Coco (1)/PrimoT/SaveBooking2/Success/firstProdCategIndividualSelectionRadioB' is clickable

2017-12-04 13:18:04 - [TEST_STEP][PASSED] - scrollToElement: Scroll to object 'Object Repository/PrimoTours/Old Objects/Coco (1)/PrimoT/SaveBooking2/Success/firstProdCategIndividualSelectionRadioB' successfully

2017-12-04 13:18:04 - [MESSAGE][PASSED] - Scroll to object 'Object Repository/PrimoTours/Old Objects/Coco (1)/PrimoT/SaveBooking2/Success/firstProdCategIndividualSelectionRadioB' successfully

2017-12-04 13:18:04 - [TEST_STEP][FAILED] - click: Unable to click on object 'Object Repository/PrimoTours/Old Objects/Coco (1)/PrimoT/SaveBooking2/Success/firstProdCategIndividualSelectionRadioB' (Root cause: org.openqa.selenium.WebDriverException: unknown error: Element <a href="#" class="toggle radio kalypto"></a> is not clickable at point (865, 10). Other element would receive the click: <html lang="en" class="win chrome chrome62 webkit webkit5">...</html>
  (Session info: chrome=62.0.3202.94)
  (Driver info: chromedriver=2.33.506120 (e3e53437346286c0bc2d2dc9aa4915ba81d9023f),platform=Windows NT 6.3.9600 x86_64) (WARNING: The server did not provide any stacktrace information)
Command duration or timeout: 0 milliseconds
Build info: version: '3.7.1', revision: '8a0099a', time: '2017-11-06T21:07:36.161Z'
System info: host: 'NEACSUNEW-PC', ip: '10.10.10.211', os.name: 'Windows 8.1', os.arch: 'amd64', os.version: '6.3', java.version: '1.8.0_102'
Driver info: com.kms.katalon.selenium.driver.CChromeDriver
Capabilities {acceptSslCerts: true, applicationCacheEnabled: false, browserConnectionEnabled: false, browserName: chrome, chrome: {chromedriverVersion: 2.33.506120 (e3e53437346286..., userDataDir: C:\Users\Cornel\AppData\Loc...}, cssSelectorsEnabled: true, databaseEnabled: false, handlesAlerts: true, hasTouchScreen: false, javascriptEnabled: true, locationContextEnabled: true, mobileEmulationEnabled: false, nativeEvents: true, networkConnectionEnabled: false, pageLoadStrategy: normal, platform: XP, platformName: XP, rotatable: false, setWindowRect: true, takesHeapSnapshot: true, takesScreenshot: true, unexpectedAlertBehaviour: , unhandledPromptBehavior: , version: 62.0.3202.94, webStorageEnabled: true}
Session ID: 021fb41169178eb887d285e86212d255)

2017-12-04 13:18:05 - [MESSAGE][FAILED] - Unable to click on object 'Object Repository/PrimoTours/Old Objects/Coco (1)/PrimoT/SaveBooking2/Success/firstProdCategIndividualSelectionRadioB' (Root cause: org.openqa.selenium.WebDriverException: unknown error: Element <a href="#" class="toggle radio kalypto"></a> is not clickable at point (865, 10). Other element would receive the click: <html lang="en" class="win chrome chrome62 webkit webkit5">...</html>
  (Session info: chrome=62.0.3202.94)
  (Driver info: chromedriver=2.33.506120 (e3e53437346286c0bc2d2dc9aa4915ba81d9023f),platform=Windows NT 6.3.9600 x86_64) (WARNING: The server did not provide any stacktrace information)
Command duration or timeout: 0 milliseconds
Build info: version: '3.7.1', revision: '8a0099a', time: '2017-11-06T21:07:36.161Z'
System info: host: 'NEACSUNEW-PC', ip: '10.10.10.211', os.name: 'Windows 8.1', os.arch: 'amd64', os.version: '6.3', java.version: '1.8.0_102'
Driver info: com.kms.katalon.selenium.driver.CChromeDriver
Capabilities {acceptSslCerts: true, applicationCacheEnabled: false, browserConnectionEnabled: false, browserName: chrome, chrome: {chromedriverVersion: 2.33.506120 (e3e53437346286..., userDataDir: C:\Users\Cornel\AppData\Loc...}, cssSelectorsEnabled: true, databaseEnabled: false, handlesAlerts: true, hasTouchScreen: false, javascriptEnabled: true, locationContextEnabled: true, mobileEmulationEnabled: false, nativeEvents: true, networkConnectionEnabled: false, pageLoadStrategy: normal, platform: XP, platformName: XP, rotatable: false, setWindowRect: true, takesHeapSnapshot: true, takesScreenshot: true, unexpectedAlertBehaviour: , unhandledPromptBehavior: , version: 62.0.3202.94, webStorageEnabled: true}
Session ID: 021fb41169178eb887d285e86212d255)
[[ATTACHMENT|D:\\Software testing\\Tourpaq\\Automated Katalon tests\\Primo WB test\\Reports\\WB Primo From Excel URLs\\20171204_131551\\1512386285067.png]]]]></system-out>
         <system-err><![CDATA[2017-12-04 13:17:45 - [TEST_CASE][FAILED] - Test Cases/PrimoTours/WB Primo/WB Primo staging - place booking - Iteration 5: Test Cases/PrimoTours/WB Primo/WB Primo staging - place booking FAILED because (of) Unable to click on object 'Object Repository/PrimoTours/Old Objects/Coco (1)/PrimoT/SaveBooking2/Success/firstProdCategIndividualSelectionRadioB' (Root cause: org.openqa.selenium.WebDriverException: unknown error: Element <a href="#" class="toggle radio kalypto"></a> is not clickable at point (865, 10). Other element would receive the click: <html lang="en" class="win chrome chrome62 webkit webkit5">...</html>
  (Session info: chrome=62.0.3202.94)
  (Driver info: chromedriver=2.33.506120 (e3e53437346286c0bc2d2dc9aa4915ba81d9023f),platform=Windows NT 6.3.9600 x86_64) (WARNING: The server did not provide any stacktrace information)
Command duration or timeout: 0 milliseconds
Build info: version: '3.7.1', revision: '8a0099a', time: '2017-11-06T21:07:36.161Z'
System info: host: 'NEACSUNEW-PC', ip: '10.10.10.211', os.name: 'Windows 8.1', os.arch: 'amd64', os.version: '6.3', java.version: '1.8.0_102'
Driver info: com.kms.katalon.selenium.driver.CChromeDriver
Capabilities {acceptSslCerts: true, applicationCacheEnabled: false, browserConnectionEnabled: false, browserName: chrome, chrome: {chromedriverVersion: 2.33.506120 (e3e53437346286..., userDataDir: C:\Users\Cornel\AppData\Loc...}, cssSelectorsEnabled: true, databaseEnabled: false, handlesAlerts: true, hasTouchScreen: false, javascriptEnabled: true, locationContextEnabled: true, mobileEmulationEnabled: false, nativeEvents: true, networkConnectionEnabled: false, pageLoadStrategy: normal, platform: XP, platformName: XP, rotatable: false, setWindowRect: true, takesHeapSnapshot: true, takesScreenshot: true, unexpectedAlertBehaviour: , unhandledPromptBehavior: , version: 62.0.3202.94, webStorageEnabled: true}
Session ID: 021fb41169178eb887d285e86212d255)]]></system-err>
      </testcase>
      <testcase name="Test Cases/PrimoTours/WB Primo/WB Primo staging - place booking - Iteration 6" classname="Test Cases/PrimoTours/WB Primo/WB Primo staging - place booking" status="FAILED">
         <failure type="FAILED" message="Test Cases/PrimoTours/WB Primo/WB Primo staging - place booking FAILED because (of) Unable to click on object 'Object Repository/PrimoTours/ConfirmationPage/agreeTermsAndCondCheckbox' (Root cause: org.openqa.selenium.WebDriverException: unknown error: Element &lt;a href=&quot;#&quot; class=&quot;toggle checkbox kalypto&quot;>&lt;/a> is not clickable at point (395, 793). Other element would receive the click: &lt;h2>...&lt;/h2>
  (Session info: chrome=62.0.3202.94)
  (Driver info: chromedriver=2.33.506120 (e3e53437346286c0bc2d2dc9aa4915ba81d9023f),platform=Windows NT 6.3.9600 x86_64) (WARNING: The server did not provide any stacktrace information)
Command duration or timeout: 0 milliseconds
Build info: version: '3.7.1', revision: '8a0099a', time: '2017-11-06T21:07:36.161Z'
System info: host: 'NEACSUNEW-PC', ip: '10.10.10.211', os.name: 'Windows 8.1', os.arch: 'amd64', os.version: '6.3', java.version: '1.8.0_102'
Driver info: com.kms.katalon.selenium.driver.CChromeDriver
Capabilities {acceptSslCerts: true, applicationCacheEnabled: false, browserConnectionEnabled: false, browserName: chrome, chrome: {chromedriverVersion: 2.33.506120 (e3e53437346286..., userDataDir: C:\Users\Cornel\AppData\Loc...}, cssSelectorsEnabled: true, databaseEnabled: false, handlesAlerts: true, hasTouchScreen: false, javascriptEnabled: true, locationContextEnabled: true, mobileEmulationEnabled: false, nativeEvents: true, networkConnectionEnabled: false, pageLoadStrategy: normal, platform: XP, platformName: XP, rotatable: false, setWindowRect: true, takesHeapSnapshot: true, takesScreenshot: true, unexpectedAlertBehaviour: , unhandledPromptBehavior: , version: 62.0.3202.94, webStorageEnabled: true}
Session ID: ccbcfd9d7584fd32d861867750c9df61)"/>
         <system-out><![CDATA[2017-12-04 13:18:05 - [TEST_CASE][FAILED] - Test Cases/PrimoTours/WB Primo/WB Primo staging - place booking - Iteration 6: Test Cases/PrimoTours/WB Primo/WB Primo staging - place booking FAILED because (of) Unable to click on object 'Object Repository/PrimoTours/ConfirmationPage/agreeTermsAndCondCheckbox' (Root cause: org.openqa.selenium.WebDriverException: unknown error: Element <a href="#" class="toggle checkbox kalypto"></a> is not clickable at point (395, 793). Other element would receive the click: <h2>...</h2>
  (Session info: chrome=62.0.3202.94)
  (Driver info: chromedriver=2.33.506120 (e3e53437346286c0bc2d2dc9aa4915ba81d9023f),platform=Windows NT 6.3.9600 x86_64) (WARNING: The server did not provide any stacktrace information)
Command duration or timeout: 0 milliseconds
Build info: version: '3.7.1', revision: '8a0099a', time: '2017-11-06T21:07:36.161Z'
System info: host: 'NEACSUNEW-PC', ip: '10.10.10.211', os.name: 'Windows 8.1', os.arch: 'amd64', os.version: '6.3', java.version: '1.8.0_102'
Driver info: com.kms.katalon.selenium.driver.CChromeDriver
Capabilities {acceptSslCerts: true, applicationCacheEnabled: false, browserConnectionEnabled: false, browserName: chrome, chrome: {chromedriverVersion: 2.33.506120 (e3e53437346286..., userDataDir: C:\Users\Cornel\AppData\Loc...}, cssSelectorsEnabled: true, databaseEnabled: false, handlesAlerts: true, hasTouchScreen: false, javascriptEnabled: true, locationContextEnabled: true, mobileEmulationEnabled: false, nativeEvents: true, networkConnectionEnabled: false, pageLoadStrategy: normal, platform: XP, platformName: XP, rotatable: false, setWindowRect: true, takesHeapSnapshot: true, takesScreenshot: true, unexpectedAlertBehaviour: , unhandledPromptBehavior: , version: 62.0.3202.94, webStorageEnabled: true}
Session ID: ccbcfd9d7584fd32d861867750c9df61)

2017-12-04 13:18:05 - [TEST_STEP][PASSED] - openBrowser: Browser is opened with url: ''

2017-12-04 13:18:05 - [MESSAGE][WARNING] - A browser is already opened. Closing browser and opening a new one

2017-12-04 13:18:08 - [MESSAGE][PASSED] - Browser is opened with url: ''

2017-12-04 13:18:08 - [TEST_STEP][PASSED] - maximizeWindow: Current window maximized

2017-12-04 13:18:09 - [MESSAGE][PASSED] - Current window maximized

2017-12-04 13:18:09 - [TEST_STEP][PASSED] - navigateToUrl: Navigate to 'https://staging-primotours-webbooking.tourpaq.com/DoBooking.aspx?pltaID=1480269,1480294,1480269&p=1&rno=1,1,1&pt=1,1,2&a=2,2,2&c=2,2,0&aa=&ca=1,4|0,5|' successfully

2017-12-04 13:18:11 - [MESSAGE][PASSED] - Navigate to 'https://staging-primotours-webbooking.tourpaq.com/DoBooking.aspx?pltaID=1480269,1480294,1480269&p=1&rno=1,1,1&pt=1,1,2&a=2,2,2&c=2,2,0&aa=&ca=1,4|0,5|' successfully

2017-12-04 13:18:11 - [TEST_STEP][PASSED] - Statement - excelInfo = ["fname":"", "lname":"", "pgender":"", "pday":"", "pmonth":"", "pyear":""]: null

2017-12-04 13:18:11 - [TEST_STEP][PASSED] - Statement - rawData = com.kms.katalon.core.testdata.TestDataFactory.findTestData("Data Files/WB_Primo/Passenger_details"): Reading excel file with source file 'D:\Software testing\Tourpaq\Automated Katalon tests\Primo WB test\Data Files\Primo_URLs_For_Automated_Test.xls' and sheet name 'Passenger Names'

2017-12-04 13:18:11 - [TEST_STEP][PASSED] - Statement - excelRowNo = rawData.getRowNumbers(): null

2017-12-04 13:18:11 - [TEST_STEP][PASSED] - Statement - randomPaxIndex = java.lang.Math.abs(new java.util.Random().nextInt() % excelRowNo) + 1: null

2017-12-04 13:18:11 - [TEST_STEP][PASSED] - Statement - fname = rawData.getValue("FirstName", randomPaxIndex): null

2017-12-04 13:18:11 - [TEST_STEP][PASSED] - Statement - lname = rawData.getValue("LastName", randomPaxIndex): null

2017-12-04 13:18:11 - [TEST_STEP][PASSED] - Statement - pgender = rawData.getValue("Gender", randomPaxIndex): null

2017-12-04 13:18:11 - [TEST_STEP][PASSED] - setText: Text 'Vester Gregersen AUT' is set on object 'Object Repository/PrimoTours/Old Objects/Coco/PrimoT/Page_Primo Tours  Danmarks bedste c/input_firstName'

2017-12-04 13:18:12 - [MESSAGE][PASSED] - Text 'Vester Gregersen AUT' is set on object 'Object Repository/PrimoTours/Old Objects/Coco/PrimoT/Page_Primo Tours  Danmarks bedste c/input_firstName'

2017-12-04 13:18:12 - [TEST_STEP][PASSED] - setText: Text 'Mikkel' is set on object 'Object Repository/PrimoTours/Old Objects/Coco/PrimoT/Page_Primo Tours  Danmarks bedste c/input_lastName'

2017-12-04 13:18:12 - [MESSAGE][PASSED] - Text 'Mikkel' is set on object 'Object Repository/PrimoTours/Old Objects/Coco/PrimoT/Page_Primo Tours  Danmarks bedste c/input_lastName'

2017-12-04 13:18:12 - [TEST_STEP][PASSED] - click: Object: 'Object Repository/PrimoTours/LandingPage/customerGender' is clicked on

2017-12-04 13:18:12 - [MESSAGE][PASSED] - Object: 'Object Repository/PrimoTours/LandingPage/customerGender' is clicked on

2017-12-04 13:18:12 - [TEST_STEP][PASSED] - setText: Text 'Home address' is set on object 'Object Repository/PrimoTours/Old Objects/Coco/PrimoT/Page_Primo Tours  Danmarks bedste c/input_customerAddress'

2017-12-04 13:18:12 - [MESSAGE][PASSED] - Text 'Home address' is set on object 'Object Repository/PrimoTours/Old Objects/Coco/PrimoT/Page_Primo Tours  Danmarks bedste c/input_customerAddress'

2017-12-04 13:18:12 - [TEST_STEP][PASSED] - setText: Text '6700' is set on object 'Object Repository/PrimoTours/Old Objects/Coco/PrimoT/Page_Primo Tours  Danmarks bedste c/input_customerPostcode'

2017-12-04 13:18:13 - [MESSAGE][PASSED] - Text '6700' is set on object 'Object Repository/PrimoTours/Old Objects/Coco/PrimoT/Page_Primo Tours  Danmarks bedste c/input_customerPostcode'

2017-12-04 13:18:13 - [TEST_STEP][PASSED] - setText: Text 'cornel.neacsu@roweb.ro' is set on object 'Object Repository/PrimoTours/Old Objects/Coco/PrimoT/Page_Primo Tours  Danmarks bedste c/input_customerEmail'

2017-12-04 13:18:13 - [MESSAGE][PASSED] - Text 'cornel.neacsu@roweb.ro' is set on object 'Object Repository/PrimoTours/Old Objects/Coco/PrimoT/Page_Primo Tours  Danmarks bedste c/input_customerEmail'

2017-12-04 13:18:13 - [TEST_STEP][PASSED] - setText: Text '12345678' is set on object 'Object Repository/PrimoTours/Old Objects/Coco/PrimoT/Page_Primo Tours  Danmarks bedste c/input_customerPhone'

2017-12-04 13:18:13 - [MESSAGE][PASSED] - Text '12345678' is set on object 'Object Repository/PrimoTours/Old Objects/Coco/PrimoT/Page_Primo Tours  Danmarks bedste c/input_customerPhone'

2017-12-04 13:18:13 - [TEST_STEP][PASSED] - waitForElementClickable: Object 'Object Repository/PrimoTours/Old Objects/Coco/PrimoT/Page_Primo Tours  Danmarks bedste c/input_firstname-0_1' is clickable

2017-12-04 13:18:16 - [MESSAGE][PASSED] - Object 'Object Repository/PrimoTours/Old Objects/Coco/PrimoT/Page_Primo Tours  Danmarks bedste c/input_firstname-0_1' is clickable

2017-12-04 13:18:16 - [TEST_STEP][PASSED] - Statement - driver = com.kms.katalon.core.webui.driver.DriverFactory.getWebDriver(): null

2017-12-04 13:18:16 - [TEST_STEP][PASSED] - Statement - roomContainerXpath = "id("roomAndStaticOptionsContainer")/div[@class="row"]/div[@class="col-md-12 roomContainer"]": null

2017-12-04 13:18:16 - [TEST_STEP][PASSED] - Statement - roomsCount = driver.findElements(org.openqa.selenium.By.xpath(roomContainerXpath)).size(): null

2017-12-04 13:18:16 - [TEST_STEP][PASSED] - Statement - println("roomsCount=" + roomsCount): null

2017-12-04 13:18:16 - [TEST_STEP][PASSED] - Statement - For ([i = 1, i <= roomsCount, (i++)]): Unable to click on object 'Object Repository/PrimoTours/LandingPage/secondPaxFirstNameField' (Root cause: org.openqa.selenium.WebDriverException: unknown error: Element <span class="select2-selection select2-selection--single" role="combobox" aria-haspopup="true" aria-expanded="false" tabindex="0" aria-labelledby="select2-gender-2_3-vh-container">...</span> is not clickable at point (1168, 732). Other element would receive the click: <li class="select2-results__option" id="select2-gender-2_2-tn-result-vpif-MS" role="treeitem" aria-selected="false">...</li>
  (Session info: chrome=62.0.3202.94)
  (Driver info: chromedriver=2.33.506120 (e3e53437346286c0bc2d2dc9aa4915ba81d9023f),platform=Windows NT 6.3.9600 x86_64) (WARNING: The server did not provide any stacktrace information)
Command duration or timeout: 0 milliseconds
Build info: version: '3.7.1', revision: '8a0099a', time: '2017-11-06T21:07:36.161Z'
System info: host: 'NEACSUNEW-PC', ip: '10.10.10.211', os.name: 'Windows 8.1', os.arch: 'amd64', os.version: '6.3', java.version: '1.8.0_102'
Driver info: com.kms.katalon.selenium.driver.CChromeDriver
Capabilities {acceptSslCerts: true, applicationCacheEnabled: false, browserConnectionEnabled: false, browserName: chrome, chrome: {chromedriverVersion: 2.33.506120 (e3e53437346286..., userDataDir: C:\Users\Cornel\AppData\Loc...}, cssSelectorsEnabled: true, databaseEnabled: false, handlesAlerts: true, hasTouchScreen: false, javascriptEnabled: true, locationContextEnabled: true, mobileEmulationEnabled: false, nativeEvents: true, networkConnectionEnabled: false, pageLoadStrategy: normal, platform: XP, platformName: XP, rotatable: false, setWindowRect: true, takesHeapSnapshot: true, takesScreenshot: true, unexpectedAlertBehaviour: , unhandledPromptBehavior: , version: 62.0.3202.94, webStorageEnabled: true}
Session ID: ccbcfd9d7584fd32d861867750c9df61)

2017-12-04 13:18:16 - [TEST_STEP][PASSED] - Statement - paxInRoomXpath = "id("passengersContainer_" + i - 1 + "")/div[@class="col-md-12"]/div[@class="row"]": null

2017-12-04 13:18:16 - [TEST_STEP][PASSED] - Statement - println("paxInRoomXpath=" + paxInRoomXpath): null

2017-12-04 13:18:16 - [TEST_STEP][PASSED] - Statement - paxInRoomCount = driver.findElements(org.openqa.selenium.By.xpath(paxInRoomXpath)).size(): null

2017-12-04 13:18:16 - [TEST_STEP][PASSED] - Statement - println("paxInRoomCount=" + paxInRoomCount): null

2017-12-04 13:18:16 - [TEST_STEP][PASSED] - Statement - For ([j = 1, j <= paxInRoomCount, (j++)]): Object: 'Object Repository/PrimoTours/LandingPage/secondPaxFirstNameField' is clicked on

2017-12-04 13:18:16 - [TEST_STEP][PASSED] - Statement - If (i == 1 & j == 1): null

2017-12-04 13:18:16 - [TEST_STEP][PASSED] - Statement - <not implemented yet for class: org.codehaus.groovy.ast.stmt.ContinueStatement>: null

2017-12-04 13:18:16 - [TEST_STEP][PASSED] - Statement - If (i == 1 & j == 1): null

2017-12-04 13:18:16 - [TEST_STEP][PASSED] - Statement - randomPaxIndex = java.lang.Math.abs(new java.util.Random().nextInt() % excelRowNo) + 1: null

2017-12-04 13:18:16 - [TEST_STEP][PASSED] - Statement - fname = rawData.getValue("FirstName", randomPaxIndex) + " AUT": null

2017-12-04 13:18:16 - [TEST_STEP][PASSED] - Statement - lname = rawData.getValue("LastName", randomPaxIndex): null

2017-12-04 13:18:16 - [TEST_STEP][PASSED] - Statement - pgender = rawData.getValue("Gender", randomPaxIndex): null

2017-12-04 13:18:16 - [TEST_STEP][PASSED] - Statement - pday = rawData.getValue("Day DOB", randomPaxIndex): null

2017-12-04 13:18:16 - [TEST_STEP][PASSED] - Statement - pmonth = rawData.getValue("Month DOB", randomPaxIndex): null

2017-12-04 13:18:16 - [TEST_STEP][PASSED] - Statement - pyear = rawData.getValue("Year DOB", randomPaxIndex): null

2017-12-04 13:18:16 - [TEST_STEP][PASSED] - Statement - paxDetailFields = paxInRoomXpath + "[" + j + "]/div[@class="col-md-x col-md-9"]/div[@class="row paxContainer"][1]/div[contains(@class,"paxAttribute")]": null

2017-12-04 13:18:16 - [TEST_STEP][PASSED] - Statement - xpathval = paxDetailFields + "[1]/div[contains(@class,"form-group")]/input[contains(@class,"paxFirstName")]": null

2017-12-04 13:18:16 - [TEST_STEP][PASSED] - Statement - println("fn: " + xpathval): null

2017-12-04 13:18:16 - [TEST_STEP][PASSED] - Statement - repObj = com.kms.katalon.core.testobject.ObjectRepository.findTestObject(Object Repository/PrimoTours/LandingPage/secondPaxFirstNameField): Finding Test Object with id 'Object Repository/PrimoTours/LandingPage/secondPaxFirstNameField'

2017-12-04 13:18:16 - [TEST_STEP][PASSED] - Statement - repObj.findProperty("xpath").setValue(xpathval): null

2017-12-04 13:18:16 - [TEST_STEP][PASSED] - setText: Text 'Jensen AUT' is set on object 'Object Repository/PrimoTours/LandingPage/secondPaxFirstNameField'

2017-12-04 13:18:16 - [MESSAGE][PASSED] - Text 'Jensen AUT' is set on object 'Object Repository/PrimoTours/LandingPage/secondPaxFirstNameField'

2017-12-04 13:18:16 - [TEST_STEP][PASSED] - Statement - xpathval = paxDetailFields + "[2]/div[contains(@class,"form-group")]/input[contains(@class,"paxLastName")]": null

2017-12-04 13:18:16 - [TEST_STEP][PASSED] - Statement - println("ln: " + xpathval): null

2017-12-04 13:18:16 - [TEST_STEP][PASSED] - Statement - repObj = com.kms.katalon.core.testobject.ObjectRepository.findTestObject(Object Repository/PrimoTours/LandingPage/secondPaxFirstNameField): Finding Test Object with id 'Object Repository/PrimoTours/LandingPage/secondPaxFirstNameField'

2017-12-04 13:18:16 - [TEST_STEP][PASSED] - Statement - repObj.findProperty("xpath").setValue(xpathval): null

2017-12-04 13:18:16 - [TEST_STEP][PASSED] - setText: Text 'Gitte Stauning' is set on object 'Object Repository/PrimoTours/LandingPage/secondPaxFirstNameField'

2017-12-04 13:18:16 - [MESSAGE][PASSED] - Text 'Gitte Stauning' is set on object 'Object Repository/PrimoTours/LandingPage/secondPaxFirstNameField'

2017-12-04 13:18:16 - [TEST_STEP][PASSED] - Statement - repObj = com.kms.katalon.core.testobject.ObjectRepository.findTestObject(Object Repository/PrimoTours/LandingPage/secondPaxFirstNameField): Finding Test Object with id 'Object Repository/PrimoTours/LandingPage/secondPaxFirstNameField'

2017-12-04 13:18:16 - [TEST_STEP][PASSED] - Statement - xpathval = paxDetailFields + "[3]/div[contains(@class,"paxGenderSelectorContainer")]/span[contains(@class,"select2 select2-container")]/span[contains(@class,"selection")]/span[contains(@class,"select2-selection")]": null

2017-12-04 13:18:16 - [TEST_STEP][PASSED] - Statement - println("gender: " + xpathval): null

2017-12-04 13:18:16 - [TEST_STEP][PASSED] - Statement - repObj.findProperty("xpath").setValue(xpathval): null

2017-12-04 13:18:16 - [TEST_STEP][PASSED] - click: Object: 'Object Repository/PrimoTours/LandingPage/secondPaxFirstNameField' is clicked on

2017-12-04 13:18:16 - [MESSAGE][PASSED] - Object: 'Object Repository/PrimoTours/LandingPage/secondPaxFirstNameField' is clicked on

2017-12-04 13:18:16 - [TEST_STEP][PASSED] - Statement - If (i == 1 & j == 1): null

2017-12-04 13:18:16 - [TEST_STEP][PASSED] - Statement - randomPaxIndex = java.lang.Math.abs(new java.util.Random().nextInt() % excelRowNo) + 1: null

2017-12-04 13:18:16 - [TEST_STEP][PASSED] - Statement - fname = rawData.getValue("FirstName", randomPaxIndex) + " AUT": null

2017-12-04 13:18:16 - [TEST_STEP][PASSED] - Statement - lname = rawData.getValue("LastName", randomPaxIndex): null

2017-12-04 13:18:16 - [TEST_STEP][PASSED] - Statement - pgender = rawData.getValue("Gender", randomPaxIndex): null

2017-12-04 13:18:16 - [TEST_STEP][PASSED] - Statement - pday = rawData.getValue("Day DOB", randomPaxIndex): null

2017-12-04 13:18:16 - [TEST_STEP][PASSED] - Statement - pmonth = rawData.getValue("Month DOB", randomPaxIndex): null

2017-12-04 13:18:16 - [TEST_STEP][PASSED] - Statement - pyear = rawData.getValue("Year DOB", randomPaxIndex): null

2017-12-04 13:18:16 - [TEST_STEP][PASSED] - Statement - paxDetailFields = paxInRoomXpath + "[" + j + "]/div[@class="col-md-x col-md-9"]/div[@class="row paxContainer"][1]/div[contains(@class,"paxAttribute")]": null

2017-12-04 13:18:16 - [TEST_STEP][PASSED] - Statement - xpathval = paxDetailFields + "[1]/div[contains(@class,"form-group")]/input[contains(@class,"paxFirstName")]": null

2017-12-04 13:18:16 - [TEST_STEP][PASSED] - Statement - println("fn: " + xpathval): null

2017-12-04 13:18:16 - [TEST_STEP][PASSED] - Statement - repObj = com.kms.katalon.core.testobject.ObjectRepository.findTestObject(Object Repository/PrimoTours/LandingPage/secondPaxFirstNameField): Finding Test Object with id 'Object Repository/PrimoTours/LandingPage/secondPaxFirstNameField'

2017-12-04 13:18:16 - [TEST_STEP][PASSED] - Statement - repObj.findProperty("xpath").setValue(xpathval): null

2017-12-04 13:18:16 - [TEST_STEP][PASSED] - setText: Text 'Mønster AUT' is set on object 'Object Repository/PrimoTours/LandingPage/secondPaxFirstNameField'

2017-12-04 13:18:17 - [MESSAGE][PASSED] - Text 'Mønster AUT' is set on object 'Object Repository/PrimoTours/LandingPage/secondPaxFirstNameField'

2017-12-04 13:18:17 - [TEST_STEP][PASSED] - Statement - xpathval = paxDetailFields + "[2]/div[contains(@class,"form-group")]/input[contains(@class,"paxLastName")]": null

2017-12-04 13:18:17 - [TEST_STEP][PASSED] - Statement - println("ln: " + xpathval): null

2017-12-04 13:18:17 - [TEST_STEP][PASSED] - Statement - repObj = com.kms.katalon.core.testobject.ObjectRepository.findTestObject(Object Repository/PrimoTours/LandingPage/secondPaxFirstNameField): Finding Test Object with id 'Object Repository/PrimoTours/LandingPage/secondPaxFirstNameField'

2017-12-04 13:18:17 - [TEST_STEP][PASSED] - Statement - repObj.findProperty("xpath").setValue(xpathval): null

2017-12-04 13:18:17 - [TEST_STEP][PASSED] - setText: Text 'Thomas Grau' is set on object 'Object Repository/PrimoTours/LandingPage/secondPaxFirstNameField'

2017-12-04 13:18:17 - [MESSAGE][PASSED] - Text 'Thomas Grau' is set on object 'Object Repository/PrimoTours/LandingPage/secondPaxFirstNameField'

2017-12-04 13:18:17 - [TEST_STEP][PASSED] - Statement - repObj = com.kms.katalon.core.testobject.ObjectRepository.findTestObject(Object Repository/PrimoTours/LandingPage/secondPaxFirstNameField): Finding Test Object with id 'Object Repository/PrimoTours/LandingPage/secondPaxFirstNameField'

2017-12-04 13:18:17 - [TEST_STEP][PASSED] - Statement - xpathval = paxDetailFields + "[3]/div[contains(@class,"paxGenderSelectorContainer")]/span[contains(@class,"select2 select2-container")]/span[contains(@class,"selection")]/span[contains(@class,"select2-selection")]": null

2017-12-04 13:18:17 - [TEST_STEP][PASSED] - Statement - println("gender: " + xpathval): null

2017-12-04 13:18:17 - [TEST_STEP][PASSED] - Statement - repObj.findProperty("xpath").setValue(xpathval): null

2017-12-04 13:18:17 - [TEST_STEP][PASSED] - click: Unable to click on object 'Object Repository/PrimoTours/LandingPage/secondPaxFirstNameField' (Root cause: org.openqa.selenium.WebDriverException: unknown error: Element <span class="select2-selection select2-selection--single" role="combobox" aria-haspopup="true" aria-expanded="false" tabindex="0" aria-labelledby="select2-gender-0_2-0t-container">...</span> is not clickable at point (1168, 788). Other element would receive the click: <li class="select2-results__option" id="select2-gender-0_1-fn-result-93cj-MS" role="treeitem" aria-selected="false">...</li>
  (Session info: chrome=62.0.3202.94)
  (Driver info: chromedriver=2.33.506120 (e3e53437346286c0bc2d2dc9aa4915ba81d9023f),platform=Windows NT 6.3.9600 x86_64) (WARNING: The server did not provide any stacktrace information)
Command duration or timeout: 0 milliseconds
Build info: version: '3.7.1', revision: '8a0099a', time: '2017-11-06T21:07:36.161Z'
System info: host: 'NEACSUNEW-PC', ip: '10.10.10.211', os.name: 'Windows 8.1', os.arch: 'amd64', os.version: '6.3', java.version: '1.8.0_102'
Driver info: com.kms.katalon.selenium.driver.CChromeDriver
Capabilities {acceptSslCerts: true, applicationCacheEnabled: false, browserConnectionEnabled: false, browserName: chrome, chrome: {chromedriverVersion: 2.33.506120 (e3e53437346286..., userDataDir: C:\Users\Cornel\AppData\Loc...}, cssSelectorsEnabled: true, databaseEnabled: false, handlesAlerts: true, hasTouchScreen: false, javascriptEnabled: true, locationContextEnabled: true, mobileEmulationEnabled: false, nativeEvents: true, networkConnectionEnabled: false, pageLoadStrategy: normal, platform: XP, platformName: XP, rotatable: false, setWindowRect: true, takesHeapSnapshot: true, takesScreenshot: true, unexpectedAlertBehaviour: , unhandledPromptBehavior: , version: 62.0.3202.94, webStorageEnabled: true}
Session ID: ccbcfd9d7584fd32d861867750c9df61)

2017-12-04 13:18:17 - [MESSAGE][WARNING] - Unable to click on object 'Object Repository/PrimoTours/LandingPage/secondPaxFirstNameField' (Root cause: org.openqa.selenium.WebDriverException: unknown error: Element <span class="select2-selection select2-selection--single" role="combobox" aria-haspopup="true" aria-expanded="false" tabindex="0" aria-labelledby="select2-gender-0_2-0t-container">...</span> is not clickable at point (1168, 788). Other element would receive the click: <li class="select2-results__option" id="select2-gender-0_1-fn-result-93cj-MS" role="treeitem" aria-selected="false">...</li>
  (Session info: chrome=62.0.3202.94)
  (Driver info: chromedriver=2.33.506120 (e3e53437346286c0bc2d2dc9aa4915ba81d9023f),platform=Windows NT 6.3.9600 x86_64) (WARNING: The server did not provide any stacktrace information)
Command duration or timeout: 0 milliseconds
Build info: version: '3.7.1', revision: '8a0099a', time: '2017-11-06T21:07:36.161Z'
System info: host: 'NEACSUNEW-PC', ip: '10.10.10.211', os.name: 'Windows 8.1', os.arch: 'amd64', os.version: '6.3', java.version: '1.8.0_102'
Driver info: com.kms.katalon.selenium.driver.CChromeDriver
Capabilities {acceptSslCerts: true, applicationCacheEnabled: false, browserConnectionEnabled: false, browserName: chrome, chrome: {chromedriverVersion: 2.33.506120 (e3e53437346286..., userDataDir: C:\Users\Cornel\AppData\Loc...}, cssSelectorsEnabled: true, databaseEnabled: false, handlesAlerts: true, hasTouchScreen: false, javascriptEnabled: true, locationContextEnabled: true, mobileEmulationEnabled: false, nativeEvents: true, networkConnectionEnabled: false, pageLoadStrategy: normal, platform: XP, platformName: XP, rotatable: false, setWindowRect: true, takesHeapSnapshot: true, takesScreenshot: true, unexpectedAlertBehaviour: , unhandledPromptBehavior: , version: 62.0.3202.94, webStorageEnabled: true}
Session ID: ccbcfd9d7584fd32d861867750c9df61)
[[ATTACHMENT|D:\\Software testing\\Tourpaq\\Automated Katalon tests\\Primo WB test\\Reports\\WB Primo From Excel URLs\\20171204_131551\\1512386297508.png]]

2017-12-04 13:18:17 - [TEST_STEP][PASSED] - Statement - If (i == 1 & j == 1): null

2017-12-04 13:18:17 - [TEST_STEP][PASSED] - Statement - randomPaxIndex = java.lang.Math.abs(new java.util.Random().nextInt() % excelRowNo) + 1: null

2017-12-04 13:18:17 - [TEST_STEP][PASSED] - Statement - fname = rawData.getValue("FirstName", randomPaxIndex) + " AUT": null

2017-12-04 13:18:17 - [TEST_STEP][PASSED] - Statement - lname = rawData.getValue("LastName", randomPaxIndex): null

2017-12-04 13:18:17 - [TEST_STEP][PASSED] - Statement - pgender = rawData.getValue("Gender", randomPaxIndex): null

2017-12-04 13:18:17 - [TEST_STEP][PASSED] - Statement - pday = rawData.getValue("Day DOB", randomPaxIndex): null

2017-12-04 13:18:17 - [TEST_STEP][PASSED] - Statement - pmonth = rawData.getValue("Month DOB", randomPaxIndex): null

2017-12-04 13:18:17 - [TEST_STEP][PASSED] - Statement - pyear = rawData.getValue("Year DOB", randomPaxIndex): null

2017-12-04 13:18:17 - [TEST_STEP][PASSED] - Statement - paxDetailFields = paxInRoomXpath + "[" + j + "]/div[@class="col-md-x col-md-9"]/div[@class="row paxContainer"][1]/div[contains(@class,"paxAttribute")]": null

2017-12-04 13:18:17 - [TEST_STEP][PASSED] - Statement - xpathval = paxDetailFields + "[1]/div[contains(@class,"form-group")]/input[contains(@class,"paxFirstName")]": null

2017-12-04 13:18:17 - [TEST_STEP][PASSED] - Statement - println("fn: " + xpathval): null

2017-12-04 13:18:17 - [TEST_STEP][PASSED] - Statement - repObj = com.kms.katalon.core.testobject.ObjectRepository.findTestObject(Object Repository/PrimoTours/LandingPage/secondPaxFirstNameField): Finding Test Object with id 'Object Repository/PrimoTours/LandingPage/secondPaxFirstNameField'

2017-12-04 13:18:17 - [TEST_STEP][PASSED] - Statement - repObj.findProperty("xpath").setValue(xpathval): null

2017-12-04 13:18:17 - [TEST_STEP][PASSED] - setText: Text 'Pedersen AUT' is set on object 'Object Repository/PrimoTours/LandingPage/secondPaxFirstNameField'

2017-12-04 13:18:18 - [MESSAGE][PASSED] - Text 'Pedersen AUT' is set on object 'Object Repository/PrimoTours/LandingPage/secondPaxFirstNameField'

2017-12-04 13:18:18 - [TEST_STEP][PASSED] - Statement - xpathval = paxDetailFields + "[2]/div[contains(@class,"form-group")]/input[contains(@class,"paxLastName")]": null

2017-12-04 13:18:18 - [TEST_STEP][PASSED] - Statement - println("ln: " + xpathval): null

2017-12-04 13:18:18 - [TEST_STEP][PASSED] - Statement - repObj = com.kms.katalon.core.testobject.ObjectRepository.findTestObject(Object Repository/PrimoTours/LandingPage/secondPaxFirstNameField): Finding Test Object with id 'Object Repository/PrimoTours/LandingPage/secondPaxFirstNameField'

2017-12-04 13:18:18 - [TEST_STEP][PASSED] - Statement - repObj.findProperty("xpath").setValue(xpathval): null

2017-12-04 13:18:18 - [TEST_STEP][PASSED] - setText: Text 'Judith' is set on object 'Object Repository/PrimoTours/LandingPage/secondPaxFirstNameField'

2017-12-04 13:18:18 - [MESSAGE][PASSED] - Text 'Judith' is set on object 'Object Repository/PrimoTours/LandingPage/secondPaxFirstNameField'

2017-12-04 13:18:18 - [TEST_STEP][PASSED] - Statement - repObj = com.kms.katalon.core.testobject.ObjectRepository.findTestObject(Object Repository/PrimoTours/LandingPage/secondPaxFirstNameField): Finding Test Object with id 'Object Repository/PrimoTours/LandingPage/secondPaxFirstNameField'

2017-12-04 13:18:18 - [TEST_STEP][PASSED] - Statement - xpathval = paxDetailFields + "[3]/div[contains(@class,"paxGenderSelectorContainer")]/span[contains(@class,"select2 select2-container")]/span[contains(@class,"selection")]/span[contains(@class,"select2-selection")]": null

2017-12-04 13:18:18 - [TEST_STEP][PASSED] - Statement - println("gender: " + xpathval): null

2017-12-04 13:18:18 - [TEST_STEP][PASSED] - Statement - repObj.findProperty("xpath").setValue(xpathval): null

2017-12-04 13:18:18 - [TEST_STEP][PASSED] - click: Object: 'Object Repository/PrimoTours/LandingPage/secondPaxFirstNameField' is clicked on

2017-12-04 13:18:18 - [MESSAGE][PASSED] - Object: 'Object Repository/PrimoTours/LandingPage/secondPaxFirstNameField' is clicked on

2017-12-04 13:18:18 - [TEST_STEP][PASSED] - Statement - paxInRoomXpath = "id("passengersContainer_" + i - 1 + "")/div[@class="col-md-12"]/div[@class="row"]": null

2017-12-04 13:18:18 - [TEST_STEP][PASSED] - Statement - println("paxInRoomXpath=" + paxInRoomXpath): null

2017-12-04 13:18:18 - [TEST_STEP][PASSED] - Statement - paxInRoomCount = driver.findElements(org.openqa.selenium.By.xpath(paxInRoomXpath)).size(): null

2017-12-04 13:18:18 - [TEST_STEP][PASSED] - Statement - println("paxInRoomCount=" + paxInRoomCount): null

2017-12-04 13:18:18 - [TEST_STEP][PASSED] - Statement - For ([j = 1, j <= paxInRoomCount, (j++)]): Object: 'Object Repository/PrimoTours/LandingPage/secondPaxFirstNameField' is clicked on

2017-12-04 13:18:18 - [TEST_STEP][PASSED] - Statement - If (i == 1 & j == 1): null

2017-12-04 13:18:18 - [TEST_STEP][PASSED] - Statement - randomPaxIndex = java.lang.Math.abs(new java.util.Random().nextInt() % excelRowNo) + 1: null

2017-12-04 13:18:18 - [TEST_STEP][PASSED] - Statement - fname = rawData.getValue("FirstName", randomPaxIndex) + " AUT": null

2017-12-04 13:18:18 - [TEST_STEP][PASSED] - Statement - lname = rawData.getValue("LastName", randomPaxIndex): null

2017-12-04 13:18:18 - [TEST_STEP][PASSED] - Statement - pgender = rawData.getValue("Gender", randomPaxIndex): null

2017-12-04 13:18:18 - [TEST_STEP][PASSED] - Statement - pday = rawData.getValue("Day DOB", randomPaxIndex): null

2017-12-04 13:18:18 - [TEST_STEP][PASSED] - Statement - pmonth = rawData.getValue("Month DOB", randomPaxIndex): null

2017-12-04 13:18:18 - [TEST_STEP][PASSED] - Statement - pyear = rawData.getValue("Year DOB", randomPaxIndex): null

2017-12-04 13:18:18 - [TEST_STEP][PASSED] - Statement - paxDetailFields = paxInRoomXpath + "[" + j + "]/div[@class="col-md-x col-md-9"]/div[@class="row paxContainer"][1]/div[contains(@class,"paxAttribute")]": null

2017-12-04 13:18:18 - [TEST_STEP][PASSED] - Statement - xpathval = paxDetailFields + "[1]/div[contains(@class,"form-group")]/input[contains(@class,"paxFirstName")]": null

2017-12-04 13:18:18 - [TEST_STEP][PASSED] - Statement - println("fn: " + xpathval): null

2017-12-04 13:18:18 - [TEST_STEP][PASSED] - Statement - repObj = com.kms.katalon.core.testobject.ObjectRepository.findTestObject(Object Repository/PrimoTours/LandingPage/secondPaxFirstNameField): Finding Test Object with id 'Object Repository/PrimoTours/LandingPage/secondPaxFirstNameField'

2017-12-04 13:18:18 - [TEST_STEP][PASSED] - Statement - repObj.findProperty("xpath").setValue(xpathval): null

2017-12-04 13:18:18 - [TEST_STEP][PASSED] - setText: Text 'Christensen AUT' is set on object 'Object Repository/PrimoTours/LandingPage/secondPaxFirstNameField'

2017-12-04 13:18:18 - [MESSAGE][PASSED] - Text 'Christensen AUT' is set on object 'Object Repository/PrimoTours/LandingPage/secondPaxFirstNameField'

2017-12-04 13:18:18 - [TEST_STEP][PASSED] - Statement - xpathval = paxDetailFields + "[2]/div[contains(@class,"form-group")]/input[contains(@class,"paxLastName")]": null

2017-12-04 13:18:18 - [TEST_STEP][PASSED] - Statement - println("ln: " + xpathval): null

2017-12-04 13:18:18 - [TEST_STEP][PASSED] - Statement - repObj = com.kms.katalon.core.testobject.ObjectRepository.findTestObject(Object Repository/PrimoTours/LandingPage/secondPaxFirstNameField): Finding Test Object with id 'Object Repository/PrimoTours/LandingPage/secondPaxFirstNameField'

2017-12-04 13:18:18 - [TEST_STEP][PASSED] - Statement - repObj.findProperty("xpath").setValue(xpathval): null

2017-12-04 13:18:18 - [TEST_STEP][PASSED] - setText: Text 'Laura Kastrup' is set on object 'Object Repository/PrimoTours/LandingPage/secondPaxFirstNameField'

2017-12-04 13:18:19 - [MESSAGE][PASSED] - Text 'Laura Kastrup' is set on object 'Object Repository/PrimoTours/LandingPage/secondPaxFirstNameField'

2017-12-04 13:18:19 - [TEST_STEP][PASSED] - Statement - repObj = com.kms.katalon.core.testobject.ObjectRepository.findTestObject(Object Repository/PrimoTours/LandingPage/secondPaxFirstNameField): Finding Test Object with id 'Object Repository/PrimoTours/LandingPage/secondPaxFirstNameField'

2017-12-04 13:18:19 - [TEST_STEP][PASSED] - Statement - xpathval = paxDetailFields + "[3]/div[contains(@class,"paxGenderSelectorContainer")]/span[contains(@class,"select2 select2-container")]/span[contains(@class,"selection")]/span[contains(@class,"select2-selection")]": null

2017-12-04 13:18:19 - [TEST_STEP][PASSED] - Statement - println("gender: " + xpathval): null

2017-12-04 13:18:19 - [TEST_STEP][PASSED] - Statement - repObj.findProperty("xpath").setValue(xpathval): null

2017-12-04 13:18:19 - [TEST_STEP][PASSED] - click: Object: 'Object Repository/PrimoTours/LandingPage/secondPaxFirstNameField' is clicked on

2017-12-04 13:18:19 - [MESSAGE][PASSED] - Object: 'Object Repository/PrimoTours/LandingPage/secondPaxFirstNameField' is clicked on

2017-12-04 13:18:19 - [TEST_STEP][PASSED] - Statement - If (i == 1 & j == 1): null

2017-12-04 13:18:19 - [TEST_STEP][PASSED] - Statement - randomPaxIndex = java.lang.Math.abs(new java.util.Random().nextInt() % excelRowNo) + 1: null

2017-12-04 13:18:19 - [TEST_STEP][PASSED] - Statement - fname = rawData.getValue("FirstName", randomPaxIndex) + " AUT": null

2017-12-04 13:18:19 - [TEST_STEP][PASSED] - Statement - lname = rawData.getValue("LastName", randomPaxIndex): null

2017-12-04 13:18:19 - [TEST_STEP][PASSED] - Statement - pgender = rawData.getValue("Gender", randomPaxIndex): null

2017-12-04 13:18:19 - [TEST_STEP][PASSED] - Statement - pday = rawData.getValue("Day DOB", randomPaxIndex): null

2017-12-04 13:18:19 - [TEST_STEP][PASSED] - Statement - pmonth = rawData.getValue("Month DOB", randomPaxIndex): null

2017-12-04 13:18:19 - [TEST_STEP][PASSED] - Statement - pyear = rawData.getValue("Year DOB", randomPaxIndex): null

2017-12-04 13:18:19 - [TEST_STEP][PASSED] - Statement - paxDetailFields = paxInRoomXpath + "[" + j + "]/div[@class="col-md-x col-md-9"]/div[@class="row paxContainer"][1]/div[contains(@class,"paxAttribute")]": null

2017-12-04 13:18:19 - [TEST_STEP][PASSED] - Statement - xpathval = paxDetailFields + "[1]/div[contains(@class,"form-group")]/input[contains(@class,"paxFirstName")]": null

2017-12-04 13:18:19 - [TEST_STEP][PASSED] - Statement - println("fn: " + xpathval): null

2017-12-04 13:18:19 - [TEST_STEP][PASSED] - Statement - repObj = com.kms.katalon.core.testobject.ObjectRepository.findTestObject(Object Repository/PrimoTours/LandingPage/secondPaxFirstNameField): Finding Test Object with id 'Object Repository/PrimoTours/LandingPage/secondPaxFirstNameField'

2017-12-04 13:18:19 - [TEST_STEP][PASSED] - Statement - repObj.findProperty("xpath").setValue(xpathval): null

2017-12-04 13:18:19 - [TEST_STEP][PASSED] - setText: Text 'Christensen AUT' is set on object 'Object Repository/PrimoTours/LandingPage/secondPaxFirstNameField'

2017-12-04 13:18:19 - [MESSAGE][PASSED] - Text 'Christensen AUT' is set on object 'Object Repository/PrimoTours/LandingPage/secondPaxFirstNameField'

2017-12-04 13:18:19 - [TEST_STEP][PASSED] - Statement - xpathval = paxDetailFields + "[2]/div[contains(@class,"form-group")]/input[contains(@class,"paxLastName")]": null

2017-12-04 13:18:19 - [TEST_STEP][PASSED] - Statement - println("ln: " + xpathval): null

2017-12-04 13:18:19 - [TEST_STEP][PASSED] - Statement - repObj = com.kms.katalon.core.testobject.ObjectRepository.findTestObject(Object Repository/PrimoTours/LandingPage/secondPaxFirstNameField): Finding Test Object with id 'Object Repository/PrimoTours/LandingPage/secondPaxFirstNameField'

2017-12-04 13:18:19 - [TEST_STEP][PASSED] - Statement - repObj.findProperty("xpath").setValue(xpathval): null

2017-12-04 13:18:19 - [TEST_STEP][PASSED] - setText: Text 'Laura Kastrup' is set on object 'Object Repository/PrimoTours/LandingPage/secondPaxFirstNameField'

2017-12-04 13:18:19 - [MESSAGE][PASSED] - Text 'Laura Kastrup' is set on object 'Object Repository/PrimoTours/LandingPage/secondPaxFirstNameField'

2017-12-04 13:18:19 - [TEST_STEP][PASSED] - Statement - repObj = com.kms.katalon.core.testobject.ObjectRepository.findTestObject(Object Repository/PrimoTours/LandingPage/secondPaxFirstNameField): Finding Test Object with id 'Object Repository/PrimoTours/LandingPage/secondPaxFirstNameField'

2017-12-04 13:18:19 - [TEST_STEP][PASSED] - Statement - xpathval = paxDetailFields + "[3]/div[contains(@class,"paxGenderSelectorContainer")]/span[contains(@class,"select2 select2-container")]/span[contains(@class,"selection")]/span[contains(@class,"select2-selection")]": null

2017-12-04 13:18:19 - [TEST_STEP][PASSED] - Statement - println("gender: " + xpathval): null

2017-12-04 13:18:19 - [TEST_STEP][PASSED] - Statement - repObj.findProperty("xpath").setValue(xpathval): null

2017-12-04 13:18:19 - [TEST_STEP][PASSED] - click: Object: 'Object Repository/PrimoTours/LandingPage/secondPaxFirstNameField' is clicked on

2017-12-04 13:18:19 - [MESSAGE][PASSED] - Object: 'Object Repository/PrimoTours/LandingPage/secondPaxFirstNameField' is clicked on

2017-12-04 13:18:19 - [TEST_STEP][PASSED] - Statement - paxInRoomXpath = "id("passengersContainer_" + i - 1 + "")/div[@class="col-md-12"]/div[@class="row"]": null

2017-12-04 13:18:19 - [TEST_STEP][PASSED] - Statement - println("paxInRoomXpath=" + paxInRoomXpath): null

2017-12-04 13:18:19 - [TEST_STEP][PASSED] - Statement - paxInRoomCount = driver.findElements(org.openqa.selenium.By.xpath(paxInRoomXpath)).size(): null

2017-12-04 13:18:20 - [TEST_STEP][PASSED] - Statement - println("paxInRoomCount=" + paxInRoomCount): null

2017-12-04 13:18:20 - [TEST_STEP][PASSED] - Statement - For ([j = 1, j <= paxInRoomCount, (j++)]): Unable to click on object 'Object Repository/PrimoTours/LandingPage/secondPaxFirstNameField' (Root cause: org.openqa.selenium.WebDriverException: unknown error: Element <span class="select2-selection select2-selection--single" role="combobox" aria-haspopup="true" aria-expanded="false" tabindex="0" aria-labelledby="select2-gender-2_3-vh-container">...</span> is not clickable at point (1168, 732). Other element would receive the click: <li class="select2-results__option" id="select2-gender-2_2-tn-result-vpif-MS" role="treeitem" aria-selected="false">...</li>
  (Session info: chrome=62.0.3202.94)
  (Driver info: chromedriver=2.33.506120 (e3e53437346286c0bc2d2dc9aa4915ba81d9023f),platform=Windows NT 6.3.9600 x86_64) (WARNING: The server did not provide any stacktrace information)
Command duration or timeout: 0 milliseconds
Build info: version: '3.7.1', revision: '8a0099a', time: '2017-11-06T21:07:36.161Z'
System info: host: 'NEACSUNEW-PC', ip: '10.10.10.211', os.name: 'Windows 8.1', os.arch: 'amd64', os.version: '6.3', java.version: '1.8.0_102'
Driver info: com.kms.katalon.selenium.driver.CChromeDriver
Capabilities {acceptSslCerts: true, applicationCacheEnabled: false, browserConnectionEnabled: false, browserName: chrome, chrome: {chromedriverVersion: 2.33.506120 (e3e53437346286..., userDataDir: C:\Users\Cornel\AppData\Loc...}, cssSelectorsEnabled: true, databaseEnabled: false, handlesAlerts: true, hasTouchScreen: false, javascriptEnabled: true, locationContextEnabled: true, mobileEmulationEnabled: false, nativeEvents: true, networkConnectionEnabled: false, pageLoadStrategy: normal, platform: XP, platformName: XP, rotatable: false, setWindowRect: true, takesHeapSnapshot: true, takesScreenshot: true, unexpectedAlertBehaviour: , unhandledPromptBehavior: , version: 62.0.3202.94, webStorageEnabled: true}
Session ID: ccbcfd9d7584fd32d861867750c9df61)

2017-12-04 13:18:20 - [TEST_STEP][PASSED] - Statement - If (i == 1 & j == 1): null

2017-12-04 13:18:20 - [TEST_STEP][PASSED] - Statement - randomPaxIndex = java.lang.Math.abs(new java.util.Random().nextInt() % excelRowNo) + 1: null

2017-12-04 13:18:20 - [TEST_STEP][PASSED] - Statement - fname = rawData.getValue("FirstName", randomPaxIndex) + " AUT": null

2017-12-04 13:18:20 - [TEST_STEP][PASSED] - Statement - lname = rawData.getValue("LastName", randomPaxIndex): null

2017-12-04 13:18:20 - [TEST_STEP][PASSED] - Statement - pgender = rawData.getValue("Gender", randomPaxIndex): null

2017-12-04 13:18:20 - [TEST_STEP][PASSED] - Statement - pday = rawData.getValue("Day DOB", randomPaxIndex): null

2017-12-04 13:18:20 - [TEST_STEP][PASSED] - Statement - pmonth = rawData.getValue("Month DOB", randomPaxIndex): null

2017-12-04 13:18:20 - [TEST_STEP][PASSED] - Statement - pyear = rawData.getValue("Year DOB", randomPaxIndex): null

2017-12-04 13:18:20 - [TEST_STEP][PASSED] - Statement - paxDetailFields = paxInRoomXpath + "[" + j + "]/div[@class="col-md-x col-md-9"]/div[@class="row paxContainer"][1]/div[contains(@class,"paxAttribute")]": null

2017-12-04 13:18:20 - [TEST_STEP][PASSED] - Statement - xpathval = paxDetailFields + "[1]/div[contains(@class,"form-group")]/input[contains(@class,"paxFirstName")]": null

2017-12-04 13:18:20 - [TEST_STEP][PASSED] - Statement - println("fn: " + xpathval): null

2017-12-04 13:18:20 - [TEST_STEP][PASSED] - Statement - repObj = com.kms.katalon.core.testobject.ObjectRepository.findTestObject(Object Repository/PrimoTours/LandingPage/secondPaxFirstNameField): Finding Test Object with id 'Object Repository/PrimoTours/LandingPage/secondPaxFirstNameField'

2017-12-04 13:18:20 - [TEST_STEP][PASSED] - Statement - repObj.findProperty("xpath").setValue(xpathval): null

2017-12-04 13:18:20 - [TEST_STEP][PASSED] - setText: Text 'Christiansen AUT' is set on object 'Object Repository/PrimoTours/LandingPage/secondPaxFirstNameField'

2017-12-04 13:18:20 - [MESSAGE][PASSED] - Text 'Christiansen AUT' is set on object 'Object Repository/PrimoTours/LandingPage/secondPaxFirstNameField'

2017-12-04 13:18:20 - [TEST_STEP][PASSED] - Statement - xpathval = paxDetailFields + "[2]/div[contains(@class,"form-group")]/input[contains(@class,"paxLastName")]": null

2017-12-04 13:18:20 - [TEST_STEP][PASSED] - Statement - println("ln: " + xpathval): null

2017-12-04 13:18:20 - [TEST_STEP][PASSED] - Statement - repObj = com.kms.katalon.core.testobject.ObjectRepository.findTestObject(Object Repository/PrimoTours/LandingPage/secondPaxFirstNameField): Finding Test Object with id 'Object Repository/PrimoTours/LandingPage/secondPaxFirstNameField'

2017-12-04 13:18:20 - [TEST_STEP][PASSED] - Statement - repObj.findProperty("xpath").setValue(xpathval): null

2017-12-04 13:18:20 - [TEST_STEP][PASSED] - setText: Text 'Henrik Lindtofte' is set on object 'Object Repository/PrimoTours/LandingPage/secondPaxFirstNameField'

2017-12-04 13:18:20 - [MESSAGE][PASSED] - Text 'Henrik Lindtofte' is set on object 'Object Repository/PrimoTours/LandingPage/secondPaxFirstNameField'

2017-12-04 13:18:20 - [TEST_STEP][PASSED] - Statement - repObj = com.kms.katalon.core.testobject.ObjectRepository.findTestObject(Object Repository/PrimoTours/LandingPage/secondPaxFirstNameField): Finding Test Object with id 'Object Repository/PrimoTours/LandingPage/secondPaxFirstNameField'

2017-12-04 13:18:20 - [TEST_STEP][PASSED] - Statement - xpathval = paxDetailFields + "[3]/div[contains(@class,"paxGenderSelectorContainer")]/span[contains(@class,"select2 select2-container")]/span[contains(@class,"selection")]/span[contains(@class,"select2-selection")]": null

2017-12-04 13:18:20 - [TEST_STEP][PASSED] - Statement - println("gender: " + xpathval): null

2017-12-04 13:18:20 - [TEST_STEP][PASSED] - Statement - repObj.findProperty("xpath").setValue(xpathval): null

2017-12-04 13:18:20 - [TEST_STEP][PASSED] - click: Object: 'Object Repository/PrimoTours/LandingPage/secondPaxFirstNameField' is clicked on

2017-12-04 13:18:20 - [MESSAGE][PASSED] - Object: 'Object Repository/PrimoTours/LandingPage/secondPaxFirstNameField' is clicked on

2017-12-04 13:18:20 - [TEST_STEP][PASSED] - Statement - If (i == 1 & j == 1): null

2017-12-04 13:18:20 - [TEST_STEP][PASSED] - Statement - randomPaxIndex = java.lang.Math.abs(new java.util.Random().nextInt() % excelRowNo) + 1: null

2017-12-04 13:18:20 - [TEST_STEP][PASSED] - Statement - fname = rawData.getValue("FirstName", randomPaxIndex) + " AUT": null

2017-12-04 13:18:20 - [TEST_STEP][PASSED] - Statement - lname = rawData.getValue("LastName", randomPaxIndex): null

2017-12-04 13:18:20 - [TEST_STEP][PASSED] - Statement - pgender = rawData.getValue("Gender", randomPaxIndex): null

2017-12-04 13:18:20 - [TEST_STEP][PASSED] - Statement - pday = rawData.getValue("Day DOB", randomPaxIndex): null

2017-12-04 13:18:20 - [TEST_STEP][PASSED] - Statement - pmonth = rawData.getValue("Month DOB", randomPaxIndex): null

2017-12-04 13:18:20 - [TEST_STEP][PASSED] - Statement - pyear = rawData.getValue("Year DOB", randomPaxIndex): null

2017-12-04 13:18:20 - [TEST_STEP][PASSED] - Statement - paxDetailFields = paxInRoomXpath + "[" + j + "]/div[@class="col-md-x col-md-9"]/div[@class="row paxContainer"][1]/div[contains(@class,"paxAttribute")]": null

2017-12-04 13:18:20 - [TEST_STEP][PASSED] - Statement - xpathval = paxDetailFields + "[1]/div[contains(@class,"form-group")]/input[contains(@class,"paxFirstName")]": null

2017-12-04 13:18:20 - [TEST_STEP][PASSED] - Statement - println("fn: " + xpathval): null

2017-12-04 13:18:20 - [TEST_STEP][PASSED] - Statement - repObj = com.kms.katalon.core.testobject.ObjectRepository.findTestObject(Object Repository/PrimoTours/LandingPage/secondPaxFirstNameField): Finding Test Object with id 'Object Repository/PrimoTours/LandingPage/secondPaxFirstNameField'

2017-12-04 13:18:20 - [TEST_STEP][PASSED] - Statement - repObj.findProperty("xpath").setValue(xpathval): null

2017-12-04 13:18:20 - [TEST_STEP][PASSED] - setText: Text 'Mouritzen AUT' is set on object 'Object Repository/PrimoTours/LandingPage/secondPaxFirstNameField'

2017-12-04 13:18:21 - [MESSAGE][PASSED] - Text 'Mouritzen AUT' is set on object 'Object Repository/PrimoTours/LandingPage/secondPaxFirstNameField'

2017-12-04 13:18:21 - [TEST_STEP][PASSED] - Statement - xpathval = paxDetailFields + "[2]/div[contains(@class,"form-group")]/input[contains(@class,"paxLastName")]": null

2017-12-04 13:18:21 - [TEST_STEP][PASSED] - Statement - println("ln: " + xpathval): null

2017-12-04 13:18:21 - [TEST_STEP][PASSED] - Statement - repObj = com.kms.katalon.core.testobject.ObjectRepository.findTestObject(Object Repository/PrimoTours/LandingPage/secondPaxFirstNameField): Finding Test Object with id 'Object Repository/PrimoTours/LandingPage/secondPaxFirstNameField'

2017-12-04 13:18:21 - [TEST_STEP][PASSED] - Statement - repObj.findProperty("xpath").setValue(xpathval): null

2017-12-04 13:18:21 - [TEST_STEP][PASSED] - setText: Text 'Henrik' is set on object 'Object Repository/PrimoTours/LandingPage/secondPaxFirstNameField'

2017-12-04 13:18:21 - [MESSAGE][PASSED] - Text 'Henrik' is set on object 'Object Repository/PrimoTours/LandingPage/secondPaxFirstNameField'

2017-12-04 13:18:21 - [TEST_STEP][PASSED] - Statement - repObj = com.kms.katalon.core.testobject.ObjectRepository.findTestObject(Object Repository/PrimoTours/LandingPage/secondPaxFirstNameField): Finding Test Object with id 'Object Repository/PrimoTours/LandingPage/secondPaxFirstNameField'

2017-12-04 13:18:21 - [TEST_STEP][PASSED] - Statement - xpathval = paxDetailFields + "[3]/div[contains(@class,"paxGenderSelectorContainer")]/span[contains(@class,"select2 select2-container")]/span[contains(@class,"selection")]/span[contains(@class,"select2-selection")]": null

2017-12-04 13:18:21 - [TEST_STEP][PASSED] - Statement - println("gender: " + xpathval): null

2017-12-04 13:18:21 - [TEST_STEP][PASSED] - Statement - repObj.findProperty("xpath").setValue(xpathval): null

2017-12-04 13:18:21 - [TEST_STEP][PASSED] - click: Unable to click on object 'Object Repository/PrimoTours/LandingPage/secondPaxFirstNameField' (Root cause: org.openqa.selenium.WebDriverException: unknown error: Element <span class="select2-selection select2-selection--single" role="combobox" aria-haspopup="true" aria-expanded="false" tabindex="0" aria-labelledby="select2-gender-2_1-3l-container">...</span> is not clickable at point (1168, 622). Other element would receive the click: <li class="select2-results__option" id="select2-gender-2_0-vk-result-90dg-MS" role="treeitem" aria-selected="false">...</li>
  (Session info: chrome=62.0.3202.94)
  (Driver info: chromedriver=2.33.506120 (e3e53437346286c0bc2d2dc9aa4915ba81d9023f),platform=Windows NT 6.3.9600 x86_64) (WARNING: The server did not provide any stacktrace information)
Command duration or timeout: 0 milliseconds
Build info: version: '3.7.1', revision: '8a0099a', time: '2017-11-06T21:07:36.161Z'
System info: host: 'NEACSUNEW-PC', ip: '10.10.10.211', os.name: 'Windows 8.1', os.arch: 'amd64', os.version: '6.3', java.version: '1.8.0_102'
Driver info: com.kms.katalon.selenium.driver.CChromeDriver
Capabilities {acceptSslCerts: true, applicationCacheEnabled: false, browserConnectionEnabled: false, browserName: chrome, chrome: {chromedriverVersion: 2.33.506120 (e3e53437346286..., userDataDir: C:\Users\Cornel\AppData\Loc...}, cssSelectorsEnabled: true, databaseEnabled: false, handlesAlerts: true, hasTouchScreen: false, javascriptEnabled: true, locationContextEnabled: true, mobileEmulationEnabled: false, nativeEvents: true, networkConnectionEnabled: false, pageLoadStrategy: normal, platform: XP, platformName: XP, rotatable: false, setWindowRect: true, takesHeapSnapshot: true, takesScreenshot: true, unexpectedAlertBehaviour: , unhandledPromptBehavior: , version: 62.0.3202.94, webStorageEnabled: true}
Session ID: ccbcfd9d7584fd32d861867750c9df61)

2017-12-04 13:18:21 - [MESSAGE][WARNING] - Unable to click on object 'Object Repository/PrimoTours/LandingPage/secondPaxFirstNameField' (Root cause: org.openqa.selenium.WebDriverException: unknown error: Element <span class="select2-selection select2-selection--single" role="combobox" aria-haspopup="true" aria-expanded="false" tabindex="0" aria-labelledby="select2-gender-2_1-3l-container">...</span> is not clickable at point (1168, 622). Other element would receive the click: <li class="select2-results__option" id="select2-gender-2_0-vk-result-90dg-MS" role="treeitem" aria-selected="false">...</li>
  (Session info: chrome=62.0.3202.94)
  (Driver info: chromedriver=2.33.506120 (e3e53437346286c0bc2d2dc9aa4915ba81d9023f),platform=Windows NT 6.3.9600 x86_64) (WARNING: The server did not provide any stacktrace information)
Command duration or timeout: 0 milliseconds
Build info: version: '3.7.1', revision: '8a0099a', time: '2017-11-06T21:07:36.161Z'
System info: host: 'NEACSUNEW-PC', ip: '10.10.10.211', os.name: 'Windows 8.1', os.arch: 'amd64', os.version: '6.3', java.version: '1.8.0_102'
Driver info: com.kms.katalon.selenium.driver.CChromeDriver
Capabilities {acceptSslCerts: true, applicationCacheEnabled: false, browserConnectionEnabled: false, browserName: chrome, chrome: {chromedriverVersion: 2.33.506120 (e3e53437346286..., userDataDir: C:\Users\Cornel\AppData\Loc...}, cssSelectorsEnabled: true, databaseEnabled: false, handlesAlerts: true, hasTouchScreen: false, javascriptEnabled: true, locationContextEnabled: true, mobileEmulationEnabled: false, nativeEvents: true, networkConnectionEnabled: false, pageLoadStrategy: normal, platform: XP, platformName: XP, rotatable: false, setWindowRect: true, takesHeapSnapshot: true, takesScreenshot: true, unexpectedAlertBehaviour: , unhandledPromptBehavior: , version: 62.0.3202.94, webStorageEnabled: true}
Session ID: ccbcfd9d7584fd32d861867750c9df61)
[[ATTACHMENT|D:\\Software testing\\Tourpaq\\Automated Katalon tests\\Primo WB test\\Reports\\WB Primo From Excel URLs\\20171204_131551\\1512386301487.png]]

2017-12-04 13:18:21 - [TEST_STEP][PASSED] - Statement - If (i == 1 & j == 1): null

2017-12-04 13:18:21 - [TEST_STEP][PASSED] - Statement - randomPaxIndex = java.lang.Math.abs(new java.util.Random().nextInt() % excelRowNo) + 1: null

2017-12-04 13:18:21 - [TEST_STEP][PASSED] - Statement - fname = rawData.getValue("FirstName", randomPaxIndex) + " AUT": null

2017-12-04 13:18:21 - [TEST_STEP][PASSED] - Statement - lname = rawData.getValue("LastName", randomPaxIndex): null

2017-12-04 13:18:21 - [TEST_STEP][PASSED] - Statement - pgender = rawData.getValue("Gender", randomPaxIndex): null

2017-12-04 13:18:21 - [TEST_STEP][PASSED] - Statement - pday = rawData.getValue("Day DOB", randomPaxIndex): null

2017-12-04 13:18:21 - [TEST_STEP][PASSED] - Statement - pmonth = rawData.getValue("Month DOB", randomPaxIndex): null

2017-12-04 13:18:21 - [TEST_STEP][PASSED] - Statement - pyear = rawData.getValue("Year DOB", randomPaxIndex): null

2017-12-04 13:18:21 - [TEST_STEP][PASSED] - Statement - paxDetailFields = paxInRoomXpath + "[" + j + "]/div[@class="col-md-x col-md-9"]/div[@class="row paxContainer"][1]/div[contains(@class,"paxAttribute")]": null

2017-12-04 13:18:21 - [TEST_STEP][PASSED] - Statement - xpathval = paxDetailFields + "[1]/div[contains(@class,"form-group")]/input[contains(@class,"paxFirstName")]": null

2017-12-04 13:18:21 - [TEST_STEP][PASSED] - Statement - println("fn: " + xpathval): null

2017-12-04 13:18:21 - [TEST_STEP][PASSED] - Statement - repObj = com.kms.katalon.core.testobject.ObjectRepository.findTestObject(Object Repository/PrimoTours/LandingPage/secondPaxFirstNameField): Finding Test Object with id 'Object Repository/PrimoTours/LandingPage/secondPaxFirstNameField'

2017-12-04 13:18:21 - [TEST_STEP][PASSED] - Statement - repObj.findProperty("xpath").setValue(xpathval): null

2017-12-04 13:18:21 - [TEST_STEP][PASSED] - setText: Text 'Jensen AUT' is set on object 'Object Repository/PrimoTours/LandingPage/secondPaxFirstNameField'

2017-12-04 13:18:22 - [MESSAGE][PASSED] - Text 'Jensen AUT' is set on object 'Object Repository/PrimoTours/LandingPage/secondPaxFirstNameField'

2017-12-04 13:18:22 - [TEST_STEP][PASSED] - Statement - xpathval = paxDetailFields + "[2]/div[contains(@class,"form-group")]/input[contains(@class,"paxLastName")]": null

2017-12-04 13:18:22 - [TEST_STEP][PASSED] - Statement - println("ln: " + xpathval): null

2017-12-04 13:18:22 - [TEST_STEP][PASSED] - Statement - repObj = com.kms.katalon.core.testobject.ObjectRepository.findTestObject(Object Repository/PrimoTours/LandingPage/secondPaxFirstNameField): Finding Test Object with id 'Object Repository/PrimoTours/LandingPage/secondPaxFirstNameField'

2017-12-04 13:18:22 - [TEST_STEP][PASSED] - Statement - repObj.findProperty("xpath").setValue(xpathval): null

2017-12-04 13:18:22 - [TEST_STEP][PASSED] - setText: Text 'Gitte Stauning' is set on object 'Object Repository/PrimoTours/LandingPage/secondPaxFirstNameField'

2017-12-04 13:18:22 - [MESSAGE][PASSED] - Text 'Gitte Stauning' is set on object 'Object Repository/PrimoTours/LandingPage/secondPaxFirstNameField'

2017-12-04 13:18:22 - [TEST_STEP][PASSED] - Statement - repObj = com.kms.katalon.core.testobject.ObjectRepository.findTestObject(Object Repository/PrimoTours/LandingPage/secondPaxFirstNameField): Finding Test Object with id 'Object Repository/PrimoTours/LandingPage/secondPaxFirstNameField'

2017-12-04 13:18:22 - [TEST_STEP][PASSED] - Statement - xpathval = paxDetailFields + "[3]/div[contains(@class,"paxGenderSelectorContainer")]/span[contains(@class,"select2 select2-container")]/span[contains(@class,"selection")]/span[contains(@class,"select2-selection")]": null

2017-12-04 13:18:22 - [TEST_STEP][PASSED] - Statement - println("gender: " + xpathval): null

2017-12-04 13:18:22 - [TEST_STEP][PASSED] - Statement - repObj.findProperty("xpath").setValue(xpathval): null

2017-12-04 13:18:22 - [TEST_STEP][PASSED] - click: Object: 'Object Repository/PrimoTours/LandingPage/secondPaxFirstNameField' is clicked on

2017-12-04 13:18:22 - [MESSAGE][PASSED] - Object: 'Object Repository/PrimoTours/LandingPage/secondPaxFirstNameField' is clicked on

2017-12-04 13:18:22 - [TEST_STEP][PASSED] - Statement - If (i == 1 & j == 1): null

2017-12-04 13:18:22 - [TEST_STEP][PASSED] - Statement - randomPaxIndex = java.lang.Math.abs(new java.util.Random().nextInt() % excelRowNo) + 1: null

2017-12-04 13:18:22 - [TEST_STEP][PASSED] - Statement - fname = rawData.getValue("FirstName", randomPaxIndex) + " AUT": null

2017-12-04 13:18:22 - [TEST_STEP][PASSED] - Statement - lname = rawData.getValue("LastName", randomPaxIndex): null

2017-12-04 13:18:22 - [TEST_STEP][PASSED] - Statement - pgender = rawData.getValue("Gender", randomPaxIndex): null

2017-12-04 13:18:22 - [TEST_STEP][PASSED] - Statement - pday = rawData.getValue("Day DOB", randomPaxIndex): null

2017-12-04 13:18:22 - [TEST_STEP][PASSED] - Statement - pmonth = rawData.getValue("Month DOB", randomPaxIndex): null

2017-12-04 13:18:22 - [TEST_STEP][PASSED] - Statement - pyear = rawData.getValue("Year DOB", randomPaxIndex): null

2017-12-04 13:18:22 - [TEST_STEP][PASSED] - Statement - paxDetailFields = paxInRoomXpath + "[" + j + "]/div[@class="col-md-x col-md-9"]/div[@class="row paxContainer"][1]/div[contains(@class,"paxAttribute")]": null

2017-12-04 13:18:22 - [TEST_STEP][PASSED] - Statement - xpathval = paxDetailFields + "[1]/div[contains(@class,"form-group")]/input[contains(@class,"paxFirstName")]": null

2017-12-04 13:18:22 - [TEST_STEP][PASSED] - Statement - println("fn: " + xpathval): null

2017-12-04 13:18:22 - [TEST_STEP][PASSED] - Statement - repObj = com.kms.katalon.core.testobject.ObjectRepository.findTestObject(Object Repository/PrimoTours/LandingPage/secondPaxFirstNameField): Finding Test Object with id 'Object Repository/PrimoTours/LandingPage/secondPaxFirstNameField'

2017-12-04 13:18:22 - [TEST_STEP][PASSED] - Statement - repObj.findProperty("xpath").setValue(xpathval): null

2017-12-04 13:18:22 - [TEST_STEP][PASSED] - setText: Text 'Klausen AUT' is set on object 'Object Repository/PrimoTours/LandingPage/secondPaxFirstNameField'

2017-12-04 13:18:22 - [MESSAGE][PASSED] - Text 'Klausen AUT' is set on object 'Object Repository/PrimoTours/LandingPage/secondPaxFirstNameField'

2017-12-04 13:18:22 - [TEST_STEP][PASSED] - Statement - xpathval = paxDetailFields + "[2]/div[contains(@class,"form-group")]/input[contains(@class,"paxLastName")]": null

2017-12-04 13:18:22 - [TEST_STEP][PASSED] - Statement - println("ln: " + xpathval): null

2017-12-04 13:18:22 - [TEST_STEP][PASSED] - Statement - repObj = com.kms.katalon.core.testobject.ObjectRepository.findTestObject(Object Repository/PrimoTours/LandingPage/secondPaxFirstNameField): Finding Test Object with id 'Object Repository/PrimoTours/LandingPage/secondPaxFirstNameField'

2017-12-04 13:18:22 - [TEST_STEP][PASSED] - Statement - repObj.findProperty("xpath").setValue(xpathval): null

2017-12-04 13:18:22 - [TEST_STEP][PASSED] - setText: Text 'Stine Fredsted' is set on object 'Object Repository/PrimoTours/LandingPage/secondPaxFirstNameField'

2017-12-04 13:18:23 - [MESSAGE][PASSED] - Text 'Stine Fredsted' is set on object 'Object Repository/PrimoTours/LandingPage/secondPaxFirstNameField'

2017-12-04 13:18:23 - [TEST_STEP][PASSED] - Statement - repObj = com.kms.katalon.core.testobject.ObjectRepository.findTestObject(Object Repository/PrimoTours/LandingPage/secondPaxFirstNameField): Finding Test Object with id 'Object Repository/PrimoTours/LandingPage/secondPaxFirstNameField'

2017-12-04 13:18:23 - [TEST_STEP][PASSED] - Statement - xpathval = paxDetailFields + "[3]/div[contains(@class,"paxGenderSelectorContainer")]/span[contains(@class,"select2 select2-container")]/span[contains(@class,"selection")]/span[contains(@class,"select2-selection")]": null

2017-12-04 13:18:23 - [TEST_STEP][PASSED] - Statement - println("gender: " + xpathval): null

2017-12-04 13:18:23 - [TEST_STEP][PASSED] - Statement - repObj.findProperty("xpath").setValue(xpathval): null

2017-12-04 13:18:23 - [TEST_STEP][PASSED] - click: Unable to click on object 'Object Repository/PrimoTours/LandingPage/secondPaxFirstNameField' (Root cause: org.openqa.selenium.WebDriverException: unknown error: Element <span class="select2-selection select2-selection--single" role="combobox" aria-haspopup="true" aria-expanded="false" tabindex="0" aria-labelledby="select2-gender-2_3-vh-container">...</span> is not clickable at point (1168, 732). Other element would receive the click: <li class="select2-results__option" id="select2-gender-2_2-tn-result-vpif-MS" role="treeitem" aria-selected="false">...</li>
  (Session info: chrome=62.0.3202.94)
  (Driver info: chromedriver=2.33.506120 (e3e53437346286c0bc2d2dc9aa4915ba81d9023f),platform=Windows NT 6.3.9600 x86_64) (WARNING: The server did not provide any stacktrace information)
Command duration or timeout: 0 milliseconds
Build info: version: '3.7.1', revision: '8a0099a', time: '2017-11-06T21:07:36.161Z'
System info: host: 'NEACSUNEW-PC', ip: '10.10.10.211', os.name: 'Windows 8.1', os.arch: 'amd64', os.version: '6.3', java.version: '1.8.0_102'
Driver info: com.kms.katalon.selenium.driver.CChromeDriver
Capabilities {acceptSslCerts: true, applicationCacheEnabled: false, browserConnectionEnabled: false, browserName: chrome, chrome: {chromedriverVersion: 2.33.506120 (e3e53437346286..., userDataDir: C:\Users\Cornel\AppData\Loc...}, cssSelectorsEnabled: true, databaseEnabled: false, handlesAlerts: true, hasTouchScreen: false, javascriptEnabled: true, locationContextEnabled: true, mobileEmulationEnabled: false, nativeEvents: true, networkConnectionEnabled: false, pageLoadStrategy: normal, platform: XP, platformName: XP, rotatable: false, setWindowRect: true, takesHeapSnapshot: true, takesScreenshot: true, unexpectedAlertBehaviour: , unhandledPromptBehavior: , version: 62.0.3202.94, webStorageEnabled: true}
Session ID: ccbcfd9d7584fd32d861867750c9df61)

2017-12-04 13:18:23 - [MESSAGE][WARNING] - Unable to click on object 'Object Repository/PrimoTours/LandingPage/secondPaxFirstNameField' (Root cause: org.openqa.selenium.WebDriverException: unknown error: Element <span class="select2-selection select2-selection--single" role="combobox" aria-haspopup="true" aria-expanded="false" tabindex="0" aria-labelledby="select2-gender-2_3-vh-container">...</span> is not clickable at point (1168, 732). Other element would receive the click: <li class="select2-results__option" id="select2-gender-2_2-tn-result-vpif-MS" role="treeitem" aria-selected="false">...</li>
  (Session info: chrome=62.0.3202.94)
  (Driver info: chromedriver=2.33.506120 (e3e53437346286c0bc2d2dc9aa4915ba81d9023f),platform=Windows NT 6.3.9600 x86_64) (WARNING: The server did not provide any stacktrace information)
Command duration or timeout: 0 milliseconds
Build info: version: '3.7.1', revision: '8a0099a', time: '2017-11-06T21:07:36.161Z'
System info: host: 'NEACSUNEW-PC', ip: '10.10.10.211', os.name: 'Windows 8.1', os.arch: 'amd64', os.version: '6.3', java.version: '1.8.0_102'
Driver info: com.kms.katalon.selenium.driver.CChromeDriver
Capabilities {acceptSslCerts: true, applicationCacheEnabled: false, browserConnectionEnabled: false, browserName: chrome, chrome: {chromedriverVersion: 2.33.506120 (e3e53437346286..., userDataDir: C:\Users\Cornel\AppData\Loc...}, cssSelectorsEnabled: true, databaseEnabled: false, handlesAlerts: true, hasTouchScreen: false, javascriptEnabled: true, locationContextEnabled: true, mobileEmulationEnabled: false, nativeEvents: true, networkConnectionEnabled: false, pageLoadStrategy: normal, platform: XP, platformName: XP, rotatable: false, setWindowRect: true, takesHeapSnapshot: true, takesScreenshot: true, unexpectedAlertBehaviour: , unhandledPromptBehavior: , version: 62.0.3202.94, webStorageEnabled: true}
Session ID: ccbcfd9d7584fd32d861867750c9df61)
[[ATTACHMENT|D:\\Software testing\\Tourpaq\\Automated Katalon tests\\Primo WB test\\Reports\\WB Primo From Excel URLs\\20171204_131551\\1512386303266.png]]

2017-12-04 13:18:23 - [TEST_STEP][PASSED] - scrollToElement: Scroll to object 'Object Repository/PrimoTours/Old Objects/Coco (1)/PrimoT/SaveBooking2/Success/bookingTotalValue' successfully

2017-12-04 13:18:23 - [MESSAGE][PASSED] - Scroll to object 'Object Repository/PrimoTours/Old Objects/Coco (1)/PrimoT/SaveBooking2/Success/bookingTotalValue' successfully

2017-12-04 13:18:23 - [TEST_STEP][PASSED] - click: Object: 'Object Repository/PrimoTours/Old Objects/Coco (1)/PrimoT/SaveBooking2/Success/bookingTotalValue' is clicked on

2017-12-04 13:18:23 - [MESSAGE][PASSED] - Object: 'Object Repository/PrimoTours/Old Objects/Coco (1)/PrimoT/SaveBooking2/Success/bookingTotalValue' is clicked on

2017-12-04 13:18:23 - [TEST_STEP][PASSED] - scrollToElement: Scroll to object 'Object Repository/PrimoTours/Old Objects/Coco (1)/PrimoT/SaveBooking2/Success/Page_Primo Tours  Danmarks bedste c/nextButtonOnLandingPage' successfully

2017-12-04 13:18:23 - [MESSAGE][PASSED] - Scroll to object 'Object Repository/PrimoTours/Old Objects/Coco (1)/PrimoT/SaveBooking2/Success/Page_Primo Tours  Danmarks bedste c/nextButtonOnLandingPage' successfully

2017-12-04 13:18:23 - [TEST_STEP][PASSED] - waitForElementClickable: Object 'Object Repository/PrimoTours/Old Objects/Coco (1)/PrimoT/SaveBooking2/Success/Page_Primo Tours  Danmarks bedste c/nextButtonOnLandingPage' is clickable

2017-12-04 13:18:23 - [MESSAGE][PASSED] - Object 'Object Repository/PrimoTours/Old Objects/Coco (1)/PrimoT/SaveBooking2/Success/Page_Primo Tours  Danmarks bedste c/nextButtonOnLandingPage' is clickable

2017-12-04 13:18:23 - [TEST_STEP][PASSED] - waitForElementVisible: Object 'Object Repository/PrimoTours/Old Objects/Coco (1)/PrimoT/SaveBooking2/Success/Page_Primo Tours  Danmarks bedste c/nextButtonOnLandingPage' is visible

2017-12-04 13:18:23 - [MESSAGE][PASSED] - Object 'Object Repository/PrimoTours/Old Objects/Coco (1)/PrimoT/SaveBooking2/Success/Page_Primo Tours  Danmarks bedste c/nextButtonOnLandingPage' is visible

2017-12-04 13:18:23 - [TEST_STEP][PASSED] - scrollToElement: Scroll to object 'Object Repository/PrimoTours/Old Objects/Coco (1)/PrimoT/SaveBooking2/Success/Page_Primo Tours  Danmarks bedste c/nextButtonOnLandingPage' successfully

2017-12-04 13:18:23 - [MESSAGE][PASSED] - Scroll to object 'Object Repository/PrimoTours/Old Objects/Coco (1)/PrimoT/SaveBooking2/Success/Page_Primo Tours  Danmarks bedste c/nextButtonOnLandingPage' successfully

2017-12-04 13:18:23 - [TEST_STEP][PASSED] - click: Object: 'Object Repository/PrimoTours/Old Objects/Coco (1)/PrimoT/SaveBooking2/Success/Page_Primo Tours  Danmarks bedste c/nextButtonOnLandingPage' is clicked on

2017-12-04 13:18:24 - [MESSAGE][PASSED] - Object: 'Object Repository/PrimoTours/Old Objects/Coco (1)/PrimoT/SaveBooking2/Success/Page_Primo Tours  Danmarks bedste c/nextButtonOnLandingPage' is clicked on

2017-12-04 13:18:24 - [TEST_STEP][PASSED] - delay: Delayed 3 second(s)

2017-12-04 13:18:27 - [MESSAGE][PASSED] - Delayed 3 second(s)

2017-12-04 13:18:27 - [TEST_STEP][PASSED] - waitForElementNotVisible: Object 'Object Repository/PrimoTours/Old Objects/CCenter/pageLoaderOverlayLayer' is NOT visible

2017-12-04 13:18:27 - [MESSAGE][PASSED] - Object 'Object Repository/PrimoTours/Old Objects/CCenter/pageLoaderOverlayLayer' is NOT visible

2017-12-04 13:18:27 - [TEST_STEP][PASSED] - scrollToElement: Scroll to object 'Object Repository/PrimoTours/Old Objects/Coco/PrimoT/Ins2/Page_Primo Tours  Danmarks bedste c/travelInsuranceFirstPaxSelector' successfully

2017-12-04 13:18:27 - [MESSAGE][PASSED] - Scroll to object 'Object Repository/PrimoTours/Old Objects/Coco/PrimoT/Ins2/Page_Primo Tours  Danmarks bedste c/travelInsuranceFirstPaxSelector' successfully

2017-12-04 13:18:27 - [TEST_STEP][PASSED] - waitForElementPresent: Object 'Object Repository/PrimoTours/Old Objects/Coco/PrimoT/Ins2/Page_Primo Tours  Danmarks bedste c/travelInsuranceFirstPaxSelector' is present

2017-12-04 13:18:27 - [MESSAGE][PASSED] - Object 'Object Repository/PrimoTours/Old Objects/Coco/PrimoT/Ins2/Page_Primo Tours  Danmarks bedste c/travelInsuranceFirstPaxSelector' is present

2017-12-04 13:18:27 - [TEST_STEP][PASSED] - waitForElementVisible: Object 'Object Repository/PrimoTours/Old Objects/Coco/PrimoT/Ins2/Page_Primo Tours  Danmarks bedste c/travelInsuranceFirstPaxSelector' is visible

2017-12-04 13:18:27 - [MESSAGE][PASSED] - Object 'Object Repository/PrimoTours/Old Objects/Coco/PrimoT/Ins2/Page_Primo Tours  Danmarks bedste c/travelInsuranceFirstPaxSelector' is visible

2017-12-04 13:18:27 - [TEST_STEP][PASSED] - waitForElementClickable: Object 'Object Repository/PrimoTours/Old Objects/Coco/PrimoT/Ins2/Page_Primo Tours  Danmarks bedste c/travelInsuranceFirstPaxSelector' is clickable

2017-12-04 13:18:27 - [MESSAGE][PASSED] - Object 'Object Repository/PrimoTours/Old Objects/Coco/PrimoT/Ins2/Page_Primo Tours  Danmarks bedste c/travelInsuranceFirstPaxSelector' is clickable

2017-12-04 13:18:27 - [TEST_STEP][PASSED] - click: Object: 'Object Repository/PrimoTours/Old Objects/Coco/PrimoT/Ins2/Page_Primo Tours  Danmarks bedste c/travelInsuranceFirstPaxSelector' is clicked on

2017-12-04 13:18:27 - [MESSAGE][PASSED] - Object: 'Object Repository/PrimoTours/Old Objects/Coco/PrimoT/Ins2/Page_Primo Tours  Danmarks bedste c/travelInsuranceFirstPaxSelector' is clicked on

2017-12-04 13:18:27 - [TEST_STEP][PASSED] - Statement - Try: Object: 'Object Repository/PrimoTours/Old Objects/Coco/PrimoT/Ins2/Page_Primo Tours  Danmarks bedste c/firstTravelInsuranceOption' is clicked on

2017-12-04 13:18:27 - [TEST_STEP][PASSED] - click: Object: 'Object Repository/PrimoTours/Old Objects/Coco/PrimoT/Ins2/Page_Primo Tours  Danmarks bedste c/firstTravelInsuranceOption' is clicked on

2017-12-04 13:18:27 - [MESSAGE][PASSED] - Object: 'Object Repository/PrimoTours/Old Objects/Coco/PrimoT/Ins2/Page_Primo Tours  Danmarks bedste c/firstTravelInsuranceOption' is clicked on

2017-12-04 13:18:27 - [TEST_STEP][NOT_RUN] - click: NOT_RUN: click

2017-12-04 13:18:27 - [MESSAGE][NOT_RUN] - NOT_RUN: click

2017-12-04 13:18:27 - [TEST_STEP][NOT_RUN] - scrollToElement: NOT_RUN: scrollToElement

2017-12-04 13:18:27 - [MESSAGE][NOT_RUN] - NOT_RUN: scrollToElement

2017-12-04 13:18:27 - [TEST_STEP][NOT_RUN] - click: NOT_RUN: click

2017-12-04 13:18:27 - [MESSAGE][NOT_RUN] - NOT_RUN: click

2017-12-04 13:18:27 - [TEST_STEP][PASSED] - waitForElementVisible: Object 'Object Repository/PrimoTours/Old Objects/Coco (1)/PrimoT/SaveBooking2/Page_Primo Tours  Danmarks bedste c/individualInsuranceCheckbox' is visible

2017-12-04 13:18:27 - [MESSAGE][PASSED] - Object 'Object Repository/PrimoTours/Old Objects/Coco (1)/PrimoT/SaveBooking2/Page_Primo Tours  Danmarks bedste c/individualInsuranceCheckbox' is visible

2017-12-04 13:18:27 - [TEST_STEP][PASSED] - scrollToElement: Scroll to object 'Object Repository/PrimoTours/Old Objects/Coco (1)/PrimoT/SaveBooking2/Page_Primo Tours  Danmarks bedste c/individualInsuranceCheckbox' successfully

2017-12-04 13:18:27 - [MESSAGE][PASSED] - Scroll to object 'Object Repository/PrimoTours/Old Objects/Coco (1)/PrimoT/SaveBooking2/Page_Primo Tours  Danmarks bedste c/individualInsuranceCheckbox' successfully

2017-12-04 13:18:27 - [TEST_STEP][PASSED] - click: Object: 'Object Repository/PrimoTours/Old Objects/Coco (1)/PrimoT/SaveBooking2/Page_Primo Tours  Danmarks bedste c/individualInsuranceCheckbox' is clicked on

2017-12-04 13:18:27 - [MESSAGE][PASSED] - Object: 'Object Repository/PrimoTours/Old Objects/Coco (1)/PrimoT/SaveBooking2/Page_Primo Tours  Danmarks bedste c/individualInsuranceCheckbox' is clicked on

2017-12-04 13:18:27 - [TEST_STEP][PASSED] - scrollToElement: Scroll to object 'Object Repository/PrimoTours/Old Objects/Coco (1)/PrimoT/SaveBooking2/Success/firstProdCategIndividualSelectionRadioB' successfully

2017-12-04 13:18:27 - [MESSAGE][PASSED] - Scroll to object 'Object Repository/PrimoTours/Old Objects/Coco (1)/PrimoT/SaveBooking2/Success/firstProdCategIndividualSelectionRadioB' successfully

2017-12-04 13:18:27 - [TEST_STEP][PASSED] - waitForElementClickable: Object 'Object Repository/PrimoTours/Old Objects/Coco (1)/PrimoT/SaveBooking2/Success/firstProdCategIndividualSelectionRadioB' is clickable

2017-12-04 13:18:28 - [MESSAGE][PASSED] - Object 'Object Repository/PrimoTours/Old Objects/Coco (1)/PrimoT/SaveBooking2/Success/firstProdCategIndividualSelectionRadioB' is clickable

2017-12-04 13:18:28 - [TEST_STEP][PASSED] - scrollToElement: Scroll to object 'Object Repository/PrimoTours/Old Objects/Coco (1)/PrimoT/SaveBooking2/Success/firstProdCategIndividualSelectionRadioB' successfully

2017-12-04 13:18:28 - [MESSAGE][PASSED] - Scroll to object 'Object Repository/PrimoTours/Old Objects/Coco (1)/PrimoT/SaveBooking2/Success/firstProdCategIndividualSelectionRadioB' successfully

2017-12-04 13:18:28 - [TEST_STEP][PASSED] - click: Object: 'Object Repository/PrimoTours/Old Objects/Coco (1)/PrimoT/SaveBooking2/Success/firstProdCategIndividualSelectionRadioB' is clicked on

2017-12-04 13:18:28 - [MESSAGE][PASSED] - Object: 'Object Repository/PrimoTours/Old Objects/Coco (1)/PrimoT/SaveBooking2/Success/firstProdCategIndividualSelectionRadioB' is clicked on

2017-12-04 13:18:28 - [TEST_STEP][PASSED] - scrollToElement: Scroll to object 'Object Repository/PrimoTours/Old Objects/Coco (1)/PrimoT/SaveBooking2/Success/firstProdCategSelectForAllPaxCheckbox' successfully

2017-12-04 13:18:28 - [MESSAGE][PASSED] - Scroll to object 'Object Repository/PrimoTours/Old Objects/Coco (1)/PrimoT/SaveBooking2/Success/firstProdCategSelectForAllPaxCheckbox' successfully

2017-12-04 13:18:28 - [TEST_STEP][PASSED] - waitForElementClickable: Object 'Object Repository/PrimoTours/Old Objects/Coco (1)/PrimoT/SaveBooking2/Success/firstProdCategSelectForAllPaxCheckbox' is clickable

2017-12-04 13:18:28 - [MESSAGE][PASSED] - Object 'Object Repository/PrimoTours/Old Objects/Coco (1)/PrimoT/SaveBooking2/Success/firstProdCategSelectForAllPaxCheckbox' is clickable

2017-12-04 13:18:28 - [TEST_STEP][PASSED] - click: Object: 'Object Repository/PrimoTours/Old Objects/Coco (1)/PrimoT/SaveBooking2/Success/firstProdCategSelectForAllPaxCheckbox' is clicked on

2017-12-04 13:18:28 - [MESSAGE][PASSED] - Object: 'Object Repository/PrimoTours/Old Objects/Coco (1)/PrimoT/SaveBooking2/Success/firstProdCategSelectForAllPaxCheckbox' is clicked on

2017-12-04 13:18:28 - [TEST_STEP][NOT_RUN] - scrollToElement: NOT_RUN: scrollToElement

2017-12-04 13:18:28 - [MESSAGE][NOT_RUN] - NOT_RUN: scrollToElement

2017-12-04 13:18:28 - [TEST_STEP][NOT_RUN] - scrollToElement: NOT_RUN: scrollToElement

2017-12-04 13:18:28 - [MESSAGE][NOT_RUN] - NOT_RUN: scrollToElement

2017-12-04 13:18:28 - [TEST_STEP][NOT_RUN] - click: NOT_RUN: click

2017-12-04 13:18:28 - [MESSAGE][NOT_RUN] - NOT_RUN: click

2017-12-04 13:18:28 - [TEST_STEP][PASSED] - scrollToElement: Scroll to object 'Object Repository/PrimoTours/ConfirmationPage/agreeTermsAndCondCheckbox' successfully

2017-12-04 13:18:28 - [MESSAGE][PASSED] - Scroll to object 'Object Repository/PrimoTours/ConfirmationPage/agreeTermsAndCondCheckbox' successfully

2017-12-04 13:18:28 - [TEST_STEP][PASSED] - waitForElementClickable: Object 'Object Repository/PrimoTours/ConfirmationPage/agreeTermsAndCondCheckbox' is clickable

2017-12-04 13:18:28 - [MESSAGE][PASSED] - Object 'Object Repository/PrimoTours/ConfirmationPage/agreeTermsAndCondCheckbox' is clickable

2017-12-04 13:18:28 - [TEST_STEP][FAILED] - click: Unable to click on object 'Object Repository/PrimoTours/ConfirmationPage/agreeTermsAndCondCheckbox' (Root cause: org.openqa.selenium.WebDriverException: unknown error: Element <a href="#" class="toggle checkbox kalypto"></a> is not clickable at point (395, 793). Other element would receive the click: <h2>...</h2>
  (Session info: chrome=62.0.3202.94)
  (Driver info: chromedriver=2.33.506120 (e3e53437346286c0bc2d2dc9aa4915ba81d9023f),platform=Windows NT 6.3.9600 x86_64) (WARNING: The server did not provide any stacktrace information)
Command duration or timeout: 0 milliseconds
Build info: version: '3.7.1', revision: '8a0099a', time: '2017-11-06T21:07:36.161Z'
System info: host: 'NEACSUNEW-PC', ip: '10.10.10.211', os.name: 'Windows 8.1', os.arch: 'amd64', os.version: '6.3', java.version: '1.8.0_102'
Driver info: com.kms.katalon.selenium.driver.CChromeDriver
Capabilities {acceptSslCerts: true, applicationCacheEnabled: false, browserConnectionEnabled: false, browserName: chrome, chrome: {chromedriverVersion: 2.33.506120 (e3e53437346286..., userDataDir: C:\Users\Cornel\AppData\Loc...}, cssSelectorsEnabled: true, databaseEnabled: false, handlesAlerts: true, hasTouchScreen: false, javascriptEnabled: true, locationContextEnabled: true, mobileEmulationEnabled: false, nativeEvents: true, networkConnectionEnabled: false, pageLoadStrategy: normal, platform: XP, platformName: XP, rotatable: false, setWindowRect: true, takesHeapSnapshot: true, takesScreenshot: true, unexpectedAlertBehaviour: , unhandledPromptBehavior: , version: 62.0.3202.94, webStorageEnabled: true}
Session ID: ccbcfd9d7584fd32d861867750c9df61)

2017-12-04 13:18:29 - [MESSAGE][FAILED] - Unable to click on object 'Object Repository/PrimoTours/ConfirmationPage/agreeTermsAndCondCheckbox' (Root cause: org.openqa.selenium.WebDriverException: unknown error: Element <a href="#" class="toggle checkbox kalypto"></a> is not clickable at point (395, 793). Other element would receive the click: <h2>...</h2>
  (Session info: chrome=62.0.3202.94)
  (Driver info: chromedriver=2.33.506120 (e3e53437346286c0bc2d2dc9aa4915ba81d9023f),platform=Windows NT 6.3.9600 x86_64) (WARNING: The server did not provide any stacktrace information)
Command duration or timeout: 0 milliseconds
Build info: version: '3.7.1', revision: '8a0099a', time: '2017-11-06T21:07:36.161Z'
System info: host: 'NEACSUNEW-PC', ip: '10.10.10.211', os.name: 'Windows 8.1', os.arch: 'amd64', os.version: '6.3', java.version: '1.8.0_102'
Driver info: com.kms.katalon.selenium.driver.CChromeDriver
Capabilities {acceptSslCerts: true, applicationCacheEnabled: false, browserConnectionEnabled: false, browserName: chrome, chrome: {chromedriverVersion: 2.33.506120 (e3e53437346286..., userDataDir: C:\Users\Cornel\AppData\Loc...}, cssSelectorsEnabled: true, databaseEnabled: false, handlesAlerts: true, hasTouchScreen: false, javascriptEnabled: true, locationContextEnabled: true, mobileEmulationEnabled: false, nativeEvents: true, networkConnectionEnabled: false, pageLoadStrategy: normal, platform: XP, platformName: XP, rotatable: false, setWindowRect: true, takesHeapSnapshot: true, takesScreenshot: true, unexpectedAlertBehaviour: , unhandledPromptBehavior: , version: 62.0.3202.94, webStorageEnabled: true}
Session ID: ccbcfd9d7584fd32d861867750c9df61)
[[ATTACHMENT|D:\\Software testing\\Tourpaq\\Automated Katalon tests\\Primo WB test\\Reports\\WB Primo From Excel URLs\\20171204_131551\\1512386308814.png]]]]></system-out>
         <system-err><![CDATA[2017-12-04 13:18:05 - [TEST_CASE][FAILED] - Test Cases/PrimoTours/WB Primo/WB Primo staging - place booking - Iteration 6: Test Cases/PrimoTours/WB Primo/WB Primo staging - place booking FAILED because (of) Unable to click on object 'Object Repository/PrimoTours/ConfirmationPage/agreeTermsAndCondCheckbox' (Root cause: org.openqa.selenium.WebDriverException: unknown error: Element <a href="#" class="toggle checkbox kalypto"></a> is not clickable at point (395, 793). Other element would receive the click: <h2>...</h2>
  (Session info: chrome=62.0.3202.94)
  (Driver info: chromedriver=2.33.506120 (e3e53437346286c0bc2d2dc9aa4915ba81d9023f),platform=Windows NT 6.3.9600 x86_64) (WARNING: The server did not provide any stacktrace information)
Command duration or timeout: 0 milliseconds
Build info: version: '3.7.1', revision: '8a0099a', time: '2017-11-06T21:07:36.161Z'
System info: host: 'NEACSUNEW-PC', ip: '10.10.10.211', os.name: 'Windows 8.1', os.arch: 'amd64', os.version: '6.3', java.version: '1.8.0_102'
Driver info: com.kms.katalon.selenium.driver.CChromeDriver
Capabilities {acceptSslCerts: true, applicationCacheEnabled: false, browserConnectionEnabled: false, browserName: chrome, chrome: {chromedriverVersion: 2.33.506120 (e3e53437346286..., userDataDir: C:\Users\Cornel\AppData\Loc...}, cssSelectorsEnabled: true, databaseEnabled: false, handlesAlerts: true, hasTouchScreen: false, javascriptEnabled: true, locationContextEnabled: true, mobileEmulationEnabled: false, nativeEvents: true, networkConnectionEnabled: false, pageLoadStrategy: normal, platform: XP, platformName: XP, rotatable: false, setWindowRect: true, takesHeapSnapshot: true, takesScreenshot: true, unexpectedAlertBehaviour: , unhandledPromptBehavior: , version: 62.0.3202.94, webStorageEnabled: true}
Session ID: ccbcfd9d7584fd32d861867750c9df61)]]></system-err>
      </testcase>
      <testcase name="Test Cases/PrimoTours/WB Primo/WB Primo staging - place booking - Iteration 7" classname="Test Cases/PrimoTours/WB Primo/WB Primo staging - place booking" status="FAILED">
         <failure type="FAILED" message="Unable to click on object 'Object Repository/PrimoTours/Old Objects/ThankYouPage/printTicketSpan' (Root cause: org.openqa.selenium.WebDriverException: unknown error: Element &lt;span id=&quot;printTicketSpan&quot; data-bind=&quot;text: tourpaq.bookingEngine.languageStaticResources.PrintReceipt&quot;>...&lt;/span> is not clickable at point (508, 319). Other element would receive the click: &lt;div class=&quot;se-pre-con&quot; id=&quot;booking-overlay&quot; style=&quot;opacity: 1;&quot;>&lt;/div>
  (Session info: chrome=62.0.3202.94)
  (Driver info: chromedriver=2.33.506120 (e3e53437346286c0bc2d2dc9aa4915ba81d9023f),platform=Windows NT 6.3.9600 x86_64) (WARNING: The server did not provide any stacktrace information)
Command duration or timeout: 0 milliseconds
Build info: version: '3.7.1', revision: '8a0099a', time: '2017-11-06T21:07:36.161Z'
System info: host: 'NEACSUNEW-PC', ip: '10.10.10.211', os.name: 'Windows 8.1', os.arch: 'amd64', os.version: '6.3', java.version: '1.8.0_102'
Driver info: com.kms.katalon.selenium.driver.CChromeDriver
Capabilities {acceptSslCerts: true, applicationCacheEnabled: false, browserConnectionEnabled: false, browserName: chrome, chrome: {chromedriverVersion: 2.33.506120 (e3e53437346286..., userDataDir: C:\Users\Cornel\AppData\Loc...}, cssSelectorsEnabled: true, databaseEnabled: false, handlesAlerts: true, hasTouchScreen: false, javascriptEnabled: true, locationContextEnabled: true, mobileEmulationEnabled: false, nativeEvents: true, networkConnectionEnabled: false, pageLoadStrategy: normal, platform: XP, platformName: XP, rotatable: false, setWindowRect: true, takesHeapSnapshot: true, takesScreenshot: true, unexpectedAlertBehaviour: , unhandledPromptBehavior: , version: 62.0.3202.94, webStorageEnabled: true}
Session ID: bf11aaf5a46da746935e59e8c29be760)"/>
         <system-out><![CDATA[2017-12-04 13:18:29 - [TEST_CASE][FAILED] - Test Cases/PrimoTours/WB Primo/WB Primo staging - place booking - Iteration 7: Unable to click on object 'Object Repository/PrimoTours/Old Objects/ThankYouPage/printTicketSpan' (Root cause: org.openqa.selenium.WebDriverException: unknown error: Element <span id="printTicketSpan" data-bind="text: tourpaq.bookingEngine.languageStaticResources.PrintReceipt">...</span> is not clickable at point (508, 319). Other element would receive the click: <div class="se-pre-con" id="booking-overlay" style="opacity: 1;"></div>
  (Session info: chrome=62.0.3202.94)
  (Driver info: chromedriver=2.33.506120 (e3e53437346286c0bc2d2dc9aa4915ba81d9023f),platform=Windows NT 6.3.9600 x86_64) (WARNING: The server did not provide any stacktrace information)
Command duration or timeout: 0 milliseconds
Build info: version: '3.7.1', revision: '8a0099a', time: '2017-11-06T21:07:36.161Z'
System info: host: 'NEACSUNEW-PC', ip: '10.10.10.211', os.name: 'Windows 8.1', os.arch: 'amd64', os.version: '6.3', java.version: '1.8.0_102'
Driver info: com.kms.katalon.selenium.driver.CChromeDriver
Capabilities {acceptSslCerts: true, applicationCacheEnabled: false, browserConnectionEnabled: false, browserName: chrome, chrome: {chromedriverVersion: 2.33.506120 (e3e53437346286..., userDataDir: C:\Users\Cornel\AppData\Loc...}, cssSelectorsEnabled: true, databaseEnabled: false, handlesAlerts: true, hasTouchScreen: false, javascriptEnabled: true, locationContextEnabled: true, mobileEmulationEnabled: false, nativeEvents: true, networkConnectionEnabled: false, pageLoadStrategy: normal, platform: XP, platformName: XP, rotatable: false, setWindowRect: true, takesHeapSnapshot: true, takesScreenshot: true, unexpectedAlertBehaviour: , unhandledPromptBehavior: , version: 62.0.3202.94, webStorageEnabled: true}
Session ID: bf11aaf5a46da746935e59e8c29be760)

2017-12-04 13:18:29 - [TEST_STEP][PASSED] - openBrowser: Browser is opened with url: ''

2017-12-04 13:18:29 - [MESSAGE][WARNING] - A browser is already opened. Closing browser and opening a new one

2017-12-04 13:18:32 - [MESSAGE][PASSED] - Browser is opened with url: ''

2017-12-04 13:18:32 - [TEST_STEP][PASSED] - maximizeWindow: Current window maximized

2017-12-04 13:18:33 - [MESSAGE][PASSED] - Current window maximized

2017-12-04 13:18:33 - [TEST_STEP][PASSED] - navigateToUrl: Navigate to 'https://staging-primotours-webbooking.tourpaq.com/DoBooking.aspx?pltaID=1480269,1480294,1480269&p=2&rno=1,1,1&pt=1,1,2&a=2,2,2&c=2,2,0&aa=&ca=1,4|0,5|' successfully

2017-12-04 13:18:35 - [MESSAGE][PASSED] - Navigate to 'https://staging-primotours-webbooking.tourpaq.com/DoBooking.aspx?pltaID=1480269,1480294,1480269&p=2&rno=1,1,1&pt=1,1,2&a=2,2,2&c=2,2,0&aa=&ca=1,4|0,5|' successfully

2017-12-04 13:18:35 - [TEST_STEP][PASSED] - Statement - excelInfo = ["fname":"", "lname":"", "pgender":"", "pday":"", "pmonth":"", "pyear":""]: null

2017-12-04 13:18:35 - [TEST_STEP][PASSED] - Statement - rawData = com.kms.katalon.core.testdata.TestDataFactory.findTestData("Data Files/WB_Primo/Passenger_details"): Reading excel file with source file 'D:\Software testing\Tourpaq\Automated Katalon tests\Primo WB test\Data Files\Primo_URLs_For_Automated_Test.xls' and sheet name 'Passenger Names'

2017-12-04 13:18:35 - [TEST_STEP][PASSED] - Statement - excelRowNo = rawData.getRowNumbers(): null

2017-12-04 13:18:35 - [TEST_STEP][PASSED] - Statement - randomPaxIndex = java.lang.Math.abs(new java.util.Random().nextInt() % excelRowNo) + 1: null

2017-12-04 13:18:35 - [TEST_STEP][PASSED] - Statement - fname = rawData.getValue("FirstName", randomPaxIndex): null

2017-12-04 13:18:35 - [TEST_STEP][PASSED] - Statement - lname = rawData.getValue("LastName", randomPaxIndex): null

2017-12-04 13:18:35 - [TEST_STEP][PASSED] - Statement - pgender = rawData.getValue("Gender", randomPaxIndex): null

2017-12-04 13:18:35 - [TEST_STEP][PASSED] - setText: Text 'Rasmussen AUT' is set on object 'Object Repository/PrimoTours/Old Objects/Coco/PrimoT/Page_Primo Tours  Danmarks bedste c/input_firstName'

2017-12-04 13:18:35 - [MESSAGE][PASSED] - Text 'Rasmussen AUT' is set on object 'Object Repository/PrimoTours/Old Objects/Coco/PrimoT/Page_Primo Tours  Danmarks bedste c/input_firstName'

2017-12-04 13:18:35 - [TEST_STEP][PASSED] - setText: Text 'Ruth Kvolbæk' is set on object 'Object Repository/PrimoTours/Old Objects/Coco/PrimoT/Page_Primo Tours  Danmarks bedste c/input_lastName'

2017-12-04 13:18:36 - [MESSAGE][PASSED] - Text 'Ruth Kvolbæk' is set on object 'Object Repository/PrimoTours/Old Objects/Coco/PrimoT/Page_Primo Tours  Danmarks bedste c/input_lastName'

2017-12-04 13:18:36 - [TEST_STEP][PASSED] - click: Object: 'Object Repository/PrimoTours/LandingPage/customerGender' is clicked on

2017-12-04 13:18:36 - [MESSAGE][PASSED] - Object: 'Object Repository/PrimoTours/LandingPage/customerGender' is clicked on

2017-12-04 13:18:36 - [TEST_STEP][PASSED] - setText: Text 'Home address' is set on object 'Object Repository/PrimoTours/Old Objects/Coco/PrimoT/Page_Primo Tours  Danmarks bedste c/input_customerAddress'

2017-12-04 13:18:36 - [MESSAGE][PASSED] - Text 'Home address' is set on object 'Object Repository/PrimoTours/Old Objects/Coco/PrimoT/Page_Primo Tours  Danmarks bedste c/input_customerAddress'

2017-12-04 13:18:36 - [TEST_STEP][PASSED] - setText: Text '6700' is set on object 'Object Repository/PrimoTours/Old Objects/Coco/PrimoT/Page_Primo Tours  Danmarks bedste c/input_customerPostcode'

2017-12-04 13:18:36 - [MESSAGE][PASSED] - Text '6700' is set on object 'Object Repository/PrimoTours/Old Objects/Coco/PrimoT/Page_Primo Tours  Danmarks bedste c/input_customerPostcode'

2017-12-04 13:18:36 - [TEST_STEP][PASSED] - setText: Text 'cornel.neacsu@roweb.ro' is set on object 'Object Repository/PrimoTours/Old Objects/Coco/PrimoT/Page_Primo Tours  Danmarks bedste c/input_customerEmail'

2017-12-04 13:18:37 - [MESSAGE][PASSED] - Text 'cornel.neacsu@roweb.ro' is set on object 'Object Repository/PrimoTours/Old Objects/Coco/PrimoT/Page_Primo Tours  Danmarks bedste c/input_customerEmail'

2017-12-04 13:18:37 - [TEST_STEP][PASSED] - setText: Text '12345678' is set on object 'Object Repository/PrimoTours/Old Objects/Coco/PrimoT/Page_Primo Tours  Danmarks bedste c/input_customerPhone'

2017-12-04 13:18:37 - [MESSAGE][PASSED] - Text '12345678' is set on object 'Object Repository/PrimoTours/Old Objects/Coco/PrimoT/Page_Primo Tours  Danmarks bedste c/input_customerPhone'

2017-12-04 13:18:37 - [TEST_STEP][PASSED] - waitForElementClickable: Object 'Object Repository/PrimoTours/Old Objects/Coco/PrimoT/Page_Primo Tours  Danmarks bedste c/input_firstname-0_1' is clickable

2017-12-04 13:18:39 - [MESSAGE][PASSED] - Object 'Object Repository/PrimoTours/Old Objects/Coco/PrimoT/Page_Primo Tours  Danmarks bedste c/input_firstname-0_1' is clickable

2017-12-04 13:18:39 - [TEST_STEP][PASSED] - Statement - driver = com.kms.katalon.core.webui.driver.DriverFactory.getWebDriver(): null

2017-12-04 13:18:39 - [TEST_STEP][PASSED] - Statement - roomContainerXpath = "id("roomAndStaticOptionsContainer")/div[@class="row"]/div[@class="col-md-12 roomContainer"]": null

2017-12-04 13:18:39 - [TEST_STEP][PASSED] - Statement - roomsCount = driver.findElements(org.openqa.selenium.By.xpath(roomContainerXpath)).size(): null

2017-12-04 13:18:39 - [TEST_STEP][PASSED] - Statement - println("roomsCount=" + roomsCount): null

2017-12-04 13:18:39 - [TEST_STEP][PASSED] - Statement - For ([i = 1, i <= roomsCount, (i++)]): Unable to click on object 'Object Repository/PrimoTours/LandingPage/secondPaxFirstNameField' (Root cause: org.openqa.selenium.WebDriverException: unknown error: Element <span class="select2-selection select2-selection--single" role="combobox" aria-haspopup="true" aria-expanded="false" tabindex="0" aria-labelledby="select2-gender-2_3-l9-container">...</span> is not clickable at point (1168, 732). Other element would receive the click: <li class="select2-results__option" id="select2-gender-2_2-7m-result-2vbc-MS" role="treeitem" aria-selected="false">...</li>
  (Session info: chrome=62.0.3202.94)
  (Driver info: chromedriver=2.33.506120 (e3e53437346286c0bc2d2dc9aa4915ba81d9023f),platform=Windows NT 6.3.9600 x86_64) (WARNING: The server did not provide any stacktrace information)
Command duration or timeout: 0 milliseconds
Build info: version: '3.7.1', revision: '8a0099a', time: '2017-11-06T21:07:36.161Z'
System info: host: 'NEACSUNEW-PC', ip: '10.10.10.211', os.name: 'Windows 8.1', os.arch: 'amd64', os.version: '6.3', java.version: '1.8.0_102'
Driver info: com.kms.katalon.selenium.driver.CChromeDriver
Capabilities {acceptSslCerts: true, applicationCacheEnabled: false, browserConnectionEnabled: false, browserName: chrome, chrome: {chromedriverVersion: 2.33.506120 (e3e53437346286..., userDataDir: C:\Users\Cornel\AppData\Loc...}, cssSelectorsEnabled: true, databaseEnabled: false, handlesAlerts: true, hasTouchScreen: false, javascriptEnabled: true, locationContextEnabled: true, mobileEmulationEnabled: false, nativeEvents: true, networkConnectionEnabled: false, pageLoadStrategy: normal, platform: XP, platformName: XP, rotatable: false, setWindowRect: true, takesHeapSnapshot: true, takesScreenshot: true, unexpectedAlertBehaviour: , unhandledPromptBehavior: , version: 62.0.3202.94, webStorageEnabled: true}
Session ID: bf11aaf5a46da746935e59e8c29be760)

2017-12-04 13:18:39 - [TEST_STEP][PASSED] - Statement - paxInRoomXpath = "id("passengersContainer_" + i - 1 + "")/div[@class="col-md-12"]/div[@class="row"]": null

2017-12-04 13:18:39 - [TEST_STEP][PASSED] - Statement - println("paxInRoomXpath=" + paxInRoomXpath): null

2017-12-04 13:18:39 - [TEST_STEP][PASSED] - Statement - paxInRoomCount = driver.findElements(org.openqa.selenium.By.xpath(paxInRoomXpath)).size(): null

2017-12-04 13:18:39 - [TEST_STEP][PASSED] - Statement - println("paxInRoomCount=" + paxInRoomCount): null

2017-12-04 13:18:39 - [TEST_STEP][PASSED] - Statement - For ([j = 1, j <= paxInRoomCount, (j++)]): Object: 'Object Repository/PrimoTours/LandingPage/secondPaxFirstNameField' is clicked on

2017-12-04 13:18:39 - [TEST_STEP][PASSED] - Statement - If (i == 1 & j == 1): null

2017-12-04 13:18:39 - [TEST_STEP][PASSED] - Statement - <not implemented yet for class: org.codehaus.groovy.ast.stmt.ContinueStatement>: null

2017-12-04 13:18:39 - [TEST_STEP][PASSED] - Statement - If (i == 1 & j == 1): null

2017-12-04 13:18:39 - [TEST_STEP][PASSED] - Statement - randomPaxIndex = java.lang.Math.abs(new java.util.Random().nextInt() % excelRowNo) + 1: null

2017-12-04 13:18:39 - [TEST_STEP][PASSED] - Statement - fname = rawData.getValue("FirstName", randomPaxIndex) + " AUT": null

2017-12-04 13:18:39 - [TEST_STEP][PASSED] - Statement - lname = rawData.getValue("LastName", randomPaxIndex): null

2017-12-04 13:18:39 - [TEST_STEP][PASSED] - Statement - pgender = rawData.getValue("Gender", randomPaxIndex): null

2017-12-04 13:18:39 - [TEST_STEP][PASSED] - Statement - pday = rawData.getValue("Day DOB", randomPaxIndex): null

2017-12-04 13:18:39 - [TEST_STEP][PASSED] - Statement - pmonth = rawData.getValue("Month DOB", randomPaxIndex): null

2017-12-04 13:18:39 - [TEST_STEP][PASSED] - Statement - pyear = rawData.getValue("Year DOB", randomPaxIndex): null

2017-12-04 13:18:39 - [TEST_STEP][PASSED] - Statement - paxDetailFields = paxInRoomXpath + "[" + j + "]/div[@class="col-md-x col-md-9"]/div[@class="row paxContainer"][1]/div[contains(@class,"paxAttribute")]": null

2017-12-04 13:18:39 - [TEST_STEP][PASSED] - Statement - xpathval = paxDetailFields + "[1]/div[contains(@class,"form-group")]/input[contains(@class,"paxFirstName")]": null

2017-12-04 13:18:39 - [TEST_STEP][PASSED] - Statement - println("fn: " + xpathval): null

2017-12-04 13:18:39 - [TEST_STEP][PASSED] - Statement - repObj = com.kms.katalon.core.testobject.ObjectRepository.findTestObject(Object Repository/PrimoTours/LandingPage/secondPaxFirstNameField): Finding Test Object with id 'Object Repository/PrimoTours/LandingPage/secondPaxFirstNameField'

2017-12-04 13:18:39 - [TEST_STEP][PASSED] - Statement - repObj.findProperty("xpath").setValue(xpathval): null

2017-12-04 13:18:39 - [TEST_STEP][PASSED] - setText: Text 'Andersen AUT' is set on object 'Object Repository/PrimoTours/LandingPage/secondPaxFirstNameField'

2017-12-04 13:18:39 - [MESSAGE][PASSED] - Text 'Andersen AUT' is set on object 'Object Repository/PrimoTours/LandingPage/secondPaxFirstNameField'

2017-12-04 13:18:39 - [TEST_STEP][PASSED] - Statement - xpathval = paxDetailFields + "[2]/div[contains(@class,"form-group")]/input[contains(@class,"paxLastName")]": null

2017-12-04 13:18:39 - [TEST_STEP][PASSED] - Statement - println("ln: " + xpathval): null

2017-12-04 13:18:39 - [TEST_STEP][PASSED] - Statement - repObj = com.kms.katalon.core.testobject.ObjectRepository.findTestObject(Object Repository/PrimoTours/LandingPage/secondPaxFirstNameField): Finding Test Object with id 'Object Repository/PrimoTours/LandingPage/secondPaxFirstNameField'

2017-12-04 13:18:39 - [TEST_STEP][PASSED] - Statement - repObj.findProperty("xpath").setValue(xpathval): null

2017-12-04 13:18:39 - [TEST_STEP][PASSED] - setText: Text 'Nicoline Nyvang' is set on object 'Object Repository/PrimoTours/LandingPage/secondPaxFirstNameField'

2017-12-04 13:18:40 - [MESSAGE][PASSED] - Text 'Nicoline Nyvang' is set on object 'Object Repository/PrimoTours/LandingPage/secondPaxFirstNameField'

2017-12-04 13:18:40 - [TEST_STEP][PASSED] - Statement - repObj = com.kms.katalon.core.testobject.ObjectRepository.findTestObject(Object Repository/PrimoTours/LandingPage/secondPaxFirstNameField): Finding Test Object with id 'Object Repository/PrimoTours/LandingPage/secondPaxFirstNameField'

2017-12-04 13:18:40 - [TEST_STEP][PASSED] - Statement - xpathval = paxDetailFields + "[3]/div[contains(@class,"paxGenderSelectorContainer")]/span[contains(@class,"select2 select2-container")]/span[contains(@class,"selection")]/span[contains(@class,"select2-selection")]": null

2017-12-04 13:18:40 - [TEST_STEP][PASSED] - Statement - println("gender: " + xpathval): null

2017-12-04 13:18:40 - [TEST_STEP][PASSED] - Statement - repObj.findProperty("xpath").setValue(xpathval): null

2017-12-04 13:18:40 - [TEST_STEP][PASSED] - click: Object: 'Object Repository/PrimoTours/LandingPage/secondPaxFirstNameField' is clicked on

2017-12-04 13:18:40 - [MESSAGE][PASSED] - Object: 'Object Repository/PrimoTours/LandingPage/secondPaxFirstNameField' is clicked on

2017-12-04 13:18:40 - [TEST_STEP][PASSED] - Statement - If (i == 1 & j == 1): null

2017-12-04 13:18:40 - [TEST_STEP][PASSED] - Statement - randomPaxIndex = java.lang.Math.abs(new java.util.Random().nextInt() % excelRowNo) + 1: null

2017-12-04 13:18:40 - [TEST_STEP][PASSED] - Statement - fname = rawData.getValue("FirstName", randomPaxIndex) + " AUT": null

2017-12-04 13:18:40 - [TEST_STEP][PASSED] - Statement - lname = rawData.getValue("LastName", randomPaxIndex): null

2017-12-04 13:18:40 - [TEST_STEP][PASSED] - Statement - pgender = rawData.getValue("Gender", randomPaxIndex): null

2017-12-04 13:18:40 - [TEST_STEP][PASSED] - Statement - pday = rawData.getValue("Day DOB", randomPaxIndex): null

2017-12-04 13:18:40 - [TEST_STEP][PASSED] - Statement - pmonth = rawData.getValue("Month DOB", randomPaxIndex): null

2017-12-04 13:18:40 - [TEST_STEP][PASSED] - Statement - pyear = rawData.getValue("Year DOB", randomPaxIndex): null

2017-12-04 13:18:40 - [TEST_STEP][PASSED] - Statement - paxDetailFields = paxInRoomXpath + "[" + j + "]/div[@class="col-md-x col-md-9"]/div[@class="row paxContainer"][1]/div[contains(@class,"paxAttribute")]": null

2017-12-04 13:18:40 - [TEST_STEP][PASSED] - Statement - xpathval = paxDetailFields + "[1]/div[contains(@class,"form-group")]/input[contains(@class,"paxFirstName")]": null

2017-12-04 13:18:40 - [TEST_STEP][PASSED] - Statement - println("fn: " + xpathval): null

2017-12-04 13:18:40 - [TEST_STEP][PASSED] - Statement - repObj = com.kms.katalon.core.testobject.ObjectRepository.findTestObject(Object Repository/PrimoTours/LandingPage/secondPaxFirstNameField): Finding Test Object with id 'Object Repository/PrimoTours/LandingPage/secondPaxFirstNameField'

2017-12-04 13:18:40 - [TEST_STEP][PASSED] - Statement - repObj.findProperty("xpath").setValue(xpathval): null

2017-12-04 13:18:40 - [TEST_STEP][PASSED] - setText: Text 'Nørgaard AUT' is set on object 'Object Repository/PrimoTours/LandingPage/secondPaxFirstNameField'

2017-12-04 13:18:40 - [MESSAGE][PASSED] - Text 'Nørgaard AUT' is set on object 'Object Repository/PrimoTours/LandingPage/secondPaxFirstNameField'

2017-12-04 13:18:40 - [TEST_STEP][PASSED] - Statement - xpathval = paxDetailFields + "[2]/div[contains(@class,"form-group")]/input[contains(@class,"paxLastName")]": null

2017-12-04 13:18:40 - [TEST_STEP][PASSED] - Statement - println("ln: " + xpathval): null

2017-12-04 13:18:40 - [TEST_STEP][PASSED] - Statement - repObj = com.kms.katalon.core.testobject.ObjectRepository.findTestObject(Object Repository/PrimoTours/LandingPage/secondPaxFirstNameField): Finding Test Object with id 'Object Repository/PrimoTours/LandingPage/secondPaxFirstNameField'

2017-12-04 13:18:40 - [TEST_STEP][PASSED] - Statement - repObj.findProperty("xpath").setValue(xpathval): null

2017-12-04 13:18:40 - [TEST_STEP][PASSED] - setText: Text 'Helle' is set on object 'Object Repository/PrimoTours/LandingPage/secondPaxFirstNameField'

2017-12-04 13:18:40 - [MESSAGE][PASSED] - Text 'Helle' is set on object 'Object Repository/PrimoTours/LandingPage/secondPaxFirstNameField'

2017-12-04 13:18:40 - [TEST_STEP][PASSED] - Statement - repObj = com.kms.katalon.core.testobject.ObjectRepository.findTestObject(Object Repository/PrimoTours/LandingPage/secondPaxFirstNameField): Finding Test Object with id 'Object Repository/PrimoTours/LandingPage/secondPaxFirstNameField'

2017-12-04 13:18:40 - [TEST_STEP][PASSED] - Statement - xpathval = paxDetailFields + "[3]/div[contains(@class,"paxGenderSelectorContainer")]/span[contains(@class,"select2 select2-container")]/span[contains(@class,"selection")]/span[contains(@class,"select2-selection")]": null

2017-12-04 13:18:40 - [TEST_STEP][PASSED] - Statement - println("gender: " + xpathval): null

2017-12-04 13:18:40 - [TEST_STEP][PASSED] - Statement - repObj.findProperty("xpath").setValue(xpathval): null

2017-12-04 13:18:40 - [TEST_STEP][PASSED] - click: Unable to click on object 'Object Repository/PrimoTours/LandingPage/secondPaxFirstNameField' (Root cause: org.openqa.selenium.WebDriverException: unknown error: Element <span class="select2-selection select2-selection--single" role="combobox" aria-haspopup="true" aria-expanded="false" tabindex="0" aria-labelledby="select2-gender-0_2-d5-container">...</span> is not clickable at point (1168, 788). Other element would receive the click: <li class="select2-results__option" id="select2-gender-0_1-tz-result-jqkc-MS" role="treeitem" aria-selected="false">...</li>
  (Session info: chrome=62.0.3202.94)
  (Driver info: chromedriver=2.33.506120 (e3e53437346286c0bc2d2dc9aa4915ba81d9023f),platform=Windows NT 6.3.9600 x86_64) (WARNING: The server did not provide any stacktrace information)
Command duration or timeout: 0 milliseconds
Build info: version: '3.7.1', revision: '8a0099a', time: '2017-11-06T21:07:36.161Z'
System info: host: 'NEACSUNEW-PC', ip: '10.10.10.211', os.name: 'Windows 8.1', os.arch: 'amd64', os.version: '6.3', java.version: '1.8.0_102'
Driver info: com.kms.katalon.selenium.driver.CChromeDriver
Capabilities {acceptSslCerts: true, applicationCacheEnabled: false, browserConnectionEnabled: false, browserName: chrome, chrome: {chromedriverVersion: 2.33.506120 (e3e53437346286..., userDataDir: C:\Users\Cornel\AppData\Loc...}, cssSelectorsEnabled: true, databaseEnabled: false, handlesAlerts: true, hasTouchScreen: false, javascriptEnabled: true, locationContextEnabled: true, mobileEmulationEnabled: false, nativeEvents: true, networkConnectionEnabled: false, pageLoadStrategy: normal, platform: XP, platformName: XP, rotatable: false, setWindowRect: true, takesHeapSnapshot: true, takesScreenshot: true, unexpectedAlertBehaviour: , unhandledPromptBehavior: , version: 62.0.3202.94, webStorageEnabled: true}
Session ID: bf11aaf5a46da746935e59e8c29be760)

2017-12-04 13:18:41 - [MESSAGE][WARNING] - Unable to click on object 'Object Repository/PrimoTours/LandingPage/secondPaxFirstNameField' (Root cause: org.openqa.selenium.WebDriverException: unknown error: Element <span class="select2-selection select2-selection--single" role="combobox" aria-haspopup="true" aria-expanded="false" tabindex="0" aria-labelledby="select2-gender-0_2-d5-container">...</span> is not clickable at point (1168, 788). Other element would receive the click: <li class="select2-results__option" id="select2-gender-0_1-tz-result-jqkc-MS" role="treeitem" aria-selected="false">...</li>
  (Session info: chrome=62.0.3202.94)
  (Driver info: chromedriver=2.33.506120 (e3e53437346286c0bc2d2dc9aa4915ba81d9023f),platform=Windows NT 6.3.9600 x86_64) (WARNING: The server did not provide any stacktrace information)
Command duration or timeout: 0 milliseconds
Build info: version: '3.7.1', revision: '8a0099a', time: '2017-11-06T21:07:36.161Z'
System info: host: 'NEACSUNEW-PC', ip: '10.10.10.211', os.name: 'Windows 8.1', os.arch: 'amd64', os.version: '6.3', java.version: '1.8.0_102'
Driver info: com.kms.katalon.selenium.driver.CChromeDriver
Capabilities {acceptSslCerts: true, applicationCacheEnabled: false, browserConnectionEnabled: false, browserName: chrome, chrome: {chromedriverVersion: 2.33.506120 (e3e53437346286..., userDataDir: C:\Users\Cornel\AppData\Loc...}, cssSelectorsEnabled: true, databaseEnabled: false, handlesAlerts: true, hasTouchScreen: false, javascriptEnabled: true, locationContextEnabled: true, mobileEmulationEnabled: false, nativeEvents: true, networkConnectionEnabled: false, pageLoadStrategy: normal, platform: XP, platformName: XP, rotatable: false, setWindowRect: true, takesHeapSnapshot: true, takesScreenshot: true, unexpectedAlertBehaviour: , unhandledPromptBehavior: , version: 62.0.3202.94, webStorageEnabled: true}
Session ID: bf11aaf5a46da746935e59e8c29be760)
[[ATTACHMENT|D:\\Software testing\\Tourpaq\\Automated Katalon tests\\Primo WB test\\Reports\\WB Primo From Excel URLs\\20171204_131551\\1512386320788.png]]

2017-12-04 13:18:41 - [TEST_STEP][PASSED] - Statement - If (i == 1 & j == 1): null

2017-12-04 13:18:41 - [TEST_STEP][PASSED] - Statement - randomPaxIndex = java.lang.Math.abs(new java.util.Random().nextInt() % excelRowNo) + 1: null

2017-12-04 13:18:41 - [TEST_STEP][PASSED] - Statement - fname = rawData.getValue("FirstName", randomPaxIndex) + " AUT": null

2017-12-04 13:18:41 - [TEST_STEP][PASSED] - Statement - lname = rawData.getValue("LastName", randomPaxIndex): null

2017-12-04 13:18:41 - [TEST_STEP][PASSED] - Statement - pgender = rawData.getValue("Gender", randomPaxIndex): null

2017-12-04 13:18:41 - [TEST_STEP][PASSED] - Statement - pday = rawData.getValue("Day DOB", randomPaxIndex): null

2017-12-04 13:18:41 - [TEST_STEP][PASSED] - Statement - pmonth = rawData.getValue("Month DOB", randomPaxIndex): null

2017-12-04 13:18:41 - [TEST_STEP][PASSED] - Statement - pyear = rawData.getValue("Year DOB", randomPaxIndex): null

2017-12-04 13:18:41 - [TEST_STEP][PASSED] - Statement - paxDetailFields = paxInRoomXpath + "[" + j + "]/div[@class="col-md-x col-md-9"]/div[@class="row paxContainer"][1]/div[contains(@class,"paxAttribute")]": null

2017-12-04 13:18:41 - [TEST_STEP][PASSED] - Statement - xpathval = paxDetailFields + "[1]/div[contains(@class,"form-group")]/input[contains(@class,"paxFirstName")]": null

2017-12-04 13:18:41 - [TEST_STEP][PASSED] - Statement - println("fn: " + xpathval): null

2017-12-04 13:18:41 - [TEST_STEP][PASSED] - Statement - repObj = com.kms.katalon.core.testobject.ObjectRepository.findTestObject(Object Repository/PrimoTours/LandingPage/secondPaxFirstNameField): Finding Test Object with id 'Object Repository/PrimoTours/LandingPage/secondPaxFirstNameField'

2017-12-04 13:18:41 - [TEST_STEP][PASSED] - Statement - repObj.findProperty("xpath").setValue(xpathval): null

2017-12-04 13:18:41 - [TEST_STEP][PASSED] - setText: Text 'Hansen AUT' is set on object 'Object Repository/PrimoTours/LandingPage/secondPaxFirstNameField'

2017-12-04 13:18:41 - [MESSAGE][PASSED] - Text 'Hansen AUT' is set on object 'Object Repository/PrimoTours/LandingPage/secondPaxFirstNameField'

2017-12-04 13:18:41 - [TEST_STEP][PASSED] - Statement - xpathval = paxDetailFields + "[2]/div[contains(@class,"form-group")]/input[contains(@class,"paxLastName")]": null

2017-12-04 13:18:41 - [TEST_STEP][PASSED] - Statement - println("ln: " + xpathval): null

2017-12-04 13:18:41 - [TEST_STEP][PASSED] - Statement - repObj = com.kms.katalon.core.testobject.ObjectRepository.findTestObject(Object Repository/PrimoTours/LandingPage/secondPaxFirstNameField): Finding Test Object with id 'Object Repository/PrimoTours/LandingPage/secondPaxFirstNameField'

2017-12-04 13:18:41 - [TEST_STEP][PASSED] - Statement - repObj.findProperty("xpath").setValue(xpathval): null

2017-12-04 13:18:41 - [TEST_STEP][PASSED] - setText: Text 'Jan Johnny' is set on object 'Object Repository/PrimoTours/LandingPage/secondPaxFirstNameField'

2017-12-04 13:18:41 - [MESSAGE][PASSED] - Text 'Jan Johnny' is set on object 'Object Repository/PrimoTours/LandingPage/secondPaxFirstNameField'

2017-12-04 13:18:41 - [TEST_STEP][PASSED] - Statement - repObj = com.kms.katalon.core.testobject.ObjectRepository.findTestObject(Object Repository/PrimoTours/LandingPage/secondPaxFirstNameField): Finding Test Object with id 'Object Repository/PrimoTours/LandingPage/secondPaxFirstNameField'

2017-12-04 13:18:41 - [TEST_STEP][PASSED] - Statement - xpathval = paxDetailFields + "[3]/div[contains(@class,"paxGenderSelectorContainer")]/span[contains(@class,"select2 select2-container")]/span[contains(@class,"selection")]/span[contains(@class,"select2-selection")]": null

2017-12-04 13:18:41 - [TEST_STEP][PASSED] - Statement - println("gender: " + xpathval): null

2017-12-04 13:18:41 - [TEST_STEP][PASSED] - Statement - repObj.findProperty("xpath").setValue(xpathval): null

2017-12-04 13:18:41 - [TEST_STEP][PASSED] - click: Object: 'Object Repository/PrimoTours/LandingPage/secondPaxFirstNameField' is clicked on

2017-12-04 13:18:41 - [MESSAGE][PASSED] - Object: 'Object Repository/PrimoTours/LandingPage/secondPaxFirstNameField' is clicked on

2017-12-04 13:18:41 - [TEST_STEP][PASSED] - Statement - paxInRoomXpath = "id("passengersContainer_" + i - 1 + "")/div[@class="col-md-12"]/div[@class="row"]": null

2017-12-04 13:18:41 - [TEST_STEP][PASSED] - Statement - println("paxInRoomXpath=" + paxInRoomXpath): null

2017-12-04 13:18:41 - [TEST_STEP][PASSED] - Statement - paxInRoomCount = driver.findElements(org.openqa.selenium.By.xpath(paxInRoomXpath)).size(): null

2017-12-04 13:18:41 - [TEST_STEP][PASSED] - Statement - println("paxInRoomCount=" + paxInRoomCount): null

2017-12-04 13:18:41 - [TEST_STEP][PASSED] - Statement - For ([j = 1, j <= paxInRoomCount, (j++)]): Object: 'Object Repository/PrimoTours/LandingPage/secondPaxFirstNameField' is clicked on

2017-12-04 13:18:41 - [TEST_STEP][PASSED] - Statement - If (i == 1 & j == 1): null

2017-12-04 13:18:41 - [TEST_STEP][PASSED] - Statement - randomPaxIndex = java.lang.Math.abs(new java.util.Random().nextInt() % excelRowNo) + 1: null

2017-12-04 13:18:41 - [TEST_STEP][PASSED] - Statement - fname = rawData.getValue("FirstName", randomPaxIndex) + " AUT": null

2017-12-04 13:18:41 - [TEST_STEP][PASSED] - Statement - lname = rawData.getValue("LastName", randomPaxIndex): null

2017-12-04 13:18:41 - [TEST_STEP][PASSED] - Statement - pgender = rawData.getValue("Gender", randomPaxIndex): null

2017-12-04 13:18:41 - [TEST_STEP][PASSED] - Statement - pday = rawData.getValue("Day DOB", randomPaxIndex): null

2017-12-04 13:18:41 - [TEST_STEP][PASSED] - Statement - pmonth = rawData.getValue("Month DOB", randomPaxIndex): null

2017-12-04 13:18:41 - [TEST_STEP][PASSED] - Statement - pyear = rawData.getValue("Year DOB", randomPaxIndex): null

2017-12-04 13:18:41 - [TEST_STEP][PASSED] - Statement - paxDetailFields = paxInRoomXpath + "[" + j + "]/div[@class="col-md-x col-md-9"]/div[@class="row paxContainer"][1]/div[contains(@class,"paxAttribute")]": null

2017-12-04 13:18:41 - [TEST_STEP][PASSED] - Statement - xpathval = paxDetailFields + "[1]/div[contains(@class,"form-group")]/input[contains(@class,"paxFirstName")]": null

2017-12-04 13:18:41 - [TEST_STEP][PASSED] - Statement - println("fn: " + xpathval): null

2017-12-04 13:18:41 - [TEST_STEP][PASSED] - Statement - repObj = com.kms.katalon.core.testobject.ObjectRepository.findTestObject(Object Repository/PrimoTours/LandingPage/secondPaxFirstNameField): Finding Test Object with id 'Object Repository/PrimoTours/LandingPage/secondPaxFirstNameField'

2017-12-04 13:18:41 - [TEST_STEP][PASSED] - Statement - repObj.findProperty("xpath").setValue(xpathval): null

2017-12-04 13:18:41 - [TEST_STEP][PASSED] - setText: Text 'Pedersen AUT' is set on object 'Object Repository/PrimoTours/LandingPage/secondPaxFirstNameField'

2017-12-04 13:18:42 - [MESSAGE][PASSED] - Text 'Pedersen AUT' is set on object 'Object Repository/PrimoTours/LandingPage/secondPaxFirstNameField'

2017-12-04 13:18:42 - [TEST_STEP][PASSED] - Statement - xpathval = paxDetailFields + "[2]/div[contains(@class,"form-group")]/input[contains(@class,"paxLastName")]": null

2017-12-04 13:18:42 - [TEST_STEP][PASSED] - Statement - println("ln: " + xpathval): null

2017-12-04 13:18:42 - [TEST_STEP][PASSED] - Statement - repObj = com.kms.katalon.core.testobject.ObjectRepository.findTestObject(Object Repository/PrimoTours/LandingPage/secondPaxFirstNameField): Finding Test Object with id 'Object Repository/PrimoTours/LandingPage/secondPaxFirstNameField'

2017-12-04 13:18:42 - [TEST_STEP][PASSED] - Statement - repObj.findProperty("xpath").setValue(xpathval): null

2017-12-04 13:18:42 - [TEST_STEP][PASSED] - setText: Text 'Eddie Bjerg' is set on object 'Object Repository/PrimoTours/LandingPage/secondPaxFirstNameField'

2017-12-04 13:18:42 - [MESSAGE][PASSED] - Text 'Eddie Bjerg' is set on object 'Object Repository/PrimoTours/LandingPage/secondPaxFirstNameField'

2017-12-04 13:18:42 - [TEST_STEP][PASSED] - Statement - repObj = com.kms.katalon.core.testobject.ObjectRepository.findTestObject(Object Repository/PrimoTours/LandingPage/secondPaxFirstNameField): Finding Test Object with id 'Object Repository/PrimoTours/LandingPage/secondPaxFirstNameField'

2017-12-04 13:18:42 - [TEST_STEP][PASSED] - Statement - xpathval = paxDetailFields + "[3]/div[contains(@class,"paxGenderSelectorContainer")]/span[contains(@class,"select2 select2-container")]/span[contains(@class,"selection")]/span[contains(@class,"select2-selection")]": null

2017-12-04 13:18:42 - [TEST_STEP][PASSED] - Statement - println("gender: " + xpathval): null

2017-12-04 13:18:42 - [TEST_STEP][PASSED] - Statement - repObj.findProperty("xpath").setValue(xpathval): null

2017-12-04 13:18:42 - [TEST_STEP][PASSED] - click: Object: 'Object Repository/PrimoTours/LandingPage/secondPaxFirstNameField' is clicked on

2017-12-04 13:18:42 - [MESSAGE][PASSED] - Object: 'Object Repository/PrimoTours/LandingPage/secondPaxFirstNameField' is clicked on

2017-12-04 13:18:42 - [TEST_STEP][PASSED] - Statement - If (i == 1 & j == 1): null

2017-12-04 13:18:42 - [TEST_STEP][PASSED] - Statement - randomPaxIndex = java.lang.Math.abs(new java.util.Random().nextInt() % excelRowNo) + 1: null

2017-12-04 13:18:42 - [TEST_STEP][PASSED] - Statement - fname = rawData.getValue("FirstName", randomPaxIndex) + " AUT": null

2017-12-04 13:18:42 - [TEST_STEP][PASSED] - Statement - lname = rawData.getValue("LastName", randomPaxIndex): null

2017-12-04 13:18:42 - [TEST_STEP][PASSED] - Statement - pgender = rawData.getValue("Gender", randomPaxIndex): null

2017-12-04 13:18:42 - [TEST_STEP][PASSED] - Statement - pday = rawData.getValue("Day DOB", randomPaxIndex): null

2017-12-04 13:18:42 - [TEST_STEP][PASSED] - Statement - pmonth = rawData.getValue("Month DOB", randomPaxIndex): null

2017-12-04 13:18:42 - [TEST_STEP][PASSED] - Statement - pyear = rawData.getValue("Year DOB", randomPaxIndex): null

2017-12-04 13:18:42 - [TEST_STEP][PASSED] - Statement - paxDetailFields = paxInRoomXpath + "[" + j + "]/div[@class="col-md-x col-md-9"]/div[@class="row paxContainer"][1]/div[contains(@class,"paxAttribute")]": null

2017-12-04 13:18:42 - [TEST_STEP][PASSED] - Statement - xpathval = paxDetailFields + "[1]/div[contains(@class,"form-group")]/input[contains(@class,"paxFirstName")]": null

2017-12-04 13:18:42 - [TEST_STEP][PASSED] - Statement - println("fn: " + xpathval): null

2017-12-04 13:18:42 - [TEST_STEP][PASSED] - Statement - repObj = com.kms.katalon.core.testobject.ObjectRepository.findTestObject(Object Repository/PrimoTours/LandingPage/secondPaxFirstNameField): Finding Test Object with id 'Object Repository/PrimoTours/LandingPage/secondPaxFirstNameField'

2017-12-04 13:18:42 - [TEST_STEP][PASSED] - Statement - repObj.findProperty("xpath").setValue(xpathval): null

2017-12-04 13:18:42 - [TEST_STEP][PASSED] - setText: Text 'Wessman AUT' is set on object 'Object Repository/PrimoTours/LandingPage/secondPaxFirstNameField'

2017-12-04 13:18:42 - [MESSAGE][PASSED] - Text 'Wessman AUT' is set on object 'Object Repository/PrimoTours/LandingPage/secondPaxFirstNameField'

2017-12-04 13:18:42 - [TEST_STEP][PASSED] - Statement - xpathval = paxDetailFields + "[2]/div[contains(@class,"form-group")]/input[contains(@class,"paxLastName")]": null

2017-12-04 13:18:42 - [TEST_STEP][PASSED] - Statement - println("ln: " + xpathval): null

2017-12-04 13:18:42 - [TEST_STEP][PASSED] - Statement - repObj = com.kms.katalon.core.testobject.ObjectRepository.findTestObject(Object Repository/PrimoTours/LandingPage/secondPaxFirstNameField): Finding Test Object with id 'Object Repository/PrimoTours/LandingPage/secondPaxFirstNameField'

2017-12-04 13:18:42 - [TEST_STEP][PASSED] - Statement - repObj.findProperty("xpath").setValue(xpathval): null

2017-12-04 13:18:42 - [TEST_STEP][PASSED] - setText: Text 'Gunnar' is set on object 'Object Repository/PrimoTours/LandingPage/secondPaxFirstNameField'

2017-12-04 13:18:43 - [MESSAGE][PASSED] - Text 'Gunnar' is set on object 'Object Repository/PrimoTours/LandingPage/secondPaxFirstNameField'

2017-12-04 13:18:43 - [TEST_STEP][PASSED] - Statement - repObj = com.kms.katalon.core.testobject.ObjectRepository.findTestObject(Object Repository/PrimoTours/LandingPage/secondPaxFirstNameField): Finding Test Object with id 'Object Repository/PrimoTours/LandingPage/secondPaxFirstNameField'

2017-12-04 13:18:43 - [TEST_STEP][PASSED] - Statement - xpathval = paxDetailFields + "[3]/div[contains(@class,"paxGenderSelectorContainer")]/span[contains(@class,"select2 select2-container")]/span[contains(@class,"selection")]/span[contains(@class,"select2-selection")]": null

2017-12-04 13:18:43 - [TEST_STEP][PASSED] - Statement - println("gender: " + xpathval): null

2017-12-04 13:18:43 - [TEST_STEP][PASSED] - Statement - repObj.findProperty("xpath").setValue(xpathval): null

2017-12-04 13:18:43 - [TEST_STEP][PASSED] - click: Object: 'Object Repository/PrimoTours/LandingPage/secondPaxFirstNameField' is clicked on

2017-12-04 13:18:43 - [MESSAGE][PASSED] - Object: 'Object Repository/PrimoTours/LandingPage/secondPaxFirstNameField' is clicked on

2017-12-04 13:18:43 - [TEST_STEP][PASSED] - Statement - paxInRoomXpath = "id("passengersContainer_" + i - 1 + "")/div[@class="col-md-12"]/div[@class="row"]": null

2017-12-04 13:18:43 - [TEST_STEP][PASSED] - Statement - println("paxInRoomXpath=" + paxInRoomXpath): null

2017-12-04 13:18:43 - [TEST_STEP][PASSED] - Statement - paxInRoomCount = driver.findElements(org.openqa.selenium.By.xpath(paxInRoomXpath)).size(): null

2017-12-04 13:18:43 - [TEST_STEP][PASSED] - Statement - println("paxInRoomCount=" + paxInRoomCount): null

2017-12-04 13:18:43 - [TEST_STEP][PASSED] - Statement - For ([j = 1, j <= paxInRoomCount, (j++)]): Unable to click on object 'Object Repository/PrimoTours/LandingPage/secondPaxFirstNameField' (Root cause: org.openqa.selenium.WebDriverException: unknown error: Element <span class="select2-selection select2-selection--single" role="combobox" aria-haspopup="true" aria-expanded="false" tabindex="0" aria-labelledby="select2-gender-2_3-l9-container">...</span> is not clickable at point (1168, 732). Other element would receive the click: <li class="select2-results__option" id="select2-gender-2_2-7m-result-2vbc-MS" role="treeitem" aria-selected="false">...</li>
  (Session info: chrome=62.0.3202.94)
  (Driver info: chromedriver=2.33.506120 (e3e53437346286c0bc2d2dc9aa4915ba81d9023f),platform=Windows NT 6.3.9600 x86_64) (WARNING: The server did not provide any stacktrace information)
Command duration or timeout: 0 milliseconds
Build info: version: '3.7.1', revision: '8a0099a', time: '2017-11-06T21:07:36.161Z'
System info: host: 'NEACSUNEW-PC', ip: '10.10.10.211', os.name: 'Windows 8.1', os.arch: 'amd64', os.version: '6.3', java.version: '1.8.0_102'
Driver info: com.kms.katalon.selenium.driver.CChromeDriver
Capabilities {acceptSslCerts: true, applicationCacheEnabled: false, browserConnectionEnabled: false, browserName: chrome, chrome: {chromedriverVersion: 2.33.506120 (e3e53437346286..., userDataDir: C:\Users\Cornel\AppData\Loc...}, cssSelectorsEnabled: true, databaseEnabled: false, handlesAlerts: true, hasTouchScreen: false, javascriptEnabled: true, locationContextEnabled: true, mobileEmulationEnabled: false, nativeEvents: true, networkConnectionEnabled: false, pageLoadStrategy: normal, platform: XP, platformName: XP, rotatable: false, setWindowRect: true, takesHeapSnapshot: true, takesScreenshot: true, unexpectedAlertBehaviour: , unhandledPromptBehavior: , version: 62.0.3202.94, webStorageEnabled: true}
Session ID: bf11aaf5a46da746935e59e8c29be760)

2017-12-04 13:18:43 - [TEST_STEP][PASSED] - Statement - If (i == 1 & j == 1): null

2017-12-04 13:18:43 - [TEST_STEP][PASSED] - Statement - randomPaxIndex = java.lang.Math.abs(new java.util.Random().nextInt() % excelRowNo) + 1: null

2017-12-04 13:18:43 - [TEST_STEP][PASSED] - Statement - fname = rawData.getValue("FirstName", randomPaxIndex) + " AUT": null

2017-12-04 13:18:43 - [TEST_STEP][PASSED] - Statement - lname = rawData.getValue("LastName", randomPaxIndex): null

2017-12-04 13:18:43 - [TEST_STEP][PASSED] - Statement - pgender = rawData.getValue("Gender", randomPaxIndex): null

2017-12-04 13:18:43 - [TEST_STEP][PASSED] - Statement - pday = rawData.getValue("Day DOB", randomPaxIndex): null

2017-12-04 13:18:43 - [TEST_STEP][PASSED] - Statement - pmonth = rawData.getValue("Month DOB", randomPaxIndex): null

2017-12-04 13:18:43 - [TEST_STEP][PASSED] - Statement - pyear = rawData.getValue("Year DOB", randomPaxIndex): null

2017-12-04 13:18:43 - [TEST_STEP][PASSED] - Statement - paxDetailFields = paxInRoomXpath + "[" + j + "]/div[@class="col-md-x col-md-9"]/div[@class="row paxContainer"][1]/div[contains(@class,"paxAttribute")]": null

2017-12-04 13:18:43 - [TEST_STEP][PASSED] - Statement - xpathval = paxDetailFields + "[1]/div[contains(@class,"form-group")]/input[contains(@class,"paxFirstName")]": null

2017-12-04 13:18:43 - [TEST_STEP][PASSED] - Statement - println("fn: " + xpathval): null

2017-12-04 13:18:43 - [TEST_STEP][PASSED] - Statement - repObj = com.kms.katalon.core.testobject.ObjectRepository.findTestObject(Object Repository/PrimoTours/LandingPage/secondPaxFirstNameField): Finding Test Object with id 'Object Repository/PrimoTours/LandingPage/secondPaxFirstNameField'

2017-12-04 13:18:43 - [TEST_STEP][PASSED] - Statement - repObj.findProperty("xpath").setValue(xpathval): null

2017-12-04 13:18:43 - [TEST_STEP][PASSED] - setText: Text 'Christensen AUT' is set on object 'Object Repository/PrimoTours/LandingPage/secondPaxFirstNameField'

2017-12-04 13:18:43 - [MESSAGE][PASSED] - Text 'Christensen AUT' is set on object 'Object Repository/PrimoTours/LandingPage/secondPaxFirstNameField'

2017-12-04 13:18:43 - [TEST_STEP][PASSED] - Statement - xpathval = paxDetailFields + "[2]/div[contains(@class,"form-group")]/input[contains(@class,"paxLastName")]": null

2017-12-04 13:18:43 - [TEST_STEP][PASSED] - Statement - println("ln: " + xpathval): null

2017-12-04 13:18:43 - [TEST_STEP][PASSED] - Statement - repObj = com.kms.katalon.core.testobject.ObjectRepository.findTestObject(Object Repository/PrimoTours/LandingPage/secondPaxFirstNameField): Finding Test Object with id 'Object Repository/PrimoTours/LandingPage/secondPaxFirstNameField'

2017-12-04 13:18:43 - [TEST_STEP][PASSED] - Statement - repObj.findProperty("xpath").setValue(xpathval): null

2017-12-04 13:18:43 - [TEST_STEP][PASSED] - setText: Text 'Jesper' is set on object 'Object Repository/PrimoTours/LandingPage/secondPaxFirstNameField'

2017-12-04 13:18:43 - [MESSAGE][PASSED] - Text 'Jesper' is set on object 'Object Repository/PrimoTours/LandingPage/secondPaxFirstNameField'

2017-12-04 13:18:43 - [TEST_STEP][PASSED] - Statement - repObj = com.kms.katalon.core.testobject.ObjectRepository.findTestObject(Object Repository/PrimoTours/LandingPage/secondPaxFirstNameField): Finding Test Object with id 'Object Repository/PrimoTours/LandingPage/secondPaxFirstNameField'

2017-12-04 13:18:43 - [TEST_STEP][PASSED] - Statement - xpathval = paxDetailFields + "[3]/div[contains(@class,"paxGenderSelectorContainer")]/span[contains(@class,"select2 select2-container")]/span[contains(@class,"selection")]/span[contains(@class,"select2-selection")]": null

2017-12-04 13:18:43 - [TEST_STEP][PASSED] - Statement - println("gender: " + xpathval): null

2017-12-04 13:18:43 - [TEST_STEP][PASSED] - Statement - repObj.findProperty("xpath").setValue(xpathval): null

2017-12-04 13:18:43 - [TEST_STEP][PASSED] - click: Object: 'Object Repository/PrimoTours/LandingPage/secondPaxFirstNameField' is clicked on

2017-12-04 13:18:43 - [MESSAGE][PASSED] - Object: 'Object Repository/PrimoTours/LandingPage/secondPaxFirstNameField' is clicked on

2017-12-04 13:18:43 - [TEST_STEP][PASSED] - Statement - If (i == 1 & j == 1): null

2017-12-04 13:18:43 - [TEST_STEP][PASSED] - Statement - randomPaxIndex = java.lang.Math.abs(new java.util.Random().nextInt() % excelRowNo) + 1: null

2017-12-04 13:18:43 - [TEST_STEP][PASSED] - Statement - fname = rawData.getValue("FirstName", randomPaxIndex) + " AUT": null

2017-12-04 13:18:43 - [TEST_STEP][PASSED] - Statement - lname = rawData.getValue("LastName", randomPaxIndex): null

2017-12-04 13:18:43 - [TEST_STEP][PASSED] - Statement - pgender = rawData.getValue("Gender", randomPaxIndex): null

2017-12-04 13:18:43 - [TEST_STEP][PASSED] - Statement - pday = rawData.getValue("Day DOB", randomPaxIndex): null

2017-12-04 13:18:43 - [TEST_STEP][PASSED] - Statement - pmonth = rawData.getValue("Month DOB", randomPaxIndex): null

2017-12-04 13:18:43 - [TEST_STEP][PASSED] - Statement - pyear = rawData.getValue("Year DOB", randomPaxIndex): null

2017-12-04 13:18:43 - [TEST_STEP][PASSED] - Statement - paxDetailFields = paxInRoomXpath + "[" + j + "]/div[@class="col-md-x col-md-9"]/div[@class="row paxContainer"][1]/div[contains(@class,"paxAttribute")]": null

2017-12-04 13:18:43 - [TEST_STEP][PASSED] - Statement - xpathval = paxDetailFields + "[1]/div[contains(@class,"form-group")]/input[contains(@class,"paxFirstName")]": null

2017-12-04 13:18:43 - [TEST_STEP][PASSED] - Statement - println("fn: " + xpathval): null

2017-12-04 13:18:43 - [TEST_STEP][PASSED] - Statement - repObj = com.kms.katalon.core.testobject.ObjectRepository.findTestObject(Object Repository/PrimoTours/LandingPage/secondPaxFirstNameField): Finding Test Object with id 'Object Repository/PrimoTours/LandingPage/secondPaxFirstNameField'

2017-12-04 13:18:43 - [TEST_STEP][PASSED] - Statement - repObj.findProperty("xpath").setValue(xpathval): null

2017-12-04 13:18:43 - [TEST_STEP][PASSED] - setText: Text 'Fredsted AUT' is set on object 'Object Repository/PrimoTours/LandingPage/secondPaxFirstNameField'

2017-12-04 13:18:44 - [MESSAGE][PASSED] - Text 'Fredsted AUT' is set on object 'Object Repository/PrimoTours/LandingPage/secondPaxFirstNameField'

2017-12-04 13:18:44 - [TEST_STEP][PASSED] - Statement - xpathval = paxDetailFields + "[2]/div[contains(@class,"form-group")]/input[contains(@class,"paxLastName")]": null

2017-12-04 13:18:44 - [TEST_STEP][PASSED] - Statement - println("ln: " + xpathval): null

2017-12-04 13:18:44 - [TEST_STEP][PASSED] - Statement - repObj = com.kms.katalon.core.testobject.ObjectRepository.findTestObject(Object Repository/PrimoTours/LandingPage/secondPaxFirstNameField): Finding Test Object with id 'Object Repository/PrimoTours/LandingPage/secondPaxFirstNameField'

2017-12-04 13:18:44 - [TEST_STEP][PASSED] - Statement - repObj.findProperty("xpath").setValue(xpathval): null

2017-12-04 13:18:44 - [TEST_STEP][PASSED] - setText: Text 'Karen' is set on object 'Object Repository/PrimoTours/LandingPage/secondPaxFirstNameField'

2017-12-04 13:18:44 - [MESSAGE][PASSED] - Text 'Karen' is set on object 'Object Repository/PrimoTours/LandingPage/secondPaxFirstNameField'

2017-12-04 13:18:44 - [TEST_STEP][PASSED] - Statement - repObj = com.kms.katalon.core.testobject.ObjectRepository.findTestObject(Object Repository/PrimoTours/LandingPage/secondPaxFirstNameField): Finding Test Object with id 'Object Repository/PrimoTours/LandingPage/secondPaxFirstNameField'

2017-12-04 13:18:44 - [TEST_STEP][PASSED] - Statement - xpathval = paxDetailFields + "[3]/div[contains(@class,"paxGenderSelectorContainer")]/span[contains(@class,"select2 select2-container")]/span[contains(@class,"selection")]/span[contains(@class,"select2-selection")]": null

2017-12-04 13:18:44 - [TEST_STEP][PASSED] - Statement - println("gender: " + xpathval): null

2017-12-04 13:18:44 - [TEST_STEP][PASSED] - Statement - repObj.findProperty("xpath").setValue(xpathval): null

2017-12-04 13:18:44 - [TEST_STEP][PASSED] - click: Unable to click on object 'Object Repository/PrimoTours/LandingPage/secondPaxFirstNameField' (Root cause: org.openqa.selenium.WebDriverException: unknown error: Element <span class="select2-selection select2-selection--single" role="combobox" aria-haspopup="true" aria-expanded="false" tabindex="0" aria-labelledby="select2-gender-2_1-l9-container">...</span> is not clickable at point (1168, 622). Other element would receive the click: <li class="select2-results__option" id="select2-gender-2_0-ls-result-7jlb-MS" role="treeitem" aria-selected="false">...</li>
  (Session info: chrome=62.0.3202.94)
  (Driver info: chromedriver=2.33.506120 (e3e53437346286c0bc2d2dc9aa4915ba81d9023f),platform=Windows NT 6.3.9600 x86_64) (WARNING: The server did not provide any stacktrace information)
Command duration or timeout: 0 milliseconds
Build info: version: '3.7.1', revision: '8a0099a', time: '2017-11-06T21:07:36.161Z'
System info: host: 'NEACSUNEW-PC', ip: '10.10.10.211', os.name: 'Windows 8.1', os.arch: 'amd64', os.version: '6.3', java.version: '1.8.0_102'
Driver info: com.kms.katalon.selenium.driver.CChromeDriver
Capabilities {acceptSslCerts: true, applicationCacheEnabled: false, browserConnectionEnabled: false, browserName: chrome, chrome: {chromedriverVersion: 2.33.506120 (e3e53437346286..., userDataDir: C:\Users\Cornel\AppData\Loc...}, cssSelectorsEnabled: true, databaseEnabled: false, handlesAlerts: true, hasTouchScreen: false, javascriptEnabled: true, locationContextEnabled: true, mobileEmulationEnabled: false, nativeEvents: true, networkConnectionEnabled: false, pageLoadStrategy: normal, platform: XP, platformName: XP, rotatable: false, setWindowRect: true, takesHeapSnapshot: true, takesScreenshot: true, unexpectedAlertBehaviour: , unhandledPromptBehavior: , version: 62.0.3202.94, webStorageEnabled: true}
Session ID: bf11aaf5a46da746935e59e8c29be760)

2017-12-04 13:18:44 - [MESSAGE][WARNING] - Unable to click on object 'Object Repository/PrimoTours/LandingPage/secondPaxFirstNameField' (Root cause: org.openqa.selenium.WebDriverException: unknown error: Element <span class="select2-selection select2-selection--single" role="combobox" aria-haspopup="true" aria-expanded="false" tabindex="0" aria-labelledby="select2-gender-2_1-l9-container">...</span> is not clickable at point (1168, 622). Other element would receive the click: <li class="select2-results__option" id="select2-gender-2_0-ls-result-7jlb-MS" role="treeitem" aria-selected="false">...</li>
  (Session info: chrome=62.0.3202.94)
  (Driver info: chromedriver=2.33.506120 (e3e53437346286c0bc2d2dc9aa4915ba81d9023f),platform=Windows NT 6.3.9600 x86_64) (WARNING: The server did not provide any stacktrace information)
Command duration or timeout: 0 milliseconds
Build info: version: '3.7.1', revision: '8a0099a', time: '2017-11-06T21:07:36.161Z'
System info: host: 'NEACSUNEW-PC', ip: '10.10.10.211', os.name: 'Windows 8.1', os.arch: 'amd64', os.version: '6.3', java.version: '1.8.0_102'
Driver info: com.kms.katalon.selenium.driver.CChromeDriver
Capabilities {acceptSslCerts: true, applicationCacheEnabled: false, browserConnectionEnabled: false, browserName: chrome, chrome: {chromedriverVersion: 2.33.506120 (e3e53437346286..., userDataDir: C:\Users\Cornel\AppData\Loc...}, cssSelectorsEnabled: true, databaseEnabled: false, handlesAlerts: true, hasTouchScreen: false, javascriptEnabled: true, locationContextEnabled: true, mobileEmulationEnabled: false, nativeEvents: true, networkConnectionEnabled: false, pageLoadStrategy: normal, platform: XP, platformName: XP, rotatable: false, setWindowRect: true, takesHeapSnapshot: true, takesScreenshot: true, unexpectedAlertBehaviour: , unhandledPromptBehavior: , version: 62.0.3202.94, webStorageEnabled: true}
Session ID: bf11aaf5a46da746935e59e8c29be760)
[[ATTACHMENT|D:\\Software testing\\Tourpaq\\Automated Katalon tests\\Primo WB test\\Reports\\WB Primo From Excel URLs\\20171204_131551\\1512386324407.png]]

2017-12-04 13:18:44 - [TEST_STEP][PASSED] - Statement - If (i == 1 & j == 1): null

2017-12-04 13:18:44 - [TEST_STEP][PASSED] - Statement - randomPaxIndex = java.lang.Math.abs(new java.util.Random().nextInt() % excelRowNo) + 1: null

2017-12-04 13:18:44 - [TEST_STEP][PASSED] - Statement - fname = rawData.getValue("FirstName", randomPaxIndex) + " AUT": null

2017-12-04 13:18:44 - [TEST_STEP][PASSED] - Statement - lname = rawData.getValue("LastName", randomPaxIndex): null

2017-12-04 13:18:44 - [TEST_STEP][PASSED] - Statement - pgender = rawData.getValue("Gender", randomPaxIndex): null

2017-12-04 13:18:44 - [TEST_STEP][PASSED] - Statement - pday = rawData.getValue("Day DOB", randomPaxIndex): null

2017-12-04 13:18:44 - [TEST_STEP][PASSED] - Statement - pmonth = rawData.getValue("Month DOB", randomPaxIndex): null

2017-12-04 13:18:44 - [TEST_STEP][PASSED] - Statement - pyear = rawData.getValue("Year DOB", randomPaxIndex): null

2017-12-04 13:18:44 - [TEST_STEP][PASSED] - Statement - paxDetailFields = paxInRoomXpath + "[" + j + "]/div[@class="col-md-x col-md-9"]/div[@class="row paxContainer"][1]/div[contains(@class,"paxAttribute")]": null

2017-12-04 13:18:44 - [TEST_STEP][PASSED] - Statement - xpathval = paxDetailFields + "[1]/div[contains(@class,"form-group")]/input[contains(@class,"paxFirstName")]": null

2017-12-04 13:18:44 - [TEST_STEP][PASSED] - Statement - println("fn: " + xpathval): null

2017-12-04 13:18:44 - [TEST_STEP][PASSED] - Statement - repObj = com.kms.katalon.core.testobject.ObjectRepository.findTestObject(Object Repository/PrimoTours/LandingPage/secondPaxFirstNameField): Finding Test Object with id 'Object Repository/PrimoTours/LandingPage/secondPaxFirstNameField'

2017-12-04 13:18:44 - [TEST_STEP][PASSED] - Statement - repObj.findProperty("xpath").setValue(xpathval): null

2017-12-04 13:18:44 - [TEST_STEP][PASSED] - setText: Text 'Pedersen AUT' is set on object 'Object Repository/PrimoTours/LandingPage/secondPaxFirstNameField'

2017-12-04 13:18:45 - [MESSAGE][PASSED] - Text 'Pedersen AUT' is set on object 'Object Repository/PrimoTours/LandingPage/secondPaxFirstNameField'

2017-12-04 13:18:45 - [TEST_STEP][PASSED] - Statement - xpathval = paxDetailFields + "[2]/div[contains(@class,"form-group")]/input[contains(@class,"paxLastName")]": null

2017-12-04 13:18:45 - [TEST_STEP][PASSED] - Statement - println("ln: " + xpathval): null

2017-12-04 13:18:45 - [TEST_STEP][PASSED] - Statement - repObj = com.kms.katalon.core.testobject.ObjectRepository.findTestObject(Object Repository/PrimoTours/LandingPage/secondPaxFirstNameField): Finding Test Object with id 'Object Repository/PrimoTours/LandingPage/secondPaxFirstNameField'

2017-12-04 13:18:45 - [TEST_STEP][PASSED] - Statement - repObj.findProperty("xpath").setValue(xpathval): null

2017-12-04 13:18:45 - [TEST_STEP][PASSED] - setText: Text 'Kim Allan' is set on object 'Object Repository/PrimoTours/LandingPage/secondPaxFirstNameField'

2017-12-04 13:18:45 - [MESSAGE][PASSED] - Text 'Kim Allan' is set on object 'Object Repository/PrimoTours/LandingPage/secondPaxFirstNameField'

2017-12-04 13:18:45 - [TEST_STEP][PASSED] - Statement - repObj = com.kms.katalon.core.testobject.ObjectRepository.findTestObject(Object Repository/PrimoTours/LandingPage/secondPaxFirstNameField): Finding Test Object with id 'Object Repository/PrimoTours/LandingPage/secondPaxFirstNameField'

2017-12-04 13:18:45 - [TEST_STEP][PASSED] - Statement - xpathval = paxDetailFields + "[3]/div[contains(@class,"paxGenderSelectorContainer")]/span[contains(@class,"select2 select2-container")]/span[contains(@class,"selection")]/span[contains(@class,"select2-selection")]": null

2017-12-04 13:18:45 - [TEST_STEP][PASSED] - Statement - println("gender: " + xpathval): null

2017-12-04 13:18:45 - [TEST_STEP][PASSED] - Statement - repObj.findProperty("xpath").setValue(xpathval): null

2017-12-04 13:18:45 - [TEST_STEP][PASSED] - click: Object: 'Object Repository/PrimoTours/LandingPage/secondPaxFirstNameField' is clicked on

2017-12-04 13:18:45 - [MESSAGE][PASSED] - Object: 'Object Repository/PrimoTours/LandingPage/secondPaxFirstNameField' is clicked on

2017-12-04 13:18:45 - [TEST_STEP][PASSED] - Statement - If (i == 1 & j == 1): null

2017-12-04 13:18:45 - [TEST_STEP][PASSED] - Statement - randomPaxIndex = java.lang.Math.abs(new java.util.Random().nextInt() % excelRowNo) + 1: null

2017-12-04 13:18:45 - [TEST_STEP][PASSED] - Statement - fname = rawData.getValue("FirstName", randomPaxIndex) + " AUT": null

2017-12-04 13:18:45 - [TEST_STEP][PASSED] - Statement - lname = rawData.getValue("LastName", randomPaxIndex): null

2017-12-04 13:18:45 - [TEST_STEP][PASSED] - Statement - pgender = rawData.getValue("Gender", randomPaxIndex): null

2017-12-04 13:18:45 - [TEST_STEP][PASSED] - Statement - pday = rawData.getValue("Day DOB", randomPaxIndex): null

2017-12-04 13:18:45 - [TEST_STEP][PASSED] - Statement - pmonth = rawData.getValue("Month DOB", randomPaxIndex): null

2017-12-04 13:18:45 - [TEST_STEP][PASSED] - Statement - pyear = rawData.getValue("Year DOB", randomPaxIndex): null

2017-12-04 13:18:45 - [TEST_STEP][PASSED] - Statement - paxDetailFields = paxInRoomXpath + "[" + j + "]/div[@class="col-md-x col-md-9"]/div[@class="row paxContainer"][1]/div[contains(@class,"paxAttribute")]": null

2017-12-04 13:18:45 - [TEST_STEP][PASSED] - Statement - xpathval = paxDetailFields + "[1]/div[contains(@class,"form-group")]/input[contains(@class,"paxFirstName")]": null

2017-12-04 13:18:45 - [TEST_STEP][PASSED] - Statement - println("fn: " + xpathval): null

2017-12-04 13:18:45 - [TEST_STEP][PASSED] - Statement - repObj = com.kms.katalon.core.testobject.ObjectRepository.findTestObject(Object Repository/PrimoTours/LandingPage/secondPaxFirstNameField): Finding Test Object with id 'Object Repository/PrimoTours/LandingPage/secondPaxFirstNameField'

2017-12-04 13:18:45 - [TEST_STEP][PASSED] - Statement - repObj.findProperty("xpath").setValue(xpathval): null

2017-12-04 13:18:45 - [TEST_STEP][PASSED] - setText: Text 'Lindtofte AUT' is set on object 'Object Repository/PrimoTours/LandingPage/secondPaxFirstNameField'

2017-12-04 13:18:45 - [MESSAGE][PASSED] - Text 'Lindtofte AUT' is set on object 'Object Repository/PrimoTours/LandingPage/secondPaxFirstNameField'

2017-12-04 13:18:45 - [TEST_STEP][PASSED] - Statement - xpathval = paxDetailFields + "[2]/div[contains(@class,"form-group")]/input[contains(@class,"paxLastName")]": null

2017-12-04 13:18:45 - [TEST_STEP][PASSED] - Statement - println("ln: " + xpathval): null

2017-12-04 13:18:45 - [TEST_STEP][PASSED] - Statement - repObj = com.kms.katalon.core.testobject.ObjectRepository.findTestObject(Object Repository/PrimoTours/LandingPage/secondPaxFirstNameField): Finding Test Object with id 'Object Repository/PrimoTours/LandingPage/secondPaxFirstNameField'

2017-12-04 13:18:45 - [TEST_STEP][PASSED] - Statement - repObj.findProperty("xpath").setValue(xpathval): null

2017-12-04 13:18:45 - [TEST_STEP][PASSED] - setText: Text 'Frederik Kjær' is set on object 'Object Repository/PrimoTours/LandingPage/secondPaxFirstNameField'

2017-12-04 13:18:46 - [MESSAGE][PASSED] - Text 'Frederik Kjær' is set on object 'Object Repository/PrimoTours/LandingPage/secondPaxFirstNameField'

2017-12-04 13:18:46 - [TEST_STEP][PASSED] - Statement - repObj = com.kms.katalon.core.testobject.ObjectRepository.findTestObject(Object Repository/PrimoTours/LandingPage/secondPaxFirstNameField): Finding Test Object with id 'Object Repository/PrimoTours/LandingPage/secondPaxFirstNameField'

2017-12-04 13:18:46 - [TEST_STEP][PASSED] - Statement - xpathval = paxDetailFields + "[3]/div[contains(@class,"paxGenderSelectorContainer")]/span[contains(@class,"select2 select2-container")]/span[contains(@class,"selection")]/span[contains(@class,"select2-selection")]": null

2017-12-04 13:18:46 - [TEST_STEP][PASSED] - Statement - println("gender: " + xpathval): null

2017-12-04 13:18:46 - [TEST_STEP][PASSED] - Statement - repObj.findProperty("xpath").setValue(xpathval): null

2017-12-04 13:18:46 - [TEST_STEP][PASSED] - click: Unable to click on object 'Object Repository/PrimoTours/LandingPage/secondPaxFirstNameField' (Root cause: org.openqa.selenium.WebDriverException: unknown error: Element <span class="select2-selection select2-selection--single" role="combobox" aria-haspopup="true" aria-expanded="false" tabindex="0" aria-labelledby="select2-gender-2_3-l9-container">...</span> is not clickable at point (1168, 732). Other element would receive the click: <li class="select2-results__option" id="select2-gender-2_2-7m-result-2vbc-MS" role="treeitem" aria-selected="false">...</li>
  (Session info: chrome=62.0.3202.94)
  (Driver info: chromedriver=2.33.506120 (e3e53437346286c0bc2d2dc9aa4915ba81d9023f),platform=Windows NT 6.3.9600 x86_64) (WARNING: The server did not provide any stacktrace information)
Command duration or timeout: 0 milliseconds
Build info: version: '3.7.1', revision: '8a0099a', time: '2017-11-06T21:07:36.161Z'
System info: host: 'NEACSUNEW-PC', ip: '10.10.10.211', os.name: 'Windows 8.1', os.arch: 'amd64', os.version: '6.3', java.version: '1.8.0_102'
Driver info: com.kms.katalon.selenium.driver.CChromeDriver
Capabilities {acceptSslCerts: true, applicationCacheEnabled: false, browserConnectionEnabled: false, browserName: chrome, chrome: {chromedriverVersion: 2.33.506120 (e3e53437346286..., userDataDir: C:\Users\Cornel\AppData\Loc...}, cssSelectorsEnabled: true, databaseEnabled: false, handlesAlerts: true, hasTouchScreen: false, javascriptEnabled: true, locationContextEnabled: true, mobileEmulationEnabled: false, nativeEvents: true, networkConnectionEnabled: false, pageLoadStrategy: normal, platform: XP, platformName: XP, rotatable: false, setWindowRect: true, takesHeapSnapshot: true, takesScreenshot: true, unexpectedAlertBehaviour: , unhandledPromptBehavior: , version: 62.0.3202.94, webStorageEnabled: true}
Session ID: bf11aaf5a46da746935e59e8c29be760)

2017-12-04 13:18:46 - [MESSAGE][WARNING] - Unable to click on object 'Object Repository/PrimoTours/LandingPage/secondPaxFirstNameField' (Root cause: org.openqa.selenium.WebDriverException: unknown error: Element <span class="select2-selection select2-selection--single" role="combobox" aria-haspopup="true" aria-expanded="false" tabindex="0" aria-labelledby="select2-gender-2_3-l9-container">...</span> is not clickable at point (1168, 732). Other element would receive the click: <li class="select2-results__option" id="select2-gender-2_2-7m-result-2vbc-MS" role="treeitem" aria-selected="false">...</li>
  (Session info: chrome=62.0.3202.94)
  (Driver info: chromedriver=2.33.506120 (e3e53437346286c0bc2d2dc9aa4915ba81d9023f),platform=Windows NT 6.3.9600 x86_64) (WARNING: The server did not provide any stacktrace information)
Command duration or timeout: 0 milliseconds
Build info: version: '3.7.1', revision: '8a0099a', time: '2017-11-06T21:07:36.161Z'
System info: host: 'NEACSUNEW-PC', ip: '10.10.10.211', os.name: 'Windows 8.1', os.arch: 'amd64', os.version: '6.3', java.version: '1.8.0_102'
Driver info: com.kms.katalon.selenium.driver.CChromeDriver
Capabilities {acceptSslCerts: true, applicationCacheEnabled: false, browserConnectionEnabled: false, browserName: chrome, chrome: {chromedriverVersion: 2.33.506120 (e3e53437346286..., userDataDir: C:\Users\Cornel\AppData\Loc...}, cssSelectorsEnabled: true, databaseEnabled: false, handlesAlerts: true, hasTouchScreen: false, javascriptEnabled: true, locationContextEnabled: true, mobileEmulationEnabled: false, nativeEvents: true, networkConnectionEnabled: false, pageLoadStrategy: normal, platform: XP, platformName: XP, rotatable: false, setWindowRect: true, takesHeapSnapshot: true, takesScreenshot: true, unexpectedAlertBehaviour: , unhandledPromptBehavior: , version: 62.0.3202.94, webStorageEnabled: true}
Session ID: bf11aaf5a46da746935e59e8c29be760)
[[ATTACHMENT|D:\\Software testing\\Tourpaq\\Automated Katalon tests\\Primo WB test\\Reports\\WB Primo From Excel URLs\\20171204_131551\\1512386326127.png]]

2017-12-04 13:18:46 - [TEST_STEP][PASSED] - scrollToElement: Scroll to object 'Object Repository/PrimoTours/Old Objects/Coco (1)/PrimoT/SaveBooking2/Success/bookingTotalValue' successfully

2017-12-04 13:18:46 - [MESSAGE][PASSED] - Scroll to object 'Object Repository/PrimoTours/Old Objects/Coco (1)/PrimoT/SaveBooking2/Success/bookingTotalValue' successfully

2017-12-04 13:18:46 - [TEST_STEP][PASSED] - click: Object: 'Object Repository/PrimoTours/Old Objects/Coco (1)/PrimoT/SaveBooking2/Success/bookingTotalValue' is clicked on

2017-12-04 13:18:46 - [MESSAGE][PASSED] - Object: 'Object Repository/PrimoTours/Old Objects/Coco (1)/PrimoT/SaveBooking2/Success/bookingTotalValue' is clicked on

2017-12-04 13:18:46 - [TEST_STEP][PASSED] - scrollToElement: Scroll to object 'Object Repository/PrimoTours/Old Objects/Coco (1)/PrimoT/SaveBooking2/Success/Page_Primo Tours  Danmarks bedste c/nextButtonOnLandingPage' successfully

2017-12-04 13:18:46 - [MESSAGE][PASSED] - Scroll to object 'Object Repository/PrimoTours/Old Objects/Coco (1)/PrimoT/SaveBooking2/Success/Page_Primo Tours  Danmarks bedste c/nextButtonOnLandingPage' successfully

2017-12-04 13:18:46 - [TEST_STEP][PASSED] - waitForElementClickable: Object 'Object Repository/PrimoTours/Old Objects/Coco (1)/PrimoT/SaveBooking2/Success/Page_Primo Tours  Danmarks bedste c/nextButtonOnLandingPage' is clickable

2017-12-04 13:18:46 - [MESSAGE][PASSED] - Object 'Object Repository/PrimoTours/Old Objects/Coco (1)/PrimoT/SaveBooking2/Success/Page_Primo Tours  Danmarks bedste c/nextButtonOnLandingPage' is clickable

2017-12-04 13:18:46 - [TEST_STEP][PASSED] - waitForElementVisible: Object 'Object Repository/PrimoTours/Old Objects/Coco (1)/PrimoT/SaveBooking2/Success/Page_Primo Tours  Danmarks bedste c/nextButtonOnLandingPage' is visible

2017-12-04 13:18:46 - [MESSAGE][PASSED] - Object 'Object Repository/PrimoTours/Old Objects/Coco (1)/PrimoT/SaveBooking2/Success/Page_Primo Tours  Danmarks bedste c/nextButtonOnLandingPage' is visible

2017-12-04 13:18:46 - [TEST_STEP][PASSED] - scrollToElement: Scroll to object 'Object Repository/PrimoTours/Old Objects/Coco (1)/PrimoT/SaveBooking2/Success/Page_Primo Tours  Danmarks bedste c/nextButtonOnLandingPage' successfully

2017-12-04 13:18:46 - [MESSAGE][PASSED] - Scroll to object 'Object Repository/PrimoTours/Old Objects/Coco (1)/PrimoT/SaveBooking2/Success/Page_Primo Tours  Danmarks bedste c/nextButtonOnLandingPage' successfully

2017-12-04 13:18:46 - [TEST_STEP][PASSED] - click: Object: 'Object Repository/PrimoTours/Old Objects/Coco (1)/PrimoT/SaveBooking2/Success/Page_Primo Tours  Danmarks bedste c/nextButtonOnLandingPage' is clicked on

2017-12-04 13:18:46 - [MESSAGE][PASSED] - Object: 'Object Repository/PrimoTours/Old Objects/Coco (1)/PrimoT/SaveBooking2/Success/Page_Primo Tours  Danmarks bedste c/nextButtonOnLandingPage' is clicked on

2017-12-04 13:18:46 - [TEST_STEP][PASSED] - delay: Delayed 3 second(s)

2017-12-04 13:18:49 - [MESSAGE][PASSED] - Delayed 3 second(s)

2017-12-04 13:18:49 - [TEST_STEP][PASSED] - waitForElementNotVisible: Object 'Object Repository/PrimoTours/Old Objects/CCenter/pageLoaderOverlayLayer' is NOT visible

2017-12-04 13:18:49 - [MESSAGE][PASSED] - Object 'Object Repository/PrimoTours/Old Objects/CCenter/pageLoaderOverlayLayer' is NOT visible

2017-12-04 13:18:49 - [TEST_STEP][PASSED] - scrollToElement: Scroll to object 'Object Repository/PrimoTours/Old Objects/Coco/PrimoT/Ins2/Page_Primo Tours  Danmarks bedste c/travelInsuranceFirstPaxSelector' successfully

2017-12-04 13:18:49 - [MESSAGE][PASSED] - Scroll to object 'Object Repository/PrimoTours/Old Objects/Coco/PrimoT/Ins2/Page_Primo Tours  Danmarks bedste c/travelInsuranceFirstPaxSelector' successfully

2017-12-04 13:18:49 - [TEST_STEP][PASSED] - waitForElementPresent: Object 'Object Repository/PrimoTours/Old Objects/Coco/PrimoT/Ins2/Page_Primo Tours  Danmarks bedste c/travelInsuranceFirstPaxSelector' is present

2017-12-04 13:18:49 - [MESSAGE][PASSED] - Object 'Object Repository/PrimoTours/Old Objects/Coco/PrimoT/Ins2/Page_Primo Tours  Danmarks bedste c/travelInsuranceFirstPaxSelector' is present

2017-12-04 13:18:49 - [TEST_STEP][PASSED] - waitForElementVisible: Object 'Object Repository/PrimoTours/Old Objects/Coco/PrimoT/Ins2/Page_Primo Tours  Danmarks bedste c/travelInsuranceFirstPaxSelector' is visible

2017-12-04 13:18:49 - [MESSAGE][PASSED] - Object 'Object Repository/PrimoTours/Old Objects/Coco/PrimoT/Ins2/Page_Primo Tours  Danmarks bedste c/travelInsuranceFirstPaxSelector' is visible

2017-12-04 13:18:49 - [TEST_STEP][PASSED] - waitForElementClickable: Object 'Object Repository/PrimoTours/Old Objects/Coco/PrimoT/Ins2/Page_Primo Tours  Danmarks bedste c/travelInsuranceFirstPaxSelector' is clickable

2017-12-04 13:18:50 - [MESSAGE][PASSED] - Object 'Object Repository/PrimoTours/Old Objects/Coco/PrimoT/Ins2/Page_Primo Tours  Danmarks bedste c/travelInsuranceFirstPaxSelector' is clickable

2017-12-04 13:18:50 - [TEST_STEP][PASSED] - click: Object: 'Object Repository/PrimoTours/Old Objects/Coco/PrimoT/Ins2/Page_Primo Tours  Danmarks bedste c/travelInsuranceFirstPaxSelector' is clicked on

2017-12-04 13:18:50 - [MESSAGE][PASSED] - Object: 'Object Repository/PrimoTours/Old Objects/Coco/PrimoT/Ins2/Page_Primo Tours  Danmarks bedste c/travelInsuranceFirstPaxSelector' is clicked on

2017-12-04 13:18:50 - [TEST_STEP][PASSED] - Statement - Try: Object: 'Object Repository/PrimoTours/Old Objects/Coco/PrimoT/Ins2/Page_Primo Tours  Danmarks bedste c/firstTravelInsuranceOption' is clicked on

2017-12-04 13:18:50 - [TEST_STEP][PASSED] - click: Object: 'Object Repository/PrimoTours/Old Objects/Coco/PrimoT/Ins2/Page_Primo Tours  Danmarks bedste c/firstTravelInsuranceOption' is clicked on

2017-12-04 13:18:50 - [MESSAGE][PASSED] - Object: 'Object Repository/PrimoTours/Old Objects/Coco/PrimoT/Ins2/Page_Primo Tours  Danmarks bedste c/firstTravelInsuranceOption' is clicked on

2017-12-04 13:18:50 - [TEST_STEP][NOT_RUN] - click: NOT_RUN: click

2017-12-04 13:18:50 - [MESSAGE][NOT_RUN] - NOT_RUN: click

2017-12-04 13:18:50 - [TEST_STEP][NOT_RUN] - scrollToElement: NOT_RUN: scrollToElement

2017-12-04 13:18:50 - [MESSAGE][NOT_RUN] - NOT_RUN: scrollToElement

2017-12-04 13:18:50 - [TEST_STEP][NOT_RUN] - click: NOT_RUN: click

2017-12-04 13:18:50 - [MESSAGE][NOT_RUN] - NOT_RUN: click

2017-12-04 13:18:50 - [TEST_STEP][PASSED] - waitForElementVisible: Object 'Object Repository/PrimoTours/Old Objects/Coco (1)/PrimoT/SaveBooking2/Page_Primo Tours  Danmarks bedste c/individualInsuranceCheckbox' is visible

2017-12-04 13:18:50 - [MESSAGE][PASSED] - Object 'Object Repository/PrimoTours/Old Objects/Coco (1)/PrimoT/SaveBooking2/Page_Primo Tours  Danmarks bedste c/individualInsuranceCheckbox' is visible

2017-12-04 13:18:50 - [TEST_STEP][PASSED] - scrollToElement: Scroll to object 'Object Repository/PrimoTours/Old Objects/Coco (1)/PrimoT/SaveBooking2/Page_Primo Tours  Danmarks bedste c/individualInsuranceCheckbox' successfully

2017-12-04 13:18:50 - [MESSAGE][PASSED] - Scroll to object 'Object Repository/PrimoTours/Old Objects/Coco (1)/PrimoT/SaveBooking2/Page_Primo Tours  Danmarks bedste c/individualInsuranceCheckbox' successfully

2017-12-04 13:18:50 - [TEST_STEP][PASSED] - click: Object: 'Object Repository/PrimoTours/Old Objects/Coco (1)/PrimoT/SaveBooking2/Page_Primo Tours  Danmarks bedste c/individualInsuranceCheckbox' is clicked on

2017-12-04 13:18:50 - [MESSAGE][PASSED] - Object: 'Object Repository/PrimoTours/Old Objects/Coco (1)/PrimoT/SaveBooking2/Page_Primo Tours  Danmarks bedste c/individualInsuranceCheckbox' is clicked on

2017-12-04 13:18:50 - [TEST_STEP][PASSED] - scrollToElement: Scroll to object 'Object Repository/PrimoTours/Old Objects/Coco (1)/PrimoT/SaveBooking2/Success/firstProdCategIndividualSelectionRadioB' successfully

2017-12-04 13:18:50 - [MESSAGE][PASSED] - Scroll to object 'Object Repository/PrimoTours/Old Objects/Coco (1)/PrimoT/SaveBooking2/Success/firstProdCategIndividualSelectionRadioB' successfully

2017-12-04 13:18:50 - [TEST_STEP][PASSED] - waitForElementClickable: Object 'Object Repository/PrimoTours/Old Objects/Coco (1)/PrimoT/SaveBooking2/Success/firstProdCategIndividualSelectionRadioB' is clickable

2017-12-04 13:18:50 - [MESSAGE][PASSED] - Object 'Object Repository/PrimoTours/Old Objects/Coco (1)/PrimoT/SaveBooking2/Success/firstProdCategIndividualSelectionRadioB' is clickable

2017-12-04 13:18:50 - [TEST_STEP][PASSED] - scrollToElement: Scroll to object 'Object Repository/PrimoTours/Old Objects/Coco (1)/PrimoT/SaveBooking2/Success/firstProdCategIndividualSelectionRadioB' successfully

2017-12-04 13:18:50 - [MESSAGE][PASSED] - Scroll to object 'Object Repository/PrimoTours/Old Objects/Coco (1)/PrimoT/SaveBooking2/Success/firstProdCategIndividualSelectionRadioB' successfully

2017-12-04 13:18:50 - [TEST_STEP][PASSED] - click: Object: 'Object Repository/PrimoTours/Old Objects/Coco (1)/PrimoT/SaveBooking2/Success/firstProdCategIndividualSelectionRadioB' is clicked on

2017-12-04 13:18:50 - [MESSAGE][PASSED] - Object: 'Object Repository/PrimoTours/Old Objects/Coco (1)/PrimoT/SaveBooking2/Success/firstProdCategIndividualSelectionRadioB' is clicked on

2017-12-04 13:18:50 - [TEST_STEP][PASSED] - scrollToElement: Scroll to object 'Object Repository/PrimoTours/Old Objects/Coco (1)/PrimoT/SaveBooking2/Success/firstProdCategSelectForAllPaxCheckbox' successfully

2017-12-04 13:18:50 - [MESSAGE][PASSED] - Scroll to object 'Object Repository/PrimoTours/Old Objects/Coco (1)/PrimoT/SaveBooking2/Success/firstProdCategSelectForAllPaxCheckbox' successfully

2017-12-04 13:18:50 - [TEST_STEP][PASSED] - waitForElementClickable: Object 'Object Repository/PrimoTours/Old Objects/Coco (1)/PrimoT/SaveBooking2/Success/firstProdCategSelectForAllPaxCheckbox' is clickable

2017-12-04 13:18:50 - [MESSAGE][PASSED] - Object 'Object Repository/PrimoTours/Old Objects/Coco (1)/PrimoT/SaveBooking2/Success/firstProdCategSelectForAllPaxCheckbox' is clickable

2017-12-04 13:18:50 - [TEST_STEP][PASSED] - click: Object: 'Object Repository/PrimoTours/Old Objects/Coco (1)/PrimoT/SaveBooking2/Success/firstProdCategSelectForAllPaxCheckbox' is clicked on

2017-12-04 13:18:51 - [MESSAGE][PASSED] - Object: 'Object Repository/PrimoTours/Old Objects/Coco (1)/PrimoT/SaveBooking2/Success/firstProdCategSelectForAllPaxCheckbox' is clicked on

2017-12-04 13:18:51 - [TEST_STEP][NOT_RUN] - scrollToElement: NOT_RUN: scrollToElement

2017-12-04 13:18:51 - [MESSAGE][NOT_RUN] - NOT_RUN: scrollToElement

2017-12-04 13:18:51 - [TEST_STEP][NOT_RUN] - scrollToElement: NOT_RUN: scrollToElement

2017-12-04 13:18:51 - [MESSAGE][NOT_RUN] - NOT_RUN: scrollToElement

2017-12-04 13:18:51 - [TEST_STEP][NOT_RUN] - click: NOT_RUN: click

2017-12-04 13:18:51 - [MESSAGE][NOT_RUN] - NOT_RUN: click

2017-12-04 13:18:51 - [TEST_STEP][PASSED] - scrollToElement: Scroll to object 'Object Repository/PrimoTours/ConfirmationPage/agreeTermsAndCondCheckbox' successfully

2017-12-04 13:18:51 - [MESSAGE][PASSED] - Scroll to object 'Object Repository/PrimoTours/ConfirmationPage/agreeTermsAndCondCheckbox' successfully

2017-12-04 13:18:51 - [TEST_STEP][PASSED] - waitForElementClickable: Object 'Object Repository/PrimoTours/ConfirmationPage/agreeTermsAndCondCheckbox' is clickable

2017-12-04 13:18:51 - [MESSAGE][PASSED] - Object 'Object Repository/PrimoTours/ConfirmationPage/agreeTermsAndCondCheckbox' is clickable

2017-12-04 13:18:51 - [TEST_STEP][PASSED] - click: Object: 'Object Repository/PrimoTours/ConfirmationPage/agreeTermsAndCondCheckbox' is clicked on

2017-12-04 13:18:51 - [MESSAGE][PASSED] - Object: 'Object Repository/PrimoTours/ConfirmationPage/agreeTermsAndCondCheckbox' is clicked on

2017-12-04 13:18:51 - [TEST_STEP][PASSED] - scrollToElement: Scroll to object 'Object Repository/PrimoTours/ConfirmationPage/placeBookingButton' successfully

2017-12-04 13:18:51 - [MESSAGE][PASSED] - Scroll to object 'Object Repository/PrimoTours/ConfirmationPage/placeBookingButton' successfully

2017-12-04 13:18:51 - [TEST_STEP][PASSED] - delay: Delayed 1 second(s)

2017-12-04 13:18:52 - [MESSAGE][PASSED] - Delayed 1 second(s)

2017-12-04 13:18:52 - [TEST_STEP][PASSED] - waitForElementClickable: Object 'Object Repository/PrimoTours/ConfirmationPage/placeBookingButton' is clickable

2017-12-04 13:18:52 - [MESSAGE][PASSED] - Object 'Object Repository/PrimoTours/ConfirmationPage/placeBookingButton' is clickable

2017-12-04 13:18:52 - [TEST_STEP][PASSED] - Statement - Try: Object: 'Object Repository/PrimoTours/ConfirmationPage/placeBookingButton' is clicked on

2017-12-04 13:18:52 - [TEST_STEP][PASSED] - click: Object: 'Object Repository/PrimoTours/ConfirmationPage/placeBookingButton' is clicked on

2017-12-04 13:18:52 - [MESSAGE][PASSED] - Object: 'Object Repository/PrimoTours/ConfirmationPage/placeBookingButton' is clicked on

2017-12-04 13:18:52 - [TEST_STEP][PASSED] - delay: Delayed 2 second(s)

2017-12-04 13:18:54 - [MESSAGE][PASSED] - Delayed 2 second(s)

2017-12-04 13:18:54 - [TEST_STEP][PASSED] - waitForPageLoad: Wait for page load successfully

2017-12-04 13:18:54 - [MESSAGE][PASSED] - Wait for page load successfully

2017-12-04 13:18:54 - [TEST_STEP][PASSED] - waitForJQueryLoad: jQuery is ready.

2017-12-04 13:18:56 - [MESSAGE][PASSED] - jQuery is ready.

2017-12-04 13:18:56 - [TEST_STEP][PASSED] - waitForElementPresent: Object 'Object Repository/PrimoTours/Old Objects/CCenter/pageLoaderOverlayLayer' is present

2017-12-04 13:18:56 - [MESSAGE][PASSED] - Object 'Object Repository/PrimoTours/Old Objects/CCenter/pageLoaderOverlayLayer' is present

2017-12-04 13:18:56 - [TEST_STEP][PASSED] - waitForElementNotVisible: Unable to wait for object 'Object Repository/PrimoTours/Old Objects/CCenter/pageLoaderOverlayLayer' to be NOT visible (Root cause: org.openqa.selenium.StaleElementReferenceException: stale element reference: element is not attached to the page document
  (Session info: chrome=62.0.3202.94)
  (Driver info: chromedriver=2.33.506120 (e3e53437346286c0bc2d2dc9aa4915ba81d9023f),platform=Windows NT 6.3.9600 x86_64) (WARNING: The server did not provide any stacktrace information)
Command duration or timeout: 0 milliseconds
For documentation on this error, please visit: http://seleniumhq.org/exceptions/stale_element_reference.html
Build info: version: '3.7.1', revision: '8a0099a', time: '2017-11-06T21:07:36.161Z'
System info: host: 'NEACSUNEW-PC', ip: '10.10.10.211', os.name: 'Windows 8.1', os.arch: 'amd64', os.version: '6.3', java.version: '1.8.0_102'
Driver info: com.kms.katalon.selenium.driver.CChromeDriver
Capabilities {acceptSslCerts: true, applicationCacheEnabled: false, browserConnectionEnabled: false, browserName: chrome, chrome: {chromedriverVersion: 2.33.506120 (e3e53437346286..., userDataDir: C:\Users\Cornel\AppData\Loc...}, cssSelectorsEnabled: true, databaseEnabled: false, handlesAlerts: true, hasTouchScreen: false, javascriptEnabled: true, locationContextEnabled: true, mobileEmulationEnabled: false, nativeEvents: true, networkConnectionEnabled: false, pageLoadStrategy: normal, platform: XP, platformName: XP, rotatable: false, setWindowRect: true, takesHeapSnapshot: true, takesScreenshot: true, unexpectedAlertBehaviour: , unhandledPromptBehavior: , version: 62.0.3202.94, webStorageEnabled: true}
Session ID: bf11aaf5a46da746935e59e8c29be760)

2017-12-04 13:18:58 - [MESSAGE][WARNING] - Unable to wait for object 'Object Repository/PrimoTours/Old Objects/CCenter/pageLoaderOverlayLayer' to be NOT visible (Root cause: org.openqa.selenium.StaleElementReferenceException: stale element reference: element is not attached to the page document
  (Session info: chrome=62.0.3202.94)
  (Driver info: chromedriver=2.33.506120 (e3e53437346286c0bc2d2dc9aa4915ba81d9023f),platform=Windows NT 6.3.9600 x86_64) (WARNING: The server did not provide any stacktrace information)
Command duration or timeout: 0 milliseconds
For documentation on this error, please visit: http://seleniumhq.org/exceptions/stale_element_reference.html
Build info: version: '3.7.1', revision: '8a0099a', time: '2017-11-06T21:07:36.161Z'
System info: host: 'NEACSUNEW-PC', ip: '10.10.10.211', os.name: 'Windows 8.1', os.arch: 'amd64', os.version: '6.3', java.version: '1.8.0_102'
Driver info: com.kms.katalon.selenium.driver.CChromeDriver
Capabilities {acceptSslCerts: true, applicationCacheEnabled: false, browserConnectionEnabled: false, browserName: chrome, chrome: {chromedriverVersion: 2.33.506120 (e3e53437346286..., userDataDir: C:\Users\Cornel\AppData\Loc...}, cssSelectorsEnabled: true, databaseEnabled: false, handlesAlerts: true, hasTouchScreen: false, javascriptEnabled: true, locationContextEnabled: true, mobileEmulationEnabled: false, nativeEvents: true, networkConnectionEnabled: false, pageLoadStrategy: normal, platform: XP, platformName: XP, rotatable: false, setWindowRect: true, takesHeapSnapshot: true, takesScreenshot: true, unexpectedAlertBehaviour: , unhandledPromptBehavior: , version: 62.0.3202.94, webStorageEnabled: true}
Session ID: bf11aaf5a46da746935e59e8c29be760)
[[ATTACHMENT|D:\\Software testing\\Tourpaq\\Automated Katalon tests\\Primo WB test\\Reports\\WB Primo From Excel URLs\\20171204_131551\\1512386338495.png]]

2017-12-04 13:18:58 - [TEST_STEP][PASSED] - waitForElementPresent: Object 'Object Repository/PrimoTours/Old Objects/ThankYouPage/bookingNoContainer' is present

2017-12-04 13:19:00 - [MESSAGE][PASSED] - Object 'Object Repository/PrimoTours/Old Objects/ThankYouPage/bookingNoContainer' is present

2017-12-04 13:19:00 - [TEST_STEP][PASSED] - waitForElementClickable: Object 'Object Repository/PrimoTours/Old Objects/ThankYouPage/bookingNoContainer' is clickable

2017-12-04 13:19:00 - [MESSAGE][PASSED] - Object 'Object Repository/PrimoTours/Old Objects/ThankYouPage/bookingNoContainer' is clickable

2017-12-04 13:19:00 - [TEST_STEP][PASSED] - verifyElementVisible: Object 'Object Repository/PrimoTours/Old Objects/ThankYouPage/bookingNoContainer' is visible

2017-12-04 13:19:00 - [MESSAGE][PASSED] - Object 'Object Repository/PrimoTours/Old Objects/ThankYouPage/bookingNoContainer' is visible

2017-12-04 13:19:00 - [TEST_STEP][PASSED] - verifyElementVisible: Object 'Object Repository/PrimoTours/Old Objects/ThankYouPage/bookingTotalInfo' is visible

2017-12-04 13:19:00 - [MESSAGE][PASSED] - Object 'Object Repository/PrimoTours/Old Objects/ThankYouPage/bookingTotalInfo' is visible

2017-12-04 13:19:00 - [TEST_STEP][PASSED] - verifyElementVisible: Object 'Object Repository/PrimoTours/Old Objects/ThankYouPage/bookingTotalPriceBar' is visible

2017-12-04 13:19:01 - [MESSAGE][PASSED] - Object 'Object Repository/PrimoTours/Old Objects/ThankYouPage/bookingTotalPriceBar' is visible

2017-12-04 13:19:01 - [TEST_STEP][PASSED] - verifyElementVisible: Object 'Object Repository/PrimoTours/Old Objects/ThankYouPage/printTicketSpan' is visible

2017-12-04 13:19:01 - [MESSAGE][PASSED] - Object 'Object Repository/PrimoTours/Old Objects/ThankYouPage/printTicketSpan' is visible

2017-12-04 13:19:01 - [TEST_STEP][PASSED] - waitForElementClickable: Object 'Object Repository/PrimoTours/Old Objects/ThankYouPage/printTicketSpan' is clickable

2017-12-04 13:19:01 - [MESSAGE][PASSED] - Object 'Object Repository/PrimoTours/Old Objects/ThankYouPage/printTicketSpan' is clickable

2017-12-04 13:19:01 - [TEST_STEP][FAILED] - Statement - Try: Unable to click on object 'Object Repository/PrimoTours/Old Objects/ThankYouPage/printTicketSpan' (Root cause: org.openqa.selenium.WebDriverException: unknown error: Element <span id="printTicketSpan" data-bind="text: tourpaq.bookingEngine.languageStaticResources.PrintReceipt">...</span> is not clickable at point (508, 319). Other element would receive the click: <div class="se-pre-con" id="booking-overlay" style="opacity: 1;"></div>
  (Session info: chrome=62.0.3202.94)
  (Driver info: chromedriver=2.33.506120 (e3e53437346286c0bc2d2dc9aa4915ba81d9023f),platform=Windows NT 6.3.9600 x86_64) (WARNING: The server did not provide any stacktrace information)
Command duration or timeout: 0 milliseconds
Build info: version: '3.7.1', revision: '8a0099a', time: '2017-11-06T21:07:36.161Z'
System info: host: 'NEACSUNEW-PC', ip: '10.10.10.211', os.name: 'Windows 8.1', os.arch: 'amd64', os.version: '6.3', java.version: '1.8.0_102'
Driver info: com.kms.katalon.selenium.driver.CChromeDriver
Capabilities {acceptSslCerts: true, applicationCacheEnabled: false, browserConnectionEnabled: false, browserName: chrome, chrome: {chromedriverVersion: 2.33.506120 (e3e53437346286..., userDataDir: C:\Users\Cornel\AppData\Loc...}, cssSelectorsEnabled: true, databaseEnabled: false, handlesAlerts: true, hasTouchScreen: false, javascriptEnabled: true, locationContextEnabled: true, mobileEmulationEnabled: false, nativeEvents: true, networkConnectionEnabled: false, pageLoadStrategy: normal, platform: XP, platformName: XP, rotatable: false, setWindowRect: true, takesHeapSnapshot: true, takesScreenshot: true, unexpectedAlertBehaviour: , unhandledPromptBehavior: , version: 62.0.3202.94, webStorageEnabled: true}
Session ID: bf11aaf5a46da746935e59e8c29be760)

2017-12-04 13:19:01 - [TEST_STEP][FAILED] - click: Unable to click on object 'Object Repository/PrimoTours/Old Objects/ThankYouPage/printTicketSpan' (Root cause: org.openqa.selenium.WebDriverException: unknown error: Element <span id="printTicketSpan" data-bind="text: tourpaq.bookingEngine.languageStaticResources.PrintReceipt">...</span> is not clickable at point (508, 319). Other element would receive the click: <div class="se-pre-con" id="booking-overlay" style="opacity: 1;"></div>
  (Session info: chrome=62.0.3202.94)
  (Driver info: chromedriver=2.33.506120 (e3e53437346286c0bc2d2dc9aa4915ba81d9023f),platform=Windows NT 6.3.9600 x86_64) (WARNING: The server did not provide any stacktrace information)
Command duration or timeout: 0 milliseconds
Build info: version: '3.7.1', revision: '8a0099a', time: '2017-11-06T21:07:36.161Z'
System info: host: 'NEACSUNEW-PC', ip: '10.10.10.211', os.name: 'Windows 8.1', os.arch: 'amd64', os.version: '6.3', java.version: '1.8.0_102'
Driver info: com.kms.katalon.selenium.driver.CChromeDriver
Capabilities {acceptSslCerts: true, applicationCacheEnabled: false, browserConnectionEnabled: false, browserName: chrome, chrome: {chromedriverVersion: 2.33.506120 (e3e53437346286..., userDataDir: C:\Users\Cornel\AppData\Loc...}, cssSelectorsEnabled: true, databaseEnabled: false, handlesAlerts: true, hasTouchScreen: false, javascriptEnabled: true, locationContextEnabled: true, mobileEmulationEnabled: false, nativeEvents: true, networkConnectionEnabled: false, pageLoadStrategy: normal, platform: XP, platformName: XP, rotatable: false, setWindowRect: true, takesHeapSnapshot: true, takesScreenshot: true, unexpectedAlertBehaviour: , unhandledPromptBehavior: , version: 62.0.3202.94, webStorageEnabled: true}
Session ID: bf11aaf5a46da746935e59e8c29be760)

2017-12-04 13:19:01 - [MESSAGE][FAILED] - Unable to click on object 'Object Repository/PrimoTours/Old Objects/ThankYouPage/printTicketSpan' (Root cause: org.openqa.selenium.WebDriverException: unknown error: Element <span id="printTicketSpan" data-bind="text: tourpaq.bookingEngine.languageStaticResources.PrintReceipt">...</span> is not clickable at point (508, 319). Other element would receive the click: <div class="se-pre-con" id="booking-overlay" style="opacity: 1;"></div>
  (Session info: chrome=62.0.3202.94)
  (Driver info: chromedriver=2.33.506120 (e3e53437346286c0bc2d2dc9aa4915ba81d9023f),platform=Windows NT 6.3.9600 x86_64) (WARNING: The server did not provide any stacktrace information)
Command duration or timeout: 0 milliseconds
Build info: version: '3.7.1', revision: '8a0099a', time: '2017-11-06T21:07:36.161Z'
System info: host: 'NEACSUNEW-PC', ip: '10.10.10.211', os.name: 'Windows 8.1', os.arch: 'amd64', os.version: '6.3', java.version: '1.8.0_102'
Driver info: com.kms.katalon.selenium.driver.CChromeDriver
Capabilities {acceptSslCerts: true, applicationCacheEnabled: false, browserConnectionEnabled: false, browserName: chrome, chrome: {chromedriverVersion: 2.33.506120 (e3e53437346286..., userDataDir: C:\Users\Cornel\AppData\Loc...}, cssSelectorsEnabled: true, databaseEnabled: false, handlesAlerts: true, hasTouchScreen: false, javascriptEnabled: true, locationContextEnabled: true, mobileEmulationEnabled: false, nativeEvents: true, networkConnectionEnabled: false, pageLoadStrategy: normal, platform: XP, platformName: XP, rotatable: false, setWindowRect: true, takesHeapSnapshot: true, takesScreenshot: true, unexpectedAlertBehaviour: , unhandledPromptBehavior: , version: 62.0.3202.94, webStorageEnabled: true}
Session ID: bf11aaf5a46da746935e59e8c29be760)
[[ATTACHMENT|D:\\Software testing\\Tourpaq\\Automated Katalon tests\\Primo WB test\\Reports\\WB Primo From Excel URLs\\20171204_131551\\1512386341308.png]]

2017-12-04 13:19:01 - [TEST_STEP][PASSED] - Statement - Catch (Exception e): Object: 'Object Repository/PrimoTours/Old Objects/ThankYouPage/printTicketSpan' is clicked on

2017-12-04 13:19:01 - [TEST_STEP][PASSED] - click: Object: 'Object Repository/PrimoTours/Old Objects/ThankYouPage/printTicketSpan' is clicked on

2017-12-04 13:20:24 - [MESSAGE][PASSED] - Object: 'Object Repository/PrimoTours/Old Objects/ThankYouPage/printTicketSpan' is clicked on

2017-12-04 13:20:24 - [TEST_STEP][PASSED] - delay: Delayed 2 second(s)

2017-12-04 13:20:26 - [MESSAGE][PASSED] - Delayed 2 second(s)

2017-12-04 13:20:26 - [TEST_STEP][PASSED] - waitForElementVisible: Object 'Object Repository/PrimoTours/Old Objects/ThankYouPage/cCenterButton' is visible

2017-12-04 13:20:26 - [MESSAGE][PASSED] - Object 'Object Repository/PrimoTours/Old Objects/ThankYouPage/cCenterButton' is visible

2017-12-04 13:20:26 - [TEST_STEP][PASSED] - waitForElementClickable: Object 'Object Repository/PrimoTours/Old Objects/ThankYouPage/cCenterButton' is clickable

2017-12-04 13:20:26 - [MESSAGE][PASSED] - Object 'Object Repository/PrimoTours/Old Objects/ThankYouPage/cCenterButton' is clickable

2017-12-04 13:20:26 - [TEST_STEP][PASSED] - click: Object: 'Object Repository/PrimoTours/Old Objects/ThankYouPage/cCenterButton' is clicked on

2017-12-04 13:20:26 - [MESSAGE][PASSED] - Object: 'Object Repository/PrimoTours/Old Objects/ThankYouPage/cCenterButton' is clicked on

2017-12-04 13:20:26 - [TEST_STEP][PASSED] - waitForPageLoad: Wait for page load successfully

2017-12-04 13:20:26 - [MESSAGE][PASSED] - Wait for page load successfully

2017-12-04 13:20:26 - [TEST_STEP][PASSED] - waitForJQueryLoad: jQuery is ready.

2017-12-04 13:20:26 - [MESSAGE][PASSED] - jQuery is ready.

2017-12-04 13:20:26 - [TEST_STEP][PASSED] - waitForElementPresent: Object 'Object Repository/PrimoTours/Old Objects/CCenter/pageLoaderOverlayLayer' is present

2017-12-04 13:20:26 - [MESSAGE][PASSED] - Object 'Object Repository/PrimoTours/Old Objects/CCenter/pageLoaderOverlayLayer' is present

2017-12-04 13:20:26 - [TEST_STEP][PASSED] - waitForElementNotVisible: Object 'Object Repository/PrimoTours/Old Objects/CCenter/pageLoaderOverlayLayer' is NOT visible

2017-12-04 13:20:26 - [MESSAGE][PASSED] - Object 'Object Repository/PrimoTours/Old Objects/CCenter/pageLoaderOverlayLayer' is NOT visible

2017-12-04 13:20:26 - [TEST_STEP][PASSED] - verifyElementVisible: Object 'Object Repository/PrimoTours/Old Objects/ThankYouPage/bookingNoContainer' is visible

2017-12-04 13:20:26 - [MESSAGE][PASSED] - Object 'Object Repository/PrimoTours/Old Objects/ThankYouPage/bookingNoContainer' is visible

2017-12-04 13:20:26 - [TEST_STEP][PASSED] - verifyElementVisible: Object 'Object Repository/PrimoTours/Old Objects/ThankYouPage/bookingTotalPriceBar' is visible

2017-12-04 13:20:26 - [MESSAGE][PASSED] - Object 'Object Repository/PrimoTours/Old Objects/ThankYouPage/bookingTotalPriceBar' is visible

2017-12-04 13:20:26 - [TEST_STEP][PASSED] - delay: Delayed 1 second(s)

2017-12-04 13:20:27 - [MESSAGE][PASSED] - Delayed 1 second(s)]]></system-out>
         <system-err><![CDATA[2017-12-04 13:18:29 - [TEST_CASE][FAILED] - Test Cases/PrimoTours/WB Primo/WB Primo staging - place booking - Iteration 7: Unable to click on object 'Object Repository/PrimoTours/Old Objects/ThankYouPage/printTicketSpan' (Root cause: org.openqa.selenium.WebDriverException: unknown error: Element <span id="printTicketSpan" data-bind="text: tourpaq.bookingEngine.languageStaticResources.PrintReceipt">...</span> is not clickable at point (508, 319). Other element would receive the click: <div class="se-pre-con" id="booking-overlay" style="opacity: 1;"></div>
  (Session info: chrome=62.0.3202.94)
  (Driver info: chromedriver=2.33.506120 (e3e53437346286c0bc2d2dc9aa4915ba81d9023f),platform=Windows NT 6.3.9600 x86_64) (WARNING: The server did not provide any stacktrace information)
Command duration or timeout: 0 milliseconds
Build info: version: '3.7.1', revision: '8a0099a', time: '2017-11-06T21:07:36.161Z'
System info: host: 'NEACSUNEW-PC', ip: '10.10.10.211', os.name: 'Windows 8.1', os.arch: 'amd64', os.version: '6.3', java.version: '1.8.0_102'
Driver info: com.kms.katalon.selenium.driver.CChromeDriver
Capabilities {acceptSslCerts: true, applicationCacheEnabled: false, browserConnectionEnabled: false, browserName: chrome, chrome: {chromedriverVersion: 2.33.506120 (e3e53437346286..., userDataDir: C:\Users\Cornel\AppData\Loc...}, cssSelectorsEnabled: true, databaseEnabled: false, handlesAlerts: true, hasTouchScreen: false, javascriptEnabled: true, locationContextEnabled: true, mobileEmulationEnabled: false, nativeEvents: true, networkConnectionEnabled: false, pageLoadStrategy: normal, platform: XP, platformName: XP, rotatable: false, setWindowRect: true, takesHeapSnapshot: true, takesScreenshot: true, unexpectedAlertBehaviour: , unhandledPromptBehavior: , version: 62.0.3202.94, webStorageEnabled: true}
Session ID: bf11aaf5a46da746935e59e8c29be760)]]></system-err>
      </testcase>
      <testcase name="Test Cases/PrimoTours/WB Primo/WB Primo staging - place booking - Iteration 8" classname="Test Cases/PrimoTours/WB Primo/WB Primo staging - place booking" status="FAILED">
         <failure type="FAILED" message="Unable to click on object 'Object Repository/PrimoTours/Old Objects/ThankYouPage/printTicketSpan' (Root cause: org.openqa.selenium.WebDriverException: unknown error: Element &lt;span id=&quot;printTicketSpan&quot; data-bind=&quot;text: tourpaq.bookingEngine.languageStaticResources.PrintReceipt&quot;>...&lt;/span> is not clickable at point (508, 319). Other element would receive the click: &lt;div class=&quot;se-pre-con&quot; id=&quot;booking-overlay&quot; style=&quot;opacity: 0.880203;&quot;>&lt;/div>
  (Session info: chrome=62.0.3202.94)
  (Driver info: chromedriver=2.33.506120 (e3e53437346286c0bc2d2dc9aa4915ba81d9023f),platform=Windows NT 6.3.9600 x86_64) (WARNING: The server did not provide any stacktrace information)
Command duration or timeout: 0 milliseconds
Build info: version: '3.7.1', revision: '8a0099a', time: '2017-11-06T21:07:36.161Z'
System info: host: 'NEACSUNEW-PC', ip: '10.10.10.211', os.name: 'Windows 8.1', os.arch: 'amd64', os.version: '6.3', java.version: '1.8.0_102'
Driver info: com.kms.katalon.selenium.driver.CChromeDriver
Capabilities {acceptSslCerts: true, applicationCacheEnabled: false, browserConnectionEnabled: false, browserName: chrome, chrome: {chromedriverVersion: 2.33.506120 (e3e53437346286..., userDataDir: C:\Users\Cornel\AppData\Loc...}, cssSelectorsEnabled: true, databaseEnabled: false, handlesAlerts: true, hasTouchScreen: false, javascriptEnabled: true, locationContextEnabled: true, mobileEmulationEnabled: false, nativeEvents: true, networkConnectionEnabled: false, pageLoadStrategy: normal, platform: XP, platformName: XP, rotatable: false, setWindowRect: true, takesHeapSnapshot: true, takesScreenshot: true, unexpectedAlertBehaviour: , unhandledPromptBehavior: , version: 62.0.3202.94, webStorageEnabled: true}
Session ID: eca654f9d961ffe67cfc23ae29d0d2aa)"/>
         <system-out><![CDATA[2017-12-04 13:20:27 - [TEST_CASE][FAILED] - Test Cases/PrimoTours/WB Primo/WB Primo staging - place booking - Iteration 8: Unable to click on object 'Object Repository/PrimoTours/Old Objects/ThankYouPage/printTicketSpan' (Root cause: org.openqa.selenium.WebDriverException: unknown error: Element <span id="printTicketSpan" data-bind="text: tourpaq.bookingEngine.languageStaticResources.PrintReceipt">...</span> is not clickable at point (508, 319). Other element would receive the click: <div class="se-pre-con" id="booking-overlay" style="opacity: 0.880203;"></div>
  (Session info: chrome=62.0.3202.94)
  (Driver info: chromedriver=2.33.506120 (e3e53437346286c0bc2d2dc9aa4915ba81d9023f),platform=Windows NT 6.3.9600 x86_64) (WARNING: The server did not provide any stacktrace information)
Command duration or timeout: 0 milliseconds
Build info: version: '3.7.1', revision: '8a0099a', time: '2017-11-06T21:07:36.161Z'
System info: host: 'NEACSUNEW-PC', ip: '10.10.10.211', os.name: 'Windows 8.1', os.arch: 'amd64', os.version: '6.3', java.version: '1.8.0_102'
Driver info: com.kms.katalon.selenium.driver.CChromeDriver
Capabilities {acceptSslCerts: true, applicationCacheEnabled: false, browserConnectionEnabled: false, browserName: chrome, chrome: {chromedriverVersion: 2.33.506120 (e3e53437346286..., userDataDir: C:\Users\Cornel\AppData\Loc...}, cssSelectorsEnabled: true, databaseEnabled: false, handlesAlerts: true, hasTouchScreen: false, javascriptEnabled: true, locationContextEnabled: true, mobileEmulationEnabled: false, nativeEvents: true, networkConnectionEnabled: false, pageLoadStrategy: normal, platform: XP, platformName: XP, rotatable: false, setWindowRect: true, takesHeapSnapshot: true, takesScreenshot: true, unexpectedAlertBehaviour: , unhandledPromptBehavior: , version: 62.0.3202.94, webStorageEnabled: true}
Session ID: eca654f9d961ffe67cfc23ae29d0d2aa)

2017-12-04 13:20:27 - [TEST_STEP][PASSED] - openBrowser: Browser is opened with url: ''

2017-12-04 13:20:27 - [MESSAGE][WARNING] - A browser is already opened. Closing browser and opening a new one

2017-12-04 13:20:30 - [MESSAGE][PASSED] - Browser is opened with url: ''

2017-12-04 13:20:30 - [TEST_STEP][PASSED] - maximizeWindow: Current window maximized

2017-12-04 13:20:31 - [MESSAGE][PASSED] - Current window maximized

2017-12-04 13:20:31 - [TEST_STEP][PASSED] - navigateToUrl: Navigate to 'https://staging-primotours-webbooking.tourpaq.com/DoBooking.aspx?pltaID=1480269&p=1&rno=3&pt=1&a=8&c=3&aa=&ca=0,1,6' successfully

2017-12-04 13:20:33 - [MESSAGE][PASSED] - Navigate to 'https://staging-primotours-webbooking.tourpaq.com/DoBooking.aspx?pltaID=1480269&p=1&rno=3&pt=1&a=8&c=3&aa=&ca=0,1,6' successfully

2017-12-04 13:20:33 - [TEST_STEP][PASSED] - Statement - excelInfo = ["fname":"", "lname":"", "pgender":"", "pday":"", "pmonth":"", "pyear":""]: null

2017-12-04 13:20:33 - [TEST_STEP][PASSED] - Statement - rawData = com.kms.katalon.core.testdata.TestDataFactory.findTestData("Data Files/WB_Primo/Passenger_details"): Reading excel file with source file 'D:\Software testing\Tourpaq\Automated Katalon tests\Primo WB test\Data Files\Primo_URLs_For_Automated_Test.xls' and sheet name 'Passenger Names'

2017-12-04 13:20:34 - [TEST_STEP][PASSED] - Statement - excelRowNo = rawData.getRowNumbers(): null

2017-12-04 13:20:34 - [TEST_STEP][PASSED] - Statement - randomPaxIndex = java.lang.Math.abs(new java.util.Random().nextInt() % excelRowNo) + 1: null

2017-12-04 13:20:34 - [TEST_STEP][PASSED] - Statement - fname = rawData.getValue("FirstName", randomPaxIndex): null

2017-12-04 13:20:34 - [TEST_STEP][PASSED] - Statement - lname = rawData.getValue("LastName", randomPaxIndex): null

2017-12-04 13:20:34 - [TEST_STEP][PASSED] - Statement - pgender = rawData.getValue("Gender", randomPaxIndex): null

2017-12-04 13:20:34 - [TEST_STEP][PASSED] - setText: Text 'Spangsø AUT' is set on object 'Object Repository/PrimoTours/Old Objects/Coco/PrimoT/Page_Primo Tours  Danmarks bedste c/input_firstName'

2017-12-04 13:20:34 - [MESSAGE][PASSED] - Text 'Spangsø AUT' is set on object 'Object Repository/PrimoTours/Old Objects/Coco/PrimoT/Page_Primo Tours  Danmarks bedste c/input_firstName'

2017-12-04 13:20:34 - [TEST_STEP][PASSED] - setText: Text 'Simon Due' is set on object 'Object Repository/PrimoTours/Old Objects/Coco/PrimoT/Page_Primo Tours  Danmarks bedste c/input_lastName'

2017-12-04 13:20:34 - [MESSAGE][PASSED] - Text 'Simon Due' is set on object 'Object Repository/PrimoTours/Old Objects/Coco/PrimoT/Page_Primo Tours  Danmarks bedste c/input_lastName'

2017-12-04 13:20:34 - [TEST_STEP][PASSED] - click: Object: 'Object Repository/PrimoTours/LandingPage/customerGender' is clicked on

2017-12-04 13:20:34 - [MESSAGE][PASSED] - Object: 'Object Repository/PrimoTours/LandingPage/customerGender' is clicked on

2017-12-04 13:20:34 - [TEST_STEP][PASSED] - setText: Text 'Home address' is set on object 'Object Repository/PrimoTours/Old Objects/Coco/PrimoT/Page_Primo Tours  Danmarks bedste c/input_customerAddress'

2017-12-04 13:20:35 - [MESSAGE][PASSED] - Text 'Home address' is set on object 'Object Repository/PrimoTours/Old Objects/Coco/PrimoT/Page_Primo Tours  Danmarks bedste c/input_customerAddress'

2017-12-04 13:20:35 - [TEST_STEP][PASSED] - setText: Text '6700' is set on object 'Object Repository/PrimoTours/Old Objects/Coco/PrimoT/Page_Primo Tours  Danmarks bedste c/input_customerPostcode'

2017-12-04 13:20:35 - [MESSAGE][PASSED] - Text '6700' is set on object 'Object Repository/PrimoTours/Old Objects/Coco/PrimoT/Page_Primo Tours  Danmarks bedste c/input_customerPostcode'

2017-12-04 13:20:35 - [TEST_STEP][PASSED] - setText: Text 'cornel.neacsu@roweb.ro' is set on object 'Object Repository/PrimoTours/Old Objects/Coco/PrimoT/Page_Primo Tours  Danmarks bedste c/input_customerEmail'

2017-12-04 13:20:35 - [MESSAGE][PASSED] - Text 'cornel.neacsu@roweb.ro' is set on object 'Object Repository/PrimoTours/Old Objects/Coco/PrimoT/Page_Primo Tours  Danmarks bedste c/input_customerEmail'

2017-12-04 13:20:35 - [TEST_STEP][PASSED] - setText: Text '12345678' is set on object 'Object Repository/PrimoTours/Old Objects/Coco/PrimoT/Page_Primo Tours  Danmarks bedste c/input_customerPhone'

2017-12-04 13:20:35 - [MESSAGE][PASSED] - Text '12345678' is set on object 'Object Repository/PrimoTours/Old Objects/Coco/PrimoT/Page_Primo Tours  Danmarks bedste c/input_customerPhone'

2017-12-04 13:20:35 - [TEST_STEP][PASSED] - waitForElementClickable: Object 'Object Repository/PrimoTours/Old Objects/Coco/PrimoT/Page_Primo Tours  Danmarks bedste c/input_firstname-0_1' is clickable

2017-12-04 13:20:37 - [MESSAGE][PASSED] - Object 'Object Repository/PrimoTours/Old Objects/Coco/PrimoT/Page_Primo Tours  Danmarks bedste c/input_firstname-0_1' is clickable

2017-12-04 13:20:37 - [TEST_STEP][PASSED] - Statement - driver = com.kms.katalon.core.webui.driver.DriverFactory.getWebDriver(): null

2017-12-04 13:20:37 - [TEST_STEP][PASSED] - Statement - roomContainerXpath = "id("roomAndStaticOptionsContainer")/div[@class="row"]/div[@class="col-md-12 roomContainer"]": null

2017-12-04 13:20:37 - [TEST_STEP][PASSED] - Statement - roomsCount = driver.findElements(org.openqa.selenium.By.xpath(roomContainerXpath)).size(): null

2017-12-04 13:20:37 - [TEST_STEP][PASSED] - Statement - println("roomsCount=" + roomsCount): null

2017-12-04 13:20:37 - [TEST_STEP][PASSED] - Statement - For ([i = 1, i <= roomsCount, (i++)]): Object: 'Object Repository/PrimoTours/LandingPage/secondPaxFirstNameField' is clicked on

2017-12-04 13:20:37 - [TEST_STEP][PASSED] - Statement - paxInRoomXpath = "id("passengersContainer_" + i - 1 + "")/div[@class="col-md-12"]/div[@class="row"]": null

2017-12-04 13:20:37 - [TEST_STEP][PASSED] - Statement - println("paxInRoomXpath=" + paxInRoomXpath): null

2017-12-04 13:20:37 - [TEST_STEP][PASSED] - Statement - paxInRoomCount = driver.findElements(org.openqa.selenium.By.xpath(paxInRoomXpath)).size(): null

2017-12-04 13:20:37 - [TEST_STEP][PASSED] - Statement - println("paxInRoomCount=" + paxInRoomCount): null

2017-12-04 13:20:37 - [TEST_STEP][PASSED] - Statement - For ([j = 1, j <= paxInRoomCount, (j++)]): Unable to click on object 'Object Repository/PrimoTours/LandingPage/secondPaxFirstNameField' (Root cause: org.openqa.selenium.WebDriverException: unknown error: Element <span class="select2-selection select2-selection--single" role="combobox" aria-haspopup="true" aria-expanded="false" tabindex="0" aria-labelledby="select2-gender-0_4-od-container">...</span> is not clickable at point (1168, 857). Other element would receive the click: <li class="select2-results__option" id="select2-gender-0_3-8z-result-8ylf-MS" role="treeitem" aria-selected="false">...</li>
  (Session info: chrome=62.0.3202.94)
  (Driver info: chromedriver=2.33.506120 (e3e53437346286c0bc2d2dc9aa4915ba81d9023f),platform=Windows NT 6.3.9600 x86_64) (WARNING: The server did not provide any stacktrace information)
Command duration or timeout: 0 milliseconds
Build info: version: '3.7.1', revision: '8a0099a', time: '2017-11-06T21:07:36.161Z'
System info: host: 'NEACSUNEW-PC', ip: '10.10.10.211', os.name: 'Windows 8.1', os.arch: 'amd64', os.version: '6.3', java.version: '1.8.0_102'
Driver info: com.kms.katalon.selenium.driver.CChromeDriver
Capabilities {acceptSslCerts: true, applicationCacheEnabled: false, browserConnectionEnabled: false, browserName: chrome, chrome: {chromedriverVersion: 2.33.506120 (e3e53437346286..., userDataDir: C:\Users\Cornel\AppData\Loc...}, cssSelectorsEnabled: true, databaseEnabled: false, handlesAlerts: true, hasTouchScreen: false, javascriptEnabled: true, locationContextEnabled: true, mobileEmulationEnabled: false, nativeEvents: true, networkConnectionEnabled: false, pageLoadStrategy: normal, platform: XP, platformName: XP, rotatable: false, setWindowRect: true, takesHeapSnapshot: true, takesScreenshot: true, unexpectedAlertBehaviour: , unhandledPromptBehavior: , version: 62.0.3202.94, webStorageEnabled: true}
Session ID: eca654f9d961ffe67cfc23ae29d0d2aa)

2017-12-04 13:20:37 - [TEST_STEP][PASSED] - Statement - If (i == 1 & j == 1): null

2017-12-04 13:20:37 - [TEST_STEP][PASSED] - Statement - <not implemented yet for class: org.codehaus.groovy.ast.stmt.ContinueStatement>: null

2017-12-04 13:20:37 - [TEST_STEP][PASSED] - Statement - If (i == 1 & j == 1): null

2017-12-04 13:20:37 - [TEST_STEP][PASSED] - Statement - randomPaxIndex = java.lang.Math.abs(new java.util.Random().nextInt() % excelRowNo) + 1: null

2017-12-04 13:20:37 - [TEST_STEP][PASSED] - Statement - fname = rawData.getValue("FirstName", randomPaxIndex) + " AUT": null

2017-12-04 13:20:37 - [TEST_STEP][PASSED] - Statement - lname = rawData.getValue("LastName", randomPaxIndex): null

2017-12-04 13:20:37 - [TEST_STEP][PASSED] - Statement - pgender = rawData.getValue("Gender", randomPaxIndex): null

2017-12-04 13:20:37 - [TEST_STEP][PASSED] - Statement - pday = rawData.getValue("Day DOB", randomPaxIndex): null

2017-12-04 13:20:37 - [TEST_STEP][PASSED] - Statement - pmonth = rawData.getValue("Month DOB", randomPaxIndex): null

2017-12-04 13:20:37 - [TEST_STEP][PASSED] - Statement - pyear = rawData.getValue("Year DOB", randomPaxIndex): null

2017-12-04 13:20:37 - [TEST_STEP][PASSED] - Statement - paxDetailFields = paxInRoomXpath + "[" + j + "]/div[@class="col-md-x col-md-9"]/div[@class="row paxContainer"][1]/div[contains(@class,"paxAttribute")]": null

2017-12-04 13:20:37 - [TEST_STEP][PASSED] - Statement - xpathval = paxDetailFields + "[1]/div[contains(@class,"form-group")]/input[contains(@class,"paxFirstName")]": null

2017-12-04 13:20:37 - [TEST_STEP][PASSED] - Statement - println("fn: " + xpathval): null

2017-12-04 13:20:37 - [TEST_STEP][PASSED] - Statement - repObj = com.kms.katalon.core.testobject.ObjectRepository.findTestObject(Object Repository/PrimoTours/LandingPage/secondPaxFirstNameField): Finding Test Object with id 'Object Repository/PrimoTours/LandingPage/secondPaxFirstNameField'

2017-12-04 13:20:37 - [TEST_STEP][PASSED] - Statement - repObj.findProperty("xpath").setValue(xpathval): null

2017-12-04 13:20:37 - [TEST_STEP][PASSED] - setText: Text 'Fagerlund AUT' is set on object 'Object Repository/PrimoTours/LandingPage/secondPaxFirstNameField'

2017-12-04 13:20:37 - [MESSAGE][PASSED] - Text 'Fagerlund AUT' is set on object 'Object Repository/PrimoTours/LandingPage/secondPaxFirstNameField'

2017-12-04 13:20:37 - [TEST_STEP][PASSED] - Statement - xpathval = paxDetailFields + "[2]/div[contains(@class,"form-group")]/input[contains(@class,"paxLastName")]": null

2017-12-04 13:20:37 - [TEST_STEP][PASSED] - Statement - println("ln: " + xpathval): null

2017-12-04 13:20:37 - [TEST_STEP][PASSED] - Statement - repObj = com.kms.katalon.core.testobject.ObjectRepository.findTestObject(Object Repository/PrimoTours/LandingPage/secondPaxFirstNameField): Finding Test Object with id 'Object Repository/PrimoTours/LandingPage/secondPaxFirstNameField'

2017-12-04 13:20:37 - [TEST_STEP][PASSED] - Statement - repObj.findProperty("xpath").setValue(xpathval): null

2017-12-04 13:20:37 - [TEST_STEP][PASSED] - setText: Text 'Anne Dahl' is set on object 'Object Repository/PrimoTours/LandingPage/secondPaxFirstNameField'

2017-12-04 13:20:38 - [MESSAGE][PASSED] - Text 'Anne Dahl' is set on object 'Object Repository/PrimoTours/LandingPage/secondPaxFirstNameField'

2017-12-04 13:20:38 - [TEST_STEP][PASSED] - Statement - repObj = com.kms.katalon.core.testobject.ObjectRepository.findTestObject(Object Repository/PrimoTours/LandingPage/secondPaxFirstNameField): Finding Test Object with id 'Object Repository/PrimoTours/LandingPage/secondPaxFirstNameField'

2017-12-04 13:20:38 - [TEST_STEP][PASSED] - Statement - xpathval = paxDetailFields + "[3]/div[contains(@class,"paxGenderSelectorContainer")]/span[contains(@class,"select2 select2-container")]/span[contains(@class,"selection")]/span[contains(@class,"select2-selection")]": null

2017-12-04 13:20:38 - [TEST_STEP][PASSED] - Statement - println("gender: " + xpathval): null

2017-12-04 13:20:38 - [TEST_STEP][PASSED] - Statement - repObj.findProperty("xpath").setValue(xpathval): null

2017-12-04 13:20:38 - [TEST_STEP][PASSED] - click: Object: 'Object Repository/PrimoTours/LandingPage/secondPaxFirstNameField' is clicked on

2017-12-04 13:20:38 - [MESSAGE][PASSED] - Object: 'Object Repository/PrimoTours/LandingPage/secondPaxFirstNameField' is clicked on

2017-12-04 13:20:38 - [TEST_STEP][PASSED] - Statement - If (i == 1 & j == 1): null

2017-12-04 13:20:38 - [TEST_STEP][PASSED] - Statement - randomPaxIndex = java.lang.Math.abs(new java.util.Random().nextInt() % excelRowNo) + 1: null

2017-12-04 13:20:38 - [TEST_STEP][PASSED] - Statement - fname = rawData.getValue("FirstName", randomPaxIndex) + " AUT": null

2017-12-04 13:20:38 - [TEST_STEP][PASSED] - Statement - lname = rawData.getValue("LastName", randomPaxIndex): null

2017-12-04 13:20:38 - [TEST_STEP][PASSED] - Statement - pgender = rawData.getValue("Gender", randomPaxIndex): null

2017-12-04 13:20:38 - [TEST_STEP][PASSED] - Statement - pday = rawData.getValue("Day DOB", randomPaxIndex): null

2017-12-04 13:20:38 - [TEST_STEP][PASSED] - Statement - pmonth = rawData.getValue("Month DOB", randomPaxIndex): null

2017-12-04 13:20:38 - [TEST_STEP][PASSED] - Statement - pyear = rawData.getValue("Year DOB", randomPaxIndex): null

2017-12-04 13:20:38 - [TEST_STEP][PASSED] - Statement - paxDetailFields = paxInRoomXpath + "[" + j + "]/div[@class="col-md-x col-md-9"]/div[@class="row paxContainer"][1]/div[contains(@class,"paxAttribute")]": null

2017-12-04 13:20:38 - [TEST_STEP][PASSED] - Statement - xpathval = paxDetailFields + "[1]/div[contains(@class,"form-group")]/input[contains(@class,"paxFirstName")]": null

2017-12-04 13:20:38 - [TEST_STEP][PASSED] - Statement - println("fn: " + xpathval): null

2017-12-04 13:20:38 - [TEST_STEP][PASSED] - Statement - repObj = com.kms.katalon.core.testobject.ObjectRepository.findTestObject(Object Repository/PrimoTours/LandingPage/secondPaxFirstNameField): Finding Test Object with id 'Object Repository/PrimoTours/LandingPage/secondPaxFirstNameField'

2017-12-04 13:20:38 - [TEST_STEP][PASSED] - Statement - repObj.findProperty("xpath").setValue(xpathval): null

2017-12-04 13:20:38 - [TEST_STEP][PASSED] - setText: Text 'Christensen AUT' is set on object 'Object Repository/PrimoTours/LandingPage/secondPaxFirstNameField'

2017-12-04 13:20:38 - [MESSAGE][PASSED] - Text 'Christensen AUT' is set on object 'Object Repository/PrimoTours/LandingPage/secondPaxFirstNameField'

2017-12-04 13:20:38 - [TEST_STEP][PASSED] - Statement - xpathval = paxDetailFields + "[2]/div[contains(@class,"form-group")]/input[contains(@class,"paxLastName")]": null

2017-12-04 13:20:38 - [TEST_STEP][PASSED] - Statement - println("ln: " + xpathval): null

2017-12-04 13:20:38 - [TEST_STEP][PASSED] - Statement - repObj = com.kms.katalon.core.testobject.ObjectRepository.findTestObject(Object Repository/PrimoTours/LandingPage/secondPaxFirstNameField): Finding Test Object with id 'Object Repository/PrimoTours/LandingPage/secondPaxFirstNameField'

2017-12-04 13:20:38 - [TEST_STEP][PASSED] - Statement - repObj.findProperty("xpath").setValue(xpathval): null

2017-12-04 13:20:38 - [TEST_STEP][PASSED] - setText: Text 'Karl Ove' is set on object 'Object Repository/PrimoTours/LandingPage/secondPaxFirstNameField'

2017-12-04 13:20:38 - [MESSAGE][PASSED] - Text 'Karl Ove' is set on object 'Object Repository/PrimoTours/LandingPage/secondPaxFirstNameField'

2017-12-04 13:20:38 - [TEST_STEP][PASSED] - Statement - repObj = com.kms.katalon.core.testobject.ObjectRepository.findTestObject(Object Repository/PrimoTours/LandingPage/secondPaxFirstNameField): Finding Test Object with id 'Object Repository/PrimoTours/LandingPage/secondPaxFirstNameField'

2017-12-04 13:20:38 - [TEST_STEP][PASSED] - Statement - xpathval = paxDetailFields + "[3]/div[contains(@class,"paxGenderSelectorContainer")]/span[contains(@class,"select2 select2-container")]/span[contains(@class,"selection")]/span[contains(@class,"select2-selection")]": null

2017-12-04 13:20:38 - [TEST_STEP][PASSED] - Statement - println("gender: " + xpathval): null

2017-12-04 13:20:38 - [TEST_STEP][PASSED] - Statement - repObj.findProperty("xpath").setValue(xpathval): null

2017-12-04 13:20:38 - [TEST_STEP][PASSED] - click: Unable to click on object 'Object Repository/PrimoTours/LandingPage/secondPaxFirstNameField' (Root cause: org.openqa.selenium.WebDriverException: unknown error: Element <span class="select2-selection select2-selection--single" role="combobox" aria-haspopup="true" aria-expanded="false" tabindex="0" aria-labelledby="select2-gender-0_2-4g-container">...</span> is not clickable at point (1168, 747). Other element would receive the click: <li class="select2-results__option" id="select2-gender-0_1-6d-result-0w5l-MS" role="treeitem" aria-selected="false">...</li>
  (Session info: chrome=62.0.3202.94)
  (Driver info: chromedriver=2.33.506120 (e3e53437346286c0bc2d2dc9aa4915ba81d9023f),platform=Windows NT 6.3.9600 x86_64) (WARNING: The server did not provide any stacktrace information)
Command duration or timeout: 0 milliseconds
Build info: version: '3.7.1', revision: '8a0099a', time: '2017-11-06T21:07:36.161Z'
System info: host: 'NEACSUNEW-PC', ip: '10.10.10.211', os.name: 'Windows 8.1', os.arch: 'amd64', os.version: '6.3', java.version: '1.8.0_102'
Driver info: com.kms.katalon.selenium.driver.CChromeDriver
Capabilities {acceptSslCerts: true, applicationCacheEnabled: false, browserConnectionEnabled: false, browserName: chrome, chrome: {chromedriverVersion: 2.33.506120 (e3e53437346286..., userDataDir: C:\Users\Cornel\AppData\Loc...}, cssSelectorsEnabled: true, databaseEnabled: false, handlesAlerts: true, hasTouchScreen: false, javascriptEnabled: true, locationContextEnabled: true, mobileEmulationEnabled: false, nativeEvents: true, networkConnectionEnabled: false, pageLoadStrategy: normal, platform: XP, platformName: XP, rotatable: false, setWindowRect: true, takesHeapSnapshot: true, takesScreenshot: true, unexpectedAlertBehaviour: , unhandledPromptBehavior: , version: 62.0.3202.94, webStorageEnabled: true}
Session ID: eca654f9d961ffe67cfc23ae29d0d2aa)

2017-12-04 13:20:39 - [MESSAGE][WARNING] - Unable to click on object 'Object Repository/PrimoTours/LandingPage/secondPaxFirstNameField' (Root cause: org.openqa.selenium.WebDriverException: unknown error: Element <span class="select2-selection select2-selection--single" role="combobox" aria-haspopup="true" aria-expanded="false" tabindex="0" aria-labelledby="select2-gender-0_2-4g-container">...</span> is not clickable at point (1168, 747). Other element would receive the click: <li class="select2-results__option" id="select2-gender-0_1-6d-result-0w5l-MS" role="treeitem" aria-selected="false">...</li>
  (Session info: chrome=62.0.3202.94)
  (Driver info: chromedriver=2.33.506120 (e3e53437346286c0bc2d2dc9aa4915ba81d9023f),platform=Windows NT 6.3.9600 x86_64) (WARNING: The server did not provide any stacktrace information)
Command duration or timeout: 0 milliseconds
Build info: version: '3.7.1', revision: '8a0099a', time: '2017-11-06T21:07:36.161Z'
System info: host: 'NEACSUNEW-PC', ip: '10.10.10.211', os.name: 'Windows 8.1', os.arch: 'amd64', os.version: '6.3', java.version: '1.8.0_102'
Driver info: com.kms.katalon.selenium.driver.CChromeDriver
Capabilities {acceptSslCerts: true, applicationCacheEnabled: false, browserConnectionEnabled: false, browserName: chrome, chrome: {chromedriverVersion: 2.33.506120 (e3e53437346286..., userDataDir: C:\Users\Cornel\AppData\Loc...}, cssSelectorsEnabled: true, databaseEnabled: false, handlesAlerts: true, hasTouchScreen: false, javascriptEnabled: true, locationContextEnabled: true, mobileEmulationEnabled: false, nativeEvents: true, networkConnectionEnabled: false, pageLoadStrategy: normal, platform: XP, platformName: XP, rotatable: false, setWindowRect: true, takesHeapSnapshot: true, takesScreenshot: true, unexpectedAlertBehaviour: , unhandledPromptBehavior: , version: 62.0.3202.94, webStorageEnabled: true}
Session ID: eca654f9d961ffe67cfc23ae29d0d2aa)
[[ATTACHMENT|D:\\Software testing\\Tourpaq\\Automated Katalon tests\\Primo WB test\\Reports\\WB Primo From Excel URLs\\20171204_131551\\1512386439030.png]]

2017-12-04 13:20:39 - [TEST_STEP][PASSED] - Statement - If (i == 1 & j == 1): null

2017-12-04 13:20:39 - [TEST_STEP][PASSED] - Statement - randomPaxIndex = java.lang.Math.abs(new java.util.Random().nextInt() % excelRowNo) + 1: null

2017-12-04 13:20:39 - [TEST_STEP][PASSED] - Statement - fname = rawData.getValue("FirstName", randomPaxIndex) + " AUT": null

2017-12-04 13:20:39 - [TEST_STEP][PASSED] - Statement - lname = rawData.getValue("LastName", randomPaxIndex): null

2017-12-04 13:20:39 - [TEST_STEP][PASSED] - Statement - pgender = rawData.getValue("Gender", randomPaxIndex): null

2017-12-04 13:20:39 - [TEST_STEP][PASSED] - Statement - pday = rawData.getValue("Day DOB", randomPaxIndex): null

2017-12-04 13:20:39 - [TEST_STEP][PASSED] - Statement - pmonth = rawData.getValue("Month DOB", randomPaxIndex): null

2017-12-04 13:20:39 - [TEST_STEP][PASSED] - Statement - pyear = rawData.getValue("Year DOB", randomPaxIndex): null

2017-12-04 13:20:39 - [TEST_STEP][PASSED] - Statement - paxDetailFields = paxInRoomXpath + "[" + j + "]/div[@class="col-md-x col-md-9"]/div[@class="row paxContainer"][1]/div[contains(@class,"paxAttribute")]": null

2017-12-04 13:20:39 - [TEST_STEP][PASSED] - Statement - xpathval = paxDetailFields + "[1]/div[contains(@class,"form-group")]/input[contains(@class,"paxFirstName")]": null

2017-12-04 13:20:39 - [TEST_STEP][PASSED] - Statement - println("fn: " + xpathval): null

2017-12-04 13:20:39 - [TEST_STEP][PASSED] - Statement - repObj = com.kms.katalon.core.testobject.ObjectRepository.findTestObject(Object Repository/PrimoTours/LandingPage/secondPaxFirstNameField): Finding Test Object with id 'Object Repository/PrimoTours/LandingPage/secondPaxFirstNameField'

2017-12-04 13:20:39 - [TEST_STEP][PASSED] - Statement - repObj.findProperty("xpath").setValue(xpathval): null

2017-12-04 13:20:39 - [TEST_STEP][PASSED] - setText: Text 'Pedersen AUT' is set on object 'Object Repository/PrimoTours/LandingPage/secondPaxFirstNameField'

2017-12-04 13:20:39 - [MESSAGE][PASSED] - Text 'Pedersen AUT' is set on object 'Object Repository/PrimoTours/LandingPage/secondPaxFirstNameField'

2017-12-04 13:20:39 - [TEST_STEP][PASSED] - Statement - xpathval = paxDetailFields + "[2]/div[contains(@class,"form-group")]/input[contains(@class,"paxLastName")]": null

2017-12-04 13:20:39 - [TEST_STEP][PASSED] - Statement - println("ln: " + xpathval): null

2017-12-04 13:20:39 - [TEST_STEP][PASSED] - Statement - repObj = com.kms.katalon.core.testobject.ObjectRepository.findTestObject(Object Repository/PrimoTours/LandingPage/secondPaxFirstNameField): Finding Test Object with id 'Object Repository/PrimoTours/LandingPage/secondPaxFirstNameField'

2017-12-04 13:20:39 - [TEST_STEP][PASSED] - Statement - repObj.findProperty("xpath").setValue(xpathval): null

2017-12-04 13:20:39 - [TEST_STEP][PASSED] - setText: Text 'Steen' is set on object 'Object Repository/PrimoTours/LandingPage/secondPaxFirstNameField'

2017-12-04 13:20:40 - [MESSAGE][PASSED] - Text 'Steen' is set on object 'Object Repository/PrimoTours/LandingPage/secondPaxFirstNameField'

2017-12-04 13:20:40 - [TEST_STEP][PASSED] - Statement - repObj = com.kms.katalon.core.testobject.ObjectRepository.findTestObject(Object Repository/PrimoTours/LandingPage/secondPaxFirstNameField): Finding Test Object with id 'Object Repository/PrimoTours/LandingPage/secondPaxFirstNameField'

2017-12-04 13:20:40 - [TEST_STEP][PASSED] - Statement - xpathval = paxDetailFields + "[3]/div[contains(@class,"paxGenderSelectorContainer")]/span[contains(@class,"select2 select2-container")]/span[contains(@class,"selection")]/span[contains(@class,"select2-selection")]": null

2017-12-04 13:20:40 - [TEST_STEP][PASSED] - Statement - println("gender: " + xpathval): null

2017-12-04 13:20:40 - [TEST_STEP][PASSED] - Statement - repObj.findProperty("xpath").setValue(xpathval): null

2017-12-04 13:20:40 - [TEST_STEP][PASSED] - click: Object: 'Object Repository/PrimoTours/LandingPage/secondPaxFirstNameField' is clicked on

2017-12-04 13:20:40 - [MESSAGE][PASSED] - Object: 'Object Repository/PrimoTours/LandingPage/secondPaxFirstNameField' is clicked on

2017-12-04 13:20:40 - [TEST_STEP][PASSED] - Statement - If (i == 1 & j == 1): null

2017-12-04 13:20:40 - [TEST_STEP][PASSED] - Statement - randomPaxIndex = java.lang.Math.abs(new java.util.Random().nextInt() % excelRowNo) + 1: null

2017-12-04 13:20:40 - [TEST_STEP][PASSED] - Statement - fname = rawData.getValue("FirstName", randomPaxIndex) + " AUT": null

2017-12-04 13:20:40 - [TEST_STEP][PASSED] - Statement - lname = rawData.getValue("LastName", randomPaxIndex): null

2017-12-04 13:20:40 - [TEST_STEP][PASSED] - Statement - pgender = rawData.getValue("Gender", randomPaxIndex): null

2017-12-04 13:20:40 - [TEST_STEP][PASSED] - Statement - pday = rawData.getValue("Day DOB", randomPaxIndex): null

2017-12-04 13:20:40 - [TEST_STEP][PASSED] - Statement - pmonth = rawData.getValue("Month DOB", randomPaxIndex): null

2017-12-04 13:20:40 - [TEST_STEP][PASSED] - Statement - pyear = rawData.getValue("Year DOB", randomPaxIndex): null

2017-12-04 13:20:40 - [TEST_STEP][PASSED] - Statement - paxDetailFields = paxInRoomXpath + "[" + j + "]/div[@class="col-md-x col-md-9"]/div[@class="row paxContainer"][1]/div[contains(@class,"paxAttribute")]": null

2017-12-04 13:20:40 - [TEST_STEP][PASSED] - Statement - xpathval = paxDetailFields + "[1]/div[contains(@class,"form-group")]/input[contains(@class,"paxFirstName")]": null

2017-12-04 13:20:40 - [TEST_STEP][PASSED] - Statement - println("fn: " + xpathval): null

2017-12-04 13:20:40 - [TEST_STEP][PASSED] - Statement - repObj = com.kms.katalon.core.testobject.ObjectRepository.findTestObject(Object Repository/PrimoTours/LandingPage/secondPaxFirstNameField): Finding Test Object with id 'Object Repository/PrimoTours/LandingPage/secondPaxFirstNameField'

2017-12-04 13:20:40 - [TEST_STEP][PASSED] - Statement - repObj.findProperty("xpath").setValue(xpathval): null

2017-12-04 13:20:40 - [TEST_STEP][PASSED] - setText: Text 'Jensen AUT' is set on object 'Object Repository/PrimoTours/LandingPage/secondPaxFirstNameField'

2017-12-04 13:20:40 - [MESSAGE][PASSED] - Text 'Jensen AUT' is set on object 'Object Repository/PrimoTours/LandingPage/secondPaxFirstNameField'

2017-12-04 13:20:40 - [TEST_STEP][PASSED] - Statement - xpathval = paxDetailFields + "[2]/div[contains(@class,"form-group")]/input[contains(@class,"paxLastName")]": null

2017-12-04 13:20:40 - [TEST_STEP][PASSED] - Statement - println("ln: " + xpathval): null

2017-12-04 13:20:40 - [TEST_STEP][PASSED] - Statement - repObj = com.kms.katalon.core.testobject.ObjectRepository.findTestObject(Object Repository/PrimoTours/LandingPage/secondPaxFirstNameField): Finding Test Object with id 'Object Repository/PrimoTours/LandingPage/secondPaxFirstNameField'

2017-12-04 13:20:40 - [TEST_STEP][PASSED] - Statement - repObj.findProperty("xpath").setValue(xpathval): null

2017-12-04 13:20:40 - [TEST_STEP][PASSED] - setText: Text 'Gitte Stauning' is set on object 'Object Repository/PrimoTours/LandingPage/secondPaxFirstNameField'

2017-12-04 13:20:40 - [MESSAGE][PASSED] - Text 'Gitte Stauning' is set on object 'Object Repository/PrimoTours/LandingPage/secondPaxFirstNameField'

2017-12-04 13:20:40 - [TEST_STEP][PASSED] - Statement - repObj = com.kms.katalon.core.testobject.ObjectRepository.findTestObject(Object Repository/PrimoTours/LandingPage/secondPaxFirstNameField): Finding Test Object with id 'Object Repository/PrimoTours/LandingPage/secondPaxFirstNameField'

2017-12-04 13:20:40 - [TEST_STEP][PASSED] - Statement - xpathval = paxDetailFields + "[3]/div[contains(@class,"paxGenderSelectorContainer")]/span[contains(@class,"select2 select2-container")]/span[contains(@class,"selection")]/span[contains(@class,"select2-selection")]": null

2017-12-04 13:20:40 - [TEST_STEP][PASSED] - Statement - println("gender: " + xpathval): null

2017-12-04 13:20:40 - [TEST_STEP][PASSED] - Statement - repObj.findProperty("xpath").setValue(xpathval): null

2017-12-04 13:20:40 - [TEST_STEP][PASSED] - click: Unable to click on object 'Object Repository/PrimoTours/LandingPage/secondPaxFirstNameField' (Root cause: org.openqa.selenium.WebDriverException: unknown error: Element <span class="select2-selection select2-selection--single" role="combobox" aria-haspopup="true" aria-expanded="false" tabindex="0" aria-labelledby="select2-gender-0_4-od-container">...</span> is not clickable at point (1168, 857). Other element would receive the click: <li class="select2-results__option" id="select2-gender-0_3-8z-result-8ylf-MS" role="treeitem" aria-selected="false">...</li>
  (Session info: chrome=62.0.3202.94)
  (Driver info: chromedriver=2.33.506120 (e3e53437346286c0bc2d2dc9aa4915ba81d9023f),platform=Windows NT 6.3.9600 x86_64) (WARNING: The server did not provide any stacktrace information)
Command duration or timeout: 0 milliseconds
Build info: version: '3.7.1', revision: '8a0099a', time: '2017-11-06T21:07:36.161Z'
System info: host: 'NEACSUNEW-PC', ip: '10.10.10.211', os.name: 'Windows 8.1', os.arch: 'amd64', os.version: '6.3', java.version: '1.8.0_102'
Driver info: com.kms.katalon.selenium.driver.CChromeDriver
Capabilities {acceptSslCerts: true, applicationCacheEnabled: false, browserConnectionEnabled: false, browserName: chrome, chrome: {chromedriverVersion: 2.33.506120 (e3e53437346286..., userDataDir: C:\Users\Cornel\AppData\Loc...}, cssSelectorsEnabled: true, databaseEnabled: false, handlesAlerts: true, hasTouchScreen: false, javascriptEnabled: true, locationContextEnabled: true, mobileEmulationEnabled: false, nativeEvents: true, networkConnectionEnabled: false, pageLoadStrategy: normal, platform: XP, platformName: XP, rotatable: false, setWindowRect: true, takesHeapSnapshot: true, takesScreenshot: true, unexpectedAlertBehaviour: , unhandledPromptBehavior: , version: 62.0.3202.94, webStorageEnabled: true}
Session ID: eca654f9d961ffe67cfc23ae29d0d2aa)

2017-12-04 13:20:41 - [MESSAGE][WARNING] - Unable to click on object 'Object Repository/PrimoTours/LandingPage/secondPaxFirstNameField' (Root cause: org.openqa.selenium.WebDriverException: unknown error: Element <span class="select2-selection select2-selection--single" role="combobox" aria-haspopup="true" aria-expanded="false" tabindex="0" aria-labelledby="select2-gender-0_4-od-container">...</span> is not clickable at point (1168, 857). Other element would receive the click: <li class="select2-results__option" id="select2-gender-0_3-8z-result-8ylf-MS" role="treeitem" aria-selected="false">...</li>
  (Session info: chrome=62.0.3202.94)
  (Driver info: chromedriver=2.33.506120 (e3e53437346286c0bc2d2dc9aa4915ba81d9023f),platform=Windows NT 6.3.9600 x86_64) (WARNING: The server did not provide any stacktrace information)
Command duration or timeout: 0 milliseconds
Build info: version: '3.7.1', revision: '8a0099a', time: '2017-11-06T21:07:36.161Z'
System info: host: 'NEACSUNEW-PC', ip: '10.10.10.211', os.name: 'Windows 8.1', os.arch: 'amd64', os.version: '6.3', java.version: '1.8.0_102'
Driver info: com.kms.katalon.selenium.driver.CChromeDriver
Capabilities {acceptSslCerts: true, applicationCacheEnabled: false, browserConnectionEnabled: false, browserName: chrome, chrome: {chromedriverVersion: 2.33.506120 (e3e53437346286..., userDataDir: C:\Users\Cornel\AppData\Loc...}, cssSelectorsEnabled: true, databaseEnabled: false, handlesAlerts: true, hasTouchScreen: false, javascriptEnabled: true, locationContextEnabled: true, mobileEmulationEnabled: false, nativeEvents: true, networkConnectionEnabled: false, pageLoadStrategy: normal, platform: XP, platformName: XP, rotatable: false, setWindowRect: true, takesHeapSnapshot: true, takesScreenshot: true, unexpectedAlertBehaviour: , unhandledPromptBehavior: , version: 62.0.3202.94, webStorageEnabled: true}
Session ID: eca654f9d961ffe67cfc23ae29d0d2aa)
[[ATTACHMENT|D:\\Software testing\\Tourpaq\\Automated Katalon tests\\Primo WB test\\Reports\\WB Primo From Excel URLs\\20171204_131551\\1512386440798.png]]

2017-12-04 13:20:41 - [TEST_STEP][PASSED] - Statement - paxInRoomXpath = "id("passengersContainer_" + i - 1 + "")/div[@class="col-md-12"]/div[@class="row"]": null

2017-12-04 13:20:41 - [TEST_STEP][PASSED] - Statement - println("paxInRoomXpath=" + paxInRoomXpath): null

2017-12-04 13:20:41 - [TEST_STEP][PASSED] - Statement - paxInRoomCount = driver.findElements(org.openqa.selenium.By.xpath(paxInRoomXpath)).size(): null

2017-12-04 13:20:41 - [TEST_STEP][PASSED] - Statement - println("paxInRoomCount=" + paxInRoomCount): null

2017-12-04 13:20:41 - [TEST_STEP][PASSED] - Statement - For ([j = 1, j <= paxInRoomCount, (j++)]): Unable to click on object 'Object Repository/PrimoTours/LandingPage/secondPaxFirstNameField' (Root cause: org.openqa.selenium.WebDriverException: unknown error: Element <span class="select2-selection select2-selection--single" role="combobox" aria-haspopup="true" aria-expanded="false" tabindex="0" aria-labelledby="select2-gender-1_2-jh-container">...</span> is not clickable at point (1168, 528). Other element would receive the click: <li class="select2-results__option" id="select2-gender-1_1-9b-result-pvvw-MS" role="treeitem" aria-selected="false">...</li>
  (Session info: chrome=62.0.3202.94)
  (Driver info: chromedriver=2.33.506120 (e3e53437346286c0bc2d2dc9aa4915ba81d9023f),platform=Windows NT 6.3.9600 x86_64) (WARNING: The server did not provide any stacktrace information)
Command duration or timeout: 0 milliseconds
Build info: version: '3.7.1', revision: '8a0099a', time: '2017-11-06T21:07:36.161Z'
System info: host: 'NEACSUNEW-PC', ip: '10.10.10.211', os.name: 'Windows 8.1', os.arch: 'amd64', os.version: '6.3', java.version: '1.8.0_102'
Driver info: com.kms.katalon.selenium.driver.CChromeDriver
Capabilities {acceptSslCerts: true, applicationCacheEnabled: false, browserConnectionEnabled: false, browserName: chrome, chrome: {chromedriverVersion: 2.33.506120 (e3e53437346286..., userDataDir: C:\Users\Cornel\AppData\Loc...}, cssSelectorsEnabled: true, databaseEnabled: false, handlesAlerts: true, hasTouchScreen: false, javascriptEnabled: true, locationContextEnabled: true, mobileEmulationEnabled: false, nativeEvents: true, networkConnectionEnabled: false, pageLoadStrategy: normal, platform: XP, platformName: XP, rotatable: false, setWindowRect: true, takesHeapSnapshot: true, takesScreenshot: true, unexpectedAlertBehaviour: , unhandledPromptBehavior: , version: 62.0.3202.94, webStorageEnabled: true}
Session ID: eca654f9d961ffe67cfc23ae29d0d2aa)

2017-12-04 13:20:41 - [TEST_STEP][PASSED] - Statement - If (i == 1 & j == 1): null

2017-12-04 13:20:41 - [TEST_STEP][PASSED] - Statement - randomPaxIndex = java.lang.Math.abs(new java.util.Random().nextInt() % excelRowNo) + 1: null

2017-12-04 13:20:41 - [TEST_STEP][PASSED] - Statement - fname = rawData.getValue("FirstName", randomPaxIndex) + " AUT": null

2017-12-04 13:20:41 - [TEST_STEP][PASSED] - Statement - lname = rawData.getValue("LastName", randomPaxIndex): null

2017-12-04 13:20:41 - [TEST_STEP][PASSED] - Statement - pgender = rawData.getValue("Gender", randomPaxIndex): null

2017-12-04 13:20:41 - [TEST_STEP][PASSED] - Statement - pday = rawData.getValue("Day DOB", randomPaxIndex): null

2017-12-04 13:20:41 - [TEST_STEP][PASSED] - Statement - pmonth = rawData.getValue("Month DOB", randomPaxIndex): null

2017-12-04 13:20:41 - [TEST_STEP][PASSED] - Statement - pyear = rawData.getValue("Year DOB", randomPaxIndex): null

2017-12-04 13:20:41 - [TEST_STEP][PASSED] - Statement - paxDetailFields = paxInRoomXpath + "[" + j + "]/div[@class="col-md-x col-md-9"]/div[@class="row paxContainer"][1]/div[contains(@class,"paxAttribute")]": null

2017-12-04 13:20:41 - [TEST_STEP][PASSED] - Statement - xpathval = paxDetailFields + "[1]/div[contains(@class,"form-group")]/input[contains(@class,"paxFirstName")]": null

2017-12-04 13:20:41 - [TEST_STEP][PASSED] - Statement - println("fn: " + xpathval): null

2017-12-04 13:20:41 - [TEST_STEP][PASSED] - Statement - repObj = com.kms.katalon.core.testobject.ObjectRepository.findTestObject(Object Repository/PrimoTours/LandingPage/secondPaxFirstNameField): Finding Test Object with id 'Object Repository/PrimoTours/LandingPage/secondPaxFirstNameField'

2017-12-04 13:20:41 - [TEST_STEP][PASSED] - Statement - repObj.findProperty("xpath").setValue(xpathval): null

2017-12-04 13:20:41 - [TEST_STEP][PASSED] - setText: Text 'Moeslund AUT' is set on object 'Object Repository/PrimoTours/LandingPage/secondPaxFirstNameField'

2017-12-04 13:20:41 - [MESSAGE][PASSED] - Text 'Moeslund AUT' is set on object 'Object Repository/PrimoTours/LandingPage/secondPaxFirstNameField'

2017-12-04 13:20:41 - [TEST_STEP][PASSED] - Statement - xpathval = paxDetailFields + "[2]/div[contains(@class,"form-group")]/input[contains(@class,"paxLastName")]": null

2017-12-04 13:20:41 - [TEST_STEP][PASSED] - Statement - println("ln: " + xpathval): null

2017-12-04 13:20:41 - [TEST_STEP][PASSED] - Statement - repObj = com.kms.katalon.core.testobject.ObjectRepository.findTestObject(Object Repository/PrimoTours/LandingPage/secondPaxFirstNameField): Finding Test Object with id 'Object Repository/PrimoTours/LandingPage/secondPaxFirstNameField'

2017-12-04 13:20:41 - [TEST_STEP][PASSED] - Statement - repObj.findProperty("xpath").setValue(xpathval): null

2017-12-04 13:20:41 - [TEST_STEP][PASSED] - setText: Text 'Magnus' is set on object 'Object Repository/PrimoTours/LandingPage/secondPaxFirstNameField'

2017-12-04 13:20:41 - [MESSAGE][PASSED] - Text 'Magnus' is set on object 'Object Repository/PrimoTours/LandingPage/secondPaxFirstNameField'

2017-12-04 13:20:41 - [TEST_STEP][PASSED] - Statement - repObj = com.kms.katalon.core.testobject.ObjectRepository.findTestObject(Object Repository/PrimoTours/LandingPage/secondPaxFirstNameField): Finding Test Object with id 'Object Repository/PrimoTours/LandingPage/secondPaxFirstNameField'

2017-12-04 13:20:41 - [TEST_STEP][PASSED] - Statement - xpathval = paxDetailFields + "[3]/div[contains(@class,"paxGenderSelectorContainer")]/span[contains(@class,"select2 select2-container")]/span[contains(@class,"selection")]/span[contains(@class,"select2-selection")]": null

2017-12-04 13:20:41 - [TEST_STEP][PASSED] - Statement - println("gender: " + xpathval): null

2017-12-04 13:20:41 - [TEST_STEP][PASSED] - Statement - repObj.findProperty("xpath").setValue(xpathval): null

2017-12-04 13:20:41 - [TEST_STEP][PASSED] - click: Object: 'Object Repository/PrimoTours/LandingPage/secondPaxFirstNameField' is clicked on

2017-12-04 13:20:41 - [MESSAGE][PASSED] - Object: 'Object Repository/PrimoTours/LandingPage/secondPaxFirstNameField' is clicked on

2017-12-04 13:20:41 - [TEST_STEP][PASSED] - Statement - If (i == 1 & j == 1): null

2017-12-04 13:20:41 - [TEST_STEP][PASSED] - Statement - randomPaxIndex = java.lang.Math.abs(new java.util.Random().nextInt() % excelRowNo) + 1: null

2017-12-04 13:20:41 - [TEST_STEP][PASSED] - Statement - fname = rawData.getValue("FirstName", randomPaxIndex) + " AUT": null

2017-12-04 13:20:41 - [TEST_STEP][PASSED] - Statement - lname = rawData.getValue("LastName", randomPaxIndex): null

2017-12-04 13:20:41 - [TEST_STEP][PASSED] - Statement - pgender = rawData.getValue("Gender", randomPaxIndex): null

2017-12-04 13:20:41 - [TEST_STEP][PASSED] - Statement - pday = rawData.getValue("Day DOB", randomPaxIndex): null

2017-12-04 13:20:41 - [TEST_STEP][PASSED] - Statement - pmonth = rawData.getValue("Month DOB", randomPaxIndex): null

2017-12-04 13:20:41 - [TEST_STEP][PASSED] - Statement - pyear = rawData.getValue("Year DOB", randomPaxIndex): null

2017-12-04 13:20:41 - [TEST_STEP][PASSED] - Statement - paxDetailFields = paxInRoomXpath + "[" + j + "]/div[@class="col-md-x col-md-9"]/div[@class="row paxContainer"][1]/div[contains(@class,"paxAttribute")]": null

2017-12-04 13:20:41 - [TEST_STEP][PASSED] - Statement - xpathval = paxDetailFields + "[1]/div[contains(@class,"form-group")]/input[contains(@class,"paxFirstName")]": null

2017-12-04 13:20:41 - [TEST_STEP][PASSED] - Statement - println("fn: " + xpathval): null

2017-12-04 13:20:41 - [TEST_STEP][PASSED] - Statement - repObj = com.kms.katalon.core.testobject.ObjectRepository.findTestObject(Object Repository/PrimoTours/LandingPage/secondPaxFirstNameField): Finding Test Object with id 'Object Repository/PrimoTours/LandingPage/secondPaxFirstNameField'

2017-12-04 13:20:41 - [TEST_STEP][PASSED] - Statement - repObj.findProperty("xpath").setValue(xpathval): null

2017-12-04 13:20:41 - [TEST_STEP][PASSED] - setText: Text 'Pedersen AUT' is set on object 'Object Repository/PrimoTours/LandingPage/secondPaxFirstNameField'

2017-12-04 13:20:42 - [MESSAGE][PASSED] - Text 'Pedersen AUT' is set on object 'Object Repository/PrimoTours/LandingPage/secondPaxFirstNameField'

2017-12-04 13:20:42 - [TEST_STEP][PASSED] - Statement - xpathval = paxDetailFields + "[2]/div[contains(@class,"form-group")]/input[contains(@class,"paxLastName")]": null

2017-12-04 13:20:42 - [TEST_STEP][PASSED] - Statement - println("ln: " + xpathval): null

2017-12-04 13:20:42 - [TEST_STEP][PASSED] - Statement - repObj = com.kms.katalon.core.testobject.ObjectRepository.findTestObject(Object Repository/PrimoTours/LandingPage/secondPaxFirstNameField): Finding Test Object with id 'Object Repository/PrimoTours/LandingPage/secondPaxFirstNameField'

2017-12-04 13:20:42 - [TEST_STEP][PASSED] - Statement - repObj.findProperty("xpath").setValue(xpathval): null

2017-12-04 13:20:42 - [TEST_STEP][PASSED] - setText: Text 'Kim Allan' is set on object 'Object Repository/PrimoTours/LandingPage/secondPaxFirstNameField'

2017-12-04 13:20:42 - [MESSAGE][PASSED] - Text 'Kim Allan' is set on object 'Object Repository/PrimoTours/LandingPage/secondPaxFirstNameField'

2017-12-04 13:20:42 - [TEST_STEP][PASSED] - Statement - repObj = com.kms.katalon.core.testobject.ObjectRepository.findTestObject(Object Repository/PrimoTours/LandingPage/secondPaxFirstNameField): Finding Test Object with id 'Object Repository/PrimoTours/LandingPage/secondPaxFirstNameField'

2017-12-04 13:20:42 - [TEST_STEP][PASSED] - Statement - xpathval = paxDetailFields + "[3]/div[contains(@class,"paxGenderSelectorContainer")]/span[contains(@class,"select2 select2-container")]/span[contains(@class,"selection")]/span[contains(@class,"select2-selection")]": null

2017-12-04 13:20:42 - [TEST_STEP][PASSED] - Statement - println("gender: " + xpathval): null

2017-12-04 13:20:42 - [TEST_STEP][PASSED] - Statement - repObj.findProperty("xpath").setValue(xpathval): null

2017-12-04 13:20:42 - [TEST_STEP][PASSED] - click: Object: 'Object Repository/PrimoTours/LandingPage/secondPaxFirstNameField' is clicked on

2017-12-04 13:20:42 - [MESSAGE][PASSED] - Object: 'Object Repository/PrimoTours/LandingPage/secondPaxFirstNameField' is clicked on

2017-12-04 13:20:42 - [TEST_STEP][PASSED] - Statement - If (i == 1 & j == 1): null

2017-12-04 13:20:42 - [TEST_STEP][PASSED] - Statement - randomPaxIndex = java.lang.Math.abs(new java.util.Random().nextInt() % excelRowNo) + 1: null

2017-12-04 13:20:42 - [TEST_STEP][PASSED] - Statement - fname = rawData.getValue("FirstName", randomPaxIndex) + " AUT": null

2017-12-04 13:20:42 - [TEST_STEP][PASSED] - Statement - lname = rawData.getValue("LastName", randomPaxIndex): null

2017-12-04 13:20:42 - [TEST_STEP][PASSED] - Statement - pgender = rawData.getValue("Gender", randomPaxIndex): null

2017-12-04 13:20:42 - [TEST_STEP][PASSED] - Statement - pday = rawData.getValue("Day DOB", randomPaxIndex): null

2017-12-04 13:20:42 - [TEST_STEP][PASSED] - Statement - pmonth = rawData.getValue("Month DOB", randomPaxIndex): null

2017-12-04 13:20:42 - [TEST_STEP][PASSED] - Statement - pyear = rawData.getValue("Year DOB", randomPaxIndex): null

2017-12-04 13:20:42 - [TEST_STEP][PASSED] - Statement - paxDetailFields = paxInRoomXpath + "[" + j + "]/div[@class="col-md-x col-md-9"]/div[@class="row paxContainer"][1]/div[contains(@class,"paxAttribute")]": null

2017-12-04 13:20:42 - [TEST_STEP][PASSED] - Statement - xpathval = paxDetailFields + "[1]/div[contains(@class,"form-group")]/input[contains(@class,"paxFirstName")]": null

2017-12-04 13:20:42 - [TEST_STEP][PASSED] - Statement - println("fn: " + xpathval): null

2017-12-04 13:20:42 - [TEST_STEP][PASSED] - Statement - repObj = com.kms.katalon.core.testobject.ObjectRepository.findTestObject(Object Repository/PrimoTours/LandingPage/secondPaxFirstNameField): Finding Test Object with id 'Object Repository/PrimoTours/LandingPage/secondPaxFirstNameField'

2017-12-04 13:20:42 - [TEST_STEP][PASSED] - Statement - repObj.findProperty("xpath").setValue(xpathval): null

2017-12-04 13:20:42 - [TEST_STEP][PASSED] - setText: Text 'Mortensen AUT' is set on object 'Object Repository/PrimoTours/LandingPage/secondPaxFirstNameField'

2017-12-04 13:20:42 - [MESSAGE][PASSED] - Text 'Mortensen AUT' is set on object 'Object Repository/PrimoTours/LandingPage/secondPaxFirstNameField'

2017-12-04 13:20:42 - [TEST_STEP][PASSED] - Statement - xpathval = paxDetailFields + "[2]/div[contains(@class,"form-group")]/input[contains(@class,"paxLastName")]": null

2017-12-04 13:20:42 - [TEST_STEP][PASSED] - Statement - println("ln: " + xpathval): null

2017-12-04 13:20:42 - [TEST_STEP][PASSED] - Statement - repObj = com.kms.katalon.core.testobject.ObjectRepository.findTestObject(Object Repository/PrimoTours/LandingPage/secondPaxFirstNameField): Finding Test Object with id 'Object Repository/PrimoTours/LandingPage/secondPaxFirstNameField'

2017-12-04 13:20:42 - [TEST_STEP][PASSED] - Statement - repObj.findProperty("xpath").setValue(xpathval): null

2017-12-04 13:20:42 - [TEST_STEP][PASSED] - setText: Text 'Anna-Lise Hededal' is set on object 'Object Repository/PrimoTours/LandingPage/secondPaxFirstNameField'

2017-12-04 13:20:43 - [MESSAGE][PASSED] - Text 'Anna-Lise Hededal' is set on object 'Object Repository/PrimoTours/LandingPage/secondPaxFirstNameField'

2017-12-04 13:20:43 - [TEST_STEP][PASSED] - Statement - repObj = com.kms.katalon.core.testobject.ObjectRepository.findTestObject(Object Repository/PrimoTours/LandingPage/secondPaxFirstNameField): Finding Test Object with id 'Object Repository/PrimoTours/LandingPage/secondPaxFirstNameField'

2017-12-04 13:20:43 - [TEST_STEP][PASSED] - Statement - xpathval = paxDetailFields + "[3]/div[contains(@class,"paxGenderSelectorContainer")]/span[contains(@class,"select2 select2-container")]/span[contains(@class,"selection")]/span[contains(@class,"select2-selection")]": null

2017-12-04 13:20:43 - [TEST_STEP][PASSED] - Statement - println("gender: " + xpathval): null

2017-12-04 13:20:43 - [TEST_STEP][PASSED] - Statement - repObj.findProperty("xpath").setValue(xpathval): null

2017-12-04 13:20:43 - [TEST_STEP][PASSED] - click: Unable to click on object 'Object Repository/PrimoTours/LandingPage/secondPaxFirstNameField' (Root cause: org.openqa.selenium.WebDriverException: unknown error: Element <span class="select2-selection select2-selection--single" role="combobox" aria-haspopup="true" aria-expanded="false" tabindex="0" aria-labelledby="select2-gender-1_2-jh-container">...</span> is not clickable at point (1168, 528). Other element would receive the click: <li class="select2-results__option" id="select2-gender-1_1-9b-result-pvvw-MS" role="treeitem" aria-selected="false">...</li>
  (Session info: chrome=62.0.3202.94)
  (Driver info: chromedriver=2.33.506120 (e3e53437346286c0bc2d2dc9aa4915ba81d9023f),platform=Windows NT 6.3.9600 x86_64) (WARNING: The server did not provide any stacktrace information)
Command duration or timeout: 0 milliseconds
Build info: version: '3.7.1', revision: '8a0099a', time: '2017-11-06T21:07:36.161Z'
System info: host: 'NEACSUNEW-PC', ip: '10.10.10.211', os.name: 'Windows 8.1', os.arch: 'amd64', os.version: '6.3', java.version: '1.8.0_102'
Driver info: com.kms.katalon.selenium.driver.CChromeDriver
Capabilities {acceptSslCerts: true, applicationCacheEnabled: false, browserConnectionEnabled: false, browserName: chrome, chrome: {chromedriverVersion: 2.33.506120 (e3e53437346286..., userDataDir: C:\Users\Cornel\AppData\Loc...}, cssSelectorsEnabled: true, databaseEnabled: false, handlesAlerts: true, hasTouchScreen: false, javascriptEnabled: true, locationContextEnabled: true, mobileEmulationEnabled: false, nativeEvents: true, networkConnectionEnabled: false, pageLoadStrategy: normal, platform: XP, platformName: XP, rotatable: false, setWindowRect: true, takesHeapSnapshot: true, takesScreenshot: true, unexpectedAlertBehaviour: , unhandledPromptBehavior: , version: 62.0.3202.94, webStorageEnabled: true}
Session ID: eca654f9d961ffe67cfc23ae29d0d2aa)

2017-12-04 13:20:43 - [MESSAGE][WARNING] - Unable to click on object 'Object Repository/PrimoTours/LandingPage/secondPaxFirstNameField' (Root cause: org.openqa.selenium.WebDriverException: unknown error: Element <span class="select2-selection select2-selection--single" role="combobox" aria-haspopup="true" aria-expanded="false" tabindex="0" aria-labelledby="select2-gender-1_2-jh-container">...</span> is not clickable at point (1168, 528). Other element would receive the click: <li class="select2-results__option" id="select2-gender-1_1-9b-result-pvvw-MS" role="treeitem" aria-selected="false">...</li>
  (Session info: chrome=62.0.3202.94)
  (Driver info: chromedriver=2.33.506120 (e3e53437346286c0bc2d2dc9aa4915ba81d9023f),platform=Windows NT 6.3.9600 x86_64) (WARNING: The server did not provide any stacktrace information)
Command duration or timeout: 0 milliseconds
Build info: version: '3.7.1', revision: '8a0099a', time: '2017-11-06T21:07:36.161Z'
System info: host: 'NEACSUNEW-PC', ip: '10.10.10.211', os.name: 'Windows 8.1', os.arch: 'amd64', os.version: '6.3', java.version: '1.8.0_102'
Driver info: com.kms.katalon.selenium.driver.CChromeDriver
Capabilities {acceptSslCerts: true, applicationCacheEnabled: false, browserConnectionEnabled: false, browserName: chrome, chrome: {chromedriverVersion: 2.33.506120 (e3e53437346286..., userDataDir: C:\Users\Cornel\AppData\Loc...}, cssSelectorsEnabled: true, databaseEnabled: false, handlesAlerts: true, hasTouchScreen: false, javascriptEnabled: true, locationContextEnabled: true, mobileEmulationEnabled: false, nativeEvents: true, networkConnectionEnabled: false, pageLoadStrategy: normal, platform: XP, platformName: XP, rotatable: false, setWindowRect: true, takesHeapSnapshot: true, takesScreenshot: true, unexpectedAlertBehaviour: , unhandledPromptBehavior: , version: 62.0.3202.94, webStorageEnabled: true}
Session ID: eca654f9d961ffe67cfc23ae29d0d2aa)
[[ATTACHMENT|D:\\Software testing\\Tourpaq\\Automated Katalon tests\\Primo WB test\\Reports\\WB Primo From Excel URLs\\20171204_131551\\1512386443284.png]]

2017-12-04 13:20:43 - [TEST_STEP][PASSED] - Statement - paxInRoomXpath = "id("passengersContainer_" + i - 1 + "")/div[@class="col-md-12"]/div[@class="row"]": null

2017-12-04 13:20:43 - [TEST_STEP][PASSED] - Statement - println("paxInRoomXpath=" + paxInRoomXpath): null

2017-12-04 13:20:43 - [TEST_STEP][PASSED] - Statement - paxInRoomCount = driver.findElements(org.openqa.selenium.By.xpath(paxInRoomXpath)).size(): null

2017-12-04 13:20:43 - [TEST_STEP][PASSED] - Statement - println("paxInRoomCount=" + paxInRoomCount): null

2017-12-04 13:20:43 - [TEST_STEP][PASSED] - Statement - For ([j = 1, j <= paxInRoomCount, (j++)]): Object: 'Object Repository/PrimoTours/LandingPage/secondPaxFirstNameField' is clicked on

2017-12-04 13:20:43 - [TEST_STEP][PASSED] - Statement - If (i == 1 & j == 1): null

2017-12-04 13:20:43 - [TEST_STEP][PASSED] - Statement - randomPaxIndex = java.lang.Math.abs(new java.util.Random().nextInt() % excelRowNo) + 1: null

2017-12-04 13:20:43 - [TEST_STEP][PASSED] - Statement - fname = rawData.getValue("FirstName", randomPaxIndex) + " AUT": null

2017-12-04 13:20:43 - [TEST_STEP][PASSED] - Statement - lname = rawData.getValue("LastName", randomPaxIndex): null

2017-12-04 13:20:43 - [TEST_STEP][PASSED] - Statement - pgender = rawData.getValue("Gender", randomPaxIndex): null

2017-12-04 13:20:43 - [TEST_STEP][PASSED] - Statement - pday = rawData.getValue("Day DOB", randomPaxIndex): null

2017-12-04 13:20:43 - [TEST_STEP][PASSED] - Statement - pmonth = rawData.getValue("Month DOB", randomPaxIndex): null

2017-12-04 13:20:43 - [TEST_STEP][PASSED] - Statement - pyear = rawData.getValue("Year DOB", randomPaxIndex): null

2017-12-04 13:20:43 - [TEST_STEP][PASSED] - Statement - paxDetailFields = paxInRoomXpath + "[" + j + "]/div[@class="col-md-x col-md-9"]/div[@class="row paxContainer"][1]/div[contains(@class,"paxAttribute")]": null

2017-12-04 13:20:43 - [TEST_STEP][PASSED] - Statement - xpathval = paxDetailFields + "[1]/div[contains(@class,"form-group")]/input[contains(@class,"paxFirstName")]": null

2017-12-04 13:20:43 - [TEST_STEP][PASSED] - Statement - println("fn: " + xpathval): null

2017-12-04 13:20:43 - [TEST_STEP][PASSED] - Statement - repObj = com.kms.katalon.core.testobject.ObjectRepository.findTestObject(Object Repository/PrimoTours/LandingPage/secondPaxFirstNameField): Finding Test Object with id 'Object Repository/PrimoTours/LandingPage/secondPaxFirstNameField'

2017-12-04 13:20:43 - [TEST_STEP][PASSED] - Statement - repObj.findProperty("xpath").setValue(xpathval): null

2017-12-04 13:20:43 - [TEST_STEP][PASSED] - setText: Text 'Votborg AUT' is set on object 'Object Repository/PrimoTours/LandingPage/secondPaxFirstNameField'

2017-12-04 13:20:43 - [MESSAGE][PASSED] - Text 'Votborg AUT' is set on object 'Object Repository/PrimoTours/LandingPage/secondPaxFirstNameField'

2017-12-04 13:20:43 - [TEST_STEP][PASSED] - Statement - xpathval = paxDetailFields + "[2]/div[contains(@class,"form-group")]/input[contains(@class,"paxLastName")]": null

2017-12-04 13:20:43 - [TEST_STEP][PASSED] - Statement - println("ln: " + xpathval): null

2017-12-04 13:20:43 - [TEST_STEP][PASSED] - Statement - repObj = com.kms.katalon.core.testobject.ObjectRepository.findTestObject(Object Repository/PrimoTours/LandingPage/secondPaxFirstNameField): Finding Test Object with id 'Object Repository/PrimoTours/LandingPage/secondPaxFirstNameField'

2017-12-04 13:20:43 - [TEST_STEP][PASSED] - Statement - repObj.findProperty("xpath").setValue(xpathval): null

2017-12-04 13:20:43 - [TEST_STEP][PASSED] - setText: Text 'Noah Vilsgaard' is set on object 'Object Repository/PrimoTours/LandingPage/secondPaxFirstNameField'

2017-12-04 13:20:44 - [MESSAGE][PASSED] - Text 'Noah Vilsgaard' is set on object 'Object Repository/PrimoTours/LandingPage/secondPaxFirstNameField'

2017-12-04 13:20:44 - [TEST_STEP][PASSED] - Statement - repObj = com.kms.katalon.core.testobject.ObjectRepository.findTestObject(Object Repository/PrimoTours/LandingPage/secondPaxFirstNameField): Finding Test Object with id 'Object Repository/PrimoTours/LandingPage/secondPaxFirstNameField'

2017-12-04 13:20:44 - [TEST_STEP][PASSED] - Statement - xpathval = paxDetailFields + "[3]/div[contains(@class,"paxGenderSelectorContainer")]/span[contains(@class,"select2 select2-container")]/span[contains(@class,"selection")]/span[contains(@class,"select2-selection")]": null

2017-12-04 13:20:44 - [TEST_STEP][PASSED] - Statement - println("gender: " + xpathval): null

2017-12-04 13:20:44 - [TEST_STEP][PASSED] - Statement - repObj.findProperty("xpath").setValue(xpathval): null

2017-12-04 13:20:44 - [TEST_STEP][PASSED] - click: Object: 'Object Repository/PrimoTours/LandingPage/secondPaxFirstNameField' is clicked on

2017-12-04 13:20:44 - [MESSAGE][PASSED] - Object: 'Object Repository/PrimoTours/LandingPage/secondPaxFirstNameField' is clicked on

2017-12-04 13:20:44 - [TEST_STEP][PASSED] - Statement - If (i == 1 & j == 1): null

2017-12-04 13:20:44 - [TEST_STEP][PASSED] - Statement - randomPaxIndex = java.lang.Math.abs(new java.util.Random().nextInt() % excelRowNo) + 1: null

2017-12-04 13:20:44 - [TEST_STEP][PASSED] - Statement - fname = rawData.getValue("FirstName", randomPaxIndex) + " AUT": null

2017-12-04 13:20:44 - [TEST_STEP][PASSED] - Statement - lname = rawData.getValue("LastName", randomPaxIndex): null

2017-12-04 13:20:44 - [TEST_STEP][PASSED] - Statement - pgender = rawData.getValue("Gender", randomPaxIndex): null

2017-12-04 13:20:44 - [TEST_STEP][PASSED] - Statement - pday = rawData.getValue("Day DOB", randomPaxIndex): null

2017-12-04 13:20:44 - [TEST_STEP][PASSED] - Statement - pmonth = rawData.getValue("Month DOB", randomPaxIndex): null

2017-12-04 13:20:44 - [TEST_STEP][PASSED] - Statement - pyear = rawData.getValue("Year DOB", randomPaxIndex): null

2017-12-04 13:20:44 - [TEST_STEP][PASSED] - Statement - paxDetailFields = paxInRoomXpath + "[" + j + "]/div[@class="col-md-x col-md-9"]/div[@class="row paxContainer"][1]/div[contains(@class,"paxAttribute")]": null

2017-12-04 13:20:44 - [TEST_STEP][PASSED] - Statement - xpathval = paxDetailFields + "[1]/div[contains(@class,"form-group")]/input[contains(@class,"paxFirstName")]": null

2017-12-04 13:20:44 - [TEST_STEP][PASSED] - Statement - println("fn: " + xpathval): null

2017-12-04 13:20:44 - [TEST_STEP][PASSED] - Statement - repObj = com.kms.katalon.core.testobject.ObjectRepository.findTestObject(Object Repository/PrimoTours/LandingPage/secondPaxFirstNameField): Finding Test Object with id 'Object Repository/PrimoTours/LandingPage/secondPaxFirstNameField'

2017-12-04 13:20:44 - [TEST_STEP][PASSED] - Statement - repObj.findProperty("xpath").setValue(xpathval): null

2017-12-04 13:20:44 - [TEST_STEP][PASSED] - setText: Text 'Søndergaard AUT' is set on object 'Object Repository/PrimoTours/LandingPage/secondPaxFirstNameField'

2017-12-04 13:20:44 - [MESSAGE][PASSED] - Text 'Søndergaard AUT' is set on object 'Object Repository/PrimoTours/LandingPage/secondPaxFirstNameField'

2017-12-04 13:20:44 - [TEST_STEP][PASSED] - Statement - xpathval = paxDetailFields + "[2]/div[contains(@class,"form-group")]/input[contains(@class,"paxLastName")]": null

2017-12-04 13:20:44 - [TEST_STEP][PASSED] - Statement - println("ln: " + xpathval): null

2017-12-04 13:20:44 - [TEST_STEP][PASSED] - Statement - repObj = com.kms.katalon.core.testobject.ObjectRepository.findTestObject(Object Repository/PrimoTours/LandingPage/secondPaxFirstNameField): Finding Test Object with id 'Object Repository/PrimoTours/LandingPage/secondPaxFirstNameField'

2017-12-04 13:20:44 - [TEST_STEP][PASSED] - Statement - repObj.findProperty("xpath").setValue(xpathval): null

2017-12-04 13:20:44 - [TEST_STEP][PASSED] - setText: Text 'Michael Skov' is set on object 'Object Repository/PrimoTours/LandingPage/secondPaxFirstNameField'

2017-12-04 13:20:45 - [MESSAGE][PASSED] - Text 'Michael Skov' is set on object 'Object Repository/PrimoTours/LandingPage/secondPaxFirstNameField'

2017-12-04 13:20:45 - [TEST_STEP][PASSED] - Statement - repObj = com.kms.katalon.core.testobject.ObjectRepository.findTestObject(Object Repository/PrimoTours/LandingPage/secondPaxFirstNameField): Finding Test Object with id 'Object Repository/PrimoTours/LandingPage/secondPaxFirstNameField'

2017-12-04 13:20:45 - [TEST_STEP][PASSED] - Statement - xpathval = paxDetailFields + "[3]/div[contains(@class,"paxGenderSelectorContainer")]/span[contains(@class,"select2 select2-container")]/span[contains(@class,"selection")]/span[contains(@class,"select2-selection")]": null

2017-12-04 13:20:45 - [TEST_STEP][PASSED] - Statement - println("gender: " + xpathval): null

2017-12-04 13:20:45 - [TEST_STEP][PASSED] - Statement - repObj.findProperty("xpath").setValue(xpathval): null

2017-12-04 13:20:45 - [TEST_STEP][PASSED] - click: Unable to click on object 'Object Repository/PrimoTours/LandingPage/secondPaxFirstNameField' (Root cause: org.openqa.selenium.WebDriverException: unknown error: Element <span class="select2-selection select2-selection--single" role="combobox" aria-haspopup="true" aria-expanded="false" tabindex="0" aria-labelledby="select2-gender-2_1-hu-container">...</span> is not clickable at point (1168, 677). Other element would receive the click: <li class="select2-results__option" id="select2-gender-2_0-ek-result-vgj6-MS" role="treeitem" aria-selected="false">...</li>
  (Session info: chrome=62.0.3202.94)
  (Driver info: chromedriver=2.33.506120 (e3e53437346286c0bc2d2dc9aa4915ba81d9023f),platform=Windows NT 6.3.9600 x86_64) (WARNING: The server did not provide any stacktrace information)
Command duration or timeout: 0 milliseconds
Build info: version: '3.7.1', revision: '8a0099a', time: '2017-11-06T21:07:36.161Z'
System info: host: 'NEACSUNEW-PC', ip: '10.10.10.211', os.name: 'Windows 8.1', os.arch: 'amd64', os.version: '6.3', java.version: '1.8.0_102'
Driver info: com.kms.katalon.selenium.driver.CChromeDriver
Capabilities {acceptSslCerts: true, applicationCacheEnabled: false, browserConnectionEnabled: false, browserName: chrome, chrome: {chromedriverVersion: 2.33.506120 (e3e53437346286..., userDataDir: C:\Users\Cornel\AppData\Loc...}, cssSelectorsEnabled: true, databaseEnabled: false, handlesAlerts: true, hasTouchScreen: false, javascriptEnabled: true, locationContextEnabled: true, mobileEmulationEnabled: false, nativeEvents: true, networkConnectionEnabled: false, pageLoadStrategy: normal, platform: XP, platformName: XP, rotatable: false, setWindowRect: true, takesHeapSnapshot: true, takesScreenshot: true, unexpectedAlertBehaviour: , unhandledPromptBehavior: , version: 62.0.3202.94, webStorageEnabled: true}
Session ID: eca654f9d961ffe67cfc23ae29d0d2aa)

2017-12-04 13:20:45 - [MESSAGE][WARNING] - Unable to click on object 'Object Repository/PrimoTours/LandingPage/secondPaxFirstNameField' (Root cause: org.openqa.selenium.WebDriverException: unknown error: Element <span class="select2-selection select2-selection--single" role="combobox" aria-haspopup="true" aria-expanded="false" tabindex="0" aria-labelledby="select2-gender-2_1-hu-container">...</span> is not clickable at point (1168, 677). Other element would receive the click: <li class="select2-results__option" id="select2-gender-2_0-ek-result-vgj6-MS" role="treeitem" aria-selected="false">...</li>
  (Session info: chrome=62.0.3202.94)
  (Driver info: chromedriver=2.33.506120 (e3e53437346286c0bc2d2dc9aa4915ba81d9023f),platform=Windows NT 6.3.9600 x86_64) (WARNING: The server did not provide any stacktrace information)
Command duration or timeout: 0 milliseconds
Build info: version: '3.7.1', revision: '8a0099a', time: '2017-11-06T21:07:36.161Z'
System info: host: 'NEACSUNEW-PC', ip: '10.10.10.211', os.name: 'Windows 8.1', os.arch: 'amd64', os.version: '6.3', java.version: '1.8.0_102'
Driver info: com.kms.katalon.selenium.driver.CChromeDriver
Capabilities {acceptSslCerts: true, applicationCacheEnabled: false, browserConnectionEnabled: false, browserName: chrome, chrome: {chromedriverVersion: 2.33.506120 (e3e53437346286..., userDataDir: C:\Users\Cornel\AppData\Loc...}, cssSelectorsEnabled: true, databaseEnabled: false, handlesAlerts: true, hasTouchScreen: false, javascriptEnabled: true, locationContextEnabled: true, mobileEmulationEnabled: false, nativeEvents: true, networkConnectionEnabled: false, pageLoadStrategy: normal, platform: XP, platformName: XP, rotatable: false, setWindowRect: true, takesHeapSnapshot: true, takesScreenshot: true, unexpectedAlertBehaviour: , unhandledPromptBehavior: , version: 62.0.3202.94, webStorageEnabled: true}
Session ID: eca654f9d961ffe67cfc23ae29d0d2aa)
[[ATTACHMENT|D:\\Software testing\\Tourpaq\\Automated Katalon tests\\Primo WB test\\Reports\\WB Primo From Excel URLs\\20171204_131551\\1512386445133.png]]

2017-12-04 13:20:45 - [TEST_STEP][PASSED] - Statement - If (i == 1 & j == 1): null

2017-12-04 13:20:45 - [TEST_STEP][PASSED] - Statement - randomPaxIndex = java.lang.Math.abs(new java.util.Random().nextInt() % excelRowNo) + 1: null

2017-12-04 13:20:45 - [TEST_STEP][PASSED] - Statement - fname = rawData.getValue("FirstName", randomPaxIndex) + " AUT": null

2017-12-04 13:20:45 - [TEST_STEP][PASSED] - Statement - lname = rawData.getValue("LastName", randomPaxIndex): null

2017-12-04 13:20:45 - [TEST_STEP][PASSED] - Statement - pgender = rawData.getValue("Gender", randomPaxIndex): null

2017-12-04 13:20:45 - [TEST_STEP][PASSED] - Statement - pday = rawData.getValue("Day DOB", randomPaxIndex): null

2017-12-04 13:20:45 - [TEST_STEP][PASSED] - Statement - pmonth = rawData.getValue("Month DOB", randomPaxIndex): null

2017-12-04 13:20:45 - [TEST_STEP][PASSED] - Statement - pyear = rawData.getValue("Year DOB", randomPaxIndex): null

2017-12-04 13:20:45 - [TEST_STEP][PASSED] - Statement - paxDetailFields = paxInRoomXpath + "[" + j + "]/div[@class="col-md-x col-md-9"]/div[@class="row paxContainer"][1]/div[contains(@class,"paxAttribute")]": null

2017-12-04 13:20:45 - [TEST_STEP][PASSED] - Statement - xpathval = paxDetailFields + "[1]/div[contains(@class,"form-group")]/input[contains(@class,"paxFirstName")]": null

2017-12-04 13:20:45 - [TEST_STEP][PASSED] - Statement - println("fn: " + xpathval): null

2017-12-04 13:20:45 - [TEST_STEP][PASSED] - Statement - repObj = com.kms.katalon.core.testobject.ObjectRepository.findTestObject(Object Repository/PrimoTours/LandingPage/secondPaxFirstNameField): Finding Test Object with id 'Object Repository/PrimoTours/LandingPage/secondPaxFirstNameField'

2017-12-04 13:20:45 - [TEST_STEP][PASSED] - Statement - repObj.findProperty("xpath").setValue(xpathval): null

2017-12-04 13:20:45 - [TEST_STEP][PASSED] - setText: Text 'Jeppesen AUT' is set on object 'Object Repository/PrimoTours/LandingPage/secondPaxFirstNameField'

2017-12-04 13:20:45 - [MESSAGE][PASSED] - Text 'Jeppesen AUT' is set on object 'Object Repository/PrimoTours/LandingPage/secondPaxFirstNameField'

2017-12-04 13:20:45 - [TEST_STEP][PASSED] - Statement - xpathval = paxDetailFields + "[2]/div[contains(@class,"form-group")]/input[contains(@class,"paxLastName")]": null

2017-12-04 13:20:45 - [TEST_STEP][PASSED] - Statement - println("ln: " + xpathval): null

2017-12-04 13:20:45 - [TEST_STEP][PASSED] - Statement - repObj = com.kms.katalon.core.testobject.ObjectRepository.findTestObject(Object Repository/PrimoTours/LandingPage/secondPaxFirstNameField): Finding Test Object with id 'Object Repository/PrimoTours/LandingPage/secondPaxFirstNameField'

2017-12-04 13:20:45 - [TEST_STEP][PASSED] - Statement - repObj.findProperty("xpath").setValue(xpathval): null

2017-12-04 13:20:45 - [TEST_STEP][PASSED] - setText: Text 'Martin' is set on object 'Object Repository/PrimoTours/LandingPage/secondPaxFirstNameField'

2017-12-04 13:20:46 - [MESSAGE][PASSED] - Text 'Martin' is set on object 'Object Repository/PrimoTours/LandingPage/secondPaxFirstNameField'

2017-12-04 13:20:46 - [TEST_STEP][PASSED] - Statement - repObj = com.kms.katalon.core.testobject.ObjectRepository.findTestObject(Object Repository/PrimoTours/LandingPage/secondPaxFirstNameField): Finding Test Object with id 'Object Repository/PrimoTours/LandingPage/secondPaxFirstNameField'

2017-12-04 13:20:46 - [TEST_STEP][PASSED] - Statement - xpathval = paxDetailFields + "[3]/div[contains(@class,"paxGenderSelectorContainer")]/span[contains(@class,"select2 select2-container")]/span[contains(@class,"selection")]/span[contains(@class,"select2-selection")]": null

2017-12-04 13:20:46 - [TEST_STEP][PASSED] - Statement - println("gender: " + xpathval): null

2017-12-04 13:20:46 - [TEST_STEP][PASSED] - Statement - repObj.findProperty("xpath").setValue(xpathval): null

2017-12-04 13:20:46 - [TEST_STEP][PASSED] - click: Object: 'Object Repository/PrimoTours/LandingPage/secondPaxFirstNameField' is clicked on

2017-12-04 13:20:46 - [MESSAGE][PASSED] - Object: 'Object Repository/PrimoTours/LandingPage/secondPaxFirstNameField' is clicked on

2017-12-04 13:20:46 - [TEST_STEP][PASSED] - scrollToElement: Scroll to object 'Object Repository/PrimoTours/Old Objects/Coco (1)/PrimoT/SaveBooking2/Success/bookingTotalValue' successfully

2017-12-04 13:20:46 - [MESSAGE][PASSED] - Scroll to object 'Object Repository/PrimoTours/Old Objects/Coco (1)/PrimoT/SaveBooking2/Success/bookingTotalValue' successfully

2017-12-04 13:20:46 - [TEST_STEP][PASSED] - click: Object: 'Object Repository/PrimoTours/Old Objects/Coco (1)/PrimoT/SaveBooking2/Success/bookingTotalValue' is clicked on

2017-12-04 13:20:46 - [MESSAGE][PASSED] - Object: 'Object Repository/PrimoTours/Old Objects/Coco (1)/PrimoT/SaveBooking2/Success/bookingTotalValue' is clicked on

2017-12-04 13:20:46 - [TEST_STEP][PASSED] - scrollToElement: Scroll to object 'Object Repository/PrimoTours/Old Objects/Coco (1)/PrimoT/SaveBooking2/Success/Page_Primo Tours  Danmarks bedste c/nextButtonOnLandingPage' successfully

2017-12-04 13:20:46 - [MESSAGE][PASSED] - Scroll to object 'Object Repository/PrimoTours/Old Objects/Coco (1)/PrimoT/SaveBooking2/Success/Page_Primo Tours  Danmarks bedste c/nextButtonOnLandingPage' successfully

2017-12-04 13:20:46 - [TEST_STEP][PASSED] - waitForElementClickable: Object 'Object Repository/PrimoTours/Old Objects/Coco (1)/PrimoT/SaveBooking2/Success/Page_Primo Tours  Danmarks bedste c/nextButtonOnLandingPage' is clickable

2017-12-04 13:20:46 - [MESSAGE][PASSED] - Object 'Object Repository/PrimoTours/Old Objects/Coco (1)/PrimoT/SaveBooking2/Success/Page_Primo Tours  Danmarks bedste c/nextButtonOnLandingPage' is clickable

2017-12-04 13:20:46 - [TEST_STEP][PASSED] - waitForElementVisible: Object 'Object Repository/PrimoTours/Old Objects/Coco (1)/PrimoT/SaveBooking2/Success/Page_Primo Tours  Danmarks bedste c/nextButtonOnLandingPage' is visible

2017-12-04 13:20:46 - [MESSAGE][PASSED] - Object 'Object Repository/PrimoTours/Old Objects/Coco (1)/PrimoT/SaveBooking2/Success/Page_Primo Tours  Danmarks bedste c/nextButtonOnLandingPage' is visible

2017-12-04 13:20:46 - [TEST_STEP][PASSED] - scrollToElement: Scroll to object 'Object Repository/PrimoTours/Old Objects/Coco (1)/PrimoT/SaveBooking2/Success/Page_Primo Tours  Danmarks bedste c/nextButtonOnLandingPage' successfully

2017-12-04 13:20:46 - [MESSAGE][PASSED] - Scroll to object 'Object Repository/PrimoTours/Old Objects/Coco (1)/PrimoT/SaveBooking2/Success/Page_Primo Tours  Danmarks bedste c/nextButtonOnLandingPage' successfully

2017-12-04 13:20:46 - [TEST_STEP][PASSED] - click: Object: 'Object Repository/PrimoTours/Old Objects/Coco (1)/PrimoT/SaveBooking2/Success/Page_Primo Tours  Danmarks bedste c/nextButtonOnLandingPage' is clicked on

2017-12-04 13:20:46 - [MESSAGE][PASSED] - Object: 'Object Repository/PrimoTours/Old Objects/Coco (1)/PrimoT/SaveBooking2/Success/Page_Primo Tours  Danmarks bedste c/nextButtonOnLandingPage' is clicked on

2017-12-04 13:20:46 - [TEST_STEP][PASSED] - delay: Delayed 3 second(s)

2017-12-04 13:20:49 - [MESSAGE][PASSED] - Delayed 3 second(s)

2017-12-04 13:20:49 - [TEST_STEP][PASSED] - waitForElementNotVisible: Object 'Object Repository/PrimoTours/Old Objects/CCenter/pageLoaderOverlayLayer' is NOT visible

2017-12-04 13:20:49 - [MESSAGE][PASSED] - Object 'Object Repository/PrimoTours/Old Objects/CCenter/pageLoaderOverlayLayer' is NOT visible

2017-12-04 13:20:49 - [TEST_STEP][PASSED] - scrollToElement: Scroll to object 'Object Repository/PrimoTours/Old Objects/Coco/PrimoT/Ins2/Page_Primo Tours  Danmarks bedste c/travelInsuranceFirstPaxSelector' successfully

2017-12-04 13:20:49 - [MESSAGE][PASSED] - Scroll to object 'Object Repository/PrimoTours/Old Objects/Coco/PrimoT/Ins2/Page_Primo Tours  Danmarks bedste c/travelInsuranceFirstPaxSelector' successfully

2017-12-04 13:20:49 - [TEST_STEP][PASSED] - waitForElementPresent: Object 'Object Repository/PrimoTours/Old Objects/Coco/PrimoT/Ins2/Page_Primo Tours  Danmarks bedste c/travelInsuranceFirstPaxSelector' is present

2017-12-04 13:20:49 - [MESSAGE][PASSED] - Object 'Object Repository/PrimoTours/Old Objects/Coco/PrimoT/Ins2/Page_Primo Tours  Danmarks bedste c/travelInsuranceFirstPaxSelector' is present

2017-12-04 13:20:49 - [TEST_STEP][PASSED] - waitForElementVisible: Object 'Object Repository/PrimoTours/Old Objects/Coco/PrimoT/Ins2/Page_Primo Tours  Danmarks bedste c/travelInsuranceFirstPaxSelector' is visible

2017-12-04 13:20:49 - [MESSAGE][PASSED] - Object 'Object Repository/PrimoTours/Old Objects/Coco/PrimoT/Ins2/Page_Primo Tours  Danmarks bedste c/travelInsuranceFirstPaxSelector' is visible

2017-12-04 13:20:49 - [TEST_STEP][PASSED] - waitForElementClickable: Object 'Object Repository/PrimoTours/Old Objects/Coco/PrimoT/Ins2/Page_Primo Tours  Danmarks bedste c/travelInsuranceFirstPaxSelector' is clickable

2017-12-04 13:20:49 - [MESSAGE][PASSED] - Object 'Object Repository/PrimoTours/Old Objects/Coco/PrimoT/Ins2/Page_Primo Tours  Danmarks bedste c/travelInsuranceFirstPaxSelector' is clickable

2017-12-04 13:20:49 - [TEST_STEP][PASSED] - click: Object: 'Object Repository/PrimoTours/Old Objects/Coco/PrimoT/Ins2/Page_Primo Tours  Danmarks bedste c/travelInsuranceFirstPaxSelector' is clicked on

2017-12-04 13:20:49 - [MESSAGE][PASSED] - Object: 'Object Repository/PrimoTours/Old Objects/Coco/PrimoT/Ins2/Page_Primo Tours  Danmarks bedste c/travelInsuranceFirstPaxSelector' is clicked on

2017-12-04 13:20:49 - [TEST_STEP][PASSED] - Statement - Try: Object: 'Object Repository/PrimoTours/Old Objects/Coco/PrimoT/Ins2/Page_Primo Tours  Danmarks bedste c/firstTravelInsuranceOption' is clicked on

2017-12-04 13:20:49 - [TEST_STEP][PASSED] - click: Object: 'Object Repository/PrimoTours/Old Objects/Coco/PrimoT/Ins2/Page_Primo Tours  Danmarks bedste c/firstTravelInsuranceOption' is clicked on

2017-12-04 13:20:49 - [MESSAGE][PASSED] - Object: 'Object Repository/PrimoTours/Old Objects/Coco/PrimoT/Ins2/Page_Primo Tours  Danmarks bedste c/firstTravelInsuranceOption' is clicked on

2017-12-04 13:20:49 - [TEST_STEP][NOT_RUN] - click: NOT_RUN: click

2017-12-04 13:20:49 - [MESSAGE][NOT_RUN] - NOT_RUN: click

2017-12-04 13:20:49 - [TEST_STEP][NOT_RUN] - scrollToElement: NOT_RUN: scrollToElement

2017-12-04 13:20:49 - [MESSAGE][NOT_RUN] - NOT_RUN: scrollToElement

2017-12-04 13:20:49 - [TEST_STEP][NOT_RUN] - click: NOT_RUN: click

2017-12-04 13:20:49 - [MESSAGE][NOT_RUN] - NOT_RUN: click

2017-12-04 13:20:49 - [TEST_STEP][PASSED] - waitForElementVisible: Object 'Object Repository/PrimoTours/Old Objects/Coco (1)/PrimoT/SaveBooking2/Page_Primo Tours  Danmarks bedste c/individualInsuranceCheckbox' is visible

2017-12-04 13:20:50 - [MESSAGE][PASSED] - Object 'Object Repository/PrimoTours/Old Objects/Coco (1)/PrimoT/SaveBooking2/Page_Primo Tours  Danmarks bedste c/individualInsuranceCheckbox' is visible

2017-12-04 13:20:50 - [TEST_STEP][PASSED] - scrollToElement: Scroll to object 'Object Repository/PrimoTours/Old Objects/Coco (1)/PrimoT/SaveBooking2/Page_Primo Tours  Danmarks bedste c/individualInsuranceCheckbox' successfully

2017-12-04 13:20:50 - [MESSAGE][PASSED] - Scroll to object 'Object Repository/PrimoTours/Old Objects/Coco (1)/PrimoT/SaveBooking2/Page_Primo Tours  Danmarks bedste c/individualInsuranceCheckbox' successfully

2017-12-04 13:20:50 - [TEST_STEP][PASSED] - click: Object: 'Object Repository/PrimoTours/Old Objects/Coco (1)/PrimoT/SaveBooking2/Page_Primo Tours  Danmarks bedste c/individualInsuranceCheckbox' is clicked on

2017-12-04 13:20:50 - [MESSAGE][PASSED] - Object: 'Object Repository/PrimoTours/Old Objects/Coco (1)/PrimoT/SaveBooking2/Page_Primo Tours  Danmarks bedste c/individualInsuranceCheckbox' is clicked on

2017-12-04 13:20:50 - [TEST_STEP][PASSED] - scrollToElement: Scroll to object 'Object Repository/PrimoTours/Old Objects/Coco (1)/PrimoT/SaveBooking2/Success/firstProdCategIndividualSelectionRadioB' successfully

2017-12-04 13:20:50 - [MESSAGE][PASSED] - Scroll to object 'Object Repository/PrimoTours/Old Objects/Coco (1)/PrimoT/SaveBooking2/Success/firstProdCategIndividualSelectionRadioB' successfully

2017-12-04 13:20:50 - [TEST_STEP][PASSED] - waitForElementClickable: Object 'Object Repository/PrimoTours/Old Objects/Coco (1)/PrimoT/SaveBooking2/Success/firstProdCategIndividualSelectionRadioB' is clickable

2017-12-04 13:20:50 - [MESSAGE][PASSED] - Object 'Object Repository/PrimoTours/Old Objects/Coco (1)/PrimoT/SaveBooking2/Success/firstProdCategIndividualSelectionRadioB' is clickable

2017-12-04 13:20:50 - [TEST_STEP][PASSED] - scrollToElement: Scroll to object 'Object Repository/PrimoTours/Old Objects/Coco (1)/PrimoT/SaveBooking2/Success/firstProdCategIndividualSelectionRadioB' successfully

2017-12-04 13:20:50 - [MESSAGE][PASSED] - Scroll to object 'Object Repository/PrimoTours/Old Objects/Coco (1)/PrimoT/SaveBooking2/Success/firstProdCategIndividualSelectionRadioB' successfully

2017-12-04 13:20:50 - [TEST_STEP][PASSED] - click: Object: 'Object Repository/PrimoTours/Old Objects/Coco (1)/PrimoT/SaveBooking2/Success/firstProdCategIndividualSelectionRadioB' is clicked on

2017-12-04 13:20:50 - [MESSAGE][PASSED] - Object: 'Object Repository/PrimoTours/Old Objects/Coco (1)/PrimoT/SaveBooking2/Success/firstProdCategIndividualSelectionRadioB' is clicked on

2017-12-04 13:20:50 - [TEST_STEP][PASSED] - scrollToElement: Scroll to object 'Object Repository/PrimoTours/Old Objects/Coco (1)/PrimoT/SaveBooking2/Success/firstProdCategSelectForAllPaxCheckbox' successfully

2017-12-04 13:20:50 - [MESSAGE][PASSED] - Scroll to object 'Object Repository/PrimoTours/Old Objects/Coco (1)/PrimoT/SaveBooking2/Success/firstProdCategSelectForAllPaxCheckbox' successfully

2017-12-04 13:20:50 - [TEST_STEP][PASSED] - waitForElementClickable: Object 'Object Repository/PrimoTours/Old Objects/Coco (1)/PrimoT/SaveBooking2/Success/firstProdCategSelectForAllPaxCheckbox' is clickable

2017-12-04 13:20:50 - [MESSAGE][PASSED] - Object 'Object Repository/PrimoTours/Old Objects/Coco (1)/PrimoT/SaveBooking2/Success/firstProdCategSelectForAllPaxCheckbox' is clickable

2017-12-04 13:20:50 - [TEST_STEP][PASSED] - click: Object: 'Object Repository/PrimoTours/Old Objects/Coco (1)/PrimoT/SaveBooking2/Success/firstProdCategSelectForAllPaxCheckbox' is clicked on

2017-12-04 13:20:50 - [MESSAGE][PASSED] - Object: 'Object Repository/PrimoTours/Old Objects/Coco (1)/PrimoT/SaveBooking2/Success/firstProdCategSelectForAllPaxCheckbox' is clicked on

2017-12-04 13:20:50 - [TEST_STEP][NOT_RUN] - scrollToElement: NOT_RUN: scrollToElement

2017-12-04 13:20:50 - [MESSAGE][NOT_RUN] - NOT_RUN: scrollToElement

2017-12-04 13:20:50 - [TEST_STEP][NOT_RUN] - scrollToElement: NOT_RUN: scrollToElement

2017-12-04 13:20:50 - [MESSAGE][NOT_RUN] - NOT_RUN: scrollToElement

2017-12-04 13:20:50 - [TEST_STEP][NOT_RUN] - click: NOT_RUN: click

2017-12-04 13:20:50 - [MESSAGE][NOT_RUN] - NOT_RUN: click

2017-12-04 13:20:50 - [TEST_STEP][PASSED] - scrollToElement: Scroll to object 'Object Repository/PrimoTours/ConfirmationPage/agreeTermsAndCondCheckbox' successfully

2017-12-04 13:20:50 - [MESSAGE][PASSED] - Scroll to object 'Object Repository/PrimoTours/ConfirmationPage/agreeTermsAndCondCheckbox' successfully

2017-12-04 13:20:50 - [TEST_STEP][PASSED] - waitForElementClickable: Object 'Object Repository/PrimoTours/ConfirmationPage/agreeTermsAndCondCheckbox' is clickable

2017-12-04 13:20:51 - [MESSAGE][PASSED] - Object 'Object Repository/PrimoTours/ConfirmationPage/agreeTermsAndCondCheckbox' is clickable

2017-12-04 13:20:51 - [TEST_STEP][PASSED] - click: Object: 'Object Repository/PrimoTours/ConfirmationPage/agreeTermsAndCondCheckbox' is clicked on

2017-12-04 13:20:51 - [MESSAGE][PASSED] - Object: 'Object Repository/PrimoTours/ConfirmationPage/agreeTermsAndCondCheckbox' is clicked on

2017-12-04 13:20:51 - [TEST_STEP][PASSED] - scrollToElement: Scroll to object 'Object Repository/PrimoTours/ConfirmationPage/placeBookingButton' successfully

2017-12-04 13:20:51 - [MESSAGE][PASSED] - Scroll to object 'Object Repository/PrimoTours/ConfirmationPage/placeBookingButton' successfully

2017-12-04 13:20:51 - [TEST_STEP][PASSED] - delay: Delayed 1 second(s)

2017-12-04 13:20:52 - [MESSAGE][PASSED] - Delayed 1 second(s)

2017-12-04 13:20:52 - [TEST_STEP][PASSED] - waitForElementClickable: Object 'Object Repository/PrimoTours/ConfirmationPage/placeBookingButton' is clickable

2017-12-04 13:20:52 - [MESSAGE][PASSED] - Object 'Object Repository/PrimoTours/ConfirmationPage/placeBookingButton' is clickable

2017-12-04 13:20:52 - [TEST_STEP][PASSED] - Statement - Try: Object: 'Object Repository/PrimoTours/ConfirmationPage/placeBookingButton' is clicked on

2017-12-04 13:20:52 - [TEST_STEP][PASSED] - click: Object: 'Object Repository/PrimoTours/ConfirmationPage/placeBookingButton' is clicked on

2017-12-04 13:20:52 - [MESSAGE][PASSED] - Object: 'Object Repository/PrimoTours/ConfirmationPage/placeBookingButton' is clicked on

2017-12-04 13:20:52 - [TEST_STEP][PASSED] - delay: Delayed 2 second(s)

2017-12-04 13:20:54 - [MESSAGE][PASSED] - Delayed 2 second(s)

2017-12-04 13:20:54 - [TEST_STEP][PASSED] - waitForPageLoad: Wait for page load successfully

2017-12-04 13:20:54 - [MESSAGE][PASSED] - Wait for page load successfully

2017-12-04 13:20:54 - [TEST_STEP][PASSED] - waitForJQueryLoad: jQuery is ready.

2017-12-04 13:20:56 - [MESSAGE][PASSED] - jQuery is ready.

2017-12-04 13:20:56 - [TEST_STEP][PASSED] - waitForElementPresent: Object 'Object Repository/PrimoTours/Old Objects/CCenter/pageLoaderOverlayLayer' is present

2017-12-04 13:20:56 - [MESSAGE][PASSED] - Object 'Object Repository/PrimoTours/Old Objects/CCenter/pageLoaderOverlayLayer' is present

2017-12-04 13:20:56 - [TEST_STEP][PASSED] - waitForElementNotVisible: Unable to wait for object 'Object Repository/PrimoTours/Old Objects/CCenter/pageLoaderOverlayLayer' to be NOT visible (Root cause: org.openqa.selenium.StaleElementReferenceException: stale element reference: element is not attached to the page document
  (Session info: chrome=62.0.3202.94)
  (Driver info: chromedriver=2.33.506120 (e3e53437346286c0bc2d2dc9aa4915ba81d9023f),platform=Windows NT 6.3.9600 x86_64) (WARNING: The server did not provide any stacktrace information)
Command duration or timeout: 0 milliseconds
For documentation on this error, please visit: http://seleniumhq.org/exceptions/stale_element_reference.html
Build info: version: '3.7.1', revision: '8a0099a', time: '2017-11-06T21:07:36.161Z'
System info: host: 'NEACSUNEW-PC', ip: '10.10.10.211', os.name: 'Windows 8.1', os.arch: 'amd64', os.version: '6.3', java.version: '1.8.0_102'
Driver info: com.kms.katalon.selenium.driver.CChromeDriver
Capabilities {acceptSslCerts: true, applicationCacheEnabled: false, browserConnectionEnabled: false, browserName: chrome, chrome: {chromedriverVersion: 2.33.506120 (e3e53437346286..., userDataDir: C:\Users\Cornel\AppData\Loc...}, cssSelectorsEnabled: true, databaseEnabled: false, handlesAlerts: true, hasTouchScreen: false, javascriptEnabled: true, locationContextEnabled: true, mobileEmulationEnabled: false, nativeEvents: true, networkConnectionEnabled: false, pageLoadStrategy: normal, platform: XP, platformName: XP, rotatable: false, setWindowRect: true, takesHeapSnapshot: true, takesScreenshot: true, unexpectedAlertBehaviour: , unhandledPromptBehavior: , version: 62.0.3202.94, webStorageEnabled: true}
Session ID: eca654f9d961ffe67cfc23ae29d0d2aa)

2017-12-04 13:20:59 - [MESSAGE][WARNING] - Unable to wait for object 'Object Repository/PrimoTours/Old Objects/CCenter/pageLoaderOverlayLayer' to be NOT visible (Root cause: org.openqa.selenium.StaleElementReferenceException: stale element reference: element is not attached to the page document
  (Session info: chrome=62.0.3202.94)
  (Driver info: chromedriver=2.33.506120 (e3e53437346286c0bc2d2dc9aa4915ba81d9023f),platform=Windows NT 6.3.9600 x86_64) (WARNING: The server did not provide any stacktrace information)
Command duration or timeout: 0 milliseconds
For documentation on this error, please visit: http://seleniumhq.org/exceptions/stale_element_reference.html
Build info: version: '3.7.1', revision: '8a0099a', time: '2017-11-06T21:07:36.161Z'
System info: host: 'NEACSUNEW-PC', ip: '10.10.10.211', os.name: 'Windows 8.1', os.arch: 'amd64', os.version: '6.3', java.version: '1.8.0_102'
Driver info: com.kms.katalon.selenium.driver.CChromeDriver
Capabilities {acceptSslCerts: true, applicationCacheEnabled: false, browserConnectionEnabled: false, browserName: chrome, chrome: {chromedriverVersion: 2.33.506120 (e3e53437346286..., userDataDir: C:\Users\Cornel\AppData\Loc...}, cssSelectorsEnabled: true, databaseEnabled: false, handlesAlerts: true, hasTouchScreen: false, javascriptEnabled: true, locationContextEnabled: true, mobileEmulationEnabled: false, nativeEvents: true, networkConnectionEnabled: false, pageLoadStrategy: normal, platform: XP, platformName: XP, rotatable: false, setWindowRect: true, takesHeapSnapshot: true, takesScreenshot: true, unexpectedAlertBehaviour: , unhandledPromptBehavior: , version: 62.0.3202.94, webStorageEnabled: true}
Session ID: eca654f9d961ffe67cfc23ae29d0d2aa)
[[ATTACHMENT|D:\\Software testing\\Tourpaq\\Automated Katalon tests\\Primo WB test\\Reports\\WB Primo From Excel URLs\\20171204_131551\\1512386458960.png]]

2017-12-04 13:20:59 - [TEST_STEP][PASSED] - waitForElementPresent: Object 'Object Repository/PrimoTours/Old Objects/ThankYouPage/bookingNoContainer' is present

2017-12-04 13:21:01 - [MESSAGE][PASSED] - Object 'Object Repository/PrimoTours/Old Objects/ThankYouPage/bookingNoContainer' is present

2017-12-04 13:21:01 - [TEST_STEP][PASSED] - waitForElementClickable: Object 'Object Repository/PrimoTours/Old Objects/ThankYouPage/bookingNoContainer' is clickable

2017-12-04 13:21:01 - [MESSAGE][PASSED] - Object 'Object Repository/PrimoTours/Old Objects/ThankYouPage/bookingNoContainer' is clickable

2017-12-04 13:21:01 - [TEST_STEP][PASSED] - verifyElementVisible: Object 'Object Repository/PrimoTours/Old Objects/ThankYouPage/bookingNoContainer' is visible

2017-12-04 13:21:01 - [MESSAGE][PASSED] - Object 'Object Repository/PrimoTours/Old Objects/ThankYouPage/bookingNoContainer' is visible

2017-12-04 13:21:01 - [TEST_STEP][PASSED] - verifyElementVisible: Object 'Object Repository/PrimoTours/Old Objects/ThankYouPage/bookingTotalInfo' is visible

2017-12-04 13:21:01 - [MESSAGE][PASSED] - Object 'Object Repository/PrimoTours/Old Objects/ThankYouPage/bookingTotalInfo' is visible

2017-12-04 13:21:01 - [TEST_STEP][PASSED] - verifyElementVisible: Object 'Object Repository/PrimoTours/Old Objects/ThankYouPage/bookingTotalPriceBar' is visible

2017-12-04 13:21:01 - [MESSAGE][PASSED] - Object 'Object Repository/PrimoTours/Old Objects/ThankYouPage/bookingTotalPriceBar' is visible

2017-12-04 13:21:01 - [TEST_STEP][PASSED] - verifyElementVisible: Object 'Object Repository/PrimoTours/Old Objects/ThankYouPage/printTicketSpan' is visible

2017-12-04 13:21:01 - [MESSAGE][PASSED] - Object 'Object Repository/PrimoTours/Old Objects/ThankYouPage/printTicketSpan' is visible

2017-12-04 13:21:01 - [TEST_STEP][PASSED] - waitForElementClickable: Object 'Object Repository/PrimoTours/Old Objects/ThankYouPage/printTicketSpan' is clickable

2017-12-04 13:21:01 - [MESSAGE][PASSED] - Object 'Object Repository/PrimoTours/Old Objects/ThankYouPage/printTicketSpan' is clickable

2017-12-04 13:21:01 - [TEST_STEP][FAILED] - Statement - Try: Unable to click on object 'Object Repository/PrimoTours/Old Objects/ThankYouPage/printTicketSpan' (Root cause: org.openqa.selenium.WebDriverException: unknown error: Element <span id="printTicketSpan" data-bind="text: tourpaq.bookingEngine.languageStaticResources.PrintReceipt">...</span> is not clickable at point (508, 319). Other element would receive the click: <div class="se-pre-con" id="booking-overlay" style="opacity: 0.880203;"></div>
  (Session info: chrome=62.0.3202.94)
  (Driver info: chromedriver=2.33.506120 (e3e53437346286c0bc2d2dc9aa4915ba81d9023f),platform=Windows NT 6.3.9600 x86_64) (WARNING: The server did not provide any stacktrace information)
Command duration or timeout: 0 milliseconds
Build info: version: '3.7.1', revision: '8a0099a', time: '2017-11-06T21:07:36.161Z'
System info: host: 'NEACSUNEW-PC', ip: '10.10.10.211', os.name: 'Windows 8.1', os.arch: 'amd64', os.version: '6.3', java.version: '1.8.0_102'
Driver info: com.kms.katalon.selenium.driver.CChromeDriver
Capabilities {acceptSslCerts: true, applicationCacheEnabled: false, browserConnectionEnabled: false, browserName: chrome, chrome: {chromedriverVersion: 2.33.506120 (e3e53437346286..., userDataDir: C:\Users\Cornel\AppData\Loc...}, cssSelectorsEnabled: true, databaseEnabled: false, handlesAlerts: true, hasTouchScreen: false, javascriptEnabled: true, locationContextEnabled: true, mobileEmulationEnabled: false, nativeEvents: true, networkConnectionEnabled: false, pageLoadStrategy: normal, platform: XP, platformName: XP, rotatable: false, setWindowRect: true, takesHeapSnapshot: true, takesScreenshot: true, unexpectedAlertBehaviour: , unhandledPromptBehavior: , version: 62.0.3202.94, webStorageEnabled: true}
Session ID: eca654f9d961ffe67cfc23ae29d0d2aa)

2017-12-04 13:21:01 - [TEST_STEP][FAILED] - click: Unable to click on object 'Object Repository/PrimoTours/Old Objects/ThankYouPage/printTicketSpan' (Root cause: org.openqa.selenium.WebDriverException: unknown error: Element <span id="printTicketSpan" data-bind="text: tourpaq.bookingEngine.languageStaticResources.PrintReceipt">...</span> is not clickable at point (508, 319). Other element would receive the click: <div class="se-pre-con" id="booking-overlay" style="opacity: 0.880203;"></div>
  (Session info: chrome=62.0.3202.94)
  (Driver info: chromedriver=2.33.506120 (e3e53437346286c0bc2d2dc9aa4915ba81d9023f),platform=Windows NT 6.3.9600 x86_64) (WARNING: The server did not provide any stacktrace information)
Command duration or timeout: 0 milliseconds
Build info: version: '3.7.1', revision: '8a0099a', time: '2017-11-06T21:07:36.161Z'
System info: host: 'NEACSUNEW-PC', ip: '10.10.10.211', os.name: 'Windows 8.1', os.arch: 'amd64', os.version: '6.3', java.version: '1.8.0_102'
Driver info: com.kms.katalon.selenium.driver.CChromeDriver
Capabilities {acceptSslCerts: true, applicationCacheEnabled: false, browserConnectionEnabled: false, browserName: chrome, chrome: {chromedriverVersion: 2.33.506120 (e3e53437346286..., userDataDir: C:\Users\Cornel\AppData\Loc...}, cssSelectorsEnabled: true, databaseEnabled: false, handlesAlerts: true, hasTouchScreen: false, javascriptEnabled: true, locationContextEnabled: true, mobileEmulationEnabled: false, nativeEvents: true, networkConnectionEnabled: false, pageLoadStrategy: normal, platform: XP, platformName: XP, rotatable: false, setWindowRect: true, takesHeapSnapshot: true, takesScreenshot: true, unexpectedAlertBehaviour: , unhandledPromptBehavior: , version: 62.0.3202.94, webStorageEnabled: true}
Session ID: eca654f9d961ffe67cfc23ae29d0d2aa)

2017-12-04 13:21:02 - [MESSAGE][FAILED] - Unable to click on object 'Object Repository/PrimoTours/Old Objects/ThankYouPage/printTicketSpan' (Root cause: org.openqa.selenium.WebDriverException: unknown error: Element <span id="printTicketSpan" data-bind="text: tourpaq.bookingEngine.languageStaticResources.PrintReceipt">...</span> is not clickable at point (508, 319). Other element would receive the click: <div class="se-pre-con" id="booking-overlay" style="opacity: 0.880203;"></div>
  (Session info: chrome=62.0.3202.94)
  (Driver info: chromedriver=2.33.506120 (e3e53437346286c0bc2d2dc9aa4915ba81d9023f),platform=Windows NT 6.3.9600 x86_64) (WARNING: The server did not provide any stacktrace information)
Command duration or timeout: 0 milliseconds
Build info: version: '3.7.1', revision: '8a0099a', time: '2017-11-06T21:07:36.161Z'
System info: host: 'NEACSUNEW-PC', ip: '10.10.10.211', os.name: 'Windows 8.1', os.arch: 'amd64', os.version: '6.3', java.version: '1.8.0_102'
Driver info: com.kms.katalon.selenium.driver.CChromeDriver
Capabilities {acceptSslCerts: true, applicationCacheEnabled: false, browserConnectionEnabled: false, browserName: chrome, chrome: {chromedriverVersion: 2.33.506120 (e3e53437346286..., userDataDir: C:\Users\Cornel\AppData\Loc...}, cssSelectorsEnabled: true, databaseEnabled: false, handlesAlerts: true, hasTouchScreen: false, javascriptEnabled: true, locationContextEnabled: true, mobileEmulationEnabled: false, nativeEvents: true, networkConnectionEnabled: false, pageLoadStrategy: normal, platform: XP, platformName: XP, rotatable: false, setWindowRect: true, takesHeapSnapshot: true, takesScreenshot: true, unexpectedAlertBehaviour: , unhandledPromptBehavior: , version: 62.0.3202.94, webStorageEnabled: true}
Session ID: eca654f9d961ffe67cfc23ae29d0d2aa)
[[ATTACHMENT|D:\\Software testing\\Tourpaq\\Automated Katalon tests\\Primo WB test\\Reports\\WB Primo From Excel URLs\\20171204_131551\\1512386461805.png]]

2017-12-04 13:21:02 - [TEST_STEP][PASSED] - Statement - Catch (Exception e): Object: 'Object Repository/PrimoTours/Old Objects/ThankYouPage/printTicketSpan' is clicked on

2017-12-04 13:21:02 - [TEST_STEP][PASSED] - click: Object: 'Object Repository/PrimoTours/Old Objects/ThankYouPage/printTicketSpan' is clicked on

2017-12-04 13:21:08 - [MESSAGE][PASSED] - Object: 'Object Repository/PrimoTours/Old Objects/ThankYouPage/printTicketSpan' is clicked on

2017-12-04 13:21:08 - [TEST_STEP][PASSED] - delay: Delayed 2 second(s)

2017-12-04 13:21:10 - [MESSAGE][PASSED] - Delayed 2 second(s)

2017-12-04 13:21:10 - [TEST_STEP][PASSED] - waitForElementVisible: Object 'Object Repository/PrimoTours/Old Objects/ThankYouPage/cCenterButton' is visible

2017-12-04 13:21:10 - [MESSAGE][PASSED] - Object 'Object Repository/PrimoTours/Old Objects/ThankYouPage/cCenterButton' is visible

2017-12-04 13:21:10 - [TEST_STEP][PASSED] - waitForElementClickable: Object 'Object Repository/PrimoTours/Old Objects/ThankYouPage/cCenterButton' is clickable

2017-12-04 13:21:10 - [MESSAGE][PASSED] - Object 'Object Repository/PrimoTours/Old Objects/ThankYouPage/cCenterButton' is clickable

2017-12-04 13:21:10 - [TEST_STEP][PASSED] - click: Object: 'Object Repository/PrimoTours/Old Objects/ThankYouPage/cCenterButton' is clicked on

2017-12-04 13:21:10 - [MESSAGE][PASSED] - Object: 'Object Repository/PrimoTours/Old Objects/ThankYouPage/cCenterButton' is clicked on

2017-12-04 13:21:10 - [TEST_STEP][PASSED] - waitForPageLoad: Wait for page load successfully

2017-12-04 13:21:10 - [MESSAGE][PASSED] - Wait for page load successfully

2017-12-04 13:21:10 - [TEST_STEP][PASSED] - waitForJQueryLoad: jQuery is ready.

2017-12-04 13:21:10 - [MESSAGE][PASSED] - jQuery is ready.

2017-12-04 13:21:10 - [TEST_STEP][PASSED] - waitForElementPresent: Object 'Object Repository/PrimoTours/Old Objects/CCenter/pageLoaderOverlayLayer' is present

2017-12-04 13:21:10 - [MESSAGE][PASSED] - Object 'Object Repository/PrimoTours/Old Objects/CCenter/pageLoaderOverlayLayer' is present

2017-12-04 13:21:10 - [TEST_STEP][PASSED] - waitForElementNotVisible: Object 'Object Repository/PrimoTours/Old Objects/CCenter/pageLoaderOverlayLayer' is NOT visible

2017-12-04 13:21:10 - [MESSAGE][PASSED] - Object 'Object Repository/PrimoTours/Old Objects/CCenter/pageLoaderOverlayLayer' is NOT visible

2017-12-04 13:21:10 - [TEST_STEP][PASSED] - verifyElementVisible: Object 'Object Repository/PrimoTours/Old Objects/ThankYouPage/bookingNoContainer' is visible

2017-12-04 13:21:10 - [MESSAGE][PASSED] - Object 'Object Repository/PrimoTours/Old Objects/ThankYouPage/bookingNoContainer' is visible

2017-12-04 13:21:10 - [TEST_STEP][PASSED] - verifyElementVisible: Object 'Object Repository/PrimoTours/Old Objects/ThankYouPage/bookingTotalPriceBar' is visible

2017-12-04 13:21:10 - [MESSAGE][PASSED] - Object 'Object Repository/PrimoTours/Old Objects/ThankYouPage/bookingTotalPriceBar' is visible

2017-12-04 13:21:10 - [TEST_STEP][PASSED] - delay: Delayed 1 second(s)

2017-12-04 13:21:11 - [MESSAGE][PASSED] - Delayed 1 second(s)]]></system-out>
         <system-err><![CDATA[2017-12-04 13:20:27 - [TEST_CASE][FAILED] - Test Cases/PrimoTours/WB Primo/WB Primo staging - place booking - Iteration 8: Unable to click on object 'Object Repository/PrimoTours/Old Objects/ThankYouPage/printTicketSpan' (Root cause: org.openqa.selenium.WebDriverException: unknown error: Element <span id="printTicketSpan" data-bind="text: tourpaq.bookingEngine.languageStaticResources.PrintReceipt">...</span> is not clickable at point (508, 319). Other element would receive the click: <div class="se-pre-con" id="booking-overlay" style="opacity: 0.880203;"></div>
  (Session info: chrome=62.0.3202.94)
  (Driver info: chromedriver=2.33.506120 (e3e53437346286c0bc2d2dc9aa4915ba81d9023f),platform=Windows NT 6.3.9600 x86_64) (WARNING: The server did not provide any stacktrace information)
Command duration or timeout: 0 milliseconds
Build info: version: '3.7.1', revision: '8a0099a', time: '2017-11-06T21:07:36.161Z'
System info: host: 'NEACSUNEW-PC', ip: '10.10.10.211', os.name: 'Windows 8.1', os.arch: 'amd64', os.version: '6.3', java.version: '1.8.0_102'
Driver info: com.kms.katalon.selenium.driver.CChromeDriver
Capabilities {acceptSslCerts: true, applicationCacheEnabled: false, browserConnectionEnabled: false, browserName: chrome, chrome: {chromedriverVersion: 2.33.506120 (e3e53437346286..., userDataDir: C:\Users\Cornel\AppData\Loc...}, cssSelectorsEnabled: true, databaseEnabled: false, handlesAlerts: true, hasTouchScreen: false, javascriptEnabled: true, locationContextEnabled: true, mobileEmulationEnabled: false, nativeEvents: true, networkConnectionEnabled: false, pageLoadStrategy: normal, platform: XP, platformName: XP, rotatable: false, setWindowRect: true, takesHeapSnapshot: true, takesScreenshot: true, unexpectedAlertBehaviour: , unhandledPromptBehavior: , version: 62.0.3202.94, webStorageEnabled: true}
Session ID: eca654f9d961ffe67cfc23ae29d0d2aa)]]></system-err>
      </testcase>
      <testcase name="Test Cases/PrimoTours/WB Primo/WB Primo staging - place booking - Iteration 9" classname="Test Cases/PrimoTours/WB Primo/WB Primo staging - place booking" status="FAILED">
         <failure type="FAILED" message="Test Cases/PrimoTours/WB Primo/WB Primo staging - place booking FAILED because (of) Unable to click on object 'Object Repository/PrimoTours/Old Objects/Coco/PrimoT/Ins2/Page_Primo Tours  Danmarks bedste c/travelInsuranceFirstPaxSelector' (Root cause: org.openqa.selenium.WebDriverException: unknown error: Element &lt;span class=&quot;select2-selection__rendered&quot; id=&quot;select2-ddlInsurance-cu-container&quot; title=&quot;...&quot;>Vælg forsikring&lt;/span> is not clickable at point (854, 19). Other element would receive the click: &lt;div class=&quot;row&quot;>...&lt;/div>
  (Session info: chrome=62.0.3202.94)
  (Driver info: chromedriver=2.33.506120 (e3e53437346286c0bc2d2dc9aa4915ba81d9023f),platform=Windows NT 6.3.9600 x86_64) (WARNING: The server did not provide any stacktrace information)
Command duration or timeout: 0 milliseconds
Build info: version: '3.7.1', revision: '8a0099a', time: '2017-11-06T21:07:36.161Z'
System info: host: 'NEACSUNEW-PC', ip: '10.10.10.211', os.name: 'Windows 8.1', os.arch: 'amd64', os.version: '6.3', java.version: '1.8.0_102'
Driver info: com.kms.katalon.selenium.driver.CChromeDriver
Capabilities {acceptSslCerts: true, applicationCacheEnabled: false, browserConnectionEnabled: false, browserName: chrome, chrome: {chromedriverVersion: 2.33.506120 (e3e53437346286..., userDataDir: C:\Users\Cornel\AppData\Loc...}, cssSelectorsEnabled: true, databaseEnabled: false, handlesAlerts: true, hasTouchScreen: false, javascriptEnabled: true, locationContextEnabled: true, mobileEmulationEnabled: false, nativeEvents: true, networkConnectionEnabled: false, pageLoadStrategy: normal, platform: XP, platformName: XP, rotatable: false, setWindowRect: true, takesHeapSnapshot: true, takesScreenshot: true, unexpectedAlertBehaviour: , unhandledPromptBehavior: , version: 62.0.3202.94, webStorageEnabled: true}
Session ID: a18a3c65dfa5e1d2556f80081dc4affd)"/>
         <system-out><![CDATA[2017-12-04 13:21:11 - [TEST_CASE][FAILED] - Test Cases/PrimoTours/WB Primo/WB Primo staging - place booking - Iteration 9: Test Cases/PrimoTours/WB Primo/WB Primo staging - place booking FAILED because (of) Unable to click on object 'Object Repository/PrimoTours/Old Objects/Coco/PrimoT/Ins2/Page_Primo Tours  Danmarks bedste c/travelInsuranceFirstPaxSelector' (Root cause: org.openqa.selenium.WebDriverException: unknown error: Element <span class="select2-selection__rendered" id="select2-ddlInsurance-cu-container" title="...">Vælg forsikring</span> is not clickable at point (854, 19). Other element would receive the click: <div class="row">...</div>
  (Session info: chrome=62.0.3202.94)
  (Driver info: chromedriver=2.33.506120 (e3e53437346286c0bc2d2dc9aa4915ba81d9023f),platform=Windows NT 6.3.9600 x86_64) (WARNING: The server did not provide any stacktrace information)
Command duration or timeout: 0 milliseconds
Build info: version: '3.7.1', revision: '8a0099a', time: '2017-11-06T21:07:36.161Z'
System info: host: 'NEACSUNEW-PC', ip: '10.10.10.211', os.name: 'Windows 8.1', os.arch: 'amd64', os.version: '6.3', java.version: '1.8.0_102'
Driver info: com.kms.katalon.selenium.driver.CChromeDriver
Capabilities {acceptSslCerts: true, applicationCacheEnabled: false, browserConnectionEnabled: false, browserName: chrome, chrome: {chromedriverVersion: 2.33.506120 (e3e53437346286..., userDataDir: C:\Users\Cornel\AppData\Loc...}, cssSelectorsEnabled: true, databaseEnabled: false, handlesAlerts: true, hasTouchScreen: false, javascriptEnabled: true, locationContextEnabled: true, mobileEmulationEnabled: false, nativeEvents: true, networkConnectionEnabled: false, pageLoadStrategy: normal, platform: XP, platformName: XP, rotatable: false, setWindowRect: true, takesHeapSnapshot: true, takesScreenshot: true, unexpectedAlertBehaviour: , unhandledPromptBehavior: , version: 62.0.3202.94, webStorageEnabled: true}
Session ID: a18a3c65dfa5e1d2556f80081dc4affd)

2017-12-04 13:21:11 - [TEST_STEP][PASSED] - openBrowser: Browser is opened with url: ''

2017-12-04 13:21:11 - [MESSAGE][WARNING] - A browser is already opened. Closing browser and opening a new one

2017-12-04 13:21:14 - [MESSAGE][PASSED] - Browser is opened with url: ''

2017-12-04 13:21:14 - [TEST_STEP][PASSED] - maximizeWindow: Current window maximized

2017-12-04 13:21:15 - [MESSAGE][PASSED] - Current window maximized

2017-12-04 13:21:15 - [TEST_STEP][PASSED] - navigateToUrl: Navigate to 'https://staging-primotours-webbooking.tourpaq.com/DoBooking.aspx?pltaID=1480269&p=1&rno=6&pt=1&a=16&c=4&aa=&ca=0,1,4,6' successfully

2017-12-04 13:21:17 - [MESSAGE][PASSED] - Navigate to 'https://staging-primotours-webbooking.tourpaq.com/DoBooking.aspx?pltaID=1480269&p=1&rno=6&pt=1&a=16&c=4&aa=&ca=0,1,4,6' successfully

2017-12-04 13:21:17 - [TEST_STEP][PASSED] - Statement - excelInfo = ["fname":"", "lname":"", "pgender":"", "pday":"", "pmonth":"", "pyear":""]: null

2017-12-04 13:21:17 - [TEST_STEP][PASSED] - Statement - rawData = com.kms.katalon.core.testdata.TestDataFactory.findTestData("Data Files/WB_Primo/Passenger_details"): Reading excel file with source file 'D:\Software testing\Tourpaq\Automated Katalon tests\Primo WB test\Data Files\Primo_URLs_For_Automated_Test.xls' and sheet name 'Passenger Names'

2017-12-04 13:21:17 - [TEST_STEP][PASSED] - Statement - excelRowNo = rawData.getRowNumbers(): null

2017-12-04 13:21:17 - [TEST_STEP][PASSED] - Statement - randomPaxIndex = java.lang.Math.abs(new java.util.Random().nextInt() % excelRowNo) + 1: null

2017-12-04 13:21:17 - [TEST_STEP][PASSED] - Statement - fname = rawData.getValue("FirstName", randomPaxIndex): null

2017-12-04 13:21:17 - [TEST_STEP][PASSED] - Statement - lname = rawData.getValue("LastName", randomPaxIndex): null

2017-12-04 13:21:17 - [TEST_STEP][PASSED] - Statement - pgender = rawData.getValue("Gender", randomPaxIndex): null

2017-12-04 13:21:17 - [TEST_STEP][PASSED] - setText: Text 'Jeppesen AUT' is set on object 'Object Repository/PrimoTours/Old Objects/Coco/PrimoT/Page_Primo Tours  Danmarks bedste c/input_firstName'

2017-12-04 13:21:17 - [MESSAGE][PASSED] - Text 'Jeppesen AUT' is set on object 'Object Repository/PrimoTours/Old Objects/Coco/PrimoT/Page_Primo Tours  Danmarks bedste c/input_firstName'

2017-12-04 13:21:17 - [TEST_STEP][PASSED] - setText: Text 'Birte' is set on object 'Object Repository/PrimoTours/Old Objects/Coco/PrimoT/Page_Primo Tours  Danmarks bedste c/input_lastName'

2017-12-04 13:21:18 - [MESSAGE][PASSED] - Text 'Birte' is set on object 'Object Repository/PrimoTours/Old Objects/Coco/PrimoT/Page_Primo Tours  Danmarks bedste c/input_lastName'

2017-12-04 13:21:18 - [TEST_STEP][PASSED] - click: Object: 'Object Repository/PrimoTours/LandingPage/customerGender' is clicked on

2017-12-04 13:21:18 - [MESSAGE][PASSED] - Object: 'Object Repository/PrimoTours/LandingPage/customerGender' is clicked on

2017-12-04 13:21:18 - [TEST_STEP][PASSED] - setText: Text 'Home address' is set on object 'Object Repository/PrimoTours/Old Objects/Coco/PrimoT/Page_Primo Tours  Danmarks bedste c/input_customerAddress'

2017-12-04 13:21:18 - [MESSAGE][PASSED] - Text 'Home address' is set on object 'Object Repository/PrimoTours/Old Objects/Coco/PrimoT/Page_Primo Tours  Danmarks bedste c/input_customerAddress'

2017-12-04 13:21:18 - [TEST_STEP][PASSED] - setText: Text '6700' is set on object 'Object Repository/PrimoTours/Old Objects/Coco/PrimoT/Page_Primo Tours  Danmarks bedste c/input_customerPostcode'

2017-12-04 13:21:18 - [MESSAGE][PASSED] - Text '6700' is set on object 'Object Repository/PrimoTours/Old Objects/Coco/PrimoT/Page_Primo Tours  Danmarks bedste c/input_customerPostcode'

2017-12-04 13:21:18 - [TEST_STEP][PASSED] - setText: Text 'cornel.neacsu@roweb.ro' is set on object 'Object Repository/PrimoTours/Old Objects/Coco/PrimoT/Page_Primo Tours  Danmarks bedste c/input_customerEmail'

2017-12-04 13:21:19 - [MESSAGE][PASSED] - Text 'cornel.neacsu@roweb.ro' is set on object 'Object Repository/PrimoTours/Old Objects/Coco/PrimoT/Page_Primo Tours  Danmarks bedste c/input_customerEmail'

2017-12-04 13:21:19 - [TEST_STEP][PASSED] - setText: Text '12345678' is set on object 'Object Repository/PrimoTours/Old Objects/Coco/PrimoT/Page_Primo Tours  Danmarks bedste c/input_customerPhone'

2017-12-04 13:21:19 - [MESSAGE][PASSED] - Text '12345678' is set on object 'Object Repository/PrimoTours/Old Objects/Coco/PrimoT/Page_Primo Tours  Danmarks bedste c/input_customerPhone'

2017-12-04 13:21:19 - [TEST_STEP][PASSED] - waitForElementClickable: Object 'Object Repository/PrimoTours/Old Objects/Coco/PrimoT/Page_Primo Tours  Danmarks bedste c/input_firstname-0_1' is clickable

2017-12-04 13:21:21 - [MESSAGE][PASSED] - Object 'Object Repository/PrimoTours/Old Objects/Coco/PrimoT/Page_Primo Tours  Danmarks bedste c/input_firstname-0_1' is clickable

2017-12-04 13:21:21 - [TEST_STEP][PASSED] - Statement - driver = com.kms.katalon.core.webui.driver.DriverFactory.getWebDriver(): null

2017-12-04 13:21:21 - [TEST_STEP][PASSED] - Statement - roomContainerXpath = "id("roomAndStaticOptionsContainer")/div[@class="row"]/div[@class="col-md-12 roomContainer"]": null

2017-12-04 13:21:21 - [TEST_STEP][PASSED] - Statement - roomsCount = driver.findElements(org.openqa.selenium.By.xpath(roomContainerXpath)).size(): null

2017-12-04 13:21:21 - [TEST_STEP][PASSED] - Statement - println("roomsCount=" + roomsCount): null

2017-12-04 13:21:21 - [TEST_STEP][PASSED] - Statement - For ([i = 1, i <= roomsCount, (i++)]): Object: 'Object Repository/PrimoTours/LandingPage/secondPaxFirstNameField' is clicked on

2017-12-04 13:21:21 - [TEST_STEP][PASSED] - Statement - paxInRoomXpath = "id("passengersContainer_" + i - 1 + "")/div[@class="col-md-12"]/div[@class="row"]": null

2017-12-04 13:21:21 - [TEST_STEP][PASSED] - Statement - println("paxInRoomXpath=" + paxInRoomXpath): null

2017-12-04 13:21:21 - [TEST_STEP][PASSED] - Statement - paxInRoomCount = driver.findElements(org.openqa.selenium.By.xpath(paxInRoomXpath)).size(): null

2017-12-04 13:21:21 - [TEST_STEP][PASSED] - Statement - println("paxInRoomCount=" + paxInRoomCount): null

2017-12-04 13:21:21 - [TEST_STEP][PASSED] - Statement - For ([j = 1, j <= paxInRoomCount, (j++)]): Unable to click on object 'Object Repository/PrimoTours/LandingPage/secondPaxFirstNameField' (Root cause: org.openqa.selenium.WebDriverException: unknown error: Element <span class="select2-selection select2-selection--single" role="combobox" aria-haspopup="true" aria-expanded="false" tabindex="0" aria-labelledby="select2-gender-0_4-9t-container">...</span> is not clickable at point (1168, 857). Other element would receive the click: <li class="select2-results__option" id="select2-gender-0_3-cw-result-usvz-MS" role="treeitem" aria-selected="false">...</li>
  (Session info: chrome=62.0.3202.94)
  (Driver info: chromedriver=2.33.506120 (e3e53437346286c0bc2d2dc9aa4915ba81d9023f),platform=Windows NT 6.3.9600 x86_64) (WARNING: The server did not provide any stacktrace information)
Command duration or timeout: 0 milliseconds
Build info: version: '3.7.1', revision: '8a0099a', time: '2017-11-06T21:07:36.161Z'
System info: host: 'NEACSUNEW-PC', ip: '10.10.10.211', os.name: 'Windows 8.1', os.arch: 'amd64', os.version: '6.3', java.version: '1.8.0_102'
Driver info: com.kms.katalon.selenium.driver.CChromeDriver
Capabilities {acceptSslCerts: true, applicationCacheEnabled: false, browserConnectionEnabled: false, browserName: chrome, chrome: {chromedriverVersion: 2.33.506120 (e3e53437346286..., userDataDir: C:\Users\Cornel\AppData\Loc...}, cssSelectorsEnabled: true, databaseEnabled: false, handlesAlerts: true, hasTouchScreen: false, javascriptEnabled: true, locationContextEnabled: true, mobileEmulationEnabled: false, nativeEvents: true, networkConnectionEnabled: false, pageLoadStrategy: normal, platform: XP, platformName: XP, rotatable: false, setWindowRect: true, takesHeapSnapshot: true, takesScreenshot: true, unexpectedAlertBehaviour: , unhandledPromptBehavior: , version: 62.0.3202.94, webStorageEnabled: true}
Session ID: a18a3c65dfa5e1d2556f80081dc4affd)

2017-12-04 13:21:21 - [TEST_STEP][PASSED] - Statement - If (i == 1 & j == 1): null

2017-12-04 13:21:21 - [TEST_STEP][PASSED] - Statement - <not implemented yet for class: org.codehaus.groovy.ast.stmt.ContinueStatement>: null

2017-12-04 13:21:21 - [TEST_STEP][PASSED] - Statement - If (i == 1 & j == 1): null

2017-12-04 13:21:21 - [TEST_STEP][PASSED] - Statement - randomPaxIndex = java.lang.Math.abs(new java.util.Random().nextInt() % excelRowNo) + 1: null

2017-12-04 13:21:21 - [TEST_STEP][PASSED] - Statement - fname = rawData.getValue("FirstName", randomPaxIndex) + " AUT": null

2017-12-04 13:21:21 - [TEST_STEP][PASSED] - Statement - lname = rawData.getValue("LastName", randomPaxIndex): null

2017-12-04 13:21:21 - [TEST_STEP][PASSED] - Statement - pgender = rawData.getValue("Gender", randomPaxIndex): null

2017-12-04 13:21:21 - [TEST_STEP][PASSED] - Statement - pday = rawData.getValue("Day DOB", randomPaxIndex): null

2017-12-04 13:21:21 - [TEST_STEP][PASSED] - Statement - pmonth = rawData.getValue("Month DOB", randomPaxIndex): null

2017-12-04 13:21:21 - [TEST_STEP][PASSED] - Statement - pyear = rawData.getValue("Year DOB", randomPaxIndex): null

2017-12-04 13:21:21 - [TEST_STEP][PASSED] - Statement - paxDetailFields = paxInRoomXpath + "[" + j + "]/div[@class="col-md-x col-md-9"]/div[@class="row paxContainer"][1]/div[contains(@class,"paxAttribute")]": null

2017-12-04 13:21:21 - [TEST_STEP][PASSED] - Statement - xpathval = paxDetailFields + "[1]/div[contains(@class,"form-group")]/input[contains(@class,"paxFirstName")]": null

2017-12-04 13:21:21 - [TEST_STEP][PASSED] - Statement - println("fn: " + xpathval): null

2017-12-04 13:21:21 - [TEST_STEP][PASSED] - Statement - repObj = com.kms.katalon.core.testobject.ObjectRepository.findTestObject(Object Repository/PrimoTours/LandingPage/secondPaxFirstNameField): Finding Test Object with id 'Object Repository/PrimoTours/LandingPage/secondPaxFirstNameField'

2017-12-04 13:21:21 - [TEST_STEP][PASSED] - Statement - repObj.findProperty("xpath").setValue(xpathval): null

2017-12-04 13:21:21 - [TEST_STEP][PASSED] - setText: Text 'Andersen AUT' is set on object 'Object Repository/PrimoTours/LandingPage/secondPaxFirstNameField'

2017-12-04 13:21:21 - [MESSAGE][PASSED] - Text 'Andersen AUT' is set on object 'Object Repository/PrimoTours/LandingPage/secondPaxFirstNameField'

2017-12-04 13:21:21 - [TEST_STEP][PASSED] - Statement - xpathval = paxDetailFields + "[2]/div[contains(@class,"form-group")]/input[contains(@class,"paxLastName")]": null

2017-12-04 13:21:21 - [TEST_STEP][PASSED] - Statement - println("ln: " + xpathval): null

2017-12-04 13:21:21 - [TEST_STEP][PASSED] - Statement - repObj = com.kms.katalon.core.testobject.ObjectRepository.findTestObject(Object Repository/PrimoTours/LandingPage/secondPaxFirstNameField): Finding Test Object with id 'Object Repository/PrimoTours/LandingPage/secondPaxFirstNameField'

2017-12-04 13:21:21 - [TEST_STEP][PASSED] - Statement - repObj.findProperty("xpath").setValue(xpathval): null

2017-12-04 13:21:21 - [TEST_STEP][PASSED] - setText: Text 'Caroline Parzentny' is set on object 'Object Repository/PrimoTours/LandingPage/secondPaxFirstNameField'

2017-12-04 13:21:22 - [MESSAGE][PASSED] - Text 'Caroline Parzentny' is set on object 'Object Repository/PrimoTours/LandingPage/secondPaxFirstNameField'

2017-12-04 13:21:22 - [TEST_STEP][PASSED] - Statement - repObj = com.kms.katalon.core.testobject.ObjectRepository.findTestObject(Object Repository/PrimoTours/LandingPage/secondPaxFirstNameField): Finding Test Object with id 'Object Repository/PrimoTours/LandingPage/secondPaxFirstNameField'

2017-12-04 13:21:22 - [TEST_STEP][PASSED] - Statement - xpathval = paxDetailFields + "[3]/div[contains(@class,"paxGenderSelectorContainer")]/span[contains(@class,"select2 select2-container")]/span[contains(@class,"selection")]/span[contains(@class,"select2-selection")]": null

2017-12-04 13:21:22 - [TEST_STEP][PASSED] - Statement - println("gender: " + xpathval): null

2017-12-04 13:21:22 - [TEST_STEP][PASSED] - Statement - repObj.findProperty("xpath").setValue(xpathval): null

2017-12-04 13:21:22 - [TEST_STEP][PASSED] - click: Object: 'Object Repository/PrimoTours/LandingPage/secondPaxFirstNameField' is clicked on

2017-12-04 13:21:22 - [MESSAGE][PASSED] - Object: 'Object Repository/PrimoTours/LandingPage/secondPaxFirstNameField' is clicked on

2017-12-04 13:21:22 - [TEST_STEP][PASSED] - Statement - If (i == 1 & j == 1): null

2017-12-04 13:21:22 - [TEST_STEP][PASSED] - Statement - randomPaxIndex = java.lang.Math.abs(new java.util.Random().nextInt() % excelRowNo) + 1: null

2017-12-04 13:21:22 - [TEST_STEP][PASSED] - Statement - fname = rawData.getValue("FirstName", randomPaxIndex) + " AUT": null

2017-12-04 13:21:22 - [TEST_STEP][PASSED] - Statement - lname = rawData.getValue("LastName", randomPaxIndex): null

2017-12-04 13:21:22 - [TEST_STEP][PASSED] - Statement - pgender = rawData.getValue("Gender", randomPaxIndex): null

2017-12-04 13:21:22 - [TEST_STEP][PASSED] - Statement - pday = rawData.getValue("Day DOB", randomPaxIndex): null

2017-12-04 13:21:22 - [TEST_STEP][PASSED] - Statement - pmonth = rawData.getValue("Month DOB", randomPaxIndex): null

2017-12-04 13:21:22 - [TEST_STEP][PASSED] - Statement - pyear = rawData.getValue("Year DOB", randomPaxIndex): null

2017-12-04 13:21:22 - [TEST_STEP][PASSED] - Statement - paxDetailFields = paxInRoomXpath + "[" + j + "]/div[@class="col-md-x col-md-9"]/div[@class="row paxContainer"][1]/div[contains(@class,"paxAttribute")]": null

2017-12-04 13:21:22 - [TEST_STEP][PASSED] - Statement - xpathval = paxDetailFields + "[1]/div[contains(@class,"form-group")]/input[contains(@class,"paxFirstName")]": null

2017-12-04 13:21:22 - [TEST_STEP][PASSED] - Statement - println("fn: " + xpathval): null

2017-12-04 13:21:22 - [TEST_STEP][PASSED] - Statement - repObj = com.kms.katalon.core.testobject.ObjectRepository.findTestObject(Object Repository/PrimoTours/LandingPage/secondPaxFirstNameField): Finding Test Object with id 'Object Repository/PrimoTours/LandingPage/secondPaxFirstNameField'

2017-12-04 13:21:22 - [TEST_STEP][PASSED] - Statement - repObj.findProperty("xpath").setValue(xpathval): null

2017-12-04 13:21:22 - [TEST_STEP][PASSED] - setText: Text 'Andersen AUT' is set on object 'Object Repository/PrimoTours/LandingPage/secondPaxFirstNameField'

2017-12-04 13:21:23 - [MESSAGE][PASSED] - Text 'Andersen AUT' is set on object 'Object Repository/PrimoTours/LandingPage/secondPaxFirstNameField'

2017-12-04 13:21:23 - [TEST_STEP][PASSED] - Statement - xpathval = paxDetailFields + "[2]/div[contains(@class,"form-group")]/input[contains(@class,"paxLastName")]": null

2017-12-04 13:21:23 - [TEST_STEP][PASSED] - Statement - println("ln: " + xpathval): null

2017-12-04 13:21:23 - [TEST_STEP][PASSED] - Statement - repObj = com.kms.katalon.core.testobject.ObjectRepository.findTestObject(Object Repository/PrimoTours/LandingPage/secondPaxFirstNameField): Finding Test Object with id 'Object Repository/PrimoTours/LandingPage/secondPaxFirstNameField'

2017-12-04 13:21:23 - [TEST_STEP][PASSED] - Statement - repObj.findProperty("xpath").setValue(xpathval): null

2017-12-04 13:21:23 - [TEST_STEP][PASSED] - setText: Text 'Catharina Nyvang' is set on object 'Object Repository/PrimoTours/LandingPage/secondPaxFirstNameField'

2017-12-04 13:21:23 - [MESSAGE][PASSED] - Text 'Catharina Nyvang' is set on object 'Object Repository/PrimoTours/LandingPage/secondPaxFirstNameField'

2017-12-04 13:21:23 - [TEST_STEP][PASSED] - Statement - repObj = com.kms.katalon.core.testobject.ObjectRepository.findTestObject(Object Repository/PrimoTours/LandingPage/secondPaxFirstNameField): Finding Test Object with id 'Object Repository/PrimoTours/LandingPage/secondPaxFirstNameField'

2017-12-04 13:21:23 - [TEST_STEP][PASSED] - Statement - xpathval = paxDetailFields + "[3]/div[contains(@class,"paxGenderSelectorContainer")]/span[contains(@class,"select2 select2-container")]/span[contains(@class,"selection")]/span[contains(@class,"select2-selection")]": null

2017-12-04 13:21:23 - [TEST_STEP][PASSED] - Statement - println("gender: " + xpathval): null

2017-12-04 13:21:23 - [TEST_STEP][PASSED] - Statement - repObj.findProperty("xpath").setValue(xpathval): null

2017-12-04 13:21:23 - [TEST_STEP][PASSED] - click: Unable to click on object 'Object Repository/PrimoTours/LandingPage/secondPaxFirstNameField' (Root cause: org.openqa.selenium.WebDriverException: unknown error: Element <span class="select2-selection select2-selection--single" role="combobox" aria-haspopup="true" aria-expanded="false" tabindex="0" aria-labelledby="select2-gender-0_2-r8-container">...</span> is not clickable at point (1168, 747). Other element would receive the click: <li class="select2-results__option" id="select2-gender-0_1-w2-result-lkpw-MS" role="treeitem" aria-selected="false">...</li>
  (Session info: chrome=62.0.3202.94)
  (Driver info: chromedriver=2.33.506120 (e3e53437346286c0bc2d2dc9aa4915ba81d9023f),platform=Windows NT 6.3.9600 x86_64) (WARNING: The server did not provide any stacktrace information)
Command duration or timeout: 0 milliseconds
Build info: version: '3.7.1', revision: '8a0099a', time: '2017-11-06T21:07:36.161Z'
System info: host: 'NEACSUNEW-PC', ip: '10.10.10.211', os.name: 'Windows 8.1', os.arch: 'amd64', os.version: '6.3', java.version: '1.8.0_102'
Driver info: com.kms.katalon.selenium.driver.CChromeDriver
Capabilities {acceptSslCerts: true, applicationCacheEnabled: false, browserConnectionEnabled: false, browserName: chrome, chrome: {chromedriverVersion: 2.33.506120 (e3e53437346286..., userDataDir: C:\Users\Cornel\AppData\Loc...}, cssSelectorsEnabled: true, databaseEnabled: false, handlesAlerts: true, hasTouchScreen: false, javascriptEnabled: true, locationContextEnabled: true, mobileEmulationEnabled: false, nativeEvents: true, networkConnectionEnabled: false, pageLoadStrategy: normal, platform: XP, platformName: XP, rotatable: false, setWindowRect: true, takesHeapSnapshot: true, takesScreenshot: true, unexpectedAlertBehaviour: , unhandledPromptBehavior: , version: 62.0.3202.94, webStorageEnabled: true}
Session ID: a18a3c65dfa5e1d2556f80081dc4affd)

2017-12-04 13:21:24 - [MESSAGE][WARNING] - Unable to click on object 'Object Repository/PrimoTours/LandingPage/secondPaxFirstNameField' (Root cause: org.openqa.selenium.WebDriverException: unknown error: Element <span class="select2-selection select2-selection--single" role="combobox" aria-haspopup="true" aria-expanded="false" tabindex="0" aria-labelledby="select2-gender-0_2-r8-container">...</span> is not clickable at point (1168, 747). Other element would receive the click: <li class="select2-results__option" id="select2-gender-0_1-w2-result-lkpw-MS" role="treeitem" aria-selected="false">...</li>
  (Session info: chrome=62.0.3202.94)
  (Driver info: chromedriver=2.33.506120 (e3e53437346286c0bc2d2dc9aa4915ba81d9023f),platform=Windows NT 6.3.9600 x86_64) (WARNING: The server did not provide any stacktrace information)
Command duration or timeout: 0 milliseconds
Build info: version: '3.7.1', revision: '8a0099a', time: '2017-11-06T21:07:36.161Z'
System info: host: 'NEACSUNEW-PC', ip: '10.10.10.211', os.name: 'Windows 8.1', os.arch: 'amd64', os.version: '6.3', java.version: '1.8.0_102'
Driver info: com.kms.katalon.selenium.driver.CChromeDriver
Capabilities {acceptSslCerts: true, applicationCacheEnabled: false, browserConnectionEnabled: false, browserName: chrome, chrome: {chromedriverVersion: 2.33.506120 (e3e53437346286..., userDataDir: C:\Users\Cornel\AppData\Loc...}, cssSelectorsEnabled: true, databaseEnabled: false, handlesAlerts: true, hasTouchScreen: false, javascriptEnabled: true, locationContextEnabled: true, mobileEmulationEnabled: false, nativeEvents: true, networkConnectionEnabled: false, pageLoadStrategy: normal, platform: XP, platformName: XP, rotatable: false, setWindowRect: true, takesHeapSnapshot: true, takesScreenshot: true, unexpectedAlertBehaviour: , unhandledPromptBehavior: , version: 62.0.3202.94, webStorageEnabled: true}
Session ID: a18a3c65dfa5e1d2556f80081dc4affd)
[[ATTACHMENT|D:\\Software testing\\Tourpaq\\Automated Katalon tests\\Primo WB test\\Reports\\WB Primo From Excel URLs\\20171204_131551\\1512386483673.png]]

2017-12-04 13:21:24 - [TEST_STEP][PASSED] - Statement - If (i == 1 & j == 1): null

2017-12-04 13:21:24 - [TEST_STEP][PASSED] - Statement - randomPaxIndex = java.lang.Math.abs(new java.util.Random().nextInt() % excelRowNo) + 1: null

2017-12-04 13:21:24 - [TEST_STEP][PASSED] - Statement - fname = rawData.getValue("FirstName", randomPaxIndex) + " AUT": null

2017-12-04 13:21:24 - [TEST_STEP][PASSED] - Statement - lname = rawData.getValue("LastName", randomPaxIndex): null

2017-12-04 13:21:24 - [TEST_STEP][PASSED] - Statement - pgender = rawData.getValue("Gender", randomPaxIndex): null

2017-12-04 13:21:24 - [TEST_STEP][PASSED] - Statement - pday = rawData.getValue("Day DOB", randomPaxIndex): null

2017-12-04 13:21:24 - [TEST_STEP][PASSED] - Statement - pmonth = rawData.getValue("Month DOB", randomPaxIndex): null

2017-12-04 13:21:24 - [TEST_STEP][PASSED] - Statement - pyear = rawData.getValue("Year DOB", randomPaxIndex): null

2017-12-04 13:21:24 - [TEST_STEP][PASSED] - Statement - paxDetailFields = paxInRoomXpath + "[" + j + "]/div[@class="col-md-x col-md-9"]/div[@class="row paxContainer"][1]/div[contains(@class,"paxAttribute")]": null

2017-12-04 13:21:24 - [TEST_STEP][PASSED] - Statement - xpathval = paxDetailFields + "[1]/div[contains(@class,"form-group")]/input[contains(@class,"paxFirstName")]": null

2017-12-04 13:21:24 - [TEST_STEP][PASSED] - Statement - println("fn: " + xpathval): null

2017-12-04 13:21:24 - [TEST_STEP][PASSED] - Statement - repObj = com.kms.katalon.core.testobject.ObjectRepository.findTestObject(Object Repository/PrimoTours/LandingPage/secondPaxFirstNameField): Finding Test Object with id 'Object Repository/PrimoTours/LandingPage/secondPaxFirstNameField'

2017-12-04 13:21:24 - [TEST_STEP][PASSED] - Statement - repObj.findProperty("xpath").setValue(xpathval): null

2017-12-04 13:21:24 - [TEST_STEP][PASSED] - setText: Text 'Nielsen AUT' is set on object 'Object Repository/PrimoTours/LandingPage/secondPaxFirstNameField'

2017-12-04 13:21:24 - [MESSAGE][PASSED] - Text 'Nielsen AUT' is set on object 'Object Repository/PrimoTours/LandingPage/secondPaxFirstNameField'

2017-12-04 13:21:24 - [TEST_STEP][PASSED] - Statement - xpathval = paxDetailFields + "[2]/div[contains(@class,"form-group")]/input[contains(@class,"paxLastName")]": null

2017-12-04 13:21:24 - [TEST_STEP][PASSED] - Statement - println("ln: " + xpathval): null

2017-12-04 13:21:24 - [TEST_STEP][PASSED] - Statement - repObj = com.kms.katalon.core.testobject.ObjectRepository.findTestObject(Object Repository/PrimoTours/LandingPage/secondPaxFirstNameField): Finding Test Object with id 'Object Repository/PrimoTours/LandingPage/secondPaxFirstNameField'

2017-12-04 13:21:24 - [TEST_STEP][PASSED] - Statement - repObj.findProperty("xpath").setValue(xpathval): null

2017-12-04 13:21:24 - [TEST_STEP][PASSED] - setText: Text 'Anders Blomkvist Korshøj' is set on object 'Object Repository/PrimoTours/LandingPage/secondPaxFirstNameField'

2017-12-04 13:21:25 - [MESSAGE][PASSED] - Text 'Anders Blomkvist Korshøj' is set on object 'Object Repository/PrimoTours/LandingPage/secondPaxFirstNameField'

2017-12-04 13:21:25 - [TEST_STEP][PASSED] - Statement - repObj = com.kms.katalon.core.testobject.ObjectRepository.findTestObject(Object Repository/PrimoTours/LandingPage/secondPaxFirstNameField): Finding Test Object with id 'Object Repository/PrimoTours/LandingPage/secondPaxFirstNameField'

2017-12-04 13:21:25 - [TEST_STEP][PASSED] - Statement - xpathval = paxDetailFields + "[3]/div[contains(@class,"paxGenderSelectorContainer")]/span[contains(@class,"select2 select2-container")]/span[contains(@class,"selection")]/span[contains(@class,"select2-selection")]": null

2017-12-04 13:21:25 - [TEST_STEP][PASSED] - Statement - println("gender: " + xpathval): null

2017-12-04 13:21:25 - [TEST_STEP][PASSED] - Statement - repObj.findProperty("xpath").setValue(xpathval): null

2017-12-04 13:21:25 - [TEST_STEP][PASSED] - click: Object: 'Object Repository/PrimoTours/LandingPage/secondPaxFirstNameField' is clicked on

2017-12-04 13:21:25 - [MESSAGE][PASSED] - Object: 'Object Repository/PrimoTours/LandingPage/secondPaxFirstNameField' is clicked on

2017-12-04 13:21:25 - [TEST_STEP][PASSED] - Statement - If (i == 1 & j == 1): null

2017-12-04 13:21:25 - [TEST_STEP][PASSED] - Statement - randomPaxIndex = java.lang.Math.abs(new java.util.Random().nextInt() % excelRowNo) + 1: null

2017-12-04 13:21:25 - [TEST_STEP][PASSED] - Statement - fname = rawData.getValue("FirstName", randomPaxIndex) + " AUT": null

2017-12-04 13:21:25 - [TEST_STEP][PASSED] - Statement - lname = rawData.getValue("LastName", randomPaxIndex): null

2017-12-04 13:21:25 - [TEST_STEP][PASSED] - Statement - pgender = rawData.getValue("Gender", randomPaxIndex): null

2017-12-04 13:21:25 - [TEST_STEP][PASSED] - Statement - pday = rawData.getValue("Day DOB", randomPaxIndex): null

2017-12-04 13:21:25 - [TEST_STEP][PASSED] - Statement - pmonth = rawData.getValue("Month DOB", randomPaxIndex): null

2017-12-04 13:21:25 - [TEST_STEP][PASSED] - Statement - pyear = rawData.getValue("Year DOB", randomPaxIndex): null

2017-12-04 13:21:25 - [TEST_STEP][PASSED] - Statement - paxDetailFields = paxInRoomXpath + "[" + j + "]/div[@class="col-md-x col-md-9"]/div[@class="row paxContainer"][1]/div[contains(@class,"paxAttribute")]": null

2017-12-04 13:21:25 - [TEST_STEP][PASSED] - Statement - xpathval = paxDetailFields + "[1]/div[contains(@class,"form-group")]/input[contains(@class,"paxFirstName")]": null

2017-12-04 13:21:25 - [TEST_STEP][PASSED] - Statement - println("fn: " + xpathval): null

2017-12-04 13:21:25 - [TEST_STEP][PASSED] - Statement - repObj = com.kms.katalon.core.testobject.ObjectRepository.findTestObject(Object Repository/PrimoTours/LandingPage/secondPaxFirstNameField): Finding Test Object with id 'Object Repository/PrimoTours/LandingPage/secondPaxFirstNameField'

2017-12-04 13:21:25 - [TEST_STEP][PASSED] - Statement - repObj.findProperty("xpath").setValue(xpathval): null

2017-12-04 13:21:25 - [TEST_STEP][PASSED] - setText: Text 'Bang AUT' is set on object 'Object Repository/PrimoTours/LandingPage/secondPaxFirstNameField'

2017-12-04 13:21:25 - [MESSAGE][PASSED] - Text 'Bang AUT' is set on object 'Object Repository/PrimoTours/LandingPage/secondPaxFirstNameField'

2017-12-04 13:21:25 - [TEST_STEP][PASSED] - Statement - xpathval = paxDetailFields + "[2]/div[contains(@class,"form-group")]/input[contains(@class,"paxLastName")]": null

2017-12-04 13:21:25 - [TEST_STEP][PASSED] - Statement - println("ln: " + xpathval): null

2017-12-04 13:21:25 - [TEST_STEP][PASSED] - Statement - repObj = com.kms.katalon.core.testobject.ObjectRepository.findTestObject(Object Repository/PrimoTours/LandingPage/secondPaxFirstNameField): Finding Test Object with id 'Object Repository/PrimoTours/LandingPage/secondPaxFirstNameField'

2017-12-04 13:21:25 - [TEST_STEP][PASSED] - Statement - repObj.findProperty("xpath").setValue(xpathval): null

2017-12-04 13:21:25 - [TEST_STEP][PASSED] - setText: Text 'Marianne' is set on object 'Object Repository/PrimoTours/LandingPage/secondPaxFirstNameField'

2017-12-04 13:21:26 - [MESSAGE][PASSED] - Text 'Marianne' is set on object 'Object Repository/PrimoTours/LandingPage/secondPaxFirstNameField'

2017-12-04 13:21:26 - [TEST_STEP][PASSED] - Statement - repObj = com.kms.katalon.core.testobject.ObjectRepository.findTestObject(Object Repository/PrimoTours/LandingPage/secondPaxFirstNameField): Finding Test Object with id 'Object Repository/PrimoTours/LandingPage/secondPaxFirstNameField'

2017-12-04 13:21:26 - [TEST_STEP][PASSED] - Statement - xpathval = paxDetailFields + "[3]/div[contains(@class,"paxGenderSelectorContainer")]/span[contains(@class,"select2 select2-container")]/span[contains(@class,"selection")]/span[contains(@class,"select2-selection")]": null

2017-12-04 13:21:26 - [TEST_STEP][PASSED] - Statement - println("gender: " + xpathval): null

2017-12-04 13:21:26 - [TEST_STEP][PASSED] - Statement - repObj.findProperty("xpath").setValue(xpathval): null

2017-12-04 13:21:26 - [TEST_STEP][PASSED] - click: Unable to click on object 'Object Repository/PrimoTours/LandingPage/secondPaxFirstNameField' (Root cause: org.openqa.selenium.WebDriverException: unknown error: Element <span class="select2-selection select2-selection--single" role="combobox" aria-haspopup="true" aria-expanded="false" tabindex="0" aria-labelledby="select2-gender-0_4-9t-container">...</span> is not clickable at point (1168, 857). Other element would receive the click: <li class="select2-results__option" id="select2-gender-0_3-cw-result-usvz-MS" role="treeitem" aria-selected="false">...</li>
  (Session info: chrome=62.0.3202.94)
  (Driver info: chromedriver=2.33.506120 (e3e53437346286c0bc2d2dc9aa4915ba81d9023f),platform=Windows NT 6.3.9600 x86_64) (WARNING: The server did not provide any stacktrace information)
Command duration or timeout: 0 milliseconds
Build info: version: '3.7.1', revision: '8a0099a', time: '2017-11-06T21:07:36.161Z'
System info: host: 'NEACSUNEW-PC', ip: '10.10.10.211', os.name: 'Windows 8.1', os.arch: 'amd64', os.version: '6.3', java.version: '1.8.0_102'
Driver info: com.kms.katalon.selenium.driver.CChromeDriver
Capabilities {acceptSslCerts: true, applicationCacheEnabled: false, browserConnectionEnabled: false, browserName: chrome, chrome: {chromedriverVersion: 2.33.506120 (e3e53437346286..., userDataDir: C:\Users\Cornel\AppData\Loc...}, cssSelectorsEnabled: true, databaseEnabled: false, handlesAlerts: true, hasTouchScreen: false, javascriptEnabled: true, locationContextEnabled: true, mobileEmulationEnabled: false, nativeEvents: true, networkConnectionEnabled: false, pageLoadStrategy: normal, platform: XP, platformName: XP, rotatable: false, setWindowRect: true, takesHeapSnapshot: true, takesScreenshot: true, unexpectedAlertBehaviour: , unhandledPromptBehavior: , version: 62.0.3202.94, webStorageEnabled: true}
Session ID: a18a3c65dfa5e1d2556f80081dc4affd)

2017-12-04 13:21:26 - [MESSAGE][WARNING] - Unable to click on object 'Object Repository/PrimoTours/LandingPage/secondPaxFirstNameField' (Root cause: org.openqa.selenium.WebDriverException: unknown error: Element <span class="select2-selection select2-selection--single" role="combobox" aria-haspopup="true" aria-expanded="false" tabindex="0" aria-labelledby="select2-gender-0_4-9t-container">...</span> is not clickable at point (1168, 857). Other element would receive the click: <li class="select2-results__option" id="select2-gender-0_3-cw-result-usvz-MS" role="treeitem" aria-selected="false">...</li>
  (Session info: chrome=62.0.3202.94)
  (Driver info: chromedriver=2.33.506120 (e3e53437346286c0bc2d2dc9aa4915ba81d9023f),platform=Windows NT 6.3.9600 x86_64) (WARNING: The server did not provide any stacktrace information)
Command duration or timeout: 0 milliseconds
Build info: version: '3.7.1', revision: '8a0099a', time: '2017-11-06T21:07:36.161Z'
System info: host: 'NEACSUNEW-PC', ip: '10.10.10.211', os.name: 'Windows 8.1', os.arch: 'amd64', os.version: '6.3', java.version: '1.8.0_102'
Driver info: com.kms.katalon.selenium.driver.CChromeDriver
Capabilities {acceptSslCerts: true, applicationCacheEnabled: false, browserConnectionEnabled: false, browserName: chrome, chrome: {chromedriverVersion: 2.33.506120 (e3e53437346286..., userDataDir: C:\Users\Cornel\AppData\Loc...}, cssSelectorsEnabled: true, databaseEnabled: false, handlesAlerts: true, hasTouchScreen: false, javascriptEnabled: true, locationContextEnabled: true, mobileEmulationEnabled: false, nativeEvents: true, networkConnectionEnabled: false, pageLoadStrategy: normal, platform: XP, platformName: XP, rotatable: false, setWindowRect: true, takesHeapSnapshot: true, takesScreenshot: true, unexpectedAlertBehaviour: , unhandledPromptBehavior: , version: 62.0.3202.94, webStorageEnabled: true}
Session ID: a18a3c65dfa5e1d2556f80081dc4affd)
[[ATTACHMENT|D:\\Software testing\\Tourpaq\\Automated Katalon tests\\Primo WB test\\Reports\\WB Primo From Excel URLs\\20171204_131551\\1512386486151.png]]

2017-12-04 13:21:26 - [TEST_STEP][PASSED] - Statement - paxInRoomXpath = "id("passengersContainer_" + i - 1 + "")/div[@class="col-md-12"]/div[@class="row"]": null

2017-12-04 13:21:26 - [TEST_STEP][PASSED] - Statement - println("paxInRoomXpath=" + paxInRoomXpath): null

2017-12-04 13:21:26 - [TEST_STEP][PASSED] - Statement - paxInRoomCount = driver.findElements(org.openqa.selenium.By.xpath(paxInRoomXpath)).size(): null

2017-12-04 13:21:26 - [TEST_STEP][PASSED] - Statement - println("paxInRoomCount=" + paxInRoomCount): null

2017-12-04 13:21:26 - [TEST_STEP][PASSED] - Statement - For ([j = 1, j <= paxInRoomCount, (j++)]): Unable to click on object 'Object Repository/PrimoTours/LandingPage/secondPaxFirstNameField' (Root cause: org.openqa.selenium.WebDriverException: unknown error: Element <span class="select2-selection select2-selection--single" role="combobox" aria-haspopup="true" aria-expanded="false" tabindex="0" aria-labelledby="select2-gender-1_2-th-container">...</span> is not clickable at point (1168, 528). Other element would receive the click: <li class="select2-results__option" id="select2-gender-1_1-d7-result-c2e7-MS" role="treeitem" aria-selected="false">...</li>
  (Session info: chrome=62.0.3202.94)
  (Driver info: chromedriver=2.33.506120 (e3e53437346286c0bc2d2dc9aa4915ba81d9023f),platform=Windows NT 6.3.9600 x86_64) (WARNING: The server did not provide any stacktrace information)
Command duration or timeout: 0 milliseconds
Build info: version: '3.7.1', revision: '8a0099a', time: '2017-11-06T21:07:36.161Z'
System info: host: 'NEACSUNEW-PC', ip: '10.10.10.211', os.name: 'Windows 8.1', os.arch: 'amd64', os.version: '6.3', java.version: '1.8.0_102'
Driver info: com.kms.katalon.selenium.driver.CChromeDriver
Capabilities {acceptSslCerts: true, applicationCacheEnabled: false, browserConnectionEnabled: false, browserName: chrome, chrome: {chromedriverVersion: 2.33.506120 (e3e53437346286..., userDataDir: C:\Users\Cornel\AppData\Loc...}, cssSelectorsEnabled: true, databaseEnabled: false, handlesAlerts: true, hasTouchScreen: false, javascriptEnabled: true, locationContextEnabled: true, mobileEmulationEnabled: false, nativeEvents: true, networkConnectionEnabled: false, pageLoadStrategy: normal, platform: XP, platformName: XP, rotatable: false, setWindowRect: true, takesHeapSnapshot: true, takesScreenshot: true, unexpectedAlertBehaviour: , unhandledPromptBehavior: , version: 62.0.3202.94, webStorageEnabled: true}
Session ID: a18a3c65dfa5e1d2556f80081dc4affd)

2017-12-04 13:21:26 - [TEST_STEP][PASSED] - Statement - If (i == 1 & j == 1): null

2017-12-04 13:21:26 - [TEST_STEP][PASSED] - Statement - randomPaxIndex = java.lang.Math.abs(new java.util.Random().nextInt() % excelRowNo) + 1: null

2017-12-04 13:21:26 - [TEST_STEP][PASSED] - Statement - fname = rawData.getValue("FirstName", randomPaxIndex) + " AUT": null

2017-12-04 13:21:26 - [TEST_STEP][PASSED] - Statement - lname = rawData.getValue("LastName", randomPaxIndex): null

2017-12-04 13:21:26 - [TEST_STEP][PASSED] - Statement - pgender = rawData.getValue("Gender", randomPaxIndex): null

2017-12-04 13:21:26 - [TEST_STEP][PASSED] - Statement - pday = rawData.getValue("Day DOB", randomPaxIndex): null

2017-12-04 13:21:26 - [TEST_STEP][PASSED] - Statement - pmonth = rawData.getValue("Month DOB", randomPaxIndex): null

2017-12-04 13:21:26 - [TEST_STEP][PASSED] - Statement - pyear = rawData.getValue("Year DOB", randomPaxIndex): null

2017-12-04 13:21:26 - [TEST_STEP][PASSED] - Statement - paxDetailFields = paxInRoomXpath + "[" + j + "]/div[@class="col-md-x col-md-9"]/div[@class="row paxContainer"][1]/div[contains(@class,"paxAttribute")]": null

2017-12-04 13:21:26 - [TEST_STEP][PASSED] - Statement - xpathval = paxDetailFields + "[1]/div[contains(@class,"form-group")]/input[contains(@class,"paxFirstName")]": null

2017-12-04 13:21:26 - [TEST_STEP][PASSED] - Statement - println("fn: " + xpathval): null

2017-12-04 13:21:26 - [TEST_STEP][PASSED] - Statement - repObj = com.kms.katalon.core.testobject.ObjectRepository.findTestObject(Object Repository/PrimoTours/LandingPage/secondPaxFirstNameField): Finding Test Object with id 'Object Repository/PrimoTours/LandingPage/secondPaxFirstNameField'

2017-12-04 13:21:26 - [TEST_STEP][PASSED] - Statement - repObj.findProperty("xpath").setValue(xpathval): null

2017-12-04 13:21:26 - [TEST_STEP][PASSED] - setText: Text 'Clausen AUT' is set on object 'Object Repository/PrimoTours/LandingPage/secondPaxFirstNameField'

2017-12-04 13:21:26 - [MESSAGE][PASSED] - Text 'Clausen AUT' is set on object 'Object Repository/PrimoTours/LandingPage/secondPaxFirstNameField'

2017-12-04 13:21:26 - [TEST_STEP][PASSED] - Statement - xpathval = paxDetailFields + "[2]/div[contains(@class,"form-group")]/input[contains(@class,"paxLastName")]": null

2017-12-04 13:21:26 - [TEST_STEP][PASSED] - Statement - println("ln: " + xpathval): null

2017-12-04 13:21:26 - [TEST_STEP][PASSED] - Statement - repObj = com.kms.katalon.core.testobject.ObjectRepository.findTestObject(Object Repository/PrimoTours/LandingPage/secondPaxFirstNameField): Finding Test Object with id 'Object Repository/PrimoTours/LandingPage/secondPaxFirstNameField'

2017-12-04 13:21:26 - [TEST_STEP][PASSED] - Statement - repObj.findProperty("xpath").setValue(xpathval): null

2017-12-04 13:21:26 - [TEST_STEP][PASSED] - setText: Text 'Carina' is set on object 'Object Repository/PrimoTours/LandingPage/secondPaxFirstNameField'

2017-12-04 13:21:27 - [MESSAGE][PASSED] - Text 'Carina' is set on object 'Object Repository/PrimoTours/LandingPage/secondPaxFirstNameField'

2017-12-04 13:21:27 - [TEST_STEP][PASSED] - Statement - repObj = com.kms.katalon.core.testobject.ObjectRepository.findTestObject(Object Repository/PrimoTours/LandingPage/secondPaxFirstNameField): Finding Test Object with id 'Object Repository/PrimoTours/LandingPage/secondPaxFirstNameField'

2017-12-04 13:21:27 - [TEST_STEP][PASSED] - Statement - xpathval = paxDetailFields + "[3]/div[contains(@class,"paxGenderSelectorContainer")]/span[contains(@class,"select2 select2-container")]/span[contains(@class,"selection")]/span[contains(@class,"select2-selection")]": null

2017-12-04 13:21:27 - [TEST_STEP][PASSED] - Statement - println("gender: " + xpathval): null

2017-12-04 13:21:27 - [TEST_STEP][PASSED] - Statement - repObj.findProperty("xpath").setValue(xpathval): null

2017-12-04 13:21:27 - [TEST_STEP][PASSED] - click: Object: 'Object Repository/PrimoTours/LandingPage/secondPaxFirstNameField' is clicked on

2017-12-04 13:21:27 - [MESSAGE][PASSED] - Object: 'Object Repository/PrimoTours/LandingPage/secondPaxFirstNameField' is clicked on

2017-12-04 13:21:27 - [TEST_STEP][PASSED] - Statement - If (i == 1 & j == 1): null

2017-12-04 13:21:27 - [TEST_STEP][PASSED] - Statement - randomPaxIndex = java.lang.Math.abs(new java.util.Random().nextInt() % excelRowNo) + 1: null

2017-12-04 13:21:27 - [TEST_STEP][PASSED] - Statement - fname = rawData.getValue("FirstName", randomPaxIndex) + " AUT": null

2017-12-04 13:21:27 - [TEST_STEP][PASSED] - Statement - lname = rawData.getValue("LastName", randomPaxIndex): null

2017-12-04 13:21:27 - [TEST_STEP][PASSED] - Statement - pgender = rawData.getValue("Gender", randomPaxIndex): null

2017-12-04 13:21:27 - [TEST_STEP][PASSED] - Statement - pday = rawData.getValue("Day DOB", randomPaxIndex): null

2017-12-04 13:21:27 - [TEST_STEP][PASSED] - Statement - pmonth = rawData.getValue("Month DOB", randomPaxIndex): null

2017-12-04 13:21:27 - [TEST_STEP][PASSED] - Statement - pyear = rawData.getValue("Year DOB", randomPaxIndex): null

2017-12-04 13:21:27 - [TEST_STEP][PASSED] - Statement - paxDetailFields = paxInRoomXpath + "[" + j + "]/div[@class="col-md-x col-md-9"]/div[@class="row paxContainer"][1]/div[contains(@class,"paxAttribute")]": null

2017-12-04 13:21:27 - [TEST_STEP][PASSED] - Statement - xpathval = paxDetailFields + "[1]/div[contains(@class,"form-group")]/input[contains(@class,"paxFirstName")]": null

2017-12-04 13:21:27 - [TEST_STEP][PASSED] - Statement - println("fn: " + xpathval): null

2017-12-04 13:21:27 - [TEST_STEP][PASSED] - Statement - repObj = com.kms.katalon.core.testobject.ObjectRepository.findTestObject(Object Repository/PrimoTours/LandingPage/secondPaxFirstNameField): Finding Test Object with id 'Object Repository/PrimoTours/LandingPage/secondPaxFirstNameField'

2017-12-04 13:21:27 - [TEST_STEP][PASSED] - Statement - repObj.findProperty("xpath").setValue(xpathval): null

2017-12-04 13:21:27 - [TEST_STEP][PASSED] - setText: Text 'Christensen AUT' is set on object 'Object Repository/PrimoTours/LandingPage/secondPaxFirstNameField'

2017-12-04 13:21:27 - [MESSAGE][PASSED] - Text 'Christensen AUT' is set on object 'Object Repository/PrimoTours/LandingPage/secondPaxFirstNameField'

2017-12-04 13:21:27 - [TEST_STEP][PASSED] - Statement - xpathval = paxDetailFields + "[2]/div[contains(@class,"form-group")]/input[contains(@class,"paxLastName")]": null

2017-12-04 13:21:27 - [TEST_STEP][PASSED] - Statement - println("ln: " + xpathval): null

2017-12-04 13:21:27 - [TEST_STEP][PASSED] - Statement - repObj = com.kms.katalon.core.testobject.ObjectRepository.findTestObject(Object Repository/PrimoTours/LandingPage/secondPaxFirstNameField): Finding Test Object with id 'Object Repository/PrimoTours/LandingPage/secondPaxFirstNameField'

2017-12-04 13:21:27 - [TEST_STEP][PASSED] - Statement - repObj.findProperty("xpath").setValue(xpathval): null

2017-12-04 13:21:27 - [TEST_STEP][PASSED] - setText: Text 'Tinna' is set on object 'Object Repository/PrimoTours/LandingPage/secondPaxFirstNameField'

2017-12-04 13:21:28 - [MESSAGE][PASSED] - Text 'Tinna' is set on object 'Object Repository/PrimoTours/LandingPage/secondPaxFirstNameField'

2017-12-04 13:21:28 - [TEST_STEP][PASSED] - Statement - repObj = com.kms.katalon.core.testobject.ObjectRepository.findTestObject(Object Repository/PrimoTours/LandingPage/secondPaxFirstNameField): Finding Test Object with id 'Object Repository/PrimoTours/LandingPage/secondPaxFirstNameField'

2017-12-04 13:21:28 - [TEST_STEP][PASSED] - Statement - xpathval = paxDetailFields + "[3]/div[contains(@class,"paxGenderSelectorContainer")]/span[contains(@class,"select2 select2-container")]/span[contains(@class,"selection")]/span[contains(@class,"select2-selection")]": null

2017-12-04 13:21:28 - [TEST_STEP][PASSED] - Statement - println("gender: " + xpathval): null

2017-12-04 13:21:28 - [TEST_STEP][PASSED] - Statement - repObj.findProperty("xpath").setValue(xpathval): null

2017-12-04 13:21:28 - [TEST_STEP][PASSED] - click: Object: 'Object Repository/PrimoTours/LandingPage/secondPaxFirstNameField' is clicked on

2017-12-04 13:21:28 - [MESSAGE][PASSED] - Object: 'Object Repository/PrimoTours/LandingPage/secondPaxFirstNameField' is clicked on

2017-12-04 13:21:28 - [TEST_STEP][PASSED] - Statement - If (i == 1 & j == 1): null

2017-12-04 13:21:28 - [TEST_STEP][PASSED] - Statement - randomPaxIndex = java.lang.Math.abs(new java.util.Random().nextInt() % excelRowNo) + 1: null

2017-12-04 13:21:28 - [TEST_STEP][PASSED] - Statement - fname = rawData.getValue("FirstName", randomPaxIndex) + " AUT": null

2017-12-04 13:21:28 - [TEST_STEP][PASSED] - Statement - lname = rawData.getValue("LastName", randomPaxIndex): null

2017-12-04 13:21:28 - [TEST_STEP][PASSED] - Statement - pgender = rawData.getValue("Gender", randomPaxIndex): null

2017-12-04 13:21:28 - [TEST_STEP][PASSED] - Statement - pday = rawData.getValue("Day DOB", randomPaxIndex): null

2017-12-04 13:21:28 - [TEST_STEP][PASSED] - Statement - pmonth = rawData.getValue("Month DOB", randomPaxIndex): null

2017-12-04 13:21:28 - [TEST_STEP][PASSED] - Statement - pyear = rawData.getValue("Year DOB", randomPaxIndex): null

2017-12-04 13:21:28 - [TEST_STEP][PASSED] - Statement - paxDetailFields = paxInRoomXpath + "[" + j + "]/div[@class="col-md-x col-md-9"]/div[@class="row paxContainer"][1]/div[contains(@class,"paxAttribute")]": null

2017-12-04 13:21:28 - [TEST_STEP][PASSED] - Statement - xpathval = paxDetailFields + "[1]/div[contains(@class,"form-group")]/input[contains(@class,"paxFirstName")]": null

2017-12-04 13:21:28 - [TEST_STEP][PASSED] - Statement - println("fn: " + xpathval): null

2017-12-04 13:21:28 - [TEST_STEP][PASSED] - Statement - repObj = com.kms.katalon.core.testobject.ObjectRepository.findTestObject(Object Repository/PrimoTours/LandingPage/secondPaxFirstNameField): Finding Test Object with id 'Object Repository/PrimoTours/LandingPage/secondPaxFirstNameField'

2017-12-04 13:21:28 - [TEST_STEP][PASSED] - Statement - repObj.findProperty("xpath").setValue(xpathval): null

2017-12-04 13:21:28 - [TEST_STEP][PASSED] - setText: Text 'Hansson AUT' is set on object 'Object Repository/PrimoTours/LandingPage/secondPaxFirstNameField'

2017-12-04 13:21:28 - [MESSAGE][PASSED] - Text 'Hansson AUT' is set on object 'Object Repository/PrimoTours/LandingPage/secondPaxFirstNameField'

2017-12-04 13:21:28 - [TEST_STEP][PASSED] - Statement - xpathval = paxDetailFields + "[2]/div[contains(@class,"form-group")]/input[contains(@class,"paxLastName")]": null

2017-12-04 13:21:28 - [TEST_STEP][PASSED] - Statement - println("ln: " + xpathval): null

2017-12-04 13:21:28 - [TEST_STEP][PASSED] - Statement - repObj = com.kms.katalon.core.testobject.ObjectRepository.findTestObject(Object Repository/PrimoTours/LandingPage/secondPaxFirstNameField): Finding Test Object with id 'Object Repository/PrimoTours/LandingPage/secondPaxFirstNameField'

2017-12-04 13:21:28 - [TEST_STEP][PASSED] - Statement - repObj.findProperty("xpath").setValue(xpathval): null

2017-12-04 13:21:28 - [TEST_STEP][PASSED] - setText: Text 'Bodil' is set on object 'Object Repository/PrimoTours/LandingPage/secondPaxFirstNameField'

2017-12-04 13:21:28 - [MESSAGE][PASSED] - Text 'Bodil' is set on object 'Object Repository/PrimoTours/LandingPage/secondPaxFirstNameField'

2017-12-04 13:21:28 - [TEST_STEP][PASSED] - Statement - repObj = com.kms.katalon.core.testobject.ObjectRepository.findTestObject(Object Repository/PrimoTours/LandingPage/secondPaxFirstNameField): Finding Test Object with id 'Object Repository/PrimoTours/LandingPage/secondPaxFirstNameField'

2017-12-04 13:21:28 - [TEST_STEP][PASSED] - Statement - xpathval = paxDetailFields + "[3]/div[contains(@class,"paxGenderSelectorContainer")]/span[contains(@class,"select2 select2-container")]/span[contains(@class,"selection")]/span[contains(@class,"select2-selection")]": null

2017-12-04 13:21:28 - [TEST_STEP][PASSED] - Statement - println("gender: " + xpathval): null

2017-12-04 13:21:28 - [TEST_STEP][PASSED] - Statement - repObj.findProperty("xpath").setValue(xpathval): null

2017-12-04 13:21:28 - [TEST_STEP][PASSED] - click: Unable to click on object 'Object Repository/PrimoTours/LandingPage/secondPaxFirstNameField' (Root cause: org.openqa.selenium.WebDriverException: unknown error: Element <span class="select2-selection select2-selection--single" role="combobox" aria-haspopup="true" aria-expanded="false" tabindex="0" aria-labelledby="select2-gender-1_2-th-container">...</span> is not clickable at point (1168, 528). Other element would receive the click: <li class="select2-results__option" id="select2-gender-1_1-d7-result-c2e7-MS" role="treeitem" aria-selected="false">...</li>
  (Session info: chrome=62.0.3202.94)
  (Driver info: chromedriver=2.33.506120 (e3e53437346286c0bc2d2dc9aa4915ba81d9023f),platform=Windows NT 6.3.9600 x86_64) (WARNING: The server did not provide any stacktrace information)
Command duration or timeout: 0 milliseconds
Build info: version: '3.7.1', revision: '8a0099a', time: '2017-11-06T21:07:36.161Z'
System info: host: 'NEACSUNEW-PC', ip: '10.10.10.211', os.name: 'Windows 8.1', os.arch: 'amd64', os.version: '6.3', java.version: '1.8.0_102'
Driver info: com.kms.katalon.selenium.driver.CChromeDriver
Capabilities {acceptSslCerts: true, applicationCacheEnabled: false, browserConnectionEnabled: false, browserName: chrome, chrome: {chromedriverVersion: 2.33.506120 (e3e53437346286..., userDataDir: C:\Users\Cornel\AppData\Loc...}, cssSelectorsEnabled: true, databaseEnabled: false, handlesAlerts: true, hasTouchScreen: false, javascriptEnabled: true, locationContextEnabled: true, mobileEmulationEnabled: false, nativeEvents: true, networkConnectionEnabled: false, pageLoadStrategy: normal, platform: XP, platformName: XP, rotatable: false, setWindowRect: true, takesHeapSnapshot: true, takesScreenshot: true, unexpectedAlertBehaviour: , unhandledPromptBehavior: , version: 62.0.3202.94, webStorageEnabled: true}
Session ID: a18a3c65dfa5e1d2556f80081dc4affd)

2017-12-04 13:21:29 - [MESSAGE][WARNING] - Unable to click on object 'Object Repository/PrimoTours/LandingPage/secondPaxFirstNameField' (Root cause: org.openqa.selenium.WebDriverException: unknown error: Element <span class="select2-selection select2-selection--single" role="combobox" aria-haspopup="true" aria-expanded="false" tabindex="0" aria-labelledby="select2-gender-1_2-th-container">...</span> is not clickable at point (1168, 528). Other element would receive the click: <li class="select2-results__option" id="select2-gender-1_1-d7-result-c2e7-MS" role="treeitem" aria-selected="false">...</li>
  (Session info: chrome=62.0.3202.94)
  (Driver info: chromedriver=2.33.506120 (e3e53437346286c0bc2d2dc9aa4915ba81d9023f),platform=Windows NT 6.3.9600 x86_64) (WARNING: The server did not provide any stacktrace information)
Command duration or timeout: 0 milliseconds
Build info: version: '3.7.1', revision: '8a0099a', time: '2017-11-06T21:07:36.161Z'
System info: host: 'NEACSUNEW-PC', ip: '10.10.10.211', os.name: 'Windows 8.1', os.arch: 'amd64', os.version: '6.3', java.version: '1.8.0_102'
Driver info: com.kms.katalon.selenium.driver.CChromeDriver
Capabilities {acceptSslCerts: true, applicationCacheEnabled: false, browserConnectionEnabled: false, browserName: chrome, chrome: {chromedriverVersion: 2.33.506120 (e3e53437346286..., userDataDir: C:\Users\Cornel\AppData\Loc...}, cssSelectorsEnabled: true, databaseEnabled: false, handlesAlerts: true, hasTouchScreen: false, javascriptEnabled: true, locationContextEnabled: true, mobileEmulationEnabled: false, nativeEvents: true, networkConnectionEnabled: false, pageLoadStrategy: normal, platform: XP, platformName: XP, rotatable: false, setWindowRect: true, takesHeapSnapshot: true, takesScreenshot: true, unexpectedAlertBehaviour: , unhandledPromptBehavior: , version: 62.0.3202.94, webStorageEnabled: true}
Session ID: a18a3c65dfa5e1d2556f80081dc4affd)
[[ATTACHMENT|D:\\Software testing\\Tourpaq\\Automated Katalon tests\\Primo WB test\\Reports\\WB Primo From Excel URLs\\20171204_131551\\1512386488947.png]]

2017-12-04 13:21:29 - [TEST_STEP][PASSED] - Statement - paxInRoomXpath = "id("passengersContainer_" + i - 1 + "")/div[@class="col-md-12"]/div[@class="row"]": null

2017-12-04 13:21:29 - [TEST_STEP][PASSED] - Statement - println("paxInRoomXpath=" + paxInRoomXpath): null

2017-12-04 13:21:29 - [TEST_STEP][PASSED] - Statement - paxInRoomCount = driver.findElements(org.openqa.selenium.By.xpath(paxInRoomXpath)).size(): null

2017-12-04 13:21:29 - [TEST_STEP][PASSED] - Statement - println("paxInRoomCount=" + paxInRoomCount): null

2017-12-04 13:21:29 - [TEST_STEP][PASSED] - Statement - For ([j = 1, j <= paxInRoomCount, (j++)]): Object: 'Object Repository/PrimoTours/LandingPage/secondPaxFirstNameField' is clicked on

2017-12-04 13:21:29 - [TEST_STEP][PASSED] - Statement - If (i == 1 & j == 1): null

2017-12-04 13:21:29 - [TEST_STEP][PASSED] - Statement - randomPaxIndex = java.lang.Math.abs(new java.util.Random().nextInt() % excelRowNo) + 1: null

2017-12-04 13:21:29 - [TEST_STEP][PASSED] - Statement - fname = rawData.getValue("FirstName", randomPaxIndex) + " AUT": null

2017-12-04 13:21:29 - [TEST_STEP][PASSED] - Statement - lname = rawData.getValue("LastName", randomPaxIndex): null

2017-12-04 13:21:29 - [TEST_STEP][PASSED] - Statement - pgender = rawData.getValue("Gender", randomPaxIndex): null

2017-12-04 13:21:29 - [TEST_STEP][PASSED] - Statement - pday = rawData.getValue("Day DOB", randomPaxIndex): null

2017-12-04 13:21:29 - [TEST_STEP][PASSED] - Statement - pmonth = rawData.getValue("Month DOB", randomPaxIndex): null

2017-12-04 13:21:29 - [TEST_STEP][PASSED] - Statement - pyear = rawData.getValue("Year DOB", randomPaxIndex): null

2017-12-04 13:21:29 - [TEST_STEP][PASSED] - Statement - paxDetailFields = paxInRoomXpath + "[" + j + "]/div[@class="col-md-x col-md-9"]/div[@class="row paxContainer"][1]/div[contains(@class,"paxAttribute")]": null

2017-12-04 13:21:29 - [TEST_STEP][PASSED] - Statement - xpathval = paxDetailFields + "[1]/div[contains(@class,"form-group")]/input[contains(@class,"paxFirstName")]": null

2017-12-04 13:21:29 - [TEST_STEP][PASSED] - Statement - println("fn: " + xpathval): null

2017-12-04 13:21:29 - [TEST_STEP][PASSED] - Statement - repObj = com.kms.katalon.core.testobject.ObjectRepository.findTestObject(Object Repository/PrimoTours/LandingPage/secondPaxFirstNameField): Finding Test Object with id 'Object Repository/PrimoTours/LandingPage/secondPaxFirstNameField'

2017-12-04 13:21:29 - [TEST_STEP][PASSED] - Statement - repObj.findProperty("xpath").setValue(xpathval): null

2017-12-04 13:21:29 - [TEST_STEP][PASSED] - setText: Text 'Brekke AUT' is set on object 'Object Repository/PrimoTours/LandingPage/secondPaxFirstNameField'

2017-12-04 13:21:29 - [MESSAGE][PASSED] - Text 'Brekke AUT' is set on object 'Object Repository/PrimoTours/LandingPage/secondPaxFirstNameField'

2017-12-04 13:21:29 - [TEST_STEP][PASSED] - Statement - xpathval = paxDetailFields + "[2]/div[contains(@class,"form-group")]/input[contains(@class,"paxLastName")]": null

2017-12-04 13:21:29 - [TEST_STEP][PASSED] - Statement - println("ln: " + xpathval): null

2017-12-04 13:21:29 - [TEST_STEP][PASSED] - Statement - repObj = com.kms.katalon.core.testobject.ObjectRepository.findTestObject(Object Repository/PrimoTours/LandingPage/secondPaxFirstNameField): Finding Test Object with id 'Object Repository/PrimoTours/LandingPage/secondPaxFirstNameField'

2017-12-04 13:21:29 - [TEST_STEP][PASSED] - Statement - repObj.findProperty("xpath").setValue(xpathval): null

2017-12-04 13:21:29 - [TEST_STEP][PASSED] - setText: Text 'Tone' is set on object 'Object Repository/PrimoTours/LandingPage/secondPaxFirstNameField'

2017-12-04 13:21:29 - [MESSAGE][PASSED] - Text 'Tone' is set on object 'Object Repository/PrimoTours/LandingPage/secondPaxFirstNameField'

2017-12-04 13:21:29 - [TEST_STEP][PASSED] - Statement - repObj = com.kms.katalon.core.testobject.ObjectRepository.findTestObject(Object Repository/PrimoTours/LandingPage/secondPaxFirstNameField): Finding Test Object with id 'Object Repository/PrimoTours/LandingPage/secondPaxFirstNameField'

2017-12-04 13:21:29 - [TEST_STEP][PASSED] - Statement - xpathval = paxDetailFields + "[3]/div[contains(@class,"paxGenderSelectorContainer")]/span[contains(@class,"select2 select2-container")]/span[contains(@class,"selection")]/span[contains(@class,"select2-selection")]": null

2017-12-04 13:21:29 - [TEST_STEP][PASSED] - Statement - println("gender: " + xpathval): null

2017-12-04 13:21:29 - [TEST_STEP][PASSED] - Statement - repObj.findProperty("xpath").setValue(xpathval): null

2017-12-04 13:21:29 - [TEST_STEP][PASSED] - click: Object: 'Object Repository/PrimoTours/LandingPage/secondPaxFirstNameField' is clicked on

2017-12-04 13:21:29 - [MESSAGE][PASSED] - Object: 'Object Repository/PrimoTours/LandingPage/secondPaxFirstNameField' is clicked on

2017-12-04 13:21:29 - [TEST_STEP][PASSED] - Statement - If (i == 1 & j == 1): null

2017-12-04 13:21:29 - [TEST_STEP][PASSED] - Statement - randomPaxIndex = java.lang.Math.abs(new java.util.Random().nextInt() % excelRowNo) + 1: null

2017-12-04 13:21:29 - [TEST_STEP][PASSED] - Statement - fname = rawData.getValue("FirstName", randomPaxIndex) + " AUT": null

2017-12-04 13:21:29 - [TEST_STEP][PASSED] - Statement - lname = rawData.getValue("LastName", randomPaxIndex): null

2017-12-04 13:21:29 - [TEST_STEP][PASSED] - Statement - pgender = rawData.getValue("Gender", randomPaxIndex): null

2017-12-04 13:21:29 - [TEST_STEP][PASSED] - Statement - pday = rawData.getValue("Day DOB", randomPaxIndex): null

2017-12-04 13:21:29 - [TEST_STEP][PASSED] - Statement - pmonth = rawData.getValue("Month DOB", randomPaxIndex): null

2017-12-04 13:21:29 - [TEST_STEP][PASSED] - Statement - pyear = rawData.getValue("Year DOB", randomPaxIndex): null

2017-12-04 13:21:29 - [TEST_STEP][PASSED] - Statement - paxDetailFields = paxInRoomXpath + "[" + j + "]/div[@class="col-md-x col-md-9"]/div[@class="row paxContainer"][1]/div[contains(@class,"paxAttribute")]": null

2017-12-04 13:21:29 - [TEST_STEP][PASSED] - Statement - xpathval = paxDetailFields + "[1]/div[contains(@class,"form-group")]/input[contains(@class,"paxFirstName")]": null

2017-12-04 13:21:29 - [TEST_STEP][PASSED] - Statement - println("fn: " + xpathval): null

2017-12-04 13:21:29 - [TEST_STEP][PASSED] - Statement - repObj = com.kms.katalon.core.testobject.ObjectRepository.findTestObject(Object Repository/PrimoTours/LandingPage/secondPaxFirstNameField): Finding Test Object with id 'Object Repository/PrimoTours/LandingPage/secondPaxFirstNameField'

2017-12-04 13:21:29 - [TEST_STEP][PASSED] - Statement - repObj.findProperty("xpath").setValue(xpathval): null

2017-12-04 13:21:29 - [TEST_STEP][PASSED] - setText: Text 'Rasmussen AUT' is set on object 'Object Repository/PrimoTours/LandingPage/secondPaxFirstNameField'

2017-12-04 13:21:30 - [MESSAGE][PASSED] - Text 'Rasmussen AUT' is set on object 'Object Repository/PrimoTours/LandingPage/secondPaxFirstNameField'

2017-12-04 13:21:30 - [TEST_STEP][PASSED] - Statement - xpathval = paxDetailFields + "[2]/div[contains(@class,"form-group")]/input[contains(@class,"paxLastName")]": null

2017-12-04 13:21:30 - [TEST_STEP][PASSED] - Statement - println("ln: " + xpathval): null

2017-12-04 13:21:30 - [TEST_STEP][PASSED] - Statement - repObj = com.kms.katalon.core.testobject.ObjectRepository.findTestObject(Object Repository/PrimoTours/LandingPage/secondPaxFirstNameField): Finding Test Object with id 'Object Repository/PrimoTours/LandingPage/secondPaxFirstNameField'

2017-12-04 13:21:30 - [TEST_STEP][PASSED] - Statement - repObj.findProperty("xpath").setValue(xpathval): null

2017-12-04 13:21:30 - [TEST_STEP][PASSED] - setText: Text 'Gert Johan' is set on object 'Object Repository/PrimoTours/LandingPage/secondPaxFirstNameField'

2017-12-04 13:21:30 - [MESSAGE][PASSED] - Text 'Gert Johan' is set on object 'Object Repository/PrimoTours/LandingPage/secondPaxFirstNameField'

2017-12-04 13:21:30 - [TEST_STEP][PASSED] - Statement - repObj = com.kms.katalon.core.testobject.ObjectRepository.findTestObject(Object Repository/PrimoTours/LandingPage/secondPaxFirstNameField): Finding Test Object with id 'Object Repository/PrimoTours/LandingPage/secondPaxFirstNameField'

2017-12-04 13:21:30 - [TEST_STEP][PASSED] - Statement - xpathval = paxDetailFields + "[3]/div[contains(@class,"paxGenderSelectorContainer")]/span[contains(@class,"select2 select2-container")]/span[contains(@class,"selection")]/span[contains(@class,"select2-selection")]": null

2017-12-04 13:21:30 - [TEST_STEP][PASSED] - Statement - println("gender: " + xpathval): null

2017-12-04 13:21:30 - [TEST_STEP][PASSED] - Statement - repObj.findProperty("xpath").setValue(xpathval): null

2017-12-04 13:21:30 - [TEST_STEP][PASSED] - click: Unable to click on object 'Object Repository/PrimoTours/LandingPage/secondPaxFirstNameField' (Root cause: org.openqa.selenium.WebDriverException: unknown error: Element <span class="select2-selection select2-selection--single" role="combobox" aria-haspopup="true" aria-expanded="false" tabindex="0" aria-labelledby="select2-gender-2_1-ss-container">...</span> is not clickable at point (1168, 677). Other element would receive the click: <li class="select2-results__option" id="select2-gender-2_0-dt-result-eyxy-MS" role="treeitem" aria-selected="false">...</li>
  (Session info: chrome=62.0.3202.94)
  (Driver info: chromedriver=2.33.506120 (e3e53437346286c0bc2d2dc9aa4915ba81d9023f),platform=Windows NT 6.3.9600 x86_64) (WARNING: The server did not provide any stacktrace information)
Command duration or timeout: 0 milliseconds
Build info: version: '3.7.1', revision: '8a0099a', time: '2017-11-06T21:07:36.161Z'
System info: host: 'NEACSUNEW-PC', ip: '10.10.10.211', os.name: 'Windows 8.1', os.arch: 'amd64', os.version: '6.3', java.version: '1.8.0_102'
Driver info: com.kms.katalon.selenium.driver.CChromeDriver
Capabilities {acceptSslCerts: true, applicationCacheEnabled: false, browserConnectionEnabled: false, browserName: chrome, chrome: {chromedriverVersion: 2.33.506120 (e3e53437346286..., userDataDir: C:\Users\Cornel\AppData\Loc...}, cssSelectorsEnabled: true, databaseEnabled: false, handlesAlerts: true, hasTouchScreen: false, javascriptEnabled: true, locationContextEnabled: true, mobileEmulationEnabled: false, nativeEvents: true, networkConnectionEnabled: false, pageLoadStrategy: normal, platform: XP, platformName: XP, rotatable: false, setWindowRect: true, takesHeapSnapshot: true, takesScreenshot: true, unexpectedAlertBehaviour: , unhandledPromptBehavior: , version: 62.0.3202.94, webStorageEnabled: true}
Session ID: a18a3c65dfa5e1d2556f80081dc4affd)

2017-12-04 13:21:31 - [MESSAGE][WARNING] - Unable to click on object 'Object Repository/PrimoTours/LandingPage/secondPaxFirstNameField' (Root cause: org.openqa.selenium.WebDriverException: unknown error: Element <span class="select2-selection select2-selection--single" role="combobox" aria-haspopup="true" aria-expanded="false" tabindex="0" aria-labelledby="select2-gender-2_1-ss-container">...</span> is not clickable at point (1168, 677). Other element would receive the click: <li class="select2-results__option" id="select2-gender-2_0-dt-result-eyxy-MS" role="treeitem" aria-selected="false">...</li>
  (Session info: chrome=62.0.3202.94)
  (Driver info: chromedriver=2.33.506120 (e3e53437346286c0bc2d2dc9aa4915ba81d9023f),platform=Windows NT 6.3.9600 x86_64) (WARNING: The server did not provide any stacktrace information)
Command duration or timeout: 0 milliseconds
Build info: version: '3.7.1', revision: '8a0099a', time: '2017-11-06T21:07:36.161Z'
System info: host: 'NEACSUNEW-PC', ip: '10.10.10.211', os.name: 'Windows 8.1', os.arch: 'amd64', os.version: '6.3', java.version: '1.8.0_102'
Driver info: com.kms.katalon.selenium.driver.CChromeDriver
Capabilities {acceptSslCerts: true, applicationCacheEnabled: false, browserConnectionEnabled: false, browserName: chrome, chrome: {chromedriverVersion: 2.33.506120 (e3e53437346286..., userDataDir: C:\Users\Cornel\AppData\Loc...}, cssSelectorsEnabled: true, databaseEnabled: false, handlesAlerts: true, hasTouchScreen: false, javascriptEnabled: true, locationContextEnabled: true, mobileEmulationEnabled: false, nativeEvents: true, networkConnectionEnabled: false, pageLoadStrategy: normal, platform: XP, platformName: XP, rotatable: false, setWindowRect: true, takesHeapSnapshot: true, takesScreenshot: true, unexpectedAlertBehaviour: , unhandledPromptBehavior: , version: 62.0.3202.94, webStorageEnabled: true}
Session ID: a18a3c65dfa5e1d2556f80081dc4affd)
[[ATTACHMENT|D:\\Software testing\\Tourpaq\\Automated Katalon tests\\Primo WB test\\Reports\\WB Primo From Excel URLs\\20171204_131551\\1512386490870.png]]

2017-12-04 13:21:31 - [TEST_STEP][PASSED] - Statement - If (i == 1 & j == 1): null

2017-12-04 13:21:31 - [TEST_STEP][PASSED] - Statement - randomPaxIndex = java.lang.Math.abs(new java.util.Random().nextInt() % excelRowNo) + 1: null

2017-12-04 13:21:31 - [TEST_STEP][PASSED] - Statement - fname = rawData.getValue("FirstName", randomPaxIndex) + " AUT": null

2017-12-04 13:21:31 - [TEST_STEP][PASSED] - Statement - lname = rawData.getValue("LastName", randomPaxIndex): null

2017-12-04 13:21:31 - [TEST_STEP][PASSED] - Statement - pgender = rawData.getValue("Gender", randomPaxIndex): null

2017-12-04 13:21:31 - [TEST_STEP][PASSED] - Statement - pday = rawData.getValue("Day DOB", randomPaxIndex): null

2017-12-04 13:21:31 - [TEST_STEP][PASSED] - Statement - pmonth = rawData.getValue("Month DOB", randomPaxIndex): null

2017-12-04 13:21:31 - [TEST_STEP][PASSED] - Statement - pyear = rawData.getValue("Year DOB", randomPaxIndex): null

2017-12-04 13:21:31 - [TEST_STEP][PASSED] - Statement - paxDetailFields = paxInRoomXpath + "[" + j + "]/div[@class="col-md-x col-md-9"]/div[@class="row paxContainer"][1]/div[contains(@class,"paxAttribute")]": null

2017-12-04 13:21:31 - [TEST_STEP][PASSED] - Statement - xpathval = paxDetailFields + "[1]/div[contains(@class,"form-group")]/input[contains(@class,"paxFirstName")]": null

2017-12-04 13:21:31 - [TEST_STEP][PASSED] - Statement - println("fn: " + xpathval): null

2017-12-04 13:21:31 - [TEST_STEP][PASSED] - Statement - repObj = com.kms.katalon.core.testobject.ObjectRepository.findTestObject(Object Repository/PrimoTours/LandingPage/secondPaxFirstNameField): Finding Test Object with id 'Object Repository/PrimoTours/LandingPage/secondPaxFirstNameField'

2017-12-04 13:21:31 - [TEST_STEP][PASSED] - Statement - repObj.findProperty("xpath").setValue(xpathval): null

2017-12-04 13:21:31 - [TEST_STEP][PASSED] - setText: Text 'Strandbygaard AUT' is set on object 'Object Repository/PrimoTours/LandingPage/secondPaxFirstNameField'

2017-12-04 13:21:31 - [MESSAGE][PASSED] - Text 'Strandbygaard AUT' is set on object 'Object Repository/PrimoTours/LandingPage/secondPaxFirstNameField'

2017-12-04 13:21:31 - [TEST_STEP][PASSED] - Statement - xpathval = paxDetailFields + "[2]/div[contains(@class,"form-group")]/input[contains(@class,"paxLastName")]": null

2017-12-04 13:21:31 - [TEST_STEP][PASSED] - Statement - println("ln: " + xpathval): null

2017-12-04 13:21:31 - [TEST_STEP][PASSED] - Statement - repObj = com.kms.katalon.core.testobject.ObjectRepository.findTestObject(Object Repository/PrimoTours/LandingPage/secondPaxFirstNameField): Finding Test Object with id 'Object Repository/PrimoTours/LandingPage/secondPaxFirstNameField'

2017-12-04 13:21:31 - [TEST_STEP][PASSED] - Statement - repObj.findProperty("xpath").setValue(xpathval): null

2017-12-04 13:21:31 - [TEST_STEP][PASSED] - setText: Text 'Thorstein' is set on object 'Object Repository/PrimoTours/LandingPage/secondPaxFirstNameField'

2017-12-04 13:21:32 - [MESSAGE][PASSED] - Text 'Thorstein' is set on object 'Object Repository/PrimoTours/LandingPage/secondPaxFirstNameField'

2017-12-04 13:21:32 - [TEST_STEP][PASSED] - Statement - repObj = com.kms.katalon.core.testobject.ObjectRepository.findTestObject(Object Repository/PrimoTours/LandingPage/secondPaxFirstNameField): Finding Test Object with id 'Object Repository/PrimoTours/LandingPage/secondPaxFirstNameField'

2017-12-04 13:21:32 - [TEST_STEP][PASSED] - Statement - xpathval = paxDetailFields + "[3]/div[contains(@class,"paxGenderSelectorContainer")]/span[contains(@class,"select2 select2-container")]/span[contains(@class,"selection")]/span[contains(@class,"select2-selection")]": null

2017-12-04 13:21:32 - [TEST_STEP][PASSED] - Statement - println("gender: " + xpathval): null

2017-12-04 13:21:32 - [TEST_STEP][PASSED] - Statement - repObj.findProperty("xpath").setValue(xpathval): null

2017-12-04 13:21:32 - [TEST_STEP][PASSED] - click: Object: 'Object Repository/PrimoTours/LandingPage/secondPaxFirstNameField' is clicked on

2017-12-04 13:21:32 - [MESSAGE][PASSED] - Object: 'Object Repository/PrimoTours/LandingPage/secondPaxFirstNameField' is clicked on

2017-12-04 13:21:32 - [TEST_STEP][PASSED] - Statement - paxInRoomXpath = "id("passengersContainer_" + i - 1 + "")/div[@class="col-md-12"]/div[@class="row"]": null

2017-12-04 13:21:32 - [TEST_STEP][PASSED] - Statement - println("paxInRoomXpath=" + paxInRoomXpath): null

2017-12-04 13:21:32 - [TEST_STEP][PASSED] - Statement - paxInRoomCount = driver.findElements(org.openqa.selenium.By.xpath(paxInRoomXpath)).size(): null

2017-12-04 13:21:32 - [TEST_STEP][PASSED] - Statement - println("paxInRoomCount=" + paxInRoomCount): null

2017-12-04 13:21:32 - [TEST_STEP][PASSED] - Statement - For ([j = 1, j <= paxInRoomCount, (j++)]): Object: 'Object Repository/PrimoTours/LandingPage/secondPaxFirstNameField' is clicked on

2017-12-04 13:21:32 - [TEST_STEP][PASSED] - Statement - If (i == 1 & j == 1): null

2017-12-04 13:21:32 - [TEST_STEP][PASSED] - Statement - randomPaxIndex = java.lang.Math.abs(new java.util.Random().nextInt() % excelRowNo) + 1: null

2017-12-04 13:21:32 - [TEST_STEP][PASSED] - Statement - fname = rawData.getValue("FirstName", randomPaxIndex) + " AUT": null

2017-12-04 13:21:32 - [TEST_STEP][PASSED] - Statement - lname = rawData.getValue("LastName", randomPaxIndex): null

2017-12-04 13:21:32 - [TEST_STEP][PASSED] - Statement - pgender = rawData.getValue("Gender", randomPaxIndex): null

2017-12-04 13:21:32 - [TEST_STEP][PASSED] - Statement - pday = rawData.getValue("Day DOB", randomPaxIndex): null

2017-12-04 13:21:32 - [TEST_STEP][PASSED] - Statement - pmonth = rawData.getValue("Month DOB", randomPaxIndex): null

2017-12-04 13:21:32 - [TEST_STEP][PASSED] - Statement - pyear = rawData.getValue("Year DOB", randomPaxIndex): null

2017-12-04 13:21:32 - [TEST_STEP][PASSED] - Statement - paxDetailFields = paxInRoomXpath + "[" + j + "]/div[@class="col-md-x col-md-9"]/div[@class="row paxContainer"][1]/div[contains(@class,"paxAttribute")]": null

2017-12-04 13:21:32 - [TEST_STEP][PASSED] - Statement - xpathval = paxDetailFields + "[1]/div[contains(@class,"form-group")]/input[contains(@class,"paxFirstName")]": null

2017-12-04 13:21:32 - [TEST_STEP][PASSED] - Statement - println("fn: " + xpathval): null

2017-12-04 13:21:32 - [TEST_STEP][PASSED] - Statement - repObj = com.kms.katalon.core.testobject.ObjectRepository.findTestObject(Object Repository/PrimoTours/LandingPage/secondPaxFirstNameField): Finding Test Object with id 'Object Repository/PrimoTours/LandingPage/secondPaxFirstNameField'

2017-12-04 13:21:32 - [TEST_STEP][PASSED] - Statement - repObj.findProperty("xpath").setValue(xpathval): null

2017-12-04 13:21:32 - [TEST_STEP][PASSED] - setText: Text 'Knudsen AUT' is set on object 'Object Repository/PrimoTours/LandingPage/secondPaxFirstNameField'

2017-12-04 13:21:32 - [MESSAGE][PASSED] - Text 'Knudsen AUT' is set on object 'Object Repository/PrimoTours/LandingPage/secondPaxFirstNameField'

2017-12-04 13:21:32 - [TEST_STEP][PASSED] - Statement - xpathval = paxDetailFields + "[2]/div[contains(@class,"form-group")]/input[contains(@class,"paxLastName")]": null

2017-12-04 13:21:32 - [TEST_STEP][PASSED] - Statement - println("ln: " + xpathval): null

2017-12-04 13:21:32 - [TEST_STEP][PASSED] - Statement - repObj = com.kms.katalon.core.testobject.ObjectRepository.findTestObject(Object Repository/PrimoTours/LandingPage/secondPaxFirstNameField): Finding Test Object with id 'Object Repository/PrimoTours/LandingPage/secondPaxFirstNameField'

2017-12-04 13:21:32 - [TEST_STEP][PASSED] - Statement - repObj.findProperty("xpath").setValue(xpathval): null

2017-12-04 13:21:32 - [TEST_STEP][PASSED] - setText: Text 'Nicky Thomas' is set on object 'Object Repository/PrimoTours/LandingPage/secondPaxFirstNameField'

2017-12-04 13:21:33 - [MESSAGE][PASSED] - Text 'Nicky Thomas' is set on object 'Object Repository/PrimoTours/LandingPage/secondPaxFirstNameField'

2017-12-04 13:21:33 - [TEST_STEP][PASSED] - Statement - repObj = com.kms.katalon.core.testobject.ObjectRepository.findTestObject(Object Repository/PrimoTours/LandingPage/secondPaxFirstNameField): Finding Test Object with id 'Object Repository/PrimoTours/LandingPage/secondPaxFirstNameField'

2017-12-04 13:21:33 - [TEST_STEP][PASSED] - Statement - xpathval = paxDetailFields + "[3]/div[contains(@class,"paxGenderSelectorContainer")]/span[contains(@class,"select2 select2-container")]/span[contains(@class,"selection")]/span[contains(@class,"select2-selection")]": null

2017-12-04 13:21:33 - [TEST_STEP][PASSED] - Statement - println("gender: " + xpathval): null

2017-12-04 13:21:33 - [TEST_STEP][PASSED] - Statement - repObj.findProperty("xpath").setValue(xpathval): null

2017-12-04 13:21:33 - [TEST_STEP][PASSED] - click: Object: 'Object Repository/PrimoTours/LandingPage/secondPaxFirstNameField' is clicked on

2017-12-04 13:21:33 - [MESSAGE][PASSED] - Object: 'Object Repository/PrimoTours/LandingPage/secondPaxFirstNameField' is clicked on

2017-12-04 13:21:33 - [TEST_STEP][PASSED] - Statement - If (i == 1 & j == 1): null

2017-12-04 13:21:33 - [TEST_STEP][PASSED] - Statement - randomPaxIndex = java.lang.Math.abs(new java.util.Random().nextInt() % excelRowNo) + 1: null

2017-12-04 13:21:33 - [TEST_STEP][PASSED] - Statement - fname = rawData.getValue("FirstName", randomPaxIndex) + " AUT": null

2017-12-04 13:21:33 - [TEST_STEP][PASSED] - Statement - lname = rawData.getValue("LastName", randomPaxIndex): null

2017-12-04 13:21:33 - [TEST_STEP][PASSED] - Statement - pgender = rawData.getValue("Gender", randomPaxIndex): null

2017-12-04 13:21:33 - [TEST_STEP][PASSED] - Statement - pday = rawData.getValue("Day DOB", randomPaxIndex): null

2017-12-04 13:21:33 - [TEST_STEP][PASSED] - Statement - pmonth = rawData.getValue("Month DOB", randomPaxIndex): null

2017-12-04 13:21:33 - [TEST_STEP][PASSED] - Statement - pyear = rawData.getValue("Year DOB", randomPaxIndex): null

2017-12-04 13:21:33 - [TEST_STEP][PASSED] - Statement - paxDetailFields = paxInRoomXpath + "[" + j + "]/div[@class="col-md-x col-md-9"]/div[@class="row paxContainer"][1]/div[contains(@class,"paxAttribute")]": null

2017-12-04 13:21:33 - [TEST_STEP][PASSED] - Statement - xpathval = paxDetailFields + "[1]/div[contains(@class,"form-group")]/input[contains(@class,"paxFirstName")]": null

2017-12-04 13:21:33 - [TEST_STEP][PASSED] - Statement - println("fn: " + xpathval): null

2017-12-04 13:21:33 - [TEST_STEP][PASSED] - Statement - repObj = com.kms.katalon.core.testobject.ObjectRepository.findTestObject(Object Repository/PrimoTours/LandingPage/secondPaxFirstNameField): Finding Test Object with id 'Object Repository/PrimoTours/LandingPage/secondPaxFirstNameField'

2017-12-04 13:21:33 - [TEST_STEP][PASSED] - Statement - repObj.findProperty("xpath").setValue(xpathval): null

2017-12-04 13:21:33 - [TEST_STEP][PASSED] - setText: Text 'Steffensen AUT' is set on object 'Object Repository/PrimoTours/LandingPage/secondPaxFirstNameField'

2017-12-04 13:21:33 - [MESSAGE][PASSED] - Text 'Steffensen AUT' is set on object 'Object Repository/PrimoTours/LandingPage/secondPaxFirstNameField'

2017-12-04 13:21:33 - [TEST_STEP][PASSED] - Statement - xpathval = paxDetailFields + "[2]/div[contains(@class,"form-group")]/input[contains(@class,"paxLastName")]": null

2017-12-04 13:21:33 - [TEST_STEP][PASSED] - Statement - println("ln: " + xpathval): null

2017-12-04 13:21:33 - [TEST_STEP][PASSED] - Statement - repObj = com.kms.katalon.core.testobject.ObjectRepository.findTestObject(Object Repository/PrimoTours/LandingPage/secondPaxFirstNameField): Finding Test Object with id 'Object Repository/PrimoTours/LandingPage/secondPaxFirstNameField'

2017-12-04 13:21:33 - [TEST_STEP][PASSED] - Statement - repObj.findProperty("xpath").setValue(xpathval): null

2017-12-04 13:21:33 - [TEST_STEP][PASSED] - setText: Text 'Kasper Vinge' is set on object 'Object Repository/PrimoTours/LandingPage/secondPaxFirstNameField'

2017-12-04 13:21:34 - [MESSAGE][PASSED] - Text 'Kasper Vinge' is set on object 'Object Repository/PrimoTours/LandingPage/secondPaxFirstNameField'

2017-12-04 13:21:34 - [TEST_STEP][PASSED] - Statement - repObj = com.kms.katalon.core.testobject.ObjectRepository.findTestObject(Object Repository/PrimoTours/LandingPage/secondPaxFirstNameField): Finding Test Object with id 'Object Repository/PrimoTours/LandingPage/secondPaxFirstNameField'

2017-12-04 13:21:34 - [TEST_STEP][PASSED] - Statement - xpathval = paxDetailFields + "[3]/div[contains(@class,"paxGenderSelectorContainer")]/span[contains(@class,"select2 select2-container")]/span[contains(@class,"selection")]/span[contains(@class,"select2-selection")]": null

2017-12-04 13:21:34 - [TEST_STEP][PASSED] - Statement - println("gender: " + xpathval): null

2017-12-04 13:21:34 - [TEST_STEP][PASSED] - Statement - repObj.findProperty("xpath").setValue(xpathval): null

2017-12-04 13:21:34 - [TEST_STEP][PASSED] - click: Unable to click on object 'Object Repository/PrimoTours/LandingPage/secondPaxFirstNameField' (Root cause: org.openqa.selenium.WebDriverException: unknown error: Element <span class="select2-selection select2-selection--single" role="combobox" aria-haspopup="true" aria-expanded="false" tabindex="0" aria-labelledby="select2-gender-3_1-si-container">...</span> is not clickable at point (1168, 881). Other element would receive the click: <li class="select2-results__option" id="select2-gender-3_0-25-result-x3ay-MS" role="treeitem" aria-selected="false">...</li>
  (Session info: chrome=62.0.3202.94)
  (Driver info: chromedriver=2.33.506120 (e3e53437346286c0bc2d2dc9aa4915ba81d9023f),platform=Windows NT 6.3.9600 x86_64) (WARNING: The server did not provide any stacktrace information)
Command duration or timeout: 0 milliseconds
Build info: version: '3.7.1', revision: '8a0099a', time: '2017-11-06T21:07:36.161Z'
System info: host: 'NEACSUNEW-PC', ip: '10.10.10.211', os.name: 'Windows 8.1', os.arch: 'amd64', os.version: '6.3', java.version: '1.8.0_102'
Driver info: com.kms.katalon.selenium.driver.CChromeDriver
Capabilities {acceptSslCerts: true, applicationCacheEnabled: false, browserConnectionEnabled: false, browserName: chrome, chrome: {chromedriverVersion: 2.33.506120 (e3e53437346286..., userDataDir: C:\Users\Cornel\AppData\Loc...}, cssSelectorsEnabled: true, databaseEnabled: false, handlesAlerts: true, hasTouchScreen: false, javascriptEnabled: true, locationContextEnabled: true, mobileEmulationEnabled: false, nativeEvents: true, networkConnectionEnabled: false, pageLoadStrategy: normal, platform: XP, platformName: XP, rotatable: false, setWindowRect: true, takesHeapSnapshot: true, takesScreenshot: true, unexpectedAlertBehaviour: , unhandledPromptBehavior: , version: 62.0.3202.94, webStorageEnabled: true}
Session ID: a18a3c65dfa5e1d2556f80081dc4affd)

2017-12-04 13:21:34 - [MESSAGE][WARNING] - Unable to click on object 'Object Repository/PrimoTours/LandingPage/secondPaxFirstNameField' (Root cause: org.openqa.selenium.WebDriverException: unknown error: Element <span class="select2-selection select2-selection--single" role="combobox" aria-haspopup="true" aria-expanded="false" tabindex="0" aria-labelledby="select2-gender-3_1-si-container">...</span> is not clickable at point (1168, 881). Other element would receive the click: <li class="select2-results__option" id="select2-gender-3_0-25-result-x3ay-MS" role="treeitem" aria-selected="false">...</li>
  (Session info: chrome=62.0.3202.94)
  (Driver info: chromedriver=2.33.506120 (e3e53437346286c0bc2d2dc9aa4915ba81d9023f),platform=Windows NT 6.3.9600 x86_64) (WARNING: The server did not provide any stacktrace information)
Command duration or timeout: 0 milliseconds
Build info: version: '3.7.1', revision: '8a0099a', time: '2017-11-06T21:07:36.161Z'
System info: host: 'NEACSUNEW-PC', ip: '10.10.10.211', os.name: 'Windows 8.1', os.arch: 'amd64', os.version: '6.3', java.version: '1.8.0_102'
Driver info: com.kms.katalon.selenium.driver.CChromeDriver
Capabilities {acceptSslCerts: true, applicationCacheEnabled: false, browserConnectionEnabled: false, browserName: chrome, chrome: {chromedriverVersion: 2.33.506120 (e3e53437346286..., userDataDir: C:\Users\Cornel\AppData\Loc...}, cssSelectorsEnabled: true, databaseEnabled: false, handlesAlerts: true, hasTouchScreen: false, javascriptEnabled: true, locationContextEnabled: true, mobileEmulationEnabled: false, nativeEvents: true, networkConnectionEnabled: false, pageLoadStrategy: normal, platform: XP, platformName: XP, rotatable: false, setWindowRect: true, takesHeapSnapshot: true, takesScreenshot: true, unexpectedAlertBehaviour: , unhandledPromptBehavior: , version: 62.0.3202.94, webStorageEnabled: true}
Session ID: a18a3c65dfa5e1d2556f80081dc4affd)
[[ATTACHMENT|D:\\Software testing\\Tourpaq\\Automated Katalon tests\\Primo WB test\\Reports\\WB Primo From Excel URLs\\20171204_131551\\1512386494127.png]]

2017-12-04 13:21:34 - [TEST_STEP][PASSED] - Statement - If (i == 1 & j == 1): null

2017-12-04 13:21:34 - [TEST_STEP][PASSED] - Statement - randomPaxIndex = java.lang.Math.abs(new java.util.Random().nextInt() % excelRowNo) + 1: null

2017-12-04 13:21:34 - [TEST_STEP][PASSED] - Statement - fname = rawData.getValue("FirstName", randomPaxIndex) + " AUT": null

2017-12-04 13:21:34 - [TEST_STEP][PASSED] - Statement - lname = rawData.getValue("LastName", randomPaxIndex): null

2017-12-04 13:21:34 - [TEST_STEP][PASSED] - Statement - pgender = rawData.getValue("Gender", randomPaxIndex): null

2017-12-04 13:21:34 - [TEST_STEP][PASSED] - Statement - pday = rawData.getValue("Day DOB", randomPaxIndex): null

2017-12-04 13:21:34 - [TEST_STEP][PASSED] - Statement - pmonth = rawData.getValue("Month DOB", randomPaxIndex): null

2017-12-04 13:21:34 - [TEST_STEP][PASSED] - Statement - pyear = rawData.getValue("Year DOB", randomPaxIndex): null

2017-12-04 13:21:34 - [TEST_STEP][PASSED] - Statement - paxDetailFields = paxInRoomXpath + "[" + j + "]/div[@class="col-md-x col-md-9"]/div[@class="row paxContainer"][1]/div[contains(@class,"paxAttribute")]": null

2017-12-04 13:21:34 - [TEST_STEP][PASSED] - Statement - xpathval = paxDetailFields + "[1]/div[contains(@class,"form-group")]/input[contains(@class,"paxFirstName")]": null

2017-12-04 13:21:34 - [TEST_STEP][PASSED] - Statement - println("fn: " + xpathval): null

2017-12-04 13:21:34 - [TEST_STEP][PASSED] - Statement - repObj = com.kms.katalon.core.testobject.ObjectRepository.findTestObject(Object Repository/PrimoTours/LandingPage/secondPaxFirstNameField): Finding Test Object with id 'Object Repository/PrimoTours/LandingPage/secondPaxFirstNameField'

2017-12-04 13:21:34 - [TEST_STEP][PASSED] - Statement - repObj.findProperty("xpath").setValue(xpathval): null

2017-12-04 13:21:34 - [TEST_STEP][PASSED] - setText: Text 'Pedersen AUT' is set on object 'Object Repository/PrimoTours/LandingPage/secondPaxFirstNameField'

2017-12-04 13:21:34 - [MESSAGE][PASSED] - Text 'Pedersen AUT' is set on object 'Object Repository/PrimoTours/LandingPage/secondPaxFirstNameField'

2017-12-04 13:21:34 - [TEST_STEP][PASSED] - Statement - xpathval = paxDetailFields + "[2]/div[contains(@class,"form-group")]/input[contains(@class,"paxLastName")]": null

2017-12-04 13:21:34 - [TEST_STEP][PASSED] - Statement - println("ln: " + xpathval): null

2017-12-04 13:21:34 - [TEST_STEP][PASSED] - Statement - repObj = com.kms.katalon.core.testobject.ObjectRepository.findTestObject(Object Repository/PrimoTours/LandingPage/secondPaxFirstNameField): Finding Test Object with id 'Object Repository/PrimoTours/LandingPage/secondPaxFirstNameField'

2017-12-04 13:21:34 - [TEST_STEP][PASSED] - Statement - repObj.findProperty("xpath").setValue(xpathval): null

2017-12-04 13:21:34 - [TEST_STEP][PASSED] - setText: Text 'Kim Allan' is set on object 'Object Repository/PrimoTours/LandingPage/secondPaxFirstNameField'

2017-12-04 13:21:35 - [MESSAGE][PASSED] - Text 'Kim Allan' is set on object 'Object Repository/PrimoTours/LandingPage/secondPaxFirstNameField'

2017-12-04 13:21:35 - [TEST_STEP][PASSED] - Statement - repObj = com.kms.katalon.core.testobject.ObjectRepository.findTestObject(Object Repository/PrimoTours/LandingPage/secondPaxFirstNameField): Finding Test Object with id 'Object Repository/PrimoTours/LandingPage/secondPaxFirstNameField'

2017-12-04 13:21:35 - [TEST_STEP][PASSED] - Statement - xpathval = paxDetailFields + "[3]/div[contains(@class,"paxGenderSelectorContainer")]/span[contains(@class,"select2 select2-container")]/span[contains(@class,"selection")]/span[contains(@class,"select2-selection")]": null

2017-12-04 13:21:35 - [TEST_STEP][PASSED] - Statement - println("gender: " + xpathval): null

2017-12-04 13:21:35 - [TEST_STEP][PASSED] - Statement - repObj.findProperty("xpath").setValue(xpathval): null

2017-12-04 13:21:35 - [TEST_STEP][PASSED] - click: Object: 'Object Repository/PrimoTours/LandingPage/secondPaxFirstNameField' is clicked on

2017-12-04 13:21:35 - [MESSAGE][PASSED] - Object: 'Object Repository/PrimoTours/LandingPage/secondPaxFirstNameField' is clicked on

2017-12-04 13:21:35 - [TEST_STEP][PASSED] - Statement - paxInRoomXpath = "id("passengersContainer_" + i - 1 + "")/div[@class="col-md-12"]/div[@class="row"]": null

2017-12-04 13:21:35 - [TEST_STEP][PASSED] - Statement - println("paxInRoomXpath=" + paxInRoomXpath): null

2017-12-04 13:21:35 - [TEST_STEP][PASSED] - Statement - paxInRoomCount = driver.findElements(org.openqa.selenium.By.xpath(paxInRoomXpath)).size(): null

2017-12-04 13:21:35 - [TEST_STEP][PASSED] - Statement - println("paxInRoomCount=" + paxInRoomCount): null

2017-12-04 13:21:35 - [TEST_STEP][PASSED] - Statement - For ([j = 1, j <= paxInRoomCount, (j++)]): Object: 'Object Repository/PrimoTours/LandingPage/secondPaxFirstNameField' is clicked on

2017-12-04 13:21:35 - [TEST_STEP][PASSED] - Statement - If (i == 1 & j == 1): null

2017-12-04 13:21:35 - [TEST_STEP][PASSED] - Statement - randomPaxIndex = java.lang.Math.abs(new java.util.Random().nextInt() % excelRowNo) + 1: null

2017-12-04 13:21:35 - [TEST_STEP][PASSED] - Statement - fname = rawData.getValue("FirstName", randomPaxIndex) + " AUT": null

2017-12-04 13:21:35 - [TEST_STEP][PASSED] - Statement - lname = rawData.getValue("LastName", randomPaxIndex): null

2017-12-04 13:21:35 - [TEST_STEP][PASSED] - Statement - pgender = rawData.getValue("Gender", randomPaxIndex): null

2017-12-04 13:21:35 - [TEST_STEP][PASSED] - Statement - pday = rawData.getValue("Day DOB", randomPaxIndex): null

2017-12-04 13:21:35 - [TEST_STEP][PASSED] - Statement - pmonth = rawData.getValue("Month DOB", randomPaxIndex): null

2017-12-04 13:21:35 - [TEST_STEP][PASSED] - Statement - pyear = rawData.getValue("Year DOB", randomPaxIndex): null

2017-12-04 13:21:35 - [TEST_STEP][PASSED] - Statement - paxDetailFields = paxInRoomXpath + "[" + j + "]/div[@class="col-md-x col-md-9"]/div[@class="row paxContainer"][1]/div[contains(@class,"paxAttribute")]": null

2017-12-04 13:21:35 - [TEST_STEP][PASSED] - Statement - xpathval = paxDetailFields + "[1]/div[contains(@class,"form-group")]/input[contains(@class,"paxFirstName")]": null

2017-12-04 13:21:35 - [TEST_STEP][PASSED] - Statement - println("fn: " + xpathval): null

2017-12-04 13:21:35 - [TEST_STEP][PASSED] - Statement - repObj = com.kms.katalon.core.testobject.ObjectRepository.findTestObject(Object Repository/PrimoTours/LandingPage/secondPaxFirstNameField): Finding Test Object with id 'Object Repository/PrimoTours/LandingPage/secondPaxFirstNameField'

2017-12-04 13:21:35 - [TEST_STEP][PASSED] - Statement - repObj.findProperty("xpath").setValue(xpathval): null

2017-12-04 13:21:35 - [TEST_STEP][PASSED] - setText: Text 'Nielsen AUT' is set on object 'Object Repository/PrimoTours/LandingPage/secondPaxFirstNameField'

2017-12-04 13:21:35 - [MESSAGE][PASSED] - Text 'Nielsen AUT' is set on object 'Object Repository/PrimoTours/LandingPage/secondPaxFirstNameField'

2017-12-04 13:21:35 - [TEST_STEP][PASSED] - Statement - xpathval = paxDetailFields + "[2]/div[contains(@class,"form-group")]/input[contains(@class,"paxLastName")]": null

2017-12-04 13:21:35 - [TEST_STEP][PASSED] - Statement - println("ln: " + xpathval): null

2017-12-04 13:21:35 - [TEST_STEP][PASSED] - Statement - repObj = com.kms.katalon.core.testobject.ObjectRepository.findTestObject(Object Repository/PrimoTours/LandingPage/secondPaxFirstNameField): Finding Test Object with id 'Object Repository/PrimoTours/LandingPage/secondPaxFirstNameField'

2017-12-04 13:21:35 - [TEST_STEP][PASSED] - Statement - repObj.findProperty("xpath").setValue(xpathval): null

2017-12-04 13:21:35 - [TEST_STEP][PASSED] - setText: Text 'Birgit' is set on object 'Object Repository/PrimoTours/LandingPage/secondPaxFirstNameField'

2017-12-04 13:21:36 - [MESSAGE][PASSED] - Text 'Birgit' is set on object 'Object Repository/PrimoTours/LandingPage/secondPaxFirstNameField'

2017-12-04 13:21:36 - [TEST_STEP][PASSED] - Statement - repObj = com.kms.katalon.core.testobject.ObjectRepository.findTestObject(Object Repository/PrimoTours/LandingPage/secondPaxFirstNameField): Finding Test Object with id 'Object Repository/PrimoTours/LandingPage/secondPaxFirstNameField'

2017-12-04 13:21:36 - [TEST_STEP][PASSED] - Statement - xpathval = paxDetailFields + "[3]/div[contains(@class,"paxGenderSelectorContainer")]/span[contains(@class,"select2 select2-container")]/span[contains(@class,"selection")]/span[contains(@class,"select2-selection")]": null

2017-12-04 13:21:36 - [TEST_STEP][PASSED] - Statement - println("gender: " + xpathval): null

2017-12-04 13:21:36 - [TEST_STEP][PASSED] - Statement - repObj.findProperty("xpath").setValue(xpathval): null

2017-12-04 13:21:36 - [TEST_STEP][PASSED] - click: Object: 'Object Repository/PrimoTours/LandingPage/secondPaxFirstNameField' is clicked on

2017-12-04 13:21:36 - [MESSAGE][PASSED] - Object: 'Object Repository/PrimoTours/LandingPage/secondPaxFirstNameField' is clicked on

2017-12-04 13:21:36 - [TEST_STEP][PASSED] - Statement - If (i == 1 & j == 1): null

2017-12-04 13:21:36 - [TEST_STEP][PASSED] - Statement - randomPaxIndex = java.lang.Math.abs(new java.util.Random().nextInt() % excelRowNo) + 1: null

2017-12-04 13:21:36 - [TEST_STEP][PASSED] - Statement - fname = rawData.getValue("FirstName", randomPaxIndex) + " AUT": null

2017-12-04 13:21:36 - [TEST_STEP][PASSED] - Statement - lname = rawData.getValue("LastName", randomPaxIndex): null

2017-12-04 13:21:36 - [TEST_STEP][PASSED] - Statement - pgender = rawData.getValue("Gender", randomPaxIndex): null

2017-12-04 13:21:36 - [TEST_STEP][PASSED] - Statement - pday = rawData.getValue("Day DOB", randomPaxIndex): null

2017-12-04 13:21:36 - [TEST_STEP][PASSED] - Statement - pmonth = rawData.getValue("Month DOB", randomPaxIndex): null

2017-12-04 13:21:36 - [TEST_STEP][PASSED] - Statement - pyear = rawData.getValue("Year DOB", randomPaxIndex): null

2017-12-04 13:21:36 - [TEST_STEP][PASSED] - Statement - paxDetailFields = paxInRoomXpath + "[" + j + "]/div[@class="col-md-x col-md-9"]/div[@class="row paxContainer"][1]/div[contains(@class,"paxAttribute")]": null

2017-12-04 13:21:36 - [TEST_STEP][PASSED] - Statement - xpathval = paxDetailFields + "[1]/div[contains(@class,"form-group")]/input[contains(@class,"paxFirstName")]": null

2017-12-04 13:21:36 - [TEST_STEP][PASSED] - Statement - println("fn: " + xpathval): null

2017-12-04 13:21:36 - [TEST_STEP][PASSED] - Statement - repObj = com.kms.katalon.core.testobject.ObjectRepository.findTestObject(Object Repository/PrimoTours/LandingPage/secondPaxFirstNameField): Finding Test Object with id 'Object Repository/PrimoTours/LandingPage/secondPaxFirstNameField'

2017-12-04 13:21:36 - [TEST_STEP][PASSED] - Statement - repObj.findProperty("xpath").setValue(xpathval): null

2017-12-04 13:21:36 - [TEST_STEP][PASSED] - setText: Text 'Bøge AUT' is set on object 'Object Repository/PrimoTours/LandingPage/secondPaxFirstNameField'

2017-12-04 13:21:36 - [MESSAGE][PASSED] - Text 'Bøge AUT' is set on object 'Object Repository/PrimoTours/LandingPage/secondPaxFirstNameField'

2017-12-04 13:21:36 - [TEST_STEP][PASSED] - Statement - xpathval = paxDetailFields + "[2]/div[contains(@class,"form-group")]/input[contains(@class,"paxLastName")]": null

2017-12-04 13:21:36 - [TEST_STEP][PASSED] - Statement - println("ln: " + xpathval): null

2017-12-04 13:21:36 - [TEST_STEP][PASSED] - Statement - repObj = com.kms.katalon.core.testobject.ObjectRepository.findTestObject(Object Repository/PrimoTours/LandingPage/secondPaxFirstNameField): Finding Test Object with id 'Object Repository/PrimoTours/LandingPage/secondPaxFirstNameField'

2017-12-04 13:21:36 - [TEST_STEP][PASSED] - Statement - repObj.findProperty("xpath").setValue(xpathval): null

2017-12-04 13:21:36 - [TEST_STEP][PASSED] - setText: Text 'Morten Langeskov ' is set on object 'Object Repository/PrimoTours/LandingPage/secondPaxFirstNameField'

2017-12-04 13:21:37 - [MESSAGE][PASSED] - Text 'Morten Langeskov ' is set on object 'Object Repository/PrimoTours/LandingPage/secondPaxFirstNameField'

2017-12-04 13:21:37 - [TEST_STEP][PASSED] - Statement - repObj = com.kms.katalon.core.testobject.ObjectRepository.findTestObject(Object Repository/PrimoTours/LandingPage/secondPaxFirstNameField): Finding Test Object with id 'Object Repository/PrimoTours/LandingPage/secondPaxFirstNameField'

2017-12-04 13:21:37 - [TEST_STEP][PASSED] - Statement - xpathval = paxDetailFields + "[3]/div[contains(@class,"paxGenderSelectorContainer")]/span[contains(@class,"select2 select2-container")]/span[contains(@class,"selection")]/span[contains(@class,"select2-selection")]": null

2017-12-04 13:21:37 - [TEST_STEP][PASSED] - Statement - println("gender: " + xpathval): null

2017-12-04 13:21:37 - [TEST_STEP][PASSED] - Statement - repObj.findProperty("xpath").setValue(xpathval): null

2017-12-04 13:21:37 - [TEST_STEP][PASSED] - click: Unable to click on object 'Object Repository/PrimoTours/LandingPage/secondPaxFirstNameField' (Root cause: org.openqa.selenium.WebDriverException: unknown error: Element <span class="select2-selection select2-selection--single" role="combobox" aria-haspopup="true" aria-expanded="false" tabindex="0" aria-labelledby="select2-gender-4_1-z1-container">...</span> is not clickable at point (1168, 528). Other element would receive the click: <li class="select2-results__option" id="select2-gender-4_0-q7-result-j4fa-MS" role="treeitem" aria-selected="false">...</li>
  (Session info: chrome=62.0.3202.94)
  (Driver info: chromedriver=2.33.506120 (e3e53437346286c0bc2d2dc9aa4915ba81d9023f),platform=Windows NT 6.3.9600 x86_64) (WARNING: The server did not provide any stacktrace information)
Command duration or timeout: 0 milliseconds
Build info: version: '3.7.1', revision: '8a0099a', time: '2017-11-06T21:07:36.161Z'
System info: host: 'NEACSUNEW-PC', ip: '10.10.10.211', os.name: 'Windows 8.1', os.arch: 'amd64', os.version: '6.3', java.version: '1.8.0_102'
Driver info: com.kms.katalon.selenium.driver.CChromeDriver
Capabilities {acceptSslCerts: true, applicationCacheEnabled: false, browserConnectionEnabled: false, browserName: chrome, chrome: {chromedriverVersion: 2.33.506120 (e3e53437346286..., userDataDir: C:\Users\Cornel\AppData\Loc...}, cssSelectorsEnabled: true, databaseEnabled: false, handlesAlerts: true, hasTouchScreen: false, javascriptEnabled: true, locationContextEnabled: true, mobileEmulationEnabled: false, nativeEvents: true, networkConnectionEnabled: false, pageLoadStrategy: normal, platform: XP, platformName: XP, rotatable: false, setWindowRect: true, takesHeapSnapshot: true, takesScreenshot: true, unexpectedAlertBehaviour: , unhandledPromptBehavior: , version: 62.0.3202.94, webStorageEnabled: true}
Session ID: a18a3c65dfa5e1d2556f80081dc4affd)

2017-12-04 13:21:37 - [MESSAGE][WARNING] - Unable to click on object 'Object Repository/PrimoTours/LandingPage/secondPaxFirstNameField' (Root cause: org.openqa.selenium.WebDriverException: unknown error: Element <span class="select2-selection select2-selection--single" role="combobox" aria-haspopup="true" aria-expanded="false" tabindex="0" aria-labelledby="select2-gender-4_1-z1-container">...</span> is not clickable at point (1168, 528). Other element would receive the click: <li class="select2-results__option" id="select2-gender-4_0-q7-result-j4fa-MS" role="treeitem" aria-selected="false">...</li>
  (Session info: chrome=62.0.3202.94)
  (Driver info: chromedriver=2.33.506120 (e3e53437346286c0bc2d2dc9aa4915ba81d9023f),platform=Windows NT 6.3.9600 x86_64) (WARNING: The server did not provide any stacktrace information)
Command duration or timeout: 0 milliseconds
Build info: version: '3.7.1', revision: '8a0099a', time: '2017-11-06T21:07:36.161Z'
System info: host: 'NEACSUNEW-PC', ip: '10.10.10.211', os.name: 'Windows 8.1', os.arch: 'amd64', os.version: '6.3', java.version: '1.8.0_102'
Driver info: com.kms.katalon.selenium.driver.CChromeDriver
Capabilities {acceptSslCerts: true, applicationCacheEnabled: false, browserConnectionEnabled: false, browserName: chrome, chrome: {chromedriverVersion: 2.33.506120 (e3e53437346286..., userDataDir: C:\Users\Cornel\AppData\Loc...}, cssSelectorsEnabled: true, databaseEnabled: false, handlesAlerts: true, hasTouchScreen: false, javascriptEnabled: true, locationContextEnabled: true, mobileEmulationEnabled: false, nativeEvents: true, networkConnectionEnabled: false, pageLoadStrategy: normal, platform: XP, platformName: XP, rotatable: false, setWindowRect: true, takesHeapSnapshot: true, takesScreenshot: true, unexpectedAlertBehaviour: , unhandledPromptBehavior: , version: 62.0.3202.94, webStorageEnabled: true}
Session ID: a18a3c65dfa5e1d2556f80081dc4affd)
[[ATTACHMENT|D:\\Software testing\\Tourpaq\\Automated Katalon tests\\Primo WB test\\Reports\\WB Primo From Excel URLs\\20171204_131551\\1512386497158.png]]

2017-12-04 13:21:37 - [TEST_STEP][PASSED] - Statement - If (i == 1 & j == 1): null

2017-12-04 13:21:37 - [TEST_STEP][PASSED] - Statement - randomPaxIndex = java.lang.Math.abs(new java.util.Random().nextInt() % excelRowNo) + 1: null

2017-12-04 13:21:37 - [TEST_STEP][PASSED] - Statement - fname = rawData.getValue("FirstName", randomPaxIndex) + " AUT": null

2017-12-04 13:21:37 - [TEST_STEP][PASSED] - Statement - lname = rawData.getValue("LastName", randomPaxIndex): null

2017-12-04 13:21:37 - [TEST_STEP][PASSED] - Statement - pgender = rawData.getValue("Gender", randomPaxIndex): null

2017-12-04 13:21:37 - [TEST_STEP][PASSED] - Statement - pday = rawData.getValue("Day DOB", randomPaxIndex): null

2017-12-04 13:21:37 - [TEST_STEP][PASSED] - Statement - pmonth = rawData.getValue("Month DOB", randomPaxIndex): null

2017-12-04 13:21:37 - [TEST_STEP][PASSED] - Statement - pyear = rawData.getValue("Year DOB", randomPaxIndex): null

2017-12-04 13:21:37 - [TEST_STEP][PASSED] - Statement - paxDetailFields = paxInRoomXpath + "[" + j + "]/div[@class="col-md-x col-md-9"]/div[@class="row paxContainer"][1]/div[contains(@class,"paxAttribute")]": null

2017-12-04 13:21:37 - [TEST_STEP][PASSED] - Statement - xpathval = paxDetailFields + "[1]/div[contains(@class,"form-group")]/input[contains(@class,"paxFirstName")]": null

2017-12-04 13:21:37 - [TEST_STEP][PASSED] - Statement - println("fn: " + xpathval): null

2017-12-04 13:21:37 - [TEST_STEP][PASSED] - Statement - repObj = com.kms.katalon.core.testobject.ObjectRepository.findTestObject(Object Repository/PrimoTours/LandingPage/secondPaxFirstNameField): Finding Test Object with id 'Object Repository/PrimoTours/LandingPage/secondPaxFirstNameField'

2017-12-04 13:21:37 - [TEST_STEP][PASSED] - Statement - repObj.findProperty("xpath").setValue(xpathval): null

2017-12-04 13:21:37 - [TEST_STEP][PASSED] - setText: Text 'Rasmussen AUT' is set on object 'Object Repository/PrimoTours/LandingPage/secondPaxFirstNameField'

2017-12-04 13:21:37 - [MESSAGE][PASSED] - Text 'Rasmussen AUT' is set on object 'Object Repository/PrimoTours/LandingPage/secondPaxFirstNameField'

2017-12-04 13:21:37 - [TEST_STEP][PASSED] - Statement - xpathval = paxDetailFields + "[2]/div[contains(@class,"form-group")]/input[contains(@class,"paxLastName")]": null

2017-12-04 13:21:37 - [TEST_STEP][PASSED] - Statement - println("ln: " + xpathval): null

2017-12-04 13:21:37 - [TEST_STEP][PASSED] - Statement - repObj = com.kms.katalon.core.testobject.ObjectRepository.findTestObject(Object Repository/PrimoTours/LandingPage/secondPaxFirstNameField): Finding Test Object with id 'Object Repository/PrimoTours/LandingPage/secondPaxFirstNameField'

2017-12-04 13:21:37 - [TEST_STEP][PASSED] - Statement - repObj.findProperty("xpath").setValue(xpathval): null

2017-12-04 13:21:37 - [TEST_STEP][PASSED] - setText: Text 'Ruth' is set on object 'Object Repository/PrimoTours/LandingPage/secondPaxFirstNameField'

2017-12-04 13:21:38 - [MESSAGE][PASSED] - Text 'Ruth' is set on object 'Object Repository/PrimoTours/LandingPage/secondPaxFirstNameField'

2017-12-04 13:21:38 - [TEST_STEP][PASSED] - Statement - repObj = com.kms.katalon.core.testobject.ObjectRepository.findTestObject(Object Repository/PrimoTours/LandingPage/secondPaxFirstNameField): Finding Test Object with id 'Object Repository/PrimoTours/LandingPage/secondPaxFirstNameField'

2017-12-04 13:21:38 - [TEST_STEP][PASSED] - Statement - xpathval = paxDetailFields + "[3]/div[contains(@class,"paxGenderSelectorContainer")]/span[contains(@class,"select2 select2-container")]/span[contains(@class,"selection")]/span[contains(@class,"select2-selection")]": null

2017-12-04 13:21:38 - [TEST_STEP][PASSED] - Statement - println("gender: " + xpathval): null

2017-12-04 13:21:38 - [TEST_STEP][PASSED] - Statement - repObj.findProperty("xpath").setValue(xpathval): null

2017-12-04 13:21:38 - [TEST_STEP][PASSED] - click: Object: 'Object Repository/PrimoTours/LandingPage/secondPaxFirstNameField' is clicked on

2017-12-04 13:21:38 - [MESSAGE][PASSED] - Object: 'Object Repository/PrimoTours/LandingPage/secondPaxFirstNameField' is clicked on

2017-12-04 13:21:38 - [TEST_STEP][PASSED] - Statement - paxInRoomXpath = "id("passengersContainer_" + i - 1 + "")/div[@class="col-md-12"]/div[@class="row"]": null

2017-12-04 13:21:38 - [TEST_STEP][PASSED] - Statement - println("paxInRoomXpath=" + paxInRoomXpath): null

2017-12-04 13:21:38 - [TEST_STEP][PASSED] - Statement - paxInRoomCount = driver.findElements(org.openqa.selenium.By.xpath(paxInRoomXpath)).size(): null

2017-12-04 13:21:38 - [TEST_STEP][PASSED] - Statement - println("paxInRoomCount=" + paxInRoomCount): null

2017-12-04 13:21:38 - [TEST_STEP][PASSED] - Statement - For ([j = 1, j <= paxInRoomCount, (j++)]): Object: 'Object Repository/PrimoTours/LandingPage/secondPaxFirstNameField' is clicked on

2017-12-04 13:21:38 - [TEST_STEP][PASSED] - Statement - If (i == 1 & j == 1): null

2017-12-04 13:21:38 - [TEST_STEP][PASSED] - Statement - randomPaxIndex = java.lang.Math.abs(new java.util.Random().nextInt() % excelRowNo) + 1: null

2017-12-04 13:21:38 - [TEST_STEP][PASSED] - Statement - fname = rawData.getValue("FirstName", randomPaxIndex) + " AUT": null

2017-12-04 13:21:38 - [TEST_STEP][PASSED] - Statement - lname = rawData.getValue("LastName", randomPaxIndex): null

2017-12-04 13:21:38 - [TEST_STEP][PASSED] - Statement - pgender = rawData.getValue("Gender", randomPaxIndex): null

2017-12-04 13:21:38 - [TEST_STEP][PASSED] - Statement - pday = rawData.getValue("Day DOB", randomPaxIndex): null

2017-12-04 13:21:38 - [TEST_STEP][PASSED] - Statement - pmonth = rawData.getValue("Month DOB", randomPaxIndex): null

2017-12-04 13:21:38 - [TEST_STEP][PASSED] - Statement - pyear = rawData.getValue("Year DOB", randomPaxIndex): null

2017-12-04 13:21:38 - [TEST_STEP][PASSED] - Statement - paxDetailFields = paxInRoomXpath + "[" + j + "]/div[@class="col-md-x col-md-9"]/div[@class="row paxContainer"][1]/div[contains(@class,"paxAttribute")]": null

2017-12-04 13:21:38 - [TEST_STEP][PASSED] - Statement - xpathval = paxDetailFields + "[1]/div[contains(@class,"form-group")]/input[contains(@class,"paxFirstName")]": null

2017-12-04 13:21:38 - [TEST_STEP][PASSED] - Statement - println("fn: " + xpathval): null

2017-12-04 13:21:38 - [TEST_STEP][PASSED] - Statement - repObj = com.kms.katalon.core.testobject.ObjectRepository.findTestObject(Object Repository/PrimoTours/LandingPage/secondPaxFirstNameField): Finding Test Object with id 'Object Repository/PrimoTours/LandingPage/secondPaxFirstNameField'

2017-12-04 13:21:38 - [TEST_STEP][PASSED] - Statement - repObj.findProperty("xpath").setValue(xpathval): null

2017-12-04 13:21:38 - [TEST_STEP][PASSED] - setText: Text 'Hansen AUT' is set on object 'Object Repository/PrimoTours/LandingPage/secondPaxFirstNameField'

2017-12-04 13:21:38 - [MESSAGE][PASSED] - Text 'Hansen AUT' is set on object 'Object Repository/PrimoTours/LandingPage/secondPaxFirstNameField'

2017-12-04 13:21:38 - [TEST_STEP][PASSED] - Statement - xpathval = paxDetailFields + "[2]/div[contains(@class,"form-group")]/input[contains(@class,"paxLastName")]": null

2017-12-04 13:21:38 - [TEST_STEP][PASSED] - Statement - println("ln: " + xpathval): null

2017-12-04 13:21:38 - [TEST_STEP][PASSED] - Statement - repObj = com.kms.katalon.core.testobject.ObjectRepository.findTestObject(Object Repository/PrimoTours/LandingPage/secondPaxFirstNameField): Finding Test Object with id 'Object Repository/PrimoTours/LandingPage/secondPaxFirstNameField'

2017-12-04 13:21:38 - [TEST_STEP][PASSED] - Statement - repObj.findProperty("xpath").setValue(xpathval): null

2017-12-04 13:21:38 - [TEST_STEP][PASSED] - setText: Text 'Jacob Sanggaard' is set on object 'Object Repository/PrimoTours/LandingPage/secondPaxFirstNameField'

2017-12-04 13:21:39 - [MESSAGE][PASSED] - Text 'Jacob Sanggaard' is set on object 'Object Repository/PrimoTours/LandingPage/secondPaxFirstNameField'

2017-12-04 13:21:39 - [TEST_STEP][PASSED] - Statement - repObj = com.kms.katalon.core.testobject.ObjectRepository.findTestObject(Object Repository/PrimoTours/LandingPage/secondPaxFirstNameField): Finding Test Object with id 'Object Repository/PrimoTours/LandingPage/secondPaxFirstNameField'

2017-12-04 13:21:39 - [TEST_STEP][PASSED] - Statement - xpathval = paxDetailFields + "[3]/div[contains(@class,"paxGenderSelectorContainer")]/span[contains(@class,"select2 select2-container")]/span[contains(@class,"selection")]/span[contains(@class,"select2-selection")]": null

2017-12-04 13:21:39 - [TEST_STEP][PASSED] - Statement - println("gender: " + xpathval): null

2017-12-04 13:21:39 - [TEST_STEP][PASSED] - Statement - repObj.findProperty("xpath").setValue(xpathval): null

2017-12-04 13:21:39 - [TEST_STEP][PASSED] - click: Object: 'Object Repository/PrimoTours/LandingPage/secondPaxFirstNameField' is clicked on

2017-12-04 13:21:39 - [MESSAGE][PASSED] - Object: 'Object Repository/PrimoTours/LandingPage/secondPaxFirstNameField' is clicked on

2017-12-04 13:21:39 - [TEST_STEP][PASSED] - Statement - If (i == 1 & j == 1): null

2017-12-04 13:21:39 - [TEST_STEP][PASSED] - Statement - randomPaxIndex = java.lang.Math.abs(new java.util.Random().nextInt() % excelRowNo) + 1: null

2017-12-04 13:21:39 - [TEST_STEP][PASSED] - Statement - fname = rawData.getValue("FirstName", randomPaxIndex) + " AUT": null

2017-12-04 13:21:39 - [TEST_STEP][PASSED] - Statement - lname = rawData.getValue("LastName", randomPaxIndex): null

2017-12-04 13:21:39 - [TEST_STEP][PASSED] - Statement - pgender = rawData.getValue("Gender", randomPaxIndex): null

2017-12-04 13:21:39 - [TEST_STEP][PASSED] - Statement - pday = rawData.getValue("Day DOB", randomPaxIndex): null

2017-12-04 13:21:39 - [TEST_STEP][PASSED] - Statement - pmonth = rawData.getValue("Month DOB", randomPaxIndex): null

2017-12-04 13:21:39 - [TEST_STEP][PASSED] - Statement - pyear = rawData.getValue("Year DOB", randomPaxIndex): null

2017-12-04 13:21:39 - [TEST_STEP][PASSED] - Statement - paxDetailFields = paxInRoomXpath + "[" + j + "]/div[@class="col-md-x col-md-9"]/div[@class="row paxContainer"][1]/div[contains(@class,"paxAttribute")]": null

2017-12-04 13:21:39 - [TEST_STEP][PASSED] - Statement - xpathval = paxDetailFields + "[1]/div[contains(@class,"form-group")]/input[contains(@class,"paxFirstName")]": null

2017-12-04 13:21:39 - [TEST_STEP][PASSED] - Statement - println("fn: " + xpathval): null

2017-12-04 13:21:39 - [TEST_STEP][PASSED] - Statement - repObj = com.kms.katalon.core.testobject.ObjectRepository.findTestObject(Object Repository/PrimoTours/LandingPage/secondPaxFirstNameField): Finding Test Object with id 'Object Repository/PrimoTours/LandingPage/secondPaxFirstNameField'

2017-12-04 13:21:39 - [TEST_STEP][PASSED] - Statement - repObj.findProperty("xpath").setValue(xpathval): null

2017-12-04 13:21:39 - [TEST_STEP][PASSED] - setText: Text 'Lærche AUT' is set on object 'Object Repository/PrimoTours/LandingPage/secondPaxFirstNameField'

2017-12-04 13:21:39 - [MESSAGE][PASSED] - Text 'Lærche AUT' is set on object 'Object Repository/PrimoTours/LandingPage/secondPaxFirstNameField'

2017-12-04 13:21:39 - [TEST_STEP][PASSED] - Statement - xpathval = paxDetailFields + "[2]/div[contains(@class,"form-group")]/input[contains(@class,"paxLastName")]": null

2017-12-04 13:21:39 - [TEST_STEP][PASSED] - Statement - println("ln: " + xpathval): null

2017-12-04 13:21:39 - [TEST_STEP][PASSED] - Statement - repObj = com.kms.katalon.core.testobject.ObjectRepository.findTestObject(Object Repository/PrimoTours/LandingPage/secondPaxFirstNameField): Finding Test Object with id 'Object Repository/PrimoTours/LandingPage/secondPaxFirstNameField'

2017-12-04 13:21:39 - [TEST_STEP][PASSED] - Statement - repObj.findProperty("xpath").setValue(xpathval): null

2017-12-04 13:21:39 - [TEST_STEP][PASSED] - setText: Text 'Anette' is set on object 'Object Repository/PrimoTours/LandingPage/secondPaxFirstNameField'

2017-12-04 13:21:39 - [MESSAGE][PASSED] - Text 'Anette' is set on object 'Object Repository/PrimoTours/LandingPage/secondPaxFirstNameField'

2017-12-04 13:21:39 - [TEST_STEP][PASSED] - Statement - repObj = com.kms.katalon.core.testobject.ObjectRepository.findTestObject(Object Repository/PrimoTours/LandingPage/secondPaxFirstNameField): Finding Test Object with id 'Object Repository/PrimoTours/LandingPage/secondPaxFirstNameField'

2017-12-04 13:21:39 - [TEST_STEP][PASSED] - Statement - xpathval = paxDetailFields + "[3]/div[contains(@class,"paxGenderSelectorContainer")]/span[contains(@class,"select2 select2-container")]/span[contains(@class,"selection")]/span[contains(@class,"select2-selection")]": null

2017-12-04 13:21:39 - [TEST_STEP][PASSED] - Statement - println("gender: " + xpathval): null

2017-12-04 13:21:39 - [TEST_STEP][PASSED] - Statement - repObj.findProperty("xpath").setValue(xpathval): null

2017-12-04 13:21:39 - [TEST_STEP][PASSED] - click: Unable to click on object 'Object Repository/PrimoTours/LandingPage/secondPaxFirstNameField' (Root cause: org.openqa.selenium.WebDriverException: unknown error: Element <span class="select2-selection select2-selection--single" role="combobox" aria-haspopup="true" aria-expanded="false" tabindex="0" aria-labelledby="select2-gender-5_1-k9-container">...</span> is not clickable at point (1168, 732). Other element would receive the click: <li class="select2-results__option" id="select2-gender-5_0-3n-result-sxuy-MS" role="treeitem" aria-selected="false">...</li>
  (Session info: chrome=62.0.3202.94)
  (Driver info: chromedriver=2.33.506120 (e3e53437346286c0bc2d2dc9aa4915ba81d9023f),platform=Windows NT 6.3.9600 x86_64) (WARNING: The server did not provide any stacktrace information)
Command duration or timeout: 0 milliseconds
Build info: version: '3.7.1', revision: '8a0099a', time: '2017-11-06T21:07:36.161Z'
System info: host: 'NEACSUNEW-PC', ip: '10.10.10.211', os.name: 'Windows 8.1', os.arch: 'amd64', os.version: '6.3', java.version: '1.8.0_102'
Driver info: com.kms.katalon.selenium.driver.CChromeDriver
Capabilities {acceptSslCerts: true, applicationCacheEnabled: false, browserConnectionEnabled: false, browserName: chrome, chrome: {chromedriverVersion: 2.33.506120 (e3e53437346286..., userDataDir: C:\Users\Cornel\AppData\Loc...}, cssSelectorsEnabled: true, databaseEnabled: false, handlesAlerts: true, hasTouchScreen: false, javascriptEnabled: true, locationContextEnabled: true, mobileEmulationEnabled: false, nativeEvents: true, networkConnectionEnabled: false, pageLoadStrategy: normal, platform: XP, platformName: XP, rotatable: false, setWindowRect: true, takesHeapSnapshot: true, takesScreenshot: true, unexpectedAlertBehaviour: , unhandledPromptBehavior: , version: 62.0.3202.94, webStorageEnabled: true}
Session ID: a18a3c65dfa5e1d2556f80081dc4affd)

2017-12-04 13:21:40 - [MESSAGE][WARNING] - Unable to click on object 'Object Repository/PrimoTours/LandingPage/secondPaxFirstNameField' (Root cause: org.openqa.selenium.WebDriverException: unknown error: Element <span class="select2-selection select2-selection--single" role="combobox" aria-haspopup="true" aria-expanded="false" tabindex="0" aria-labelledby="select2-gender-5_1-k9-container">...</span> is not clickable at point (1168, 732). Other element would receive the click: <li class="select2-results__option" id="select2-gender-5_0-3n-result-sxuy-MS" role="treeitem" aria-selected="false">...</li>
  (Session info: chrome=62.0.3202.94)
  (Driver info: chromedriver=2.33.506120 (e3e53437346286c0bc2d2dc9aa4915ba81d9023f),platform=Windows NT 6.3.9600 x86_64) (WARNING: The server did not provide any stacktrace information)
Command duration or timeout: 0 milliseconds
Build info: version: '3.7.1', revision: '8a0099a', time: '2017-11-06T21:07:36.161Z'
System info: host: 'NEACSUNEW-PC', ip: '10.10.10.211', os.name: 'Windows 8.1', os.arch: 'amd64', os.version: '6.3', java.version: '1.8.0_102'
Driver info: com.kms.katalon.selenium.driver.CChromeDriver
Capabilities {acceptSslCerts: true, applicationCacheEnabled: false, browserConnectionEnabled: false, browserName: chrome, chrome: {chromedriverVersion: 2.33.506120 (e3e53437346286..., userDataDir: C:\Users\Cornel\AppData\Loc...}, cssSelectorsEnabled: true, databaseEnabled: false, handlesAlerts: true, hasTouchScreen: false, javascriptEnabled: true, locationContextEnabled: true, mobileEmulationEnabled: false, nativeEvents: true, networkConnectionEnabled: false, pageLoadStrategy: normal, platform: XP, platformName: XP, rotatable: false, setWindowRect: true, takesHeapSnapshot: true, takesScreenshot: true, unexpectedAlertBehaviour: , unhandledPromptBehavior: , version: 62.0.3202.94, webStorageEnabled: true}
Session ID: a18a3c65dfa5e1d2556f80081dc4affd)
[[ATTACHMENT|D:\\Software testing\\Tourpaq\\Automated Katalon tests\\Primo WB test\\Reports\\WB Primo From Excel URLs\\20171204_131551\\1512386499957.png]]

2017-12-04 13:21:40 - [TEST_STEP][PASSED] - Statement - If (i == 1 & j == 1): null

2017-12-04 13:21:40 - [TEST_STEP][PASSED] - Statement - randomPaxIndex = java.lang.Math.abs(new java.util.Random().nextInt() % excelRowNo) + 1: null

2017-12-04 13:21:40 - [TEST_STEP][PASSED] - Statement - fname = rawData.getValue("FirstName", randomPaxIndex) + " AUT": null

2017-12-04 13:21:40 - [TEST_STEP][PASSED] - Statement - lname = rawData.getValue("LastName", randomPaxIndex): null

2017-12-04 13:21:40 - [TEST_STEP][PASSED] - Statement - pgender = rawData.getValue("Gender", randomPaxIndex): null

2017-12-04 13:21:40 - [TEST_STEP][PASSED] - Statement - pday = rawData.getValue("Day DOB", randomPaxIndex): null

2017-12-04 13:21:40 - [TEST_STEP][PASSED] - Statement - pmonth = rawData.getValue("Month DOB", randomPaxIndex): null

2017-12-04 13:21:40 - [TEST_STEP][PASSED] - Statement - pyear = rawData.getValue("Year DOB", randomPaxIndex): null

2017-12-04 13:21:40 - [TEST_STEP][PASSED] - Statement - paxDetailFields = paxInRoomXpath + "[" + j + "]/div[@class="col-md-x col-md-9"]/div[@class="row paxContainer"][1]/div[contains(@class,"paxAttribute")]": null

2017-12-04 13:21:40 - [TEST_STEP][PASSED] - Statement - xpathval = paxDetailFields + "[1]/div[contains(@class,"form-group")]/input[contains(@class,"paxFirstName")]": null

2017-12-04 13:21:40 - [TEST_STEP][PASSED] - Statement - println("fn: " + xpathval): null

2017-12-04 13:21:40 - [TEST_STEP][PASSED] - Statement - repObj = com.kms.katalon.core.testobject.ObjectRepository.findTestObject(Object Repository/PrimoTours/LandingPage/secondPaxFirstNameField): Finding Test Object with id 'Object Repository/PrimoTours/LandingPage/secondPaxFirstNameField'

2017-12-04 13:21:40 - [TEST_STEP][PASSED] - Statement - repObj.findProperty("xpath").setValue(xpathval): null

2017-12-04 13:21:40 - [TEST_STEP][PASSED] - setText: Text 'Larsen AUT' is set on object 'Object Repository/PrimoTours/LandingPage/secondPaxFirstNameField'

2017-12-04 13:21:40 - [MESSAGE][PASSED] - Text 'Larsen AUT' is set on object 'Object Repository/PrimoTours/LandingPage/secondPaxFirstNameField'

2017-12-04 13:21:40 - [TEST_STEP][PASSED] - Statement - xpathval = paxDetailFields + "[2]/div[contains(@class,"form-group")]/input[contains(@class,"paxLastName")]": null

2017-12-04 13:21:40 - [TEST_STEP][PASSED] - Statement - println("ln: " + xpathval): null

2017-12-04 13:21:40 - [TEST_STEP][PASSED] - Statement - repObj = com.kms.katalon.core.testobject.ObjectRepository.findTestObject(Object Repository/PrimoTours/LandingPage/secondPaxFirstNameField): Finding Test Object with id 'Object Repository/PrimoTours/LandingPage/secondPaxFirstNameField'

2017-12-04 13:21:40 - [TEST_STEP][PASSED] - Statement - repObj.findProperty("xpath").setValue(xpathval): null

2017-12-04 13:21:40 - [TEST_STEP][PASSED] - setText: Text 'Emilie Parzentny' is set on object 'Object Repository/PrimoTours/LandingPage/secondPaxFirstNameField'

2017-12-04 13:21:41 - [MESSAGE][PASSED] - Text 'Emilie Parzentny' is set on object 'Object Repository/PrimoTours/LandingPage/secondPaxFirstNameField'

2017-12-04 13:21:41 - [TEST_STEP][PASSED] - Statement - repObj = com.kms.katalon.core.testobject.ObjectRepository.findTestObject(Object Repository/PrimoTours/LandingPage/secondPaxFirstNameField): Finding Test Object with id 'Object Repository/PrimoTours/LandingPage/secondPaxFirstNameField'

2017-12-04 13:21:41 - [TEST_STEP][PASSED] - Statement - xpathval = paxDetailFields + "[3]/div[contains(@class,"paxGenderSelectorContainer")]/span[contains(@class,"select2 select2-container")]/span[contains(@class,"selection")]/span[contains(@class,"select2-selection")]": null

2017-12-04 13:21:41 - [TEST_STEP][PASSED] - Statement - println("gender: " + xpathval): null

2017-12-04 13:21:41 - [TEST_STEP][PASSED] - Statement - repObj.findProperty("xpath").setValue(xpathval): null

2017-12-04 13:21:41 - [TEST_STEP][PASSED] - click: Object: 'Object Repository/PrimoTours/LandingPage/secondPaxFirstNameField' is clicked on

2017-12-04 13:21:41 - [MESSAGE][PASSED] - Object: 'Object Repository/PrimoTours/LandingPage/secondPaxFirstNameField' is clicked on

2017-12-04 13:21:41 - [TEST_STEP][PASSED] - scrollToElement: Scroll to object 'Object Repository/PrimoTours/Old Objects/Coco (1)/PrimoT/SaveBooking2/Success/bookingTotalValue' successfully

2017-12-04 13:21:41 - [MESSAGE][PASSED] - Scroll to object 'Object Repository/PrimoTours/Old Objects/Coco (1)/PrimoT/SaveBooking2/Success/bookingTotalValue' successfully

2017-12-04 13:21:41 - [TEST_STEP][PASSED] - click: Object: 'Object Repository/PrimoTours/Old Objects/Coco (1)/PrimoT/SaveBooking2/Success/bookingTotalValue' is clicked on

2017-12-04 13:21:41 - [MESSAGE][PASSED] - Object: 'Object Repository/PrimoTours/Old Objects/Coco (1)/PrimoT/SaveBooking2/Success/bookingTotalValue' is clicked on

2017-12-04 13:21:41 - [TEST_STEP][PASSED] - scrollToElement: Scroll to object 'Object Repository/PrimoTours/Old Objects/Coco (1)/PrimoT/SaveBooking2/Success/Page_Primo Tours  Danmarks bedste c/nextButtonOnLandingPage' successfully

2017-12-04 13:21:41 - [MESSAGE][PASSED] - Scroll to object 'Object Repository/PrimoTours/Old Objects/Coco (1)/PrimoT/SaveBooking2/Success/Page_Primo Tours  Danmarks bedste c/nextButtonOnLandingPage' successfully

2017-12-04 13:21:41 - [TEST_STEP][PASSED] - waitForElementClickable: Object 'Object Repository/PrimoTours/Old Objects/Coco (1)/PrimoT/SaveBooking2/Success/Page_Primo Tours  Danmarks bedste c/nextButtonOnLandingPage' is clickable

2017-12-04 13:21:41 - [MESSAGE][PASSED] - Object 'Object Repository/PrimoTours/Old Objects/Coco (1)/PrimoT/SaveBooking2/Success/Page_Primo Tours  Danmarks bedste c/nextButtonOnLandingPage' is clickable

2017-12-04 13:21:41 - [TEST_STEP][PASSED] - waitForElementVisible: Object 'Object Repository/PrimoTours/Old Objects/Coco (1)/PrimoT/SaveBooking2/Success/Page_Primo Tours  Danmarks bedste c/nextButtonOnLandingPage' is visible

2017-12-04 13:21:41 - [MESSAGE][PASSED] - Object 'Object Repository/PrimoTours/Old Objects/Coco (1)/PrimoT/SaveBooking2/Success/Page_Primo Tours  Danmarks bedste c/nextButtonOnLandingPage' is visible

2017-12-04 13:21:41 - [TEST_STEP][PASSED] - scrollToElement: Scroll to object 'Object Repository/PrimoTours/Old Objects/Coco (1)/PrimoT/SaveBooking2/Success/Page_Primo Tours  Danmarks bedste c/nextButtonOnLandingPage' successfully

2017-12-04 13:21:41 - [MESSAGE][PASSED] - Scroll to object 'Object Repository/PrimoTours/Old Objects/Coco (1)/PrimoT/SaveBooking2/Success/Page_Primo Tours  Danmarks bedste c/nextButtonOnLandingPage' successfully

2017-12-04 13:21:41 - [TEST_STEP][PASSED] - click: Object: 'Object Repository/PrimoTours/Old Objects/Coco (1)/PrimoT/SaveBooking2/Success/Page_Primo Tours  Danmarks bedste c/nextButtonOnLandingPage' is clicked on

2017-12-04 13:21:41 - [MESSAGE][PASSED] - Object: 'Object Repository/PrimoTours/Old Objects/Coco (1)/PrimoT/SaveBooking2/Success/Page_Primo Tours  Danmarks bedste c/nextButtonOnLandingPage' is clicked on

2017-12-04 13:21:41 - [TEST_STEP][PASSED] - delay: Delayed 3 second(s)

2017-12-04 13:21:44 - [MESSAGE][PASSED] - Delayed 3 second(s)

2017-12-04 13:21:44 - [TEST_STEP][PASSED] - waitForElementNotVisible: Object 'Object Repository/PrimoTours/Old Objects/CCenter/pageLoaderOverlayLayer' is NOT visible

2017-12-04 13:21:47 - [MESSAGE][PASSED] - Object 'Object Repository/PrimoTours/Old Objects/CCenter/pageLoaderOverlayLayer' is NOT visible

2017-12-04 13:21:47 - [TEST_STEP][PASSED] - scrollToElement: Scroll to object 'Object Repository/PrimoTours/Old Objects/Coco/PrimoT/Ins2/Page_Primo Tours  Danmarks bedste c/travelInsuranceFirstPaxSelector' successfully

2017-12-04 13:21:47 - [MESSAGE][PASSED] - Scroll to object 'Object Repository/PrimoTours/Old Objects/Coco/PrimoT/Ins2/Page_Primo Tours  Danmarks bedste c/travelInsuranceFirstPaxSelector' successfully

2017-12-04 13:21:47 - [TEST_STEP][PASSED] - waitForElementPresent: Object 'Object Repository/PrimoTours/Old Objects/Coco/PrimoT/Ins2/Page_Primo Tours  Danmarks bedste c/travelInsuranceFirstPaxSelector' is present

2017-12-04 13:21:47 - [MESSAGE][PASSED] - Object 'Object Repository/PrimoTours/Old Objects/Coco/PrimoT/Ins2/Page_Primo Tours  Danmarks bedste c/travelInsuranceFirstPaxSelector' is present

2017-12-04 13:21:47 - [TEST_STEP][PASSED] - waitForElementVisible: Object 'Object Repository/PrimoTours/Old Objects/Coco/PrimoT/Ins2/Page_Primo Tours  Danmarks bedste c/travelInsuranceFirstPaxSelector' is visible

2017-12-04 13:21:47 - [MESSAGE][PASSED] - Object 'Object Repository/PrimoTours/Old Objects/Coco/PrimoT/Ins2/Page_Primo Tours  Danmarks bedste c/travelInsuranceFirstPaxSelector' is visible

2017-12-04 13:21:47 - [TEST_STEP][PASSED] - waitForElementClickable: Object 'Object Repository/PrimoTours/Old Objects/Coco/PrimoT/Ins2/Page_Primo Tours  Danmarks bedste c/travelInsuranceFirstPaxSelector' is clickable

2017-12-04 13:21:47 - [MESSAGE][PASSED] - Object 'Object Repository/PrimoTours/Old Objects/Coco/PrimoT/Ins2/Page_Primo Tours  Danmarks bedste c/travelInsuranceFirstPaxSelector' is clickable

2017-12-04 13:21:47 - [TEST_STEP][FAILED] - click: Unable to click on object 'Object Repository/PrimoTours/Old Objects/Coco/PrimoT/Ins2/Page_Primo Tours  Danmarks bedste c/travelInsuranceFirstPaxSelector' (Root cause: org.openqa.selenium.WebDriverException: unknown error: Element <span class="select2-selection__rendered" id="select2-ddlInsurance-cu-container" title="...">Vælg forsikring</span> is not clickable at point (854, 19). Other element would receive the click: <div class="row">...</div>
  (Session info: chrome=62.0.3202.94)
  (Driver info: chromedriver=2.33.506120 (e3e53437346286c0bc2d2dc9aa4915ba81d9023f),platform=Windows NT 6.3.9600 x86_64) (WARNING: The server did not provide any stacktrace information)
Command duration or timeout: 0 milliseconds
Build info: version: '3.7.1', revision: '8a0099a', time: '2017-11-06T21:07:36.161Z'
System info: host: 'NEACSUNEW-PC', ip: '10.10.10.211', os.name: 'Windows 8.1', os.arch: 'amd64', os.version: '6.3', java.version: '1.8.0_102'
Driver info: com.kms.katalon.selenium.driver.CChromeDriver
Capabilities {acceptSslCerts: true, applicationCacheEnabled: false, browserConnectionEnabled: false, browserName: chrome, chrome: {chromedriverVersion: 2.33.506120 (e3e53437346286..., userDataDir: C:\Users\Cornel\AppData\Loc...}, cssSelectorsEnabled: true, databaseEnabled: false, handlesAlerts: true, hasTouchScreen: false, javascriptEnabled: true, locationContextEnabled: true, mobileEmulationEnabled: false, nativeEvents: true, networkConnectionEnabled: false, pageLoadStrategy: normal, platform: XP, platformName: XP, rotatable: false, setWindowRect: true, takesHeapSnapshot: true, takesScreenshot: true, unexpectedAlertBehaviour: , unhandledPromptBehavior: , version: 62.0.3202.94, webStorageEnabled: true}
Session ID: a18a3c65dfa5e1d2556f80081dc4affd)

2017-12-04 13:21:48 - [MESSAGE][FAILED] - Unable to click on object 'Object Repository/PrimoTours/Old Objects/Coco/PrimoT/Ins2/Page_Primo Tours  Danmarks bedste c/travelInsuranceFirstPaxSelector' (Root cause: org.openqa.selenium.WebDriverException: unknown error: Element <span class="select2-selection__rendered" id="select2-ddlInsurance-cu-container" title="...">Vælg forsikring</span> is not clickable at point (854, 19). Other element would receive the click: <div class="row">...</div>
  (Session info: chrome=62.0.3202.94)
  (Driver info: chromedriver=2.33.506120 (e3e53437346286c0bc2d2dc9aa4915ba81d9023f),platform=Windows NT 6.3.9600 x86_64) (WARNING: The server did not provide any stacktrace information)
Command duration or timeout: 0 milliseconds
Build info: version: '3.7.1', revision: '8a0099a', time: '2017-11-06T21:07:36.161Z'
System info: host: 'NEACSUNEW-PC', ip: '10.10.10.211', os.name: 'Windows 8.1', os.arch: 'amd64', os.version: '6.3', java.version: '1.8.0_102'
Driver info: com.kms.katalon.selenium.driver.CChromeDriver
Capabilities {acceptSslCerts: true, applicationCacheEnabled: false, browserConnectionEnabled: false, browserName: chrome, chrome: {chromedriverVersion: 2.33.506120 (e3e53437346286..., userDataDir: C:\Users\Cornel\AppData\Loc...}, cssSelectorsEnabled: true, databaseEnabled: false, handlesAlerts: true, hasTouchScreen: false, javascriptEnabled: true, locationContextEnabled: true, mobileEmulationEnabled: false, nativeEvents: true, networkConnectionEnabled: false, pageLoadStrategy: normal, platform: XP, platformName: XP, rotatable: false, setWindowRect: true, takesHeapSnapshot: true, takesScreenshot: true, unexpectedAlertBehaviour: , unhandledPromptBehavior: , version: 62.0.3202.94, webStorageEnabled: true}
Session ID: a18a3c65dfa5e1d2556f80081dc4affd)
[[ATTACHMENT|D:\\Software testing\\Tourpaq\\Automated Katalon tests\\Primo WB test\\Reports\\WB Primo From Excel URLs\\20171204_131551\\1512386507799.png]]]]></system-out>
         <system-err><![CDATA[2017-12-04 13:21:11 - [TEST_CASE][FAILED] - Test Cases/PrimoTours/WB Primo/WB Primo staging - place booking - Iteration 9: Test Cases/PrimoTours/WB Primo/WB Primo staging - place booking FAILED because (of) Unable to click on object 'Object Repository/PrimoTours/Old Objects/Coco/PrimoT/Ins2/Page_Primo Tours  Danmarks bedste c/travelInsuranceFirstPaxSelector' (Root cause: org.openqa.selenium.WebDriverException: unknown error: Element <span class="select2-selection__rendered" id="select2-ddlInsurance-cu-container" title="...">Vælg forsikring</span> is not clickable at point (854, 19). Other element would receive the click: <div class="row">...</div>
  (Session info: chrome=62.0.3202.94)
  (Driver info: chromedriver=2.33.506120 (e3e53437346286c0bc2d2dc9aa4915ba81d9023f),platform=Windows NT 6.3.9600 x86_64) (WARNING: The server did not provide any stacktrace information)
Command duration or timeout: 0 milliseconds
Build info: version: '3.7.1', revision: '8a0099a', time: '2017-11-06T21:07:36.161Z'
System info: host: 'NEACSUNEW-PC', ip: '10.10.10.211', os.name: 'Windows 8.1', os.arch: 'amd64', os.version: '6.3', java.version: '1.8.0_102'
Driver info: com.kms.katalon.selenium.driver.CChromeDriver
Capabilities {acceptSslCerts: true, applicationCacheEnabled: false, browserConnectionEnabled: false, browserName: chrome, chrome: {chromedriverVersion: 2.33.506120 (e3e53437346286..., userDataDir: C:\Users\Cornel\AppData\Loc...}, cssSelectorsEnabled: true, databaseEnabled: false, handlesAlerts: true, hasTouchScreen: false, javascriptEnabled: true, locationContextEnabled: true, mobileEmulationEnabled: false, nativeEvents: true, networkConnectionEnabled: false, pageLoadStrategy: normal, platform: XP, platformName: XP, rotatable: false, setWindowRect: true, takesHeapSnapshot: true, takesScreenshot: true, unexpectedAlertBehaviour: , unhandledPromptBehavior: , version: 62.0.3202.94, webStorageEnabled: true}
Session ID: a18a3c65dfa5e1d2556f80081dc4affd)]]></system-err>
      </testcase>
      <testcase name="Test Cases/PrimoTours/WB Primo/WB Primo staging - place booking - Iteration 10" classname="Test Cases/PrimoTours/WB Primo/WB Primo staging - place booking" status="FAILED">
         <failure type="FAILED" message="Test Cases/PrimoTours/WB Primo/WB Primo staging - place booking FAILED because (of) Unable to click on object 'Object Repository/PrimoTours/ConfirmationPage/placeBookingButton' (Root cause: org.openqa.selenium.WebDriverException: unknown error: Element &lt;a href=&quot;javascript:;&quot; class=&quot;btn btn-success col-xs-12 step defaultButton disabledElement&quot; data-validator=&quot;options&quot; data-loader=&quot;true&quot; id=&quot;placeBookingButton&quot; data-bind=&quot;css: tourpaq.bookingEngine.confirmation.nextStepButtonStyle&quot;>...&lt;/a> is not clickable at point (1337, 729). Other element would receive the click: &lt;div class=&quot;col-xs-12 col-md-4 col-md-offset-4 pull-right&quot;>...&lt;/div>
  (Session info: chrome=62.0.3202.94)
  (Driver info: chromedriver=2.33.506120 (e3e53437346286c0bc2d2dc9aa4915ba81d9023f),platform=Windows NT 6.3.9600 x86_64) (WARNING: The server did not provide any stacktrace information)
Command duration or timeout: 0 milliseconds
Build info: version: '3.7.1', revision: '8a0099a', time: '2017-11-06T21:07:36.161Z'
System info: host: 'NEACSUNEW-PC', ip: '10.10.10.211', os.name: 'Windows 8.1', os.arch: 'amd64', os.version: '6.3', java.version: '1.8.0_102'
Driver info: com.kms.katalon.selenium.driver.CChromeDriver
Capabilities {acceptSslCerts: true, applicationCacheEnabled: false, browserConnectionEnabled: false, browserName: chrome, chrome: {chromedriverVersion: 2.33.506120 (e3e53437346286..., userDataDir: C:\Users\Cornel\AppData\Loc...}, cssSelectorsEnabled: true, databaseEnabled: false, handlesAlerts: true, hasTouchScreen: false, javascriptEnabled: true, locationContextEnabled: true, mobileEmulationEnabled: false, nativeEvents: true, networkConnectionEnabled: false, pageLoadStrategy: normal, platform: XP, platformName: XP, rotatable: false, setWindowRect: true, takesHeapSnapshot: true, takesScreenshot: true, unexpectedAlertBehaviour: , unhandledPromptBehavior: , version: 62.0.3202.94, webStorageEnabled: true}
Session ID: 03039d9c6b7fe1d853b822a62e50e518)"/>
         <system-out><![CDATA[2017-12-04 13:21:48 - [TEST_CASE][FAILED] - Test Cases/PrimoTours/WB Primo/WB Primo staging - place booking - Iteration 10: Test Cases/PrimoTours/WB Primo/WB Primo staging - place booking FAILED because (of) Unable to click on object 'Object Repository/PrimoTours/ConfirmationPage/placeBookingButton' (Root cause: org.openqa.selenium.WebDriverException: unknown error: Element <a href="javascript:;" class="btn btn-success col-xs-12 step defaultButton disabledElement" data-validator="options" data-loader="true" id="placeBookingButton" data-bind="css: tourpaq.bookingEngine.confirmation.nextStepButtonStyle">...</a> is not clickable at point (1337, 729). Other element would receive the click: <div class="col-xs-12 col-md-4 col-md-offset-4 pull-right">...</div>
  (Session info: chrome=62.0.3202.94)
  (Driver info: chromedriver=2.33.506120 (e3e53437346286c0bc2d2dc9aa4915ba81d9023f),platform=Windows NT 6.3.9600 x86_64) (WARNING: The server did not provide any stacktrace information)
Command duration or timeout: 0 milliseconds
Build info: version: '3.7.1', revision: '8a0099a', time: '2017-11-06T21:07:36.161Z'
System info: host: 'NEACSUNEW-PC', ip: '10.10.10.211', os.name: 'Windows 8.1', os.arch: 'amd64', os.version: '6.3', java.version: '1.8.0_102'
Driver info: com.kms.katalon.selenium.driver.CChromeDriver
Capabilities {acceptSslCerts: true, applicationCacheEnabled: false, browserConnectionEnabled: false, browserName: chrome, chrome: {chromedriverVersion: 2.33.506120 (e3e53437346286..., userDataDir: C:\Users\Cornel\AppData\Loc...}, cssSelectorsEnabled: true, databaseEnabled: false, handlesAlerts: true, hasTouchScreen: false, javascriptEnabled: true, locationContextEnabled: true, mobileEmulationEnabled: false, nativeEvents: true, networkConnectionEnabled: false, pageLoadStrategy: normal, platform: XP, platformName: XP, rotatable: false, setWindowRect: true, takesHeapSnapshot: true, takesScreenshot: true, unexpectedAlertBehaviour: , unhandledPromptBehavior: , version: 62.0.3202.94, webStorageEnabled: true}
Session ID: 03039d9c6b7fe1d853b822a62e50e518)

2017-12-04 13:21:48 - [TEST_STEP][PASSED] - openBrowser: Browser is opened with url: ''

2017-12-04 13:21:48 - [MESSAGE][WARNING] - A browser is already opened. Closing browser and opening a new one

2017-12-04 13:21:51 - [MESSAGE][PASSED] - Browser is opened with url: ''

2017-12-04 13:21:51 - [TEST_STEP][PASSED] - maximizeWindow: Current window maximized

2017-12-04 13:21:52 - [MESSAGE][PASSED] - Current window maximized

2017-12-04 13:21:52 - [TEST_STEP][PASSED] - navigateToUrl: Navigate to 'https://staging-primotours-webbooking.tourpaq.com/DoBooking.aspx?pltaID=1480269&p=2&rno=1&pt=1&a=2&c=0&aa=&ca=' successfully

2017-12-04 13:21:54 - [MESSAGE][PASSED] - Navigate to 'https://staging-primotours-webbooking.tourpaq.com/DoBooking.aspx?pltaID=1480269&p=2&rno=1&pt=1&a=2&c=0&aa=&ca=' successfully

2017-12-04 13:21:54 - [TEST_STEP][PASSED] - Statement - excelInfo = ["fname":"", "lname":"", "pgender":"", "pday":"", "pmonth":"", "pyear":""]: null

2017-12-04 13:21:54 - [TEST_STEP][PASSED] - Statement - rawData = com.kms.katalon.core.testdata.TestDataFactory.findTestData("Data Files/WB_Primo/Passenger_details"): Reading excel file with source file 'D:\Software testing\Tourpaq\Automated Katalon tests\Primo WB test\Data Files\Primo_URLs_For_Automated_Test.xls' and sheet name 'Passenger Names'

2017-12-04 13:21:54 - [TEST_STEP][PASSED] - Statement - excelRowNo = rawData.getRowNumbers(): null

2017-12-04 13:21:54 - [TEST_STEP][PASSED] - Statement - randomPaxIndex = java.lang.Math.abs(new java.util.Random().nextInt() % excelRowNo) + 1: null

2017-12-04 13:21:54 - [TEST_STEP][PASSED] - Statement - fname = rawData.getValue("FirstName", randomPaxIndex): null

2017-12-04 13:21:54 - [TEST_STEP][PASSED] - Statement - lname = rawData.getValue("LastName", randomPaxIndex): null

2017-12-04 13:21:54 - [TEST_STEP][PASSED] - Statement - pgender = rawData.getValue("Gender", randomPaxIndex): null

2017-12-04 13:21:54 - [TEST_STEP][PASSED] - setText: Text 'Marcussen AUT' is set on object 'Object Repository/PrimoTours/Old Objects/Coco/PrimoT/Page_Primo Tours  Danmarks bedste c/input_firstName'

2017-12-04 13:21:54 - [MESSAGE][PASSED] - Text 'Marcussen AUT' is set on object 'Object Repository/PrimoTours/Old Objects/Coco/PrimoT/Page_Primo Tours  Danmarks bedste c/input_firstName'

2017-12-04 13:21:54 - [TEST_STEP][PASSED] - setText: Text 'Storm' is set on object 'Object Repository/PrimoTours/Old Objects/Coco/PrimoT/Page_Primo Tours  Danmarks bedste c/input_lastName'

2017-12-04 13:21:55 - [MESSAGE][PASSED] - Text 'Storm' is set on object 'Object Repository/PrimoTours/Old Objects/Coco/PrimoT/Page_Primo Tours  Danmarks bedste c/input_lastName'

2017-12-04 13:21:55 - [TEST_STEP][PASSED] - click: Object: 'Object Repository/PrimoTours/LandingPage/customerGender' is clicked on

2017-12-04 13:21:55 - [MESSAGE][PASSED] - Object: 'Object Repository/PrimoTours/LandingPage/customerGender' is clicked on

2017-12-04 13:21:55 - [TEST_STEP][PASSED] - setText: Text 'Home address' is set on object 'Object Repository/PrimoTours/Old Objects/Coco/PrimoT/Page_Primo Tours  Danmarks bedste c/input_customerAddress'

2017-12-04 13:21:55 - [MESSAGE][PASSED] - Text 'Home address' is set on object 'Object Repository/PrimoTours/Old Objects/Coco/PrimoT/Page_Primo Tours  Danmarks bedste c/input_customerAddress'

2017-12-04 13:21:55 - [TEST_STEP][PASSED] - setText: Text '6700' is set on object 'Object Repository/PrimoTours/Old Objects/Coco/PrimoT/Page_Primo Tours  Danmarks bedste c/input_customerPostcode'

2017-12-04 13:21:55 - [MESSAGE][PASSED] - Text '6700' is set on object 'Object Repository/PrimoTours/Old Objects/Coco/PrimoT/Page_Primo Tours  Danmarks bedste c/input_customerPostcode'

2017-12-04 13:21:55 - [TEST_STEP][PASSED] - setText: Text 'cornel.neacsu@roweb.ro' is set on object 'Object Repository/PrimoTours/Old Objects/Coco/PrimoT/Page_Primo Tours  Danmarks bedste c/input_customerEmail'

2017-12-04 13:21:56 - [MESSAGE][PASSED] - Text 'cornel.neacsu@roweb.ro' is set on object 'Object Repository/PrimoTours/Old Objects/Coco/PrimoT/Page_Primo Tours  Danmarks bedste c/input_customerEmail'

2017-12-04 13:21:56 - [TEST_STEP][PASSED] - setText: Text '12345678' is set on object 'Object Repository/PrimoTours/Old Objects/Coco/PrimoT/Page_Primo Tours  Danmarks bedste c/input_customerPhone'

2017-12-04 13:21:56 - [MESSAGE][PASSED] - Text '12345678' is set on object 'Object Repository/PrimoTours/Old Objects/Coco/PrimoT/Page_Primo Tours  Danmarks bedste c/input_customerPhone'

2017-12-04 13:21:56 - [TEST_STEP][PASSED] - waitForElementClickable: Object 'Object Repository/PrimoTours/Old Objects/Coco/PrimoT/Page_Primo Tours  Danmarks bedste c/input_firstname-0_1' is clickable

2017-12-04 13:21:57 - [MESSAGE][PASSED] - Object 'Object Repository/PrimoTours/Old Objects/Coco/PrimoT/Page_Primo Tours  Danmarks bedste c/input_firstname-0_1' is clickable

2017-12-04 13:21:57 - [TEST_STEP][PASSED] - Statement - driver = com.kms.katalon.core.webui.driver.DriverFactory.getWebDriver(): null

2017-12-04 13:21:57 - [TEST_STEP][PASSED] - Statement - roomContainerXpath = "id("roomAndStaticOptionsContainer")/div[@class="row"]/div[@class="col-md-12 roomContainer"]": null

2017-12-04 13:21:57 - [TEST_STEP][PASSED] - Statement - roomsCount = driver.findElements(org.openqa.selenium.By.xpath(roomContainerXpath)).size(): null

2017-12-04 13:21:58 - [TEST_STEP][PASSED] - Statement - println("roomsCount=" + roomsCount): null

2017-12-04 13:21:58 - [TEST_STEP][PASSED] - Statement - For ([i = 1, i <= roomsCount, (i++)]): Object: 'Object Repository/PrimoTours/LandingPage/secondPaxFirstNameField' is clicked on

2017-12-04 13:21:58 - [TEST_STEP][PASSED] - Statement - paxInRoomXpath = "id("passengersContainer_" + i - 1 + "")/div[@class="col-md-12"]/div[@class="row"]": null

2017-12-04 13:21:58 - [TEST_STEP][PASSED] - Statement - println("paxInRoomXpath=" + paxInRoomXpath): null

2017-12-04 13:21:58 - [TEST_STEP][PASSED] - Statement - paxInRoomCount = driver.findElements(org.openqa.selenium.By.xpath(paxInRoomXpath)).size(): null

2017-12-04 13:21:58 - [TEST_STEP][PASSED] - Statement - println("paxInRoomCount=" + paxInRoomCount): null

2017-12-04 13:21:58 - [TEST_STEP][PASSED] - Statement - For ([j = 1, j <= paxInRoomCount, (j++)]): Object: 'Object Repository/PrimoTours/LandingPage/secondPaxFirstNameField' is clicked on

2017-12-04 13:21:58 - [TEST_STEP][PASSED] - Statement - If (i == 1 & j == 1): null

2017-12-04 13:21:58 - [TEST_STEP][PASSED] - Statement - <not implemented yet for class: org.codehaus.groovy.ast.stmt.ContinueStatement>: null

2017-12-04 13:21:58 - [TEST_STEP][PASSED] - Statement - If (i == 1 & j == 1): null

2017-12-04 13:21:58 - [TEST_STEP][PASSED] - Statement - randomPaxIndex = java.lang.Math.abs(new java.util.Random().nextInt() % excelRowNo) + 1: null

2017-12-04 13:21:58 - [TEST_STEP][PASSED] - Statement - fname = rawData.getValue("FirstName", randomPaxIndex) + " AUT": null

2017-12-04 13:21:58 - [TEST_STEP][PASSED] - Statement - lname = rawData.getValue("LastName", randomPaxIndex): null

2017-12-04 13:21:58 - [TEST_STEP][PASSED] - Statement - pgender = rawData.getValue("Gender", randomPaxIndex): null

2017-12-04 13:21:58 - [TEST_STEP][PASSED] - Statement - pday = rawData.getValue("Day DOB", randomPaxIndex): null

2017-12-04 13:21:58 - [TEST_STEP][PASSED] - Statement - pmonth = rawData.getValue("Month DOB", randomPaxIndex): null

2017-12-04 13:21:58 - [TEST_STEP][PASSED] - Statement - pyear = rawData.getValue("Year DOB", randomPaxIndex): null

2017-12-04 13:21:58 - [TEST_STEP][PASSED] - Statement - paxDetailFields = paxInRoomXpath + "[" + j + "]/div[@class="col-md-x col-md-9"]/div[@class="row paxContainer"][1]/div[contains(@class,"paxAttribute")]": null

2017-12-04 13:21:58 - [TEST_STEP][PASSED] - Statement - xpathval = paxDetailFields + "[1]/div[contains(@class,"form-group")]/input[contains(@class,"paxFirstName")]": null

2017-12-04 13:21:58 - [TEST_STEP][PASSED] - Statement - println("fn: " + xpathval): null

2017-12-04 13:21:58 - [TEST_STEP][PASSED] - Statement - repObj = com.kms.katalon.core.testobject.ObjectRepository.findTestObject(Object Repository/PrimoTours/LandingPage/secondPaxFirstNameField): Finding Test Object with id 'Object Repository/PrimoTours/LandingPage/secondPaxFirstNameField'

2017-12-04 13:21:58 - [TEST_STEP][PASSED] - Statement - repObj.findProperty("xpath").setValue(xpathval): null

2017-12-04 13:21:58 - [TEST_STEP][PASSED] - setText: Text 'Rebsdorf AUT' is set on object 'Object Repository/PrimoTours/LandingPage/secondPaxFirstNameField'

2017-12-04 13:21:58 - [MESSAGE][PASSED] - Text 'Rebsdorf AUT' is set on object 'Object Repository/PrimoTours/LandingPage/secondPaxFirstNameField'

2017-12-04 13:21:58 - [TEST_STEP][PASSED] - Statement - xpathval = paxDetailFields + "[2]/div[contains(@class,"form-group")]/input[contains(@class,"paxLastName")]": null

2017-12-04 13:21:58 - [TEST_STEP][PASSED] - Statement - println("ln: " + xpathval): null

2017-12-04 13:21:58 - [TEST_STEP][PASSED] - Statement - repObj = com.kms.katalon.core.testobject.ObjectRepository.findTestObject(Object Repository/PrimoTours/LandingPage/secondPaxFirstNameField): Finding Test Object with id 'Object Repository/PrimoTours/LandingPage/secondPaxFirstNameField'

2017-12-04 13:21:58 - [TEST_STEP][PASSED] - Statement - repObj.findProperty("xpath").setValue(xpathval): null

2017-12-04 13:21:58 - [TEST_STEP][PASSED] - setText: Text 'Laura Greve' is set on object 'Object Repository/PrimoTours/LandingPage/secondPaxFirstNameField'

2017-12-04 13:21:58 - [MESSAGE][PASSED] - Text 'Laura Greve' is set on object 'Object Repository/PrimoTours/LandingPage/secondPaxFirstNameField'

2017-12-04 13:21:58 - [TEST_STEP][PASSED] - Statement - repObj = com.kms.katalon.core.testobject.ObjectRepository.findTestObject(Object Repository/PrimoTours/LandingPage/secondPaxFirstNameField): Finding Test Object with id 'Object Repository/PrimoTours/LandingPage/secondPaxFirstNameField'

2017-12-04 13:21:58 - [TEST_STEP][PASSED] - Statement - xpathval = paxDetailFields + "[3]/div[contains(@class,"paxGenderSelectorContainer")]/span[contains(@class,"select2 select2-container")]/span[contains(@class,"selection")]/span[contains(@class,"select2-selection")]": null

2017-12-04 13:21:58 - [TEST_STEP][PASSED] - Statement - println("gender: " + xpathval): null

2017-12-04 13:21:58 - [TEST_STEP][PASSED] - Statement - repObj.findProperty("xpath").setValue(xpathval): null

2017-12-04 13:21:58 - [TEST_STEP][PASSED] - click: Object: 'Object Repository/PrimoTours/LandingPage/secondPaxFirstNameField' is clicked on

2017-12-04 13:21:58 - [MESSAGE][PASSED] - Object: 'Object Repository/PrimoTours/LandingPage/secondPaxFirstNameField' is clicked on

2017-12-04 13:21:58 - [TEST_STEP][PASSED] - scrollToElement: Scroll to object 'Object Repository/PrimoTours/Old Objects/Coco (1)/PrimoT/SaveBooking2/Success/bookingTotalValue' successfully

2017-12-04 13:21:58 - [MESSAGE][PASSED] - Scroll to object 'Object Repository/PrimoTours/Old Objects/Coco (1)/PrimoT/SaveBooking2/Success/bookingTotalValue' successfully

2017-12-04 13:21:58 - [TEST_STEP][PASSED] - click: Object: 'Object Repository/PrimoTours/Old Objects/Coco (1)/PrimoT/SaveBooking2/Success/bookingTotalValue' is clicked on

2017-12-04 13:21:58 - [MESSAGE][PASSED] - Object: 'Object Repository/PrimoTours/Old Objects/Coco (1)/PrimoT/SaveBooking2/Success/bookingTotalValue' is clicked on

2017-12-04 13:21:58 - [TEST_STEP][PASSED] - scrollToElement: Scroll to object 'Object Repository/PrimoTours/Old Objects/Coco (1)/PrimoT/SaveBooking2/Success/Page_Primo Tours  Danmarks bedste c/nextButtonOnLandingPage' successfully

2017-12-04 13:21:58 - [MESSAGE][PASSED] - Scroll to object 'Object Repository/PrimoTours/Old Objects/Coco (1)/PrimoT/SaveBooking2/Success/Page_Primo Tours  Danmarks bedste c/nextButtonOnLandingPage' successfully

2017-12-04 13:21:58 - [TEST_STEP][PASSED] - waitForElementClickable: Object 'Object Repository/PrimoTours/Old Objects/Coco (1)/PrimoT/SaveBooking2/Success/Page_Primo Tours  Danmarks bedste c/nextButtonOnLandingPage' is clickable

2017-12-04 13:21:58 - [MESSAGE][PASSED] - Object 'Object Repository/PrimoTours/Old Objects/Coco (1)/PrimoT/SaveBooking2/Success/Page_Primo Tours  Danmarks bedste c/nextButtonOnLandingPage' is clickable

2017-12-04 13:21:58 - [TEST_STEP][PASSED] - waitForElementVisible: Object 'Object Repository/PrimoTours/Old Objects/Coco (1)/PrimoT/SaveBooking2/Success/Page_Primo Tours  Danmarks bedste c/nextButtonOnLandingPage' is visible

2017-12-04 13:21:58 - [MESSAGE][PASSED] - Object 'Object Repository/PrimoTours/Old Objects/Coco (1)/PrimoT/SaveBooking2/Success/Page_Primo Tours  Danmarks bedste c/nextButtonOnLandingPage' is visible

2017-12-04 13:21:58 - [TEST_STEP][PASSED] - scrollToElement: Scroll to object 'Object Repository/PrimoTours/Old Objects/Coco (1)/PrimoT/SaveBooking2/Success/Page_Primo Tours  Danmarks bedste c/nextButtonOnLandingPage' successfully

2017-12-04 13:21:58 - [MESSAGE][PASSED] - Scroll to object 'Object Repository/PrimoTours/Old Objects/Coco (1)/PrimoT/SaveBooking2/Success/Page_Primo Tours  Danmarks bedste c/nextButtonOnLandingPage' successfully

2017-12-04 13:21:58 - [TEST_STEP][PASSED] - click: Object: 'Object Repository/PrimoTours/Old Objects/Coco (1)/PrimoT/SaveBooking2/Success/Page_Primo Tours  Danmarks bedste c/nextButtonOnLandingPage' is clicked on

2017-12-04 13:21:58 - [MESSAGE][PASSED] - Object: 'Object Repository/PrimoTours/Old Objects/Coco (1)/PrimoT/SaveBooking2/Success/Page_Primo Tours  Danmarks bedste c/nextButtonOnLandingPage' is clicked on

2017-12-04 13:21:58 - [TEST_STEP][PASSED] - delay: Delayed 3 second(s)

2017-12-04 13:22:01 - [MESSAGE][PASSED] - Delayed 3 second(s)

2017-12-04 13:22:01 - [TEST_STEP][PASSED] - waitForElementNotVisible: Object 'Object Repository/PrimoTours/Old Objects/CCenter/pageLoaderOverlayLayer' is NOT visible

2017-12-04 13:22:01 - [MESSAGE][PASSED] - Object 'Object Repository/PrimoTours/Old Objects/CCenter/pageLoaderOverlayLayer' is NOT visible

2017-12-04 13:22:01 - [TEST_STEP][PASSED] - scrollToElement: Scroll to object 'Object Repository/PrimoTours/Old Objects/Coco/PrimoT/Ins2/Page_Primo Tours  Danmarks bedste c/travelInsuranceFirstPaxSelector' successfully

2017-12-04 13:22:02 - [MESSAGE][PASSED] - Scroll to object 'Object Repository/PrimoTours/Old Objects/Coco/PrimoT/Ins2/Page_Primo Tours  Danmarks bedste c/travelInsuranceFirstPaxSelector' successfully

2017-12-04 13:22:02 - [TEST_STEP][PASSED] - waitForElementPresent: Object 'Object Repository/PrimoTours/Old Objects/Coco/PrimoT/Ins2/Page_Primo Tours  Danmarks bedste c/travelInsuranceFirstPaxSelector' is present

2017-12-04 13:22:02 - [MESSAGE][PASSED] - Object 'Object Repository/PrimoTours/Old Objects/Coco/PrimoT/Ins2/Page_Primo Tours  Danmarks bedste c/travelInsuranceFirstPaxSelector' is present

2017-12-04 13:22:02 - [TEST_STEP][PASSED] - waitForElementVisible: Object 'Object Repository/PrimoTours/Old Objects/Coco/PrimoT/Ins2/Page_Primo Tours  Danmarks bedste c/travelInsuranceFirstPaxSelector' is visible

2017-12-04 13:22:02 - [MESSAGE][PASSED] - Object 'Object Repository/PrimoTours/Old Objects/Coco/PrimoT/Ins2/Page_Primo Tours  Danmarks bedste c/travelInsuranceFirstPaxSelector' is visible

2017-12-04 13:22:02 - [TEST_STEP][PASSED] - waitForElementClickable: Object 'Object Repository/PrimoTours/Old Objects/Coco/PrimoT/Ins2/Page_Primo Tours  Danmarks bedste c/travelInsuranceFirstPaxSelector' is clickable

2017-12-04 13:22:02 - [MESSAGE][PASSED] - Object 'Object Repository/PrimoTours/Old Objects/Coco/PrimoT/Ins2/Page_Primo Tours  Danmarks bedste c/travelInsuranceFirstPaxSelector' is clickable

2017-12-04 13:22:02 - [TEST_STEP][PASSED] - click: Object: 'Object Repository/PrimoTours/Old Objects/Coco/PrimoT/Ins2/Page_Primo Tours  Danmarks bedste c/travelInsuranceFirstPaxSelector' is clicked on

2017-12-04 13:22:02 - [MESSAGE][PASSED] - Object: 'Object Repository/PrimoTours/Old Objects/Coco/PrimoT/Ins2/Page_Primo Tours  Danmarks bedste c/travelInsuranceFirstPaxSelector' is clicked on

2017-12-04 13:22:02 - [TEST_STEP][PASSED] - Statement - Try: Object: 'Object Repository/PrimoTours/Old Objects/Coco/PrimoT/Ins2/Page_Primo Tours  Danmarks bedste c/firstTravelInsuranceOption' is clicked on

2017-12-04 13:22:02 - [TEST_STEP][PASSED] - click: Object: 'Object Repository/PrimoTours/Old Objects/Coco/PrimoT/Ins2/Page_Primo Tours  Danmarks bedste c/firstTravelInsuranceOption' is clicked on

2017-12-04 13:22:02 - [MESSAGE][PASSED] - Object: 'Object Repository/PrimoTours/Old Objects/Coco/PrimoT/Ins2/Page_Primo Tours  Danmarks bedste c/firstTravelInsuranceOption' is clicked on

2017-12-04 13:22:02 - [TEST_STEP][NOT_RUN] - click: NOT_RUN: click

2017-12-04 13:22:02 - [MESSAGE][NOT_RUN] - NOT_RUN: click

2017-12-04 13:22:02 - [TEST_STEP][NOT_RUN] - scrollToElement: NOT_RUN: scrollToElement

2017-12-04 13:22:02 - [MESSAGE][NOT_RUN] - NOT_RUN: scrollToElement

2017-12-04 13:22:02 - [TEST_STEP][NOT_RUN] - click: NOT_RUN: click

2017-12-04 13:22:02 - [MESSAGE][NOT_RUN] - NOT_RUN: click

2017-12-04 13:22:02 - [TEST_STEP][PASSED] - waitForElementVisible: Object 'Object Repository/PrimoTours/Old Objects/Coco (1)/PrimoT/SaveBooking2/Page_Primo Tours  Danmarks bedste c/individualInsuranceCheckbox' is visible

2017-12-04 13:22:02 - [MESSAGE][PASSED] - Object 'Object Repository/PrimoTours/Old Objects/Coco (1)/PrimoT/SaveBooking2/Page_Primo Tours  Danmarks bedste c/individualInsuranceCheckbox' is visible

2017-12-04 13:22:02 - [TEST_STEP][PASSED] - scrollToElement: Scroll to object 'Object Repository/PrimoTours/Old Objects/Coco (1)/PrimoT/SaveBooking2/Page_Primo Tours  Danmarks bedste c/individualInsuranceCheckbox' successfully

2017-12-04 13:22:02 - [MESSAGE][PASSED] - Scroll to object 'Object Repository/PrimoTours/Old Objects/Coco (1)/PrimoT/SaveBooking2/Page_Primo Tours  Danmarks bedste c/individualInsuranceCheckbox' successfully

2017-12-04 13:22:02 - [TEST_STEP][PASSED] - click: Object: 'Object Repository/PrimoTours/Old Objects/Coco (1)/PrimoT/SaveBooking2/Page_Primo Tours  Danmarks bedste c/individualInsuranceCheckbox' is clicked on

2017-12-04 13:22:02 - [MESSAGE][PASSED] - Object: 'Object Repository/PrimoTours/Old Objects/Coco (1)/PrimoT/SaveBooking2/Page_Primo Tours  Danmarks bedste c/individualInsuranceCheckbox' is clicked on

2017-12-04 13:22:02 - [TEST_STEP][PASSED] - scrollToElement: Scroll to object 'Object Repository/PrimoTours/Old Objects/Coco (1)/PrimoT/SaveBooking2/Success/firstProdCategIndividualSelectionRadioB' successfully

2017-12-04 13:22:02 - [MESSAGE][PASSED] - Scroll to object 'Object Repository/PrimoTours/Old Objects/Coco (1)/PrimoT/SaveBooking2/Success/firstProdCategIndividualSelectionRadioB' successfully

2017-12-04 13:22:02 - [TEST_STEP][PASSED] - waitForElementClickable: Object 'Object Repository/PrimoTours/Old Objects/Coco (1)/PrimoT/SaveBooking2/Success/firstProdCategIndividualSelectionRadioB' is clickable

2017-12-04 13:22:02 - [MESSAGE][PASSED] - Object 'Object Repository/PrimoTours/Old Objects/Coco (1)/PrimoT/SaveBooking2/Success/firstProdCategIndividualSelectionRadioB' is clickable

2017-12-04 13:22:02 - [TEST_STEP][PASSED] - scrollToElement: Scroll to object 'Object Repository/PrimoTours/Old Objects/Coco (1)/PrimoT/SaveBooking2/Success/firstProdCategIndividualSelectionRadioB' successfully

2017-12-04 13:22:02 - [MESSAGE][PASSED] - Scroll to object 'Object Repository/PrimoTours/Old Objects/Coco (1)/PrimoT/SaveBooking2/Success/firstProdCategIndividualSelectionRadioB' successfully

2017-12-04 13:22:02 - [TEST_STEP][PASSED] - click: Object: 'Object Repository/PrimoTours/Old Objects/Coco (1)/PrimoT/SaveBooking2/Success/firstProdCategIndividualSelectionRadioB' is clicked on

2017-12-04 13:22:02 - [MESSAGE][PASSED] - Object: 'Object Repository/PrimoTours/Old Objects/Coco (1)/PrimoT/SaveBooking2/Success/firstProdCategIndividualSelectionRadioB' is clicked on

2017-12-04 13:22:02 - [TEST_STEP][PASSED] - scrollToElement: Scroll to object 'Object Repository/PrimoTours/Old Objects/Coco (1)/PrimoT/SaveBooking2/Success/firstProdCategSelectForAllPaxCheckbox' successfully

2017-12-04 13:22:02 - [MESSAGE][PASSED] - Scroll to object 'Object Repository/PrimoTours/Old Objects/Coco (1)/PrimoT/SaveBooking2/Success/firstProdCategSelectForAllPaxCheckbox' successfully

2017-12-04 13:22:02 - [TEST_STEP][PASSED] - waitForElementClickable: Object 'Object Repository/PrimoTours/Old Objects/Coco (1)/PrimoT/SaveBooking2/Success/firstProdCategSelectForAllPaxCheckbox' is clickable

2017-12-04 13:22:03 - [MESSAGE][PASSED] - Object 'Object Repository/PrimoTours/Old Objects/Coco (1)/PrimoT/SaveBooking2/Success/firstProdCategSelectForAllPaxCheckbox' is clickable

2017-12-04 13:22:03 - [TEST_STEP][PASSED] - click: Object: 'Object Repository/PrimoTours/Old Objects/Coco (1)/PrimoT/SaveBooking2/Success/firstProdCategSelectForAllPaxCheckbox' is clicked on

2017-12-04 13:22:03 - [MESSAGE][PASSED] - Object: 'Object Repository/PrimoTours/Old Objects/Coco (1)/PrimoT/SaveBooking2/Success/firstProdCategSelectForAllPaxCheckbox' is clicked on

2017-12-04 13:22:03 - [TEST_STEP][NOT_RUN] - scrollToElement: NOT_RUN: scrollToElement

2017-12-04 13:22:03 - [MESSAGE][NOT_RUN] - NOT_RUN: scrollToElement

2017-12-04 13:22:03 - [TEST_STEP][NOT_RUN] - scrollToElement: NOT_RUN: scrollToElement

2017-12-04 13:22:03 - [MESSAGE][NOT_RUN] - NOT_RUN: scrollToElement

2017-12-04 13:22:03 - [TEST_STEP][NOT_RUN] - click: NOT_RUN: click

2017-12-04 13:22:03 - [MESSAGE][NOT_RUN] - NOT_RUN: click

2017-12-04 13:22:03 - [TEST_STEP][PASSED] - scrollToElement: Scroll to object 'Object Repository/PrimoTours/ConfirmationPage/agreeTermsAndCondCheckbox' successfully

2017-12-04 13:22:03 - [MESSAGE][PASSED] - Scroll to object 'Object Repository/PrimoTours/ConfirmationPage/agreeTermsAndCondCheckbox' successfully

2017-12-04 13:22:03 - [TEST_STEP][PASSED] - waitForElementClickable: Object 'Object Repository/PrimoTours/ConfirmationPage/agreeTermsAndCondCheckbox' is clickable

2017-12-04 13:22:03 - [MESSAGE][PASSED] - Object 'Object Repository/PrimoTours/ConfirmationPage/agreeTermsAndCondCheckbox' is clickable

2017-12-04 13:22:03 - [TEST_STEP][PASSED] - click: Object: 'Object Repository/PrimoTours/ConfirmationPage/agreeTermsAndCondCheckbox' is clicked on

2017-12-04 13:22:03 - [MESSAGE][PASSED] - Object: 'Object Repository/PrimoTours/ConfirmationPage/agreeTermsAndCondCheckbox' is clicked on

2017-12-04 13:22:03 - [TEST_STEP][PASSED] - scrollToElement: Scroll to object 'Object Repository/PrimoTours/ConfirmationPage/placeBookingButton' successfully

2017-12-04 13:22:03 - [MESSAGE][PASSED] - Scroll to object 'Object Repository/PrimoTours/ConfirmationPage/placeBookingButton' successfully

2017-12-04 13:22:03 - [TEST_STEP][PASSED] - delay: Delayed 1 second(s)

2017-12-04 13:22:04 - [MESSAGE][PASSED] - Delayed 1 second(s)

2017-12-04 13:22:04 - [TEST_STEP][PASSED] - waitForElementClickable: Object 'Object Repository/PrimoTours/ConfirmationPage/placeBookingButton' is clickable

2017-12-04 13:22:04 - [MESSAGE][PASSED] - Object 'Object Repository/PrimoTours/ConfirmationPage/placeBookingButton' is clickable

2017-12-04 13:22:04 - [TEST_STEP][FAILED] - Statement - Try: Unable to click on object 'Object Repository/PrimoTours/ConfirmationPage/placeBookingButton' (Root cause: org.openqa.selenium.WebDriverException: unknown error: Element <a href="javascript:;" class="btn btn-success col-xs-12 step defaultButton disabledElement" data-validator="options" data-loader="true" id="placeBookingButton" data-bind="css: tourpaq.bookingEngine.confirmation.nextStepButtonStyle">...</a> is not clickable at point (1337, 749). Other element would receive the click: <div class="col-xs-12 col-md-4 col-md-offset-4 pull-right">...</div>
  (Session info: chrome=62.0.3202.94)
  (Driver info: chromedriver=2.33.506120 (e3e53437346286c0bc2d2dc9aa4915ba81d9023f),platform=Windows NT 6.3.9600 x86_64) (WARNING: The server did not provide any stacktrace information)
Command duration or timeout: 0 milliseconds
Build info: version: '3.7.1', revision: '8a0099a', time: '2017-11-06T21:07:36.161Z'
System info: host: 'NEACSUNEW-PC', ip: '10.10.10.211', os.name: 'Windows 8.1', os.arch: 'amd64', os.version: '6.3', java.version: '1.8.0_102'
Driver info: com.kms.katalon.selenium.driver.CChromeDriver
Capabilities {acceptSslCerts: true, applicationCacheEnabled: false, browserConnectionEnabled: false, browserName: chrome, chrome: {chromedriverVersion: 2.33.506120 (e3e53437346286..., userDataDir: C:\Users\Cornel\AppData\Loc...}, cssSelectorsEnabled: true, databaseEnabled: false, handlesAlerts: true, hasTouchScreen: false, javascriptEnabled: true, locationContextEnabled: true, mobileEmulationEnabled: false, nativeEvents: true, networkConnectionEnabled: false, pageLoadStrategy: normal, platform: XP, platformName: XP, rotatable: false, setWindowRect: true, takesHeapSnapshot: true, takesScreenshot: true, unexpectedAlertBehaviour: , unhandledPromptBehavior: , version: 62.0.3202.94, webStorageEnabled: true}
Session ID: 03039d9c6b7fe1d853b822a62e50e518)

2017-12-04 13:22:04 - [TEST_STEP][FAILED] - click: Unable to click on object 'Object Repository/PrimoTours/ConfirmationPage/placeBookingButton' (Root cause: org.openqa.selenium.WebDriverException: unknown error: Element <a href="javascript:;" class="btn btn-success col-xs-12 step defaultButton disabledElement" data-validator="options" data-loader="true" id="placeBookingButton" data-bind="css: tourpaq.bookingEngine.confirmation.nextStepButtonStyle">...</a> is not clickable at point (1337, 749). Other element would receive the click: <div class="col-xs-12 col-md-4 col-md-offset-4 pull-right">...</div>
  (Session info: chrome=62.0.3202.94)
  (Driver info: chromedriver=2.33.506120 (e3e53437346286c0bc2d2dc9aa4915ba81d9023f),platform=Windows NT 6.3.9600 x86_64) (WARNING: The server did not provide any stacktrace information)
Command duration or timeout: 0 milliseconds
Build info: version: '3.7.1', revision: '8a0099a', time: '2017-11-06T21:07:36.161Z'
System info: host: 'NEACSUNEW-PC', ip: '10.10.10.211', os.name: 'Windows 8.1', os.arch: 'amd64', os.version: '6.3', java.version: '1.8.0_102'
Driver info: com.kms.katalon.selenium.driver.CChromeDriver
Capabilities {acceptSslCerts: true, applicationCacheEnabled: false, browserConnectionEnabled: false, browserName: chrome, chrome: {chromedriverVersion: 2.33.506120 (e3e53437346286..., userDataDir: C:\Users\Cornel\AppData\Loc...}, cssSelectorsEnabled: true, databaseEnabled: false, handlesAlerts: true, hasTouchScreen: false, javascriptEnabled: true, locationContextEnabled: true, mobileEmulationEnabled: false, nativeEvents: true, networkConnectionEnabled: false, pageLoadStrategy: normal, platform: XP, platformName: XP, rotatable: false, setWindowRect: true, takesHeapSnapshot: true, takesScreenshot: true, unexpectedAlertBehaviour: , unhandledPromptBehavior: , version: 62.0.3202.94, webStorageEnabled: true}
Session ID: 03039d9c6b7fe1d853b822a62e50e518)

2017-12-04 13:22:04 - [MESSAGE][FAILED] - Unable to click on object 'Object Repository/PrimoTours/ConfirmationPage/placeBookingButton' (Root cause: org.openqa.selenium.WebDriverException: unknown error: Element <a href="javascript:;" class="btn btn-success col-xs-12 step defaultButton disabledElement" data-validator="options" data-loader="true" id="placeBookingButton" data-bind="css: tourpaq.bookingEngine.confirmation.nextStepButtonStyle">...</a> is not clickable at point (1337, 749). Other element would receive the click: <div class="col-xs-12 col-md-4 col-md-offset-4 pull-right">...</div>
  (Session info: chrome=62.0.3202.94)
  (Driver info: chromedriver=2.33.506120 (e3e53437346286c0bc2d2dc9aa4915ba81d9023f),platform=Windows NT 6.3.9600 x86_64) (WARNING: The server did not provide any stacktrace information)
Command duration or timeout: 0 milliseconds
Build info: version: '3.7.1', revision: '8a0099a', time: '2017-11-06T21:07:36.161Z'
System info: host: 'NEACSUNEW-PC', ip: '10.10.10.211', os.name: 'Windows 8.1', os.arch: 'amd64', os.version: '6.3', java.version: '1.8.0_102'
Driver info: com.kms.katalon.selenium.driver.CChromeDriver
Capabilities {acceptSslCerts: true, applicationCacheEnabled: false, browserConnectionEnabled: false, browserName: chrome, chrome: {chromedriverVersion: 2.33.506120 (e3e53437346286..., userDataDir: C:\Users\Cornel\AppData\Loc...}, cssSelectorsEnabled: true, databaseEnabled: false, handlesAlerts: true, hasTouchScreen: false, javascriptEnabled: true, locationContextEnabled: true, mobileEmulationEnabled: false, nativeEvents: true, networkConnectionEnabled: false, pageLoadStrategy: normal, platform: XP, platformName: XP, rotatable: false, setWindowRect: true, takesHeapSnapshot: true, takesScreenshot: true, unexpectedAlertBehaviour: , unhandledPromptBehavior: , version: 62.0.3202.94, webStorageEnabled: true}
Session ID: 03039d9c6b7fe1d853b822a62e50e518)
[[ATTACHMENT|D:\\Software testing\\Tourpaq\\Automated Katalon tests\\Primo WB test\\Reports\\WB Primo From Excel URLs\\20171204_131551\\1512386524485.png]]

2017-12-04 13:22:04 - [TEST_STEP][FAILED] - Statement - Catch (Exception e): Unable to click on object 'Object Repository/PrimoTours/ConfirmationPage/placeBookingButton' (Root cause: org.openqa.selenium.WebDriverException: unknown error: Element <a href="javascript:;" class="btn btn-success col-xs-12 step defaultButton disabledElement" data-validator="options" data-loader="true" id="placeBookingButton" data-bind="css: tourpaq.bookingEngine.confirmation.nextStepButtonStyle">...</a> is not clickable at point (1337, 729). Other element would receive the click: <div class="col-xs-12 col-md-4 col-md-offset-4 pull-right">...</div>
  (Session info: chrome=62.0.3202.94)
  (Driver info: chromedriver=2.33.506120 (e3e53437346286c0bc2d2dc9aa4915ba81d9023f),platform=Windows NT 6.3.9600 x86_64) (WARNING: The server did not provide any stacktrace information)
Command duration or timeout: 0 milliseconds
Build info: version: '3.7.1', revision: '8a0099a', time: '2017-11-06T21:07:36.161Z'
System info: host: 'NEACSUNEW-PC', ip: '10.10.10.211', os.name: 'Windows 8.1', os.arch: 'amd64', os.version: '6.3', java.version: '1.8.0_102'
Driver info: com.kms.katalon.selenium.driver.CChromeDriver
Capabilities {acceptSslCerts: true, applicationCacheEnabled: false, browserConnectionEnabled: false, browserName: chrome, chrome: {chromedriverVersion: 2.33.506120 (e3e53437346286..., userDataDir: C:\Users\Cornel\AppData\Loc...}, cssSelectorsEnabled: true, databaseEnabled: false, handlesAlerts: true, hasTouchScreen: false, javascriptEnabled: true, locationContextEnabled: true, mobileEmulationEnabled: false, nativeEvents: true, networkConnectionEnabled: false, pageLoadStrategy: normal, platform: XP, platformName: XP, rotatable: false, setWindowRect: true, takesHeapSnapshot: true, takesScreenshot: true, unexpectedAlertBehaviour: , unhandledPromptBehavior: , version: 62.0.3202.94, webStorageEnabled: true}
Session ID: 03039d9c6b7fe1d853b822a62e50e518)

2017-12-04 13:22:04 - [TEST_STEP][PASSED] - scrollToElement: Scroll to object 'Object Repository/PrimoTours/ConfirmationPage/placeBookingButton' successfully

2017-12-04 13:22:04 - [MESSAGE][PASSED] - Scroll to object 'Object Repository/PrimoTours/ConfirmationPage/placeBookingButton' successfully

2017-12-04 13:22:04 - [TEST_STEP][FAILED] - click: Unable to click on object 'Object Repository/PrimoTours/ConfirmationPage/placeBookingButton' (Root cause: org.openqa.selenium.WebDriverException: unknown error: Element <a href="javascript:;" class="btn btn-success col-xs-12 step defaultButton disabledElement" data-validator="options" data-loader="true" id="placeBookingButton" data-bind="css: tourpaq.bookingEngine.confirmation.nextStepButtonStyle">...</a> is not clickable at point (1337, 729). Other element would receive the click: <div class="col-xs-12 col-md-4 col-md-offset-4 pull-right">...</div>
  (Session info: chrome=62.0.3202.94)
  (Driver info: chromedriver=2.33.506120 (e3e53437346286c0bc2d2dc9aa4915ba81d9023f),platform=Windows NT 6.3.9600 x86_64) (WARNING: The server did not provide any stacktrace information)
Command duration or timeout: 0 milliseconds
Build info: version: '3.7.1', revision: '8a0099a', time: '2017-11-06T21:07:36.161Z'
System info: host: 'NEACSUNEW-PC', ip: '10.10.10.211', os.name: 'Windows 8.1', os.arch: 'amd64', os.version: '6.3', java.version: '1.8.0_102'
Driver info: com.kms.katalon.selenium.driver.CChromeDriver
Capabilities {acceptSslCerts: true, applicationCacheEnabled: false, browserConnectionEnabled: false, browserName: chrome, chrome: {chromedriverVersion: 2.33.506120 (e3e53437346286..., userDataDir: C:\Users\Cornel\AppData\Loc...}, cssSelectorsEnabled: true, databaseEnabled: false, handlesAlerts: true, hasTouchScreen: false, javascriptEnabled: true, locationContextEnabled: true, mobileEmulationEnabled: false, nativeEvents: true, networkConnectionEnabled: false, pageLoadStrategy: normal, platform: XP, platformName: XP, rotatable: false, setWindowRect: true, takesHeapSnapshot: true, takesScreenshot: true, unexpectedAlertBehaviour: , unhandledPromptBehavior: , version: 62.0.3202.94, webStorageEnabled: true}
Session ID: 03039d9c6b7fe1d853b822a62e50e518)

2017-12-04 13:22:05 - [MESSAGE][FAILED] - Unable to click on object 'Object Repository/PrimoTours/ConfirmationPage/placeBookingButton' (Root cause: org.openqa.selenium.WebDriverException: unknown error: Element <a href="javascript:;" class="btn btn-success col-xs-12 step defaultButton disabledElement" data-validator="options" data-loader="true" id="placeBookingButton" data-bind="css: tourpaq.bookingEngine.confirmation.nextStepButtonStyle">...</a> is not clickable at point (1337, 729). Other element would receive the click: <div class="col-xs-12 col-md-4 col-md-offset-4 pull-right">...</div>
  (Session info: chrome=62.0.3202.94)
  (Driver info: chromedriver=2.33.506120 (e3e53437346286c0bc2d2dc9aa4915ba81d9023f),platform=Windows NT 6.3.9600 x86_64) (WARNING: The server did not provide any stacktrace information)
Command duration or timeout: 0 milliseconds
Build info: version: '3.7.1', revision: '8a0099a', time: '2017-11-06T21:07:36.161Z'
System info: host: 'NEACSUNEW-PC', ip: '10.10.10.211', os.name: 'Windows 8.1', os.arch: 'amd64', os.version: '6.3', java.version: '1.8.0_102'
Driver info: com.kms.katalon.selenium.driver.CChromeDriver
Capabilities {acceptSslCerts: true, applicationCacheEnabled: false, browserConnectionEnabled: false, browserName: chrome, chrome: {chromedriverVersion: 2.33.506120 (e3e53437346286..., userDataDir: C:\Users\Cornel\AppData\Loc...}, cssSelectorsEnabled: true, databaseEnabled: false, handlesAlerts: true, hasTouchScreen: false, javascriptEnabled: true, locationContextEnabled: true, mobileEmulationEnabled: false, nativeEvents: true, networkConnectionEnabled: false, pageLoadStrategy: normal, platform: XP, platformName: XP, rotatable: false, setWindowRect: true, takesHeapSnapshot: true, takesScreenshot: true, unexpectedAlertBehaviour: , unhandledPromptBehavior: , version: 62.0.3202.94, webStorageEnabled: true}
Session ID: 03039d9c6b7fe1d853b822a62e50e518)
[[ATTACHMENT|D:\\Software testing\\Tourpaq\\Automated Katalon tests\\Primo WB test\\Reports\\WB Primo From Excel URLs\\20171204_131551\\1512386524942.png]]]]></system-out>
         <system-err><![CDATA[2017-12-04 13:21:48 - [TEST_CASE][FAILED] - Test Cases/PrimoTours/WB Primo/WB Primo staging - place booking - Iteration 10: Test Cases/PrimoTours/WB Primo/WB Primo staging - place booking FAILED because (of) Unable to click on object 'Object Repository/PrimoTours/ConfirmationPage/placeBookingButton' (Root cause: org.openqa.selenium.WebDriverException: unknown error: Element <a href="javascript:;" class="btn btn-success col-xs-12 step defaultButton disabledElement" data-validator="options" data-loader="true" id="placeBookingButton" data-bind="css: tourpaq.bookingEngine.confirmation.nextStepButtonStyle">...</a> is not clickable at point (1337, 729). Other element would receive the click: <div class="col-xs-12 col-md-4 col-md-offset-4 pull-right">...</div>
  (Session info: chrome=62.0.3202.94)
  (Driver info: chromedriver=2.33.506120 (e3e53437346286c0bc2d2dc9aa4915ba81d9023f),platform=Windows NT 6.3.9600 x86_64) (WARNING: The server did not provide any stacktrace information)
Command duration or timeout: 0 milliseconds
Build info: version: '3.7.1', revision: '8a0099a', time: '2017-11-06T21:07:36.161Z'
System info: host: 'NEACSUNEW-PC', ip: '10.10.10.211', os.name: 'Windows 8.1', os.arch: 'amd64', os.version: '6.3', java.version: '1.8.0_102'
Driver info: com.kms.katalon.selenium.driver.CChromeDriver
Capabilities {acceptSslCerts: true, applicationCacheEnabled: false, browserConnectionEnabled: false, browserName: chrome, chrome: {chromedriverVersion: 2.33.506120 (e3e53437346286..., userDataDir: C:\Users\Cornel\AppData\Loc...}, cssSelectorsEnabled: true, databaseEnabled: false, handlesAlerts: true, hasTouchScreen: false, javascriptEnabled: true, locationContextEnabled: true, mobileEmulationEnabled: false, nativeEvents: true, networkConnectionEnabled: false, pageLoadStrategy: normal, platform: XP, platformName: XP, rotatable: false, setWindowRect: true, takesHeapSnapshot: true, takesScreenshot: true, unexpectedAlertBehaviour: , unhandledPromptBehavior: , version: 62.0.3202.94, webStorageEnabled: true}
Session ID: 03039d9c6b7fe1d853b822a62e50e518)]]></system-err>
      </testcase>
      <testcase name="Test Cases/PrimoTours/WB Primo/WB Primo staging - place booking - Iteration 11" classname="Test Cases/PrimoTours/WB Primo/WB Primo staging - place booking" status="FAILED">
         <failure type="FAILED" message="Test Cases/PrimoTours/WB Primo/WB Primo staging - place booking FAILED because (of) Unable to click on object 'Object Repository/PrimoTours/ConfirmationPage/agreeTermsAndCondCheckbox' (Root cause: org.openqa.selenium.WebDriverException: unknown error: Element &lt;a href=&quot;#&quot; class=&quot;toggle checkbox kalypto&quot;>&lt;/a> is not clickable at point (395, 717). Other element would receive the click: &lt;h2>...&lt;/h2>
  (Session info: chrome=62.0.3202.94)
  (Driver info: chromedriver=2.33.506120 (e3e53437346286c0bc2d2dc9aa4915ba81d9023f),platform=Windows NT 6.3.9600 x86_64) (WARNING: The server did not provide any stacktrace information)
Command duration or timeout: 0 milliseconds
Build info: version: '3.7.1', revision: '8a0099a', time: '2017-11-06T21:07:36.161Z'
System info: host: 'NEACSUNEW-PC', ip: '10.10.10.211', os.name: 'Windows 8.1', os.arch: 'amd64', os.version: '6.3', java.version: '1.8.0_102'
Driver info: com.kms.katalon.selenium.driver.CChromeDriver
Capabilities {acceptSslCerts: true, applicationCacheEnabled: false, browserConnectionEnabled: false, browserName: chrome, chrome: {chromedriverVersion: 2.33.506120 (e3e53437346286..., userDataDir: C:\Users\Cornel\AppData\Loc...}, cssSelectorsEnabled: true, databaseEnabled: false, handlesAlerts: true, hasTouchScreen: false, javascriptEnabled: true, locationContextEnabled: true, mobileEmulationEnabled: false, nativeEvents: true, networkConnectionEnabled: false, pageLoadStrategy: normal, platform: XP, platformName: XP, rotatable: false, setWindowRect: true, takesHeapSnapshot: true, takesScreenshot: true, unexpectedAlertBehaviour: , unhandledPromptBehavior: , version: 62.0.3202.94, webStorageEnabled: true}
Session ID: b4d8b0d764a063dc5ceafd0702cb51cd)"/>
         <system-out><![CDATA[2017-12-04 13:22:05 - [TEST_CASE][FAILED] - Test Cases/PrimoTours/WB Primo/WB Primo staging - place booking - Iteration 11: Test Cases/PrimoTours/WB Primo/WB Primo staging - place booking FAILED because (of) Unable to click on object 'Object Repository/PrimoTours/ConfirmationPage/agreeTermsAndCondCheckbox' (Root cause: org.openqa.selenium.WebDriverException: unknown error: Element <a href="#" class="toggle checkbox kalypto"></a> is not clickable at point (395, 717). Other element would receive the click: <h2>...</h2>
  (Session info: chrome=62.0.3202.94)
  (Driver info: chromedriver=2.33.506120 (e3e53437346286c0bc2d2dc9aa4915ba81d9023f),platform=Windows NT 6.3.9600 x86_64) (WARNING: The server did not provide any stacktrace information)
Command duration or timeout: 0 milliseconds
Build info: version: '3.7.1', revision: '8a0099a', time: '2017-11-06T21:07:36.161Z'
System info: host: 'NEACSUNEW-PC', ip: '10.10.10.211', os.name: 'Windows 8.1', os.arch: 'amd64', os.version: '6.3', java.version: '1.8.0_102'
Driver info: com.kms.katalon.selenium.driver.CChromeDriver
Capabilities {acceptSslCerts: true, applicationCacheEnabled: false, browserConnectionEnabled: false, browserName: chrome, chrome: {chromedriverVersion: 2.33.506120 (e3e53437346286..., userDataDir: C:\Users\Cornel\AppData\Loc...}, cssSelectorsEnabled: true, databaseEnabled: false, handlesAlerts: true, hasTouchScreen: false, javascriptEnabled: true, locationContextEnabled: true, mobileEmulationEnabled: false, nativeEvents: true, networkConnectionEnabled: false, pageLoadStrategy: normal, platform: XP, platformName: XP, rotatable: false, setWindowRect: true, takesHeapSnapshot: true, takesScreenshot: true, unexpectedAlertBehaviour: , unhandledPromptBehavior: , version: 62.0.3202.94, webStorageEnabled: true}
Session ID: b4d8b0d764a063dc5ceafd0702cb51cd)

2017-12-04 13:22:05 - [TEST_STEP][PASSED] - openBrowser: Browser is opened with url: ''

2017-12-04 13:22:05 - [MESSAGE][WARNING] - A browser is already opened. Closing browser and opening a new one

2017-12-04 13:22:08 - [MESSAGE][PASSED] - Browser is opened with url: ''

2017-12-04 13:22:08 - [TEST_STEP][PASSED] - maximizeWindow: Current window maximized

2017-12-04 13:22:09 - [MESSAGE][PASSED] - Current window maximized

2017-12-04 13:22:09 - [TEST_STEP][PASSED] - navigateToUrl: Navigate to 'https://staging-primotours-webbooking.tourpaq.com/DoBooking.aspx?pltaID=1480269&p=2&rno=1&pt=1&a=2&c=2&aa=&ca=1,5' successfully

2017-12-04 13:22:11 - [MESSAGE][PASSED] - Navigate to 'https://staging-primotours-webbooking.tourpaq.com/DoBooking.aspx?pltaID=1480269&p=2&rno=1&pt=1&a=2&c=2&aa=&ca=1,5' successfully

2017-12-04 13:22:11 - [TEST_STEP][PASSED] - Statement - excelInfo = ["fname":"", "lname":"", "pgender":"", "pday":"", "pmonth":"", "pyear":""]: null

2017-12-04 13:22:11 - [TEST_STEP][PASSED] - Statement - rawData = com.kms.katalon.core.testdata.TestDataFactory.findTestData("Data Files/WB_Primo/Passenger_details"): Reading excel file with source file 'D:\Software testing\Tourpaq\Automated Katalon tests\Primo WB test\Data Files\Primo_URLs_For_Automated_Test.xls' and sheet name 'Passenger Names'

2017-12-04 13:22:11 - [TEST_STEP][PASSED] - Statement - excelRowNo = rawData.getRowNumbers(): null

2017-12-04 13:22:11 - [TEST_STEP][PASSED] - Statement - randomPaxIndex = java.lang.Math.abs(new java.util.Random().nextInt() % excelRowNo) + 1: null

2017-12-04 13:22:11 - [TEST_STEP][PASSED] - Statement - fname = rawData.getValue("FirstName", randomPaxIndex): null

2017-12-04 13:22:11 - [TEST_STEP][PASSED] - Statement - lname = rawData.getValue("LastName", randomPaxIndex): null

2017-12-04 13:22:11 - [TEST_STEP][PASSED] - Statement - pgender = rawData.getValue("Gender", randomPaxIndex): null

2017-12-04 13:22:11 - [TEST_STEP][PASSED] - setText: Text 'Mikkelsen AUT' is set on object 'Object Repository/PrimoTours/Old Objects/Coco/PrimoT/Page_Primo Tours  Danmarks bedste c/input_firstName'

2017-12-04 13:22:11 - [MESSAGE][PASSED] - Text 'Mikkelsen AUT' is set on object 'Object Repository/PrimoTours/Old Objects/Coco/PrimoT/Page_Primo Tours  Danmarks bedste c/input_firstName'

2017-12-04 13:22:11 - [TEST_STEP][PASSED] - setText: Text 'Rikke Skovgaard' is set on object 'Object Repository/PrimoTours/Old Objects/Coco/PrimoT/Page_Primo Tours  Danmarks bedste c/input_lastName'

2017-12-04 13:22:12 - [MESSAGE][PASSED] - Text 'Rikke Skovgaard' is set on object 'Object Repository/PrimoTours/Old Objects/Coco/PrimoT/Page_Primo Tours  Danmarks bedste c/input_lastName'

2017-12-04 13:22:12 - [TEST_STEP][PASSED] - click: Object: 'Object Repository/PrimoTours/LandingPage/customerGender' is clicked on

2017-12-04 13:22:12 - [MESSAGE][PASSED] - Object: 'Object Repository/PrimoTours/LandingPage/customerGender' is clicked on

2017-12-04 13:22:12 - [TEST_STEP][PASSED] - setText: Text 'Home address' is set on object 'Object Repository/PrimoTours/Old Objects/Coco/PrimoT/Page_Primo Tours  Danmarks bedste c/input_customerAddress'

2017-12-04 13:22:12 - [MESSAGE][PASSED] - Text 'Home address' is set on object 'Object Repository/PrimoTours/Old Objects/Coco/PrimoT/Page_Primo Tours  Danmarks bedste c/input_customerAddress'

2017-12-04 13:22:12 - [TEST_STEP][PASSED] - setText: Text '6700' is set on object 'Object Repository/PrimoTours/Old Objects/Coco/PrimoT/Page_Primo Tours  Danmarks bedste c/input_customerPostcode'

2017-12-04 13:22:12 - [MESSAGE][PASSED] - Text '6700' is set on object 'Object Repository/PrimoTours/Old Objects/Coco/PrimoT/Page_Primo Tours  Danmarks bedste c/input_customerPostcode'

2017-12-04 13:22:12 - [TEST_STEP][PASSED] - setText: Text 'cornel.neacsu@roweb.ro' is set on object 'Object Repository/PrimoTours/Old Objects/Coco/PrimoT/Page_Primo Tours  Danmarks bedste c/input_customerEmail'

2017-12-04 13:22:13 - [MESSAGE][PASSED] - Text 'cornel.neacsu@roweb.ro' is set on object 'Object Repository/PrimoTours/Old Objects/Coco/PrimoT/Page_Primo Tours  Danmarks bedste c/input_customerEmail'

2017-12-04 13:22:13 - [TEST_STEP][PASSED] - setText: Text '12345678' is set on object 'Object Repository/PrimoTours/Old Objects/Coco/PrimoT/Page_Primo Tours  Danmarks bedste c/input_customerPhone'

2017-12-04 13:22:13 - [MESSAGE][PASSED] - Text '12345678' is set on object 'Object Repository/PrimoTours/Old Objects/Coco/PrimoT/Page_Primo Tours  Danmarks bedste c/input_customerPhone'

2017-12-04 13:22:13 - [TEST_STEP][PASSED] - waitForElementClickable: Object 'Object Repository/PrimoTours/Old Objects/Coco/PrimoT/Page_Primo Tours  Danmarks bedste c/input_firstname-0_1' is clickable

2017-12-04 13:22:15 - [MESSAGE][PASSED] - Object 'Object Repository/PrimoTours/Old Objects/Coco/PrimoT/Page_Primo Tours  Danmarks bedste c/input_firstname-0_1' is clickable

2017-12-04 13:22:15 - [TEST_STEP][PASSED] - Statement - driver = com.kms.katalon.core.webui.driver.DriverFactory.getWebDriver(): null

2017-12-04 13:22:15 - [TEST_STEP][PASSED] - Statement - roomContainerXpath = "id("roomAndStaticOptionsContainer")/div[@class="row"]/div[@class="col-md-12 roomContainer"]": null

2017-12-04 13:22:15 - [TEST_STEP][PASSED] - Statement - roomsCount = driver.findElements(org.openqa.selenium.By.xpath(roomContainerXpath)).size(): null

2017-12-04 13:22:15 - [TEST_STEP][PASSED] - Statement - println("roomsCount=" + roomsCount): null

2017-12-04 13:22:15 - [TEST_STEP][PASSED] - Statement - For ([i = 1, i <= roomsCount, (i++)]): Object: 'Object Repository/PrimoTours/LandingPage/secondPaxFirstNameField' is clicked on

2017-12-04 13:22:15 - [TEST_STEP][PASSED] - Statement - paxInRoomXpath = "id("passengersContainer_" + i - 1 + "")/div[@class="col-md-12"]/div[@class="row"]": null

2017-12-04 13:22:15 - [TEST_STEP][PASSED] - Statement - println("paxInRoomXpath=" + paxInRoomXpath): null

2017-12-04 13:22:15 - [TEST_STEP][PASSED] - Statement - paxInRoomCount = driver.findElements(org.openqa.selenium.By.xpath(paxInRoomXpath)).size(): null

2017-12-04 13:22:15 - [TEST_STEP][PASSED] - Statement - println("paxInRoomCount=" + paxInRoomCount): null

2017-12-04 13:22:15 - [TEST_STEP][PASSED] - Statement - For ([j = 1, j <= paxInRoomCount, (j++)]): Object: 'Object Repository/PrimoTours/LandingPage/secondPaxFirstNameField' is clicked on

2017-12-04 13:22:15 - [TEST_STEP][PASSED] - Statement - If (i == 1 & j == 1): null

2017-12-04 13:22:15 - [TEST_STEP][PASSED] - Statement - <not implemented yet for class: org.codehaus.groovy.ast.stmt.ContinueStatement>: null

2017-12-04 13:22:15 - [TEST_STEP][PASSED] - Statement - If (i == 1 & j == 1): null

2017-12-04 13:22:15 - [TEST_STEP][PASSED] - Statement - randomPaxIndex = java.lang.Math.abs(new java.util.Random().nextInt() % excelRowNo) + 1: null

2017-12-04 13:22:15 - [TEST_STEP][PASSED] - Statement - fname = rawData.getValue("FirstName", randomPaxIndex) + " AUT": null

2017-12-04 13:22:15 - [TEST_STEP][PASSED] - Statement - lname = rawData.getValue("LastName", randomPaxIndex): null

2017-12-04 13:22:15 - [TEST_STEP][PASSED] - Statement - pgender = rawData.getValue("Gender", randomPaxIndex): null

2017-12-04 13:22:15 - [TEST_STEP][PASSED] - Statement - pday = rawData.getValue("Day DOB", randomPaxIndex): null

2017-12-04 13:22:15 - [TEST_STEP][PASSED] - Statement - pmonth = rawData.getValue("Month DOB", randomPaxIndex): null

2017-12-04 13:22:15 - [TEST_STEP][PASSED] - Statement - pyear = rawData.getValue("Year DOB", randomPaxIndex): null

2017-12-04 13:22:15 - [TEST_STEP][PASSED] - Statement - paxDetailFields = paxInRoomXpath + "[" + j + "]/div[@class="col-md-x col-md-9"]/div[@class="row paxContainer"][1]/div[contains(@class,"paxAttribute")]": null

2017-12-04 13:22:15 - [TEST_STEP][PASSED] - Statement - xpathval = paxDetailFields + "[1]/div[contains(@class,"form-group")]/input[contains(@class,"paxFirstName")]": null

2017-12-04 13:22:15 - [TEST_STEP][PASSED] - Statement - println("fn: " + xpathval): null

2017-12-04 13:22:15 - [TEST_STEP][PASSED] - Statement - repObj = com.kms.katalon.core.testobject.ObjectRepository.findTestObject(Object Repository/PrimoTours/LandingPage/secondPaxFirstNameField): Finding Test Object with id 'Object Repository/PrimoTours/LandingPage/secondPaxFirstNameField'

2017-12-04 13:22:15 - [TEST_STEP][PASSED] - Statement - repObj.findProperty("xpath").setValue(xpathval): null

2017-12-04 13:22:15 - [TEST_STEP][PASSED] - setText: Text 'Jensen AUT' is set on object 'Object Repository/PrimoTours/LandingPage/secondPaxFirstNameField'

2017-12-04 13:22:15 - [MESSAGE][PASSED] - Text 'Jensen AUT' is set on object 'Object Repository/PrimoTours/LandingPage/secondPaxFirstNameField'

2017-12-04 13:22:15 - [TEST_STEP][PASSED] - Statement - xpathval = paxDetailFields + "[2]/div[contains(@class,"form-group")]/input[contains(@class,"paxLastName")]": null

2017-12-04 13:22:15 - [TEST_STEP][PASSED] - Statement - println("ln: " + xpathval): null

2017-12-04 13:22:15 - [TEST_STEP][PASSED] - Statement - repObj = com.kms.katalon.core.testobject.ObjectRepository.findTestObject(Object Repository/PrimoTours/LandingPage/secondPaxFirstNameField): Finding Test Object with id 'Object Repository/PrimoTours/LandingPage/secondPaxFirstNameField'

2017-12-04 13:22:15 - [TEST_STEP][PASSED] - Statement - repObj.findProperty("xpath").setValue(xpathval): null

2017-12-04 13:22:15 - [TEST_STEP][PASSED] - setText: Text 'Gitte Stauning' is set on object 'Object Repository/PrimoTours/LandingPage/secondPaxFirstNameField'

2017-12-04 13:22:15 - [MESSAGE][PASSED] - Text 'Gitte Stauning' is set on object 'Object Repository/PrimoTours/LandingPage/secondPaxFirstNameField'

2017-12-04 13:22:15 - [TEST_STEP][PASSED] - Statement - repObj = com.kms.katalon.core.testobject.ObjectRepository.findTestObject(Object Repository/PrimoTours/LandingPage/secondPaxFirstNameField): Finding Test Object with id 'Object Repository/PrimoTours/LandingPage/secondPaxFirstNameField'

2017-12-04 13:22:15 - [TEST_STEP][PASSED] - Statement - xpathval = paxDetailFields + "[3]/div[contains(@class,"paxGenderSelectorContainer")]/span[contains(@class,"select2 select2-container")]/span[contains(@class,"selection")]/span[contains(@class,"select2-selection")]": null

2017-12-04 13:22:15 - [TEST_STEP][PASSED] - Statement - println("gender: " + xpathval): null

2017-12-04 13:22:15 - [TEST_STEP][PASSED] - Statement - repObj.findProperty("xpath").setValue(xpathval): null

2017-12-04 13:22:15 - [TEST_STEP][PASSED] - click: Object: 'Object Repository/PrimoTours/LandingPage/secondPaxFirstNameField' is clicked on

2017-12-04 13:22:15 - [MESSAGE][PASSED] - Object: 'Object Repository/PrimoTours/LandingPage/secondPaxFirstNameField' is clicked on

2017-12-04 13:22:15 - [TEST_STEP][PASSED] - Statement - If (i == 1 & j == 1): null

2017-12-04 13:22:15 - [TEST_STEP][PASSED] - Statement - randomPaxIndex = java.lang.Math.abs(new java.util.Random().nextInt() % excelRowNo) + 1: null

2017-12-04 13:22:15 - [TEST_STEP][PASSED] - Statement - fname = rawData.getValue("FirstName", randomPaxIndex) + " AUT": null

2017-12-04 13:22:15 - [TEST_STEP][PASSED] - Statement - lname = rawData.getValue("LastName", randomPaxIndex): null

2017-12-04 13:22:15 - [TEST_STEP][PASSED] - Statement - pgender = rawData.getValue("Gender", randomPaxIndex): null

2017-12-04 13:22:15 - [TEST_STEP][PASSED] - Statement - pday = rawData.getValue("Day DOB", randomPaxIndex): null

2017-12-04 13:22:15 - [TEST_STEP][PASSED] - Statement - pmonth = rawData.getValue("Month DOB", randomPaxIndex): null

2017-12-04 13:22:15 - [TEST_STEP][PASSED] - Statement - pyear = rawData.getValue("Year DOB", randomPaxIndex): null

2017-12-04 13:22:15 - [TEST_STEP][PASSED] - Statement - paxDetailFields = paxInRoomXpath + "[" + j + "]/div[@class="col-md-x col-md-9"]/div[@class="row paxContainer"][1]/div[contains(@class,"paxAttribute")]": null

2017-12-04 13:22:15 - [TEST_STEP][PASSED] - Statement - xpathval = paxDetailFields + "[1]/div[contains(@class,"form-group")]/input[contains(@class,"paxFirstName")]": null

2017-12-04 13:22:15 - [TEST_STEP][PASSED] - Statement - println("fn: " + xpathval): null

2017-12-04 13:22:15 - [TEST_STEP][PASSED] - Statement - repObj = com.kms.katalon.core.testobject.ObjectRepository.findTestObject(Object Repository/PrimoTours/LandingPage/secondPaxFirstNameField): Finding Test Object with id 'Object Repository/PrimoTours/LandingPage/secondPaxFirstNameField'

2017-12-04 13:22:15 - [TEST_STEP][PASSED] - Statement - repObj.findProperty("xpath").setValue(xpathval): null

2017-12-04 13:22:15 - [TEST_STEP][PASSED] - setText: Text 'Marcussen AUT' is set on object 'Object Repository/PrimoTours/LandingPage/secondPaxFirstNameField'

2017-12-04 13:22:15 - [MESSAGE][PASSED] - Text 'Marcussen AUT' is set on object 'Object Repository/PrimoTours/LandingPage/secondPaxFirstNameField'

2017-12-04 13:22:15 - [TEST_STEP][PASSED] - Statement - xpathval = paxDetailFields + "[2]/div[contains(@class,"form-group")]/input[contains(@class,"paxLastName")]": null

2017-12-04 13:22:15 - [TEST_STEP][PASSED] - Statement - println("ln: " + xpathval): null

2017-12-04 13:22:15 - [TEST_STEP][PASSED] - Statement - repObj = com.kms.katalon.core.testobject.ObjectRepository.findTestObject(Object Repository/PrimoTours/LandingPage/secondPaxFirstNameField): Finding Test Object with id 'Object Repository/PrimoTours/LandingPage/secondPaxFirstNameField'

2017-12-04 13:22:15 - [TEST_STEP][PASSED] - Statement - repObj.findProperty("xpath").setValue(xpathval): null

2017-12-04 13:22:15 - [TEST_STEP][PASSED] - setText: Text 'Ole' is set on object 'Object Repository/PrimoTours/LandingPage/secondPaxFirstNameField'

2017-12-04 13:22:16 - [MESSAGE][PASSED] - Text 'Ole' is set on object 'Object Repository/PrimoTours/LandingPage/secondPaxFirstNameField'

2017-12-04 13:22:16 - [TEST_STEP][PASSED] - Statement - repObj = com.kms.katalon.core.testobject.ObjectRepository.findTestObject(Object Repository/PrimoTours/LandingPage/secondPaxFirstNameField): Finding Test Object with id 'Object Repository/PrimoTours/LandingPage/secondPaxFirstNameField'

2017-12-04 13:22:16 - [TEST_STEP][PASSED] - Statement - xpathval = paxDetailFields + "[3]/div[contains(@class,"paxGenderSelectorContainer")]/span[contains(@class,"select2 select2-container")]/span[contains(@class,"selection")]/span[contains(@class,"select2-selection")]": null

2017-12-04 13:22:16 - [TEST_STEP][PASSED] - Statement - println("gender: " + xpathval): null

2017-12-04 13:22:16 - [TEST_STEP][PASSED] - Statement - repObj.findProperty("xpath").setValue(xpathval): null

2017-12-04 13:22:16 - [TEST_STEP][PASSED] - click: Unable to click on object 'Object Repository/PrimoTours/LandingPage/secondPaxFirstNameField' (Root cause: org.openqa.selenium.WebDriverException: unknown error: Element <span class="select2-selection select2-selection--single" role="combobox" aria-haspopup="true" aria-expanded="false" tabindex="0" aria-labelledby="select2-gender-0_2-tq-container">...</span> is not clickable at point (1168, 747). Other element would receive the click: <li class="select2-results__option" id="select2-gender-0_1-j4-result-zf7h-MS" role="treeitem" aria-selected="false">...</li>
  (Session info: chrome=62.0.3202.94)
  (Driver info: chromedriver=2.33.506120 (e3e53437346286c0bc2d2dc9aa4915ba81d9023f),platform=Windows NT 6.3.9600 x86_64) (WARNING: The server did not provide any stacktrace information)
Command duration or timeout: 0 milliseconds
Build info: version: '3.7.1', revision: '8a0099a', time: '2017-11-06T21:07:36.161Z'
System info: host: 'NEACSUNEW-PC', ip: '10.10.10.211', os.name: 'Windows 8.1', os.arch: 'amd64', os.version: '6.3', java.version: '1.8.0_102'
Driver info: com.kms.katalon.selenium.driver.CChromeDriver
Capabilities {acceptSslCerts: true, applicationCacheEnabled: false, browserConnectionEnabled: false, browserName: chrome, chrome: {chromedriverVersion: 2.33.506120 (e3e53437346286..., userDataDir: C:\Users\Cornel\AppData\Loc...}, cssSelectorsEnabled: true, databaseEnabled: false, handlesAlerts: true, hasTouchScreen: false, javascriptEnabled: true, locationContextEnabled: true, mobileEmulationEnabled: false, nativeEvents: true, networkConnectionEnabled: false, pageLoadStrategy: normal, platform: XP, platformName: XP, rotatable: false, setWindowRect: true, takesHeapSnapshot: true, takesScreenshot: true, unexpectedAlertBehaviour: , unhandledPromptBehavior: , version: 62.0.3202.94, webStorageEnabled: true}
Session ID: b4d8b0d764a063dc5ceafd0702cb51cd)

2017-12-04 13:22:16 - [MESSAGE][WARNING] - Unable to click on object 'Object Repository/PrimoTours/LandingPage/secondPaxFirstNameField' (Root cause: org.openqa.selenium.WebDriverException: unknown error: Element <span class="select2-selection select2-selection--single" role="combobox" aria-haspopup="true" aria-expanded="false" tabindex="0" aria-labelledby="select2-gender-0_2-tq-container">...</span> is not clickable at point (1168, 747). Other element would receive the click: <li class="select2-results__option" id="select2-gender-0_1-j4-result-zf7h-MS" role="treeitem" aria-selected="false">...</li>
  (Session info: chrome=62.0.3202.94)
  (Driver info: chromedriver=2.33.506120 (e3e53437346286c0bc2d2dc9aa4915ba81d9023f),platform=Windows NT 6.3.9600 x86_64) (WARNING: The server did not provide any stacktrace information)
Command duration or timeout: 0 milliseconds
Build info: version: '3.7.1', revision: '8a0099a', time: '2017-11-06T21:07:36.161Z'
System info: host: 'NEACSUNEW-PC', ip: '10.10.10.211', os.name: 'Windows 8.1', os.arch: 'amd64', os.version: '6.3', java.version: '1.8.0_102'
Driver info: com.kms.katalon.selenium.driver.CChromeDriver
Capabilities {acceptSslCerts: true, applicationCacheEnabled: false, browserConnectionEnabled: false, browserName: chrome, chrome: {chromedriverVersion: 2.33.506120 (e3e53437346286..., userDataDir: C:\Users\Cornel\AppData\Loc...}, cssSelectorsEnabled: true, databaseEnabled: false, handlesAlerts: true, hasTouchScreen: false, javascriptEnabled: true, locationContextEnabled: true, mobileEmulationEnabled: false, nativeEvents: true, networkConnectionEnabled: false, pageLoadStrategy: normal, platform: XP, platformName: XP, rotatable: false, setWindowRect: true, takesHeapSnapshot: true, takesScreenshot: true, unexpectedAlertBehaviour: , unhandledPromptBehavior: , version: 62.0.3202.94, webStorageEnabled: true}
Session ID: b4d8b0d764a063dc5ceafd0702cb51cd)
[[ATTACHMENT|D:\\Software testing\\Tourpaq\\Automated Katalon tests\\Primo WB test\\Reports\\WB Primo From Excel URLs\\20171204_131551\\1512386536101.png]]

2017-12-04 13:22:16 - [TEST_STEP][PASSED] - Statement - If (i == 1 & j == 1): null

2017-12-04 13:22:16 - [TEST_STEP][PASSED] - Statement - randomPaxIndex = java.lang.Math.abs(new java.util.Random().nextInt() % excelRowNo) + 1: null

2017-12-04 13:22:16 - [TEST_STEP][PASSED] - Statement - fname = rawData.getValue("FirstName", randomPaxIndex) + " AUT": null

2017-12-04 13:22:16 - [TEST_STEP][PASSED] - Statement - lname = rawData.getValue("LastName", randomPaxIndex): null

2017-12-04 13:22:16 - [TEST_STEP][PASSED] - Statement - pgender = rawData.getValue("Gender", randomPaxIndex): null

2017-12-04 13:22:16 - [TEST_STEP][PASSED] - Statement - pday = rawData.getValue("Day DOB", randomPaxIndex): null

2017-12-04 13:22:16 - [TEST_STEP][PASSED] - Statement - pmonth = rawData.getValue("Month DOB", randomPaxIndex): null

2017-12-04 13:22:16 - [TEST_STEP][PASSED] - Statement - pyear = rawData.getValue("Year DOB", randomPaxIndex): null

2017-12-04 13:22:16 - [TEST_STEP][PASSED] - Statement - paxDetailFields = paxInRoomXpath + "[" + j + "]/div[@class="col-md-x col-md-9"]/div[@class="row paxContainer"][1]/div[contains(@class,"paxAttribute")]": null

2017-12-04 13:22:16 - [TEST_STEP][PASSED] - Statement - xpathval = paxDetailFields + "[1]/div[contains(@class,"form-group")]/input[contains(@class,"paxFirstName")]": null

2017-12-04 13:22:16 - [TEST_STEP][PASSED] - Statement - println("fn: " + xpathval): null

2017-12-04 13:22:16 - [TEST_STEP][PASSED] - Statement - repObj = com.kms.katalon.core.testobject.ObjectRepository.findTestObject(Object Repository/PrimoTours/LandingPage/secondPaxFirstNameField): Finding Test Object with id 'Object Repository/PrimoTours/LandingPage/secondPaxFirstNameField'

2017-12-04 13:22:16 - [TEST_STEP][PASSED] - Statement - repObj.findProperty("xpath").setValue(xpathval): null

2017-12-04 13:22:16 - [TEST_STEP][PASSED] - setText: Text 'Poulsen AUT' is set on object 'Object Repository/PrimoTours/LandingPage/secondPaxFirstNameField'

2017-12-04 13:22:16 - [MESSAGE][PASSED] - Text 'Poulsen AUT' is set on object 'Object Repository/PrimoTours/LandingPage/secondPaxFirstNameField'

2017-12-04 13:22:16 - [TEST_STEP][PASSED] - Statement - xpathval = paxDetailFields + "[2]/div[contains(@class,"form-group")]/input[contains(@class,"paxLastName")]": null

2017-12-04 13:22:16 - [TEST_STEP][PASSED] - Statement - println("ln: " + xpathval): null

2017-12-04 13:22:16 - [TEST_STEP][PASSED] - Statement - repObj = com.kms.katalon.core.testobject.ObjectRepository.findTestObject(Object Repository/PrimoTours/LandingPage/secondPaxFirstNameField): Finding Test Object with id 'Object Repository/PrimoTours/LandingPage/secondPaxFirstNameField'

2017-12-04 13:22:16 - [TEST_STEP][PASSED] - Statement - repObj.findProperty("xpath").setValue(xpathval): null

2017-12-04 13:22:16 - [TEST_STEP][PASSED] - setText: Text 'Inger Mulvad' is set on object 'Object Repository/PrimoTours/LandingPage/secondPaxFirstNameField'

2017-12-04 13:22:16 - [MESSAGE][PASSED] - Text 'Inger Mulvad' is set on object 'Object Repository/PrimoTours/LandingPage/secondPaxFirstNameField'

2017-12-04 13:22:16 - [TEST_STEP][PASSED] - Statement - repObj = com.kms.katalon.core.testobject.ObjectRepository.findTestObject(Object Repository/PrimoTours/LandingPage/secondPaxFirstNameField): Finding Test Object with id 'Object Repository/PrimoTours/LandingPage/secondPaxFirstNameField'

2017-12-04 13:22:16 - [TEST_STEP][PASSED] - Statement - xpathval = paxDetailFields + "[3]/div[contains(@class,"paxGenderSelectorContainer")]/span[contains(@class,"select2 select2-container")]/span[contains(@class,"selection")]/span[contains(@class,"select2-selection")]": null

2017-12-04 13:22:16 - [TEST_STEP][PASSED] - Statement - println("gender: " + xpathval): null

2017-12-04 13:22:16 - [TEST_STEP][PASSED] - Statement - repObj.findProperty("xpath").setValue(xpathval): null

2017-12-04 13:22:16 - [TEST_STEP][PASSED] - click: Object: 'Object Repository/PrimoTours/LandingPage/secondPaxFirstNameField' is clicked on

2017-12-04 13:22:17 - [MESSAGE][PASSED] - Object: 'Object Repository/PrimoTours/LandingPage/secondPaxFirstNameField' is clicked on

2017-12-04 13:22:17 - [TEST_STEP][PASSED] - scrollToElement: Scroll to object 'Object Repository/PrimoTours/Old Objects/Coco (1)/PrimoT/SaveBooking2/Success/bookingTotalValue' successfully

2017-12-04 13:22:17 - [MESSAGE][PASSED] - Scroll to object 'Object Repository/PrimoTours/Old Objects/Coco (1)/PrimoT/SaveBooking2/Success/bookingTotalValue' successfully

2017-12-04 13:22:17 - [TEST_STEP][PASSED] - click: Object: 'Object Repository/PrimoTours/Old Objects/Coco (1)/PrimoT/SaveBooking2/Success/bookingTotalValue' is clicked on

2017-12-04 13:22:17 - [MESSAGE][PASSED] - Object: 'Object Repository/PrimoTours/Old Objects/Coco (1)/PrimoT/SaveBooking2/Success/bookingTotalValue' is clicked on

2017-12-04 13:22:17 - [TEST_STEP][PASSED] - scrollToElement: Scroll to object 'Object Repository/PrimoTours/Old Objects/Coco (1)/PrimoT/SaveBooking2/Success/Page_Primo Tours  Danmarks bedste c/nextButtonOnLandingPage' successfully

2017-12-04 13:22:17 - [MESSAGE][PASSED] - Scroll to object 'Object Repository/PrimoTours/Old Objects/Coco (1)/PrimoT/SaveBooking2/Success/Page_Primo Tours  Danmarks bedste c/nextButtonOnLandingPage' successfully

2017-12-04 13:22:17 - [TEST_STEP][PASSED] - waitForElementClickable: Object 'Object Repository/PrimoTours/Old Objects/Coco (1)/PrimoT/SaveBooking2/Success/Page_Primo Tours  Danmarks bedste c/nextButtonOnLandingPage' is clickable

2017-12-04 13:22:17 - [MESSAGE][PASSED] - Object 'Object Repository/PrimoTours/Old Objects/Coco (1)/PrimoT/SaveBooking2/Success/Page_Primo Tours  Danmarks bedste c/nextButtonOnLandingPage' is clickable

2017-12-04 13:22:17 - [TEST_STEP][PASSED] - waitForElementVisible: Object 'Object Repository/PrimoTours/Old Objects/Coco (1)/PrimoT/SaveBooking2/Success/Page_Primo Tours  Danmarks bedste c/nextButtonOnLandingPage' is visible

2017-12-04 13:22:17 - [MESSAGE][PASSED] - Object 'Object Repository/PrimoTours/Old Objects/Coco (1)/PrimoT/SaveBooking2/Success/Page_Primo Tours  Danmarks bedste c/nextButtonOnLandingPage' is visible

2017-12-04 13:22:17 - [TEST_STEP][PASSED] - scrollToElement: Scroll to object 'Object Repository/PrimoTours/Old Objects/Coco (1)/PrimoT/SaveBooking2/Success/Page_Primo Tours  Danmarks bedste c/nextButtonOnLandingPage' successfully

2017-12-04 13:22:17 - [MESSAGE][PASSED] - Scroll to object 'Object Repository/PrimoTours/Old Objects/Coco (1)/PrimoT/SaveBooking2/Success/Page_Primo Tours  Danmarks bedste c/nextButtonOnLandingPage' successfully

2017-12-04 13:22:17 - [TEST_STEP][PASSED] - click: Object: 'Object Repository/PrimoTours/Old Objects/Coco (1)/PrimoT/SaveBooking2/Success/Page_Primo Tours  Danmarks bedste c/nextButtonOnLandingPage' is clicked on

2017-12-04 13:22:17 - [MESSAGE][PASSED] - Object: 'Object Repository/PrimoTours/Old Objects/Coco (1)/PrimoT/SaveBooking2/Success/Page_Primo Tours  Danmarks bedste c/nextButtonOnLandingPage' is clicked on

2017-12-04 13:22:17 - [TEST_STEP][PASSED] - delay: Delayed 3 second(s)

2017-12-04 13:22:20 - [MESSAGE][PASSED] - Delayed 3 second(s)

2017-12-04 13:22:20 - [TEST_STEP][PASSED] - waitForElementNotVisible: Object 'Object Repository/PrimoTours/Old Objects/CCenter/pageLoaderOverlayLayer' is NOT visible

2017-12-04 13:22:20 - [MESSAGE][PASSED] - Object 'Object Repository/PrimoTours/Old Objects/CCenter/pageLoaderOverlayLayer' is NOT visible

2017-12-04 13:22:20 - [TEST_STEP][PASSED] - scrollToElement: Scroll to object 'Object Repository/PrimoTours/Old Objects/Coco/PrimoT/Ins2/Page_Primo Tours  Danmarks bedste c/travelInsuranceFirstPaxSelector' successfully

2017-12-04 13:22:20 - [MESSAGE][PASSED] - Scroll to object 'Object Repository/PrimoTours/Old Objects/Coco/PrimoT/Ins2/Page_Primo Tours  Danmarks bedste c/travelInsuranceFirstPaxSelector' successfully

2017-12-04 13:22:20 - [TEST_STEP][PASSED] - waitForElementPresent: Object 'Object Repository/PrimoTours/Old Objects/Coco/PrimoT/Ins2/Page_Primo Tours  Danmarks bedste c/travelInsuranceFirstPaxSelector' is present

2017-12-04 13:22:20 - [MESSAGE][PASSED] - Object 'Object Repository/PrimoTours/Old Objects/Coco/PrimoT/Ins2/Page_Primo Tours  Danmarks bedste c/travelInsuranceFirstPaxSelector' is present

2017-12-04 13:22:20 - [TEST_STEP][PASSED] - waitForElementVisible: Object 'Object Repository/PrimoTours/Old Objects/Coco/PrimoT/Ins2/Page_Primo Tours  Danmarks bedste c/travelInsuranceFirstPaxSelector' is visible

2017-12-04 13:22:20 - [MESSAGE][PASSED] - Object 'Object Repository/PrimoTours/Old Objects/Coco/PrimoT/Ins2/Page_Primo Tours  Danmarks bedste c/travelInsuranceFirstPaxSelector' is visible

2017-12-04 13:22:20 - [TEST_STEP][PASSED] - waitForElementClickable: Object 'Object Repository/PrimoTours/Old Objects/Coco/PrimoT/Ins2/Page_Primo Tours  Danmarks bedste c/travelInsuranceFirstPaxSelector' is clickable

2017-12-04 13:22:20 - [MESSAGE][PASSED] - Object 'Object Repository/PrimoTours/Old Objects/Coco/PrimoT/Ins2/Page_Primo Tours  Danmarks bedste c/travelInsuranceFirstPaxSelector' is clickable

2017-12-04 13:22:20 - [TEST_STEP][PASSED] - click: Object: 'Object Repository/PrimoTours/Old Objects/Coco/PrimoT/Ins2/Page_Primo Tours  Danmarks bedste c/travelInsuranceFirstPaxSelector' is clicked on

2017-12-04 13:22:20 - [MESSAGE][PASSED] - Object: 'Object Repository/PrimoTours/Old Objects/Coco/PrimoT/Ins2/Page_Primo Tours  Danmarks bedste c/travelInsuranceFirstPaxSelector' is clicked on

2017-12-04 13:22:20 - [TEST_STEP][PASSED] - Statement - Try: Object: 'Object Repository/PrimoTours/Old Objects/Coco/PrimoT/Ins2/Page_Primo Tours  Danmarks bedste c/firstTravelInsuranceOption' is clicked on

2017-12-04 13:22:20 - [TEST_STEP][PASSED] - click: Object: 'Object Repository/PrimoTours/Old Objects/Coco/PrimoT/Ins2/Page_Primo Tours  Danmarks bedste c/firstTravelInsuranceOption' is clicked on

2017-12-04 13:22:20 - [MESSAGE][PASSED] - Object: 'Object Repository/PrimoTours/Old Objects/Coco/PrimoT/Ins2/Page_Primo Tours  Danmarks bedste c/firstTravelInsuranceOption' is clicked on

2017-12-04 13:22:20 - [TEST_STEP][NOT_RUN] - click: NOT_RUN: click

2017-12-04 13:22:20 - [MESSAGE][NOT_RUN] - NOT_RUN: click

2017-12-04 13:22:20 - [TEST_STEP][NOT_RUN] - scrollToElement: NOT_RUN: scrollToElement

2017-12-04 13:22:20 - [MESSAGE][NOT_RUN] - NOT_RUN: scrollToElement

2017-12-04 13:22:20 - [TEST_STEP][NOT_RUN] - click: NOT_RUN: click

2017-12-04 13:22:20 - [MESSAGE][NOT_RUN] - NOT_RUN: click

2017-12-04 13:22:20 - [TEST_STEP][PASSED] - waitForElementVisible: Object 'Object Repository/PrimoTours/Old Objects/Coco (1)/PrimoT/SaveBooking2/Page_Primo Tours  Danmarks bedste c/individualInsuranceCheckbox' is visible

2017-12-04 13:22:20 - [MESSAGE][PASSED] - Object 'Object Repository/PrimoTours/Old Objects/Coco (1)/PrimoT/SaveBooking2/Page_Primo Tours  Danmarks bedste c/individualInsuranceCheckbox' is visible

2017-12-04 13:22:20 - [TEST_STEP][PASSED] - scrollToElement: Scroll to object 'Object Repository/PrimoTours/Old Objects/Coco (1)/PrimoT/SaveBooking2/Page_Primo Tours  Danmarks bedste c/individualInsuranceCheckbox' successfully

2017-12-04 13:22:20 - [MESSAGE][PASSED] - Scroll to object 'Object Repository/PrimoTours/Old Objects/Coco (1)/PrimoT/SaveBooking2/Page_Primo Tours  Danmarks bedste c/individualInsuranceCheckbox' successfully

2017-12-04 13:22:20 - [TEST_STEP][PASSED] - click: Object: 'Object Repository/PrimoTours/Old Objects/Coco (1)/PrimoT/SaveBooking2/Page_Primo Tours  Danmarks bedste c/individualInsuranceCheckbox' is clicked on

2017-12-04 13:22:20 - [MESSAGE][PASSED] - Object: 'Object Repository/PrimoTours/Old Objects/Coco (1)/PrimoT/SaveBooking2/Page_Primo Tours  Danmarks bedste c/individualInsuranceCheckbox' is clicked on

2017-12-04 13:22:20 - [TEST_STEP][PASSED] - scrollToElement: Scroll to object 'Object Repository/PrimoTours/Old Objects/Coco (1)/PrimoT/SaveBooking2/Success/firstProdCategIndividualSelectionRadioB' successfully

2017-12-04 13:22:20 - [MESSAGE][PASSED] - Scroll to object 'Object Repository/PrimoTours/Old Objects/Coco (1)/PrimoT/SaveBooking2/Success/firstProdCategIndividualSelectionRadioB' successfully

2017-12-04 13:22:20 - [TEST_STEP][PASSED] - waitForElementClickable: Object 'Object Repository/PrimoTours/Old Objects/Coco (1)/PrimoT/SaveBooking2/Success/firstProdCategIndividualSelectionRadioB' is clickable

2017-12-04 13:22:21 - [MESSAGE][PASSED] - Object 'Object Repository/PrimoTours/Old Objects/Coco (1)/PrimoT/SaveBooking2/Success/firstProdCategIndividualSelectionRadioB' is clickable

2017-12-04 13:22:21 - [TEST_STEP][PASSED] - scrollToElement: Scroll to object 'Object Repository/PrimoTours/Old Objects/Coco (1)/PrimoT/SaveBooking2/Success/firstProdCategIndividualSelectionRadioB' successfully

2017-12-04 13:22:21 - [MESSAGE][PASSED] - Scroll to object 'Object Repository/PrimoTours/Old Objects/Coco (1)/PrimoT/SaveBooking2/Success/firstProdCategIndividualSelectionRadioB' successfully

2017-12-04 13:22:21 - [TEST_STEP][PASSED] - click: Object: 'Object Repository/PrimoTours/Old Objects/Coco (1)/PrimoT/SaveBooking2/Success/firstProdCategIndividualSelectionRadioB' is clicked on

2017-12-04 13:22:21 - [MESSAGE][PASSED] - Object: 'Object Repository/PrimoTours/Old Objects/Coco (1)/PrimoT/SaveBooking2/Success/firstProdCategIndividualSelectionRadioB' is clicked on

2017-12-04 13:22:21 - [TEST_STEP][PASSED] - scrollToElement: Scroll to object 'Object Repository/PrimoTours/Old Objects/Coco (1)/PrimoT/SaveBooking2/Success/firstProdCategSelectForAllPaxCheckbox' successfully

2017-12-04 13:22:21 - [MESSAGE][PASSED] - Scroll to object 'Object Repository/PrimoTours/Old Objects/Coco (1)/PrimoT/SaveBooking2/Success/firstProdCategSelectForAllPaxCheckbox' successfully

2017-12-04 13:22:21 - [TEST_STEP][PASSED] - waitForElementClickable: Object 'Object Repository/PrimoTours/Old Objects/Coco (1)/PrimoT/SaveBooking2/Success/firstProdCategSelectForAllPaxCheckbox' is clickable

2017-12-04 13:22:21 - [MESSAGE][PASSED] - Object 'Object Repository/PrimoTours/Old Objects/Coco (1)/PrimoT/SaveBooking2/Success/firstProdCategSelectForAllPaxCheckbox' is clickable

2017-12-04 13:22:21 - [TEST_STEP][PASSED] - click: Object: 'Object Repository/PrimoTours/Old Objects/Coco (1)/PrimoT/SaveBooking2/Success/firstProdCategSelectForAllPaxCheckbox' is clicked on

2017-12-04 13:22:21 - [MESSAGE][PASSED] - Object: 'Object Repository/PrimoTours/Old Objects/Coco (1)/PrimoT/SaveBooking2/Success/firstProdCategSelectForAllPaxCheckbox' is clicked on

2017-12-04 13:22:21 - [TEST_STEP][NOT_RUN] - scrollToElement: NOT_RUN: scrollToElement

2017-12-04 13:22:21 - [MESSAGE][NOT_RUN] - NOT_RUN: scrollToElement

2017-12-04 13:22:21 - [TEST_STEP][NOT_RUN] - scrollToElement: NOT_RUN: scrollToElement

2017-12-04 13:22:21 - [MESSAGE][NOT_RUN] - NOT_RUN: scrollToElement

2017-12-04 13:22:21 - [TEST_STEP][NOT_RUN] - click: NOT_RUN: click

2017-12-04 13:22:21 - [MESSAGE][NOT_RUN] - NOT_RUN: click

2017-12-04 13:22:21 - [TEST_STEP][PASSED] - scrollToElement: Scroll to object 'Object Repository/PrimoTours/ConfirmationPage/agreeTermsAndCondCheckbox' successfully

2017-12-04 13:22:21 - [MESSAGE][PASSED] - Scroll to object 'Object Repository/PrimoTours/ConfirmationPage/agreeTermsAndCondCheckbox' successfully

2017-12-04 13:22:21 - [TEST_STEP][PASSED] - waitForElementClickable: Object 'Object Repository/PrimoTours/ConfirmationPage/agreeTermsAndCondCheckbox' is clickable

2017-12-04 13:22:21 - [MESSAGE][PASSED] - Object 'Object Repository/PrimoTours/ConfirmationPage/agreeTermsAndCondCheckbox' is clickable

2017-12-04 13:22:21 - [TEST_STEP][FAILED] - click: Unable to click on object 'Object Repository/PrimoTours/ConfirmationPage/agreeTermsAndCondCheckbox' (Root cause: org.openqa.selenium.WebDriverException: unknown error: Element <a href="#" class="toggle checkbox kalypto"></a> is not clickable at point (395, 717). Other element would receive the click: <h2>...</h2>
  (Session info: chrome=62.0.3202.94)
  (Driver info: chromedriver=2.33.506120 (e3e53437346286c0bc2d2dc9aa4915ba81d9023f),platform=Windows NT 6.3.9600 x86_64) (WARNING: The server did not provide any stacktrace information)
Command duration or timeout: 0 milliseconds
Build info: version: '3.7.1', revision: '8a0099a', time: '2017-11-06T21:07:36.161Z'
System info: host: 'NEACSUNEW-PC', ip: '10.10.10.211', os.name: 'Windows 8.1', os.arch: 'amd64', os.version: '6.3', java.version: '1.8.0_102'
Driver info: com.kms.katalon.selenium.driver.CChromeDriver
Capabilities {acceptSslCerts: true, applicationCacheEnabled: false, browserConnectionEnabled: false, browserName: chrome, chrome: {chromedriverVersion: 2.33.506120 (e3e53437346286..., userDataDir: C:\Users\Cornel\AppData\Loc...}, cssSelectorsEnabled: true, databaseEnabled: false, handlesAlerts: true, hasTouchScreen: false, javascriptEnabled: true, locationContextEnabled: true, mobileEmulationEnabled: false, nativeEvents: true, networkConnectionEnabled: false, pageLoadStrategy: normal, platform: XP, platformName: XP, rotatable: false, setWindowRect: true, takesHeapSnapshot: true, takesScreenshot: true, unexpectedAlertBehaviour: , unhandledPromptBehavior: , version: 62.0.3202.94, webStorageEnabled: true}
Session ID: b4d8b0d764a063dc5ceafd0702cb51cd)

2017-12-04 13:22:22 - [MESSAGE][FAILED] - Unable to click on object 'Object Repository/PrimoTours/ConfirmationPage/agreeTermsAndCondCheckbox' (Root cause: org.openqa.selenium.WebDriverException: unknown error: Element <a href="#" class="toggle checkbox kalypto"></a> is not clickable at point (395, 717). Other element would receive the click: <h2>...</h2>
  (Session info: chrome=62.0.3202.94)
  (Driver info: chromedriver=2.33.506120 (e3e53437346286c0bc2d2dc9aa4915ba81d9023f),platform=Windows NT 6.3.9600 x86_64) (WARNING: The server did not provide any stacktrace information)
Command duration or timeout: 0 milliseconds
Build info: version: '3.7.1', revision: '8a0099a', time: '2017-11-06T21:07:36.161Z'
System info: host: 'NEACSUNEW-PC', ip: '10.10.10.211', os.name: 'Windows 8.1', os.arch: 'amd64', os.version: '6.3', java.version: '1.8.0_102'
Driver info: com.kms.katalon.selenium.driver.CChromeDriver
Capabilities {acceptSslCerts: true, applicationCacheEnabled: false, browserConnectionEnabled: false, browserName: chrome, chrome: {chromedriverVersion: 2.33.506120 (e3e53437346286..., userDataDir: C:\Users\Cornel\AppData\Loc...}, cssSelectorsEnabled: true, databaseEnabled: false, handlesAlerts: true, hasTouchScreen: false, javascriptEnabled: true, locationContextEnabled: true, mobileEmulationEnabled: false, nativeEvents: true, networkConnectionEnabled: false, pageLoadStrategy: normal, platform: XP, platformName: XP, rotatable: false, setWindowRect: true, takesHeapSnapshot: true, takesScreenshot: true, unexpectedAlertBehaviour: , unhandledPromptBehavior: , version: 62.0.3202.94, webStorageEnabled: true}
Session ID: b4d8b0d764a063dc5ceafd0702cb51cd)
[[ATTACHMENT|D:\\Software testing\\Tourpaq\\Automated Katalon tests\\Primo WB test\\Reports\\WB Primo From Excel URLs\\20171204_131551\\1512386542024.png]]]]></system-out>
         <system-err><![CDATA[2017-12-04 13:22:05 - [TEST_CASE][FAILED] - Test Cases/PrimoTours/WB Primo/WB Primo staging - place booking - Iteration 11: Test Cases/PrimoTours/WB Primo/WB Primo staging - place booking FAILED because (of) Unable to click on object 'Object Repository/PrimoTours/ConfirmationPage/agreeTermsAndCondCheckbox' (Root cause: org.openqa.selenium.WebDriverException: unknown error: Element <a href="#" class="toggle checkbox kalypto"></a> is not clickable at point (395, 717). Other element would receive the click: <h2>...</h2>
  (Session info: chrome=62.0.3202.94)
  (Driver info: chromedriver=2.33.506120 (e3e53437346286c0bc2d2dc9aa4915ba81d9023f),platform=Windows NT 6.3.9600 x86_64) (WARNING: The server did not provide any stacktrace information)
Command duration or timeout: 0 milliseconds
Build info: version: '3.7.1', revision: '8a0099a', time: '2017-11-06T21:07:36.161Z'
System info: host: 'NEACSUNEW-PC', ip: '10.10.10.211', os.name: 'Windows 8.1', os.arch: 'amd64', os.version: '6.3', java.version: '1.8.0_102'
Driver info: com.kms.katalon.selenium.driver.CChromeDriver
Capabilities {acceptSslCerts: true, applicationCacheEnabled: false, browserConnectionEnabled: false, browserName: chrome, chrome: {chromedriverVersion: 2.33.506120 (e3e53437346286..., userDataDir: C:\Users\Cornel\AppData\Loc...}, cssSelectorsEnabled: true, databaseEnabled: false, handlesAlerts: true, hasTouchScreen: false, javascriptEnabled: true, locationContextEnabled: true, mobileEmulationEnabled: false, nativeEvents: true, networkConnectionEnabled: false, pageLoadStrategy: normal, platform: XP, platformName: XP, rotatable: false, setWindowRect: true, takesHeapSnapshot: true, takesScreenshot: true, unexpectedAlertBehaviour: , unhandledPromptBehavior: , version: 62.0.3202.94, webStorageEnabled: true}
Session ID: b4d8b0d764a063dc5ceafd0702cb51cd)]]></system-err>
      </testcase>
      <testcase name="Test Cases/PrimoTours/WB Primo/WB Primo staging - place booking - Iteration 12" classname="Test Cases/PrimoTours/WB Primo/WB Primo staging - place booking" status="FAILED">
         <failure type="FAILED" message="Test Cases/PrimoTours/WB Primo/WB Primo staging - place booking FAILED because (of) Unable to click on object 'Object Repository/PrimoTours/Old Objects/ThankYouPage/printTicketSpan' (Root cause: org.openqa.selenium.WebDriverException: unknown error: Element &lt;span id=&quot;printTicketSpan&quot; data-bind=&quot;text: tourpaq.bookingEngine.languageStaticResources.PrintReceipt&quot;>...&lt;/span> is not clickable at point (508, 319). Other element would receive the click: &lt;div class=&quot;se-pre-con&quot; id=&quot;booking-overlay&quot; style=&quot;opacity: 0.429549;&quot;>&lt;/div>
  (Session info: chrome=62.0.3202.94)
  (Driver info: chromedriver=2.33.506120 (e3e53437346286c0bc2d2dc9aa4915ba81d9023f),platform=Windows NT 6.3.9600 x86_64) (WARNING: The server did not provide any stacktrace information)
Command duration or timeout: 0 milliseconds
Build info: version: '3.7.1', revision: '8a0099a', time: '2017-11-06T21:07:36.161Z'
System info: host: 'NEACSUNEW-PC', ip: '10.10.10.211', os.name: 'Windows 8.1', os.arch: 'amd64', os.version: '6.3', java.version: '1.8.0_102'
Driver info: com.kms.katalon.selenium.driver.CChromeDriver
Capabilities {acceptSslCerts: true, applicationCacheEnabled: false, browserConnectionEnabled: false, browserName: chrome, chrome: {chromedriverVersion: 2.33.506120 (e3e53437346286..., userDataDir: C:\Users\Cornel\AppData\Loc...}, cssSelectorsEnabled: true, databaseEnabled: false, handlesAlerts: true, hasTouchScreen: false, javascriptEnabled: true, locationContextEnabled: true, mobileEmulationEnabled: false, nativeEvents: true, networkConnectionEnabled: false, pageLoadStrategy: normal, platform: XP, platformName: XP, rotatable: false, setWindowRect: true, takesHeapSnapshot: true, takesScreenshot: true, unexpectedAlertBehaviour: , unhandledPromptBehavior: , version: 62.0.3202.94, webStorageEnabled: true}
Session ID: 4d692a2704eb52a88878c91c1402d754)"/>
         <system-out><![CDATA[2017-12-04 13:22:22 - [TEST_CASE][FAILED] - Test Cases/PrimoTours/WB Primo/WB Primo staging - place booking - Iteration 12: Test Cases/PrimoTours/WB Primo/WB Primo staging - place booking FAILED because (of) Unable to click on object 'Object Repository/PrimoTours/Old Objects/ThankYouPage/printTicketSpan' (Root cause: org.openqa.selenium.WebDriverException: unknown error: Element <span id="printTicketSpan" data-bind="text: tourpaq.bookingEngine.languageStaticResources.PrintReceipt">...</span> is not clickable at point (508, 319). Other element would receive the click: <div class="se-pre-con" id="booking-overlay" style="opacity: 0.429549;"></div>
  (Session info: chrome=62.0.3202.94)
  (Driver info: chromedriver=2.33.506120 (e3e53437346286c0bc2d2dc9aa4915ba81d9023f),platform=Windows NT 6.3.9600 x86_64) (WARNING: The server did not provide any stacktrace information)
Command duration or timeout: 0 milliseconds
Build info: version: '3.7.1', revision: '8a0099a', time: '2017-11-06T21:07:36.161Z'
System info: host: 'NEACSUNEW-PC', ip: '10.10.10.211', os.name: 'Windows 8.1', os.arch: 'amd64', os.version: '6.3', java.version: '1.8.0_102'
Driver info: com.kms.katalon.selenium.driver.CChromeDriver
Capabilities {acceptSslCerts: true, applicationCacheEnabled: false, browserConnectionEnabled: false, browserName: chrome, chrome: {chromedriverVersion: 2.33.506120 (e3e53437346286..., userDataDir: C:\Users\Cornel\AppData\Loc...}, cssSelectorsEnabled: true, databaseEnabled: false, handlesAlerts: true, hasTouchScreen: false, javascriptEnabled: true, locationContextEnabled: true, mobileEmulationEnabled: false, nativeEvents: true, networkConnectionEnabled: false, pageLoadStrategy: normal, platform: XP, platformName: XP, rotatable: false, setWindowRect: true, takesHeapSnapshot: true, takesScreenshot: true, unexpectedAlertBehaviour: , unhandledPromptBehavior: , version: 62.0.3202.94, webStorageEnabled: true}
Session ID: 4d692a2704eb52a88878c91c1402d754)

2017-12-04 13:22:22 - [TEST_STEP][PASSED] - openBrowser: Browser is opened with url: ''

2017-12-04 13:22:22 - [MESSAGE][WARNING] - A browser is already opened. Closing browser and opening a new one

2017-12-04 13:22:25 - [MESSAGE][PASSED] - Browser is opened with url: ''

2017-12-04 13:22:25 - [TEST_STEP][PASSED] - maximizeWindow: Current window maximized

2017-12-04 13:22:26 - [MESSAGE][PASSED] - Current window maximized

2017-12-04 13:22:26 - [TEST_STEP][PASSED] - navigateToUrl: Navigate to 'https://staging-primotours-webbooking.tourpaq.com/DoBooking.aspx?pltaID=1480269&p=2&rno=1&pt=2&a=2&c=2&aa=&ca=1,5' successfully

2017-12-04 13:22:28 - [MESSAGE][PASSED] - Navigate to 'https://staging-primotours-webbooking.tourpaq.com/DoBooking.aspx?pltaID=1480269&p=2&rno=1&pt=2&a=2&c=2&aa=&ca=1,5' successfully

2017-12-04 13:22:28 - [TEST_STEP][PASSED] - Statement - excelInfo = ["fname":"", "lname":"", "pgender":"", "pday":"", "pmonth":"", "pyear":""]: null

2017-12-04 13:22:28 - [TEST_STEP][PASSED] - Statement - rawData = com.kms.katalon.core.testdata.TestDataFactory.findTestData("Data Files/WB_Primo/Passenger_details"): Reading excel file with source file 'D:\Software testing\Tourpaq\Automated Katalon tests\Primo WB test\Data Files\Primo_URLs_For_Automated_Test.xls' and sheet name 'Passenger Names'

2017-12-04 13:22:28 - [TEST_STEP][PASSED] - Statement - excelRowNo = rawData.getRowNumbers(): null

2017-12-04 13:22:28 - [TEST_STEP][PASSED] - Statement - randomPaxIndex = java.lang.Math.abs(new java.util.Random().nextInt() % excelRowNo) + 1: null

2017-12-04 13:22:28 - [TEST_STEP][PASSED] - Statement - fname = rawData.getValue("FirstName", randomPaxIndex): null

2017-12-04 13:22:28 - [TEST_STEP][PASSED] - Statement - lname = rawData.getValue("LastName", randomPaxIndex): null

2017-12-04 13:22:28 - [TEST_STEP][PASSED] - Statement - pgender = rawData.getValue("Gender", randomPaxIndex): null

2017-12-04 13:22:28 - [TEST_STEP][PASSED] - setText: Text 'Klausen AUT' is set on object 'Object Repository/PrimoTours/Old Objects/Coco/PrimoT/Page_Primo Tours  Danmarks bedste c/input_firstName'

2017-12-04 13:22:28 - [MESSAGE][PASSED] - Text 'Klausen AUT' is set on object 'Object Repository/PrimoTours/Old Objects/Coco/PrimoT/Page_Primo Tours  Danmarks bedste c/input_firstName'

2017-12-04 13:22:28 - [TEST_STEP][PASSED] - setText: Text 'Anne Sofie Fredsted' is set on object 'Object Repository/PrimoTours/Old Objects/Coco/PrimoT/Page_Primo Tours  Danmarks bedste c/input_lastName'

2017-12-04 13:22:29 - [MESSAGE][PASSED] - Text 'Anne Sofie Fredsted' is set on object 'Object Repository/PrimoTours/Old Objects/Coco/PrimoT/Page_Primo Tours  Danmarks bedste c/input_lastName'

2017-12-04 13:22:29 - [TEST_STEP][PASSED] - click: Object: 'Object Repository/PrimoTours/LandingPage/customerGender' is clicked on

2017-12-04 13:22:29 - [MESSAGE][PASSED] - Object: 'Object Repository/PrimoTours/LandingPage/customerGender' is clicked on

2017-12-04 13:22:29 - [TEST_STEP][PASSED] - setText: Text 'Home address' is set on object 'Object Repository/PrimoTours/Old Objects/Coco/PrimoT/Page_Primo Tours  Danmarks bedste c/input_customerAddress'

2017-12-04 13:22:29 - [MESSAGE][PASSED] - Text 'Home address' is set on object 'Object Repository/PrimoTours/Old Objects/Coco/PrimoT/Page_Primo Tours  Danmarks bedste c/input_customerAddress'

2017-12-04 13:22:29 - [TEST_STEP][PASSED] - setText: Text '6700' is set on object 'Object Repository/PrimoTours/Old Objects/Coco/PrimoT/Page_Primo Tours  Danmarks bedste c/input_customerPostcode'

2017-12-04 13:22:29 - [MESSAGE][PASSED] - Text '6700' is set on object 'Object Repository/PrimoTours/Old Objects/Coco/PrimoT/Page_Primo Tours  Danmarks bedste c/input_customerPostcode'

2017-12-04 13:22:29 - [TEST_STEP][PASSED] - setText: Text 'cornel.neacsu@roweb.ro' is set on object 'Object Repository/PrimoTours/Old Objects/Coco/PrimoT/Page_Primo Tours  Danmarks bedste c/input_customerEmail'

2017-12-04 13:22:30 - [MESSAGE][PASSED] - Text 'cornel.neacsu@roweb.ro' is set on object 'Object Repository/PrimoTours/Old Objects/Coco/PrimoT/Page_Primo Tours  Danmarks bedste c/input_customerEmail'

2017-12-04 13:22:30 - [TEST_STEP][PASSED] - setText: Text '12345678' is set on object 'Object Repository/PrimoTours/Old Objects/Coco/PrimoT/Page_Primo Tours  Danmarks bedste c/input_customerPhone'

2017-12-04 13:22:30 - [MESSAGE][PASSED] - Text '12345678' is set on object 'Object Repository/PrimoTours/Old Objects/Coco/PrimoT/Page_Primo Tours  Danmarks bedste c/input_customerPhone'

2017-12-04 13:22:30 - [TEST_STEP][PASSED] - waitForElementClickable: Object 'Object Repository/PrimoTours/Old Objects/Coco/PrimoT/Page_Primo Tours  Danmarks bedste c/input_firstname-0_1' is clickable

2017-12-04 13:22:32 - [MESSAGE][PASSED] - Object 'Object Repository/PrimoTours/Old Objects/Coco/PrimoT/Page_Primo Tours  Danmarks bedste c/input_firstname-0_1' is clickable

2017-12-04 13:22:32 - [TEST_STEP][PASSED] - Statement - driver = com.kms.katalon.core.webui.driver.DriverFactory.getWebDriver(): null

2017-12-04 13:22:32 - [TEST_STEP][PASSED] - Statement - roomContainerXpath = "id("roomAndStaticOptionsContainer")/div[@class="row"]/div[@class="col-md-12 roomContainer"]": null

2017-12-04 13:22:32 - [TEST_STEP][PASSED] - Statement - roomsCount = driver.findElements(org.openqa.selenium.By.xpath(roomContainerXpath)).size(): null

2017-12-04 13:22:32 - [TEST_STEP][PASSED] - Statement - println("roomsCount=" + roomsCount): null

2017-12-04 13:22:32 - [TEST_STEP][PASSED] - Statement - For ([i = 1, i <= roomsCount, (i++)]): Object: 'Object Repository/PrimoTours/LandingPage/secondPaxFirstNameField' is clicked on

2017-12-04 13:22:32 - [TEST_STEP][PASSED] - Statement - paxInRoomXpath = "id("passengersContainer_" + i - 1 + "")/div[@class="col-md-12"]/div[@class="row"]": null

2017-12-04 13:22:32 - [TEST_STEP][PASSED] - Statement - println("paxInRoomXpath=" + paxInRoomXpath): null

2017-12-04 13:22:32 - [TEST_STEP][PASSED] - Statement - paxInRoomCount = driver.findElements(org.openqa.selenium.By.xpath(paxInRoomXpath)).size(): null

2017-12-04 13:22:32 - [TEST_STEP][PASSED] - Statement - println("paxInRoomCount=" + paxInRoomCount): null

2017-12-04 13:22:32 - [TEST_STEP][PASSED] - Statement - For ([j = 1, j <= paxInRoomCount, (j++)]): Object: 'Object Repository/PrimoTours/LandingPage/secondPaxFirstNameField' is clicked on

2017-12-04 13:22:32 - [TEST_STEP][PASSED] - Statement - If (i == 1 & j == 1): null

2017-12-04 13:22:32 - [TEST_STEP][PASSED] - Statement - <not implemented yet for class: org.codehaus.groovy.ast.stmt.ContinueStatement>: null

2017-12-04 13:22:32 - [TEST_STEP][PASSED] - Statement - If (i == 1 & j == 1): null

2017-12-04 13:22:32 - [TEST_STEP][PASSED] - Statement - randomPaxIndex = java.lang.Math.abs(new java.util.Random().nextInt() % excelRowNo) + 1: null

2017-12-04 13:22:32 - [TEST_STEP][PASSED] - Statement - fname = rawData.getValue("FirstName", randomPaxIndex) + " AUT": null

2017-12-04 13:22:32 - [TEST_STEP][PASSED] - Statement - lname = rawData.getValue("LastName", randomPaxIndex): null

2017-12-04 13:22:32 - [TEST_STEP][PASSED] - Statement - pgender = rawData.getValue("Gender", randomPaxIndex): null

2017-12-04 13:22:32 - [TEST_STEP][PASSED] - Statement - pday = rawData.getValue("Day DOB", randomPaxIndex): null

2017-12-04 13:22:32 - [TEST_STEP][PASSED] - Statement - pmonth = rawData.getValue("Month DOB", randomPaxIndex): null

2017-12-04 13:22:32 - [TEST_STEP][PASSED] - Statement - pyear = rawData.getValue("Year DOB", randomPaxIndex): null

2017-12-04 13:22:32 - [TEST_STEP][PASSED] - Statement - paxDetailFields = paxInRoomXpath + "[" + j + "]/div[@class="col-md-x col-md-9"]/div[@class="row paxContainer"][1]/div[contains(@class,"paxAttribute")]": null

2017-12-04 13:22:32 - [TEST_STEP][PASSED] - Statement - xpathval = paxDetailFields + "[1]/div[contains(@class,"form-group")]/input[contains(@class,"paxFirstName")]": null

2017-12-04 13:22:32 - [TEST_STEP][PASSED] - Statement - println("fn: " + xpathval): null

2017-12-04 13:22:32 - [TEST_STEP][PASSED] - Statement - repObj = com.kms.katalon.core.testobject.ObjectRepository.findTestObject(Object Repository/PrimoTours/LandingPage/secondPaxFirstNameField): Finding Test Object with id 'Object Repository/PrimoTours/LandingPage/secondPaxFirstNameField'

2017-12-04 13:22:32 - [TEST_STEP][PASSED] - Statement - repObj.findProperty("xpath").setValue(xpathval): null

2017-12-04 13:22:32 - [TEST_STEP][PASSED] - setText: Text 'Carlson AUT' is set on object 'Object Repository/PrimoTours/LandingPage/secondPaxFirstNameField'

2017-12-04 13:22:32 - [MESSAGE][PASSED] - Text 'Carlson AUT' is set on object 'Object Repository/PrimoTours/LandingPage/secondPaxFirstNameField'

2017-12-04 13:22:32 - [TEST_STEP][PASSED] - Statement - xpathval = paxDetailFields + "[2]/div[contains(@class,"form-group")]/input[contains(@class,"paxLastName")]": null

2017-12-04 13:22:32 - [TEST_STEP][PASSED] - Statement - println("ln: " + xpathval): null

2017-12-04 13:22:32 - [TEST_STEP][PASSED] - Statement - repObj = com.kms.katalon.core.testobject.ObjectRepository.findTestObject(Object Repository/PrimoTours/LandingPage/secondPaxFirstNameField): Finding Test Object with id 'Object Repository/PrimoTours/LandingPage/secondPaxFirstNameField'

2017-12-04 13:22:32 - [TEST_STEP][PASSED] - Statement - repObj.findProperty("xpath").setValue(xpathval): null

2017-12-04 13:22:32 - [TEST_STEP][PASSED] - setText: Text 'Kathrine Grænge' is set on object 'Object Repository/PrimoTours/LandingPage/secondPaxFirstNameField'

2017-12-04 13:22:32 - [MESSAGE][PASSED] - Text 'Kathrine Grænge' is set on object 'Object Repository/PrimoTours/LandingPage/secondPaxFirstNameField'

2017-12-04 13:22:32 - [TEST_STEP][PASSED] - Statement - repObj = com.kms.katalon.core.testobject.ObjectRepository.findTestObject(Object Repository/PrimoTours/LandingPage/secondPaxFirstNameField): Finding Test Object with id 'Object Repository/PrimoTours/LandingPage/secondPaxFirstNameField'

2017-12-04 13:22:32 - [TEST_STEP][PASSED] - Statement - xpathval = paxDetailFields + "[3]/div[contains(@class,"paxGenderSelectorContainer")]/span[contains(@class,"select2 select2-container")]/span[contains(@class,"selection")]/span[contains(@class,"select2-selection")]": null

2017-12-04 13:22:32 - [TEST_STEP][PASSED] - Statement - println("gender: " + xpathval): null

2017-12-04 13:22:32 - [TEST_STEP][PASSED] - Statement - repObj.findProperty("xpath").setValue(xpathval): null

2017-12-04 13:22:32 - [TEST_STEP][PASSED] - click: Object: 'Object Repository/PrimoTours/LandingPage/secondPaxFirstNameField' is clicked on

2017-12-04 13:22:32 - [MESSAGE][PASSED] - Object: 'Object Repository/PrimoTours/LandingPage/secondPaxFirstNameField' is clicked on

2017-12-04 13:22:32 - [TEST_STEP][PASSED] - Statement - If (i == 1 & j == 1): null

2017-12-04 13:22:32 - [TEST_STEP][PASSED] - Statement - randomPaxIndex = java.lang.Math.abs(new java.util.Random().nextInt() % excelRowNo) + 1: null

2017-12-04 13:22:32 - [TEST_STEP][PASSED] - Statement - fname = rawData.getValue("FirstName", randomPaxIndex) + " AUT": null

2017-12-04 13:22:32 - [TEST_STEP][PASSED] - Statement - lname = rawData.getValue("LastName", randomPaxIndex): null

2017-12-04 13:22:32 - [TEST_STEP][PASSED] - Statement - pgender = rawData.getValue("Gender", randomPaxIndex): null

2017-12-04 13:22:32 - [TEST_STEP][PASSED] - Statement - pday = rawData.getValue("Day DOB", randomPaxIndex): null

2017-12-04 13:22:32 - [TEST_STEP][PASSED] - Statement - pmonth = rawData.getValue("Month DOB", randomPaxIndex): null

2017-12-04 13:22:32 - [TEST_STEP][PASSED] - Statement - pyear = rawData.getValue("Year DOB", randomPaxIndex): null

2017-12-04 13:22:32 - [TEST_STEP][PASSED] - Statement - paxDetailFields = paxInRoomXpath + "[" + j + "]/div[@class="col-md-x col-md-9"]/div[@class="row paxContainer"][1]/div[contains(@class,"paxAttribute")]": null

2017-12-04 13:22:32 - [TEST_STEP][PASSED] - Statement - xpathval = paxDetailFields + "[1]/div[contains(@class,"form-group")]/input[contains(@class,"paxFirstName")]": null

2017-12-04 13:22:32 - [TEST_STEP][PASSED] - Statement - println("fn: " + xpathval): null

2017-12-04 13:22:32 - [TEST_STEP][PASSED] - Statement - repObj = com.kms.katalon.core.testobject.ObjectRepository.findTestObject(Object Repository/PrimoTours/LandingPage/secondPaxFirstNameField): Finding Test Object with id 'Object Repository/PrimoTours/LandingPage/secondPaxFirstNameField'

2017-12-04 13:22:32 - [TEST_STEP][PASSED] - Statement - repObj.findProperty("xpath").setValue(xpathval): null

2017-12-04 13:22:32 - [TEST_STEP][PASSED] - setText: Text 'Gydahl Methling AUT' is set on object 'Object Repository/PrimoTours/LandingPage/secondPaxFirstNameField'

2017-12-04 13:22:32 - [MESSAGE][PASSED] - Text 'Gydahl Methling AUT' is set on object 'Object Repository/PrimoTours/LandingPage/secondPaxFirstNameField'

2017-12-04 13:22:32 - [TEST_STEP][PASSED] - Statement - xpathval = paxDetailFields + "[2]/div[contains(@class,"form-group")]/input[contains(@class,"paxLastName")]": null

2017-12-04 13:22:32 - [TEST_STEP][PASSED] - Statement - println("ln: " + xpathval): null

2017-12-04 13:22:32 - [TEST_STEP][PASSED] - Statement - repObj = com.kms.katalon.core.testobject.ObjectRepository.findTestObject(Object Repository/PrimoTours/LandingPage/secondPaxFirstNameField): Finding Test Object with id 'Object Repository/PrimoTours/LandingPage/secondPaxFirstNameField'

2017-12-04 13:22:32 - [TEST_STEP][PASSED] - Statement - repObj.findProperty("xpath").setValue(xpathval): null

2017-12-04 13:22:32 - [TEST_STEP][PASSED] - setText: Text 'Sofia Lucca' is set on object 'Object Repository/PrimoTours/LandingPage/secondPaxFirstNameField'

2017-12-04 13:22:33 - [MESSAGE][PASSED] - Text 'Sofia Lucca' is set on object 'Object Repository/PrimoTours/LandingPage/secondPaxFirstNameField'

2017-12-04 13:22:33 - [TEST_STEP][PASSED] - Statement - repObj = com.kms.katalon.core.testobject.ObjectRepository.findTestObject(Object Repository/PrimoTours/LandingPage/secondPaxFirstNameField): Finding Test Object with id 'Object Repository/PrimoTours/LandingPage/secondPaxFirstNameField'

2017-12-04 13:22:33 - [TEST_STEP][PASSED] - Statement - xpathval = paxDetailFields + "[3]/div[contains(@class,"paxGenderSelectorContainer")]/span[contains(@class,"select2 select2-container")]/span[contains(@class,"selection")]/span[contains(@class,"select2-selection")]": null

2017-12-04 13:22:33 - [TEST_STEP][PASSED] - Statement - println("gender: " + xpathval): null

2017-12-04 13:22:33 - [TEST_STEP][PASSED] - Statement - repObj.findProperty("xpath").setValue(xpathval): null

2017-12-04 13:22:33 - [TEST_STEP][PASSED] - click: Unable to click on object 'Object Repository/PrimoTours/LandingPage/secondPaxFirstNameField' (Root cause: org.openqa.selenium.WebDriverException: unknown error: Element <span class="select2-selection select2-selection--single" role="combobox" aria-haspopup="true" aria-expanded="false" tabindex="0" aria-labelledby="select2-gender-0_2-mt-container">...</span> is not clickable at point (1168, 747). Other element would receive the click: <li class="select2-results__option" id="select2-gender-0_1-lh-result-4q39-MS" role="treeitem" aria-selected="false">...</li>
  (Session info: chrome=62.0.3202.94)
  (Driver info: chromedriver=2.33.506120 (e3e53437346286c0bc2d2dc9aa4915ba81d9023f),platform=Windows NT 6.3.9600 x86_64) (WARNING: The server did not provide any stacktrace information)
Command duration or timeout: 0 milliseconds
Build info: version: '3.7.1', revision: '8a0099a', time: '2017-11-06T21:07:36.161Z'
System info: host: 'NEACSUNEW-PC', ip: '10.10.10.211', os.name: 'Windows 8.1', os.arch: 'amd64', os.version: '6.3', java.version: '1.8.0_102'
Driver info: com.kms.katalon.selenium.driver.CChromeDriver
Capabilities {acceptSslCerts: true, applicationCacheEnabled: false, browserConnectionEnabled: false, browserName: chrome, chrome: {chromedriverVersion: 2.33.506120 (e3e53437346286..., userDataDir: C:\Users\Cornel\AppData\Loc...}, cssSelectorsEnabled: true, databaseEnabled: false, handlesAlerts: true, hasTouchScreen: false, javascriptEnabled: true, locationContextEnabled: true, mobileEmulationEnabled: false, nativeEvents: true, networkConnectionEnabled: false, pageLoadStrategy: normal, platform: XP, platformName: XP, rotatable: false, setWindowRect: true, takesHeapSnapshot: true, takesScreenshot: true, unexpectedAlertBehaviour: , unhandledPromptBehavior: , version: 62.0.3202.94, webStorageEnabled: true}
Session ID: 4d692a2704eb52a88878c91c1402d754)

2017-12-04 13:22:33 - [MESSAGE][WARNING] - Unable to click on object 'Object Repository/PrimoTours/LandingPage/secondPaxFirstNameField' (Root cause: org.openqa.selenium.WebDriverException: unknown error: Element <span class="select2-selection select2-selection--single" role="combobox" aria-haspopup="true" aria-expanded="false" tabindex="0" aria-labelledby="select2-gender-0_2-mt-container">...</span> is not clickable at point (1168, 747). Other element would receive the click: <li class="select2-results__option" id="select2-gender-0_1-lh-result-4q39-MS" role="treeitem" aria-selected="false">...</li>
  (Session info: chrome=62.0.3202.94)
  (Driver info: chromedriver=2.33.506120 (e3e53437346286c0bc2d2dc9aa4915ba81d9023f),platform=Windows NT 6.3.9600 x86_64) (WARNING: The server did not provide any stacktrace information)
Command duration or timeout: 0 milliseconds
Build info: version: '3.7.1', revision: '8a0099a', time: '2017-11-06T21:07:36.161Z'
System info: host: 'NEACSUNEW-PC', ip: '10.10.10.211', os.name: 'Windows 8.1', os.arch: 'amd64', os.version: '6.3', java.version: '1.8.0_102'
Driver info: com.kms.katalon.selenium.driver.CChromeDriver
Capabilities {acceptSslCerts: true, applicationCacheEnabled: false, browserConnectionEnabled: false, browserName: chrome, chrome: {chromedriverVersion: 2.33.506120 (e3e53437346286..., userDataDir: C:\Users\Cornel\AppData\Loc...}, cssSelectorsEnabled: true, databaseEnabled: false, handlesAlerts: true, hasTouchScreen: false, javascriptEnabled: true, locationContextEnabled: true, mobileEmulationEnabled: false, nativeEvents: true, networkConnectionEnabled: false, pageLoadStrategy: normal, platform: XP, platformName: XP, rotatable: false, setWindowRect: true, takesHeapSnapshot: true, takesScreenshot: true, unexpectedAlertBehaviour: , unhandledPromptBehavior: , version: 62.0.3202.94, webStorageEnabled: true}
Session ID: 4d692a2704eb52a88878c91c1402d754)
[[ATTACHMENT|D:\\Software testing\\Tourpaq\\Automated Katalon tests\\Primo WB test\\Reports\\WB Primo From Excel URLs\\20171204_131551\\1512386553303.png]]

2017-12-04 13:22:33 - [TEST_STEP][PASSED] - Statement - If (i == 1 & j == 1): null

2017-12-04 13:22:33 - [TEST_STEP][PASSED] - Statement - randomPaxIndex = java.lang.Math.abs(new java.util.Random().nextInt() % excelRowNo) + 1: null

2017-12-04 13:22:33 - [TEST_STEP][PASSED] - Statement - fname = rawData.getValue("FirstName", randomPaxIndex) + " AUT": null

2017-12-04 13:22:33 - [TEST_STEP][PASSED] - Statement - lname = rawData.getValue("LastName", randomPaxIndex): null

2017-12-04 13:22:33 - [TEST_STEP][PASSED] - Statement - pgender = rawData.getValue("Gender", randomPaxIndex): null

2017-12-04 13:22:33 - [TEST_STEP][PASSED] - Statement - pday = rawData.getValue("Day DOB", randomPaxIndex): null

2017-12-04 13:22:33 - [TEST_STEP][PASSED] - Statement - pmonth = rawData.getValue("Month DOB", randomPaxIndex): null

2017-12-04 13:22:33 - [TEST_STEP][PASSED] - Statement - pyear = rawData.getValue("Year DOB", randomPaxIndex): null

2017-12-04 13:22:33 - [TEST_STEP][PASSED] - Statement - paxDetailFields = paxInRoomXpath + "[" + j + "]/div[@class="col-md-x col-md-9"]/div[@class="row paxContainer"][1]/div[contains(@class,"paxAttribute")]": null

2017-12-04 13:22:33 - [TEST_STEP][PASSED] - Statement - xpathval = paxDetailFields + "[1]/div[contains(@class,"form-group")]/input[contains(@class,"paxFirstName")]": null

2017-12-04 13:22:33 - [TEST_STEP][PASSED] - Statement - println("fn: " + xpathval): null

2017-12-04 13:22:33 - [TEST_STEP][PASSED] - Statement - repObj = com.kms.katalon.core.testobject.ObjectRepository.findTestObject(Object Repository/PrimoTours/LandingPage/secondPaxFirstNameField): Finding Test Object with id 'Object Repository/PrimoTours/LandingPage/secondPaxFirstNameField'

2017-12-04 13:22:33 - [TEST_STEP][PASSED] - Statement - repObj.findProperty("xpath").setValue(xpathval): null

2017-12-04 13:22:33 - [TEST_STEP][PASSED] - setText: Text 'Oldenstedt-Larsen AUT' is set on object 'Object Repository/PrimoTours/LandingPage/secondPaxFirstNameField'

2017-12-04 13:22:34 - [MESSAGE][PASSED] - Text 'Oldenstedt-Larsen AUT' is set on object 'Object Repository/PrimoTours/LandingPage/secondPaxFirstNameField'

2017-12-04 13:22:34 - [TEST_STEP][PASSED] - Statement - xpathval = paxDetailFields + "[2]/div[contains(@class,"form-group")]/input[contains(@class,"paxLastName")]": null

2017-12-04 13:22:34 - [TEST_STEP][PASSED] - Statement - println("ln: " + xpathval): null

2017-12-04 13:22:34 - [TEST_STEP][PASSED] - Statement - repObj = com.kms.katalon.core.testobject.ObjectRepository.findTestObject(Object Repository/PrimoTours/LandingPage/secondPaxFirstNameField): Finding Test Object with id 'Object Repository/PrimoTours/LandingPage/secondPaxFirstNameField'

2017-12-04 13:22:34 - [TEST_STEP][PASSED] - Statement - repObj.findProperty("xpath").setValue(xpathval): null

2017-12-04 13:22:34 - [TEST_STEP][PASSED] - setText: Text 'Stig' is set on object 'Object Repository/PrimoTours/LandingPage/secondPaxFirstNameField'

2017-12-04 13:22:34 - [MESSAGE][PASSED] - Text 'Stig' is set on object 'Object Repository/PrimoTours/LandingPage/secondPaxFirstNameField'

2017-12-04 13:22:34 - [TEST_STEP][PASSED] - Statement - repObj = com.kms.katalon.core.testobject.ObjectRepository.findTestObject(Object Repository/PrimoTours/LandingPage/secondPaxFirstNameField): Finding Test Object with id 'Object Repository/PrimoTours/LandingPage/secondPaxFirstNameField'

2017-12-04 13:22:34 - [TEST_STEP][PASSED] - Statement - xpathval = paxDetailFields + "[3]/div[contains(@class,"paxGenderSelectorContainer")]/span[contains(@class,"select2 select2-container")]/span[contains(@class,"selection")]/span[contains(@class,"select2-selection")]": null

2017-12-04 13:22:34 - [TEST_STEP][PASSED] - Statement - println("gender: " + xpathval): null

2017-12-04 13:22:34 - [TEST_STEP][PASSED] - Statement - repObj.findProperty("xpath").setValue(xpathval): null

2017-12-04 13:22:34 - [TEST_STEP][PASSED] - click: Object: 'Object Repository/PrimoTours/LandingPage/secondPaxFirstNameField' is clicked on

2017-12-04 13:22:34 - [MESSAGE][PASSED] - Object: 'Object Repository/PrimoTours/LandingPage/secondPaxFirstNameField' is clicked on

2017-12-04 13:22:34 - [TEST_STEP][PASSED] - scrollToElement: Scroll to object 'Object Repository/PrimoTours/Old Objects/Coco (1)/PrimoT/SaveBooking2/Success/bookingTotalValue' successfully

2017-12-04 13:22:34 - [MESSAGE][PASSED] - Scroll to object 'Object Repository/PrimoTours/Old Objects/Coco (1)/PrimoT/SaveBooking2/Success/bookingTotalValue' successfully

2017-12-04 13:22:34 - [TEST_STEP][PASSED] - click: Object: 'Object Repository/PrimoTours/Old Objects/Coco (1)/PrimoT/SaveBooking2/Success/bookingTotalValue' is clicked on

2017-12-04 13:22:34 - [MESSAGE][PASSED] - Object: 'Object Repository/PrimoTours/Old Objects/Coco (1)/PrimoT/SaveBooking2/Success/bookingTotalValue' is clicked on

2017-12-04 13:22:34 - [TEST_STEP][PASSED] - scrollToElement: Scroll to object 'Object Repository/PrimoTours/Old Objects/Coco (1)/PrimoT/SaveBooking2/Success/Page_Primo Tours  Danmarks bedste c/nextButtonOnLandingPage' successfully

2017-12-04 13:22:34 - [MESSAGE][PASSED] - Scroll to object 'Object Repository/PrimoTours/Old Objects/Coco (1)/PrimoT/SaveBooking2/Success/Page_Primo Tours  Danmarks bedste c/nextButtonOnLandingPage' successfully

2017-12-04 13:22:34 - [TEST_STEP][PASSED] - waitForElementClickable: Object 'Object Repository/PrimoTours/Old Objects/Coco (1)/PrimoT/SaveBooking2/Success/Page_Primo Tours  Danmarks bedste c/nextButtonOnLandingPage' is clickable

2017-12-04 13:22:34 - [MESSAGE][PASSED] - Object 'Object Repository/PrimoTours/Old Objects/Coco (1)/PrimoT/SaveBooking2/Success/Page_Primo Tours  Danmarks bedste c/nextButtonOnLandingPage' is clickable

2017-12-04 13:22:34 - [TEST_STEP][PASSED] - waitForElementVisible: Object 'Object Repository/PrimoTours/Old Objects/Coco (1)/PrimoT/SaveBooking2/Success/Page_Primo Tours  Danmarks bedste c/nextButtonOnLandingPage' is visible

2017-12-04 13:22:34 - [MESSAGE][PASSED] - Object 'Object Repository/PrimoTours/Old Objects/Coco (1)/PrimoT/SaveBooking2/Success/Page_Primo Tours  Danmarks bedste c/nextButtonOnLandingPage' is visible

2017-12-04 13:22:34 - [TEST_STEP][PASSED] - scrollToElement: Scroll to object 'Object Repository/PrimoTours/Old Objects/Coco (1)/PrimoT/SaveBooking2/Success/Page_Primo Tours  Danmarks bedste c/nextButtonOnLandingPage' successfully

2017-12-04 13:22:34 - [MESSAGE][PASSED] - Scroll to object 'Object Repository/PrimoTours/Old Objects/Coco (1)/PrimoT/SaveBooking2/Success/Page_Primo Tours  Danmarks bedste c/nextButtonOnLandingPage' successfully

2017-12-04 13:22:34 - [TEST_STEP][PASSED] - click: Object: 'Object Repository/PrimoTours/Old Objects/Coco (1)/PrimoT/SaveBooking2/Success/Page_Primo Tours  Danmarks bedste c/nextButtonOnLandingPage' is clicked on

2017-12-04 13:22:34 - [MESSAGE][PASSED] - Object: 'Object Repository/PrimoTours/Old Objects/Coco (1)/PrimoT/SaveBooking2/Success/Page_Primo Tours  Danmarks bedste c/nextButtonOnLandingPage' is clicked on

2017-12-04 13:22:34 - [TEST_STEP][PASSED] - delay: Delayed 3 second(s)

2017-12-04 13:22:37 - [MESSAGE][PASSED] - Delayed 3 second(s)

2017-12-04 13:22:37 - [TEST_STEP][PASSED] - waitForElementNotVisible: Object 'Object Repository/PrimoTours/Old Objects/CCenter/pageLoaderOverlayLayer' is NOT visible

2017-12-04 13:22:37 - [MESSAGE][PASSED] - Object 'Object Repository/PrimoTours/Old Objects/CCenter/pageLoaderOverlayLayer' is NOT visible

2017-12-04 13:22:37 - [TEST_STEP][PASSED] - scrollToElement: Scroll to object 'Object Repository/PrimoTours/Old Objects/Coco/PrimoT/Ins2/Page_Primo Tours  Danmarks bedste c/travelInsuranceFirstPaxSelector' successfully

2017-12-04 13:22:37 - [MESSAGE][PASSED] - Scroll to object 'Object Repository/PrimoTours/Old Objects/Coco/PrimoT/Ins2/Page_Primo Tours  Danmarks bedste c/travelInsuranceFirstPaxSelector' successfully

2017-12-04 13:22:37 - [TEST_STEP][PASSED] - waitForElementPresent: Object 'Object Repository/PrimoTours/Old Objects/Coco/PrimoT/Ins2/Page_Primo Tours  Danmarks bedste c/travelInsuranceFirstPaxSelector' is present

2017-12-04 13:22:37 - [MESSAGE][PASSED] - Object 'Object Repository/PrimoTours/Old Objects/Coco/PrimoT/Ins2/Page_Primo Tours  Danmarks bedste c/travelInsuranceFirstPaxSelector' is present

2017-12-04 13:22:37 - [TEST_STEP][PASSED] - waitForElementVisible: Object 'Object Repository/PrimoTours/Old Objects/Coco/PrimoT/Ins2/Page_Primo Tours  Danmarks bedste c/travelInsuranceFirstPaxSelector' is visible

2017-12-04 13:22:37 - [MESSAGE][PASSED] - Object 'Object Repository/PrimoTours/Old Objects/Coco/PrimoT/Ins2/Page_Primo Tours  Danmarks bedste c/travelInsuranceFirstPaxSelector' is visible

2017-12-04 13:22:37 - [TEST_STEP][PASSED] - waitForElementClickable: Object 'Object Repository/PrimoTours/Old Objects/Coco/PrimoT/Ins2/Page_Primo Tours  Danmarks bedste c/travelInsuranceFirstPaxSelector' is clickable

2017-12-04 13:22:37 - [MESSAGE][PASSED] - Object 'Object Repository/PrimoTours/Old Objects/Coco/PrimoT/Ins2/Page_Primo Tours  Danmarks bedste c/travelInsuranceFirstPaxSelector' is clickable

2017-12-04 13:22:37 - [TEST_STEP][PASSED] - click: Object: 'Object Repository/PrimoTours/Old Objects/Coco/PrimoT/Ins2/Page_Primo Tours  Danmarks bedste c/travelInsuranceFirstPaxSelector' is clicked on

2017-12-04 13:22:37 - [MESSAGE][PASSED] - Object: 'Object Repository/PrimoTours/Old Objects/Coco/PrimoT/Ins2/Page_Primo Tours  Danmarks bedste c/travelInsuranceFirstPaxSelector' is clicked on

2017-12-04 13:22:37 - [TEST_STEP][PASSED] - Statement - Try: Object: 'Object Repository/PrimoTours/Old Objects/Coco/PrimoT/Ins2/Page_Primo Tours  Danmarks bedste c/firstTravelInsuranceOption' is clicked on

2017-12-04 13:22:37 - [TEST_STEP][PASSED] - click: Object: 'Object Repository/PrimoTours/Old Objects/Coco/PrimoT/Ins2/Page_Primo Tours  Danmarks bedste c/firstTravelInsuranceOption' is clicked on

2017-12-04 13:22:38 - [MESSAGE][PASSED] - Object: 'Object Repository/PrimoTours/Old Objects/Coco/PrimoT/Ins2/Page_Primo Tours  Danmarks bedste c/firstTravelInsuranceOption' is clicked on

2017-12-04 13:22:38 - [TEST_STEP][NOT_RUN] - click: NOT_RUN: click

2017-12-04 13:22:38 - [MESSAGE][NOT_RUN] - NOT_RUN: click

2017-12-04 13:22:38 - [TEST_STEP][NOT_RUN] - scrollToElement: NOT_RUN: scrollToElement

2017-12-04 13:22:38 - [MESSAGE][NOT_RUN] - NOT_RUN: scrollToElement

2017-12-04 13:22:38 - [TEST_STEP][NOT_RUN] - click: NOT_RUN: click

2017-12-04 13:22:38 - [MESSAGE][NOT_RUN] - NOT_RUN: click

2017-12-04 13:22:38 - [TEST_STEP][PASSED] - waitForElementVisible: Object 'Object Repository/PrimoTours/Old Objects/Coco (1)/PrimoT/SaveBooking2/Page_Primo Tours  Danmarks bedste c/individualInsuranceCheckbox' is visible

2017-12-04 13:22:38 - [MESSAGE][PASSED] - Object 'Object Repository/PrimoTours/Old Objects/Coco (1)/PrimoT/SaveBooking2/Page_Primo Tours  Danmarks bedste c/individualInsuranceCheckbox' is visible

2017-12-04 13:22:38 - [TEST_STEP][PASSED] - scrollToElement: Scroll to object 'Object Repository/PrimoTours/Old Objects/Coco (1)/PrimoT/SaveBooking2/Page_Primo Tours  Danmarks bedste c/individualInsuranceCheckbox' successfully

2017-12-04 13:22:38 - [MESSAGE][PASSED] - Scroll to object 'Object Repository/PrimoTours/Old Objects/Coco (1)/PrimoT/SaveBooking2/Page_Primo Tours  Danmarks bedste c/individualInsuranceCheckbox' successfully

2017-12-04 13:22:38 - [TEST_STEP][PASSED] - click: Object: 'Object Repository/PrimoTours/Old Objects/Coco (1)/PrimoT/SaveBooking2/Page_Primo Tours  Danmarks bedste c/individualInsuranceCheckbox' is clicked on

2017-12-04 13:22:38 - [MESSAGE][PASSED] - Object: 'Object Repository/PrimoTours/Old Objects/Coco (1)/PrimoT/SaveBooking2/Page_Primo Tours  Danmarks bedste c/individualInsuranceCheckbox' is clicked on

2017-12-04 13:22:38 - [TEST_STEP][PASSED] - scrollToElement: Scroll to object 'Object Repository/PrimoTours/Old Objects/Coco (1)/PrimoT/SaveBooking2/Success/firstProdCategIndividualSelectionRadioB' successfully

2017-12-04 13:22:38 - [MESSAGE][PASSED] - Scroll to object 'Object Repository/PrimoTours/Old Objects/Coco (1)/PrimoT/SaveBooking2/Success/firstProdCategIndividualSelectionRadioB' successfully

2017-12-04 13:22:38 - [TEST_STEP][PASSED] - waitForElementClickable: Object 'Object Repository/PrimoTours/Old Objects/Coco (1)/PrimoT/SaveBooking2/Success/firstProdCategIndividualSelectionRadioB' is clickable

2017-12-04 13:22:38 - [MESSAGE][PASSED] - Object 'Object Repository/PrimoTours/Old Objects/Coco (1)/PrimoT/SaveBooking2/Success/firstProdCategIndividualSelectionRadioB' is clickable

2017-12-04 13:22:38 - [TEST_STEP][PASSED] - scrollToElement: Scroll to object 'Object Repository/PrimoTours/Old Objects/Coco (1)/PrimoT/SaveBooking2/Success/firstProdCategIndividualSelectionRadioB' successfully

2017-12-04 13:22:38 - [MESSAGE][PASSED] - Scroll to object 'Object Repository/PrimoTours/Old Objects/Coco (1)/PrimoT/SaveBooking2/Success/firstProdCategIndividualSelectionRadioB' successfully

2017-12-04 13:22:38 - [TEST_STEP][PASSED] - click: Object: 'Object Repository/PrimoTours/Old Objects/Coco (1)/PrimoT/SaveBooking2/Success/firstProdCategIndividualSelectionRadioB' is clicked on

2017-12-04 13:22:38 - [MESSAGE][PASSED] - Object: 'Object Repository/PrimoTours/Old Objects/Coco (1)/PrimoT/SaveBooking2/Success/firstProdCategIndividualSelectionRadioB' is clicked on

2017-12-04 13:22:38 - [TEST_STEP][PASSED] - scrollToElement: Scroll to object 'Object Repository/PrimoTours/Old Objects/Coco (1)/PrimoT/SaveBooking2/Success/firstProdCategSelectForAllPaxCheckbox' successfully

2017-12-04 13:22:38 - [MESSAGE][PASSED] - Scroll to object 'Object Repository/PrimoTours/Old Objects/Coco (1)/PrimoT/SaveBooking2/Success/firstProdCategSelectForAllPaxCheckbox' successfully

2017-12-04 13:22:38 - [TEST_STEP][PASSED] - waitForElementClickable: Object 'Object Repository/PrimoTours/Old Objects/Coco (1)/PrimoT/SaveBooking2/Success/firstProdCategSelectForAllPaxCheckbox' is clickable

2017-12-04 13:22:38 - [MESSAGE][PASSED] - Object 'Object Repository/PrimoTours/Old Objects/Coco (1)/PrimoT/SaveBooking2/Success/firstProdCategSelectForAllPaxCheckbox' is clickable

2017-12-04 13:22:38 - [TEST_STEP][PASSED] - click: Object: 'Object Repository/PrimoTours/Old Objects/Coco (1)/PrimoT/SaveBooking2/Success/firstProdCategSelectForAllPaxCheckbox' is clicked on

2017-12-04 13:22:38 - [MESSAGE][PASSED] - Object: 'Object Repository/PrimoTours/Old Objects/Coco (1)/PrimoT/SaveBooking2/Success/firstProdCategSelectForAllPaxCheckbox' is clicked on

2017-12-04 13:22:38 - [TEST_STEP][NOT_RUN] - scrollToElement: NOT_RUN: scrollToElement

2017-12-04 13:22:38 - [MESSAGE][NOT_RUN] - NOT_RUN: scrollToElement

2017-12-04 13:22:38 - [TEST_STEP][NOT_RUN] - scrollToElement: NOT_RUN: scrollToElement

2017-12-04 13:22:38 - [MESSAGE][NOT_RUN] - NOT_RUN: scrollToElement

2017-12-04 13:22:38 - [TEST_STEP][NOT_RUN] - click: NOT_RUN: click

2017-12-04 13:22:38 - [MESSAGE][NOT_RUN] - NOT_RUN: click

2017-12-04 13:22:38 - [TEST_STEP][PASSED] - scrollToElement: Scroll to object 'Object Repository/PrimoTours/ConfirmationPage/agreeTermsAndCondCheckbox' successfully

2017-12-04 13:22:39 - [MESSAGE][PASSED] - Scroll to object 'Object Repository/PrimoTours/ConfirmationPage/agreeTermsAndCondCheckbox' successfully

2017-12-04 13:22:39 - [TEST_STEP][PASSED] - waitForElementClickable: Object 'Object Repository/PrimoTours/ConfirmationPage/agreeTermsAndCondCheckbox' is clickable

2017-12-04 13:22:39 - [MESSAGE][PASSED] - Object 'Object Repository/PrimoTours/ConfirmationPage/agreeTermsAndCondCheckbox' is clickable

2017-12-04 13:22:39 - [TEST_STEP][PASSED] - click: Object: 'Object Repository/PrimoTours/ConfirmationPage/agreeTermsAndCondCheckbox' is clicked on

2017-12-04 13:22:39 - [MESSAGE][PASSED] - Object: 'Object Repository/PrimoTours/ConfirmationPage/agreeTermsAndCondCheckbox' is clicked on

2017-12-04 13:22:39 - [TEST_STEP][PASSED] - scrollToElement: Scroll to object 'Object Repository/PrimoTours/ConfirmationPage/placeBookingButton' successfully

2017-12-04 13:22:39 - [MESSAGE][PASSED] - Scroll to object 'Object Repository/PrimoTours/ConfirmationPage/placeBookingButton' successfully

2017-12-04 13:22:39 - [TEST_STEP][PASSED] - delay: Delayed 1 second(s)

2017-12-04 13:22:40 - [MESSAGE][PASSED] - Delayed 1 second(s)

2017-12-04 13:22:40 - [TEST_STEP][PASSED] - waitForElementClickable: Object 'Object Repository/PrimoTours/ConfirmationPage/placeBookingButton' is clickable

2017-12-04 13:22:40 - [MESSAGE][PASSED] - Object 'Object Repository/PrimoTours/ConfirmationPage/placeBookingButton' is clickable

2017-12-04 13:22:40 - [TEST_STEP][PASSED] - Statement - Try: Object: 'Object Repository/PrimoTours/ConfirmationPage/placeBookingButton' is clicked on

2017-12-04 13:22:40 - [TEST_STEP][PASSED] - click: Object: 'Object Repository/PrimoTours/ConfirmationPage/placeBookingButton' is clicked on

2017-12-04 13:22:40 - [MESSAGE][PASSED] - Object: 'Object Repository/PrimoTours/ConfirmationPage/placeBookingButton' is clicked on

2017-12-04 13:22:40 - [TEST_STEP][PASSED] - delay: Delayed 2 second(s)

2017-12-04 13:22:42 - [MESSAGE][PASSED] - Delayed 2 second(s)

2017-12-04 13:22:42 - [TEST_STEP][PASSED] - waitForPageLoad: Wait for page load successfully

2017-12-04 13:22:42 - [MESSAGE][PASSED] - Wait for page load successfully

2017-12-04 13:22:42 - [TEST_STEP][PASSED] - waitForJQueryLoad: jQuery is ready.

2017-12-04 13:22:44 - [MESSAGE][PASSED] - jQuery is ready.

2017-12-04 13:22:44 - [TEST_STEP][PASSED] - waitForElementPresent: Object 'Object Repository/PrimoTours/Old Objects/CCenter/pageLoaderOverlayLayer' is present

2017-12-04 13:22:44 - [MESSAGE][PASSED] - Object 'Object Repository/PrimoTours/Old Objects/CCenter/pageLoaderOverlayLayer' is present

2017-12-04 13:22:44 - [TEST_STEP][PASSED] - waitForElementNotVisible: Unable to wait for object 'Object Repository/PrimoTours/Old Objects/CCenter/pageLoaderOverlayLayer' to be NOT visible (Root cause: org.openqa.selenium.StaleElementReferenceException: stale element reference: element is not attached to the page document
  (Session info: chrome=62.0.3202.94)
  (Driver info: chromedriver=2.33.506120 (e3e53437346286c0bc2d2dc9aa4915ba81d9023f),platform=Windows NT 6.3.9600 x86_64) (WARNING: The server did not provide any stacktrace information)
Command duration or timeout: 0 milliseconds
For documentation on this error, please visit: http://seleniumhq.org/exceptions/stale_element_reference.html
Build info: version: '3.7.1', revision: '8a0099a', time: '2017-11-06T21:07:36.161Z'
System info: host: 'NEACSUNEW-PC', ip: '10.10.10.211', os.name: 'Windows 8.1', os.arch: 'amd64', os.version: '6.3', java.version: '1.8.0_102'
Driver info: com.kms.katalon.selenium.driver.CChromeDriver
Capabilities {acceptSslCerts: true, applicationCacheEnabled: false, browserConnectionEnabled: false, browserName: chrome, chrome: {chromedriverVersion: 2.33.506120 (e3e53437346286..., userDataDir: C:\Users\Cornel\AppData\Loc...}, cssSelectorsEnabled: true, databaseEnabled: false, handlesAlerts: true, hasTouchScreen: false, javascriptEnabled: true, locationContextEnabled: true, mobileEmulationEnabled: false, nativeEvents: true, networkConnectionEnabled: false, pageLoadStrategy: normal, platform: XP, platformName: XP, rotatable: false, setWindowRect: true, takesHeapSnapshot: true, takesScreenshot: true, unexpectedAlertBehaviour: , unhandledPromptBehavior: , version: 62.0.3202.94, webStorageEnabled: true}
Session ID: 4d692a2704eb52a88878c91c1402d754)

2017-12-04 13:22:45 - [MESSAGE][WARNING] - Unable to wait for object 'Object Repository/PrimoTours/Old Objects/CCenter/pageLoaderOverlayLayer' to be NOT visible (Root cause: org.openqa.selenium.StaleElementReferenceException: stale element reference: element is not attached to the page document
  (Session info: chrome=62.0.3202.94)
  (Driver info: chromedriver=2.33.506120 (e3e53437346286c0bc2d2dc9aa4915ba81d9023f),platform=Windows NT 6.3.9600 x86_64) (WARNING: The server did not provide any stacktrace information)
Command duration or timeout: 0 milliseconds
For documentation on this error, please visit: http://seleniumhq.org/exceptions/stale_element_reference.html
Build info: version: '3.7.1', revision: '8a0099a', time: '2017-11-06T21:07:36.161Z'
System info: host: 'NEACSUNEW-PC', ip: '10.10.10.211', os.name: 'Windows 8.1', os.arch: 'amd64', os.version: '6.3', java.version: '1.8.0_102'
Driver info: com.kms.katalon.selenium.driver.CChromeDriver
Capabilities {acceptSslCerts: true, applicationCacheEnabled: false, browserConnectionEnabled: false, browserName: chrome, chrome: {chromedriverVersion: 2.33.506120 (e3e53437346286..., userDataDir: C:\Users\Cornel\AppData\Loc...}, cssSelectorsEnabled: true, databaseEnabled: false, handlesAlerts: true, hasTouchScreen: false, javascriptEnabled: true, locationContextEnabled: true, mobileEmulationEnabled: false, nativeEvents: true, networkConnectionEnabled: false, pageLoadStrategy: normal, platform: XP, platformName: XP, rotatable: false, setWindowRect: true, takesHeapSnapshot: true, takesScreenshot: true, unexpectedAlertBehaviour: , unhandledPromptBehavior: , version: 62.0.3202.94, webStorageEnabled: true}
Session ID: 4d692a2704eb52a88878c91c1402d754)
[[ATTACHMENT|D:\\Software testing\\Tourpaq\\Automated Katalon tests\\Primo WB test\\Reports\\WB Primo From Excel URLs\\20171204_131551\\1512386565544.png]]

2017-12-04 13:22:45 - [TEST_STEP][PASSED] - waitForElementPresent: Object 'Object Repository/PrimoTours/Old Objects/ThankYouPage/bookingNoContainer' is present

2017-12-04 13:22:47 - [MESSAGE][PASSED] - Object 'Object Repository/PrimoTours/Old Objects/ThankYouPage/bookingNoContainer' is present

2017-12-04 13:22:47 - [TEST_STEP][PASSED] - waitForElementClickable: Object 'Object Repository/PrimoTours/Old Objects/ThankYouPage/bookingNoContainer' is clickable

2017-12-04 13:22:47 - [MESSAGE][PASSED] - Object 'Object Repository/PrimoTours/Old Objects/ThankYouPage/bookingNoContainer' is clickable

2017-12-04 13:22:47 - [TEST_STEP][PASSED] - verifyElementVisible: Object 'Object Repository/PrimoTours/Old Objects/ThankYouPage/bookingNoContainer' is visible

2017-12-04 13:22:47 - [MESSAGE][PASSED] - Object 'Object Repository/PrimoTours/Old Objects/ThankYouPage/bookingNoContainer' is visible

2017-12-04 13:22:47 - [TEST_STEP][PASSED] - verifyElementVisible: Object 'Object Repository/PrimoTours/Old Objects/ThankYouPage/bookingTotalInfo' is visible

2017-12-04 13:22:47 - [MESSAGE][PASSED] - Object 'Object Repository/PrimoTours/Old Objects/ThankYouPage/bookingTotalInfo' is visible

2017-12-04 13:22:47 - [TEST_STEP][PASSED] - verifyElementVisible: Object 'Object Repository/PrimoTours/Old Objects/ThankYouPage/bookingTotalPriceBar' is visible

2017-12-04 13:22:47 - [MESSAGE][PASSED] - Object 'Object Repository/PrimoTours/Old Objects/ThankYouPage/bookingTotalPriceBar' is visible

2017-12-04 13:22:47 - [TEST_STEP][PASSED] - verifyElementVisible: Object 'Object Repository/PrimoTours/Old Objects/ThankYouPage/printTicketSpan' is visible

2017-12-04 13:22:47 - [MESSAGE][PASSED] - Object 'Object Repository/PrimoTours/Old Objects/ThankYouPage/printTicketSpan' is visible

2017-12-04 13:22:47 - [TEST_STEP][PASSED] - waitForElementClickable: Object 'Object Repository/PrimoTours/Old Objects/ThankYouPage/printTicketSpan' is clickable

2017-12-04 13:22:47 - [MESSAGE][PASSED] - Object 'Object Repository/PrimoTours/Old Objects/ThankYouPage/printTicketSpan' is clickable

2017-12-04 13:22:47 - [TEST_STEP][FAILED] - Statement - Try: Unable to click on object 'Object Repository/PrimoTours/Old Objects/ThankYouPage/printTicketSpan' (Root cause: org.openqa.selenium.WebDriverException: unknown error: Element <span id="printTicketSpan" data-bind="text: tourpaq.bookingEngine.languageStaticResources.PrintReceipt">...</span> is not clickable at point (508, 319). Other element would receive the click: <div class="se-pre-con" id="booking-overlay"></div>
  (Session info: chrome=62.0.3202.94)
  (Driver info: chromedriver=2.33.506120 (e3e53437346286c0bc2d2dc9aa4915ba81d9023f),platform=Windows NT 6.3.9600 x86_64) (WARNING: The server did not provide any stacktrace information)
Command duration or timeout: 0 milliseconds
Build info: version: '3.7.1', revision: '8a0099a', time: '2017-11-06T21:07:36.161Z'
System info: host: 'NEACSUNEW-PC', ip: '10.10.10.211', os.name: 'Windows 8.1', os.arch: 'amd64', os.version: '6.3', java.version: '1.8.0_102'
Driver info: com.kms.katalon.selenium.driver.CChromeDriver
Capabilities {acceptSslCerts: true, applicationCacheEnabled: false, browserConnectionEnabled: false, browserName: chrome, chrome: {chromedriverVersion: 2.33.506120 (e3e53437346286..., userDataDir: C:\Users\Cornel\AppData\Loc...}, cssSelectorsEnabled: true, databaseEnabled: false, handlesAlerts: true, hasTouchScreen: false, javascriptEnabled: true, locationContextEnabled: true, mobileEmulationEnabled: false, nativeEvents: true, networkConnectionEnabled: false, pageLoadStrategy: normal, platform: XP, platformName: XP, rotatable: false, setWindowRect: true, takesHeapSnapshot: true, takesScreenshot: true, unexpectedAlertBehaviour: , unhandledPromptBehavior: , version: 62.0.3202.94, webStorageEnabled: true}
Session ID: 4d692a2704eb52a88878c91c1402d754)

2017-12-04 13:22:47 - [TEST_STEP][FAILED] - click: Unable to click on object 'Object Repository/PrimoTours/Old Objects/ThankYouPage/printTicketSpan' (Root cause: org.openqa.selenium.WebDriverException: unknown error: Element <span id="printTicketSpan" data-bind="text: tourpaq.bookingEngine.languageStaticResources.PrintReceipt">...</span> is not clickable at point (508, 319). Other element would receive the click: <div class="se-pre-con" id="booking-overlay"></div>
  (Session info: chrome=62.0.3202.94)
  (Driver info: chromedriver=2.33.506120 (e3e53437346286c0bc2d2dc9aa4915ba81d9023f),platform=Windows NT 6.3.9600 x86_64) (WARNING: The server did not provide any stacktrace information)
Command duration or timeout: 0 milliseconds
Build info: version: '3.7.1', revision: '8a0099a', time: '2017-11-06T21:07:36.161Z'
System info: host: 'NEACSUNEW-PC', ip: '10.10.10.211', os.name: 'Windows 8.1', os.arch: 'amd64', os.version: '6.3', java.version: '1.8.0_102'
Driver info: com.kms.katalon.selenium.driver.CChromeDriver
Capabilities {acceptSslCerts: true, applicationCacheEnabled: false, browserConnectionEnabled: false, browserName: chrome, chrome: {chromedriverVersion: 2.33.506120 (e3e53437346286..., userDataDir: C:\Users\Cornel\AppData\Loc...}, cssSelectorsEnabled: true, databaseEnabled: false, handlesAlerts: true, hasTouchScreen: false, javascriptEnabled: true, locationContextEnabled: true, mobileEmulationEnabled: false, nativeEvents: true, networkConnectionEnabled: false, pageLoadStrategy: normal, platform: XP, platformName: XP, rotatable: false, setWindowRect: true, takesHeapSnapshot: true, takesScreenshot: true, unexpectedAlertBehaviour: , unhandledPromptBehavior: , version: 62.0.3202.94, webStorageEnabled: true}
Session ID: 4d692a2704eb52a88878c91c1402d754)

2017-12-04 13:22:48 - [MESSAGE][FAILED] - Unable to click on object 'Object Repository/PrimoTours/Old Objects/ThankYouPage/printTicketSpan' (Root cause: org.openqa.selenium.WebDriverException: unknown error: Element <span id="printTicketSpan" data-bind="text: tourpaq.bookingEngine.languageStaticResources.PrintReceipt">...</span> is not clickable at point (508, 319). Other element would receive the click: <div class="se-pre-con" id="booking-overlay"></div>
  (Session info: chrome=62.0.3202.94)
  (Driver info: chromedriver=2.33.506120 (e3e53437346286c0bc2d2dc9aa4915ba81d9023f),platform=Windows NT 6.3.9600 x86_64) (WARNING: The server did not provide any stacktrace information)
Command duration or timeout: 0 milliseconds
Build info: version: '3.7.1', revision: '8a0099a', time: '2017-11-06T21:07:36.161Z'
System info: host: 'NEACSUNEW-PC', ip: '10.10.10.211', os.name: 'Windows 8.1', os.arch: 'amd64', os.version: '6.3', java.version: '1.8.0_102'
Driver info: com.kms.katalon.selenium.driver.CChromeDriver
Capabilities {acceptSslCerts: true, applicationCacheEnabled: false, browserConnectionEnabled: false, browserName: chrome, chrome: {chromedriverVersion: 2.33.506120 (e3e53437346286..., userDataDir: C:\Users\Cornel\AppData\Loc...}, cssSelectorsEnabled: true, databaseEnabled: false, handlesAlerts: true, hasTouchScreen: false, javascriptEnabled: true, locationContextEnabled: true, mobileEmulationEnabled: false, nativeEvents: true, networkConnectionEnabled: false, pageLoadStrategy: normal, platform: XP, platformName: XP, rotatable: false, setWindowRect: true, takesHeapSnapshot: true, takesScreenshot: true, unexpectedAlertBehaviour: , unhandledPromptBehavior: , version: 62.0.3202.94, webStorageEnabled: true}
Session ID: 4d692a2704eb52a88878c91c1402d754)
[[ATTACHMENT|D:\\Software testing\\Tourpaq\\Automated Katalon tests\\Primo WB test\\Reports\\WB Primo From Excel URLs\\20171204_131551\\1512386568009.png]]

2017-12-04 13:22:48 - [TEST_STEP][FAILED] - Statement - Catch (Exception e): Unable to click on object 'Object Repository/PrimoTours/Old Objects/ThankYouPage/printTicketSpan' (Root cause: org.openqa.selenium.WebDriverException: unknown error: Element <span id="printTicketSpan" data-bind="text: tourpaq.bookingEngine.languageStaticResources.PrintReceipt">...</span> is not clickable at point (508, 319). Other element would receive the click: <div class="se-pre-con" id="booking-overlay" style="opacity: 0.429549;"></div>
  (Session info: chrome=62.0.3202.94)
  (Driver info: chromedriver=2.33.506120 (e3e53437346286c0bc2d2dc9aa4915ba81d9023f),platform=Windows NT 6.3.9600 x86_64) (WARNING: The server did not provide any stacktrace information)
Command duration or timeout: 0 milliseconds
Build info: version: '3.7.1', revision: '8a0099a', time: '2017-11-06T21:07:36.161Z'
System info: host: 'NEACSUNEW-PC', ip: '10.10.10.211', os.name: 'Windows 8.1', os.arch: 'amd64', os.version: '6.3', java.version: '1.8.0_102'
Driver info: com.kms.katalon.selenium.driver.CChromeDriver
Capabilities {acceptSslCerts: true, applicationCacheEnabled: false, browserConnectionEnabled: false, browserName: chrome, chrome: {chromedriverVersion: 2.33.506120 (e3e53437346286..., userDataDir: C:\Users\Cornel\AppData\Loc...}, cssSelectorsEnabled: true, databaseEnabled: false, handlesAlerts: true, hasTouchScreen: false, javascriptEnabled: true, locationContextEnabled: true, mobileEmulationEnabled: false, nativeEvents: true, networkConnectionEnabled: false, pageLoadStrategy: normal, platform: XP, platformName: XP, rotatable: false, setWindowRect: true, takesHeapSnapshot: true, takesScreenshot: true, unexpectedAlertBehaviour: , unhandledPromptBehavior: , version: 62.0.3202.94, webStorageEnabled: true}
Session ID: 4d692a2704eb52a88878c91c1402d754)

2017-12-04 13:22:48 - [TEST_STEP][FAILED] - click: Unable to click on object 'Object Repository/PrimoTours/Old Objects/ThankYouPage/printTicketSpan' (Root cause: org.openqa.selenium.WebDriverException: unknown error: Element <span id="printTicketSpan" data-bind="text: tourpaq.bookingEngine.languageStaticResources.PrintReceipt">...</span> is not clickable at point (508, 319). Other element would receive the click: <div class="se-pre-con" id="booking-overlay" style="opacity: 0.429549;"></div>
  (Session info: chrome=62.0.3202.94)
  (Driver info: chromedriver=2.33.506120 (e3e53437346286c0bc2d2dc9aa4915ba81d9023f),platform=Windows NT 6.3.9600 x86_64) (WARNING: The server did not provide any stacktrace information)
Command duration or timeout: 0 milliseconds
Build info: version: '3.7.1', revision: '8a0099a', time: '2017-11-06T21:07:36.161Z'
System info: host: 'NEACSUNEW-PC', ip: '10.10.10.211', os.name: 'Windows 8.1', os.arch: 'amd64', os.version: '6.3', java.version: '1.8.0_102'
Driver info: com.kms.katalon.selenium.driver.CChromeDriver
Capabilities {acceptSslCerts: true, applicationCacheEnabled: false, browserConnectionEnabled: false, browserName: chrome, chrome: {chromedriverVersion: 2.33.506120 (e3e53437346286..., userDataDir: C:\Users\Cornel\AppData\Loc...}, cssSelectorsEnabled: true, databaseEnabled: false, handlesAlerts: true, hasTouchScreen: false, javascriptEnabled: true, locationContextEnabled: true, mobileEmulationEnabled: false, nativeEvents: true, networkConnectionEnabled: false, pageLoadStrategy: normal, platform: XP, platformName: XP, rotatable: false, setWindowRect: true, takesHeapSnapshot: true, takesScreenshot: true, unexpectedAlertBehaviour: , unhandledPromptBehavior: , version: 62.0.3202.94, webStorageEnabled: true}
Session ID: 4d692a2704eb52a88878c91c1402d754)

2017-12-04 13:22:49 - [MESSAGE][FAILED] - Unable to click on object 'Object Repository/PrimoTours/Old Objects/ThankYouPage/printTicketSpan' (Root cause: org.openqa.selenium.WebDriverException: unknown error: Element <span id="printTicketSpan" data-bind="text: tourpaq.bookingEngine.languageStaticResources.PrintReceipt">...</span> is not clickable at point (508, 319). Other element would receive the click: <div class="se-pre-con" id="booking-overlay" style="opacity: 0.429549;"></div>
  (Session info: chrome=62.0.3202.94)
  (Driver info: chromedriver=2.33.506120 (e3e53437346286c0bc2d2dc9aa4915ba81d9023f),platform=Windows NT 6.3.9600 x86_64) (WARNING: The server did not provide any stacktrace information)
Command duration or timeout: 0 milliseconds
Build info: version: '3.7.1', revision: '8a0099a', time: '2017-11-06T21:07:36.161Z'
System info: host: 'NEACSUNEW-PC', ip: '10.10.10.211', os.name: 'Windows 8.1', os.arch: 'amd64', os.version: '6.3', java.version: '1.8.0_102'
Driver info: com.kms.katalon.selenium.driver.CChromeDriver
Capabilities {acceptSslCerts: true, applicationCacheEnabled: false, browserConnectionEnabled: false, browserName: chrome, chrome: {chromedriverVersion: 2.33.506120 (e3e53437346286..., userDataDir: C:\Users\Cornel\AppData\Loc...}, cssSelectorsEnabled: true, databaseEnabled: false, handlesAlerts: true, hasTouchScreen: false, javascriptEnabled: true, locationContextEnabled: true, mobileEmulationEnabled: false, nativeEvents: true, networkConnectionEnabled: false, pageLoadStrategy: normal, platform: XP, platformName: XP, rotatable: false, setWindowRect: true, takesHeapSnapshot: true, takesScreenshot: true, unexpectedAlertBehaviour: , unhandledPromptBehavior: , version: 62.0.3202.94, webStorageEnabled: true}
Session ID: 4d692a2704eb52a88878c91c1402d754)
[[ATTACHMENT|D:\\Software testing\\Tourpaq\\Automated Katalon tests\\Primo WB test\\Reports\\WB Primo From Excel URLs\\20171204_131551\\1512386568494.png]]]]></system-out>
         <system-err><![CDATA[2017-12-04 13:22:22 - [TEST_CASE][FAILED] - Test Cases/PrimoTours/WB Primo/WB Primo staging - place booking - Iteration 12: Test Cases/PrimoTours/WB Primo/WB Primo staging - place booking FAILED because (of) Unable to click on object 'Object Repository/PrimoTours/Old Objects/ThankYouPage/printTicketSpan' (Root cause: org.openqa.selenium.WebDriverException: unknown error: Element <span id="printTicketSpan" data-bind="text: tourpaq.bookingEngine.languageStaticResources.PrintReceipt">...</span> is not clickable at point (508, 319). Other element would receive the click: <div class="se-pre-con" id="booking-overlay" style="opacity: 0.429549;"></div>
  (Session info: chrome=62.0.3202.94)
  (Driver info: chromedriver=2.33.506120 (e3e53437346286c0bc2d2dc9aa4915ba81d9023f),platform=Windows NT 6.3.9600 x86_64) (WARNING: The server did not provide any stacktrace information)
Command duration or timeout: 0 milliseconds
Build info: version: '3.7.1', revision: '8a0099a', time: '2017-11-06T21:07:36.161Z'
System info: host: 'NEACSUNEW-PC', ip: '10.10.10.211', os.name: 'Windows 8.1', os.arch: 'amd64', os.version: '6.3', java.version: '1.8.0_102'
Driver info: com.kms.katalon.selenium.driver.CChromeDriver
Capabilities {acceptSslCerts: true, applicationCacheEnabled: false, browserConnectionEnabled: false, browserName: chrome, chrome: {chromedriverVersion: 2.33.506120 (e3e53437346286..., userDataDir: C:\Users\Cornel\AppData\Loc...}, cssSelectorsEnabled: true, databaseEnabled: false, handlesAlerts: true, hasTouchScreen: false, javascriptEnabled: true, locationContextEnabled: true, mobileEmulationEnabled: false, nativeEvents: true, networkConnectionEnabled: false, pageLoadStrategy: normal, platform: XP, platformName: XP, rotatable: false, setWindowRect: true, takesHeapSnapshot: true, takesScreenshot: true, unexpectedAlertBehaviour: , unhandledPromptBehavior: , version: 62.0.3202.94, webStorageEnabled: true}
Session ID: 4d692a2704eb52a88878c91c1402d754)]]></system-err>
      </testcase>
      <testcase name="Test Cases/PrimoTours/WB Primo/WB Primo staging - place booking - Iteration 13" classname="Test Cases/PrimoTours/WB Primo/WB Primo staging - place booking" status="FAILED">
         <failure type="FAILED" message="Test Cases/PrimoTours/WB Primo/WB Primo staging - place booking FAILED because (of) Unable to click on object 'Object Repository/PrimoTours/ConfirmationPage/agreeTermsAndCondCheckbox' (Root cause: org.openqa.selenium.WebDriverException: unknown error: Element &lt;a href=&quot;#&quot; class=&quot;toggle checkbox kalypto&quot;>&lt;/a> is not clickable at point (395, 689). Other element would receive the click: &lt;h2>...&lt;/h2>
  (Session info: chrome=62.0.3202.94)
  (Driver info: chromedriver=2.33.506120 (e3e53437346286c0bc2d2dc9aa4915ba81d9023f),platform=Windows NT 6.3.9600 x86_64) (WARNING: The server did not provide any stacktrace information)
Command duration or timeout: 0 milliseconds
Build info: version: '3.7.1', revision: '8a0099a', time: '2017-11-06T21:07:36.161Z'
System info: host: 'NEACSUNEW-PC', ip: '10.10.10.211', os.name: 'Windows 8.1', os.arch: 'amd64', os.version: '6.3', java.version: '1.8.0_102'
Driver info: com.kms.katalon.selenium.driver.CChromeDriver
Capabilities {acceptSslCerts: true, applicationCacheEnabled: false, browserConnectionEnabled: false, browserName: chrome, chrome: {chromedriverVersion: 2.33.506120 (e3e53437346286..., userDataDir: C:\Users\Cornel\AppData\Loc...}, cssSelectorsEnabled: true, databaseEnabled: false, handlesAlerts: true, hasTouchScreen: false, javascriptEnabled: true, locationContextEnabled: true, mobileEmulationEnabled: false, nativeEvents: true, networkConnectionEnabled: false, pageLoadStrategy: normal, platform: XP, platformName: XP, rotatable: false, setWindowRect: true, takesHeapSnapshot: true, takesScreenshot: true, unexpectedAlertBehaviour: , unhandledPromptBehavior: , version: 62.0.3202.94, webStorageEnabled: true}
Session ID: 6c64b4659f40048c1cd04ff5dac7ed04)"/>
         <system-out><![CDATA[2017-12-04 13:22:49 - [TEST_CASE][FAILED] - Test Cases/PrimoTours/WB Primo/WB Primo staging - place booking - Iteration 13: Test Cases/PrimoTours/WB Primo/WB Primo staging - place booking FAILED because (of) Unable to click on object 'Object Repository/PrimoTours/ConfirmationPage/agreeTermsAndCondCheckbox' (Root cause: org.openqa.selenium.WebDriverException: unknown error: Element <a href="#" class="toggle checkbox kalypto"></a> is not clickable at point (395, 689). Other element would receive the click: <h2>...</h2>
  (Session info: chrome=62.0.3202.94)
  (Driver info: chromedriver=2.33.506120 (e3e53437346286c0bc2d2dc9aa4915ba81d9023f),platform=Windows NT 6.3.9600 x86_64) (WARNING: The server did not provide any stacktrace information)
Command duration or timeout: 0 milliseconds
Build info: version: '3.7.1', revision: '8a0099a', time: '2017-11-06T21:07:36.161Z'
System info: host: 'NEACSUNEW-PC', ip: '10.10.10.211', os.name: 'Windows 8.1', os.arch: 'amd64', os.version: '6.3', java.version: '1.8.0_102'
Driver info: com.kms.katalon.selenium.driver.CChromeDriver
Capabilities {acceptSslCerts: true, applicationCacheEnabled: false, browserConnectionEnabled: false, browserName: chrome, chrome: {chromedriverVersion: 2.33.506120 (e3e53437346286..., userDataDir: C:\Users\Cornel\AppData\Loc...}, cssSelectorsEnabled: true, databaseEnabled: false, handlesAlerts: true, hasTouchScreen: false, javascriptEnabled: true, locationContextEnabled: true, mobileEmulationEnabled: false, nativeEvents: true, networkConnectionEnabled: false, pageLoadStrategy: normal, platform: XP, platformName: XP, rotatable: false, setWindowRect: true, takesHeapSnapshot: true, takesScreenshot: true, unexpectedAlertBehaviour: , unhandledPromptBehavior: , version: 62.0.3202.94, webStorageEnabled: true}
Session ID: 6c64b4659f40048c1cd04ff5dac7ed04)

2017-12-04 13:22:49 - [TEST_STEP][PASSED] - openBrowser: Browser is opened with url: ''

2017-12-04 13:22:49 - [MESSAGE][WARNING] - A browser is already opened. Closing browser and opening a new one

2017-12-04 13:22:51 - [MESSAGE][PASSED] - Browser is opened with url: ''

2017-12-04 13:22:51 - [TEST_STEP][PASSED] - maximizeWindow: Current window maximized

2017-12-04 13:22:52 - [MESSAGE][PASSED] - Current window maximized

2017-12-04 13:22:52 - [TEST_STEP][PASSED] - navigateToUrl: Navigate to 'https://staging-primotours-webbooking.tourpaq.com/DoBooking.aspx?pltaID=1480269&p=2&rno=2&pt=1&a=4&c=4&aa=&ca=1,5|0,7' successfully

2017-12-04 13:22:55 - [MESSAGE][PASSED] - Navigate to 'https://staging-primotours-webbooking.tourpaq.com/DoBooking.aspx?pltaID=1480269&p=2&rno=2&pt=1&a=4&c=4&aa=&ca=1,5|0,7' successfully

2017-12-04 13:22:55 - [TEST_STEP][PASSED] - Statement - excelInfo = ["fname":"", "lname":"", "pgender":"", "pday":"", "pmonth":"", "pyear":""]: null

2017-12-04 13:22:55 - [TEST_STEP][PASSED] - Statement - rawData = com.kms.katalon.core.testdata.TestDataFactory.findTestData("Data Files/WB_Primo/Passenger_details"): Reading excel file with source file 'D:\Software testing\Tourpaq\Automated Katalon tests\Primo WB test\Data Files\Primo_URLs_For_Automated_Test.xls' and sheet name 'Passenger Names'

2017-12-04 13:22:55 - [TEST_STEP][PASSED] - Statement - excelRowNo = rawData.getRowNumbers(): null

2017-12-04 13:22:55 - [TEST_STEP][PASSED] - Statement - randomPaxIndex = java.lang.Math.abs(new java.util.Random().nextInt() % excelRowNo) + 1: null

2017-12-04 13:22:55 - [TEST_STEP][PASSED] - Statement - fname = rawData.getValue("FirstName", randomPaxIndex): null

2017-12-04 13:22:55 - [TEST_STEP][PASSED] - Statement - lname = rawData.getValue("LastName", randomPaxIndex): null

2017-12-04 13:22:55 - [TEST_STEP][PASSED] - Statement - pgender = rawData.getValue("Gender", randomPaxIndex): null

2017-12-04 13:22:55 - [TEST_STEP][PASSED] - setText: Text 'Rebsdorf AUT' is set on object 'Object Repository/PrimoTours/Old Objects/Coco/PrimoT/Page_Primo Tours  Danmarks bedste c/input_firstName'

2017-12-04 13:22:55 - [MESSAGE][PASSED] - Text 'Rebsdorf AUT' is set on object 'Object Repository/PrimoTours/Old Objects/Coco/PrimoT/Page_Primo Tours  Danmarks bedste c/input_firstName'

2017-12-04 13:22:55 - [TEST_STEP][PASSED] - setText: Text 'Jette Greve' is set on object 'Object Repository/PrimoTours/Old Objects/Coco/PrimoT/Page_Primo Tours  Danmarks bedste c/input_lastName'

2017-12-04 13:22:55 - [MESSAGE][PASSED] - Text 'Jette Greve' is set on object 'Object Repository/PrimoTours/Old Objects/Coco/PrimoT/Page_Primo Tours  Danmarks bedste c/input_lastName'

2017-12-04 13:22:55 - [TEST_STEP][PASSED] - click: Object: 'Object Repository/PrimoTours/LandingPage/customerGender' is clicked on

2017-12-04 13:22:56 - [MESSAGE][PASSED] - Object: 'Object Repository/PrimoTours/LandingPage/customerGender' is clicked on

2017-12-04 13:22:56 - [TEST_STEP][PASSED] - setText: Text 'Home address' is set on object 'Object Repository/PrimoTours/Old Objects/Coco/PrimoT/Page_Primo Tours  Danmarks bedste c/input_customerAddress'

2017-12-04 13:22:56 - [MESSAGE][PASSED] - Text 'Home address' is set on object 'Object Repository/PrimoTours/Old Objects/Coco/PrimoT/Page_Primo Tours  Danmarks bedste c/input_customerAddress'

2017-12-04 13:22:56 - [TEST_STEP][PASSED] - setText: Text '6700' is set on object 'Object Repository/PrimoTours/Old Objects/Coco/PrimoT/Page_Primo Tours  Danmarks bedste c/input_customerPostcode'

2017-12-04 13:22:56 - [MESSAGE][PASSED] - Text '6700' is set on object 'Object Repository/PrimoTours/Old Objects/Coco/PrimoT/Page_Primo Tours  Danmarks bedste c/input_customerPostcode'

2017-12-04 13:22:56 - [TEST_STEP][PASSED] - setText: Text 'cornel.neacsu@roweb.ro' is set on object 'Object Repository/PrimoTours/Old Objects/Coco/PrimoT/Page_Primo Tours  Danmarks bedste c/input_customerEmail'

2017-12-04 13:22:56 - [MESSAGE][PASSED] - Text 'cornel.neacsu@roweb.ro' is set on object 'Object Repository/PrimoTours/Old Objects/Coco/PrimoT/Page_Primo Tours  Danmarks bedste c/input_customerEmail'

2017-12-04 13:22:56 - [TEST_STEP][PASSED] - setText: Text '12345678' is set on object 'Object Repository/PrimoTours/Old Objects/Coco/PrimoT/Page_Primo Tours  Danmarks bedste c/input_customerPhone'

2017-12-04 13:22:57 - [MESSAGE][PASSED] - Text '12345678' is set on object 'Object Repository/PrimoTours/Old Objects/Coco/PrimoT/Page_Primo Tours  Danmarks bedste c/input_customerPhone'

2017-12-04 13:22:57 - [TEST_STEP][PASSED] - waitForElementClickable: Object 'Object Repository/PrimoTours/Old Objects/Coco/PrimoT/Page_Primo Tours  Danmarks bedste c/input_firstname-0_1' is clickable

2017-12-04 13:22:58 - [MESSAGE][PASSED] - Object 'Object Repository/PrimoTours/Old Objects/Coco/PrimoT/Page_Primo Tours  Danmarks bedste c/input_firstname-0_1' is clickable

2017-12-04 13:22:58 - [TEST_STEP][PASSED] - Statement - driver = com.kms.katalon.core.webui.driver.DriverFactory.getWebDriver(): null

2017-12-04 13:22:58 - [TEST_STEP][PASSED] - Statement - roomContainerXpath = "id("roomAndStaticOptionsContainer")/div[@class="row"]/div[@class="col-md-12 roomContainer"]": null

2017-12-04 13:22:58 - [TEST_STEP][PASSED] - Statement - roomsCount = driver.findElements(org.openqa.selenium.By.xpath(roomContainerXpath)).size(): null

2017-12-04 13:22:58 - [TEST_STEP][PASSED] - Statement - println("roomsCount=" + roomsCount): null

2017-12-04 13:22:58 - [TEST_STEP][PASSED] - Statement - For ([i = 1, i <= roomsCount, (i++)]): Object: 'Object Repository/PrimoTours/LandingPage/secondPaxFirstNameField' is clicked on

2017-12-04 13:22:58 - [TEST_STEP][PASSED] - Statement - paxInRoomXpath = "id("passengersContainer_" + i - 1 + "")/div[@class="col-md-12"]/div[@class="row"]": null

2017-12-04 13:22:58 - [TEST_STEP][PASSED] - Statement - println("paxInRoomXpath=" + paxInRoomXpath): null

2017-12-04 13:22:58 - [TEST_STEP][PASSED] - Statement - paxInRoomCount = driver.findElements(org.openqa.selenium.By.xpath(paxInRoomXpath)).size(): null

2017-12-04 13:22:58 - [TEST_STEP][PASSED] - Statement - println("paxInRoomCount=" + paxInRoomCount): null

2017-12-04 13:22:58 - [TEST_STEP][PASSED] - Statement - For ([j = 1, j <= paxInRoomCount, (j++)]): Object: 'Object Repository/PrimoTours/LandingPage/secondPaxFirstNameField' is clicked on

2017-12-04 13:22:58 - [TEST_STEP][PASSED] - Statement - If (i == 1 & j == 1): null

2017-12-04 13:22:58 - [TEST_STEP][PASSED] - Statement - <not implemented yet for class: org.codehaus.groovy.ast.stmt.ContinueStatement>: null

2017-12-04 13:22:58 - [TEST_STEP][PASSED] - Statement - If (i == 1 & j == 1): null

2017-12-04 13:22:58 - [TEST_STEP][PASSED] - Statement - randomPaxIndex = java.lang.Math.abs(new java.util.Random().nextInt() % excelRowNo) + 1: null

2017-12-04 13:22:58 - [TEST_STEP][PASSED] - Statement - fname = rawData.getValue("FirstName", randomPaxIndex) + " AUT": null

2017-12-04 13:22:58 - [TEST_STEP][PASSED] - Statement - lname = rawData.getValue("LastName", randomPaxIndex): null

2017-12-04 13:22:58 - [TEST_STEP][PASSED] - Statement - pgender = rawData.getValue("Gender", randomPaxIndex): null

2017-12-04 13:22:58 - [TEST_STEP][PASSED] - Statement - pday = rawData.getValue("Day DOB", randomPaxIndex): null

2017-12-04 13:22:58 - [TEST_STEP][PASSED] - Statement - pmonth = rawData.getValue("Month DOB", randomPaxIndex): null

2017-12-04 13:22:58 - [TEST_STEP][PASSED] - Statement - pyear = rawData.getValue("Year DOB", randomPaxIndex): null

2017-12-04 13:22:58 - [TEST_STEP][PASSED] - Statement - paxDetailFields = paxInRoomXpath + "[" + j + "]/div[@class="col-md-x col-md-9"]/div[@class="row paxContainer"][1]/div[contains(@class,"paxAttribute")]": null

2017-12-04 13:22:58 - [TEST_STEP][PASSED] - Statement - xpathval = paxDetailFields + "[1]/div[contains(@class,"form-group")]/input[contains(@class,"paxFirstName")]": null

2017-12-04 13:22:58 - [TEST_STEP][PASSED] - Statement - println("fn: " + xpathval): null

2017-12-04 13:22:58 - [TEST_STEP][PASSED] - Statement - repObj = com.kms.katalon.core.testobject.ObjectRepository.findTestObject(Object Repository/PrimoTours/LandingPage/secondPaxFirstNameField): Finding Test Object with id 'Object Repository/PrimoTours/LandingPage/secondPaxFirstNameField'

2017-12-04 13:22:58 - [TEST_STEP][PASSED] - Statement - repObj.findProperty("xpath").setValue(xpathval): null

2017-12-04 13:22:58 - [TEST_STEP][PASSED] - setText: Text 'Larsen AUT' is set on object 'Object Repository/PrimoTours/LandingPage/secondPaxFirstNameField'

2017-12-04 13:22:59 - [MESSAGE][PASSED] - Text 'Larsen AUT' is set on object 'Object Repository/PrimoTours/LandingPage/secondPaxFirstNameField'

2017-12-04 13:22:59 - [TEST_STEP][PASSED] - Statement - xpathval = paxDetailFields + "[2]/div[contains(@class,"form-group")]/input[contains(@class,"paxLastName")]": null

2017-12-04 13:22:59 - [TEST_STEP][PASSED] - Statement - println("ln: " + xpathval): null

2017-12-04 13:22:59 - [TEST_STEP][PASSED] - Statement - repObj = com.kms.katalon.core.testobject.ObjectRepository.findTestObject(Object Repository/PrimoTours/LandingPage/secondPaxFirstNameField): Finding Test Object with id 'Object Repository/PrimoTours/LandingPage/secondPaxFirstNameField'

2017-12-04 13:22:59 - [TEST_STEP][PASSED] - Statement - repObj.findProperty("xpath").setValue(xpathval): null

2017-12-04 13:22:59 - [TEST_STEP][PASSED] - setText: Text 'Anna Bille' is set on object 'Object Repository/PrimoTours/LandingPage/secondPaxFirstNameField'

2017-12-04 13:22:59 - [MESSAGE][PASSED] - Text 'Anna Bille' is set on object 'Object Repository/PrimoTours/LandingPage/secondPaxFirstNameField'

2017-12-04 13:22:59 - [TEST_STEP][PASSED] - Statement - repObj = com.kms.katalon.core.testobject.ObjectRepository.findTestObject(Object Repository/PrimoTours/LandingPage/secondPaxFirstNameField): Finding Test Object with id 'Object Repository/PrimoTours/LandingPage/secondPaxFirstNameField'

2017-12-04 13:22:59 - [TEST_STEP][PASSED] - Statement - xpathval = paxDetailFields + "[3]/div[contains(@class,"paxGenderSelectorContainer")]/span[contains(@class,"select2 select2-container")]/span[contains(@class,"selection")]/span[contains(@class,"select2-selection")]": null

2017-12-04 13:22:59 - [TEST_STEP][PASSED] - Statement - println("gender: " + xpathval): null

2017-12-04 13:22:59 - [TEST_STEP][PASSED] - Statement - repObj.findProperty("xpath").setValue(xpathval): null

2017-12-04 13:22:59 - [TEST_STEP][PASSED] - click: Object: 'Object Repository/PrimoTours/LandingPage/secondPaxFirstNameField' is clicked on

2017-12-04 13:22:59 - [MESSAGE][PASSED] - Object: 'Object Repository/PrimoTours/LandingPage/secondPaxFirstNameField' is clicked on

2017-12-04 13:22:59 - [TEST_STEP][PASSED] - Statement - If (i == 1 & j == 1): null

2017-12-04 13:22:59 - [TEST_STEP][PASSED] - Statement - randomPaxIndex = java.lang.Math.abs(new java.util.Random().nextInt() % excelRowNo) + 1: null

2017-12-04 13:22:59 - [TEST_STEP][PASSED] - Statement - fname = rawData.getValue("FirstName", randomPaxIndex) + " AUT": null

2017-12-04 13:22:59 - [TEST_STEP][PASSED] - Statement - lname = rawData.getValue("LastName", randomPaxIndex): null

2017-12-04 13:22:59 - [TEST_STEP][PASSED] - Statement - pgender = rawData.getValue("Gender", randomPaxIndex): null

2017-12-04 13:22:59 - [TEST_STEP][PASSED] - Statement - pday = rawData.getValue("Day DOB", randomPaxIndex): null

2017-12-04 13:22:59 - [TEST_STEP][PASSED] - Statement - pmonth = rawData.getValue("Month DOB", randomPaxIndex): null

2017-12-04 13:22:59 - [TEST_STEP][PASSED] - Statement - pyear = rawData.getValue("Year DOB", randomPaxIndex): null

2017-12-04 13:22:59 - [TEST_STEP][PASSED] - Statement - paxDetailFields = paxInRoomXpath + "[" + j + "]/div[@class="col-md-x col-md-9"]/div[@class="row paxContainer"][1]/div[contains(@class,"paxAttribute")]": null

2017-12-04 13:22:59 - [TEST_STEP][PASSED] - Statement - xpathval = paxDetailFields + "[1]/div[contains(@class,"form-group")]/input[contains(@class,"paxFirstName")]": null

2017-12-04 13:22:59 - [TEST_STEP][PASSED] - Statement - println("fn: " + xpathval): null

2017-12-04 13:22:59 - [TEST_STEP][PASSED] - Statement - repObj = com.kms.katalon.core.testobject.ObjectRepository.findTestObject(Object Repository/PrimoTours/LandingPage/secondPaxFirstNameField): Finding Test Object with id 'Object Repository/PrimoTours/LandingPage/secondPaxFirstNameField'

2017-12-04 13:22:59 - [TEST_STEP][PASSED] - Statement - repObj.findProperty("xpath").setValue(xpathval): null

2017-12-04 13:22:59 - [TEST_STEP][PASSED] - setText: Text 'Rother AUT' is set on object 'Object Repository/PrimoTours/LandingPage/secondPaxFirstNameField'

2017-12-04 13:22:59 - [MESSAGE][PASSED] - Text 'Rother AUT' is set on object 'Object Repository/PrimoTours/LandingPage/secondPaxFirstNameField'

2017-12-04 13:22:59 - [TEST_STEP][PASSED] - Statement - xpathval = paxDetailFields + "[2]/div[contains(@class,"form-group")]/input[contains(@class,"paxLastName")]": null

2017-12-04 13:22:59 - [TEST_STEP][PASSED] - Statement - println("ln: " + xpathval): null

2017-12-04 13:22:59 - [TEST_STEP][PASSED] - Statement - repObj = com.kms.katalon.core.testobject.ObjectRepository.findTestObject(Object Repository/PrimoTours/LandingPage/secondPaxFirstNameField): Finding Test Object with id 'Object Repository/PrimoTours/LandingPage/secondPaxFirstNameField'

2017-12-04 13:22:59 - [TEST_STEP][PASSED] - Statement - repObj.findProperty("xpath").setValue(xpathval): null

2017-12-04 13:22:59 - [TEST_STEP][PASSED] - setText: Text 'John' is set on object 'Object Repository/PrimoTours/LandingPage/secondPaxFirstNameField'

2017-12-04 13:22:59 - [MESSAGE][PASSED] - Text 'John' is set on object 'Object Repository/PrimoTours/LandingPage/secondPaxFirstNameField'

2017-12-04 13:22:59 - [TEST_STEP][PASSED] - Statement - repObj = com.kms.katalon.core.testobject.ObjectRepository.findTestObject(Object Repository/PrimoTours/LandingPage/secondPaxFirstNameField): Finding Test Object with id 'Object Repository/PrimoTours/LandingPage/secondPaxFirstNameField'

2017-12-04 13:22:59 - [TEST_STEP][PASSED] - Statement - xpathval = paxDetailFields + "[3]/div[contains(@class,"paxGenderSelectorContainer")]/span[contains(@class,"select2 select2-container")]/span[contains(@class,"selection")]/span[contains(@class,"select2-selection")]": null

2017-12-04 13:22:59 - [TEST_STEP][PASSED] - Statement - println("gender: " + xpathval): null

2017-12-04 13:22:59 - [TEST_STEP][PASSED] - Statement - repObj.findProperty("xpath").setValue(xpathval): null

2017-12-04 13:22:59 - [TEST_STEP][PASSED] - click: Unable to click on object 'Object Repository/PrimoTours/LandingPage/secondPaxFirstNameField' (Root cause: org.openqa.selenium.WebDriverException: unknown error: Element <span class="select2-selection select2-selection--single" role="combobox" aria-haspopup="true" aria-expanded="false" tabindex="0" aria-labelledby="select2-gender-0_2-xq-container">...</span> is not clickable at point (1168, 747). Other element would receive the click: <li class="select2-results__option" id="select2-gender-0_1-dl-result-2x5c-MS" role="treeitem" aria-selected="false">...</li>
  (Session info: chrome=62.0.3202.94)
  (Driver info: chromedriver=2.33.506120 (e3e53437346286c0bc2d2dc9aa4915ba81d9023f),platform=Windows NT 6.3.9600 x86_64) (WARNING: The server did not provide any stacktrace information)
Command duration or timeout: 0 milliseconds
Build info: version: '3.7.1', revision: '8a0099a', time: '2017-11-06T21:07:36.161Z'
System info: host: 'NEACSUNEW-PC', ip: '10.10.10.211', os.name: 'Windows 8.1', os.arch: 'amd64', os.version: '6.3', java.version: '1.8.0_102'
Driver info: com.kms.katalon.selenium.driver.CChromeDriver
Capabilities {acceptSslCerts: true, applicationCacheEnabled: false, browserConnectionEnabled: false, browserName: chrome, chrome: {chromedriverVersion: 2.33.506120 (e3e53437346286..., userDataDir: C:\Users\Cornel\AppData\Loc...}, cssSelectorsEnabled: true, databaseEnabled: false, handlesAlerts: true, hasTouchScreen: false, javascriptEnabled: true, locationContextEnabled: true, mobileEmulationEnabled: false, nativeEvents: true, networkConnectionEnabled: false, pageLoadStrategy: normal, platform: XP, platformName: XP, rotatable: false, setWindowRect: true, takesHeapSnapshot: true, takesScreenshot: true, unexpectedAlertBehaviour: , unhandledPromptBehavior: , version: 62.0.3202.94, webStorageEnabled: true}
Session ID: 6c64b4659f40048c1cd04ff5dac7ed04)

2017-12-04 13:23:00 - [MESSAGE][WARNING] - Unable to click on object 'Object Repository/PrimoTours/LandingPage/secondPaxFirstNameField' (Root cause: org.openqa.selenium.WebDriverException: unknown error: Element <span class="select2-selection select2-selection--single" role="combobox" aria-haspopup="true" aria-expanded="false" tabindex="0" aria-labelledby="select2-gender-0_2-xq-container">...</span> is not clickable at point (1168, 747). Other element would receive the click: <li class="select2-results__option" id="select2-gender-0_1-dl-result-2x5c-MS" role="treeitem" aria-selected="false">...</li>
  (Session info: chrome=62.0.3202.94)
  (Driver info: chromedriver=2.33.506120 (e3e53437346286c0bc2d2dc9aa4915ba81d9023f),platform=Windows NT 6.3.9600 x86_64) (WARNING: The server did not provide any stacktrace information)
Command duration or timeout: 0 milliseconds
Build info: version: '3.7.1', revision: '8a0099a', time: '2017-11-06T21:07:36.161Z'
System info: host: 'NEACSUNEW-PC', ip: '10.10.10.211', os.name: 'Windows 8.1', os.arch: 'amd64', os.version: '6.3', java.version: '1.8.0_102'
Driver info: com.kms.katalon.selenium.driver.CChromeDriver
Capabilities {acceptSslCerts: true, applicationCacheEnabled: false, browserConnectionEnabled: false, browserName: chrome, chrome: {chromedriverVersion: 2.33.506120 (e3e53437346286..., userDataDir: C:\Users\Cornel\AppData\Loc...}, cssSelectorsEnabled: true, databaseEnabled: false, handlesAlerts: true, hasTouchScreen: false, javascriptEnabled: true, locationContextEnabled: true, mobileEmulationEnabled: false, nativeEvents: true, networkConnectionEnabled: false, pageLoadStrategy: normal, platform: XP, platformName: XP, rotatable: false, setWindowRect: true, takesHeapSnapshot: true, takesScreenshot: true, unexpectedAlertBehaviour: , unhandledPromptBehavior: , version: 62.0.3202.94, webStorageEnabled: true}
Session ID: 6c64b4659f40048c1cd04ff5dac7ed04)
[[ATTACHMENT|D:\\Software testing\\Tourpaq\\Automated Katalon tests\\Primo WB test\\Reports\\WB Primo From Excel URLs\\20171204_131551\\1512386579820.png]]

2017-12-04 13:23:00 - [TEST_STEP][PASSED] - Statement - If (i == 1 & j == 1): null

2017-12-04 13:23:00 - [TEST_STEP][PASSED] - Statement - randomPaxIndex = java.lang.Math.abs(new java.util.Random().nextInt() % excelRowNo) + 1: null

2017-12-04 13:23:00 - [TEST_STEP][PASSED] - Statement - fname = rawData.getValue("FirstName", randomPaxIndex) + " AUT": null

2017-12-04 13:23:00 - [TEST_STEP][PASSED] - Statement - lname = rawData.getValue("LastName", randomPaxIndex): null

2017-12-04 13:23:00 - [TEST_STEP][PASSED] - Statement - pgender = rawData.getValue("Gender", randomPaxIndex): null

2017-12-04 13:23:00 - [TEST_STEP][PASSED] - Statement - pday = rawData.getValue("Day DOB", randomPaxIndex): null

2017-12-04 13:23:00 - [TEST_STEP][PASSED] - Statement - pmonth = rawData.getValue("Month DOB", randomPaxIndex): null

2017-12-04 13:23:00 - [TEST_STEP][PASSED] - Statement - pyear = rawData.getValue("Year DOB", randomPaxIndex): null

2017-12-04 13:23:00 - [TEST_STEP][PASSED] - Statement - paxDetailFields = paxInRoomXpath + "[" + j + "]/div[@class="col-md-x col-md-9"]/div[@class="row paxContainer"][1]/div[contains(@class,"paxAttribute")]": null

2017-12-04 13:23:00 - [TEST_STEP][PASSED] - Statement - xpathval = paxDetailFields + "[1]/div[contains(@class,"form-group")]/input[contains(@class,"paxFirstName")]": null

2017-12-04 13:23:00 - [TEST_STEP][PASSED] - Statement - println("fn: " + xpathval): null

2017-12-04 13:23:00 - [TEST_STEP][PASSED] - Statement - repObj = com.kms.katalon.core.testobject.ObjectRepository.findTestObject(Object Repository/PrimoTours/LandingPage/secondPaxFirstNameField): Finding Test Object with id 'Object Repository/PrimoTours/LandingPage/secondPaxFirstNameField'

2017-12-04 13:23:00 - [TEST_STEP][PASSED] - Statement - repObj.findProperty("xpath").setValue(xpathval): null

2017-12-04 13:23:00 - [TEST_STEP][PASSED] - setText: Text 'Kjellman AUT' is set on object 'Object Repository/PrimoTours/LandingPage/secondPaxFirstNameField'

2017-12-04 13:23:00 - [MESSAGE][PASSED] - Text 'Kjellman AUT' is set on object 'Object Repository/PrimoTours/LandingPage/secondPaxFirstNameField'

2017-12-04 13:23:00 - [TEST_STEP][PASSED] - Statement - xpathval = paxDetailFields + "[2]/div[contains(@class,"form-group")]/input[contains(@class,"paxLastName")]": null

2017-12-04 13:23:00 - [TEST_STEP][PASSED] - Statement - println("ln: " + xpathval): null

2017-12-04 13:23:00 - [TEST_STEP][PASSED] - Statement - repObj = com.kms.katalon.core.testobject.ObjectRepository.findTestObject(Object Repository/PrimoTours/LandingPage/secondPaxFirstNameField): Finding Test Object with id 'Object Repository/PrimoTours/LandingPage/secondPaxFirstNameField'

2017-12-04 13:23:00 - [TEST_STEP][PASSED] - Statement - repObj.findProperty("xpath").setValue(xpathval): null

2017-12-04 13:23:00 - [TEST_STEP][PASSED] - setText: Text 'Majbritt' is set on object 'Object Repository/PrimoTours/LandingPage/secondPaxFirstNameField'

2017-12-04 13:23:00 - [MESSAGE][PASSED] - Text 'Majbritt' is set on object 'Object Repository/PrimoTours/LandingPage/secondPaxFirstNameField'

2017-12-04 13:23:00 - [TEST_STEP][PASSED] - Statement - repObj = com.kms.katalon.core.testobject.ObjectRepository.findTestObject(Object Repository/PrimoTours/LandingPage/secondPaxFirstNameField): Finding Test Object with id 'Object Repository/PrimoTours/LandingPage/secondPaxFirstNameField'

2017-12-04 13:23:00 - [TEST_STEP][PASSED] - Statement - xpathval = paxDetailFields + "[3]/div[contains(@class,"paxGenderSelectorContainer")]/span[contains(@class,"select2 select2-container")]/span[contains(@class,"selection")]/span[contains(@class,"select2-selection")]": null

2017-12-04 13:23:00 - [TEST_STEP][PASSED] - Statement - println("gender: " + xpathval): null

2017-12-04 13:23:00 - [TEST_STEP][PASSED] - Statement - repObj.findProperty("xpath").setValue(xpathval): null

2017-12-04 13:23:00 - [TEST_STEP][PASSED] - click: Object: 'Object Repository/PrimoTours/LandingPage/secondPaxFirstNameField' is clicked on

2017-12-04 13:23:00 - [MESSAGE][PASSED] - Object: 'Object Repository/PrimoTours/LandingPage/secondPaxFirstNameField' is clicked on

2017-12-04 13:23:00 - [TEST_STEP][PASSED] - Statement - paxInRoomXpath = "id("passengersContainer_" + i - 1 + "")/div[@class="col-md-12"]/div[@class="row"]": null

2017-12-04 13:23:00 - [TEST_STEP][PASSED] - Statement - println("paxInRoomXpath=" + paxInRoomXpath): null

2017-12-04 13:23:00 - [TEST_STEP][PASSED] - Statement - paxInRoomCount = driver.findElements(org.openqa.selenium.By.xpath(paxInRoomXpath)).size(): null

2017-12-04 13:23:00 - [TEST_STEP][PASSED] - Statement - println("paxInRoomCount=" + paxInRoomCount): null

2017-12-04 13:23:00 - [TEST_STEP][PASSED] - Statement - For ([j = 1, j <= paxInRoomCount, (j++)]): Object: 'Object Repository/PrimoTours/LandingPage/secondPaxFirstNameField' is clicked on

2017-12-04 13:23:00 - [TEST_STEP][PASSED] - Statement - If (i == 1 & j == 1): null

2017-12-04 13:23:00 - [TEST_STEP][PASSED] - Statement - randomPaxIndex = java.lang.Math.abs(new java.util.Random().nextInt() % excelRowNo) + 1: null

2017-12-04 13:23:00 - [TEST_STEP][PASSED] - Statement - fname = rawData.getValue("FirstName", randomPaxIndex) + " AUT": null

2017-12-04 13:23:00 - [TEST_STEP][PASSED] - Statement - lname = rawData.getValue("LastName", randomPaxIndex): null

2017-12-04 13:23:00 - [TEST_STEP][PASSED] - Statement - pgender = rawData.getValue("Gender", randomPaxIndex): null

2017-12-04 13:23:00 - [TEST_STEP][PASSED] - Statement - pday = rawData.getValue("Day DOB", randomPaxIndex): null

2017-12-04 13:23:00 - [TEST_STEP][PASSED] - Statement - pmonth = rawData.getValue("Month DOB", randomPaxIndex): null

2017-12-04 13:23:00 - [TEST_STEP][PASSED] - Statement - pyear = rawData.getValue("Year DOB", randomPaxIndex): null

2017-12-04 13:23:00 - [TEST_STEP][PASSED] - Statement - paxDetailFields = paxInRoomXpath + "[" + j + "]/div[@class="col-md-x col-md-9"]/div[@class="row paxContainer"][1]/div[contains(@class,"paxAttribute")]": null

2017-12-04 13:23:00 - [TEST_STEP][PASSED] - Statement - xpathval = paxDetailFields + "[1]/div[contains(@class,"form-group")]/input[contains(@class,"paxFirstName")]": null

2017-12-04 13:23:00 - [TEST_STEP][PASSED] - Statement - println("fn: " + xpathval): null

2017-12-04 13:23:00 - [TEST_STEP][PASSED] - Statement - repObj = com.kms.katalon.core.testobject.ObjectRepository.findTestObject(Object Repository/PrimoTours/LandingPage/secondPaxFirstNameField): Finding Test Object with id 'Object Repository/PrimoTours/LandingPage/secondPaxFirstNameField'

2017-12-04 13:23:00 - [TEST_STEP][PASSED] - Statement - repObj.findProperty("xpath").setValue(xpathval): null

2017-12-04 13:23:00 - [TEST_STEP][PASSED] - setText: Text 'Bennedsen AUT' is set on object 'Object Repository/PrimoTours/LandingPage/secondPaxFirstNameField'

2017-12-04 13:23:01 - [MESSAGE][PASSED] - Text 'Bennedsen AUT' is set on object 'Object Repository/PrimoTours/LandingPage/secondPaxFirstNameField'

2017-12-04 13:23:01 - [TEST_STEP][PASSED] - Statement - xpathval = paxDetailFields + "[2]/div[contains(@class,"form-group")]/input[contains(@class,"paxLastName")]": null

2017-12-04 13:23:01 - [TEST_STEP][PASSED] - Statement - println("ln: " + xpathval): null

2017-12-04 13:23:01 - [TEST_STEP][PASSED] - Statement - repObj = com.kms.katalon.core.testobject.ObjectRepository.findTestObject(Object Repository/PrimoTours/LandingPage/secondPaxFirstNameField): Finding Test Object with id 'Object Repository/PrimoTours/LandingPage/secondPaxFirstNameField'

2017-12-04 13:23:01 - [TEST_STEP][PASSED] - Statement - repObj.findProperty("xpath").setValue(xpathval): null

2017-12-04 13:23:01 - [TEST_STEP][PASSED] - setText: Text 'Marianne Mulvad' is set on object 'Object Repository/PrimoTours/LandingPage/secondPaxFirstNameField'

2017-12-04 13:23:01 - [MESSAGE][PASSED] - Text 'Marianne Mulvad' is set on object 'Object Repository/PrimoTours/LandingPage/secondPaxFirstNameField'

2017-12-04 13:23:01 - [TEST_STEP][PASSED] - Statement - repObj = com.kms.katalon.core.testobject.ObjectRepository.findTestObject(Object Repository/PrimoTours/LandingPage/secondPaxFirstNameField): Finding Test Object with id 'Object Repository/PrimoTours/LandingPage/secondPaxFirstNameField'

2017-12-04 13:23:01 - [TEST_STEP][PASSED] - Statement - xpathval = paxDetailFields + "[3]/div[contains(@class,"paxGenderSelectorContainer")]/span[contains(@class,"select2 select2-container")]/span[contains(@class,"selection")]/span[contains(@class,"select2-selection")]": null

2017-12-04 13:23:01 - [TEST_STEP][PASSED] - Statement - println("gender: " + xpathval): null

2017-12-04 13:23:01 - [TEST_STEP][PASSED] - Statement - repObj.findProperty("xpath").setValue(xpathval): null

2017-12-04 13:23:01 - [TEST_STEP][PASSED] - click: Object: 'Object Repository/PrimoTours/LandingPage/secondPaxFirstNameField' is clicked on

2017-12-04 13:23:01 - [MESSAGE][PASSED] - Object: 'Object Repository/PrimoTours/LandingPage/secondPaxFirstNameField' is clicked on

2017-12-04 13:23:01 - [TEST_STEP][PASSED] - Statement - If (i == 1 & j == 1): null

2017-12-04 13:23:01 - [TEST_STEP][PASSED] - Statement - randomPaxIndex = java.lang.Math.abs(new java.util.Random().nextInt() % excelRowNo) + 1: null

2017-12-04 13:23:01 - [TEST_STEP][PASSED] - Statement - fname = rawData.getValue("FirstName", randomPaxIndex) + " AUT": null

2017-12-04 13:23:01 - [TEST_STEP][PASSED] - Statement - lname = rawData.getValue("LastName", randomPaxIndex): null

2017-12-04 13:23:01 - [TEST_STEP][PASSED] - Statement - pgender = rawData.getValue("Gender", randomPaxIndex): null

2017-12-04 13:23:01 - [TEST_STEP][PASSED] - Statement - pday = rawData.getValue("Day DOB", randomPaxIndex): null

2017-12-04 13:23:01 - [TEST_STEP][PASSED] - Statement - pmonth = rawData.getValue("Month DOB", randomPaxIndex): null

2017-12-04 13:23:01 - [TEST_STEP][PASSED] - Statement - pyear = rawData.getValue("Year DOB", randomPaxIndex): null

2017-12-04 13:23:01 - [TEST_STEP][PASSED] - Statement - paxDetailFields = paxInRoomXpath + "[" + j + "]/div[@class="col-md-x col-md-9"]/div[@class="row paxContainer"][1]/div[contains(@class,"paxAttribute")]": null

2017-12-04 13:23:01 - [TEST_STEP][PASSED] - Statement - xpathval = paxDetailFields + "[1]/div[contains(@class,"form-group")]/input[contains(@class,"paxFirstName")]": null

2017-12-04 13:23:01 - [TEST_STEP][PASSED] - Statement - println("fn: " + xpathval): null

2017-12-04 13:23:01 - [TEST_STEP][PASSED] - Statement - repObj = com.kms.katalon.core.testobject.ObjectRepository.findTestObject(Object Repository/PrimoTours/LandingPage/secondPaxFirstNameField): Finding Test Object with id 'Object Repository/PrimoTours/LandingPage/secondPaxFirstNameField'

2017-12-04 13:23:01 - [TEST_STEP][PASSED] - Statement - repObj.findProperty("xpath").setValue(xpathval): null

2017-12-04 13:23:01 - [TEST_STEP][PASSED] - setText: Text 'Rosenkjær AUT' is set on object 'Object Repository/PrimoTours/LandingPage/secondPaxFirstNameField'

2017-12-04 13:23:01 - [MESSAGE][PASSED] - Text 'Rosenkjær AUT' is set on object 'Object Repository/PrimoTours/LandingPage/secondPaxFirstNameField'

2017-12-04 13:23:01 - [TEST_STEP][PASSED] - Statement - xpathval = paxDetailFields + "[2]/div[contains(@class,"form-group")]/input[contains(@class,"paxLastName")]": null

2017-12-04 13:23:01 - [TEST_STEP][PASSED] - Statement - println("ln: " + xpathval): null

2017-12-04 13:23:01 - [TEST_STEP][PASSED] - Statement - repObj = com.kms.katalon.core.testobject.ObjectRepository.findTestObject(Object Repository/PrimoTours/LandingPage/secondPaxFirstNameField): Finding Test Object with id 'Object Repository/PrimoTours/LandingPage/secondPaxFirstNameField'

2017-12-04 13:23:01 - [TEST_STEP][PASSED] - Statement - repObj.findProperty("xpath").setValue(xpathval): null

2017-12-04 13:23:01 - [TEST_STEP][PASSED] - setText: Text 'Max' is set on object 'Object Repository/PrimoTours/LandingPage/secondPaxFirstNameField'

2017-12-04 13:23:01 - [MESSAGE][PASSED] - Text 'Max' is set on object 'Object Repository/PrimoTours/LandingPage/secondPaxFirstNameField'

2017-12-04 13:23:01 - [TEST_STEP][PASSED] - Statement - repObj = com.kms.katalon.core.testobject.ObjectRepository.findTestObject(Object Repository/PrimoTours/LandingPage/secondPaxFirstNameField): Finding Test Object with id 'Object Repository/PrimoTours/LandingPage/secondPaxFirstNameField'

2017-12-04 13:23:01 - [TEST_STEP][PASSED] - Statement - xpathval = paxDetailFields + "[3]/div[contains(@class,"paxGenderSelectorContainer")]/span[contains(@class,"select2 select2-container")]/span[contains(@class,"selection")]/span[contains(@class,"select2-selection")]": null

2017-12-04 13:23:01 - [TEST_STEP][PASSED] - Statement - println("gender: " + xpathval): null

2017-12-04 13:23:01 - [TEST_STEP][PASSED] - Statement - repObj.findProperty("xpath").setValue(xpathval): null

2017-12-04 13:23:01 - [TEST_STEP][PASSED] - click: Object: 'Object Repository/PrimoTours/LandingPage/secondPaxFirstNameField' is clicked on

2017-12-04 13:23:01 - [MESSAGE][PASSED] - Object: 'Object Repository/PrimoTours/LandingPage/secondPaxFirstNameField' is clicked on

2017-12-04 13:23:01 - [TEST_STEP][PASSED] - scrollToElement: Scroll to object 'Object Repository/PrimoTours/Old Objects/Coco (1)/PrimoT/SaveBooking2/Success/bookingTotalValue' successfully

2017-12-04 13:23:01 - [MESSAGE][PASSED] - Scroll to object 'Object Repository/PrimoTours/Old Objects/Coco (1)/PrimoT/SaveBooking2/Success/bookingTotalValue' successfully

2017-12-04 13:23:01 - [TEST_STEP][PASSED] - click: Object: 'Object Repository/PrimoTours/Old Objects/Coco (1)/PrimoT/SaveBooking2/Success/bookingTotalValue' is clicked on

2017-12-04 13:23:02 - [MESSAGE][PASSED] - Object: 'Object Repository/PrimoTours/Old Objects/Coco (1)/PrimoT/SaveBooking2/Success/bookingTotalValue' is clicked on

2017-12-04 13:23:02 - [TEST_STEP][PASSED] - scrollToElement: Scroll to object 'Object Repository/PrimoTours/Old Objects/Coco (1)/PrimoT/SaveBooking2/Success/Page_Primo Tours  Danmarks bedste c/nextButtonOnLandingPage' successfully

2017-12-04 13:23:02 - [MESSAGE][PASSED] - Scroll to object 'Object Repository/PrimoTours/Old Objects/Coco (1)/PrimoT/SaveBooking2/Success/Page_Primo Tours  Danmarks bedste c/nextButtonOnLandingPage' successfully

2017-12-04 13:23:02 - [TEST_STEP][PASSED] - waitForElementClickable: Object 'Object Repository/PrimoTours/Old Objects/Coco (1)/PrimoT/SaveBooking2/Success/Page_Primo Tours  Danmarks bedste c/nextButtonOnLandingPage' is clickable

2017-12-04 13:23:02 - [MESSAGE][PASSED] - Object 'Object Repository/PrimoTours/Old Objects/Coco (1)/PrimoT/SaveBooking2/Success/Page_Primo Tours  Danmarks bedste c/nextButtonOnLandingPage' is clickable

2017-12-04 13:23:02 - [TEST_STEP][PASSED] - waitForElementVisible: Object 'Object Repository/PrimoTours/Old Objects/Coco (1)/PrimoT/SaveBooking2/Success/Page_Primo Tours  Danmarks bedste c/nextButtonOnLandingPage' is visible

2017-12-04 13:23:02 - [MESSAGE][PASSED] - Object 'Object Repository/PrimoTours/Old Objects/Coco (1)/PrimoT/SaveBooking2/Success/Page_Primo Tours  Danmarks bedste c/nextButtonOnLandingPage' is visible

2017-12-04 13:23:02 - [TEST_STEP][PASSED] - scrollToElement: Scroll to object 'Object Repository/PrimoTours/Old Objects/Coco (1)/PrimoT/SaveBooking2/Success/Page_Primo Tours  Danmarks bedste c/nextButtonOnLandingPage' successfully

2017-12-04 13:23:02 - [MESSAGE][PASSED] - Scroll to object 'Object Repository/PrimoTours/Old Objects/Coco (1)/PrimoT/SaveBooking2/Success/Page_Primo Tours  Danmarks bedste c/nextButtonOnLandingPage' successfully

2017-12-04 13:23:02 - [TEST_STEP][PASSED] - click: Object: 'Object Repository/PrimoTours/Old Objects/Coco (1)/PrimoT/SaveBooking2/Success/Page_Primo Tours  Danmarks bedste c/nextButtonOnLandingPage' is clicked on

2017-12-04 13:23:02 - [MESSAGE][PASSED] - Object: 'Object Repository/PrimoTours/Old Objects/Coco (1)/PrimoT/SaveBooking2/Success/Page_Primo Tours  Danmarks bedste c/nextButtonOnLandingPage' is clicked on

2017-12-04 13:23:02 - [TEST_STEP][PASSED] - delay: Delayed 3 second(s)

2017-12-04 13:23:05 - [MESSAGE][PASSED] - Delayed 3 second(s)

2017-12-04 13:23:05 - [TEST_STEP][PASSED] - waitForElementNotVisible: Object 'Object Repository/PrimoTours/Old Objects/CCenter/pageLoaderOverlayLayer' is NOT visible

2017-12-04 13:23:05 - [MESSAGE][PASSED] - Object 'Object Repository/PrimoTours/Old Objects/CCenter/pageLoaderOverlayLayer' is NOT visible

2017-12-04 13:23:05 - [TEST_STEP][PASSED] - scrollToElement: Scroll to object 'Object Repository/PrimoTours/Old Objects/Coco/PrimoT/Ins2/Page_Primo Tours  Danmarks bedste c/travelInsuranceFirstPaxSelector' successfully

2017-12-04 13:23:05 - [MESSAGE][PASSED] - Scroll to object 'Object Repository/PrimoTours/Old Objects/Coco/PrimoT/Ins2/Page_Primo Tours  Danmarks bedste c/travelInsuranceFirstPaxSelector' successfully

2017-12-04 13:23:05 - [TEST_STEP][PASSED] - waitForElementPresent: Object 'Object Repository/PrimoTours/Old Objects/Coco/PrimoT/Ins2/Page_Primo Tours  Danmarks bedste c/travelInsuranceFirstPaxSelector' is present

2017-12-04 13:23:05 - [MESSAGE][PASSED] - Object 'Object Repository/PrimoTours/Old Objects/Coco/PrimoT/Ins2/Page_Primo Tours  Danmarks bedste c/travelInsuranceFirstPaxSelector' is present

2017-12-04 13:23:05 - [TEST_STEP][PASSED] - waitForElementVisible: Object 'Object Repository/PrimoTours/Old Objects/Coco/PrimoT/Ins2/Page_Primo Tours  Danmarks bedste c/travelInsuranceFirstPaxSelector' is visible

2017-12-04 13:23:05 - [MESSAGE][PASSED] - Object 'Object Repository/PrimoTours/Old Objects/Coco/PrimoT/Ins2/Page_Primo Tours  Danmarks bedste c/travelInsuranceFirstPaxSelector' is visible

2017-12-04 13:23:05 - [TEST_STEP][PASSED] - waitForElementClickable: Object 'Object Repository/PrimoTours/Old Objects/Coco/PrimoT/Ins2/Page_Primo Tours  Danmarks bedste c/travelInsuranceFirstPaxSelector' is clickable

2017-12-04 13:23:05 - [MESSAGE][PASSED] - Object 'Object Repository/PrimoTours/Old Objects/Coco/PrimoT/Ins2/Page_Primo Tours  Danmarks bedste c/travelInsuranceFirstPaxSelector' is clickable

2017-12-04 13:23:05 - [TEST_STEP][PASSED] - click: Object: 'Object Repository/PrimoTours/Old Objects/Coco/PrimoT/Ins2/Page_Primo Tours  Danmarks bedste c/travelInsuranceFirstPaxSelector' is clicked on

2017-12-04 13:23:05 - [MESSAGE][PASSED] - Object: 'Object Repository/PrimoTours/Old Objects/Coco/PrimoT/Ins2/Page_Primo Tours  Danmarks bedste c/travelInsuranceFirstPaxSelector' is clicked on

2017-12-04 13:23:05 - [TEST_STEP][PASSED] - Statement - Try: Object: 'Object Repository/PrimoTours/Old Objects/Coco/PrimoT/Ins2/Page_Primo Tours  Danmarks bedste c/firstTravelInsuranceOption' is clicked on

2017-12-04 13:23:05 - [TEST_STEP][PASSED] - click: Object: 'Object Repository/PrimoTours/Old Objects/Coco/PrimoT/Ins2/Page_Primo Tours  Danmarks bedste c/firstTravelInsuranceOption' is clicked on

2017-12-04 13:23:05 - [MESSAGE][PASSED] - Object: 'Object Repository/PrimoTours/Old Objects/Coco/PrimoT/Ins2/Page_Primo Tours  Danmarks bedste c/firstTravelInsuranceOption' is clicked on

2017-12-04 13:23:05 - [TEST_STEP][NOT_RUN] - click: NOT_RUN: click

2017-12-04 13:23:05 - [MESSAGE][NOT_RUN] - NOT_RUN: click

2017-12-04 13:23:05 - [TEST_STEP][NOT_RUN] - scrollToElement: NOT_RUN: scrollToElement

2017-12-04 13:23:05 - [MESSAGE][NOT_RUN] - NOT_RUN: scrollToElement

2017-12-04 13:23:05 - [TEST_STEP][NOT_RUN] - click: NOT_RUN: click

2017-12-04 13:23:05 - [MESSAGE][NOT_RUN] - NOT_RUN: click

2017-12-04 13:23:05 - [TEST_STEP][PASSED] - waitForElementVisible: Object 'Object Repository/PrimoTours/Old Objects/Coco (1)/PrimoT/SaveBooking2/Page_Primo Tours  Danmarks bedste c/individualInsuranceCheckbox' is visible

2017-12-04 13:23:05 - [MESSAGE][PASSED] - Object 'Object Repository/PrimoTours/Old Objects/Coco (1)/PrimoT/SaveBooking2/Page_Primo Tours  Danmarks bedste c/individualInsuranceCheckbox' is visible

2017-12-04 13:23:05 - [TEST_STEP][PASSED] - scrollToElement: Scroll to object 'Object Repository/PrimoTours/Old Objects/Coco (1)/PrimoT/SaveBooking2/Page_Primo Tours  Danmarks bedste c/individualInsuranceCheckbox' successfully

2017-12-04 13:23:05 - [MESSAGE][PASSED] - Scroll to object 'Object Repository/PrimoTours/Old Objects/Coco (1)/PrimoT/SaveBooking2/Page_Primo Tours  Danmarks bedste c/individualInsuranceCheckbox' successfully

2017-12-04 13:23:05 - [TEST_STEP][PASSED] - click: Object: 'Object Repository/PrimoTours/Old Objects/Coco (1)/PrimoT/SaveBooking2/Page_Primo Tours  Danmarks bedste c/individualInsuranceCheckbox' is clicked on

2017-12-04 13:23:05 - [MESSAGE][PASSED] - Object: 'Object Repository/PrimoTours/Old Objects/Coco (1)/PrimoT/SaveBooking2/Page_Primo Tours  Danmarks bedste c/individualInsuranceCheckbox' is clicked on

2017-12-04 13:23:05 - [TEST_STEP][PASSED] - scrollToElement: Scroll to object 'Object Repository/PrimoTours/Old Objects/Coco (1)/PrimoT/SaveBooking2/Success/firstProdCategIndividualSelectionRadioB' successfully

2017-12-04 13:23:05 - [MESSAGE][PASSED] - Scroll to object 'Object Repository/PrimoTours/Old Objects/Coco (1)/PrimoT/SaveBooking2/Success/firstProdCategIndividualSelectionRadioB' successfully

2017-12-04 13:23:05 - [TEST_STEP][PASSED] - waitForElementClickable: Object 'Object Repository/PrimoTours/Old Objects/Coco (1)/PrimoT/SaveBooking2/Success/firstProdCategIndividualSelectionRadioB' is clickable

2017-12-04 13:23:05 - [MESSAGE][PASSED] - Object 'Object Repository/PrimoTours/Old Objects/Coco (1)/PrimoT/SaveBooking2/Success/firstProdCategIndividualSelectionRadioB' is clickable

2017-12-04 13:23:05 - [TEST_STEP][PASSED] - scrollToElement: Scroll to object 'Object Repository/PrimoTours/Old Objects/Coco (1)/PrimoT/SaveBooking2/Success/firstProdCategIndividualSelectionRadioB' successfully

2017-12-04 13:23:06 - [MESSAGE][PASSED] - Scroll to object 'Object Repository/PrimoTours/Old Objects/Coco (1)/PrimoT/SaveBooking2/Success/firstProdCategIndividualSelectionRadioB' successfully

2017-12-04 13:23:06 - [TEST_STEP][PASSED] - click: Object: 'Object Repository/PrimoTours/Old Objects/Coco (1)/PrimoT/SaveBooking2/Success/firstProdCategIndividualSelectionRadioB' is clicked on

2017-12-04 13:23:06 - [MESSAGE][PASSED] - Object: 'Object Repository/PrimoTours/Old Objects/Coco (1)/PrimoT/SaveBooking2/Success/firstProdCategIndividualSelectionRadioB' is clicked on

2017-12-04 13:23:06 - [TEST_STEP][PASSED] - scrollToElement: Scroll to object 'Object Repository/PrimoTours/Old Objects/Coco (1)/PrimoT/SaveBooking2/Success/firstProdCategSelectForAllPaxCheckbox' successfully

2017-12-04 13:23:06 - [MESSAGE][PASSED] - Scroll to object 'Object Repository/PrimoTours/Old Objects/Coco (1)/PrimoT/SaveBooking2/Success/firstProdCategSelectForAllPaxCheckbox' successfully

2017-12-04 13:23:06 - [TEST_STEP][PASSED] - waitForElementClickable: Object 'Object Repository/PrimoTours/Old Objects/Coco (1)/PrimoT/SaveBooking2/Success/firstProdCategSelectForAllPaxCheckbox' is clickable

2017-12-04 13:23:06 - [MESSAGE][PASSED] - Object 'Object Repository/PrimoTours/Old Objects/Coco (1)/PrimoT/SaveBooking2/Success/firstProdCategSelectForAllPaxCheckbox' is clickable

2017-12-04 13:23:06 - [TEST_STEP][PASSED] - click: Object: 'Object Repository/PrimoTours/Old Objects/Coco (1)/PrimoT/SaveBooking2/Success/firstProdCategSelectForAllPaxCheckbox' is clicked on

2017-12-04 13:23:06 - [MESSAGE][PASSED] - Object: 'Object Repository/PrimoTours/Old Objects/Coco (1)/PrimoT/SaveBooking2/Success/firstProdCategSelectForAllPaxCheckbox' is clicked on

2017-12-04 13:23:06 - [TEST_STEP][NOT_RUN] - scrollToElement: NOT_RUN: scrollToElement

2017-12-04 13:23:06 - [MESSAGE][NOT_RUN] - NOT_RUN: scrollToElement

2017-12-04 13:23:06 - [TEST_STEP][NOT_RUN] - scrollToElement: NOT_RUN: scrollToElement

2017-12-04 13:23:06 - [MESSAGE][NOT_RUN] - NOT_RUN: scrollToElement

2017-12-04 13:23:06 - [TEST_STEP][NOT_RUN] - click: NOT_RUN: click

2017-12-04 13:23:06 - [MESSAGE][NOT_RUN] - NOT_RUN: click

2017-12-04 13:23:06 - [TEST_STEP][PASSED] - scrollToElement: Scroll to object 'Object Repository/PrimoTours/ConfirmationPage/agreeTermsAndCondCheckbox' successfully

2017-12-04 13:23:06 - [MESSAGE][PASSED] - Scroll to object 'Object Repository/PrimoTours/ConfirmationPage/agreeTermsAndCondCheckbox' successfully

2017-12-04 13:23:06 - [TEST_STEP][PASSED] - waitForElementClickable: Object 'Object Repository/PrimoTours/ConfirmationPage/agreeTermsAndCondCheckbox' is clickable

2017-12-04 13:23:06 - [MESSAGE][PASSED] - Object 'Object Repository/PrimoTours/ConfirmationPage/agreeTermsAndCondCheckbox' is clickable

2017-12-04 13:23:06 - [TEST_STEP][FAILED] - click: Unable to click on object 'Object Repository/PrimoTours/ConfirmationPage/agreeTermsAndCondCheckbox' (Root cause: org.openqa.selenium.WebDriverException: unknown error: Element <a href="#" class="toggle checkbox kalypto"></a> is not clickable at point (395, 689). Other element would receive the click: <h2>...</h2>
  (Session info: chrome=62.0.3202.94)
  (Driver info: chromedriver=2.33.506120 (e3e53437346286c0bc2d2dc9aa4915ba81d9023f),platform=Windows NT 6.3.9600 x86_64) (WARNING: The server did not provide any stacktrace information)
Command duration or timeout: 0 milliseconds
Build info: version: '3.7.1', revision: '8a0099a', time: '2017-11-06T21:07:36.161Z'
System info: host: 'NEACSUNEW-PC', ip: '10.10.10.211', os.name: 'Windows 8.1', os.arch: 'amd64', os.version: '6.3', java.version: '1.8.0_102'
Driver info: com.kms.katalon.selenium.driver.CChromeDriver
Capabilities {acceptSslCerts: true, applicationCacheEnabled: false, browserConnectionEnabled: false, browserName: chrome, chrome: {chromedriverVersion: 2.33.506120 (e3e53437346286..., userDataDir: C:\Users\Cornel\AppData\Loc...}, cssSelectorsEnabled: true, databaseEnabled: false, handlesAlerts: true, hasTouchScreen: false, javascriptEnabled: true, locationContextEnabled: true, mobileEmulationEnabled: false, nativeEvents: true, networkConnectionEnabled: false, pageLoadStrategy: normal, platform: XP, platformName: XP, rotatable: false, setWindowRect: true, takesHeapSnapshot: true, takesScreenshot: true, unexpectedAlertBehaviour: , unhandledPromptBehavior: , version: 62.0.3202.94, webStorageEnabled: true}
Session ID: 6c64b4659f40048c1cd04ff5dac7ed04)

2017-12-04 13:23:07 - [MESSAGE][FAILED] - Unable to click on object 'Object Repository/PrimoTours/ConfirmationPage/agreeTermsAndCondCheckbox' (Root cause: org.openqa.selenium.WebDriverException: unknown error: Element <a href="#" class="toggle checkbox kalypto"></a> is not clickable at point (395, 689). Other element would receive the click: <h2>...</h2>
  (Session info: chrome=62.0.3202.94)
  (Driver info: chromedriver=2.33.506120 (e3e53437346286c0bc2d2dc9aa4915ba81d9023f),platform=Windows NT 6.3.9600 x86_64) (WARNING: The server did not provide any stacktrace information)
Command duration or timeout: 0 milliseconds
Build info: version: '3.7.1', revision: '8a0099a', time: '2017-11-06T21:07:36.161Z'
System info: host: 'NEACSUNEW-PC', ip: '10.10.10.211', os.name: 'Windows 8.1', os.arch: 'amd64', os.version: '6.3', java.version: '1.8.0_102'
Driver info: com.kms.katalon.selenium.driver.CChromeDriver
Capabilities {acceptSslCerts: true, applicationCacheEnabled: false, browserConnectionEnabled: false, browserName: chrome, chrome: {chromedriverVersion: 2.33.506120 (e3e53437346286..., userDataDir: C:\Users\Cornel\AppData\Loc...}, cssSelectorsEnabled: true, databaseEnabled: false, handlesAlerts: true, hasTouchScreen: false, javascriptEnabled: true, locationContextEnabled: true, mobileEmulationEnabled: false, nativeEvents: true, networkConnectionEnabled: false, pageLoadStrategy: normal, platform: XP, platformName: XP, rotatable: false, setWindowRect: true, takesHeapSnapshot: true, takesScreenshot: true, unexpectedAlertBehaviour: , unhandledPromptBehavior: , version: 62.0.3202.94, webStorageEnabled: true}
Session ID: 6c64b4659f40048c1cd04ff5dac7ed04)
[[ATTACHMENT|D:\\Software testing\\Tourpaq\\Automated Katalon tests\\Primo WB test\\Reports\\WB Primo From Excel URLs\\20171204_131551\\1512386586804.png]]]]></system-out>
         <system-err><![CDATA[2017-12-04 13:22:49 - [TEST_CASE][FAILED] - Test Cases/PrimoTours/WB Primo/WB Primo staging - place booking - Iteration 13: Test Cases/PrimoTours/WB Primo/WB Primo staging - place booking FAILED because (of) Unable to click on object 'Object Repository/PrimoTours/ConfirmationPage/agreeTermsAndCondCheckbox' (Root cause: org.openqa.selenium.WebDriverException: unknown error: Element <a href="#" class="toggle checkbox kalypto"></a> is not clickable at point (395, 689). Other element would receive the click: <h2>...</h2>
  (Session info: chrome=62.0.3202.94)
  (Driver info: chromedriver=2.33.506120 (e3e53437346286c0bc2d2dc9aa4915ba81d9023f),platform=Windows NT 6.3.9600 x86_64) (WARNING: The server did not provide any stacktrace information)
Command duration or timeout: 0 milliseconds
Build info: version: '3.7.1', revision: '8a0099a', time: '2017-11-06T21:07:36.161Z'
System info: host: 'NEACSUNEW-PC', ip: '10.10.10.211', os.name: 'Windows 8.1', os.arch: 'amd64', os.version: '6.3', java.version: '1.8.0_102'
Driver info: com.kms.katalon.selenium.driver.CChromeDriver
Capabilities {acceptSslCerts: true, applicationCacheEnabled: false, browserConnectionEnabled: false, browserName: chrome, chrome: {chromedriverVersion: 2.33.506120 (e3e53437346286..., userDataDir: C:\Users\Cornel\AppData\Loc...}, cssSelectorsEnabled: true, databaseEnabled: false, handlesAlerts: true, hasTouchScreen: false, javascriptEnabled: true, locationContextEnabled: true, mobileEmulationEnabled: false, nativeEvents: true, networkConnectionEnabled: false, pageLoadStrategy: normal, platform: XP, platformName: XP, rotatable: false, setWindowRect: true, takesHeapSnapshot: true, takesScreenshot: true, unexpectedAlertBehaviour: , unhandledPromptBehavior: , version: 62.0.3202.94, webStorageEnabled: true}
Session ID: 6c64b4659f40048c1cd04ff5dac7ed04)]]></system-err>
      </testcase>
      <system-out><![CDATA[2017-12-04 13:15:55 - [TEST_SUITE][FAILED] - WB Primo From Excel URLs: Test Cases/PrimoTours/WB Primo/WB Primo staging - place booking FAILED because (of) Unable to click on object 'Object Repository/PrimoTours/Old Objects/ThankYouPage/printTicketSpan' (Root cause: org.openqa.selenium.WebDriverException: unknown error: Element <span id="printTicketSpan" data-bind="text: tourpaq.bookingEngine.languageStaticResources.PrintReceipt">...</span> is not clickable at point (508, 319). Other element would receive the click: <div class="se-pre-con" id="booking-overlay" style="opacity: 0.00394265;"></div>
  (Session info: chrome=62.0.3202.94)
  (Driver info: chromedriver=2.33.506120 (e3e53437346286c0bc2d2dc9aa4915ba81d9023f),platform=Windows NT 6.3.9600 x86_64) (WARNING: The server did not provide any stacktrace information)
Command duration or timeout: 0 milliseconds
Build info: version: '3.7.1', revision: '8a0099a', time: '2017-11-06T21:07:36.161Z'
System info: host: 'NEACSUNEW-PC', ip: '10.10.10.211', os.name: 'Windows 8.1', os.arch: 'amd64', os.version: '6.3', java.version: '1.8.0_102'
Driver info: com.kms.katalon.selenium.driver.CChromeDriver
Capabilities {acceptSslCerts: true, applicationCacheEnabled: false, browserConnectionEnabled: false, browserName: chrome, chrome: {chromedriverVersion: 2.33.506120 (e3e53437346286..., userDataDir: C:\Users\Cornel\AppData\Loc...}, cssSelectorsEnabled: true, databaseEnabled: false, handlesAlerts: true, hasTouchScreen: false, javascriptEnabled: true, locationContextEnabled: true, mobileEmulationEnabled: false, nativeEvents: true, networkConnectionEnabled: false, pageLoadStrategy: normal, platform: XP, platformName: XP, rotatable: false, setWindowRect: true, takesHeapSnapshot: true, takesScreenshot: true, unexpectedAlertBehaviour: , unhandledPromptBehavior: , version: 62.0.3202.94, webStorageEnabled: true}
Session ID: 22259bd4203b41337bd74e7c43998777)]]></system-out>
      <system-err><![CDATA[2017-12-04 13:15:55 - [TEST_SUITE][FAILED] - WB Primo From Excel URLs: Test Cases/PrimoTours/WB Primo/WB Primo staging - place booking FAILED because (of) Unable to click on object 'Object Repository/PrimoTours/Old Objects/ThankYouPage/printTicketSpan' (Root cause: org.openqa.selenium.WebDriverException: unknown error: Element <span id="printTicketSpan" data-bind="text: tourpaq.bookingEngine.languageStaticResources.PrintReceipt">...</span> is not clickable at point (508, 319). Other element would receive the click: <div class="se-pre-con" id="booking-overlay" style="opacity: 0.00394265;"></div>
  (Session info: chrome=62.0.3202.94)
  (Driver info: chromedriver=2.33.506120 (e3e53437346286c0bc2d2dc9aa4915ba81d9023f),platform=Windows NT 6.3.9600 x86_64) (WARNING: The server did not provide any stacktrace information)
Command duration or timeout: 0 milliseconds
Build info: version: '3.7.1', revision: '8a0099a', time: '2017-11-06T21:07:36.161Z'
System info: host: 'NEACSUNEW-PC', ip: '10.10.10.211', os.name: 'Windows 8.1', os.arch: 'amd64', os.version: '6.3', java.version: '1.8.0_102'
Driver info: com.kms.katalon.selenium.driver.CChromeDriver
Capabilities {acceptSslCerts: true, applicationCacheEnabled: false, browserConnectionEnabled: false, browserName: chrome, chrome: {chromedriverVersion: 2.33.506120 (e3e53437346286..., userDataDir: C:\Users\Cornel\AppData\Loc...}, cssSelectorsEnabled: true, databaseEnabled: false, handlesAlerts: true, hasTouchScreen: false, javascriptEnabled: true, locationContextEnabled: true, mobileEmulationEnabled: false, nativeEvents: true, networkConnectionEnabled: false, pageLoadStrategy: normal, platform: XP, platformName: XP, rotatable: false, setWindowRect: true, takesHeapSnapshot: true, takesScreenshot: true, unexpectedAlertBehaviour: , unhandledPromptBehavior: , version: 62.0.3202.94, webStorageEnabled: true}
Session ID: 22259bd4203b41337bd74e7c43998777)]]></system-err>
   </testsuite>
</testsuites>
