<?xml version="1.0" encoding="UTF-8"?>
<testsuites name="WB Primo From Excel URLs" time="265" tests="5" failures="7" errors="0">
   <testsuite name="WB Primo From Excel URLs" tests="5" failures="7" errors="0" time="265" timestamp="2017-11-28 15:52:52" hostname="Cornel - NEACSUNEW-PC.zlin.roweb.ro" id="Test Suites/WB Primo From Excel URLs">
      <properties>
         <property name="deviceName" value=""/>
         <property name="devicePlatform" value=""/>
         <property name="logFolder" value="D:\\Software testing\\Tourpaq\\Automated Katalon tests\\Primo WB test\\Reports\\WB Primo From Excel URLs\\20171128_155250"/>
         <property name="logFiles" value="D:\\Software testing\\Tourpaq\\Automated Katalon tests\\Primo WB test\\Reports\\WB Primo From Excel URLs\\20171128_155250\\execution0.log"/>
         <property name="attachments" value="D:\\Software testing\\Tourpaq\\Automated Katalon tests\\Primo WB test\\Reports\\WB Primo From Excel URLs\\20171128_155250\\1511877240773.png, D:\\Software testing\\Tourpaq\\Automated Katalon tests\\Primo WB test\\Reports\\WB Primo From Excel URLs\\20171128_155250\\1511877255358.png, D:\\Software testing\\Tourpaq\\Automated Katalon tests\\Primo WB test\\Reports\\WB Primo From Excel URLs\\20171128_155250\\1511877273137.png, D:\\Software testing\\Tourpaq\\Automated Katalon tests\\Primo WB test\\Reports\\WB Primo From Excel URLs\\20171128_155250\\1511877292829.png, D:\\Software testing\\Tourpaq\\Automated Katalon tests\\Primo WB test\\Reports\\WB Primo From Excel URLs\\20171128_155250\\1511877326201.png, D:\\Software testing\\Tourpaq\\Automated Katalon tests\\Primo WB test\\Reports\\WB Primo From Excel URLs\\20171128_155250\\1511877396040.png, D:\\Software testing\\Tourpaq\\Automated Katalon tests\\Primo WB test\\Reports\\WB Primo From Excel URLs\\20171128_155250\\1511877436915.png"/>
         <property name="hostName" value="Cornel - NEACSUNEW-PC.zlin.roweb.ro"/>
         <property name="os" value="Windows 8.1 64bit"/>
         <property name="katalonVersion" value="5.1.0.2"/>
         <property name="browser" value="Chrome 62.0.3202.94"/>
         <property name="hostAddress" value="10.10.10.211"/>
         <property name="sessionId" value="01a845b12e01a3f4ee2402eb15505993"/>
         <property name="seleniumVersion" value="3.7.1"/>
         <property name="proxyInformation" value="ProxyInformation{proxyOption=NO_PROXY, proxyServerType=, password=, proxyServerAddress=, proxyServerPort=0}"/>
         <property name="platform" value="Windows 8.1"/>
      </properties>
      <testcase name="Test Cases/PrimoTours/WB Primo/WB Primo staging - place booking - Iteration 1" classname="Test Cases/PrimoTours/WB Primo/WB Primo staging - place booking" status="PASSED">
         <system-out><![CDATA[2017-11-28 15:52:52 - [TEST_CASE][PASSED] - Test Cases/PrimoTours/WB Primo/WB Primo staging - place booking - Iteration 1: Test Cases/PrimoTours/WB Primo/WB Primo staging - place booking

2017-11-28 15:52:53 - [TEST_STEP][PASSED] - openBrowser: Browser is opened with url: ''

2017-11-28 15:52:56 - [MESSAGE][PASSED] - Browser is opened with url: ''

2017-11-28 15:52:56 - [TEST_STEP][PASSED] - maximizeWindow: Current window maximized

2017-11-28 15:52:57 - [MESSAGE][PASSED] - Current window maximized

2017-11-28 15:52:57 - [TEST_STEP][PASSED] - navigateToUrl: Navigate to 'http://localhost:50029/DoBooking.aspx?pltaID=1480269&p=1&rno=1&pt=1&a=2&c=0&aa=&ca=' successfully

2017-11-28 15:52:58 - [MESSAGE][PASSED] - Navigate to 'http://localhost:50029/DoBooking.aspx?pltaID=1480269&p=1&rno=1&pt=1&a=2&c=0&aa=&ca=' successfully

2017-11-28 15:52:58 - [TEST_STEP][PASSED] - setText: Text 'Pedersen AUT' is set on object 'Object Repository/PrimoTours/Old Objects/Coco/PrimoT/Page_Primo Tours  Danmarks bedste c/input_firstName'

2017-11-28 15:52:59 - [MESSAGE][PASSED] - Text 'Pedersen AUT' is set on object 'Object Repository/PrimoTours/Old Objects/Coco/PrimoT/Page_Primo Tours  Danmarks bedste c/input_firstName'

2017-11-28 15:52:59 - [TEST_STEP][PASSED] - setText: Text 'Vibe Dalby' is set on object 'Object Repository/PrimoTours/Old Objects/Coco/PrimoT/Page_Primo Tours  Danmarks bedste c/input_lastName'

2017-11-28 15:52:59 - [MESSAGE][PASSED] - Text 'Vibe Dalby' is set on object 'Object Repository/PrimoTours/Old Objects/Coco/PrimoT/Page_Primo Tours  Danmarks bedste c/input_lastName'

2017-11-28 15:52:59 - [TEST_STEP][PASSED] - setText: Text 'Home address' is set on object 'Object Repository/PrimoTours/Old Objects/Coco/PrimoT/Page_Primo Tours  Danmarks bedste c/input_customerAddress'

2017-11-28 15:53:00 - [MESSAGE][PASSED] - Text 'Home address' is set on object 'Object Repository/PrimoTours/Old Objects/Coco/PrimoT/Page_Primo Tours  Danmarks bedste c/input_customerAddress'

2017-11-28 15:53:00 - [TEST_STEP][PASSED] - setText: Text '6700' is set on object 'Object Repository/PrimoTours/Old Objects/Coco/PrimoT/Page_Primo Tours  Danmarks bedste c/input_customerPostcode'

2017-11-28 15:53:00 - [MESSAGE][PASSED] - Text '6700' is set on object 'Object Repository/PrimoTours/Old Objects/Coco/PrimoT/Page_Primo Tours  Danmarks bedste c/input_customerPostcode'

2017-11-28 15:53:00 - [TEST_STEP][PASSED] - setText: Text 'cornel.neacsu@roweb.ro' is set on object 'Object Repository/PrimoTours/Old Objects/Coco/PrimoT/Page_Primo Tours  Danmarks bedste c/input_customerEmail'

2017-11-28 15:53:01 - [MESSAGE][PASSED] - Text 'cornel.neacsu@roweb.ro' is set on object 'Object Repository/PrimoTours/Old Objects/Coco/PrimoT/Page_Primo Tours  Danmarks bedste c/input_customerEmail'

2017-11-28 15:53:01 - [TEST_STEP][PASSED] - setText: Text '12345678' is set on object 'Object Repository/PrimoTours/Old Objects/Coco/PrimoT/Page_Primo Tours  Danmarks bedste c/input_customerPhone'

2017-11-28 15:53:01 - [MESSAGE][PASSED] - Text '12345678' is set on object 'Object Repository/PrimoTours/Old Objects/Coco/PrimoT/Page_Primo Tours  Danmarks bedste c/input_customerPhone'

2017-11-28 15:53:01 - [TEST_STEP][PASSED] - Statement - excelInfo = ["fname":"", "lname":"", "pgender":"", "pday":"", "pmonth":"", "pyear":""]: null

2017-11-28 15:53:01 - [TEST_STEP][PASSED] - Statement - rawData = com.kms.katalon.core.testdata.TestDataFactory.findTestData("Data Files/WB_Primo/Passenger_details"): Reading excel file with source file 'D:\Software testing\Tourpaq\Automated Katalon tests\Primo WB test\Data Files\Primo_URLs_For_Automated_Test.xls' and sheet name 'Passenger Names'

2017-11-28 15:53:01 - [TEST_STEP][PASSED] - Statement - excelRowNo = rawData.getRowNumbers(): null

2017-11-28 15:53:01 - [TEST_STEP][PASSED] - Statement - randomPaxIndex = 1: null

2017-11-28 15:53:01 - [TEST_STEP][PASSED] - waitForElementClickable: Object 'Object Repository/PrimoTours/Old Objects/Coco/PrimoT/Page_Primo Tours  Danmarks bedste c/input_firstname-0_1' is clickable

2017-11-28 15:53:02 - [MESSAGE][PASSED] - Object 'Object Repository/PrimoTours/Old Objects/Coco/PrimoT/Page_Primo Tours  Danmarks bedste c/input_firstname-0_1' is clickable

2017-11-28 15:53:02 - [TEST_STEP][PASSED] - Statement - driver = com.kms.katalon.core.webui.driver.DriverFactory.getWebDriver(): null

2017-11-28 15:53:02 - [TEST_STEP][PASSED] - Statement - roomContainerXpath = "id("booking")/div[@class="wrapper second-bg"]/div[contains(@class,"container-mx")]/div[@class="row"]/div[@class="col-md-12 roomContainer"]": null

2017-11-28 15:53:02 - [TEST_STEP][PASSED] - Statement - roomsCount = driver.findElements(org.openqa.selenium.By.xpath(roomContainerXpath)).size(): null

2017-11-28 15:53:02 - [TEST_STEP][PASSED] - Statement - println("roomsCount=" + roomsCount): null

2017-11-28 15:53:02 - [TEST_STEP][PASSED] - Statement - For ([i = 1, i <= roomsCount, (i++)]): Text 'Laura Greve' is set on object 'Object Repository/PrimoTours/Old Objects/allPaxLastNameFields'

2017-11-28 15:53:02 - [TEST_STEP][PASSED] - Statement - paxInRoomXpath = roomContainerXpath + "[" + i + "]/div[@class="row"]/div[@class="col-md-12"]/div[@class="row"]": null

2017-11-28 15:53:02 - [TEST_STEP][PASSED] - Statement - paxInRoomCount = driver.findElements(org.openqa.selenium.By.xpath(paxInRoomXpath)).size(): null

2017-11-28 15:53:02 - [TEST_STEP][PASSED] - Statement - println("paxInRoomCount=" + paxInRoomCount): null

2017-11-28 15:53:02 - [TEST_STEP][PASSED] - Statement - For ([j = 1, j <= paxInRoomCount, (j++)]): Text 'Laura Greve' is set on object 'Object Repository/PrimoTours/Old Objects/allPaxLastNameFields'

2017-11-28 15:53:02 - [TEST_STEP][PASSED] - Statement - If (i == 1 & j == 1): null

2017-11-28 15:53:02 - [TEST_STEP][PASSED] - Statement - <not implemented yet for class: org.codehaus.groovy.ast.stmt.ContinueStatement>: null

2017-11-28 15:53:02 - [TEST_STEP][PASSED] - Statement - If (i == 1 & j == 1): null

2017-11-28 15:53:02 - [TEST_STEP][PASSED] - Statement - randomPaxIndex = java.lang.Math.abs(new java.util.Random().nextInt() % excelRowNo) + 1: null

2017-11-28 15:53:02 - [TEST_STEP][PASSED] - Statement - println(randomPaxIndex): null

2017-11-28 15:53:02 - [TEST_STEP][PASSED] - Statement - fname = rawData.getValue("FirstName", randomPaxIndex) + " AUT": null

2017-11-28 15:53:02 - [TEST_STEP][PASSED] - Statement - lname = rawData.getValue("LastName", randomPaxIndex): null

2017-11-28 15:53:02 - [TEST_STEP][PASSED] - Statement - pgender = rawData.getValue("Gender", randomPaxIndex): null

2017-11-28 15:53:02 - [TEST_STEP][PASSED] - Statement - pday = rawData.getValue("Day DOB", randomPaxIndex): null

2017-11-28 15:53:02 - [TEST_STEP][PASSED] - Statement - pmonth = rawData.getValue("Month DOB", randomPaxIndex): null

2017-11-28 15:53:02 - [TEST_STEP][PASSED] - Statement - pyear = rawData.getValue("Year DOB", randomPaxIndex): null

2017-11-28 15:53:02 - [TEST_STEP][PASSED] - Statement - paxDetailFields = paxInRoomXpath + "[" + j + "]/div[@class="col-md-x col-md-9"]/div[@class="row paxContainer"]/div[@class="col-md-5"]": null

2017-11-28 15:53:02 - [TEST_STEP][PASSED] - Statement - xpathval = paxDetailFields + "[1]/div[contains(@class,"form-group")]/input[@class="form-control paxFirstName"]": null

2017-11-28 15:53:02 - [TEST_STEP][PASSED] - Statement - println("fn: " + xpathval): null

2017-11-28 15:53:02 - [TEST_STEP][PASSED] - Statement - repObj = com.kms.katalon.core.testobject.ObjectRepository.findTestObject(Object Repository/PrimoTours/Old Objects/allPaxFirstNameFields): Finding Test Object with id 'Object Repository/PrimoTours/Old Objects/allPaxFirstNameFields'

2017-11-28 15:53:02 - [TEST_STEP][PASSED] - Statement - repObj.findProperty("xpath").setValue(xpathval): null

2017-11-28 15:53:02 - [TEST_STEP][PASSED] - setText: Text 'Rebsdorf AUT' is set on object 'Object Repository/PrimoTours/Old Objects/allPaxFirstNameFields'

2017-11-28 15:53:02 - [MESSAGE][PASSED] - Text 'Rebsdorf AUT' is set on object 'Object Repository/PrimoTours/Old Objects/allPaxFirstNameFields'

2017-11-28 15:53:02 - [TEST_STEP][PASSED] - Statement - xpathval = paxDetailFields + "[2]/div[contains(@class,"form-group")]/input[@class="form-control paxLastName"]": null

2017-11-28 15:53:02 - [TEST_STEP][PASSED] - Statement - println("ln: " + xpathval): null

2017-11-28 15:53:02 - [TEST_STEP][PASSED] - Statement - repObj = com.kms.katalon.core.testobject.ObjectRepository.findTestObject(Object Repository/PrimoTours/Old Objects/allPaxLastNameFields): Finding Test Object with id 'Object Repository/PrimoTours/Old Objects/allPaxLastNameFields'

2017-11-28 15:53:02 - [TEST_STEP][PASSED] - Statement - repObj.findProperty("xpath").setValue(xpathval): null

2017-11-28 15:53:02 - [TEST_STEP][PASSED] - setText: Text 'Laura Greve' is set on object 'Object Repository/PrimoTours/Old Objects/allPaxLastNameFields'

2017-11-28 15:53:02 - [MESSAGE][PASSED] - Text 'Laura Greve' is set on object 'Object Repository/PrimoTours/Old Objects/allPaxLastNameFields'

2017-11-28 15:53:02 - [TEST_STEP][PASSED] - scrollToElement: Scroll to object 'Object Repository/PrimoTours/Old Objects/Coco (1)/PrimoT/SaveBooking2/Success/bookingTotalValue' successfully

2017-11-28 15:53:03 - [MESSAGE][PASSED] - Scroll to object 'Object Repository/PrimoTours/Old Objects/Coco (1)/PrimoT/SaveBooking2/Success/bookingTotalValue' successfully

2017-11-28 15:53:03 - [TEST_STEP][PASSED] - click: Object: 'Object Repository/PrimoTours/Old Objects/Coco (1)/PrimoT/SaveBooking2/Success/bookingTotalValue' is clicked on

2017-11-28 15:53:03 - [MESSAGE][PASSED] - Object: 'Object Repository/PrimoTours/Old Objects/Coco (1)/PrimoT/SaveBooking2/Success/bookingTotalValue' is clicked on

2017-11-28 15:53:03 - [TEST_STEP][PASSED] - scrollToElement: Scroll to object 'Object Repository/PrimoTours/Old Objects/Coco (1)/PrimoT/SaveBooking2/Success/Page_Primo Tours  Danmarks bedste c/i_fa fa-arrow-circle-right' successfully

2017-11-28 15:53:03 - [MESSAGE][PASSED] - Scroll to object 'Object Repository/PrimoTours/Old Objects/Coco (1)/PrimoT/SaveBooking2/Success/Page_Primo Tours  Danmarks bedste c/i_fa fa-arrow-circle-right' successfully

2017-11-28 15:53:03 - [TEST_STEP][PASSED] - waitForElementClickable: Object 'Object Repository/PrimoTours/Old Objects/Coco (1)/PrimoT/SaveBooking2/Success/Page_Primo Tours  Danmarks bedste c/i_fa fa-arrow-circle-right' is clickable

2017-11-28 15:53:03 - [MESSAGE][PASSED] - Object 'Object Repository/PrimoTours/Old Objects/Coco (1)/PrimoT/SaveBooking2/Success/Page_Primo Tours  Danmarks bedste c/i_fa fa-arrow-circle-right' is clickable

2017-11-28 15:53:03 - [TEST_STEP][PASSED] - waitForElementVisible: Object 'Object Repository/PrimoTours/Old Objects/Coco (1)/PrimoT/SaveBooking2/Success/Page_Primo Tours  Danmarks bedste c/i_fa fa-arrow-circle-right' is visible

2017-11-28 15:53:03 - [MESSAGE][PASSED] - Object 'Object Repository/PrimoTours/Old Objects/Coco (1)/PrimoT/SaveBooking2/Success/Page_Primo Tours  Danmarks bedste c/i_fa fa-arrow-circle-right' is visible

2017-11-28 15:53:03 - [TEST_STEP][PASSED] - scrollToElement: Scroll to object 'Object Repository/PrimoTours/Old Objects/Coco (1)/PrimoT/SaveBooking2/Success/Page_Primo Tours  Danmarks bedste c/i_fa fa-arrow-circle-right' successfully

2017-11-28 15:53:03 - [MESSAGE][PASSED] - Scroll to object 'Object Repository/PrimoTours/Old Objects/Coco (1)/PrimoT/SaveBooking2/Success/Page_Primo Tours  Danmarks bedste c/i_fa fa-arrow-circle-right' successfully

2017-11-28 15:53:03 - [TEST_STEP][PASSED] - click: Object: 'Object Repository/PrimoTours/Old Objects/Coco (1)/PrimoT/SaveBooking2/Success/Page_Primo Tours  Danmarks bedste c/i_fa fa-arrow-circle-right' is clicked on

2017-11-28 15:53:03 - [MESSAGE][PASSED] - Object: 'Object Repository/PrimoTours/Old Objects/Coco (1)/PrimoT/SaveBooking2/Success/Page_Primo Tours  Danmarks bedste c/i_fa fa-arrow-circle-right' is clicked on

2017-11-28 15:53:03 - [TEST_STEP][PASSED] - waitForElementNotVisible: Object 'Object Repository/PrimoTours/Old Objects/CCenter/pageLoaderOverlayLayer' is NOT visible

2017-11-28 15:53:04 - [MESSAGE][PASSED] - Object 'Object Repository/PrimoTours/Old Objects/CCenter/pageLoaderOverlayLayer' is NOT visible

2017-11-28 15:53:04 - [TEST_STEP][PASSED] - scrollToElement: Scroll to object 'Object Repository/PrimoTours/Old Objects/Coco/PrimoT/Ins2/Page_Primo Tours  Danmarks bedste c/travelInsuranceFirstPaxSelector' successfully

2017-11-28 15:53:04 - [MESSAGE][PASSED] - Scroll to object 'Object Repository/PrimoTours/Old Objects/Coco/PrimoT/Ins2/Page_Primo Tours  Danmarks bedste c/travelInsuranceFirstPaxSelector' successfully

2017-11-28 15:53:04 - [TEST_STEP][PASSED] - waitForElementPresent: Object 'Object Repository/PrimoTours/Old Objects/Coco/PrimoT/Ins2/Page_Primo Tours  Danmarks bedste c/travelInsuranceFirstPaxSelector' is present

2017-11-28 15:53:04 - [MESSAGE][PASSED] - Object 'Object Repository/PrimoTours/Old Objects/Coco/PrimoT/Ins2/Page_Primo Tours  Danmarks bedste c/travelInsuranceFirstPaxSelector' is present

2017-11-28 15:53:04 - [TEST_STEP][PASSED] - waitForElementVisible: Object 'Object Repository/PrimoTours/Old Objects/Coco/PrimoT/Ins2/Page_Primo Tours  Danmarks bedste c/travelInsuranceFirstPaxSelector' is visible

2017-11-28 15:53:04 - [MESSAGE][PASSED] - Object 'Object Repository/PrimoTours/Old Objects/Coco/PrimoT/Ins2/Page_Primo Tours  Danmarks bedste c/travelInsuranceFirstPaxSelector' is visible

2017-11-28 15:53:04 - [TEST_STEP][PASSED] - waitForElementClickable: Object 'Object Repository/PrimoTours/Old Objects/Coco/PrimoT/Ins2/Page_Primo Tours  Danmarks bedste c/travelInsuranceFirstPaxSelector' is clickable

2017-11-28 15:53:04 - [MESSAGE][PASSED] - Object 'Object Repository/PrimoTours/Old Objects/Coco/PrimoT/Ins2/Page_Primo Tours  Danmarks bedste c/travelInsuranceFirstPaxSelector' is clickable

2017-11-28 15:53:04 - [TEST_STEP][PASSED] - click: Object: 'Object Repository/PrimoTours/Old Objects/Coco/PrimoT/Ins2/Page_Primo Tours  Danmarks bedste c/travelInsuranceFirstPaxSelector' is clicked on

2017-11-28 15:53:05 - [MESSAGE][PASSED] - Object: 'Object Repository/PrimoTours/Old Objects/Coco/PrimoT/Ins2/Page_Primo Tours  Danmarks bedste c/travelInsuranceFirstPaxSelector' is clicked on

2017-11-28 15:53:05 - [TEST_STEP][PASSED] - click: Object: 'Object Repository/PrimoTours/Old Objects/Coco/PrimoT/Ins2/Page_Primo Tours  Danmarks bedste c/li_Har selv forsikring - kr. 0' is clicked on

2017-11-28 15:53:05 - [MESSAGE][PASSED] - Object: 'Object Repository/PrimoTours/Old Objects/Coco/PrimoT/Ins2/Page_Primo Tours  Danmarks bedste c/li_Har selv forsikring - kr. 0' is clicked on

2017-11-28 15:53:05 - [TEST_STEP][NOT_RUN] - click: NOT_RUN: click

2017-11-28 15:53:05 - [MESSAGE][NOT_RUN] - NOT_RUN: click

2017-11-28 15:53:05 - [TEST_STEP][NOT_RUN] - scrollToElement: NOT_RUN: scrollToElement

2017-11-28 15:53:05 - [MESSAGE][NOT_RUN] - NOT_RUN: scrollToElement

2017-11-28 15:53:05 - [TEST_STEP][NOT_RUN] - click: NOT_RUN: click

2017-11-28 15:53:05 - [MESSAGE][NOT_RUN] - NOT_RUN: click

2017-11-28 15:53:05 - [TEST_STEP][PASSED] - waitForElementVisible: Object 'Object Repository/PrimoTours/Old Objects/Coco (1)/PrimoT/SaveBooking2/Page_Primo Tours  Danmarks bedste c/individualInsuranceCheckbox' is visible

2017-11-28 15:53:05 - [MESSAGE][PASSED] - Object 'Object Repository/PrimoTours/Old Objects/Coco (1)/PrimoT/SaveBooking2/Page_Primo Tours  Danmarks bedste c/individualInsuranceCheckbox' is visible

2017-11-28 15:53:05 - [TEST_STEP][PASSED] - scrollToElement: Scroll to object 'Object Repository/PrimoTours/Old Objects/Coco (1)/PrimoT/SaveBooking2/Page_Primo Tours  Danmarks bedste c/individualInsuranceCheckbox' successfully

2017-11-28 15:53:05 - [MESSAGE][PASSED] - Scroll to object 'Object Repository/PrimoTours/Old Objects/Coco (1)/PrimoT/SaveBooking2/Page_Primo Tours  Danmarks bedste c/individualInsuranceCheckbox' successfully

2017-11-28 15:53:05 - [TEST_STEP][PASSED] - click: Object: 'Object Repository/PrimoTours/Old Objects/Coco (1)/PrimoT/SaveBooking2/Page_Primo Tours  Danmarks bedste c/individualInsuranceCheckbox' is clicked on

2017-11-28 15:53:05 - [MESSAGE][PASSED] - Object: 'Object Repository/PrimoTours/Old Objects/Coco (1)/PrimoT/SaveBooking2/Page_Primo Tours  Danmarks bedste c/individualInsuranceCheckbox' is clicked on

2017-11-28 15:53:05 - [TEST_STEP][PASSED] - scrollToElement: Scroll to object 'Object Repository/PrimoTours/Old Objects/Coco (1)/PrimoT/SaveBooking2/Success/firstProdCategIndividualSelectionRadioB' successfully

2017-11-28 15:53:05 - [MESSAGE][PASSED] - Scroll to object 'Object Repository/PrimoTours/Old Objects/Coco (1)/PrimoT/SaveBooking2/Success/firstProdCategIndividualSelectionRadioB' successfully

2017-11-28 15:53:05 - [TEST_STEP][PASSED] - waitForElementClickable: Object 'Object Repository/PrimoTours/Old Objects/Coco (1)/PrimoT/SaveBooking2/Success/firstProdCategIndividualSelectionRadioB' is clickable

2017-11-28 15:53:05 - [MESSAGE][PASSED] - Object 'Object Repository/PrimoTours/Old Objects/Coco (1)/PrimoT/SaveBooking2/Success/firstProdCategIndividualSelectionRadioB' is clickable

2017-11-28 15:53:05 - [TEST_STEP][PASSED] - scrollToElement: Scroll to object 'Object Repository/PrimoTours/Old Objects/Coco (1)/PrimoT/SaveBooking2/Success/firstProdCategIndividualSelectionRadioB' successfully

2017-11-28 15:53:05 - [MESSAGE][PASSED] - Scroll to object 'Object Repository/PrimoTours/Old Objects/Coco (1)/PrimoT/SaveBooking2/Success/firstProdCategIndividualSelectionRadioB' successfully

2017-11-28 15:53:05 - [TEST_STEP][PASSED] - click: Object: 'Object Repository/PrimoTours/Old Objects/Coco (1)/PrimoT/SaveBooking2/Success/firstProdCategIndividualSelectionRadioB' is clicked on

2017-11-28 15:53:06 - [MESSAGE][PASSED] - Object: 'Object Repository/PrimoTours/Old Objects/Coco (1)/PrimoT/SaveBooking2/Success/firstProdCategIndividualSelectionRadioB' is clicked on

2017-11-28 15:53:06 - [TEST_STEP][PASSED] - scrollToElement: Scroll to object 'Object Repository/PrimoTours/Old Objects/Coco (1)/PrimoT/SaveBooking2/Success/firstProdCategSelectForAllPaxCheckbox' successfully

2017-11-28 15:53:06 - [MESSAGE][PASSED] - Scroll to object 'Object Repository/PrimoTours/Old Objects/Coco (1)/PrimoT/SaveBooking2/Success/firstProdCategSelectForAllPaxCheckbox' successfully

2017-11-28 15:53:06 - [TEST_STEP][PASSED] - waitForElementClickable: Object 'Object Repository/PrimoTours/Old Objects/Coco (1)/PrimoT/SaveBooking2/Success/firstProdCategSelectForAllPaxCheckbox' is clickable

2017-11-28 15:53:06 - [MESSAGE][PASSED] - Object 'Object Repository/PrimoTours/Old Objects/Coco (1)/PrimoT/SaveBooking2/Success/firstProdCategSelectForAllPaxCheckbox' is clickable

2017-11-28 15:53:06 - [TEST_STEP][PASSED] - click: Object: 'Object Repository/PrimoTours/Old Objects/Coco (1)/PrimoT/SaveBooking2/Success/firstProdCategSelectForAllPaxCheckbox' is clicked on

2017-11-28 15:53:06 - [MESSAGE][PASSED] - Object: 'Object Repository/PrimoTours/Old Objects/Coco (1)/PrimoT/SaveBooking2/Success/firstProdCategSelectForAllPaxCheckbox' is clicked on

2017-11-28 15:53:06 - [TEST_STEP][NOT_RUN] - scrollToElement: NOT_RUN: scrollToElement

2017-11-28 15:53:06 - [MESSAGE][NOT_RUN] - NOT_RUN: scrollToElement

2017-11-28 15:53:06 - [TEST_STEP][NOT_RUN] - scrollToElement: NOT_RUN: scrollToElement

2017-11-28 15:53:06 - [MESSAGE][NOT_RUN] - NOT_RUN: scrollToElement

2017-11-28 15:53:06 - [TEST_STEP][NOT_RUN] - click: NOT_RUN: click

2017-11-28 15:53:06 - [MESSAGE][NOT_RUN] - NOT_RUN: click

2017-11-28 15:53:06 - [TEST_STEP][PASSED] - scrollToElement: Scroll to object 'Object Repository/PrimoTours/ConfirmationPage/agreeTermsAndCondCheckbox' successfully

2017-11-28 15:53:06 - [MESSAGE][PASSED] - Scroll to object 'Object Repository/PrimoTours/ConfirmationPage/agreeTermsAndCondCheckbox' successfully

2017-11-28 15:53:06 - [TEST_STEP][PASSED] - click: Object: 'Object Repository/PrimoTours/ConfirmationPage/agreeTermsAndCondCheckbox' is clicked on

2017-11-28 15:53:06 - [MESSAGE][PASSED] - Object: 'Object Repository/PrimoTours/ConfirmationPage/agreeTermsAndCondCheckbox' is clicked on

2017-11-28 15:53:06 - [TEST_STEP][PASSED] - waitForElementClickable: Object 'Object Repository/PrimoTours/ConfirmationPage/placeBookingButton' is clickable

2017-11-28 15:53:06 - [MESSAGE][PASSED] - Object 'Object Repository/PrimoTours/ConfirmationPage/placeBookingButton' is clickable

2017-11-28 15:53:06 - [TEST_STEP][PASSED] - scrollToElement: Scroll to object 'Object Repository/PrimoTours/ConfirmationPage/placeBookingButton' successfully

2017-11-28 15:53:06 - [MESSAGE][PASSED] - Scroll to object 'Object Repository/PrimoTours/ConfirmationPage/placeBookingButton' successfully

2017-11-28 15:53:06 - [TEST_STEP][PASSED] - click: Object: 'Object Repository/PrimoTours/ConfirmationPage/placeBookingButton' is clicked on

2017-11-28 15:53:06 - [MESSAGE][PASSED] - Object: 'Object Repository/PrimoTours/ConfirmationPage/placeBookingButton' is clicked on

2017-11-28 15:53:06 - [TEST_STEP][PASSED] - delay: Delayed 2 second(s)

2017-11-28 15:53:08 - [MESSAGE][PASSED] - Delayed 2 second(s)

2017-11-28 15:53:08 - [TEST_STEP][PASSED] - waitForPageLoad: Wait for page load successfully

2017-11-28 15:53:08 - [MESSAGE][PASSED] - Wait for page load successfully

2017-11-28 15:53:08 - [TEST_STEP][PASSED] - waitForJQueryLoad: jQuery is ready.

2017-11-28 15:53:12 - [MESSAGE][PASSED] - jQuery is ready.

2017-11-28 15:53:12 - [TEST_STEP][PASSED] - waitForElementPresent: Object 'Object Repository/PrimoTours/Old Objects/CCenter/pageLoaderOverlayLayer' is present

2017-11-28 15:53:12 - [MESSAGE][PASSED] - Object 'Object Repository/PrimoTours/Old Objects/CCenter/pageLoaderOverlayLayer' is present

2017-11-28 15:53:12 - [TEST_STEP][PASSED] - waitForElementNotVisible: Object 'Object Repository/PrimoTours/Old Objects/CCenter/pageLoaderOverlayLayer' is NOT visible

2017-11-28 15:53:12 - [MESSAGE][PASSED] - Object 'Object Repository/PrimoTours/Old Objects/CCenter/pageLoaderOverlayLayer' is NOT visible

2017-11-28 15:53:12 - [TEST_STEP][PASSED] - waitForElementClickable: Object 'Object Repository/PrimoTours/Old Objects/ThankYouPage/bookingNoContainer' is clickable

2017-11-28 15:53:12 - [MESSAGE][PASSED] - Object 'Object Repository/PrimoTours/Old Objects/ThankYouPage/bookingNoContainer' is clickable

2017-11-28 15:53:12 - [TEST_STEP][PASSED] - verifyElementVisible: Object 'Object Repository/PrimoTours/Old Objects/ThankYouPage/bookingNoContainer' is visible

2017-11-28 15:53:12 - [MESSAGE][PASSED] - Object 'Object Repository/PrimoTours/Old Objects/ThankYouPage/bookingNoContainer' is visible

2017-11-28 15:53:12 - [TEST_STEP][PASSED] - verifyElementVisible: Object 'Object Repository/PrimoTours/Old Objects/ThankYouPage/bookingTotalInfo' is visible

2017-11-28 15:53:13 - [MESSAGE][PASSED] - Object 'Object Repository/PrimoTours/Old Objects/ThankYouPage/bookingTotalInfo' is visible

2017-11-28 15:53:13 - [TEST_STEP][PASSED] - verifyElementVisible: Object 'Object Repository/PrimoTours/Old Objects/ThankYouPage/bookingTotalPriceBar' is visible

2017-11-28 15:53:13 - [MESSAGE][PASSED] - Object 'Object Repository/PrimoTours/Old Objects/ThankYouPage/bookingTotalPriceBar' is visible

2017-11-28 15:53:13 - [TEST_STEP][PASSED] - verifyElementVisible: Object 'Object Repository/PrimoTours/Old Objects/ThankYouPage/a_printTicketLink' is visible

2017-11-28 15:53:13 - [MESSAGE][PASSED] - Object 'Object Repository/PrimoTours/Old Objects/ThankYouPage/a_printTicketLink' is visible

2017-11-28 15:53:13 - [TEST_STEP][PASSED] - waitForElementClickable: Object 'Object Repository/PrimoTours/Old Objects/ThankYouPage/a_printTicketLink' is clickable

2017-11-28 15:53:13 - [MESSAGE][WARNING] - Timeout '0' is invalid. Using default page load timeout: '15'

2017-11-28 15:53:13 - [MESSAGE][PASSED] - Object 'Object Repository/PrimoTours/Old Objects/ThankYouPage/a_printTicketLink' is clickable

2017-11-28 15:53:13 - [TEST_STEP][PASSED] - click: Object: 'Object Repository/PrimoTours/Old Objects/ThankYouPage/a_printTicketLink' is clicked on

2017-11-28 15:53:17 - [MESSAGE][PASSED] - Object: 'Object Repository/PrimoTours/Old Objects/ThankYouPage/a_printTicketLink' is clicked on

2017-11-28 15:53:17 - [TEST_STEP][PASSED] - delay: Delayed 1 second(s)

2017-11-28 15:53:18 - [MESSAGE][PASSED] - Delayed 1 second(s)

2017-11-28 15:53:18 - [TEST_STEP][PASSED] - waitForElementVisible: Object 'Object Repository/PrimoTours/Old Objects/ThankYouPage/cCenterButton' is visible

2017-11-28 15:53:18 - [MESSAGE][PASSED] - Object 'Object Repository/PrimoTours/Old Objects/ThankYouPage/cCenterButton' is visible

2017-11-28 15:53:18 - [TEST_STEP][PASSED] - waitForElementClickable: Object 'Object Repository/PrimoTours/Old Objects/ThankYouPage/cCenterButton' is clickable

2017-11-28 15:53:18 - [MESSAGE][PASSED] - Object 'Object Repository/PrimoTours/Old Objects/ThankYouPage/cCenterButton' is clickable

2017-11-28 15:53:18 - [TEST_STEP][PASSED] - click: Object: 'Object Repository/PrimoTours/Old Objects/ThankYouPage/cCenterButton' is clicked on

2017-11-28 15:53:18 - [MESSAGE][PASSED] - Object: 'Object Repository/PrimoTours/Old Objects/ThankYouPage/cCenterButton' is clicked on

2017-11-28 15:53:18 - [TEST_STEP][PASSED] - waitForPageLoad: Wait for page load successfully

2017-11-28 15:53:19 - [MESSAGE][PASSED] - Wait for page load successfully

2017-11-28 15:53:19 - [TEST_STEP][PASSED] - waitForJQueryLoad: jQuery is ready.

2017-11-28 15:53:19 - [MESSAGE][PASSED] - jQuery is ready.

2017-11-28 15:53:19 - [TEST_STEP][PASSED] - waitForElementPresent: Object 'Object Repository/PrimoTours/Old Objects/CCenter/pageLoaderOverlayLayer' is present

2017-11-28 15:53:19 - [MESSAGE][PASSED] - Object 'Object Repository/PrimoTours/Old Objects/CCenter/pageLoaderOverlayLayer' is present

2017-11-28 15:53:19 - [TEST_STEP][PASSED] - waitForElementNotVisible: Object 'Object Repository/PrimoTours/Old Objects/CCenter/pageLoaderOverlayLayer' is NOT visible

2017-11-28 15:53:19 - [MESSAGE][PASSED] - Object 'Object Repository/PrimoTours/Old Objects/CCenter/pageLoaderOverlayLayer' is NOT visible

2017-11-28 15:53:19 - [TEST_STEP][PASSED] - verifyElementVisible: Object 'Object Repository/PrimoTours/Old Objects/ThankYouPage/bookingNoContainer' is visible

2017-11-28 15:53:19 - [MESSAGE][PASSED] - Object 'Object Repository/PrimoTours/Old Objects/ThankYouPage/bookingNoContainer' is visible

2017-11-28 15:53:19 - [TEST_STEP][PASSED] - verifyElementVisible: Object 'Object Repository/PrimoTours/Old Objects/ThankYouPage/bookingTotalPriceBar' is visible

2017-11-28 15:53:19 - [MESSAGE][PASSED] - Object 'Object Repository/PrimoTours/Old Objects/ThankYouPage/bookingTotalPriceBar' is visible]]></system-out>
         <system-err><![CDATA[]]></system-err>
      </testcase>
      <testcase name="Test Cases/PrimoTours/WB Primo/WB Primo staging - place booking - Iteration 2" classname="Test Cases/PrimoTours/WB Primo/WB Primo staging - place booking" status="PASSED">
         <system-out><![CDATA[2017-11-28 15:53:19 - [TEST_CASE][PASSED] - Test Cases/PrimoTours/WB Primo/WB Primo staging - place booking - Iteration 2: Test Cases/PrimoTours/WB Primo/WB Primo staging - place booking

2017-11-28 15:53:19 - [TEST_STEP][PASSED] - openBrowser: Browser is opened with url: ''

2017-11-28 15:53:19 - [MESSAGE][WARNING] - A browser is already opened. Closing browser and opening a new one

2017-11-28 15:53:22 - [MESSAGE][PASSED] - Browser is opened with url: ''

2017-11-28 15:53:22 - [TEST_STEP][PASSED] - maximizeWindow: Current window maximized

2017-11-28 15:53:23 - [MESSAGE][PASSED] - Current window maximized

2017-11-28 15:53:23 - [TEST_STEP][PASSED] - navigateToUrl: Navigate to 'http://localhost:50029/DoBooking.aspx?pltaID=1480269&p=1&rno=1&pt=1&a=2&c=2&aa=&ca=1,5' successfully

2017-11-28 15:53:24 - [MESSAGE][PASSED] - Navigate to 'http://localhost:50029/DoBooking.aspx?pltaID=1480269&p=1&rno=1&pt=1&a=2&c=2&aa=&ca=1,5' successfully

2017-11-28 15:53:24 - [TEST_STEP][PASSED] - setText: Text 'Pedersen AUT' is set on object 'Object Repository/PrimoTours/Old Objects/Coco/PrimoT/Page_Primo Tours  Danmarks bedste c/input_firstName'

2017-11-28 15:53:25 - [MESSAGE][PASSED] - Text 'Pedersen AUT' is set on object 'Object Repository/PrimoTours/Old Objects/Coco/PrimoT/Page_Primo Tours  Danmarks bedste c/input_firstName'

2017-11-28 15:53:25 - [TEST_STEP][PASSED] - setText: Text 'Vibe Dalby' is set on object 'Object Repository/PrimoTours/Old Objects/Coco/PrimoT/Page_Primo Tours  Danmarks bedste c/input_lastName'

2017-11-28 15:53:25 - [MESSAGE][PASSED] - Text 'Vibe Dalby' is set on object 'Object Repository/PrimoTours/Old Objects/Coco/PrimoT/Page_Primo Tours  Danmarks bedste c/input_lastName'

2017-11-28 15:53:25 - [TEST_STEP][PASSED] - setText: Text 'Home address' is set on object 'Object Repository/PrimoTours/Old Objects/Coco/PrimoT/Page_Primo Tours  Danmarks bedste c/input_customerAddress'

2017-11-28 15:53:25 - [MESSAGE][PASSED] - Text 'Home address' is set on object 'Object Repository/PrimoTours/Old Objects/Coco/PrimoT/Page_Primo Tours  Danmarks bedste c/input_customerAddress'

2017-11-28 15:53:25 - [TEST_STEP][PASSED] - setText: Text '6700' is set on object 'Object Repository/PrimoTours/Old Objects/Coco/PrimoT/Page_Primo Tours  Danmarks bedste c/input_customerPostcode'

2017-11-28 15:53:26 - [MESSAGE][PASSED] - Text '6700' is set on object 'Object Repository/PrimoTours/Old Objects/Coco/PrimoT/Page_Primo Tours  Danmarks bedste c/input_customerPostcode'

2017-11-28 15:53:26 - [TEST_STEP][PASSED] - setText: Text 'cornel.neacsu@roweb.ro' is set on object 'Object Repository/PrimoTours/Old Objects/Coco/PrimoT/Page_Primo Tours  Danmarks bedste c/input_customerEmail'

2017-11-28 15:53:26 - [MESSAGE][PASSED] - Text 'cornel.neacsu@roweb.ro' is set on object 'Object Repository/PrimoTours/Old Objects/Coco/PrimoT/Page_Primo Tours  Danmarks bedste c/input_customerEmail'

2017-11-28 15:53:26 - [TEST_STEP][PASSED] - setText: Text '12345678' is set on object 'Object Repository/PrimoTours/Old Objects/Coco/PrimoT/Page_Primo Tours  Danmarks bedste c/input_customerPhone'

2017-11-28 15:53:26 - [MESSAGE][PASSED] - Text '12345678' is set on object 'Object Repository/PrimoTours/Old Objects/Coco/PrimoT/Page_Primo Tours  Danmarks bedste c/input_customerPhone'

2017-11-28 15:53:26 - [TEST_STEP][PASSED] - Statement - excelInfo = ["fname":"", "lname":"", "pgender":"", "pday":"", "pmonth":"", "pyear":""]: null

2017-11-28 15:53:26 - [TEST_STEP][PASSED] - Statement - rawData = com.kms.katalon.core.testdata.TestDataFactory.findTestData("Data Files/WB_Primo/Passenger_details"): Reading excel file with source file 'D:\Software testing\Tourpaq\Automated Katalon tests\Primo WB test\Data Files\Primo_URLs_For_Automated_Test.xls' and sheet name 'Passenger Names'

2017-11-28 15:53:26 - [TEST_STEP][PASSED] - Statement - excelRowNo = rawData.getRowNumbers(): null

2017-11-28 15:53:26 - [TEST_STEP][PASSED] - Statement - randomPaxIndex = 1: null

2017-11-28 15:53:26 - [TEST_STEP][PASSED] - waitForElementClickable: Object 'Object Repository/PrimoTours/Old Objects/Coco/PrimoT/Page_Primo Tours  Danmarks bedste c/input_firstname-0_1' is clickable

2017-11-28 15:53:28 - [MESSAGE][PASSED] - Object 'Object Repository/PrimoTours/Old Objects/Coco/PrimoT/Page_Primo Tours  Danmarks bedste c/input_firstname-0_1' is clickable

2017-11-28 15:53:28 - [TEST_STEP][PASSED] - Statement - driver = com.kms.katalon.core.webui.driver.DriverFactory.getWebDriver(): null

2017-11-28 15:53:28 - [TEST_STEP][PASSED] - Statement - roomContainerXpath = "id("booking")/div[@class="wrapper second-bg"]/div[contains(@class,"container-mx")]/div[@class="row"]/div[@class="col-md-12 roomContainer"]": null

2017-11-28 15:53:28 - [TEST_STEP][PASSED] - Statement - roomsCount = driver.findElements(org.openqa.selenium.By.xpath(roomContainerXpath)).size(): null

2017-11-28 15:53:28 - [TEST_STEP][PASSED] - Statement - println("roomsCount=" + roomsCount): null

2017-11-28 15:53:28 - [TEST_STEP][PASSED] - Statement - For ([i = 1, i <= roomsCount, (i++)]): Text 'Bo' is set on object 'Object Repository/PrimoTours/Old Objects/allPaxLastNameFields'

2017-11-28 15:53:28 - [TEST_STEP][PASSED] - Statement - paxInRoomXpath = roomContainerXpath + "[" + i + "]/div[@class="row"]/div[@class="col-md-12"]/div[@class="row"]": null

2017-11-28 15:53:28 - [TEST_STEP][PASSED] - Statement - paxInRoomCount = driver.findElements(org.openqa.selenium.By.xpath(paxInRoomXpath)).size(): null

2017-11-28 15:53:28 - [TEST_STEP][PASSED] - Statement - println("paxInRoomCount=" + paxInRoomCount): null

2017-11-28 15:53:28 - [TEST_STEP][PASSED] - Statement - For ([j = 1, j <= paxInRoomCount, (j++)]): Text 'Bo' is set on object 'Object Repository/PrimoTours/Old Objects/allPaxLastNameFields'

2017-11-28 15:53:28 - [TEST_STEP][PASSED] - Statement - If (i == 1 & j == 1): null

2017-11-28 15:53:28 - [TEST_STEP][PASSED] - Statement - <not implemented yet for class: org.codehaus.groovy.ast.stmt.ContinueStatement>: null

2017-11-28 15:53:28 - [TEST_STEP][PASSED] - Statement - If (i == 1 & j == 1): null

2017-11-28 15:53:28 - [TEST_STEP][PASSED] - Statement - randomPaxIndex = java.lang.Math.abs(new java.util.Random().nextInt() % excelRowNo) + 1: null

2017-11-28 15:53:28 - [TEST_STEP][PASSED] - Statement - println(randomPaxIndex): null

2017-11-28 15:53:28 - [TEST_STEP][PASSED] - Statement - fname = rawData.getValue("FirstName", randomPaxIndex) + " AUT": null

2017-11-28 15:53:28 - [TEST_STEP][PASSED] - Statement - lname = rawData.getValue("LastName", randomPaxIndex): null

2017-11-28 15:53:28 - [TEST_STEP][PASSED] - Statement - pgender = rawData.getValue("Gender", randomPaxIndex): null

2017-11-28 15:53:28 - [TEST_STEP][PASSED] - Statement - pday = rawData.getValue("Day DOB", randomPaxIndex): null

2017-11-28 15:53:28 - [TEST_STEP][PASSED] - Statement - pmonth = rawData.getValue("Month DOB", randomPaxIndex): null

2017-11-28 15:53:28 - [TEST_STEP][PASSED] - Statement - pyear = rawData.getValue("Year DOB", randomPaxIndex): null

2017-11-28 15:53:28 - [TEST_STEP][PASSED] - Statement - paxDetailFields = paxInRoomXpath + "[" + j + "]/div[@class="col-md-x col-md-9"]/div[@class="row paxContainer"]/div[@class="col-md-5"]": null

2017-11-28 15:53:28 - [TEST_STEP][PASSED] - Statement - xpathval = paxDetailFields + "[1]/div[contains(@class,"form-group")]/input[@class="form-control paxFirstName"]": null

2017-11-28 15:53:28 - [TEST_STEP][PASSED] - Statement - println("fn: " + xpathval): null

2017-11-28 15:53:28 - [TEST_STEP][PASSED] - Statement - repObj = com.kms.katalon.core.testobject.ObjectRepository.findTestObject(Object Repository/PrimoTours/Old Objects/allPaxFirstNameFields): Finding Test Object with id 'Object Repository/PrimoTours/Old Objects/allPaxFirstNameFields'

2017-11-28 15:53:28 - [TEST_STEP][PASSED] - Statement - repObj.findProperty("xpath").setValue(xpathval): null

2017-11-28 15:53:28 - [TEST_STEP][PASSED] - setText: Text 'Mikkelsen AUT' is set on object 'Object Repository/PrimoTours/Old Objects/allPaxFirstNameFields'

2017-11-28 15:53:28 - [MESSAGE][PASSED] - Text 'Mikkelsen AUT' is set on object 'Object Repository/PrimoTours/Old Objects/allPaxFirstNameFields'

2017-11-28 15:53:28 - [TEST_STEP][PASSED] - Statement - xpathval = paxDetailFields + "[2]/div[contains(@class,"form-group")]/input[@class="form-control paxLastName"]": null

2017-11-28 15:53:28 - [TEST_STEP][PASSED] - Statement - println("ln: " + xpathval): null

2017-11-28 15:53:28 - [TEST_STEP][PASSED] - Statement - repObj = com.kms.katalon.core.testobject.ObjectRepository.findTestObject(Object Repository/PrimoTours/Old Objects/allPaxLastNameFields): Finding Test Object with id 'Object Repository/PrimoTours/Old Objects/allPaxLastNameFields'

2017-11-28 15:53:28 - [TEST_STEP][PASSED] - Statement - repObj.findProperty("xpath").setValue(xpathval): null

2017-11-28 15:53:28 - [TEST_STEP][PASSED] - setText: Text 'Rikke Skovgaard' is set on object 'Object Repository/PrimoTours/Old Objects/allPaxLastNameFields'

2017-11-28 15:53:28 - [MESSAGE][PASSED] - Text 'Rikke Skovgaard' is set on object 'Object Repository/PrimoTours/Old Objects/allPaxLastNameFields'

2017-11-28 15:53:28 - [TEST_STEP][PASSED] - Statement - If (i == 1 & j == 1): null

2017-11-28 15:53:28 - [TEST_STEP][PASSED] - Statement - randomPaxIndex = java.lang.Math.abs(new java.util.Random().nextInt() % excelRowNo) + 1: null

2017-11-28 15:53:28 - [TEST_STEP][PASSED] - Statement - println(randomPaxIndex): null

2017-11-28 15:53:28 - [TEST_STEP][PASSED] - Statement - fname = rawData.getValue("FirstName", randomPaxIndex) + " AUT": null

2017-11-28 15:53:28 - [TEST_STEP][PASSED] - Statement - lname = rawData.getValue("LastName", randomPaxIndex): null

2017-11-28 15:53:28 - [TEST_STEP][PASSED] - Statement - pgender = rawData.getValue("Gender", randomPaxIndex): null

2017-11-28 15:53:28 - [TEST_STEP][PASSED] - Statement - pday = rawData.getValue("Day DOB", randomPaxIndex): null

2017-11-28 15:53:28 - [TEST_STEP][PASSED] - Statement - pmonth = rawData.getValue("Month DOB", randomPaxIndex): null

2017-11-28 15:53:28 - [TEST_STEP][PASSED] - Statement - pyear = rawData.getValue("Year DOB", randomPaxIndex): null

2017-11-28 15:53:28 - [TEST_STEP][PASSED] - Statement - paxDetailFields = paxInRoomXpath + "[" + j + "]/div[@class="col-md-x col-md-9"]/div[@class="row paxContainer"]/div[@class="col-md-5"]": null

2017-11-28 15:53:28 - [TEST_STEP][PASSED] - Statement - xpathval = paxDetailFields + "[1]/div[contains(@class,"form-group")]/input[@class="form-control paxFirstName"]": null

2017-11-28 15:53:28 - [TEST_STEP][PASSED] - Statement - println("fn: " + xpathval): null

2017-11-28 15:53:28 - [TEST_STEP][PASSED] - Statement - repObj = com.kms.katalon.core.testobject.ObjectRepository.findTestObject(Object Repository/PrimoTours/Old Objects/allPaxFirstNameFields): Finding Test Object with id 'Object Repository/PrimoTours/Old Objects/allPaxFirstNameFields'

2017-11-28 15:53:28 - [TEST_STEP][PASSED] - Statement - repObj.findProperty("xpath").setValue(xpathval): null

2017-11-28 15:53:28 - [TEST_STEP][PASSED] - setText: Text 'Lindtofte AUT' is set on object 'Object Repository/PrimoTours/Old Objects/allPaxFirstNameFields'

2017-11-28 15:53:29 - [MESSAGE][PASSED] - Text 'Lindtofte AUT' is set on object 'Object Repository/PrimoTours/Old Objects/allPaxFirstNameFields'

2017-11-28 15:53:29 - [TEST_STEP][PASSED] - Statement - xpathval = paxDetailFields + "[2]/div[contains(@class,"form-group")]/input[@class="form-control paxLastName"]": null

2017-11-28 15:53:29 - [TEST_STEP][PASSED] - Statement - println("ln: " + xpathval): null

2017-11-28 15:53:29 - [TEST_STEP][PASSED] - Statement - repObj = com.kms.katalon.core.testobject.ObjectRepository.findTestObject(Object Repository/PrimoTours/Old Objects/allPaxLastNameFields): Finding Test Object with id 'Object Repository/PrimoTours/Old Objects/allPaxLastNameFields'

2017-11-28 15:53:29 - [TEST_STEP][PASSED] - Statement - repObj.findProperty("xpath").setValue(xpathval): null

2017-11-28 15:53:29 - [TEST_STEP][PASSED] - setText: Text 'Filip Kjær' is set on object 'Object Repository/PrimoTours/Old Objects/allPaxLastNameFields'

2017-11-28 15:53:29 - [MESSAGE][PASSED] - Text 'Filip Kjær' is set on object 'Object Repository/PrimoTours/Old Objects/allPaxLastNameFields'

2017-11-28 15:53:29 - [TEST_STEP][PASSED] - Statement - If (i == 1 & j == 1): null

2017-11-28 15:53:29 - [TEST_STEP][PASSED] - Statement - randomPaxIndex = java.lang.Math.abs(new java.util.Random().nextInt() % excelRowNo) + 1: null

2017-11-28 15:53:29 - [TEST_STEP][PASSED] - Statement - println(randomPaxIndex): null

2017-11-28 15:53:29 - [TEST_STEP][PASSED] - Statement - fname = rawData.getValue("FirstName", randomPaxIndex) + " AUT": null

2017-11-28 15:53:29 - [TEST_STEP][PASSED] - Statement - lname = rawData.getValue("LastName", randomPaxIndex): null

2017-11-28 15:53:29 - [TEST_STEP][PASSED] - Statement - pgender = rawData.getValue("Gender", randomPaxIndex): null

2017-11-28 15:53:29 - [TEST_STEP][PASSED] - Statement - pday = rawData.getValue("Day DOB", randomPaxIndex): null

2017-11-28 15:53:29 - [TEST_STEP][PASSED] - Statement - pmonth = rawData.getValue("Month DOB", randomPaxIndex): null

2017-11-28 15:53:29 - [TEST_STEP][PASSED] - Statement - pyear = rawData.getValue("Year DOB", randomPaxIndex): null

2017-11-28 15:53:29 - [TEST_STEP][PASSED] - Statement - paxDetailFields = paxInRoomXpath + "[" + j + "]/div[@class="col-md-x col-md-9"]/div[@class="row paxContainer"]/div[@class="col-md-5"]": null

2017-11-28 15:53:29 - [TEST_STEP][PASSED] - Statement - xpathval = paxDetailFields + "[1]/div[contains(@class,"form-group")]/input[@class="form-control paxFirstName"]": null

2017-11-28 15:53:29 - [TEST_STEP][PASSED] - Statement - println("fn: " + xpathval): null

2017-11-28 15:53:29 - [TEST_STEP][PASSED] - Statement - repObj = com.kms.katalon.core.testobject.ObjectRepository.findTestObject(Object Repository/PrimoTours/Old Objects/allPaxFirstNameFields): Finding Test Object with id 'Object Repository/PrimoTours/Old Objects/allPaxFirstNameFields'

2017-11-28 15:53:29 - [TEST_STEP][PASSED] - Statement - repObj.findProperty("xpath").setValue(xpathval): null

2017-11-28 15:53:29 - [TEST_STEP][PASSED] - setText: Text 'Marcussen AUT' is set on object 'Object Repository/PrimoTours/Old Objects/allPaxFirstNameFields'

2017-11-28 15:53:29 - [MESSAGE][PASSED] - Text 'Marcussen AUT' is set on object 'Object Repository/PrimoTours/Old Objects/allPaxFirstNameFields'

2017-11-28 15:53:29 - [TEST_STEP][PASSED] - Statement - xpathval = paxDetailFields + "[2]/div[contains(@class,"form-group")]/input[@class="form-control paxLastName"]": null

2017-11-28 15:53:29 - [TEST_STEP][PASSED] - Statement - println("ln: " + xpathval): null

2017-11-28 15:53:29 - [TEST_STEP][PASSED] - Statement - repObj = com.kms.katalon.core.testobject.ObjectRepository.findTestObject(Object Repository/PrimoTours/Old Objects/allPaxLastNameFields): Finding Test Object with id 'Object Repository/PrimoTours/Old Objects/allPaxLastNameFields'

2017-11-28 15:53:29 - [TEST_STEP][PASSED] - Statement - repObj.findProperty("xpath").setValue(xpathval): null

2017-11-28 15:53:29 - [TEST_STEP][PASSED] - setText: Text 'Bo' is set on object 'Object Repository/PrimoTours/Old Objects/allPaxLastNameFields'

2017-11-28 15:53:29 - [MESSAGE][PASSED] - Text 'Bo' is set on object 'Object Repository/PrimoTours/Old Objects/allPaxLastNameFields'

2017-11-28 15:53:29 - [TEST_STEP][PASSED] - scrollToElement: Scroll to object 'Object Repository/PrimoTours/Old Objects/Coco (1)/PrimoT/SaveBooking2/Success/bookingTotalValue' successfully

2017-11-28 15:53:29 - [MESSAGE][PASSED] - Scroll to object 'Object Repository/PrimoTours/Old Objects/Coco (1)/PrimoT/SaveBooking2/Success/bookingTotalValue' successfully

2017-11-28 15:53:29 - [TEST_STEP][PASSED] - click: Object: 'Object Repository/PrimoTours/Old Objects/Coco (1)/PrimoT/SaveBooking2/Success/bookingTotalValue' is clicked on

2017-11-28 15:53:29 - [MESSAGE][PASSED] - Object: 'Object Repository/PrimoTours/Old Objects/Coco (1)/PrimoT/SaveBooking2/Success/bookingTotalValue' is clicked on

2017-11-28 15:53:29 - [TEST_STEP][PASSED] - scrollToElement: Scroll to object 'Object Repository/PrimoTours/Old Objects/Coco (1)/PrimoT/SaveBooking2/Success/Page_Primo Tours  Danmarks bedste c/i_fa fa-arrow-circle-right' successfully

2017-11-28 15:53:29 - [MESSAGE][PASSED] - Scroll to object 'Object Repository/PrimoTours/Old Objects/Coco (1)/PrimoT/SaveBooking2/Success/Page_Primo Tours  Danmarks bedste c/i_fa fa-arrow-circle-right' successfully

2017-11-28 15:53:29 - [TEST_STEP][PASSED] - waitForElementClickable: Object 'Object Repository/PrimoTours/Old Objects/Coco (1)/PrimoT/SaveBooking2/Success/Page_Primo Tours  Danmarks bedste c/i_fa fa-arrow-circle-right' is clickable

2017-11-28 15:53:30 - [MESSAGE][PASSED] - Object 'Object Repository/PrimoTours/Old Objects/Coco (1)/PrimoT/SaveBooking2/Success/Page_Primo Tours  Danmarks bedste c/i_fa fa-arrow-circle-right' is clickable

2017-11-28 15:53:30 - [TEST_STEP][PASSED] - waitForElementVisible: Object 'Object Repository/PrimoTours/Old Objects/Coco (1)/PrimoT/SaveBooking2/Success/Page_Primo Tours  Danmarks bedste c/i_fa fa-arrow-circle-right' is visible

2017-11-28 15:53:30 - [MESSAGE][PASSED] - Object 'Object Repository/PrimoTours/Old Objects/Coco (1)/PrimoT/SaveBooking2/Success/Page_Primo Tours  Danmarks bedste c/i_fa fa-arrow-circle-right' is visible

2017-11-28 15:53:30 - [TEST_STEP][PASSED] - scrollToElement: Scroll to object 'Object Repository/PrimoTours/Old Objects/Coco (1)/PrimoT/SaveBooking2/Success/Page_Primo Tours  Danmarks bedste c/i_fa fa-arrow-circle-right' successfully

2017-11-28 15:53:30 - [MESSAGE][PASSED] - Scroll to object 'Object Repository/PrimoTours/Old Objects/Coco (1)/PrimoT/SaveBooking2/Success/Page_Primo Tours  Danmarks bedste c/i_fa fa-arrow-circle-right' successfully

2017-11-28 15:53:30 - [TEST_STEP][PASSED] - click: Object: 'Object Repository/PrimoTours/Old Objects/Coco (1)/PrimoT/SaveBooking2/Success/Page_Primo Tours  Danmarks bedste c/i_fa fa-arrow-circle-right' is clicked on

2017-11-28 15:53:30 - [MESSAGE][PASSED] - Object: 'Object Repository/PrimoTours/Old Objects/Coco (1)/PrimoT/SaveBooking2/Success/Page_Primo Tours  Danmarks bedste c/i_fa fa-arrow-circle-right' is clicked on

2017-11-28 15:53:30 - [TEST_STEP][PASSED] - waitForElementNotVisible: Object 'Object Repository/PrimoTours/Old Objects/CCenter/pageLoaderOverlayLayer' is NOT visible

2017-11-28 15:53:31 - [MESSAGE][PASSED] - Object 'Object Repository/PrimoTours/Old Objects/CCenter/pageLoaderOverlayLayer' is NOT visible

2017-11-28 15:53:31 - [TEST_STEP][PASSED] - scrollToElement: Scroll to object 'Object Repository/PrimoTours/Old Objects/Coco/PrimoT/Ins2/Page_Primo Tours  Danmarks bedste c/travelInsuranceFirstPaxSelector' successfully

2017-11-28 15:53:31 - [MESSAGE][PASSED] - Scroll to object 'Object Repository/PrimoTours/Old Objects/Coco/PrimoT/Ins2/Page_Primo Tours  Danmarks bedste c/travelInsuranceFirstPaxSelector' successfully

2017-11-28 15:53:31 - [TEST_STEP][PASSED] - waitForElementPresent: Object 'Object Repository/PrimoTours/Old Objects/Coco/PrimoT/Ins2/Page_Primo Tours  Danmarks bedste c/travelInsuranceFirstPaxSelector' is present

2017-11-28 15:53:31 - [MESSAGE][PASSED] - Object 'Object Repository/PrimoTours/Old Objects/Coco/PrimoT/Ins2/Page_Primo Tours  Danmarks bedste c/travelInsuranceFirstPaxSelector' is present

2017-11-28 15:53:31 - [TEST_STEP][PASSED] - waitForElementVisible: Object 'Object Repository/PrimoTours/Old Objects/Coco/PrimoT/Ins2/Page_Primo Tours  Danmarks bedste c/travelInsuranceFirstPaxSelector' is visible

2017-11-28 15:53:31 - [MESSAGE][PASSED] - Object 'Object Repository/PrimoTours/Old Objects/Coco/PrimoT/Ins2/Page_Primo Tours  Danmarks bedste c/travelInsuranceFirstPaxSelector' is visible

2017-11-28 15:53:31 - [TEST_STEP][PASSED] - waitForElementClickable: Object 'Object Repository/PrimoTours/Old Objects/Coco/PrimoT/Ins2/Page_Primo Tours  Danmarks bedste c/travelInsuranceFirstPaxSelector' is clickable

2017-11-28 15:53:31 - [MESSAGE][PASSED] - Object 'Object Repository/PrimoTours/Old Objects/Coco/PrimoT/Ins2/Page_Primo Tours  Danmarks bedste c/travelInsuranceFirstPaxSelector' is clickable

2017-11-28 15:53:31 - [TEST_STEP][PASSED] - click: Object: 'Object Repository/PrimoTours/Old Objects/Coco/PrimoT/Ins2/Page_Primo Tours  Danmarks bedste c/travelInsuranceFirstPaxSelector' is clicked on

2017-11-28 15:53:31 - [MESSAGE][PASSED] - Object: 'Object Repository/PrimoTours/Old Objects/Coco/PrimoT/Ins2/Page_Primo Tours  Danmarks bedste c/travelInsuranceFirstPaxSelector' is clicked on

2017-11-28 15:53:31 - [TEST_STEP][PASSED] - click: Object: 'Object Repository/PrimoTours/Old Objects/Coco/PrimoT/Ins2/Page_Primo Tours  Danmarks bedste c/li_Har selv forsikring - kr. 0' is clicked on

2017-11-28 15:53:31 - [MESSAGE][PASSED] - Object: 'Object Repository/PrimoTours/Old Objects/Coco/PrimoT/Ins2/Page_Primo Tours  Danmarks bedste c/li_Har selv forsikring - kr. 0' is clicked on

2017-11-28 15:53:31 - [TEST_STEP][NOT_RUN] - click: NOT_RUN: click

2017-11-28 15:53:31 - [MESSAGE][NOT_RUN] - NOT_RUN: click

2017-11-28 15:53:31 - [TEST_STEP][NOT_RUN] - scrollToElement: NOT_RUN: scrollToElement

2017-11-28 15:53:31 - [MESSAGE][NOT_RUN] - NOT_RUN: scrollToElement

2017-11-28 15:53:31 - [TEST_STEP][NOT_RUN] - click: NOT_RUN: click

2017-11-28 15:53:31 - [MESSAGE][NOT_RUN] - NOT_RUN: click

2017-11-28 15:53:31 - [TEST_STEP][PASSED] - waitForElementVisible: Object 'Object Repository/PrimoTours/Old Objects/Coco (1)/PrimoT/SaveBooking2/Page_Primo Tours  Danmarks bedste c/individualInsuranceCheckbox' is visible

2017-11-28 15:53:31 - [MESSAGE][PASSED] - Object 'Object Repository/PrimoTours/Old Objects/Coco (1)/PrimoT/SaveBooking2/Page_Primo Tours  Danmarks bedste c/individualInsuranceCheckbox' is visible

2017-11-28 15:53:31 - [TEST_STEP][PASSED] - scrollToElement: Scroll to object 'Object Repository/PrimoTours/Old Objects/Coco (1)/PrimoT/SaveBooking2/Page_Primo Tours  Danmarks bedste c/individualInsuranceCheckbox' successfully

2017-11-28 15:53:31 - [MESSAGE][PASSED] - Scroll to object 'Object Repository/PrimoTours/Old Objects/Coco (1)/PrimoT/SaveBooking2/Page_Primo Tours  Danmarks bedste c/individualInsuranceCheckbox' successfully

2017-11-28 15:53:31 - [TEST_STEP][PASSED] - click: Object: 'Object Repository/PrimoTours/Old Objects/Coco (1)/PrimoT/SaveBooking2/Page_Primo Tours  Danmarks bedste c/individualInsuranceCheckbox' is clicked on

2017-11-28 15:53:31 - [MESSAGE][PASSED] - Object: 'Object Repository/PrimoTours/Old Objects/Coco (1)/PrimoT/SaveBooking2/Page_Primo Tours  Danmarks bedste c/individualInsuranceCheckbox' is clicked on

2017-11-28 15:53:31 - [TEST_STEP][PASSED] - scrollToElement: Scroll to object 'Object Repository/PrimoTours/Old Objects/Coco (1)/PrimoT/SaveBooking2/Success/firstProdCategIndividualSelectionRadioB' successfully

2017-11-28 15:53:31 - [MESSAGE][PASSED] - Scroll to object 'Object Repository/PrimoTours/Old Objects/Coco (1)/PrimoT/SaveBooking2/Success/firstProdCategIndividualSelectionRadioB' successfully

2017-11-28 15:53:31 - [TEST_STEP][PASSED] - waitForElementClickable: Object 'Object Repository/PrimoTours/Old Objects/Coco (1)/PrimoT/SaveBooking2/Success/firstProdCategIndividualSelectionRadioB' is clickable

2017-11-28 15:53:32 - [MESSAGE][PASSED] - Object 'Object Repository/PrimoTours/Old Objects/Coco (1)/PrimoT/SaveBooking2/Success/firstProdCategIndividualSelectionRadioB' is clickable

2017-11-28 15:53:32 - [TEST_STEP][PASSED] - scrollToElement: Scroll to object 'Object Repository/PrimoTours/Old Objects/Coco (1)/PrimoT/SaveBooking2/Success/firstProdCategIndividualSelectionRadioB' successfully

2017-11-28 15:53:32 - [MESSAGE][PASSED] - Scroll to object 'Object Repository/PrimoTours/Old Objects/Coco (1)/PrimoT/SaveBooking2/Success/firstProdCategIndividualSelectionRadioB' successfully

2017-11-28 15:53:32 - [TEST_STEP][PASSED] - click: Object: 'Object Repository/PrimoTours/Old Objects/Coco (1)/PrimoT/SaveBooking2/Success/firstProdCategIndividualSelectionRadioB' is clicked on

2017-11-28 15:53:32 - [MESSAGE][PASSED] - Object: 'Object Repository/PrimoTours/Old Objects/Coco (1)/PrimoT/SaveBooking2/Success/firstProdCategIndividualSelectionRadioB' is clicked on

2017-11-28 15:53:32 - [TEST_STEP][PASSED] - scrollToElement: Scroll to object 'Object Repository/PrimoTours/Old Objects/Coco (1)/PrimoT/SaveBooking2/Success/firstProdCategSelectForAllPaxCheckbox' successfully

2017-11-28 15:53:32 - [MESSAGE][PASSED] - Scroll to object 'Object Repository/PrimoTours/Old Objects/Coco (1)/PrimoT/SaveBooking2/Success/firstProdCategSelectForAllPaxCheckbox' successfully

2017-11-28 15:53:32 - [TEST_STEP][PASSED] - waitForElementClickable: Object 'Object Repository/PrimoTours/Old Objects/Coco (1)/PrimoT/SaveBooking2/Success/firstProdCategSelectForAllPaxCheckbox' is clickable

2017-11-28 15:53:32 - [MESSAGE][PASSED] - Object 'Object Repository/PrimoTours/Old Objects/Coco (1)/PrimoT/SaveBooking2/Success/firstProdCategSelectForAllPaxCheckbox' is clickable

2017-11-28 15:53:32 - [TEST_STEP][PASSED] - click: Object: 'Object Repository/PrimoTours/Old Objects/Coco (1)/PrimoT/SaveBooking2/Success/firstProdCategSelectForAllPaxCheckbox' is clicked on

2017-11-28 15:53:32 - [MESSAGE][PASSED] - Object: 'Object Repository/PrimoTours/Old Objects/Coco (1)/PrimoT/SaveBooking2/Success/firstProdCategSelectForAllPaxCheckbox' is clicked on

2017-11-28 15:53:32 - [TEST_STEP][NOT_RUN] - scrollToElement: NOT_RUN: scrollToElement

2017-11-28 15:53:32 - [MESSAGE][NOT_RUN] - NOT_RUN: scrollToElement

2017-11-28 15:53:32 - [TEST_STEP][NOT_RUN] - scrollToElement: NOT_RUN: scrollToElement

2017-11-28 15:53:32 - [MESSAGE][NOT_RUN] - NOT_RUN: scrollToElement

2017-11-28 15:53:32 - [TEST_STEP][NOT_RUN] - click: NOT_RUN: click

2017-11-28 15:53:32 - [MESSAGE][NOT_RUN] - NOT_RUN: click

2017-11-28 15:53:32 - [TEST_STEP][PASSED] - scrollToElement: Scroll to object 'Object Repository/PrimoTours/ConfirmationPage/agreeTermsAndCondCheckbox' successfully

2017-11-28 15:53:32 - [MESSAGE][PASSED] - Scroll to object 'Object Repository/PrimoTours/ConfirmationPage/agreeTermsAndCondCheckbox' successfully

2017-11-28 15:53:32 - [TEST_STEP][PASSED] - click: Object: 'Object Repository/PrimoTours/ConfirmationPage/agreeTermsAndCondCheckbox' is clicked on

2017-11-28 15:53:33 - [MESSAGE][PASSED] - Object: 'Object Repository/PrimoTours/ConfirmationPage/agreeTermsAndCondCheckbox' is clicked on

2017-11-28 15:53:33 - [TEST_STEP][PASSED] - waitForElementClickable: Object 'Object Repository/PrimoTours/ConfirmationPage/placeBookingButton' is clickable

2017-11-28 15:53:33 - [MESSAGE][PASSED] - Object 'Object Repository/PrimoTours/ConfirmationPage/placeBookingButton' is clickable

2017-11-28 15:53:33 - [TEST_STEP][PASSED] - scrollToElement: Scroll to object 'Object Repository/PrimoTours/ConfirmationPage/placeBookingButton' successfully

2017-11-28 15:53:33 - [MESSAGE][PASSED] - Scroll to object 'Object Repository/PrimoTours/ConfirmationPage/placeBookingButton' successfully

2017-11-28 15:53:33 - [TEST_STEP][PASSED] - click: Object: 'Object Repository/PrimoTours/ConfirmationPage/placeBookingButton' is clicked on

2017-11-28 15:53:33 - [MESSAGE][PASSED] - Object: 'Object Repository/PrimoTours/ConfirmationPage/placeBookingButton' is clicked on

2017-11-28 15:53:33 - [TEST_STEP][PASSED] - delay: Delayed 2 second(s)

2017-11-28 15:53:35 - [MESSAGE][PASSED] - Delayed 2 second(s)

2017-11-28 15:53:35 - [TEST_STEP][PASSED] - waitForPageLoad: Wait for page load successfully

2017-11-28 15:53:35 - [MESSAGE][PASSED] - Wait for page load successfully

2017-11-28 15:53:35 - [TEST_STEP][PASSED] - waitForJQueryLoad: jQuery is ready.

2017-11-28 15:53:39 - [MESSAGE][PASSED] - jQuery is ready.

2017-11-28 15:53:39 - [TEST_STEP][PASSED] - waitForElementPresent: Object 'Object Repository/PrimoTours/Old Objects/CCenter/pageLoaderOverlayLayer' is present

2017-11-28 15:53:39 - [MESSAGE][PASSED] - Object 'Object Repository/PrimoTours/Old Objects/CCenter/pageLoaderOverlayLayer' is present

2017-11-28 15:53:39 - [TEST_STEP][PASSED] - waitForElementNotVisible: Object 'Object Repository/PrimoTours/Old Objects/CCenter/pageLoaderOverlayLayer' is NOT visible

2017-11-28 15:53:39 - [MESSAGE][PASSED] - Object 'Object Repository/PrimoTours/Old Objects/CCenter/pageLoaderOverlayLayer' is NOT visible

2017-11-28 15:53:39 - [TEST_STEP][PASSED] - waitForElementClickable: Object 'Object Repository/PrimoTours/Old Objects/ThankYouPage/bookingNoContainer' is clickable

2017-11-28 15:53:39 - [MESSAGE][PASSED] - Object 'Object Repository/PrimoTours/Old Objects/ThankYouPage/bookingNoContainer' is clickable

2017-11-28 15:53:39 - [TEST_STEP][PASSED] - verifyElementVisible: Object 'Object Repository/PrimoTours/Old Objects/ThankYouPage/bookingNoContainer' is visible

2017-11-28 15:53:40 - [MESSAGE][PASSED] - Object 'Object Repository/PrimoTours/Old Objects/ThankYouPage/bookingNoContainer' is visible

2017-11-28 15:53:40 - [TEST_STEP][PASSED] - verifyElementVisible: Object 'Object Repository/PrimoTours/Old Objects/ThankYouPage/bookingTotalInfo' is visible

2017-11-28 15:53:40 - [MESSAGE][PASSED] - Object 'Object Repository/PrimoTours/Old Objects/ThankYouPage/bookingTotalInfo' is visible

2017-11-28 15:53:40 - [TEST_STEP][PASSED] - verifyElementVisible: Object 'Object Repository/PrimoTours/Old Objects/ThankYouPage/bookingTotalPriceBar' is visible

2017-11-28 15:53:40 - [MESSAGE][PASSED] - Object 'Object Repository/PrimoTours/Old Objects/ThankYouPage/bookingTotalPriceBar' is visible

2017-11-28 15:53:40 - [TEST_STEP][PASSED] - verifyElementVisible: Object 'Object Repository/PrimoTours/Old Objects/ThankYouPage/a_printTicketLink' is visible

2017-11-28 15:53:40 - [MESSAGE][PASSED] - Object 'Object Repository/PrimoTours/Old Objects/ThankYouPage/a_printTicketLink' is visible

2017-11-28 15:53:40 - [TEST_STEP][PASSED] - waitForElementClickable: Object 'Object Repository/PrimoTours/Old Objects/ThankYouPage/a_printTicketLink' is clickable

2017-11-28 15:53:40 - [MESSAGE][WARNING] - Timeout '0' is invalid. Using default page load timeout: '15'

2017-11-28 15:53:40 - [MESSAGE][PASSED] - Object 'Object Repository/PrimoTours/Old Objects/ThankYouPage/a_printTicketLink' is clickable

2017-11-28 15:53:40 - [TEST_STEP][PASSED] - click: Object: 'Object Repository/PrimoTours/Old Objects/ThankYouPage/a_printTicketLink' is clicked on

2017-11-28 15:53:44 - [MESSAGE][PASSED] - Object: 'Object Repository/PrimoTours/Old Objects/ThankYouPage/a_printTicketLink' is clicked on

2017-11-28 15:53:44 - [TEST_STEP][PASSED] - delay: Delayed 1 second(s)

2017-11-28 15:53:45 - [MESSAGE][PASSED] - Delayed 1 second(s)

2017-11-28 15:53:45 - [TEST_STEP][PASSED] - waitForElementVisible: Object 'Object Repository/PrimoTours/Old Objects/ThankYouPage/cCenterButton' is visible

2017-11-28 15:53:45 - [MESSAGE][PASSED] - Object 'Object Repository/PrimoTours/Old Objects/ThankYouPage/cCenterButton' is visible

2017-11-28 15:53:45 - [TEST_STEP][PASSED] - waitForElementClickable: Object 'Object Repository/PrimoTours/Old Objects/ThankYouPage/cCenterButton' is clickable

2017-11-28 15:53:45 - [MESSAGE][PASSED] - Object 'Object Repository/PrimoTours/Old Objects/ThankYouPage/cCenterButton' is clickable

2017-11-28 15:53:45 - [TEST_STEP][PASSED] - click: Object: 'Object Repository/PrimoTours/Old Objects/ThankYouPage/cCenterButton' is clicked on

2017-11-28 15:53:46 - [MESSAGE][PASSED] - Object: 'Object Repository/PrimoTours/Old Objects/ThankYouPage/cCenterButton' is clicked on

2017-11-28 15:53:46 - [TEST_STEP][PASSED] - waitForPageLoad: Wait for page load successfully

2017-11-28 15:53:46 - [MESSAGE][PASSED] - Wait for page load successfully

2017-11-28 15:53:46 - [TEST_STEP][PASSED] - waitForJQueryLoad: jQuery is ready.

2017-11-28 15:53:46 - [MESSAGE][PASSED] - jQuery is ready.

2017-11-28 15:53:46 - [TEST_STEP][PASSED] - waitForElementPresent: Object 'Object Repository/PrimoTours/Old Objects/CCenter/pageLoaderOverlayLayer' is present

2017-11-28 15:53:46 - [MESSAGE][PASSED] - Object 'Object Repository/PrimoTours/Old Objects/CCenter/pageLoaderOverlayLayer' is present

2017-11-28 15:53:46 - [TEST_STEP][PASSED] - waitForElementNotVisible: Object 'Object Repository/PrimoTours/Old Objects/CCenter/pageLoaderOverlayLayer' is NOT visible

2017-11-28 15:53:46 - [MESSAGE][PASSED] - Object 'Object Repository/PrimoTours/Old Objects/CCenter/pageLoaderOverlayLayer' is NOT visible

2017-11-28 15:53:46 - [TEST_STEP][PASSED] - verifyElementVisible: Object 'Object Repository/PrimoTours/Old Objects/ThankYouPage/bookingNoContainer' is visible

2017-11-28 15:53:46 - [MESSAGE][PASSED] - Object 'Object Repository/PrimoTours/Old Objects/ThankYouPage/bookingNoContainer' is visible

2017-11-28 15:53:46 - [TEST_STEP][PASSED] - verifyElementVisible: Object 'Object Repository/PrimoTours/Old Objects/ThankYouPage/bookingTotalPriceBar' is visible

2017-11-28 15:53:46 - [MESSAGE][PASSED] - Object 'Object Repository/PrimoTours/Old Objects/ThankYouPage/bookingTotalPriceBar' is visible]]></system-out>
         <system-err><![CDATA[]]></system-err>
      </testcase>
      <testcase name="Test Cases/PrimoTours/WB Primo/WB Primo staging - place booking - Iteration 3" classname="Test Cases/PrimoTours/WB Primo/WB Primo staging - place booking" status="FAILED">
         <failure type="FAILED" message="Test Cases/PrimoTours/WB Primo/WB Primo staging - place booking FAILED because (of) Unable to click on object 'Object Repository/PrimoTours/ConfirmationPage/placeBookingButton' (Root cause: org.openqa.selenium.WebDriverException: unknown error: Element &lt;a href=&quot;javascript:;&quot; class=&quot;btn btn-success col-xs-12 step defaultButton disabledElement&quot; data-validator=&quot;options&quot; data-loader=&quot;true&quot; id=&quot;placeBookingButton&quot; data-bind=&quot;css: tourpaq.bookingEngine.confirmation.nextStepButtonStyle&quot;>...&lt;/a> is not clickable at point (1337, 729). Other element would receive the click: &lt;div class=&quot;col-xs-12 col-md-4 col-md-offset-4 pull-right&quot;>...&lt;/div>
  (Session info: chrome=62.0.3202.94)
  (Driver info: chromedriver=2.33.506120 (e3e53437346286c0bc2d2dc9aa4915ba81d9023f),platform=Windows NT 6.3.9600 x86_64) (WARNING: The server did not provide any stacktrace information)
Command duration or timeout: 0 milliseconds
Build info: version: '3.7.1', revision: '8a0099a', time: '2017-11-06T21:07:36.161Z'
System info: host: 'NEACSUNEW-PC', ip: '10.10.10.211', os.name: 'Windows 8.1', os.arch: 'amd64', os.version: '6.3', java.version: '1.8.0_102'
Driver info: com.kms.katalon.selenium.driver.CChromeDriver
Capabilities {acceptSslCerts: true, applicationCacheEnabled: false, browserConnectionEnabled: false, browserName: chrome, chrome: {chromedriverVersion: 2.33.506120 (e3e53437346286..., userDataDir: C:\Users\Cornel\AppData\Loc...}, cssSelectorsEnabled: true, databaseEnabled: false, handlesAlerts: true, hasTouchScreen: false, javascriptEnabled: true, locationContextEnabled: true, mobileEmulationEnabled: false, nativeEvents: true, networkConnectionEnabled: false, pageLoadStrategy: normal, platform: XP, platformName: XP, rotatable: false, setWindowRect: true, takesHeapSnapshot: true, takesScreenshot: true, unexpectedAlertBehaviour: , unhandledPromptBehavior: , version: 62.0.3202.94, webStorageEnabled: true}
Session ID: 68e76008acb9dc1a007aa3aad9a0b566)"/>
         <system-out><![CDATA[2017-11-28 15:53:46 - [TEST_CASE][FAILED] - Test Cases/PrimoTours/WB Primo/WB Primo staging - place booking - Iteration 3: Test Cases/PrimoTours/WB Primo/WB Primo staging - place booking FAILED because (of) Unable to click on object 'Object Repository/PrimoTours/ConfirmationPage/placeBookingButton' (Root cause: org.openqa.selenium.WebDriverException: unknown error: Element <a href="javascript:;" class="btn btn-success col-xs-12 step defaultButton disabledElement" data-validator="options" data-loader="true" id="placeBookingButton" data-bind="css: tourpaq.bookingEngine.confirmation.nextStepButtonStyle">...</a> is not clickable at point (1337, 729). Other element would receive the click: <div class="col-xs-12 col-md-4 col-md-offset-4 pull-right">...</div>
  (Session info: chrome=62.0.3202.94)
  (Driver info: chromedriver=2.33.506120 (e3e53437346286c0bc2d2dc9aa4915ba81d9023f),platform=Windows NT 6.3.9600 x86_64) (WARNING: The server did not provide any stacktrace information)
Command duration or timeout: 0 milliseconds
Build info: version: '3.7.1', revision: '8a0099a', time: '2017-11-06T21:07:36.161Z'
System info: host: 'NEACSUNEW-PC', ip: '10.10.10.211', os.name: 'Windows 8.1', os.arch: 'amd64', os.version: '6.3', java.version: '1.8.0_102'
Driver info: com.kms.katalon.selenium.driver.CChromeDriver
Capabilities {acceptSslCerts: true, applicationCacheEnabled: false, browserConnectionEnabled: false, browserName: chrome, chrome: {chromedriverVersion: 2.33.506120 (e3e53437346286..., userDataDir: C:\Users\Cornel\AppData\Loc...}, cssSelectorsEnabled: true, databaseEnabled: false, handlesAlerts: true, hasTouchScreen: false, javascriptEnabled: true, locationContextEnabled: true, mobileEmulationEnabled: false, nativeEvents: true, networkConnectionEnabled: false, pageLoadStrategy: normal, platform: XP, platformName: XP, rotatable: false, setWindowRect: true, takesHeapSnapshot: true, takesScreenshot: true, unexpectedAlertBehaviour: , unhandledPromptBehavior: , version: 62.0.3202.94, webStorageEnabled: true}
Session ID: 68e76008acb9dc1a007aa3aad9a0b566)

2017-11-28 15:53:46 - [TEST_STEP][PASSED] - openBrowser: Browser is opened with url: ''

2017-11-28 15:53:46 - [MESSAGE][WARNING] - A browser is already opened. Closing browser and opening a new one

2017-11-28 15:53:49 - [MESSAGE][PASSED] - Browser is opened with url: ''

2017-11-28 15:53:49 - [TEST_STEP][PASSED] - maximizeWindow: Current window maximized

2017-11-28 15:53:51 - [MESSAGE][PASSED] - Current window maximized

2017-11-28 15:53:51 - [TEST_STEP][PASSED] - navigateToUrl: Navigate to 'http://localhost:50029/DoBooking.aspx?pltaID=1480269&p=1&rno=1&pt=2&a=2&c=2&aa=&ca=1%2C5' successfully

2017-11-28 15:53:51 - [MESSAGE][PASSED] - Navigate to 'http://localhost:50029/DoBooking.aspx?pltaID=1480269&p=1&rno=1&pt=2&a=2&c=2&aa=&ca=1%2C5' successfully

2017-11-28 15:53:51 - [TEST_STEP][PASSED] - setText: Text 'Pedersen AUT' is set on object 'Object Repository/PrimoTours/Old Objects/Coco/PrimoT/Page_Primo Tours  Danmarks bedste c/input_firstName'

2017-11-28 15:53:52 - [MESSAGE][PASSED] - Text 'Pedersen AUT' is set on object 'Object Repository/PrimoTours/Old Objects/Coco/PrimoT/Page_Primo Tours  Danmarks bedste c/input_firstName'

2017-11-28 15:53:52 - [TEST_STEP][PASSED] - setText: Text 'Vibe Dalby' is set on object 'Object Repository/PrimoTours/Old Objects/Coco/PrimoT/Page_Primo Tours  Danmarks bedste c/input_lastName'

2017-11-28 15:53:52 - [MESSAGE][PASSED] - Text 'Vibe Dalby' is set on object 'Object Repository/PrimoTours/Old Objects/Coco/PrimoT/Page_Primo Tours  Danmarks bedste c/input_lastName'

2017-11-28 15:53:52 - [TEST_STEP][PASSED] - setText: Text 'Home address' is set on object 'Object Repository/PrimoTours/Old Objects/Coco/PrimoT/Page_Primo Tours  Danmarks bedste c/input_customerAddress'

2017-11-28 15:53:53 - [MESSAGE][PASSED] - Text 'Home address' is set on object 'Object Repository/PrimoTours/Old Objects/Coco/PrimoT/Page_Primo Tours  Danmarks bedste c/input_customerAddress'

2017-11-28 15:53:53 - [TEST_STEP][PASSED] - setText: Text '6700' is set on object 'Object Repository/PrimoTours/Old Objects/Coco/PrimoT/Page_Primo Tours  Danmarks bedste c/input_customerPostcode'

2017-11-28 15:53:53 - [MESSAGE][PASSED] - Text '6700' is set on object 'Object Repository/PrimoTours/Old Objects/Coco/PrimoT/Page_Primo Tours  Danmarks bedste c/input_customerPostcode'

2017-11-28 15:53:53 - [TEST_STEP][PASSED] - setText: Text 'cornel.neacsu@roweb.ro' is set on object 'Object Repository/PrimoTours/Old Objects/Coco/PrimoT/Page_Primo Tours  Danmarks bedste c/input_customerEmail'

2017-11-28 15:53:53 - [MESSAGE][PASSED] - Text 'cornel.neacsu@roweb.ro' is set on object 'Object Repository/PrimoTours/Old Objects/Coco/PrimoT/Page_Primo Tours  Danmarks bedste c/input_customerEmail'

2017-11-28 15:53:53 - [TEST_STEP][PASSED] - setText: Text '12345678' is set on object 'Object Repository/PrimoTours/Old Objects/Coco/PrimoT/Page_Primo Tours  Danmarks bedste c/input_customerPhone'

2017-11-28 15:53:53 - [MESSAGE][PASSED] - Text '12345678' is set on object 'Object Repository/PrimoTours/Old Objects/Coco/PrimoT/Page_Primo Tours  Danmarks bedste c/input_customerPhone'

2017-11-28 15:53:53 - [TEST_STEP][PASSED] - Statement - excelInfo = ["fname":"", "lname":"", "pgender":"", "pday":"", "pmonth":"", "pyear":""]: null

2017-11-28 15:53:53 - [TEST_STEP][PASSED] - Statement - rawData = com.kms.katalon.core.testdata.TestDataFactory.findTestData("Data Files/WB_Primo/Passenger_details"): Reading excel file with source file 'D:\Software testing\Tourpaq\Automated Katalon tests\Primo WB test\Data Files\Primo_URLs_For_Automated_Test.xls' and sheet name 'Passenger Names'

2017-11-28 15:53:53 - [TEST_STEP][PASSED] - Statement - excelRowNo = rawData.getRowNumbers(): null

2017-11-28 15:53:53 - [TEST_STEP][PASSED] - Statement - randomPaxIndex = 1: null

2017-11-28 15:53:53 - [TEST_STEP][PASSED] - waitForElementClickable: Object 'Object Repository/PrimoTours/Old Objects/Coco/PrimoT/Page_Primo Tours  Danmarks bedste c/input_firstname-0_1' is clickable

2017-11-28 15:53:55 - [MESSAGE][PASSED] - Object 'Object Repository/PrimoTours/Old Objects/Coco/PrimoT/Page_Primo Tours  Danmarks bedste c/input_firstname-0_1' is clickable

2017-11-28 15:53:55 - [TEST_STEP][PASSED] - Statement - driver = com.kms.katalon.core.webui.driver.DriverFactory.getWebDriver(): null

2017-11-28 15:53:55 - [TEST_STEP][PASSED] - Statement - roomContainerXpath = "id("booking")/div[@class="wrapper second-bg"]/div[contains(@class,"container-mx")]/div[@class="row"]/div[@class="col-md-12 roomContainer"]": null

2017-11-28 15:53:55 - [TEST_STEP][PASSED] - Statement - roomsCount = driver.findElements(org.openqa.selenium.By.xpath(roomContainerXpath)).size(): null

2017-11-28 15:53:55 - [TEST_STEP][PASSED] - Statement - println("roomsCount=" + roomsCount): null

2017-11-28 15:53:55 - [TEST_STEP][PASSED] - Statement - For ([i = 1, i <= roomsCount, (i++)]): Text 'Sdfgsfdsdfg' is set on object 'Object Repository/PrimoTours/Old Objects/allPaxLastNameFields'

2017-11-28 15:53:55 - [TEST_STEP][PASSED] - Statement - paxInRoomXpath = roomContainerXpath + "[" + i + "]/div[@class="row"]/div[@class="col-md-12"]/div[@class="row"]": null

2017-11-28 15:53:55 - [TEST_STEP][PASSED] - Statement - paxInRoomCount = driver.findElements(org.openqa.selenium.By.xpath(paxInRoomXpath)).size(): null

2017-11-28 15:53:55 - [TEST_STEP][PASSED] - Statement - println("paxInRoomCount=" + paxInRoomCount): null

2017-11-28 15:53:55 - [TEST_STEP][PASSED] - Statement - For ([j = 1, j <= paxInRoomCount, (j++)]): Text 'Sdfgsfdsdfg' is set on object 'Object Repository/PrimoTours/Old Objects/allPaxLastNameFields'

2017-11-28 15:53:55 - [TEST_STEP][PASSED] - Statement - If (i == 1 & j == 1): null

2017-11-28 15:53:55 - [TEST_STEP][PASSED] - Statement - <not implemented yet for class: org.codehaus.groovy.ast.stmt.ContinueStatement>: null

2017-11-28 15:53:55 - [TEST_STEP][PASSED] - Statement - If (i == 1 & j == 1): null

2017-11-28 15:53:55 - [TEST_STEP][PASSED] - Statement - randomPaxIndex = java.lang.Math.abs(new java.util.Random().nextInt() % excelRowNo) + 1: null

2017-11-28 15:53:55 - [TEST_STEP][PASSED] - Statement - println(randomPaxIndex): null

2017-11-28 15:53:55 - [TEST_STEP][PASSED] - Statement - fname = rawData.getValue("FirstName", randomPaxIndex) + " AUT": null

2017-11-28 15:53:55 - [TEST_STEP][PASSED] - Statement - lname = rawData.getValue("LastName", randomPaxIndex): null

2017-11-28 15:53:55 - [TEST_STEP][PASSED] - Statement - pgender = rawData.getValue("Gender", randomPaxIndex): null

2017-11-28 15:53:55 - [TEST_STEP][PASSED] - Statement - pday = rawData.getValue("Day DOB", randomPaxIndex): null

2017-11-28 15:53:55 - [TEST_STEP][PASSED] - Statement - pmonth = rawData.getValue("Month DOB", randomPaxIndex): null

2017-11-28 15:53:55 - [TEST_STEP][PASSED] - Statement - pyear = rawData.getValue("Year DOB", randomPaxIndex): null

2017-11-28 15:53:55 - [TEST_STEP][PASSED] - Statement - paxDetailFields = paxInRoomXpath + "[" + j + "]/div[@class="col-md-x col-md-9"]/div[@class="row paxContainer"]/div[@class="col-md-5"]": null

2017-11-28 15:53:55 - [TEST_STEP][PASSED] - Statement - xpathval = paxDetailFields + "[1]/div[contains(@class,"form-group")]/input[@class="form-control paxFirstName"]": null

2017-11-28 15:53:55 - [TEST_STEP][PASSED] - Statement - println("fn: " + xpathval): null

2017-11-28 15:53:55 - [TEST_STEP][PASSED] - Statement - repObj = com.kms.katalon.core.testobject.ObjectRepository.findTestObject(Object Repository/PrimoTours/Old Objects/allPaxFirstNameFields): Finding Test Object with id 'Object Repository/PrimoTours/Old Objects/allPaxFirstNameFields'

2017-11-28 15:53:55 - [TEST_STEP][PASSED] - Statement - repObj.findProperty("xpath").setValue(xpathval): null

2017-11-28 15:53:55 - [TEST_STEP][PASSED] - setText: Text 'Rosenkjær AUT' is set on object 'Object Repository/PrimoTours/Old Objects/allPaxFirstNameFields'

2017-11-28 15:53:56 - [MESSAGE][PASSED] - Text 'Rosenkjær AUT' is set on object 'Object Repository/PrimoTours/Old Objects/allPaxFirstNameFields'

2017-11-28 15:53:56 - [TEST_STEP][PASSED] - Statement - xpathval = paxDetailFields + "[2]/div[contains(@class,"form-group")]/input[@class="form-control paxLastName"]": null

2017-11-28 15:53:56 - [TEST_STEP][PASSED] - Statement - println("ln: " + xpathval): null

2017-11-28 15:53:56 - [TEST_STEP][PASSED] - Statement - repObj = com.kms.katalon.core.testobject.ObjectRepository.findTestObject(Object Repository/PrimoTours/Old Objects/allPaxLastNameFields): Finding Test Object with id 'Object Repository/PrimoTours/Old Objects/allPaxLastNameFields'

2017-11-28 15:53:56 - [TEST_STEP][PASSED] - Statement - repObj.findProperty("xpath").setValue(xpathval): null

2017-11-28 15:53:56 - [TEST_STEP][PASSED] - setText: Text 'Max' is set on object 'Object Repository/PrimoTours/Old Objects/allPaxLastNameFields'

2017-11-28 15:53:56 - [MESSAGE][PASSED] - Text 'Max' is set on object 'Object Repository/PrimoTours/Old Objects/allPaxLastNameFields'

2017-11-28 15:53:56 - [TEST_STEP][PASSED] - Statement - If (i == 1 & j == 1): null

2017-11-28 15:53:56 - [TEST_STEP][PASSED] - Statement - randomPaxIndex = java.lang.Math.abs(new java.util.Random().nextInt() % excelRowNo) + 1: null

2017-11-28 15:53:56 - [TEST_STEP][PASSED] - Statement - println(randomPaxIndex): null

2017-11-28 15:53:56 - [TEST_STEP][PASSED] - Statement - fname = rawData.getValue("FirstName", randomPaxIndex) + " AUT": null

2017-11-28 15:53:56 - [TEST_STEP][PASSED] - Statement - lname = rawData.getValue("LastName", randomPaxIndex): null

2017-11-28 15:53:56 - [TEST_STEP][PASSED] - Statement - pgender = rawData.getValue("Gender", randomPaxIndex): null

2017-11-28 15:53:56 - [TEST_STEP][PASSED] - Statement - pday = rawData.getValue("Day DOB", randomPaxIndex): null

2017-11-28 15:53:56 - [TEST_STEP][PASSED] - Statement - pmonth = rawData.getValue("Month DOB", randomPaxIndex): null

2017-11-28 15:53:56 - [TEST_STEP][PASSED] - Statement - pyear = rawData.getValue("Year DOB", randomPaxIndex): null

2017-11-28 15:53:56 - [TEST_STEP][PASSED] - Statement - paxDetailFields = paxInRoomXpath + "[" + j + "]/div[@class="col-md-x col-md-9"]/div[@class="row paxContainer"]/div[@class="col-md-5"]": null

2017-11-28 15:53:56 - [TEST_STEP][PASSED] - Statement - xpathval = paxDetailFields + "[1]/div[contains(@class,"form-group")]/input[@class="form-control paxFirstName"]": null

2017-11-28 15:53:56 - [TEST_STEP][PASSED] - Statement - println("fn: " + xpathval): null

2017-11-28 15:53:56 - [TEST_STEP][PASSED] - Statement - repObj = com.kms.katalon.core.testobject.ObjectRepository.findTestObject(Object Repository/PrimoTours/Old Objects/allPaxFirstNameFields): Finding Test Object with id 'Object Repository/PrimoTours/Old Objects/allPaxFirstNameFields'

2017-11-28 15:53:56 - [TEST_STEP][PASSED] - Statement - repObj.findProperty("xpath").setValue(xpathval): null

2017-11-28 15:53:56 - [TEST_STEP][PASSED] - setText: Text 'Kanstrup AUT' is set on object 'Object Repository/PrimoTours/Old Objects/allPaxFirstNameFields'

2017-11-28 15:53:56 - [MESSAGE][PASSED] - Text 'Kanstrup AUT' is set on object 'Object Repository/PrimoTours/Old Objects/allPaxFirstNameFields'

2017-11-28 15:53:56 - [TEST_STEP][PASSED] - Statement - xpathval = paxDetailFields + "[2]/div[contains(@class,"form-group")]/input[@class="form-control paxLastName"]": null

2017-11-28 15:53:56 - [TEST_STEP][PASSED] - Statement - println("ln: " + xpathval): null

2017-11-28 15:53:56 - [TEST_STEP][PASSED] - Statement - repObj = com.kms.katalon.core.testobject.ObjectRepository.findTestObject(Object Repository/PrimoTours/Old Objects/allPaxLastNameFields): Finding Test Object with id 'Object Repository/PrimoTours/Old Objects/allPaxLastNameFields'

2017-11-28 15:53:56 - [TEST_STEP][PASSED] - Statement - repObj.findProperty("xpath").setValue(xpathval): null

2017-11-28 15:53:56 - [TEST_STEP][PASSED] - setText: Text 'Nicolai' is set on object 'Object Repository/PrimoTours/Old Objects/allPaxLastNameFields'

2017-11-28 15:53:56 - [MESSAGE][PASSED] - Text 'Nicolai' is set on object 'Object Repository/PrimoTours/Old Objects/allPaxLastNameFields'

2017-11-28 15:53:56 - [TEST_STEP][PASSED] - Statement - If (i == 1 & j == 1): null

2017-11-28 15:53:56 - [TEST_STEP][PASSED] - Statement - randomPaxIndex = java.lang.Math.abs(new java.util.Random().nextInt() % excelRowNo) + 1: null

2017-11-28 15:53:56 - [TEST_STEP][PASSED] - Statement - println(randomPaxIndex): null

2017-11-28 15:53:56 - [TEST_STEP][PASSED] - Statement - fname = rawData.getValue("FirstName", randomPaxIndex) + " AUT": null

2017-11-28 15:53:56 - [TEST_STEP][PASSED] - Statement - lname = rawData.getValue("LastName", randomPaxIndex): null

2017-11-28 15:53:56 - [TEST_STEP][PASSED] - Statement - pgender = rawData.getValue("Gender", randomPaxIndex): null

2017-11-28 15:53:56 - [TEST_STEP][PASSED] - Statement - pday = rawData.getValue("Day DOB", randomPaxIndex): null

2017-11-28 15:53:56 - [TEST_STEP][PASSED] - Statement - pmonth = rawData.getValue("Month DOB", randomPaxIndex): null

2017-11-28 15:53:56 - [TEST_STEP][PASSED] - Statement - pyear = rawData.getValue("Year DOB", randomPaxIndex): null

2017-11-28 15:53:56 - [TEST_STEP][PASSED] - Statement - paxDetailFields = paxInRoomXpath + "[" + j + "]/div[@class="col-md-x col-md-9"]/div[@class="row paxContainer"]/div[@class="col-md-5"]": null

2017-11-28 15:53:56 - [TEST_STEP][PASSED] - Statement - xpathval = paxDetailFields + "[1]/div[contains(@class,"form-group")]/input[@class="form-control paxFirstName"]": null

2017-11-28 15:53:56 - [TEST_STEP][PASSED] - Statement - println("fn: " + xpathval): null

2017-11-28 15:53:56 - [TEST_STEP][PASSED] - Statement - repObj = com.kms.katalon.core.testobject.ObjectRepository.findTestObject(Object Repository/PrimoTours/Old Objects/allPaxFirstNameFields): Finding Test Object with id 'Object Repository/PrimoTours/Old Objects/allPaxFirstNameFields'

2017-11-28 15:53:56 - [TEST_STEP][PASSED] - Statement - repObj.findProperty("xpath").setValue(xpathval): null

2017-11-28 15:53:56 - [TEST_STEP][PASSED] - setText: Text 'Sdfsfdg AUT' is set on object 'Object Repository/PrimoTours/Old Objects/allPaxFirstNameFields'

2017-11-28 15:53:56 - [MESSAGE][PASSED] - Text 'Sdfsfdg AUT' is set on object 'Object Repository/PrimoTours/Old Objects/allPaxFirstNameFields'

2017-11-28 15:53:56 - [TEST_STEP][PASSED] - Statement - xpathval = paxDetailFields + "[2]/div[contains(@class,"form-group")]/input[@class="form-control paxLastName"]": null

2017-11-28 15:53:56 - [TEST_STEP][PASSED] - Statement - println("ln: " + xpathval): null

2017-11-28 15:53:56 - [TEST_STEP][PASSED] - Statement - repObj = com.kms.katalon.core.testobject.ObjectRepository.findTestObject(Object Repository/PrimoTours/Old Objects/allPaxLastNameFields): Finding Test Object with id 'Object Repository/PrimoTours/Old Objects/allPaxLastNameFields'

2017-11-28 15:53:56 - [TEST_STEP][PASSED] - Statement - repObj.findProperty("xpath").setValue(xpathval): null

2017-11-28 15:53:56 - [TEST_STEP][PASSED] - setText: Text 'Sdfgsfdsdfg' is set on object 'Object Repository/PrimoTours/Old Objects/allPaxLastNameFields'

2017-11-28 15:53:57 - [MESSAGE][PASSED] - Text 'Sdfgsfdsdfg' is set on object 'Object Repository/PrimoTours/Old Objects/allPaxLastNameFields'

2017-11-28 15:53:57 - [TEST_STEP][PASSED] - scrollToElement: Scroll to object 'Object Repository/PrimoTours/Old Objects/Coco (1)/PrimoT/SaveBooking2/Success/bookingTotalValue' successfully

2017-11-28 15:53:57 - [MESSAGE][PASSED] - Scroll to object 'Object Repository/PrimoTours/Old Objects/Coco (1)/PrimoT/SaveBooking2/Success/bookingTotalValue' successfully

2017-11-28 15:53:57 - [TEST_STEP][PASSED] - click: Object: 'Object Repository/PrimoTours/Old Objects/Coco (1)/PrimoT/SaveBooking2/Success/bookingTotalValue' is clicked on

2017-11-28 15:53:57 - [MESSAGE][PASSED] - Object: 'Object Repository/PrimoTours/Old Objects/Coco (1)/PrimoT/SaveBooking2/Success/bookingTotalValue' is clicked on

2017-11-28 15:53:57 - [TEST_STEP][PASSED] - scrollToElement: Scroll to object 'Object Repository/PrimoTours/Old Objects/Coco (1)/PrimoT/SaveBooking2/Success/Page_Primo Tours  Danmarks bedste c/i_fa fa-arrow-circle-right' successfully

2017-11-28 15:53:57 - [MESSAGE][PASSED] - Scroll to object 'Object Repository/PrimoTours/Old Objects/Coco (1)/PrimoT/SaveBooking2/Success/Page_Primo Tours  Danmarks bedste c/i_fa fa-arrow-circle-right' successfully

2017-11-28 15:53:57 - [TEST_STEP][PASSED] - waitForElementClickable: Object 'Object Repository/PrimoTours/Old Objects/Coco (1)/PrimoT/SaveBooking2/Success/Page_Primo Tours  Danmarks bedste c/i_fa fa-arrow-circle-right' is clickable

2017-11-28 15:53:57 - [MESSAGE][PASSED] - Object 'Object Repository/PrimoTours/Old Objects/Coco (1)/PrimoT/SaveBooking2/Success/Page_Primo Tours  Danmarks bedste c/i_fa fa-arrow-circle-right' is clickable

2017-11-28 15:53:57 - [TEST_STEP][PASSED] - waitForElementVisible: Object 'Object Repository/PrimoTours/Old Objects/Coco (1)/PrimoT/SaveBooking2/Success/Page_Primo Tours  Danmarks bedste c/i_fa fa-arrow-circle-right' is visible

2017-11-28 15:53:57 - [MESSAGE][PASSED] - Object 'Object Repository/PrimoTours/Old Objects/Coco (1)/PrimoT/SaveBooking2/Success/Page_Primo Tours  Danmarks bedste c/i_fa fa-arrow-circle-right' is visible

2017-11-28 15:53:57 - [TEST_STEP][PASSED] - scrollToElement: Scroll to object 'Object Repository/PrimoTours/Old Objects/Coco (1)/PrimoT/SaveBooking2/Success/Page_Primo Tours  Danmarks bedste c/i_fa fa-arrow-circle-right' successfully

2017-11-28 15:53:57 - [MESSAGE][PASSED] - Scroll to object 'Object Repository/PrimoTours/Old Objects/Coco (1)/PrimoT/SaveBooking2/Success/Page_Primo Tours  Danmarks bedste c/i_fa fa-arrow-circle-right' successfully

2017-11-28 15:53:57 - [TEST_STEP][PASSED] - click: Object: 'Object Repository/PrimoTours/Old Objects/Coco (1)/PrimoT/SaveBooking2/Success/Page_Primo Tours  Danmarks bedste c/i_fa fa-arrow-circle-right' is clicked on

2017-11-28 15:53:57 - [MESSAGE][PASSED] - Object: 'Object Repository/PrimoTours/Old Objects/Coco (1)/PrimoT/SaveBooking2/Success/Page_Primo Tours  Danmarks bedste c/i_fa fa-arrow-circle-right' is clicked on

2017-11-28 15:53:57 - [TEST_STEP][PASSED] - waitForElementNotVisible: Object 'Object Repository/PrimoTours/Old Objects/CCenter/pageLoaderOverlayLayer' is NOT visible

2017-11-28 15:53:58 - [MESSAGE][PASSED] - Object 'Object Repository/PrimoTours/Old Objects/CCenter/pageLoaderOverlayLayer' is NOT visible

2017-11-28 15:53:58 - [TEST_STEP][PASSED] - scrollToElement: Scroll to object 'Object Repository/PrimoTours/Old Objects/Coco/PrimoT/Ins2/Page_Primo Tours  Danmarks bedste c/travelInsuranceFirstPaxSelector' successfully

2017-11-28 15:53:58 - [MESSAGE][PASSED] - Scroll to object 'Object Repository/PrimoTours/Old Objects/Coco/PrimoT/Ins2/Page_Primo Tours  Danmarks bedste c/travelInsuranceFirstPaxSelector' successfully

2017-11-28 15:53:58 - [TEST_STEP][PASSED] - waitForElementPresent: Object 'Object Repository/PrimoTours/Old Objects/Coco/PrimoT/Ins2/Page_Primo Tours  Danmarks bedste c/travelInsuranceFirstPaxSelector' is present

2017-11-28 15:53:58 - [MESSAGE][PASSED] - Object 'Object Repository/PrimoTours/Old Objects/Coco/PrimoT/Ins2/Page_Primo Tours  Danmarks bedste c/travelInsuranceFirstPaxSelector' is present

2017-11-28 15:53:58 - [TEST_STEP][PASSED] - waitForElementVisible: Object 'Object Repository/PrimoTours/Old Objects/Coco/PrimoT/Ins2/Page_Primo Tours  Danmarks bedste c/travelInsuranceFirstPaxSelector' is visible

2017-11-28 15:53:58 - [MESSAGE][PASSED] - Object 'Object Repository/PrimoTours/Old Objects/Coco/PrimoT/Ins2/Page_Primo Tours  Danmarks bedste c/travelInsuranceFirstPaxSelector' is visible

2017-11-28 15:53:58 - [TEST_STEP][PASSED] - waitForElementClickable: Object 'Object Repository/PrimoTours/Old Objects/Coco/PrimoT/Ins2/Page_Primo Tours  Danmarks bedste c/travelInsuranceFirstPaxSelector' is clickable

2017-11-28 15:53:58 - [MESSAGE][PASSED] - Object 'Object Repository/PrimoTours/Old Objects/Coco/PrimoT/Ins2/Page_Primo Tours  Danmarks bedste c/travelInsuranceFirstPaxSelector' is clickable

2017-11-28 15:53:58 - [TEST_STEP][PASSED] - click: Object: 'Object Repository/PrimoTours/Old Objects/Coco/PrimoT/Ins2/Page_Primo Tours  Danmarks bedste c/travelInsuranceFirstPaxSelector' is clicked on

2017-11-28 15:53:59 - [MESSAGE][PASSED] - Object: 'Object Repository/PrimoTours/Old Objects/Coco/PrimoT/Ins2/Page_Primo Tours  Danmarks bedste c/travelInsuranceFirstPaxSelector' is clicked on

2017-11-28 15:53:59 - [TEST_STEP][PASSED] - click: Object: 'Object Repository/PrimoTours/Old Objects/Coco/PrimoT/Ins2/Page_Primo Tours  Danmarks bedste c/li_Har selv forsikring - kr. 0' is clicked on

2017-11-28 15:53:59 - [MESSAGE][PASSED] - Object: 'Object Repository/PrimoTours/Old Objects/Coco/PrimoT/Ins2/Page_Primo Tours  Danmarks bedste c/li_Har selv forsikring - kr. 0' is clicked on

2017-11-28 15:53:59 - [TEST_STEP][NOT_RUN] - click: NOT_RUN: click

2017-11-28 15:53:59 - [MESSAGE][NOT_RUN] - NOT_RUN: click

2017-11-28 15:53:59 - [TEST_STEP][NOT_RUN] - scrollToElement: NOT_RUN: scrollToElement

2017-11-28 15:53:59 - [MESSAGE][NOT_RUN] - NOT_RUN: scrollToElement

2017-11-28 15:53:59 - [TEST_STEP][NOT_RUN] - click: NOT_RUN: click

2017-11-28 15:53:59 - [MESSAGE][NOT_RUN] - NOT_RUN: click

2017-11-28 15:53:59 - [TEST_STEP][PASSED] - waitForElementVisible: Object 'Object Repository/PrimoTours/Old Objects/Coco (1)/PrimoT/SaveBooking2/Page_Primo Tours  Danmarks bedste c/individualInsuranceCheckbox' is visible

2017-11-28 15:53:59 - [MESSAGE][PASSED] - Object 'Object Repository/PrimoTours/Old Objects/Coco (1)/PrimoT/SaveBooking2/Page_Primo Tours  Danmarks bedste c/individualInsuranceCheckbox' is visible

2017-11-28 15:53:59 - [TEST_STEP][PASSED] - scrollToElement: Scroll to object 'Object Repository/PrimoTours/Old Objects/Coco (1)/PrimoT/SaveBooking2/Page_Primo Tours  Danmarks bedste c/individualInsuranceCheckbox' successfully

2017-11-28 15:53:59 - [MESSAGE][PASSED] - Scroll to object 'Object Repository/PrimoTours/Old Objects/Coco (1)/PrimoT/SaveBooking2/Page_Primo Tours  Danmarks bedste c/individualInsuranceCheckbox' successfully

2017-11-28 15:53:59 - [TEST_STEP][PASSED] - click: Object: 'Object Repository/PrimoTours/Old Objects/Coco (1)/PrimoT/SaveBooking2/Page_Primo Tours  Danmarks bedste c/individualInsuranceCheckbox' is clicked on

2017-11-28 15:53:59 - [MESSAGE][PASSED] - Object: 'Object Repository/PrimoTours/Old Objects/Coco (1)/PrimoT/SaveBooking2/Page_Primo Tours  Danmarks bedste c/individualInsuranceCheckbox' is clicked on

2017-11-28 15:53:59 - [TEST_STEP][PASSED] - scrollToElement: Scroll to object 'Object Repository/PrimoTours/Old Objects/Coco (1)/PrimoT/SaveBooking2/Success/firstProdCategIndividualSelectionRadioB' successfully

2017-11-28 15:53:59 - [MESSAGE][PASSED] - Scroll to object 'Object Repository/PrimoTours/Old Objects/Coco (1)/PrimoT/SaveBooking2/Success/firstProdCategIndividualSelectionRadioB' successfully

2017-11-28 15:53:59 - [TEST_STEP][PASSED] - waitForElementClickable: Object 'Object Repository/PrimoTours/Old Objects/Coco (1)/PrimoT/SaveBooking2/Success/firstProdCategIndividualSelectionRadioB' is clickable

2017-11-28 15:53:59 - [MESSAGE][PASSED] - Object 'Object Repository/PrimoTours/Old Objects/Coco (1)/PrimoT/SaveBooking2/Success/firstProdCategIndividualSelectionRadioB' is clickable

2017-11-28 15:53:59 - [TEST_STEP][PASSED] - scrollToElement: Scroll to object 'Object Repository/PrimoTours/Old Objects/Coco (1)/PrimoT/SaveBooking2/Success/firstProdCategIndividualSelectionRadioB' successfully

2017-11-28 15:53:59 - [MESSAGE][PASSED] - Scroll to object 'Object Repository/PrimoTours/Old Objects/Coco (1)/PrimoT/SaveBooking2/Success/firstProdCategIndividualSelectionRadioB' successfully

2017-11-28 15:53:59 - [TEST_STEP][PASSED] - click: Object: 'Object Repository/PrimoTours/Old Objects/Coco (1)/PrimoT/SaveBooking2/Success/firstProdCategIndividualSelectionRadioB' is clicked on

2017-11-28 15:54:00 - [MESSAGE][PASSED] - Object: 'Object Repository/PrimoTours/Old Objects/Coco (1)/PrimoT/SaveBooking2/Success/firstProdCategIndividualSelectionRadioB' is clicked on

2017-11-28 15:54:00 - [TEST_STEP][PASSED] - scrollToElement: Scroll to object 'Object Repository/PrimoTours/Old Objects/Coco (1)/PrimoT/SaveBooking2/Success/firstProdCategSelectForAllPaxCheckbox' successfully

2017-11-28 15:54:00 - [MESSAGE][PASSED] - Scroll to object 'Object Repository/PrimoTours/Old Objects/Coco (1)/PrimoT/SaveBooking2/Success/firstProdCategSelectForAllPaxCheckbox' successfully

2017-11-28 15:54:00 - [TEST_STEP][PASSED] - waitForElementClickable: Object 'Object Repository/PrimoTours/Old Objects/Coco (1)/PrimoT/SaveBooking2/Success/firstProdCategSelectForAllPaxCheckbox' is clickable

2017-11-28 15:54:00 - [MESSAGE][PASSED] - Object 'Object Repository/PrimoTours/Old Objects/Coco (1)/PrimoT/SaveBooking2/Success/firstProdCategSelectForAllPaxCheckbox' is clickable

2017-11-28 15:54:00 - [TEST_STEP][PASSED] - click: Object: 'Object Repository/PrimoTours/Old Objects/Coco (1)/PrimoT/SaveBooking2/Success/firstProdCategSelectForAllPaxCheckbox' is clicked on

2017-11-28 15:54:00 - [MESSAGE][PASSED] - Object: 'Object Repository/PrimoTours/Old Objects/Coco (1)/PrimoT/SaveBooking2/Success/firstProdCategSelectForAllPaxCheckbox' is clicked on

2017-11-28 15:54:00 - [TEST_STEP][NOT_RUN] - scrollToElement: NOT_RUN: scrollToElement

2017-11-28 15:54:00 - [MESSAGE][NOT_RUN] - NOT_RUN: scrollToElement

2017-11-28 15:54:00 - [TEST_STEP][NOT_RUN] - scrollToElement: NOT_RUN: scrollToElement

2017-11-28 15:54:00 - [MESSAGE][NOT_RUN] - NOT_RUN: scrollToElement

2017-11-28 15:54:00 - [TEST_STEP][NOT_RUN] - click: NOT_RUN: click

2017-11-28 15:54:00 - [MESSAGE][NOT_RUN] - NOT_RUN: click

2017-11-28 15:54:00 - [TEST_STEP][PASSED] - scrollToElement: Scroll to object 'Object Repository/PrimoTours/ConfirmationPage/agreeTermsAndCondCheckbox' successfully

2017-11-28 15:54:00 - [MESSAGE][PASSED] - Scroll to object 'Object Repository/PrimoTours/ConfirmationPage/agreeTermsAndCondCheckbox' successfully

2017-11-28 15:54:00 - [TEST_STEP][PASSED] - click: Object: 'Object Repository/PrimoTours/ConfirmationPage/agreeTermsAndCondCheckbox' is clicked on

2017-11-28 15:54:00 - [MESSAGE][PASSED] - Object: 'Object Repository/PrimoTours/ConfirmationPage/agreeTermsAndCondCheckbox' is clicked on

2017-11-28 15:54:00 - [TEST_STEP][PASSED] - waitForElementClickable: Object 'Object Repository/PrimoTours/ConfirmationPage/placeBookingButton' is clickable

2017-11-28 15:54:00 - [MESSAGE][PASSED] - Object 'Object Repository/PrimoTours/ConfirmationPage/placeBookingButton' is clickable

2017-11-28 15:54:00 - [TEST_STEP][PASSED] - scrollToElement: Scroll to object 'Object Repository/PrimoTours/ConfirmationPage/placeBookingButton' successfully

2017-11-28 15:54:00 - [MESSAGE][PASSED] - Scroll to object 'Object Repository/PrimoTours/ConfirmationPage/placeBookingButton' successfully

2017-11-28 15:54:00 - [TEST_STEP][FAILED] - click: Unable to click on object 'Object Repository/PrimoTours/ConfirmationPage/placeBookingButton' (Root cause: org.openqa.selenium.WebDriverException: unknown error: Element <a href="javascript:;" class="btn btn-success col-xs-12 step defaultButton disabledElement" data-validator="options" data-loader="true" id="placeBookingButton" data-bind="css: tourpaq.bookingEngine.confirmation.nextStepButtonStyle">...</a> is not clickable at point (1337, 729). Other element would receive the click: <div class="col-xs-12 col-md-4 col-md-offset-4 pull-right">...</div>
  (Session info: chrome=62.0.3202.94)
  (Driver info: chromedriver=2.33.506120 (e3e53437346286c0bc2d2dc9aa4915ba81d9023f),platform=Windows NT 6.3.9600 x86_64) (WARNING: The server did not provide any stacktrace information)
Command duration or timeout: 0 milliseconds
Build info: version: '3.7.1', revision: '8a0099a', time: '2017-11-06T21:07:36.161Z'
System info: host: 'NEACSUNEW-PC', ip: '10.10.10.211', os.name: 'Windows 8.1', os.arch: 'amd64', os.version: '6.3', java.version: '1.8.0_102'
Driver info: com.kms.katalon.selenium.driver.CChromeDriver
Capabilities {acceptSslCerts: true, applicationCacheEnabled: false, browserConnectionEnabled: false, browserName: chrome, chrome: {chromedriverVersion: 2.33.506120 (e3e53437346286..., userDataDir: C:\Users\Cornel\AppData\Loc...}, cssSelectorsEnabled: true, databaseEnabled: false, handlesAlerts: true, hasTouchScreen: false, javascriptEnabled: true, locationContextEnabled: true, mobileEmulationEnabled: false, nativeEvents: true, networkConnectionEnabled: false, pageLoadStrategy: normal, platform: XP, platformName: XP, rotatable: false, setWindowRect: true, takesHeapSnapshot: true, takesScreenshot: true, unexpectedAlertBehaviour: , unhandledPromptBehavior: , version: 62.0.3202.94, webStorageEnabled: true}
Session ID: 68e76008acb9dc1a007aa3aad9a0b566)

2017-11-28 15:54:01 - [MESSAGE][FAILED] - Unable to click on object 'Object Repository/PrimoTours/ConfirmationPage/placeBookingButton' (Root cause: org.openqa.selenium.WebDriverException: unknown error: Element <a href="javascript:;" class="btn btn-success col-xs-12 step defaultButton disabledElement" data-validator="options" data-loader="true" id="placeBookingButton" data-bind="css: tourpaq.bookingEngine.confirmation.nextStepButtonStyle">...</a> is not clickable at point (1337, 729). Other element would receive the click: <div class="col-xs-12 col-md-4 col-md-offset-4 pull-right">...</div>
  (Session info: chrome=62.0.3202.94)
  (Driver info: chromedriver=2.33.506120 (e3e53437346286c0bc2d2dc9aa4915ba81d9023f),platform=Windows NT 6.3.9600 x86_64) (WARNING: The server did not provide any stacktrace information)
Command duration or timeout: 0 milliseconds
Build info: version: '3.7.1', revision: '8a0099a', time: '2017-11-06T21:07:36.161Z'
System info: host: 'NEACSUNEW-PC', ip: '10.10.10.211', os.name: 'Windows 8.1', os.arch: 'amd64', os.version: '6.3', java.version: '1.8.0_102'
Driver info: com.kms.katalon.selenium.driver.CChromeDriver
Capabilities {acceptSslCerts: true, applicationCacheEnabled: false, browserConnectionEnabled: false, browserName: chrome, chrome: {chromedriverVersion: 2.33.506120 (e3e53437346286..., userDataDir: C:\Users\Cornel\AppData\Loc...}, cssSelectorsEnabled: true, databaseEnabled: false, handlesAlerts: true, hasTouchScreen: false, javascriptEnabled: true, locationContextEnabled: true, mobileEmulationEnabled: false, nativeEvents: true, networkConnectionEnabled: false, pageLoadStrategy: normal, platform: XP, platformName: XP, rotatable: false, setWindowRect: true, takesHeapSnapshot: true, takesScreenshot: true, unexpectedAlertBehaviour: , unhandledPromptBehavior: , version: 62.0.3202.94, webStorageEnabled: true}
Session ID: 68e76008acb9dc1a007aa3aad9a0b566)
[[ATTACHMENT|D:\\Software testing\\Tourpaq\\Automated Katalon tests\\Primo WB test\\Reports\\WB Primo From Excel URLs\\20171128_155250\\1511877240773.png]]]]></system-out>
         <system-err><![CDATA[2017-11-28 15:53:46 - [TEST_CASE][FAILED] - Test Cases/PrimoTours/WB Primo/WB Primo staging - place booking - Iteration 3: Test Cases/PrimoTours/WB Primo/WB Primo staging - place booking FAILED because (of) Unable to click on object 'Object Repository/PrimoTours/ConfirmationPage/placeBookingButton' (Root cause: org.openqa.selenium.WebDriverException: unknown error: Element <a href="javascript:;" class="btn btn-success col-xs-12 step defaultButton disabledElement" data-validator="options" data-loader="true" id="placeBookingButton" data-bind="css: tourpaq.bookingEngine.confirmation.nextStepButtonStyle">...</a> is not clickable at point (1337, 729). Other element would receive the click: <div class="col-xs-12 col-md-4 col-md-offset-4 pull-right">...</div>
  (Session info: chrome=62.0.3202.94)
  (Driver info: chromedriver=2.33.506120 (e3e53437346286c0bc2d2dc9aa4915ba81d9023f),platform=Windows NT 6.3.9600 x86_64) (WARNING: The server did not provide any stacktrace information)
Command duration or timeout: 0 milliseconds
Build info: version: '3.7.1', revision: '8a0099a', time: '2017-11-06T21:07:36.161Z'
System info: host: 'NEACSUNEW-PC', ip: '10.10.10.211', os.name: 'Windows 8.1', os.arch: 'amd64', os.version: '6.3', java.version: '1.8.0_102'
Driver info: com.kms.katalon.selenium.driver.CChromeDriver
Capabilities {acceptSslCerts: true, applicationCacheEnabled: false, browserConnectionEnabled: false, browserName: chrome, chrome: {chromedriverVersion: 2.33.506120 (e3e53437346286..., userDataDir: C:\Users\Cornel\AppData\Loc...}, cssSelectorsEnabled: true, databaseEnabled: false, handlesAlerts: true, hasTouchScreen: false, javascriptEnabled: true, locationContextEnabled: true, mobileEmulationEnabled: false, nativeEvents: true, networkConnectionEnabled: false, pageLoadStrategy: normal, platform: XP, platformName: XP, rotatable: false, setWindowRect: true, takesHeapSnapshot: true, takesScreenshot: true, unexpectedAlertBehaviour: , unhandledPromptBehavior: , version: 62.0.3202.94, webStorageEnabled: true}
Session ID: 68e76008acb9dc1a007aa3aad9a0b566)]]></system-err>
      </testcase>
      <testcase name="Test Cases/PrimoTours/WB Primo/WB Primo staging - place booking - Iteration 4" classname="Test Cases/PrimoTours/WB Primo/WB Primo staging - place booking" status="FAILED">
         <failure type="FAILED" message="Test Cases/PrimoTours/WB Primo/WB Primo staging - place booking FAILED because (of) Unable to click on object 'Object Repository/PrimoTours/Old Objects/Coco/PrimoT/Ins2/Page_Primo Tours  Danmarks bedste c/travelInsuranceFirstPaxSelector' (Root cause: org.openqa.selenium.WebDriverException: unknown error: Element &lt;span class=&quot;select2-selection__rendered&quot; id=&quot;select2-ddlInsurance-5j-container&quot; title=&quot;...&quot;>Vælg forsikring&lt;/span> is not clickable at point (854, 148). Other element would receive the click: &lt;div class=&quot;form-group ddl withlabel&quot; id=&quot;travelInsContainer&quot;>...&lt;/div>
  (Session info: chrome=62.0.3202.94)
  (Driver info: chromedriver=2.33.506120 (e3e53437346286c0bc2d2dc9aa4915ba81d9023f),platform=Windows NT 6.3.9600 x86_64) (WARNING: The server did not provide any stacktrace information)
Command duration or timeout: 0 milliseconds
Build info: version: '3.7.1', revision: '8a0099a', time: '2017-11-06T21:07:36.161Z'
System info: host: 'NEACSUNEW-PC', ip: '10.10.10.211', os.name: 'Windows 8.1', os.arch: 'amd64', os.version: '6.3', java.version: '1.8.0_102'
Driver info: com.kms.katalon.selenium.driver.CChromeDriver
Capabilities {acceptSslCerts: true, applicationCacheEnabled: false, browserConnectionEnabled: false, browserName: chrome, chrome: {chromedriverVersion: 2.33.506120 (e3e53437346286..., userDataDir: C:\Users\Cornel\AppData\Loc...}, cssSelectorsEnabled: true, databaseEnabled: false, handlesAlerts: true, hasTouchScreen: false, javascriptEnabled: true, locationContextEnabled: true, mobileEmulationEnabled: false, nativeEvents: true, networkConnectionEnabled: false, pageLoadStrategy: normal, platform: XP, platformName: XP, rotatable: false, setWindowRect: true, takesHeapSnapshot: true, takesScreenshot: true, unexpectedAlertBehaviour: , unhandledPromptBehavior: , version: 62.0.3202.94, webStorageEnabled: true}
Session ID: e33e5505eb9d33470daa1c0eb3e458c5)"/>
         <system-out><![CDATA[2017-11-28 15:54:01 - [TEST_CASE][FAILED] - Test Cases/PrimoTours/WB Primo/WB Primo staging - place booking - Iteration 4: Test Cases/PrimoTours/WB Primo/WB Primo staging - place booking FAILED because (of) Unable to click on object 'Object Repository/PrimoTours/Old Objects/Coco/PrimoT/Ins2/Page_Primo Tours  Danmarks bedste c/travelInsuranceFirstPaxSelector' (Root cause: org.openqa.selenium.WebDriverException: unknown error: Element <span class="select2-selection__rendered" id="select2-ddlInsurance-5j-container" title="...">Vælg forsikring</span> is not clickable at point (854, 148). Other element would receive the click: <div class="form-group ddl withlabel" id="travelInsContainer">...</div>
  (Session info: chrome=62.0.3202.94)
  (Driver info: chromedriver=2.33.506120 (e3e53437346286c0bc2d2dc9aa4915ba81d9023f),platform=Windows NT 6.3.9600 x86_64) (WARNING: The server did not provide any stacktrace information)
Command duration or timeout: 0 milliseconds
Build info: version: '3.7.1', revision: '8a0099a', time: '2017-11-06T21:07:36.161Z'
System info: host: 'NEACSUNEW-PC', ip: '10.10.10.211', os.name: 'Windows 8.1', os.arch: 'amd64', os.version: '6.3', java.version: '1.8.0_102'
Driver info: com.kms.katalon.selenium.driver.CChromeDriver
Capabilities {acceptSslCerts: true, applicationCacheEnabled: false, browserConnectionEnabled: false, browserName: chrome, chrome: {chromedriverVersion: 2.33.506120 (e3e53437346286..., userDataDir: C:\Users\Cornel\AppData\Loc...}, cssSelectorsEnabled: true, databaseEnabled: false, handlesAlerts: true, hasTouchScreen: false, javascriptEnabled: true, locationContextEnabled: true, mobileEmulationEnabled: false, nativeEvents: true, networkConnectionEnabled: false, pageLoadStrategy: normal, platform: XP, platformName: XP, rotatable: false, setWindowRect: true, takesHeapSnapshot: true, takesScreenshot: true, unexpectedAlertBehaviour: , unhandledPromptBehavior: , version: 62.0.3202.94, webStorageEnabled: true}
Session ID: e33e5505eb9d33470daa1c0eb3e458c5)

2017-11-28 15:54:01 - [TEST_STEP][PASSED] - openBrowser: Browser is opened with url: ''

2017-11-28 15:54:01 - [MESSAGE][WARNING] - A browser is already opened. Closing browser and opening a new one

2017-11-28 15:54:04 - [MESSAGE][PASSED] - Browser is opened with url: ''

2017-11-28 15:54:04 - [TEST_STEP][PASSED] - maximizeWindow: Current window maximized

2017-11-28 15:54:05 - [MESSAGE][PASSED] - Current window maximized

2017-11-28 15:54:05 - [TEST_STEP][PASSED] - navigateToUrl: Navigate to 'http://localhost:50029/DoBooking.aspx?pltaID=1480269&p=1&rno=2&pt=1&a=4&c=4&aa=&ca=1,4|0,5' successfully

2017-11-28 15:54:06 - [MESSAGE][PASSED] - Navigate to 'http://localhost:50029/DoBooking.aspx?pltaID=1480269&p=1&rno=2&pt=1&a=4&c=4&aa=&ca=1,4|0,5' successfully

2017-11-28 15:54:06 - [TEST_STEP][PASSED] - setText: Text 'Pedersen AUT' is set on object 'Object Repository/PrimoTours/Old Objects/Coco/PrimoT/Page_Primo Tours  Danmarks bedste c/input_firstName'

2017-11-28 15:54:06 - [MESSAGE][PASSED] - Text 'Pedersen AUT' is set on object 'Object Repository/PrimoTours/Old Objects/Coco/PrimoT/Page_Primo Tours  Danmarks bedste c/input_firstName'

2017-11-28 15:54:06 - [TEST_STEP][PASSED] - setText: Text 'Vibe Dalby' is set on object 'Object Repository/PrimoTours/Old Objects/Coco/PrimoT/Page_Primo Tours  Danmarks bedste c/input_lastName'

2017-11-28 15:54:06 - [MESSAGE][PASSED] - Text 'Vibe Dalby' is set on object 'Object Repository/PrimoTours/Old Objects/Coco/PrimoT/Page_Primo Tours  Danmarks bedste c/input_lastName'

2017-11-28 15:54:06 - [TEST_STEP][PASSED] - setText: Text 'Home address' is set on object 'Object Repository/PrimoTours/Old Objects/Coco/PrimoT/Page_Primo Tours  Danmarks bedste c/input_customerAddress'

2017-11-28 15:54:07 - [MESSAGE][PASSED] - Text 'Home address' is set on object 'Object Repository/PrimoTours/Old Objects/Coco/PrimoT/Page_Primo Tours  Danmarks bedste c/input_customerAddress'

2017-11-28 15:54:07 - [TEST_STEP][PASSED] - setText: Text '6700' is set on object 'Object Repository/PrimoTours/Old Objects/Coco/PrimoT/Page_Primo Tours  Danmarks bedste c/input_customerPostcode'

2017-11-28 15:54:07 - [MESSAGE][PASSED] - Text '6700' is set on object 'Object Repository/PrimoTours/Old Objects/Coco/PrimoT/Page_Primo Tours  Danmarks bedste c/input_customerPostcode'

2017-11-28 15:54:07 - [TEST_STEP][PASSED] - setText: Text 'cornel.neacsu@roweb.ro' is set on object 'Object Repository/PrimoTours/Old Objects/Coco/PrimoT/Page_Primo Tours  Danmarks bedste c/input_customerEmail'

2017-11-28 15:54:07 - [MESSAGE][PASSED] - Text 'cornel.neacsu@roweb.ro' is set on object 'Object Repository/PrimoTours/Old Objects/Coco/PrimoT/Page_Primo Tours  Danmarks bedste c/input_customerEmail'

2017-11-28 15:54:07 - [TEST_STEP][PASSED] - setText: Text '12345678' is set on object 'Object Repository/PrimoTours/Old Objects/Coco/PrimoT/Page_Primo Tours  Danmarks bedste c/input_customerPhone'

2017-11-28 15:54:08 - [MESSAGE][PASSED] - Text '12345678' is set on object 'Object Repository/PrimoTours/Old Objects/Coco/PrimoT/Page_Primo Tours  Danmarks bedste c/input_customerPhone'

2017-11-28 15:54:08 - [TEST_STEP][PASSED] - Statement - excelInfo = ["fname":"", "lname":"", "pgender":"", "pday":"", "pmonth":"", "pyear":""]: null

2017-11-28 15:54:08 - [TEST_STEP][PASSED] - Statement - rawData = com.kms.katalon.core.testdata.TestDataFactory.findTestData("Data Files/WB_Primo/Passenger_details"): Reading excel file with source file 'D:\Software testing\Tourpaq\Automated Katalon tests\Primo WB test\Data Files\Primo_URLs_For_Automated_Test.xls' and sheet name 'Passenger Names'

2017-11-28 15:54:08 - [TEST_STEP][PASSED] - Statement - excelRowNo = rawData.getRowNumbers(): null

2017-11-28 15:54:08 - [TEST_STEP][PASSED] - Statement - randomPaxIndex = 1: null

2017-11-28 15:54:08 - [TEST_STEP][PASSED] - waitForElementClickable: Object 'Object Repository/PrimoTours/Old Objects/Coco/PrimoT/Page_Primo Tours  Danmarks bedste c/input_firstname-0_1' is clickable

2017-11-28 15:54:09 - [MESSAGE][PASSED] - Object 'Object Repository/PrimoTours/Old Objects/Coco/PrimoT/Page_Primo Tours  Danmarks bedste c/input_firstname-0_1' is clickable

2017-11-28 15:54:09 - [TEST_STEP][PASSED] - Statement - driver = com.kms.katalon.core.webui.driver.DriverFactory.getWebDriver(): null

2017-11-28 15:54:09 - [TEST_STEP][PASSED] - Statement - roomContainerXpath = "id("booking")/div[@class="wrapper second-bg"]/div[contains(@class,"container-mx")]/div[@class="row"]/div[@class="col-md-12 roomContainer"]": null

2017-11-28 15:54:09 - [TEST_STEP][PASSED] - Statement - roomsCount = driver.findElements(org.openqa.selenium.By.xpath(roomContainerXpath)).size(): null

2017-11-28 15:54:09 - [TEST_STEP][PASSED] - Statement - println("roomsCount=" + roomsCount): null

2017-11-28 15:54:09 - [TEST_STEP][PASSED] - Statement - For ([i = 1, i <= roomsCount, (i++)]): Text 'Klaus Heliodor Hindborg' is set on object 'Object Repository/PrimoTours/Old Objects/allPaxLastNameFields'

2017-11-28 15:54:09 - [TEST_STEP][PASSED] - Statement - paxInRoomXpath = roomContainerXpath + "[" + i + "]/div[@class="row"]/div[@class="col-md-12"]/div[@class="row"]": null

2017-11-28 15:54:09 - [TEST_STEP][PASSED] - Statement - paxInRoomCount = driver.findElements(org.openqa.selenium.By.xpath(paxInRoomXpath)).size(): null

2017-11-28 15:54:09 - [TEST_STEP][PASSED] - Statement - println("paxInRoomCount=" + paxInRoomCount): null

2017-11-28 15:54:09 - [TEST_STEP][PASSED] - Statement - For ([j = 1, j <= paxInRoomCount, (j++)]): Text 'Hans Børge' is set on object 'Object Repository/PrimoTours/Old Objects/allPaxLastNameFields'

2017-11-28 15:54:09 - [TEST_STEP][PASSED] - Statement - If (i == 1 & j == 1): null

2017-11-28 15:54:09 - [TEST_STEP][PASSED] - Statement - <not implemented yet for class: org.codehaus.groovy.ast.stmt.ContinueStatement>: null

2017-11-28 15:54:09 - [TEST_STEP][PASSED] - Statement - If (i == 1 & j == 1): null

2017-11-28 15:54:09 - [TEST_STEP][PASSED] - Statement - randomPaxIndex = java.lang.Math.abs(new java.util.Random().nextInt() % excelRowNo) + 1: null

2017-11-28 15:54:09 - [TEST_STEP][PASSED] - Statement - println(randomPaxIndex): null

2017-11-28 15:54:09 - [TEST_STEP][PASSED] - Statement - fname = rawData.getValue("FirstName", randomPaxIndex) + " AUT": null

2017-11-28 15:54:09 - [TEST_STEP][PASSED] - Statement - lname = rawData.getValue("LastName", randomPaxIndex): null

2017-11-28 15:54:09 - [TEST_STEP][PASSED] - Statement - pgender = rawData.getValue("Gender", randomPaxIndex): null

2017-11-28 15:54:09 - [TEST_STEP][PASSED] - Statement - pday = rawData.getValue("Day DOB", randomPaxIndex): null

2017-11-28 15:54:09 - [TEST_STEP][PASSED] - Statement - pmonth = rawData.getValue("Month DOB", randomPaxIndex): null

2017-11-28 15:54:09 - [TEST_STEP][PASSED] - Statement - pyear = rawData.getValue("Year DOB", randomPaxIndex): null

2017-11-28 15:54:09 - [TEST_STEP][PASSED] - Statement - paxDetailFields = paxInRoomXpath + "[" + j + "]/div[@class="col-md-x col-md-9"]/div[@class="row paxContainer"]/div[@class="col-md-5"]": null

2017-11-28 15:54:09 - [TEST_STEP][PASSED] - Statement - xpathval = paxDetailFields + "[1]/div[contains(@class,"form-group")]/input[@class="form-control paxFirstName"]": null

2017-11-28 15:54:09 - [TEST_STEP][PASSED] - Statement - println("fn: " + xpathval): null

2017-11-28 15:54:09 - [TEST_STEP][PASSED] - Statement - repObj = com.kms.katalon.core.testobject.ObjectRepository.findTestObject(Object Repository/PrimoTours/Old Objects/allPaxFirstNameFields): Finding Test Object with id 'Object Repository/PrimoTours/Old Objects/allPaxFirstNameFields'

2017-11-28 15:54:09 - [TEST_STEP][PASSED] - Statement - repObj.findProperty("xpath").setValue(xpathval): null

2017-11-28 15:54:09 - [TEST_STEP][PASSED] - setText: Text 'Kliche AUT' is set on object 'Object Repository/PrimoTours/Old Objects/allPaxFirstNameFields'

2017-11-28 15:54:10 - [MESSAGE][PASSED] - Text 'Kliche AUT' is set on object 'Object Repository/PrimoTours/Old Objects/allPaxFirstNameFields'

2017-11-28 15:54:10 - [TEST_STEP][PASSED] - Statement - xpathval = paxDetailFields + "[2]/div[contains(@class,"form-group")]/input[@class="form-control paxLastName"]": null

2017-11-28 15:54:10 - [TEST_STEP][PASSED] - Statement - println("ln: " + xpathval): null

2017-11-28 15:54:10 - [TEST_STEP][PASSED] - Statement - repObj = com.kms.katalon.core.testobject.ObjectRepository.findTestObject(Object Repository/PrimoTours/Old Objects/allPaxLastNameFields): Finding Test Object with id 'Object Repository/PrimoTours/Old Objects/allPaxLastNameFields'

2017-11-28 15:54:10 - [TEST_STEP][PASSED] - Statement - repObj.findProperty("xpath").setValue(xpathval): null

2017-11-28 15:54:10 - [TEST_STEP][PASSED] - setText: Text 'Sara Garn' is set on object 'Object Repository/PrimoTours/Old Objects/allPaxLastNameFields'

2017-11-28 15:54:10 - [MESSAGE][PASSED] - Text 'Sara Garn' is set on object 'Object Repository/PrimoTours/Old Objects/allPaxLastNameFields'

2017-11-28 15:54:10 - [TEST_STEP][PASSED] - Statement - If (i == 1 & j == 1): null

2017-11-28 15:54:10 - [TEST_STEP][PASSED] - Statement - randomPaxIndex = java.lang.Math.abs(new java.util.Random().nextInt() % excelRowNo) + 1: null

2017-11-28 15:54:10 - [TEST_STEP][PASSED] - Statement - println(randomPaxIndex): null

2017-11-28 15:54:10 - [TEST_STEP][PASSED] - Statement - fname = rawData.getValue("FirstName", randomPaxIndex) + " AUT": null

2017-11-28 15:54:10 - [TEST_STEP][PASSED] - Statement - lname = rawData.getValue("LastName", randomPaxIndex): null

2017-11-28 15:54:10 - [TEST_STEP][PASSED] - Statement - pgender = rawData.getValue("Gender", randomPaxIndex): null

2017-11-28 15:54:10 - [TEST_STEP][PASSED] - Statement - pday = rawData.getValue("Day DOB", randomPaxIndex): null

2017-11-28 15:54:10 - [TEST_STEP][PASSED] - Statement - pmonth = rawData.getValue("Month DOB", randomPaxIndex): null

2017-11-28 15:54:10 - [TEST_STEP][PASSED] - Statement - pyear = rawData.getValue("Year DOB", randomPaxIndex): null

2017-11-28 15:54:10 - [TEST_STEP][PASSED] - Statement - paxDetailFields = paxInRoomXpath + "[" + j + "]/div[@class="col-md-x col-md-9"]/div[@class="row paxContainer"]/div[@class="col-md-5"]": null

2017-11-28 15:54:10 - [TEST_STEP][PASSED] - Statement - xpathval = paxDetailFields + "[1]/div[contains(@class,"form-group")]/input[@class="form-control paxFirstName"]": null

2017-11-28 15:54:10 - [TEST_STEP][PASSED] - Statement - println("fn: " + xpathval): null

2017-11-28 15:54:10 - [TEST_STEP][PASSED] - Statement - repObj = com.kms.katalon.core.testobject.ObjectRepository.findTestObject(Object Repository/PrimoTours/Old Objects/allPaxFirstNameFields): Finding Test Object with id 'Object Repository/PrimoTours/Old Objects/allPaxFirstNameFields'

2017-11-28 15:54:10 - [TEST_STEP][PASSED] - Statement - repObj.findProperty("xpath").setValue(xpathval): null

2017-11-28 15:54:10 - [TEST_STEP][PASSED] - setText: Text 'Vester Gregersen AUT' is set on object 'Object Repository/PrimoTours/Old Objects/allPaxFirstNameFields'

2017-11-28 15:54:11 - [MESSAGE][PASSED] - Text 'Vester Gregersen AUT' is set on object 'Object Repository/PrimoTours/Old Objects/allPaxFirstNameFields'

2017-11-28 15:54:11 - [TEST_STEP][PASSED] - Statement - xpathval = paxDetailFields + "[2]/div[contains(@class,"form-group")]/input[@class="form-control paxLastName"]": null

2017-11-28 15:54:11 - [TEST_STEP][PASSED] - Statement - println("ln: " + xpathval): null

2017-11-28 15:54:11 - [TEST_STEP][PASSED] - Statement - repObj = com.kms.katalon.core.testobject.ObjectRepository.findTestObject(Object Repository/PrimoTours/Old Objects/allPaxLastNameFields): Finding Test Object with id 'Object Repository/PrimoTours/Old Objects/allPaxLastNameFields'

2017-11-28 15:54:11 - [TEST_STEP][PASSED] - Statement - repObj.findProperty("xpath").setValue(xpathval): null

2017-11-28 15:54:11 - [TEST_STEP][PASSED] - setText: Text 'Mikkel' is set on object 'Object Repository/PrimoTours/Old Objects/allPaxLastNameFields'

2017-11-28 15:54:11 - [MESSAGE][PASSED] - Text 'Mikkel' is set on object 'Object Repository/PrimoTours/Old Objects/allPaxLastNameFields'

2017-11-28 15:54:11 - [TEST_STEP][PASSED] - Statement - If (i == 1 & j == 1): null

2017-11-28 15:54:11 - [TEST_STEP][PASSED] - Statement - randomPaxIndex = java.lang.Math.abs(new java.util.Random().nextInt() % excelRowNo) + 1: null

2017-11-28 15:54:11 - [TEST_STEP][PASSED] - Statement - println(randomPaxIndex): null

2017-11-28 15:54:11 - [TEST_STEP][PASSED] - Statement - fname = rawData.getValue("FirstName", randomPaxIndex) + " AUT": null

2017-11-28 15:54:11 - [TEST_STEP][PASSED] - Statement - lname = rawData.getValue("LastName", randomPaxIndex): null

2017-11-28 15:54:11 - [TEST_STEP][PASSED] - Statement - pgender = rawData.getValue("Gender", randomPaxIndex): null

2017-11-28 15:54:11 - [TEST_STEP][PASSED] - Statement - pday = rawData.getValue("Day DOB", randomPaxIndex): null

2017-11-28 15:54:11 - [TEST_STEP][PASSED] - Statement - pmonth = rawData.getValue("Month DOB", randomPaxIndex): null

2017-11-28 15:54:11 - [TEST_STEP][PASSED] - Statement - pyear = rawData.getValue("Year DOB", randomPaxIndex): null

2017-11-28 15:54:11 - [TEST_STEP][PASSED] - Statement - paxDetailFields = paxInRoomXpath + "[" + j + "]/div[@class="col-md-x col-md-9"]/div[@class="row paxContainer"]/div[@class="col-md-5"]": null

2017-11-28 15:54:11 - [TEST_STEP][PASSED] - Statement - xpathval = paxDetailFields + "[1]/div[contains(@class,"form-group")]/input[@class="form-control paxFirstName"]": null

2017-11-28 15:54:11 - [TEST_STEP][PASSED] - Statement - println("fn: " + xpathval): null

2017-11-28 15:54:11 - [TEST_STEP][PASSED] - Statement - repObj = com.kms.katalon.core.testobject.ObjectRepository.findTestObject(Object Repository/PrimoTours/Old Objects/allPaxFirstNameFields): Finding Test Object with id 'Object Repository/PrimoTours/Old Objects/allPaxFirstNameFields'

2017-11-28 15:54:11 - [TEST_STEP][PASSED] - Statement - repObj.findProperty("xpath").setValue(xpathval): null

2017-11-28 15:54:11 - [TEST_STEP][PASSED] - setText: Text 'Jakobsen AUT' is set on object 'Object Repository/PrimoTours/Old Objects/allPaxFirstNameFields'

2017-11-28 15:54:11 - [MESSAGE][PASSED] - Text 'Jakobsen AUT' is set on object 'Object Repository/PrimoTours/Old Objects/allPaxFirstNameFields'

2017-11-28 15:54:11 - [TEST_STEP][PASSED] - Statement - xpathval = paxDetailFields + "[2]/div[contains(@class,"form-group")]/input[@class="form-control paxLastName"]": null

2017-11-28 15:54:11 - [TEST_STEP][PASSED] - Statement - println("ln: " + xpathval): null

2017-11-28 15:54:11 - [TEST_STEP][PASSED] - Statement - repObj = com.kms.katalon.core.testobject.ObjectRepository.findTestObject(Object Repository/PrimoTours/Old Objects/allPaxLastNameFields): Finding Test Object with id 'Object Repository/PrimoTours/Old Objects/allPaxLastNameFields'

2017-11-28 15:54:11 - [TEST_STEP][PASSED] - Statement - repObj.findProperty("xpath").setValue(xpathval): null

2017-11-28 15:54:11 - [TEST_STEP][PASSED] - setText: Text 'Hans Børge' is set on object 'Object Repository/PrimoTours/Old Objects/allPaxLastNameFields'

2017-11-28 15:54:11 - [MESSAGE][PASSED] - Text 'Hans Børge' is set on object 'Object Repository/PrimoTours/Old Objects/allPaxLastNameFields'

2017-11-28 15:54:11 - [TEST_STEP][PASSED] - Statement - paxInRoomXpath = roomContainerXpath + "[" + i + "]/div[@class="row"]/div[@class="col-md-12"]/div[@class="row"]": null

2017-11-28 15:54:11 - [TEST_STEP][PASSED] - Statement - paxInRoomCount = driver.findElements(org.openqa.selenium.By.xpath(paxInRoomXpath)).size(): null

2017-11-28 15:54:11 - [TEST_STEP][PASSED] - Statement - println("paxInRoomCount=" + paxInRoomCount): null

2017-11-28 15:54:11 - [TEST_STEP][PASSED] - Statement - For ([j = 1, j <= paxInRoomCount, (j++)]): Text 'Klaus Heliodor Hindborg' is set on object 'Object Repository/PrimoTours/Old Objects/allPaxLastNameFields'

2017-11-28 15:54:11 - [TEST_STEP][PASSED] - Statement - If (i == 1 & j == 1): null

2017-11-28 15:54:11 - [TEST_STEP][PASSED] - Statement - randomPaxIndex = java.lang.Math.abs(new java.util.Random().nextInt() % excelRowNo) + 1: null

2017-11-28 15:54:11 - [TEST_STEP][PASSED] - Statement - println(randomPaxIndex): null

2017-11-28 15:54:11 - [TEST_STEP][PASSED] - Statement - fname = rawData.getValue("FirstName", randomPaxIndex) + " AUT": null

2017-11-28 15:54:11 - [TEST_STEP][PASSED] - Statement - lname = rawData.getValue("LastName", randomPaxIndex): null

2017-11-28 15:54:11 - [TEST_STEP][PASSED] - Statement - pgender = rawData.getValue("Gender", randomPaxIndex): null

2017-11-28 15:54:11 - [TEST_STEP][PASSED] - Statement - pday = rawData.getValue("Day DOB", randomPaxIndex): null

2017-11-28 15:54:11 - [TEST_STEP][PASSED] - Statement - pmonth = rawData.getValue("Month DOB", randomPaxIndex): null

2017-11-28 15:54:11 - [TEST_STEP][PASSED] - Statement - pyear = rawData.getValue("Year DOB", randomPaxIndex): null

2017-11-28 15:54:11 - [TEST_STEP][PASSED] - Statement - paxDetailFields = paxInRoomXpath + "[" + j + "]/div[@class="col-md-x col-md-9"]/div[@class="row paxContainer"]/div[@class="col-md-5"]": null

2017-11-28 15:54:11 - [TEST_STEP][PASSED] - Statement - xpathval = paxDetailFields + "[1]/div[contains(@class,"form-group")]/input[@class="form-control paxFirstName"]": null

2017-11-28 15:54:11 - [TEST_STEP][PASSED] - Statement - println("fn: " + xpathval): null

2017-11-28 15:54:11 - [TEST_STEP][PASSED] - Statement - repObj = com.kms.katalon.core.testobject.ObjectRepository.findTestObject(Object Repository/PrimoTours/Old Objects/allPaxFirstNameFields): Finding Test Object with id 'Object Repository/PrimoTours/Old Objects/allPaxFirstNameFields'

2017-11-28 15:54:11 - [TEST_STEP][PASSED] - Statement - repObj.findProperty("xpath").setValue(xpathval): null

2017-11-28 15:54:11 - [TEST_STEP][PASSED] - setText: Text 'Petersen AUT' is set on object 'Object Repository/PrimoTours/Old Objects/allPaxFirstNameFields'

2017-11-28 15:54:12 - [MESSAGE][PASSED] - Text 'Petersen AUT' is set on object 'Object Repository/PrimoTours/Old Objects/allPaxFirstNameFields'

2017-11-28 15:54:12 - [TEST_STEP][PASSED] - Statement - xpathval = paxDetailFields + "[2]/div[contains(@class,"form-group")]/input[@class="form-control paxLastName"]": null

2017-11-28 15:54:12 - [TEST_STEP][PASSED] - Statement - println("ln: " + xpathval): null

2017-11-28 15:54:12 - [TEST_STEP][PASSED] - Statement - repObj = com.kms.katalon.core.testobject.ObjectRepository.findTestObject(Object Repository/PrimoTours/Old Objects/allPaxLastNameFields): Finding Test Object with id 'Object Repository/PrimoTours/Old Objects/allPaxLastNameFields'

2017-11-28 15:54:12 - [TEST_STEP][PASSED] - Statement - repObj.findProperty("xpath").setValue(xpathval): null

2017-11-28 15:54:12 - [TEST_STEP][PASSED] - setText: Text 'Sara Funch' is set on object 'Object Repository/PrimoTours/Old Objects/allPaxLastNameFields'

2017-11-28 15:54:12 - [MESSAGE][PASSED] - Text 'Sara Funch' is set on object 'Object Repository/PrimoTours/Old Objects/allPaxLastNameFields'

2017-11-28 15:54:12 - [TEST_STEP][PASSED] - Statement - If (i == 1 & j == 1): null

2017-11-28 15:54:12 - [TEST_STEP][PASSED] - Statement - randomPaxIndex = java.lang.Math.abs(new java.util.Random().nextInt() % excelRowNo) + 1: null

2017-11-28 15:54:12 - [TEST_STEP][PASSED] - Statement - println(randomPaxIndex): null

2017-11-28 15:54:12 - [TEST_STEP][PASSED] - Statement - fname = rawData.getValue("FirstName", randomPaxIndex) + " AUT": null

2017-11-28 15:54:12 - [TEST_STEP][PASSED] - Statement - lname = rawData.getValue("LastName", randomPaxIndex): null

2017-11-28 15:54:12 - [TEST_STEP][PASSED] - Statement - pgender = rawData.getValue("Gender", randomPaxIndex): null

2017-11-28 15:54:12 - [TEST_STEP][PASSED] - Statement - pday = rawData.getValue("Day DOB", randomPaxIndex): null

2017-11-28 15:54:12 - [TEST_STEP][PASSED] - Statement - pmonth = rawData.getValue("Month DOB", randomPaxIndex): null

2017-11-28 15:54:12 - [TEST_STEP][PASSED] - Statement - pyear = rawData.getValue("Year DOB", randomPaxIndex): null

2017-11-28 15:54:12 - [TEST_STEP][PASSED] - Statement - paxDetailFields = paxInRoomXpath + "[" + j + "]/div[@class="col-md-x col-md-9"]/div[@class="row paxContainer"]/div[@class="col-md-5"]": null

2017-11-28 15:54:12 - [TEST_STEP][PASSED] - Statement - xpathval = paxDetailFields + "[1]/div[contains(@class,"form-group")]/input[@class="form-control paxFirstName"]": null

2017-11-28 15:54:12 - [TEST_STEP][PASSED] - Statement - println("fn: " + xpathval): null

2017-11-28 15:54:12 - [TEST_STEP][PASSED] - Statement - repObj = com.kms.katalon.core.testobject.ObjectRepository.findTestObject(Object Repository/PrimoTours/Old Objects/allPaxFirstNameFields): Finding Test Object with id 'Object Repository/PrimoTours/Old Objects/allPaxFirstNameFields'

2017-11-28 15:54:12 - [TEST_STEP][PASSED] - Statement - repObj.findProperty("xpath").setValue(xpathval): null

2017-11-28 15:54:12 - [TEST_STEP][PASSED] - setText: Text 'Heidemand AUT' is set on object 'Object Repository/PrimoTours/Old Objects/allPaxFirstNameFields'

2017-11-28 15:54:12 - [MESSAGE][PASSED] - Text 'Heidemand AUT' is set on object 'Object Repository/PrimoTours/Old Objects/allPaxFirstNameFields'

2017-11-28 15:54:12 - [TEST_STEP][PASSED] - Statement - xpathval = paxDetailFields + "[2]/div[contains(@class,"form-group")]/input[@class="form-control paxLastName"]": null

2017-11-28 15:54:12 - [TEST_STEP][PASSED] - Statement - println("ln: " + xpathval): null

2017-11-28 15:54:12 - [TEST_STEP][PASSED] - Statement - repObj = com.kms.katalon.core.testobject.ObjectRepository.findTestObject(Object Repository/PrimoTours/Old Objects/allPaxLastNameFields): Finding Test Object with id 'Object Repository/PrimoTours/Old Objects/allPaxLastNameFields'

2017-11-28 15:54:12 - [TEST_STEP][PASSED] - Statement - repObj.findProperty("xpath").setValue(xpathval): null

2017-11-28 15:54:12 - [TEST_STEP][PASSED] - setText: Text 'Klaus Heliodor Hindborg' is set on object 'Object Repository/PrimoTours/Old Objects/allPaxLastNameFields'

2017-11-28 15:54:13 - [MESSAGE][PASSED] - Text 'Klaus Heliodor Hindborg' is set on object 'Object Repository/PrimoTours/Old Objects/allPaxLastNameFields'

2017-11-28 15:54:13 - [TEST_STEP][PASSED] - scrollToElement: Scroll to object 'Object Repository/PrimoTours/Old Objects/Coco (1)/PrimoT/SaveBooking2/Success/bookingTotalValue' successfully

2017-11-28 15:54:13 - [MESSAGE][PASSED] - Scroll to object 'Object Repository/PrimoTours/Old Objects/Coco (1)/PrimoT/SaveBooking2/Success/bookingTotalValue' successfully

2017-11-28 15:54:13 - [TEST_STEP][PASSED] - click: Object: 'Object Repository/PrimoTours/Old Objects/Coco (1)/PrimoT/SaveBooking2/Success/bookingTotalValue' is clicked on

2017-11-28 15:54:13 - [MESSAGE][PASSED] - Object: 'Object Repository/PrimoTours/Old Objects/Coco (1)/PrimoT/SaveBooking2/Success/bookingTotalValue' is clicked on

2017-11-28 15:54:13 - [TEST_STEP][PASSED] - scrollToElement: Scroll to object 'Object Repository/PrimoTours/Old Objects/Coco (1)/PrimoT/SaveBooking2/Success/Page_Primo Tours  Danmarks bedste c/i_fa fa-arrow-circle-right' successfully

2017-11-28 15:54:13 - [MESSAGE][PASSED] - Scroll to object 'Object Repository/PrimoTours/Old Objects/Coco (1)/PrimoT/SaveBooking2/Success/Page_Primo Tours  Danmarks bedste c/i_fa fa-arrow-circle-right' successfully

2017-11-28 15:54:13 - [TEST_STEP][PASSED] - waitForElementClickable: Object 'Object Repository/PrimoTours/Old Objects/Coco (1)/PrimoT/SaveBooking2/Success/Page_Primo Tours  Danmarks bedste c/i_fa fa-arrow-circle-right' is clickable

2017-11-28 15:54:13 - [MESSAGE][PASSED] - Object 'Object Repository/PrimoTours/Old Objects/Coco (1)/PrimoT/SaveBooking2/Success/Page_Primo Tours  Danmarks bedste c/i_fa fa-arrow-circle-right' is clickable

2017-11-28 15:54:13 - [TEST_STEP][PASSED] - waitForElementVisible: Object 'Object Repository/PrimoTours/Old Objects/Coco (1)/PrimoT/SaveBooking2/Success/Page_Primo Tours  Danmarks bedste c/i_fa fa-arrow-circle-right' is visible

2017-11-28 15:54:13 - [MESSAGE][PASSED] - Object 'Object Repository/PrimoTours/Old Objects/Coco (1)/PrimoT/SaveBooking2/Success/Page_Primo Tours  Danmarks bedste c/i_fa fa-arrow-circle-right' is visible

2017-11-28 15:54:13 - [TEST_STEP][PASSED] - scrollToElement: Scroll to object 'Object Repository/PrimoTours/Old Objects/Coco (1)/PrimoT/SaveBooking2/Success/Page_Primo Tours  Danmarks bedste c/i_fa fa-arrow-circle-right' successfully

2017-11-28 15:54:13 - [MESSAGE][PASSED] - Scroll to object 'Object Repository/PrimoTours/Old Objects/Coco (1)/PrimoT/SaveBooking2/Success/Page_Primo Tours  Danmarks bedste c/i_fa fa-arrow-circle-right' successfully

2017-11-28 15:54:13 - [TEST_STEP][PASSED] - click: Object: 'Object Repository/PrimoTours/Old Objects/Coco (1)/PrimoT/SaveBooking2/Success/Page_Primo Tours  Danmarks bedste c/i_fa fa-arrow-circle-right' is clicked on

2017-11-28 15:54:13 - [MESSAGE][PASSED] - Object: 'Object Repository/PrimoTours/Old Objects/Coco (1)/PrimoT/SaveBooking2/Success/Page_Primo Tours  Danmarks bedste c/i_fa fa-arrow-circle-right' is clicked on

2017-11-28 15:54:13 - [TEST_STEP][PASSED] - waitForElementNotVisible: Object 'Object Repository/PrimoTours/Old Objects/CCenter/pageLoaderOverlayLayer' is NOT visible

2017-11-28 15:54:15 - [MESSAGE][PASSED] - Object 'Object Repository/PrimoTours/Old Objects/CCenter/pageLoaderOverlayLayer' is NOT visible

2017-11-28 15:54:15 - [TEST_STEP][PASSED] - scrollToElement: Scroll to object 'Object Repository/PrimoTours/Old Objects/Coco/PrimoT/Ins2/Page_Primo Tours  Danmarks bedste c/travelInsuranceFirstPaxSelector' successfully

2017-11-28 15:54:15 - [MESSAGE][PASSED] - Scroll to object 'Object Repository/PrimoTours/Old Objects/Coco/PrimoT/Ins2/Page_Primo Tours  Danmarks bedste c/travelInsuranceFirstPaxSelector' successfully

2017-11-28 15:54:15 - [TEST_STEP][PASSED] - waitForElementPresent: Object 'Object Repository/PrimoTours/Old Objects/Coco/PrimoT/Ins2/Page_Primo Tours  Danmarks bedste c/travelInsuranceFirstPaxSelector' is present

2017-11-28 15:54:15 - [MESSAGE][PASSED] - Object 'Object Repository/PrimoTours/Old Objects/Coco/PrimoT/Ins2/Page_Primo Tours  Danmarks bedste c/travelInsuranceFirstPaxSelector' is present

2017-11-28 15:54:15 - [TEST_STEP][PASSED] - waitForElementVisible: Object 'Object Repository/PrimoTours/Old Objects/Coco/PrimoT/Ins2/Page_Primo Tours  Danmarks bedste c/travelInsuranceFirstPaxSelector' is visible

2017-11-28 15:54:15 - [MESSAGE][PASSED] - Object 'Object Repository/PrimoTours/Old Objects/Coco/PrimoT/Ins2/Page_Primo Tours  Danmarks bedste c/travelInsuranceFirstPaxSelector' is visible

2017-11-28 15:54:15 - [TEST_STEP][PASSED] - waitForElementClickable: Object 'Object Repository/PrimoTours/Old Objects/Coco/PrimoT/Ins2/Page_Primo Tours  Danmarks bedste c/travelInsuranceFirstPaxSelector' is clickable

2017-11-28 15:54:15 - [MESSAGE][PASSED] - Object 'Object Repository/PrimoTours/Old Objects/Coco/PrimoT/Ins2/Page_Primo Tours  Danmarks bedste c/travelInsuranceFirstPaxSelector' is clickable

2017-11-28 15:54:15 - [TEST_STEP][FAILED] - click: Unable to click on object 'Object Repository/PrimoTours/Old Objects/Coco/PrimoT/Ins2/Page_Primo Tours  Danmarks bedste c/travelInsuranceFirstPaxSelector' (Root cause: org.openqa.selenium.WebDriverException: unknown error: Element <span class="select2-selection__rendered" id="select2-ddlInsurance-5j-container" title="...">Vælg forsikring</span> is not clickable at point (854, 148). Other element would receive the click: <div class="form-group ddl withlabel" id="travelInsContainer">...</div>
  (Session info: chrome=62.0.3202.94)
  (Driver info: chromedriver=2.33.506120 (e3e53437346286c0bc2d2dc9aa4915ba81d9023f),platform=Windows NT 6.3.9600 x86_64) (WARNING: The server did not provide any stacktrace information)
Command duration or timeout: 0 milliseconds
Build info: version: '3.7.1', revision: '8a0099a', time: '2017-11-06T21:07:36.161Z'
System info: host: 'NEACSUNEW-PC', ip: '10.10.10.211', os.name: 'Windows 8.1', os.arch: 'amd64', os.version: '6.3', java.version: '1.8.0_102'
Driver info: com.kms.katalon.selenium.driver.CChromeDriver
Capabilities {acceptSslCerts: true, applicationCacheEnabled: false, browserConnectionEnabled: false, browserName: chrome, chrome: {chromedriverVersion: 2.33.506120 (e3e53437346286..., userDataDir: C:\Users\Cornel\AppData\Loc...}, cssSelectorsEnabled: true, databaseEnabled: false, handlesAlerts: true, hasTouchScreen: false, javascriptEnabled: true, locationContextEnabled: true, mobileEmulationEnabled: false, nativeEvents: true, networkConnectionEnabled: false, pageLoadStrategy: normal, platform: XP, platformName: XP, rotatable: false, setWindowRect: true, takesHeapSnapshot: true, takesScreenshot: true, unexpectedAlertBehaviour: , unhandledPromptBehavior: , version: 62.0.3202.94, webStorageEnabled: true}
Session ID: e33e5505eb9d33470daa1c0eb3e458c5)

2017-11-28 15:54:15 - [MESSAGE][FAILED] - Unable to click on object 'Object Repository/PrimoTours/Old Objects/Coco/PrimoT/Ins2/Page_Primo Tours  Danmarks bedste c/travelInsuranceFirstPaxSelector' (Root cause: org.openqa.selenium.WebDriverException: unknown error: Element <span class="select2-selection__rendered" id="select2-ddlInsurance-5j-container" title="...">Vælg forsikring</span> is not clickable at point (854, 148). Other element would receive the click: <div class="form-group ddl withlabel" id="travelInsContainer">...</div>
  (Session info: chrome=62.0.3202.94)
  (Driver info: chromedriver=2.33.506120 (e3e53437346286c0bc2d2dc9aa4915ba81d9023f),platform=Windows NT 6.3.9600 x86_64) (WARNING: The server did not provide any stacktrace information)
Command duration or timeout: 0 milliseconds
Build info: version: '3.7.1', revision: '8a0099a', time: '2017-11-06T21:07:36.161Z'
System info: host: 'NEACSUNEW-PC', ip: '10.10.10.211', os.name: 'Windows 8.1', os.arch: 'amd64', os.version: '6.3', java.version: '1.8.0_102'
Driver info: com.kms.katalon.selenium.driver.CChromeDriver
Capabilities {acceptSslCerts: true, applicationCacheEnabled: false, browserConnectionEnabled: false, browserName: chrome, chrome: {chromedriverVersion: 2.33.506120 (e3e53437346286..., userDataDir: C:\Users\Cornel\AppData\Loc...}, cssSelectorsEnabled: true, databaseEnabled: false, handlesAlerts: true, hasTouchScreen: false, javascriptEnabled: true, locationContextEnabled: true, mobileEmulationEnabled: false, nativeEvents: true, networkConnectionEnabled: false, pageLoadStrategy: normal, platform: XP, platformName: XP, rotatable: false, setWindowRect: true, takesHeapSnapshot: true, takesScreenshot: true, unexpectedAlertBehaviour: , unhandledPromptBehavior: , version: 62.0.3202.94, webStorageEnabled: true}
Session ID: e33e5505eb9d33470daa1c0eb3e458c5)
[[ATTACHMENT|D:\\Software testing\\Tourpaq\\Automated Katalon tests\\Primo WB test\\Reports\\WB Primo From Excel URLs\\20171128_155250\\1511877255358.png]]]]></system-out>
         <system-err><![CDATA[2017-11-28 15:54:01 - [TEST_CASE][FAILED] - Test Cases/PrimoTours/WB Primo/WB Primo staging - place booking - Iteration 4: Test Cases/PrimoTours/WB Primo/WB Primo staging - place booking FAILED because (of) Unable to click on object 'Object Repository/PrimoTours/Old Objects/Coco/PrimoT/Ins2/Page_Primo Tours  Danmarks bedste c/travelInsuranceFirstPaxSelector' (Root cause: org.openqa.selenium.WebDriverException: unknown error: Element <span class="select2-selection__rendered" id="select2-ddlInsurance-5j-container" title="...">Vælg forsikring</span> is not clickable at point (854, 148). Other element would receive the click: <div class="form-group ddl withlabel" id="travelInsContainer">...</div>
  (Session info: chrome=62.0.3202.94)
  (Driver info: chromedriver=2.33.506120 (e3e53437346286c0bc2d2dc9aa4915ba81d9023f),platform=Windows NT 6.3.9600 x86_64) (WARNING: The server did not provide any stacktrace information)
Command duration or timeout: 0 milliseconds
Build info: version: '3.7.1', revision: '8a0099a', time: '2017-11-06T21:07:36.161Z'
System info: host: 'NEACSUNEW-PC', ip: '10.10.10.211', os.name: 'Windows 8.1', os.arch: 'amd64', os.version: '6.3', java.version: '1.8.0_102'
Driver info: com.kms.katalon.selenium.driver.CChromeDriver
Capabilities {acceptSslCerts: true, applicationCacheEnabled: false, browserConnectionEnabled: false, browserName: chrome, chrome: {chromedriverVersion: 2.33.506120 (e3e53437346286..., userDataDir: C:\Users\Cornel\AppData\Loc...}, cssSelectorsEnabled: true, databaseEnabled: false, handlesAlerts: true, hasTouchScreen: false, javascriptEnabled: true, locationContextEnabled: true, mobileEmulationEnabled: false, nativeEvents: true, networkConnectionEnabled: false, pageLoadStrategy: normal, platform: XP, platformName: XP, rotatable: false, setWindowRect: true, takesHeapSnapshot: true, takesScreenshot: true, unexpectedAlertBehaviour: , unhandledPromptBehavior: , version: 62.0.3202.94, webStorageEnabled: true}
Session ID: e33e5505eb9d33470daa1c0eb3e458c5)]]></system-err>
      </testcase>
      <testcase name="Test Cases/PrimoTours/WB Primo/WB Primo staging - place booking - Iteration 5" classname="Test Cases/PrimoTours/WB Primo/WB Primo staging - place booking" status="FAILED">
         <failure type="FAILED" message="Test Cases/PrimoTours/WB Primo/WB Primo staging - place booking FAILED because (of) Unable to click on object 'Object Repository/PrimoTours/ConfirmationPage/agreeTermsAndCondCheckbox' (Root cause: org.openqa.selenium.WebDriverException: unknown error: Element &lt;a href=&quot;#&quot; class=&quot;toggle checkbox kalypto&quot;>&lt;/a> is not clickable at point (395, 742). Other element would receive the click: &lt;h2>...&lt;/h2>
  (Session info: chrome=62.0.3202.94)
  (Driver info: chromedriver=2.33.506120 (e3e53437346286c0bc2d2dc9aa4915ba81d9023f),platform=Windows NT 6.3.9600 x86_64) (WARNING: The server did not provide any stacktrace information)
Command duration or timeout: 0 milliseconds
Build info: version: '3.7.1', revision: '8a0099a', time: '2017-11-06T21:07:36.161Z'
System info: host: 'NEACSUNEW-PC', ip: '10.10.10.211', os.name: 'Windows 8.1', os.arch: 'amd64', os.version: '6.3', java.version: '1.8.0_102'
Driver info: com.kms.katalon.selenium.driver.CChromeDriver
Capabilities {acceptSslCerts: true, applicationCacheEnabled: false, browserConnectionEnabled: false, browserName: chrome, chrome: {chromedriverVersion: 2.33.506120 (e3e53437346286..., userDataDir: C:\Users\Cornel\AppData\Loc...}, cssSelectorsEnabled: true, databaseEnabled: false, handlesAlerts: true, hasTouchScreen: false, javascriptEnabled: true, locationContextEnabled: true, mobileEmulationEnabled: false, nativeEvents: true, networkConnectionEnabled: false, pageLoadStrategy: normal, platform: XP, platformName: XP, rotatable: false, setWindowRect: true, takesHeapSnapshot: true, takesScreenshot: true, unexpectedAlertBehaviour: , unhandledPromptBehavior: , version: 62.0.3202.94, webStorageEnabled: true}
Session ID: 69d61b4a3eee554e3ce3b7e7a48de161)"/>
         <system-out><![CDATA[2017-11-28 15:54:15 - [TEST_CASE][FAILED] - Test Cases/PrimoTours/WB Primo/WB Primo staging - place booking - Iteration 5: Test Cases/PrimoTours/WB Primo/WB Primo staging - place booking FAILED because (of) Unable to click on object 'Object Repository/PrimoTours/ConfirmationPage/agreeTermsAndCondCheckbox' (Root cause: org.openqa.selenium.WebDriverException: unknown error: Element <a href="#" class="toggle checkbox kalypto"></a> is not clickable at point (395, 742). Other element would receive the click: <h2>...</h2>
  (Session info: chrome=62.0.3202.94)
  (Driver info: chromedriver=2.33.506120 (e3e53437346286c0bc2d2dc9aa4915ba81d9023f),platform=Windows NT 6.3.9600 x86_64) (WARNING: The server did not provide any stacktrace information)
Command duration or timeout: 0 milliseconds
Build info: version: '3.7.1', revision: '8a0099a', time: '2017-11-06T21:07:36.161Z'
System info: host: 'NEACSUNEW-PC', ip: '10.10.10.211', os.name: 'Windows 8.1', os.arch: 'amd64', os.version: '6.3', java.version: '1.8.0_102'
Driver info: com.kms.katalon.selenium.driver.CChromeDriver
Capabilities {acceptSslCerts: true, applicationCacheEnabled: false, browserConnectionEnabled: false, browserName: chrome, chrome: {chromedriverVersion: 2.33.506120 (e3e53437346286..., userDataDir: C:\Users\Cornel\AppData\Loc...}, cssSelectorsEnabled: true, databaseEnabled: false, handlesAlerts: true, hasTouchScreen: false, javascriptEnabled: true, locationContextEnabled: true, mobileEmulationEnabled: false, nativeEvents: true, networkConnectionEnabled: false, pageLoadStrategy: normal, platform: XP, platformName: XP, rotatable: false, setWindowRect: true, takesHeapSnapshot: true, takesScreenshot: true, unexpectedAlertBehaviour: , unhandledPromptBehavior: , version: 62.0.3202.94, webStorageEnabled: true}
Session ID: 69d61b4a3eee554e3ce3b7e7a48de161)

2017-11-28 15:54:15 - [TEST_STEP][PASSED] - openBrowser: Browser is opened with url: ''

2017-11-28 15:54:15 - [MESSAGE][WARNING] - A browser is already opened. Closing browser and opening a new one

2017-11-28 15:54:18 - [MESSAGE][PASSED] - Browser is opened with url: ''

2017-11-28 15:54:18 - [TEST_STEP][PASSED] - maximizeWindow: Current window maximized

2017-11-28 15:54:19 - [MESSAGE][PASSED] - Current window maximized

2017-11-28 15:54:19 - [TEST_STEP][PASSED] - navigateToUrl: Navigate to 'http://localhost:50029/DoBooking.aspx?pltaID=1480269,1480294&p=1&rno=1,1&pt=1,1&a=2,2&c=2,2&aa=&ca=1,4|0,5' successfully

2017-11-28 15:54:20 - [MESSAGE][PASSED] - Navigate to 'http://localhost:50029/DoBooking.aspx?pltaID=1480269,1480294&p=1&rno=1,1&pt=1,1&a=2,2&c=2,2&aa=&ca=1,4|0,5' successfully

2017-11-28 15:54:20 - [TEST_STEP][PASSED] - setText: Text 'Pedersen AUT' is set on object 'Object Repository/PrimoTours/Old Objects/Coco/PrimoT/Page_Primo Tours  Danmarks bedste c/input_firstName'

2017-11-28 15:54:21 - [MESSAGE][PASSED] - Text 'Pedersen AUT' is set on object 'Object Repository/PrimoTours/Old Objects/Coco/PrimoT/Page_Primo Tours  Danmarks bedste c/input_firstName'

2017-11-28 15:54:21 - [TEST_STEP][PASSED] - setText: Text 'Vibe Dalby' is set on object 'Object Repository/PrimoTours/Old Objects/Coco/PrimoT/Page_Primo Tours  Danmarks bedste c/input_lastName'

2017-11-28 15:54:21 - [MESSAGE][PASSED] - Text 'Vibe Dalby' is set on object 'Object Repository/PrimoTours/Old Objects/Coco/PrimoT/Page_Primo Tours  Danmarks bedste c/input_lastName'

2017-11-28 15:54:21 - [TEST_STEP][PASSED] - setText: Text 'Home address' is set on object 'Object Repository/PrimoTours/Old Objects/Coco/PrimoT/Page_Primo Tours  Danmarks bedste c/input_customerAddress'

2017-11-28 15:54:21 - [MESSAGE][PASSED] - Text 'Home address' is set on object 'Object Repository/PrimoTours/Old Objects/Coco/PrimoT/Page_Primo Tours  Danmarks bedste c/input_customerAddress'

2017-11-28 15:54:21 - [TEST_STEP][PASSED] - setText: Text '6700' is set on object 'Object Repository/PrimoTours/Old Objects/Coco/PrimoT/Page_Primo Tours  Danmarks bedste c/input_customerPostcode'

2017-11-28 15:54:22 - [MESSAGE][PASSED] - Text '6700' is set on object 'Object Repository/PrimoTours/Old Objects/Coco/PrimoT/Page_Primo Tours  Danmarks bedste c/input_customerPostcode'

2017-11-28 15:54:22 - [TEST_STEP][PASSED] - setText: Text 'cornel.neacsu@roweb.ro' is set on object 'Object Repository/PrimoTours/Old Objects/Coco/PrimoT/Page_Primo Tours  Danmarks bedste c/input_customerEmail'

2017-11-28 15:54:22 - [MESSAGE][PASSED] - Text 'cornel.neacsu@roweb.ro' is set on object 'Object Repository/PrimoTours/Old Objects/Coco/PrimoT/Page_Primo Tours  Danmarks bedste c/input_customerEmail'

2017-11-28 15:54:22 - [TEST_STEP][PASSED] - setText: Text '12345678' is set on object 'Object Repository/PrimoTours/Old Objects/Coco/PrimoT/Page_Primo Tours  Danmarks bedste c/input_customerPhone'

2017-11-28 15:54:22 - [MESSAGE][PASSED] - Text '12345678' is set on object 'Object Repository/PrimoTours/Old Objects/Coco/PrimoT/Page_Primo Tours  Danmarks bedste c/input_customerPhone'

2017-11-28 15:54:22 - [TEST_STEP][PASSED] - Statement - excelInfo = ["fname":"", "lname":"", "pgender":"", "pday":"", "pmonth":"", "pyear":""]: null

2017-11-28 15:54:22 - [TEST_STEP][PASSED] - Statement - rawData = com.kms.katalon.core.testdata.TestDataFactory.findTestData("Data Files/WB_Primo/Passenger_details"): Reading excel file with source file 'D:\Software testing\Tourpaq\Automated Katalon tests\Primo WB test\Data Files\Primo_URLs_For_Automated_Test.xls' and sheet name 'Passenger Names'

2017-11-28 15:54:22 - [TEST_STEP][PASSED] - Statement - excelRowNo = rawData.getRowNumbers(): null

2017-11-28 15:54:22 - [TEST_STEP][PASSED] - Statement - randomPaxIndex = 1: null

2017-11-28 15:54:22 - [TEST_STEP][PASSED] - waitForElementClickable: Object 'Object Repository/PrimoTours/Old Objects/Coco/PrimoT/Page_Primo Tours  Danmarks bedste c/input_firstname-0_1' is clickable

2017-11-28 15:54:24 - [MESSAGE][PASSED] - Object 'Object Repository/PrimoTours/Old Objects/Coco/PrimoT/Page_Primo Tours  Danmarks bedste c/input_firstname-0_1' is clickable

2017-11-28 15:54:24 - [TEST_STEP][PASSED] - Statement - driver = com.kms.katalon.core.webui.driver.DriverFactory.getWebDriver(): null

2017-11-28 15:54:24 - [TEST_STEP][PASSED] - Statement - roomContainerXpath = "id("booking")/div[@class="wrapper second-bg"]/div[contains(@class,"container-mx")]/div[@class="row"]/div[@class="col-md-12 roomContainer"]": null

2017-11-28 15:54:24 - [TEST_STEP][PASSED] - Statement - roomsCount = driver.findElements(org.openqa.selenium.By.xpath(roomContainerXpath)).size(): null

2017-11-28 15:54:24 - [TEST_STEP][PASSED] - Statement - println("roomsCount=" + roomsCount): null

2017-11-28 15:54:24 - [TEST_STEP][PASSED] - Statement - For ([i = 1, i <= roomsCount, (i++)]): Text 'Kirsten' is set on object 'Object Repository/PrimoTours/Old Objects/allPaxLastNameFields'

2017-11-28 15:54:24 - [TEST_STEP][PASSED] - Statement - paxInRoomXpath = roomContainerXpath + "[" + i + "]/div[@class="row"]/div[@class="col-md-12"]/div[@class="row"]": null

2017-11-28 15:54:24 - [TEST_STEP][PASSED] - Statement - paxInRoomCount = driver.findElements(org.openqa.selenium.By.xpath(paxInRoomXpath)).size(): null

2017-11-28 15:54:24 - [TEST_STEP][PASSED] - Statement - println("paxInRoomCount=" + paxInRoomCount): null

2017-11-28 15:54:24 - [TEST_STEP][PASSED] - Statement - For ([j = 1, j <= paxInRoomCount, (j++)]): Text 'Sven Carit Søgaard' is set on object 'Object Repository/PrimoTours/Old Objects/allPaxLastNameFields'

2017-11-28 15:54:24 - [TEST_STEP][PASSED] - Statement - If (i == 1 & j == 1): null

2017-11-28 15:54:24 - [TEST_STEP][PASSED] - Statement - <not implemented yet for class: org.codehaus.groovy.ast.stmt.ContinueStatement>: null

2017-11-28 15:54:24 - [TEST_STEP][PASSED] - Statement - If (i == 1 & j == 1): null

2017-11-28 15:54:24 - [TEST_STEP][PASSED] - Statement - randomPaxIndex = java.lang.Math.abs(new java.util.Random().nextInt() % excelRowNo) + 1: null

2017-11-28 15:54:24 - [TEST_STEP][PASSED] - Statement - println(randomPaxIndex): null

2017-11-28 15:54:24 - [TEST_STEP][PASSED] - Statement - fname = rawData.getValue("FirstName", randomPaxIndex) + " AUT": null

2017-11-28 15:54:24 - [TEST_STEP][PASSED] - Statement - lname = rawData.getValue("LastName", randomPaxIndex): null

2017-11-28 15:54:24 - [TEST_STEP][PASSED] - Statement - pgender = rawData.getValue("Gender", randomPaxIndex): null

2017-11-28 15:54:24 - [TEST_STEP][PASSED] - Statement - pday = rawData.getValue("Day DOB", randomPaxIndex): null

2017-11-28 15:54:24 - [TEST_STEP][PASSED] - Statement - pmonth = rawData.getValue("Month DOB", randomPaxIndex): null

2017-11-28 15:54:24 - [TEST_STEP][PASSED] - Statement - pyear = rawData.getValue("Year DOB", randomPaxIndex): null

2017-11-28 15:54:24 - [TEST_STEP][PASSED] - Statement - paxDetailFields = paxInRoomXpath + "[" + j + "]/div[@class="col-md-x col-md-9"]/div[@class="row paxContainer"]/div[@class="col-md-5"]": null

2017-11-28 15:54:24 - [TEST_STEP][PASSED] - Statement - xpathval = paxDetailFields + "[1]/div[contains(@class,"form-group")]/input[@class="form-control paxFirstName"]": null

2017-11-28 15:54:24 - [TEST_STEP][PASSED] - Statement - println("fn: " + xpathval): null

2017-11-28 15:54:24 - [TEST_STEP][PASSED] - Statement - repObj = com.kms.katalon.core.testobject.ObjectRepository.findTestObject(Object Repository/PrimoTours/Old Objects/allPaxFirstNameFields): Finding Test Object with id 'Object Repository/PrimoTours/Old Objects/allPaxFirstNameFields'

2017-11-28 15:54:24 - [TEST_STEP][PASSED] - Statement - repObj.findProperty("xpath").setValue(xpathval): null

2017-11-28 15:54:24 - [TEST_STEP][PASSED] - setText: Text 'Hansson AUT' is set on object 'Object Repository/PrimoTours/Old Objects/allPaxFirstNameFields'

2017-11-28 15:54:25 - [MESSAGE][PASSED] - Text 'Hansson AUT' is set on object 'Object Repository/PrimoTours/Old Objects/allPaxFirstNameFields'

2017-11-28 15:54:25 - [TEST_STEP][PASSED] - Statement - xpathval = paxDetailFields + "[2]/div[contains(@class,"form-group")]/input[@class="form-control paxLastName"]": null

2017-11-28 15:54:25 - [TEST_STEP][PASSED] - Statement - println("ln: " + xpathval): null

2017-11-28 15:54:25 - [TEST_STEP][PASSED] - Statement - repObj = com.kms.katalon.core.testobject.ObjectRepository.findTestObject(Object Repository/PrimoTours/Old Objects/allPaxLastNameFields): Finding Test Object with id 'Object Repository/PrimoTours/Old Objects/allPaxLastNameFields'

2017-11-28 15:54:25 - [TEST_STEP][PASSED] - Statement - repObj.findProperty("xpath").setValue(xpathval): null

2017-11-28 15:54:25 - [TEST_STEP][PASSED] - setText: Text 'Bodil' is set on object 'Object Repository/PrimoTours/Old Objects/allPaxLastNameFields'

2017-11-28 15:54:25 - [MESSAGE][PASSED] - Text 'Bodil' is set on object 'Object Repository/PrimoTours/Old Objects/allPaxLastNameFields'

2017-11-28 15:54:25 - [TEST_STEP][PASSED] - Statement - If (i == 1 & j == 1): null

2017-11-28 15:54:25 - [TEST_STEP][PASSED] - Statement - randomPaxIndex = java.lang.Math.abs(new java.util.Random().nextInt() % excelRowNo) + 1: null

2017-11-28 15:54:25 - [TEST_STEP][PASSED] - Statement - println(randomPaxIndex): null

2017-11-28 15:54:25 - [TEST_STEP][PASSED] - Statement - fname = rawData.getValue("FirstName", randomPaxIndex) + " AUT": null

2017-11-28 15:54:25 - [TEST_STEP][PASSED] - Statement - lname = rawData.getValue("LastName", randomPaxIndex): null

2017-11-28 15:54:25 - [TEST_STEP][PASSED] - Statement - pgender = rawData.getValue("Gender", randomPaxIndex): null

2017-11-28 15:54:25 - [TEST_STEP][PASSED] - Statement - pday = rawData.getValue("Day DOB", randomPaxIndex): null

2017-11-28 15:54:25 - [TEST_STEP][PASSED] - Statement - pmonth = rawData.getValue("Month DOB", randomPaxIndex): null

2017-11-28 15:54:25 - [TEST_STEP][PASSED] - Statement - pyear = rawData.getValue("Year DOB", randomPaxIndex): null

2017-11-28 15:54:25 - [TEST_STEP][PASSED] - Statement - paxDetailFields = paxInRoomXpath + "[" + j + "]/div[@class="col-md-x col-md-9"]/div[@class="row paxContainer"]/div[@class="col-md-5"]": null

2017-11-28 15:54:25 - [TEST_STEP][PASSED] - Statement - xpathval = paxDetailFields + "[1]/div[contains(@class,"form-group")]/input[@class="form-control paxFirstName"]": null

2017-11-28 15:54:25 - [TEST_STEP][PASSED] - Statement - println("fn: " + xpathval): null

2017-11-28 15:54:25 - [TEST_STEP][PASSED] - Statement - repObj = com.kms.katalon.core.testobject.ObjectRepository.findTestObject(Object Repository/PrimoTours/Old Objects/allPaxFirstNameFields): Finding Test Object with id 'Object Repository/PrimoTours/Old Objects/allPaxFirstNameFields'

2017-11-28 15:54:25 - [TEST_STEP][PASSED] - Statement - repObj.findProperty("xpath").setValue(xpathval): null

2017-11-28 15:54:25 - [TEST_STEP][PASSED] - setText: Text 'Mønster AUT' is set on object 'Object Repository/PrimoTours/Old Objects/allPaxFirstNameFields'

2017-11-28 15:54:25 - [MESSAGE][PASSED] - Text 'Mønster AUT' is set on object 'Object Repository/PrimoTours/Old Objects/allPaxFirstNameFields'

2017-11-28 15:54:25 - [TEST_STEP][PASSED] - Statement - xpathval = paxDetailFields + "[2]/div[contains(@class,"form-group")]/input[@class="form-control paxLastName"]": null

2017-11-28 15:54:25 - [TEST_STEP][PASSED] - Statement - println("ln: " + xpathval): null

2017-11-28 15:54:25 - [TEST_STEP][PASSED] - Statement - repObj = com.kms.katalon.core.testobject.ObjectRepository.findTestObject(Object Repository/PrimoTours/Old Objects/allPaxLastNameFields): Finding Test Object with id 'Object Repository/PrimoTours/Old Objects/allPaxLastNameFields'

2017-11-28 15:54:25 - [TEST_STEP][PASSED] - Statement - repObj.findProperty("xpath").setValue(xpathval): null

2017-11-28 15:54:25 - [TEST_STEP][PASSED] - setText: Text 'Andreas' is set on object 'Object Repository/PrimoTours/Old Objects/allPaxLastNameFields'

2017-11-28 15:54:25 - [MESSAGE][PASSED] - Text 'Andreas' is set on object 'Object Repository/PrimoTours/Old Objects/allPaxLastNameFields'

2017-11-28 15:54:25 - [TEST_STEP][PASSED] - Statement - If (i == 1 & j == 1): null

2017-11-28 15:54:25 - [TEST_STEP][PASSED] - Statement - randomPaxIndex = java.lang.Math.abs(new java.util.Random().nextInt() % excelRowNo) + 1: null

2017-11-28 15:54:25 - [TEST_STEP][PASSED] - Statement - println(randomPaxIndex): null

2017-11-28 15:54:25 - [TEST_STEP][PASSED] - Statement - fname = rawData.getValue("FirstName", randomPaxIndex) + " AUT": null

2017-11-28 15:54:25 - [TEST_STEP][PASSED] - Statement - lname = rawData.getValue("LastName", randomPaxIndex): null

2017-11-28 15:54:25 - [TEST_STEP][PASSED] - Statement - pgender = rawData.getValue("Gender", randomPaxIndex): null

2017-11-28 15:54:25 - [TEST_STEP][PASSED] - Statement - pday = rawData.getValue("Day DOB", randomPaxIndex): null

2017-11-28 15:54:25 - [TEST_STEP][PASSED] - Statement - pmonth = rawData.getValue("Month DOB", randomPaxIndex): null

2017-11-28 15:54:25 - [TEST_STEP][PASSED] - Statement - pyear = rawData.getValue("Year DOB", randomPaxIndex): null

2017-11-28 15:54:25 - [TEST_STEP][PASSED] - Statement - paxDetailFields = paxInRoomXpath + "[" + j + "]/div[@class="col-md-x col-md-9"]/div[@class="row paxContainer"]/div[@class="col-md-5"]": null

2017-11-28 15:54:25 - [TEST_STEP][PASSED] - Statement - xpathval = paxDetailFields + "[1]/div[contains(@class,"form-group")]/input[@class="form-control paxFirstName"]": null

2017-11-28 15:54:25 - [TEST_STEP][PASSED] - Statement - println("fn: " + xpathval): null

2017-11-28 15:54:25 - [TEST_STEP][PASSED] - Statement - repObj = com.kms.katalon.core.testobject.ObjectRepository.findTestObject(Object Repository/PrimoTours/Old Objects/allPaxFirstNameFields): Finding Test Object with id 'Object Repository/PrimoTours/Old Objects/allPaxFirstNameFields'

2017-11-28 15:54:25 - [TEST_STEP][PASSED] - Statement - repObj.findProperty("xpath").setValue(xpathval): null

2017-11-28 15:54:25 - [TEST_STEP][PASSED] - setText: Text 'Jensen AUT' is set on object 'Object Repository/PrimoTours/Old Objects/allPaxFirstNameFields'

2017-11-28 15:54:26 - [MESSAGE][PASSED] - Text 'Jensen AUT' is set on object 'Object Repository/PrimoTours/Old Objects/allPaxFirstNameFields'

2017-11-28 15:54:26 - [TEST_STEP][PASSED] - Statement - xpathval = paxDetailFields + "[2]/div[contains(@class,"form-group")]/input[@class="form-control paxLastName"]": null

2017-11-28 15:54:26 - [TEST_STEP][PASSED] - Statement - println("ln: " + xpathval): null

2017-11-28 15:54:26 - [TEST_STEP][PASSED] - Statement - repObj = com.kms.katalon.core.testobject.ObjectRepository.findTestObject(Object Repository/PrimoTours/Old Objects/allPaxLastNameFields): Finding Test Object with id 'Object Repository/PrimoTours/Old Objects/allPaxLastNameFields'

2017-11-28 15:54:26 - [TEST_STEP][PASSED] - Statement - repObj.findProperty("xpath").setValue(xpathval): null

2017-11-28 15:54:26 - [TEST_STEP][PASSED] - setText: Text 'Sven Carit Søgaard' is set on object 'Object Repository/PrimoTours/Old Objects/allPaxLastNameFields'

2017-11-28 15:54:26 - [MESSAGE][PASSED] - Text 'Sven Carit Søgaard' is set on object 'Object Repository/PrimoTours/Old Objects/allPaxLastNameFields'

2017-11-28 15:54:26 - [TEST_STEP][PASSED] - Statement - paxInRoomXpath = roomContainerXpath + "[" + i + "]/div[@class="row"]/div[@class="col-md-12"]/div[@class="row"]": null

2017-11-28 15:54:26 - [TEST_STEP][PASSED] - Statement - paxInRoomCount = driver.findElements(org.openqa.selenium.By.xpath(paxInRoomXpath)).size(): null

2017-11-28 15:54:26 - [TEST_STEP][PASSED] - Statement - println("paxInRoomCount=" + paxInRoomCount): null

2017-11-28 15:54:26 - [TEST_STEP][PASSED] - Statement - For ([j = 1, j <= paxInRoomCount, (j++)]): Text 'Kirsten' is set on object 'Object Repository/PrimoTours/Old Objects/allPaxLastNameFields'

2017-11-28 15:54:26 - [TEST_STEP][PASSED] - Statement - If (i == 1 & j == 1): null

2017-11-28 15:54:26 - [TEST_STEP][PASSED] - Statement - randomPaxIndex = java.lang.Math.abs(new java.util.Random().nextInt() % excelRowNo) + 1: null

2017-11-28 15:54:26 - [TEST_STEP][PASSED] - Statement - println(randomPaxIndex): null

2017-11-28 15:54:26 - [TEST_STEP][PASSED] - Statement - fname = rawData.getValue("FirstName", randomPaxIndex) + " AUT": null

2017-11-28 15:54:26 - [TEST_STEP][PASSED] - Statement - lname = rawData.getValue("LastName", randomPaxIndex): null

2017-11-28 15:54:26 - [TEST_STEP][PASSED] - Statement - pgender = rawData.getValue("Gender", randomPaxIndex): null

2017-11-28 15:54:26 - [TEST_STEP][PASSED] - Statement - pday = rawData.getValue("Day DOB", randomPaxIndex): null

2017-11-28 15:54:26 - [TEST_STEP][PASSED] - Statement - pmonth = rawData.getValue("Month DOB", randomPaxIndex): null

2017-11-28 15:54:26 - [TEST_STEP][PASSED] - Statement - pyear = rawData.getValue("Year DOB", randomPaxIndex): null

2017-11-28 15:54:26 - [TEST_STEP][PASSED] - Statement - paxDetailFields = paxInRoomXpath + "[" + j + "]/div[@class="col-md-x col-md-9"]/div[@class="row paxContainer"]/div[@class="col-md-5"]": null

2017-11-28 15:54:26 - [TEST_STEP][PASSED] - Statement - xpathval = paxDetailFields + "[1]/div[contains(@class,"form-group")]/input[@class="form-control paxFirstName"]": null

2017-11-28 15:54:26 - [TEST_STEP][PASSED] - Statement - println("fn: " + xpathval): null

2017-11-28 15:54:26 - [TEST_STEP][PASSED] - Statement - repObj = com.kms.katalon.core.testobject.ObjectRepository.findTestObject(Object Repository/PrimoTours/Old Objects/allPaxFirstNameFields): Finding Test Object with id 'Object Repository/PrimoTours/Old Objects/allPaxFirstNameFields'

2017-11-28 15:54:26 - [TEST_STEP][PASSED] - Statement - repObj.findProperty("xpath").setValue(xpathval): null

2017-11-28 15:54:26 - [TEST_STEP][PASSED] - setText: Text 'Kjellman AUT' is set on object 'Object Repository/PrimoTours/Old Objects/allPaxFirstNameFields'

2017-11-28 15:54:26 - [MESSAGE][PASSED] - Text 'Kjellman AUT' is set on object 'Object Repository/PrimoTours/Old Objects/allPaxFirstNameFields'

2017-11-28 15:54:26 - [TEST_STEP][PASSED] - Statement - xpathval = paxDetailFields + "[2]/div[contains(@class,"form-group")]/input[@class="form-control paxLastName"]": null

2017-11-28 15:54:26 - [TEST_STEP][PASSED] - Statement - println("ln: " + xpathval): null

2017-11-28 15:54:26 - [TEST_STEP][PASSED] - Statement - repObj = com.kms.katalon.core.testobject.ObjectRepository.findTestObject(Object Repository/PrimoTours/Old Objects/allPaxLastNameFields): Finding Test Object with id 'Object Repository/PrimoTours/Old Objects/allPaxLastNameFields'

2017-11-28 15:54:26 - [TEST_STEP][PASSED] - Statement - repObj.findProperty("xpath").setValue(xpathval): null

2017-11-28 15:54:26 - [TEST_STEP][PASSED] - setText: Text 'Mark' is set on object 'Object Repository/PrimoTours/Old Objects/allPaxLastNameFields'

2017-11-28 15:54:27 - [MESSAGE][PASSED] - Text 'Mark' is set on object 'Object Repository/PrimoTours/Old Objects/allPaxLastNameFields'

2017-11-28 15:54:27 - [TEST_STEP][PASSED] - Statement - If (i == 1 & j == 1): null

2017-11-28 15:54:27 - [TEST_STEP][PASSED] - Statement - randomPaxIndex = java.lang.Math.abs(new java.util.Random().nextInt() % excelRowNo) + 1: null

2017-11-28 15:54:27 - [TEST_STEP][PASSED] - Statement - println(randomPaxIndex): null

2017-11-28 15:54:27 - [TEST_STEP][PASSED] - Statement - fname = rawData.getValue("FirstName", randomPaxIndex) + " AUT": null

2017-11-28 15:54:27 - [TEST_STEP][PASSED] - Statement - lname = rawData.getValue("LastName", randomPaxIndex): null

2017-11-28 15:54:27 - [TEST_STEP][PASSED] - Statement - pgender = rawData.getValue("Gender", randomPaxIndex): null

2017-11-28 15:54:27 - [TEST_STEP][PASSED] - Statement - pday = rawData.getValue("Day DOB", randomPaxIndex): null

2017-11-28 15:54:27 - [TEST_STEP][PASSED] - Statement - pmonth = rawData.getValue("Month DOB", randomPaxIndex): null

2017-11-28 15:54:27 - [TEST_STEP][PASSED] - Statement - pyear = rawData.getValue("Year DOB", randomPaxIndex): null

2017-11-28 15:54:27 - [TEST_STEP][PASSED] - Statement - paxDetailFields = paxInRoomXpath + "[" + j + "]/div[@class="col-md-x col-md-9"]/div[@class="row paxContainer"]/div[@class="col-md-5"]": null

2017-11-28 15:54:27 - [TEST_STEP][PASSED] - Statement - xpathval = paxDetailFields + "[1]/div[contains(@class,"form-group")]/input[@class="form-control paxFirstName"]": null

2017-11-28 15:54:27 - [TEST_STEP][PASSED] - Statement - println("fn: " + xpathval): null

2017-11-28 15:54:27 - [TEST_STEP][PASSED] - Statement - repObj = com.kms.katalon.core.testobject.ObjectRepository.findTestObject(Object Repository/PrimoTours/Old Objects/allPaxFirstNameFields): Finding Test Object with id 'Object Repository/PrimoTours/Old Objects/allPaxFirstNameFields'

2017-11-28 15:54:27 - [TEST_STEP][PASSED] - Statement - repObj.findProperty("xpath").setValue(xpathval): null

2017-11-28 15:54:27 - [TEST_STEP][PASSED] - setText: Text 'Andersen AUT' is set on object 'Object Repository/PrimoTours/Old Objects/allPaxFirstNameFields'

2017-11-28 15:54:27 - [MESSAGE][PASSED] - Text 'Andersen AUT' is set on object 'Object Repository/PrimoTours/Old Objects/allPaxFirstNameFields'

2017-11-28 15:54:27 - [TEST_STEP][PASSED] - Statement - xpathval = paxDetailFields + "[2]/div[contains(@class,"form-group")]/input[@class="form-control paxLastName"]": null

2017-11-28 15:54:27 - [TEST_STEP][PASSED] - Statement - println("ln: " + xpathval): null

2017-11-28 15:54:27 - [TEST_STEP][PASSED] - Statement - repObj = com.kms.katalon.core.testobject.ObjectRepository.findTestObject(Object Repository/PrimoTours/Old Objects/allPaxLastNameFields): Finding Test Object with id 'Object Repository/PrimoTours/Old Objects/allPaxLastNameFields'

2017-11-28 15:54:27 - [TEST_STEP][PASSED] - Statement - repObj.findProperty("xpath").setValue(xpathval): null

2017-11-28 15:54:27 - [TEST_STEP][PASSED] - setText: Text 'Katrine Schønberg' is set on object 'Object Repository/PrimoTours/Old Objects/allPaxLastNameFields'

2017-11-28 15:54:27 - [MESSAGE][PASSED] - Text 'Katrine Schønberg' is set on object 'Object Repository/PrimoTours/Old Objects/allPaxLastNameFields'

2017-11-28 15:54:27 - [TEST_STEP][PASSED] - Statement - If (i == 1 & j == 1): null

2017-11-28 15:54:27 - [TEST_STEP][PASSED] - Statement - randomPaxIndex = java.lang.Math.abs(new java.util.Random().nextInt() % excelRowNo) + 1: null

2017-11-28 15:54:27 - [TEST_STEP][PASSED] - Statement - println(randomPaxIndex): null

2017-11-28 15:54:27 - [TEST_STEP][PASSED] - Statement - fname = rawData.getValue("FirstName", randomPaxIndex) + " AUT": null

2017-11-28 15:54:27 - [TEST_STEP][PASSED] - Statement - lname = rawData.getValue("LastName", randomPaxIndex): null

2017-11-28 15:54:27 - [TEST_STEP][PASSED] - Statement - pgender = rawData.getValue("Gender", randomPaxIndex): null

2017-11-28 15:54:27 - [TEST_STEP][PASSED] - Statement - pday = rawData.getValue("Day DOB", randomPaxIndex): null

2017-11-28 15:54:27 - [TEST_STEP][PASSED] - Statement - pmonth = rawData.getValue("Month DOB", randomPaxIndex): null

2017-11-28 15:54:27 - [TEST_STEP][PASSED] - Statement - pyear = rawData.getValue("Year DOB", randomPaxIndex): null

2017-11-28 15:54:27 - [TEST_STEP][PASSED] - Statement - paxDetailFields = paxInRoomXpath + "[" + j + "]/div[@class="col-md-x col-md-9"]/div[@class="row paxContainer"]/div[@class="col-md-5"]": null

2017-11-28 15:54:27 - [TEST_STEP][PASSED] - Statement - xpathval = paxDetailFields + "[1]/div[contains(@class,"form-group")]/input[@class="form-control paxFirstName"]": null

2017-11-28 15:54:27 - [TEST_STEP][PASSED] - Statement - println("fn: " + xpathval): null

2017-11-28 15:54:27 - [TEST_STEP][PASSED] - Statement - repObj = com.kms.katalon.core.testobject.ObjectRepository.findTestObject(Object Repository/PrimoTours/Old Objects/allPaxFirstNameFields): Finding Test Object with id 'Object Repository/PrimoTours/Old Objects/allPaxFirstNameFields'

2017-11-28 15:54:27 - [TEST_STEP][PASSED] - Statement - repObj.findProperty("xpath").setValue(xpathval): null

2017-11-28 15:54:27 - [TEST_STEP][PASSED] - setText: Text 'Bertelsen AUT' is set on object 'Object Repository/PrimoTours/Old Objects/allPaxFirstNameFields'

2017-11-28 15:54:28 - [MESSAGE][PASSED] - Text 'Bertelsen AUT' is set on object 'Object Repository/PrimoTours/Old Objects/allPaxFirstNameFields'

2017-11-28 15:54:28 - [TEST_STEP][PASSED] - Statement - xpathval = paxDetailFields + "[2]/div[contains(@class,"form-group")]/input[@class="form-control paxLastName"]": null

2017-11-28 15:54:28 - [TEST_STEP][PASSED] - Statement - println("ln: " + xpathval): null

2017-11-28 15:54:28 - [TEST_STEP][PASSED] - Statement - repObj = com.kms.katalon.core.testobject.ObjectRepository.findTestObject(Object Repository/PrimoTours/Old Objects/allPaxLastNameFields): Finding Test Object with id 'Object Repository/PrimoTours/Old Objects/allPaxLastNameFields'

2017-11-28 15:54:28 - [TEST_STEP][PASSED] - Statement - repObj.findProperty("xpath").setValue(xpathval): null

2017-11-28 15:54:28 - [TEST_STEP][PASSED] - setText: Text 'Kirsten  Bodil' is set on object 'Object Repository/PrimoTours/Old Objects/allPaxLastNameFields'

2017-11-28 15:54:28 - [MESSAGE][PASSED] - Text 'Kirsten  Bodil' is set on object 'Object Repository/PrimoTours/Old Objects/allPaxLastNameFields'

2017-11-28 15:54:28 - [TEST_STEP][PASSED] - Statement - If (i == 1 & j == 1): null

2017-11-28 15:54:28 - [TEST_STEP][PASSED] - Statement - randomPaxIndex = java.lang.Math.abs(new java.util.Random().nextInt() % excelRowNo) + 1: null

2017-11-28 15:54:28 - [TEST_STEP][PASSED] - Statement - println(randomPaxIndex): null

2017-11-28 15:54:28 - [TEST_STEP][PASSED] - Statement - fname = rawData.getValue("FirstName", randomPaxIndex) + " AUT": null

2017-11-28 15:54:28 - [TEST_STEP][PASSED] - Statement - lname = rawData.getValue("LastName", randomPaxIndex): null

2017-11-28 15:54:28 - [TEST_STEP][PASSED] - Statement - pgender = rawData.getValue("Gender", randomPaxIndex): null

2017-11-28 15:54:28 - [TEST_STEP][PASSED] - Statement - pday = rawData.getValue("Day DOB", randomPaxIndex): null

2017-11-28 15:54:28 - [TEST_STEP][PASSED] - Statement - pmonth = rawData.getValue("Month DOB", randomPaxIndex): null

2017-11-28 15:54:28 - [TEST_STEP][PASSED] - Statement - pyear = rawData.getValue("Year DOB", randomPaxIndex): null

2017-11-28 15:54:28 - [TEST_STEP][PASSED] - Statement - paxDetailFields = paxInRoomXpath + "[" + j + "]/div[@class="col-md-x col-md-9"]/div[@class="row paxContainer"]/div[@class="col-md-5"]": null

2017-11-28 15:54:28 - [TEST_STEP][PASSED] - Statement - xpathval = paxDetailFields + "[1]/div[contains(@class,"form-group")]/input[@class="form-control paxFirstName"]": null

2017-11-28 15:54:28 - [TEST_STEP][PASSED] - Statement - println("fn: " + xpathval): null

2017-11-28 15:54:28 - [TEST_STEP][PASSED] - Statement - repObj = com.kms.katalon.core.testobject.ObjectRepository.findTestObject(Object Repository/PrimoTours/Old Objects/allPaxFirstNameFields): Finding Test Object with id 'Object Repository/PrimoTours/Old Objects/allPaxFirstNameFields'

2017-11-28 15:54:28 - [TEST_STEP][PASSED] - Statement - repObj.findProperty("xpath").setValue(xpathval): null

2017-11-28 15:54:28 - [TEST_STEP][PASSED] - setText: Text 'Nordahn Wessman AUT' is set on object 'Object Repository/PrimoTours/Old Objects/allPaxFirstNameFields'

2017-11-28 15:54:28 - [MESSAGE][PASSED] - Text 'Nordahn Wessman AUT' is set on object 'Object Repository/PrimoTours/Old Objects/allPaxFirstNameFields'

2017-11-28 15:54:28 - [TEST_STEP][PASSED] - Statement - xpathval = paxDetailFields + "[2]/div[contains(@class,"form-group")]/input[@class="form-control paxLastName"]": null

2017-11-28 15:54:28 - [TEST_STEP][PASSED] - Statement - println("ln: " + xpathval): null

2017-11-28 15:54:28 - [TEST_STEP][PASSED] - Statement - repObj = com.kms.katalon.core.testobject.ObjectRepository.findTestObject(Object Repository/PrimoTours/Old Objects/allPaxLastNameFields): Finding Test Object with id 'Object Repository/PrimoTours/Old Objects/allPaxLastNameFields'

2017-11-28 15:54:28 - [TEST_STEP][PASSED] - Statement - repObj.findProperty("xpath").setValue(xpathval): null

2017-11-28 15:54:28 - [TEST_STEP][PASSED] - setText: Text 'Kirsten' is set on object 'Object Repository/PrimoTours/Old Objects/allPaxLastNameFields'

2017-11-28 15:54:29 - [MESSAGE][PASSED] - Text 'Kirsten' is set on object 'Object Repository/PrimoTours/Old Objects/allPaxLastNameFields'

2017-11-28 15:54:29 - [TEST_STEP][PASSED] - scrollToElement: Scroll to object 'Object Repository/PrimoTours/Old Objects/Coco (1)/PrimoT/SaveBooking2/Success/bookingTotalValue' successfully

2017-11-28 15:54:29 - [MESSAGE][PASSED] - Scroll to object 'Object Repository/PrimoTours/Old Objects/Coco (1)/PrimoT/SaveBooking2/Success/bookingTotalValue' successfully

2017-11-28 15:54:29 - [TEST_STEP][PASSED] - click: Object: 'Object Repository/PrimoTours/Old Objects/Coco (1)/PrimoT/SaveBooking2/Success/bookingTotalValue' is clicked on

2017-11-28 15:54:29 - [MESSAGE][PASSED] - Object: 'Object Repository/PrimoTours/Old Objects/Coco (1)/PrimoT/SaveBooking2/Success/bookingTotalValue' is clicked on

2017-11-28 15:54:29 - [TEST_STEP][PASSED] - scrollToElement: Scroll to object 'Object Repository/PrimoTours/Old Objects/Coco (1)/PrimoT/SaveBooking2/Success/Page_Primo Tours  Danmarks bedste c/i_fa fa-arrow-circle-right' successfully

2017-11-28 15:54:29 - [MESSAGE][PASSED] - Scroll to object 'Object Repository/PrimoTours/Old Objects/Coco (1)/PrimoT/SaveBooking2/Success/Page_Primo Tours  Danmarks bedste c/i_fa fa-arrow-circle-right' successfully

2017-11-28 15:54:29 - [TEST_STEP][PASSED] - waitForElementClickable: Object 'Object Repository/PrimoTours/Old Objects/Coco (1)/PrimoT/SaveBooking2/Success/Page_Primo Tours  Danmarks bedste c/i_fa fa-arrow-circle-right' is clickable

2017-11-28 15:54:29 - [MESSAGE][PASSED] - Object 'Object Repository/PrimoTours/Old Objects/Coco (1)/PrimoT/SaveBooking2/Success/Page_Primo Tours  Danmarks bedste c/i_fa fa-arrow-circle-right' is clickable

2017-11-28 15:54:29 - [TEST_STEP][PASSED] - waitForElementVisible: Object 'Object Repository/PrimoTours/Old Objects/Coco (1)/PrimoT/SaveBooking2/Success/Page_Primo Tours  Danmarks bedste c/i_fa fa-arrow-circle-right' is visible

2017-11-28 15:54:29 - [MESSAGE][PASSED] - Object 'Object Repository/PrimoTours/Old Objects/Coco (1)/PrimoT/SaveBooking2/Success/Page_Primo Tours  Danmarks bedste c/i_fa fa-arrow-circle-right' is visible

2017-11-28 15:54:29 - [TEST_STEP][PASSED] - scrollToElement: Scroll to object 'Object Repository/PrimoTours/Old Objects/Coco (1)/PrimoT/SaveBooking2/Success/Page_Primo Tours  Danmarks bedste c/i_fa fa-arrow-circle-right' successfully

2017-11-28 15:54:29 - [MESSAGE][PASSED] - Scroll to object 'Object Repository/PrimoTours/Old Objects/Coco (1)/PrimoT/SaveBooking2/Success/Page_Primo Tours  Danmarks bedste c/i_fa fa-arrow-circle-right' successfully

2017-11-28 15:54:29 - [TEST_STEP][PASSED] - click: Object: 'Object Repository/PrimoTours/Old Objects/Coco (1)/PrimoT/SaveBooking2/Success/Page_Primo Tours  Danmarks bedste c/i_fa fa-arrow-circle-right' is clicked on

2017-11-28 15:54:29 - [MESSAGE][PASSED] - Object: 'Object Repository/PrimoTours/Old Objects/Coco (1)/PrimoT/SaveBooking2/Success/Page_Primo Tours  Danmarks bedste c/i_fa fa-arrow-circle-right' is clicked on

2017-11-28 15:54:29 - [TEST_STEP][PASSED] - waitForElementNotVisible: Object 'Object Repository/PrimoTours/Old Objects/CCenter/pageLoaderOverlayLayer' is NOT visible

2017-11-28 15:54:31 - [MESSAGE][PASSED] - Object 'Object Repository/PrimoTours/Old Objects/CCenter/pageLoaderOverlayLayer' is NOT visible

2017-11-28 15:54:31 - [TEST_STEP][PASSED] - scrollToElement: Scroll to object 'Object Repository/PrimoTours/Old Objects/Coco/PrimoT/Ins2/Page_Primo Tours  Danmarks bedste c/travelInsuranceFirstPaxSelector' successfully

2017-11-28 15:54:31 - [MESSAGE][PASSED] - Scroll to object 'Object Repository/PrimoTours/Old Objects/Coco/PrimoT/Ins2/Page_Primo Tours  Danmarks bedste c/travelInsuranceFirstPaxSelector' successfully

2017-11-28 15:54:31 - [TEST_STEP][PASSED] - waitForElementPresent: Object 'Object Repository/PrimoTours/Old Objects/Coco/PrimoT/Ins2/Page_Primo Tours  Danmarks bedste c/travelInsuranceFirstPaxSelector' is present

2017-11-28 15:54:31 - [MESSAGE][PASSED] - Object 'Object Repository/PrimoTours/Old Objects/Coco/PrimoT/Ins2/Page_Primo Tours  Danmarks bedste c/travelInsuranceFirstPaxSelector' is present

2017-11-28 15:54:31 - [TEST_STEP][PASSED] - waitForElementVisible: Object 'Object Repository/PrimoTours/Old Objects/Coco/PrimoT/Ins2/Page_Primo Tours  Danmarks bedste c/travelInsuranceFirstPaxSelector' is visible

2017-11-28 15:54:31 - [MESSAGE][PASSED] - Object 'Object Repository/PrimoTours/Old Objects/Coco/PrimoT/Ins2/Page_Primo Tours  Danmarks bedste c/travelInsuranceFirstPaxSelector' is visible

2017-11-28 15:54:31 - [TEST_STEP][PASSED] - waitForElementClickable: Object 'Object Repository/PrimoTours/Old Objects/Coco/PrimoT/Ins2/Page_Primo Tours  Danmarks bedste c/travelInsuranceFirstPaxSelector' is clickable

2017-11-28 15:54:31 - [MESSAGE][PASSED] - Object 'Object Repository/PrimoTours/Old Objects/Coco/PrimoT/Ins2/Page_Primo Tours  Danmarks bedste c/travelInsuranceFirstPaxSelector' is clickable

2017-11-28 15:54:31 - [TEST_STEP][PASSED] - click: Object: 'Object Repository/PrimoTours/Old Objects/Coco/PrimoT/Ins2/Page_Primo Tours  Danmarks bedste c/travelInsuranceFirstPaxSelector' is clicked on

2017-11-28 15:54:31 - [MESSAGE][PASSED] - Object: 'Object Repository/PrimoTours/Old Objects/Coco/PrimoT/Ins2/Page_Primo Tours  Danmarks bedste c/travelInsuranceFirstPaxSelector' is clicked on

2017-11-28 15:54:31 - [TEST_STEP][PASSED] - click: Object: 'Object Repository/PrimoTours/Old Objects/Coco/PrimoT/Ins2/Page_Primo Tours  Danmarks bedste c/li_Har selv forsikring - kr. 0' is clicked on

2017-11-28 15:54:31 - [MESSAGE][PASSED] - Object: 'Object Repository/PrimoTours/Old Objects/Coco/PrimoT/Ins2/Page_Primo Tours  Danmarks bedste c/li_Har selv forsikring - kr. 0' is clicked on

2017-11-28 15:54:31 - [TEST_STEP][NOT_RUN] - click: NOT_RUN: click

2017-11-28 15:54:31 - [MESSAGE][NOT_RUN] - NOT_RUN: click

2017-11-28 15:54:31 - [TEST_STEP][NOT_RUN] - scrollToElement: NOT_RUN: scrollToElement

2017-11-28 15:54:31 - [MESSAGE][NOT_RUN] - NOT_RUN: scrollToElement

2017-11-28 15:54:31 - [TEST_STEP][NOT_RUN] - click: NOT_RUN: click

2017-11-28 15:54:31 - [MESSAGE][NOT_RUN] - NOT_RUN: click

2017-11-28 15:54:31 - [TEST_STEP][PASSED] - waitForElementVisible: Object 'Object Repository/PrimoTours/Old Objects/Coco (1)/PrimoT/SaveBooking2/Page_Primo Tours  Danmarks bedste c/individualInsuranceCheckbox' is visible

2017-11-28 15:54:31 - [MESSAGE][PASSED] - Object 'Object Repository/PrimoTours/Old Objects/Coco (1)/PrimoT/SaveBooking2/Page_Primo Tours  Danmarks bedste c/individualInsuranceCheckbox' is visible

2017-11-28 15:54:31 - [TEST_STEP][PASSED] - scrollToElement: Scroll to object 'Object Repository/PrimoTours/Old Objects/Coco (1)/PrimoT/SaveBooking2/Page_Primo Tours  Danmarks bedste c/individualInsuranceCheckbox' successfully

2017-11-28 15:54:31 - [MESSAGE][PASSED] - Scroll to object 'Object Repository/PrimoTours/Old Objects/Coco (1)/PrimoT/SaveBooking2/Page_Primo Tours  Danmarks bedste c/individualInsuranceCheckbox' successfully

2017-11-28 15:54:31 - [TEST_STEP][PASSED] - click: Object: 'Object Repository/PrimoTours/Old Objects/Coco (1)/PrimoT/SaveBooking2/Page_Primo Tours  Danmarks bedste c/individualInsuranceCheckbox' is clicked on

2017-11-28 15:54:31 - [MESSAGE][PASSED] - Object: 'Object Repository/PrimoTours/Old Objects/Coco (1)/PrimoT/SaveBooking2/Page_Primo Tours  Danmarks bedste c/individualInsuranceCheckbox' is clicked on

2017-11-28 15:54:31 - [TEST_STEP][PASSED] - scrollToElement: Scroll to object 'Object Repository/PrimoTours/Old Objects/Coco (1)/PrimoT/SaveBooking2/Success/firstProdCategIndividualSelectionRadioB' successfully

2017-11-28 15:54:31 - [MESSAGE][PASSED] - Scroll to object 'Object Repository/PrimoTours/Old Objects/Coco (1)/PrimoT/SaveBooking2/Success/firstProdCategIndividualSelectionRadioB' successfully

2017-11-28 15:54:31 - [TEST_STEP][PASSED] - waitForElementClickable: Object 'Object Repository/PrimoTours/Old Objects/Coco (1)/PrimoT/SaveBooking2/Success/firstProdCategIndividualSelectionRadioB' is clickable

2017-11-28 15:54:32 - [MESSAGE][PASSED] - Object 'Object Repository/PrimoTours/Old Objects/Coco (1)/PrimoT/SaveBooking2/Success/firstProdCategIndividualSelectionRadioB' is clickable

2017-11-28 15:54:32 - [TEST_STEP][PASSED] - scrollToElement: Scroll to object 'Object Repository/PrimoTours/Old Objects/Coco (1)/PrimoT/SaveBooking2/Success/firstProdCategIndividualSelectionRadioB' successfully

2017-11-28 15:54:32 - [MESSAGE][PASSED] - Scroll to object 'Object Repository/PrimoTours/Old Objects/Coco (1)/PrimoT/SaveBooking2/Success/firstProdCategIndividualSelectionRadioB' successfully

2017-11-28 15:54:32 - [TEST_STEP][PASSED] - click: Object: 'Object Repository/PrimoTours/Old Objects/Coco (1)/PrimoT/SaveBooking2/Success/firstProdCategIndividualSelectionRadioB' is clicked on

2017-11-28 15:54:32 - [MESSAGE][PASSED] - Object: 'Object Repository/PrimoTours/Old Objects/Coco (1)/PrimoT/SaveBooking2/Success/firstProdCategIndividualSelectionRadioB' is clicked on

2017-11-28 15:54:32 - [TEST_STEP][PASSED] - scrollToElement: Scroll to object 'Object Repository/PrimoTours/Old Objects/Coco (1)/PrimoT/SaveBooking2/Success/firstProdCategSelectForAllPaxCheckbox' successfully

2017-11-28 15:54:32 - [MESSAGE][PASSED] - Scroll to object 'Object Repository/PrimoTours/Old Objects/Coco (1)/PrimoT/SaveBooking2/Success/firstProdCategSelectForAllPaxCheckbox' successfully

2017-11-28 15:54:32 - [TEST_STEP][PASSED] - waitForElementClickable: Object 'Object Repository/PrimoTours/Old Objects/Coco (1)/PrimoT/SaveBooking2/Success/firstProdCategSelectForAllPaxCheckbox' is clickable

2017-11-28 15:54:32 - [MESSAGE][PASSED] - Object 'Object Repository/PrimoTours/Old Objects/Coco (1)/PrimoT/SaveBooking2/Success/firstProdCategSelectForAllPaxCheckbox' is clickable

2017-11-28 15:54:32 - [TEST_STEP][PASSED] - click: Object: 'Object Repository/PrimoTours/Old Objects/Coco (1)/PrimoT/SaveBooking2/Success/firstProdCategSelectForAllPaxCheckbox' is clicked on

2017-11-28 15:54:32 - [MESSAGE][PASSED] - Object: 'Object Repository/PrimoTours/Old Objects/Coco (1)/PrimoT/SaveBooking2/Success/firstProdCategSelectForAllPaxCheckbox' is clicked on

2017-11-28 15:54:32 - [TEST_STEP][NOT_RUN] - scrollToElement: NOT_RUN: scrollToElement

2017-11-28 15:54:32 - [MESSAGE][NOT_RUN] - NOT_RUN: scrollToElement

2017-11-28 15:54:32 - [TEST_STEP][NOT_RUN] - scrollToElement: NOT_RUN: scrollToElement

2017-11-28 15:54:32 - [MESSAGE][NOT_RUN] - NOT_RUN: scrollToElement

2017-11-28 15:54:32 - [TEST_STEP][NOT_RUN] - click: NOT_RUN: click

2017-11-28 15:54:32 - [MESSAGE][NOT_RUN] - NOT_RUN: click

2017-11-28 15:54:32 - [TEST_STEP][PASSED] - scrollToElement: Scroll to object 'Object Repository/PrimoTours/ConfirmationPage/agreeTermsAndCondCheckbox' successfully

2017-11-28 15:54:32 - [MESSAGE][PASSED] - Scroll to object 'Object Repository/PrimoTours/ConfirmationPage/agreeTermsAndCondCheckbox' successfully

2017-11-28 15:54:32 - [TEST_STEP][FAILED] - click: Unable to click on object 'Object Repository/PrimoTours/ConfirmationPage/agreeTermsAndCondCheckbox' (Root cause: org.openqa.selenium.WebDriverException: unknown error: Element <a href="#" class="toggle checkbox kalypto"></a> is not clickable at point (395, 742). Other element would receive the click: <h2>...</h2>
  (Session info: chrome=62.0.3202.94)
  (Driver info: chromedriver=2.33.506120 (e3e53437346286c0bc2d2dc9aa4915ba81d9023f),platform=Windows NT 6.3.9600 x86_64) (WARNING: The server did not provide any stacktrace information)
Command duration or timeout: 0 milliseconds
Build info: version: '3.7.1', revision: '8a0099a', time: '2017-11-06T21:07:36.161Z'
System info: host: 'NEACSUNEW-PC', ip: '10.10.10.211', os.name: 'Windows 8.1', os.arch: 'amd64', os.version: '6.3', java.version: '1.8.0_102'
Driver info: com.kms.katalon.selenium.driver.CChromeDriver
Capabilities {acceptSslCerts: true, applicationCacheEnabled: false, browserConnectionEnabled: false, browserName: chrome, chrome: {chromedriverVersion: 2.33.506120 (e3e53437346286..., userDataDir: C:\Users\Cornel\AppData\Loc...}, cssSelectorsEnabled: true, databaseEnabled: false, handlesAlerts: true, hasTouchScreen: false, javascriptEnabled: true, locationContextEnabled: true, mobileEmulationEnabled: false, nativeEvents: true, networkConnectionEnabled: false, pageLoadStrategy: normal, platform: XP, platformName: XP, rotatable: false, setWindowRect: true, takesHeapSnapshot: true, takesScreenshot: true, unexpectedAlertBehaviour: , unhandledPromptBehavior: , version: 62.0.3202.94, webStorageEnabled: true}
Session ID: 69d61b4a3eee554e3ce3b7e7a48de161)

2017-11-28 15:54:33 - [MESSAGE][FAILED] - Unable to click on object 'Object Repository/PrimoTours/ConfirmationPage/agreeTermsAndCondCheckbox' (Root cause: org.openqa.selenium.WebDriverException: unknown error: Element <a href="#" class="toggle checkbox kalypto"></a> is not clickable at point (395, 742). Other element would receive the click: <h2>...</h2>
  (Session info: chrome=62.0.3202.94)
  (Driver info: chromedriver=2.33.506120 (e3e53437346286c0bc2d2dc9aa4915ba81d9023f),platform=Windows NT 6.3.9600 x86_64) (WARNING: The server did not provide any stacktrace information)
Command duration or timeout: 0 milliseconds
Build info: version: '3.7.1', revision: '8a0099a', time: '2017-11-06T21:07:36.161Z'
System info: host: 'NEACSUNEW-PC', ip: '10.10.10.211', os.name: 'Windows 8.1', os.arch: 'amd64', os.version: '6.3', java.version: '1.8.0_102'
Driver info: com.kms.katalon.selenium.driver.CChromeDriver
Capabilities {acceptSslCerts: true, applicationCacheEnabled: false, browserConnectionEnabled: false, browserName: chrome, chrome: {chromedriverVersion: 2.33.506120 (e3e53437346286..., userDataDir: C:\Users\Cornel\AppData\Loc...}, cssSelectorsEnabled: true, databaseEnabled: false, handlesAlerts: true, hasTouchScreen: false, javascriptEnabled: true, locationContextEnabled: true, mobileEmulationEnabled: false, nativeEvents: true, networkConnectionEnabled: false, pageLoadStrategy: normal, platform: XP, platformName: XP, rotatable: false, setWindowRect: true, takesHeapSnapshot: true, takesScreenshot: true, unexpectedAlertBehaviour: , unhandledPromptBehavior: , version: 62.0.3202.94, webStorageEnabled: true}
Session ID: 69d61b4a3eee554e3ce3b7e7a48de161)
[[ATTACHMENT|D:\\Software testing\\Tourpaq\\Automated Katalon tests\\Primo WB test\\Reports\\WB Primo From Excel URLs\\20171128_155250\\1511877273137.png]]]]></system-out>
         <system-err><![CDATA[2017-11-28 15:54:15 - [TEST_CASE][FAILED] - Test Cases/PrimoTours/WB Primo/WB Primo staging - place booking - Iteration 5: Test Cases/PrimoTours/WB Primo/WB Primo staging - place booking FAILED because (of) Unable to click on object 'Object Repository/PrimoTours/ConfirmationPage/agreeTermsAndCondCheckbox' (Root cause: org.openqa.selenium.WebDriverException: unknown error: Element <a href="#" class="toggle checkbox kalypto"></a> is not clickable at point (395, 742). Other element would receive the click: <h2>...</h2>
  (Session info: chrome=62.0.3202.94)
  (Driver info: chromedriver=2.33.506120 (e3e53437346286c0bc2d2dc9aa4915ba81d9023f),platform=Windows NT 6.3.9600 x86_64) (WARNING: The server did not provide any stacktrace information)
Command duration or timeout: 0 milliseconds
Build info: version: '3.7.1', revision: '8a0099a', time: '2017-11-06T21:07:36.161Z'
System info: host: 'NEACSUNEW-PC', ip: '10.10.10.211', os.name: 'Windows 8.1', os.arch: 'amd64', os.version: '6.3', java.version: '1.8.0_102'
Driver info: com.kms.katalon.selenium.driver.CChromeDriver
Capabilities {acceptSslCerts: true, applicationCacheEnabled: false, browserConnectionEnabled: false, browserName: chrome, chrome: {chromedriverVersion: 2.33.506120 (e3e53437346286..., userDataDir: C:\Users\Cornel\AppData\Loc...}, cssSelectorsEnabled: true, databaseEnabled: false, handlesAlerts: true, hasTouchScreen: false, javascriptEnabled: true, locationContextEnabled: true, mobileEmulationEnabled: false, nativeEvents: true, networkConnectionEnabled: false, pageLoadStrategy: normal, platform: XP, platformName: XP, rotatable: false, setWindowRect: true, takesHeapSnapshot: true, takesScreenshot: true, unexpectedAlertBehaviour: , unhandledPromptBehavior: , version: 62.0.3202.94, webStorageEnabled: true}
Session ID: 69d61b4a3eee554e3ce3b7e7a48de161)]]></system-err>
      </testcase>
      <testcase name="Test Cases/PrimoTours/WB Primo/WB Primo staging - place booking - Iteration 6" classname="Test Cases/PrimoTours/WB Primo/WB Primo staging - place booking" status="FAILED">
         <failure type="FAILED" message="Test Cases/PrimoTours/WB Primo/WB Primo staging - place booking FAILED because (of) Unable to click on object 'Object Repository/PrimoTours/ConfirmationPage/agreeTermsAndCondCheckbox' (Root cause: org.openqa.selenium.WebDriverException: unknown error: Element &lt;a href=&quot;#&quot; class=&quot;toggle checkbox kalypto&quot;>&lt;/a> is not clickable at point (395, 754). Other element would receive the click: &lt;h2>...&lt;/h2>
  (Session info: chrome=62.0.3202.94)
  (Driver info: chromedriver=2.33.506120 (e3e53437346286c0bc2d2dc9aa4915ba81d9023f),platform=Windows NT 6.3.9600 x86_64) (WARNING: The server did not provide any stacktrace information)
Command duration or timeout: 0 milliseconds
Build info: version: '3.7.1', revision: '8a0099a', time: '2017-11-06T21:07:36.161Z'
System info: host: 'NEACSUNEW-PC', ip: '10.10.10.211', os.name: 'Windows 8.1', os.arch: 'amd64', os.version: '6.3', java.version: '1.8.0_102'
Driver info: com.kms.katalon.selenium.driver.CChromeDriver
Capabilities {acceptSslCerts: true, applicationCacheEnabled: false, browserConnectionEnabled: false, browserName: chrome, chrome: {chromedriverVersion: 2.33.506120 (e3e53437346286..., userDataDir: C:\Users\Cornel\AppData\Loc...}, cssSelectorsEnabled: true, databaseEnabled: false, handlesAlerts: true, hasTouchScreen: false, javascriptEnabled: true, locationContextEnabled: true, mobileEmulationEnabled: false, nativeEvents: true, networkConnectionEnabled: false, pageLoadStrategy: normal, platform: XP, platformName: XP, rotatable: false, setWindowRect: true, takesHeapSnapshot: true, takesScreenshot: true, unexpectedAlertBehaviour: , unhandledPromptBehavior: , version: 62.0.3202.94, webStorageEnabled: true}
Session ID: 2298dc91805e0e9ff05ae1b39be764a4)"/>
         <system-out><![CDATA[2017-11-28 15:54:33 - [TEST_CASE][FAILED] - Test Cases/PrimoTours/WB Primo/WB Primo staging - place booking - Iteration 6: Test Cases/PrimoTours/WB Primo/WB Primo staging - place booking FAILED because (of) Unable to click on object 'Object Repository/PrimoTours/ConfirmationPage/agreeTermsAndCondCheckbox' (Root cause: org.openqa.selenium.WebDriverException: unknown error: Element <a href="#" class="toggle checkbox kalypto"></a> is not clickable at point (395, 754). Other element would receive the click: <h2>...</h2>
  (Session info: chrome=62.0.3202.94)
  (Driver info: chromedriver=2.33.506120 (e3e53437346286c0bc2d2dc9aa4915ba81d9023f),platform=Windows NT 6.3.9600 x86_64) (WARNING: The server did not provide any stacktrace information)
Command duration or timeout: 0 milliseconds
Build info: version: '3.7.1', revision: '8a0099a', time: '2017-11-06T21:07:36.161Z'
System info: host: 'NEACSUNEW-PC', ip: '10.10.10.211', os.name: 'Windows 8.1', os.arch: 'amd64', os.version: '6.3', java.version: '1.8.0_102'
Driver info: com.kms.katalon.selenium.driver.CChromeDriver
Capabilities {acceptSslCerts: true, applicationCacheEnabled: false, browserConnectionEnabled: false, browserName: chrome, chrome: {chromedriverVersion: 2.33.506120 (e3e53437346286..., userDataDir: C:\Users\Cornel\AppData\Loc...}, cssSelectorsEnabled: true, databaseEnabled: false, handlesAlerts: true, hasTouchScreen: false, javascriptEnabled: true, locationContextEnabled: true, mobileEmulationEnabled: false, nativeEvents: true, networkConnectionEnabled: false, pageLoadStrategy: normal, platform: XP, platformName: XP, rotatable: false, setWindowRect: true, takesHeapSnapshot: true, takesScreenshot: true, unexpectedAlertBehaviour: , unhandledPromptBehavior: , version: 62.0.3202.94, webStorageEnabled: true}
Session ID: 2298dc91805e0e9ff05ae1b39be764a4)

2017-11-28 15:54:33 - [TEST_STEP][PASSED] - openBrowser: Browser is opened with url: ''

2017-11-28 15:54:33 - [MESSAGE][WARNING] - A browser is already opened. Closing browser and opening a new one

2017-11-28 15:54:36 - [MESSAGE][PASSED] - Browser is opened with url: ''

2017-11-28 15:54:36 - [TEST_STEP][PASSED] - maximizeWindow: Current window maximized

2017-11-28 15:54:37 - [MESSAGE][PASSED] - Current window maximized

2017-11-28 15:54:37 - [TEST_STEP][PASSED] - navigateToUrl: Navigate to 'http://localhost:50029/DoBooking.aspx?pltaID=1480269,1480294,1480269&p=1&rno=1,1,1&pt=1,1,2&a=2,2,2&c=2,2,0&aa=&ca=1,4|0,5|' successfully

2017-11-28 15:54:38 - [MESSAGE][PASSED] - Navigate to 'http://localhost:50029/DoBooking.aspx?pltaID=1480269,1480294,1480269&p=1&rno=1,1,1&pt=1,1,2&a=2,2,2&c=2,2,0&aa=&ca=1,4|0,5|' successfully

2017-11-28 15:54:38 - [TEST_STEP][PASSED] - setText: Text 'Pedersen AUT' is set on object 'Object Repository/PrimoTours/Old Objects/Coco/PrimoT/Page_Primo Tours  Danmarks bedste c/input_firstName'

2017-11-28 15:54:38 - [MESSAGE][PASSED] - Text 'Pedersen AUT' is set on object 'Object Repository/PrimoTours/Old Objects/Coco/PrimoT/Page_Primo Tours  Danmarks bedste c/input_firstName'

2017-11-28 15:54:38 - [TEST_STEP][PASSED] - setText: Text 'Vibe Dalby' is set on object 'Object Repository/PrimoTours/Old Objects/Coco/PrimoT/Page_Primo Tours  Danmarks bedste c/input_lastName'

2017-11-28 15:54:39 - [MESSAGE][PASSED] - Text 'Vibe Dalby' is set on object 'Object Repository/PrimoTours/Old Objects/Coco/PrimoT/Page_Primo Tours  Danmarks bedste c/input_lastName'

2017-11-28 15:54:39 - [TEST_STEP][PASSED] - setText: Text 'Home address' is set on object 'Object Repository/PrimoTours/Old Objects/Coco/PrimoT/Page_Primo Tours  Danmarks bedste c/input_customerAddress'

2017-11-28 15:54:39 - [MESSAGE][PASSED] - Text 'Home address' is set on object 'Object Repository/PrimoTours/Old Objects/Coco/PrimoT/Page_Primo Tours  Danmarks bedste c/input_customerAddress'

2017-11-28 15:54:39 - [TEST_STEP][PASSED] - setText: Text '6700' is set on object 'Object Repository/PrimoTours/Old Objects/Coco/PrimoT/Page_Primo Tours  Danmarks bedste c/input_customerPostcode'

2017-11-28 15:54:39 - [MESSAGE][PASSED] - Text '6700' is set on object 'Object Repository/PrimoTours/Old Objects/Coco/PrimoT/Page_Primo Tours  Danmarks bedste c/input_customerPostcode'

2017-11-28 15:54:39 - [TEST_STEP][PASSED] - setText: Text 'cornel.neacsu@roweb.ro' is set on object 'Object Repository/PrimoTours/Old Objects/Coco/PrimoT/Page_Primo Tours  Danmarks bedste c/input_customerEmail'

2017-11-28 15:54:40 - [MESSAGE][PASSED] - Text 'cornel.neacsu@roweb.ro' is set on object 'Object Repository/PrimoTours/Old Objects/Coco/PrimoT/Page_Primo Tours  Danmarks bedste c/input_customerEmail'

2017-11-28 15:54:40 - [TEST_STEP][PASSED] - setText: Text '12345678' is set on object 'Object Repository/PrimoTours/Old Objects/Coco/PrimoT/Page_Primo Tours  Danmarks bedste c/input_customerPhone'

2017-11-28 15:54:40 - [MESSAGE][PASSED] - Text '12345678' is set on object 'Object Repository/PrimoTours/Old Objects/Coco/PrimoT/Page_Primo Tours  Danmarks bedste c/input_customerPhone'

2017-11-28 15:54:40 - [TEST_STEP][PASSED] - Statement - excelInfo = ["fname":"", "lname":"", "pgender":"", "pday":"", "pmonth":"", "pyear":""]: null

2017-11-28 15:54:40 - [TEST_STEP][PASSED] - Statement - rawData = com.kms.katalon.core.testdata.TestDataFactory.findTestData("Data Files/WB_Primo/Passenger_details"): Reading excel file with source file 'D:\Software testing\Tourpaq\Automated Katalon tests\Primo WB test\Data Files\Primo_URLs_For_Automated_Test.xls' and sheet name 'Passenger Names'

2017-11-28 15:54:40 - [TEST_STEP][PASSED] - Statement - excelRowNo = rawData.getRowNumbers(): null

2017-11-28 15:54:40 - [TEST_STEP][PASSED] - Statement - randomPaxIndex = 1: null

2017-11-28 15:54:40 - [TEST_STEP][PASSED] - waitForElementClickable: Object 'Object Repository/PrimoTours/Old Objects/Coco/PrimoT/Page_Primo Tours  Danmarks bedste c/input_firstname-0_1' is clickable

2017-11-28 15:54:42 - [MESSAGE][PASSED] - Object 'Object Repository/PrimoTours/Old Objects/Coco/PrimoT/Page_Primo Tours  Danmarks bedste c/input_firstname-0_1' is clickable

2017-11-28 15:54:42 - [TEST_STEP][PASSED] - Statement - driver = com.kms.katalon.core.webui.driver.DriverFactory.getWebDriver(): null

2017-11-28 15:54:42 - [TEST_STEP][PASSED] - Statement - roomContainerXpath = "id("booking")/div[@class="wrapper second-bg"]/div[contains(@class,"container-mx")]/div[@class="row"]/div[@class="col-md-12 roomContainer"]": null

2017-11-28 15:54:42 - [TEST_STEP][PASSED] - Statement - roomsCount = driver.findElements(org.openqa.selenium.By.xpath(roomContainerXpath)).size(): null

2017-11-28 15:54:42 - [TEST_STEP][PASSED] - Statement - println("roomsCount=" + roomsCount): null

2017-11-28 15:54:42 - [TEST_STEP][PASSED] - Statement - For ([i = 1, i <= roomsCount, (i++)]): Text 'Allan Lykke' is set on object 'Object Repository/PrimoTours/Old Objects/allPaxLastNameFields'

2017-11-28 15:54:42 - [TEST_STEP][PASSED] - Statement - paxInRoomXpath = roomContainerXpath + "[" + i + "]/div[@class="row"]/div[@class="col-md-12"]/div[@class="row"]": null

2017-11-28 15:54:42 - [TEST_STEP][PASSED] - Statement - paxInRoomCount = driver.findElements(org.openqa.selenium.By.xpath(paxInRoomXpath)).size(): null

2017-11-28 15:54:42 - [TEST_STEP][PASSED] - Statement - println("paxInRoomCount=" + paxInRoomCount): null

2017-11-28 15:54:42 - [TEST_STEP][PASSED] - Statement - For ([j = 1, j <= paxInRoomCount, (j++)]): Text 'Michael Folke' is set on object 'Object Repository/PrimoTours/Old Objects/allPaxLastNameFields'

2017-11-28 15:54:42 - [TEST_STEP][PASSED] - Statement - If (i == 1 & j == 1): null

2017-11-28 15:54:42 - [TEST_STEP][PASSED] - Statement - <not implemented yet for class: org.codehaus.groovy.ast.stmt.ContinueStatement>: null

2017-11-28 15:54:42 - [TEST_STEP][PASSED] - Statement - If (i == 1 & j == 1): null

2017-11-28 15:54:42 - [TEST_STEP][PASSED] - Statement - randomPaxIndex = java.lang.Math.abs(new java.util.Random().nextInt() % excelRowNo) + 1: null

2017-11-28 15:54:42 - [TEST_STEP][PASSED] - Statement - println(randomPaxIndex): null

2017-11-28 15:54:42 - [TEST_STEP][PASSED] - Statement - fname = rawData.getValue("FirstName", randomPaxIndex) + " AUT": null

2017-11-28 15:54:42 - [TEST_STEP][PASSED] - Statement - lname = rawData.getValue("LastName", randomPaxIndex): null

2017-11-28 15:54:42 - [TEST_STEP][PASSED] - Statement - pgender = rawData.getValue("Gender", randomPaxIndex): null

2017-11-28 15:54:42 - [TEST_STEP][PASSED] - Statement - pday = rawData.getValue("Day DOB", randomPaxIndex): null

2017-11-28 15:54:42 - [TEST_STEP][PASSED] - Statement - pmonth = rawData.getValue("Month DOB", randomPaxIndex): null

2017-11-28 15:54:42 - [TEST_STEP][PASSED] - Statement - pyear = rawData.getValue("Year DOB", randomPaxIndex): null

2017-11-28 15:54:42 - [TEST_STEP][PASSED] - Statement - paxDetailFields = paxInRoomXpath + "[" + j + "]/div[@class="col-md-x col-md-9"]/div[@class="row paxContainer"]/div[@class="col-md-5"]": null

2017-11-28 15:54:42 - [TEST_STEP][PASSED] - Statement - xpathval = paxDetailFields + "[1]/div[contains(@class,"form-group")]/input[@class="form-control paxFirstName"]": null

2017-11-28 15:54:42 - [TEST_STEP][PASSED] - Statement - println("fn: " + xpathval): null

2017-11-28 15:54:42 - [TEST_STEP][PASSED] - Statement - repObj = com.kms.katalon.core.testobject.ObjectRepository.findTestObject(Object Repository/PrimoTours/Old Objects/allPaxFirstNameFields): Finding Test Object with id 'Object Repository/PrimoTours/Old Objects/allPaxFirstNameFields'

2017-11-28 15:54:42 - [TEST_STEP][PASSED] - Statement - repObj.findProperty("xpath").setValue(xpathval): null

2017-11-28 15:54:42 - [TEST_STEP][PASSED] - setText: Text 'Hansen AUT' is set on object 'Object Repository/PrimoTours/Old Objects/allPaxFirstNameFields'

2017-11-28 15:54:42 - [MESSAGE][PASSED] - Text 'Hansen AUT' is set on object 'Object Repository/PrimoTours/Old Objects/allPaxFirstNameFields'

2017-11-28 15:54:42 - [TEST_STEP][PASSED] - Statement - xpathval = paxDetailFields + "[2]/div[contains(@class,"form-group")]/input[@class="form-control paxLastName"]": null

2017-11-28 15:54:42 - [TEST_STEP][PASSED] - Statement - println("ln: " + xpathval): null

2017-11-28 15:54:42 - [TEST_STEP][PASSED] - Statement - repObj = com.kms.katalon.core.testobject.ObjectRepository.findTestObject(Object Repository/PrimoTours/Old Objects/allPaxLastNameFields): Finding Test Object with id 'Object Repository/PrimoTours/Old Objects/allPaxLastNameFields'

2017-11-28 15:54:42 - [TEST_STEP][PASSED] - Statement - repObj.findProperty("xpath").setValue(xpathval): null

2017-11-28 15:54:42 - [TEST_STEP][PASSED] - setText: Text 'Pia Vibeke Godskesen' is set on object 'Object Repository/PrimoTours/Old Objects/allPaxLastNameFields'

2017-11-28 15:54:43 - [MESSAGE][PASSED] - Text 'Pia Vibeke Godskesen' is set on object 'Object Repository/PrimoTours/Old Objects/allPaxLastNameFields'

2017-11-28 15:54:43 - [TEST_STEP][PASSED] - Statement - If (i == 1 & j == 1): null

2017-11-28 15:54:43 - [TEST_STEP][PASSED] - Statement - randomPaxIndex = java.lang.Math.abs(new java.util.Random().nextInt() % excelRowNo) + 1: null

2017-11-28 15:54:43 - [TEST_STEP][PASSED] - Statement - println(randomPaxIndex): null

2017-11-28 15:54:43 - [TEST_STEP][PASSED] - Statement - fname = rawData.getValue("FirstName", randomPaxIndex) + " AUT": null

2017-11-28 15:54:43 - [TEST_STEP][PASSED] - Statement - lname = rawData.getValue("LastName", randomPaxIndex): null

2017-11-28 15:54:43 - [TEST_STEP][PASSED] - Statement - pgender = rawData.getValue("Gender", randomPaxIndex): null

2017-11-28 15:54:43 - [TEST_STEP][PASSED] - Statement - pday = rawData.getValue("Day DOB", randomPaxIndex): null

2017-11-28 15:54:43 - [TEST_STEP][PASSED] - Statement - pmonth = rawData.getValue("Month DOB", randomPaxIndex): null

2017-11-28 15:54:43 - [TEST_STEP][PASSED] - Statement - pyear = rawData.getValue("Year DOB", randomPaxIndex): null

2017-11-28 15:54:43 - [TEST_STEP][PASSED] - Statement - paxDetailFields = paxInRoomXpath + "[" + j + "]/div[@class="col-md-x col-md-9"]/div[@class="row paxContainer"]/div[@class="col-md-5"]": null

2017-11-28 15:54:43 - [TEST_STEP][PASSED] - Statement - xpathval = paxDetailFields + "[1]/div[contains(@class,"form-group")]/input[@class="form-control paxFirstName"]": null

2017-11-28 15:54:43 - [TEST_STEP][PASSED] - Statement - println("fn: " + xpathval): null

2017-11-28 15:54:43 - [TEST_STEP][PASSED] - Statement - repObj = com.kms.katalon.core.testobject.ObjectRepository.findTestObject(Object Repository/PrimoTours/Old Objects/allPaxFirstNameFields): Finding Test Object with id 'Object Repository/PrimoTours/Old Objects/allPaxFirstNameFields'

2017-11-28 15:54:43 - [TEST_STEP][PASSED] - Statement - repObj.findProperty("xpath").setValue(xpathval): null

2017-11-28 15:54:43 - [TEST_STEP][PASSED] - setText: Text 'Berwald AUT' is set on object 'Object Repository/PrimoTours/Old Objects/allPaxFirstNameFields'

2017-11-28 15:54:43 - [MESSAGE][PASSED] - Text 'Berwald AUT' is set on object 'Object Repository/PrimoTours/Old Objects/allPaxFirstNameFields'

2017-11-28 15:54:43 - [TEST_STEP][PASSED] - Statement - xpathval = paxDetailFields + "[2]/div[contains(@class,"form-group")]/input[@class="form-control paxLastName"]": null

2017-11-28 15:54:43 - [TEST_STEP][PASSED] - Statement - println("ln: " + xpathval): null

2017-11-28 15:54:43 - [TEST_STEP][PASSED] - Statement - repObj = com.kms.katalon.core.testobject.ObjectRepository.findTestObject(Object Repository/PrimoTours/Old Objects/allPaxLastNameFields): Finding Test Object with id 'Object Repository/PrimoTours/Old Objects/allPaxLastNameFields'

2017-11-28 15:54:43 - [TEST_STEP][PASSED] - Statement - repObj.findProperty("xpath").setValue(xpathval): null

2017-11-28 15:54:43 - [TEST_STEP][PASSED] - setText: Text 'Jane Dahlmann' is set on object 'Object Repository/PrimoTours/Old Objects/allPaxLastNameFields'

2017-11-28 15:54:43 - [MESSAGE][PASSED] - Text 'Jane Dahlmann' is set on object 'Object Repository/PrimoTours/Old Objects/allPaxLastNameFields'

2017-11-28 15:54:43 - [TEST_STEP][PASSED] - Statement - If (i == 1 & j == 1): null

2017-11-28 15:54:43 - [TEST_STEP][PASSED] - Statement - randomPaxIndex = java.lang.Math.abs(new java.util.Random().nextInt() % excelRowNo) + 1: null

2017-11-28 15:54:43 - [TEST_STEP][PASSED] - Statement - println(randomPaxIndex): null

2017-11-28 15:54:43 - [TEST_STEP][PASSED] - Statement - fname = rawData.getValue("FirstName", randomPaxIndex) + " AUT": null

2017-11-28 15:54:43 - [TEST_STEP][PASSED] - Statement - lname = rawData.getValue("LastName", randomPaxIndex): null

2017-11-28 15:54:43 - [TEST_STEP][PASSED] - Statement - pgender = rawData.getValue("Gender", randomPaxIndex): null

2017-11-28 15:54:43 - [TEST_STEP][PASSED] - Statement - pday = rawData.getValue("Day DOB", randomPaxIndex): null

2017-11-28 15:54:43 - [TEST_STEP][PASSED] - Statement - pmonth = rawData.getValue("Month DOB", randomPaxIndex): null

2017-11-28 15:54:43 - [TEST_STEP][PASSED] - Statement - pyear = rawData.getValue("Year DOB", randomPaxIndex): null

2017-11-28 15:54:43 - [TEST_STEP][PASSED] - Statement - paxDetailFields = paxInRoomXpath + "[" + j + "]/div[@class="col-md-x col-md-9"]/div[@class="row paxContainer"]/div[@class="col-md-5"]": null

2017-11-28 15:54:43 - [TEST_STEP][PASSED] - Statement - xpathval = paxDetailFields + "[1]/div[contains(@class,"form-group")]/input[@class="form-control paxFirstName"]": null

2017-11-28 15:54:43 - [TEST_STEP][PASSED] - Statement - println("fn: " + xpathval): null

2017-11-28 15:54:43 - [TEST_STEP][PASSED] - Statement - repObj = com.kms.katalon.core.testobject.ObjectRepository.findTestObject(Object Repository/PrimoTours/Old Objects/allPaxFirstNameFields): Finding Test Object with id 'Object Repository/PrimoTours/Old Objects/allPaxFirstNameFields'

2017-11-28 15:54:43 - [TEST_STEP][PASSED] - Statement - repObj.findProperty("xpath").setValue(xpathval): null

2017-11-28 15:54:43 - [TEST_STEP][PASSED] - setText: Text 'Ax AUT' is set on object 'Object Repository/PrimoTours/Old Objects/allPaxFirstNameFields'

2017-11-28 15:54:44 - [MESSAGE][PASSED] - Text 'Ax AUT' is set on object 'Object Repository/PrimoTours/Old Objects/allPaxFirstNameFields'

2017-11-28 15:54:44 - [TEST_STEP][PASSED] - Statement - xpathval = paxDetailFields + "[2]/div[contains(@class,"form-group")]/input[@class="form-control paxLastName"]": null

2017-11-28 15:54:44 - [TEST_STEP][PASSED] - Statement - println("ln: " + xpathval): null

2017-11-28 15:54:44 - [TEST_STEP][PASSED] - Statement - repObj = com.kms.katalon.core.testobject.ObjectRepository.findTestObject(Object Repository/PrimoTours/Old Objects/allPaxLastNameFields): Finding Test Object with id 'Object Repository/PrimoTours/Old Objects/allPaxLastNameFields'

2017-11-28 15:54:44 - [TEST_STEP][PASSED] - Statement - repObj.findProperty("xpath").setValue(xpathval): null

2017-11-28 15:54:44 - [TEST_STEP][PASSED] - setText: Text 'Michael Folke' is set on object 'Object Repository/PrimoTours/Old Objects/allPaxLastNameFields'

2017-11-28 15:54:44 - [MESSAGE][PASSED] - Text 'Michael Folke' is set on object 'Object Repository/PrimoTours/Old Objects/allPaxLastNameFields'

2017-11-28 15:54:44 - [TEST_STEP][PASSED] - Statement - paxInRoomXpath = roomContainerXpath + "[" + i + "]/div[@class="row"]/div[@class="col-md-12"]/div[@class="row"]": null

2017-11-28 15:54:44 - [TEST_STEP][PASSED] - Statement - paxInRoomCount = driver.findElements(org.openqa.selenium.By.xpath(paxInRoomXpath)).size(): null

2017-11-28 15:54:44 - [TEST_STEP][PASSED] - Statement - println("paxInRoomCount=" + paxInRoomCount): null

2017-11-28 15:54:44 - [TEST_STEP][PASSED] - Statement - For ([j = 1, j <= paxInRoomCount, (j++)]): Text 'Hans Børge' is set on object 'Object Repository/PrimoTours/Old Objects/allPaxLastNameFields'

2017-11-28 15:54:44 - [TEST_STEP][PASSED] - Statement - If (i == 1 & j == 1): null

2017-11-28 15:54:44 - [TEST_STEP][PASSED] - Statement - randomPaxIndex = java.lang.Math.abs(new java.util.Random().nextInt() % excelRowNo) + 1: null

2017-11-28 15:54:44 - [TEST_STEP][PASSED] - Statement - println(randomPaxIndex): null

2017-11-28 15:54:44 - [TEST_STEP][PASSED] - Statement - fname = rawData.getValue("FirstName", randomPaxIndex) + " AUT": null

2017-11-28 15:54:44 - [TEST_STEP][PASSED] - Statement - lname = rawData.getValue("LastName", randomPaxIndex): null

2017-11-28 15:54:44 - [TEST_STEP][PASSED] - Statement - pgender = rawData.getValue("Gender", randomPaxIndex): null

2017-11-28 15:54:44 - [TEST_STEP][PASSED] - Statement - pday = rawData.getValue("Day DOB", randomPaxIndex): null

2017-11-28 15:54:44 - [TEST_STEP][PASSED] - Statement - pmonth = rawData.getValue("Month DOB", randomPaxIndex): null

2017-11-28 15:54:44 - [TEST_STEP][PASSED] - Statement - pyear = rawData.getValue("Year DOB", randomPaxIndex): null

2017-11-28 15:54:44 - [TEST_STEP][PASSED] - Statement - paxDetailFields = paxInRoomXpath + "[" + j + "]/div[@class="col-md-x col-md-9"]/div[@class="row paxContainer"]/div[@class="col-md-5"]": null

2017-11-28 15:54:44 - [TEST_STEP][PASSED] - Statement - xpathval = paxDetailFields + "[1]/div[contains(@class,"form-group")]/input[@class="form-control paxFirstName"]": null

2017-11-28 15:54:44 - [TEST_STEP][PASSED] - Statement - println("fn: " + xpathval): null

2017-11-28 15:54:44 - [TEST_STEP][PASSED] - Statement - repObj = com.kms.katalon.core.testobject.ObjectRepository.findTestObject(Object Repository/PrimoTours/Old Objects/allPaxFirstNameFields): Finding Test Object with id 'Object Repository/PrimoTours/Old Objects/allPaxFirstNameFields'

2017-11-28 15:54:44 - [TEST_STEP][PASSED] - Statement - repObj.findProperty("xpath").setValue(xpathval): null

2017-11-28 15:54:44 - [TEST_STEP][PASSED] - setText: Text 'Lund AUT' is set on object 'Object Repository/PrimoTours/Old Objects/allPaxFirstNameFields'

2017-11-28 15:54:44 - [MESSAGE][PASSED] - Text 'Lund AUT' is set on object 'Object Repository/PrimoTours/Old Objects/allPaxFirstNameFields'

2017-11-28 15:54:44 - [TEST_STEP][PASSED] - Statement - xpathval = paxDetailFields + "[2]/div[contains(@class,"form-group")]/input[@class="form-control paxLastName"]": null

2017-11-28 15:54:44 - [TEST_STEP][PASSED] - Statement - println("ln: " + xpathval): null

2017-11-28 15:54:44 - [TEST_STEP][PASSED] - Statement - repObj = com.kms.katalon.core.testobject.ObjectRepository.findTestObject(Object Repository/PrimoTours/Old Objects/allPaxLastNameFields): Finding Test Object with id 'Object Repository/PrimoTours/Old Objects/allPaxLastNameFields'

2017-11-28 15:54:44 - [TEST_STEP][PASSED] - Statement - repObj.findProperty("xpath").setValue(xpathval): null

2017-11-28 15:54:44 - [TEST_STEP][PASSED] - setText: Text 'Tore Bjerg' is set on object 'Object Repository/PrimoTours/Old Objects/allPaxLastNameFields'

2017-11-28 15:54:44 - [MESSAGE][PASSED] - Text 'Tore Bjerg' is set on object 'Object Repository/PrimoTours/Old Objects/allPaxLastNameFields'

2017-11-28 15:54:44 - [TEST_STEP][PASSED] - Statement - If (i == 1 & j == 1): null

2017-11-28 15:54:44 - [TEST_STEP][PASSED] - Statement - randomPaxIndex = java.lang.Math.abs(new java.util.Random().nextInt() % excelRowNo) + 1: null

2017-11-28 15:54:44 - [TEST_STEP][PASSED] - Statement - println(randomPaxIndex): null

2017-11-28 15:54:44 - [TEST_STEP][PASSED] - Statement - fname = rawData.getValue("FirstName", randomPaxIndex) + " AUT": null

2017-11-28 15:54:44 - [TEST_STEP][PASSED] - Statement - lname = rawData.getValue("LastName", randomPaxIndex): null

2017-11-28 15:54:44 - [TEST_STEP][PASSED] - Statement - pgender = rawData.getValue("Gender", randomPaxIndex): null

2017-11-28 15:54:44 - [TEST_STEP][PASSED] - Statement - pday = rawData.getValue("Day DOB", randomPaxIndex): null

2017-11-28 15:54:44 - [TEST_STEP][PASSED] - Statement - pmonth = rawData.getValue("Month DOB", randomPaxIndex): null

2017-11-28 15:54:44 - [TEST_STEP][PASSED] - Statement - pyear = rawData.getValue("Year DOB", randomPaxIndex): null

2017-11-28 15:54:44 - [TEST_STEP][PASSED] - Statement - paxDetailFields = paxInRoomXpath + "[" + j + "]/div[@class="col-md-x col-md-9"]/div[@class="row paxContainer"]/div[@class="col-md-5"]": null

2017-11-28 15:54:44 - [TEST_STEP][PASSED] - Statement - xpathval = paxDetailFields + "[1]/div[contains(@class,"form-group")]/input[@class="form-control paxFirstName"]": null

2017-11-28 15:54:44 - [TEST_STEP][PASSED] - Statement - println("fn: " + xpathval): null

2017-11-28 15:54:44 - [TEST_STEP][PASSED] - Statement - repObj = com.kms.katalon.core.testobject.ObjectRepository.findTestObject(Object Repository/PrimoTours/Old Objects/allPaxFirstNameFields): Finding Test Object with id 'Object Repository/PrimoTours/Old Objects/allPaxFirstNameFields'

2017-11-28 15:54:44 - [TEST_STEP][PASSED] - Statement - repObj.findProperty("xpath").setValue(xpathval): null

2017-11-28 15:54:44 - [TEST_STEP][PASSED] - setText: Text 'Jakobsen AUT' is set on object 'Object Repository/PrimoTours/Old Objects/allPaxFirstNameFields'

2017-11-28 15:54:45 - [MESSAGE][PASSED] - Text 'Jakobsen AUT' is set on object 'Object Repository/PrimoTours/Old Objects/allPaxFirstNameFields'

2017-11-28 15:54:45 - [TEST_STEP][PASSED] - Statement - xpathval = paxDetailFields + "[2]/div[contains(@class,"form-group")]/input[@class="form-control paxLastName"]": null

2017-11-28 15:54:45 - [TEST_STEP][PASSED] - Statement - println("ln: " + xpathval): null

2017-11-28 15:54:45 - [TEST_STEP][PASSED] - Statement - repObj = com.kms.katalon.core.testobject.ObjectRepository.findTestObject(Object Repository/PrimoTours/Old Objects/allPaxLastNameFields): Finding Test Object with id 'Object Repository/PrimoTours/Old Objects/allPaxLastNameFields'

2017-11-28 15:54:45 - [TEST_STEP][PASSED] - Statement - repObj.findProperty("xpath").setValue(xpathval): null

2017-11-28 15:54:45 - [TEST_STEP][PASSED] - setText: Text 'Hans Børge' is set on object 'Object Repository/PrimoTours/Old Objects/allPaxLastNameFields'

2017-11-28 15:54:45 - [MESSAGE][PASSED] - Text 'Hans Børge' is set on object 'Object Repository/PrimoTours/Old Objects/allPaxLastNameFields'

2017-11-28 15:54:45 - [TEST_STEP][PASSED] - Statement - paxInRoomXpath = roomContainerXpath + "[" + i + "]/div[@class="row"]/div[@class="col-md-12"]/div[@class="row"]": null

2017-11-28 15:54:45 - [TEST_STEP][PASSED] - Statement - paxInRoomCount = driver.findElements(org.openqa.selenium.By.xpath(paxInRoomXpath)).size(): null

2017-11-28 15:54:45 - [TEST_STEP][PASSED] - Statement - println("paxInRoomCount=" + paxInRoomCount): null

2017-11-28 15:54:45 - [TEST_STEP][PASSED] - Statement - For ([j = 1, j <= paxInRoomCount, (j++)]): Text 'Allan Lykke' is set on object 'Object Repository/PrimoTours/Old Objects/allPaxLastNameFields'

2017-11-28 15:54:45 - [TEST_STEP][PASSED] - Statement - If (i == 1 & j == 1): null

2017-11-28 15:54:45 - [TEST_STEP][PASSED] - Statement - randomPaxIndex = java.lang.Math.abs(new java.util.Random().nextInt() % excelRowNo) + 1: null

2017-11-28 15:54:45 - [TEST_STEP][PASSED] - Statement - println(randomPaxIndex): null

2017-11-28 15:54:45 - [TEST_STEP][PASSED] - Statement - fname = rawData.getValue("FirstName", randomPaxIndex) + " AUT": null

2017-11-28 15:54:45 - [TEST_STEP][PASSED] - Statement - lname = rawData.getValue("LastName", randomPaxIndex): null

2017-11-28 15:54:45 - [TEST_STEP][PASSED] - Statement - pgender = rawData.getValue("Gender", randomPaxIndex): null

2017-11-28 15:54:45 - [TEST_STEP][PASSED] - Statement - pday = rawData.getValue("Day DOB", randomPaxIndex): null

2017-11-28 15:54:45 - [TEST_STEP][PASSED] - Statement - pmonth = rawData.getValue("Month DOB", randomPaxIndex): null

2017-11-28 15:54:45 - [TEST_STEP][PASSED] - Statement - pyear = rawData.getValue("Year DOB", randomPaxIndex): null

2017-11-28 15:54:45 - [TEST_STEP][PASSED] - Statement - paxDetailFields = paxInRoomXpath + "[" + j + "]/div[@class="col-md-x col-md-9"]/div[@class="row paxContainer"]/div[@class="col-md-5"]": null

2017-11-28 15:54:45 - [TEST_STEP][PASSED] - Statement - xpathval = paxDetailFields + "[1]/div[contains(@class,"form-group")]/input[@class="form-control paxFirstName"]": null

2017-11-28 15:54:45 - [TEST_STEP][PASSED] - Statement - println("fn: " + xpathval): null

2017-11-28 15:54:45 - [TEST_STEP][PASSED] - Statement - repObj = com.kms.katalon.core.testobject.ObjectRepository.findTestObject(Object Repository/PrimoTours/Old Objects/allPaxFirstNameFields): Finding Test Object with id 'Object Repository/PrimoTours/Old Objects/allPaxFirstNameFields'

2017-11-28 15:54:45 - [TEST_STEP][PASSED] - Statement - repObj.findProperty("xpath").setValue(xpathval): null

2017-11-28 15:54:45 - [TEST_STEP][PASSED] - setText: Text 'Jørgensen AUT' is set on object 'Object Repository/PrimoTours/Old Objects/allPaxFirstNameFields'

2017-11-28 15:54:46 - [MESSAGE][PASSED] - Text 'Jørgensen AUT' is set on object 'Object Repository/PrimoTours/Old Objects/allPaxFirstNameFields'

2017-11-28 15:54:46 - [TEST_STEP][PASSED] - Statement - xpathval = paxDetailFields + "[2]/div[contains(@class,"form-group")]/input[@class="form-control paxLastName"]": null

2017-11-28 15:54:46 - [TEST_STEP][PASSED] - Statement - println("ln: " + xpathval): null

2017-11-28 15:54:46 - [TEST_STEP][PASSED] - Statement - repObj = com.kms.katalon.core.testobject.ObjectRepository.findTestObject(Object Repository/PrimoTours/Old Objects/allPaxLastNameFields): Finding Test Object with id 'Object Repository/PrimoTours/Old Objects/allPaxLastNameFields'

2017-11-28 15:54:46 - [TEST_STEP][PASSED] - Statement - repObj.findProperty("xpath").setValue(xpathval): null

2017-11-28 15:54:46 - [TEST_STEP][PASSED] - setText: Text 'Manuela Yvonne' is set on object 'Object Repository/PrimoTours/Old Objects/allPaxLastNameFields'

2017-11-28 15:54:46 - [MESSAGE][PASSED] - Text 'Manuela Yvonne' is set on object 'Object Repository/PrimoTours/Old Objects/allPaxLastNameFields'

2017-11-28 15:54:46 - [TEST_STEP][PASSED] - Statement - If (i == 1 & j == 1): null

2017-11-28 15:54:46 - [TEST_STEP][PASSED] - Statement - randomPaxIndex = java.lang.Math.abs(new java.util.Random().nextInt() % excelRowNo) + 1: null

2017-11-28 15:54:46 - [TEST_STEP][PASSED] - Statement - println(randomPaxIndex): null

2017-11-28 15:54:46 - [TEST_STEP][PASSED] - Statement - fname = rawData.getValue("FirstName", randomPaxIndex) + " AUT": null

2017-11-28 15:54:46 - [TEST_STEP][PASSED] - Statement - lname = rawData.getValue("LastName", randomPaxIndex): null

2017-11-28 15:54:46 - [TEST_STEP][PASSED] - Statement - pgender = rawData.getValue("Gender", randomPaxIndex): null

2017-11-28 15:54:46 - [TEST_STEP][PASSED] - Statement - pday = rawData.getValue("Day DOB", randomPaxIndex): null

2017-11-28 15:54:46 - [TEST_STEP][PASSED] - Statement - pmonth = rawData.getValue("Month DOB", randomPaxIndex): null

2017-11-28 15:54:46 - [TEST_STEP][PASSED] - Statement - pyear = rawData.getValue("Year DOB", randomPaxIndex): null

2017-11-28 15:54:46 - [TEST_STEP][PASSED] - Statement - paxDetailFields = paxInRoomXpath + "[" + j + "]/div[@class="col-md-x col-md-9"]/div[@class="row paxContainer"]/div[@class="col-md-5"]": null

2017-11-28 15:54:46 - [TEST_STEP][PASSED] - Statement - xpathval = paxDetailFields + "[1]/div[contains(@class,"form-group")]/input[@class="form-control paxFirstName"]": null

2017-11-28 15:54:46 - [TEST_STEP][PASSED] - Statement - println("fn: " + xpathval): null

2017-11-28 15:54:46 - [TEST_STEP][PASSED] - Statement - repObj = com.kms.katalon.core.testobject.ObjectRepository.findTestObject(Object Repository/PrimoTours/Old Objects/allPaxFirstNameFields): Finding Test Object with id 'Object Repository/PrimoTours/Old Objects/allPaxFirstNameFields'

2017-11-28 15:54:46 - [TEST_STEP][PASSED] - Statement - repObj.findProperty("xpath").setValue(xpathval): null

2017-11-28 15:54:46 - [TEST_STEP][PASSED] - setText: Text 'Lindtofte AUT' is set on object 'Object Repository/PrimoTours/Old Objects/allPaxFirstNameFields'

2017-11-28 15:54:46 - [MESSAGE][PASSED] - Text 'Lindtofte AUT' is set on object 'Object Repository/PrimoTours/Old Objects/allPaxFirstNameFields'

2017-11-28 15:54:46 - [TEST_STEP][PASSED] - Statement - xpathval = paxDetailFields + "[2]/div[contains(@class,"form-group")]/input[@class="form-control paxLastName"]": null

2017-11-28 15:54:46 - [TEST_STEP][PASSED] - Statement - println("ln: " + xpathval): null

2017-11-28 15:54:46 - [TEST_STEP][PASSED] - Statement - repObj = com.kms.katalon.core.testobject.ObjectRepository.findTestObject(Object Repository/PrimoTours/Old Objects/allPaxLastNameFields): Finding Test Object with id 'Object Repository/PrimoTours/Old Objects/allPaxLastNameFields'

2017-11-28 15:54:46 - [TEST_STEP][PASSED] - Statement - repObj.findProperty("xpath").setValue(xpathval): null

2017-11-28 15:54:46 - [TEST_STEP][PASSED] - setText: Text 'Sanni' is set on object 'Object Repository/PrimoTours/Old Objects/allPaxLastNameFields'

2017-11-28 15:54:47 - [MESSAGE][PASSED] - Text 'Sanni' is set on object 'Object Repository/PrimoTours/Old Objects/allPaxLastNameFields'

2017-11-28 15:54:47 - [TEST_STEP][PASSED] - Statement - If (i == 1 & j == 1): null

2017-11-28 15:54:47 - [TEST_STEP][PASSED] - Statement - randomPaxIndex = java.lang.Math.abs(new java.util.Random().nextInt() % excelRowNo) + 1: null

2017-11-28 15:54:47 - [TEST_STEP][PASSED] - Statement - println(randomPaxIndex): null

2017-11-28 15:54:47 - [TEST_STEP][PASSED] - Statement - fname = rawData.getValue("FirstName", randomPaxIndex) + " AUT": null

2017-11-28 15:54:47 - [TEST_STEP][PASSED] - Statement - lname = rawData.getValue("LastName", randomPaxIndex): null

2017-11-28 15:54:47 - [TEST_STEP][PASSED] - Statement - pgender = rawData.getValue("Gender", randomPaxIndex): null

2017-11-28 15:54:47 - [TEST_STEP][PASSED] - Statement - pday = rawData.getValue("Day DOB", randomPaxIndex): null

2017-11-28 15:54:47 - [TEST_STEP][PASSED] - Statement - pmonth = rawData.getValue("Month DOB", randomPaxIndex): null

2017-11-28 15:54:47 - [TEST_STEP][PASSED] - Statement - pyear = rawData.getValue("Year DOB", randomPaxIndex): null

2017-11-28 15:54:47 - [TEST_STEP][PASSED] - Statement - paxDetailFields = paxInRoomXpath + "[" + j + "]/div[@class="col-md-x col-md-9"]/div[@class="row paxContainer"]/div[@class="col-md-5"]": null

2017-11-28 15:54:47 - [TEST_STEP][PASSED] - Statement - xpathval = paxDetailFields + "[1]/div[contains(@class,"form-group")]/input[@class="form-control paxFirstName"]": null

2017-11-28 15:54:47 - [TEST_STEP][PASSED] - Statement - println("fn: " + xpathval): null

2017-11-28 15:54:47 - [TEST_STEP][PASSED] - Statement - repObj = com.kms.katalon.core.testobject.ObjectRepository.findTestObject(Object Repository/PrimoTours/Old Objects/allPaxFirstNameFields): Finding Test Object with id 'Object Repository/PrimoTours/Old Objects/allPaxFirstNameFields'

2017-11-28 15:54:47 - [TEST_STEP][PASSED] - Statement - repObj.findProperty("xpath").setValue(xpathval): null

2017-11-28 15:54:47 - [TEST_STEP][PASSED] - setText: Text 'Mortensen AUT' is set on object 'Object Repository/PrimoTours/Old Objects/allPaxFirstNameFields'

2017-11-28 15:54:47 - [MESSAGE][PASSED] - Text 'Mortensen AUT' is set on object 'Object Repository/PrimoTours/Old Objects/allPaxFirstNameFields'

2017-11-28 15:54:47 - [TEST_STEP][PASSED] - Statement - xpathval = paxDetailFields + "[2]/div[contains(@class,"form-group")]/input[@class="form-control paxLastName"]": null

2017-11-28 15:54:47 - [TEST_STEP][PASSED] - Statement - println("ln: " + xpathval): null

2017-11-28 15:54:47 - [TEST_STEP][PASSED] - Statement - repObj = com.kms.katalon.core.testobject.ObjectRepository.findTestObject(Object Repository/PrimoTours/Old Objects/allPaxLastNameFields): Finding Test Object with id 'Object Repository/PrimoTours/Old Objects/allPaxLastNameFields'

2017-11-28 15:54:47 - [TEST_STEP][PASSED] - Statement - repObj.findProperty("xpath").setValue(xpathval): null

2017-11-28 15:54:47 - [TEST_STEP][PASSED] - setText: Text 'Anna-Lise Hededal' is set on object 'Object Repository/PrimoTours/Old Objects/allPaxLastNameFields'

2017-11-28 15:54:47 - [MESSAGE][PASSED] - Text 'Anna-Lise Hededal' is set on object 'Object Repository/PrimoTours/Old Objects/allPaxLastNameFields'

2017-11-28 15:54:47 - [TEST_STEP][PASSED] - Statement - If (i == 1 & j == 1): null

2017-11-28 15:54:47 - [TEST_STEP][PASSED] - Statement - randomPaxIndex = java.lang.Math.abs(new java.util.Random().nextInt() % excelRowNo) + 1: null

2017-11-28 15:54:47 - [TEST_STEP][PASSED] - Statement - println(randomPaxIndex): null

2017-11-28 15:54:47 - [TEST_STEP][PASSED] - Statement - fname = rawData.getValue("FirstName", randomPaxIndex) + " AUT": null

2017-11-28 15:54:47 - [TEST_STEP][PASSED] - Statement - lname = rawData.getValue("LastName", randomPaxIndex): null

2017-11-28 15:54:47 - [TEST_STEP][PASSED] - Statement - pgender = rawData.getValue("Gender", randomPaxIndex): null

2017-11-28 15:54:47 - [TEST_STEP][PASSED] - Statement - pday = rawData.getValue("Day DOB", randomPaxIndex): null

2017-11-28 15:54:47 - [TEST_STEP][PASSED] - Statement - pmonth = rawData.getValue("Month DOB", randomPaxIndex): null

2017-11-28 15:54:47 - [TEST_STEP][PASSED] - Statement - pyear = rawData.getValue("Year DOB", randomPaxIndex): null

2017-11-28 15:54:47 - [TEST_STEP][PASSED] - Statement - paxDetailFields = paxInRoomXpath + "[" + j + "]/div[@class="col-md-x col-md-9"]/div[@class="row paxContainer"]/div[@class="col-md-5"]": null

2017-11-28 15:54:47 - [TEST_STEP][PASSED] - Statement - xpathval = paxDetailFields + "[1]/div[contains(@class,"form-group")]/input[@class="form-control paxFirstName"]": null

2017-11-28 15:54:47 - [TEST_STEP][PASSED] - Statement - println("fn: " + xpathval): null

2017-11-28 15:54:47 - [TEST_STEP][PASSED] - Statement - repObj = com.kms.katalon.core.testobject.ObjectRepository.findTestObject(Object Repository/PrimoTours/Old Objects/allPaxFirstNameFields): Finding Test Object with id 'Object Repository/PrimoTours/Old Objects/allPaxFirstNameFields'

2017-11-28 15:54:47 - [TEST_STEP][PASSED] - Statement - repObj.findProperty("xpath").setValue(xpathval): null

2017-11-28 15:54:47 - [TEST_STEP][PASSED] - setText: Text 'Fagerlund AUT' is set on object 'Object Repository/PrimoTours/Old Objects/allPaxFirstNameFields'

2017-11-28 15:54:48 - [MESSAGE][PASSED] - Text 'Fagerlund AUT' is set on object 'Object Repository/PrimoTours/Old Objects/allPaxFirstNameFields'

2017-11-28 15:54:48 - [TEST_STEP][PASSED] - Statement - xpathval = paxDetailFields + "[2]/div[contains(@class,"form-group")]/input[@class="form-control paxLastName"]": null

2017-11-28 15:54:48 - [TEST_STEP][PASSED] - Statement - println("ln: " + xpathval): null

2017-11-28 15:54:48 - [TEST_STEP][PASSED] - Statement - repObj = com.kms.katalon.core.testobject.ObjectRepository.findTestObject(Object Repository/PrimoTours/Old Objects/allPaxLastNameFields): Finding Test Object with id 'Object Repository/PrimoTours/Old Objects/allPaxLastNameFields'

2017-11-28 15:54:48 - [TEST_STEP][PASSED] - Statement - repObj.findProperty("xpath").setValue(xpathval): null

2017-11-28 15:54:48 - [TEST_STEP][PASSED] - setText: Text 'Allan Lykke' is set on object 'Object Repository/PrimoTours/Old Objects/allPaxLastNameFields'

2017-11-28 15:54:48 - [MESSAGE][PASSED] - Text 'Allan Lykke' is set on object 'Object Repository/PrimoTours/Old Objects/allPaxLastNameFields'

2017-11-28 15:54:48 - [TEST_STEP][PASSED] - scrollToElement: Scroll to object 'Object Repository/PrimoTours/Old Objects/Coco (1)/PrimoT/SaveBooking2/Success/bookingTotalValue' successfully

2017-11-28 15:54:48 - [MESSAGE][PASSED] - Scroll to object 'Object Repository/PrimoTours/Old Objects/Coco (1)/PrimoT/SaveBooking2/Success/bookingTotalValue' successfully

2017-11-28 15:54:48 - [TEST_STEP][PASSED] - click: Object: 'Object Repository/PrimoTours/Old Objects/Coco (1)/PrimoT/SaveBooking2/Success/bookingTotalValue' is clicked on

2017-11-28 15:54:48 - [MESSAGE][PASSED] - Object: 'Object Repository/PrimoTours/Old Objects/Coco (1)/PrimoT/SaveBooking2/Success/bookingTotalValue' is clicked on

2017-11-28 15:54:48 - [TEST_STEP][PASSED] - scrollToElement: Scroll to object 'Object Repository/PrimoTours/Old Objects/Coco (1)/PrimoT/SaveBooking2/Success/Page_Primo Tours  Danmarks bedste c/i_fa fa-arrow-circle-right' successfully

2017-11-28 15:54:48 - [MESSAGE][PASSED] - Scroll to object 'Object Repository/PrimoTours/Old Objects/Coco (1)/PrimoT/SaveBooking2/Success/Page_Primo Tours  Danmarks bedste c/i_fa fa-arrow-circle-right' successfully

2017-11-28 15:54:48 - [TEST_STEP][PASSED] - waitForElementClickable: Object 'Object Repository/PrimoTours/Old Objects/Coco (1)/PrimoT/SaveBooking2/Success/Page_Primo Tours  Danmarks bedste c/i_fa fa-arrow-circle-right' is clickable

2017-11-28 15:54:48 - [MESSAGE][PASSED] - Object 'Object Repository/PrimoTours/Old Objects/Coco (1)/PrimoT/SaveBooking2/Success/Page_Primo Tours  Danmarks bedste c/i_fa fa-arrow-circle-right' is clickable

2017-11-28 15:54:48 - [TEST_STEP][PASSED] - waitForElementVisible: Object 'Object Repository/PrimoTours/Old Objects/Coco (1)/PrimoT/SaveBooking2/Success/Page_Primo Tours  Danmarks bedste c/i_fa fa-arrow-circle-right' is visible

2017-11-28 15:54:48 - [MESSAGE][PASSED] - Object 'Object Repository/PrimoTours/Old Objects/Coco (1)/PrimoT/SaveBooking2/Success/Page_Primo Tours  Danmarks bedste c/i_fa fa-arrow-circle-right' is visible

2017-11-28 15:54:48 - [TEST_STEP][PASSED] - scrollToElement: Scroll to object 'Object Repository/PrimoTours/Old Objects/Coco (1)/PrimoT/SaveBooking2/Success/Page_Primo Tours  Danmarks bedste c/i_fa fa-arrow-circle-right' successfully

2017-11-28 15:54:48 - [MESSAGE][PASSED] - Scroll to object 'Object Repository/PrimoTours/Old Objects/Coco (1)/PrimoT/SaveBooking2/Success/Page_Primo Tours  Danmarks bedste c/i_fa fa-arrow-circle-right' successfully

2017-11-28 15:54:48 - [TEST_STEP][PASSED] - click: Object: 'Object Repository/PrimoTours/Old Objects/Coco (1)/PrimoT/SaveBooking2/Success/Page_Primo Tours  Danmarks bedste c/i_fa fa-arrow-circle-right' is clicked on

2017-11-28 15:54:48 - [MESSAGE][PASSED] - Object: 'Object Repository/PrimoTours/Old Objects/Coco (1)/PrimoT/SaveBooking2/Success/Page_Primo Tours  Danmarks bedste c/i_fa fa-arrow-circle-right' is clicked on

2017-11-28 15:54:48 - [TEST_STEP][PASSED] - waitForElementNotVisible: Object 'Object Repository/PrimoTours/Old Objects/CCenter/pageLoaderOverlayLayer' is NOT visible

2017-11-28 15:54:51 - [MESSAGE][PASSED] - Object 'Object Repository/PrimoTours/Old Objects/CCenter/pageLoaderOverlayLayer' is NOT visible

2017-11-28 15:54:51 - [TEST_STEP][PASSED] - scrollToElement: Scroll to object 'Object Repository/PrimoTours/Old Objects/Coco/PrimoT/Ins2/Page_Primo Tours  Danmarks bedste c/travelInsuranceFirstPaxSelector' successfully

2017-11-28 15:54:51 - [MESSAGE][PASSED] - Scroll to object 'Object Repository/PrimoTours/Old Objects/Coco/PrimoT/Ins2/Page_Primo Tours  Danmarks bedste c/travelInsuranceFirstPaxSelector' successfully

2017-11-28 15:54:51 - [TEST_STEP][PASSED] - waitForElementPresent: Object 'Object Repository/PrimoTours/Old Objects/Coco/PrimoT/Ins2/Page_Primo Tours  Danmarks bedste c/travelInsuranceFirstPaxSelector' is present

2017-11-28 15:54:51 - [MESSAGE][PASSED] - Object 'Object Repository/PrimoTours/Old Objects/Coco/PrimoT/Ins2/Page_Primo Tours  Danmarks bedste c/travelInsuranceFirstPaxSelector' is present

2017-11-28 15:54:51 - [TEST_STEP][PASSED] - waitForElementVisible: Object 'Object Repository/PrimoTours/Old Objects/Coco/PrimoT/Ins2/Page_Primo Tours  Danmarks bedste c/travelInsuranceFirstPaxSelector' is visible

2017-11-28 15:54:51 - [MESSAGE][PASSED] - Object 'Object Repository/PrimoTours/Old Objects/Coco/PrimoT/Ins2/Page_Primo Tours  Danmarks bedste c/travelInsuranceFirstPaxSelector' is visible

2017-11-28 15:54:51 - [TEST_STEP][PASSED] - waitForElementClickable: Object 'Object Repository/PrimoTours/Old Objects/Coco/PrimoT/Ins2/Page_Primo Tours  Danmarks bedste c/travelInsuranceFirstPaxSelector' is clickable

2017-11-28 15:54:51 - [MESSAGE][PASSED] - Object 'Object Repository/PrimoTours/Old Objects/Coco/PrimoT/Ins2/Page_Primo Tours  Danmarks bedste c/travelInsuranceFirstPaxSelector' is clickable

2017-11-28 15:54:51 - [TEST_STEP][PASSED] - click: Object: 'Object Repository/PrimoTours/Old Objects/Coco/PrimoT/Ins2/Page_Primo Tours  Danmarks bedste c/travelInsuranceFirstPaxSelector' is clicked on

2017-11-28 15:54:51 - [MESSAGE][PASSED] - Object: 'Object Repository/PrimoTours/Old Objects/Coco/PrimoT/Ins2/Page_Primo Tours  Danmarks bedste c/travelInsuranceFirstPaxSelector' is clicked on

2017-11-28 15:54:51 - [TEST_STEP][PASSED] - click: Object: 'Object Repository/PrimoTours/Old Objects/Coco/PrimoT/Ins2/Page_Primo Tours  Danmarks bedste c/li_Har selv forsikring - kr. 0' is clicked on

2017-11-28 15:54:51 - [MESSAGE][PASSED] - Object: 'Object Repository/PrimoTours/Old Objects/Coco/PrimoT/Ins2/Page_Primo Tours  Danmarks bedste c/li_Har selv forsikring - kr. 0' is clicked on

2017-11-28 15:54:51 - [TEST_STEP][NOT_RUN] - click: NOT_RUN: click

2017-11-28 15:54:51 - [MESSAGE][NOT_RUN] - NOT_RUN: click

2017-11-28 15:54:51 - [TEST_STEP][NOT_RUN] - scrollToElement: NOT_RUN: scrollToElement

2017-11-28 15:54:51 - [MESSAGE][NOT_RUN] - NOT_RUN: scrollToElement

2017-11-28 15:54:51 - [TEST_STEP][NOT_RUN] - click: NOT_RUN: click

2017-11-28 15:54:51 - [MESSAGE][NOT_RUN] - NOT_RUN: click

2017-11-28 15:54:51 - [TEST_STEP][PASSED] - waitForElementVisible: Object 'Object Repository/PrimoTours/Old Objects/Coco (1)/PrimoT/SaveBooking2/Page_Primo Tours  Danmarks bedste c/individualInsuranceCheckbox' is visible

2017-11-28 15:54:51 - [MESSAGE][PASSED] - Object 'Object Repository/PrimoTours/Old Objects/Coco (1)/PrimoT/SaveBooking2/Page_Primo Tours  Danmarks bedste c/individualInsuranceCheckbox' is visible

2017-11-28 15:54:51 - [TEST_STEP][PASSED] - scrollToElement: Scroll to object 'Object Repository/PrimoTours/Old Objects/Coco (1)/PrimoT/SaveBooking2/Page_Primo Tours  Danmarks bedste c/individualInsuranceCheckbox' successfully

2017-11-28 15:54:51 - [MESSAGE][PASSED] - Scroll to object 'Object Repository/PrimoTours/Old Objects/Coco (1)/PrimoT/SaveBooking2/Page_Primo Tours  Danmarks bedste c/individualInsuranceCheckbox' successfully

2017-11-28 15:54:51 - [TEST_STEP][PASSED] - click: Object: 'Object Repository/PrimoTours/Old Objects/Coco (1)/PrimoT/SaveBooking2/Page_Primo Tours  Danmarks bedste c/individualInsuranceCheckbox' is clicked on

2017-11-28 15:54:51 - [MESSAGE][PASSED] - Object: 'Object Repository/PrimoTours/Old Objects/Coco (1)/PrimoT/SaveBooking2/Page_Primo Tours  Danmarks bedste c/individualInsuranceCheckbox' is clicked on

2017-11-28 15:54:51 - [TEST_STEP][PASSED] - scrollToElement: Scroll to object 'Object Repository/PrimoTours/Old Objects/Coco (1)/PrimoT/SaveBooking2/Success/firstProdCategIndividualSelectionRadioB' successfully

2017-11-28 15:54:51 - [MESSAGE][PASSED] - Scroll to object 'Object Repository/PrimoTours/Old Objects/Coco (1)/PrimoT/SaveBooking2/Success/firstProdCategIndividualSelectionRadioB' successfully

2017-11-28 15:54:51 - [TEST_STEP][PASSED] - waitForElementClickable: Object 'Object Repository/PrimoTours/Old Objects/Coco (1)/PrimoT/SaveBooking2/Success/firstProdCategIndividualSelectionRadioB' is clickable

2017-11-28 15:54:51 - [MESSAGE][PASSED] - Object 'Object Repository/PrimoTours/Old Objects/Coco (1)/PrimoT/SaveBooking2/Success/firstProdCategIndividualSelectionRadioB' is clickable

2017-11-28 15:54:51 - [TEST_STEP][PASSED] - scrollToElement: Scroll to object 'Object Repository/PrimoTours/Old Objects/Coco (1)/PrimoT/SaveBooking2/Success/firstProdCategIndividualSelectionRadioB' successfully

2017-11-28 15:54:51 - [MESSAGE][PASSED] - Scroll to object 'Object Repository/PrimoTours/Old Objects/Coco (1)/PrimoT/SaveBooking2/Success/firstProdCategIndividualSelectionRadioB' successfully

2017-11-28 15:54:51 - [TEST_STEP][PASSED] - click: Object: 'Object Repository/PrimoTours/Old Objects/Coco (1)/PrimoT/SaveBooking2/Success/firstProdCategIndividualSelectionRadioB' is clicked on

2017-11-28 15:54:52 - [MESSAGE][PASSED] - Object: 'Object Repository/PrimoTours/Old Objects/Coco (1)/PrimoT/SaveBooking2/Success/firstProdCategIndividualSelectionRadioB' is clicked on

2017-11-28 15:54:52 - [TEST_STEP][PASSED] - scrollToElement: Scroll to object 'Object Repository/PrimoTours/Old Objects/Coco (1)/PrimoT/SaveBooking2/Success/firstProdCategSelectForAllPaxCheckbox' successfully

2017-11-28 15:54:52 - [MESSAGE][PASSED] - Scroll to object 'Object Repository/PrimoTours/Old Objects/Coco (1)/PrimoT/SaveBooking2/Success/firstProdCategSelectForAllPaxCheckbox' successfully

2017-11-28 15:54:52 - [TEST_STEP][PASSED] - waitForElementClickable: Object 'Object Repository/PrimoTours/Old Objects/Coco (1)/PrimoT/SaveBooking2/Success/firstProdCategSelectForAllPaxCheckbox' is clickable

2017-11-28 15:54:52 - [MESSAGE][PASSED] - Object 'Object Repository/PrimoTours/Old Objects/Coco (1)/PrimoT/SaveBooking2/Success/firstProdCategSelectForAllPaxCheckbox' is clickable

2017-11-28 15:54:52 - [TEST_STEP][PASSED] - click: Object: 'Object Repository/PrimoTours/Old Objects/Coco (1)/PrimoT/SaveBooking2/Success/firstProdCategSelectForAllPaxCheckbox' is clicked on

2017-11-28 15:54:52 - [MESSAGE][PASSED] - Object: 'Object Repository/PrimoTours/Old Objects/Coco (1)/PrimoT/SaveBooking2/Success/firstProdCategSelectForAllPaxCheckbox' is clicked on

2017-11-28 15:54:52 - [TEST_STEP][NOT_RUN] - scrollToElement: NOT_RUN: scrollToElement

2017-11-28 15:54:52 - [MESSAGE][NOT_RUN] - NOT_RUN: scrollToElement

2017-11-28 15:54:52 - [TEST_STEP][NOT_RUN] - scrollToElement: NOT_RUN: scrollToElement

2017-11-28 15:54:52 - [MESSAGE][NOT_RUN] - NOT_RUN: scrollToElement

2017-11-28 15:54:52 - [TEST_STEP][NOT_RUN] - click: NOT_RUN: click

2017-11-28 15:54:52 - [MESSAGE][NOT_RUN] - NOT_RUN: click

2017-11-28 15:54:52 - [TEST_STEP][PASSED] - scrollToElement: Scroll to object 'Object Repository/PrimoTours/ConfirmationPage/agreeTermsAndCondCheckbox' successfully

2017-11-28 15:54:52 - [MESSAGE][PASSED] - Scroll to object 'Object Repository/PrimoTours/ConfirmationPage/agreeTermsAndCondCheckbox' successfully

2017-11-28 15:54:52 - [TEST_STEP][FAILED] - click: Unable to click on object 'Object Repository/PrimoTours/ConfirmationPage/agreeTermsAndCondCheckbox' (Root cause: org.openqa.selenium.WebDriverException: unknown error: Element <a href="#" class="toggle checkbox kalypto"></a> is not clickable at point (395, 754). Other element would receive the click: <h2>...</h2>
  (Session info: chrome=62.0.3202.94)
  (Driver info: chromedriver=2.33.506120 (e3e53437346286c0bc2d2dc9aa4915ba81d9023f),platform=Windows NT 6.3.9600 x86_64) (WARNING: The server did not provide any stacktrace information)
Command duration or timeout: 0 milliseconds
Build info: version: '3.7.1', revision: '8a0099a', time: '2017-11-06T21:07:36.161Z'
System info: host: 'NEACSUNEW-PC', ip: '10.10.10.211', os.name: 'Windows 8.1', os.arch: 'amd64', os.version: '6.3', java.version: '1.8.0_102'
Driver info: com.kms.katalon.selenium.driver.CChromeDriver
Capabilities {acceptSslCerts: true, applicationCacheEnabled: false, browserConnectionEnabled: false, browserName: chrome, chrome: {chromedriverVersion: 2.33.506120 (e3e53437346286..., userDataDir: C:\Users\Cornel\AppData\Loc...}, cssSelectorsEnabled: true, databaseEnabled: false, handlesAlerts: true, hasTouchScreen: false, javascriptEnabled: true, locationContextEnabled: true, mobileEmulationEnabled: false, nativeEvents: true, networkConnectionEnabled: false, pageLoadStrategy: normal, platform: XP, platformName: XP, rotatable: false, setWindowRect: true, takesHeapSnapshot: true, takesScreenshot: true, unexpectedAlertBehaviour: , unhandledPromptBehavior: , version: 62.0.3202.94, webStorageEnabled: true}
Session ID: 2298dc91805e0e9ff05ae1b39be764a4)

2017-11-28 15:54:53 - [MESSAGE][FAILED] - Unable to click on object 'Object Repository/PrimoTours/ConfirmationPage/agreeTermsAndCondCheckbox' (Root cause: org.openqa.selenium.WebDriverException: unknown error: Element <a href="#" class="toggle checkbox kalypto"></a> is not clickable at point (395, 754). Other element would receive the click: <h2>...</h2>
  (Session info: chrome=62.0.3202.94)
  (Driver info: chromedriver=2.33.506120 (e3e53437346286c0bc2d2dc9aa4915ba81d9023f),platform=Windows NT 6.3.9600 x86_64) (WARNING: The server did not provide any stacktrace information)
Command duration or timeout: 0 milliseconds
Build info: version: '3.7.1', revision: '8a0099a', time: '2017-11-06T21:07:36.161Z'
System info: host: 'NEACSUNEW-PC', ip: '10.10.10.211', os.name: 'Windows 8.1', os.arch: 'amd64', os.version: '6.3', java.version: '1.8.0_102'
Driver info: com.kms.katalon.selenium.driver.CChromeDriver
Capabilities {acceptSslCerts: true, applicationCacheEnabled: false, browserConnectionEnabled: false, browserName: chrome, chrome: {chromedriverVersion: 2.33.506120 (e3e53437346286..., userDataDir: C:\Users\Cornel\AppData\Loc...}, cssSelectorsEnabled: true, databaseEnabled: false, handlesAlerts: true, hasTouchScreen: false, javascriptEnabled: true, locationContextEnabled: true, mobileEmulationEnabled: false, nativeEvents: true, networkConnectionEnabled: false, pageLoadStrategy: normal, platform: XP, platformName: XP, rotatable: false, setWindowRect: true, takesHeapSnapshot: true, takesScreenshot: true, unexpectedAlertBehaviour: , unhandledPromptBehavior: , version: 62.0.3202.94, webStorageEnabled: true}
Session ID: 2298dc91805e0e9ff05ae1b39be764a4)
[[ATTACHMENT|D:\\Software testing\\Tourpaq\\Automated Katalon tests\\Primo WB test\\Reports\\WB Primo From Excel URLs\\20171128_155250\\1511877292829.png]]]]></system-out>
         <system-err><![CDATA[2017-11-28 15:54:33 - [TEST_CASE][FAILED] - Test Cases/PrimoTours/WB Primo/WB Primo staging - place booking - Iteration 6: Test Cases/PrimoTours/WB Primo/WB Primo staging - place booking FAILED because (of) Unable to click on object 'Object Repository/PrimoTours/ConfirmationPage/agreeTermsAndCondCheckbox' (Root cause: org.openqa.selenium.WebDriverException: unknown error: Element <a href="#" class="toggle checkbox kalypto"></a> is not clickable at point (395, 754). Other element would receive the click: <h2>...</h2>
  (Session info: chrome=62.0.3202.94)
  (Driver info: chromedriver=2.33.506120 (e3e53437346286c0bc2d2dc9aa4915ba81d9023f),platform=Windows NT 6.3.9600 x86_64) (WARNING: The server did not provide any stacktrace information)
Command duration or timeout: 0 milliseconds
Build info: version: '3.7.1', revision: '8a0099a', time: '2017-11-06T21:07:36.161Z'
System info: host: 'NEACSUNEW-PC', ip: '10.10.10.211', os.name: 'Windows 8.1', os.arch: 'amd64', os.version: '6.3', java.version: '1.8.0_102'
Driver info: com.kms.katalon.selenium.driver.CChromeDriver
Capabilities {acceptSslCerts: true, applicationCacheEnabled: false, browserConnectionEnabled: false, browserName: chrome, chrome: {chromedriverVersion: 2.33.506120 (e3e53437346286..., userDataDir: C:\Users\Cornel\AppData\Loc...}, cssSelectorsEnabled: true, databaseEnabled: false, handlesAlerts: true, hasTouchScreen: false, javascriptEnabled: true, locationContextEnabled: true, mobileEmulationEnabled: false, nativeEvents: true, networkConnectionEnabled: false, pageLoadStrategy: normal, platform: XP, platformName: XP, rotatable: false, setWindowRect: true, takesHeapSnapshot: true, takesScreenshot: true, unexpectedAlertBehaviour: , unhandledPromptBehavior: , version: 62.0.3202.94, webStorageEnabled: true}
Session ID: 2298dc91805e0e9ff05ae1b39be764a4)]]></system-err>
      </testcase>
      <testcase name="Test Cases/PrimoTours/WB Primo/WB Primo staging - place booking - Iteration 7" classname="Test Cases/PrimoTours/WB Primo/WB Primo staging - place booking" status="FAILED">
         <failure type="FAILED" message="Test Cases/PrimoTours/WB Primo/WB Primo staging - place booking FAILED because (of) Unable to click on object 'Object Repository/PrimoTours/Old Objects/Coco/PrimoT/Ins2/Page_Primo Tours  Danmarks bedste c/li_Har selv forsikring - kr. 0' (Root cause: com.kms.katalon.core.webui.exception.WebElementNotFoundException: Web element with id: 'Object Repository/PrimoTours/Old Objects/Coco/PrimoT/Ins2/Page_Primo Tours  Danmarks bedste c/li_Har selv forsikring - kr. 0' located by 'By.xpath: //*[@class = 'select2-results__option'][1]' not found)"/>
         <system-out><![CDATA[2017-11-28 15:54:53 - [TEST_CASE][FAILED] - Test Cases/PrimoTours/WB Primo/WB Primo staging - place booking - Iteration 7: Test Cases/PrimoTours/WB Primo/WB Primo staging - place booking FAILED because (of) Unable to click on object 'Object Repository/PrimoTours/Old Objects/Coco/PrimoT/Ins2/Page_Primo Tours  Danmarks bedste c/li_Har selv forsikring - kr. 0' (Root cause: com.kms.katalon.core.webui.exception.WebElementNotFoundException: Web element with id: 'Object Repository/PrimoTours/Old Objects/Coco/PrimoT/Ins2/Page_Primo Tours  Danmarks bedste c/li_Har selv forsikring - kr. 0' located by 'By.xpath: //*[@class = 'select2-results__option'][1]' not found)

2017-11-28 15:54:53 - [TEST_STEP][PASSED] - openBrowser: Browser is opened with url: ''

2017-11-28 15:54:53 - [MESSAGE][WARNING] - A browser is already opened. Closing browser and opening a new one

2017-11-28 15:54:56 - [MESSAGE][PASSED] - Browser is opened with url: ''

2017-11-28 15:54:56 - [TEST_STEP][PASSED] - maximizeWindow: Current window maximized

2017-11-28 15:54:57 - [MESSAGE][PASSED] - Current window maximized

2017-11-28 15:54:57 - [TEST_STEP][PASSED] - navigateToUrl: Navigate to 'http://localhost:50029/DoBooking.aspx?pltaID=1480269,1480294,1480269&p=2&rno=1,1,1&pt=1,1,2&a=2,2,2&c=2,2,0&aa=&ca=1,4|0,5|' successfully

2017-11-28 15:54:58 - [MESSAGE][PASSED] - Navigate to 'http://localhost:50029/DoBooking.aspx?pltaID=1480269,1480294,1480269&p=2&rno=1,1,1&pt=1,1,2&a=2,2,2&c=2,2,0&aa=&ca=1,4|0,5|' successfully

2017-11-28 15:54:58 - [TEST_STEP][PASSED] - setText: Text 'Pedersen AUT' is set on object 'Object Repository/PrimoTours/Old Objects/Coco/PrimoT/Page_Primo Tours  Danmarks bedste c/input_firstName'

2017-11-28 15:54:58 - [MESSAGE][PASSED] - Text 'Pedersen AUT' is set on object 'Object Repository/PrimoTours/Old Objects/Coco/PrimoT/Page_Primo Tours  Danmarks bedste c/input_firstName'

2017-11-28 15:54:58 - [TEST_STEP][PASSED] - setText: Text 'Vibe Dalby' is set on object 'Object Repository/PrimoTours/Old Objects/Coco/PrimoT/Page_Primo Tours  Danmarks bedste c/input_lastName'

2017-11-28 15:54:58 - [MESSAGE][PASSED] - Text 'Vibe Dalby' is set on object 'Object Repository/PrimoTours/Old Objects/Coco/PrimoT/Page_Primo Tours  Danmarks bedste c/input_lastName'

2017-11-28 15:54:58 - [TEST_STEP][PASSED] - setText: Text 'Home address' is set on object 'Object Repository/PrimoTours/Old Objects/Coco/PrimoT/Page_Primo Tours  Danmarks bedste c/input_customerAddress'

2017-11-28 15:54:59 - [MESSAGE][PASSED] - Text 'Home address' is set on object 'Object Repository/PrimoTours/Old Objects/Coco/PrimoT/Page_Primo Tours  Danmarks bedste c/input_customerAddress'

2017-11-28 15:54:59 - [TEST_STEP][PASSED] - setText: Text '6700' is set on object 'Object Repository/PrimoTours/Old Objects/Coco/PrimoT/Page_Primo Tours  Danmarks bedste c/input_customerPostcode'

2017-11-28 15:54:59 - [MESSAGE][PASSED] - Text '6700' is set on object 'Object Repository/PrimoTours/Old Objects/Coco/PrimoT/Page_Primo Tours  Danmarks bedste c/input_customerPostcode'

2017-11-28 15:54:59 - [TEST_STEP][PASSED] - setText: Text 'cornel.neacsu@roweb.ro' is set on object 'Object Repository/PrimoTours/Old Objects/Coco/PrimoT/Page_Primo Tours  Danmarks bedste c/input_customerEmail'

2017-11-28 15:54:59 - [MESSAGE][PASSED] - Text 'cornel.neacsu@roweb.ro' is set on object 'Object Repository/PrimoTours/Old Objects/Coco/PrimoT/Page_Primo Tours  Danmarks bedste c/input_customerEmail'

2017-11-28 15:54:59 - [TEST_STEP][PASSED] - setText: Text '12345678' is set on object 'Object Repository/PrimoTours/Old Objects/Coco/PrimoT/Page_Primo Tours  Danmarks bedste c/input_customerPhone'

2017-11-28 15:55:00 - [MESSAGE][PASSED] - Text '12345678' is set on object 'Object Repository/PrimoTours/Old Objects/Coco/PrimoT/Page_Primo Tours  Danmarks bedste c/input_customerPhone'

2017-11-28 15:55:00 - [TEST_STEP][PASSED] - Statement - excelInfo = ["fname":"", "lname":"", "pgender":"", "pday":"", "pmonth":"", "pyear":""]: null

2017-11-28 15:55:00 - [TEST_STEP][PASSED] - Statement - rawData = com.kms.katalon.core.testdata.TestDataFactory.findTestData("Data Files/WB_Primo/Passenger_details"): Reading excel file with source file 'D:\Software testing\Tourpaq\Automated Katalon tests\Primo WB test\Data Files\Primo_URLs_For_Automated_Test.xls' and sheet name 'Passenger Names'

2017-11-28 15:55:00 - [TEST_STEP][PASSED] - Statement - excelRowNo = rawData.getRowNumbers(): null

2017-11-28 15:55:00 - [TEST_STEP][PASSED] - Statement - randomPaxIndex = 1: null

2017-11-28 15:55:00 - [TEST_STEP][PASSED] - waitForElementClickable: Object 'Object Repository/PrimoTours/Old Objects/Coco/PrimoT/Page_Primo Tours  Danmarks bedste c/input_firstname-0_1' is clickable

2017-11-28 15:55:02 - [MESSAGE][PASSED] - Object 'Object Repository/PrimoTours/Old Objects/Coco/PrimoT/Page_Primo Tours  Danmarks bedste c/input_firstname-0_1' is clickable

2017-11-28 15:55:02 - [TEST_STEP][PASSED] - Statement - driver = com.kms.katalon.core.webui.driver.DriverFactory.getWebDriver(): null

2017-11-28 15:55:02 - [TEST_STEP][PASSED] - Statement - roomContainerXpath = "id("booking")/div[@class="wrapper second-bg"]/div[contains(@class,"container-mx")]/div[@class="row"]/div[@class="col-md-12 roomContainer"]": null

2017-11-28 15:55:02 - [TEST_STEP][PASSED] - Statement - roomsCount = driver.findElements(org.openqa.selenium.By.xpath(roomContainerXpath)).size(): null

2017-11-28 15:55:02 - [TEST_STEP][PASSED] - Statement - println("roomsCount=" + roomsCount): null

2017-11-28 15:55:02 - [TEST_STEP][PASSED] - Statement - For ([i = 1, i <= roomsCount, (i++)]): Text 'Andreas' is set on object 'Object Repository/PrimoTours/Old Objects/allPaxLastNameFields'

2017-11-28 15:55:02 - [TEST_STEP][PASSED] - Statement - paxInRoomXpath = roomContainerXpath + "[" + i + "]/div[@class="row"]/div[@class="col-md-12"]/div[@class="row"]": null

2017-11-28 15:55:02 - [TEST_STEP][PASSED] - Statement - paxInRoomCount = driver.findElements(org.openqa.selenium.By.xpath(paxInRoomXpath)).size(): null

2017-11-28 15:55:02 - [TEST_STEP][PASSED] - Statement - println("paxInRoomCount=" + paxInRoomCount): null

2017-11-28 15:55:02 - [TEST_STEP][PASSED] - Statement - For ([j = 1, j <= paxInRoomCount, (j++)]): Text 'Efffdd' is set on object 'Object Repository/PrimoTours/Old Objects/allPaxLastNameFields'

2017-11-28 15:55:02 - [TEST_STEP][PASSED] - Statement - If (i == 1 & j == 1): null

2017-11-28 15:55:02 - [TEST_STEP][PASSED] - Statement - <not implemented yet for class: org.codehaus.groovy.ast.stmt.ContinueStatement>: null

2017-11-28 15:55:02 - [TEST_STEP][PASSED] - Statement - If (i == 1 & j == 1): null

2017-11-28 15:55:02 - [TEST_STEP][PASSED] - Statement - randomPaxIndex = java.lang.Math.abs(new java.util.Random().nextInt() % excelRowNo) + 1: null

2017-11-28 15:55:02 - [TEST_STEP][PASSED] - Statement - println(randomPaxIndex): null

2017-11-28 15:55:02 - [TEST_STEP][PASSED] - Statement - fname = rawData.getValue("FirstName", randomPaxIndex) + " AUT": null

2017-11-28 15:55:02 - [TEST_STEP][PASSED] - Statement - lname = rawData.getValue("LastName", randomPaxIndex): null

2017-11-28 15:55:02 - [TEST_STEP][PASSED] - Statement - pgender = rawData.getValue("Gender", randomPaxIndex): null

2017-11-28 15:55:02 - [TEST_STEP][PASSED] - Statement - pday = rawData.getValue("Day DOB", randomPaxIndex): null

2017-11-28 15:55:02 - [TEST_STEP][PASSED] - Statement - pmonth = rawData.getValue("Month DOB", randomPaxIndex): null

2017-11-28 15:55:02 - [TEST_STEP][PASSED] - Statement - pyear = rawData.getValue("Year DOB", randomPaxIndex): null

2017-11-28 15:55:02 - [TEST_STEP][PASSED] - Statement - paxDetailFields = paxInRoomXpath + "[" + j + "]/div[@class="col-md-x col-md-9"]/div[@class="row paxContainer"]/div[@class="col-md-5"]": null

2017-11-28 15:55:02 - [TEST_STEP][PASSED] - Statement - xpathval = paxDetailFields + "[1]/div[contains(@class,"form-group")]/input[@class="form-control paxFirstName"]": null

2017-11-28 15:55:02 - [TEST_STEP][PASSED] - Statement - println("fn: " + xpathval): null

2017-11-28 15:55:02 - [TEST_STEP][PASSED] - Statement - repObj = com.kms.katalon.core.testobject.ObjectRepository.findTestObject(Object Repository/PrimoTours/Old Objects/allPaxFirstNameFields): Finding Test Object with id 'Object Repository/PrimoTours/Old Objects/allPaxFirstNameFields'

2017-11-28 15:55:02 - [TEST_STEP][PASSED] - Statement - repObj.findProperty("xpath").setValue(xpathval): null

2017-11-28 15:55:02 - [TEST_STEP][PASSED] - setText: Text 'Moeslund AUT' is set on object 'Object Repository/PrimoTours/Old Objects/allPaxFirstNameFields'

2017-11-28 15:55:02 - [MESSAGE][PASSED] - Text 'Moeslund AUT' is set on object 'Object Repository/PrimoTours/Old Objects/allPaxFirstNameFields'

2017-11-28 15:55:02 - [TEST_STEP][PASSED] - Statement - xpathval = paxDetailFields + "[2]/div[contains(@class,"form-group")]/input[@class="form-control paxLastName"]": null

2017-11-28 15:55:02 - [TEST_STEP][PASSED] - Statement - println("ln: " + xpathval): null

2017-11-28 15:55:02 - [TEST_STEP][PASSED] - Statement - repObj = com.kms.katalon.core.testobject.ObjectRepository.findTestObject(Object Repository/PrimoTours/Old Objects/allPaxLastNameFields): Finding Test Object with id 'Object Repository/PrimoTours/Old Objects/allPaxLastNameFields'

2017-11-28 15:55:02 - [TEST_STEP][PASSED] - Statement - repObj.findProperty("xpath").setValue(xpathval): null

2017-11-28 15:55:02 - [TEST_STEP][PASSED] - setText: Text 'Magnus' is set on object 'Object Repository/PrimoTours/Old Objects/allPaxLastNameFields'

2017-11-28 15:55:02 - [MESSAGE][PASSED] - Text 'Magnus' is set on object 'Object Repository/PrimoTours/Old Objects/allPaxLastNameFields'

2017-11-28 15:55:02 - [TEST_STEP][PASSED] - Statement - If (i == 1 & j == 1): null

2017-11-28 15:55:02 - [TEST_STEP][PASSED] - Statement - randomPaxIndex = java.lang.Math.abs(new java.util.Random().nextInt() % excelRowNo) + 1: null

2017-11-28 15:55:02 - [TEST_STEP][PASSED] - Statement - println(randomPaxIndex): null

2017-11-28 15:55:02 - [TEST_STEP][PASSED] - Statement - fname = rawData.getValue("FirstName", randomPaxIndex) + " AUT": null

2017-11-28 15:55:02 - [TEST_STEP][PASSED] - Statement - lname = rawData.getValue("LastName", randomPaxIndex): null

2017-11-28 15:55:02 - [TEST_STEP][PASSED] - Statement - pgender = rawData.getValue("Gender", randomPaxIndex): null

2017-11-28 15:55:02 - [TEST_STEP][PASSED] - Statement - pday = rawData.getValue("Day DOB", randomPaxIndex): null

2017-11-28 15:55:02 - [TEST_STEP][PASSED] - Statement - pmonth = rawData.getValue("Month DOB", randomPaxIndex): null

2017-11-28 15:55:02 - [TEST_STEP][PASSED] - Statement - pyear = rawData.getValue("Year DOB", randomPaxIndex): null

2017-11-28 15:55:02 - [TEST_STEP][PASSED] - Statement - paxDetailFields = paxInRoomXpath + "[" + j + "]/div[@class="col-md-x col-md-9"]/div[@class="row paxContainer"]/div[@class="col-md-5"]": null

2017-11-28 15:55:02 - [TEST_STEP][PASSED] - Statement - xpathval = paxDetailFields + "[1]/div[contains(@class,"form-group")]/input[@class="form-control paxFirstName"]": null

2017-11-28 15:55:02 - [TEST_STEP][PASSED] - Statement - println("fn: " + xpathval): null

2017-11-28 15:55:02 - [TEST_STEP][PASSED] - Statement - repObj = com.kms.katalon.core.testobject.ObjectRepository.findTestObject(Object Repository/PrimoTours/Old Objects/allPaxFirstNameFields): Finding Test Object with id 'Object Repository/PrimoTours/Old Objects/allPaxFirstNameFields'

2017-11-28 15:55:02 - [TEST_STEP][PASSED] - Statement - repObj.findProperty("xpath").setValue(xpathval): null

2017-11-28 15:55:02 - [TEST_STEP][PASSED] - setText: Text 'Henriksen AUT' is set on object 'Object Repository/PrimoTours/Old Objects/allPaxFirstNameFields'

2017-11-28 15:55:03 - [MESSAGE][PASSED] - Text 'Henriksen AUT' is set on object 'Object Repository/PrimoTours/Old Objects/allPaxFirstNameFields'

2017-11-28 15:55:03 - [TEST_STEP][PASSED] - Statement - xpathval = paxDetailFields + "[2]/div[contains(@class,"form-group")]/input[@class="form-control paxLastName"]": null

2017-11-28 15:55:03 - [TEST_STEP][PASSED] - Statement - println("ln: " + xpathval): null

2017-11-28 15:55:03 - [TEST_STEP][PASSED] - Statement - repObj = com.kms.katalon.core.testobject.ObjectRepository.findTestObject(Object Repository/PrimoTours/Old Objects/allPaxLastNameFields): Finding Test Object with id 'Object Repository/PrimoTours/Old Objects/allPaxLastNameFields'

2017-11-28 15:55:03 - [TEST_STEP][PASSED] - Statement - repObj.findProperty("xpath").setValue(xpathval): null

2017-11-28 15:55:03 - [TEST_STEP][PASSED] - setText: Text 'Kenneth' is set on object 'Object Repository/PrimoTours/Old Objects/allPaxLastNameFields'

2017-11-28 15:55:03 - [MESSAGE][PASSED] - Text 'Kenneth' is set on object 'Object Repository/PrimoTours/Old Objects/allPaxLastNameFields'

2017-11-28 15:55:03 - [TEST_STEP][PASSED] - Statement - If (i == 1 & j == 1): null

2017-11-28 15:55:03 - [TEST_STEP][PASSED] - Statement - randomPaxIndex = java.lang.Math.abs(new java.util.Random().nextInt() % excelRowNo) + 1: null

2017-11-28 15:55:03 - [TEST_STEP][PASSED] - Statement - println(randomPaxIndex): null

2017-11-28 15:55:03 - [TEST_STEP][PASSED] - Statement - fname = rawData.getValue("FirstName", randomPaxIndex) + " AUT": null

2017-11-28 15:55:03 - [TEST_STEP][PASSED] - Statement - lname = rawData.getValue("LastName", randomPaxIndex): null

2017-11-28 15:55:03 - [TEST_STEP][PASSED] - Statement - pgender = rawData.getValue("Gender", randomPaxIndex): null

2017-11-28 15:55:03 - [TEST_STEP][PASSED] - Statement - pday = rawData.getValue("Day DOB", randomPaxIndex): null

2017-11-28 15:55:03 - [TEST_STEP][PASSED] - Statement - pmonth = rawData.getValue("Month DOB", randomPaxIndex): null

2017-11-28 15:55:03 - [TEST_STEP][PASSED] - Statement - pyear = rawData.getValue("Year DOB", randomPaxIndex): null

2017-11-28 15:55:03 - [TEST_STEP][PASSED] - Statement - paxDetailFields = paxInRoomXpath + "[" + j + "]/div[@class="col-md-x col-md-9"]/div[@class="row paxContainer"]/div[@class="col-md-5"]": null

2017-11-28 15:55:03 - [TEST_STEP][PASSED] - Statement - xpathval = paxDetailFields + "[1]/div[contains(@class,"form-group")]/input[@class="form-control paxFirstName"]": null

2017-11-28 15:55:03 - [TEST_STEP][PASSED] - Statement - println("fn: " + xpathval): null

2017-11-28 15:55:03 - [TEST_STEP][PASSED] - Statement - repObj = com.kms.katalon.core.testobject.ObjectRepository.findTestObject(Object Repository/PrimoTours/Old Objects/allPaxFirstNameFields): Finding Test Object with id 'Object Repository/PrimoTours/Old Objects/allPaxFirstNameFields'

2017-11-28 15:55:03 - [TEST_STEP][PASSED] - Statement - repObj.findProperty("xpath").setValue(xpathval): null

2017-11-28 15:55:03 - [TEST_STEP][PASSED] - setText: Text 'Wfdwfd AUT' is set on object 'Object Repository/PrimoTours/Old Objects/allPaxFirstNameFields'

2017-11-28 15:55:03 - [MESSAGE][PASSED] - Text 'Wfdwfd AUT' is set on object 'Object Repository/PrimoTours/Old Objects/allPaxFirstNameFields'

2017-11-28 15:55:03 - [TEST_STEP][PASSED] - Statement - xpathval = paxDetailFields + "[2]/div[contains(@class,"form-group")]/input[@class="form-control paxLastName"]": null

2017-11-28 15:55:03 - [TEST_STEP][PASSED] - Statement - println("ln: " + xpathval): null

2017-11-28 15:55:03 - [TEST_STEP][PASSED] - Statement - repObj = com.kms.katalon.core.testobject.ObjectRepository.findTestObject(Object Repository/PrimoTours/Old Objects/allPaxLastNameFields): Finding Test Object with id 'Object Repository/PrimoTours/Old Objects/allPaxLastNameFields'

2017-11-28 15:55:03 - [TEST_STEP][PASSED] - Statement - repObj.findProperty("xpath").setValue(xpathval): null

2017-11-28 15:55:03 - [TEST_STEP][PASSED] - setText: Text 'Efffdd' is set on object 'Object Repository/PrimoTours/Old Objects/allPaxLastNameFields'

2017-11-28 15:55:03 - [MESSAGE][PASSED] - Text 'Efffdd' is set on object 'Object Repository/PrimoTours/Old Objects/allPaxLastNameFields'

2017-11-28 15:55:03 - [TEST_STEP][PASSED] - Statement - paxInRoomXpath = roomContainerXpath + "[" + i + "]/div[@class="row"]/div[@class="col-md-12"]/div[@class="row"]": null

2017-11-28 15:55:03 - [TEST_STEP][PASSED] - Statement - paxInRoomCount = driver.findElements(org.openqa.selenium.By.xpath(paxInRoomXpath)).size(): null

2017-11-28 15:55:03 - [TEST_STEP][PASSED] - Statement - println("paxInRoomCount=" + paxInRoomCount): null

2017-11-28 15:55:04 - [TEST_STEP][PASSED] - Statement - For ([j = 1, j <= paxInRoomCount, (j++)]): Text 'Dorte' is set on object 'Object Repository/PrimoTours/Old Objects/allPaxLastNameFields'

2017-11-28 15:55:04 - [TEST_STEP][PASSED] - Statement - If (i == 1 & j == 1): null

2017-11-28 15:55:04 - [TEST_STEP][PASSED] - Statement - randomPaxIndex = java.lang.Math.abs(new java.util.Random().nextInt() % excelRowNo) + 1: null

2017-11-28 15:55:04 - [TEST_STEP][PASSED] - Statement - println(randomPaxIndex): null

2017-11-28 15:55:04 - [TEST_STEP][PASSED] - Statement - fname = rawData.getValue("FirstName", randomPaxIndex) + " AUT": null

2017-11-28 15:55:04 - [TEST_STEP][PASSED] - Statement - lname = rawData.getValue("LastName", randomPaxIndex): null

2017-11-28 15:55:04 - [TEST_STEP][PASSED] - Statement - pgender = rawData.getValue("Gender", randomPaxIndex): null

2017-11-28 15:55:04 - [TEST_STEP][PASSED] - Statement - pday = rawData.getValue("Day DOB", randomPaxIndex): null

2017-11-28 15:55:04 - [TEST_STEP][PASSED] - Statement - pmonth = rawData.getValue("Month DOB", randomPaxIndex): null

2017-11-28 15:55:04 - [TEST_STEP][PASSED] - Statement - pyear = rawData.getValue("Year DOB", randomPaxIndex): null

2017-11-28 15:55:04 - [TEST_STEP][PASSED] - Statement - paxDetailFields = paxInRoomXpath + "[" + j + "]/div[@class="col-md-x col-md-9"]/div[@class="row paxContainer"]/div[@class="col-md-5"]": null

2017-11-28 15:55:04 - [TEST_STEP][PASSED] - Statement - xpathval = paxDetailFields + "[1]/div[contains(@class,"form-group")]/input[@class="form-control paxFirstName"]": null

2017-11-28 15:55:04 - [TEST_STEP][PASSED] - Statement - println("fn: " + xpathval): null

2017-11-28 15:55:04 - [TEST_STEP][PASSED] - Statement - repObj = com.kms.katalon.core.testobject.ObjectRepository.findTestObject(Object Repository/PrimoTours/Old Objects/allPaxFirstNameFields): Finding Test Object with id 'Object Repository/PrimoTours/Old Objects/allPaxFirstNameFields'

2017-11-28 15:55:04 - [TEST_STEP][PASSED] - Statement - repObj.findProperty("xpath").setValue(xpathval): null

2017-11-28 15:55:04 - [TEST_STEP][PASSED] - setText: Text 'Meyer  AUT' is set on object 'Object Repository/PrimoTours/Old Objects/allPaxFirstNameFields'

2017-11-28 15:55:04 - [MESSAGE][PASSED] - Text 'Meyer  AUT' is set on object 'Object Repository/PrimoTours/Old Objects/allPaxFirstNameFields'

2017-11-28 15:55:04 - [TEST_STEP][PASSED] - Statement - xpathval = paxDetailFields + "[2]/div[contains(@class,"form-group")]/input[@class="form-control paxLastName"]": null

2017-11-28 15:55:04 - [TEST_STEP][PASSED] - Statement - println("ln: " + xpathval): null

2017-11-28 15:55:04 - [TEST_STEP][PASSED] - Statement - repObj = com.kms.katalon.core.testobject.ObjectRepository.findTestObject(Object Repository/PrimoTours/Old Objects/allPaxLastNameFields): Finding Test Object with id 'Object Repository/PrimoTours/Old Objects/allPaxLastNameFields'

2017-11-28 15:55:04 - [TEST_STEP][PASSED] - Statement - repObj.findProperty("xpath").setValue(xpathval): null

2017-11-28 15:55:04 - [TEST_STEP][PASSED] - setText: Text 'Paul Jonathan ' is set on object 'Object Repository/PrimoTours/Old Objects/allPaxLastNameFields'

2017-11-28 15:55:04 - [MESSAGE][PASSED] - Text 'Paul Jonathan ' is set on object 'Object Repository/PrimoTours/Old Objects/allPaxLastNameFields'

2017-11-28 15:55:04 - [TEST_STEP][PASSED] - Statement - If (i == 1 & j == 1): null

2017-11-28 15:55:04 - [TEST_STEP][PASSED] - Statement - randomPaxIndex = java.lang.Math.abs(new java.util.Random().nextInt() % excelRowNo) + 1: null

2017-11-28 15:55:04 - [TEST_STEP][PASSED] - Statement - println(randomPaxIndex): null

2017-11-28 15:55:04 - [TEST_STEP][PASSED] - Statement - fname = rawData.getValue("FirstName", randomPaxIndex) + " AUT": null

2017-11-28 15:55:04 - [TEST_STEP][PASSED] - Statement - lname = rawData.getValue("LastName", randomPaxIndex): null

2017-11-28 15:55:04 - [TEST_STEP][PASSED] - Statement - pgender = rawData.getValue("Gender", randomPaxIndex): null

2017-11-28 15:55:04 - [TEST_STEP][PASSED] - Statement - pday = rawData.getValue("Day DOB", randomPaxIndex): null

2017-11-28 15:55:04 - [TEST_STEP][PASSED] - Statement - pmonth = rawData.getValue("Month DOB", randomPaxIndex): null

2017-11-28 15:55:04 - [TEST_STEP][PASSED] - Statement - pyear = rawData.getValue("Year DOB", randomPaxIndex): null

2017-11-28 15:55:04 - [TEST_STEP][PASSED] - Statement - paxDetailFields = paxInRoomXpath + "[" + j + "]/div[@class="col-md-x col-md-9"]/div[@class="row paxContainer"]/div[@class="col-md-5"]": null

2017-11-28 15:55:04 - [TEST_STEP][PASSED] - Statement - xpathval = paxDetailFields + "[1]/div[contains(@class,"form-group")]/input[@class="form-control paxFirstName"]": null

2017-11-28 15:55:04 - [TEST_STEP][PASSED] - Statement - println("fn: " + xpathval): null

2017-11-28 15:55:04 - [TEST_STEP][PASSED] - Statement - repObj = com.kms.katalon.core.testobject.ObjectRepository.findTestObject(Object Repository/PrimoTours/Old Objects/allPaxFirstNameFields): Finding Test Object with id 'Object Repository/PrimoTours/Old Objects/allPaxFirstNameFields'

2017-11-28 15:55:04 - [TEST_STEP][PASSED] - Statement - repObj.findProperty("xpath").setValue(xpathval): null

2017-11-28 15:55:04 - [TEST_STEP][PASSED] - setText: Text 'Spangsø AUT' is set on object 'Object Repository/PrimoTours/Old Objects/allPaxFirstNameFields'

2017-11-28 15:55:04 - [MESSAGE][PASSED] - Text 'Spangsø AUT' is set on object 'Object Repository/PrimoTours/Old Objects/allPaxFirstNameFields'

2017-11-28 15:55:04 - [TEST_STEP][PASSED] - Statement - xpathval = paxDetailFields + "[2]/div[contains(@class,"form-group")]/input[@class="form-control paxLastName"]": null

2017-11-28 15:55:04 - [TEST_STEP][PASSED] - Statement - println("ln: " + xpathval): null

2017-11-28 15:55:04 - [TEST_STEP][PASSED] - Statement - repObj = com.kms.katalon.core.testobject.ObjectRepository.findTestObject(Object Repository/PrimoTours/Old Objects/allPaxLastNameFields): Finding Test Object with id 'Object Repository/PrimoTours/Old Objects/allPaxLastNameFields'

2017-11-28 15:55:04 - [TEST_STEP][PASSED] - Statement - repObj.findProperty("xpath").setValue(xpathval): null

2017-11-28 15:55:04 - [TEST_STEP][PASSED] - setText: Text 'Dorte' is set on object 'Object Repository/PrimoTours/Old Objects/allPaxLastNameFields'

2017-11-28 15:55:05 - [MESSAGE][PASSED] - Text 'Dorte' is set on object 'Object Repository/PrimoTours/Old Objects/allPaxLastNameFields'

2017-11-28 15:55:05 - [TEST_STEP][PASSED] - Statement - paxInRoomXpath = roomContainerXpath + "[" + i + "]/div[@class="row"]/div[@class="col-md-12"]/div[@class="row"]": null

2017-11-28 15:55:05 - [TEST_STEP][PASSED] - Statement - paxInRoomCount = driver.findElements(org.openqa.selenium.By.xpath(paxInRoomXpath)).size(): null

2017-11-28 15:55:05 - [TEST_STEP][PASSED] - Statement - println("paxInRoomCount=" + paxInRoomCount): null

2017-11-28 15:55:05 - [TEST_STEP][PASSED] - Statement - For ([j = 1, j <= paxInRoomCount, (j++)]): Text 'Andreas' is set on object 'Object Repository/PrimoTours/Old Objects/allPaxLastNameFields'

2017-11-28 15:55:05 - [TEST_STEP][PASSED] - Statement - If (i == 1 & j == 1): null

2017-11-28 15:55:05 - [TEST_STEP][PASSED] - Statement - randomPaxIndex = java.lang.Math.abs(new java.util.Random().nextInt() % excelRowNo) + 1: null

2017-11-28 15:55:05 - [TEST_STEP][PASSED] - Statement - println(randomPaxIndex): null

2017-11-28 15:55:05 - [TEST_STEP][PASSED] - Statement - fname = rawData.getValue("FirstName", randomPaxIndex) + " AUT": null

2017-11-28 15:55:05 - [TEST_STEP][PASSED] - Statement - lname = rawData.getValue("LastName", randomPaxIndex): null

2017-11-28 15:55:05 - [TEST_STEP][PASSED] - Statement - pgender = rawData.getValue("Gender", randomPaxIndex): null

2017-11-28 15:55:05 - [TEST_STEP][PASSED] - Statement - pday = rawData.getValue("Day DOB", randomPaxIndex): null

2017-11-28 15:55:05 - [TEST_STEP][PASSED] - Statement - pmonth = rawData.getValue("Month DOB", randomPaxIndex): null

2017-11-28 15:55:05 - [TEST_STEP][PASSED] - Statement - pyear = rawData.getValue("Year DOB", randomPaxIndex): null

2017-11-28 15:55:05 - [TEST_STEP][PASSED] - Statement - paxDetailFields = paxInRoomXpath + "[" + j + "]/div[@class="col-md-x col-md-9"]/div[@class="row paxContainer"]/div[@class="col-md-5"]": null

2017-11-28 15:55:05 - [TEST_STEP][PASSED] - Statement - xpathval = paxDetailFields + "[1]/div[contains(@class,"form-group")]/input[@class="form-control paxFirstName"]": null

2017-11-28 15:55:05 - [TEST_STEP][PASSED] - Statement - println("fn: " + xpathval): null

2017-11-28 15:55:05 - [TEST_STEP][PASSED] - Statement - repObj = com.kms.katalon.core.testobject.ObjectRepository.findTestObject(Object Repository/PrimoTours/Old Objects/allPaxFirstNameFields): Finding Test Object with id 'Object Repository/PrimoTours/Old Objects/allPaxFirstNameFields'

2017-11-28 15:55:05 - [TEST_STEP][PASSED] - Statement - repObj.findProperty("xpath").setValue(xpathval): null

2017-11-28 15:55:05 - [TEST_STEP][PASSED] - setText: Text 'Carlsen AUT' is set on object 'Object Repository/PrimoTours/Old Objects/allPaxFirstNameFields'

2017-11-28 15:55:05 - [MESSAGE][PASSED] - Text 'Carlsen AUT' is set on object 'Object Repository/PrimoTours/Old Objects/allPaxFirstNameFields'

2017-11-28 15:55:05 - [TEST_STEP][PASSED] - Statement - xpathval = paxDetailFields + "[2]/div[contains(@class,"form-group")]/input[@class="form-control paxLastName"]": null

2017-11-28 15:55:05 - [TEST_STEP][PASSED] - Statement - println("ln: " + xpathval): null

2017-11-28 15:55:05 - [TEST_STEP][PASSED] - Statement - repObj = com.kms.katalon.core.testobject.ObjectRepository.findTestObject(Object Repository/PrimoTours/Old Objects/allPaxLastNameFields): Finding Test Object with id 'Object Repository/PrimoTours/Old Objects/allPaxLastNameFields'

2017-11-28 15:55:05 - [TEST_STEP][PASSED] - Statement - repObj.findProperty("xpath").setValue(xpathval): null

2017-11-28 15:55:05 - [TEST_STEP][PASSED] - setText: Text 'Victor Hastedt' is set on object 'Object Repository/PrimoTours/Old Objects/allPaxLastNameFields'

2017-11-28 15:55:05 - [MESSAGE][PASSED] - Text 'Victor Hastedt' is set on object 'Object Repository/PrimoTours/Old Objects/allPaxLastNameFields'

2017-11-28 15:55:05 - [TEST_STEP][PASSED] - Statement - If (i == 1 & j == 1): null

2017-11-28 15:55:05 - [TEST_STEP][PASSED] - Statement - randomPaxIndex = java.lang.Math.abs(new java.util.Random().nextInt() % excelRowNo) + 1: null

2017-11-28 15:55:05 - [TEST_STEP][PASSED] - Statement - println(randomPaxIndex): null

2017-11-28 15:55:05 - [TEST_STEP][PASSED] - Statement - fname = rawData.getValue("FirstName", randomPaxIndex) + " AUT": null

2017-11-28 15:55:05 - [TEST_STEP][PASSED] - Statement - lname = rawData.getValue("LastName", randomPaxIndex): null

2017-11-28 15:55:05 - [TEST_STEP][PASSED] - Statement - pgender = rawData.getValue("Gender", randomPaxIndex): null

2017-11-28 15:55:05 - [TEST_STEP][PASSED] - Statement - pday = rawData.getValue("Day DOB", randomPaxIndex): null

2017-11-28 15:55:05 - [TEST_STEP][PASSED] - Statement - pmonth = rawData.getValue("Month DOB", randomPaxIndex): null

2017-11-28 15:55:05 - [TEST_STEP][PASSED] - Statement - pyear = rawData.getValue("Year DOB", randomPaxIndex): null

2017-11-28 15:55:05 - [TEST_STEP][PASSED] - Statement - paxDetailFields = paxInRoomXpath + "[" + j + "]/div[@class="col-md-x col-md-9"]/div[@class="row paxContainer"]/div[@class="col-md-5"]": null

2017-11-28 15:55:05 - [TEST_STEP][PASSED] - Statement - xpathval = paxDetailFields + "[1]/div[contains(@class,"form-group")]/input[@class="form-control paxFirstName"]": null

2017-11-28 15:55:05 - [TEST_STEP][PASSED] - Statement - println("fn: " + xpathval): null

2017-11-28 15:55:05 - [TEST_STEP][PASSED] - Statement - repObj = com.kms.katalon.core.testobject.ObjectRepository.findTestObject(Object Repository/PrimoTours/Old Objects/allPaxFirstNameFields): Finding Test Object with id 'Object Repository/PrimoTours/Old Objects/allPaxFirstNameFields'

2017-11-28 15:55:05 - [TEST_STEP][PASSED] - Statement - repObj.findProperty("xpath").setValue(xpathval): null

2017-11-28 15:55:05 - [TEST_STEP][PASSED] - setText: Text 'Thorsteinsson AUT' is set on object 'Object Repository/PrimoTours/Old Objects/allPaxFirstNameFields'

2017-11-28 15:55:06 - [MESSAGE][PASSED] - Text 'Thorsteinsson AUT' is set on object 'Object Repository/PrimoTours/Old Objects/allPaxFirstNameFields'

2017-11-28 15:55:06 - [TEST_STEP][PASSED] - Statement - xpathval = paxDetailFields + "[2]/div[contains(@class,"form-group")]/input[@class="form-control paxLastName"]": null

2017-11-28 15:55:06 - [TEST_STEP][PASSED] - Statement - println("ln: " + xpathval): null

2017-11-28 15:55:06 - [TEST_STEP][PASSED] - Statement - repObj = com.kms.katalon.core.testobject.ObjectRepository.findTestObject(Object Repository/PrimoTours/Old Objects/allPaxLastNameFields): Finding Test Object with id 'Object Repository/PrimoTours/Old Objects/allPaxLastNameFields'

2017-11-28 15:55:06 - [TEST_STEP][PASSED] - Statement - repObj.findProperty("xpath").setValue(xpathval): null

2017-11-28 15:55:06 - [TEST_STEP][PASSED] - setText: Text 'Thorsteinn' is set on object 'Object Repository/PrimoTours/Old Objects/allPaxLastNameFields'

2017-11-28 15:55:06 - [MESSAGE][PASSED] - Text 'Thorsteinn' is set on object 'Object Repository/PrimoTours/Old Objects/allPaxLastNameFields'

2017-11-28 15:55:06 - [TEST_STEP][PASSED] - Statement - If (i == 1 & j == 1): null

2017-11-28 15:55:06 - [TEST_STEP][PASSED] - Statement - randomPaxIndex = java.lang.Math.abs(new java.util.Random().nextInt() % excelRowNo) + 1: null

2017-11-28 15:55:06 - [TEST_STEP][PASSED] - Statement - println(randomPaxIndex): null

2017-11-28 15:55:06 - [TEST_STEP][PASSED] - Statement - fname = rawData.getValue("FirstName", randomPaxIndex) + " AUT": null

2017-11-28 15:55:06 - [TEST_STEP][PASSED] - Statement - lname = rawData.getValue("LastName", randomPaxIndex): null

2017-11-28 15:55:06 - [TEST_STEP][PASSED] - Statement - pgender = rawData.getValue("Gender", randomPaxIndex): null

2017-11-28 15:55:06 - [TEST_STEP][PASSED] - Statement - pday = rawData.getValue("Day DOB", randomPaxIndex): null

2017-11-28 15:55:06 - [TEST_STEP][PASSED] - Statement - pmonth = rawData.getValue("Month DOB", randomPaxIndex): null

2017-11-28 15:55:06 - [TEST_STEP][PASSED] - Statement - pyear = rawData.getValue("Year DOB", randomPaxIndex): null

2017-11-28 15:55:06 - [TEST_STEP][PASSED] - Statement - paxDetailFields = paxInRoomXpath + "[" + j + "]/div[@class="col-md-x col-md-9"]/div[@class="row paxContainer"]/div[@class="col-md-5"]": null

2017-11-28 15:55:06 - [TEST_STEP][PASSED] - Statement - xpathval = paxDetailFields + "[1]/div[contains(@class,"form-group")]/input[@class="form-control paxFirstName"]": null

2017-11-28 15:55:06 - [TEST_STEP][PASSED] - Statement - println("fn: " + xpathval): null

2017-11-28 15:55:06 - [TEST_STEP][PASSED] - Statement - repObj = com.kms.katalon.core.testobject.ObjectRepository.findTestObject(Object Repository/PrimoTours/Old Objects/allPaxFirstNameFields): Finding Test Object with id 'Object Repository/PrimoTours/Old Objects/allPaxFirstNameFields'

2017-11-28 15:55:06 - [TEST_STEP][PASSED] - Statement - repObj.findProperty("xpath").setValue(xpathval): null

2017-11-28 15:55:06 - [TEST_STEP][PASSED] - setText: Text 'Methling AUT' is set on object 'Object Repository/PrimoTours/Old Objects/allPaxFirstNameFields'

2017-11-28 15:55:06 - [MESSAGE][PASSED] - Text 'Methling AUT' is set on object 'Object Repository/PrimoTours/Old Objects/allPaxFirstNameFields'

2017-11-28 15:55:06 - [TEST_STEP][PASSED] - Statement - xpathval = paxDetailFields + "[2]/div[contains(@class,"form-group")]/input[@class="form-control paxLastName"]": null

2017-11-28 15:55:06 - [TEST_STEP][PASSED] - Statement - println("ln: " + xpathval): null

2017-11-28 15:55:06 - [TEST_STEP][PASSED] - Statement - repObj = com.kms.katalon.core.testobject.ObjectRepository.findTestObject(Object Repository/PrimoTours/Old Objects/allPaxLastNameFields): Finding Test Object with id 'Object Repository/PrimoTours/Old Objects/allPaxLastNameFields'

2017-11-28 15:55:06 - [TEST_STEP][PASSED] - Statement - repObj.findProperty("xpath").setValue(xpathval): null

2017-11-28 15:55:06 - [TEST_STEP][PASSED] - setText: Text 'Claes' is set on object 'Object Repository/PrimoTours/Old Objects/allPaxLastNameFields'

2017-11-28 15:55:06 - [MESSAGE][PASSED] - Text 'Claes' is set on object 'Object Repository/PrimoTours/Old Objects/allPaxLastNameFields'

2017-11-28 15:55:06 - [TEST_STEP][PASSED] - Statement - If (i == 1 & j == 1): null

2017-11-28 15:55:06 - [TEST_STEP][PASSED] - Statement - randomPaxIndex = java.lang.Math.abs(new java.util.Random().nextInt() % excelRowNo) + 1: null

2017-11-28 15:55:06 - [TEST_STEP][PASSED] - Statement - println(randomPaxIndex): null

2017-11-28 15:55:06 - [TEST_STEP][PASSED] - Statement - fname = rawData.getValue("FirstName", randomPaxIndex) + " AUT": null

2017-11-28 15:55:06 - [TEST_STEP][PASSED] - Statement - lname = rawData.getValue("LastName", randomPaxIndex): null

2017-11-28 15:55:06 - [TEST_STEP][PASSED] - Statement - pgender = rawData.getValue("Gender", randomPaxIndex): null

2017-11-28 15:55:06 - [TEST_STEP][PASSED] - Statement - pday = rawData.getValue("Day DOB", randomPaxIndex): null

2017-11-28 15:55:06 - [TEST_STEP][PASSED] - Statement - pmonth = rawData.getValue("Month DOB", randomPaxIndex): null

2017-11-28 15:55:06 - [TEST_STEP][PASSED] - Statement - pyear = rawData.getValue("Year DOB", randomPaxIndex): null

2017-11-28 15:55:06 - [TEST_STEP][PASSED] - Statement - paxDetailFields = paxInRoomXpath + "[" + j + "]/div[@class="col-md-x col-md-9"]/div[@class="row paxContainer"]/div[@class="col-md-5"]": null

2017-11-28 15:55:06 - [TEST_STEP][PASSED] - Statement - xpathval = paxDetailFields + "[1]/div[contains(@class,"form-group")]/input[@class="form-control paxFirstName"]": null

2017-11-28 15:55:06 - [TEST_STEP][PASSED] - Statement - println("fn: " + xpathval): null

2017-11-28 15:55:06 - [TEST_STEP][PASSED] - Statement - repObj = com.kms.katalon.core.testobject.ObjectRepository.findTestObject(Object Repository/PrimoTours/Old Objects/allPaxFirstNameFields): Finding Test Object with id 'Object Repository/PrimoTours/Old Objects/allPaxFirstNameFields'

2017-11-28 15:55:06 - [TEST_STEP][PASSED] - Statement - repObj.findProperty("xpath").setValue(xpathval): null

2017-11-28 15:55:06 - [TEST_STEP][PASSED] - setText: Text 'Kanstrup AUT' is set on object 'Object Repository/PrimoTours/Old Objects/allPaxFirstNameFields'

2017-11-28 15:55:07 - [MESSAGE][PASSED] - Text 'Kanstrup AUT' is set on object 'Object Repository/PrimoTours/Old Objects/allPaxFirstNameFields'

2017-11-28 15:55:07 - [TEST_STEP][PASSED] - Statement - xpathval = paxDetailFields + "[2]/div[contains(@class,"form-group")]/input[@class="form-control paxLastName"]": null

2017-11-28 15:55:07 - [TEST_STEP][PASSED] - Statement - println("ln: " + xpathval): null

2017-11-28 15:55:07 - [TEST_STEP][PASSED] - Statement - repObj = com.kms.katalon.core.testobject.ObjectRepository.findTestObject(Object Repository/PrimoTours/Old Objects/allPaxLastNameFields): Finding Test Object with id 'Object Repository/PrimoTours/Old Objects/allPaxLastNameFields'

2017-11-28 15:55:07 - [TEST_STEP][PASSED] - Statement - repObj.findProperty("xpath").setValue(xpathval): null

2017-11-28 15:55:07 - [TEST_STEP][PASSED] - setText: Text 'Andreas' is set on object 'Object Repository/PrimoTours/Old Objects/allPaxLastNameFields'

2017-11-28 15:55:07 - [MESSAGE][PASSED] - Text 'Andreas' is set on object 'Object Repository/PrimoTours/Old Objects/allPaxLastNameFields'

2017-11-28 15:55:07 - [TEST_STEP][PASSED] - scrollToElement: Scroll to object 'Object Repository/PrimoTours/Old Objects/Coco (1)/PrimoT/SaveBooking2/Success/bookingTotalValue' successfully

2017-11-28 15:55:07 - [MESSAGE][PASSED] - Scroll to object 'Object Repository/PrimoTours/Old Objects/Coco (1)/PrimoT/SaveBooking2/Success/bookingTotalValue' successfully

2017-11-28 15:55:07 - [TEST_STEP][PASSED] - click: Object: 'Object Repository/PrimoTours/Old Objects/Coco (1)/PrimoT/SaveBooking2/Success/bookingTotalValue' is clicked on

2017-11-28 15:55:07 - [MESSAGE][PASSED] - Object: 'Object Repository/PrimoTours/Old Objects/Coco (1)/PrimoT/SaveBooking2/Success/bookingTotalValue' is clicked on

2017-11-28 15:55:07 - [TEST_STEP][PASSED] - scrollToElement: Scroll to object 'Object Repository/PrimoTours/Old Objects/Coco (1)/PrimoT/SaveBooking2/Success/Page_Primo Tours  Danmarks bedste c/i_fa fa-arrow-circle-right' successfully

2017-11-28 15:55:07 - [MESSAGE][PASSED] - Scroll to object 'Object Repository/PrimoTours/Old Objects/Coco (1)/PrimoT/SaveBooking2/Success/Page_Primo Tours  Danmarks bedste c/i_fa fa-arrow-circle-right' successfully

2017-11-28 15:55:07 - [TEST_STEP][PASSED] - waitForElementClickable: Object 'Object Repository/PrimoTours/Old Objects/Coco (1)/PrimoT/SaveBooking2/Success/Page_Primo Tours  Danmarks bedste c/i_fa fa-arrow-circle-right' is clickable

2017-11-28 15:55:07 - [MESSAGE][PASSED] - Object 'Object Repository/PrimoTours/Old Objects/Coco (1)/PrimoT/SaveBooking2/Success/Page_Primo Tours  Danmarks bedste c/i_fa fa-arrow-circle-right' is clickable

2017-11-28 15:55:07 - [TEST_STEP][PASSED] - waitForElementVisible: Object 'Object Repository/PrimoTours/Old Objects/Coco (1)/PrimoT/SaveBooking2/Success/Page_Primo Tours  Danmarks bedste c/i_fa fa-arrow-circle-right' is visible

2017-11-28 15:55:07 - [MESSAGE][PASSED] - Object 'Object Repository/PrimoTours/Old Objects/Coco (1)/PrimoT/SaveBooking2/Success/Page_Primo Tours  Danmarks bedste c/i_fa fa-arrow-circle-right' is visible

2017-11-28 15:55:07 - [TEST_STEP][PASSED] - scrollToElement: Scroll to object 'Object Repository/PrimoTours/Old Objects/Coco (1)/PrimoT/SaveBooking2/Success/Page_Primo Tours  Danmarks bedste c/i_fa fa-arrow-circle-right' successfully

2017-11-28 15:55:07 - [MESSAGE][PASSED] - Scroll to object 'Object Repository/PrimoTours/Old Objects/Coco (1)/PrimoT/SaveBooking2/Success/Page_Primo Tours  Danmarks bedste c/i_fa fa-arrow-circle-right' successfully

2017-11-28 15:55:07 - [TEST_STEP][PASSED] - click: Object: 'Object Repository/PrimoTours/Old Objects/Coco (1)/PrimoT/SaveBooking2/Success/Page_Primo Tours  Danmarks bedste c/i_fa fa-arrow-circle-right' is clicked on

2017-11-28 15:55:07 - [MESSAGE][PASSED] - Object: 'Object Repository/PrimoTours/Old Objects/Coco (1)/PrimoT/SaveBooking2/Success/Page_Primo Tours  Danmarks bedste c/i_fa fa-arrow-circle-right' is clicked on

2017-11-28 15:55:07 - [TEST_STEP][PASSED] - waitForElementNotVisible: Object 'Object Repository/PrimoTours/Old Objects/CCenter/pageLoaderOverlayLayer' is NOT visible

2017-11-28 15:55:10 - [MESSAGE][PASSED] - Object 'Object Repository/PrimoTours/Old Objects/CCenter/pageLoaderOverlayLayer' is NOT visible

2017-11-28 15:55:10 - [TEST_STEP][PASSED] - scrollToElement: Scroll to object 'Object Repository/PrimoTours/Old Objects/Coco/PrimoT/Ins2/Page_Primo Tours  Danmarks bedste c/travelInsuranceFirstPaxSelector' successfully

2017-11-28 15:55:10 - [MESSAGE][PASSED] - Scroll to object 'Object Repository/PrimoTours/Old Objects/Coco/PrimoT/Ins2/Page_Primo Tours  Danmarks bedste c/travelInsuranceFirstPaxSelector' successfully

2017-11-28 15:55:10 - [TEST_STEP][PASSED] - waitForElementPresent: Object 'Object Repository/PrimoTours/Old Objects/Coco/PrimoT/Ins2/Page_Primo Tours  Danmarks bedste c/travelInsuranceFirstPaxSelector' is present

2017-11-28 15:55:10 - [MESSAGE][PASSED] - Object 'Object Repository/PrimoTours/Old Objects/Coco/PrimoT/Ins2/Page_Primo Tours  Danmarks bedste c/travelInsuranceFirstPaxSelector' is present

2017-11-28 15:55:10 - [TEST_STEP][PASSED] - waitForElementVisible: Object 'Object Repository/PrimoTours/Old Objects/Coco/PrimoT/Ins2/Page_Primo Tours  Danmarks bedste c/travelInsuranceFirstPaxSelector' is visible

2017-11-28 15:55:10 - [MESSAGE][PASSED] - Object 'Object Repository/PrimoTours/Old Objects/Coco/PrimoT/Ins2/Page_Primo Tours  Danmarks bedste c/travelInsuranceFirstPaxSelector' is visible

2017-11-28 15:55:10 - [TEST_STEP][PASSED] - waitForElementClickable: Object 'Object Repository/PrimoTours/Old Objects/Coco/PrimoT/Ins2/Page_Primo Tours  Danmarks bedste c/travelInsuranceFirstPaxSelector' is clickable

2017-11-28 15:55:10 - [MESSAGE][PASSED] - Object 'Object Repository/PrimoTours/Old Objects/Coco/PrimoT/Ins2/Page_Primo Tours  Danmarks bedste c/travelInsuranceFirstPaxSelector' is clickable

2017-11-28 15:55:10 - [TEST_STEP][PASSED] - click: Object: 'Object Repository/PrimoTours/Old Objects/Coco/PrimoT/Ins2/Page_Primo Tours  Danmarks bedste c/travelInsuranceFirstPaxSelector' is clicked on

2017-11-28 15:55:10 - [MESSAGE][PASSED] - Object: 'Object Repository/PrimoTours/Old Objects/Coco/PrimoT/Ins2/Page_Primo Tours  Danmarks bedste c/travelInsuranceFirstPaxSelector' is clicked on

2017-11-28 15:55:10 - [TEST_STEP][FAILED] - click: Unable to click on object 'Object Repository/PrimoTours/Old Objects/Coco/PrimoT/Ins2/Page_Primo Tours  Danmarks bedste c/li_Har selv forsikring - kr. 0' (Root cause: com.kms.katalon.core.webui.exception.WebElementNotFoundException: Web element with id: 'Object Repository/PrimoTours/Old Objects/Coco/PrimoT/Ins2/Page_Primo Tours  Danmarks bedste c/li_Har selv forsikring - kr. 0' located by 'By.xpath: //*[@class = 'select2-results__option'][1]' not found)

2017-11-28 15:55:26 - [MESSAGE][FAILED] - Unable to click on object 'Object Repository/PrimoTours/Old Objects/Coco/PrimoT/Ins2/Page_Primo Tours  Danmarks bedste c/li_Har selv forsikring - kr. 0' (Root cause: com.kms.katalon.core.webui.exception.WebElementNotFoundException: Web element with id: 'Object Repository/PrimoTours/Old Objects/Coco/PrimoT/Ins2/Page_Primo Tours  Danmarks bedste c/li_Har selv forsikring - kr. 0' located by 'By.xpath: //*[@class = 'select2-results__option'][1]' not found)
[[ATTACHMENT|D:\\Software testing\\Tourpaq\\Automated Katalon tests\\Primo WB test\\Reports\\WB Primo From Excel URLs\\20171128_155250\\1511877326201.png]]]]></system-out>
         <system-err><![CDATA[2017-11-28 15:54:53 - [TEST_CASE][FAILED] - Test Cases/PrimoTours/WB Primo/WB Primo staging - place booking - Iteration 7: Test Cases/PrimoTours/WB Primo/WB Primo staging - place booking FAILED because (of) Unable to click on object 'Object Repository/PrimoTours/Old Objects/Coco/PrimoT/Ins2/Page_Primo Tours  Danmarks bedste c/li_Har selv forsikring - kr. 0' (Root cause: com.kms.katalon.core.webui.exception.WebElementNotFoundException: Web element with id: 'Object Repository/PrimoTours/Old Objects/Coco/PrimoT/Ins2/Page_Primo Tours  Danmarks bedste c/li_Har selv forsikring - kr. 0' located by 'By.xpath: //*[@class = 'select2-results__option'][1]' not found)]]></system-err>
      </testcase>
      <testcase name="Test Cases/PrimoTours/WB Primo/WB Primo staging - place booking - Iteration 8" classname="Test Cases/PrimoTours/WB Primo/WB Primo staging - place booking" status="PASSED">
         <system-out><![CDATA[2017-11-28 15:55:26 - [TEST_CASE][PASSED] - Test Cases/PrimoTours/WB Primo/WB Primo staging - place booking - Iteration 8: Test Cases/PrimoTours/WB Primo/WB Primo staging - place booking

2017-11-28 15:55:26 - [TEST_STEP][PASSED] - openBrowser: Browser is opened with url: ''

2017-11-28 15:55:26 - [MESSAGE][WARNING] - A browser is already opened. Closing browser and opening a new one

2017-11-28 15:55:29 - [MESSAGE][PASSED] - Browser is opened with url: ''

2017-11-28 15:55:29 - [TEST_STEP][PASSED] - maximizeWindow: Current window maximized

2017-11-28 15:55:30 - [MESSAGE][PASSED] - Current window maximized

2017-11-28 15:55:30 - [TEST_STEP][PASSED] - navigateToUrl: Navigate to 'http://localhost:50029/DoBooking.aspx?pltaID=1480269&p=1&rno=3&pt=1&a=8&c=2&aa=&ca=0|1|6' successfully

2017-11-28 15:55:31 - [MESSAGE][PASSED] - Navigate to 'http://localhost:50029/DoBooking.aspx?pltaID=1480269&p=1&rno=3&pt=1&a=8&c=2&aa=&ca=0|1|6' successfully

2017-11-28 15:55:31 - [TEST_STEP][PASSED] - setText: Text 'Pedersen AUT' is set on object 'Object Repository/PrimoTours/Old Objects/Coco/PrimoT/Page_Primo Tours  Danmarks bedste c/input_firstName'

2017-11-28 15:55:31 - [MESSAGE][PASSED] - Text 'Pedersen AUT' is set on object 'Object Repository/PrimoTours/Old Objects/Coco/PrimoT/Page_Primo Tours  Danmarks bedste c/input_firstName'

2017-11-28 15:55:31 - [TEST_STEP][PASSED] - setText: Text 'Vibe Dalby' is set on object 'Object Repository/PrimoTours/Old Objects/Coco/PrimoT/Page_Primo Tours  Danmarks bedste c/input_lastName'

2017-11-28 15:55:32 - [MESSAGE][PASSED] - Text 'Vibe Dalby' is set on object 'Object Repository/PrimoTours/Old Objects/Coco/PrimoT/Page_Primo Tours  Danmarks bedste c/input_lastName'

2017-11-28 15:55:32 - [TEST_STEP][PASSED] - setText: Text 'Home address' is set on object 'Object Repository/PrimoTours/Old Objects/Coco/PrimoT/Page_Primo Tours  Danmarks bedste c/input_customerAddress'

2017-11-28 15:55:32 - [MESSAGE][PASSED] - Text 'Home address' is set on object 'Object Repository/PrimoTours/Old Objects/Coco/PrimoT/Page_Primo Tours  Danmarks bedste c/input_customerAddress'

2017-11-28 15:55:32 - [TEST_STEP][PASSED] - setText: Text '6700' is set on object 'Object Repository/PrimoTours/Old Objects/Coco/PrimoT/Page_Primo Tours  Danmarks bedste c/input_customerPostcode'

2017-11-28 15:55:33 - [MESSAGE][PASSED] - Text '6700' is set on object 'Object Repository/PrimoTours/Old Objects/Coco/PrimoT/Page_Primo Tours  Danmarks bedste c/input_customerPostcode'

2017-11-28 15:55:33 - [TEST_STEP][PASSED] - setText: Text 'cornel.neacsu@roweb.ro' is set on object 'Object Repository/PrimoTours/Old Objects/Coco/PrimoT/Page_Primo Tours  Danmarks bedste c/input_customerEmail'

2017-11-28 15:55:33 - [MESSAGE][PASSED] - Text 'cornel.neacsu@roweb.ro' is set on object 'Object Repository/PrimoTours/Old Objects/Coco/PrimoT/Page_Primo Tours  Danmarks bedste c/input_customerEmail'

2017-11-28 15:55:33 - [TEST_STEP][PASSED] - setText: Text '12345678' is set on object 'Object Repository/PrimoTours/Old Objects/Coco/PrimoT/Page_Primo Tours  Danmarks bedste c/input_customerPhone'

2017-11-28 15:55:33 - [MESSAGE][PASSED] - Text '12345678' is set on object 'Object Repository/PrimoTours/Old Objects/Coco/PrimoT/Page_Primo Tours  Danmarks bedste c/input_customerPhone'

2017-11-28 15:55:33 - [TEST_STEP][PASSED] - Statement - excelInfo = ["fname":"", "lname":"", "pgender":"", "pday":"", "pmonth":"", "pyear":""]: null

2017-11-28 15:55:33 - [TEST_STEP][PASSED] - Statement - rawData = com.kms.katalon.core.testdata.TestDataFactory.findTestData("Data Files/WB_Primo/Passenger_details"): Reading excel file with source file 'D:\Software testing\Tourpaq\Automated Katalon tests\Primo WB test\Data Files\Primo_URLs_For_Automated_Test.xls' and sheet name 'Passenger Names'

2017-11-28 15:55:33 - [TEST_STEP][PASSED] - Statement - excelRowNo = rawData.getRowNumbers(): null

2017-11-28 15:55:33 - [TEST_STEP][PASSED] - Statement - randomPaxIndex = 1: null

2017-11-28 15:55:33 - [TEST_STEP][PASSED] - waitForElementClickable: Object 'Object Repository/PrimoTours/Old Objects/Coco/PrimoT/Page_Primo Tours  Danmarks bedste c/input_firstname-0_1' is clickable

2017-11-28 15:55:35 - [MESSAGE][PASSED] - Object 'Object Repository/PrimoTours/Old Objects/Coco/PrimoT/Page_Primo Tours  Danmarks bedste c/input_firstname-0_1' is clickable

2017-11-28 15:55:35 - [TEST_STEP][PASSED] - Statement - driver = com.kms.katalon.core.webui.driver.DriverFactory.getWebDriver(): null

2017-11-28 15:55:35 - [TEST_STEP][PASSED] - Statement - roomContainerXpath = "id("booking")/div[@class="wrapper second-bg"]/div[contains(@class,"container-mx")]/div[@class="row"]/div[@class="col-md-12 roomContainer"]": null

2017-11-28 15:55:35 - [TEST_STEP][PASSED] - Statement - roomsCount = driver.findElements(org.openqa.selenium.By.xpath(roomContainerXpath)).size(): null

2017-11-28 15:55:35 - [TEST_STEP][PASSED] - Statement - println("roomsCount=" + roomsCount): null

2017-11-28 15:55:35 - [TEST_STEP][PASSED] - Statement - For ([i = 1, i <= roomsCount, (i++)]): Text 'Anne Dahl' is set on object 'Object Repository/PrimoTours/Old Objects/allPaxLastNameFields'

2017-11-28 15:55:35 - [TEST_STEP][PASSED] - Statement - paxInRoomXpath = roomContainerXpath + "[" + i + "]/div[@class="row"]/div[@class="col-md-12"]/div[@class="row"]": null

2017-11-28 15:55:35 - [TEST_STEP][PASSED] - Statement - paxInRoomCount = driver.findElements(org.openqa.selenium.By.xpath(paxInRoomXpath)).size(): null

2017-11-28 15:55:35 - [TEST_STEP][PASSED] - Statement - println("paxInRoomCount=" + paxInRoomCount): null

2017-11-28 15:55:35 - [TEST_STEP][PASSED] - Statement - For ([j = 1, j <= paxInRoomCount, (j++)]): Text 'Jeanie' is set on object 'Object Repository/PrimoTours/Old Objects/allPaxLastNameFields'

2017-11-28 15:55:35 - [TEST_STEP][PASSED] - Statement - If (i == 1 & j == 1): null

2017-11-28 15:55:35 - [TEST_STEP][PASSED] - Statement - <not implemented yet for class: org.codehaus.groovy.ast.stmt.ContinueStatement>: null

2017-11-28 15:55:35 - [TEST_STEP][PASSED] - Statement - If (i == 1 & j == 1): null

2017-11-28 15:55:35 - [TEST_STEP][PASSED] - Statement - randomPaxIndex = java.lang.Math.abs(new java.util.Random().nextInt() % excelRowNo) + 1: null

2017-11-28 15:55:35 - [TEST_STEP][PASSED] - Statement - println(randomPaxIndex): null

2017-11-28 15:55:35 - [TEST_STEP][PASSED] - Statement - fname = rawData.getValue("FirstName", randomPaxIndex) + " AUT": null

2017-11-28 15:55:35 - [TEST_STEP][PASSED] - Statement - lname = rawData.getValue("LastName", randomPaxIndex): null

2017-11-28 15:55:35 - [TEST_STEP][PASSED] - Statement - pgender = rawData.getValue("Gender", randomPaxIndex): null

2017-11-28 15:55:35 - [TEST_STEP][PASSED] - Statement - pday = rawData.getValue("Day DOB", randomPaxIndex): null

2017-11-28 15:55:35 - [TEST_STEP][PASSED] - Statement - pmonth = rawData.getValue("Month DOB", randomPaxIndex): null

2017-11-28 15:55:35 - [TEST_STEP][PASSED] - Statement - pyear = rawData.getValue("Year DOB", randomPaxIndex): null

2017-11-28 15:55:35 - [TEST_STEP][PASSED] - Statement - paxDetailFields = paxInRoomXpath + "[" + j + "]/div[@class="col-md-x col-md-9"]/div[@class="row paxContainer"]/div[@class="col-md-5"]": null

2017-11-28 15:55:35 - [TEST_STEP][PASSED] - Statement - xpathval = paxDetailFields + "[1]/div[contains(@class,"form-group")]/input[@class="form-control paxFirstName"]": null

2017-11-28 15:55:35 - [TEST_STEP][PASSED] - Statement - println("fn: " + xpathval): null

2017-11-28 15:55:35 - [TEST_STEP][PASSED] - Statement - repObj = com.kms.katalon.core.testobject.ObjectRepository.findTestObject(Object Repository/PrimoTours/Old Objects/allPaxFirstNameFields): Finding Test Object with id 'Object Repository/PrimoTours/Old Objects/allPaxFirstNameFields'

2017-11-28 15:55:35 - [TEST_STEP][PASSED] - Statement - repObj.findProperty("xpath").setValue(xpathval): null

2017-11-28 15:55:35 - [TEST_STEP][PASSED] - setText: Text 'Nordahn Wessman AUT' is set on object 'Object Repository/PrimoTours/Old Objects/allPaxFirstNameFields'

2017-11-28 15:55:35 - [MESSAGE][PASSED] - Text 'Nordahn Wessman AUT' is set on object 'Object Repository/PrimoTours/Old Objects/allPaxFirstNameFields'

2017-11-28 15:55:35 - [TEST_STEP][PASSED] - Statement - xpathval = paxDetailFields + "[2]/div[contains(@class,"form-group")]/input[@class="form-control paxLastName"]": null

2017-11-28 15:55:35 - [TEST_STEP][PASSED] - Statement - println("ln: " + xpathval): null

2017-11-28 15:55:35 - [TEST_STEP][PASSED] - Statement - repObj = com.kms.katalon.core.testobject.ObjectRepository.findTestObject(Object Repository/PrimoTours/Old Objects/allPaxLastNameFields): Finding Test Object with id 'Object Repository/PrimoTours/Old Objects/allPaxLastNameFields'

2017-11-28 15:55:35 - [TEST_STEP][PASSED] - Statement - repObj.findProperty("xpath").setValue(xpathval): null

2017-11-28 15:55:35 - [TEST_STEP][PASSED] - setText: Text 'Kirsten' is set on object 'Object Repository/PrimoTours/Old Objects/allPaxLastNameFields'

2017-11-28 15:55:35 - [MESSAGE][PASSED] - Text 'Kirsten' is set on object 'Object Repository/PrimoTours/Old Objects/allPaxLastNameFields'

2017-11-28 15:55:35 - [TEST_STEP][PASSED] - Statement - If (i == 1 & j == 1): null

2017-11-28 15:55:35 - [TEST_STEP][PASSED] - Statement - randomPaxIndex = java.lang.Math.abs(new java.util.Random().nextInt() % excelRowNo) + 1: null

2017-11-28 15:55:35 - [TEST_STEP][PASSED] - Statement - println(randomPaxIndex): null

2017-11-28 15:55:35 - [TEST_STEP][PASSED] - Statement - fname = rawData.getValue("FirstName", randomPaxIndex) + " AUT": null

2017-11-28 15:55:35 - [TEST_STEP][PASSED] - Statement - lname = rawData.getValue("LastName", randomPaxIndex): null

2017-11-28 15:55:35 - [TEST_STEP][PASSED] - Statement - pgender = rawData.getValue("Gender", randomPaxIndex): null

2017-11-28 15:55:35 - [TEST_STEP][PASSED] - Statement - pday = rawData.getValue("Day DOB", randomPaxIndex): null

2017-11-28 15:55:35 - [TEST_STEP][PASSED] - Statement - pmonth = rawData.getValue("Month DOB", randomPaxIndex): null

2017-11-28 15:55:35 - [TEST_STEP][PASSED] - Statement - pyear = rawData.getValue("Year DOB", randomPaxIndex): null

2017-11-28 15:55:35 - [TEST_STEP][PASSED] - Statement - paxDetailFields = paxInRoomXpath + "[" + j + "]/div[@class="col-md-x col-md-9"]/div[@class="row paxContainer"]/div[@class="col-md-5"]": null

2017-11-28 15:55:35 - [TEST_STEP][PASSED] - Statement - xpathval = paxDetailFields + "[1]/div[contains(@class,"form-group")]/input[@class="form-control paxFirstName"]": null

2017-11-28 15:55:35 - [TEST_STEP][PASSED] - Statement - println("fn: " + xpathval): null

2017-11-28 15:55:35 - [TEST_STEP][PASSED] - Statement - repObj = com.kms.katalon.core.testobject.ObjectRepository.findTestObject(Object Repository/PrimoTours/Old Objects/allPaxFirstNameFields): Finding Test Object with id 'Object Repository/PrimoTours/Old Objects/allPaxFirstNameFields'

2017-11-28 15:55:35 - [TEST_STEP][PASSED] - Statement - repObj.findProperty("xpath").setValue(xpathval): null

2017-11-28 15:55:35 - [TEST_STEP][PASSED] - setText: Text 'Mønster AUT' is set on object 'Object Repository/PrimoTours/Old Objects/allPaxFirstNameFields'

2017-11-28 15:55:36 - [MESSAGE][PASSED] - Text 'Mønster AUT' is set on object 'Object Repository/PrimoTours/Old Objects/allPaxFirstNameFields'

2017-11-28 15:55:36 - [TEST_STEP][PASSED] - Statement - xpathval = paxDetailFields + "[2]/div[contains(@class,"form-group")]/input[@class="form-control paxLastName"]": null

2017-11-28 15:55:36 - [TEST_STEP][PASSED] - Statement - println("ln: " + xpathval): null

2017-11-28 15:55:36 - [TEST_STEP][PASSED] - Statement - repObj = com.kms.katalon.core.testobject.ObjectRepository.findTestObject(Object Repository/PrimoTours/Old Objects/allPaxLastNameFields): Finding Test Object with id 'Object Repository/PrimoTours/Old Objects/allPaxLastNameFields'

2017-11-28 15:55:36 - [TEST_STEP][PASSED] - Statement - repObj.findProperty("xpath").setValue(xpathval): null

2017-11-28 15:55:36 - [TEST_STEP][PASSED] - setText: Text 'Thomas Grau' is set on object 'Object Repository/PrimoTours/Old Objects/allPaxLastNameFields'

2017-11-28 15:55:36 - [MESSAGE][PASSED] - Text 'Thomas Grau' is set on object 'Object Repository/PrimoTours/Old Objects/allPaxLastNameFields'

2017-11-28 15:55:36 - [TEST_STEP][PASSED] - Statement - If (i == 1 & j == 1): null

2017-11-28 15:55:36 - [TEST_STEP][PASSED] - Statement - randomPaxIndex = java.lang.Math.abs(new java.util.Random().nextInt() % excelRowNo) + 1: null

2017-11-28 15:55:36 - [TEST_STEP][PASSED] - Statement - println(randomPaxIndex): null

2017-11-28 15:55:36 - [TEST_STEP][PASSED] - Statement - fname = rawData.getValue("FirstName", randomPaxIndex) + " AUT": null

2017-11-28 15:55:36 - [TEST_STEP][PASSED] - Statement - lname = rawData.getValue("LastName", randomPaxIndex): null

2017-11-28 15:55:36 - [TEST_STEP][PASSED] - Statement - pgender = rawData.getValue("Gender", randomPaxIndex): null

2017-11-28 15:55:36 - [TEST_STEP][PASSED] - Statement - pday = rawData.getValue("Day DOB", randomPaxIndex): null

2017-11-28 15:55:36 - [TEST_STEP][PASSED] - Statement - pmonth = rawData.getValue("Month DOB", randomPaxIndex): null

2017-11-28 15:55:36 - [TEST_STEP][PASSED] - Statement - pyear = rawData.getValue("Year DOB", randomPaxIndex): null

2017-11-28 15:55:36 - [TEST_STEP][PASSED] - Statement - paxDetailFields = paxInRoomXpath + "[" + j + "]/div[@class="col-md-x col-md-9"]/div[@class="row paxContainer"]/div[@class="col-md-5"]": null

2017-11-28 15:55:36 - [TEST_STEP][PASSED] - Statement - xpathval = paxDetailFields + "[1]/div[contains(@class,"form-group")]/input[@class="form-control paxFirstName"]": null

2017-11-28 15:55:36 - [TEST_STEP][PASSED] - Statement - println("fn: " + xpathval): null

2017-11-28 15:55:36 - [TEST_STEP][PASSED] - Statement - repObj = com.kms.katalon.core.testobject.ObjectRepository.findTestObject(Object Repository/PrimoTours/Old Objects/allPaxFirstNameFields): Finding Test Object with id 'Object Repository/PrimoTours/Old Objects/allPaxFirstNameFields'

2017-11-28 15:55:36 - [TEST_STEP][PASSED] - Statement - repObj.findProperty("xpath").setValue(xpathval): null

2017-11-28 15:55:36 - [TEST_STEP][PASSED] - setText: Text 'Pedersen AUT' is set on object 'Object Repository/PrimoTours/Old Objects/allPaxFirstNameFields'

2017-11-28 15:55:36 - [MESSAGE][PASSED] - Text 'Pedersen AUT' is set on object 'Object Repository/PrimoTours/Old Objects/allPaxFirstNameFields'

2017-11-28 15:55:36 - [TEST_STEP][PASSED] - Statement - xpathval = paxDetailFields + "[2]/div[contains(@class,"form-group")]/input[@class="form-control paxLastName"]": null

2017-11-28 15:55:36 - [TEST_STEP][PASSED] - Statement - println("ln: " + xpathval): null

2017-11-28 15:55:36 - [TEST_STEP][PASSED] - Statement - repObj = com.kms.katalon.core.testobject.ObjectRepository.findTestObject(Object Repository/PrimoTours/Old Objects/allPaxLastNameFields): Finding Test Object with id 'Object Repository/PrimoTours/Old Objects/allPaxLastNameFields'

2017-11-28 15:55:36 - [TEST_STEP][PASSED] - Statement - repObj.findProperty("xpath").setValue(xpathval): null

2017-11-28 15:55:36 - [TEST_STEP][PASSED] - setText: Text 'Jeanie' is set on object 'Object Repository/PrimoTours/Old Objects/allPaxLastNameFields'

2017-11-28 15:55:36 - [MESSAGE][PASSED] - Text 'Jeanie' is set on object 'Object Repository/PrimoTours/Old Objects/allPaxLastNameFields'

2017-11-28 15:55:36 - [TEST_STEP][PASSED] - Statement - paxInRoomXpath = roomContainerXpath + "[" + i + "]/div[@class="row"]/div[@class="col-md-12"]/div[@class="row"]": null

2017-11-28 15:55:36 - [TEST_STEP][PASSED] - Statement - paxInRoomCount = driver.findElements(org.openqa.selenium.By.xpath(paxInRoomXpath)).size(): null

2017-11-28 15:55:36 - [TEST_STEP][PASSED] - Statement - println("paxInRoomCount=" + paxInRoomCount): null

2017-11-28 15:55:36 - [TEST_STEP][PASSED] - Statement - For ([j = 1, j <= paxInRoomCount, (j++)]): Text 'Hans Børge' is set on object 'Object Repository/PrimoTours/Old Objects/allPaxLastNameFields'

2017-11-28 15:55:36 - [TEST_STEP][PASSED] - Statement - If (i == 1 & j == 1): null

2017-11-28 15:55:36 - [TEST_STEP][PASSED] - Statement - randomPaxIndex = java.lang.Math.abs(new java.util.Random().nextInt() % excelRowNo) + 1: null

2017-11-28 15:55:36 - [TEST_STEP][PASSED] - Statement - println(randomPaxIndex): null

2017-11-28 15:55:36 - [TEST_STEP][PASSED] - Statement - fname = rawData.getValue("FirstName", randomPaxIndex) + " AUT": null

2017-11-28 15:55:36 - [TEST_STEP][PASSED] - Statement - lname = rawData.getValue("LastName", randomPaxIndex): null

2017-11-28 15:55:36 - [TEST_STEP][PASSED] - Statement - pgender = rawData.getValue("Gender", randomPaxIndex): null

2017-11-28 15:55:36 - [TEST_STEP][PASSED] - Statement - pday = rawData.getValue("Day DOB", randomPaxIndex): null

2017-11-28 15:55:36 - [TEST_STEP][PASSED] - Statement - pmonth = rawData.getValue("Month DOB", randomPaxIndex): null

2017-11-28 15:55:36 - [TEST_STEP][PASSED] - Statement - pyear = rawData.getValue("Year DOB", randomPaxIndex): null

2017-11-28 15:55:36 - [TEST_STEP][PASSED] - Statement - paxDetailFields = paxInRoomXpath + "[" + j + "]/div[@class="col-md-x col-md-9"]/div[@class="row paxContainer"]/div[@class="col-md-5"]": null

2017-11-28 15:55:36 - [TEST_STEP][PASSED] - Statement - xpathval = paxDetailFields + "[1]/div[contains(@class,"form-group")]/input[@class="form-control paxFirstName"]": null

2017-11-28 15:55:36 - [TEST_STEP][PASSED] - Statement - println("fn: " + xpathval): null

2017-11-28 15:55:36 - [TEST_STEP][PASSED] - Statement - repObj = com.kms.katalon.core.testobject.ObjectRepository.findTestObject(Object Repository/PrimoTours/Old Objects/allPaxFirstNameFields): Finding Test Object with id 'Object Repository/PrimoTours/Old Objects/allPaxFirstNameFields'

2017-11-28 15:55:36 - [TEST_STEP][PASSED] - Statement - repObj.findProperty("xpath").setValue(xpathval): null

2017-11-28 15:55:36 - [TEST_STEP][PASSED] - setText: Text 'Oldenstedt-Larsen AUT' is set on object 'Object Repository/PrimoTours/Old Objects/allPaxFirstNameFields'

2017-11-28 15:55:37 - [MESSAGE][PASSED] - Text 'Oldenstedt-Larsen AUT' is set on object 'Object Repository/PrimoTours/Old Objects/allPaxFirstNameFields'

2017-11-28 15:55:37 - [TEST_STEP][PASSED] - Statement - xpathval = paxDetailFields + "[2]/div[contains(@class,"form-group")]/input[@class="form-control paxLastName"]": null

2017-11-28 15:55:37 - [TEST_STEP][PASSED] - Statement - println("ln: " + xpathval): null

2017-11-28 15:55:37 - [TEST_STEP][PASSED] - Statement - repObj = com.kms.katalon.core.testobject.ObjectRepository.findTestObject(Object Repository/PrimoTours/Old Objects/allPaxLastNameFields): Finding Test Object with id 'Object Repository/PrimoTours/Old Objects/allPaxLastNameFields'

2017-11-28 15:55:37 - [TEST_STEP][PASSED] - Statement - repObj.findProperty("xpath").setValue(xpathval): null

2017-11-28 15:55:37 - [TEST_STEP][PASSED] - setText: Text 'Anne Katrine' is set on object 'Object Repository/PrimoTours/Old Objects/allPaxLastNameFields'

2017-11-28 15:55:37 - [MESSAGE][PASSED] - Text 'Anne Katrine' is set on object 'Object Repository/PrimoTours/Old Objects/allPaxLastNameFields'

2017-11-28 15:55:37 - [TEST_STEP][PASSED] - Statement - If (i == 1 & j == 1): null

2017-11-28 15:55:37 - [TEST_STEP][PASSED] - Statement - randomPaxIndex = java.lang.Math.abs(new java.util.Random().nextInt() % excelRowNo) + 1: null

2017-11-28 15:55:37 - [TEST_STEP][PASSED] - Statement - println(randomPaxIndex): null

2017-11-28 15:55:37 - [TEST_STEP][PASSED] - Statement - fname = rawData.getValue("FirstName", randomPaxIndex) + " AUT": null

2017-11-28 15:55:37 - [TEST_STEP][PASSED] - Statement - lname = rawData.getValue("LastName", randomPaxIndex): null

2017-11-28 15:55:37 - [TEST_STEP][PASSED] - Statement - pgender = rawData.getValue("Gender", randomPaxIndex): null

2017-11-28 15:55:37 - [TEST_STEP][PASSED] - Statement - pday = rawData.getValue("Day DOB", randomPaxIndex): null

2017-11-28 15:55:37 - [TEST_STEP][PASSED] - Statement - pmonth = rawData.getValue("Month DOB", randomPaxIndex): null

2017-11-28 15:55:37 - [TEST_STEP][PASSED] - Statement - pyear = rawData.getValue("Year DOB", randomPaxIndex): null

2017-11-28 15:55:37 - [TEST_STEP][PASSED] - Statement - paxDetailFields = paxInRoomXpath + "[" + j + "]/div[@class="col-md-x col-md-9"]/div[@class="row paxContainer"]/div[@class="col-md-5"]": null

2017-11-28 15:55:37 - [TEST_STEP][PASSED] - Statement - xpathval = paxDetailFields + "[1]/div[contains(@class,"form-group")]/input[@class="form-control paxFirstName"]": null

2017-11-28 15:55:37 - [TEST_STEP][PASSED] - Statement - println("fn: " + xpathval): null

2017-11-28 15:55:37 - [TEST_STEP][PASSED] - Statement - repObj = com.kms.katalon.core.testobject.ObjectRepository.findTestObject(Object Repository/PrimoTours/Old Objects/allPaxFirstNameFields): Finding Test Object with id 'Object Repository/PrimoTours/Old Objects/allPaxFirstNameFields'

2017-11-28 15:55:37 - [TEST_STEP][PASSED] - Statement - repObj.findProperty("xpath").setValue(xpathval): null

2017-11-28 15:55:37 - [TEST_STEP][PASSED] - setText: Text 'Andersen AUT' is set on object 'Object Repository/PrimoTours/Old Objects/allPaxFirstNameFields'

2017-11-28 15:55:37 - [MESSAGE][PASSED] - Text 'Andersen AUT' is set on object 'Object Repository/PrimoTours/Old Objects/allPaxFirstNameFields'

2017-11-28 15:55:37 - [TEST_STEP][PASSED] - Statement - xpathval = paxDetailFields + "[2]/div[contains(@class,"form-group")]/input[@class="form-control paxLastName"]": null

2017-11-28 15:55:37 - [TEST_STEP][PASSED] - Statement - println("ln: " + xpathval): null

2017-11-28 15:55:37 - [TEST_STEP][PASSED] - Statement - repObj = com.kms.katalon.core.testobject.ObjectRepository.findTestObject(Object Repository/PrimoTours/Old Objects/allPaxLastNameFields): Finding Test Object with id 'Object Repository/PrimoTours/Old Objects/allPaxLastNameFields'

2017-11-28 15:55:37 - [TEST_STEP][PASSED] - Statement - repObj.findProperty("xpath").setValue(xpathval): null

2017-11-28 15:55:37 - [TEST_STEP][PASSED] - setText: Text 'Dorthe Broberg' is set on object 'Object Repository/PrimoTours/Old Objects/allPaxLastNameFields'

2017-11-28 15:55:38 - [MESSAGE][PASSED] - Text 'Dorthe Broberg' is set on object 'Object Repository/PrimoTours/Old Objects/allPaxLastNameFields'

2017-11-28 15:55:38 - [TEST_STEP][PASSED] - Statement - If (i == 1 & j == 1): null

2017-11-28 15:55:38 - [TEST_STEP][PASSED] - Statement - randomPaxIndex = java.lang.Math.abs(new java.util.Random().nextInt() % excelRowNo) + 1: null

2017-11-28 15:55:38 - [TEST_STEP][PASSED] - Statement - println(randomPaxIndex): null

2017-11-28 15:55:38 - [TEST_STEP][PASSED] - Statement - fname = rawData.getValue("FirstName", randomPaxIndex) + " AUT": null

2017-11-28 15:55:38 - [TEST_STEP][PASSED] - Statement - lname = rawData.getValue("LastName", randomPaxIndex): null

2017-11-28 15:55:38 - [TEST_STEP][PASSED] - Statement - pgender = rawData.getValue("Gender", randomPaxIndex): null

2017-11-28 15:55:38 - [TEST_STEP][PASSED] - Statement - pday = rawData.getValue("Day DOB", randomPaxIndex): null

2017-11-28 15:55:38 - [TEST_STEP][PASSED] - Statement - pmonth = rawData.getValue("Month DOB", randomPaxIndex): null

2017-11-28 15:55:38 - [TEST_STEP][PASSED] - Statement - pyear = rawData.getValue("Year DOB", randomPaxIndex): null

2017-11-28 15:55:38 - [TEST_STEP][PASSED] - Statement - paxDetailFields = paxInRoomXpath + "[" + j + "]/div[@class="col-md-x col-md-9"]/div[@class="row paxContainer"]/div[@class="col-md-5"]": null

2017-11-28 15:55:38 - [TEST_STEP][PASSED] - Statement - xpathval = paxDetailFields + "[1]/div[contains(@class,"form-group")]/input[@class="form-control paxFirstName"]": null

2017-11-28 15:55:38 - [TEST_STEP][PASSED] - Statement - println("fn: " + xpathval): null

2017-11-28 15:55:38 - [TEST_STEP][PASSED] - Statement - repObj = com.kms.katalon.core.testobject.ObjectRepository.findTestObject(Object Repository/PrimoTours/Old Objects/allPaxFirstNameFields): Finding Test Object with id 'Object Repository/PrimoTours/Old Objects/allPaxFirstNameFields'

2017-11-28 15:55:38 - [TEST_STEP][PASSED] - Statement - repObj.findProperty("xpath").setValue(xpathval): null

2017-11-28 15:55:38 - [TEST_STEP][PASSED] - setText: Text 'Jakobsen AUT' is set on object 'Object Repository/PrimoTours/Old Objects/allPaxFirstNameFields'

2017-11-28 15:55:38 - [MESSAGE][PASSED] - Text 'Jakobsen AUT' is set on object 'Object Repository/PrimoTours/Old Objects/allPaxFirstNameFields'

2017-11-28 15:55:38 - [TEST_STEP][PASSED] - Statement - xpathval = paxDetailFields + "[2]/div[contains(@class,"form-group")]/input[@class="form-control paxLastName"]": null

2017-11-28 15:55:38 - [TEST_STEP][PASSED] - Statement - println("ln: " + xpathval): null

2017-11-28 15:55:38 - [TEST_STEP][PASSED] - Statement - repObj = com.kms.katalon.core.testobject.ObjectRepository.findTestObject(Object Repository/PrimoTours/Old Objects/allPaxLastNameFields): Finding Test Object with id 'Object Repository/PrimoTours/Old Objects/allPaxLastNameFields'

2017-11-28 15:55:38 - [TEST_STEP][PASSED] - Statement - repObj.findProperty("xpath").setValue(xpathval): null

2017-11-28 15:55:38 - [TEST_STEP][PASSED] - setText: Text 'Hans Børge' is set on object 'Object Repository/PrimoTours/Old Objects/allPaxLastNameFields'

2017-11-28 15:55:38 - [MESSAGE][PASSED] - Text 'Hans Børge' is set on object 'Object Repository/PrimoTours/Old Objects/allPaxLastNameFields'

2017-11-28 15:55:38 - [TEST_STEP][PASSED] - Statement - paxInRoomXpath = roomContainerXpath + "[" + i + "]/div[@class="row"]/div[@class="col-md-12"]/div[@class="row"]": null

2017-11-28 15:55:38 - [TEST_STEP][PASSED] - Statement - paxInRoomCount = driver.findElements(org.openqa.selenium.By.xpath(paxInRoomXpath)).size(): null

2017-11-28 15:55:38 - [TEST_STEP][PASSED] - Statement - println("paxInRoomCount=" + paxInRoomCount): null

2017-11-28 15:55:38 - [TEST_STEP][PASSED] - Statement - For ([j = 1, j <= paxInRoomCount, (j++)]): Text 'Anne Dahl' is set on object 'Object Repository/PrimoTours/Old Objects/allPaxLastNameFields'

2017-11-28 15:55:38 - [TEST_STEP][PASSED] - Statement - If (i == 1 & j == 1): null

2017-11-28 15:55:38 - [TEST_STEP][PASSED] - Statement - randomPaxIndex = java.lang.Math.abs(new java.util.Random().nextInt() % excelRowNo) + 1: null

2017-11-28 15:55:38 - [TEST_STEP][PASSED] - Statement - println(randomPaxIndex): null

2017-11-28 15:55:38 - [TEST_STEP][PASSED] - Statement - fname = rawData.getValue("FirstName", randomPaxIndex) + " AUT": null

2017-11-28 15:55:38 - [TEST_STEP][PASSED] - Statement - lname = rawData.getValue("LastName", randomPaxIndex): null

2017-11-28 15:55:38 - [TEST_STEP][PASSED] - Statement - pgender = rawData.getValue("Gender", randomPaxIndex): null

2017-11-28 15:55:38 - [TEST_STEP][PASSED] - Statement - pday = rawData.getValue("Day DOB", randomPaxIndex): null

2017-11-28 15:55:38 - [TEST_STEP][PASSED] - Statement - pmonth = rawData.getValue("Month DOB", randomPaxIndex): null

2017-11-28 15:55:38 - [TEST_STEP][PASSED] - Statement - pyear = rawData.getValue("Year DOB", randomPaxIndex): null

2017-11-28 15:55:38 - [TEST_STEP][PASSED] - Statement - paxDetailFields = paxInRoomXpath + "[" + j + "]/div[@class="col-md-x col-md-9"]/div[@class="row paxContainer"]/div[@class="col-md-5"]": null

2017-11-28 15:55:38 - [TEST_STEP][PASSED] - Statement - xpathval = paxDetailFields + "[1]/div[contains(@class,"form-group")]/input[@class="form-control paxFirstName"]": null

2017-11-28 15:55:38 - [TEST_STEP][PASSED] - Statement - println("fn: " + xpathval): null

2017-11-28 15:55:38 - [TEST_STEP][PASSED] - Statement - repObj = com.kms.katalon.core.testobject.ObjectRepository.findTestObject(Object Repository/PrimoTours/Old Objects/allPaxFirstNameFields): Finding Test Object with id 'Object Repository/PrimoTours/Old Objects/allPaxFirstNameFields'

2017-11-28 15:55:38 - [TEST_STEP][PASSED] - Statement - repObj.findProperty("xpath").setValue(xpathval): null

2017-11-28 15:55:38 - [TEST_STEP][PASSED] - setText: Text 'Pedersen AUT' is set on object 'Object Repository/PrimoTours/Old Objects/allPaxFirstNameFields'

2017-11-28 15:55:39 - [MESSAGE][PASSED] - Text 'Pedersen AUT' is set on object 'Object Repository/PrimoTours/Old Objects/allPaxFirstNameFields'

2017-11-28 15:55:39 - [TEST_STEP][PASSED] - Statement - xpathval = paxDetailFields + "[2]/div[contains(@class,"form-group")]/input[@class="form-control paxLastName"]": null

2017-11-28 15:55:39 - [TEST_STEP][PASSED] - Statement - println("ln: " + xpathval): null

2017-11-28 15:55:39 - [TEST_STEP][PASSED] - Statement - repObj = com.kms.katalon.core.testobject.ObjectRepository.findTestObject(Object Repository/PrimoTours/Old Objects/allPaxLastNameFields): Finding Test Object with id 'Object Repository/PrimoTours/Old Objects/allPaxLastNameFields'

2017-11-28 15:55:39 - [TEST_STEP][PASSED] - Statement - repObj.findProperty("xpath").setValue(xpathval): null

2017-11-28 15:55:39 - [TEST_STEP][PASSED] - setText: Text 'Sille Bjerg' is set on object 'Object Repository/PrimoTours/Old Objects/allPaxLastNameFields'

2017-11-28 15:55:39 - [MESSAGE][PASSED] - Text 'Sille Bjerg' is set on object 'Object Repository/PrimoTours/Old Objects/allPaxLastNameFields'

2017-11-28 15:55:39 - [TEST_STEP][PASSED] - Statement - If (i == 1 & j == 1): null

2017-11-28 15:55:39 - [TEST_STEP][PASSED] - Statement - randomPaxIndex = java.lang.Math.abs(new java.util.Random().nextInt() % excelRowNo) + 1: null

2017-11-28 15:55:39 - [TEST_STEP][PASSED] - Statement - println(randomPaxIndex): null

2017-11-28 15:55:39 - [TEST_STEP][PASSED] - Statement - fname = rawData.getValue("FirstName", randomPaxIndex) + " AUT": null

2017-11-28 15:55:39 - [TEST_STEP][PASSED] - Statement - lname = rawData.getValue("LastName", randomPaxIndex): null

2017-11-28 15:55:39 - [TEST_STEP][PASSED] - Statement - pgender = rawData.getValue("Gender", randomPaxIndex): null

2017-11-28 15:55:39 - [TEST_STEP][PASSED] - Statement - pday = rawData.getValue("Day DOB", randomPaxIndex): null

2017-11-28 15:55:39 - [TEST_STEP][PASSED] - Statement - pmonth = rawData.getValue("Month DOB", randomPaxIndex): null

2017-11-28 15:55:39 - [TEST_STEP][PASSED] - Statement - pyear = rawData.getValue("Year DOB", randomPaxIndex): null

2017-11-28 15:55:39 - [TEST_STEP][PASSED] - Statement - paxDetailFields = paxInRoomXpath + "[" + j + "]/div[@class="col-md-x col-md-9"]/div[@class="row paxContainer"]/div[@class="col-md-5"]": null

2017-11-28 15:55:39 - [TEST_STEP][PASSED] - Statement - xpathval = paxDetailFields + "[1]/div[contains(@class,"form-group")]/input[@class="form-control paxFirstName"]": null

2017-11-28 15:55:39 - [TEST_STEP][PASSED] - Statement - println("fn: " + xpathval): null

2017-11-28 15:55:39 - [TEST_STEP][PASSED] - Statement - repObj = com.kms.katalon.core.testobject.ObjectRepository.findTestObject(Object Repository/PrimoTours/Old Objects/allPaxFirstNameFields): Finding Test Object with id 'Object Repository/PrimoTours/Old Objects/allPaxFirstNameFields'

2017-11-28 15:55:39 - [TEST_STEP][PASSED] - Statement - repObj.findProperty("xpath").setValue(xpathval): null

2017-11-28 15:55:39 - [TEST_STEP][PASSED] - setText: Text 'Fagerlund AUT' is set on object 'Object Repository/PrimoTours/Old Objects/allPaxFirstNameFields'

2017-11-28 15:55:39 - [MESSAGE][PASSED] - Text 'Fagerlund AUT' is set on object 'Object Repository/PrimoTours/Old Objects/allPaxFirstNameFields'

2017-11-28 15:55:39 - [TEST_STEP][PASSED] - Statement - xpathval = paxDetailFields + "[2]/div[contains(@class,"form-group")]/input[@class="form-control paxLastName"]": null

2017-11-28 15:55:39 - [TEST_STEP][PASSED] - Statement - println("ln: " + xpathval): null

2017-11-28 15:55:39 - [TEST_STEP][PASSED] - Statement - repObj = com.kms.katalon.core.testobject.ObjectRepository.findTestObject(Object Repository/PrimoTours/Old Objects/allPaxLastNameFields): Finding Test Object with id 'Object Repository/PrimoTours/Old Objects/allPaxLastNameFields'

2017-11-28 15:55:39 - [TEST_STEP][PASSED] - Statement - repObj.findProperty("xpath").setValue(xpathval): null

2017-11-28 15:55:39 - [TEST_STEP][PASSED] - setText: Text 'Anne Dahl' is set on object 'Object Repository/PrimoTours/Old Objects/allPaxLastNameFields'

2017-11-28 15:55:39 - [MESSAGE][PASSED] - Text 'Anne Dahl' is set on object 'Object Repository/PrimoTours/Old Objects/allPaxLastNameFields'

2017-11-28 15:55:39 - [TEST_STEP][PASSED] - scrollToElement: Scroll to object 'Object Repository/PrimoTours/Old Objects/Coco (1)/PrimoT/SaveBooking2/Success/bookingTotalValue' successfully

2017-11-28 15:55:39 - [MESSAGE][PASSED] - Scroll to object 'Object Repository/PrimoTours/Old Objects/Coco (1)/PrimoT/SaveBooking2/Success/bookingTotalValue' successfully

2017-11-28 15:55:39 - [TEST_STEP][PASSED] - click: Object: 'Object Repository/PrimoTours/Old Objects/Coco (1)/PrimoT/SaveBooking2/Success/bookingTotalValue' is clicked on

2017-11-28 15:55:40 - [MESSAGE][PASSED] - Object: 'Object Repository/PrimoTours/Old Objects/Coco (1)/PrimoT/SaveBooking2/Success/bookingTotalValue' is clicked on

2017-11-28 15:55:40 - [TEST_STEP][PASSED] - scrollToElement: Scroll to object 'Object Repository/PrimoTours/Old Objects/Coco (1)/PrimoT/SaveBooking2/Success/Page_Primo Tours  Danmarks bedste c/i_fa fa-arrow-circle-right' successfully

2017-11-28 15:55:40 - [MESSAGE][PASSED] - Scroll to object 'Object Repository/PrimoTours/Old Objects/Coco (1)/PrimoT/SaveBooking2/Success/Page_Primo Tours  Danmarks bedste c/i_fa fa-arrow-circle-right' successfully

2017-11-28 15:55:40 - [TEST_STEP][PASSED] - waitForElementClickable: Object 'Object Repository/PrimoTours/Old Objects/Coco (1)/PrimoT/SaveBooking2/Success/Page_Primo Tours  Danmarks bedste c/i_fa fa-arrow-circle-right' is clickable

2017-11-28 15:55:40 - [MESSAGE][PASSED] - Object 'Object Repository/PrimoTours/Old Objects/Coco (1)/PrimoT/SaveBooking2/Success/Page_Primo Tours  Danmarks bedste c/i_fa fa-arrow-circle-right' is clickable

2017-11-28 15:55:40 - [TEST_STEP][PASSED] - waitForElementVisible: Object 'Object Repository/PrimoTours/Old Objects/Coco (1)/PrimoT/SaveBooking2/Success/Page_Primo Tours  Danmarks bedste c/i_fa fa-arrow-circle-right' is visible

2017-11-28 15:55:40 - [MESSAGE][PASSED] - Object 'Object Repository/PrimoTours/Old Objects/Coco (1)/PrimoT/SaveBooking2/Success/Page_Primo Tours  Danmarks bedste c/i_fa fa-arrow-circle-right' is visible

2017-11-28 15:55:40 - [TEST_STEP][PASSED] - scrollToElement: Scroll to object 'Object Repository/PrimoTours/Old Objects/Coco (1)/PrimoT/SaveBooking2/Success/Page_Primo Tours  Danmarks bedste c/i_fa fa-arrow-circle-right' successfully

2017-11-28 15:55:40 - [MESSAGE][PASSED] - Scroll to object 'Object Repository/PrimoTours/Old Objects/Coco (1)/PrimoT/SaveBooking2/Success/Page_Primo Tours  Danmarks bedste c/i_fa fa-arrow-circle-right' successfully

2017-11-28 15:55:40 - [TEST_STEP][PASSED] - click: Object: 'Object Repository/PrimoTours/Old Objects/Coco (1)/PrimoT/SaveBooking2/Success/Page_Primo Tours  Danmarks bedste c/i_fa fa-arrow-circle-right' is clicked on

2017-11-28 15:55:40 - [MESSAGE][PASSED] - Object: 'Object Repository/PrimoTours/Old Objects/Coco (1)/PrimoT/SaveBooking2/Success/Page_Primo Tours  Danmarks bedste c/i_fa fa-arrow-circle-right' is clicked on

2017-11-28 15:55:40 - [TEST_STEP][PASSED] - waitForElementNotVisible: Object 'Object Repository/PrimoTours/Old Objects/CCenter/pageLoaderOverlayLayer' is NOT visible

2017-11-28 15:55:42 - [MESSAGE][PASSED] - Object 'Object Repository/PrimoTours/Old Objects/CCenter/pageLoaderOverlayLayer' is NOT visible

2017-11-28 15:55:42 - [TEST_STEP][PASSED] - scrollToElement: Scroll to object 'Object Repository/PrimoTours/Old Objects/Coco/PrimoT/Ins2/Page_Primo Tours  Danmarks bedste c/travelInsuranceFirstPaxSelector' successfully

2017-11-28 15:55:42 - [MESSAGE][PASSED] - Scroll to object 'Object Repository/PrimoTours/Old Objects/Coco/PrimoT/Ins2/Page_Primo Tours  Danmarks bedste c/travelInsuranceFirstPaxSelector' successfully

2017-11-28 15:55:42 - [TEST_STEP][PASSED] - waitForElementPresent: Object 'Object Repository/PrimoTours/Old Objects/Coco/PrimoT/Ins2/Page_Primo Tours  Danmarks bedste c/travelInsuranceFirstPaxSelector' is present

2017-11-28 15:55:42 - [MESSAGE][PASSED] - Object 'Object Repository/PrimoTours/Old Objects/Coco/PrimoT/Ins2/Page_Primo Tours  Danmarks bedste c/travelInsuranceFirstPaxSelector' is present

2017-11-28 15:55:42 - [TEST_STEP][PASSED] - waitForElementVisible: Object 'Object Repository/PrimoTours/Old Objects/Coco/PrimoT/Ins2/Page_Primo Tours  Danmarks bedste c/travelInsuranceFirstPaxSelector' is visible

2017-11-28 15:55:42 - [MESSAGE][PASSED] - Object 'Object Repository/PrimoTours/Old Objects/Coco/PrimoT/Ins2/Page_Primo Tours  Danmarks bedste c/travelInsuranceFirstPaxSelector' is visible

2017-11-28 15:55:42 - [TEST_STEP][PASSED] - waitForElementClickable: Object 'Object Repository/PrimoTours/Old Objects/Coco/PrimoT/Ins2/Page_Primo Tours  Danmarks bedste c/travelInsuranceFirstPaxSelector' is clickable

2017-11-28 15:55:42 - [MESSAGE][PASSED] - Object 'Object Repository/PrimoTours/Old Objects/Coco/PrimoT/Ins2/Page_Primo Tours  Danmarks bedste c/travelInsuranceFirstPaxSelector' is clickable

2017-11-28 15:55:42 - [TEST_STEP][PASSED] - click: Object: 'Object Repository/PrimoTours/Old Objects/Coco/PrimoT/Ins2/Page_Primo Tours  Danmarks bedste c/travelInsuranceFirstPaxSelector' is clicked on

2017-11-28 15:55:42 - [MESSAGE][PASSED] - Object: 'Object Repository/PrimoTours/Old Objects/Coco/PrimoT/Ins2/Page_Primo Tours  Danmarks bedste c/travelInsuranceFirstPaxSelector' is clicked on

2017-11-28 15:55:42 - [TEST_STEP][PASSED] - click: Object: 'Object Repository/PrimoTours/Old Objects/Coco/PrimoT/Ins2/Page_Primo Tours  Danmarks bedste c/li_Har selv forsikring - kr. 0' is clicked on

2017-11-28 15:55:42 - [MESSAGE][PASSED] - Object: 'Object Repository/PrimoTours/Old Objects/Coco/PrimoT/Ins2/Page_Primo Tours  Danmarks bedste c/li_Har selv forsikring - kr. 0' is clicked on

2017-11-28 15:55:42 - [TEST_STEP][NOT_RUN] - click: NOT_RUN: click

2017-11-28 15:55:42 - [MESSAGE][NOT_RUN] - NOT_RUN: click

2017-11-28 15:55:42 - [TEST_STEP][NOT_RUN] - scrollToElement: NOT_RUN: scrollToElement

2017-11-28 15:55:42 - [MESSAGE][NOT_RUN] - NOT_RUN: scrollToElement

2017-11-28 15:55:42 - [TEST_STEP][NOT_RUN] - click: NOT_RUN: click

2017-11-28 15:55:42 - [MESSAGE][NOT_RUN] - NOT_RUN: click

2017-11-28 15:55:42 - [TEST_STEP][PASSED] - waitForElementVisible: Object 'Object Repository/PrimoTours/Old Objects/Coco (1)/PrimoT/SaveBooking2/Page_Primo Tours  Danmarks bedste c/individualInsuranceCheckbox' is visible

2017-11-28 15:55:43 - [MESSAGE][PASSED] - Object 'Object Repository/PrimoTours/Old Objects/Coco (1)/PrimoT/SaveBooking2/Page_Primo Tours  Danmarks bedste c/individualInsuranceCheckbox' is visible

2017-11-28 15:55:43 - [TEST_STEP][PASSED] - scrollToElement: Scroll to object 'Object Repository/PrimoTours/Old Objects/Coco (1)/PrimoT/SaveBooking2/Page_Primo Tours  Danmarks bedste c/individualInsuranceCheckbox' successfully

2017-11-28 15:55:43 - [MESSAGE][PASSED] - Scroll to object 'Object Repository/PrimoTours/Old Objects/Coco (1)/PrimoT/SaveBooking2/Page_Primo Tours  Danmarks bedste c/individualInsuranceCheckbox' successfully

2017-11-28 15:55:43 - [TEST_STEP][PASSED] - click: Object: 'Object Repository/PrimoTours/Old Objects/Coco (1)/PrimoT/SaveBooking2/Page_Primo Tours  Danmarks bedste c/individualInsuranceCheckbox' is clicked on

2017-11-28 15:55:43 - [MESSAGE][PASSED] - Object: 'Object Repository/PrimoTours/Old Objects/Coco (1)/PrimoT/SaveBooking2/Page_Primo Tours  Danmarks bedste c/individualInsuranceCheckbox' is clicked on

2017-11-28 15:55:43 - [TEST_STEP][PASSED] - scrollToElement: Scroll to object 'Object Repository/PrimoTours/Old Objects/Coco (1)/PrimoT/SaveBooking2/Success/firstProdCategIndividualSelectionRadioB' successfully

2017-11-28 15:55:43 - [MESSAGE][PASSED] - Scroll to object 'Object Repository/PrimoTours/Old Objects/Coco (1)/PrimoT/SaveBooking2/Success/firstProdCategIndividualSelectionRadioB' successfully

2017-11-28 15:55:43 - [TEST_STEP][PASSED] - waitForElementClickable: Object 'Object Repository/PrimoTours/Old Objects/Coco (1)/PrimoT/SaveBooking2/Success/firstProdCategIndividualSelectionRadioB' is clickable

2017-11-28 15:55:43 - [MESSAGE][PASSED] - Object 'Object Repository/PrimoTours/Old Objects/Coco (1)/PrimoT/SaveBooking2/Success/firstProdCategIndividualSelectionRadioB' is clickable

2017-11-28 15:55:43 - [TEST_STEP][PASSED] - scrollToElement: Scroll to object 'Object Repository/PrimoTours/Old Objects/Coco (1)/PrimoT/SaveBooking2/Success/firstProdCategIndividualSelectionRadioB' successfully

2017-11-28 15:55:43 - [MESSAGE][PASSED] - Scroll to object 'Object Repository/PrimoTours/Old Objects/Coco (1)/PrimoT/SaveBooking2/Success/firstProdCategIndividualSelectionRadioB' successfully

2017-11-28 15:55:43 - [TEST_STEP][PASSED] - click: Object: 'Object Repository/PrimoTours/Old Objects/Coco (1)/PrimoT/SaveBooking2/Success/firstProdCategIndividualSelectionRadioB' is clicked on

2017-11-28 15:55:43 - [MESSAGE][PASSED] - Object: 'Object Repository/PrimoTours/Old Objects/Coco (1)/PrimoT/SaveBooking2/Success/firstProdCategIndividualSelectionRadioB' is clicked on

2017-11-28 15:55:43 - [TEST_STEP][PASSED] - scrollToElement: Scroll to object 'Object Repository/PrimoTours/Old Objects/Coco (1)/PrimoT/SaveBooking2/Success/firstProdCategSelectForAllPaxCheckbox' successfully

2017-11-28 15:55:43 - [MESSAGE][PASSED] - Scroll to object 'Object Repository/PrimoTours/Old Objects/Coco (1)/PrimoT/SaveBooking2/Success/firstProdCategSelectForAllPaxCheckbox' successfully

2017-11-28 15:55:43 - [TEST_STEP][PASSED] - waitForElementClickable: Object 'Object Repository/PrimoTours/Old Objects/Coco (1)/PrimoT/SaveBooking2/Success/firstProdCategSelectForAllPaxCheckbox' is clickable

2017-11-28 15:55:43 - [MESSAGE][PASSED] - Object 'Object Repository/PrimoTours/Old Objects/Coco (1)/PrimoT/SaveBooking2/Success/firstProdCategSelectForAllPaxCheckbox' is clickable

2017-11-28 15:55:43 - [TEST_STEP][PASSED] - click: Object: 'Object Repository/PrimoTours/Old Objects/Coco (1)/PrimoT/SaveBooking2/Success/firstProdCategSelectForAllPaxCheckbox' is clicked on

2017-11-28 15:55:44 - [MESSAGE][PASSED] - Object: 'Object Repository/PrimoTours/Old Objects/Coco (1)/PrimoT/SaveBooking2/Success/firstProdCategSelectForAllPaxCheckbox' is clicked on

2017-11-28 15:55:44 - [TEST_STEP][NOT_RUN] - scrollToElement: NOT_RUN: scrollToElement

2017-11-28 15:55:44 - [MESSAGE][NOT_RUN] - NOT_RUN: scrollToElement

2017-11-28 15:55:44 - [TEST_STEP][NOT_RUN] - scrollToElement: NOT_RUN: scrollToElement

2017-11-28 15:55:44 - [MESSAGE][NOT_RUN] - NOT_RUN: scrollToElement

2017-11-28 15:55:44 - [TEST_STEP][NOT_RUN] - click: NOT_RUN: click

2017-11-28 15:55:44 - [MESSAGE][NOT_RUN] - NOT_RUN: click

2017-11-28 15:55:44 - [TEST_STEP][PASSED] - scrollToElement: Scroll to object 'Object Repository/PrimoTours/ConfirmationPage/agreeTermsAndCondCheckbox' successfully

2017-11-28 15:55:44 - [MESSAGE][PASSED] - Scroll to object 'Object Repository/PrimoTours/ConfirmationPage/agreeTermsAndCondCheckbox' successfully

2017-11-28 15:55:44 - [TEST_STEP][PASSED] - click: Object: 'Object Repository/PrimoTours/ConfirmationPage/agreeTermsAndCondCheckbox' is clicked on

2017-11-28 15:55:44 - [MESSAGE][PASSED] - Object: 'Object Repository/PrimoTours/ConfirmationPage/agreeTermsAndCondCheckbox' is clicked on

2017-11-28 15:55:44 - [TEST_STEP][PASSED] - waitForElementClickable: Object 'Object Repository/PrimoTours/ConfirmationPage/placeBookingButton' is clickable

2017-11-28 15:55:44 - [MESSAGE][PASSED] - Object 'Object Repository/PrimoTours/ConfirmationPage/placeBookingButton' is clickable

2017-11-28 15:55:44 - [TEST_STEP][PASSED] - scrollToElement: Scroll to object 'Object Repository/PrimoTours/ConfirmationPage/placeBookingButton' successfully

2017-11-28 15:55:44 - [MESSAGE][PASSED] - Scroll to object 'Object Repository/PrimoTours/ConfirmationPage/placeBookingButton' successfully

2017-11-28 15:55:44 - [TEST_STEP][PASSED] - click: Object: 'Object Repository/PrimoTours/ConfirmationPage/placeBookingButton' is clicked on

2017-11-28 15:55:44 - [MESSAGE][PASSED] - Object: 'Object Repository/PrimoTours/ConfirmationPage/placeBookingButton' is clicked on

2017-11-28 15:55:44 - [TEST_STEP][PASSED] - delay: Delayed 2 second(s)

2017-11-28 15:55:46 - [MESSAGE][PASSED] - Delayed 2 second(s)

2017-11-28 15:55:46 - [TEST_STEP][PASSED] - waitForPageLoad: Wait for page load successfully

2017-11-28 15:55:46 - [MESSAGE][PASSED] - Wait for page load successfully

2017-11-28 15:55:46 - [TEST_STEP][PASSED] - waitForJQueryLoad: jQuery is ready.

2017-11-28 15:55:47 - [MESSAGE][PASSED] - jQuery is ready.

2017-11-28 15:55:47 - [TEST_STEP][PASSED] - waitForElementPresent: Object 'Object Repository/PrimoTours/Old Objects/CCenter/pageLoaderOverlayLayer' is present

2017-11-28 15:55:47 - [MESSAGE][PASSED] - Object 'Object Repository/PrimoTours/Old Objects/CCenter/pageLoaderOverlayLayer' is present

2017-11-28 15:55:47 - [TEST_STEP][PASSED] - waitForElementNotVisible: Object 'Object Repository/PrimoTours/Old Objects/CCenter/pageLoaderOverlayLayer' is NOT visible

2017-11-28 15:55:51 - [MESSAGE][PASSED] - Object 'Object Repository/PrimoTours/Old Objects/CCenter/pageLoaderOverlayLayer' is NOT visible

2017-11-28 15:55:51 - [TEST_STEP][PASSED] - waitForElementClickable: Object 'Object Repository/PrimoTours/Old Objects/ThankYouPage/bookingNoContainer' is clickable

2017-11-28 15:55:51 - [MESSAGE][PASSED] - Object 'Object Repository/PrimoTours/Old Objects/ThankYouPage/bookingNoContainer' is clickable

2017-11-28 15:55:51 - [TEST_STEP][PASSED] - verifyElementVisible: Object 'Object Repository/PrimoTours/Old Objects/ThankYouPage/bookingNoContainer' is visible

2017-11-28 15:55:51 - [MESSAGE][PASSED] - Object 'Object Repository/PrimoTours/Old Objects/ThankYouPage/bookingNoContainer' is visible

2017-11-28 15:55:51 - [TEST_STEP][PASSED] - verifyElementVisible: Object 'Object Repository/PrimoTours/Old Objects/ThankYouPage/bookingTotalInfo' is visible

2017-11-28 15:55:51 - [MESSAGE][PASSED] - Object 'Object Repository/PrimoTours/Old Objects/ThankYouPage/bookingTotalInfo' is visible

2017-11-28 15:55:51 - [TEST_STEP][PASSED] - verifyElementVisible: Object 'Object Repository/PrimoTours/Old Objects/ThankYouPage/bookingTotalPriceBar' is visible

2017-11-28 15:55:51 - [MESSAGE][PASSED] - Object 'Object Repository/PrimoTours/Old Objects/ThankYouPage/bookingTotalPriceBar' is visible

2017-11-28 15:55:51 - [TEST_STEP][PASSED] - verifyElementVisible: Object 'Object Repository/PrimoTours/Old Objects/ThankYouPage/a_printTicketLink' is visible

2017-11-28 15:55:51 - [MESSAGE][PASSED] - Object 'Object Repository/PrimoTours/Old Objects/ThankYouPage/a_printTicketLink' is visible

2017-11-28 15:55:51 - [TEST_STEP][PASSED] - waitForElementClickable: Object 'Object Repository/PrimoTours/Old Objects/ThankYouPage/a_printTicketLink' is clickable

2017-11-28 15:55:51 - [MESSAGE][WARNING] - Timeout '0' is invalid. Using default page load timeout: '15'

2017-11-28 15:55:51 - [MESSAGE][PASSED] - Object 'Object Repository/PrimoTours/Old Objects/ThankYouPage/a_printTicketLink' is clickable

2017-11-28 15:55:51 - [TEST_STEP][PASSED] - click: Object: 'Object Repository/PrimoTours/Old Objects/ThankYouPage/a_printTicketLink' is clicked on

2017-11-28 15:55:56 - [MESSAGE][PASSED] - Object: 'Object Repository/PrimoTours/Old Objects/ThankYouPage/a_printTicketLink' is clicked on

2017-11-28 15:55:56 - [TEST_STEP][PASSED] - delay: Delayed 1 second(s)

2017-11-28 15:55:57 - [MESSAGE][PASSED] - Delayed 1 second(s)

2017-11-28 15:55:57 - [TEST_STEP][PASSED] - waitForElementVisible: Object 'Object Repository/PrimoTours/Old Objects/ThankYouPage/cCenterButton' is visible

2017-11-28 15:55:57 - [MESSAGE][PASSED] - Object 'Object Repository/PrimoTours/Old Objects/ThankYouPage/cCenterButton' is visible

2017-11-28 15:55:57 - [TEST_STEP][PASSED] - waitForElementClickable: Object 'Object Repository/PrimoTours/Old Objects/ThankYouPage/cCenterButton' is clickable

2017-11-28 15:55:57 - [MESSAGE][PASSED] - Object 'Object Repository/PrimoTours/Old Objects/ThankYouPage/cCenterButton' is clickable

2017-11-28 15:55:57 - [TEST_STEP][PASSED] - click: Object: 'Object Repository/PrimoTours/Old Objects/ThankYouPage/cCenterButton' is clicked on

2017-11-28 15:55:58 - [MESSAGE][PASSED] - Object: 'Object Repository/PrimoTours/Old Objects/ThankYouPage/cCenterButton' is clicked on

2017-11-28 15:55:58 - [TEST_STEP][PASSED] - waitForPageLoad: Wait for page load successfully

2017-11-28 15:55:58 - [MESSAGE][PASSED] - Wait for page load successfully

2017-11-28 15:55:58 - [TEST_STEP][PASSED] - waitForJQueryLoad: jQuery is ready.

2017-11-28 15:55:58 - [MESSAGE][PASSED] - jQuery is ready.

2017-11-28 15:55:58 - [TEST_STEP][PASSED] - waitForElementPresent: Object 'Object Repository/PrimoTours/Old Objects/CCenter/pageLoaderOverlayLayer' is present

2017-11-28 15:55:58 - [MESSAGE][PASSED] - Object 'Object Repository/PrimoTours/Old Objects/CCenter/pageLoaderOverlayLayer' is present

2017-11-28 15:55:58 - [TEST_STEP][PASSED] - waitForElementNotVisible: Object 'Object Repository/PrimoTours/Old Objects/CCenter/pageLoaderOverlayLayer' is NOT visible

2017-11-28 15:55:58 - [MESSAGE][PASSED] - Object 'Object Repository/PrimoTours/Old Objects/CCenter/pageLoaderOverlayLayer' is NOT visible

2017-11-28 15:55:58 - [TEST_STEP][PASSED] - verifyElementVisible: Object 'Object Repository/PrimoTours/Old Objects/ThankYouPage/bookingNoContainer' is visible

2017-11-28 15:55:58 - [MESSAGE][PASSED] - Object 'Object Repository/PrimoTours/Old Objects/ThankYouPage/bookingNoContainer' is visible

2017-11-28 15:55:58 - [TEST_STEP][PASSED] - verifyElementVisible: Object 'Object Repository/PrimoTours/Old Objects/ThankYouPage/bookingTotalPriceBar' is visible

2017-11-28 15:55:58 - [MESSAGE][PASSED] - Object 'Object Repository/PrimoTours/Old Objects/ThankYouPage/bookingTotalPriceBar' is visible]]></system-out>
         <system-err><![CDATA[]]></system-err>
      </testcase>
      <testcase name="Test Cases/PrimoTours/WB Primo/WB Primo staging - place booking - Iteration 9" classname="Test Cases/PrimoTours/WB Primo/WB Primo staging - place booking" status="PASSED">
         <system-out><![CDATA[2017-11-28 15:55:58 - [TEST_CASE][PASSED] - Test Cases/PrimoTours/WB Primo/WB Primo staging - place booking - Iteration 9: Test Cases/PrimoTours/WB Primo/WB Primo staging - place booking

2017-11-28 15:55:58 - [TEST_STEP][PASSED] - openBrowser: Browser is opened with url: ''

2017-11-28 15:55:58 - [MESSAGE][WARNING] - A browser is already opened. Closing browser and opening a new one

2017-11-28 15:56:01 - [MESSAGE][PASSED] - Browser is opened with url: ''

2017-11-28 15:56:01 - [TEST_STEP][PASSED] - maximizeWindow: Current window maximized

2017-11-28 15:56:02 - [MESSAGE][PASSED] - Current window maximized

2017-11-28 15:56:02 - [TEST_STEP][PASSED] - navigateToUrl: Navigate to 'http://localhost:50029/DoBooking.aspx?pltaID=1480269&p=2&rno=1&pt=1&a=2&c=0&aa=&ca=' successfully

2017-11-28 15:56:03 - [MESSAGE][PASSED] - Navigate to 'http://localhost:50029/DoBooking.aspx?pltaID=1480269&p=2&rno=1&pt=1&a=2&c=0&aa=&ca=' successfully

2017-11-28 15:56:03 - [TEST_STEP][PASSED] - setText: Text 'Pedersen AUT' is set on object 'Object Repository/PrimoTours/Old Objects/Coco/PrimoT/Page_Primo Tours  Danmarks bedste c/input_firstName'

2017-11-28 15:56:04 - [MESSAGE][PASSED] - Text 'Pedersen AUT' is set on object 'Object Repository/PrimoTours/Old Objects/Coco/PrimoT/Page_Primo Tours  Danmarks bedste c/input_firstName'

2017-11-28 15:56:04 - [TEST_STEP][PASSED] - setText: Text 'Vibe Dalby' is set on object 'Object Repository/PrimoTours/Old Objects/Coco/PrimoT/Page_Primo Tours  Danmarks bedste c/input_lastName'

2017-11-28 15:56:04 - [MESSAGE][PASSED] - Text 'Vibe Dalby' is set on object 'Object Repository/PrimoTours/Old Objects/Coco/PrimoT/Page_Primo Tours  Danmarks bedste c/input_lastName'

2017-11-28 15:56:04 - [TEST_STEP][PASSED] - setText: Text 'Home address' is set on object 'Object Repository/PrimoTours/Old Objects/Coco/PrimoT/Page_Primo Tours  Danmarks bedste c/input_customerAddress'

2017-11-28 15:56:04 - [MESSAGE][PASSED] - Text 'Home address' is set on object 'Object Repository/PrimoTours/Old Objects/Coco/PrimoT/Page_Primo Tours  Danmarks bedste c/input_customerAddress'

2017-11-28 15:56:04 - [TEST_STEP][PASSED] - setText: Text '6700' is set on object 'Object Repository/PrimoTours/Old Objects/Coco/PrimoT/Page_Primo Tours  Danmarks bedste c/input_customerPostcode'

2017-11-28 15:56:04 - [MESSAGE][PASSED] - Text '6700' is set on object 'Object Repository/PrimoTours/Old Objects/Coco/PrimoT/Page_Primo Tours  Danmarks bedste c/input_customerPostcode'

2017-11-28 15:56:04 - [TEST_STEP][PASSED] - setText: Text 'cornel.neacsu@roweb.ro' is set on object 'Object Repository/PrimoTours/Old Objects/Coco/PrimoT/Page_Primo Tours  Danmarks bedste c/input_customerEmail'

2017-11-28 15:56:05 - [MESSAGE][PASSED] - Text 'cornel.neacsu@roweb.ro' is set on object 'Object Repository/PrimoTours/Old Objects/Coco/PrimoT/Page_Primo Tours  Danmarks bedste c/input_customerEmail'

2017-11-28 15:56:05 - [TEST_STEP][PASSED] - setText: Text '12345678' is set on object 'Object Repository/PrimoTours/Old Objects/Coco/PrimoT/Page_Primo Tours  Danmarks bedste c/input_customerPhone'

2017-11-28 15:56:05 - [MESSAGE][PASSED] - Text '12345678' is set on object 'Object Repository/PrimoTours/Old Objects/Coco/PrimoT/Page_Primo Tours  Danmarks bedste c/input_customerPhone'

2017-11-28 15:56:05 - [TEST_STEP][PASSED] - Statement - excelInfo = ["fname":"", "lname":"", "pgender":"", "pday":"", "pmonth":"", "pyear":""]: null

2017-11-28 15:56:05 - [TEST_STEP][PASSED] - Statement - rawData = com.kms.katalon.core.testdata.TestDataFactory.findTestData("Data Files/WB_Primo/Passenger_details"): Reading excel file with source file 'D:\Software testing\Tourpaq\Automated Katalon tests\Primo WB test\Data Files\Primo_URLs_For_Automated_Test.xls' and sheet name 'Passenger Names'

2017-11-28 15:56:05 - [TEST_STEP][PASSED] - Statement - excelRowNo = rawData.getRowNumbers(): null

2017-11-28 15:56:05 - [TEST_STEP][PASSED] - Statement - randomPaxIndex = 1: null

2017-11-28 15:56:05 - [TEST_STEP][PASSED] - waitForElementClickable: Object 'Object Repository/PrimoTours/Old Objects/Coco/PrimoT/Page_Primo Tours  Danmarks bedste c/input_firstname-0_1' is clickable

2017-11-28 15:56:07 - [MESSAGE][PASSED] - Object 'Object Repository/PrimoTours/Old Objects/Coco/PrimoT/Page_Primo Tours  Danmarks bedste c/input_firstname-0_1' is clickable

2017-11-28 15:56:07 - [TEST_STEP][PASSED] - Statement - driver = com.kms.katalon.core.webui.driver.DriverFactory.getWebDriver(): null

2017-11-28 15:56:07 - [TEST_STEP][PASSED] - Statement - roomContainerXpath = "id("booking")/div[@class="wrapper second-bg"]/div[contains(@class,"container-mx")]/div[@class="row"]/div[@class="col-md-12 roomContainer"]": null

2017-11-28 15:56:07 - [TEST_STEP][PASSED] - Statement - roomsCount = driver.findElements(org.openqa.selenium.By.xpath(roomContainerXpath)).size(): null

2017-11-28 15:56:07 - [TEST_STEP][PASSED] - Statement - println("roomsCount=" + roomsCount): null

2017-11-28 15:56:07 - [TEST_STEP][PASSED] - Statement - For ([i = 1, i <= roomsCount, (i++)]): Text 'Ryan Vilsgaard' is set on object 'Object Repository/PrimoTours/Old Objects/allPaxLastNameFields'

2017-11-28 15:56:07 - [TEST_STEP][PASSED] - Statement - paxInRoomXpath = roomContainerXpath + "[" + i + "]/div[@class="row"]/div[@class="col-md-12"]/div[@class="row"]": null

2017-11-28 15:56:07 - [TEST_STEP][PASSED] - Statement - paxInRoomCount = driver.findElements(org.openqa.selenium.By.xpath(paxInRoomXpath)).size(): null

2017-11-28 15:56:07 - [TEST_STEP][PASSED] - Statement - println("paxInRoomCount=" + paxInRoomCount): null

2017-11-28 15:56:07 - [TEST_STEP][PASSED] - Statement - For ([j = 1, j <= paxInRoomCount, (j++)]): Text 'Ryan Vilsgaard' is set on object 'Object Repository/PrimoTours/Old Objects/allPaxLastNameFields'

2017-11-28 15:56:07 - [TEST_STEP][PASSED] - Statement - If (i == 1 & j == 1): null

2017-11-28 15:56:07 - [TEST_STEP][PASSED] - Statement - <not implemented yet for class: org.codehaus.groovy.ast.stmt.ContinueStatement>: null

2017-11-28 15:56:07 - [TEST_STEP][PASSED] - Statement - If (i == 1 & j == 1): null

2017-11-28 15:56:07 - [TEST_STEP][PASSED] - Statement - randomPaxIndex = java.lang.Math.abs(new java.util.Random().nextInt() % excelRowNo) + 1: null

2017-11-28 15:56:07 - [TEST_STEP][PASSED] - Statement - println(randomPaxIndex): null

2017-11-28 15:56:07 - [TEST_STEP][PASSED] - Statement - fname = rawData.getValue("FirstName", randomPaxIndex) + " AUT": null

2017-11-28 15:56:07 - [TEST_STEP][PASSED] - Statement - lname = rawData.getValue("LastName", randomPaxIndex): null

2017-11-28 15:56:07 - [TEST_STEP][PASSED] - Statement - pgender = rawData.getValue("Gender", randomPaxIndex): null

2017-11-28 15:56:07 - [TEST_STEP][PASSED] - Statement - pday = rawData.getValue("Day DOB", randomPaxIndex): null

2017-11-28 15:56:07 - [TEST_STEP][PASSED] - Statement - pmonth = rawData.getValue("Month DOB", randomPaxIndex): null

2017-11-28 15:56:07 - [TEST_STEP][PASSED] - Statement - pyear = rawData.getValue("Year DOB", randomPaxIndex): null

2017-11-28 15:56:07 - [TEST_STEP][PASSED] - Statement - paxDetailFields = paxInRoomXpath + "[" + j + "]/div[@class="col-md-x col-md-9"]/div[@class="row paxContainer"]/div[@class="col-md-5"]": null

2017-11-28 15:56:07 - [TEST_STEP][PASSED] - Statement - xpathval = paxDetailFields + "[1]/div[contains(@class,"form-group")]/input[@class="form-control paxFirstName"]": null

2017-11-28 15:56:07 - [TEST_STEP][PASSED] - Statement - println("fn: " + xpathval): null

2017-11-28 15:56:07 - [TEST_STEP][PASSED] - Statement - repObj = com.kms.katalon.core.testobject.ObjectRepository.findTestObject(Object Repository/PrimoTours/Old Objects/allPaxFirstNameFields): Finding Test Object with id 'Object Repository/PrimoTours/Old Objects/allPaxFirstNameFields'

2017-11-28 15:56:07 - [TEST_STEP][PASSED] - Statement - repObj.findProperty("xpath").setValue(xpathval): null

2017-11-28 15:56:07 - [TEST_STEP][PASSED] - setText: Text 'Votborg AUT' is set on object 'Object Repository/PrimoTours/Old Objects/allPaxFirstNameFields'

2017-11-28 15:56:07 - [MESSAGE][PASSED] - Text 'Votborg AUT' is set on object 'Object Repository/PrimoTours/Old Objects/allPaxFirstNameFields'

2017-11-28 15:56:07 - [TEST_STEP][PASSED] - Statement - xpathval = paxDetailFields + "[2]/div[contains(@class,"form-group")]/input[@class="form-control paxLastName"]": null

2017-11-28 15:56:07 - [TEST_STEP][PASSED] - Statement - println("ln: " + xpathval): null

2017-11-28 15:56:07 - [TEST_STEP][PASSED] - Statement - repObj = com.kms.katalon.core.testobject.ObjectRepository.findTestObject(Object Repository/PrimoTours/Old Objects/allPaxLastNameFields): Finding Test Object with id 'Object Repository/PrimoTours/Old Objects/allPaxLastNameFields'

2017-11-28 15:56:07 - [TEST_STEP][PASSED] - Statement - repObj.findProperty("xpath").setValue(xpathval): null

2017-11-28 15:56:07 - [TEST_STEP][PASSED] - setText: Text 'Ryan Vilsgaard' is set on object 'Object Repository/PrimoTours/Old Objects/allPaxLastNameFields'

2017-11-28 15:56:07 - [MESSAGE][PASSED] - Text 'Ryan Vilsgaard' is set on object 'Object Repository/PrimoTours/Old Objects/allPaxLastNameFields'

2017-11-28 15:56:07 - [TEST_STEP][PASSED] - scrollToElement: Scroll to object 'Object Repository/PrimoTours/Old Objects/Coco (1)/PrimoT/SaveBooking2/Success/bookingTotalValue' successfully

2017-11-28 15:56:07 - [MESSAGE][PASSED] - Scroll to object 'Object Repository/PrimoTours/Old Objects/Coco (1)/PrimoT/SaveBooking2/Success/bookingTotalValue' successfully

2017-11-28 15:56:07 - [TEST_STEP][PASSED] - click: Object: 'Object Repository/PrimoTours/Old Objects/Coco (1)/PrimoT/SaveBooking2/Success/bookingTotalValue' is clicked on

2017-11-28 15:56:07 - [MESSAGE][PASSED] - Object: 'Object Repository/PrimoTours/Old Objects/Coco (1)/PrimoT/SaveBooking2/Success/bookingTotalValue' is clicked on

2017-11-28 15:56:07 - [TEST_STEP][PASSED] - scrollToElement: Scroll to object 'Object Repository/PrimoTours/Old Objects/Coco (1)/PrimoT/SaveBooking2/Success/Page_Primo Tours  Danmarks bedste c/i_fa fa-arrow-circle-right' successfully

2017-11-28 15:56:07 - [MESSAGE][PASSED] - Scroll to object 'Object Repository/PrimoTours/Old Objects/Coco (1)/PrimoT/SaveBooking2/Success/Page_Primo Tours  Danmarks bedste c/i_fa fa-arrow-circle-right' successfully

2017-11-28 15:56:07 - [TEST_STEP][PASSED] - waitForElementClickable: Object 'Object Repository/PrimoTours/Old Objects/Coco (1)/PrimoT/SaveBooking2/Success/Page_Primo Tours  Danmarks bedste c/i_fa fa-arrow-circle-right' is clickable

2017-11-28 15:56:07 - [MESSAGE][PASSED] - Object 'Object Repository/PrimoTours/Old Objects/Coco (1)/PrimoT/SaveBooking2/Success/Page_Primo Tours  Danmarks bedste c/i_fa fa-arrow-circle-right' is clickable

2017-11-28 15:56:07 - [TEST_STEP][PASSED] - waitForElementVisible: Object 'Object Repository/PrimoTours/Old Objects/Coco (1)/PrimoT/SaveBooking2/Success/Page_Primo Tours  Danmarks bedste c/i_fa fa-arrow-circle-right' is visible

2017-11-28 15:56:07 - [MESSAGE][PASSED] - Object 'Object Repository/PrimoTours/Old Objects/Coco (1)/PrimoT/SaveBooking2/Success/Page_Primo Tours  Danmarks bedste c/i_fa fa-arrow-circle-right' is visible

2017-11-28 15:56:07 - [TEST_STEP][PASSED] - scrollToElement: Scroll to object 'Object Repository/PrimoTours/Old Objects/Coco (1)/PrimoT/SaveBooking2/Success/Page_Primo Tours  Danmarks bedste c/i_fa fa-arrow-circle-right' successfully

2017-11-28 15:56:07 - [MESSAGE][PASSED] - Scroll to object 'Object Repository/PrimoTours/Old Objects/Coco (1)/PrimoT/SaveBooking2/Success/Page_Primo Tours  Danmarks bedste c/i_fa fa-arrow-circle-right' successfully

2017-11-28 15:56:07 - [TEST_STEP][PASSED] - click: Object: 'Object Repository/PrimoTours/Old Objects/Coco (1)/PrimoT/SaveBooking2/Success/Page_Primo Tours  Danmarks bedste c/i_fa fa-arrow-circle-right' is clicked on

2017-11-28 15:56:07 - [MESSAGE][PASSED] - Object: 'Object Repository/PrimoTours/Old Objects/Coco (1)/PrimoT/SaveBooking2/Success/Page_Primo Tours  Danmarks bedste c/i_fa fa-arrow-circle-right' is clicked on

2017-11-28 15:56:07 - [TEST_STEP][PASSED] - waitForElementNotVisible: Object 'Object Repository/PrimoTours/Old Objects/CCenter/pageLoaderOverlayLayer' is NOT visible

2017-11-28 15:56:09 - [MESSAGE][PASSED] - Object 'Object Repository/PrimoTours/Old Objects/CCenter/pageLoaderOverlayLayer' is NOT visible

2017-11-28 15:56:09 - [TEST_STEP][PASSED] - scrollToElement: Scroll to object 'Object Repository/PrimoTours/Old Objects/Coco/PrimoT/Ins2/Page_Primo Tours  Danmarks bedste c/travelInsuranceFirstPaxSelector' successfully

2017-11-28 15:56:09 - [MESSAGE][PASSED] - Scroll to object 'Object Repository/PrimoTours/Old Objects/Coco/PrimoT/Ins2/Page_Primo Tours  Danmarks bedste c/travelInsuranceFirstPaxSelector' successfully

2017-11-28 15:56:09 - [TEST_STEP][PASSED] - waitForElementPresent: Object 'Object Repository/PrimoTours/Old Objects/Coco/PrimoT/Ins2/Page_Primo Tours  Danmarks bedste c/travelInsuranceFirstPaxSelector' is present

2017-11-28 15:56:09 - [MESSAGE][PASSED] - Object 'Object Repository/PrimoTours/Old Objects/Coco/PrimoT/Ins2/Page_Primo Tours  Danmarks bedste c/travelInsuranceFirstPaxSelector' is present

2017-11-28 15:56:09 - [TEST_STEP][PASSED] - waitForElementVisible: Object 'Object Repository/PrimoTours/Old Objects/Coco/PrimoT/Ins2/Page_Primo Tours  Danmarks bedste c/travelInsuranceFirstPaxSelector' is visible

2017-11-28 15:56:09 - [MESSAGE][PASSED] - Object 'Object Repository/PrimoTours/Old Objects/Coco/PrimoT/Ins2/Page_Primo Tours  Danmarks bedste c/travelInsuranceFirstPaxSelector' is visible

2017-11-28 15:56:09 - [TEST_STEP][PASSED] - waitForElementClickable: Object 'Object Repository/PrimoTours/Old Objects/Coco/PrimoT/Ins2/Page_Primo Tours  Danmarks bedste c/travelInsuranceFirstPaxSelector' is clickable

2017-11-28 15:56:09 - [MESSAGE][PASSED] - Object 'Object Repository/PrimoTours/Old Objects/Coco/PrimoT/Ins2/Page_Primo Tours  Danmarks bedste c/travelInsuranceFirstPaxSelector' is clickable

2017-11-28 15:56:09 - [TEST_STEP][PASSED] - click: Object: 'Object Repository/PrimoTours/Old Objects/Coco/PrimoT/Ins2/Page_Primo Tours  Danmarks bedste c/travelInsuranceFirstPaxSelector' is clicked on

2017-11-28 15:56:09 - [MESSAGE][PASSED] - Object: 'Object Repository/PrimoTours/Old Objects/Coco/PrimoT/Ins2/Page_Primo Tours  Danmarks bedste c/travelInsuranceFirstPaxSelector' is clicked on

2017-11-28 15:56:09 - [TEST_STEP][PASSED] - click: Object: 'Object Repository/PrimoTours/Old Objects/Coco/PrimoT/Ins2/Page_Primo Tours  Danmarks bedste c/li_Har selv forsikring - kr. 0' is clicked on

2017-11-28 15:56:09 - [MESSAGE][PASSED] - Object: 'Object Repository/PrimoTours/Old Objects/Coco/PrimoT/Ins2/Page_Primo Tours  Danmarks bedste c/li_Har selv forsikring - kr. 0' is clicked on

2017-11-28 15:56:09 - [TEST_STEP][NOT_RUN] - click: NOT_RUN: click

2017-11-28 15:56:09 - [MESSAGE][NOT_RUN] - NOT_RUN: click

2017-11-28 15:56:09 - [TEST_STEP][NOT_RUN] - scrollToElement: NOT_RUN: scrollToElement

2017-11-28 15:56:09 - [MESSAGE][NOT_RUN] - NOT_RUN: scrollToElement

2017-11-28 15:56:09 - [TEST_STEP][NOT_RUN] - click: NOT_RUN: click

2017-11-28 15:56:09 - [MESSAGE][NOT_RUN] - NOT_RUN: click

2017-11-28 15:56:09 - [TEST_STEP][PASSED] - waitForElementVisible: Object 'Object Repository/PrimoTours/Old Objects/Coco (1)/PrimoT/SaveBooking2/Page_Primo Tours  Danmarks bedste c/individualInsuranceCheckbox' is visible

2017-11-28 15:56:09 - [MESSAGE][PASSED] - Object 'Object Repository/PrimoTours/Old Objects/Coco (1)/PrimoT/SaveBooking2/Page_Primo Tours  Danmarks bedste c/individualInsuranceCheckbox' is visible

2017-11-28 15:56:09 - [TEST_STEP][PASSED] - scrollToElement: Scroll to object 'Object Repository/PrimoTours/Old Objects/Coco (1)/PrimoT/SaveBooking2/Page_Primo Tours  Danmarks bedste c/individualInsuranceCheckbox' successfully

2017-11-28 15:56:09 - [MESSAGE][PASSED] - Scroll to object 'Object Repository/PrimoTours/Old Objects/Coco (1)/PrimoT/SaveBooking2/Page_Primo Tours  Danmarks bedste c/individualInsuranceCheckbox' successfully

2017-11-28 15:56:09 - [TEST_STEP][PASSED] - click: Object: 'Object Repository/PrimoTours/Old Objects/Coco (1)/PrimoT/SaveBooking2/Page_Primo Tours  Danmarks bedste c/individualInsuranceCheckbox' is clicked on

2017-11-28 15:56:09 - [MESSAGE][PASSED] - Object: 'Object Repository/PrimoTours/Old Objects/Coco (1)/PrimoT/SaveBooking2/Page_Primo Tours  Danmarks bedste c/individualInsuranceCheckbox' is clicked on

2017-11-28 15:56:09 - [TEST_STEP][PASSED] - scrollToElement: Scroll to object 'Object Repository/PrimoTours/Old Objects/Coco (1)/PrimoT/SaveBooking2/Success/firstProdCategIndividualSelectionRadioB' successfully

2017-11-28 15:56:09 - [MESSAGE][PASSED] - Scroll to object 'Object Repository/PrimoTours/Old Objects/Coco (1)/PrimoT/SaveBooking2/Success/firstProdCategIndividualSelectionRadioB' successfully

2017-11-28 15:56:09 - [TEST_STEP][PASSED] - waitForElementClickable: Object 'Object Repository/PrimoTours/Old Objects/Coco (1)/PrimoT/SaveBooking2/Success/firstProdCategIndividualSelectionRadioB' is clickable

2017-11-28 15:56:09 - [MESSAGE][PASSED] - Object 'Object Repository/PrimoTours/Old Objects/Coco (1)/PrimoT/SaveBooking2/Success/firstProdCategIndividualSelectionRadioB' is clickable

2017-11-28 15:56:09 - [TEST_STEP][PASSED] - scrollToElement: Scroll to object 'Object Repository/PrimoTours/Old Objects/Coco (1)/PrimoT/SaveBooking2/Success/firstProdCategIndividualSelectionRadioB' successfully

2017-11-28 15:56:09 - [MESSAGE][PASSED] - Scroll to object 'Object Repository/PrimoTours/Old Objects/Coco (1)/PrimoT/SaveBooking2/Success/firstProdCategIndividualSelectionRadioB' successfully

2017-11-28 15:56:09 - [TEST_STEP][PASSED] - click: Object: 'Object Repository/PrimoTours/Old Objects/Coco (1)/PrimoT/SaveBooking2/Success/firstProdCategIndividualSelectionRadioB' is clicked on

2017-11-28 15:56:09 - [MESSAGE][PASSED] - Object: 'Object Repository/PrimoTours/Old Objects/Coco (1)/PrimoT/SaveBooking2/Success/firstProdCategIndividualSelectionRadioB' is clicked on

2017-11-28 15:56:09 - [TEST_STEP][PASSED] - scrollToElement: Scroll to object 'Object Repository/PrimoTours/Old Objects/Coco (1)/PrimoT/SaveBooking2/Success/firstProdCategSelectForAllPaxCheckbox' successfully

2017-11-28 15:56:10 - [MESSAGE][PASSED] - Scroll to object 'Object Repository/PrimoTours/Old Objects/Coco (1)/PrimoT/SaveBooking2/Success/firstProdCategSelectForAllPaxCheckbox' successfully

2017-11-28 15:56:10 - [TEST_STEP][PASSED] - waitForElementClickable: Object 'Object Repository/PrimoTours/Old Objects/Coco (1)/PrimoT/SaveBooking2/Success/firstProdCategSelectForAllPaxCheckbox' is clickable

2017-11-28 15:56:10 - [MESSAGE][PASSED] - Object 'Object Repository/PrimoTours/Old Objects/Coco (1)/PrimoT/SaveBooking2/Success/firstProdCategSelectForAllPaxCheckbox' is clickable

2017-11-28 15:56:10 - [TEST_STEP][PASSED] - click: Object: 'Object Repository/PrimoTours/Old Objects/Coco (1)/PrimoT/SaveBooking2/Success/firstProdCategSelectForAllPaxCheckbox' is clicked on

2017-11-28 15:56:10 - [MESSAGE][PASSED] - Object: 'Object Repository/PrimoTours/Old Objects/Coco (1)/PrimoT/SaveBooking2/Success/firstProdCategSelectForAllPaxCheckbox' is clicked on

2017-11-28 15:56:10 - [TEST_STEP][NOT_RUN] - scrollToElement: NOT_RUN: scrollToElement

2017-11-28 15:56:10 - [MESSAGE][NOT_RUN] - NOT_RUN: scrollToElement

2017-11-28 15:56:10 - [TEST_STEP][NOT_RUN] - scrollToElement: NOT_RUN: scrollToElement

2017-11-28 15:56:10 - [MESSAGE][NOT_RUN] - NOT_RUN: scrollToElement

2017-11-28 15:56:10 - [TEST_STEP][NOT_RUN] - click: NOT_RUN: click

2017-11-28 15:56:10 - [MESSAGE][NOT_RUN] - NOT_RUN: click

2017-11-28 15:56:10 - [TEST_STEP][PASSED] - scrollToElement: Scroll to object 'Object Repository/PrimoTours/ConfirmationPage/agreeTermsAndCondCheckbox' successfully

2017-11-28 15:56:10 - [MESSAGE][PASSED] - Scroll to object 'Object Repository/PrimoTours/ConfirmationPage/agreeTermsAndCondCheckbox' successfully

2017-11-28 15:56:10 - [TEST_STEP][PASSED] - click: Object: 'Object Repository/PrimoTours/ConfirmationPage/agreeTermsAndCondCheckbox' is clicked on

2017-11-28 15:56:10 - [MESSAGE][PASSED] - Object: 'Object Repository/PrimoTours/ConfirmationPage/agreeTermsAndCondCheckbox' is clicked on

2017-11-28 15:56:10 - [TEST_STEP][PASSED] - waitForElementClickable: Object 'Object Repository/PrimoTours/ConfirmationPage/placeBookingButton' is clickable

2017-11-28 15:56:10 - [MESSAGE][PASSED] - Object 'Object Repository/PrimoTours/ConfirmationPage/placeBookingButton' is clickable

2017-11-28 15:56:10 - [TEST_STEP][PASSED] - scrollToElement: Scroll to object 'Object Repository/PrimoTours/ConfirmationPage/placeBookingButton' successfully

2017-11-28 15:56:10 - [MESSAGE][PASSED] - Scroll to object 'Object Repository/PrimoTours/ConfirmationPage/placeBookingButton' successfully

2017-11-28 15:56:10 - [TEST_STEP][PASSED] - click: Object: 'Object Repository/PrimoTours/ConfirmationPage/placeBookingButton' is clicked on

2017-11-28 15:56:10 - [MESSAGE][PASSED] - Object: 'Object Repository/PrimoTours/ConfirmationPage/placeBookingButton' is clicked on

2017-11-28 15:56:10 - [TEST_STEP][PASSED] - delay: Delayed 2 second(s)

2017-11-28 15:56:12 - [MESSAGE][PASSED] - Delayed 2 second(s)

2017-11-28 15:56:12 - [TEST_STEP][PASSED] - waitForPageLoad: Wait for page load successfully

2017-11-28 15:56:12 - [MESSAGE][PASSED] - Wait for page load successfully

2017-11-28 15:56:12 - [TEST_STEP][PASSED] - waitForJQueryLoad: jQuery is ready.

2017-11-28 15:56:16 - [MESSAGE][PASSED] - jQuery is ready.

2017-11-28 15:56:16 - [TEST_STEP][PASSED] - waitForElementPresent: Object 'Object Repository/PrimoTours/Old Objects/CCenter/pageLoaderOverlayLayer' is present

2017-11-28 15:56:16 - [MESSAGE][PASSED] - Object 'Object Repository/PrimoTours/Old Objects/CCenter/pageLoaderOverlayLayer' is present

2017-11-28 15:56:16 - [TEST_STEP][PASSED] - waitForElementNotVisible: Object 'Object Repository/PrimoTours/Old Objects/CCenter/pageLoaderOverlayLayer' is NOT visible

2017-11-28 15:56:16 - [MESSAGE][PASSED] - Object 'Object Repository/PrimoTours/Old Objects/CCenter/pageLoaderOverlayLayer' is NOT visible

2017-11-28 15:56:16 - [TEST_STEP][PASSED] - waitForElementClickable: Object 'Object Repository/PrimoTours/Old Objects/ThankYouPage/bookingNoContainer' is clickable

2017-11-28 15:56:16 - [MESSAGE][PASSED] - Object 'Object Repository/PrimoTours/Old Objects/ThankYouPage/bookingNoContainer' is clickable

2017-11-28 15:56:16 - [TEST_STEP][PASSED] - verifyElementVisible: Object 'Object Repository/PrimoTours/Old Objects/ThankYouPage/bookingNoContainer' is visible

2017-11-28 15:56:16 - [MESSAGE][PASSED] - Object 'Object Repository/PrimoTours/Old Objects/ThankYouPage/bookingNoContainer' is visible

2017-11-28 15:56:16 - [TEST_STEP][PASSED] - verifyElementVisible: Object 'Object Repository/PrimoTours/Old Objects/ThankYouPage/bookingTotalInfo' is visible

2017-11-28 15:56:16 - [MESSAGE][PASSED] - Object 'Object Repository/PrimoTours/Old Objects/ThankYouPage/bookingTotalInfo' is visible

2017-11-28 15:56:16 - [TEST_STEP][PASSED] - verifyElementVisible: Object 'Object Repository/PrimoTours/Old Objects/ThankYouPage/bookingTotalPriceBar' is visible

2017-11-28 15:56:16 - [MESSAGE][PASSED] - Object 'Object Repository/PrimoTours/Old Objects/ThankYouPage/bookingTotalPriceBar' is visible

2017-11-28 15:56:16 - [TEST_STEP][PASSED] - verifyElementVisible: Object 'Object Repository/PrimoTours/Old Objects/ThankYouPage/a_printTicketLink' is visible

2017-11-28 15:56:16 - [MESSAGE][PASSED] - Object 'Object Repository/PrimoTours/Old Objects/ThankYouPage/a_printTicketLink' is visible

2017-11-28 15:56:16 - [TEST_STEP][PASSED] - waitForElementClickable: Object 'Object Repository/PrimoTours/Old Objects/ThankYouPage/a_printTicketLink' is clickable

2017-11-28 15:56:16 - [MESSAGE][WARNING] - Timeout '0' is invalid. Using default page load timeout: '15'

2017-11-28 15:56:16 - [MESSAGE][PASSED] - Object 'Object Repository/PrimoTours/Old Objects/ThankYouPage/a_printTicketLink' is clickable

2017-11-28 15:56:16 - [TEST_STEP][PASSED] - click: Object: 'Object Repository/PrimoTours/Old Objects/ThankYouPage/a_printTicketLink' is clicked on

2017-11-28 15:56:21 - [MESSAGE][PASSED] - Object: 'Object Repository/PrimoTours/Old Objects/ThankYouPage/a_printTicketLink' is clicked on

2017-11-28 15:56:21 - [TEST_STEP][PASSED] - delay: Delayed 1 second(s)

2017-11-28 15:56:22 - [MESSAGE][PASSED] - Delayed 1 second(s)

2017-11-28 15:56:22 - [TEST_STEP][PASSED] - waitForElementVisible: Object 'Object Repository/PrimoTours/Old Objects/ThankYouPage/cCenterButton' is visible

2017-11-28 15:56:22 - [MESSAGE][PASSED] - Object 'Object Repository/PrimoTours/Old Objects/ThankYouPage/cCenterButton' is visible

2017-11-28 15:56:22 - [TEST_STEP][PASSED] - waitForElementClickable: Object 'Object Repository/PrimoTours/Old Objects/ThankYouPage/cCenterButton' is clickable

2017-11-28 15:56:22 - [MESSAGE][PASSED] - Object 'Object Repository/PrimoTours/Old Objects/ThankYouPage/cCenterButton' is clickable

2017-11-28 15:56:22 - [TEST_STEP][PASSED] - click: Object: 'Object Repository/PrimoTours/Old Objects/ThankYouPage/cCenterButton' is clicked on

2017-11-28 15:56:22 - [MESSAGE][PASSED] - Object: 'Object Repository/PrimoTours/Old Objects/ThankYouPage/cCenterButton' is clicked on

2017-11-28 15:56:22 - [TEST_STEP][PASSED] - waitForPageLoad: Wait for page load successfully

2017-11-28 15:56:22 - [MESSAGE][PASSED] - Wait for page load successfully

2017-11-28 15:56:22 - [TEST_STEP][PASSED] - waitForJQueryLoad: jQuery is ready.

2017-11-28 15:56:23 - [MESSAGE][PASSED] - jQuery is ready.

2017-11-28 15:56:23 - [TEST_STEP][PASSED] - waitForElementPresent: Object 'Object Repository/PrimoTours/Old Objects/CCenter/pageLoaderOverlayLayer' is present

2017-11-28 15:56:23 - [MESSAGE][PASSED] - Object 'Object Repository/PrimoTours/Old Objects/CCenter/pageLoaderOverlayLayer' is present

2017-11-28 15:56:23 - [TEST_STEP][PASSED] - waitForElementNotVisible: Object 'Object Repository/PrimoTours/Old Objects/CCenter/pageLoaderOverlayLayer' is NOT visible

2017-11-28 15:56:23 - [MESSAGE][PASSED] - Object 'Object Repository/PrimoTours/Old Objects/CCenter/pageLoaderOverlayLayer' is NOT visible

2017-11-28 15:56:23 - [TEST_STEP][PASSED] - verifyElementVisible: Object 'Object Repository/PrimoTours/Old Objects/ThankYouPage/bookingNoContainer' is visible

2017-11-28 15:56:23 - [MESSAGE][PASSED] - Object 'Object Repository/PrimoTours/Old Objects/ThankYouPage/bookingNoContainer' is visible

2017-11-28 15:56:23 - [TEST_STEP][PASSED] - verifyElementVisible: Object 'Object Repository/PrimoTours/Old Objects/ThankYouPage/bookingTotalPriceBar' is visible

2017-11-28 15:56:23 - [MESSAGE][PASSED] - Object 'Object Repository/PrimoTours/Old Objects/ThankYouPage/bookingTotalPriceBar' is visible]]></system-out>
         <system-err><![CDATA[]]></system-err>
      </testcase>
      <testcase name="Test Cases/PrimoTours/WB Primo/WB Primo staging - place booking - Iteration 10" classname="Test Cases/PrimoTours/WB Primo/WB Primo staging - place booking" status="FAILED">
         <failure type="FAILED" message="Test Cases/PrimoTours/WB Primo/WB Primo staging - place booking FAILED because (of) Unable to click on object 'Object Repository/PrimoTours/ConfirmationPage/agreeTermsAndCondCheckbox' (Root cause: org.openqa.selenium.WebDriverException: unknown error: Element &lt;a href=&quot;#&quot; class=&quot;toggle checkbox kalypto&quot;>&lt;/a> is not clickable at point (395, 636). Other element would receive the click: &lt;h2>...&lt;/h2>
  (Session info: chrome=62.0.3202.94)
  (Driver info: chromedriver=2.33.506120 (e3e53437346286c0bc2d2dc9aa4915ba81d9023f),platform=Windows NT 6.3.9600 x86_64) (WARNING: The server did not provide any stacktrace information)
Command duration or timeout: 0 milliseconds
Build info: version: '3.7.1', revision: '8a0099a', time: '2017-11-06T21:07:36.161Z'
System info: host: 'NEACSUNEW-PC', ip: '10.10.10.211', os.name: 'Windows 8.1', os.arch: 'amd64', os.version: '6.3', java.version: '1.8.0_102'
Driver info: com.kms.katalon.selenium.driver.CChromeDriver
Capabilities {acceptSslCerts: true, applicationCacheEnabled: false, browserConnectionEnabled: false, browserName: chrome, chrome: {chromedriverVersion: 2.33.506120 (e3e53437346286..., userDataDir: C:\Users\Cornel\AppData\Loc...}, cssSelectorsEnabled: true, databaseEnabled: false, handlesAlerts: true, hasTouchScreen: false, javascriptEnabled: true, locationContextEnabled: true, mobileEmulationEnabled: false, nativeEvents: true, networkConnectionEnabled: false, pageLoadStrategy: normal, platform: XP, platformName: XP, rotatable: false, setWindowRect: true, takesHeapSnapshot: true, takesScreenshot: true, unexpectedAlertBehaviour: , unhandledPromptBehavior: , version: 62.0.3202.94, webStorageEnabled: true}
Session ID: 703a2fc7be2e59d60337bc5c35ee3db7)"/>
         <system-out><![CDATA[2017-11-28 15:56:23 - [TEST_CASE][FAILED] - Test Cases/PrimoTours/WB Primo/WB Primo staging - place booking - Iteration 10: Test Cases/PrimoTours/WB Primo/WB Primo staging - place booking FAILED because (of) Unable to click on object 'Object Repository/PrimoTours/ConfirmationPage/agreeTermsAndCondCheckbox' (Root cause: org.openqa.selenium.WebDriverException: unknown error: Element <a href="#" class="toggle checkbox kalypto"></a> is not clickable at point (395, 636). Other element would receive the click: <h2>...</h2>
  (Session info: chrome=62.0.3202.94)
  (Driver info: chromedriver=2.33.506120 (e3e53437346286c0bc2d2dc9aa4915ba81d9023f),platform=Windows NT 6.3.9600 x86_64) (WARNING: The server did not provide any stacktrace information)
Command duration or timeout: 0 milliseconds
Build info: version: '3.7.1', revision: '8a0099a', time: '2017-11-06T21:07:36.161Z'
System info: host: 'NEACSUNEW-PC', ip: '10.10.10.211', os.name: 'Windows 8.1', os.arch: 'amd64', os.version: '6.3', java.version: '1.8.0_102'
Driver info: com.kms.katalon.selenium.driver.CChromeDriver
Capabilities {acceptSslCerts: true, applicationCacheEnabled: false, browserConnectionEnabled: false, browserName: chrome, chrome: {chromedriverVersion: 2.33.506120 (e3e53437346286..., userDataDir: C:\Users\Cornel\AppData\Loc...}, cssSelectorsEnabled: true, databaseEnabled: false, handlesAlerts: true, hasTouchScreen: false, javascriptEnabled: true, locationContextEnabled: true, mobileEmulationEnabled: false, nativeEvents: true, networkConnectionEnabled: false, pageLoadStrategy: normal, platform: XP, platformName: XP, rotatable: false, setWindowRect: true, takesHeapSnapshot: true, takesScreenshot: true, unexpectedAlertBehaviour: , unhandledPromptBehavior: , version: 62.0.3202.94, webStorageEnabled: true}
Session ID: 703a2fc7be2e59d60337bc5c35ee3db7)

2017-11-28 15:56:23 - [TEST_STEP][PASSED] - openBrowser: Browser is opened with url: ''

2017-11-28 15:56:23 - [MESSAGE][WARNING] - A browser is already opened. Closing browser and opening a new one

2017-11-28 15:56:26 - [MESSAGE][PASSED] - Browser is opened with url: ''

2017-11-28 15:56:26 - [TEST_STEP][PASSED] - maximizeWindow: Current window maximized

2017-11-28 15:56:27 - [MESSAGE][PASSED] - Current window maximized

2017-11-28 15:56:27 - [TEST_STEP][PASSED] - navigateToUrl: Navigate to 'http://localhost:50029/DoBooking.aspx?pltaID=1480269&p=2&rno=1&pt=1&a=2&c=2&aa=&ca=1%2C5' successfully

2017-11-28 15:56:28 - [MESSAGE][PASSED] - Navigate to 'http://localhost:50029/DoBooking.aspx?pltaID=1480269&p=2&rno=1&pt=1&a=2&c=2&aa=&ca=1%2C5' successfully

2017-11-28 15:56:28 - [TEST_STEP][PASSED] - setText: Text 'Pedersen AUT' is set on object 'Object Repository/PrimoTours/Old Objects/Coco/PrimoT/Page_Primo Tours  Danmarks bedste c/input_firstName'

2017-11-28 15:56:28 - [MESSAGE][PASSED] - Text 'Pedersen AUT' is set on object 'Object Repository/PrimoTours/Old Objects/Coco/PrimoT/Page_Primo Tours  Danmarks bedste c/input_firstName'

2017-11-28 15:56:28 - [TEST_STEP][PASSED] - setText: Text 'Vibe Dalby' is set on object 'Object Repository/PrimoTours/Old Objects/Coco/PrimoT/Page_Primo Tours  Danmarks bedste c/input_lastName'

2017-11-28 15:56:28 - [MESSAGE][PASSED] - Text 'Vibe Dalby' is set on object 'Object Repository/PrimoTours/Old Objects/Coco/PrimoT/Page_Primo Tours  Danmarks bedste c/input_lastName'

2017-11-28 15:56:28 - [TEST_STEP][PASSED] - setText: Text 'Home address' is set on object 'Object Repository/PrimoTours/Old Objects/Coco/PrimoT/Page_Primo Tours  Danmarks bedste c/input_customerAddress'

2017-11-28 15:56:29 - [MESSAGE][PASSED] - Text 'Home address' is set on object 'Object Repository/PrimoTours/Old Objects/Coco/PrimoT/Page_Primo Tours  Danmarks bedste c/input_customerAddress'

2017-11-28 15:56:29 - [TEST_STEP][PASSED] - setText: Text '6700' is set on object 'Object Repository/PrimoTours/Old Objects/Coco/PrimoT/Page_Primo Tours  Danmarks bedste c/input_customerPostcode'

2017-11-28 15:56:29 - [MESSAGE][PASSED] - Text '6700' is set on object 'Object Repository/PrimoTours/Old Objects/Coco/PrimoT/Page_Primo Tours  Danmarks bedste c/input_customerPostcode'

2017-11-28 15:56:29 - [TEST_STEP][PASSED] - setText: Text 'cornel.neacsu@roweb.ro' is set on object 'Object Repository/PrimoTours/Old Objects/Coco/PrimoT/Page_Primo Tours  Danmarks bedste c/input_customerEmail'

2017-11-28 15:56:29 - [MESSAGE][PASSED] - Text 'cornel.neacsu@roweb.ro' is set on object 'Object Repository/PrimoTours/Old Objects/Coco/PrimoT/Page_Primo Tours  Danmarks bedste c/input_customerEmail'

2017-11-28 15:56:29 - [TEST_STEP][PASSED] - setText: Text '12345678' is set on object 'Object Repository/PrimoTours/Old Objects/Coco/PrimoT/Page_Primo Tours  Danmarks bedste c/input_customerPhone'

2017-11-28 15:56:30 - [MESSAGE][PASSED] - Text '12345678' is set on object 'Object Repository/PrimoTours/Old Objects/Coco/PrimoT/Page_Primo Tours  Danmarks bedste c/input_customerPhone'

2017-11-28 15:56:30 - [TEST_STEP][PASSED] - Statement - excelInfo = ["fname":"", "lname":"", "pgender":"", "pday":"", "pmonth":"", "pyear":""]: null

2017-11-28 15:56:30 - [TEST_STEP][PASSED] - Statement - rawData = com.kms.katalon.core.testdata.TestDataFactory.findTestData("Data Files/WB_Primo/Passenger_details"): Reading excel file with source file 'D:\Software testing\Tourpaq\Automated Katalon tests\Primo WB test\Data Files\Primo_URLs_For_Automated_Test.xls' and sheet name 'Passenger Names'

2017-11-28 15:56:30 - [TEST_STEP][PASSED] - Statement - excelRowNo = rawData.getRowNumbers(): null

2017-11-28 15:56:30 - [TEST_STEP][PASSED] - Statement - randomPaxIndex = 1: null

2017-11-28 15:56:30 - [TEST_STEP][PASSED] - waitForElementClickable: Object 'Object Repository/PrimoTours/Old Objects/Coco/PrimoT/Page_Primo Tours  Danmarks bedste c/input_firstname-0_1' is clickable

2017-11-28 15:56:31 - [MESSAGE][PASSED] - Object 'Object Repository/PrimoTours/Old Objects/Coco/PrimoT/Page_Primo Tours  Danmarks bedste c/input_firstname-0_1' is clickable

2017-11-28 15:56:31 - [TEST_STEP][PASSED] - Statement - driver = com.kms.katalon.core.webui.driver.DriverFactory.getWebDriver(): null

2017-11-28 15:56:31 - [TEST_STEP][PASSED] - Statement - roomContainerXpath = "id("booking")/div[@class="wrapper second-bg"]/div[contains(@class,"container-mx")]/div[@class="row"]/div[@class="col-md-12 roomContainer"]": null

2017-11-28 15:56:31 - [TEST_STEP][PASSED] - Statement - roomsCount = driver.findElements(org.openqa.selenium.By.xpath(roomContainerXpath)).size(): null

2017-11-28 15:56:31 - [TEST_STEP][PASSED] - Statement - println("roomsCount=" + roomsCount): null

2017-11-28 15:56:31 - [TEST_STEP][PASSED] - Statement - For ([i = 1, i <= roomsCount, (i++)]): Text 'Michael' is set on object 'Object Repository/PrimoTours/Old Objects/allPaxLastNameFields'

2017-11-28 15:56:31 - [TEST_STEP][PASSED] - Statement - paxInRoomXpath = roomContainerXpath + "[" + i + "]/div[@class="row"]/div[@class="col-md-12"]/div[@class="row"]": null

2017-11-28 15:56:31 - [TEST_STEP][PASSED] - Statement - paxInRoomCount = driver.findElements(org.openqa.selenium.By.xpath(paxInRoomXpath)).size(): null

2017-11-28 15:56:31 - [TEST_STEP][PASSED] - Statement - println("paxInRoomCount=" + paxInRoomCount): null

2017-11-28 15:56:31 - [TEST_STEP][PASSED] - Statement - For ([j = 1, j <= paxInRoomCount, (j++)]): Text 'Michael' is set on object 'Object Repository/PrimoTours/Old Objects/allPaxLastNameFields'

2017-11-28 15:56:31 - [TEST_STEP][PASSED] - Statement - If (i == 1 & j == 1): null

2017-11-28 15:56:31 - [TEST_STEP][PASSED] - Statement - <not implemented yet for class: org.codehaus.groovy.ast.stmt.ContinueStatement>: null

2017-11-28 15:56:31 - [TEST_STEP][PASSED] - Statement - If (i == 1 & j == 1): null

2017-11-28 15:56:31 - [TEST_STEP][PASSED] - Statement - randomPaxIndex = java.lang.Math.abs(new java.util.Random().nextInt() % excelRowNo) + 1: null

2017-11-28 15:56:31 - [TEST_STEP][PASSED] - Statement - println(randomPaxIndex): null

2017-11-28 15:56:31 - [TEST_STEP][PASSED] - Statement - fname = rawData.getValue("FirstName", randomPaxIndex) + " AUT": null

2017-11-28 15:56:31 - [TEST_STEP][PASSED] - Statement - lname = rawData.getValue("LastName", randomPaxIndex): null

2017-11-28 15:56:31 - [TEST_STEP][PASSED] - Statement - pgender = rawData.getValue("Gender", randomPaxIndex): null

2017-11-28 15:56:31 - [TEST_STEP][PASSED] - Statement - pday = rawData.getValue("Day DOB", randomPaxIndex): null

2017-11-28 15:56:31 - [TEST_STEP][PASSED] - Statement - pmonth = rawData.getValue("Month DOB", randomPaxIndex): null

2017-11-28 15:56:31 - [TEST_STEP][PASSED] - Statement - pyear = rawData.getValue("Year DOB", randomPaxIndex): null

2017-11-28 15:56:31 - [TEST_STEP][PASSED] - Statement - paxDetailFields = paxInRoomXpath + "[" + j + "]/div[@class="col-md-x col-md-9"]/div[@class="row paxContainer"]/div[@class="col-md-5"]": null

2017-11-28 15:56:31 - [TEST_STEP][PASSED] - Statement - xpathval = paxDetailFields + "[1]/div[contains(@class,"form-group")]/input[@class="form-control paxFirstName"]": null

2017-11-28 15:56:31 - [TEST_STEP][PASSED] - Statement - println("fn: " + xpathval): null

2017-11-28 15:56:31 - [TEST_STEP][PASSED] - Statement - repObj = com.kms.katalon.core.testobject.ObjectRepository.findTestObject(Object Repository/PrimoTours/Old Objects/allPaxFirstNameFields): Finding Test Object with id 'Object Repository/PrimoTours/Old Objects/allPaxFirstNameFields'

2017-11-28 15:56:31 - [TEST_STEP][PASSED] - Statement - repObj.findProperty("xpath").setValue(xpathval): null

2017-11-28 15:56:31 - [TEST_STEP][PASSED] - setText: Text 'Heidemand AUT' is set on object 'Object Repository/PrimoTours/Old Objects/allPaxFirstNameFields'

2017-11-28 15:56:31 - [MESSAGE][PASSED] - Text 'Heidemand AUT' is set on object 'Object Repository/PrimoTours/Old Objects/allPaxFirstNameFields'

2017-11-28 15:56:31 - [TEST_STEP][PASSED] - Statement - xpathval = paxDetailFields + "[2]/div[contains(@class,"form-group")]/input[@class="form-control paxLastName"]": null

2017-11-28 15:56:31 - [TEST_STEP][PASSED] - Statement - println("ln: " + xpathval): null

2017-11-28 15:56:31 - [TEST_STEP][PASSED] - Statement - repObj = com.kms.katalon.core.testobject.ObjectRepository.findTestObject(Object Repository/PrimoTours/Old Objects/allPaxLastNameFields): Finding Test Object with id 'Object Repository/PrimoTours/Old Objects/allPaxLastNameFields'

2017-11-28 15:56:31 - [TEST_STEP][PASSED] - Statement - repObj.findProperty("xpath").setValue(xpathval): null

2017-11-28 15:56:31 - [TEST_STEP][PASSED] - setText: Text 'Klaus Heliodor Hindborg' is set on object 'Object Repository/PrimoTours/Old Objects/allPaxLastNameFields'

2017-11-28 15:56:32 - [MESSAGE][PASSED] - Text 'Klaus Heliodor Hindborg' is set on object 'Object Repository/PrimoTours/Old Objects/allPaxLastNameFields'

2017-11-28 15:56:32 - [TEST_STEP][PASSED] - Statement - If (i == 1 & j == 1): null

2017-11-28 15:56:32 - [TEST_STEP][PASSED] - Statement - randomPaxIndex = java.lang.Math.abs(new java.util.Random().nextInt() % excelRowNo) + 1: null

2017-11-28 15:56:32 - [TEST_STEP][PASSED] - Statement - println(randomPaxIndex): null

2017-11-28 15:56:32 - [TEST_STEP][PASSED] - Statement - fname = rawData.getValue("FirstName", randomPaxIndex) + " AUT": null

2017-11-28 15:56:32 - [TEST_STEP][PASSED] - Statement - lname = rawData.getValue("LastName", randomPaxIndex): null

2017-11-28 15:56:32 - [TEST_STEP][PASSED] - Statement - pgender = rawData.getValue("Gender", randomPaxIndex): null

2017-11-28 15:56:32 - [TEST_STEP][PASSED] - Statement - pday = rawData.getValue("Day DOB", randomPaxIndex): null

2017-11-28 15:56:32 - [TEST_STEP][PASSED] - Statement - pmonth = rawData.getValue("Month DOB", randomPaxIndex): null

2017-11-28 15:56:32 - [TEST_STEP][PASSED] - Statement - pyear = rawData.getValue("Year DOB", randomPaxIndex): null

2017-11-28 15:56:32 - [TEST_STEP][PASSED] - Statement - paxDetailFields = paxInRoomXpath + "[" + j + "]/div[@class="col-md-x col-md-9"]/div[@class="row paxContainer"]/div[@class="col-md-5"]": null

2017-11-28 15:56:32 - [TEST_STEP][PASSED] - Statement - xpathval = paxDetailFields + "[1]/div[contains(@class,"form-group")]/input[@class="form-control paxFirstName"]": null

2017-11-28 15:56:32 - [TEST_STEP][PASSED] - Statement - println("fn: " + xpathval): null

2017-11-28 15:56:32 - [TEST_STEP][PASSED] - Statement - repObj = com.kms.katalon.core.testobject.ObjectRepository.findTestObject(Object Repository/PrimoTours/Old Objects/allPaxFirstNameFields): Finding Test Object with id 'Object Repository/PrimoTours/Old Objects/allPaxFirstNameFields'

2017-11-28 15:56:32 - [TEST_STEP][PASSED] - Statement - repObj.findProperty("xpath").setValue(xpathval): null

2017-11-28 15:56:32 - [TEST_STEP][PASSED] - setText: Text 'Bang AUT' is set on object 'Object Repository/PrimoTours/Old Objects/allPaxFirstNameFields'

2017-11-28 15:56:32 - [MESSAGE][PASSED] - Text 'Bang AUT' is set on object 'Object Repository/PrimoTours/Old Objects/allPaxFirstNameFields'

2017-11-28 15:56:32 - [TEST_STEP][PASSED] - Statement - xpathval = paxDetailFields + "[2]/div[contains(@class,"form-group")]/input[@class="form-control paxLastName"]": null

2017-11-28 15:56:32 - [TEST_STEP][PASSED] - Statement - println("ln: " + xpathval): null

2017-11-28 15:56:32 - [TEST_STEP][PASSED] - Statement - repObj = com.kms.katalon.core.testobject.ObjectRepository.findTestObject(Object Repository/PrimoTours/Old Objects/allPaxLastNameFields): Finding Test Object with id 'Object Repository/PrimoTours/Old Objects/allPaxLastNameFields'

2017-11-28 15:56:32 - [TEST_STEP][PASSED] - Statement - repObj.findProperty("xpath").setValue(xpathval): null

2017-11-28 15:56:32 - [TEST_STEP][PASSED] - setText: Text 'Marianne' is set on object 'Object Repository/PrimoTours/Old Objects/allPaxLastNameFields'

2017-11-28 15:56:32 - [MESSAGE][PASSED] - Text 'Marianne' is set on object 'Object Repository/PrimoTours/Old Objects/allPaxLastNameFields'

2017-11-28 15:56:32 - [TEST_STEP][PASSED] - Statement - If (i == 1 & j == 1): null

2017-11-28 15:56:32 - [TEST_STEP][PASSED] - Statement - randomPaxIndex = java.lang.Math.abs(new java.util.Random().nextInt() % excelRowNo) + 1: null

2017-11-28 15:56:32 - [TEST_STEP][PASSED] - Statement - println(randomPaxIndex): null

2017-11-28 15:56:32 - [TEST_STEP][PASSED] - Statement - fname = rawData.getValue("FirstName", randomPaxIndex) + " AUT": null

2017-11-28 15:56:32 - [TEST_STEP][PASSED] - Statement - lname = rawData.getValue("LastName", randomPaxIndex): null

2017-11-28 15:56:32 - [TEST_STEP][PASSED] - Statement - pgender = rawData.getValue("Gender", randomPaxIndex): null

2017-11-28 15:56:32 - [TEST_STEP][PASSED] - Statement - pday = rawData.getValue("Day DOB", randomPaxIndex): null

2017-11-28 15:56:32 - [TEST_STEP][PASSED] - Statement - pmonth = rawData.getValue("Month DOB", randomPaxIndex): null

2017-11-28 15:56:32 - [TEST_STEP][PASSED] - Statement - pyear = rawData.getValue("Year DOB", randomPaxIndex): null

2017-11-28 15:56:32 - [TEST_STEP][PASSED] - Statement - paxDetailFields = paxInRoomXpath + "[" + j + "]/div[@class="col-md-x col-md-9"]/div[@class="row paxContainer"]/div[@class="col-md-5"]": null

2017-11-28 15:56:32 - [TEST_STEP][PASSED] - Statement - xpathval = paxDetailFields + "[1]/div[contains(@class,"form-group")]/input[@class="form-control paxFirstName"]": null

2017-11-28 15:56:32 - [TEST_STEP][PASSED] - Statement - println("fn: " + xpathval): null

2017-11-28 15:56:32 - [TEST_STEP][PASSED] - Statement - repObj = com.kms.katalon.core.testobject.ObjectRepository.findTestObject(Object Repository/PrimoTours/Old Objects/allPaxFirstNameFields): Finding Test Object with id 'Object Repository/PrimoTours/Old Objects/allPaxFirstNameFields'

2017-11-28 15:56:32 - [TEST_STEP][PASSED] - Statement - repObj.findProperty("xpath").setValue(xpathval): null

2017-11-28 15:56:32 - [TEST_STEP][PASSED] - setText: Text 'Christensen AUT' is set on object 'Object Repository/PrimoTours/Old Objects/allPaxFirstNameFields'

2017-11-28 15:56:32 - [MESSAGE][PASSED] - Text 'Christensen AUT' is set on object 'Object Repository/PrimoTours/Old Objects/allPaxFirstNameFields'

2017-11-28 15:56:32 - [TEST_STEP][PASSED] - Statement - xpathval = paxDetailFields + "[2]/div[contains(@class,"form-group")]/input[@class="form-control paxLastName"]": null

2017-11-28 15:56:32 - [TEST_STEP][PASSED] - Statement - println("ln: " + xpathval): null

2017-11-28 15:56:32 - [TEST_STEP][PASSED] - Statement - repObj = com.kms.katalon.core.testobject.ObjectRepository.findTestObject(Object Repository/PrimoTours/Old Objects/allPaxLastNameFields): Finding Test Object with id 'Object Repository/PrimoTours/Old Objects/allPaxLastNameFields'

2017-11-28 15:56:32 - [TEST_STEP][PASSED] - Statement - repObj.findProperty("xpath").setValue(xpathval): null

2017-11-28 15:56:32 - [TEST_STEP][PASSED] - setText: Text 'Michael' is set on object 'Object Repository/PrimoTours/Old Objects/allPaxLastNameFields'

2017-11-28 15:56:33 - [MESSAGE][PASSED] - Text 'Michael' is set on object 'Object Repository/PrimoTours/Old Objects/allPaxLastNameFields'

2017-11-28 15:56:33 - [TEST_STEP][PASSED] - scrollToElement: Scroll to object 'Object Repository/PrimoTours/Old Objects/Coco (1)/PrimoT/SaveBooking2/Success/bookingTotalValue' successfully

2017-11-28 15:56:33 - [MESSAGE][PASSED] - Scroll to object 'Object Repository/PrimoTours/Old Objects/Coco (1)/PrimoT/SaveBooking2/Success/bookingTotalValue' successfully

2017-11-28 15:56:33 - [TEST_STEP][PASSED] - click: Object: 'Object Repository/PrimoTours/Old Objects/Coco (1)/PrimoT/SaveBooking2/Success/bookingTotalValue' is clicked on

2017-11-28 15:56:33 - [MESSAGE][PASSED] - Object: 'Object Repository/PrimoTours/Old Objects/Coco (1)/PrimoT/SaveBooking2/Success/bookingTotalValue' is clicked on

2017-11-28 15:56:33 - [TEST_STEP][PASSED] - scrollToElement: Scroll to object 'Object Repository/PrimoTours/Old Objects/Coco (1)/PrimoT/SaveBooking2/Success/Page_Primo Tours  Danmarks bedste c/i_fa fa-arrow-circle-right' successfully

2017-11-28 15:56:33 - [MESSAGE][PASSED] - Scroll to object 'Object Repository/PrimoTours/Old Objects/Coco (1)/PrimoT/SaveBooking2/Success/Page_Primo Tours  Danmarks bedste c/i_fa fa-arrow-circle-right' successfully

2017-11-28 15:56:33 - [TEST_STEP][PASSED] - waitForElementClickable: Object 'Object Repository/PrimoTours/Old Objects/Coco (1)/PrimoT/SaveBooking2/Success/Page_Primo Tours  Danmarks bedste c/i_fa fa-arrow-circle-right' is clickable

2017-11-28 15:56:33 - [MESSAGE][PASSED] - Object 'Object Repository/PrimoTours/Old Objects/Coco (1)/PrimoT/SaveBooking2/Success/Page_Primo Tours  Danmarks bedste c/i_fa fa-arrow-circle-right' is clickable

2017-11-28 15:56:33 - [TEST_STEP][PASSED] - waitForElementVisible: Object 'Object Repository/PrimoTours/Old Objects/Coco (1)/PrimoT/SaveBooking2/Success/Page_Primo Tours  Danmarks bedste c/i_fa fa-arrow-circle-right' is visible

2017-11-28 15:56:33 - [MESSAGE][PASSED] - Object 'Object Repository/PrimoTours/Old Objects/Coco (1)/PrimoT/SaveBooking2/Success/Page_Primo Tours  Danmarks bedste c/i_fa fa-arrow-circle-right' is visible

2017-11-28 15:56:33 - [TEST_STEP][PASSED] - scrollToElement: Scroll to object 'Object Repository/PrimoTours/Old Objects/Coco (1)/PrimoT/SaveBooking2/Success/Page_Primo Tours  Danmarks bedste c/i_fa fa-arrow-circle-right' successfully

2017-11-28 15:56:33 - [MESSAGE][PASSED] - Scroll to object 'Object Repository/PrimoTours/Old Objects/Coco (1)/PrimoT/SaveBooking2/Success/Page_Primo Tours  Danmarks bedste c/i_fa fa-arrow-circle-right' successfully

2017-11-28 15:56:33 - [TEST_STEP][PASSED] - click: Object: 'Object Repository/PrimoTours/Old Objects/Coco (1)/PrimoT/SaveBooking2/Success/Page_Primo Tours  Danmarks bedste c/i_fa fa-arrow-circle-right' is clicked on

2017-11-28 15:56:33 - [MESSAGE][PASSED] - Object: 'Object Repository/PrimoTours/Old Objects/Coco (1)/PrimoT/SaveBooking2/Success/Page_Primo Tours  Danmarks bedste c/i_fa fa-arrow-circle-right' is clicked on

2017-11-28 15:56:33 - [TEST_STEP][PASSED] - waitForElementNotVisible: Object 'Object Repository/PrimoTours/Old Objects/CCenter/pageLoaderOverlayLayer' is NOT visible

2017-11-28 15:56:34 - [MESSAGE][PASSED] - Object 'Object Repository/PrimoTours/Old Objects/CCenter/pageLoaderOverlayLayer' is NOT visible

2017-11-28 15:56:34 - [TEST_STEP][PASSED] - scrollToElement: Scroll to object 'Object Repository/PrimoTours/Old Objects/Coco/PrimoT/Ins2/Page_Primo Tours  Danmarks bedste c/travelInsuranceFirstPaxSelector' successfully

2017-11-28 15:56:34 - [MESSAGE][PASSED] - Scroll to object 'Object Repository/PrimoTours/Old Objects/Coco/PrimoT/Ins2/Page_Primo Tours  Danmarks bedste c/travelInsuranceFirstPaxSelector' successfully

2017-11-28 15:56:34 - [TEST_STEP][PASSED] - waitForElementPresent: Object 'Object Repository/PrimoTours/Old Objects/Coco/PrimoT/Ins2/Page_Primo Tours  Danmarks bedste c/travelInsuranceFirstPaxSelector' is present

2017-11-28 15:56:34 - [MESSAGE][PASSED] - Object 'Object Repository/PrimoTours/Old Objects/Coco/PrimoT/Ins2/Page_Primo Tours  Danmarks bedste c/travelInsuranceFirstPaxSelector' is present

2017-11-28 15:56:34 - [TEST_STEP][PASSED] - waitForElementVisible: Object 'Object Repository/PrimoTours/Old Objects/Coco/PrimoT/Ins2/Page_Primo Tours  Danmarks bedste c/travelInsuranceFirstPaxSelector' is visible

2017-11-28 15:56:34 - [MESSAGE][PASSED] - Object 'Object Repository/PrimoTours/Old Objects/Coco/PrimoT/Ins2/Page_Primo Tours  Danmarks bedste c/travelInsuranceFirstPaxSelector' is visible

2017-11-28 15:56:34 - [TEST_STEP][PASSED] - waitForElementClickable: Object 'Object Repository/PrimoTours/Old Objects/Coco/PrimoT/Ins2/Page_Primo Tours  Danmarks bedste c/travelInsuranceFirstPaxSelector' is clickable

2017-11-28 15:56:34 - [MESSAGE][PASSED] - Object 'Object Repository/PrimoTours/Old Objects/Coco/PrimoT/Ins2/Page_Primo Tours  Danmarks bedste c/travelInsuranceFirstPaxSelector' is clickable

2017-11-28 15:56:34 - [TEST_STEP][PASSED] - click: Object: 'Object Repository/PrimoTours/Old Objects/Coco/PrimoT/Ins2/Page_Primo Tours  Danmarks bedste c/travelInsuranceFirstPaxSelector' is clicked on

2017-11-28 15:56:34 - [MESSAGE][PASSED] - Object: 'Object Repository/PrimoTours/Old Objects/Coco/PrimoT/Ins2/Page_Primo Tours  Danmarks bedste c/travelInsuranceFirstPaxSelector' is clicked on

2017-11-28 15:56:34 - [TEST_STEP][PASSED] - click: Object: 'Object Repository/PrimoTours/Old Objects/Coco/PrimoT/Ins2/Page_Primo Tours  Danmarks bedste c/li_Har selv forsikring - kr. 0' is clicked on

2017-11-28 15:56:34 - [MESSAGE][PASSED] - Object: 'Object Repository/PrimoTours/Old Objects/Coco/PrimoT/Ins2/Page_Primo Tours  Danmarks bedste c/li_Har selv forsikring - kr. 0' is clicked on

2017-11-28 15:56:34 - [TEST_STEP][NOT_RUN] - click: NOT_RUN: click

2017-11-28 15:56:34 - [MESSAGE][NOT_RUN] - NOT_RUN: click

2017-11-28 15:56:34 - [TEST_STEP][NOT_RUN] - scrollToElement: NOT_RUN: scrollToElement

2017-11-28 15:56:34 - [MESSAGE][NOT_RUN] - NOT_RUN: scrollToElement

2017-11-28 15:56:34 - [TEST_STEP][NOT_RUN] - click: NOT_RUN: click

2017-11-28 15:56:34 - [MESSAGE][NOT_RUN] - NOT_RUN: click

2017-11-28 15:56:34 - [TEST_STEP][PASSED] - waitForElementVisible: Object 'Object Repository/PrimoTours/Old Objects/Coco (1)/PrimoT/SaveBooking2/Page_Primo Tours  Danmarks bedste c/individualInsuranceCheckbox' is visible

2017-11-28 15:56:34 - [MESSAGE][PASSED] - Object 'Object Repository/PrimoTours/Old Objects/Coco (1)/PrimoT/SaveBooking2/Page_Primo Tours  Danmarks bedste c/individualInsuranceCheckbox' is visible

2017-11-28 15:56:34 - [TEST_STEP][PASSED] - scrollToElement: Scroll to object 'Object Repository/PrimoTours/Old Objects/Coco (1)/PrimoT/SaveBooking2/Page_Primo Tours  Danmarks bedste c/individualInsuranceCheckbox' successfully

2017-11-28 15:56:34 - [MESSAGE][PASSED] - Scroll to object 'Object Repository/PrimoTours/Old Objects/Coco (1)/PrimoT/SaveBooking2/Page_Primo Tours  Danmarks bedste c/individualInsuranceCheckbox' successfully

2017-11-28 15:56:34 - [TEST_STEP][PASSED] - click: Object: 'Object Repository/PrimoTours/Old Objects/Coco (1)/PrimoT/SaveBooking2/Page_Primo Tours  Danmarks bedste c/individualInsuranceCheckbox' is clicked on

2017-11-28 15:56:35 - [MESSAGE][PASSED] - Object: 'Object Repository/PrimoTours/Old Objects/Coco (1)/PrimoT/SaveBooking2/Page_Primo Tours  Danmarks bedste c/individualInsuranceCheckbox' is clicked on

2017-11-28 15:56:35 - [TEST_STEP][PASSED] - scrollToElement: Scroll to object 'Object Repository/PrimoTours/Old Objects/Coco (1)/PrimoT/SaveBooking2/Success/firstProdCategIndividualSelectionRadioB' successfully

2017-11-28 15:56:35 - [MESSAGE][PASSED] - Scroll to object 'Object Repository/PrimoTours/Old Objects/Coco (1)/PrimoT/SaveBooking2/Success/firstProdCategIndividualSelectionRadioB' successfully

2017-11-28 15:56:35 - [TEST_STEP][PASSED] - waitForElementClickable: Object 'Object Repository/PrimoTours/Old Objects/Coco (1)/PrimoT/SaveBooking2/Success/firstProdCategIndividualSelectionRadioB' is clickable

2017-11-28 15:56:35 - [MESSAGE][PASSED] - Object 'Object Repository/PrimoTours/Old Objects/Coco (1)/PrimoT/SaveBooking2/Success/firstProdCategIndividualSelectionRadioB' is clickable

2017-11-28 15:56:35 - [TEST_STEP][PASSED] - scrollToElement: Scroll to object 'Object Repository/PrimoTours/Old Objects/Coco (1)/PrimoT/SaveBooking2/Success/firstProdCategIndividualSelectionRadioB' successfully

2017-11-28 15:56:35 - [MESSAGE][PASSED] - Scroll to object 'Object Repository/PrimoTours/Old Objects/Coco (1)/PrimoT/SaveBooking2/Success/firstProdCategIndividualSelectionRadioB' successfully

2017-11-28 15:56:35 - [TEST_STEP][PASSED] - click: Object: 'Object Repository/PrimoTours/Old Objects/Coco (1)/PrimoT/SaveBooking2/Success/firstProdCategIndividualSelectionRadioB' is clicked on

2017-11-28 15:56:35 - [MESSAGE][PASSED] - Object: 'Object Repository/PrimoTours/Old Objects/Coco (1)/PrimoT/SaveBooking2/Success/firstProdCategIndividualSelectionRadioB' is clicked on

2017-11-28 15:56:35 - [TEST_STEP][PASSED] - scrollToElement: Scroll to object 'Object Repository/PrimoTours/Old Objects/Coco (1)/PrimoT/SaveBooking2/Success/firstProdCategSelectForAllPaxCheckbox' successfully

2017-11-28 15:56:35 - [MESSAGE][PASSED] - Scroll to object 'Object Repository/PrimoTours/Old Objects/Coco (1)/PrimoT/SaveBooking2/Success/firstProdCategSelectForAllPaxCheckbox' successfully

2017-11-28 15:56:35 - [TEST_STEP][PASSED] - waitForElementClickable: Object 'Object Repository/PrimoTours/Old Objects/Coco (1)/PrimoT/SaveBooking2/Success/firstProdCategSelectForAllPaxCheckbox' is clickable

2017-11-28 15:56:35 - [MESSAGE][PASSED] - Object 'Object Repository/PrimoTours/Old Objects/Coco (1)/PrimoT/SaveBooking2/Success/firstProdCategSelectForAllPaxCheckbox' is clickable

2017-11-28 15:56:35 - [TEST_STEP][PASSED] - click: Object: 'Object Repository/PrimoTours/Old Objects/Coco (1)/PrimoT/SaveBooking2/Success/firstProdCategSelectForAllPaxCheckbox' is clicked on

2017-11-28 15:56:35 - [MESSAGE][PASSED] - Object: 'Object Repository/PrimoTours/Old Objects/Coco (1)/PrimoT/SaveBooking2/Success/firstProdCategSelectForAllPaxCheckbox' is clicked on

2017-11-28 15:56:35 - [TEST_STEP][NOT_RUN] - scrollToElement: NOT_RUN: scrollToElement

2017-11-28 15:56:35 - [MESSAGE][NOT_RUN] - NOT_RUN: scrollToElement

2017-11-28 15:56:35 - [TEST_STEP][NOT_RUN] - scrollToElement: NOT_RUN: scrollToElement

2017-11-28 15:56:35 - [MESSAGE][NOT_RUN] - NOT_RUN: scrollToElement

2017-11-28 15:56:35 - [TEST_STEP][NOT_RUN] - click: NOT_RUN: click

2017-11-28 15:56:35 - [MESSAGE][NOT_RUN] - NOT_RUN: click

2017-11-28 15:56:35 - [TEST_STEP][PASSED] - scrollToElement: Scroll to object 'Object Repository/PrimoTours/ConfirmationPage/agreeTermsAndCondCheckbox' successfully

2017-11-28 15:56:35 - [MESSAGE][PASSED] - Scroll to object 'Object Repository/PrimoTours/ConfirmationPage/agreeTermsAndCondCheckbox' successfully

2017-11-28 15:56:35 - [TEST_STEP][FAILED] - click: Unable to click on object 'Object Repository/PrimoTours/ConfirmationPage/agreeTermsAndCondCheckbox' (Root cause: org.openqa.selenium.WebDriverException: unknown error: Element <a href="#" class="toggle checkbox kalypto"></a> is not clickable at point (395, 636). Other element would receive the click: <h2>...</h2>
  (Session info: chrome=62.0.3202.94)
  (Driver info: chromedriver=2.33.506120 (e3e53437346286c0bc2d2dc9aa4915ba81d9023f),platform=Windows NT 6.3.9600 x86_64) (WARNING: The server did not provide any stacktrace information)
Command duration or timeout: 0 milliseconds
Build info: version: '3.7.1', revision: '8a0099a', time: '2017-11-06T21:07:36.161Z'
System info: host: 'NEACSUNEW-PC', ip: '10.10.10.211', os.name: 'Windows 8.1', os.arch: 'amd64', os.version: '6.3', java.version: '1.8.0_102'
Driver info: com.kms.katalon.selenium.driver.CChromeDriver
Capabilities {acceptSslCerts: true, applicationCacheEnabled: false, browserConnectionEnabled: false, browserName: chrome, chrome: {chromedriverVersion: 2.33.506120 (e3e53437346286..., userDataDir: C:\Users\Cornel\AppData\Loc...}, cssSelectorsEnabled: true, databaseEnabled: false, handlesAlerts: true, hasTouchScreen: false, javascriptEnabled: true, locationContextEnabled: true, mobileEmulationEnabled: false, nativeEvents: true, networkConnectionEnabled: false, pageLoadStrategy: normal, platform: XP, platformName: XP, rotatable: false, setWindowRect: true, takesHeapSnapshot: true, takesScreenshot: true, unexpectedAlertBehaviour: , unhandledPromptBehavior: , version: 62.0.3202.94, webStorageEnabled: true}
Session ID: 703a2fc7be2e59d60337bc5c35ee3db7)

2017-11-28 15:56:36 - [MESSAGE][FAILED] - Unable to click on object 'Object Repository/PrimoTours/ConfirmationPage/agreeTermsAndCondCheckbox' (Root cause: org.openqa.selenium.WebDriverException: unknown error: Element <a href="#" class="toggle checkbox kalypto"></a> is not clickable at point (395, 636). Other element would receive the click: <h2>...</h2>
  (Session info: chrome=62.0.3202.94)
  (Driver info: chromedriver=2.33.506120 (e3e53437346286c0bc2d2dc9aa4915ba81d9023f),platform=Windows NT 6.3.9600 x86_64) (WARNING: The server did not provide any stacktrace information)
Command duration or timeout: 0 milliseconds
Build info: version: '3.7.1', revision: '8a0099a', time: '2017-11-06T21:07:36.161Z'
System info: host: 'NEACSUNEW-PC', ip: '10.10.10.211', os.name: 'Windows 8.1', os.arch: 'amd64', os.version: '6.3', java.version: '1.8.0_102'
Driver info: com.kms.katalon.selenium.driver.CChromeDriver
Capabilities {acceptSslCerts: true, applicationCacheEnabled: false, browserConnectionEnabled: false, browserName: chrome, chrome: {chromedriverVersion: 2.33.506120 (e3e53437346286..., userDataDir: C:\Users\Cornel\AppData\Loc...}, cssSelectorsEnabled: true, databaseEnabled: false, handlesAlerts: true, hasTouchScreen: false, javascriptEnabled: true, locationContextEnabled: true, mobileEmulationEnabled: false, nativeEvents: true, networkConnectionEnabled: false, pageLoadStrategy: normal, platform: XP, platformName: XP, rotatable: false, setWindowRect: true, takesHeapSnapshot: true, takesScreenshot: true, unexpectedAlertBehaviour: , unhandledPromptBehavior: , version: 62.0.3202.94, webStorageEnabled: true}
Session ID: 703a2fc7be2e59d60337bc5c35ee3db7)
[[ATTACHMENT|D:\\Software testing\\Tourpaq\\Automated Katalon tests\\Primo WB test\\Reports\\WB Primo From Excel URLs\\20171128_155250\\1511877396040.png]]]]></system-out>
         <system-err><![CDATA[2017-11-28 15:56:23 - [TEST_CASE][FAILED] - Test Cases/PrimoTours/WB Primo/WB Primo staging - place booking - Iteration 10: Test Cases/PrimoTours/WB Primo/WB Primo staging - place booking FAILED because (of) Unable to click on object 'Object Repository/PrimoTours/ConfirmationPage/agreeTermsAndCondCheckbox' (Root cause: org.openqa.selenium.WebDriverException: unknown error: Element <a href="#" class="toggle checkbox kalypto"></a> is not clickable at point (395, 636). Other element would receive the click: <h2>...</h2>
  (Session info: chrome=62.0.3202.94)
  (Driver info: chromedriver=2.33.506120 (e3e53437346286c0bc2d2dc9aa4915ba81d9023f),platform=Windows NT 6.3.9600 x86_64) (WARNING: The server did not provide any stacktrace information)
Command duration or timeout: 0 milliseconds
Build info: version: '3.7.1', revision: '8a0099a', time: '2017-11-06T21:07:36.161Z'
System info: host: 'NEACSUNEW-PC', ip: '10.10.10.211', os.name: 'Windows 8.1', os.arch: 'amd64', os.version: '6.3', java.version: '1.8.0_102'
Driver info: com.kms.katalon.selenium.driver.CChromeDriver
Capabilities {acceptSslCerts: true, applicationCacheEnabled: false, browserConnectionEnabled: false, browserName: chrome, chrome: {chromedriverVersion: 2.33.506120 (e3e53437346286..., userDataDir: C:\Users\Cornel\AppData\Loc...}, cssSelectorsEnabled: true, databaseEnabled: false, handlesAlerts: true, hasTouchScreen: false, javascriptEnabled: true, locationContextEnabled: true, mobileEmulationEnabled: false, nativeEvents: true, networkConnectionEnabled: false, pageLoadStrategy: normal, platform: XP, platformName: XP, rotatable: false, setWindowRect: true, takesHeapSnapshot: true, takesScreenshot: true, unexpectedAlertBehaviour: , unhandledPromptBehavior: , version: 62.0.3202.94, webStorageEnabled: true}
Session ID: 703a2fc7be2e59d60337bc5c35ee3db7)]]></system-err>
      </testcase>
      <testcase name="Test Cases/PrimoTours/WB Primo/WB Primo staging - place booking - Iteration 11" classname="Test Cases/PrimoTours/WB Primo/WB Primo staging - place booking" status="PASSED">
         <system-out><![CDATA[2017-11-28 15:56:36 - [TEST_CASE][PASSED] - Test Cases/PrimoTours/WB Primo/WB Primo staging - place booking - Iteration 11: Test Cases/PrimoTours/WB Primo/WB Primo staging - place booking

2017-11-28 15:56:36 - [TEST_STEP][PASSED] - openBrowser: Browser is opened with url: ''

2017-11-28 15:56:36 - [MESSAGE][WARNING] - A browser is already opened. Closing browser and opening a new one

2017-11-28 15:56:39 - [MESSAGE][PASSED] - Browser is opened with url: ''

2017-11-28 15:56:39 - [TEST_STEP][PASSED] - maximizeWindow: Current window maximized

2017-11-28 15:56:40 - [MESSAGE][PASSED] - Current window maximized

2017-11-28 15:56:40 - [TEST_STEP][PASSED] - navigateToUrl: Navigate to 'http://localhost:50029/DoBooking.aspx?pltaID=1480269&p=2&rno=1&pt=2&a=2&c=2&aa=&ca=1%2C5' successfully

2017-11-28 15:56:41 - [MESSAGE][PASSED] - Navigate to 'http://localhost:50029/DoBooking.aspx?pltaID=1480269&p=2&rno=1&pt=2&a=2&c=2&aa=&ca=1%2C5' successfully

2017-11-28 15:56:41 - [TEST_STEP][PASSED] - setText: Text 'Pedersen AUT' is set on object 'Object Repository/PrimoTours/Old Objects/Coco/PrimoT/Page_Primo Tours  Danmarks bedste c/input_firstName'

2017-11-28 15:56:41 - [MESSAGE][PASSED] - Text 'Pedersen AUT' is set on object 'Object Repository/PrimoTours/Old Objects/Coco/PrimoT/Page_Primo Tours  Danmarks bedste c/input_firstName'

2017-11-28 15:56:41 - [TEST_STEP][PASSED] - setText: Text 'Vibe Dalby' is set on object 'Object Repository/PrimoTours/Old Objects/Coco/PrimoT/Page_Primo Tours  Danmarks bedste c/input_lastName'

2017-11-28 15:56:42 - [MESSAGE][PASSED] - Text 'Vibe Dalby' is set on object 'Object Repository/PrimoTours/Old Objects/Coco/PrimoT/Page_Primo Tours  Danmarks bedste c/input_lastName'

2017-11-28 15:56:42 - [TEST_STEP][PASSED] - setText: Text 'Home address' is set on object 'Object Repository/PrimoTours/Old Objects/Coco/PrimoT/Page_Primo Tours  Danmarks bedste c/input_customerAddress'

2017-11-28 15:56:42 - [MESSAGE][PASSED] - Text 'Home address' is set on object 'Object Repository/PrimoTours/Old Objects/Coco/PrimoT/Page_Primo Tours  Danmarks bedste c/input_customerAddress'

2017-11-28 15:56:42 - [TEST_STEP][PASSED] - setText: Text '6700' is set on object 'Object Repository/PrimoTours/Old Objects/Coco/PrimoT/Page_Primo Tours  Danmarks bedste c/input_customerPostcode'

2017-11-28 15:56:42 - [MESSAGE][PASSED] - Text '6700' is set on object 'Object Repository/PrimoTours/Old Objects/Coco/PrimoT/Page_Primo Tours  Danmarks bedste c/input_customerPostcode'

2017-11-28 15:56:42 - [TEST_STEP][PASSED] - setText: Text 'cornel.neacsu@roweb.ro' is set on object 'Object Repository/PrimoTours/Old Objects/Coco/PrimoT/Page_Primo Tours  Danmarks bedste c/input_customerEmail'

2017-11-28 15:56:43 - [MESSAGE][PASSED] - Text 'cornel.neacsu@roweb.ro' is set on object 'Object Repository/PrimoTours/Old Objects/Coco/PrimoT/Page_Primo Tours  Danmarks bedste c/input_customerEmail'

2017-11-28 15:56:43 - [TEST_STEP][PASSED] - setText: Text '12345678' is set on object 'Object Repository/PrimoTours/Old Objects/Coco/PrimoT/Page_Primo Tours  Danmarks bedste c/input_customerPhone'

2017-11-28 15:56:43 - [MESSAGE][PASSED] - Text '12345678' is set on object 'Object Repository/PrimoTours/Old Objects/Coco/PrimoT/Page_Primo Tours  Danmarks bedste c/input_customerPhone'

2017-11-28 15:56:43 - [TEST_STEP][PASSED] - Statement - excelInfo = ["fname":"", "lname":"", "pgender":"", "pday":"", "pmonth":"", "pyear":""]: null

2017-11-28 15:56:43 - [TEST_STEP][PASSED] - Statement - rawData = com.kms.katalon.core.testdata.TestDataFactory.findTestData("Data Files/WB_Primo/Passenger_details"): Reading excel file with source file 'D:\Software testing\Tourpaq\Automated Katalon tests\Primo WB test\Data Files\Primo_URLs_For_Automated_Test.xls' and sheet name 'Passenger Names'

2017-11-28 15:56:43 - [TEST_STEP][PASSED] - Statement - excelRowNo = rawData.getRowNumbers(): null

2017-11-28 15:56:43 - [TEST_STEP][PASSED] - Statement - randomPaxIndex = 1: null

2017-11-28 15:56:43 - [TEST_STEP][PASSED] - waitForElementClickable: Object 'Object Repository/PrimoTours/Old Objects/Coco/PrimoT/Page_Primo Tours  Danmarks bedste c/input_firstname-0_1' is clickable

2017-11-28 15:56:45 - [MESSAGE][PASSED] - Object 'Object Repository/PrimoTours/Old Objects/Coco/PrimoT/Page_Primo Tours  Danmarks bedste c/input_firstname-0_1' is clickable

2017-11-28 15:56:45 - [TEST_STEP][PASSED] - Statement - driver = com.kms.katalon.core.webui.driver.DriverFactory.getWebDriver(): null

2017-11-28 15:56:45 - [TEST_STEP][PASSED] - Statement - roomContainerXpath = "id("booking")/div[@class="wrapper second-bg"]/div[contains(@class,"container-mx")]/div[@class="row"]/div[@class="col-md-12 roomContainer"]": null

2017-11-28 15:56:45 - [TEST_STEP][PASSED] - Statement - roomsCount = driver.findElements(org.openqa.selenium.By.xpath(roomContainerXpath)).size(): null

2017-11-28 15:56:45 - [TEST_STEP][PASSED] - Statement - println("roomsCount=" + roomsCount): null

2017-11-28 15:56:45 - [TEST_STEP][PASSED] - Statement - For ([i = 1, i <= roomsCount, (i++)]): Text 'Hanne' is set on object 'Object Repository/PrimoTours/Old Objects/allPaxLastNameFields'

2017-11-28 15:56:45 - [TEST_STEP][PASSED] - Statement - paxInRoomXpath = roomContainerXpath + "[" + i + "]/div[@class="row"]/div[@class="col-md-12"]/div[@class="row"]": null

2017-11-28 15:56:45 - [TEST_STEP][PASSED] - Statement - paxInRoomCount = driver.findElements(org.openqa.selenium.By.xpath(paxInRoomXpath)).size(): null

2017-11-28 15:56:45 - [TEST_STEP][PASSED] - Statement - println("paxInRoomCount=" + paxInRoomCount): null

2017-11-28 15:56:45 - [TEST_STEP][PASSED] - Statement - For ([j = 1, j <= paxInRoomCount, (j++)]): Text 'Hanne' is set on object 'Object Repository/PrimoTours/Old Objects/allPaxLastNameFields'

2017-11-28 15:56:45 - [TEST_STEP][PASSED] - Statement - If (i == 1 & j == 1): null

2017-11-28 15:56:45 - [TEST_STEP][PASSED] - Statement - <not implemented yet for class: org.codehaus.groovy.ast.stmt.ContinueStatement>: null

2017-11-28 15:56:45 - [TEST_STEP][PASSED] - Statement - If (i == 1 & j == 1): null

2017-11-28 15:56:45 - [TEST_STEP][PASSED] - Statement - randomPaxIndex = java.lang.Math.abs(new java.util.Random().nextInt() % excelRowNo) + 1: null

2017-11-28 15:56:45 - [TEST_STEP][PASSED] - Statement - println(randomPaxIndex): null

2017-11-28 15:56:45 - [TEST_STEP][PASSED] - Statement - fname = rawData.getValue("FirstName", randomPaxIndex) + " AUT": null

2017-11-28 15:56:45 - [TEST_STEP][PASSED] - Statement - lname = rawData.getValue("LastName", randomPaxIndex): null

2017-11-28 15:56:45 - [TEST_STEP][PASSED] - Statement - pgender = rawData.getValue("Gender", randomPaxIndex): null

2017-11-28 15:56:45 - [TEST_STEP][PASSED] - Statement - pday = rawData.getValue("Day DOB", randomPaxIndex): null

2017-11-28 15:56:45 - [TEST_STEP][PASSED] - Statement - pmonth = rawData.getValue("Month DOB", randomPaxIndex): null

2017-11-28 15:56:45 - [TEST_STEP][PASSED] - Statement - pyear = rawData.getValue("Year DOB", randomPaxIndex): null

2017-11-28 15:56:45 - [TEST_STEP][PASSED] - Statement - paxDetailFields = paxInRoomXpath + "[" + j + "]/div[@class="col-md-x col-md-9"]/div[@class="row paxContainer"]/div[@class="col-md-5"]": null

2017-11-28 15:56:45 - [TEST_STEP][PASSED] - Statement - xpathval = paxDetailFields + "[1]/div[contains(@class,"form-group")]/input[@class="form-control paxFirstName"]": null

2017-11-28 15:56:45 - [TEST_STEP][PASSED] - Statement - println("fn: " + xpathval): null

2017-11-28 15:56:45 - [TEST_STEP][PASSED] - Statement - repObj = com.kms.katalon.core.testobject.ObjectRepository.findTestObject(Object Repository/PrimoTours/Old Objects/allPaxFirstNameFields): Finding Test Object with id 'Object Repository/PrimoTours/Old Objects/allPaxFirstNameFields'

2017-11-28 15:56:45 - [TEST_STEP][PASSED] - Statement - repObj.findProperty("xpath").setValue(xpathval): null

2017-11-28 15:56:45 - [TEST_STEP][PASSED] - setText: Text 'Christensen AUT' is set on object 'Object Repository/PrimoTours/Old Objects/allPaxFirstNameFields'

2017-11-28 15:56:45 - [MESSAGE][PASSED] - Text 'Christensen AUT' is set on object 'Object Repository/PrimoTours/Old Objects/allPaxFirstNameFields'

2017-11-28 15:56:45 - [TEST_STEP][PASSED] - Statement - xpathval = paxDetailFields + "[2]/div[contains(@class,"form-group")]/input[@class="form-control paxLastName"]": null

2017-11-28 15:56:45 - [TEST_STEP][PASSED] - Statement - println("ln: " + xpathval): null

2017-11-28 15:56:45 - [TEST_STEP][PASSED] - Statement - repObj = com.kms.katalon.core.testobject.ObjectRepository.findTestObject(Object Repository/PrimoTours/Old Objects/allPaxLastNameFields): Finding Test Object with id 'Object Repository/PrimoTours/Old Objects/allPaxLastNameFields'

2017-11-28 15:56:45 - [TEST_STEP][PASSED] - Statement - repObj.findProperty("xpath").setValue(xpathval): null

2017-11-28 15:56:45 - [TEST_STEP][PASSED] - setText: Text 'Jesper' is set on object 'Object Repository/PrimoTours/Old Objects/allPaxLastNameFields'

2017-11-28 15:56:45 - [MESSAGE][PASSED] - Text 'Jesper' is set on object 'Object Repository/PrimoTours/Old Objects/allPaxLastNameFields'

2017-11-28 15:56:45 - [TEST_STEP][PASSED] - Statement - If (i == 1 & j == 1): null

2017-11-28 15:56:45 - [TEST_STEP][PASSED] - Statement - randomPaxIndex = java.lang.Math.abs(new java.util.Random().nextInt() % excelRowNo) + 1: null

2017-11-28 15:56:45 - [TEST_STEP][PASSED] - Statement - println(randomPaxIndex): null

2017-11-28 15:56:45 - [TEST_STEP][PASSED] - Statement - fname = rawData.getValue("FirstName", randomPaxIndex) + " AUT": null

2017-11-28 15:56:45 - [TEST_STEP][PASSED] - Statement - lname = rawData.getValue("LastName", randomPaxIndex): null

2017-11-28 15:56:45 - [TEST_STEP][PASSED] - Statement - pgender = rawData.getValue("Gender", randomPaxIndex): null

2017-11-28 15:56:45 - [TEST_STEP][PASSED] - Statement - pday = rawData.getValue("Day DOB", randomPaxIndex): null

2017-11-28 15:56:45 - [TEST_STEP][PASSED] - Statement - pmonth = rawData.getValue("Month DOB", randomPaxIndex): null

2017-11-28 15:56:45 - [TEST_STEP][PASSED] - Statement - pyear = rawData.getValue("Year DOB", randomPaxIndex): null

2017-11-28 15:56:45 - [TEST_STEP][PASSED] - Statement - paxDetailFields = paxInRoomXpath + "[" + j + "]/div[@class="col-md-x col-md-9"]/div[@class="row paxContainer"]/div[@class="col-md-5"]": null

2017-11-28 15:56:45 - [TEST_STEP][PASSED] - Statement - xpathval = paxDetailFields + "[1]/div[contains(@class,"form-group")]/input[@class="form-control paxFirstName"]": null

2017-11-28 15:56:45 - [TEST_STEP][PASSED] - Statement - println("fn: " + xpathval): null

2017-11-28 15:56:45 - [TEST_STEP][PASSED] - Statement - repObj = com.kms.katalon.core.testobject.ObjectRepository.findTestObject(Object Repository/PrimoTours/Old Objects/allPaxFirstNameFields): Finding Test Object with id 'Object Repository/PrimoTours/Old Objects/allPaxFirstNameFields'

2017-11-28 15:56:45 - [TEST_STEP][PASSED] - Statement - repObj.findProperty("xpath").setValue(xpathval): null

2017-11-28 15:56:45 - [TEST_STEP][PASSED] - setText: Text 'Mønster AUT' is set on object 'Object Repository/PrimoTours/Old Objects/allPaxFirstNameFields'

2017-11-28 15:56:45 - [MESSAGE][PASSED] - Text 'Mønster AUT' is set on object 'Object Repository/PrimoTours/Old Objects/allPaxFirstNameFields'

2017-11-28 15:56:45 - [TEST_STEP][PASSED] - Statement - xpathval = paxDetailFields + "[2]/div[contains(@class,"form-group")]/input[@class="form-control paxLastName"]": null

2017-11-28 15:56:45 - [TEST_STEP][PASSED] - Statement - println("ln: " + xpathval): null

2017-11-28 15:56:45 - [TEST_STEP][PASSED] - Statement - repObj = com.kms.katalon.core.testobject.ObjectRepository.findTestObject(Object Repository/PrimoTours/Old Objects/allPaxLastNameFields): Finding Test Object with id 'Object Repository/PrimoTours/Old Objects/allPaxLastNameFields'

2017-11-28 15:56:45 - [TEST_STEP][PASSED] - Statement - repObj.findProperty("xpath").setValue(xpathval): null

2017-11-28 15:56:45 - [TEST_STEP][PASSED] - setText: Text 'Andreas' is set on object 'Object Repository/PrimoTours/Old Objects/allPaxLastNameFields'

2017-11-28 15:56:45 - [MESSAGE][PASSED] - Text 'Andreas' is set on object 'Object Repository/PrimoTours/Old Objects/allPaxLastNameFields'

2017-11-28 15:56:45 - [TEST_STEP][PASSED] - Statement - If (i == 1 & j == 1): null

2017-11-28 15:56:45 - [TEST_STEP][PASSED] - Statement - randomPaxIndex = java.lang.Math.abs(new java.util.Random().nextInt() % excelRowNo) + 1: null

2017-11-28 15:56:45 - [TEST_STEP][PASSED] - Statement - println(randomPaxIndex): null

2017-11-28 15:56:45 - [TEST_STEP][PASSED] - Statement - fname = rawData.getValue("FirstName", randomPaxIndex) + " AUT": null

2017-11-28 15:56:45 - [TEST_STEP][PASSED] - Statement - lname = rawData.getValue("LastName", randomPaxIndex): null

2017-11-28 15:56:45 - [TEST_STEP][PASSED] - Statement - pgender = rawData.getValue("Gender", randomPaxIndex): null

2017-11-28 15:56:45 - [TEST_STEP][PASSED] - Statement - pday = rawData.getValue("Day DOB", randomPaxIndex): null

2017-11-28 15:56:45 - [TEST_STEP][PASSED] - Statement - pmonth = rawData.getValue("Month DOB", randomPaxIndex): null

2017-11-28 15:56:45 - [TEST_STEP][PASSED] - Statement - pyear = rawData.getValue("Year DOB", randomPaxIndex): null

2017-11-28 15:56:45 - [TEST_STEP][PASSED] - Statement - paxDetailFields = paxInRoomXpath + "[" + j + "]/div[@class="col-md-x col-md-9"]/div[@class="row paxContainer"]/div[@class="col-md-5"]": null

2017-11-28 15:56:45 - [TEST_STEP][PASSED] - Statement - xpathval = paxDetailFields + "[1]/div[contains(@class,"form-group")]/input[@class="form-control paxFirstName"]": null

2017-11-28 15:56:45 - [TEST_STEP][PASSED] - Statement - println("fn: " + xpathval): null

2017-11-28 15:56:45 - [TEST_STEP][PASSED] - Statement - repObj = com.kms.katalon.core.testobject.ObjectRepository.findTestObject(Object Repository/PrimoTours/Old Objects/allPaxFirstNameFields): Finding Test Object with id 'Object Repository/PrimoTours/Old Objects/allPaxFirstNameFields'

2017-11-28 15:56:45 - [TEST_STEP][PASSED] - Statement - repObj.findProperty("xpath").setValue(xpathval): null

2017-11-28 15:56:45 - [TEST_STEP][PASSED] - setText: Text 'Køhler AUT' is set on object 'Object Repository/PrimoTours/Old Objects/allPaxFirstNameFields'

2017-11-28 15:56:46 - [MESSAGE][PASSED] - Text 'Køhler AUT' is set on object 'Object Repository/PrimoTours/Old Objects/allPaxFirstNameFields'

2017-11-28 15:56:46 - [TEST_STEP][PASSED] - Statement - xpathval = paxDetailFields + "[2]/div[contains(@class,"form-group")]/input[@class="form-control paxLastName"]": null

2017-11-28 15:56:46 - [TEST_STEP][PASSED] - Statement - println("ln: " + xpathval): null

2017-11-28 15:56:46 - [TEST_STEP][PASSED] - Statement - repObj = com.kms.katalon.core.testobject.ObjectRepository.findTestObject(Object Repository/PrimoTours/Old Objects/allPaxLastNameFields): Finding Test Object with id 'Object Repository/PrimoTours/Old Objects/allPaxLastNameFields'

2017-11-28 15:56:46 - [TEST_STEP][PASSED] - Statement - repObj.findProperty("xpath").setValue(xpathval): null

2017-11-28 15:56:46 - [TEST_STEP][PASSED] - setText: Text 'Hanne' is set on object 'Object Repository/PrimoTours/Old Objects/allPaxLastNameFields'

2017-11-28 15:56:46 - [MESSAGE][PASSED] - Text 'Hanne' is set on object 'Object Repository/PrimoTours/Old Objects/allPaxLastNameFields'

2017-11-28 15:56:46 - [TEST_STEP][PASSED] - scrollToElement: Scroll to object 'Object Repository/PrimoTours/Old Objects/Coco (1)/PrimoT/SaveBooking2/Success/bookingTotalValue' successfully

2017-11-28 15:56:46 - [MESSAGE][PASSED] - Scroll to object 'Object Repository/PrimoTours/Old Objects/Coco (1)/PrimoT/SaveBooking2/Success/bookingTotalValue' successfully

2017-11-28 15:56:46 - [TEST_STEP][PASSED] - click: Object: 'Object Repository/PrimoTours/Old Objects/Coco (1)/PrimoT/SaveBooking2/Success/bookingTotalValue' is clicked on

2017-11-28 15:56:46 - [MESSAGE][PASSED] - Object: 'Object Repository/PrimoTours/Old Objects/Coco (1)/PrimoT/SaveBooking2/Success/bookingTotalValue' is clicked on

2017-11-28 15:56:46 - [TEST_STEP][PASSED] - scrollToElement: Scroll to object 'Object Repository/PrimoTours/Old Objects/Coco (1)/PrimoT/SaveBooking2/Success/Page_Primo Tours  Danmarks bedste c/i_fa fa-arrow-circle-right' successfully

2017-11-28 15:56:46 - [MESSAGE][PASSED] - Scroll to object 'Object Repository/PrimoTours/Old Objects/Coco (1)/PrimoT/SaveBooking2/Success/Page_Primo Tours  Danmarks bedste c/i_fa fa-arrow-circle-right' successfully

2017-11-28 15:56:46 - [TEST_STEP][PASSED] - waitForElementClickable: Object 'Object Repository/PrimoTours/Old Objects/Coco (1)/PrimoT/SaveBooking2/Success/Page_Primo Tours  Danmarks bedste c/i_fa fa-arrow-circle-right' is clickable

2017-11-28 15:56:46 - [MESSAGE][PASSED] - Object 'Object Repository/PrimoTours/Old Objects/Coco (1)/PrimoT/SaveBooking2/Success/Page_Primo Tours  Danmarks bedste c/i_fa fa-arrow-circle-right' is clickable

2017-11-28 15:56:46 - [TEST_STEP][PASSED] - waitForElementVisible: Object 'Object Repository/PrimoTours/Old Objects/Coco (1)/PrimoT/SaveBooking2/Success/Page_Primo Tours  Danmarks bedste c/i_fa fa-arrow-circle-right' is visible

2017-11-28 15:56:46 - [MESSAGE][PASSED] - Object 'Object Repository/PrimoTours/Old Objects/Coco (1)/PrimoT/SaveBooking2/Success/Page_Primo Tours  Danmarks bedste c/i_fa fa-arrow-circle-right' is visible

2017-11-28 15:56:46 - [TEST_STEP][PASSED] - scrollToElement: Scroll to object 'Object Repository/PrimoTours/Old Objects/Coco (1)/PrimoT/SaveBooking2/Success/Page_Primo Tours  Danmarks bedste c/i_fa fa-arrow-circle-right' successfully

2017-11-28 15:56:46 - [MESSAGE][PASSED] - Scroll to object 'Object Repository/PrimoTours/Old Objects/Coco (1)/PrimoT/SaveBooking2/Success/Page_Primo Tours  Danmarks bedste c/i_fa fa-arrow-circle-right' successfully

2017-11-28 15:56:46 - [TEST_STEP][PASSED] - click: Object: 'Object Repository/PrimoTours/Old Objects/Coco (1)/PrimoT/SaveBooking2/Success/Page_Primo Tours  Danmarks bedste c/i_fa fa-arrow-circle-right' is clicked on

2017-11-28 15:56:46 - [MESSAGE][PASSED] - Object: 'Object Repository/PrimoTours/Old Objects/Coco (1)/PrimoT/SaveBooking2/Success/Page_Primo Tours  Danmarks bedste c/i_fa fa-arrow-circle-right' is clicked on

2017-11-28 15:56:46 - [TEST_STEP][PASSED] - waitForElementNotVisible: Object 'Object Repository/PrimoTours/Old Objects/CCenter/pageLoaderOverlayLayer' is NOT visible

2017-11-28 15:56:47 - [MESSAGE][PASSED] - Object 'Object Repository/PrimoTours/Old Objects/CCenter/pageLoaderOverlayLayer' is NOT visible

2017-11-28 15:56:47 - [TEST_STEP][PASSED] - scrollToElement: Scroll to object 'Object Repository/PrimoTours/Old Objects/Coco/PrimoT/Ins2/Page_Primo Tours  Danmarks bedste c/travelInsuranceFirstPaxSelector' successfully

2017-11-28 15:56:47 - [MESSAGE][PASSED] - Scroll to object 'Object Repository/PrimoTours/Old Objects/Coco/PrimoT/Ins2/Page_Primo Tours  Danmarks bedste c/travelInsuranceFirstPaxSelector' successfully

2017-11-28 15:56:47 - [TEST_STEP][PASSED] - waitForElementPresent: Object 'Object Repository/PrimoTours/Old Objects/Coco/PrimoT/Ins2/Page_Primo Tours  Danmarks bedste c/travelInsuranceFirstPaxSelector' is present

2017-11-28 15:56:47 - [MESSAGE][PASSED] - Object 'Object Repository/PrimoTours/Old Objects/Coco/PrimoT/Ins2/Page_Primo Tours  Danmarks bedste c/travelInsuranceFirstPaxSelector' is present

2017-11-28 15:56:47 - [TEST_STEP][PASSED] - waitForElementVisible: Object 'Object Repository/PrimoTours/Old Objects/Coco/PrimoT/Ins2/Page_Primo Tours  Danmarks bedste c/travelInsuranceFirstPaxSelector' is visible

2017-11-28 15:56:47 - [MESSAGE][PASSED] - Object 'Object Repository/PrimoTours/Old Objects/Coco/PrimoT/Ins2/Page_Primo Tours  Danmarks bedste c/travelInsuranceFirstPaxSelector' is visible

2017-11-28 15:56:47 - [TEST_STEP][PASSED] - waitForElementClickable: Object 'Object Repository/PrimoTours/Old Objects/Coco/PrimoT/Ins2/Page_Primo Tours  Danmarks bedste c/travelInsuranceFirstPaxSelector' is clickable

2017-11-28 15:56:47 - [MESSAGE][PASSED] - Object 'Object Repository/PrimoTours/Old Objects/Coco/PrimoT/Ins2/Page_Primo Tours  Danmarks bedste c/travelInsuranceFirstPaxSelector' is clickable

2017-11-28 15:56:47 - [TEST_STEP][PASSED] - click: Object: 'Object Repository/PrimoTours/Old Objects/Coco/PrimoT/Ins2/Page_Primo Tours  Danmarks bedste c/travelInsuranceFirstPaxSelector' is clicked on

2017-11-28 15:56:48 - [MESSAGE][PASSED] - Object: 'Object Repository/PrimoTours/Old Objects/Coco/PrimoT/Ins2/Page_Primo Tours  Danmarks bedste c/travelInsuranceFirstPaxSelector' is clicked on

2017-11-28 15:56:48 - [TEST_STEP][PASSED] - click: Object: 'Object Repository/PrimoTours/Old Objects/Coco/PrimoT/Ins2/Page_Primo Tours  Danmarks bedste c/li_Har selv forsikring - kr. 0' is clicked on

2017-11-28 15:56:48 - [MESSAGE][PASSED] - Object: 'Object Repository/PrimoTours/Old Objects/Coco/PrimoT/Ins2/Page_Primo Tours  Danmarks bedste c/li_Har selv forsikring - kr. 0' is clicked on

2017-11-28 15:56:48 - [TEST_STEP][NOT_RUN] - click: NOT_RUN: click

2017-11-28 15:56:48 - [MESSAGE][NOT_RUN] - NOT_RUN: click

2017-11-28 15:56:48 - [TEST_STEP][NOT_RUN] - scrollToElement: NOT_RUN: scrollToElement

2017-11-28 15:56:48 - [MESSAGE][NOT_RUN] - NOT_RUN: scrollToElement

2017-11-28 15:56:48 - [TEST_STEP][NOT_RUN] - click: NOT_RUN: click

2017-11-28 15:56:48 - [MESSAGE][NOT_RUN] - NOT_RUN: click

2017-11-28 15:56:48 - [TEST_STEP][PASSED] - waitForElementVisible: Object 'Object Repository/PrimoTours/Old Objects/Coco (1)/PrimoT/SaveBooking2/Page_Primo Tours  Danmarks bedste c/individualInsuranceCheckbox' is visible

2017-11-28 15:56:48 - [MESSAGE][PASSED] - Object 'Object Repository/PrimoTours/Old Objects/Coco (1)/PrimoT/SaveBooking2/Page_Primo Tours  Danmarks bedste c/individualInsuranceCheckbox' is visible

2017-11-28 15:56:48 - [TEST_STEP][PASSED] - scrollToElement: Scroll to object 'Object Repository/PrimoTours/Old Objects/Coco (1)/PrimoT/SaveBooking2/Page_Primo Tours  Danmarks bedste c/individualInsuranceCheckbox' successfully

2017-11-28 15:56:48 - [MESSAGE][PASSED] - Scroll to object 'Object Repository/PrimoTours/Old Objects/Coco (1)/PrimoT/SaveBooking2/Page_Primo Tours  Danmarks bedste c/individualInsuranceCheckbox' successfully

2017-11-28 15:56:48 - [TEST_STEP][PASSED] - click: Object: 'Object Repository/PrimoTours/Old Objects/Coco (1)/PrimoT/SaveBooking2/Page_Primo Tours  Danmarks bedste c/individualInsuranceCheckbox' is clicked on

2017-11-28 15:56:48 - [MESSAGE][PASSED] - Object: 'Object Repository/PrimoTours/Old Objects/Coco (1)/PrimoT/SaveBooking2/Page_Primo Tours  Danmarks bedste c/individualInsuranceCheckbox' is clicked on

2017-11-28 15:56:48 - [TEST_STEP][PASSED] - scrollToElement: Scroll to object 'Object Repository/PrimoTours/Old Objects/Coco (1)/PrimoT/SaveBooking2/Success/firstProdCategIndividualSelectionRadioB' successfully

2017-11-28 15:56:48 - [MESSAGE][PASSED] - Scroll to object 'Object Repository/PrimoTours/Old Objects/Coco (1)/PrimoT/SaveBooking2/Success/firstProdCategIndividualSelectionRadioB' successfully

2017-11-28 15:56:48 - [TEST_STEP][PASSED] - waitForElementClickable: Object 'Object Repository/PrimoTours/Old Objects/Coco (1)/PrimoT/SaveBooking2/Success/firstProdCategIndividualSelectionRadioB' is clickable

2017-11-28 15:56:48 - [MESSAGE][PASSED] - Object 'Object Repository/PrimoTours/Old Objects/Coco (1)/PrimoT/SaveBooking2/Success/firstProdCategIndividualSelectionRadioB' is clickable

2017-11-28 15:56:48 - [TEST_STEP][PASSED] - scrollToElement: Scroll to object 'Object Repository/PrimoTours/Old Objects/Coco (1)/PrimoT/SaveBooking2/Success/firstProdCategIndividualSelectionRadioB' successfully

2017-11-28 15:56:48 - [MESSAGE][PASSED] - Scroll to object 'Object Repository/PrimoTours/Old Objects/Coco (1)/PrimoT/SaveBooking2/Success/firstProdCategIndividualSelectionRadioB' successfully

2017-11-28 15:56:48 - [TEST_STEP][PASSED] - click: Object: 'Object Repository/PrimoTours/Old Objects/Coco (1)/PrimoT/SaveBooking2/Success/firstProdCategIndividualSelectionRadioB' is clicked on

2017-11-28 15:56:48 - [MESSAGE][PASSED] - Object: 'Object Repository/PrimoTours/Old Objects/Coco (1)/PrimoT/SaveBooking2/Success/firstProdCategIndividualSelectionRadioB' is clicked on

2017-11-28 15:56:48 - [TEST_STEP][PASSED] - scrollToElement: Scroll to object 'Object Repository/PrimoTours/Old Objects/Coco (1)/PrimoT/SaveBooking2/Success/firstProdCategSelectForAllPaxCheckbox' successfully

2017-11-28 15:56:48 - [MESSAGE][PASSED] - Scroll to object 'Object Repository/PrimoTours/Old Objects/Coco (1)/PrimoT/SaveBooking2/Success/firstProdCategSelectForAllPaxCheckbox' successfully

2017-11-28 15:56:48 - [TEST_STEP][PASSED] - waitForElementClickable: Object 'Object Repository/PrimoTours/Old Objects/Coco (1)/PrimoT/SaveBooking2/Success/firstProdCategSelectForAllPaxCheckbox' is clickable

2017-11-28 15:56:48 - [MESSAGE][PASSED] - Object 'Object Repository/PrimoTours/Old Objects/Coco (1)/PrimoT/SaveBooking2/Success/firstProdCategSelectForAllPaxCheckbox' is clickable

2017-11-28 15:56:48 - [TEST_STEP][PASSED] - click: Object: 'Object Repository/PrimoTours/Old Objects/Coco (1)/PrimoT/SaveBooking2/Success/firstProdCategSelectForAllPaxCheckbox' is clicked on

2017-11-28 15:56:49 - [MESSAGE][PASSED] - Object: 'Object Repository/PrimoTours/Old Objects/Coco (1)/PrimoT/SaveBooking2/Success/firstProdCategSelectForAllPaxCheckbox' is clicked on

2017-11-28 15:56:49 - [TEST_STEP][NOT_RUN] - scrollToElement: NOT_RUN: scrollToElement

2017-11-28 15:56:49 - [MESSAGE][NOT_RUN] - NOT_RUN: scrollToElement

2017-11-28 15:56:49 - [TEST_STEP][NOT_RUN] - scrollToElement: NOT_RUN: scrollToElement

2017-11-28 15:56:49 - [MESSAGE][NOT_RUN] - NOT_RUN: scrollToElement

2017-11-28 15:56:49 - [TEST_STEP][NOT_RUN] - click: NOT_RUN: click

2017-11-28 15:56:49 - [MESSAGE][NOT_RUN] - NOT_RUN: click

2017-11-28 15:56:49 - [TEST_STEP][PASSED] - scrollToElement: Scroll to object 'Object Repository/PrimoTours/ConfirmationPage/agreeTermsAndCondCheckbox' successfully

2017-11-28 15:56:49 - [MESSAGE][PASSED] - Scroll to object 'Object Repository/PrimoTours/ConfirmationPage/agreeTermsAndCondCheckbox' successfully

2017-11-28 15:56:49 - [TEST_STEP][PASSED] - click: Object: 'Object Repository/PrimoTours/ConfirmationPage/agreeTermsAndCondCheckbox' is clicked on

2017-11-28 15:56:49 - [MESSAGE][PASSED] - Object: 'Object Repository/PrimoTours/ConfirmationPage/agreeTermsAndCondCheckbox' is clicked on

2017-11-28 15:56:49 - [TEST_STEP][PASSED] - waitForElementClickable: Object 'Object Repository/PrimoTours/ConfirmationPage/placeBookingButton' is clickable

2017-11-28 15:56:49 - [MESSAGE][PASSED] - Object 'Object Repository/PrimoTours/ConfirmationPage/placeBookingButton' is clickable

2017-11-28 15:56:49 - [TEST_STEP][PASSED] - scrollToElement: Scroll to object 'Object Repository/PrimoTours/ConfirmationPage/placeBookingButton' successfully

2017-11-28 15:56:49 - [MESSAGE][PASSED] - Scroll to object 'Object Repository/PrimoTours/ConfirmationPage/placeBookingButton' successfully

2017-11-28 15:56:49 - [TEST_STEP][PASSED] - click: Object: 'Object Repository/PrimoTours/ConfirmationPage/placeBookingButton' is clicked on

2017-11-28 15:56:49 - [MESSAGE][PASSED] - Object: 'Object Repository/PrimoTours/ConfirmationPage/placeBookingButton' is clicked on

2017-11-28 15:56:49 - [TEST_STEP][PASSED] - delay: Delayed 2 second(s)

2017-11-28 15:56:51 - [MESSAGE][PASSED] - Delayed 2 second(s)

2017-11-28 15:56:51 - [TEST_STEP][PASSED] - waitForPageLoad: Wait for page load successfully

2017-11-28 15:56:51 - [MESSAGE][PASSED] - Wait for page load successfully

2017-11-28 15:56:51 - [TEST_STEP][PASSED] - waitForJQueryLoad: jQuery is ready.

2017-11-28 15:56:55 - [MESSAGE][PASSED] - jQuery is ready.

2017-11-28 15:56:55 - [TEST_STEP][PASSED] - waitForElementPresent: Object 'Object Repository/PrimoTours/Old Objects/CCenter/pageLoaderOverlayLayer' is present

2017-11-28 15:56:55 - [MESSAGE][PASSED] - Object 'Object Repository/PrimoTours/Old Objects/CCenter/pageLoaderOverlayLayer' is present

2017-11-28 15:56:55 - [TEST_STEP][PASSED] - waitForElementNotVisible: Object 'Object Repository/PrimoTours/Old Objects/CCenter/pageLoaderOverlayLayer' is NOT visible

2017-11-28 15:56:55 - [MESSAGE][PASSED] - Object 'Object Repository/PrimoTours/Old Objects/CCenter/pageLoaderOverlayLayer' is NOT visible

2017-11-28 15:56:55 - [TEST_STEP][PASSED] - waitForElementClickable: Object 'Object Repository/PrimoTours/Old Objects/ThankYouPage/bookingNoContainer' is clickable

2017-11-28 15:56:55 - [MESSAGE][PASSED] - Object 'Object Repository/PrimoTours/Old Objects/ThankYouPage/bookingNoContainer' is clickable

2017-11-28 15:56:55 - [TEST_STEP][PASSED] - verifyElementVisible: Object 'Object Repository/PrimoTours/Old Objects/ThankYouPage/bookingNoContainer' is visible

2017-11-28 15:56:55 - [MESSAGE][PASSED] - Object 'Object Repository/PrimoTours/Old Objects/ThankYouPage/bookingNoContainer' is visible

2017-11-28 15:56:55 - [TEST_STEP][PASSED] - verifyElementVisible: Object 'Object Repository/PrimoTours/Old Objects/ThankYouPage/bookingTotalInfo' is visible

2017-11-28 15:56:55 - [MESSAGE][PASSED] - Object 'Object Repository/PrimoTours/Old Objects/ThankYouPage/bookingTotalInfo' is visible

2017-11-28 15:56:55 - [TEST_STEP][PASSED] - verifyElementVisible: Object 'Object Repository/PrimoTours/Old Objects/ThankYouPage/bookingTotalPriceBar' is visible

2017-11-28 15:56:55 - [MESSAGE][PASSED] - Object 'Object Repository/PrimoTours/Old Objects/ThankYouPage/bookingTotalPriceBar' is visible

2017-11-28 15:56:55 - [TEST_STEP][PASSED] - verifyElementVisible: Object 'Object Repository/PrimoTours/Old Objects/ThankYouPage/a_printTicketLink' is visible

2017-11-28 15:56:55 - [MESSAGE][PASSED] - Object 'Object Repository/PrimoTours/Old Objects/ThankYouPage/a_printTicketLink' is visible

2017-11-28 15:56:55 - [TEST_STEP][PASSED] - waitForElementClickable: Object 'Object Repository/PrimoTours/Old Objects/ThankYouPage/a_printTicketLink' is clickable

2017-11-28 15:56:55 - [MESSAGE][WARNING] - Timeout '0' is invalid. Using default page load timeout: '15'

2017-11-28 15:56:56 - [MESSAGE][PASSED] - Object 'Object Repository/PrimoTours/Old Objects/ThankYouPage/a_printTicketLink' is clickable

2017-11-28 15:56:56 - [TEST_STEP][PASSED] - click: Object: 'Object Repository/PrimoTours/Old Objects/ThankYouPage/a_printTicketLink' is clicked on

2017-11-28 15:57:00 - [MESSAGE][PASSED] - Object: 'Object Repository/PrimoTours/Old Objects/ThankYouPage/a_printTicketLink' is clicked on

2017-11-28 15:57:00 - [TEST_STEP][PASSED] - delay: Delayed 1 second(s)

2017-11-28 15:57:01 - [MESSAGE][PASSED] - Delayed 1 second(s)

2017-11-28 15:57:01 - [TEST_STEP][PASSED] - waitForElementVisible: Object 'Object Repository/PrimoTours/Old Objects/ThankYouPage/cCenterButton' is visible

2017-11-28 15:57:01 - [MESSAGE][PASSED] - Object 'Object Repository/PrimoTours/Old Objects/ThankYouPage/cCenterButton' is visible

2017-11-28 15:57:01 - [TEST_STEP][PASSED] - waitForElementClickable: Object 'Object Repository/PrimoTours/Old Objects/ThankYouPage/cCenterButton' is clickable

2017-11-28 15:57:01 - [MESSAGE][PASSED] - Object 'Object Repository/PrimoTours/Old Objects/ThankYouPage/cCenterButton' is clickable

2017-11-28 15:57:01 - [TEST_STEP][PASSED] - click: Object: 'Object Repository/PrimoTours/Old Objects/ThankYouPage/cCenterButton' is clicked on

2017-11-28 15:57:01 - [MESSAGE][PASSED] - Object: 'Object Repository/PrimoTours/Old Objects/ThankYouPage/cCenterButton' is clicked on

2017-11-28 15:57:01 - [TEST_STEP][PASSED] - waitForPageLoad: Wait for page load successfully

2017-11-28 15:57:01 - [MESSAGE][PASSED] - Wait for page load successfully

2017-11-28 15:57:01 - [TEST_STEP][PASSED] - waitForJQueryLoad: jQuery is ready.

2017-11-28 15:57:02 - [MESSAGE][PASSED] - jQuery is ready.

2017-11-28 15:57:02 - [TEST_STEP][PASSED] - waitForElementPresent: Object 'Object Repository/PrimoTours/Old Objects/CCenter/pageLoaderOverlayLayer' is present

2017-11-28 15:57:02 - [MESSAGE][PASSED] - Object 'Object Repository/PrimoTours/Old Objects/CCenter/pageLoaderOverlayLayer' is present

2017-11-28 15:57:02 - [TEST_STEP][PASSED] - waitForElementNotVisible: Object 'Object Repository/PrimoTours/Old Objects/CCenter/pageLoaderOverlayLayer' is NOT visible

2017-11-28 15:57:02 - [MESSAGE][PASSED] - Object 'Object Repository/PrimoTours/Old Objects/CCenter/pageLoaderOverlayLayer' is NOT visible

2017-11-28 15:57:02 - [TEST_STEP][PASSED] - verifyElementVisible: Object 'Object Repository/PrimoTours/Old Objects/ThankYouPage/bookingNoContainer' is visible

2017-11-28 15:57:02 - [MESSAGE][PASSED] - Object 'Object Repository/PrimoTours/Old Objects/ThankYouPage/bookingNoContainer' is visible

2017-11-28 15:57:02 - [TEST_STEP][PASSED] - verifyElementVisible: Object 'Object Repository/PrimoTours/Old Objects/ThankYouPage/bookingTotalPriceBar' is visible

2017-11-28 15:57:02 - [MESSAGE][PASSED] - Object 'Object Repository/PrimoTours/Old Objects/ThankYouPage/bookingTotalPriceBar' is visible]]></system-out>
         <system-err><![CDATA[]]></system-err>
      </testcase>
      <testcase name="Test Cases/PrimoTours/WB Primo/WB Primo staging - place booking - Iteration 12" classname="Test Cases/PrimoTours/WB Primo/WB Primo staging - place booking" status="FAILED">
         <failure type="FAILED" message="Test Cases/PrimoTours/WB Primo/WB Primo staging - place booking FAILED because (of) Unable to click on object 'Object Repository/PrimoTours/ConfirmationPage/agreeTermsAndCondCheckbox' (Root cause: org.openqa.selenium.WebDriverException: unknown error: Element &lt;a href=&quot;#&quot; class=&quot;toggle checkbox kalypto&quot;>&lt;/a> is not clickable at point (395, 666). Other element would receive the click: &lt;h2>...&lt;/h2>
  (Session info: chrome=62.0.3202.94)
  (Driver info: chromedriver=2.33.506120 (e3e53437346286c0bc2d2dc9aa4915ba81d9023f),platform=Windows NT 6.3.9600 x86_64) (WARNING: The server did not provide any stacktrace information)
Command duration or timeout: 0 milliseconds
Build info: version: '3.7.1', revision: '8a0099a', time: '2017-11-06T21:07:36.161Z'
System info: host: 'NEACSUNEW-PC', ip: '10.10.10.211', os.name: 'Windows 8.1', os.arch: 'amd64', os.version: '6.3', java.version: '1.8.0_102'
Driver info: com.kms.katalon.selenium.driver.CChromeDriver
Capabilities {acceptSslCerts: true, applicationCacheEnabled: false, browserConnectionEnabled: false, browserName: chrome, chrome: {chromedriverVersion: 2.33.506120 (e3e53437346286..., userDataDir: C:\Users\Cornel\AppData\Loc...}, cssSelectorsEnabled: true, databaseEnabled: false, handlesAlerts: true, hasTouchScreen: false, javascriptEnabled: true, locationContextEnabled: true, mobileEmulationEnabled: false, nativeEvents: true, networkConnectionEnabled: false, pageLoadStrategy: normal, platform: XP, platformName: XP, rotatable: false, setWindowRect: true, takesHeapSnapshot: true, takesScreenshot: true, unexpectedAlertBehaviour: , unhandledPromptBehavior: , version: 62.0.3202.94, webStorageEnabled: true}
Session ID: 01a845b12e01a3f4ee2402eb15505993)"/>
         <system-out><![CDATA[2017-11-28 15:57:02 - [TEST_CASE][FAILED] - Test Cases/PrimoTours/WB Primo/WB Primo staging - place booking - Iteration 12: Test Cases/PrimoTours/WB Primo/WB Primo staging - place booking FAILED because (of) Unable to click on object 'Object Repository/PrimoTours/ConfirmationPage/agreeTermsAndCondCheckbox' (Root cause: org.openqa.selenium.WebDriverException: unknown error: Element <a href="#" class="toggle checkbox kalypto"></a> is not clickable at point (395, 666). Other element would receive the click: <h2>...</h2>
  (Session info: chrome=62.0.3202.94)
  (Driver info: chromedriver=2.33.506120 (e3e53437346286c0bc2d2dc9aa4915ba81d9023f),platform=Windows NT 6.3.9600 x86_64) (WARNING: The server did not provide any stacktrace information)
Command duration or timeout: 0 milliseconds
Build info: version: '3.7.1', revision: '8a0099a', time: '2017-11-06T21:07:36.161Z'
System info: host: 'NEACSUNEW-PC', ip: '10.10.10.211', os.name: 'Windows 8.1', os.arch: 'amd64', os.version: '6.3', java.version: '1.8.0_102'
Driver info: com.kms.katalon.selenium.driver.CChromeDriver
Capabilities {acceptSslCerts: true, applicationCacheEnabled: false, browserConnectionEnabled: false, browserName: chrome, chrome: {chromedriverVersion: 2.33.506120 (e3e53437346286..., userDataDir: C:\Users\Cornel\AppData\Loc...}, cssSelectorsEnabled: true, databaseEnabled: false, handlesAlerts: true, hasTouchScreen: false, javascriptEnabled: true, locationContextEnabled: true, mobileEmulationEnabled: false, nativeEvents: true, networkConnectionEnabled: false, pageLoadStrategy: normal, platform: XP, platformName: XP, rotatable: false, setWindowRect: true, takesHeapSnapshot: true, takesScreenshot: true, unexpectedAlertBehaviour: , unhandledPromptBehavior: , version: 62.0.3202.94, webStorageEnabled: true}
Session ID: 01a845b12e01a3f4ee2402eb15505993)

2017-11-28 15:57:02 - [TEST_STEP][PASSED] - openBrowser: Browser is opened with url: ''

2017-11-28 15:57:02 - [MESSAGE][WARNING] - A browser is already opened. Closing browser and opening a new one

2017-11-28 15:57:05 - [MESSAGE][PASSED] - Browser is opened with url: ''

2017-11-28 15:57:05 - [TEST_STEP][PASSED] - maximizeWindow: Current window maximized

2017-11-28 15:57:06 - [MESSAGE][PASSED] - Current window maximized

2017-11-28 15:57:06 - [TEST_STEP][PASSED] - navigateToUrl: Navigate to 'http://localhost:50029/DoBooking.aspx?pltaID=1480269&p=2&rno=2&pt=1&a=4&c=4&aa=&ca=1%2C5|0%2C7' successfully

2017-11-28 15:57:07 - [MESSAGE][PASSED] - Navigate to 'http://localhost:50029/DoBooking.aspx?pltaID=1480269&p=2&rno=2&pt=1&a=4&c=4&aa=&ca=1%2C5|0%2C7' successfully

2017-11-28 15:57:07 - [TEST_STEP][PASSED] - setText: Text 'Pedersen AUT' is set on object 'Object Repository/PrimoTours/Old Objects/Coco/PrimoT/Page_Primo Tours  Danmarks bedste c/input_firstName'

2017-11-28 15:57:07 - [MESSAGE][PASSED] - Text 'Pedersen AUT' is set on object 'Object Repository/PrimoTours/Old Objects/Coco/PrimoT/Page_Primo Tours  Danmarks bedste c/input_firstName'

2017-11-28 15:57:07 - [TEST_STEP][PASSED] - setText: Text 'Vibe Dalby' is set on object 'Object Repository/PrimoTours/Old Objects/Coco/PrimoT/Page_Primo Tours  Danmarks bedste c/input_lastName'

2017-11-28 15:57:08 - [MESSAGE][PASSED] - Text 'Vibe Dalby' is set on object 'Object Repository/PrimoTours/Old Objects/Coco/PrimoT/Page_Primo Tours  Danmarks bedste c/input_lastName'

2017-11-28 15:57:08 - [TEST_STEP][PASSED] - setText: Text 'Home address' is set on object 'Object Repository/PrimoTours/Old Objects/Coco/PrimoT/Page_Primo Tours  Danmarks bedste c/input_customerAddress'

2017-11-28 15:57:08 - [MESSAGE][PASSED] - Text 'Home address' is set on object 'Object Repository/PrimoTours/Old Objects/Coco/PrimoT/Page_Primo Tours  Danmarks bedste c/input_customerAddress'

2017-11-28 15:57:08 - [TEST_STEP][PASSED] - setText: Text '6700' is set on object 'Object Repository/PrimoTours/Old Objects/Coco/PrimoT/Page_Primo Tours  Danmarks bedste c/input_customerPostcode'

2017-11-28 15:57:08 - [MESSAGE][PASSED] - Text '6700' is set on object 'Object Repository/PrimoTours/Old Objects/Coco/PrimoT/Page_Primo Tours  Danmarks bedste c/input_customerPostcode'

2017-11-28 15:57:08 - [TEST_STEP][PASSED] - setText: Text 'cornel.neacsu@roweb.ro' is set on object 'Object Repository/PrimoTours/Old Objects/Coco/PrimoT/Page_Primo Tours  Danmarks bedste c/input_customerEmail'

2017-11-28 15:57:09 - [MESSAGE][PASSED] - Text 'cornel.neacsu@roweb.ro' is set on object 'Object Repository/PrimoTours/Old Objects/Coco/PrimoT/Page_Primo Tours  Danmarks bedste c/input_customerEmail'

2017-11-28 15:57:09 - [TEST_STEP][PASSED] - setText: Text '12345678' is set on object 'Object Repository/PrimoTours/Old Objects/Coco/PrimoT/Page_Primo Tours  Danmarks bedste c/input_customerPhone'

2017-11-28 15:57:09 - [MESSAGE][PASSED] - Text '12345678' is set on object 'Object Repository/PrimoTours/Old Objects/Coco/PrimoT/Page_Primo Tours  Danmarks bedste c/input_customerPhone'

2017-11-28 15:57:09 - [TEST_STEP][PASSED] - Statement - excelInfo = ["fname":"", "lname":"", "pgender":"", "pday":"", "pmonth":"", "pyear":""]: null

2017-11-28 15:57:09 - [TEST_STEP][PASSED] - Statement - rawData = com.kms.katalon.core.testdata.TestDataFactory.findTestData("Data Files/WB_Primo/Passenger_details"): Reading excel file with source file 'D:\Software testing\Tourpaq\Automated Katalon tests\Primo WB test\Data Files\Primo_URLs_For_Automated_Test.xls' and sheet name 'Passenger Names'

2017-11-28 15:57:09 - [TEST_STEP][PASSED] - Statement - excelRowNo = rawData.getRowNumbers(): null

2017-11-28 15:57:09 - [TEST_STEP][PASSED] - Statement - randomPaxIndex = 1: null

2017-11-28 15:57:09 - [TEST_STEP][PASSED] - waitForElementClickable: Object 'Object Repository/PrimoTours/Old Objects/Coco/PrimoT/Page_Primo Tours  Danmarks bedste c/input_firstname-0_1' is clickable

2017-11-28 15:57:10 - [MESSAGE][PASSED] - Object 'Object Repository/PrimoTours/Old Objects/Coco/PrimoT/Page_Primo Tours  Danmarks bedste c/input_firstname-0_1' is clickable

2017-11-28 15:57:10 - [TEST_STEP][PASSED] - Statement - driver = com.kms.katalon.core.webui.driver.DriverFactory.getWebDriver(): null

2017-11-28 15:57:10 - [TEST_STEP][PASSED] - Statement - roomContainerXpath = "id("booking")/div[@class="wrapper second-bg"]/div[contains(@class,"container-mx")]/div[@class="row"]/div[@class="col-md-12 roomContainer"]": null

2017-11-28 15:57:10 - [TEST_STEP][PASSED] - Statement - roomsCount = driver.findElements(org.openqa.selenium.By.xpath(roomContainerXpath)).size(): null

2017-11-28 15:57:10 - [TEST_STEP][PASSED] - Statement - println("roomsCount=" + roomsCount): null

2017-11-28 15:57:10 - [TEST_STEP][PASSED] - Statement - For ([i = 1, i <= roomsCount, (i++)]): Text 'Mike Lykke' is set on object 'Object Repository/PrimoTours/Old Objects/allPaxLastNameFields'

2017-11-28 15:57:10 - [TEST_STEP][PASSED] - Statement - paxInRoomXpath = roomContainerXpath + "[" + i + "]/div[@class="row"]/div[@class="col-md-12"]/div[@class="row"]": null

2017-11-28 15:57:10 - [TEST_STEP][PASSED] - Statement - paxInRoomCount = driver.findElements(org.openqa.selenium.By.xpath(paxInRoomXpath)).size(): null

2017-11-28 15:57:10 - [TEST_STEP][PASSED] - Statement - println("paxInRoomCount=" + paxInRoomCount): null

2017-11-28 15:57:10 - [TEST_STEP][PASSED] - Statement - For ([j = 1, j <= paxInRoomCount, (j++)]): Text 'Catharina Nyvang' is set on object 'Object Repository/PrimoTours/Old Objects/allPaxLastNameFields'

2017-11-28 15:57:10 - [TEST_STEP][PASSED] - Statement - If (i == 1 & j == 1): null

2017-11-28 15:57:10 - [TEST_STEP][PASSED] - Statement - <not implemented yet for class: org.codehaus.groovy.ast.stmt.ContinueStatement>: null

2017-11-28 15:57:10 - [TEST_STEP][PASSED] - Statement - If (i == 1 & j == 1): null

2017-11-28 15:57:10 - [TEST_STEP][PASSED] - Statement - randomPaxIndex = java.lang.Math.abs(new java.util.Random().nextInt() % excelRowNo) + 1: null

2017-11-28 15:57:10 - [TEST_STEP][PASSED] - Statement - println(randomPaxIndex): null

2017-11-28 15:57:10 - [TEST_STEP][PASSED] - Statement - fname = rawData.getValue("FirstName", randomPaxIndex) + " AUT": null

2017-11-28 15:57:10 - [TEST_STEP][PASSED] - Statement - lname = rawData.getValue("LastName", randomPaxIndex): null

2017-11-28 15:57:10 - [TEST_STEP][PASSED] - Statement - pgender = rawData.getValue("Gender", randomPaxIndex): null

2017-11-28 15:57:10 - [TEST_STEP][PASSED] - Statement - pday = rawData.getValue("Day DOB", randomPaxIndex): null

2017-11-28 15:57:10 - [TEST_STEP][PASSED] - Statement - pmonth = rawData.getValue("Month DOB", randomPaxIndex): null

2017-11-28 15:57:10 - [TEST_STEP][PASSED] - Statement - pyear = rawData.getValue("Year DOB", randomPaxIndex): null

2017-11-28 15:57:10 - [TEST_STEP][PASSED] - Statement - paxDetailFields = paxInRoomXpath + "[" + j + "]/div[@class="col-md-x col-md-9"]/div[@class="row paxContainer"]/div[@class="col-md-5"]": null

2017-11-28 15:57:10 - [TEST_STEP][PASSED] - Statement - xpathval = paxDetailFields + "[1]/div[contains(@class,"form-group")]/input[@class="form-control paxFirstName"]": null

2017-11-28 15:57:10 - [TEST_STEP][PASSED] - Statement - println("fn: " + xpathval): null

2017-11-28 15:57:10 - [TEST_STEP][PASSED] - Statement - repObj = com.kms.katalon.core.testobject.ObjectRepository.findTestObject(Object Repository/PrimoTours/Old Objects/allPaxFirstNameFields): Finding Test Object with id 'Object Repository/PrimoTours/Old Objects/allPaxFirstNameFields'

2017-11-28 15:57:10 - [TEST_STEP][PASSED] - Statement - repObj.findProperty("xpath").setValue(xpathval): null

2017-11-28 15:57:10 - [TEST_STEP][PASSED] - setText: Text 'Mønster AUT' is set on object 'Object Repository/PrimoTours/Old Objects/allPaxFirstNameFields'

2017-11-28 15:57:11 - [MESSAGE][PASSED] - Text 'Mønster AUT' is set on object 'Object Repository/PrimoTours/Old Objects/allPaxFirstNameFields'

2017-11-28 15:57:11 - [TEST_STEP][PASSED] - Statement - xpathval = paxDetailFields + "[2]/div[contains(@class,"form-group")]/input[@class="form-control paxLastName"]": null

2017-11-28 15:57:11 - [TEST_STEP][PASSED] - Statement - println("ln: " + xpathval): null

2017-11-28 15:57:11 - [TEST_STEP][PASSED] - Statement - repObj = com.kms.katalon.core.testobject.ObjectRepository.findTestObject(Object Repository/PrimoTours/Old Objects/allPaxLastNameFields): Finding Test Object with id 'Object Repository/PrimoTours/Old Objects/allPaxLastNameFields'

2017-11-28 15:57:11 - [TEST_STEP][PASSED] - Statement - repObj.findProperty("xpath").setValue(xpathval): null

2017-11-28 15:57:11 - [TEST_STEP][PASSED] - setText: Text 'Andreas' is set on object 'Object Repository/PrimoTours/Old Objects/allPaxLastNameFields'

2017-11-28 15:57:11 - [MESSAGE][PASSED] - Text 'Andreas' is set on object 'Object Repository/PrimoTours/Old Objects/allPaxLastNameFields'

2017-11-28 15:57:11 - [TEST_STEP][PASSED] - Statement - If (i == 1 & j == 1): null

2017-11-28 15:57:11 - [TEST_STEP][PASSED] - Statement - randomPaxIndex = java.lang.Math.abs(new java.util.Random().nextInt() % excelRowNo) + 1: null

2017-11-28 15:57:11 - [TEST_STEP][PASSED] - Statement - println(randomPaxIndex): null

2017-11-28 15:57:11 - [TEST_STEP][PASSED] - Statement - fname = rawData.getValue("FirstName", randomPaxIndex) + " AUT": null

2017-11-28 15:57:11 - [TEST_STEP][PASSED] - Statement - lname = rawData.getValue("LastName", randomPaxIndex): null

2017-11-28 15:57:11 - [TEST_STEP][PASSED] - Statement - pgender = rawData.getValue("Gender", randomPaxIndex): null

2017-11-28 15:57:11 - [TEST_STEP][PASSED] - Statement - pday = rawData.getValue("Day DOB", randomPaxIndex): null

2017-11-28 15:57:11 - [TEST_STEP][PASSED] - Statement - pmonth = rawData.getValue("Month DOB", randomPaxIndex): null

2017-11-28 15:57:11 - [TEST_STEP][PASSED] - Statement - pyear = rawData.getValue("Year DOB", randomPaxIndex): null

2017-11-28 15:57:11 - [TEST_STEP][PASSED] - Statement - paxDetailFields = paxInRoomXpath + "[" + j + "]/div[@class="col-md-x col-md-9"]/div[@class="row paxContainer"]/div[@class="col-md-5"]": null

2017-11-28 15:57:11 - [TEST_STEP][PASSED] - Statement - xpathval = paxDetailFields + "[1]/div[contains(@class,"form-group")]/input[@class="form-control paxFirstName"]": null

2017-11-28 15:57:11 - [TEST_STEP][PASSED] - Statement - println("fn: " + xpathval): null

2017-11-28 15:57:11 - [TEST_STEP][PASSED] - Statement - repObj = com.kms.katalon.core.testobject.ObjectRepository.findTestObject(Object Repository/PrimoTours/Old Objects/allPaxFirstNameFields): Finding Test Object with id 'Object Repository/PrimoTours/Old Objects/allPaxFirstNameFields'

2017-11-28 15:57:11 - [TEST_STEP][PASSED] - Statement - repObj.findProperty("xpath").setValue(xpathval): null

2017-11-28 15:57:11 - [TEST_STEP][PASSED] - setText: Text 'Sdfsfdg AUT' is set on object 'Object Repository/PrimoTours/Old Objects/allPaxFirstNameFields'

2017-11-28 15:57:11 - [MESSAGE][PASSED] - Text 'Sdfsfdg AUT' is set on object 'Object Repository/PrimoTours/Old Objects/allPaxFirstNameFields'

2017-11-28 15:57:11 - [TEST_STEP][PASSED] - Statement - xpathval = paxDetailFields + "[2]/div[contains(@class,"form-group")]/input[@class="form-control paxLastName"]": null

2017-11-28 15:57:11 - [TEST_STEP][PASSED] - Statement - println("ln: " + xpathval): null

2017-11-28 15:57:11 - [TEST_STEP][PASSED] - Statement - repObj = com.kms.katalon.core.testobject.ObjectRepository.findTestObject(Object Repository/PrimoTours/Old Objects/allPaxLastNameFields): Finding Test Object with id 'Object Repository/PrimoTours/Old Objects/allPaxLastNameFields'

2017-11-28 15:57:11 - [TEST_STEP][PASSED] - Statement - repObj.findProperty("xpath").setValue(xpathval): null

2017-11-28 15:57:11 - [TEST_STEP][PASSED] - setText: Text 'Sdfgsfdsdfg' is set on object 'Object Repository/PrimoTours/Old Objects/allPaxLastNameFields'

2017-11-28 15:57:11 - [MESSAGE][PASSED] - Text 'Sdfgsfdsdfg' is set on object 'Object Repository/PrimoTours/Old Objects/allPaxLastNameFields'

2017-11-28 15:57:11 - [TEST_STEP][PASSED] - Statement - If (i == 1 & j == 1): null

2017-11-28 15:57:11 - [TEST_STEP][PASSED] - Statement - randomPaxIndex = java.lang.Math.abs(new java.util.Random().nextInt() % excelRowNo) + 1: null

2017-11-28 15:57:11 - [TEST_STEP][PASSED] - Statement - println(randomPaxIndex): null

2017-11-28 15:57:11 - [TEST_STEP][PASSED] - Statement - fname = rawData.getValue("FirstName", randomPaxIndex) + " AUT": null

2017-11-28 15:57:11 - [TEST_STEP][PASSED] - Statement - lname = rawData.getValue("LastName", randomPaxIndex): null

2017-11-28 15:57:11 - [TEST_STEP][PASSED] - Statement - pgender = rawData.getValue("Gender", randomPaxIndex): null

2017-11-28 15:57:11 - [TEST_STEP][PASSED] - Statement - pday = rawData.getValue("Day DOB", randomPaxIndex): null

2017-11-28 15:57:11 - [TEST_STEP][PASSED] - Statement - pmonth = rawData.getValue("Month DOB", randomPaxIndex): null

2017-11-28 15:57:11 - [TEST_STEP][PASSED] - Statement - pyear = rawData.getValue("Year DOB", randomPaxIndex): null

2017-11-28 15:57:11 - [TEST_STEP][PASSED] - Statement - paxDetailFields = paxInRoomXpath + "[" + j + "]/div[@class="col-md-x col-md-9"]/div[@class="row paxContainer"]/div[@class="col-md-5"]": null

2017-11-28 15:57:11 - [TEST_STEP][PASSED] - Statement - xpathval = paxDetailFields + "[1]/div[contains(@class,"form-group")]/input[@class="form-control paxFirstName"]": null

2017-11-28 15:57:11 - [TEST_STEP][PASSED] - Statement - println("fn: " + xpathval): null

2017-11-28 15:57:11 - [TEST_STEP][PASSED] - Statement - repObj = com.kms.katalon.core.testobject.ObjectRepository.findTestObject(Object Repository/PrimoTours/Old Objects/allPaxFirstNameFields): Finding Test Object with id 'Object Repository/PrimoTours/Old Objects/allPaxFirstNameFields'

2017-11-28 15:57:11 - [TEST_STEP][PASSED] - Statement - repObj.findProperty("xpath").setValue(xpathval): null

2017-11-28 15:57:11 - [TEST_STEP][PASSED] - setText: Text 'Andersen AUT' is set on object 'Object Repository/PrimoTours/Old Objects/allPaxFirstNameFields'

2017-11-28 15:57:11 - [MESSAGE][PASSED] - Text 'Andersen AUT' is set on object 'Object Repository/PrimoTours/Old Objects/allPaxFirstNameFields'

2017-11-28 15:57:11 - [TEST_STEP][PASSED] - Statement - xpathval = paxDetailFields + "[2]/div[contains(@class,"form-group")]/input[@class="form-control paxLastName"]": null

2017-11-28 15:57:11 - [TEST_STEP][PASSED] - Statement - println("ln: " + xpathval): null

2017-11-28 15:57:11 - [TEST_STEP][PASSED] - Statement - repObj = com.kms.katalon.core.testobject.ObjectRepository.findTestObject(Object Repository/PrimoTours/Old Objects/allPaxLastNameFields): Finding Test Object with id 'Object Repository/PrimoTours/Old Objects/allPaxLastNameFields'

2017-11-28 15:57:11 - [TEST_STEP][PASSED] - Statement - repObj.findProperty("xpath").setValue(xpathval): null

2017-11-28 15:57:11 - [TEST_STEP][PASSED] - setText: Text 'Catharina Nyvang' is set on object 'Object Repository/PrimoTours/Old Objects/allPaxLastNameFields'

2017-11-28 15:57:12 - [MESSAGE][PASSED] - Text 'Catharina Nyvang' is set on object 'Object Repository/PrimoTours/Old Objects/allPaxLastNameFields'

2017-11-28 15:57:12 - [TEST_STEP][PASSED] - Statement - paxInRoomXpath = roomContainerXpath + "[" + i + "]/div[@class="row"]/div[@class="col-md-12"]/div[@class="row"]": null

2017-11-28 15:57:12 - [TEST_STEP][PASSED] - Statement - paxInRoomCount = driver.findElements(org.openqa.selenium.By.xpath(paxInRoomXpath)).size(): null

2017-11-28 15:57:12 - [TEST_STEP][PASSED] - Statement - println("paxInRoomCount=" + paxInRoomCount): null

2017-11-28 15:57:12 - [TEST_STEP][PASSED] - Statement - For ([j = 1, j <= paxInRoomCount, (j++)]): Text 'Mike Lykke' is set on object 'Object Repository/PrimoTours/Old Objects/allPaxLastNameFields'

2017-11-28 15:57:12 - [TEST_STEP][PASSED] - Statement - If (i == 1 & j == 1): null

2017-11-28 15:57:12 - [TEST_STEP][PASSED] - Statement - randomPaxIndex = java.lang.Math.abs(new java.util.Random().nextInt() % excelRowNo) + 1: null

2017-11-28 15:57:12 - [TEST_STEP][PASSED] - Statement - println(randomPaxIndex): null

2017-11-28 15:57:12 - [TEST_STEP][PASSED] - Statement - fname = rawData.getValue("FirstName", randomPaxIndex) + " AUT": null

2017-11-28 15:57:12 - [TEST_STEP][PASSED] - Statement - lname = rawData.getValue("LastName", randomPaxIndex): null

2017-11-28 15:57:12 - [TEST_STEP][PASSED] - Statement - pgender = rawData.getValue("Gender", randomPaxIndex): null

2017-11-28 15:57:12 - [TEST_STEP][PASSED] - Statement - pday = rawData.getValue("Day DOB", randomPaxIndex): null

2017-11-28 15:57:12 - [TEST_STEP][PASSED] - Statement - pmonth = rawData.getValue("Month DOB", randomPaxIndex): null

2017-11-28 15:57:12 - [TEST_STEP][PASSED] - Statement - pyear = rawData.getValue("Year DOB", randomPaxIndex): null

2017-11-28 15:57:12 - [TEST_STEP][PASSED] - Statement - paxDetailFields = paxInRoomXpath + "[" + j + "]/div[@class="col-md-x col-md-9"]/div[@class="row paxContainer"]/div[@class="col-md-5"]": null

2017-11-28 15:57:12 - [TEST_STEP][PASSED] - Statement - xpathval = paxDetailFields + "[1]/div[contains(@class,"form-group")]/input[@class="form-control paxFirstName"]": null

2017-11-28 15:57:12 - [TEST_STEP][PASSED] - Statement - println("fn: " + xpathval): null

2017-11-28 15:57:12 - [TEST_STEP][PASSED] - Statement - repObj = com.kms.katalon.core.testobject.ObjectRepository.findTestObject(Object Repository/PrimoTours/Old Objects/allPaxFirstNameFields): Finding Test Object with id 'Object Repository/PrimoTours/Old Objects/allPaxFirstNameFields'

2017-11-28 15:57:12 - [TEST_STEP][PASSED] - Statement - repObj.findProperty("xpath").setValue(xpathval): null

2017-11-28 15:57:12 - [TEST_STEP][PASSED] - setText: Text 'Lindtofte AUT' is set on object 'Object Repository/PrimoTours/Old Objects/allPaxFirstNameFields'

2017-11-28 15:57:12 - [MESSAGE][PASSED] - Text 'Lindtofte AUT' is set on object 'Object Repository/PrimoTours/Old Objects/allPaxFirstNameFields'

2017-11-28 15:57:12 - [TEST_STEP][PASSED] - Statement - xpathval = paxDetailFields + "[2]/div[contains(@class,"form-group")]/input[@class="form-control paxLastName"]": null

2017-11-28 15:57:12 - [TEST_STEP][PASSED] - Statement - println("ln: " + xpathval): null

2017-11-28 15:57:12 - [TEST_STEP][PASSED] - Statement - repObj = com.kms.katalon.core.testobject.ObjectRepository.findTestObject(Object Repository/PrimoTours/Old Objects/allPaxLastNameFields): Finding Test Object with id 'Object Repository/PrimoTours/Old Objects/allPaxLastNameFields'

2017-11-28 15:57:12 - [TEST_STEP][PASSED] - Statement - repObj.findProperty("xpath").setValue(xpathval): null

2017-11-28 15:57:12 - [TEST_STEP][PASSED] - setText: Text 'Sanni' is set on object 'Object Repository/PrimoTours/Old Objects/allPaxLastNameFields'

2017-11-28 15:57:12 - [MESSAGE][PASSED] - Text 'Sanni' is set on object 'Object Repository/PrimoTours/Old Objects/allPaxLastNameFields'

2017-11-28 15:57:12 - [TEST_STEP][PASSED] - Statement - If (i == 1 & j == 1): null

2017-11-28 15:57:12 - [TEST_STEP][PASSED] - Statement - randomPaxIndex = java.lang.Math.abs(new java.util.Random().nextInt() % excelRowNo) + 1: null

2017-11-28 15:57:12 - [TEST_STEP][PASSED] - Statement - println(randomPaxIndex): null

2017-11-28 15:57:12 - [TEST_STEP][PASSED] - Statement - fname = rawData.getValue("FirstName", randomPaxIndex) + " AUT": null

2017-11-28 15:57:12 - [TEST_STEP][PASSED] - Statement - lname = rawData.getValue("LastName", randomPaxIndex): null

2017-11-28 15:57:12 - [TEST_STEP][PASSED] - Statement - pgender = rawData.getValue("Gender", randomPaxIndex): null

2017-11-28 15:57:12 - [TEST_STEP][PASSED] - Statement - pday = rawData.getValue("Day DOB", randomPaxIndex): null

2017-11-28 15:57:12 - [TEST_STEP][PASSED] - Statement - pmonth = rawData.getValue("Month DOB", randomPaxIndex): null

2017-11-28 15:57:12 - [TEST_STEP][PASSED] - Statement - pyear = rawData.getValue("Year DOB", randomPaxIndex): null

2017-11-28 15:57:12 - [TEST_STEP][PASSED] - Statement - paxDetailFields = paxInRoomXpath + "[" + j + "]/div[@class="col-md-x col-md-9"]/div[@class="row paxContainer"]/div[@class="col-md-5"]": null

2017-11-28 15:57:12 - [TEST_STEP][PASSED] - Statement - xpathval = paxDetailFields + "[1]/div[contains(@class,"form-group")]/input[@class="form-control paxFirstName"]": null

2017-11-28 15:57:12 - [TEST_STEP][PASSED] - Statement - println("fn: " + xpathval): null

2017-11-28 15:57:12 - [TEST_STEP][PASSED] - Statement - repObj = com.kms.katalon.core.testobject.ObjectRepository.findTestObject(Object Repository/PrimoTours/Old Objects/allPaxFirstNameFields): Finding Test Object with id 'Object Repository/PrimoTours/Old Objects/allPaxFirstNameFields'

2017-11-28 15:57:12 - [TEST_STEP][PASSED] - Statement - repObj.findProperty("xpath").setValue(xpathval): null

2017-11-28 15:57:12 - [TEST_STEP][PASSED] - setText: Text 'Fagerlund AUT' is set on object 'Object Repository/PrimoTours/Old Objects/allPaxFirstNameFields'

2017-11-28 15:57:13 - [MESSAGE][PASSED] - Text 'Fagerlund AUT' is set on object 'Object Repository/PrimoTours/Old Objects/allPaxFirstNameFields'

2017-11-28 15:57:13 - [TEST_STEP][PASSED] - Statement - xpathval = paxDetailFields + "[2]/div[contains(@class,"form-group")]/input[@class="form-control paxLastName"]": null

2017-11-28 15:57:13 - [TEST_STEP][PASSED] - Statement - println("ln: " + xpathval): null

2017-11-28 15:57:13 - [TEST_STEP][PASSED] - Statement - repObj = com.kms.katalon.core.testobject.ObjectRepository.findTestObject(Object Repository/PrimoTours/Old Objects/allPaxLastNameFields): Finding Test Object with id 'Object Repository/PrimoTours/Old Objects/allPaxLastNameFields'

2017-11-28 15:57:13 - [TEST_STEP][PASSED] - Statement - repObj.findProperty("xpath").setValue(xpathval): null

2017-11-28 15:57:13 - [TEST_STEP][PASSED] - setText: Text 'Mike Lykke' is set on object 'Object Repository/PrimoTours/Old Objects/allPaxLastNameFields'

2017-11-28 15:57:13 - [MESSAGE][PASSED] - Text 'Mike Lykke' is set on object 'Object Repository/PrimoTours/Old Objects/allPaxLastNameFields'

2017-11-28 15:57:13 - [TEST_STEP][PASSED] - scrollToElement: Scroll to object 'Object Repository/PrimoTours/Old Objects/Coco (1)/PrimoT/SaveBooking2/Success/bookingTotalValue' successfully

2017-11-28 15:57:13 - [MESSAGE][PASSED] - Scroll to object 'Object Repository/PrimoTours/Old Objects/Coco (1)/PrimoT/SaveBooking2/Success/bookingTotalValue' successfully

2017-11-28 15:57:13 - [TEST_STEP][PASSED] - click: Object: 'Object Repository/PrimoTours/Old Objects/Coco (1)/PrimoT/SaveBooking2/Success/bookingTotalValue' is clicked on

2017-11-28 15:57:13 - [MESSAGE][PASSED] - Object: 'Object Repository/PrimoTours/Old Objects/Coco (1)/PrimoT/SaveBooking2/Success/bookingTotalValue' is clicked on

2017-11-28 15:57:13 - [TEST_STEP][PASSED] - scrollToElement: Scroll to object 'Object Repository/PrimoTours/Old Objects/Coco (1)/PrimoT/SaveBooking2/Success/Page_Primo Tours  Danmarks bedste c/i_fa fa-arrow-circle-right' successfully

2017-11-28 15:57:13 - [MESSAGE][PASSED] - Scroll to object 'Object Repository/PrimoTours/Old Objects/Coco (1)/PrimoT/SaveBooking2/Success/Page_Primo Tours  Danmarks bedste c/i_fa fa-arrow-circle-right' successfully

2017-11-28 15:57:13 - [TEST_STEP][PASSED] - waitForElementClickable: Object 'Object Repository/PrimoTours/Old Objects/Coco (1)/PrimoT/SaveBooking2/Success/Page_Primo Tours  Danmarks bedste c/i_fa fa-arrow-circle-right' is clickable

2017-11-28 15:57:13 - [MESSAGE][PASSED] - Object 'Object Repository/PrimoTours/Old Objects/Coco (1)/PrimoT/SaveBooking2/Success/Page_Primo Tours  Danmarks bedste c/i_fa fa-arrow-circle-right' is clickable

2017-11-28 15:57:13 - [TEST_STEP][PASSED] - waitForElementVisible: Object 'Object Repository/PrimoTours/Old Objects/Coco (1)/PrimoT/SaveBooking2/Success/Page_Primo Tours  Danmarks bedste c/i_fa fa-arrow-circle-right' is visible

2017-11-28 15:57:13 - [MESSAGE][PASSED] - Object 'Object Repository/PrimoTours/Old Objects/Coco (1)/PrimoT/SaveBooking2/Success/Page_Primo Tours  Danmarks bedste c/i_fa fa-arrow-circle-right' is visible

2017-11-28 15:57:13 - [TEST_STEP][PASSED] - scrollToElement: Scroll to object 'Object Repository/PrimoTours/Old Objects/Coco (1)/PrimoT/SaveBooking2/Success/Page_Primo Tours  Danmarks bedste c/i_fa fa-arrow-circle-right' successfully

2017-11-28 15:57:13 - [MESSAGE][PASSED] - Scroll to object 'Object Repository/PrimoTours/Old Objects/Coco (1)/PrimoT/SaveBooking2/Success/Page_Primo Tours  Danmarks bedste c/i_fa fa-arrow-circle-right' successfully

2017-11-28 15:57:13 - [TEST_STEP][PASSED] - click: Object: 'Object Repository/PrimoTours/Old Objects/Coco (1)/PrimoT/SaveBooking2/Success/Page_Primo Tours  Danmarks bedste c/i_fa fa-arrow-circle-right' is clicked on

2017-11-28 15:57:13 - [MESSAGE][PASSED] - Object: 'Object Repository/PrimoTours/Old Objects/Coco (1)/PrimoT/SaveBooking2/Success/Page_Primo Tours  Danmarks bedste c/i_fa fa-arrow-circle-right' is clicked on

2017-11-28 15:57:13 - [TEST_STEP][PASSED] - waitForElementNotVisible: Object 'Object Repository/PrimoTours/Old Objects/CCenter/pageLoaderOverlayLayer' is NOT visible

2017-11-28 15:57:15 - [MESSAGE][PASSED] - Object 'Object Repository/PrimoTours/Old Objects/CCenter/pageLoaderOverlayLayer' is NOT visible

2017-11-28 15:57:15 - [TEST_STEP][PASSED] - scrollToElement: Scroll to object 'Object Repository/PrimoTours/Old Objects/Coco/PrimoT/Ins2/Page_Primo Tours  Danmarks bedste c/travelInsuranceFirstPaxSelector' successfully

2017-11-28 15:57:15 - [MESSAGE][PASSED] - Scroll to object 'Object Repository/PrimoTours/Old Objects/Coco/PrimoT/Ins2/Page_Primo Tours  Danmarks bedste c/travelInsuranceFirstPaxSelector' successfully

2017-11-28 15:57:15 - [TEST_STEP][PASSED] - waitForElementPresent: Object 'Object Repository/PrimoTours/Old Objects/Coco/PrimoT/Ins2/Page_Primo Tours  Danmarks bedste c/travelInsuranceFirstPaxSelector' is present

2017-11-28 15:57:15 - [MESSAGE][PASSED] - Object 'Object Repository/PrimoTours/Old Objects/Coco/PrimoT/Ins2/Page_Primo Tours  Danmarks bedste c/travelInsuranceFirstPaxSelector' is present

2017-11-28 15:57:15 - [TEST_STEP][PASSED] - waitForElementVisible: Object 'Object Repository/PrimoTours/Old Objects/Coco/PrimoT/Ins2/Page_Primo Tours  Danmarks bedste c/travelInsuranceFirstPaxSelector' is visible

2017-11-28 15:57:15 - [MESSAGE][PASSED] - Object 'Object Repository/PrimoTours/Old Objects/Coco/PrimoT/Ins2/Page_Primo Tours  Danmarks bedste c/travelInsuranceFirstPaxSelector' is visible

2017-11-28 15:57:15 - [TEST_STEP][PASSED] - waitForElementClickable: Object 'Object Repository/PrimoTours/Old Objects/Coco/PrimoT/Ins2/Page_Primo Tours  Danmarks bedste c/travelInsuranceFirstPaxSelector' is clickable

2017-11-28 15:57:15 - [MESSAGE][PASSED] - Object 'Object Repository/PrimoTours/Old Objects/Coco/PrimoT/Ins2/Page_Primo Tours  Danmarks bedste c/travelInsuranceFirstPaxSelector' is clickable

2017-11-28 15:57:15 - [TEST_STEP][PASSED] - click: Object: 'Object Repository/PrimoTours/Old Objects/Coco/PrimoT/Ins2/Page_Primo Tours  Danmarks bedste c/travelInsuranceFirstPaxSelector' is clicked on

2017-11-28 15:57:15 - [MESSAGE][PASSED] - Object: 'Object Repository/PrimoTours/Old Objects/Coco/PrimoT/Ins2/Page_Primo Tours  Danmarks bedste c/travelInsuranceFirstPaxSelector' is clicked on

2017-11-28 15:57:15 - [TEST_STEP][PASSED] - click: Object: 'Object Repository/PrimoTours/Old Objects/Coco/PrimoT/Ins2/Page_Primo Tours  Danmarks bedste c/li_Har selv forsikring - kr. 0' is clicked on

2017-11-28 15:57:15 - [MESSAGE][PASSED] - Object: 'Object Repository/PrimoTours/Old Objects/Coco/PrimoT/Ins2/Page_Primo Tours  Danmarks bedste c/li_Har selv forsikring - kr. 0' is clicked on

2017-11-28 15:57:15 - [TEST_STEP][NOT_RUN] - click: NOT_RUN: click

2017-11-28 15:57:15 - [MESSAGE][NOT_RUN] - NOT_RUN: click

2017-11-28 15:57:15 - [TEST_STEP][NOT_RUN] - scrollToElement: NOT_RUN: scrollToElement

2017-11-28 15:57:15 - [MESSAGE][NOT_RUN] - NOT_RUN: scrollToElement

2017-11-28 15:57:15 - [TEST_STEP][NOT_RUN] - click: NOT_RUN: click

2017-11-28 15:57:15 - [MESSAGE][NOT_RUN] - NOT_RUN: click

2017-11-28 15:57:15 - [TEST_STEP][PASSED] - waitForElementVisible: Object 'Object Repository/PrimoTours/Old Objects/Coco (1)/PrimoT/SaveBooking2/Page_Primo Tours  Danmarks bedste c/individualInsuranceCheckbox' is visible

2017-11-28 15:57:15 - [MESSAGE][PASSED] - Object 'Object Repository/PrimoTours/Old Objects/Coco (1)/PrimoT/SaveBooking2/Page_Primo Tours  Danmarks bedste c/individualInsuranceCheckbox' is visible

2017-11-28 15:57:15 - [TEST_STEP][PASSED] - scrollToElement: Scroll to object 'Object Repository/PrimoTours/Old Objects/Coco (1)/PrimoT/SaveBooking2/Page_Primo Tours  Danmarks bedste c/individualInsuranceCheckbox' successfully

2017-11-28 15:57:15 - [MESSAGE][PASSED] - Scroll to object 'Object Repository/PrimoTours/Old Objects/Coco (1)/PrimoT/SaveBooking2/Page_Primo Tours  Danmarks bedste c/individualInsuranceCheckbox' successfully

2017-11-28 15:57:15 - [TEST_STEP][PASSED] - click: Object: 'Object Repository/PrimoTours/Old Objects/Coco (1)/PrimoT/SaveBooking2/Page_Primo Tours  Danmarks bedste c/individualInsuranceCheckbox' is clicked on

2017-11-28 15:57:15 - [MESSAGE][PASSED] - Object: 'Object Repository/PrimoTours/Old Objects/Coco (1)/PrimoT/SaveBooking2/Page_Primo Tours  Danmarks bedste c/individualInsuranceCheckbox' is clicked on

2017-11-28 15:57:15 - [TEST_STEP][PASSED] - scrollToElement: Scroll to object 'Object Repository/PrimoTours/Old Objects/Coco (1)/PrimoT/SaveBooking2/Success/firstProdCategIndividualSelectionRadioB' successfully

2017-11-28 15:57:15 - [MESSAGE][PASSED] - Scroll to object 'Object Repository/PrimoTours/Old Objects/Coco (1)/PrimoT/SaveBooking2/Success/firstProdCategIndividualSelectionRadioB' successfully

2017-11-28 15:57:15 - [TEST_STEP][PASSED] - waitForElementClickable: Object 'Object Repository/PrimoTours/Old Objects/Coco (1)/PrimoT/SaveBooking2/Success/firstProdCategIndividualSelectionRadioB' is clickable

2017-11-28 15:57:16 - [MESSAGE][PASSED] - Object 'Object Repository/PrimoTours/Old Objects/Coco (1)/PrimoT/SaveBooking2/Success/firstProdCategIndividualSelectionRadioB' is clickable

2017-11-28 15:57:16 - [TEST_STEP][PASSED] - scrollToElement: Scroll to object 'Object Repository/PrimoTours/Old Objects/Coco (1)/PrimoT/SaveBooking2/Success/firstProdCategIndividualSelectionRadioB' successfully

2017-11-28 15:57:16 - [MESSAGE][PASSED] - Scroll to object 'Object Repository/PrimoTours/Old Objects/Coco (1)/PrimoT/SaveBooking2/Success/firstProdCategIndividualSelectionRadioB' successfully

2017-11-28 15:57:16 - [TEST_STEP][PASSED] - click: Object: 'Object Repository/PrimoTours/Old Objects/Coco (1)/PrimoT/SaveBooking2/Success/firstProdCategIndividualSelectionRadioB' is clicked on

2017-11-28 15:57:16 - [MESSAGE][PASSED] - Object: 'Object Repository/PrimoTours/Old Objects/Coco (1)/PrimoT/SaveBooking2/Success/firstProdCategIndividualSelectionRadioB' is clicked on

2017-11-28 15:57:16 - [TEST_STEP][PASSED] - scrollToElement: Scroll to object 'Object Repository/PrimoTours/Old Objects/Coco (1)/PrimoT/SaveBooking2/Success/firstProdCategSelectForAllPaxCheckbox' successfully

2017-11-28 15:57:16 - [MESSAGE][PASSED] - Scroll to object 'Object Repository/PrimoTours/Old Objects/Coco (1)/PrimoT/SaveBooking2/Success/firstProdCategSelectForAllPaxCheckbox' successfully

2017-11-28 15:57:16 - [TEST_STEP][PASSED] - waitForElementClickable: Object 'Object Repository/PrimoTours/Old Objects/Coco (1)/PrimoT/SaveBooking2/Success/firstProdCategSelectForAllPaxCheckbox' is clickable

2017-11-28 15:57:16 - [MESSAGE][PASSED] - Object 'Object Repository/PrimoTours/Old Objects/Coco (1)/PrimoT/SaveBooking2/Success/firstProdCategSelectForAllPaxCheckbox' is clickable

2017-11-28 15:57:16 - [TEST_STEP][PASSED] - click: Object: 'Object Repository/PrimoTours/Old Objects/Coco (1)/PrimoT/SaveBooking2/Success/firstProdCategSelectForAllPaxCheckbox' is clicked on

2017-11-28 15:57:16 - [MESSAGE][PASSED] - Object: 'Object Repository/PrimoTours/Old Objects/Coco (1)/PrimoT/SaveBooking2/Success/firstProdCategSelectForAllPaxCheckbox' is clicked on

2017-11-28 15:57:16 - [TEST_STEP][NOT_RUN] - scrollToElement: NOT_RUN: scrollToElement

2017-11-28 15:57:16 - [MESSAGE][NOT_RUN] - NOT_RUN: scrollToElement

2017-11-28 15:57:16 - [TEST_STEP][NOT_RUN] - scrollToElement: NOT_RUN: scrollToElement

2017-11-28 15:57:16 - [MESSAGE][NOT_RUN] - NOT_RUN: scrollToElement

2017-11-28 15:57:16 - [TEST_STEP][NOT_RUN] - click: NOT_RUN: click

2017-11-28 15:57:16 - [MESSAGE][NOT_RUN] - NOT_RUN: click

2017-11-28 15:57:16 - [TEST_STEP][PASSED] - scrollToElement: Scroll to object 'Object Repository/PrimoTours/ConfirmationPage/agreeTermsAndCondCheckbox' successfully

2017-11-28 15:57:16 - [MESSAGE][PASSED] - Scroll to object 'Object Repository/PrimoTours/ConfirmationPage/agreeTermsAndCondCheckbox' successfully

2017-11-28 15:57:16 - [TEST_STEP][FAILED] - click: Unable to click on object 'Object Repository/PrimoTours/ConfirmationPage/agreeTermsAndCondCheckbox' (Root cause: org.openqa.selenium.WebDriverException: unknown error: Element <a href="#" class="toggle checkbox kalypto"></a> is not clickable at point (395, 666). Other element would receive the click: <h2>...</h2>
  (Session info: chrome=62.0.3202.94)
  (Driver info: chromedriver=2.33.506120 (e3e53437346286c0bc2d2dc9aa4915ba81d9023f),platform=Windows NT 6.3.9600 x86_64) (WARNING: The server did not provide any stacktrace information)
Command duration or timeout: 0 milliseconds
Build info: version: '3.7.1', revision: '8a0099a', time: '2017-11-06T21:07:36.161Z'
System info: host: 'NEACSUNEW-PC', ip: '10.10.10.211', os.name: 'Windows 8.1', os.arch: 'amd64', os.version: '6.3', java.version: '1.8.0_102'
Driver info: com.kms.katalon.selenium.driver.CChromeDriver
Capabilities {acceptSslCerts: true, applicationCacheEnabled: false, browserConnectionEnabled: false, browserName: chrome, chrome: {chromedriverVersion: 2.33.506120 (e3e53437346286..., userDataDir: C:\Users\Cornel\AppData\Loc...}, cssSelectorsEnabled: true, databaseEnabled: false, handlesAlerts: true, hasTouchScreen: false, javascriptEnabled: true, locationContextEnabled: true, mobileEmulationEnabled: false, nativeEvents: true, networkConnectionEnabled: false, pageLoadStrategy: normal, platform: XP, platformName: XP, rotatable: false, setWindowRect: true, takesHeapSnapshot: true, takesScreenshot: true, unexpectedAlertBehaviour: , unhandledPromptBehavior: , version: 62.0.3202.94, webStorageEnabled: true}
Session ID: 01a845b12e01a3f4ee2402eb15505993)

2017-11-28 15:57:17 - [MESSAGE][FAILED] - Unable to click on object 'Object Repository/PrimoTours/ConfirmationPage/agreeTermsAndCondCheckbox' (Root cause: org.openqa.selenium.WebDriverException: unknown error: Element <a href="#" class="toggle checkbox kalypto"></a> is not clickable at point (395, 666). Other element would receive the click: <h2>...</h2>
  (Session info: chrome=62.0.3202.94)
  (Driver info: chromedriver=2.33.506120 (e3e53437346286c0bc2d2dc9aa4915ba81d9023f),platform=Windows NT 6.3.9600 x86_64) (WARNING: The server did not provide any stacktrace information)
Command duration or timeout: 0 milliseconds
Build info: version: '3.7.1', revision: '8a0099a', time: '2017-11-06T21:07:36.161Z'
System info: host: 'NEACSUNEW-PC', ip: '10.10.10.211', os.name: 'Windows 8.1', os.arch: 'amd64', os.version: '6.3', java.version: '1.8.0_102'
Driver info: com.kms.katalon.selenium.driver.CChromeDriver
Capabilities {acceptSslCerts: true, applicationCacheEnabled: false, browserConnectionEnabled: false, browserName: chrome, chrome: {chromedriverVersion: 2.33.506120 (e3e53437346286..., userDataDir: C:\Users\Cornel\AppData\Loc...}, cssSelectorsEnabled: true, databaseEnabled: false, handlesAlerts: true, hasTouchScreen: false, javascriptEnabled: true, locationContextEnabled: true, mobileEmulationEnabled: false, nativeEvents: true, networkConnectionEnabled: false, pageLoadStrategy: normal, platform: XP, platformName: XP, rotatable: false, setWindowRect: true, takesHeapSnapshot: true, takesScreenshot: true, unexpectedAlertBehaviour: , unhandledPromptBehavior: , version: 62.0.3202.94, webStorageEnabled: true}
Session ID: 01a845b12e01a3f4ee2402eb15505993)
[[ATTACHMENT|D:\\Software testing\\Tourpaq\\Automated Katalon tests\\Primo WB test\\Reports\\WB Primo From Excel URLs\\20171128_155250\\1511877436915.png]]]]></system-out>
         <system-err><![CDATA[2017-11-28 15:57:02 - [TEST_CASE][FAILED] - Test Cases/PrimoTours/WB Primo/WB Primo staging - place booking - Iteration 12: Test Cases/PrimoTours/WB Primo/WB Primo staging - place booking FAILED because (of) Unable to click on object 'Object Repository/PrimoTours/ConfirmationPage/agreeTermsAndCondCheckbox' (Root cause: org.openqa.selenium.WebDriverException: unknown error: Element <a href="#" class="toggle checkbox kalypto"></a> is not clickable at point (395, 666). Other element would receive the click: <h2>...</h2>
  (Session info: chrome=62.0.3202.94)
  (Driver info: chromedriver=2.33.506120 (e3e53437346286c0bc2d2dc9aa4915ba81d9023f),platform=Windows NT 6.3.9600 x86_64) (WARNING: The server did not provide any stacktrace information)
Command duration or timeout: 0 milliseconds
Build info: version: '3.7.1', revision: '8a0099a', time: '2017-11-06T21:07:36.161Z'
System info: host: 'NEACSUNEW-PC', ip: '10.10.10.211', os.name: 'Windows 8.1', os.arch: 'amd64', os.version: '6.3', java.version: '1.8.0_102'
Driver info: com.kms.katalon.selenium.driver.CChromeDriver
Capabilities {acceptSslCerts: true, applicationCacheEnabled: false, browserConnectionEnabled: false, browserName: chrome, chrome: {chromedriverVersion: 2.33.506120 (e3e53437346286..., userDataDir: C:\Users\Cornel\AppData\Loc...}, cssSelectorsEnabled: true, databaseEnabled: false, handlesAlerts: true, hasTouchScreen: false, javascriptEnabled: true, locationContextEnabled: true, mobileEmulationEnabled: false, nativeEvents: true, networkConnectionEnabled: false, pageLoadStrategy: normal, platform: XP, platformName: XP, rotatable: false, setWindowRect: true, takesHeapSnapshot: true, takesScreenshot: true, unexpectedAlertBehaviour: , unhandledPromptBehavior: , version: 62.0.3202.94, webStorageEnabled: true}
Session ID: 01a845b12e01a3f4ee2402eb15505993)]]></system-err>
      </testcase>
      <system-out><![CDATA[2017-11-28 15:52:52 - [TEST_SUITE][FAILED] - WB Primo From Excel URLs: Test Cases/PrimoTours/WB Primo/WB Primo staging - place booking FAILED because (of) Unable to click on object 'Object Repository/PrimoTours/ConfirmationPage/placeBookingButton' (Root cause: org.openqa.selenium.WebDriverException: unknown error: Element <a href="javascript:;" class="btn btn-success col-xs-12 step defaultButton disabledElement" data-validator="options" data-loader="true" id="placeBookingButton" data-bind="css: tourpaq.bookingEngine.confirmation.nextStepButtonStyle">...</a> is not clickable at point (1337, 729). Other element would receive the click: <div class="col-xs-12 col-md-4 col-md-offset-4 pull-right">...</div>
  (Session info: chrome=62.0.3202.94)
  (Driver info: chromedriver=2.33.506120 (e3e53437346286c0bc2d2dc9aa4915ba81d9023f),platform=Windows NT 6.3.9600 x86_64) (WARNING: The server did not provide any stacktrace information)
Command duration or timeout: 0 milliseconds
Build info: version: '3.7.1', revision: '8a0099a', time: '2017-11-06T21:07:36.161Z'
System info: host: 'NEACSUNEW-PC', ip: '10.10.10.211', os.name: 'Windows 8.1', os.arch: 'amd64', os.version: '6.3', java.version: '1.8.0_102'
Driver info: com.kms.katalon.selenium.driver.CChromeDriver
Capabilities {acceptSslCerts: true, applicationCacheEnabled: false, browserConnectionEnabled: false, browserName: chrome, chrome: {chromedriverVersion: 2.33.506120 (e3e53437346286..., userDataDir: C:\Users\Cornel\AppData\Loc...}, cssSelectorsEnabled: true, databaseEnabled: false, handlesAlerts: true, hasTouchScreen: false, javascriptEnabled: true, locationContextEnabled: true, mobileEmulationEnabled: false, nativeEvents: true, networkConnectionEnabled: false, pageLoadStrategy: normal, platform: XP, platformName: XP, rotatable: false, setWindowRect: true, takesHeapSnapshot: true, takesScreenshot: true, unexpectedAlertBehaviour: , unhandledPromptBehavior: , version: 62.0.3202.94, webStorageEnabled: true}
Session ID: 68e76008acb9dc1a007aa3aad9a0b566)]]></system-out>
      <system-err><![CDATA[2017-11-28 15:52:52 - [TEST_SUITE][FAILED] - WB Primo From Excel URLs: Test Cases/PrimoTours/WB Primo/WB Primo staging - place booking FAILED because (of) Unable to click on object 'Object Repository/PrimoTours/ConfirmationPage/placeBookingButton' (Root cause: org.openqa.selenium.WebDriverException: unknown error: Element <a href="javascript:;" class="btn btn-success col-xs-12 step defaultButton disabledElement" data-validator="options" data-loader="true" id="placeBookingButton" data-bind="css: tourpaq.bookingEngine.confirmation.nextStepButtonStyle">...</a> is not clickable at point (1337, 729). Other element would receive the click: <div class="col-xs-12 col-md-4 col-md-offset-4 pull-right">...</div>
  (Session info: chrome=62.0.3202.94)
  (Driver info: chromedriver=2.33.506120 (e3e53437346286c0bc2d2dc9aa4915ba81d9023f),platform=Windows NT 6.3.9600 x86_64) (WARNING: The server did not provide any stacktrace information)
Command duration or timeout: 0 milliseconds
Build info: version: '3.7.1', revision: '8a0099a', time: '2017-11-06T21:07:36.161Z'
System info: host: 'NEACSUNEW-PC', ip: '10.10.10.211', os.name: 'Windows 8.1', os.arch: 'amd64', os.version: '6.3', java.version: '1.8.0_102'
Driver info: com.kms.katalon.selenium.driver.CChromeDriver
Capabilities {acceptSslCerts: true, applicationCacheEnabled: false, browserConnectionEnabled: false, browserName: chrome, chrome: {chromedriverVersion: 2.33.506120 (e3e53437346286..., userDataDir: C:\Users\Cornel\AppData\Loc...}, cssSelectorsEnabled: true, databaseEnabled: false, handlesAlerts: true, hasTouchScreen: false, javascriptEnabled: true, locationContextEnabled: true, mobileEmulationEnabled: false, nativeEvents: true, networkConnectionEnabled: false, pageLoadStrategy: normal, platform: XP, platformName: XP, rotatable: false, setWindowRect: true, takesHeapSnapshot: true, takesScreenshot: true, unexpectedAlertBehaviour: , unhandledPromptBehavior: , version: 62.0.3202.94, webStorageEnabled: true}
Session ID: 68e76008acb9dc1a007aa3aad9a0b566)]]></system-err>
   </testsuite>
</testsuites>
