<?xml version="1.0" encoding="UTF-8"?>
<testsuites name="Primo WB booking" time="35" tests="1" failures="0" errors="0">
   <testsuite name="Primo WB booking" tests="1" failures="0" errors="0" time="35" timestamp="2017-10-27 17:27:52" hostname="Cornel - NEACSUNEW-PC.zlin.roweb.ro" id="Test Suites/Primo WB booking">
      <properties>
         <property name="deviceName" value=""/>
         <property name="devicePlatform" value=""/>
         <property name="logFolder" value="C:\\Users\\Cornel\\Katalon Studio\\Primo WB test\\Reports\\Primo WB booking\\20171027_172750"/>
         <property name="logFiles" value="C:\\Users\\Cornel\\Katalon Studio\\Primo WB test\\Reports\\Primo WB booking\\20171027_172750\\execution0.log"/>
         <property name="attachments" value=""/>
         <property name="hostName" value="Cornel - NEACSUNEW-PC.zlin.roweb.ro"/>
         <property name="os" value="Windows 8.1 64bit"/>
         <property name="katalonVersion" value="4.8.0.2"/>
         <property name="browser" value="Chrome 61.0.3163.100"/>
         <property name="hostAddress" value="10.10.10.211"/>
         <property name="sessionId" value="69e343c8d2f09ba347749943834d05e2"/>
         <property name="seleniumVersion" value="2.53.0"/>
         <property name="proxyInformation" value="ProxyInformation{proxyOption=NO_PROXY, proxyServerType=, password=, proxyServerAddress=, proxyServerPort=0}"/>
         <property name="platform" value="Windows 8.1"/>
      </properties>
      <testcase name="Test Cases/WB Primo - place booking" classname="Test Cases/WB Primo - place booking" status="PASSED">
         <system-out><![CDATA[2017-10-27 17:27:53 - [TEST_CASE][PASSED] - Test Cases/WB Primo - place booking: Test Cases/WB Primo - place booking

2017-10-27 17:27:54 - [TEST_STEP][PASSED] - openBrowser: Browser is opened with url: ''

2017-10-27 17:28:00 - [MESSAGE][PASSED] - Browser is opened with url: ''

2017-10-27 17:28:00 - [TEST_STEP][PASSED] - maximizeWindow: Current window maximized

2017-10-27 17:28:01 - [MESSAGE][PASSED] - Current window maximized

2017-10-27 17:28:01 - [TEST_STEP][PASSED] - navigateToUrl: Navigate to 'https://primotours-webbooking.tourpaq.com/DoBooking.aspx?pltaID=1480269&p=1&rno=1&pt=1&a=2&c=0&aa=&ca=' successfully

2017-10-27 17:28:10 - [MESSAGE][PASSED] - Navigate to 'https://primotours-webbooking.tourpaq.com/DoBooking.aspx?pltaID=1480269&p=1&rno=1&pt=1&a=2&c=0&aa=&ca=' successfully

2017-10-27 17:28:10 - [TEST_STEP][PASSED] - setText: Text 'Cornel' is set on object 'Object Repository/Coco/PrimoT/Page_Primo Tours  Danmarks bedste c/input_firstName'

2017-10-27 17:28:12 - [MESSAGE][PASSED] - Text 'Cornel' is set on object 'Object Repository/Coco/PrimoT/Page_Primo Tours  Danmarks bedste c/input_firstName'

2017-10-27 17:28:12 - [TEST_STEP][PASSED] - setText: Text 'Neacsu' is set on object 'Object Repository/Coco/PrimoT/Page_Primo Tours  Danmarks bedste c/input_lastName'

2017-10-27 17:28:13 - [MESSAGE][PASSED] - Text 'Neacsu' is set on object 'Object Repository/Coco/PrimoT/Page_Primo Tours  Danmarks bedste c/input_lastName'

2017-10-27 17:28:13 - [TEST_STEP][PASSED] - setText: Text 'Home address' is set on object 'Object Repository/Coco/PrimoT/Page_Primo Tours  Danmarks bedste c/input_customerAddress'

2017-10-27 17:28:14 - [MESSAGE][PASSED] - Text 'Home address' is set on object 'Object Repository/Coco/PrimoT/Page_Primo Tours  Danmarks bedste c/input_customerAddress'

2017-10-27 17:28:14 - [TEST_STEP][PASSED] - setText: Text '6700' is set on object 'Object Repository/Coco/PrimoT/Page_Primo Tours  Danmarks bedste c/input_customerPostcode'

2017-10-27 17:28:14 - [MESSAGE][PASSED] - Text '6700' is set on object 'Object Repository/Coco/PrimoT/Page_Primo Tours  Danmarks bedste c/input_customerPostcode'

2017-10-27 17:28:14 - [TEST_STEP][PASSED] - setText: Text 'cornel.neacsu@roweb.ro' is set on object 'Object Repository/Coco/PrimoT/Page_Primo Tours  Danmarks bedste c/input_customerEmail'

2017-10-27 17:28:15 - [MESSAGE][PASSED] - Text 'cornel.neacsu@roweb.ro' is set on object 'Object Repository/Coco/PrimoT/Page_Primo Tours  Danmarks bedste c/input_customerEmail'

2017-10-27 17:28:15 - [TEST_STEP][PASSED] - setText: Text '12345678' is set on object 'Object Repository/Coco/PrimoT/Page_Primo Tours  Danmarks bedste c/input_customerPhone'

2017-10-27 17:28:16 - [MESSAGE][PASSED] - Text '12345678' is set on object 'Object Repository/Coco/PrimoT/Page_Primo Tours  Danmarks bedste c/input_customerPhone'

2017-10-27 17:28:16 - [TEST_STEP][PASSED] - setText: Text 'FirstName of passenger' is set on object 'Object Repository/Coco/PrimoT/Page_Primo Tours  Danmarks bedste c/input_firstname-0_1'

2017-10-27 17:28:16 - [MESSAGE][PASSED] - Text 'FirstName of passenger' is set on object 'Object Repository/Coco/PrimoT/Page_Primo Tours  Danmarks bedste c/input_firstname-0_1'

2017-10-27 17:28:16 - [TEST_STEP][PASSED] - setText: Text 'Last name of passenger' is set on object 'Object Repository/Coco/PrimoT/Page_Primo Tours  Danmarks bedste c/input_lastname0_1'

2017-10-27 17:28:17 - [MESSAGE][PASSED] - Text 'Last name of passenger' is set on object 'Object Repository/Coco/PrimoT/Page_Primo Tours  Danmarks bedste c/input_lastname0_1'

2017-10-27 17:28:17 - [TEST_STEP][PASSED] - scrollToElement: Scroll to object 'Object Repository/Coco/PrimoT/SaveBooking2/Success/span_kr. 7.892-' successfully

2017-10-27 17:28:17 - [MESSAGE][PASSED] - Scroll to object 'Object Repository/Coco/PrimoT/SaveBooking2/Success/span_kr. 7.892-' successfully

2017-10-27 17:28:17 - [TEST_STEP][PASSED] - click: Object: 'Object Repository/Coco/PrimoT/SaveBooking2/Success/span_kr. 7.892-' is clicked on

2017-10-27 17:28:17 - [MESSAGE][PASSED] - Object: 'Object Repository/Coco/PrimoT/SaveBooking2/Success/span_kr. 7.892-' is clicked on

2017-10-27 17:28:17 - [TEST_STEP][PASSED] - scrollToElement: Scroll to object 'Object Repository/Coco/PrimoT/Page_Primo Tours  Danmarks bedste c/Page_Primo Tours  Danmarks bedste c/Page_Primo Tours  Danmarks bedste c/i_fa fa-arrow-circle-right' successfully

2017-10-27 17:28:17 - [MESSAGE][PASSED] - Scroll to object 'Object Repository/Coco/PrimoT/Page_Primo Tours  Danmarks bedste c/Page_Primo Tours  Danmarks bedste c/Page_Primo Tours  Danmarks bedste c/i_fa fa-arrow-circle-right' successfully

2017-10-27 17:28:17 - [TEST_STEP][PASSED] - waitForElementClickable: Object 'Object Repository/Coco/PrimoT/Page_Primo Tours  Danmarks bedste c/Page_Primo Tours  Danmarks bedste c/Page_Primo Tours  Danmarks bedste c/i_fa fa-arrow-circle-right' is clickable

2017-10-27 17:28:18 - [MESSAGE][PASSED] - Object 'Object Repository/Coco/PrimoT/Page_Primo Tours  Danmarks bedste c/Page_Primo Tours  Danmarks bedste c/Page_Primo Tours  Danmarks bedste c/i_fa fa-arrow-circle-right' is clickable

2017-10-27 17:28:18 - [TEST_STEP][PASSED] - waitForElementVisible: Object 'Object Repository/Coco/PrimoT/Page_Primo Tours  Danmarks bedste c/Page_Primo Tours  Danmarks bedste c/Page_Primo Tours  Danmarks bedste c/i_fa fa-arrow-circle-right' is visible

2017-10-27 17:28:18 - [MESSAGE][PASSED] - Object 'Object Repository/Coco/PrimoT/Page_Primo Tours  Danmarks bedste c/Page_Primo Tours  Danmarks bedste c/Page_Primo Tours  Danmarks bedste c/i_fa fa-arrow-circle-right' is visible

2017-10-27 17:28:18 - [TEST_STEP][PASSED] - scrollToElement: Scroll to object 'Object Repository/Coco/PrimoT/Page_Primo Tours  Danmarks bedste c/Page_Primo Tours  Danmarks bedste c/Page_Primo Tours  Danmarks bedste c/i_fa fa-arrow-circle-right' successfully

2017-10-27 17:28:18 - [MESSAGE][PASSED] - Scroll to object 'Object Repository/Coco/PrimoT/Page_Primo Tours  Danmarks bedste c/Page_Primo Tours  Danmarks bedste c/Page_Primo Tours  Danmarks bedste c/i_fa fa-arrow-circle-right' successfully

2017-10-27 17:28:18 - [TEST_STEP][PASSED] - click: Object: 'Object Repository/Coco/PrimoT/Page_Primo Tours  Danmarks bedste c/Page_Primo Tours  Danmarks bedste c/Page_Primo Tours  Danmarks bedste c/i_fa fa-arrow-circle-right' is clicked on

2017-10-27 17:28:18 - [MESSAGE][PASSED] - Object: 'Object Repository/Coco/PrimoT/Page_Primo Tours  Danmarks bedste c/Page_Primo Tours  Danmarks bedste c/Page_Primo Tours  Danmarks bedste c/i_fa fa-arrow-circle-right' is clicked on

2017-10-27 17:28:18 - [TEST_STEP][PASSED] - waitForElementPresent: Object 'Object Repository/Coco/PrimoT/Ins2/Page_Primo Tours  Danmarks bedste c/span_Vlg forsikring' is present

2017-10-27 17:28:21 - [MESSAGE][PASSED] - Object 'Object Repository/Coco/PrimoT/Ins2/Page_Primo Tours  Danmarks bedste c/span_Vlg forsikring' is present

2017-10-27 17:28:21 - [TEST_STEP][PASSED] - click: Object: 'Object Repository/Coco/PrimoT/Ins2/Page_Primo Tours  Danmarks bedste c/span_Vlg forsikring' is clicked on

2017-10-27 17:28:22 - [MESSAGE][PASSED] - Object: 'Object Repository/Coco/PrimoT/Ins2/Page_Primo Tours  Danmarks bedste c/span_Vlg forsikring' is clicked on

2017-10-27 17:28:22 - [TEST_STEP][PASSED] - click: Object: 'Object Repository/Coco/PrimoT/Ins2/Page_Primo Tours  Danmarks bedste c/li_Har selv forsikring - kr. 0' is clicked on

2017-10-27 17:28:23 - [MESSAGE][PASSED] - Object: 'Object Repository/Coco/PrimoT/Ins2/Page_Primo Tours  Danmarks bedste c/li_Har selv forsikring - kr. 0' is clicked on

2017-10-27 17:28:23 - [TEST_STEP][NOT_RUN] - click: NOT_RUN: click

2017-10-27 17:28:23 - [MESSAGE][NOT_RUN] - NOT_RUN: click

2017-10-27 17:28:23 - [TEST_STEP][NOT_RUN] - scrollToElement: NOT_RUN: scrollToElement

2017-10-27 17:28:23 - [MESSAGE][NOT_RUN] - NOT_RUN: scrollToElement

2017-10-27 17:28:23 - [TEST_STEP][NOT_RUN] - click: NOT_RUN: click

2017-10-27 17:28:23 - [MESSAGE][NOT_RUN] - NOT_RUN: click

2017-10-27 17:28:23 - [TEST_STEP][PASSED] - scrollToElement: Scroll to object 'Object Repository/Coco/PrimoT/SaveBooking2/Page_Primo Tours  Danmarks bedste c/a_toggle checkbox kalypto' successfully

2017-10-27 17:28:23 - [MESSAGE][PASSED] - Scroll to object 'Object Repository/Coco/PrimoT/SaveBooking2/Page_Primo Tours  Danmarks bedste c/a_toggle checkbox kalypto' successfully

2017-10-27 17:28:23 - [TEST_STEP][PASSED] - waitForElementVisible: Object 'Object Repository/Coco/PrimoT/SaveBooking2/Page_Primo Tours  Danmarks bedste c/a_toggle checkbox kalypto' is visible

2017-10-27 17:28:24 - [MESSAGE][PASSED] - Object 'Object Repository/Coco/PrimoT/SaveBooking2/Page_Primo Tours  Danmarks bedste c/a_toggle checkbox kalypto' is visible

2017-10-27 17:28:24 - [TEST_STEP][PASSED] - click: Object: 'Object Repository/Coco/PrimoT/SaveBooking2/Page_Primo Tours  Danmarks bedste c/a_toggle checkbox kalypto' is clicked on

2017-10-27 17:28:24 - [MESSAGE][PASSED] - Object: 'Object Repository/Coco/PrimoT/SaveBooking2/Page_Primo Tours  Danmarks bedste c/a_toggle checkbox kalypto' is clicked on

2017-10-27 17:28:24 - [TEST_STEP][PASSED] - scrollToElement: Scroll to object 'Object Repository/Coco/PrimoT/SaveBooking2/Success/a_toggle radio kalypto' successfully

2017-10-27 17:28:24 - [MESSAGE][PASSED] - Scroll to object 'Object Repository/Coco/PrimoT/SaveBooking2/Success/a_toggle radio kalypto' successfully

2017-10-27 17:28:24 - [TEST_STEP][PASSED] - click: Object: 'Object Repository/Coco/PrimoT/SaveBooking2/Success/a_toggle radio kalypto' is clicked on

2017-10-27 17:28:25 - [MESSAGE][PASSED] - Object: 'Object Repository/Coco/PrimoT/SaveBooking2/Success/a_toggle radio kalypto' is clicked on

2017-10-27 17:28:25 - [TEST_STEP][PASSED] - scrollToElement: Scroll to object 'Object Repository/Coco/PrimoT/SaveBooking2/Success/a_toggle checkbox kalypto (1)' successfully

2017-10-27 17:28:25 - [MESSAGE][PASSED] - Scroll to object 'Object Repository/Coco/PrimoT/SaveBooking2/Success/a_toggle checkbox kalypto (1)' successfully

2017-10-27 17:28:25 - [TEST_STEP][PASSED] - click: Object: 'Object Repository/Coco/PrimoT/SaveBooking2/Success/a_toggle checkbox kalypto (1)' is clicked on

2017-10-27 17:28:25 - [MESSAGE][PASSED] - Object: 'Object Repository/Coco/PrimoT/SaveBooking2/Success/a_toggle checkbox kalypto (1)' is clicked on

2017-10-27 17:28:25 - [TEST_STEP][NOT_RUN] - scrollToElement: NOT_RUN: scrollToElement

2017-10-27 17:28:25 - [MESSAGE][NOT_RUN] - NOT_RUN: scrollToElement

2017-10-27 17:28:25 - [TEST_STEP][NOT_RUN] - scrollToElement: NOT_RUN: scrollToElement

2017-10-27 17:28:25 - [MESSAGE][NOT_RUN] - NOT_RUN: scrollToElement

2017-10-27 17:28:25 - [TEST_STEP][NOT_RUN] - click: NOT_RUN: click

2017-10-27 17:28:25 - [MESSAGE][NOT_RUN] - NOT_RUN: click

2017-10-27 17:28:25 - [TEST_STEP][PASSED] - scrollToElement: Scroll to object 'Object Repository/Coco/PrimoT/SaveBooking2/Success/a_toggle checkbox kalypto' successfully

2017-10-27 17:28:25 - [MESSAGE][PASSED] - Scroll to object 'Object Repository/Coco/PrimoT/SaveBooking2/Success/a_toggle checkbox kalypto' successfully

2017-10-27 17:28:25 - [TEST_STEP][PASSED] - click: Object: 'Object Repository/Coco/PrimoT/SaveBooking2/Success/a_toggle checkbox kalypto' is clicked on

2017-10-27 17:28:26 - [MESSAGE][PASSED] - Object: 'Object Repository/Coco/PrimoT/SaveBooking2/Success/a_toggle checkbox kalypto' is clicked on

2017-10-27 17:28:26 - [TEST_STEP][PASSED] - scrollToElement: Scroll to object 'Object Repository/Coco/PrimoT/SaveBooking2/Page_Primo Tours  Danmarks bedste c/a_btn btn-success col-xs-12 st' successfully

2017-10-27 17:28:26 - [MESSAGE][PASSED] - Scroll to object 'Object Repository/Coco/PrimoT/SaveBooking2/Page_Primo Tours  Danmarks bedste c/a_btn btn-success col-xs-12 st' successfully

2017-10-27 17:28:26 - [TEST_STEP][PASSED] - waitForElementClickable: Object 'Object Repository/Coco/PrimoT/SaveBooking2/Page_Primo Tours  Danmarks bedste c/a_btn btn-success col-xs-12 st' is clickable

2017-10-27 17:28:26 - [MESSAGE][PASSED] - Object 'Object Repository/Coco/PrimoT/SaveBooking2/Page_Primo Tours  Danmarks bedste c/a_btn btn-success col-xs-12 st' is clickable]]></system-out>
         <system-err><![CDATA[]]></system-err>
      </testcase>
      <system-out><![CDATA[2017-10-27 17:27:52 - [TEST_SUITE][PASSED] - Primo WB booking: Test Cases/WB Primo - place booking]]></system-out>
      <system-err><![CDATA[]]></system-err>
   </testsuite>
</testsuites>
