<?xml version="1.0" encoding="UTF-8"?>
<testsuites name="Primo WB booking" time="80" tests="0" failures="1" errors="0">
   <testsuite name="Primo WB booking" tests="0" failures="1" errors="0" time="80" timestamp="2017-10-30 10:21:00" hostname="Cornel - NEACSUNEW-PC.zlin.roweb.ro" id="Test Suites/Primo WB booking">
      <properties>
         <property name="deviceName" value="LGE Nexus 5 6.0.1"/>
         <property name="devicePlatform" value=""/>
         <property name="logFolder" value="C:\\Users\\Cornel\\Katalon Studio\\Primo WB test\\Reports\\Primo WB booking\\20171030_102059"/>
         <property name="logFiles" value="C:\\Users\\Cornel\\Katalon Studio\\Primo WB test\\Reports\\Primo WB booking\\20171030_102059\\appium.log, C:\\Users\\Cornel\\Katalon Studio\\Primo WB test\\Reports\\Primo WB booking\\20171030_102059\\execution0.log"/>
         <property name="attachments" value="C:\\Users\\Cornel\\Katalon Studio\\Primo WB test\\Reports\\Primo WB booking\\20171030_102059\\1509351737235.png"/>
         <property name="hostName" value="Cornel - NEACSUNEW-PC.zlin.roweb.ro"/>
         <property name="os" value="Windows 8.1 64bit"/>
         <property name="katalonVersion" value="5.0.0.1"/>
         <property name="deviceOS" value="Android"/>
         <property name="appiumVersion" value="1.6.5"/>
         <property name="sessionId" value="2e714880-eb8c-4534-a8e8-32e7708aa95c"/>
         <property name="deviceId" value="0b0b094f02a0a32e"/>
         <property name="deviceName" value="LGE Nexus 5 6.0.1"/>
         <property name="proxyInformation" value="ProxyInformation{proxyOption=NO_PROXY, proxyServerType=, password=, proxyServerAddress=, proxyServerPort=0}"/>
         <property name="deviceOSVersion" value="6.0.1"/>
         <property name="platform" value="Windows 8.1"/>
         <property name="browser" value="Chrome 61.0.3163.98"/>
         <property name="deviceModel" value="Nexus 5"/>
         <property name="hostAddress" value="10.10.10.211"/>
         <property name="deviceManufacturer" value="LGE"/>
         <property name="seleniumVersion" value="2.53.0"/>
      </properties>
      <testcase name="Test Cases/Main Test Cases/TC2_Verify Successful Appointment" classname="Test Cases/Main Test Cases/TC2_Verify Successful Appointment" status="FAILED">
         <failure type="FAILED" message="Unable to click on object 'Object Repository/Page_CuraAppointment/btn_BookAppointment' (Root cause: org.openqa.selenium.WebDriverException: unknown error: Element is not clickable at point (68, 282)
  (Session info: chrome=61.0.3163.98)
  (Driver info: chromedriver=2.28.455520 (cc17746adff54984afff480136733114c6b3704b),platform=Windows NT 6.3.9600 x86_64) (WARNING: The server did not provide any stacktrace information)
Command duration or timeout: 544 milliseconds
Build info: version: '2.53.0', revision: '35ae25b', time: '2016-03-15 17:00:58'
System info: host: 'NEACSUNEW-PC', ip: '10.10.10.211', os.name: 'Windows 8.1', os.arch: 'amd64', os.version: '6.3', java.version: '1.8.0_102'
Driver info: com.kms.katalon.core.appium.driver.SwipeableAndroidDriver
Capabilities [{deviceScreenSize=1080x1920, networkConnectionEnabled=true, warnings={}, databaseEnabled=false, deviceName=0b0b094f02a0a32e, platform=ANDROID, deviceUDID=0b0b094f02a0a32e, desired={newCommandTimeout=1800, browserName=Chrome, udid=0b0b094f02a0a32e, platformName=Android, deviceName=LGE Nexus 5 6.0.1, platform=ANDROID}, newCommandTimeout=1800, platformVersion=6.0.1, webStorageEnabled=false, locationContextEnabled=false, takesScreenshot=true, browserName=Chrome, javascriptEnabled=true, deviceModel=Nexus 5, udid=0b0b094f02a0a32e, platformName=Android, deviceManufacturer=LGE}]
Session ID: 2e714880-eb8c-4534-a8e8-32e7708aa95c)"/>
         <system-out><![CDATA[2017-10-30 10:21:01 - [TEST_CASE][FAILED] - Test Cases/Main Test Cases/TC2_Verify Successful Appointment: Test Cases/Main Test Cases/TC2_Verify Successful Appointment FAILED because (of) Unable to click on object 'Object Repository/Page_CuraAppointment/btn_BookAppointment' (Root cause: org.openqa.selenium.WebDriverException: unknown error: Element is not clickable at point (68, 282)
  (Session info: chrome=61.0.3163.98)
  (Driver info: chromedriver=2.28.455520 (cc17746adff54984afff480136733114c6b3704b),platform=Windows NT 6.3.9600 x86_64) (WARNING: The server did not provide any stacktrace information)
Command duration or timeout: 544 milliseconds
Build info: version: '2.53.0', revision: '35ae25b', time: '2016-03-15 17:00:58'
System info: host: 'NEACSUNEW-PC', ip: '10.10.10.211', os.name: 'Windows 8.1', os.arch: 'amd64', os.version: '6.3', java.version: '1.8.0_102'
Driver info: com.kms.katalon.core.appium.driver.SwipeableAndroidDriver
Capabilities [{deviceScreenSize=1080x1920, networkConnectionEnabled=true, warnings={}, databaseEnabled=false, deviceName=0b0b094f02a0a32e, platform=ANDROID, deviceUDID=0b0b094f02a0a32e, desired={newCommandTimeout=1800, browserName=Chrome, udid=0b0b094f02a0a32e, platformName=Android, deviceName=LGE Nexus 5 6.0.1, platform=ANDROID}, newCommandTimeout=1800, platformVersion=6.0.1, webStorageEnabled=false, locationContextEnabled=false, takesScreenshot=true, browserName=Chrome, javascriptEnabled=true, deviceModel=Nexus 5, udid=0b0b094f02a0a32e, platformName=Android, deviceManufacturer=LGE}]
Session ID: 2e714880-eb8c-4534-a8e8-32e7708aa95c)

2017-10-30 10:21:02 - [TEST_STEP][PASSED] - comment: Story: Book an appointment

2017-10-30 10:21:02 - [TEST_STEP][PASSED] - comment: Given that the user has logged into their account

2017-10-30 10:21:02 - [TEST_STEP][PASSED] - openBrowser: Browser is opened with url: 'http://demoaut.katalon.com'

2017-10-30 10:22:01 - [MESSAGE][PASSED] - Browser is opened with url: 'http://demoaut.katalon.com'

2017-10-30 10:22:01 - [TEST_STEP][PASSED] - callTestCase: Call Test Case 'Test Cases/Common Test Cases/Login' successfully

2017-10-30 10:22:01 - [TEST_CASE][PASSED] - Test Cases/Common Test Cases/Login: Test Cases/Common Test Cases/Login

2017-10-30 10:22:01 - [TEST_STEP][PASSED] - click: Object: 'Object Repository/Page_CuraHomepage/btn_MakeAppointment' is clicked on

2017-10-30 10:22:03 - [MESSAGE][PASSED] - Object: 'Object Repository/Page_CuraHomepage/btn_MakeAppointment' is clicked on

2017-10-30 10:22:03 - [TEST_STEP][PASSED] - setText: Text 'John Doe' is set on object 'Object Repository/Page_Login/txt_UserName'

2017-10-30 10:22:05 - [MESSAGE][PASSED] - Text 'John Doe' is set on object 'Object Repository/Page_Login/txt_UserName'

2017-10-30 10:22:05 - [TEST_STEP][PASSED] - setText: Text 'ThisIsNotAPassword' is set on object 'Object Repository/Page_Login/txt_Password'

2017-10-30 10:22:06 - [MESSAGE][PASSED] - Text 'ThisIsNotAPassword' is set on object 'Object Repository/Page_Login/txt_Password'

2017-10-30 10:22:06 - [TEST_STEP][PASSED] - click: Object: 'Object Repository/Page_Login/btn_Login' is clicked on

2017-10-30 10:22:08 - [MESSAGE][PASSED] - Object: 'Object Repository/Page_Login/btn_Login' is clicked on

2017-10-30 10:22:08 - [TEST_STEP][PASSED] - Statement - landingPage = com.kms.katalon.core.webui.keyword.WebUiBuiltInKeywords.verifyElementPresent(com.kms.katalon.core.testobject.ObjectRepository.findTestObject(Page_CuraAppointment/div_Appointment), G_Timeout): Object 'Object Repository/Page_CuraAppointment/div_Appointment' is present

2017-10-30 10:22:08 - [MESSAGE][PASSED] - Object 'Object Repository/Page_CuraAppointment/div_Appointment' is present

2017-10-30 10:22:08 - [MESSAGE][PASSED] - Call Test Case 'Test Cases/Common Test Cases/Login' successfully

2017-10-30 10:22:08 - [TEST_STEP][PASSED] - comment: And Appointment page is displayed

2017-10-30 10:22:08 - [TEST_STEP][PASSED] - Statement - If (true): Text 'Please make appointment as soon as possible.' is set on object 'Object Repository/Page_CuraAppointment/txt_Comment'

2017-10-30 10:22:08 - [TEST_STEP][PASSED] - selectOptionByLabel: All options with label 'Hongkong CURA Healthcare Center' are selected in object 'Object Repository/Page_CuraAppointment/lst_Facility' 

2017-10-30 10:22:10 - [MESSAGE][PASSED] - All options with label 'Hongkong CURA Healthcare Center' are selected in object 'Object Repository/Page_CuraAppointment/lst_Facility' 

2017-10-30 10:22:10 - [TEST_STEP][PASSED] - check: Object 'Object Repository/Page_CuraAppointment/chk_Medicaid' is checked

2017-10-30 10:22:11 - [MESSAGE][PASSED] - Object 'Object Repository/Page_CuraAppointment/chk_Medicaid' is checked

2017-10-30 10:22:11 - [TEST_STEP][PASSED] - check: Object 'Object Repository/Page_CuraAppointment/chk_Readmission' is checked

2017-10-30 10:22:11 - [MESSAGE][PASSED] - Object 'Object Repository/Page_CuraAppointment/chk_Readmission' is checked

2017-10-30 10:22:11 - [TEST_STEP][PASSED] - setText: Text '27/12/2016' is set on object 'Object Repository/Page_CuraAppointment/txt_VisitDate'

2017-10-30 10:22:13 - [MESSAGE][PASSED] - Text '27/12/2016' is set on object 'Object Repository/Page_CuraAppointment/txt_VisitDate'

2017-10-30 10:22:13 - [TEST_STEP][PASSED] - setText: Text 'Please make appointment as soon as possible.' is set on object 'Object Repository/Page_CuraAppointment/txt_Comment'

2017-10-30 10:22:16 - [MESSAGE][PASSED] - Text 'Please make appointment as soon as possible.' is set on object 'Object Repository/Page_CuraAppointment/txt_Comment'

2017-10-30 10:22:16 - [TEST_STEP][PASSED] - comment: When he fills in valid information in Appointment page

2017-10-30 10:22:16 - [TEST_STEP][FAILED] - click: Unable to click on object 'Object Repository/Page_CuraAppointment/btn_BookAppointment' (Root cause: org.openqa.selenium.WebDriverException: unknown error: Element is not clickable at point (68, 282)
  (Session info: chrome=61.0.3163.98)
  (Driver info: chromedriver=2.28.455520 (cc17746adff54984afff480136733114c6b3704b),platform=Windows NT 6.3.9600 x86_64) (WARNING: The server did not provide any stacktrace information)
Command duration or timeout: 544 milliseconds
Build info: version: '2.53.0', revision: '35ae25b', time: '2016-03-15 17:00:58'
System info: host: 'NEACSUNEW-PC', ip: '10.10.10.211', os.name: 'Windows 8.1', os.arch: 'amd64', os.version: '6.3', java.version: '1.8.0_102'
Driver info: com.kms.katalon.core.appium.driver.SwipeableAndroidDriver
Capabilities [{deviceScreenSize=1080x1920, networkConnectionEnabled=true, warnings={}, databaseEnabled=false, deviceName=0b0b094f02a0a32e, platform=ANDROID, deviceUDID=0b0b094f02a0a32e, desired={newCommandTimeout=1800, browserName=Chrome, udid=0b0b094f02a0a32e, platformName=Android, deviceName=LGE Nexus 5 6.0.1, platform=ANDROID}, newCommandTimeout=1800, platformVersion=6.0.1, webStorageEnabled=false, locationContextEnabled=false, takesScreenshot=true, browserName=Chrome, javascriptEnabled=true, deviceModel=Nexus 5, udid=0b0b094f02a0a32e, platformName=Android, deviceManufacturer=LGE}]
Session ID: 2e714880-eb8c-4534-a8e8-32e7708aa95c)

2017-10-30 10:22:17 - [MESSAGE][FAILED] - Unable to click on object 'Object Repository/Page_CuraAppointment/btn_BookAppointment' (Root cause: org.openqa.selenium.WebDriverException: unknown error: Element is not clickable at point (68, 282)
  (Session info: chrome=61.0.3163.98)
  (Driver info: chromedriver=2.28.455520 (cc17746adff54984afff480136733114c6b3704b),platform=Windows NT 6.3.9600 x86_64) (WARNING: The server did not provide any stacktrace information)
Command duration or timeout: 544 milliseconds
Build info: version: '2.53.0', revision: '35ae25b', time: '2016-03-15 17:00:58'
System info: host: 'NEACSUNEW-PC', ip: '10.10.10.211', os.name: 'Windows 8.1', os.arch: 'amd64', os.version: '6.3', java.version: '1.8.0_102'
Driver info: com.kms.katalon.core.appium.driver.SwipeableAndroidDriver
Capabilities [{deviceScreenSize=1080x1920, networkConnectionEnabled=true, warnings={}, databaseEnabled=false, deviceName=0b0b094f02a0a32e, platform=ANDROID, deviceUDID=0b0b094f02a0a32e, desired={newCommandTimeout=1800, browserName=Chrome, udid=0b0b094f02a0a32e, platformName=Android, deviceName=LGE Nexus 5 6.0.1, platform=ANDROID}, newCommandTimeout=1800, platformVersion=6.0.1, webStorageEnabled=false, locationContextEnabled=false, takesScreenshot=true, browserName=Chrome, javascriptEnabled=true, deviceModel=Nexus 5, udid=0b0b094f02a0a32e, platformName=Android, deviceManufacturer=LGE}]
Session ID: 2e714880-eb8c-4534-a8e8-32e7708aa95c)
[[ATTACHMENT|C:\\Users\\Cornel\\Katalon Studio\\Primo WB test\\Reports\\Primo WB booking\\20171030_102059\\1509351737235.png]]]]></system-out>
         <system-err><![CDATA[2017-10-30 10:21:01 - [TEST_CASE][FAILED] - Test Cases/Main Test Cases/TC2_Verify Successful Appointment: Test Cases/Main Test Cases/TC2_Verify Successful Appointment FAILED because (of) Unable to click on object 'Object Repository/Page_CuraAppointment/btn_BookAppointment' (Root cause: org.openqa.selenium.WebDriverException: unknown error: Element is not clickable at point (68, 282)
  (Session info: chrome=61.0.3163.98)
  (Driver info: chromedriver=2.28.455520 (cc17746adff54984afff480136733114c6b3704b),platform=Windows NT 6.3.9600 x86_64) (WARNING: The server did not provide any stacktrace information)
Command duration or timeout: 544 milliseconds
Build info: version: '2.53.0', revision: '35ae25b', time: '2016-03-15 17:00:58'
System info: host: 'NEACSUNEW-PC', ip: '10.10.10.211', os.name: 'Windows 8.1', os.arch: 'amd64', os.version: '6.3', java.version: '1.8.0_102'
Driver info: com.kms.katalon.core.appium.driver.SwipeableAndroidDriver
Capabilities [{deviceScreenSize=1080x1920, networkConnectionEnabled=true, warnings={}, databaseEnabled=false, deviceName=0b0b094f02a0a32e, platform=ANDROID, deviceUDID=0b0b094f02a0a32e, desired={newCommandTimeout=1800, browserName=Chrome, udid=0b0b094f02a0a32e, platformName=Android, deviceName=LGE Nexus 5 6.0.1, platform=ANDROID}, newCommandTimeout=1800, platformVersion=6.0.1, webStorageEnabled=false, locationContextEnabled=false, takesScreenshot=true, browserName=Chrome, javascriptEnabled=true, deviceModel=Nexus 5, udid=0b0b094f02a0a32e, platformName=Android, deviceManufacturer=LGE}]
Session ID: 2e714880-eb8c-4534-a8e8-32e7708aa95c)]]></system-err>
      </testcase>
      <system-out><![CDATA[2017-10-30 10:21:00 - [TEST_SUITE][FAILED] - Primo WB booking: Test Cases/Main Test Cases/TC2_Verify Successful Appointment FAILED because (of) Unable to click on object 'Object Repository/Page_CuraAppointment/btn_BookAppointment' (Root cause: org.openqa.selenium.WebDriverException: unknown error: Element is not clickable at point (68, 282)
  (Session info: chrome=61.0.3163.98)
  (Driver info: chromedriver=2.28.455520 (cc17746adff54984afff480136733114c6b3704b),platform=Windows NT 6.3.9600 x86_64) (WARNING: The server did not provide any stacktrace information)
Command duration or timeout: 544 milliseconds
Build info: version: '2.53.0', revision: '35ae25b', time: '2016-03-15 17:00:58'
System info: host: 'NEACSUNEW-PC', ip: '10.10.10.211', os.name: 'Windows 8.1', os.arch: 'amd64', os.version: '6.3', java.version: '1.8.0_102'
Driver info: com.kms.katalon.core.appium.driver.SwipeableAndroidDriver
Capabilities [{deviceScreenSize=1080x1920, networkConnectionEnabled=true, warnings={}, databaseEnabled=false, deviceName=0b0b094f02a0a32e, platform=ANDROID, deviceUDID=0b0b094f02a0a32e, desired={newCommandTimeout=1800, browserName=Chrome, udid=0b0b094f02a0a32e, platformName=Android, deviceName=LGE Nexus 5 6.0.1, platform=ANDROID}, newCommandTimeout=1800, platformVersion=6.0.1, webStorageEnabled=false, locationContextEnabled=false, takesScreenshot=true, browserName=Chrome, javascriptEnabled=true, deviceModel=Nexus 5, udid=0b0b094f02a0a32e, platformName=Android, deviceManufacturer=LGE}]
Session ID: 2e714880-eb8c-4534-a8e8-32e7708aa95c)]]></system-out>
      <system-err><![CDATA[2017-10-30 10:21:00 - [TEST_SUITE][FAILED] - Primo WB booking: Test Cases/Main Test Cases/TC2_Verify Successful Appointment FAILED because (of) Unable to click on object 'Object Repository/Page_CuraAppointment/btn_BookAppointment' (Root cause: org.openqa.selenium.WebDriverException: unknown error: Element is not clickable at point (68, 282)
  (Session info: chrome=61.0.3163.98)
  (Driver info: chromedriver=2.28.455520 (cc17746adff54984afff480136733114c6b3704b),platform=Windows NT 6.3.9600 x86_64) (WARNING: The server did not provide any stacktrace information)
Command duration or timeout: 544 milliseconds
Build info: version: '2.53.0', revision: '35ae25b', time: '2016-03-15 17:00:58'
System info: host: 'NEACSUNEW-PC', ip: '10.10.10.211', os.name: 'Windows 8.1', os.arch: 'amd64', os.version: '6.3', java.version: '1.8.0_102'
Driver info: com.kms.katalon.core.appium.driver.SwipeableAndroidDriver
Capabilities [{deviceScreenSize=1080x1920, networkConnectionEnabled=true, warnings={}, databaseEnabled=false, deviceName=0b0b094f02a0a32e, platform=ANDROID, deviceUDID=0b0b094f02a0a32e, desired={newCommandTimeout=1800, browserName=Chrome, udid=0b0b094f02a0a32e, platformName=Android, deviceName=LGE Nexus 5 6.0.1, platform=ANDROID}, newCommandTimeout=1800, platformVersion=6.0.1, webStorageEnabled=false, locationContextEnabled=false, takesScreenshot=true, browserName=Chrome, javascriptEnabled=true, deviceModel=Nexus 5, udid=0b0b094f02a0a32e, platformName=Android, deviceManufacturer=LGE}]
Session ID: 2e714880-eb8c-4534-a8e8-32e7708aa95c)]]></system-err>
   </testsuite>
</testsuites>
