<?xml version="1.0" encoding="UTF-8"?>
<testsuites name="Primo WB booking" time="150" tests="0" failures="1" errors="0">
   <testsuite name="Primo WB booking" tests="0" failures="1" errors="0" time="150" timestamp="2017-10-27 14:15:20" hostname="Cornel - NEACSUNEW-PC.zlin.roweb.ro" id="Test Suites/Primo WB booking">
      <properties>
         <property name="deviceName" value="LGE Nexus 5 6.0.1"/>
         <property name="devicePlatform" value=""/>
         <property name="logFolder" value="C:\\Users\\Cornel\\Katalon Studio\\Primo WB test\\Reports\\Primo WB booking\\20171027_141519"/>
         <property name="logFiles" value="C:\\Users\\Cornel\\Katalon Studio\\Primo WB test\\Reports\\Primo WB booking\\20171027_141519\\appium.log, C:\\Users\\Cornel\\Katalon Studio\\Primo WB test\\Reports\\Primo WB booking\\20171027_141519\\execution0.log"/>
         <property name="attachments" value="C:\\Users\\Cornel\\Katalon Studio\\Primo WB test\\Reports\\Primo WB booking\\20171027_141519\\1509102947292.png, C:\\Users\\Cornel\\Katalon Studio\\Primo WB test\\Reports\\Primo WB booking\\20171027_141519\\1509103066994.png"/>
         <property name="hostName" value="Cornel - NEACSUNEW-PC.zlin.roweb.ro"/>
         <property name="os" value="Windows 8.1 64bit"/>
         <property name="katalonVersion" value="4.8.0.2"/>
         <property name="deviceOS" value="Android"/>
         <property name="appiumVersion" value="1.6.5"/>
         <property name="sessionId" value="b97dbb63-c51e-4c2f-a971-6313e3dae758"/>
         <property name="deviceId" value="0b0b094f02a0a32e"/>
         <property name="deviceName" value="LGE Nexus 5 6.0.1"/>
         <property name="proxyInformation" value="ProxyInformation{proxyOption=NO_PROXY, proxyServerType=, password=, proxyServerAddress=, proxyServerPort=0}"/>
         <property name="deviceOSVersion" value="6.0.1"/>
         <property name="platform" value="Windows 8.1"/>
         <property name="browser" value="Chrome 61.0.3163.98"/>
         <property name="deviceModel" value="Nexus 5"/>
         <property name="hostAddress" value="10.10.10.211"/>
         <property name="deviceManufacturer" value="LGE"/>
         <property name="seleniumVersion" value="2.53.0"/>
      </properties>
      <testcase name="Test Cases/WB Primo - place booking" classname="Test Cases/WB Primo - place booking" status="FAILED">
         <failure type="FAILED" message="Unable to click on object 'Object Repository/Coco/PrimoT/Ins2/Page_Primo Tours  Danmarks bedste c/span_Vlg forsikring' (Root cause: com.kms.katalon.core.webui.exception.WebElementNotFoundException: Web element with id: 'Object Repository/Coco/PrimoT/Ins2/Page_Primo Tours  Danmarks bedste c/span_Vlg forsikring' located by 'By.xpath: //span[count(. | //*[starts-with(@id,'select2-ddlInsurance')]) = count(//*[starts-with(@id,'select2-ddlInsurance')])][count(. | //*[contains(@class,'select2-selection__rendered')]) = count(//*[contains(@class,'select2-selection__rendered')])]' not found)"/>
         <system-out><![CDATA[2017-10-27 14:15:21 - [TEST_CASE][FAILED] - Test Cases/WB Primo - place booking: Test Cases/WB Primo - place booking FAILED because (of) Unable to click on object 'Object Repository/Coco/PrimoT/Ins2/Page_Primo Tours  Danmarks bedste c/span_Vlg forsikring' (Root cause: com.kms.katalon.core.webui.exception.WebElementNotFoundException: Web element with id: 'Object Repository/Coco/PrimoT/Ins2/Page_Primo Tours  Danmarks bedste c/span_Vlg forsikring' located by 'By.xpath: //span[count(. | //*[starts-with(@id,'select2-ddlInsurance')]) = count(//*[starts-with(@id,'select2-ddlInsurance')])][count(. | //*[contains(@class,'select2-selection__rendered')]) = count(//*[contains(@class,'select2-selection__rendered')])]' not found)

2017-10-27 14:15:22 - [TEST_STEP][PASSED] - openBrowser: Browser is opened with url: ''

2017-10-27 14:15:46 - [MESSAGE][PASSED] - Browser is opened with url: ''

2017-10-27 14:15:46 - [TEST_STEP][PASSED] - maximizeWindow: Unable to maximize current window (Root cause: org.openqa.selenium.WebDriverException: unknown error: operation is unsupported on Android
  (Session info: chrome=61.0.3163.98)
  (Driver info: chromedriver=2.28.455520 (cc17746adff54984afff480136733114c6b3704b),platform=Windows NT 6.3.9600 x86_64) (WARNING: The server did not provide any stacktrace information)
Command duration or timeout: 303 milliseconds
Build info: version: '2.53.0', revision: '35ae25b', time: '2016-03-15 17:00:58'
System info: host: 'NEACSUNEW-PC', ip: '10.10.10.211', os.name: 'Windows 8.1', os.arch: 'amd64', os.version: '6.3', java.version: '1.8.0_102'
Driver info: com.kms.katalon.core.appium.driver.SwipeableAndroidDriver
Capabilities [{deviceScreenSize=1080x1920, networkConnectionEnabled=true, warnings={}, databaseEnabled=false, deviceName=0b0b094f02a0a32e, platform=ANDROID, deviceUDID=0b0b094f02a0a32e, desired={newCommandTimeout=1800, browserName=Chrome, udid=0b0b094f02a0a32e, platformName=Android, deviceName=LGE Nexus 5 6.0.1, platform=ANDROID}, newCommandTimeout=1800, platformVersion=6.0.1, webStorageEnabled=false, locationContextEnabled=false, takesScreenshot=true, browserName=Chrome, javascriptEnabled=true, deviceModel=Nexus 5, udid=0b0b094f02a0a32e, platformName=Android, deviceManufacturer=LGE}]
Session ID: b97dbb63-c51e-4c2f-a971-6313e3dae758)

2017-10-27 14:16:03 - [MESSAGE][WARNING] - Unable to maximize current window (Root cause: org.openqa.selenium.WebDriverException: unknown error: operation is unsupported on Android
  (Session info: chrome=61.0.3163.98)
  (Driver info: chromedriver=2.28.455520 (cc17746adff54984afff480136733114c6b3704b),platform=Windows NT 6.3.9600 x86_64) (WARNING: The server did not provide any stacktrace information)
Command duration or timeout: 303 milliseconds
Build info: version: '2.53.0', revision: '35ae25b', time: '2016-03-15 17:00:58'
System info: host: 'NEACSUNEW-PC', ip: '10.10.10.211', os.name: 'Windows 8.1', os.arch: 'amd64', os.version: '6.3', java.version: '1.8.0_102'
Driver info: com.kms.katalon.core.appium.driver.SwipeableAndroidDriver
Capabilities [{deviceScreenSize=1080x1920, networkConnectionEnabled=true, warnings={}, databaseEnabled=false, deviceName=0b0b094f02a0a32e, platform=ANDROID, deviceUDID=0b0b094f02a0a32e, desired={newCommandTimeout=1800, browserName=Chrome, udid=0b0b094f02a0a32e, platformName=Android, deviceName=LGE Nexus 5 6.0.1, platform=ANDROID}, newCommandTimeout=1800, platformVersion=6.0.1, webStorageEnabled=false, locationContextEnabled=false, takesScreenshot=true, browserName=Chrome, javascriptEnabled=true, deviceModel=Nexus 5, udid=0b0b094f02a0a32e, platformName=Android, deviceManufacturer=LGE}]
Session ID: b97dbb63-c51e-4c2f-a971-6313e3dae758)
[[ATTACHMENT|C:\\Users\\Cornel\\Katalon Studio\\Primo WB test\\Reports\\Primo WB booking\\20171027_141519\\1509102947292.png]]

2017-10-27 14:16:03 - [TEST_STEP][PASSED] - navigateToUrl: Navigate to 'https://primotours-webbooking.tourpaq.com/DoBooking.aspx?pltaID=1480269&p=1&rno=1&pt=1&a=2&c=0&aa=&ca=' successfully

2017-10-27 14:16:11 - [MESSAGE][PASSED] - Navigate to 'https://primotours-webbooking.tourpaq.com/DoBooking.aspx?pltaID=1480269&p=1&rno=1&pt=1&a=2&c=0&aa=&ca=' successfully

2017-10-27 14:16:11 - [TEST_STEP][PASSED] - setText: Text 'Cornel' is set on object 'Object Repository/Coco/PrimoT/Page_Primo Tours  Danmarks bedste c/input_firstName'

2017-10-27 14:16:12 - [MESSAGE][PASSED] - Text 'Cornel' is set on object 'Object Repository/Coco/PrimoT/Page_Primo Tours  Danmarks bedste c/input_firstName'

2017-10-27 14:16:12 - [TEST_STEP][PASSED] - setText: Text 'Neacsu' is set on object 'Object Repository/Coco/PrimoT/Page_Primo Tours  Danmarks bedste c/input_lastName'

2017-10-27 14:16:15 - [MESSAGE][PASSED] - Text 'Neacsu' is set on object 'Object Repository/Coco/PrimoT/Page_Primo Tours  Danmarks bedste c/input_lastName'

2017-10-27 14:16:15 - [TEST_STEP][PASSED] - setText: Text 'Home address' is set on object 'Object Repository/Coco/PrimoT/Page_Primo Tours  Danmarks bedste c/input_customerAddress'

2017-10-27 14:16:17 - [MESSAGE][PASSED] - Text 'Home address' is set on object 'Object Repository/Coco/PrimoT/Page_Primo Tours  Danmarks bedste c/input_customerAddress'

2017-10-27 14:16:17 - [TEST_STEP][PASSED] - setText: Text '6700' is set on object 'Object Repository/Coco/PrimoT/Page_Primo Tours  Danmarks bedste c/input_customerPostcode'

2017-10-27 14:16:18 - [MESSAGE][PASSED] - Text '6700' is set on object 'Object Repository/Coco/PrimoT/Page_Primo Tours  Danmarks bedste c/input_customerPostcode'

2017-10-27 14:16:18 - [TEST_STEP][PASSED] - setText: Text 'cornel.neacsu@roweb.ro' is set on object 'Object Repository/Coco/PrimoT/Page_Primo Tours  Danmarks bedste c/input_customerEmail'

2017-10-27 14:16:22 - [MESSAGE][PASSED] - Text 'cornel.neacsu@roweb.ro' is set on object 'Object Repository/Coco/PrimoT/Page_Primo Tours  Danmarks bedste c/input_customerEmail'

2017-10-27 14:16:22 - [TEST_STEP][PASSED] - setText: Text '12345678' is set on object 'Object Repository/Coco/PrimoT/Page_Primo Tours  Danmarks bedste c/input_customerPhone'

2017-10-27 14:16:24 - [MESSAGE][PASSED] - Text '12345678' is set on object 'Object Repository/Coco/PrimoT/Page_Primo Tours  Danmarks bedste c/input_customerPhone'

2017-10-27 14:16:24 - [TEST_STEP][PASSED] - setText: Text 'FirstName of passenger' is set on object 'Object Repository/Coco/PrimoT/Page_Primo Tours  Danmarks bedste c/input_firstname-0_1'

2017-10-27 14:16:26 - [MESSAGE][PASSED] - Text 'FirstName of passenger' is set on object 'Object Repository/Coco/PrimoT/Page_Primo Tours  Danmarks bedste c/input_firstname-0_1'

2017-10-27 14:16:26 - [TEST_STEP][PASSED] - setText: Text 'Last name of passenger' is set on object 'Object Repository/Coco/PrimoT/Page_Primo Tours  Danmarks bedste c/input_lastname0_1'

2017-10-27 14:16:29 - [MESSAGE][PASSED] - Text 'Last name of passenger' is set on object 'Object Repository/Coco/PrimoT/Page_Primo Tours  Danmarks bedste c/input_lastname0_1'

2017-10-27 14:16:29 - [TEST_STEP][PASSED] - scrollToElement: Scroll to object 'Object Repository/Coco/PrimoT/Page_Primo Tours  Danmarks bedste c/Page_Primo Tours  Danmarks bedste c/Page_Primo Tours  Danmarks bedste c/i_fa fa-arrow-circle-right' successfully

2017-10-27 14:16:30 - [MESSAGE][PASSED] - Scroll to object 'Object Repository/Coco/PrimoT/Page_Primo Tours  Danmarks bedste c/Page_Primo Tours  Danmarks bedste c/Page_Primo Tours  Danmarks bedste c/i_fa fa-arrow-circle-right' successfully

2017-10-27 14:16:30 - [TEST_STEP][PASSED] - waitForElementClickable: Object 'Object Repository/Coco/PrimoT/Page_Primo Tours  Danmarks bedste c/Page_Primo Tours  Danmarks bedste c/Page_Primo Tours  Danmarks bedste c/i_fa fa-arrow-circle-right' is clickable

2017-10-27 14:16:30 - [MESSAGE][PASSED] - Object 'Object Repository/Coco/PrimoT/Page_Primo Tours  Danmarks bedste c/Page_Primo Tours  Danmarks bedste c/Page_Primo Tours  Danmarks bedste c/i_fa fa-arrow-circle-right' is clickable

2017-10-27 14:16:30 - [TEST_STEP][PASSED] - waitForElementVisible: Object 'Object Repository/Coco/PrimoT/Page_Primo Tours  Danmarks bedste c/Page_Primo Tours  Danmarks bedste c/Page_Primo Tours  Danmarks bedste c/i_fa fa-arrow-circle-right' is visible

2017-10-27 14:16:30 - [MESSAGE][PASSED] - Object 'Object Repository/Coco/PrimoT/Page_Primo Tours  Danmarks bedste c/Page_Primo Tours  Danmarks bedste c/Page_Primo Tours  Danmarks bedste c/i_fa fa-arrow-circle-right' is visible

2017-10-27 14:16:30 - [TEST_STEP][PASSED] - click: Object: 'Object Repository/Coco/PrimoT/Page_Primo Tours  Danmarks bedste c/Page_Primo Tours  Danmarks bedste c/Page_Primo Tours  Danmarks bedste c/i_fa fa-arrow-circle-right' is clicked on

2017-10-27 14:16:31 - [MESSAGE][PASSED] - Object: 'Object Repository/Coco/PrimoT/Page_Primo Tours  Danmarks bedste c/Page_Primo Tours  Danmarks bedste c/Page_Primo Tours  Danmarks bedste c/i_fa fa-arrow-circle-right' is clicked on

2017-10-27 14:16:31 - [TEST_STEP][PASSED] - waitForElementPresent: Object 'Object Repository/Coco/PrimoT/Ins2/Page_Primo Tours  Danmarks bedste c/span_Vlg forsikring' is not present after 10 second(s)

2017-10-27 14:16:50 - [MESSAGE][WARNING] - Object 'Object Repository/Coco/PrimoT/Ins2/Page_Primo Tours  Danmarks bedste c/span_Vlg forsikring' is not present after 10 second(s)

2017-10-27 14:16:50 - [TEST_STEP][FAILED] - click: Unable to click on object 'Object Repository/Coco/PrimoT/Ins2/Page_Primo Tours  Danmarks bedste c/span_Vlg forsikring' (Root cause: com.kms.katalon.core.webui.exception.WebElementNotFoundException: Web element with id: 'Object Repository/Coco/PrimoT/Ins2/Page_Primo Tours  Danmarks bedste c/span_Vlg forsikring' located by 'By.xpath: //span[count(. | //*[starts-with(@id,'select2-ddlInsurance')]) = count(//*[starts-with(@id,'select2-ddlInsurance')])][count(. | //*[contains(@class,'select2-selection__rendered')]) = count(//*[contains(@class,'select2-selection__rendered')])]' not found)

2017-10-27 14:17:47 - [MESSAGE][FAILED] - Unable to click on object 'Object Repository/Coco/PrimoT/Ins2/Page_Primo Tours  Danmarks bedste c/span_Vlg forsikring' (Root cause: com.kms.katalon.core.webui.exception.WebElementNotFoundException: Web element with id: 'Object Repository/Coco/PrimoT/Ins2/Page_Primo Tours  Danmarks bedste c/span_Vlg forsikring' located by 'By.xpath: //span[count(. | //*[starts-with(@id,'select2-ddlInsurance')]) = count(//*[starts-with(@id,'select2-ddlInsurance')])][count(. | //*[contains(@class,'select2-selection__rendered')]) = count(//*[contains(@class,'select2-selection__rendered')])]' not found)
[[ATTACHMENT|C:\\Users\\Cornel\\Katalon Studio\\Primo WB test\\Reports\\Primo WB booking\\20171027_141519\\1509103066994.png]]]]></system-out>
         <system-err><![CDATA[2017-10-27 14:15:21 - [TEST_CASE][FAILED] - Test Cases/WB Primo - place booking: Test Cases/WB Primo - place booking FAILED because (of) Unable to click on object 'Object Repository/Coco/PrimoT/Ins2/Page_Primo Tours  Danmarks bedste c/span_Vlg forsikring' (Root cause: com.kms.katalon.core.webui.exception.WebElementNotFoundException: Web element with id: 'Object Repository/Coco/PrimoT/Ins2/Page_Primo Tours  Danmarks bedste c/span_Vlg forsikring' located by 'By.xpath: //span[count(. | //*[starts-with(@id,'select2-ddlInsurance')]) = count(//*[starts-with(@id,'select2-ddlInsurance')])][count(. | //*[contains(@class,'select2-selection__rendered')]) = count(//*[contains(@class,'select2-selection__rendered')])]' not found)]]></system-err>
      </testcase>
      <system-out><![CDATA[2017-10-27 14:15:20 - [TEST_SUITE][FAILED] - Primo WB booking: Test Cases/WB Primo - place booking FAILED because (of) Unable to click on object 'Object Repository/Coco/PrimoT/Ins2/Page_Primo Tours  Danmarks bedste c/span_Vlg forsikring' (Root cause: com.kms.katalon.core.webui.exception.WebElementNotFoundException: Web element with id: 'Object Repository/Coco/PrimoT/Ins2/Page_Primo Tours  Danmarks bedste c/span_Vlg forsikring' located by 'By.xpath: //span[count(. | //*[starts-with(@id,'select2-ddlInsurance')]) = count(//*[starts-with(@id,'select2-ddlInsurance')])][count(. | //*[contains(@class,'select2-selection__rendered')]) = count(//*[contains(@class,'select2-selection__rendered')])]' not found)]]></system-out>
      <system-err><![CDATA[2017-10-27 14:15:20 - [TEST_SUITE][FAILED] - Primo WB booking: Test Cases/WB Primo - place booking FAILED because (of) Unable to click on object 'Object Repository/Coco/PrimoT/Ins2/Page_Primo Tours  Danmarks bedste c/span_Vlg forsikring' (Root cause: com.kms.katalon.core.webui.exception.WebElementNotFoundException: Web element with id: 'Object Repository/Coco/PrimoT/Ins2/Page_Primo Tours  Danmarks bedste c/span_Vlg forsikring' located by 'By.xpath: //span[count(. | //*[starts-with(@id,'select2-ddlInsurance')]) = count(//*[starts-with(@id,'select2-ddlInsurance')])][count(. | //*[contains(@class,'select2-selection__rendered')]) = count(//*[contains(@class,'select2-selection__rendered')])]' not found)]]></system-err>
   </testsuite>
</testsuites>
