<?xml version="1.0" encoding="UTF-8"?>
<testsuites name="WB Primo From Excel URLs" time="400" tests="2" failures="10" errors="0">
   <testsuite name="WB Primo From Excel URLs" tests="2" failures="10" errors="0" time="400" timestamp="2017-11-28 18:56:35" hostname="Cornel - NEACSUNEW-PC.zlin.roweb.ro" id="Test Suites/WB Primo From Excel URLs">
      <properties>
         <property name="deviceName" value=""/>
         <property name="devicePlatform" value=""/>
         <property name="logFolder" value="D:\\Software testing\\Tourpaq\\Automated Katalon tests\\Primo WB test\\Reports\\WB Primo From Excel URLs\\20171128_185633"/>
         <property name="logFiles" value="D:\\Software testing\\Tourpaq\\Automated Katalon tests\\Primo WB test\\Reports\\WB Primo From Excel URLs\\20171128_185633\\execution0.log"/>
         <property name="attachments" value="D:\\Software testing\\Tourpaq\\Automated Katalon tests\\Primo WB test\\Reports\\WB Primo From Excel URLs\\20171128_185633\\1511888257238.png, D:\\Software testing\\Tourpaq\\Automated Katalon tests\\Primo WB test\\Reports\\WB Primo From Excel URLs\\20171128_185633\\1511888257716.png, D:\\Software testing\\Tourpaq\\Automated Katalon tests\\Primo WB test\\Reports\\WB Primo From Excel URLs\\20171128_185633\\1511888281160.png, D:\\Software testing\\Tourpaq\\Automated Katalon tests\\Primo WB test\\Reports\\WB Primo From Excel URLs\\20171128_185633\\1511888281719.png, D:\\Software testing\\Tourpaq\\Automated Katalon tests\\Primo WB test\\Reports\\WB Primo From Excel URLs\\20171128_185633\\1511888308035.png, D:\\Software testing\\Tourpaq\\Automated Katalon tests\\Primo WB test\\Reports\\WB Primo From Excel URLs\\20171128_185633\\1511888344425.png, D:\\Software testing\\Tourpaq\\Automated Katalon tests\\Primo WB test\\Reports\\WB Primo From Excel URLs\\20171128_185633\\1511888391545.png, D:\\Software testing\\Tourpaq\\Automated Katalon tests\\Primo WB test\\Reports\\WB Primo From Excel URLs\\20171128_185633\\1511888423266.png, D:\\Software testing\\Tourpaq\\Automated Katalon tests\\Primo WB test\\Reports\\WB Primo From Excel URLs\\20171128_185633\\1511888462293.png, D:\\Software testing\\Tourpaq\\Automated Katalon tests\\Primo WB test\\Reports\\WB Primo From Excel URLs\\20171128_185633\\1511888531279.png, D:\\Software testing\\Tourpaq\\Automated Katalon tests\\Primo WB test\\Reports\\WB Primo From Excel URLs\\20171128_185633\\1511888560360.png, D:\\Software testing\\Tourpaq\\Automated Katalon tests\\Primo WB test\\Reports\\WB Primo From Excel URLs\\20171128_185633\\1511888586046.png"/>
         <property name="hostName" value="Cornel - NEACSUNEW-PC.zlin.roweb.ro"/>
         <property name="os" value="Windows 8.1 64bit"/>
         <property name="katalonVersion" value="5.1.0.2"/>
         <property name="browser" value="Chrome 62.0.3202.94"/>
         <property name="hostAddress" value="10.10.10.211"/>
         <property name="sessionId" value="51c2fa112e425366e20010be667e2e9c"/>
         <property name="seleniumVersion" value="3.7.1"/>
         <property name="proxyInformation" value="ProxyInformation{proxyOption=NO_PROXY, proxyServerType=, password=, proxyServerAddress=, proxyServerPort=0}"/>
         <property name="platform" value="Windows 8.1"/>
      </properties>
      <testcase name="Test Cases/PrimoTours/WB Primo/WB Primo staging - place booking - Iteration 1" classname="Test Cases/PrimoTours/WB Primo/WB Primo staging - place booking" status="PASSED">
         <system-out><![CDATA[2017-11-28 18:56:36 - [TEST_CASE][PASSED] - Test Cases/PrimoTours/WB Primo/WB Primo staging - place booking - Iteration 1: Test Cases/PrimoTours/WB Primo/WB Primo staging - place booking

2017-11-28 18:56:38 - [TEST_STEP][PASSED] - openBrowser: Browser is opened with url: ''

2017-11-28 18:56:41 - [MESSAGE][PASSED] - Browser is opened with url: ''

2017-11-28 18:56:41 - [TEST_STEP][PASSED] - maximizeWindow: Current window maximized

2017-11-28 18:56:42 - [MESSAGE][PASSED] - Current window maximized

2017-11-28 18:56:42 - [TEST_STEP][PASSED] - navigateToUrl: Navigate to 'https://staging-primotours-webbooking.tourpaq.com/DoBooking.aspx?pltaID=1480269&p=1&rno=1&pt=1&a=2&c=0&aa=&ca=' successfully

2017-11-28 18:56:45 - [MESSAGE][PASSED] - Navigate to 'https://staging-primotours-webbooking.tourpaq.com/DoBooking.aspx?pltaID=1480269&p=1&rno=1&pt=1&a=2&c=0&aa=&ca=' successfully

2017-11-28 18:56:45 - [TEST_STEP][PASSED] - setText: Text 'Pedersen AUT' is set on object 'Object Repository/PrimoTours/Old Objects/Coco/PrimoT/Page_Primo Tours  Danmarks bedste c/input_firstName'

2017-11-28 18:56:46 - [MESSAGE][PASSED] - Text 'Pedersen AUT' is set on object 'Object Repository/PrimoTours/Old Objects/Coco/PrimoT/Page_Primo Tours  Danmarks bedste c/input_firstName'

2017-11-28 18:56:46 - [TEST_STEP][PASSED] - setText: Text 'Vibe Dalby' is set on object 'Object Repository/PrimoTours/Old Objects/Coco/PrimoT/Page_Primo Tours  Danmarks bedste c/input_lastName'

2017-11-28 18:56:46 - [MESSAGE][PASSED] - Text 'Vibe Dalby' is set on object 'Object Repository/PrimoTours/Old Objects/Coco/PrimoT/Page_Primo Tours  Danmarks bedste c/input_lastName'

2017-11-28 18:56:46 - [TEST_STEP][PASSED] - setText: Text 'Home address' is set on object 'Object Repository/PrimoTours/Old Objects/Coco/PrimoT/Page_Primo Tours  Danmarks bedste c/input_customerAddress'

2017-11-28 18:56:47 - [MESSAGE][PASSED] - Text 'Home address' is set on object 'Object Repository/PrimoTours/Old Objects/Coco/PrimoT/Page_Primo Tours  Danmarks bedste c/input_customerAddress'

2017-11-28 18:56:47 - [TEST_STEP][PASSED] - setText: Text '6700' is set on object 'Object Repository/PrimoTours/Old Objects/Coco/PrimoT/Page_Primo Tours  Danmarks bedste c/input_customerPostcode'

2017-11-28 18:56:47 - [MESSAGE][PASSED] - Text '6700' is set on object 'Object Repository/PrimoTours/Old Objects/Coco/PrimoT/Page_Primo Tours  Danmarks bedste c/input_customerPostcode'

2017-11-28 18:56:47 - [TEST_STEP][PASSED] - setText: Text 'cornel.neacsu@roweb.ro' is set on object 'Object Repository/PrimoTours/Old Objects/Coco/PrimoT/Page_Primo Tours  Danmarks bedste c/input_customerEmail'

2017-11-28 18:56:48 - [MESSAGE][PASSED] - Text 'cornel.neacsu@roweb.ro' is set on object 'Object Repository/PrimoTours/Old Objects/Coco/PrimoT/Page_Primo Tours  Danmarks bedste c/input_customerEmail'

2017-11-28 18:56:48 - [TEST_STEP][PASSED] - setText: Text '12345678' is set on object 'Object Repository/PrimoTours/Old Objects/Coco/PrimoT/Page_Primo Tours  Danmarks bedste c/input_customerPhone'

2017-11-28 18:56:49 - [MESSAGE][PASSED] - Text '12345678' is set on object 'Object Repository/PrimoTours/Old Objects/Coco/PrimoT/Page_Primo Tours  Danmarks bedste c/input_customerPhone'

2017-11-28 18:56:49 - [TEST_STEP][PASSED] - Statement - excelInfo = ["fname":"", "lname":"", "pgender":"", "pday":"", "pmonth":"", "pyear":""]: null

2017-11-28 18:56:49 - [TEST_STEP][PASSED] - Statement - rawData = com.kms.katalon.core.testdata.TestDataFactory.findTestData("Data Files/WB_Primo/Passenger_details"): Reading excel file with source file 'D:\Software testing\Tourpaq\Automated Katalon tests\Primo WB test\Data Files\Primo_URLs_For_Automated_Test.xls' and sheet name 'Passenger Names'

2017-11-28 18:56:49 - [TEST_STEP][PASSED] - Statement - excelRowNo = rawData.getRowNumbers(): null

2017-11-28 18:56:49 - [TEST_STEP][PASSED] - Statement - randomPaxIndex = 1: null

2017-11-28 18:56:49 - [TEST_STEP][PASSED] - waitForElementClickable: Object 'Object Repository/PrimoTours/Old Objects/Coco/PrimoT/Page_Primo Tours  Danmarks bedste c/input_firstname-0_1' is clickable

2017-11-28 18:56:49 - [MESSAGE][PASSED] - Object 'Object Repository/PrimoTours/Old Objects/Coco/PrimoT/Page_Primo Tours  Danmarks bedste c/input_firstname-0_1' is clickable

2017-11-28 18:56:49 - [TEST_STEP][PASSED] - Statement - driver = com.kms.katalon.core.webui.driver.DriverFactory.getWebDriver(): null

2017-11-28 18:56:49 - [TEST_STEP][PASSED] - Statement - roomContainerXpath = "id("booking")/div[@class="wrapper second-bg"]/div[contains(@class,"container-mx")]/div[@class="row"]/div[@class="col-md-12 roomContainer"]": null

2017-11-28 18:56:49 - [TEST_STEP][PASSED] - Statement - roomsCount = driver.findElements(org.openqa.selenium.By.xpath(roomContainerXpath)).size(): null

2017-11-28 18:56:49 - [TEST_STEP][PASSED] - Statement - println("roomsCount=" + roomsCount): null

2017-11-28 18:56:49 - [TEST_STEP][PASSED] - Statement - For ([i = 1, i <= roomsCount, (i++)]): Text 'Efffdd' is set on object 'Object Repository/PrimoTours/Old Objects/allPaxLastNameFields'

2017-11-28 18:56:49 - [TEST_STEP][PASSED] - Statement - paxInRoomXpath = roomContainerXpath + "[" + i + "]/div[@class="row"]/div[@class="col-md-12"]/div[@class="row"]": null

2017-11-28 18:56:49 - [TEST_STEP][PASSED] - Statement - paxInRoomCount = driver.findElements(org.openqa.selenium.By.xpath(paxInRoomXpath)).size(): null

2017-11-28 18:56:50 - [TEST_STEP][PASSED] - Statement - println("paxInRoomCount=" + paxInRoomCount): null

2017-11-28 18:56:50 - [TEST_STEP][PASSED] - Statement - For ([j = 1, j <= paxInRoomCount, (j++)]): Text 'Efffdd' is set on object 'Object Repository/PrimoTours/Old Objects/allPaxLastNameFields'

2017-11-28 18:56:50 - [TEST_STEP][PASSED] - Statement - If (i == 1 & j == 1): null

2017-11-28 18:56:50 - [TEST_STEP][PASSED] - Statement - <not implemented yet for class: org.codehaus.groovy.ast.stmt.ContinueStatement>: null

2017-11-28 18:56:50 - [TEST_STEP][PASSED] - Statement - If (i == 1 & j == 1): null

2017-11-28 18:56:50 - [TEST_STEP][PASSED] - Statement - randomPaxIndex = java.lang.Math.abs(new java.util.Random().nextInt() % excelRowNo) + 1: null

2017-11-28 18:56:50 - [TEST_STEP][PASSED] - Statement - println(randomPaxIndex): null

2017-11-28 18:56:50 - [TEST_STEP][PASSED] - Statement - fname = rawData.getValue("FirstName", randomPaxIndex) + " AUT": null

2017-11-28 18:56:50 - [TEST_STEP][PASSED] - Statement - lname = rawData.getValue("LastName", randomPaxIndex): null

2017-11-28 18:56:50 - [TEST_STEP][PASSED] - Statement - pgender = rawData.getValue("Gender", randomPaxIndex): null

2017-11-28 18:56:50 - [TEST_STEP][PASSED] - Statement - pday = rawData.getValue("Day DOB", randomPaxIndex): null

2017-11-28 18:56:50 - [TEST_STEP][PASSED] - Statement - pmonth = rawData.getValue("Month DOB", randomPaxIndex): null

2017-11-28 18:56:50 - [TEST_STEP][PASSED] - Statement - pyear = rawData.getValue("Year DOB", randomPaxIndex): null

2017-11-28 18:56:50 - [TEST_STEP][PASSED] - Statement - paxDetailFields = paxInRoomXpath + "[" + j + "]/div[@class="col-md-x col-md-9"]/div[@class="row paxContainer"]/div[@class="col-md-5"]": null

2017-11-28 18:56:50 - [TEST_STEP][PASSED] - Statement - xpathval = paxDetailFields + "[1]/div[contains(@class,"form-group")]/input[@class="form-control paxFirstName"]": null

2017-11-28 18:56:50 - [TEST_STEP][PASSED] - Statement - println("fn: " + xpathval): null

2017-11-28 18:56:50 - [TEST_STEP][PASSED] - Statement - repObj = com.kms.katalon.core.testobject.ObjectRepository.findTestObject(Object Repository/PrimoTours/Old Objects/allPaxFirstNameFields): Finding Test Object with id 'Object Repository/PrimoTours/Old Objects/allPaxFirstNameFields'

2017-11-28 18:56:50 - [TEST_STEP][PASSED] - Statement - repObj.findProperty("xpath").setValue(xpathval): null

2017-11-28 18:56:50 - [TEST_STEP][PASSED] - setText: Text 'Wfdwfd AUT' is set on object 'Object Repository/PrimoTours/Old Objects/allPaxFirstNameFields'

2017-11-28 18:56:50 - [MESSAGE][PASSED] - Text 'Wfdwfd AUT' is set on object 'Object Repository/PrimoTours/Old Objects/allPaxFirstNameFields'

2017-11-28 18:56:50 - [TEST_STEP][PASSED] - Statement - xpathval = paxDetailFields + "[2]/div[contains(@class,"form-group")]/input[@class="form-control paxLastName"]": null

2017-11-28 18:56:50 - [TEST_STEP][PASSED] - Statement - println("ln: " + xpathval): null

2017-11-28 18:56:50 - [TEST_STEP][PASSED] - Statement - repObj = com.kms.katalon.core.testobject.ObjectRepository.findTestObject(Object Repository/PrimoTours/Old Objects/allPaxLastNameFields): Finding Test Object with id 'Object Repository/PrimoTours/Old Objects/allPaxLastNameFields'

2017-11-28 18:56:50 - [TEST_STEP][PASSED] - Statement - repObj.findProperty("xpath").setValue(xpathval): null

2017-11-28 18:56:50 - [TEST_STEP][PASSED] - setText: Text 'Efffdd' is set on object 'Object Repository/PrimoTours/Old Objects/allPaxLastNameFields'

2017-11-28 18:56:50 - [MESSAGE][PASSED] - Text 'Efffdd' is set on object 'Object Repository/PrimoTours/Old Objects/allPaxLastNameFields'

2017-11-28 18:56:50 - [TEST_STEP][PASSED] - scrollToElement: Scroll to object 'Object Repository/PrimoTours/Old Objects/Coco (1)/PrimoT/SaveBooking2/Success/bookingTotalValue' successfully

2017-11-28 18:56:50 - [MESSAGE][PASSED] - Scroll to object 'Object Repository/PrimoTours/Old Objects/Coco (1)/PrimoT/SaveBooking2/Success/bookingTotalValue' successfully

2017-11-28 18:56:50 - [TEST_STEP][PASSED] - click: Object: 'Object Repository/PrimoTours/Old Objects/Coco (1)/PrimoT/SaveBooking2/Success/bookingTotalValue' is clicked on

2017-11-28 18:56:50 - [MESSAGE][PASSED] - Object: 'Object Repository/PrimoTours/Old Objects/Coco (1)/PrimoT/SaveBooking2/Success/bookingTotalValue' is clicked on

2017-11-28 18:56:50 - [TEST_STEP][PASSED] - scrollToElement: Scroll to object 'Object Repository/PrimoTours/Old Objects/Coco (1)/PrimoT/SaveBooking2/Success/Page_Primo Tours  Danmarks bedste c/i_fa fa-arrow-circle-right' successfully

2017-11-28 18:56:51 - [MESSAGE][PASSED] - Scroll to object 'Object Repository/PrimoTours/Old Objects/Coco (1)/PrimoT/SaveBooking2/Success/Page_Primo Tours  Danmarks bedste c/i_fa fa-arrow-circle-right' successfully

2017-11-28 18:56:51 - [TEST_STEP][PASSED] - waitForElementClickable: Object 'Object Repository/PrimoTours/Old Objects/Coco (1)/PrimoT/SaveBooking2/Success/Page_Primo Tours  Danmarks bedste c/i_fa fa-arrow-circle-right' is clickable

2017-11-28 18:56:51 - [MESSAGE][PASSED] - Object 'Object Repository/PrimoTours/Old Objects/Coco (1)/PrimoT/SaveBooking2/Success/Page_Primo Tours  Danmarks bedste c/i_fa fa-arrow-circle-right' is clickable

2017-11-28 18:56:51 - [TEST_STEP][PASSED] - waitForElementVisible: Object 'Object Repository/PrimoTours/Old Objects/Coco (1)/PrimoT/SaveBooking2/Success/Page_Primo Tours  Danmarks bedste c/i_fa fa-arrow-circle-right' is visible

2017-11-28 18:56:51 - [MESSAGE][PASSED] - Object 'Object Repository/PrimoTours/Old Objects/Coco (1)/PrimoT/SaveBooking2/Success/Page_Primo Tours  Danmarks bedste c/i_fa fa-arrow-circle-right' is visible

2017-11-28 18:56:51 - [TEST_STEP][PASSED] - scrollToElement: Scroll to object 'Object Repository/PrimoTours/Old Objects/Coco (1)/PrimoT/SaveBooking2/Success/Page_Primo Tours  Danmarks bedste c/i_fa fa-arrow-circle-right' successfully

2017-11-28 18:56:51 - [MESSAGE][PASSED] - Scroll to object 'Object Repository/PrimoTours/Old Objects/Coco (1)/PrimoT/SaveBooking2/Success/Page_Primo Tours  Danmarks bedste c/i_fa fa-arrow-circle-right' successfully

2017-11-28 18:56:51 - [TEST_STEP][PASSED] - click: Object: 'Object Repository/PrimoTours/Old Objects/Coco (1)/PrimoT/SaveBooking2/Success/Page_Primo Tours  Danmarks bedste c/i_fa fa-arrow-circle-right' is clicked on

2017-11-28 18:56:51 - [MESSAGE][PASSED] - Object: 'Object Repository/PrimoTours/Old Objects/Coco (1)/PrimoT/SaveBooking2/Success/Page_Primo Tours  Danmarks bedste c/i_fa fa-arrow-circle-right' is clicked on

2017-11-28 18:56:51 - [TEST_STEP][PASSED] - delay: Delayed 1 second(s)

2017-11-28 18:56:52 - [MESSAGE][PASSED] - Delayed 1 second(s)

2017-11-28 18:56:52 - [TEST_STEP][PASSED] - waitForElementNotVisible: Object 'Object Repository/PrimoTours/Old Objects/CCenter/pageLoaderOverlayLayer' is NOT visible

2017-11-28 18:56:52 - [MESSAGE][PASSED] - Object 'Object Repository/PrimoTours/Old Objects/CCenter/pageLoaderOverlayLayer' is NOT visible

2017-11-28 18:56:52 - [TEST_STEP][PASSED] - scrollToElement: Scroll to object 'Object Repository/PrimoTours/Old Objects/Coco/PrimoT/Ins2/Page_Primo Tours  Danmarks bedste c/travelInsuranceFirstPaxSelector' successfully

2017-11-28 18:56:53 - [MESSAGE][PASSED] - Scroll to object 'Object Repository/PrimoTours/Old Objects/Coco/PrimoT/Ins2/Page_Primo Tours  Danmarks bedste c/travelInsuranceFirstPaxSelector' successfully

2017-11-28 18:56:53 - [TEST_STEP][PASSED] - waitForElementPresent: Object 'Object Repository/PrimoTours/Old Objects/Coco/PrimoT/Ins2/Page_Primo Tours  Danmarks bedste c/travelInsuranceFirstPaxSelector' is present

2017-11-28 18:56:53 - [MESSAGE][PASSED] - Object 'Object Repository/PrimoTours/Old Objects/Coco/PrimoT/Ins2/Page_Primo Tours  Danmarks bedste c/travelInsuranceFirstPaxSelector' is present

2017-11-28 18:56:53 - [TEST_STEP][PASSED] - waitForElementVisible: Object 'Object Repository/PrimoTours/Old Objects/Coco/PrimoT/Ins2/Page_Primo Tours  Danmarks bedste c/travelInsuranceFirstPaxSelector' is visible

2017-11-28 18:56:53 - [MESSAGE][PASSED] - Object 'Object Repository/PrimoTours/Old Objects/Coco/PrimoT/Ins2/Page_Primo Tours  Danmarks bedste c/travelInsuranceFirstPaxSelector' is visible

2017-11-28 18:56:53 - [TEST_STEP][PASSED] - waitForElementClickable: Object 'Object Repository/PrimoTours/Old Objects/Coco/PrimoT/Ins2/Page_Primo Tours  Danmarks bedste c/travelInsuranceFirstPaxSelector' is clickable

2017-11-28 18:56:53 - [MESSAGE][PASSED] - Object 'Object Repository/PrimoTours/Old Objects/Coco/PrimoT/Ins2/Page_Primo Tours  Danmarks bedste c/travelInsuranceFirstPaxSelector' is clickable

2017-11-28 18:56:53 - [TEST_STEP][PASSED] - click: Object: 'Object Repository/PrimoTours/Old Objects/Coco/PrimoT/Ins2/Page_Primo Tours  Danmarks bedste c/travelInsuranceFirstPaxSelector' is clicked on

2017-11-28 18:56:54 - [MESSAGE][PASSED] - Object: 'Object Repository/PrimoTours/Old Objects/Coco/PrimoT/Ins2/Page_Primo Tours  Danmarks bedste c/travelInsuranceFirstPaxSelector' is clicked on

2017-11-28 18:56:54 - [TEST_STEP][PASSED] - click: Object: 'Object Repository/PrimoTours/Old Objects/Coco/PrimoT/Ins2/Page_Primo Tours  Danmarks bedste c/li_Har selv forsikring - kr. 0' is clicked on

2017-11-28 18:56:54 - [MESSAGE][PASSED] - Object: 'Object Repository/PrimoTours/Old Objects/Coco/PrimoT/Ins2/Page_Primo Tours  Danmarks bedste c/li_Har selv forsikring - kr. 0' is clicked on

2017-11-28 18:56:54 - [TEST_STEP][NOT_RUN] - click: NOT_RUN: click

2017-11-28 18:56:54 - [MESSAGE][NOT_RUN] - NOT_RUN: click

2017-11-28 18:56:54 - [TEST_STEP][NOT_RUN] - scrollToElement: NOT_RUN: scrollToElement

2017-11-28 18:56:54 - [MESSAGE][NOT_RUN] - NOT_RUN: scrollToElement

2017-11-28 18:56:54 - [TEST_STEP][NOT_RUN] - click: NOT_RUN: click

2017-11-28 18:56:54 - [MESSAGE][NOT_RUN] - NOT_RUN: click

2017-11-28 18:56:54 - [TEST_STEP][PASSED] - waitForElementVisible: Object 'Object Repository/PrimoTours/Old Objects/Coco (1)/PrimoT/SaveBooking2/Page_Primo Tours  Danmarks bedste c/individualInsuranceCheckbox' is visible

2017-11-28 18:56:54 - [MESSAGE][PASSED] - Object 'Object Repository/PrimoTours/Old Objects/Coco (1)/PrimoT/SaveBooking2/Page_Primo Tours  Danmarks bedste c/individualInsuranceCheckbox' is visible

2017-11-28 18:56:54 - [TEST_STEP][PASSED] - scrollToElement: Scroll to object 'Object Repository/PrimoTours/Old Objects/Coco (1)/PrimoT/SaveBooking2/Page_Primo Tours  Danmarks bedste c/individualInsuranceCheckbox' successfully

2017-11-28 18:56:54 - [MESSAGE][PASSED] - Scroll to object 'Object Repository/PrimoTours/Old Objects/Coco (1)/PrimoT/SaveBooking2/Page_Primo Tours  Danmarks bedste c/individualInsuranceCheckbox' successfully

2017-11-28 18:56:54 - [TEST_STEP][PASSED] - click: Object: 'Object Repository/PrimoTours/Old Objects/Coco (1)/PrimoT/SaveBooking2/Page_Primo Tours  Danmarks bedste c/individualInsuranceCheckbox' is clicked on

2017-11-28 18:56:54 - [MESSAGE][PASSED] - Object: 'Object Repository/PrimoTours/Old Objects/Coco (1)/PrimoT/SaveBooking2/Page_Primo Tours  Danmarks bedste c/individualInsuranceCheckbox' is clicked on

2017-11-28 18:56:54 - [TEST_STEP][PASSED] - scrollToElement: Scroll to object 'Object Repository/PrimoTours/Old Objects/Coco (1)/PrimoT/SaveBooking2/Success/firstProdCategIndividualSelectionRadioB' successfully

2017-11-28 18:56:55 - [MESSAGE][PASSED] - Scroll to object 'Object Repository/PrimoTours/Old Objects/Coco (1)/PrimoT/SaveBooking2/Success/firstProdCategIndividualSelectionRadioB' successfully

2017-11-28 18:56:55 - [TEST_STEP][PASSED] - waitForElementClickable: Object 'Object Repository/PrimoTours/Old Objects/Coco (1)/PrimoT/SaveBooking2/Success/firstProdCategIndividualSelectionRadioB' is clickable

2017-11-28 18:56:55 - [MESSAGE][PASSED] - Object 'Object Repository/PrimoTours/Old Objects/Coco (1)/PrimoT/SaveBooking2/Success/firstProdCategIndividualSelectionRadioB' is clickable

2017-11-28 18:56:55 - [TEST_STEP][PASSED] - scrollToElement: Scroll to object 'Object Repository/PrimoTours/Old Objects/Coco (1)/PrimoT/SaveBooking2/Success/firstProdCategIndividualSelectionRadioB' successfully

2017-11-28 18:56:55 - [MESSAGE][PASSED] - Scroll to object 'Object Repository/PrimoTours/Old Objects/Coco (1)/PrimoT/SaveBooking2/Success/firstProdCategIndividualSelectionRadioB' successfully

2017-11-28 18:56:55 - [TEST_STEP][PASSED] - click: Object: 'Object Repository/PrimoTours/Old Objects/Coco (1)/PrimoT/SaveBooking2/Success/firstProdCategIndividualSelectionRadioB' is clicked on

2017-11-28 18:56:55 - [MESSAGE][PASSED] - Object: 'Object Repository/PrimoTours/Old Objects/Coco (1)/PrimoT/SaveBooking2/Success/firstProdCategIndividualSelectionRadioB' is clicked on

2017-11-28 18:56:55 - [TEST_STEP][PASSED] - scrollToElement: Scroll to object 'Object Repository/PrimoTours/Old Objects/Coco (1)/PrimoT/SaveBooking2/Success/firstProdCategSelectForAllPaxCheckbox' successfully

2017-11-28 18:56:55 - [MESSAGE][PASSED] - Scroll to object 'Object Repository/PrimoTours/Old Objects/Coco (1)/PrimoT/SaveBooking2/Success/firstProdCategSelectForAllPaxCheckbox' successfully

2017-11-28 18:56:55 - [TEST_STEP][PASSED] - waitForElementClickable: Object 'Object Repository/PrimoTours/Old Objects/Coco (1)/PrimoT/SaveBooking2/Success/firstProdCategSelectForAllPaxCheckbox' is clickable

2017-11-28 18:56:55 - [MESSAGE][PASSED] - Object 'Object Repository/PrimoTours/Old Objects/Coco (1)/PrimoT/SaveBooking2/Success/firstProdCategSelectForAllPaxCheckbox' is clickable

2017-11-28 18:56:55 - [TEST_STEP][PASSED] - click: Object: 'Object Repository/PrimoTours/Old Objects/Coco (1)/PrimoT/SaveBooking2/Success/firstProdCategSelectForAllPaxCheckbox' is clicked on

2017-11-28 18:56:56 - [MESSAGE][PASSED] - Object: 'Object Repository/PrimoTours/Old Objects/Coco (1)/PrimoT/SaveBooking2/Success/firstProdCategSelectForAllPaxCheckbox' is clicked on

2017-11-28 18:56:56 - [TEST_STEP][NOT_RUN] - scrollToElement: NOT_RUN: scrollToElement

2017-11-28 18:56:56 - [MESSAGE][NOT_RUN] - NOT_RUN: scrollToElement

2017-11-28 18:56:56 - [TEST_STEP][NOT_RUN] - scrollToElement: NOT_RUN: scrollToElement

2017-11-28 18:56:56 - [MESSAGE][NOT_RUN] - NOT_RUN: scrollToElement

2017-11-28 18:56:56 - [TEST_STEP][NOT_RUN] - click: NOT_RUN: click

2017-11-28 18:56:56 - [MESSAGE][NOT_RUN] - NOT_RUN: click

2017-11-28 18:56:56 - [TEST_STEP][PASSED] - scrollToElement: Scroll to object 'Object Repository/PrimoTours/ConfirmationPage/agreeTermsAndCondCheckbox' successfully

2017-11-28 18:56:56 - [MESSAGE][PASSED] - Scroll to object 'Object Repository/PrimoTours/ConfirmationPage/agreeTermsAndCondCheckbox' successfully

2017-11-28 18:56:56 - [TEST_STEP][PASSED] - click: Object: 'Object Repository/PrimoTours/ConfirmationPage/agreeTermsAndCondCheckbox' is clicked on

2017-11-28 18:56:56 - [MESSAGE][PASSED] - Object: 'Object Repository/PrimoTours/ConfirmationPage/agreeTermsAndCondCheckbox' is clicked on

2017-11-28 18:56:56 - [TEST_STEP][PASSED] - waitForElementClickable: Object 'Object Repository/PrimoTours/ConfirmationPage/placeBookingButton' is clickable

2017-11-28 18:56:56 - [MESSAGE][PASSED] - Object 'Object Repository/PrimoTours/ConfirmationPage/placeBookingButton' is clickable

2017-11-28 18:56:56 - [TEST_STEP][PASSED] - scrollToElement: Scroll to object 'Object Repository/PrimoTours/ConfirmationPage/placeBookingButton' successfully

2017-11-28 18:56:56 - [MESSAGE][PASSED] - Scroll to object 'Object Repository/PrimoTours/ConfirmationPage/placeBookingButton' successfully

2017-11-28 18:56:56 - [TEST_STEP][PASSED] - Statement - Try: Object: 'Object Repository/PrimoTours/ConfirmationPage/placeBookingButton' is clicked on

2017-11-28 18:56:56 - [TEST_STEP][PASSED] - click: Object: 'Object Repository/PrimoTours/ConfirmationPage/placeBookingButton' is clicked on

2017-11-28 18:56:56 - [MESSAGE][PASSED] - Object: 'Object Repository/PrimoTours/ConfirmationPage/placeBookingButton' is clicked on

2017-11-28 18:56:56 - [TEST_STEP][PASSED] - delay: Delayed 2 second(s)

2017-11-28 18:56:58 - [MESSAGE][PASSED] - Delayed 2 second(s)

2017-11-28 18:56:58 - [TEST_STEP][PASSED] - waitForPageLoad: Wait for page load successfully

2017-11-28 18:56:58 - [MESSAGE][PASSED] - Wait for page load successfully

2017-11-28 18:56:58 - [TEST_STEP][PASSED] - waitForJQueryLoad: jQuery is ready.

2017-11-28 18:57:00 - [MESSAGE][PASSED] - jQuery is ready.

2017-11-28 18:57:00 - [TEST_STEP][NOT_RUN] - waitForElementPresent: NOT_RUN: waitForElementPresent

2017-11-28 18:57:00 - [MESSAGE][NOT_RUN] - NOT_RUN: waitForElementPresent

2017-11-28 18:57:00 - [TEST_STEP][NOT_RUN] - waitForElementNotVisible: NOT_RUN: waitForElementNotVisible

2017-11-28 18:57:00 - [MESSAGE][NOT_RUN] - NOT_RUN: waitForElementNotVisible

2017-11-28 18:57:00 - [TEST_STEP][PASSED] - waitForElementPresent: Object 'Object Repository/PrimoTours/Old Objects/ThankYouPage/bookingNoContainer' is present

2017-11-28 18:57:04 - [MESSAGE][PASSED] - Object 'Object Repository/PrimoTours/Old Objects/ThankYouPage/bookingNoContainer' is present

2017-11-28 18:57:04 - [TEST_STEP][PASSED] - waitForElementClickable: Object 'Object Repository/PrimoTours/Old Objects/ThankYouPage/bookingNoContainer' is clickable

2017-11-28 18:57:04 - [MESSAGE][PASSED] - Object 'Object Repository/PrimoTours/Old Objects/ThankYouPage/bookingNoContainer' is clickable

2017-11-28 18:57:04 - [TEST_STEP][PASSED] - verifyElementVisible: Object 'Object Repository/PrimoTours/Old Objects/ThankYouPage/bookingNoContainer' is visible

2017-11-28 18:57:04 - [MESSAGE][PASSED] - Object 'Object Repository/PrimoTours/Old Objects/ThankYouPage/bookingNoContainer' is visible

2017-11-28 18:57:04 - [TEST_STEP][PASSED] - verifyElementVisible: Object 'Object Repository/PrimoTours/Old Objects/ThankYouPage/bookingTotalInfo' is visible

2017-11-28 18:57:04 - [MESSAGE][PASSED] - Object 'Object Repository/PrimoTours/Old Objects/ThankYouPage/bookingTotalInfo' is visible

2017-11-28 18:57:04 - [TEST_STEP][PASSED] - verifyElementVisible: Object 'Object Repository/PrimoTours/Old Objects/ThankYouPage/bookingTotalPriceBar' is visible

2017-11-28 18:57:04 - [MESSAGE][PASSED] - Object 'Object Repository/PrimoTours/Old Objects/ThankYouPage/bookingTotalPriceBar' is visible

2017-11-28 18:57:04 - [TEST_STEP][PASSED] - verifyElementVisible: Object 'Object Repository/PrimoTours/Old Objects/ThankYouPage/printTicketSpan' is visible

2017-11-28 18:57:04 - [MESSAGE][PASSED] - Object 'Object Repository/PrimoTours/Old Objects/ThankYouPage/printTicketSpan' is visible

2017-11-28 18:57:04 - [TEST_STEP][PASSED] - waitForElementClickable: Object 'Object Repository/PrimoTours/Old Objects/ThankYouPage/printTicketSpan' is clickable

2017-11-28 18:57:04 - [MESSAGE][PASSED] - Object 'Object Repository/PrimoTours/Old Objects/ThankYouPage/printTicketSpan' is clickable

2017-11-28 18:57:04 - [TEST_STEP][PASSED] - Statement - Try: Object: 'Object Repository/PrimoTours/Old Objects/ThankYouPage/printTicketSpan' is clicked on

2017-11-28 18:57:04 - [TEST_STEP][PASSED] - click: Object: 'Object Repository/PrimoTours/Old Objects/ThankYouPage/printTicketSpan' is clicked on

2017-11-28 18:57:16 - [MESSAGE][PASSED] - Object: 'Object Repository/PrimoTours/Old Objects/ThankYouPage/printTicketSpan' is clicked on

2017-11-28 18:57:16 - [TEST_STEP][PASSED] - delay: Delayed 2 second(s)

2017-11-28 18:57:18 - [MESSAGE][PASSED] - Delayed 2 second(s)

2017-11-28 18:57:18 - [TEST_STEP][PASSED] - waitForElementVisible: Object 'Object Repository/PrimoTours/Old Objects/ThankYouPage/cCenterButton' is visible

2017-11-28 18:57:19 - [MESSAGE][PASSED] - Object 'Object Repository/PrimoTours/Old Objects/ThankYouPage/cCenterButton' is visible

2017-11-28 18:57:19 - [TEST_STEP][PASSED] - waitForElementClickable: Object 'Object Repository/PrimoTours/Old Objects/ThankYouPage/cCenterButton' is clickable

2017-11-28 18:57:19 - [MESSAGE][PASSED] - Object 'Object Repository/PrimoTours/Old Objects/ThankYouPage/cCenterButton' is clickable

2017-11-28 18:57:19 - [TEST_STEP][PASSED] - click: Object: 'Object Repository/PrimoTours/Old Objects/ThankYouPage/cCenterButton' is clicked on

2017-11-28 18:57:19 - [MESSAGE][PASSED] - Object: 'Object Repository/PrimoTours/Old Objects/ThankYouPage/cCenterButton' is clicked on

2017-11-28 18:57:19 - [TEST_STEP][PASSED] - waitForPageLoad: Wait for page load successfully

2017-11-28 18:57:19 - [MESSAGE][PASSED] - Wait for page load successfully

2017-11-28 18:57:19 - [TEST_STEP][PASSED] - waitForJQueryLoad: jQuery is ready.

2017-11-28 18:57:19 - [MESSAGE][PASSED] - jQuery is ready.

2017-11-28 18:57:19 - [TEST_STEP][PASSED] - waitForElementPresent: Object 'Object Repository/PrimoTours/Old Objects/CCenter/pageLoaderOverlayLayer' is present

2017-11-28 18:57:19 - [MESSAGE][PASSED] - Object 'Object Repository/PrimoTours/Old Objects/CCenter/pageLoaderOverlayLayer' is present

2017-11-28 18:57:19 - [TEST_STEP][PASSED] - waitForElementNotVisible: Object 'Object Repository/PrimoTours/Old Objects/CCenter/pageLoaderOverlayLayer' is NOT visible

2017-11-28 18:57:19 - [MESSAGE][PASSED] - Object 'Object Repository/PrimoTours/Old Objects/CCenter/pageLoaderOverlayLayer' is NOT visible

2017-11-28 18:57:19 - [TEST_STEP][PASSED] - verifyElementVisible: Object 'Object Repository/PrimoTours/Old Objects/ThankYouPage/bookingNoContainer' is visible

2017-11-28 18:57:20 - [MESSAGE][PASSED] - Object 'Object Repository/PrimoTours/Old Objects/ThankYouPage/bookingNoContainer' is visible

2017-11-28 18:57:20 - [TEST_STEP][PASSED] - verifyElementVisible: Object 'Object Repository/PrimoTours/Old Objects/ThankYouPage/bookingTotalPriceBar' is visible

2017-11-28 18:57:20 - [MESSAGE][PASSED] - Object 'Object Repository/PrimoTours/Old Objects/ThankYouPage/bookingTotalPriceBar' is visible

2017-11-28 18:57:20 - [TEST_STEP][PASSED] - delay: Delayed 1 second(s)

2017-11-28 18:57:21 - [MESSAGE][PASSED] - Delayed 1 second(s)]]></system-out>
         <system-err><![CDATA[]]></system-err>
      </testcase>
      <testcase name="Test Cases/PrimoTours/WB Primo/WB Primo staging - place booking - Iteration 2" classname="Test Cases/PrimoTours/WB Primo/WB Primo staging - place booking" status="FAILED">
         <failure type="FAILED" message="Test Cases/PrimoTours/WB Primo/WB Primo staging - place booking FAILED because (of) Unable to click on object 'Object Repository/PrimoTours/ConfirmationPage/placeBookingButton' (Root cause: org.openqa.selenium.WebDriverException: unknown error: Element &lt;a href=&quot;javascript:;&quot; class=&quot;btn btn-success col-xs-12 step defaultButton disabledElement&quot; data-validator=&quot;options&quot; data-loader=&quot;true&quot; id=&quot;placeBookingButton&quot; data-bind=&quot;css: tourpaq.bookingEngine.confirmation.nextStepButtonStyle&quot;>...&lt;/a> is not clickable at point (1337, 729). Other element would receive the click: &lt;div class=&quot;col-xs-12 col-md-4 col-md-offset-4 pull-right&quot;>...&lt;/div>
  (Session info: chrome=62.0.3202.94)
  (Driver info: chromedriver=2.33.506120 (e3e53437346286c0bc2d2dc9aa4915ba81d9023f),platform=Windows NT 6.3.9600 x86_64) (WARNING: The server did not provide any stacktrace information)
Command duration or timeout: 0 milliseconds
Build info: version: '3.7.1', revision: '8a0099a', time: '2017-11-06T21:07:36.161Z'
System info: host: 'NEACSUNEW-PC', ip: '10.10.10.211', os.name: 'Windows 8.1', os.arch: 'amd64', os.version: '6.3', java.version: '1.8.0_102'
Driver info: com.kms.katalon.selenium.driver.CChromeDriver
Capabilities {acceptSslCerts: true, applicationCacheEnabled: false, browserConnectionEnabled: false, browserName: chrome, chrome: {chromedriverVersion: 2.33.506120 (e3e53437346286..., userDataDir: C:\Users\Cornel\AppData\Loc...}, cssSelectorsEnabled: true, databaseEnabled: false, handlesAlerts: true, hasTouchScreen: false, javascriptEnabled: true, locationContextEnabled: true, mobileEmulationEnabled: false, nativeEvents: true, networkConnectionEnabled: false, pageLoadStrategy: normal, platform: XP, platformName: XP, rotatable: false, setWindowRect: true, takesHeapSnapshot: true, takesScreenshot: true, unexpectedAlertBehaviour: , unhandledPromptBehavior: , version: 62.0.3202.94, webStorageEnabled: true}
Session ID: 7c36feceae2cb5dd7b81b1ebc83caa07)"/>
         <system-out><![CDATA[2017-11-28 18:57:21 - [TEST_CASE][FAILED] - Test Cases/PrimoTours/WB Primo/WB Primo staging - place booking - Iteration 2: Test Cases/PrimoTours/WB Primo/WB Primo staging - place booking FAILED because (of) Unable to click on object 'Object Repository/PrimoTours/ConfirmationPage/placeBookingButton' (Root cause: org.openqa.selenium.WebDriverException: unknown error: Element <a href="javascript:;" class="btn btn-success col-xs-12 step defaultButton disabledElement" data-validator="options" data-loader="true" id="placeBookingButton" data-bind="css: tourpaq.bookingEngine.confirmation.nextStepButtonStyle">...</a> is not clickable at point (1337, 729). Other element would receive the click: <div class="col-xs-12 col-md-4 col-md-offset-4 pull-right">...</div>
  (Session info: chrome=62.0.3202.94)
  (Driver info: chromedriver=2.33.506120 (e3e53437346286c0bc2d2dc9aa4915ba81d9023f),platform=Windows NT 6.3.9600 x86_64) (WARNING: The server did not provide any stacktrace information)
Command duration or timeout: 0 milliseconds
Build info: version: '3.7.1', revision: '8a0099a', time: '2017-11-06T21:07:36.161Z'
System info: host: 'NEACSUNEW-PC', ip: '10.10.10.211', os.name: 'Windows 8.1', os.arch: 'amd64', os.version: '6.3', java.version: '1.8.0_102'
Driver info: com.kms.katalon.selenium.driver.CChromeDriver
Capabilities {acceptSslCerts: true, applicationCacheEnabled: false, browserConnectionEnabled: false, browserName: chrome, chrome: {chromedriverVersion: 2.33.506120 (e3e53437346286..., userDataDir: C:\Users\Cornel\AppData\Loc...}, cssSelectorsEnabled: true, databaseEnabled: false, handlesAlerts: true, hasTouchScreen: false, javascriptEnabled: true, locationContextEnabled: true, mobileEmulationEnabled: false, nativeEvents: true, networkConnectionEnabled: false, pageLoadStrategy: normal, platform: XP, platformName: XP, rotatable: false, setWindowRect: true, takesHeapSnapshot: true, takesScreenshot: true, unexpectedAlertBehaviour: , unhandledPromptBehavior: , version: 62.0.3202.94, webStorageEnabled: true}
Session ID: 7c36feceae2cb5dd7b81b1ebc83caa07)

2017-11-28 18:57:22 - [TEST_STEP][PASSED] - openBrowser: Browser is opened with url: ''

2017-11-28 18:57:22 - [MESSAGE][WARNING] - A browser is already opened. Closing browser and opening a new one

2017-11-28 18:57:24 - [MESSAGE][PASSED] - Browser is opened with url: ''

2017-11-28 18:57:24 - [TEST_STEP][PASSED] - maximizeWindow: Current window maximized

2017-11-28 18:57:26 - [MESSAGE][PASSED] - Current window maximized

2017-11-28 18:57:26 - [TEST_STEP][PASSED] - navigateToUrl: Navigate to 'https://staging-primotours-webbooking.tourpaq.com/DoBooking.aspx?pltaID=1480269&p=1&rno=1&pt=1&a=2&c=2&aa=&ca=1,5' successfully

2017-11-28 18:57:28 - [MESSAGE][PASSED] - Navigate to 'https://staging-primotours-webbooking.tourpaq.com/DoBooking.aspx?pltaID=1480269&p=1&rno=1&pt=1&a=2&c=2&aa=&ca=1,5' successfully

2017-11-28 18:57:28 - [TEST_STEP][PASSED] - setText: Text 'Pedersen AUT' is set on object 'Object Repository/PrimoTours/Old Objects/Coco/PrimoT/Page_Primo Tours  Danmarks bedste c/input_firstName'

2017-11-28 18:57:29 - [MESSAGE][PASSED] - Text 'Pedersen AUT' is set on object 'Object Repository/PrimoTours/Old Objects/Coco/PrimoT/Page_Primo Tours  Danmarks bedste c/input_firstName'

2017-11-28 18:57:29 - [TEST_STEP][PASSED] - setText: Text 'Vibe Dalby' is set on object 'Object Repository/PrimoTours/Old Objects/Coco/PrimoT/Page_Primo Tours  Danmarks bedste c/input_lastName'

2017-11-28 18:57:29 - [MESSAGE][PASSED] - Text 'Vibe Dalby' is set on object 'Object Repository/PrimoTours/Old Objects/Coco/PrimoT/Page_Primo Tours  Danmarks bedste c/input_lastName'

2017-11-28 18:57:29 - [TEST_STEP][PASSED] - setText: Text 'Home address' is set on object 'Object Repository/PrimoTours/Old Objects/Coco/PrimoT/Page_Primo Tours  Danmarks bedste c/input_customerAddress'

2017-11-28 18:57:29 - [MESSAGE][PASSED] - Text 'Home address' is set on object 'Object Repository/PrimoTours/Old Objects/Coco/PrimoT/Page_Primo Tours  Danmarks bedste c/input_customerAddress'

2017-11-28 18:57:29 - [TEST_STEP][PASSED] - setText: Text '6700' is set on object 'Object Repository/PrimoTours/Old Objects/Coco/PrimoT/Page_Primo Tours  Danmarks bedste c/input_customerPostcode'

2017-11-28 18:57:30 - [MESSAGE][PASSED] - Text '6700' is set on object 'Object Repository/PrimoTours/Old Objects/Coco/PrimoT/Page_Primo Tours  Danmarks bedste c/input_customerPostcode'

2017-11-28 18:57:30 - [TEST_STEP][PASSED] - setText: Text 'cornel.neacsu@roweb.ro' is set on object 'Object Repository/PrimoTours/Old Objects/Coco/PrimoT/Page_Primo Tours  Danmarks bedste c/input_customerEmail'

2017-11-28 18:57:30 - [MESSAGE][PASSED] - Text 'cornel.neacsu@roweb.ro' is set on object 'Object Repository/PrimoTours/Old Objects/Coco/PrimoT/Page_Primo Tours  Danmarks bedste c/input_customerEmail'

2017-11-28 18:57:30 - [TEST_STEP][PASSED] - setText: Text '12345678' is set on object 'Object Repository/PrimoTours/Old Objects/Coco/PrimoT/Page_Primo Tours  Danmarks bedste c/input_customerPhone'

2017-11-28 18:57:30 - [MESSAGE][PASSED] - Text '12345678' is set on object 'Object Repository/PrimoTours/Old Objects/Coco/PrimoT/Page_Primo Tours  Danmarks bedste c/input_customerPhone'

2017-11-28 18:57:30 - [TEST_STEP][PASSED] - Statement - excelInfo = ["fname":"", "lname":"", "pgender":"", "pday":"", "pmonth":"", "pyear":""]: null

2017-11-28 18:57:30 - [TEST_STEP][PASSED] - Statement - rawData = com.kms.katalon.core.testdata.TestDataFactory.findTestData("Data Files/WB_Primo/Passenger_details"): Reading excel file with source file 'D:\Software testing\Tourpaq\Automated Katalon tests\Primo WB test\Data Files\Primo_URLs_For_Automated_Test.xls' and sheet name 'Passenger Names'

2017-11-28 18:57:30 - [TEST_STEP][PASSED] - Statement - excelRowNo = rawData.getRowNumbers(): null

2017-11-28 18:57:30 - [TEST_STEP][PASSED] - Statement - randomPaxIndex = 1: null

2017-11-28 18:57:30 - [TEST_STEP][PASSED] - waitForElementClickable: Object 'Object Repository/PrimoTours/Old Objects/Coco/PrimoT/Page_Primo Tours  Danmarks bedste c/input_firstname-0_1' is clickable

2017-11-28 18:57:32 - [MESSAGE][PASSED] - Object 'Object Repository/PrimoTours/Old Objects/Coco/PrimoT/Page_Primo Tours  Danmarks bedste c/input_firstname-0_1' is clickable

2017-11-28 18:57:32 - [TEST_STEP][PASSED] - Statement - driver = com.kms.katalon.core.webui.driver.DriverFactory.getWebDriver(): null

2017-11-28 18:57:32 - [TEST_STEP][PASSED] - Statement - roomContainerXpath = "id("booking")/div[@class="wrapper second-bg"]/div[contains(@class,"container-mx")]/div[@class="row"]/div[@class="col-md-12 roomContainer"]": null

2017-11-28 18:57:32 - [TEST_STEP][PASSED] - Statement - roomsCount = driver.findElements(org.openqa.selenium.By.xpath(roomContainerXpath)).size(): null

2017-11-28 18:57:32 - [TEST_STEP][PASSED] - Statement - println("roomsCount=" + roomsCount): null

2017-11-28 18:57:32 - [TEST_STEP][PASSED] - Statement - For ([i = 1, i <= roomsCount, (i++)]): Text 'Frederikke Borup' is set on object 'Object Repository/PrimoTours/Old Objects/allPaxLastNameFields'

2017-11-28 18:57:32 - [TEST_STEP][PASSED] - Statement - paxInRoomXpath = roomContainerXpath + "[" + i + "]/div[@class="row"]/div[@class="col-md-12"]/div[@class="row"]": null

2017-11-28 18:57:32 - [TEST_STEP][PASSED] - Statement - paxInRoomCount = driver.findElements(org.openqa.selenium.By.xpath(paxInRoomXpath)).size(): null

2017-11-28 18:57:32 - [TEST_STEP][PASSED] - Statement - println("paxInRoomCount=" + paxInRoomCount): null

2017-11-28 18:57:32 - [TEST_STEP][PASSED] - Statement - For ([j = 1, j <= paxInRoomCount, (j++)]): Text 'Frederikke Borup' is set on object 'Object Repository/PrimoTours/Old Objects/allPaxLastNameFields'

2017-11-28 18:57:32 - [TEST_STEP][PASSED] - Statement - If (i == 1 & j == 1): null

2017-11-28 18:57:32 - [TEST_STEP][PASSED] - Statement - <not implemented yet for class: org.codehaus.groovy.ast.stmt.ContinueStatement>: null

2017-11-28 18:57:32 - [TEST_STEP][PASSED] - Statement - If (i == 1 & j == 1): null

2017-11-28 18:57:32 - [TEST_STEP][PASSED] - Statement - randomPaxIndex = java.lang.Math.abs(new java.util.Random().nextInt() % excelRowNo) + 1: null

2017-11-28 18:57:32 - [TEST_STEP][PASSED] - Statement - println(randomPaxIndex): null

2017-11-28 18:57:32 - [TEST_STEP][PASSED] - Statement - fname = rawData.getValue("FirstName", randomPaxIndex) + " AUT": null

2017-11-28 18:57:32 - [TEST_STEP][PASSED] - Statement - lname = rawData.getValue("LastName", randomPaxIndex): null

2017-11-28 18:57:32 - [TEST_STEP][PASSED] - Statement - pgender = rawData.getValue("Gender", randomPaxIndex): null

2017-11-28 18:57:32 - [TEST_STEP][PASSED] - Statement - pday = rawData.getValue("Day DOB", randomPaxIndex): null

2017-11-28 18:57:32 - [TEST_STEP][PASSED] - Statement - pmonth = rawData.getValue("Month DOB", randomPaxIndex): null

2017-11-28 18:57:32 - [TEST_STEP][PASSED] - Statement - pyear = rawData.getValue("Year DOB", randomPaxIndex): null

2017-11-28 18:57:32 - [TEST_STEP][PASSED] - Statement - paxDetailFields = paxInRoomXpath + "[" + j + "]/div[@class="col-md-x col-md-9"]/div[@class="row paxContainer"]/div[@class="col-md-5"]": null

2017-11-28 18:57:32 - [TEST_STEP][PASSED] - Statement - xpathval = paxDetailFields + "[1]/div[contains(@class,"form-group")]/input[@class="form-control paxFirstName"]": null

2017-11-28 18:57:32 - [TEST_STEP][PASSED] - Statement - println("fn: " + xpathval): null

2017-11-28 18:57:32 - [TEST_STEP][PASSED] - Statement - repObj = com.kms.katalon.core.testobject.ObjectRepository.findTestObject(Object Repository/PrimoTours/Old Objects/allPaxFirstNameFields): Finding Test Object with id 'Object Repository/PrimoTours/Old Objects/allPaxFirstNameFields'

2017-11-28 18:57:32 - [TEST_STEP][PASSED] - Statement - repObj.findProperty("xpath").setValue(xpathval): null

2017-11-28 18:57:32 - [TEST_STEP][PASSED] - setText: Text 'Larsen AUT' is set on object 'Object Repository/PrimoTours/Old Objects/allPaxFirstNameFields'

2017-11-28 18:57:32 - [MESSAGE][PASSED] - Text 'Larsen AUT' is set on object 'Object Repository/PrimoTours/Old Objects/allPaxFirstNameFields'

2017-11-28 18:57:32 - [TEST_STEP][PASSED] - Statement - xpathval = paxDetailFields + "[2]/div[contains(@class,"form-group")]/input[@class="form-control paxLastName"]": null

2017-11-28 18:57:32 - [TEST_STEP][PASSED] - Statement - println("ln: " + xpathval): null

2017-11-28 18:57:32 - [TEST_STEP][PASSED] - Statement - repObj = com.kms.katalon.core.testobject.ObjectRepository.findTestObject(Object Repository/PrimoTours/Old Objects/allPaxLastNameFields): Finding Test Object with id 'Object Repository/PrimoTours/Old Objects/allPaxLastNameFields'

2017-11-28 18:57:32 - [TEST_STEP][PASSED] - Statement - repObj.findProperty("xpath").setValue(xpathval): null

2017-11-28 18:57:32 - [TEST_STEP][PASSED] - setText: Text 'Anna Bille' is set on object 'Object Repository/PrimoTours/Old Objects/allPaxLastNameFields'

2017-11-28 18:57:32 - [MESSAGE][PASSED] - Text 'Anna Bille' is set on object 'Object Repository/PrimoTours/Old Objects/allPaxLastNameFields'

2017-11-28 18:57:32 - [TEST_STEP][PASSED] - Statement - If (i == 1 & j == 1): null

2017-11-28 18:57:32 - [TEST_STEP][PASSED] - Statement - randomPaxIndex = java.lang.Math.abs(new java.util.Random().nextInt() % excelRowNo) + 1: null

2017-11-28 18:57:32 - [TEST_STEP][PASSED] - Statement - println(randomPaxIndex): null

2017-11-28 18:57:32 - [TEST_STEP][PASSED] - Statement - fname = rawData.getValue("FirstName", randomPaxIndex) + " AUT": null

2017-11-28 18:57:32 - [TEST_STEP][PASSED] - Statement - lname = rawData.getValue("LastName", randomPaxIndex): null

2017-11-28 18:57:32 - [TEST_STEP][PASSED] - Statement - pgender = rawData.getValue("Gender", randomPaxIndex): null

2017-11-28 18:57:32 - [TEST_STEP][PASSED] - Statement - pday = rawData.getValue("Day DOB", randomPaxIndex): null

2017-11-28 18:57:32 - [TEST_STEP][PASSED] - Statement - pmonth = rawData.getValue("Month DOB", randomPaxIndex): null

2017-11-28 18:57:32 - [TEST_STEP][PASSED] - Statement - pyear = rawData.getValue("Year DOB", randomPaxIndex): null

2017-11-28 18:57:32 - [TEST_STEP][PASSED] - Statement - paxDetailFields = paxInRoomXpath + "[" + j + "]/div[@class="col-md-x col-md-9"]/div[@class="row paxContainer"]/div[@class="col-md-5"]": null

2017-11-28 18:57:32 - [TEST_STEP][PASSED] - Statement - xpathval = paxDetailFields + "[1]/div[contains(@class,"form-group")]/input[@class="form-control paxFirstName"]": null

2017-11-28 18:57:32 - [TEST_STEP][PASSED] - Statement - println("fn: " + xpathval): null

2017-11-28 18:57:32 - [TEST_STEP][PASSED] - Statement - repObj = com.kms.katalon.core.testobject.ObjectRepository.findTestObject(Object Repository/PrimoTours/Old Objects/allPaxFirstNameFields): Finding Test Object with id 'Object Repository/PrimoTours/Old Objects/allPaxFirstNameFields'

2017-11-28 18:57:32 - [TEST_STEP][PASSED] - Statement - repObj.findProperty("xpath").setValue(xpathval): null

2017-11-28 18:57:32 - [TEST_STEP][PASSED] - setText: Text 'Bennedsen AUT' is set on object 'Object Repository/PrimoTours/Old Objects/allPaxFirstNameFields'

2017-11-28 18:57:32 - [MESSAGE][PASSED] - Text 'Bennedsen AUT' is set on object 'Object Repository/PrimoTours/Old Objects/allPaxFirstNameFields'

2017-11-28 18:57:32 - [TEST_STEP][PASSED] - Statement - xpathval = paxDetailFields + "[2]/div[contains(@class,"form-group")]/input[@class="form-control paxLastName"]": null

2017-11-28 18:57:32 - [TEST_STEP][PASSED] - Statement - println("ln: " + xpathval): null

2017-11-28 18:57:32 - [TEST_STEP][PASSED] - Statement - repObj = com.kms.katalon.core.testobject.ObjectRepository.findTestObject(Object Repository/PrimoTours/Old Objects/allPaxLastNameFields): Finding Test Object with id 'Object Repository/PrimoTours/Old Objects/allPaxLastNameFields'

2017-11-28 18:57:32 - [TEST_STEP][PASSED] - Statement - repObj.findProperty("xpath").setValue(xpathval): null

2017-11-28 18:57:32 - [TEST_STEP][PASSED] - setText: Text 'Marianne Mulvad' is set on object 'Object Repository/PrimoTours/Old Objects/allPaxLastNameFields'

2017-11-28 18:57:33 - [MESSAGE][PASSED] - Text 'Marianne Mulvad' is set on object 'Object Repository/PrimoTours/Old Objects/allPaxLastNameFields'

2017-11-28 18:57:33 - [TEST_STEP][PASSED] - Statement - If (i == 1 & j == 1): null

2017-11-28 18:57:33 - [TEST_STEP][PASSED] - Statement - randomPaxIndex = java.lang.Math.abs(new java.util.Random().nextInt() % excelRowNo) + 1: null

2017-11-28 18:57:33 - [TEST_STEP][PASSED] - Statement - println(randomPaxIndex): null

2017-11-28 18:57:33 - [TEST_STEP][PASSED] - Statement - fname = rawData.getValue("FirstName", randomPaxIndex) + " AUT": null

2017-11-28 18:57:33 - [TEST_STEP][PASSED] - Statement - lname = rawData.getValue("LastName", randomPaxIndex): null

2017-11-28 18:57:33 - [TEST_STEP][PASSED] - Statement - pgender = rawData.getValue("Gender", randomPaxIndex): null

2017-11-28 18:57:33 - [TEST_STEP][PASSED] - Statement - pday = rawData.getValue("Day DOB", randomPaxIndex): null

2017-11-28 18:57:33 - [TEST_STEP][PASSED] - Statement - pmonth = rawData.getValue("Month DOB", randomPaxIndex): null

2017-11-28 18:57:33 - [TEST_STEP][PASSED] - Statement - pyear = rawData.getValue("Year DOB", randomPaxIndex): null

2017-11-28 18:57:33 - [TEST_STEP][PASSED] - Statement - paxDetailFields = paxInRoomXpath + "[" + j + "]/div[@class="col-md-x col-md-9"]/div[@class="row paxContainer"]/div[@class="col-md-5"]": null

2017-11-28 18:57:33 - [TEST_STEP][PASSED] - Statement - xpathval = paxDetailFields + "[1]/div[contains(@class,"form-group")]/input[@class="form-control paxFirstName"]": null

2017-11-28 18:57:33 - [TEST_STEP][PASSED] - Statement - println("fn: " + xpathval): null

2017-11-28 18:57:33 - [TEST_STEP][PASSED] - Statement - repObj = com.kms.katalon.core.testobject.ObjectRepository.findTestObject(Object Repository/PrimoTours/Old Objects/allPaxFirstNameFields): Finding Test Object with id 'Object Repository/PrimoTours/Old Objects/allPaxFirstNameFields'

2017-11-28 18:57:33 - [TEST_STEP][PASSED] - Statement - repObj.findProperty("xpath").setValue(xpathval): null

2017-11-28 18:57:33 - [TEST_STEP][PASSED] - setText: Text 'Linnebjerg AUT' is set on object 'Object Repository/PrimoTours/Old Objects/allPaxFirstNameFields'

2017-11-28 18:57:33 - [MESSAGE][PASSED] - Text 'Linnebjerg AUT' is set on object 'Object Repository/PrimoTours/Old Objects/allPaxFirstNameFields'

2017-11-28 18:57:33 - [TEST_STEP][PASSED] - Statement - xpathval = paxDetailFields + "[2]/div[contains(@class,"form-group")]/input[@class="form-control paxLastName"]": null

2017-11-28 18:57:33 - [TEST_STEP][PASSED] - Statement - println("ln: " + xpathval): null

2017-11-28 18:57:33 - [TEST_STEP][PASSED] - Statement - repObj = com.kms.katalon.core.testobject.ObjectRepository.findTestObject(Object Repository/PrimoTours/Old Objects/allPaxLastNameFields): Finding Test Object with id 'Object Repository/PrimoTours/Old Objects/allPaxLastNameFields'

2017-11-28 18:57:33 - [TEST_STEP][PASSED] - Statement - repObj.findProperty("xpath").setValue(xpathval): null

2017-11-28 18:57:33 - [TEST_STEP][PASSED] - setText: Text 'Frederikke Borup' is set on object 'Object Repository/PrimoTours/Old Objects/allPaxLastNameFields'

2017-11-28 18:57:33 - [MESSAGE][PASSED] - Text 'Frederikke Borup' is set on object 'Object Repository/PrimoTours/Old Objects/allPaxLastNameFields'

2017-11-28 18:57:33 - [TEST_STEP][PASSED] - scrollToElement: Scroll to object 'Object Repository/PrimoTours/Old Objects/Coco (1)/PrimoT/SaveBooking2/Success/bookingTotalValue' successfully

2017-11-28 18:57:33 - [MESSAGE][PASSED] - Scroll to object 'Object Repository/PrimoTours/Old Objects/Coco (1)/PrimoT/SaveBooking2/Success/bookingTotalValue' successfully

2017-11-28 18:57:33 - [TEST_STEP][PASSED] - click: Object: 'Object Repository/PrimoTours/Old Objects/Coco (1)/PrimoT/SaveBooking2/Success/bookingTotalValue' is clicked on

2017-11-28 18:57:33 - [MESSAGE][PASSED] - Object: 'Object Repository/PrimoTours/Old Objects/Coco (1)/PrimoT/SaveBooking2/Success/bookingTotalValue' is clicked on

2017-11-28 18:57:33 - [TEST_STEP][PASSED] - scrollToElement: Scroll to object 'Object Repository/PrimoTours/Old Objects/Coco (1)/PrimoT/SaveBooking2/Success/Page_Primo Tours  Danmarks bedste c/i_fa fa-arrow-circle-right' successfully

2017-11-28 18:57:33 - [MESSAGE][PASSED] - Scroll to object 'Object Repository/PrimoTours/Old Objects/Coco (1)/PrimoT/SaveBooking2/Success/Page_Primo Tours  Danmarks bedste c/i_fa fa-arrow-circle-right' successfully

2017-11-28 18:57:33 - [TEST_STEP][PASSED] - waitForElementClickable: Object 'Object Repository/PrimoTours/Old Objects/Coco (1)/PrimoT/SaveBooking2/Success/Page_Primo Tours  Danmarks bedste c/i_fa fa-arrow-circle-right' is clickable

2017-11-28 18:57:34 - [MESSAGE][PASSED] - Object 'Object Repository/PrimoTours/Old Objects/Coco (1)/PrimoT/SaveBooking2/Success/Page_Primo Tours  Danmarks bedste c/i_fa fa-arrow-circle-right' is clickable

2017-11-28 18:57:34 - [TEST_STEP][PASSED] - waitForElementVisible: Object 'Object Repository/PrimoTours/Old Objects/Coco (1)/PrimoT/SaveBooking2/Success/Page_Primo Tours  Danmarks bedste c/i_fa fa-arrow-circle-right' is visible

2017-11-28 18:57:34 - [MESSAGE][PASSED] - Object 'Object Repository/PrimoTours/Old Objects/Coco (1)/PrimoT/SaveBooking2/Success/Page_Primo Tours  Danmarks bedste c/i_fa fa-arrow-circle-right' is visible

2017-11-28 18:57:34 - [TEST_STEP][PASSED] - scrollToElement: Scroll to object 'Object Repository/PrimoTours/Old Objects/Coco (1)/PrimoT/SaveBooking2/Success/Page_Primo Tours  Danmarks bedste c/i_fa fa-arrow-circle-right' successfully

2017-11-28 18:57:34 - [MESSAGE][PASSED] - Scroll to object 'Object Repository/PrimoTours/Old Objects/Coco (1)/PrimoT/SaveBooking2/Success/Page_Primo Tours  Danmarks bedste c/i_fa fa-arrow-circle-right' successfully

2017-11-28 18:57:34 - [TEST_STEP][PASSED] - click: Object: 'Object Repository/PrimoTours/Old Objects/Coco (1)/PrimoT/SaveBooking2/Success/Page_Primo Tours  Danmarks bedste c/i_fa fa-arrow-circle-right' is clicked on

2017-11-28 18:57:34 - [MESSAGE][PASSED] - Object: 'Object Repository/PrimoTours/Old Objects/Coco (1)/PrimoT/SaveBooking2/Success/Page_Primo Tours  Danmarks bedste c/i_fa fa-arrow-circle-right' is clicked on

2017-11-28 18:57:34 - [TEST_STEP][PASSED] - delay: Delayed 1 second(s)

2017-11-28 18:57:35 - [MESSAGE][PASSED] - Delayed 1 second(s)

2017-11-28 18:57:35 - [TEST_STEP][PASSED] - waitForElementNotVisible: Object 'Object Repository/PrimoTours/Old Objects/CCenter/pageLoaderOverlayLayer' is NOT visible

2017-11-28 18:57:35 - [MESSAGE][PASSED] - Object 'Object Repository/PrimoTours/Old Objects/CCenter/pageLoaderOverlayLayer' is NOT visible

2017-11-28 18:57:35 - [TEST_STEP][PASSED] - scrollToElement: Scroll to object 'Object Repository/PrimoTours/Old Objects/Coco/PrimoT/Ins2/Page_Primo Tours  Danmarks bedste c/travelInsuranceFirstPaxSelector' successfully

2017-11-28 18:57:35 - [MESSAGE][PASSED] - Scroll to object 'Object Repository/PrimoTours/Old Objects/Coco/PrimoT/Ins2/Page_Primo Tours  Danmarks bedste c/travelInsuranceFirstPaxSelector' successfully

2017-11-28 18:57:35 - [TEST_STEP][PASSED] - waitForElementPresent: Object 'Object Repository/PrimoTours/Old Objects/Coco/PrimoT/Ins2/Page_Primo Tours  Danmarks bedste c/travelInsuranceFirstPaxSelector' is present

2017-11-28 18:57:35 - [MESSAGE][PASSED] - Object 'Object Repository/PrimoTours/Old Objects/Coco/PrimoT/Ins2/Page_Primo Tours  Danmarks bedste c/travelInsuranceFirstPaxSelector' is present

2017-11-28 18:57:35 - [TEST_STEP][PASSED] - waitForElementVisible: Object 'Object Repository/PrimoTours/Old Objects/Coco/PrimoT/Ins2/Page_Primo Tours  Danmarks bedste c/travelInsuranceFirstPaxSelector' is visible

2017-11-28 18:57:35 - [MESSAGE][PASSED] - Object 'Object Repository/PrimoTours/Old Objects/Coco/PrimoT/Ins2/Page_Primo Tours  Danmarks bedste c/travelInsuranceFirstPaxSelector' is visible

2017-11-28 18:57:35 - [TEST_STEP][PASSED] - waitForElementClickable: Object 'Object Repository/PrimoTours/Old Objects/Coco/PrimoT/Ins2/Page_Primo Tours  Danmarks bedste c/travelInsuranceFirstPaxSelector' is clickable

2017-11-28 18:57:35 - [MESSAGE][PASSED] - Object 'Object Repository/PrimoTours/Old Objects/Coco/PrimoT/Ins2/Page_Primo Tours  Danmarks bedste c/travelInsuranceFirstPaxSelector' is clickable

2017-11-28 18:57:35 - [TEST_STEP][PASSED] - click: Object: 'Object Repository/PrimoTours/Old Objects/Coco/PrimoT/Ins2/Page_Primo Tours  Danmarks bedste c/travelInsuranceFirstPaxSelector' is clicked on

2017-11-28 18:57:35 - [MESSAGE][PASSED] - Object: 'Object Repository/PrimoTours/Old Objects/Coco/PrimoT/Ins2/Page_Primo Tours  Danmarks bedste c/travelInsuranceFirstPaxSelector' is clicked on

2017-11-28 18:57:35 - [TEST_STEP][PASSED] - click: Object: 'Object Repository/PrimoTours/Old Objects/Coco/PrimoT/Ins2/Page_Primo Tours  Danmarks bedste c/li_Har selv forsikring - kr. 0' is clicked on

2017-11-28 18:57:35 - [MESSAGE][PASSED] - Object: 'Object Repository/PrimoTours/Old Objects/Coco/PrimoT/Ins2/Page_Primo Tours  Danmarks bedste c/li_Har selv forsikring - kr. 0' is clicked on

2017-11-28 18:57:35 - [TEST_STEP][NOT_RUN] - click: NOT_RUN: click

2017-11-28 18:57:35 - [MESSAGE][NOT_RUN] - NOT_RUN: click

2017-11-28 18:57:35 - [TEST_STEP][NOT_RUN] - scrollToElement: NOT_RUN: scrollToElement

2017-11-28 18:57:35 - [MESSAGE][NOT_RUN] - NOT_RUN: scrollToElement

2017-11-28 18:57:35 - [TEST_STEP][NOT_RUN] - click: NOT_RUN: click

2017-11-28 18:57:35 - [MESSAGE][NOT_RUN] - NOT_RUN: click

2017-11-28 18:57:35 - [TEST_STEP][PASSED] - waitForElementVisible: Object 'Object Repository/PrimoTours/Old Objects/Coco (1)/PrimoT/SaveBooking2/Page_Primo Tours  Danmarks bedste c/individualInsuranceCheckbox' is visible

2017-11-28 18:57:35 - [MESSAGE][PASSED] - Object 'Object Repository/PrimoTours/Old Objects/Coco (1)/PrimoT/SaveBooking2/Page_Primo Tours  Danmarks bedste c/individualInsuranceCheckbox' is visible

2017-11-28 18:57:35 - [TEST_STEP][PASSED] - scrollToElement: Scroll to object 'Object Repository/PrimoTours/Old Objects/Coco (1)/PrimoT/SaveBooking2/Page_Primo Tours  Danmarks bedste c/individualInsuranceCheckbox' successfully

2017-11-28 18:57:35 - [MESSAGE][PASSED] - Scroll to object 'Object Repository/PrimoTours/Old Objects/Coco (1)/PrimoT/SaveBooking2/Page_Primo Tours  Danmarks bedste c/individualInsuranceCheckbox' successfully

2017-11-28 18:57:35 - [TEST_STEP][PASSED] - click: Object: 'Object Repository/PrimoTours/Old Objects/Coco (1)/PrimoT/SaveBooking2/Page_Primo Tours  Danmarks bedste c/individualInsuranceCheckbox' is clicked on

2017-11-28 18:57:35 - [MESSAGE][PASSED] - Object: 'Object Repository/PrimoTours/Old Objects/Coco (1)/PrimoT/SaveBooking2/Page_Primo Tours  Danmarks bedste c/individualInsuranceCheckbox' is clicked on

2017-11-28 18:57:35 - [TEST_STEP][PASSED] - scrollToElement: Scroll to object 'Object Repository/PrimoTours/Old Objects/Coco (1)/PrimoT/SaveBooking2/Success/firstProdCategIndividualSelectionRadioB' successfully

2017-11-28 18:57:35 - [MESSAGE][PASSED] - Scroll to object 'Object Repository/PrimoTours/Old Objects/Coco (1)/PrimoT/SaveBooking2/Success/firstProdCategIndividualSelectionRadioB' successfully

2017-11-28 18:57:35 - [TEST_STEP][PASSED] - waitForElementClickable: Object 'Object Repository/PrimoTours/Old Objects/Coco (1)/PrimoT/SaveBooking2/Success/firstProdCategIndividualSelectionRadioB' is clickable

2017-11-28 18:57:36 - [MESSAGE][PASSED] - Object 'Object Repository/PrimoTours/Old Objects/Coco (1)/PrimoT/SaveBooking2/Success/firstProdCategIndividualSelectionRadioB' is clickable

2017-11-28 18:57:36 - [TEST_STEP][PASSED] - scrollToElement: Scroll to object 'Object Repository/PrimoTours/Old Objects/Coco (1)/PrimoT/SaveBooking2/Success/firstProdCategIndividualSelectionRadioB' successfully

2017-11-28 18:57:36 - [MESSAGE][PASSED] - Scroll to object 'Object Repository/PrimoTours/Old Objects/Coco (1)/PrimoT/SaveBooking2/Success/firstProdCategIndividualSelectionRadioB' successfully

2017-11-28 18:57:36 - [TEST_STEP][PASSED] - click: Object: 'Object Repository/PrimoTours/Old Objects/Coco (1)/PrimoT/SaveBooking2/Success/firstProdCategIndividualSelectionRadioB' is clicked on

2017-11-28 18:57:36 - [MESSAGE][PASSED] - Object: 'Object Repository/PrimoTours/Old Objects/Coco (1)/PrimoT/SaveBooking2/Success/firstProdCategIndividualSelectionRadioB' is clicked on

2017-11-28 18:57:36 - [TEST_STEP][PASSED] - scrollToElement: Scroll to object 'Object Repository/PrimoTours/Old Objects/Coco (1)/PrimoT/SaveBooking2/Success/firstProdCategSelectForAllPaxCheckbox' successfully

2017-11-28 18:57:36 - [MESSAGE][PASSED] - Scroll to object 'Object Repository/PrimoTours/Old Objects/Coco (1)/PrimoT/SaveBooking2/Success/firstProdCategSelectForAllPaxCheckbox' successfully

2017-11-28 18:57:36 - [TEST_STEP][PASSED] - waitForElementClickable: Object 'Object Repository/PrimoTours/Old Objects/Coco (1)/PrimoT/SaveBooking2/Success/firstProdCategSelectForAllPaxCheckbox' is clickable

2017-11-28 18:57:36 - [MESSAGE][PASSED] - Object 'Object Repository/PrimoTours/Old Objects/Coco (1)/PrimoT/SaveBooking2/Success/firstProdCategSelectForAllPaxCheckbox' is clickable

2017-11-28 18:57:36 - [TEST_STEP][PASSED] - click: Object: 'Object Repository/PrimoTours/Old Objects/Coco (1)/PrimoT/SaveBooking2/Success/firstProdCategSelectForAllPaxCheckbox' is clicked on

2017-11-28 18:57:36 - [MESSAGE][PASSED] - Object: 'Object Repository/PrimoTours/Old Objects/Coco (1)/PrimoT/SaveBooking2/Success/firstProdCategSelectForAllPaxCheckbox' is clicked on

2017-11-28 18:57:36 - [TEST_STEP][NOT_RUN] - scrollToElement: NOT_RUN: scrollToElement

2017-11-28 18:57:36 - [MESSAGE][NOT_RUN] - NOT_RUN: scrollToElement

2017-11-28 18:57:36 - [TEST_STEP][NOT_RUN] - scrollToElement: NOT_RUN: scrollToElement

2017-11-28 18:57:36 - [MESSAGE][NOT_RUN] - NOT_RUN: scrollToElement

2017-11-28 18:57:36 - [TEST_STEP][NOT_RUN] - click: NOT_RUN: click

2017-11-28 18:57:36 - [MESSAGE][NOT_RUN] - NOT_RUN: click

2017-11-28 18:57:36 - [TEST_STEP][PASSED] - scrollToElement: Scroll to object 'Object Repository/PrimoTours/ConfirmationPage/agreeTermsAndCondCheckbox' successfully

2017-11-28 18:57:36 - [MESSAGE][PASSED] - Scroll to object 'Object Repository/PrimoTours/ConfirmationPage/agreeTermsAndCondCheckbox' successfully

2017-11-28 18:57:36 - [TEST_STEP][PASSED] - click: Object: 'Object Repository/PrimoTours/ConfirmationPage/agreeTermsAndCondCheckbox' is clicked on

2017-11-28 18:57:37 - [MESSAGE][PASSED] - Object: 'Object Repository/PrimoTours/ConfirmationPage/agreeTermsAndCondCheckbox' is clicked on

2017-11-28 18:57:37 - [TEST_STEP][PASSED] - waitForElementClickable: Object 'Object Repository/PrimoTours/ConfirmationPage/placeBookingButton' is clickable

2017-11-28 18:57:37 - [MESSAGE][PASSED] - Object 'Object Repository/PrimoTours/ConfirmationPage/placeBookingButton' is clickable

2017-11-28 18:57:37 - [TEST_STEP][PASSED] - scrollToElement: Scroll to object 'Object Repository/PrimoTours/ConfirmationPage/placeBookingButton' successfully

2017-11-28 18:57:37 - [MESSAGE][PASSED] - Scroll to object 'Object Repository/PrimoTours/ConfirmationPage/placeBookingButton' successfully

2017-11-28 18:57:37 - [TEST_STEP][FAILED] - Statement - Try: Unable to click on object 'Object Repository/PrimoTours/ConfirmationPage/placeBookingButton' (Root cause: org.openqa.selenium.WebDriverException: unknown error: Element <a href="javascript:;" class="btn btn-success col-xs-12 step defaultButton disabledElement" data-validator="options" data-loader="true" id="placeBookingButton" data-bind="css: tourpaq.bookingEngine.confirmation.nextStepButtonStyle">...</a> is not clickable at point (1337, 729). Other element would receive the click: <div class="col-xs-12 col-md-4 col-md-offset-4 pull-right">...</div>
  (Session info: chrome=62.0.3202.94)
  (Driver info: chromedriver=2.33.506120 (e3e53437346286c0bc2d2dc9aa4915ba81d9023f),platform=Windows NT 6.3.9600 x86_64) (WARNING: The server did not provide any stacktrace information)
Command duration or timeout: 0 milliseconds
Build info: version: '3.7.1', revision: '8a0099a', time: '2017-11-06T21:07:36.161Z'
System info: host: 'NEACSUNEW-PC', ip: '10.10.10.211', os.name: 'Windows 8.1', os.arch: 'amd64', os.version: '6.3', java.version: '1.8.0_102'
Driver info: com.kms.katalon.selenium.driver.CChromeDriver
Capabilities {acceptSslCerts: true, applicationCacheEnabled: false, browserConnectionEnabled: false, browserName: chrome, chrome: {chromedriverVersion: 2.33.506120 (e3e53437346286..., userDataDir: C:\Users\Cornel\AppData\Loc...}, cssSelectorsEnabled: true, databaseEnabled: false, handlesAlerts: true, hasTouchScreen: false, javascriptEnabled: true, locationContextEnabled: true, mobileEmulationEnabled: false, nativeEvents: true, networkConnectionEnabled: false, pageLoadStrategy: normal, platform: XP, platformName: XP, rotatable: false, setWindowRect: true, takesHeapSnapshot: true, takesScreenshot: true, unexpectedAlertBehaviour: , unhandledPromptBehavior: , version: 62.0.3202.94, webStorageEnabled: true}
Session ID: 7c36feceae2cb5dd7b81b1ebc83caa07)

2017-11-28 18:57:37 - [TEST_STEP][FAILED] - click: Unable to click on object 'Object Repository/PrimoTours/ConfirmationPage/placeBookingButton' (Root cause: org.openqa.selenium.WebDriverException: unknown error: Element <a href="javascript:;" class="btn btn-success col-xs-12 step defaultButton disabledElement" data-validator="options" data-loader="true" id="placeBookingButton" data-bind="css: tourpaq.bookingEngine.confirmation.nextStepButtonStyle">...</a> is not clickable at point (1337, 729). Other element would receive the click: <div class="col-xs-12 col-md-4 col-md-offset-4 pull-right">...</div>
  (Session info: chrome=62.0.3202.94)
  (Driver info: chromedriver=2.33.506120 (e3e53437346286c0bc2d2dc9aa4915ba81d9023f),platform=Windows NT 6.3.9600 x86_64) (WARNING: The server did not provide any stacktrace information)
Command duration or timeout: 0 milliseconds
Build info: version: '3.7.1', revision: '8a0099a', time: '2017-11-06T21:07:36.161Z'
System info: host: 'NEACSUNEW-PC', ip: '10.10.10.211', os.name: 'Windows 8.1', os.arch: 'amd64', os.version: '6.3', java.version: '1.8.0_102'
Driver info: com.kms.katalon.selenium.driver.CChromeDriver
Capabilities {acceptSslCerts: true, applicationCacheEnabled: false, browserConnectionEnabled: false, browserName: chrome, chrome: {chromedriverVersion: 2.33.506120 (e3e53437346286..., userDataDir: C:\Users\Cornel\AppData\Loc...}, cssSelectorsEnabled: true, databaseEnabled: false, handlesAlerts: true, hasTouchScreen: false, javascriptEnabled: true, locationContextEnabled: true, mobileEmulationEnabled: false, nativeEvents: true, networkConnectionEnabled: false, pageLoadStrategy: normal, platform: XP, platformName: XP, rotatable: false, setWindowRect: true, takesHeapSnapshot: true, takesScreenshot: true, unexpectedAlertBehaviour: , unhandledPromptBehavior: , version: 62.0.3202.94, webStorageEnabled: true}
Session ID: 7c36feceae2cb5dd7b81b1ebc83caa07)

2017-11-28 18:57:37 - [MESSAGE][FAILED] - Unable to click on object 'Object Repository/PrimoTours/ConfirmationPage/placeBookingButton' (Root cause: org.openqa.selenium.WebDriverException: unknown error: Element <a href="javascript:;" class="btn btn-success col-xs-12 step defaultButton disabledElement" data-validator="options" data-loader="true" id="placeBookingButton" data-bind="css: tourpaq.bookingEngine.confirmation.nextStepButtonStyle">...</a> is not clickable at point (1337, 729). Other element would receive the click: <div class="col-xs-12 col-md-4 col-md-offset-4 pull-right">...</div>
  (Session info: chrome=62.0.3202.94)
  (Driver info: chromedriver=2.33.506120 (e3e53437346286c0bc2d2dc9aa4915ba81d9023f),platform=Windows NT 6.3.9600 x86_64) (WARNING: The server did not provide any stacktrace information)
Command duration or timeout: 0 milliseconds
Build info: version: '3.7.1', revision: '8a0099a', time: '2017-11-06T21:07:36.161Z'
System info: host: 'NEACSUNEW-PC', ip: '10.10.10.211', os.name: 'Windows 8.1', os.arch: 'amd64', os.version: '6.3', java.version: '1.8.0_102'
Driver info: com.kms.katalon.selenium.driver.CChromeDriver
Capabilities {acceptSslCerts: true, applicationCacheEnabled: false, browserConnectionEnabled: false, browserName: chrome, chrome: {chromedriverVersion: 2.33.506120 (e3e53437346286..., userDataDir: C:\Users\Cornel\AppData\Loc...}, cssSelectorsEnabled: true, databaseEnabled: false, handlesAlerts: true, hasTouchScreen: false, javascriptEnabled: true, locationContextEnabled: true, mobileEmulationEnabled: false, nativeEvents: true, networkConnectionEnabled: false, pageLoadStrategy: normal, platform: XP, platformName: XP, rotatable: false, setWindowRect: true, takesHeapSnapshot: true, takesScreenshot: true, unexpectedAlertBehaviour: , unhandledPromptBehavior: , version: 62.0.3202.94, webStorageEnabled: true}
Session ID: 7c36feceae2cb5dd7b81b1ebc83caa07)
[[ATTACHMENT|D:\\Software testing\\Tourpaq\\Automated Katalon tests\\Primo WB test\\Reports\\WB Primo From Excel URLs\\20171128_185633\\1511888257238.png]]

2017-11-28 18:57:37 - [TEST_STEP][FAILED] - Statement - Catch (Exception e): Unable to click on object 'Object Repository/PrimoTours/ConfirmationPage/placeBookingButton' (Root cause: org.openqa.selenium.WebDriverException: unknown error: Element <a href="javascript:;" class="btn btn-success col-xs-12 step defaultButton disabledElement" data-validator="options" data-loader="true" id="placeBookingButton" data-bind="css: tourpaq.bookingEngine.confirmation.nextStepButtonStyle">...</a> is not clickable at point (1337, 729). Other element would receive the click: <div class="col-xs-12 col-md-4 col-md-offset-4 pull-right">...</div>
  (Session info: chrome=62.0.3202.94)
  (Driver info: chromedriver=2.33.506120 (e3e53437346286c0bc2d2dc9aa4915ba81d9023f),platform=Windows NT 6.3.9600 x86_64) (WARNING: The server did not provide any stacktrace information)
Command duration or timeout: 0 milliseconds
Build info: version: '3.7.1', revision: '8a0099a', time: '2017-11-06T21:07:36.161Z'
System info: host: 'NEACSUNEW-PC', ip: '10.10.10.211', os.name: 'Windows 8.1', os.arch: 'amd64', os.version: '6.3', java.version: '1.8.0_102'
Driver info: com.kms.katalon.selenium.driver.CChromeDriver
Capabilities {acceptSslCerts: true, applicationCacheEnabled: false, browserConnectionEnabled: false, browserName: chrome, chrome: {chromedriverVersion: 2.33.506120 (e3e53437346286..., userDataDir: C:\Users\Cornel\AppData\Loc...}, cssSelectorsEnabled: true, databaseEnabled: false, handlesAlerts: true, hasTouchScreen: false, javascriptEnabled: true, locationContextEnabled: true, mobileEmulationEnabled: false, nativeEvents: true, networkConnectionEnabled: false, pageLoadStrategy: normal, platform: XP, platformName: XP, rotatable: false, setWindowRect: true, takesHeapSnapshot: true, takesScreenshot: true, unexpectedAlertBehaviour: , unhandledPromptBehavior: , version: 62.0.3202.94, webStorageEnabled: true}
Session ID: 7c36feceae2cb5dd7b81b1ebc83caa07)

2017-11-28 18:57:37 - [TEST_STEP][PASSED] - scrollToElement: Scroll to object 'Object Repository/PrimoTours/ConfirmationPage/placeBookingButton' successfully

2017-11-28 18:57:37 - [MESSAGE][PASSED] - Scroll to object 'Object Repository/PrimoTours/ConfirmationPage/placeBookingButton' successfully

2017-11-28 18:57:37 - [TEST_STEP][FAILED] - click: Unable to click on object 'Object Repository/PrimoTours/ConfirmationPage/placeBookingButton' (Root cause: org.openqa.selenium.WebDriverException: unknown error: Element <a href="javascript:;" class="btn btn-success col-xs-12 step defaultButton disabledElement" data-validator="options" data-loader="true" id="placeBookingButton" data-bind="css: tourpaq.bookingEngine.confirmation.nextStepButtonStyle">...</a> is not clickable at point (1337, 729). Other element would receive the click: <div class="col-xs-12 col-md-4 col-md-offset-4 pull-right">...</div>
  (Session info: chrome=62.0.3202.94)
  (Driver info: chromedriver=2.33.506120 (e3e53437346286c0bc2d2dc9aa4915ba81d9023f),platform=Windows NT 6.3.9600 x86_64) (WARNING: The server did not provide any stacktrace information)
Command duration or timeout: 0 milliseconds
Build info: version: '3.7.1', revision: '8a0099a', time: '2017-11-06T21:07:36.161Z'
System info: host: 'NEACSUNEW-PC', ip: '10.10.10.211', os.name: 'Windows 8.1', os.arch: 'amd64', os.version: '6.3', java.version: '1.8.0_102'
Driver info: com.kms.katalon.selenium.driver.CChromeDriver
Capabilities {acceptSslCerts: true, applicationCacheEnabled: false, browserConnectionEnabled: false, browserName: chrome, chrome: {chromedriverVersion: 2.33.506120 (e3e53437346286..., userDataDir: C:\Users\Cornel\AppData\Loc...}, cssSelectorsEnabled: true, databaseEnabled: false, handlesAlerts: true, hasTouchScreen: false, javascriptEnabled: true, locationContextEnabled: true, mobileEmulationEnabled: false, nativeEvents: true, networkConnectionEnabled: false, pageLoadStrategy: normal, platform: XP, platformName: XP, rotatable: false, setWindowRect: true, takesHeapSnapshot: true, takesScreenshot: true, unexpectedAlertBehaviour: , unhandledPromptBehavior: , version: 62.0.3202.94, webStorageEnabled: true}
Session ID: 7c36feceae2cb5dd7b81b1ebc83caa07)

2017-11-28 18:57:38 - [MESSAGE][FAILED] - Unable to click on object 'Object Repository/PrimoTours/ConfirmationPage/placeBookingButton' (Root cause: org.openqa.selenium.WebDriverException: unknown error: Element <a href="javascript:;" class="btn btn-success col-xs-12 step defaultButton disabledElement" data-validator="options" data-loader="true" id="placeBookingButton" data-bind="css: tourpaq.bookingEngine.confirmation.nextStepButtonStyle">...</a> is not clickable at point (1337, 729). Other element would receive the click: <div class="col-xs-12 col-md-4 col-md-offset-4 pull-right">...</div>
  (Session info: chrome=62.0.3202.94)
  (Driver info: chromedriver=2.33.506120 (e3e53437346286c0bc2d2dc9aa4915ba81d9023f),platform=Windows NT 6.3.9600 x86_64) (WARNING: The server did not provide any stacktrace information)
Command duration or timeout: 0 milliseconds
Build info: version: '3.7.1', revision: '8a0099a', time: '2017-11-06T21:07:36.161Z'
System info: host: 'NEACSUNEW-PC', ip: '10.10.10.211', os.name: 'Windows 8.1', os.arch: 'amd64', os.version: '6.3', java.version: '1.8.0_102'
Driver info: com.kms.katalon.selenium.driver.CChromeDriver
Capabilities {acceptSslCerts: true, applicationCacheEnabled: false, browserConnectionEnabled: false, browserName: chrome, chrome: {chromedriverVersion: 2.33.506120 (e3e53437346286..., userDataDir: C:\Users\Cornel\AppData\Loc...}, cssSelectorsEnabled: true, databaseEnabled: false, handlesAlerts: true, hasTouchScreen: false, javascriptEnabled: true, locationContextEnabled: true, mobileEmulationEnabled: false, nativeEvents: true, networkConnectionEnabled: false, pageLoadStrategy: normal, platform: XP, platformName: XP, rotatable: false, setWindowRect: true, takesHeapSnapshot: true, takesScreenshot: true, unexpectedAlertBehaviour: , unhandledPromptBehavior: , version: 62.0.3202.94, webStorageEnabled: true}
Session ID: 7c36feceae2cb5dd7b81b1ebc83caa07)
[[ATTACHMENT|D:\\Software testing\\Tourpaq\\Automated Katalon tests\\Primo WB test\\Reports\\WB Primo From Excel URLs\\20171128_185633\\1511888257716.png]]]]></system-out>
         <system-err><![CDATA[2017-11-28 18:57:21 - [TEST_CASE][FAILED] - Test Cases/PrimoTours/WB Primo/WB Primo staging - place booking - Iteration 2: Test Cases/PrimoTours/WB Primo/WB Primo staging - place booking FAILED because (of) Unable to click on object 'Object Repository/PrimoTours/ConfirmationPage/placeBookingButton' (Root cause: org.openqa.selenium.WebDriverException: unknown error: Element <a href="javascript:;" class="btn btn-success col-xs-12 step defaultButton disabledElement" data-validator="options" data-loader="true" id="placeBookingButton" data-bind="css: tourpaq.bookingEngine.confirmation.nextStepButtonStyle">...</a> is not clickable at point (1337, 729). Other element would receive the click: <div class="col-xs-12 col-md-4 col-md-offset-4 pull-right">...</div>
  (Session info: chrome=62.0.3202.94)
  (Driver info: chromedriver=2.33.506120 (e3e53437346286c0bc2d2dc9aa4915ba81d9023f),platform=Windows NT 6.3.9600 x86_64) (WARNING: The server did not provide any stacktrace information)
Command duration or timeout: 0 milliseconds
Build info: version: '3.7.1', revision: '8a0099a', time: '2017-11-06T21:07:36.161Z'
System info: host: 'NEACSUNEW-PC', ip: '10.10.10.211', os.name: 'Windows 8.1', os.arch: 'amd64', os.version: '6.3', java.version: '1.8.0_102'
Driver info: com.kms.katalon.selenium.driver.CChromeDriver
Capabilities {acceptSslCerts: true, applicationCacheEnabled: false, browserConnectionEnabled: false, browserName: chrome, chrome: {chromedriverVersion: 2.33.506120 (e3e53437346286..., userDataDir: C:\Users\Cornel\AppData\Loc...}, cssSelectorsEnabled: true, databaseEnabled: false, handlesAlerts: true, hasTouchScreen: false, javascriptEnabled: true, locationContextEnabled: true, mobileEmulationEnabled: false, nativeEvents: true, networkConnectionEnabled: false, pageLoadStrategy: normal, platform: XP, platformName: XP, rotatable: false, setWindowRect: true, takesHeapSnapshot: true, takesScreenshot: true, unexpectedAlertBehaviour: , unhandledPromptBehavior: , version: 62.0.3202.94, webStorageEnabled: true}
Session ID: 7c36feceae2cb5dd7b81b1ebc83caa07)]]></system-err>
      </testcase>
      <testcase name="Test Cases/PrimoTours/WB Primo/WB Primo staging - place booking - Iteration 3" classname="Test Cases/PrimoTours/WB Primo/WB Primo staging - place booking" status="FAILED">
         <failure type="FAILED" message="Test Cases/PrimoTours/WB Primo/WB Primo staging - place booking FAILED because (of) Unable to click on object 'Object Repository/PrimoTours/Old Objects/ThankYouPage/printTicketSpan' (Root cause: org.openqa.selenium.WebDriverException: unknown error: Element &lt;span id=&quot;printTicketSpan&quot; data-bind=&quot;text: tourpaq.bookingEngine.languageStaticResources.PrintReceipt&quot;>...&lt;/span> is not clickable at point (508, 319). Other element would receive the click: &lt;div class=&quot;se-pre-con&quot; id=&quot;booking-overlay&quot; style=&quot;opacity: 0.177271;&quot;>&lt;/div>
  (Session info: chrome=62.0.3202.94)
  (Driver info: chromedriver=2.33.506120 (e3e53437346286c0bc2d2dc9aa4915ba81d9023f),platform=Windows NT 6.3.9600 x86_64) (WARNING: The server did not provide any stacktrace information)
Command duration or timeout: 0 milliseconds
Build info: version: '3.7.1', revision: '8a0099a', time: '2017-11-06T21:07:36.161Z'
System info: host: 'NEACSUNEW-PC', ip: '10.10.10.211', os.name: 'Windows 8.1', os.arch: 'amd64', os.version: '6.3', java.version: '1.8.0_102'
Driver info: com.kms.katalon.selenium.driver.CChromeDriver
Capabilities {acceptSslCerts: true, applicationCacheEnabled: false, browserConnectionEnabled: false, browserName: chrome, chrome: {chromedriverVersion: 2.33.506120 (e3e53437346286..., userDataDir: C:\Users\Cornel\AppData\Loc...}, cssSelectorsEnabled: true, databaseEnabled: false, handlesAlerts: true, hasTouchScreen: false, javascriptEnabled: true, locationContextEnabled: true, mobileEmulationEnabled: false, nativeEvents: true, networkConnectionEnabled: false, pageLoadStrategy: normal, platform: XP, platformName: XP, rotatable: false, setWindowRect: true, takesHeapSnapshot: true, takesScreenshot: true, unexpectedAlertBehaviour: , unhandledPromptBehavior: , version: 62.0.3202.94, webStorageEnabled: true}
Session ID: 3ae89798a6d76d6f650adcf44078fc0a)"/>
         <system-out><![CDATA[2017-11-28 18:57:38 - [TEST_CASE][FAILED] - Test Cases/PrimoTours/WB Primo/WB Primo staging - place booking - Iteration 3: Test Cases/PrimoTours/WB Primo/WB Primo staging - place booking FAILED because (of) Unable to click on object 'Object Repository/PrimoTours/Old Objects/ThankYouPage/printTicketSpan' (Root cause: org.openqa.selenium.WebDriverException: unknown error: Element <span id="printTicketSpan" data-bind="text: tourpaq.bookingEngine.languageStaticResources.PrintReceipt">...</span> is not clickable at point (508, 319). Other element would receive the click: <div class="se-pre-con" id="booking-overlay" style="opacity: 0.177271;"></div>
  (Session info: chrome=62.0.3202.94)
  (Driver info: chromedriver=2.33.506120 (e3e53437346286c0bc2d2dc9aa4915ba81d9023f),platform=Windows NT 6.3.9600 x86_64) (WARNING: The server did not provide any stacktrace information)
Command duration or timeout: 0 milliseconds
Build info: version: '3.7.1', revision: '8a0099a', time: '2017-11-06T21:07:36.161Z'
System info: host: 'NEACSUNEW-PC', ip: '10.10.10.211', os.name: 'Windows 8.1', os.arch: 'amd64', os.version: '6.3', java.version: '1.8.0_102'
Driver info: com.kms.katalon.selenium.driver.CChromeDriver
Capabilities {acceptSslCerts: true, applicationCacheEnabled: false, browserConnectionEnabled: false, browserName: chrome, chrome: {chromedriverVersion: 2.33.506120 (e3e53437346286..., userDataDir: C:\Users\Cornel\AppData\Loc...}, cssSelectorsEnabled: true, databaseEnabled: false, handlesAlerts: true, hasTouchScreen: false, javascriptEnabled: true, locationContextEnabled: true, mobileEmulationEnabled: false, nativeEvents: true, networkConnectionEnabled: false, pageLoadStrategy: normal, platform: XP, platformName: XP, rotatable: false, setWindowRect: true, takesHeapSnapshot: true, takesScreenshot: true, unexpectedAlertBehaviour: , unhandledPromptBehavior: , version: 62.0.3202.94, webStorageEnabled: true}
Session ID: 3ae89798a6d76d6f650adcf44078fc0a)

2017-11-28 18:57:38 - [TEST_STEP][PASSED] - openBrowser: Browser is opened with url: ''

2017-11-28 18:57:38 - [MESSAGE][WARNING] - A browser is already opened. Closing browser and opening a new one

2017-11-28 18:57:41 - [MESSAGE][PASSED] - Browser is opened with url: ''

2017-11-28 18:57:41 - [TEST_STEP][PASSED] - maximizeWindow: Current window maximized

2017-11-28 18:57:42 - [MESSAGE][PASSED] - Current window maximized

2017-11-28 18:57:42 - [TEST_STEP][PASSED] - navigateToUrl: Navigate to 'https://staging-primotours-webbooking.tourpaq.com/DoBooking.aspx?pltaID=1480269&p=1&rno=1&pt=2&a=2&c=2&aa=&ca=1%2C5' successfully

2017-11-28 18:57:44 - [MESSAGE][PASSED] - Navigate to 'https://staging-primotours-webbooking.tourpaq.com/DoBooking.aspx?pltaID=1480269&p=1&rno=1&pt=2&a=2&c=2&aa=&ca=1%2C5' successfully

2017-11-28 18:57:44 - [TEST_STEP][PASSED] - setText: Text 'Pedersen AUT' is set on object 'Object Repository/PrimoTours/Old Objects/Coco/PrimoT/Page_Primo Tours  Danmarks bedste c/input_firstName'

2017-11-28 18:57:45 - [MESSAGE][PASSED] - Text 'Pedersen AUT' is set on object 'Object Repository/PrimoTours/Old Objects/Coco/PrimoT/Page_Primo Tours  Danmarks bedste c/input_firstName'

2017-11-28 18:57:45 - [TEST_STEP][PASSED] - setText: Text 'Vibe Dalby' is set on object 'Object Repository/PrimoTours/Old Objects/Coco/PrimoT/Page_Primo Tours  Danmarks bedste c/input_lastName'

2017-11-28 18:57:45 - [MESSAGE][PASSED] - Text 'Vibe Dalby' is set on object 'Object Repository/PrimoTours/Old Objects/Coco/PrimoT/Page_Primo Tours  Danmarks bedste c/input_lastName'

2017-11-28 18:57:45 - [TEST_STEP][PASSED] - setText: Text 'Home address' is set on object 'Object Repository/PrimoTours/Old Objects/Coco/PrimoT/Page_Primo Tours  Danmarks bedste c/input_customerAddress'

2017-11-28 18:57:45 - [MESSAGE][PASSED] - Text 'Home address' is set on object 'Object Repository/PrimoTours/Old Objects/Coco/PrimoT/Page_Primo Tours  Danmarks bedste c/input_customerAddress'

2017-11-28 18:57:45 - [TEST_STEP][PASSED] - setText: Text '6700' is set on object 'Object Repository/PrimoTours/Old Objects/Coco/PrimoT/Page_Primo Tours  Danmarks bedste c/input_customerPostcode'

2017-11-28 18:57:46 - [MESSAGE][PASSED] - Text '6700' is set on object 'Object Repository/PrimoTours/Old Objects/Coco/PrimoT/Page_Primo Tours  Danmarks bedste c/input_customerPostcode'

2017-11-28 18:57:46 - [TEST_STEP][PASSED] - setText: Text 'cornel.neacsu@roweb.ro' is set on object 'Object Repository/PrimoTours/Old Objects/Coco/PrimoT/Page_Primo Tours  Danmarks bedste c/input_customerEmail'

2017-11-28 18:57:46 - [MESSAGE][PASSED] - Text 'cornel.neacsu@roweb.ro' is set on object 'Object Repository/PrimoTours/Old Objects/Coco/PrimoT/Page_Primo Tours  Danmarks bedste c/input_customerEmail'

2017-11-28 18:57:46 - [TEST_STEP][PASSED] - setText: Text '12345678' is set on object 'Object Repository/PrimoTours/Old Objects/Coco/PrimoT/Page_Primo Tours  Danmarks bedste c/input_customerPhone'

2017-11-28 18:57:47 - [MESSAGE][PASSED] - Text '12345678' is set on object 'Object Repository/PrimoTours/Old Objects/Coco/PrimoT/Page_Primo Tours  Danmarks bedste c/input_customerPhone'

2017-11-28 18:57:47 - [TEST_STEP][PASSED] - Statement - excelInfo = ["fname":"", "lname":"", "pgender":"", "pday":"", "pmonth":"", "pyear":""]: null

2017-11-28 18:57:47 - [TEST_STEP][PASSED] - Statement - rawData = com.kms.katalon.core.testdata.TestDataFactory.findTestData("Data Files/WB_Primo/Passenger_details"): Reading excel file with source file 'D:\Software testing\Tourpaq\Automated Katalon tests\Primo WB test\Data Files\Primo_URLs_For_Automated_Test.xls' and sheet name 'Passenger Names'

2017-11-28 18:57:47 - [TEST_STEP][PASSED] - Statement - excelRowNo = rawData.getRowNumbers(): null

2017-11-28 18:57:47 - [TEST_STEP][PASSED] - Statement - randomPaxIndex = 1: null

2017-11-28 18:57:47 - [TEST_STEP][PASSED] - waitForElementClickable: Object 'Object Repository/PrimoTours/Old Objects/Coco/PrimoT/Page_Primo Tours  Danmarks bedste c/input_firstname-0_1' is clickable

2017-11-28 18:57:48 - [MESSAGE][PASSED] - Object 'Object Repository/PrimoTours/Old Objects/Coco/PrimoT/Page_Primo Tours  Danmarks bedste c/input_firstname-0_1' is clickable

2017-11-28 18:57:48 - [TEST_STEP][PASSED] - Statement - driver = com.kms.katalon.core.webui.driver.DriverFactory.getWebDriver(): null

2017-11-28 18:57:48 - [TEST_STEP][PASSED] - Statement - roomContainerXpath = "id("booking")/div[@class="wrapper second-bg"]/div[contains(@class,"container-mx")]/div[@class="row"]/div[@class="col-md-12 roomContainer"]": null

2017-11-28 18:57:48 - [TEST_STEP][PASSED] - Statement - roomsCount = driver.findElements(org.openqa.selenium.By.xpath(roomContainerXpath)).size(): null

2017-11-28 18:57:48 - [TEST_STEP][PASSED] - Statement - println("roomsCount=" + roomsCount): null

2017-11-28 18:57:48 - [TEST_STEP][PASSED] - Statement - For ([i = 1, i <= roomsCount, (i++)]): Text 'Mathilde' is set on object 'Object Repository/PrimoTours/Old Objects/allPaxLastNameFields'

2017-11-28 18:57:48 - [TEST_STEP][PASSED] - Statement - paxInRoomXpath = roomContainerXpath + "[" + i + "]/div[@class="row"]/div[@class="col-md-12"]/div[@class="row"]": null

2017-11-28 18:57:48 - [TEST_STEP][PASSED] - Statement - paxInRoomCount = driver.findElements(org.openqa.selenium.By.xpath(paxInRoomXpath)).size(): null

2017-11-28 18:57:48 - [TEST_STEP][PASSED] - Statement - println("paxInRoomCount=" + paxInRoomCount): null

2017-11-28 18:57:48 - [TEST_STEP][PASSED] - Statement - For ([j = 1, j <= paxInRoomCount, (j++)]): Text 'Mathilde' is set on object 'Object Repository/PrimoTours/Old Objects/allPaxLastNameFields'

2017-11-28 18:57:48 - [TEST_STEP][PASSED] - Statement - If (i == 1 & j == 1): null

2017-11-28 18:57:48 - [TEST_STEP][PASSED] - Statement - <not implemented yet for class: org.codehaus.groovy.ast.stmt.ContinueStatement>: null

2017-11-28 18:57:48 - [TEST_STEP][PASSED] - Statement - If (i == 1 & j == 1): null

2017-11-28 18:57:48 - [TEST_STEP][PASSED] - Statement - randomPaxIndex = java.lang.Math.abs(new java.util.Random().nextInt() % excelRowNo) + 1: null

2017-11-28 18:57:48 - [TEST_STEP][PASSED] - Statement - println(randomPaxIndex): null

2017-11-28 18:57:48 - [TEST_STEP][PASSED] - Statement - fname = rawData.getValue("FirstName", randomPaxIndex) + " AUT": null

2017-11-28 18:57:48 - [TEST_STEP][PASSED] - Statement - lname = rawData.getValue("LastName", randomPaxIndex): null

2017-11-28 18:57:48 - [TEST_STEP][PASSED] - Statement - pgender = rawData.getValue("Gender", randomPaxIndex): null

2017-11-28 18:57:48 - [TEST_STEP][PASSED] - Statement - pday = rawData.getValue("Day DOB", randomPaxIndex): null

2017-11-28 18:57:48 - [TEST_STEP][PASSED] - Statement - pmonth = rawData.getValue("Month DOB", randomPaxIndex): null

2017-11-28 18:57:48 - [TEST_STEP][PASSED] - Statement - pyear = rawData.getValue("Year DOB", randomPaxIndex): null

2017-11-28 18:57:48 - [TEST_STEP][PASSED] - Statement - paxDetailFields = paxInRoomXpath + "[" + j + "]/div[@class="col-md-x col-md-9"]/div[@class="row paxContainer"]/div[@class="col-md-5"]": null

2017-11-28 18:57:48 - [TEST_STEP][PASSED] - Statement - xpathval = paxDetailFields + "[1]/div[contains(@class,"form-group")]/input[@class="form-control paxFirstName"]": null

2017-11-28 18:57:48 - [TEST_STEP][PASSED] - Statement - println("fn: " + xpathval): null

2017-11-28 18:57:48 - [TEST_STEP][PASSED] - Statement - repObj = com.kms.katalon.core.testobject.ObjectRepository.findTestObject(Object Repository/PrimoTours/Old Objects/allPaxFirstNameFields): Finding Test Object with id 'Object Repository/PrimoTours/Old Objects/allPaxFirstNameFields'

2017-11-28 18:57:48 - [TEST_STEP][PASSED] - Statement - repObj.findProperty("xpath").setValue(xpathval): null

2017-11-28 18:57:48 - [TEST_STEP][PASSED] - setText: Text 'Olsen AUT' is set on object 'Object Repository/PrimoTours/Old Objects/allPaxFirstNameFields'

2017-11-28 18:57:48 - [MESSAGE][PASSED] - Text 'Olsen AUT' is set on object 'Object Repository/PrimoTours/Old Objects/allPaxFirstNameFields'

2017-11-28 18:57:48 - [TEST_STEP][PASSED] - Statement - xpathval = paxDetailFields + "[2]/div[contains(@class,"form-group")]/input[@class="form-control paxLastName"]": null

2017-11-28 18:57:48 - [TEST_STEP][PASSED] - Statement - println("ln: " + xpathval): null

2017-11-28 18:57:48 - [TEST_STEP][PASSED] - Statement - repObj = com.kms.katalon.core.testobject.ObjectRepository.findTestObject(Object Repository/PrimoTours/Old Objects/allPaxLastNameFields): Finding Test Object with id 'Object Repository/PrimoTours/Old Objects/allPaxLastNameFields'

2017-11-28 18:57:48 - [TEST_STEP][PASSED] - Statement - repObj.findProperty("xpath").setValue(xpathval): null

2017-11-28 18:57:48 - [TEST_STEP][PASSED] - setText: Text 'Ingeborg Buhr' is set on object 'Object Repository/PrimoTours/Old Objects/allPaxLastNameFields'

2017-11-28 18:57:48 - [MESSAGE][PASSED] - Text 'Ingeborg Buhr' is set on object 'Object Repository/PrimoTours/Old Objects/allPaxLastNameFields'

2017-11-28 18:57:48 - [TEST_STEP][PASSED] - Statement - If (i == 1 & j == 1): null

2017-11-28 18:57:48 - [TEST_STEP][PASSED] - Statement - randomPaxIndex = java.lang.Math.abs(new java.util.Random().nextInt() % excelRowNo) + 1: null

2017-11-28 18:57:48 - [TEST_STEP][PASSED] - Statement - println(randomPaxIndex): null

2017-11-28 18:57:48 - [TEST_STEP][PASSED] - Statement - fname = rawData.getValue("FirstName", randomPaxIndex) + " AUT": null

2017-11-28 18:57:48 - [TEST_STEP][PASSED] - Statement - lname = rawData.getValue("LastName", randomPaxIndex): null

2017-11-28 18:57:48 - [TEST_STEP][PASSED] - Statement - pgender = rawData.getValue("Gender", randomPaxIndex): null

2017-11-28 18:57:48 - [TEST_STEP][PASSED] - Statement - pday = rawData.getValue("Day DOB", randomPaxIndex): null

2017-11-28 18:57:48 - [TEST_STEP][PASSED] - Statement - pmonth = rawData.getValue("Month DOB", randomPaxIndex): null

2017-11-28 18:57:48 - [TEST_STEP][PASSED] - Statement - pyear = rawData.getValue("Year DOB", randomPaxIndex): null

2017-11-28 18:57:48 - [TEST_STEP][PASSED] - Statement - paxDetailFields = paxInRoomXpath + "[" + j + "]/div[@class="col-md-x col-md-9"]/div[@class="row paxContainer"]/div[@class="col-md-5"]": null

2017-11-28 18:57:48 - [TEST_STEP][PASSED] - Statement - xpathval = paxDetailFields + "[1]/div[contains(@class,"form-group")]/input[@class="form-control paxFirstName"]": null

2017-11-28 18:57:48 - [TEST_STEP][PASSED] - Statement - println("fn: " + xpathval): null

2017-11-28 18:57:48 - [TEST_STEP][PASSED] - Statement - repObj = com.kms.katalon.core.testobject.ObjectRepository.findTestObject(Object Repository/PrimoTours/Old Objects/allPaxFirstNameFields): Finding Test Object with id 'Object Repository/PrimoTours/Old Objects/allPaxFirstNameFields'

2017-11-28 18:57:48 - [TEST_STEP][PASSED] - Statement - repObj.findProperty("xpath").setValue(xpathval): null

2017-11-28 18:57:48 - [TEST_STEP][PASSED] - setText: Text 'Køhler AUT' is set on object 'Object Repository/PrimoTours/Old Objects/allPaxFirstNameFields'

2017-11-28 18:57:49 - [MESSAGE][PASSED] - Text 'Køhler AUT' is set on object 'Object Repository/PrimoTours/Old Objects/allPaxFirstNameFields'

2017-11-28 18:57:49 - [TEST_STEP][PASSED] - Statement - xpathval = paxDetailFields + "[2]/div[contains(@class,"form-group")]/input[@class="form-control paxLastName"]": null

2017-11-28 18:57:49 - [TEST_STEP][PASSED] - Statement - println("ln: " + xpathval): null

2017-11-28 18:57:49 - [TEST_STEP][PASSED] - Statement - repObj = com.kms.katalon.core.testobject.ObjectRepository.findTestObject(Object Repository/PrimoTours/Old Objects/allPaxLastNameFields): Finding Test Object with id 'Object Repository/PrimoTours/Old Objects/allPaxLastNameFields'

2017-11-28 18:57:49 - [TEST_STEP][PASSED] - Statement - repObj.findProperty("xpath").setValue(xpathval): null

2017-11-28 18:57:49 - [TEST_STEP][PASSED] - setText: Text 'Lene' is set on object 'Object Repository/PrimoTours/Old Objects/allPaxLastNameFields'

2017-11-28 18:57:49 - [MESSAGE][PASSED] - Text 'Lene' is set on object 'Object Repository/PrimoTours/Old Objects/allPaxLastNameFields'

2017-11-28 18:57:49 - [TEST_STEP][PASSED] - Statement - If (i == 1 & j == 1): null

2017-11-28 18:57:49 - [TEST_STEP][PASSED] - Statement - randomPaxIndex = java.lang.Math.abs(new java.util.Random().nextInt() % excelRowNo) + 1: null

2017-11-28 18:57:49 - [TEST_STEP][PASSED] - Statement - println(randomPaxIndex): null

2017-11-28 18:57:49 - [TEST_STEP][PASSED] - Statement - fname = rawData.getValue("FirstName", randomPaxIndex) + " AUT": null

2017-11-28 18:57:49 - [TEST_STEP][PASSED] - Statement - lname = rawData.getValue("LastName", randomPaxIndex): null

2017-11-28 18:57:49 - [TEST_STEP][PASSED] - Statement - pgender = rawData.getValue("Gender", randomPaxIndex): null

2017-11-28 18:57:49 - [TEST_STEP][PASSED] - Statement - pday = rawData.getValue("Day DOB", randomPaxIndex): null

2017-11-28 18:57:49 - [TEST_STEP][PASSED] - Statement - pmonth = rawData.getValue("Month DOB", randomPaxIndex): null

2017-11-28 18:57:49 - [TEST_STEP][PASSED] - Statement - pyear = rawData.getValue("Year DOB", randomPaxIndex): null

2017-11-28 18:57:49 - [TEST_STEP][PASSED] - Statement - paxDetailFields = paxInRoomXpath + "[" + j + "]/div[@class="col-md-x col-md-9"]/div[@class="row paxContainer"]/div[@class="col-md-5"]": null

2017-11-28 18:57:49 - [TEST_STEP][PASSED] - Statement - xpathval = paxDetailFields + "[1]/div[contains(@class,"form-group")]/input[@class="form-control paxFirstName"]": null

2017-11-28 18:57:49 - [TEST_STEP][PASSED] - Statement - println("fn: " + xpathval): null

2017-11-28 18:57:49 - [TEST_STEP][PASSED] - Statement - repObj = com.kms.katalon.core.testobject.ObjectRepository.findTestObject(Object Repository/PrimoTours/Old Objects/allPaxFirstNameFields): Finding Test Object with id 'Object Repository/PrimoTours/Old Objects/allPaxFirstNameFields'

2017-11-28 18:57:49 - [TEST_STEP][PASSED] - Statement - repObj.findProperty("xpath").setValue(xpathval): null

2017-11-28 18:57:49 - [TEST_STEP][PASSED] - setText: Text 'Grønning Nielsen AUT' is set on object 'Object Repository/PrimoTours/Old Objects/allPaxFirstNameFields'

2017-11-28 18:57:49 - [MESSAGE][PASSED] - Text 'Grønning Nielsen AUT' is set on object 'Object Repository/PrimoTours/Old Objects/allPaxFirstNameFields'

2017-11-28 18:57:49 - [TEST_STEP][PASSED] - Statement - xpathval = paxDetailFields + "[2]/div[contains(@class,"form-group")]/input[@class="form-control paxLastName"]": null

2017-11-28 18:57:49 - [TEST_STEP][PASSED] - Statement - println("ln: " + xpathval): null

2017-11-28 18:57:49 - [TEST_STEP][PASSED] - Statement - repObj = com.kms.katalon.core.testobject.ObjectRepository.findTestObject(Object Repository/PrimoTours/Old Objects/allPaxLastNameFields): Finding Test Object with id 'Object Repository/PrimoTours/Old Objects/allPaxLastNameFields'

2017-11-28 18:57:49 - [TEST_STEP][PASSED] - Statement - repObj.findProperty("xpath").setValue(xpathval): null

2017-11-28 18:57:49 - [TEST_STEP][PASSED] - setText: Text 'Mathilde' is set on object 'Object Repository/PrimoTours/Old Objects/allPaxLastNameFields'

2017-11-28 18:57:49 - [MESSAGE][PASSED] - Text 'Mathilde' is set on object 'Object Repository/PrimoTours/Old Objects/allPaxLastNameFields'

2017-11-28 18:57:49 - [TEST_STEP][PASSED] - scrollToElement: Scroll to object 'Object Repository/PrimoTours/Old Objects/Coco (1)/PrimoT/SaveBooking2/Success/bookingTotalValue' successfully

2017-11-28 18:57:49 - [MESSAGE][PASSED] - Scroll to object 'Object Repository/PrimoTours/Old Objects/Coco (1)/PrimoT/SaveBooking2/Success/bookingTotalValue' successfully

2017-11-28 18:57:49 - [TEST_STEP][PASSED] - click: Object: 'Object Repository/PrimoTours/Old Objects/Coco (1)/PrimoT/SaveBooking2/Success/bookingTotalValue' is clicked on

2017-11-28 18:57:49 - [MESSAGE][PASSED] - Object: 'Object Repository/PrimoTours/Old Objects/Coco (1)/PrimoT/SaveBooking2/Success/bookingTotalValue' is clicked on

2017-11-28 18:57:49 - [TEST_STEP][PASSED] - scrollToElement: Scroll to object 'Object Repository/PrimoTours/Old Objects/Coco (1)/PrimoT/SaveBooking2/Success/Page_Primo Tours  Danmarks bedste c/i_fa fa-arrow-circle-right' successfully

2017-11-28 18:57:50 - [MESSAGE][PASSED] - Scroll to object 'Object Repository/PrimoTours/Old Objects/Coco (1)/PrimoT/SaveBooking2/Success/Page_Primo Tours  Danmarks bedste c/i_fa fa-arrow-circle-right' successfully

2017-11-28 18:57:50 - [TEST_STEP][PASSED] - waitForElementClickable: Object 'Object Repository/PrimoTours/Old Objects/Coco (1)/PrimoT/SaveBooking2/Success/Page_Primo Tours  Danmarks bedste c/i_fa fa-arrow-circle-right' is clickable

2017-11-28 18:57:50 - [MESSAGE][PASSED] - Object 'Object Repository/PrimoTours/Old Objects/Coco (1)/PrimoT/SaveBooking2/Success/Page_Primo Tours  Danmarks bedste c/i_fa fa-arrow-circle-right' is clickable

2017-11-28 18:57:50 - [TEST_STEP][PASSED] - waitForElementVisible: Object 'Object Repository/PrimoTours/Old Objects/Coco (1)/PrimoT/SaveBooking2/Success/Page_Primo Tours  Danmarks bedste c/i_fa fa-arrow-circle-right' is visible

2017-11-28 18:57:50 - [MESSAGE][PASSED] - Object 'Object Repository/PrimoTours/Old Objects/Coco (1)/PrimoT/SaveBooking2/Success/Page_Primo Tours  Danmarks bedste c/i_fa fa-arrow-circle-right' is visible

2017-11-28 18:57:50 - [TEST_STEP][PASSED] - scrollToElement: Scroll to object 'Object Repository/PrimoTours/Old Objects/Coco (1)/PrimoT/SaveBooking2/Success/Page_Primo Tours  Danmarks bedste c/i_fa fa-arrow-circle-right' successfully

2017-11-28 18:57:50 - [MESSAGE][PASSED] - Scroll to object 'Object Repository/PrimoTours/Old Objects/Coco (1)/PrimoT/SaveBooking2/Success/Page_Primo Tours  Danmarks bedste c/i_fa fa-arrow-circle-right' successfully

2017-11-28 18:57:50 - [TEST_STEP][PASSED] - click: Object: 'Object Repository/PrimoTours/Old Objects/Coco (1)/PrimoT/SaveBooking2/Success/Page_Primo Tours  Danmarks bedste c/i_fa fa-arrow-circle-right' is clicked on

2017-11-28 18:57:50 - [MESSAGE][PASSED] - Object: 'Object Repository/PrimoTours/Old Objects/Coco (1)/PrimoT/SaveBooking2/Success/Page_Primo Tours  Danmarks bedste c/i_fa fa-arrow-circle-right' is clicked on

2017-11-28 18:57:50 - [TEST_STEP][PASSED] - delay: Delayed 1 second(s)

2017-11-28 18:57:51 - [MESSAGE][PASSED] - Delayed 1 second(s)

2017-11-28 18:57:51 - [TEST_STEP][PASSED] - waitForElementNotVisible: Object 'Object Repository/PrimoTours/Old Objects/CCenter/pageLoaderOverlayLayer' is NOT visible

2017-11-28 18:57:51 - [MESSAGE][PASSED] - Object 'Object Repository/PrimoTours/Old Objects/CCenter/pageLoaderOverlayLayer' is NOT visible

2017-11-28 18:57:51 - [TEST_STEP][PASSED] - scrollToElement: Scroll to object 'Object Repository/PrimoTours/Old Objects/Coco/PrimoT/Ins2/Page_Primo Tours  Danmarks bedste c/travelInsuranceFirstPaxSelector' successfully

2017-11-28 18:57:51 - [MESSAGE][PASSED] - Scroll to object 'Object Repository/PrimoTours/Old Objects/Coco/PrimoT/Ins2/Page_Primo Tours  Danmarks bedste c/travelInsuranceFirstPaxSelector' successfully

2017-11-28 18:57:51 - [TEST_STEP][PASSED] - waitForElementPresent: Object 'Object Repository/PrimoTours/Old Objects/Coco/PrimoT/Ins2/Page_Primo Tours  Danmarks bedste c/travelInsuranceFirstPaxSelector' is present

2017-11-28 18:57:51 - [MESSAGE][PASSED] - Object 'Object Repository/PrimoTours/Old Objects/Coco/PrimoT/Ins2/Page_Primo Tours  Danmarks bedste c/travelInsuranceFirstPaxSelector' is present

2017-11-28 18:57:51 - [TEST_STEP][PASSED] - waitForElementVisible: Object 'Object Repository/PrimoTours/Old Objects/Coco/PrimoT/Ins2/Page_Primo Tours  Danmarks bedste c/travelInsuranceFirstPaxSelector' is visible

2017-11-28 18:57:51 - [MESSAGE][PASSED] - Object 'Object Repository/PrimoTours/Old Objects/Coco/PrimoT/Ins2/Page_Primo Tours  Danmarks bedste c/travelInsuranceFirstPaxSelector' is visible

2017-11-28 18:57:51 - [TEST_STEP][PASSED] - waitForElementClickable: Object 'Object Repository/PrimoTours/Old Objects/Coco/PrimoT/Ins2/Page_Primo Tours  Danmarks bedste c/travelInsuranceFirstPaxSelector' is clickable

2017-11-28 18:57:51 - [MESSAGE][PASSED] - Object 'Object Repository/PrimoTours/Old Objects/Coco/PrimoT/Ins2/Page_Primo Tours  Danmarks bedste c/travelInsuranceFirstPaxSelector' is clickable

2017-11-28 18:57:51 - [TEST_STEP][PASSED] - click: Object: 'Object Repository/PrimoTours/Old Objects/Coco/PrimoT/Ins2/Page_Primo Tours  Danmarks bedste c/travelInsuranceFirstPaxSelector' is clicked on

2017-11-28 18:57:51 - [MESSAGE][PASSED] - Object: 'Object Repository/PrimoTours/Old Objects/Coco/PrimoT/Ins2/Page_Primo Tours  Danmarks bedste c/travelInsuranceFirstPaxSelector' is clicked on

2017-11-28 18:57:51 - [TEST_STEP][PASSED] - click: Object: 'Object Repository/PrimoTours/Old Objects/Coco/PrimoT/Ins2/Page_Primo Tours  Danmarks bedste c/li_Har selv forsikring - kr. 0' is clicked on

2017-11-28 18:57:51 - [MESSAGE][PASSED] - Object: 'Object Repository/PrimoTours/Old Objects/Coco/PrimoT/Ins2/Page_Primo Tours  Danmarks bedste c/li_Har selv forsikring - kr. 0' is clicked on

2017-11-28 18:57:51 - [TEST_STEP][NOT_RUN] - click: NOT_RUN: click

2017-11-28 18:57:51 - [MESSAGE][NOT_RUN] - NOT_RUN: click

2017-11-28 18:57:51 - [TEST_STEP][NOT_RUN] - scrollToElement: NOT_RUN: scrollToElement

2017-11-28 18:57:51 - [MESSAGE][NOT_RUN] - NOT_RUN: scrollToElement

2017-11-28 18:57:51 - [TEST_STEP][NOT_RUN] - click: NOT_RUN: click

2017-11-28 18:57:51 - [MESSAGE][NOT_RUN] - NOT_RUN: click

2017-11-28 18:57:51 - [TEST_STEP][PASSED] - waitForElementVisible: Object 'Object Repository/PrimoTours/Old Objects/Coco (1)/PrimoT/SaveBooking2/Page_Primo Tours  Danmarks bedste c/individualInsuranceCheckbox' is visible

2017-11-28 18:57:51 - [MESSAGE][PASSED] - Object 'Object Repository/PrimoTours/Old Objects/Coco (1)/PrimoT/SaveBooking2/Page_Primo Tours  Danmarks bedste c/individualInsuranceCheckbox' is visible

2017-11-28 18:57:51 - [TEST_STEP][PASSED] - scrollToElement: Scroll to object 'Object Repository/PrimoTours/Old Objects/Coco (1)/PrimoT/SaveBooking2/Page_Primo Tours  Danmarks bedste c/individualInsuranceCheckbox' successfully

2017-11-28 18:57:51 - [MESSAGE][PASSED] - Scroll to object 'Object Repository/PrimoTours/Old Objects/Coco (1)/PrimoT/SaveBooking2/Page_Primo Tours  Danmarks bedste c/individualInsuranceCheckbox' successfully

2017-11-28 18:57:51 - [TEST_STEP][PASSED] - click: Object: 'Object Repository/PrimoTours/Old Objects/Coco (1)/PrimoT/SaveBooking2/Page_Primo Tours  Danmarks bedste c/individualInsuranceCheckbox' is clicked on

2017-11-28 18:57:51 - [MESSAGE][PASSED] - Object: 'Object Repository/PrimoTours/Old Objects/Coco (1)/PrimoT/SaveBooking2/Page_Primo Tours  Danmarks bedste c/individualInsuranceCheckbox' is clicked on

2017-11-28 18:57:51 - [TEST_STEP][PASSED] - scrollToElement: Scroll to object 'Object Repository/PrimoTours/Old Objects/Coco (1)/PrimoT/SaveBooking2/Success/firstProdCategIndividualSelectionRadioB' successfully

2017-11-28 18:57:51 - [MESSAGE][PASSED] - Scroll to object 'Object Repository/PrimoTours/Old Objects/Coco (1)/PrimoT/SaveBooking2/Success/firstProdCategIndividualSelectionRadioB' successfully

2017-11-28 18:57:51 - [TEST_STEP][PASSED] - waitForElementClickable: Object 'Object Repository/PrimoTours/Old Objects/Coco (1)/PrimoT/SaveBooking2/Success/firstProdCategIndividualSelectionRadioB' is clickable

2017-11-28 18:57:52 - [MESSAGE][PASSED] - Object 'Object Repository/PrimoTours/Old Objects/Coco (1)/PrimoT/SaveBooking2/Success/firstProdCategIndividualSelectionRadioB' is clickable

2017-11-28 18:57:52 - [TEST_STEP][PASSED] - scrollToElement: Scroll to object 'Object Repository/PrimoTours/Old Objects/Coco (1)/PrimoT/SaveBooking2/Success/firstProdCategIndividualSelectionRadioB' successfully

2017-11-28 18:57:52 - [MESSAGE][PASSED] - Scroll to object 'Object Repository/PrimoTours/Old Objects/Coco (1)/PrimoT/SaveBooking2/Success/firstProdCategIndividualSelectionRadioB' successfully

2017-11-28 18:57:52 - [TEST_STEP][PASSED] - click: Object: 'Object Repository/PrimoTours/Old Objects/Coco (1)/PrimoT/SaveBooking2/Success/firstProdCategIndividualSelectionRadioB' is clicked on

2017-11-28 18:57:52 - [MESSAGE][PASSED] - Object: 'Object Repository/PrimoTours/Old Objects/Coco (1)/PrimoT/SaveBooking2/Success/firstProdCategIndividualSelectionRadioB' is clicked on

2017-11-28 18:57:52 - [TEST_STEP][PASSED] - scrollToElement: Scroll to object 'Object Repository/PrimoTours/Old Objects/Coco (1)/PrimoT/SaveBooking2/Success/firstProdCategSelectForAllPaxCheckbox' successfully

2017-11-28 18:57:52 - [MESSAGE][PASSED] - Scroll to object 'Object Repository/PrimoTours/Old Objects/Coco (1)/PrimoT/SaveBooking2/Success/firstProdCategSelectForAllPaxCheckbox' successfully

2017-11-28 18:57:52 - [TEST_STEP][PASSED] - waitForElementClickable: Object 'Object Repository/PrimoTours/Old Objects/Coco (1)/PrimoT/SaveBooking2/Success/firstProdCategSelectForAllPaxCheckbox' is clickable

2017-11-28 18:57:52 - [MESSAGE][PASSED] - Object 'Object Repository/PrimoTours/Old Objects/Coco (1)/PrimoT/SaveBooking2/Success/firstProdCategSelectForAllPaxCheckbox' is clickable

2017-11-28 18:57:52 - [TEST_STEP][PASSED] - click: Object: 'Object Repository/PrimoTours/Old Objects/Coco (1)/PrimoT/SaveBooking2/Success/firstProdCategSelectForAllPaxCheckbox' is clicked on

2017-11-28 18:57:53 - [MESSAGE][PASSED] - Object: 'Object Repository/PrimoTours/Old Objects/Coco (1)/PrimoT/SaveBooking2/Success/firstProdCategSelectForAllPaxCheckbox' is clicked on

2017-11-28 18:57:53 - [TEST_STEP][NOT_RUN] - scrollToElement: NOT_RUN: scrollToElement

2017-11-28 18:57:53 - [MESSAGE][NOT_RUN] - NOT_RUN: scrollToElement

2017-11-28 18:57:53 - [TEST_STEP][NOT_RUN] - scrollToElement: NOT_RUN: scrollToElement

2017-11-28 18:57:53 - [MESSAGE][NOT_RUN] - NOT_RUN: scrollToElement

2017-11-28 18:57:53 - [TEST_STEP][NOT_RUN] - click: NOT_RUN: click

2017-11-28 18:57:53 - [MESSAGE][NOT_RUN] - NOT_RUN: click

2017-11-28 18:57:53 - [TEST_STEP][PASSED] - scrollToElement: Scroll to object 'Object Repository/PrimoTours/ConfirmationPage/agreeTermsAndCondCheckbox' successfully

2017-11-28 18:57:53 - [MESSAGE][PASSED] - Scroll to object 'Object Repository/PrimoTours/ConfirmationPage/agreeTermsAndCondCheckbox' successfully

2017-11-28 18:57:53 - [TEST_STEP][PASSED] - click: Object: 'Object Repository/PrimoTours/ConfirmationPage/agreeTermsAndCondCheckbox' is clicked on

2017-11-28 18:57:53 - [MESSAGE][PASSED] - Object: 'Object Repository/PrimoTours/ConfirmationPage/agreeTermsAndCondCheckbox' is clicked on

2017-11-28 18:57:53 - [TEST_STEP][PASSED] - waitForElementClickable: Object 'Object Repository/PrimoTours/ConfirmationPage/placeBookingButton' is clickable

2017-11-28 18:57:53 - [MESSAGE][PASSED] - Object 'Object Repository/PrimoTours/ConfirmationPage/placeBookingButton' is clickable

2017-11-28 18:57:53 - [TEST_STEP][PASSED] - scrollToElement: Scroll to object 'Object Repository/PrimoTours/ConfirmationPage/placeBookingButton' successfully

2017-11-28 18:57:53 - [MESSAGE][PASSED] - Scroll to object 'Object Repository/PrimoTours/ConfirmationPage/placeBookingButton' successfully

2017-11-28 18:57:53 - [TEST_STEP][PASSED] - Statement - Try: Object: 'Object Repository/PrimoTours/ConfirmationPage/placeBookingButton' is clicked on

2017-11-28 18:57:53 - [TEST_STEP][PASSED] - click: Object: 'Object Repository/PrimoTours/ConfirmationPage/placeBookingButton' is clicked on

2017-11-28 18:57:53 - [MESSAGE][PASSED] - Object: 'Object Repository/PrimoTours/ConfirmationPage/placeBookingButton' is clicked on

2017-11-28 18:57:53 - [TEST_STEP][PASSED] - delay: Delayed 2 second(s)

2017-11-28 18:57:55 - [MESSAGE][PASSED] - Delayed 2 second(s)

2017-11-28 18:57:55 - [TEST_STEP][PASSED] - waitForPageLoad: Wait for page load successfully

2017-11-28 18:57:55 - [MESSAGE][PASSED] - Wait for page load successfully

2017-11-28 18:57:55 - [TEST_STEP][PASSED] - waitForJQueryLoad: jQuery is ready.

2017-11-28 18:57:56 - [MESSAGE][PASSED] - jQuery is ready.

2017-11-28 18:57:56 - [TEST_STEP][NOT_RUN] - waitForElementPresent: NOT_RUN: waitForElementPresent

2017-11-28 18:57:56 - [MESSAGE][NOT_RUN] - NOT_RUN: waitForElementPresent

2017-11-28 18:57:56 - [TEST_STEP][NOT_RUN] - waitForElementNotVisible: NOT_RUN: waitForElementNotVisible

2017-11-28 18:57:56 - [MESSAGE][NOT_RUN] - NOT_RUN: waitForElementNotVisible

2017-11-28 18:57:56 - [TEST_STEP][PASSED] - waitForElementPresent: Object 'Object Repository/PrimoTours/Old Objects/ThankYouPage/bookingNoContainer' is present

2017-11-28 18:58:00 - [MESSAGE][PASSED] - Object 'Object Repository/PrimoTours/Old Objects/ThankYouPage/bookingNoContainer' is present

2017-11-28 18:58:00 - [TEST_STEP][PASSED] - waitForElementClickable: Object 'Object Repository/PrimoTours/Old Objects/ThankYouPage/bookingNoContainer' is clickable

2017-11-28 18:58:00 - [MESSAGE][PASSED] - Object 'Object Repository/PrimoTours/Old Objects/ThankYouPage/bookingNoContainer' is clickable

2017-11-28 18:58:00 - [TEST_STEP][PASSED] - verifyElementVisible: Object 'Object Repository/PrimoTours/Old Objects/ThankYouPage/bookingNoContainer' is visible

2017-11-28 18:58:00 - [MESSAGE][PASSED] - Object 'Object Repository/PrimoTours/Old Objects/ThankYouPage/bookingNoContainer' is visible

2017-11-28 18:58:00 - [TEST_STEP][PASSED] - verifyElementVisible: Object 'Object Repository/PrimoTours/Old Objects/ThankYouPage/bookingTotalInfo' is visible

2017-11-28 18:58:00 - [MESSAGE][PASSED] - Object 'Object Repository/PrimoTours/Old Objects/ThankYouPage/bookingTotalInfo' is visible

2017-11-28 18:58:00 - [TEST_STEP][PASSED] - verifyElementVisible: Object 'Object Repository/PrimoTours/Old Objects/ThankYouPage/bookingTotalPriceBar' is visible

2017-11-28 18:58:00 - [MESSAGE][PASSED] - Object 'Object Repository/PrimoTours/Old Objects/ThankYouPage/bookingTotalPriceBar' is visible

2017-11-28 18:58:00 - [TEST_STEP][PASSED] - verifyElementVisible: Object 'Object Repository/PrimoTours/Old Objects/ThankYouPage/printTicketSpan' is visible

2017-11-28 18:58:01 - [MESSAGE][PASSED] - Object 'Object Repository/PrimoTours/Old Objects/ThankYouPage/printTicketSpan' is visible

2017-11-28 18:58:01 - [TEST_STEP][PASSED] - waitForElementClickable: Object 'Object Repository/PrimoTours/Old Objects/ThankYouPage/printTicketSpan' is clickable

2017-11-28 18:58:01 - [MESSAGE][PASSED] - Object 'Object Repository/PrimoTours/Old Objects/ThankYouPage/printTicketSpan' is clickable

2017-11-28 18:58:01 - [TEST_STEP][FAILED] - Statement - Try: Unable to click on object 'Object Repository/PrimoTours/Old Objects/ThankYouPage/printTicketSpan' (Root cause: org.openqa.selenium.WebDriverException: unknown error: Element <span id="printTicketSpan" data-bind="text: tourpaq.bookingEngine.languageStaticResources.PrintReceipt">...</span> is not clickable at point (508, 319). Other element would receive the click: <div class="se-pre-con" id="booking-overlay"></div>
  (Session info: chrome=62.0.3202.94)
  (Driver info: chromedriver=2.33.506120 (e3e53437346286c0bc2d2dc9aa4915ba81d9023f),platform=Windows NT 6.3.9600 x86_64) (WARNING: The server did not provide any stacktrace information)
Command duration or timeout: 0 milliseconds
Build info: version: '3.7.1', revision: '8a0099a', time: '2017-11-06T21:07:36.161Z'
System info: host: 'NEACSUNEW-PC', ip: '10.10.10.211', os.name: 'Windows 8.1', os.arch: 'amd64', os.version: '6.3', java.version: '1.8.0_102'
Driver info: com.kms.katalon.selenium.driver.CChromeDriver
Capabilities {acceptSslCerts: true, applicationCacheEnabled: false, browserConnectionEnabled: false, browserName: chrome, chrome: {chromedriverVersion: 2.33.506120 (e3e53437346286..., userDataDir: C:\Users\Cornel\AppData\Loc...}, cssSelectorsEnabled: true, databaseEnabled: false, handlesAlerts: true, hasTouchScreen: false, javascriptEnabled: true, locationContextEnabled: true, mobileEmulationEnabled: false, nativeEvents: true, networkConnectionEnabled: false, pageLoadStrategy: normal, platform: XP, platformName: XP, rotatable: false, setWindowRect: true, takesHeapSnapshot: true, takesScreenshot: true, unexpectedAlertBehaviour: , unhandledPromptBehavior: , version: 62.0.3202.94, webStorageEnabled: true}
Session ID: 3ae89798a6d76d6f650adcf44078fc0a)

2017-11-28 18:58:01 - [TEST_STEP][FAILED] - click: Unable to click on object 'Object Repository/PrimoTours/Old Objects/ThankYouPage/printTicketSpan' (Root cause: org.openqa.selenium.WebDriverException: unknown error: Element <span id="printTicketSpan" data-bind="text: tourpaq.bookingEngine.languageStaticResources.PrintReceipt">...</span> is not clickable at point (508, 319). Other element would receive the click: <div class="se-pre-con" id="booking-overlay"></div>
  (Session info: chrome=62.0.3202.94)
  (Driver info: chromedriver=2.33.506120 (e3e53437346286c0bc2d2dc9aa4915ba81d9023f),platform=Windows NT 6.3.9600 x86_64) (WARNING: The server did not provide any stacktrace information)
Command duration or timeout: 0 milliseconds
Build info: version: '3.7.1', revision: '8a0099a', time: '2017-11-06T21:07:36.161Z'
System info: host: 'NEACSUNEW-PC', ip: '10.10.10.211', os.name: 'Windows 8.1', os.arch: 'amd64', os.version: '6.3', java.version: '1.8.0_102'
Driver info: com.kms.katalon.selenium.driver.CChromeDriver
Capabilities {acceptSslCerts: true, applicationCacheEnabled: false, browserConnectionEnabled: false, browserName: chrome, chrome: {chromedriverVersion: 2.33.506120 (e3e53437346286..., userDataDir: C:\Users\Cornel\AppData\Loc...}, cssSelectorsEnabled: true, databaseEnabled: false, handlesAlerts: true, hasTouchScreen: false, javascriptEnabled: true, locationContextEnabled: true, mobileEmulationEnabled: false, nativeEvents: true, networkConnectionEnabled: false, pageLoadStrategy: normal, platform: XP, platformName: XP, rotatable: false, setWindowRect: true, takesHeapSnapshot: true, takesScreenshot: true, unexpectedAlertBehaviour: , unhandledPromptBehavior: , version: 62.0.3202.94, webStorageEnabled: true}
Session ID: 3ae89798a6d76d6f650adcf44078fc0a)

2017-11-28 18:58:01 - [MESSAGE][FAILED] - Unable to click on object 'Object Repository/PrimoTours/Old Objects/ThankYouPage/printTicketSpan' (Root cause: org.openqa.selenium.WebDriverException: unknown error: Element <span id="printTicketSpan" data-bind="text: tourpaq.bookingEngine.languageStaticResources.PrintReceipt">...</span> is not clickable at point (508, 319). Other element would receive the click: <div class="se-pre-con" id="booking-overlay"></div>
  (Session info: chrome=62.0.3202.94)
  (Driver info: chromedriver=2.33.506120 (e3e53437346286c0bc2d2dc9aa4915ba81d9023f),platform=Windows NT 6.3.9600 x86_64) (WARNING: The server did not provide any stacktrace information)
Command duration or timeout: 0 milliseconds
Build info: version: '3.7.1', revision: '8a0099a', time: '2017-11-06T21:07:36.161Z'
System info: host: 'NEACSUNEW-PC', ip: '10.10.10.211', os.name: 'Windows 8.1', os.arch: 'amd64', os.version: '6.3', java.version: '1.8.0_102'
Driver info: com.kms.katalon.selenium.driver.CChromeDriver
Capabilities {acceptSslCerts: true, applicationCacheEnabled: false, browserConnectionEnabled: false, browserName: chrome, chrome: {chromedriverVersion: 2.33.506120 (e3e53437346286..., userDataDir: C:\Users\Cornel\AppData\Loc...}, cssSelectorsEnabled: true, databaseEnabled: false, handlesAlerts: true, hasTouchScreen: false, javascriptEnabled: true, locationContextEnabled: true, mobileEmulationEnabled: false, nativeEvents: true, networkConnectionEnabled: false, pageLoadStrategy: normal, platform: XP, platformName: XP, rotatable: false, setWindowRect: true, takesHeapSnapshot: true, takesScreenshot: true, unexpectedAlertBehaviour: , unhandledPromptBehavior: , version: 62.0.3202.94, webStorageEnabled: true}
Session ID: 3ae89798a6d76d6f650adcf44078fc0a)
[[ATTACHMENT|D:\\Software testing\\Tourpaq\\Automated Katalon tests\\Primo WB test\\Reports\\WB Primo From Excel URLs\\20171128_185633\\1511888281160.png]]

2017-11-28 18:58:01 - [TEST_STEP][FAILED] - Statement - Catch (Exception e): Unable to click on object 'Object Repository/PrimoTours/Old Objects/ThankYouPage/printTicketSpan' (Root cause: org.openqa.selenium.WebDriverException: unknown error: Element <span id="printTicketSpan" data-bind="text: tourpaq.bookingEngine.languageStaticResources.PrintReceipt">...</span> is not clickable at point (508, 319). Other element would receive the click: <div class="se-pre-con" id="booking-overlay" style="opacity: 0.177271;"></div>
  (Session info: chrome=62.0.3202.94)
  (Driver info: chromedriver=2.33.506120 (e3e53437346286c0bc2d2dc9aa4915ba81d9023f),platform=Windows NT 6.3.9600 x86_64) (WARNING: The server did not provide any stacktrace information)
Command duration or timeout: 0 milliseconds
Build info: version: '3.7.1', revision: '8a0099a', time: '2017-11-06T21:07:36.161Z'
System info: host: 'NEACSUNEW-PC', ip: '10.10.10.211', os.name: 'Windows 8.1', os.arch: 'amd64', os.version: '6.3', java.version: '1.8.0_102'
Driver info: com.kms.katalon.selenium.driver.CChromeDriver
Capabilities {acceptSslCerts: true, applicationCacheEnabled: false, browserConnectionEnabled: false, browserName: chrome, chrome: {chromedriverVersion: 2.33.506120 (e3e53437346286..., userDataDir: C:\Users\Cornel\AppData\Loc...}, cssSelectorsEnabled: true, databaseEnabled: false, handlesAlerts: true, hasTouchScreen: false, javascriptEnabled: true, locationContextEnabled: true, mobileEmulationEnabled: false, nativeEvents: true, networkConnectionEnabled: false, pageLoadStrategy: normal, platform: XP, platformName: XP, rotatable: false, setWindowRect: true, takesHeapSnapshot: true, takesScreenshot: true, unexpectedAlertBehaviour: , unhandledPromptBehavior: , version: 62.0.3202.94, webStorageEnabled: true}
Session ID: 3ae89798a6d76d6f650adcf44078fc0a)

2017-11-28 18:58:01 - [TEST_STEP][FAILED] - click: Unable to click on object 'Object Repository/PrimoTours/Old Objects/ThankYouPage/printTicketSpan' (Root cause: org.openqa.selenium.WebDriverException: unknown error: Element <span id="printTicketSpan" data-bind="text: tourpaq.bookingEngine.languageStaticResources.PrintReceipt">...</span> is not clickable at point (508, 319). Other element would receive the click: <div class="se-pre-con" id="booking-overlay" style="opacity: 0.177271;"></div>
  (Session info: chrome=62.0.3202.94)
  (Driver info: chromedriver=2.33.506120 (e3e53437346286c0bc2d2dc9aa4915ba81d9023f),platform=Windows NT 6.3.9600 x86_64) (WARNING: The server did not provide any stacktrace information)
Command duration or timeout: 0 milliseconds
Build info: version: '3.7.1', revision: '8a0099a', time: '2017-11-06T21:07:36.161Z'
System info: host: 'NEACSUNEW-PC', ip: '10.10.10.211', os.name: 'Windows 8.1', os.arch: 'amd64', os.version: '6.3', java.version: '1.8.0_102'
Driver info: com.kms.katalon.selenium.driver.CChromeDriver
Capabilities {acceptSslCerts: true, applicationCacheEnabled: false, browserConnectionEnabled: false, browserName: chrome, chrome: {chromedriverVersion: 2.33.506120 (e3e53437346286..., userDataDir: C:\Users\Cornel\AppData\Loc...}, cssSelectorsEnabled: true, databaseEnabled: false, handlesAlerts: true, hasTouchScreen: false, javascriptEnabled: true, locationContextEnabled: true, mobileEmulationEnabled: false, nativeEvents: true, networkConnectionEnabled: false, pageLoadStrategy: normal, platform: XP, platformName: XP, rotatable: false, setWindowRect: true, takesHeapSnapshot: true, takesScreenshot: true, unexpectedAlertBehaviour: , unhandledPromptBehavior: , version: 62.0.3202.94, webStorageEnabled: true}
Session ID: 3ae89798a6d76d6f650adcf44078fc0a)

2017-11-28 18:58:02 - [MESSAGE][FAILED] - Unable to click on object 'Object Repository/PrimoTours/Old Objects/ThankYouPage/printTicketSpan' (Root cause: org.openqa.selenium.WebDriverException: unknown error: Element <span id="printTicketSpan" data-bind="text: tourpaq.bookingEngine.languageStaticResources.PrintReceipt">...</span> is not clickable at point (508, 319). Other element would receive the click: <div class="se-pre-con" id="booking-overlay" style="opacity: 0.177271;"></div>
  (Session info: chrome=62.0.3202.94)
  (Driver info: chromedriver=2.33.506120 (e3e53437346286c0bc2d2dc9aa4915ba81d9023f),platform=Windows NT 6.3.9600 x86_64) (WARNING: The server did not provide any stacktrace information)
Command duration or timeout: 0 milliseconds
Build info: version: '3.7.1', revision: '8a0099a', time: '2017-11-06T21:07:36.161Z'
System info: host: 'NEACSUNEW-PC', ip: '10.10.10.211', os.name: 'Windows 8.1', os.arch: 'amd64', os.version: '6.3', java.version: '1.8.0_102'
Driver info: com.kms.katalon.selenium.driver.CChromeDriver
Capabilities {acceptSslCerts: true, applicationCacheEnabled: false, browserConnectionEnabled: false, browserName: chrome, chrome: {chromedriverVersion: 2.33.506120 (e3e53437346286..., userDataDir: C:\Users\Cornel\AppData\Loc...}, cssSelectorsEnabled: true, databaseEnabled: false, handlesAlerts: true, hasTouchScreen: false, javascriptEnabled: true, locationContextEnabled: true, mobileEmulationEnabled: false, nativeEvents: true, networkConnectionEnabled: false, pageLoadStrategy: normal, platform: XP, platformName: XP, rotatable: false, setWindowRect: true, takesHeapSnapshot: true, takesScreenshot: true, unexpectedAlertBehaviour: , unhandledPromptBehavior: , version: 62.0.3202.94, webStorageEnabled: true}
Session ID: 3ae89798a6d76d6f650adcf44078fc0a)
[[ATTACHMENT|D:\\Software testing\\Tourpaq\\Automated Katalon tests\\Primo WB test\\Reports\\WB Primo From Excel URLs\\20171128_185633\\1511888281719.png]]]]></system-out>
         <system-err><![CDATA[2017-11-28 18:57:38 - [TEST_CASE][FAILED] - Test Cases/PrimoTours/WB Primo/WB Primo staging - place booking - Iteration 3: Test Cases/PrimoTours/WB Primo/WB Primo staging - place booking FAILED because (of) Unable to click on object 'Object Repository/PrimoTours/Old Objects/ThankYouPage/printTicketSpan' (Root cause: org.openqa.selenium.WebDriverException: unknown error: Element <span id="printTicketSpan" data-bind="text: tourpaq.bookingEngine.languageStaticResources.PrintReceipt">...</span> is not clickable at point (508, 319). Other element would receive the click: <div class="se-pre-con" id="booking-overlay" style="opacity: 0.177271;"></div>
  (Session info: chrome=62.0.3202.94)
  (Driver info: chromedriver=2.33.506120 (e3e53437346286c0bc2d2dc9aa4915ba81d9023f),platform=Windows NT 6.3.9600 x86_64) (WARNING: The server did not provide any stacktrace information)
Command duration or timeout: 0 milliseconds
Build info: version: '3.7.1', revision: '8a0099a', time: '2017-11-06T21:07:36.161Z'
System info: host: 'NEACSUNEW-PC', ip: '10.10.10.211', os.name: 'Windows 8.1', os.arch: 'amd64', os.version: '6.3', java.version: '1.8.0_102'
Driver info: com.kms.katalon.selenium.driver.CChromeDriver
Capabilities {acceptSslCerts: true, applicationCacheEnabled: false, browserConnectionEnabled: false, browserName: chrome, chrome: {chromedriverVersion: 2.33.506120 (e3e53437346286..., userDataDir: C:\Users\Cornel\AppData\Loc...}, cssSelectorsEnabled: true, databaseEnabled: false, handlesAlerts: true, hasTouchScreen: false, javascriptEnabled: true, locationContextEnabled: true, mobileEmulationEnabled: false, nativeEvents: true, networkConnectionEnabled: false, pageLoadStrategy: normal, platform: XP, platformName: XP, rotatable: false, setWindowRect: true, takesHeapSnapshot: true, takesScreenshot: true, unexpectedAlertBehaviour: , unhandledPromptBehavior: , version: 62.0.3202.94, webStorageEnabled: true}
Session ID: 3ae89798a6d76d6f650adcf44078fc0a)]]></system-err>
      </testcase>
      <testcase name="Test Cases/PrimoTours/WB Primo/WB Primo staging - place booking - Iteration 4" classname="Test Cases/PrimoTours/WB Primo/WB Primo staging - place booking" status="FAILED">
         <failure type="FAILED" message="Unable to click on object 'Object Repository/PrimoTours/Old Objects/ThankYouPage/printTicketSpan' (Root cause: org.openqa.selenium.WebDriverException: unknown error: Element &lt;span id=&quot;printTicketSpan&quot; data-bind=&quot;text: tourpaq.bookingEngine.languageStaticResources.PrintReceipt&quot;>...&lt;/span> is not clickable at point (508, 319). Other element would receive the click: &lt;div class=&quot;se-pre-con&quot; id=&quot;booking-overlay&quot; style=&quot;opacity: 0.901409;&quot;>&lt;/div>
  (Session info: chrome=62.0.3202.94)
  (Driver info: chromedriver=2.33.506120 (e3e53437346286c0bc2d2dc9aa4915ba81d9023f),platform=Windows NT 6.3.9600 x86_64) (WARNING: The server did not provide any stacktrace information)
Command duration or timeout: 0 milliseconds
Build info: version: '3.7.1', revision: '8a0099a', time: '2017-11-06T21:07:36.161Z'
System info: host: 'NEACSUNEW-PC', ip: '10.10.10.211', os.name: 'Windows 8.1', os.arch: 'amd64', os.version: '6.3', java.version: '1.8.0_102'
Driver info: com.kms.katalon.selenium.driver.CChromeDriver
Capabilities {acceptSslCerts: true, applicationCacheEnabled: false, browserConnectionEnabled: false, browserName: chrome, chrome: {chromedriverVersion: 2.33.506120 (e3e53437346286..., userDataDir: C:\Users\Cornel\AppData\Loc...}, cssSelectorsEnabled: true, databaseEnabled: false, handlesAlerts: true, hasTouchScreen: false, javascriptEnabled: true, locationContextEnabled: true, mobileEmulationEnabled: false, nativeEvents: true, networkConnectionEnabled: false, pageLoadStrategy: normal, platform: XP, platformName: XP, rotatable: false, setWindowRect: true, takesHeapSnapshot: true, takesScreenshot: true, unexpectedAlertBehaviour: , unhandledPromptBehavior: , version: 62.0.3202.94, webStorageEnabled: true}
Session ID: 04d287e4259e4dd180c9abc663ffad9a)"/>
         <system-out><![CDATA[2017-11-28 18:58:02 - [TEST_CASE][FAILED] - Test Cases/PrimoTours/WB Primo/WB Primo staging - place booking - Iteration 4: Unable to click on object 'Object Repository/PrimoTours/Old Objects/ThankYouPage/printTicketSpan' (Root cause: org.openqa.selenium.WebDriverException: unknown error: Element <span id="printTicketSpan" data-bind="text: tourpaq.bookingEngine.languageStaticResources.PrintReceipt">...</span> is not clickable at point (508, 319). Other element would receive the click: <div class="se-pre-con" id="booking-overlay" style="opacity: 0.901409;"></div>
  (Session info: chrome=62.0.3202.94)
  (Driver info: chromedriver=2.33.506120 (e3e53437346286c0bc2d2dc9aa4915ba81d9023f),platform=Windows NT 6.3.9600 x86_64) (WARNING: The server did not provide any stacktrace information)
Command duration or timeout: 0 milliseconds
Build info: version: '3.7.1', revision: '8a0099a', time: '2017-11-06T21:07:36.161Z'
System info: host: 'NEACSUNEW-PC', ip: '10.10.10.211', os.name: 'Windows 8.1', os.arch: 'amd64', os.version: '6.3', java.version: '1.8.0_102'
Driver info: com.kms.katalon.selenium.driver.CChromeDriver
Capabilities {acceptSslCerts: true, applicationCacheEnabled: false, browserConnectionEnabled: false, browserName: chrome, chrome: {chromedriverVersion: 2.33.506120 (e3e53437346286..., userDataDir: C:\Users\Cornel\AppData\Loc...}, cssSelectorsEnabled: true, databaseEnabled: false, handlesAlerts: true, hasTouchScreen: false, javascriptEnabled: true, locationContextEnabled: true, mobileEmulationEnabled: false, nativeEvents: true, networkConnectionEnabled: false, pageLoadStrategy: normal, platform: XP, platformName: XP, rotatable: false, setWindowRect: true, takesHeapSnapshot: true, takesScreenshot: true, unexpectedAlertBehaviour: , unhandledPromptBehavior: , version: 62.0.3202.94, webStorageEnabled: true}
Session ID: 04d287e4259e4dd180c9abc663ffad9a)

2017-11-28 18:58:02 - [TEST_STEP][PASSED] - openBrowser: Browser is opened with url: ''

2017-11-28 18:58:02 - [MESSAGE][WARNING] - A browser is already opened. Closing browser and opening a new one

2017-11-28 18:58:05 - [MESSAGE][PASSED] - Browser is opened with url: ''

2017-11-28 18:58:05 - [TEST_STEP][PASSED] - maximizeWindow: Current window maximized

2017-11-28 18:58:06 - [MESSAGE][PASSED] - Current window maximized

2017-11-28 18:58:06 - [TEST_STEP][PASSED] - navigateToUrl: Navigate to 'https://staging-primotours-webbooking.tourpaq.com/DoBooking.aspx?pltaID=1480269&p=1&rno=2&pt=1&a=4&c=4&aa=&ca=1,4|0,5' successfully

2017-11-28 18:58:08 - [MESSAGE][PASSED] - Navigate to 'https://staging-primotours-webbooking.tourpaq.com/DoBooking.aspx?pltaID=1480269&p=1&rno=2&pt=1&a=4&c=4&aa=&ca=1,4|0,5' successfully

2017-11-28 18:58:08 - [TEST_STEP][PASSED] - setText: Text 'Pedersen AUT' is set on object 'Object Repository/PrimoTours/Old Objects/Coco/PrimoT/Page_Primo Tours  Danmarks bedste c/input_firstName'

2017-11-28 18:58:08 - [MESSAGE][PASSED] - Text 'Pedersen AUT' is set on object 'Object Repository/PrimoTours/Old Objects/Coco/PrimoT/Page_Primo Tours  Danmarks bedste c/input_firstName'

2017-11-28 18:58:08 - [TEST_STEP][PASSED] - setText: Text 'Vibe Dalby' is set on object 'Object Repository/PrimoTours/Old Objects/Coco/PrimoT/Page_Primo Tours  Danmarks bedste c/input_lastName'

2017-11-28 18:58:09 - [MESSAGE][PASSED] - Text 'Vibe Dalby' is set on object 'Object Repository/PrimoTours/Old Objects/Coco/PrimoT/Page_Primo Tours  Danmarks bedste c/input_lastName'

2017-11-28 18:58:09 - [TEST_STEP][PASSED] - setText: Text 'Home address' is set on object 'Object Repository/PrimoTours/Old Objects/Coco/PrimoT/Page_Primo Tours  Danmarks bedste c/input_customerAddress'

2017-11-28 18:58:09 - [MESSAGE][PASSED] - Text 'Home address' is set on object 'Object Repository/PrimoTours/Old Objects/Coco/PrimoT/Page_Primo Tours  Danmarks bedste c/input_customerAddress'

2017-11-28 18:58:09 - [TEST_STEP][PASSED] - setText: Text '6700' is set on object 'Object Repository/PrimoTours/Old Objects/Coco/PrimoT/Page_Primo Tours  Danmarks bedste c/input_customerPostcode'

2017-11-28 18:58:09 - [MESSAGE][PASSED] - Text '6700' is set on object 'Object Repository/PrimoTours/Old Objects/Coco/PrimoT/Page_Primo Tours  Danmarks bedste c/input_customerPostcode'

2017-11-28 18:58:09 - [TEST_STEP][PASSED] - setText: Text 'cornel.neacsu@roweb.ro' is set on object 'Object Repository/PrimoTours/Old Objects/Coco/PrimoT/Page_Primo Tours  Danmarks bedste c/input_customerEmail'

2017-11-28 18:58:10 - [MESSAGE][PASSED] - Text 'cornel.neacsu@roweb.ro' is set on object 'Object Repository/PrimoTours/Old Objects/Coco/PrimoT/Page_Primo Tours  Danmarks bedste c/input_customerEmail'

2017-11-28 18:58:10 - [TEST_STEP][PASSED] - setText: Text '12345678' is set on object 'Object Repository/PrimoTours/Old Objects/Coco/PrimoT/Page_Primo Tours  Danmarks bedste c/input_customerPhone'

2017-11-28 18:58:10 - [MESSAGE][PASSED] - Text '12345678' is set on object 'Object Repository/PrimoTours/Old Objects/Coco/PrimoT/Page_Primo Tours  Danmarks bedste c/input_customerPhone'

2017-11-28 18:58:10 - [TEST_STEP][PASSED] - Statement - excelInfo = ["fname":"", "lname":"", "pgender":"", "pday":"", "pmonth":"", "pyear":""]: null

2017-11-28 18:58:10 - [TEST_STEP][PASSED] - Statement - rawData = com.kms.katalon.core.testdata.TestDataFactory.findTestData("Data Files/WB_Primo/Passenger_details"): Reading excel file with source file 'D:\Software testing\Tourpaq\Automated Katalon tests\Primo WB test\Data Files\Primo_URLs_For_Automated_Test.xls' and sheet name 'Passenger Names'

2017-11-28 18:58:10 - [TEST_STEP][PASSED] - Statement - excelRowNo = rawData.getRowNumbers(): null

2017-11-28 18:58:10 - [TEST_STEP][PASSED] - Statement - randomPaxIndex = 1: null

2017-11-28 18:58:10 - [TEST_STEP][PASSED] - waitForElementClickable: Object 'Object Repository/PrimoTours/Old Objects/Coco/PrimoT/Page_Primo Tours  Danmarks bedste c/input_firstname-0_1' is clickable

2017-11-28 18:58:11 - [MESSAGE][PASSED] - Object 'Object Repository/PrimoTours/Old Objects/Coco/PrimoT/Page_Primo Tours  Danmarks bedste c/input_firstname-0_1' is clickable

2017-11-28 18:58:11 - [TEST_STEP][PASSED] - Statement - driver = com.kms.katalon.core.webui.driver.DriverFactory.getWebDriver(): null

2017-11-28 18:58:11 - [TEST_STEP][PASSED] - Statement - roomContainerXpath = "id("booking")/div[@class="wrapper second-bg"]/div[contains(@class,"container-mx")]/div[@class="row"]/div[@class="col-md-12 roomContainer"]": null

2017-11-28 18:58:11 - [TEST_STEP][PASSED] - Statement - roomsCount = driver.findElements(org.openqa.selenium.By.xpath(roomContainerXpath)).size(): null

2017-11-28 18:58:11 - [TEST_STEP][PASSED] - Statement - println("roomsCount=" + roomsCount): null

2017-11-28 18:58:11 - [TEST_STEP][PASSED] - Statement - For ([i = 1, i <= roomsCount, (i++)]): Text 'Jesper' is set on object 'Object Repository/PrimoTours/Old Objects/allPaxLastNameFields'

2017-11-28 18:58:11 - [TEST_STEP][PASSED] - Statement - paxInRoomXpath = roomContainerXpath + "[" + i + "]/div[@class="row"]/div[@class="col-md-12"]/div[@class="row"]": null

2017-11-28 18:58:11 - [TEST_STEP][PASSED] - Statement - paxInRoomCount = driver.findElements(org.openqa.selenium.By.xpath(paxInRoomXpath)).size(): null

2017-11-28 18:58:11 - [TEST_STEP][PASSED] - Statement - println("paxInRoomCount=" + paxInRoomCount): null

2017-11-28 18:58:11 - [TEST_STEP][PASSED] - Statement - For ([j = 1, j <= paxInRoomCount, (j++)]): Text 'Mathilde' is set on object 'Object Repository/PrimoTours/Old Objects/allPaxLastNameFields'

2017-11-28 18:58:11 - [TEST_STEP][PASSED] - Statement - If (i == 1 & j == 1): null

2017-11-28 18:58:11 - [TEST_STEP][PASSED] - Statement - <not implemented yet for class: org.codehaus.groovy.ast.stmt.ContinueStatement>: null

2017-11-28 18:58:11 - [TEST_STEP][PASSED] - Statement - If (i == 1 & j == 1): null

2017-11-28 18:58:11 - [TEST_STEP][PASSED] - Statement - randomPaxIndex = java.lang.Math.abs(new java.util.Random().nextInt() % excelRowNo) + 1: null

2017-11-28 18:58:11 - [TEST_STEP][PASSED] - Statement - println(randomPaxIndex): null

2017-11-28 18:58:11 - [TEST_STEP][PASSED] - Statement - fname = rawData.getValue("FirstName", randomPaxIndex) + " AUT": null

2017-11-28 18:58:11 - [TEST_STEP][PASSED] - Statement - lname = rawData.getValue("LastName", randomPaxIndex): null

2017-11-28 18:58:11 - [TEST_STEP][PASSED] - Statement - pgender = rawData.getValue("Gender", randomPaxIndex): null

2017-11-28 18:58:11 - [TEST_STEP][PASSED] - Statement - pday = rawData.getValue("Day DOB", randomPaxIndex): null

2017-11-28 18:58:11 - [TEST_STEP][PASSED] - Statement - pmonth = rawData.getValue("Month DOB", randomPaxIndex): null

2017-11-28 18:58:11 - [TEST_STEP][PASSED] - Statement - pyear = rawData.getValue("Year DOB", randomPaxIndex): null

2017-11-28 18:58:11 - [TEST_STEP][PASSED] - Statement - paxDetailFields = paxInRoomXpath + "[" + j + "]/div[@class="col-md-x col-md-9"]/div[@class="row paxContainer"]/div[@class="col-md-5"]": null

2017-11-28 18:58:11 - [TEST_STEP][PASSED] - Statement - xpathval = paxDetailFields + "[1]/div[contains(@class,"form-group")]/input[@class="form-control paxFirstName"]": null

2017-11-28 18:58:11 - [TEST_STEP][PASSED] - Statement - println("fn: " + xpathval): null

2017-11-28 18:58:11 - [TEST_STEP][PASSED] - Statement - repObj = com.kms.katalon.core.testobject.ObjectRepository.findTestObject(Object Repository/PrimoTours/Old Objects/allPaxFirstNameFields): Finding Test Object with id 'Object Repository/PrimoTours/Old Objects/allPaxFirstNameFields'

2017-11-28 18:58:11 - [TEST_STEP][PASSED] - Statement - repObj.findProperty("xpath").setValue(xpathval): null

2017-11-28 18:58:11 - [TEST_STEP][PASSED] - setText: Text 'Bertelsen AUT' is set on object 'Object Repository/PrimoTours/Old Objects/allPaxFirstNameFields'

2017-11-28 18:58:12 - [MESSAGE][PASSED] - Text 'Bertelsen AUT' is set on object 'Object Repository/PrimoTours/Old Objects/allPaxFirstNameFields'

2017-11-28 18:58:12 - [TEST_STEP][PASSED] - Statement - xpathval = paxDetailFields + "[2]/div[contains(@class,"form-group")]/input[@class="form-control paxLastName"]": null

2017-11-28 18:58:12 - [TEST_STEP][PASSED] - Statement - println("ln: " + xpathval): null

2017-11-28 18:58:12 - [TEST_STEP][PASSED] - Statement - repObj = com.kms.katalon.core.testobject.ObjectRepository.findTestObject(Object Repository/PrimoTours/Old Objects/allPaxLastNameFields): Finding Test Object with id 'Object Repository/PrimoTours/Old Objects/allPaxLastNameFields'

2017-11-28 18:58:12 - [TEST_STEP][PASSED] - Statement - repObj.findProperty("xpath").setValue(xpathval): null

2017-11-28 18:58:12 - [TEST_STEP][PASSED] - setText: Text 'Kirsten  Bodil' is set on object 'Object Repository/PrimoTours/Old Objects/allPaxLastNameFields'

2017-11-28 18:58:12 - [MESSAGE][PASSED] - Text 'Kirsten  Bodil' is set on object 'Object Repository/PrimoTours/Old Objects/allPaxLastNameFields'

2017-11-28 18:58:12 - [TEST_STEP][PASSED] - Statement - If (i == 1 & j == 1): null

2017-11-28 18:58:12 - [TEST_STEP][PASSED] - Statement - randomPaxIndex = java.lang.Math.abs(new java.util.Random().nextInt() % excelRowNo) + 1: null

2017-11-28 18:58:12 - [TEST_STEP][PASSED] - Statement - println(randomPaxIndex): null

2017-11-28 18:58:12 - [TEST_STEP][PASSED] - Statement - fname = rawData.getValue("FirstName", randomPaxIndex) + " AUT": null

2017-11-28 18:58:12 - [TEST_STEP][PASSED] - Statement - lname = rawData.getValue("LastName", randomPaxIndex): null

2017-11-28 18:58:12 - [TEST_STEP][PASSED] - Statement - pgender = rawData.getValue("Gender", randomPaxIndex): null

2017-11-28 18:58:12 - [TEST_STEP][PASSED] - Statement - pday = rawData.getValue("Day DOB", randomPaxIndex): null

2017-11-28 18:58:12 - [TEST_STEP][PASSED] - Statement - pmonth = rawData.getValue("Month DOB", randomPaxIndex): null

2017-11-28 18:58:12 - [TEST_STEP][PASSED] - Statement - pyear = rawData.getValue("Year DOB", randomPaxIndex): null

2017-11-28 18:58:12 - [TEST_STEP][PASSED] - Statement - paxDetailFields = paxInRoomXpath + "[" + j + "]/div[@class="col-md-x col-md-9"]/div[@class="row paxContainer"]/div[@class="col-md-5"]": null

2017-11-28 18:58:12 - [TEST_STEP][PASSED] - Statement - xpathval = paxDetailFields + "[1]/div[contains(@class,"form-group")]/input[@class="form-control paxFirstName"]": null

2017-11-28 18:58:12 - [TEST_STEP][PASSED] - Statement - println("fn: " + xpathval): null

2017-11-28 18:58:12 - [TEST_STEP][PASSED] - Statement - repObj = com.kms.katalon.core.testobject.ObjectRepository.findTestObject(Object Repository/PrimoTours/Old Objects/allPaxFirstNameFields): Finding Test Object with id 'Object Repository/PrimoTours/Old Objects/allPaxFirstNameFields'

2017-11-28 18:58:12 - [TEST_STEP][PASSED] - Statement - repObj.findProperty("xpath").setValue(xpathval): null

2017-11-28 18:58:12 - [TEST_STEP][PASSED] - setText: Text 'Rosenkjær AUT' is set on object 'Object Repository/PrimoTours/Old Objects/allPaxFirstNameFields'

2017-11-28 18:58:13 - [MESSAGE][PASSED] - Text 'Rosenkjær AUT' is set on object 'Object Repository/PrimoTours/Old Objects/allPaxFirstNameFields'

2017-11-28 18:58:13 - [TEST_STEP][PASSED] - Statement - xpathval = paxDetailFields + "[2]/div[contains(@class,"form-group")]/input[@class="form-control paxLastName"]": null

2017-11-28 18:58:13 - [TEST_STEP][PASSED] - Statement - println("ln: " + xpathval): null

2017-11-28 18:58:13 - [TEST_STEP][PASSED] - Statement - repObj = com.kms.katalon.core.testobject.ObjectRepository.findTestObject(Object Repository/PrimoTours/Old Objects/allPaxLastNameFields): Finding Test Object with id 'Object Repository/PrimoTours/Old Objects/allPaxLastNameFields'

2017-11-28 18:58:13 - [TEST_STEP][PASSED] - Statement - repObj.findProperty("xpath").setValue(xpathval): null

2017-11-28 18:58:13 - [TEST_STEP][PASSED] - setText: Text 'Max' is set on object 'Object Repository/PrimoTours/Old Objects/allPaxLastNameFields'

2017-11-28 18:58:13 - [MESSAGE][PASSED] - Text 'Max' is set on object 'Object Repository/PrimoTours/Old Objects/allPaxLastNameFields'

2017-11-28 18:58:13 - [TEST_STEP][PASSED] - Statement - If (i == 1 & j == 1): null

2017-11-28 18:58:13 - [TEST_STEP][PASSED] - Statement - randomPaxIndex = java.lang.Math.abs(new java.util.Random().nextInt() % excelRowNo) + 1: null

2017-11-28 18:58:13 - [TEST_STEP][PASSED] - Statement - println(randomPaxIndex): null

2017-11-28 18:58:13 - [TEST_STEP][PASSED] - Statement - fname = rawData.getValue("FirstName", randomPaxIndex) + " AUT": null

2017-11-28 18:58:13 - [TEST_STEP][PASSED] - Statement - lname = rawData.getValue("LastName", randomPaxIndex): null

2017-11-28 18:58:13 - [TEST_STEP][PASSED] - Statement - pgender = rawData.getValue("Gender", randomPaxIndex): null

2017-11-28 18:58:13 - [TEST_STEP][PASSED] - Statement - pday = rawData.getValue("Day DOB", randomPaxIndex): null

2017-11-28 18:58:13 - [TEST_STEP][PASSED] - Statement - pmonth = rawData.getValue("Month DOB", randomPaxIndex): null

2017-11-28 18:58:13 - [TEST_STEP][PASSED] - Statement - pyear = rawData.getValue("Year DOB", randomPaxIndex): null

2017-11-28 18:58:13 - [TEST_STEP][PASSED] - Statement - paxDetailFields = paxInRoomXpath + "[" + j + "]/div[@class="col-md-x col-md-9"]/div[@class="row paxContainer"]/div[@class="col-md-5"]": null

2017-11-28 18:58:13 - [TEST_STEP][PASSED] - Statement - xpathval = paxDetailFields + "[1]/div[contains(@class,"form-group")]/input[@class="form-control paxFirstName"]": null

2017-11-28 18:58:13 - [TEST_STEP][PASSED] - Statement - println("fn: " + xpathval): null

2017-11-28 18:58:13 - [TEST_STEP][PASSED] - Statement - repObj = com.kms.katalon.core.testobject.ObjectRepository.findTestObject(Object Repository/PrimoTours/Old Objects/allPaxFirstNameFields): Finding Test Object with id 'Object Repository/PrimoTours/Old Objects/allPaxFirstNameFields'

2017-11-28 18:58:13 - [TEST_STEP][PASSED] - Statement - repObj.findProperty("xpath").setValue(xpathval): null

2017-11-28 18:58:13 - [TEST_STEP][PASSED] - setText: Text 'Grønning Nielsen AUT' is set on object 'Object Repository/PrimoTours/Old Objects/allPaxFirstNameFields'

2017-11-28 18:58:14 - [MESSAGE][PASSED] - Text 'Grønning Nielsen AUT' is set on object 'Object Repository/PrimoTours/Old Objects/allPaxFirstNameFields'

2017-11-28 18:58:14 - [TEST_STEP][PASSED] - Statement - xpathval = paxDetailFields + "[2]/div[contains(@class,"form-group")]/input[@class="form-control paxLastName"]": null

2017-11-28 18:58:14 - [TEST_STEP][PASSED] - Statement - println("ln: " + xpathval): null

2017-11-28 18:58:14 - [TEST_STEP][PASSED] - Statement - repObj = com.kms.katalon.core.testobject.ObjectRepository.findTestObject(Object Repository/PrimoTours/Old Objects/allPaxLastNameFields): Finding Test Object with id 'Object Repository/PrimoTours/Old Objects/allPaxLastNameFields'

2017-11-28 18:58:14 - [TEST_STEP][PASSED] - Statement - repObj.findProperty("xpath").setValue(xpathval): null

2017-11-28 18:58:14 - [TEST_STEP][PASSED] - setText: Text 'Mathilde' is set on object 'Object Repository/PrimoTours/Old Objects/allPaxLastNameFields'

2017-11-28 18:58:14 - [MESSAGE][PASSED] - Text 'Mathilde' is set on object 'Object Repository/PrimoTours/Old Objects/allPaxLastNameFields'

2017-11-28 18:58:14 - [TEST_STEP][PASSED] - Statement - paxInRoomXpath = roomContainerXpath + "[" + i + "]/div[@class="row"]/div[@class="col-md-12"]/div[@class="row"]": null

2017-11-28 18:58:14 - [TEST_STEP][PASSED] - Statement - paxInRoomCount = driver.findElements(org.openqa.selenium.By.xpath(paxInRoomXpath)).size(): null

2017-11-28 18:58:14 - [TEST_STEP][PASSED] - Statement - println("paxInRoomCount=" + paxInRoomCount): null

2017-11-28 18:58:14 - [TEST_STEP][PASSED] - Statement - For ([j = 1, j <= paxInRoomCount, (j++)]): Text 'Jesper' is set on object 'Object Repository/PrimoTours/Old Objects/allPaxLastNameFields'

2017-11-28 18:58:14 - [TEST_STEP][PASSED] - Statement - If (i == 1 & j == 1): null

2017-11-28 18:58:14 - [TEST_STEP][PASSED] - Statement - randomPaxIndex = java.lang.Math.abs(new java.util.Random().nextInt() % excelRowNo) + 1: null

2017-11-28 18:58:14 - [TEST_STEP][PASSED] - Statement - println(randomPaxIndex): null

2017-11-28 18:58:14 - [TEST_STEP][PASSED] - Statement - fname = rawData.getValue("FirstName", randomPaxIndex) + " AUT": null

2017-11-28 18:58:14 - [TEST_STEP][PASSED] - Statement - lname = rawData.getValue("LastName", randomPaxIndex): null

2017-11-28 18:58:14 - [TEST_STEP][PASSED] - Statement - pgender = rawData.getValue("Gender", randomPaxIndex): null

2017-11-28 18:58:14 - [TEST_STEP][PASSED] - Statement - pday = rawData.getValue("Day DOB", randomPaxIndex): null

2017-11-28 18:58:14 - [TEST_STEP][PASSED] - Statement - pmonth = rawData.getValue("Month DOB", randomPaxIndex): null

2017-11-28 18:58:14 - [TEST_STEP][PASSED] - Statement - pyear = rawData.getValue("Year DOB", randomPaxIndex): null

2017-11-28 18:58:14 - [TEST_STEP][PASSED] - Statement - paxDetailFields = paxInRoomXpath + "[" + j + "]/div[@class="col-md-x col-md-9"]/div[@class="row paxContainer"]/div[@class="col-md-5"]": null

2017-11-28 18:58:14 - [TEST_STEP][PASSED] - Statement - xpathval = paxDetailFields + "[1]/div[contains(@class,"form-group")]/input[@class="form-control paxFirstName"]": null

2017-11-28 18:58:14 - [TEST_STEP][PASSED] - Statement - println("fn: " + xpathval): null

2017-11-28 18:58:14 - [TEST_STEP][PASSED] - Statement - repObj = com.kms.katalon.core.testobject.ObjectRepository.findTestObject(Object Repository/PrimoTours/Old Objects/allPaxFirstNameFields): Finding Test Object with id 'Object Repository/PrimoTours/Old Objects/allPaxFirstNameFields'

2017-11-28 18:58:14 - [TEST_STEP][PASSED] - Statement - repObj.findProperty("xpath").setValue(xpathval): null

2017-11-28 18:58:14 - [TEST_STEP][PASSED] - setText: Text 'Christensen AUT' is set on object 'Object Repository/PrimoTours/Old Objects/allPaxFirstNameFields'

2017-11-28 18:58:14 - [MESSAGE][PASSED] - Text 'Christensen AUT' is set on object 'Object Repository/PrimoTours/Old Objects/allPaxFirstNameFields'

2017-11-28 18:58:14 - [TEST_STEP][PASSED] - Statement - xpathval = paxDetailFields + "[2]/div[contains(@class,"form-group")]/input[@class="form-control paxLastName"]": null

2017-11-28 18:58:14 - [TEST_STEP][PASSED] - Statement - println("ln: " + xpathval): null

2017-11-28 18:58:14 - [TEST_STEP][PASSED] - Statement - repObj = com.kms.katalon.core.testobject.ObjectRepository.findTestObject(Object Repository/PrimoTours/Old Objects/allPaxLastNameFields): Finding Test Object with id 'Object Repository/PrimoTours/Old Objects/allPaxLastNameFields'

2017-11-28 18:58:14 - [TEST_STEP][PASSED] - Statement - repObj.findProperty("xpath").setValue(xpathval): null

2017-11-28 18:58:14 - [TEST_STEP][PASSED] - setText: Text 'Michael' is set on object 'Object Repository/PrimoTours/Old Objects/allPaxLastNameFields'

2017-11-28 18:58:14 - [MESSAGE][PASSED] - Text 'Michael' is set on object 'Object Repository/PrimoTours/Old Objects/allPaxLastNameFields'

2017-11-28 18:58:14 - [TEST_STEP][PASSED] - Statement - If (i == 1 & j == 1): null

2017-11-28 18:58:14 - [TEST_STEP][PASSED] - Statement - randomPaxIndex = java.lang.Math.abs(new java.util.Random().nextInt() % excelRowNo) + 1: null

2017-11-28 18:58:14 - [TEST_STEP][PASSED] - Statement - println(randomPaxIndex): null

2017-11-28 18:58:14 - [TEST_STEP][PASSED] - Statement - fname = rawData.getValue("FirstName", randomPaxIndex) + " AUT": null

2017-11-28 18:58:14 - [TEST_STEP][PASSED] - Statement - lname = rawData.getValue("LastName", randomPaxIndex): null

2017-11-28 18:58:14 - [TEST_STEP][PASSED] - Statement - pgender = rawData.getValue("Gender", randomPaxIndex): null

2017-11-28 18:58:14 - [TEST_STEP][PASSED] - Statement - pday = rawData.getValue("Day DOB", randomPaxIndex): null

2017-11-28 18:58:14 - [TEST_STEP][PASSED] - Statement - pmonth = rawData.getValue("Month DOB", randomPaxIndex): null

2017-11-28 18:58:14 - [TEST_STEP][PASSED] - Statement - pyear = rawData.getValue("Year DOB", randomPaxIndex): null

2017-11-28 18:58:14 - [TEST_STEP][PASSED] - Statement - paxDetailFields = paxInRoomXpath + "[" + j + "]/div[@class="col-md-x col-md-9"]/div[@class="row paxContainer"]/div[@class="col-md-5"]": null

2017-11-28 18:58:14 - [TEST_STEP][PASSED] - Statement - xpathval = paxDetailFields + "[1]/div[contains(@class,"form-group")]/input[@class="form-control paxFirstName"]": null

2017-11-28 18:58:14 - [TEST_STEP][PASSED] - Statement - println("fn: " + xpathval): null

2017-11-28 18:58:14 - [TEST_STEP][PASSED] - Statement - repObj = com.kms.katalon.core.testobject.ObjectRepository.findTestObject(Object Repository/PrimoTours/Old Objects/allPaxFirstNameFields): Finding Test Object with id 'Object Repository/PrimoTours/Old Objects/allPaxFirstNameFields'

2017-11-28 18:58:14 - [TEST_STEP][PASSED] - Statement - repObj.findProperty("xpath").setValue(xpathval): null

2017-11-28 18:58:14 - [TEST_STEP][PASSED] - setText: Text 'Kanstrup AUT' is set on object 'Object Repository/PrimoTours/Old Objects/allPaxFirstNameFields'

2017-11-28 18:58:15 - [MESSAGE][PASSED] - Text 'Kanstrup AUT' is set on object 'Object Repository/PrimoTours/Old Objects/allPaxFirstNameFields'

2017-11-28 18:58:15 - [TEST_STEP][PASSED] - Statement - xpathval = paxDetailFields + "[2]/div[contains(@class,"form-group")]/input[@class="form-control paxLastName"]": null

2017-11-28 18:58:15 - [TEST_STEP][PASSED] - Statement - println("ln: " + xpathval): null

2017-11-28 18:58:15 - [TEST_STEP][PASSED] - Statement - repObj = com.kms.katalon.core.testobject.ObjectRepository.findTestObject(Object Repository/PrimoTours/Old Objects/allPaxLastNameFields): Finding Test Object with id 'Object Repository/PrimoTours/Old Objects/allPaxLastNameFields'

2017-11-28 18:58:15 - [TEST_STEP][PASSED] - Statement - repObj.findProperty("xpath").setValue(xpathval): null

2017-11-28 18:58:15 - [TEST_STEP][PASSED] - setText: Text 'Jesper' is set on object 'Object Repository/PrimoTours/Old Objects/allPaxLastNameFields'

2017-11-28 18:58:15 - [MESSAGE][PASSED] - Text 'Jesper' is set on object 'Object Repository/PrimoTours/Old Objects/allPaxLastNameFields'

2017-11-28 18:58:15 - [TEST_STEP][PASSED] - scrollToElement: Scroll to object 'Object Repository/PrimoTours/Old Objects/Coco (1)/PrimoT/SaveBooking2/Success/bookingTotalValue' successfully

2017-11-28 18:58:15 - [MESSAGE][PASSED] - Scroll to object 'Object Repository/PrimoTours/Old Objects/Coco (1)/PrimoT/SaveBooking2/Success/bookingTotalValue' successfully

2017-11-28 18:58:15 - [TEST_STEP][PASSED] - click: Object: 'Object Repository/PrimoTours/Old Objects/Coco (1)/PrimoT/SaveBooking2/Success/bookingTotalValue' is clicked on

2017-11-28 18:58:15 - [MESSAGE][PASSED] - Object: 'Object Repository/PrimoTours/Old Objects/Coco (1)/PrimoT/SaveBooking2/Success/bookingTotalValue' is clicked on

2017-11-28 18:58:15 - [TEST_STEP][PASSED] - scrollToElement: Scroll to object 'Object Repository/PrimoTours/Old Objects/Coco (1)/PrimoT/SaveBooking2/Success/Page_Primo Tours  Danmarks bedste c/i_fa fa-arrow-circle-right' successfully

2017-11-28 18:58:15 - [MESSAGE][PASSED] - Scroll to object 'Object Repository/PrimoTours/Old Objects/Coco (1)/PrimoT/SaveBooking2/Success/Page_Primo Tours  Danmarks bedste c/i_fa fa-arrow-circle-right' successfully

2017-11-28 18:58:15 - [TEST_STEP][PASSED] - waitForElementClickable: Object 'Object Repository/PrimoTours/Old Objects/Coco (1)/PrimoT/SaveBooking2/Success/Page_Primo Tours  Danmarks bedste c/i_fa fa-arrow-circle-right' is clickable

2017-11-28 18:58:15 - [MESSAGE][PASSED] - Object 'Object Repository/PrimoTours/Old Objects/Coco (1)/PrimoT/SaveBooking2/Success/Page_Primo Tours  Danmarks bedste c/i_fa fa-arrow-circle-right' is clickable

2017-11-28 18:58:15 - [TEST_STEP][PASSED] - waitForElementVisible: Object 'Object Repository/PrimoTours/Old Objects/Coco (1)/PrimoT/SaveBooking2/Success/Page_Primo Tours  Danmarks bedste c/i_fa fa-arrow-circle-right' is visible

2017-11-28 18:58:15 - [MESSAGE][PASSED] - Object 'Object Repository/PrimoTours/Old Objects/Coco (1)/PrimoT/SaveBooking2/Success/Page_Primo Tours  Danmarks bedste c/i_fa fa-arrow-circle-right' is visible

2017-11-28 18:58:15 - [TEST_STEP][PASSED] - scrollToElement: Scroll to object 'Object Repository/PrimoTours/Old Objects/Coco (1)/PrimoT/SaveBooking2/Success/Page_Primo Tours  Danmarks bedste c/i_fa fa-arrow-circle-right' successfully

2017-11-28 18:58:15 - [MESSAGE][PASSED] - Scroll to object 'Object Repository/PrimoTours/Old Objects/Coco (1)/PrimoT/SaveBooking2/Success/Page_Primo Tours  Danmarks bedste c/i_fa fa-arrow-circle-right' successfully

2017-11-28 18:58:15 - [TEST_STEP][PASSED] - click: Object: 'Object Repository/PrimoTours/Old Objects/Coco (1)/PrimoT/SaveBooking2/Success/Page_Primo Tours  Danmarks bedste c/i_fa fa-arrow-circle-right' is clicked on

2017-11-28 18:58:15 - [MESSAGE][PASSED] - Object: 'Object Repository/PrimoTours/Old Objects/Coco (1)/PrimoT/SaveBooking2/Success/Page_Primo Tours  Danmarks bedste c/i_fa fa-arrow-circle-right' is clicked on

2017-11-28 18:58:15 - [TEST_STEP][PASSED] - delay: Delayed 1 second(s)

2017-11-28 18:58:16 - [MESSAGE][PASSED] - Delayed 1 second(s)

2017-11-28 18:58:16 - [TEST_STEP][PASSED] - waitForElementNotVisible: Object 'Object Repository/PrimoTours/Old Objects/CCenter/pageLoaderOverlayLayer' is NOT visible

2017-11-28 18:58:17 - [MESSAGE][PASSED] - Object 'Object Repository/PrimoTours/Old Objects/CCenter/pageLoaderOverlayLayer' is NOT visible

2017-11-28 18:58:17 - [TEST_STEP][PASSED] - scrollToElement: Scroll to object 'Object Repository/PrimoTours/Old Objects/Coco/PrimoT/Ins2/Page_Primo Tours  Danmarks bedste c/travelInsuranceFirstPaxSelector' successfully

2017-11-28 18:58:17 - [MESSAGE][PASSED] - Scroll to object 'Object Repository/PrimoTours/Old Objects/Coco/PrimoT/Ins2/Page_Primo Tours  Danmarks bedste c/travelInsuranceFirstPaxSelector' successfully

2017-11-28 18:58:17 - [TEST_STEP][PASSED] - waitForElementPresent: Object 'Object Repository/PrimoTours/Old Objects/Coco/PrimoT/Ins2/Page_Primo Tours  Danmarks bedste c/travelInsuranceFirstPaxSelector' is present

2017-11-28 18:58:17 - [MESSAGE][PASSED] - Object 'Object Repository/PrimoTours/Old Objects/Coco/PrimoT/Ins2/Page_Primo Tours  Danmarks bedste c/travelInsuranceFirstPaxSelector' is present

2017-11-28 18:58:17 - [TEST_STEP][PASSED] - waitForElementVisible: Object 'Object Repository/PrimoTours/Old Objects/Coco/PrimoT/Ins2/Page_Primo Tours  Danmarks bedste c/travelInsuranceFirstPaxSelector' is visible

2017-11-28 18:58:17 - [MESSAGE][PASSED] - Object 'Object Repository/PrimoTours/Old Objects/Coco/PrimoT/Ins2/Page_Primo Tours  Danmarks bedste c/travelInsuranceFirstPaxSelector' is visible

2017-11-28 18:58:17 - [TEST_STEP][PASSED] - waitForElementClickable: Object 'Object Repository/PrimoTours/Old Objects/Coco/PrimoT/Ins2/Page_Primo Tours  Danmarks bedste c/travelInsuranceFirstPaxSelector' is clickable

2017-11-28 18:58:17 - [MESSAGE][PASSED] - Object 'Object Repository/PrimoTours/Old Objects/Coco/PrimoT/Ins2/Page_Primo Tours  Danmarks bedste c/travelInsuranceFirstPaxSelector' is clickable

2017-11-28 18:58:17 - [TEST_STEP][PASSED] - click: Object: 'Object Repository/PrimoTours/Old Objects/Coco/PrimoT/Ins2/Page_Primo Tours  Danmarks bedste c/travelInsuranceFirstPaxSelector' is clicked on

2017-11-28 18:58:17 - [MESSAGE][PASSED] - Object: 'Object Repository/PrimoTours/Old Objects/Coco/PrimoT/Ins2/Page_Primo Tours  Danmarks bedste c/travelInsuranceFirstPaxSelector' is clicked on

2017-11-28 18:58:17 - [TEST_STEP][PASSED] - click: Object: 'Object Repository/PrimoTours/Old Objects/Coco/PrimoT/Ins2/Page_Primo Tours  Danmarks bedste c/li_Har selv forsikring - kr. 0' is clicked on

2017-11-28 18:58:17 - [MESSAGE][PASSED] - Object: 'Object Repository/PrimoTours/Old Objects/Coco/PrimoT/Ins2/Page_Primo Tours  Danmarks bedste c/li_Har selv forsikring - kr. 0' is clicked on

2017-11-28 18:58:17 - [TEST_STEP][NOT_RUN] - click: NOT_RUN: click

2017-11-28 18:58:17 - [MESSAGE][NOT_RUN] - NOT_RUN: click

2017-11-28 18:58:17 - [TEST_STEP][NOT_RUN] - scrollToElement: NOT_RUN: scrollToElement

2017-11-28 18:58:17 - [MESSAGE][NOT_RUN] - NOT_RUN: scrollToElement

2017-11-28 18:58:17 - [TEST_STEP][NOT_RUN] - click: NOT_RUN: click

2017-11-28 18:58:17 - [MESSAGE][NOT_RUN] - NOT_RUN: click

2017-11-28 18:58:17 - [TEST_STEP][PASSED] - waitForElementVisible: Object 'Object Repository/PrimoTours/Old Objects/Coco (1)/PrimoT/SaveBooking2/Page_Primo Tours  Danmarks bedste c/individualInsuranceCheckbox' is visible

2017-11-28 18:58:17 - [MESSAGE][PASSED] - Object 'Object Repository/PrimoTours/Old Objects/Coco (1)/PrimoT/SaveBooking2/Page_Primo Tours  Danmarks bedste c/individualInsuranceCheckbox' is visible

2017-11-28 18:58:17 - [TEST_STEP][PASSED] - scrollToElement: Scroll to object 'Object Repository/PrimoTours/Old Objects/Coco (1)/PrimoT/SaveBooking2/Page_Primo Tours  Danmarks bedste c/individualInsuranceCheckbox' successfully

2017-11-28 18:58:18 - [MESSAGE][PASSED] - Scroll to object 'Object Repository/PrimoTours/Old Objects/Coco (1)/PrimoT/SaveBooking2/Page_Primo Tours  Danmarks bedste c/individualInsuranceCheckbox' successfully

2017-11-28 18:58:18 - [TEST_STEP][PASSED] - click: Object: 'Object Repository/PrimoTours/Old Objects/Coco (1)/PrimoT/SaveBooking2/Page_Primo Tours  Danmarks bedste c/individualInsuranceCheckbox' is clicked on

2017-11-28 18:58:18 - [MESSAGE][PASSED] - Object: 'Object Repository/PrimoTours/Old Objects/Coco (1)/PrimoT/SaveBooking2/Page_Primo Tours  Danmarks bedste c/individualInsuranceCheckbox' is clicked on

2017-11-28 18:58:18 - [TEST_STEP][PASSED] - scrollToElement: Scroll to object 'Object Repository/PrimoTours/Old Objects/Coco (1)/PrimoT/SaveBooking2/Success/firstProdCategIndividualSelectionRadioB' successfully

2017-11-28 18:58:18 - [MESSAGE][PASSED] - Scroll to object 'Object Repository/PrimoTours/Old Objects/Coco (1)/PrimoT/SaveBooking2/Success/firstProdCategIndividualSelectionRadioB' successfully

2017-11-28 18:58:18 - [TEST_STEP][PASSED] - waitForElementClickable: Object 'Object Repository/PrimoTours/Old Objects/Coco (1)/PrimoT/SaveBooking2/Success/firstProdCategIndividualSelectionRadioB' is clickable

2017-11-28 18:58:18 - [MESSAGE][PASSED] - Object 'Object Repository/PrimoTours/Old Objects/Coco (1)/PrimoT/SaveBooking2/Success/firstProdCategIndividualSelectionRadioB' is clickable

2017-11-28 18:58:18 - [TEST_STEP][PASSED] - scrollToElement: Scroll to object 'Object Repository/PrimoTours/Old Objects/Coco (1)/PrimoT/SaveBooking2/Success/firstProdCategIndividualSelectionRadioB' successfully

2017-11-28 18:58:18 - [MESSAGE][PASSED] - Scroll to object 'Object Repository/PrimoTours/Old Objects/Coco (1)/PrimoT/SaveBooking2/Success/firstProdCategIndividualSelectionRadioB' successfully

2017-11-28 18:58:18 - [TEST_STEP][PASSED] - click: Object: 'Object Repository/PrimoTours/Old Objects/Coco (1)/PrimoT/SaveBooking2/Success/firstProdCategIndividualSelectionRadioB' is clicked on

2017-11-28 18:58:18 - [MESSAGE][PASSED] - Object: 'Object Repository/PrimoTours/Old Objects/Coco (1)/PrimoT/SaveBooking2/Success/firstProdCategIndividualSelectionRadioB' is clicked on

2017-11-28 18:58:18 - [TEST_STEP][PASSED] - scrollToElement: Scroll to object 'Object Repository/PrimoTours/Old Objects/Coco (1)/PrimoT/SaveBooking2/Success/firstProdCategSelectForAllPaxCheckbox' successfully

2017-11-28 18:58:19 - [MESSAGE][PASSED] - Scroll to object 'Object Repository/PrimoTours/Old Objects/Coco (1)/PrimoT/SaveBooking2/Success/firstProdCategSelectForAllPaxCheckbox' successfully

2017-11-28 18:58:19 - [TEST_STEP][PASSED] - waitForElementClickable: Object 'Object Repository/PrimoTours/Old Objects/Coco (1)/PrimoT/SaveBooking2/Success/firstProdCategSelectForAllPaxCheckbox' is clickable

2017-11-28 18:58:19 - [MESSAGE][PASSED] - Object 'Object Repository/PrimoTours/Old Objects/Coco (1)/PrimoT/SaveBooking2/Success/firstProdCategSelectForAllPaxCheckbox' is clickable

2017-11-28 18:58:19 - [TEST_STEP][PASSED] - click: Object: 'Object Repository/PrimoTours/Old Objects/Coco (1)/PrimoT/SaveBooking2/Success/firstProdCategSelectForAllPaxCheckbox' is clicked on

2017-11-28 18:58:19 - [MESSAGE][PASSED] - Object: 'Object Repository/PrimoTours/Old Objects/Coco (1)/PrimoT/SaveBooking2/Success/firstProdCategSelectForAllPaxCheckbox' is clicked on

2017-11-28 18:58:19 - [TEST_STEP][NOT_RUN] - scrollToElement: NOT_RUN: scrollToElement

2017-11-28 18:58:19 - [MESSAGE][NOT_RUN] - NOT_RUN: scrollToElement

2017-11-28 18:58:19 - [TEST_STEP][NOT_RUN] - scrollToElement: NOT_RUN: scrollToElement

2017-11-28 18:58:19 - [MESSAGE][NOT_RUN] - NOT_RUN: scrollToElement

2017-11-28 18:58:19 - [TEST_STEP][NOT_RUN] - click: NOT_RUN: click

2017-11-28 18:58:19 - [MESSAGE][NOT_RUN] - NOT_RUN: click

2017-11-28 18:58:19 - [TEST_STEP][PASSED] - scrollToElement: Scroll to object 'Object Repository/PrimoTours/ConfirmationPage/agreeTermsAndCondCheckbox' successfully

2017-11-28 18:58:19 - [MESSAGE][PASSED] - Scroll to object 'Object Repository/PrimoTours/ConfirmationPage/agreeTermsAndCondCheckbox' successfully

2017-11-28 18:58:19 - [TEST_STEP][PASSED] - click: Object: 'Object Repository/PrimoTours/ConfirmationPage/agreeTermsAndCondCheckbox' is clicked on

2017-11-28 18:58:19 - [MESSAGE][PASSED] - Object: 'Object Repository/PrimoTours/ConfirmationPage/agreeTermsAndCondCheckbox' is clicked on

2017-11-28 18:58:19 - [TEST_STEP][PASSED] - waitForElementClickable: Object 'Object Repository/PrimoTours/ConfirmationPage/placeBookingButton' is clickable

2017-11-28 18:58:19 - [MESSAGE][PASSED] - Object 'Object Repository/PrimoTours/ConfirmationPage/placeBookingButton' is clickable

2017-11-28 18:58:19 - [TEST_STEP][PASSED] - scrollToElement: Scroll to object 'Object Repository/PrimoTours/ConfirmationPage/placeBookingButton' successfully

2017-11-28 18:58:19 - [MESSAGE][PASSED] - Scroll to object 'Object Repository/PrimoTours/ConfirmationPage/placeBookingButton' successfully

2017-11-28 18:58:19 - [TEST_STEP][PASSED] - Statement - Try: Object: 'Object Repository/PrimoTours/ConfirmationPage/placeBookingButton' is clicked on

2017-11-28 18:58:19 - [TEST_STEP][PASSED] - click: Object: 'Object Repository/PrimoTours/ConfirmationPage/placeBookingButton' is clicked on

2017-11-28 18:58:19 - [MESSAGE][PASSED] - Object: 'Object Repository/PrimoTours/ConfirmationPage/placeBookingButton' is clicked on

2017-11-28 18:58:19 - [TEST_STEP][PASSED] - delay: Delayed 2 second(s)

2017-11-28 18:58:21 - [MESSAGE][PASSED] - Delayed 2 second(s)

2017-11-28 18:58:21 - [TEST_STEP][PASSED] - waitForPageLoad: Wait for page load successfully

2017-11-28 18:58:21 - [MESSAGE][PASSED] - Wait for page load successfully

2017-11-28 18:58:21 - [TEST_STEP][PASSED] - waitForJQueryLoad: jQuery is ready.

2017-11-28 18:58:23 - [MESSAGE][PASSED] - jQuery is ready.

2017-11-28 18:58:23 - [TEST_STEP][NOT_RUN] - waitForElementPresent: NOT_RUN: waitForElementPresent

2017-11-28 18:58:23 - [MESSAGE][NOT_RUN] - NOT_RUN: waitForElementPresent

2017-11-28 18:58:23 - [TEST_STEP][NOT_RUN] - waitForElementNotVisible: NOT_RUN: waitForElementNotVisible

2017-11-28 18:58:23 - [MESSAGE][NOT_RUN] - NOT_RUN: waitForElementNotVisible

2017-11-28 18:58:23 - [TEST_STEP][PASSED] - waitForElementPresent: Object 'Object Repository/PrimoTours/Old Objects/ThankYouPage/bookingNoContainer' is present

2017-11-28 18:58:27 - [MESSAGE][PASSED] - Object 'Object Repository/PrimoTours/Old Objects/ThankYouPage/bookingNoContainer' is present

2017-11-28 18:58:27 - [TEST_STEP][PASSED] - waitForElementClickable: Object 'Object Repository/PrimoTours/Old Objects/ThankYouPage/bookingNoContainer' is clickable

2017-11-28 18:58:27 - [MESSAGE][PASSED] - Object 'Object Repository/PrimoTours/Old Objects/ThankYouPage/bookingNoContainer' is clickable

2017-11-28 18:58:27 - [TEST_STEP][PASSED] - verifyElementVisible: Object 'Object Repository/PrimoTours/Old Objects/ThankYouPage/bookingNoContainer' is visible

2017-11-28 18:58:27 - [MESSAGE][PASSED] - Object 'Object Repository/PrimoTours/Old Objects/ThankYouPage/bookingNoContainer' is visible

2017-11-28 18:58:27 - [TEST_STEP][PASSED] - verifyElementVisible: Object 'Object Repository/PrimoTours/Old Objects/ThankYouPage/bookingTotalInfo' is visible

2017-11-28 18:58:27 - [MESSAGE][PASSED] - Object 'Object Repository/PrimoTours/Old Objects/ThankYouPage/bookingTotalInfo' is visible

2017-11-28 18:58:27 - [TEST_STEP][PASSED] - verifyElementVisible: Object 'Object Repository/PrimoTours/Old Objects/ThankYouPage/bookingTotalPriceBar' is visible

2017-11-28 18:58:27 - [MESSAGE][PASSED] - Object 'Object Repository/PrimoTours/Old Objects/ThankYouPage/bookingTotalPriceBar' is visible

2017-11-28 18:58:27 - [TEST_STEP][PASSED] - verifyElementVisible: Object 'Object Repository/PrimoTours/Old Objects/ThankYouPage/printTicketSpan' is visible

2017-11-28 18:58:27 - [MESSAGE][PASSED] - Object 'Object Repository/PrimoTours/Old Objects/ThankYouPage/printTicketSpan' is visible

2017-11-28 18:58:27 - [TEST_STEP][PASSED] - waitForElementClickable: Object 'Object Repository/PrimoTours/Old Objects/ThankYouPage/printTicketSpan' is clickable

2017-11-28 18:58:27 - [MESSAGE][PASSED] - Object 'Object Repository/PrimoTours/Old Objects/ThankYouPage/printTicketSpan' is clickable

2017-11-28 18:58:27 - [TEST_STEP][FAILED] - Statement - Try: Unable to click on object 'Object Repository/PrimoTours/Old Objects/ThankYouPage/printTicketSpan' (Root cause: org.openqa.selenium.WebDriverException: unknown error: Element <span id="printTicketSpan" data-bind="text: tourpaq.bookingEngine.languageStaticResources.PrintReceipt">...</span> is not clickable at point (508, 319). Other element would receive the click: <div class="se-pre-con" id="booking-overlay" style="opacity: 0.901409;"></div>
  (Session info: chrome=62.0.3202.94)
  (Driver info: chromedriver=2.33.506120 (e3e53437346286c0bc2d2dc9aa4915ba81d9023f),platform=Windows NT 6.3.9600 x86_64) (WARNING: The server did not provide any stacktrace information)
Command duration or timeout: 0 milliseconds
Build info: version: '3.7.1', revision: '8a0099a', time: '2017-11-06T21:07:36.161Z'
System info: host: 'NEACSUNEW-PC', ip: '10.10.10.211', os.name: 'Windows 8.1', os.arch: 'amd64', os.version: '6.3', java.version: '1.8.0_102'
Driver info: com.kms.katalon.selenium.driver.CChromeDriver
Capabilities {acceptSslCerts: true, applicationCacheEnabled: false, browserConnectionEnabled: false, browserName: chrome, chrome: {chromedriverVersion: 2.33.506120 (e3e53437346286..., userDataDir: C:\Users\Cornel\AppData\Loc...}, cssSelectorsEnabled: true, databaseEnabled: false, handlesAlerts: true, hasTouchScreen: false, javascriptEnabled: true, locationContextEnabled: true, mobileEmulationEnabled: false, nativeEvents: true, networkConnectionEnabled: false, pageLoadStrategy: normal, platform: XP, platformName: XP, rotatable: false, setWindowRect: true, takesHeapSnapshot: true, takesScreenshot: true, unexpectedAlertBehaviour: , unhandledPromptBehavior: , version: 62.0.3202.94, webStorageEnabled: true}
Session ID: 04d287e4259e4dd180c9abc663ffad9a)

2017-11-28 18:58:27 - [TEST_STEP][FAILED] - click: Unable to click on object 'Object Repository/PrimoTours/Old Objects/ThankYouPage/printTicketSpan' (Root cause: org.openqa.selenium.WebDriverException: unknown error: Element <span id="printTicketSpan" data-bind="text: tourpaq.bookingEngine.languageStaticResources.PrintReceipt">...</span> is not clickable at point (508, 319). Other element would receive the click: <div class="se-pre-con" id="booking-overlay" style="opacity: 0.901409;"></div>
  (Session info: chrome=62.0.3202.94)
  (Driver info: chromedriver=2.33.506120 (e3e53437346286c0bc2d2dc9aa4915ba81d9023f),platform=Windows NT 6.3.9600 x86_64) (WARNING: The server did not provide any stacktrace information)
Command duration or timeout: 0 milliseconds
Build info: version: '3.7.1', revision: '8a0099a', time: '2017-11-06T21:07:36.161Z'
System info: host: 'NEACSUNEW-PC', ip: '10.10.10.211', os.name: 'Windows 8.1', os.arch: 'amd64', os.version: '6.3', java.version: '1.8.0_102'
Driver info: com.kms.katalon.selenium.driver.CChromeDriver
Capabilities {acceptSslCerts: true, applicationCacheEnabled: false, browserConnectionEnabled: false, browserName: chrome, chrome: {chromedriverVersion: 2.33.506120 (e3e53437346286..., userDataDir: C:\Users\Cornel\AppData\Loc...}, cssSelectorsEnabled: true, databaseEnabled: false, handlesAlerts: true, hasTouchScreen: false, javascriptEnabled: true, locationContextEnabled: true, mobileEmulationEnabled: false, nativeEvents: true, networkConnectionEnabled: false, pageLoadStrategy: normal, platform: XP, platformName: XP, rotatable: false, setWindowRect: true, takesHeapSnapshot: true, takesScreenshot: true, unexpectedAlertBehaviour: , unhandledPromptBehavior: , version: 62.0.3202.94, webStorageEnabled: true}
Session ID: 04d287e4259e4dd180c9abc663ffad9a)

2017-11-28 18:58:28 - [MESSAGE][FAILED] - Unable to click on object 'Object Repository/PrimoTours/Old Objects/ThankYouPage/printTicketSpan' (Root cause: org.openqa.selenium.WebDriverException: unknown error: Element <span id="printTicketSpan" data-bind="text: tourpaq.bookingEngine.languageStaticResources.PrintReceipt">...</span> is not clickable at point (508, 319). Other element would receive the click: <div class="se-pre-con" id="booking-overlay" style="opacity: 0.901409;"></div>
  (Session info: chrome=62.0.3202.94)
  (Driver info: chromedriver=2.33.506120 (e3e53437346286c0bc2d2dc9aa4915ba81d9023f),platform=Windows NT 6.3.9600 x86_64) (WARNING: The server did not provide any stacktrace information)
Command duration or timeout: 0 milliseconds
Build info: version: '3.7.1', revision: '8a0099a', time: '2017-11-06T21:07:36.161Z'
System info: host: 'NEACSUNEW-PC', ip: '10.10.10.211', os.name: 'Windows 8.1', os.arch: 'amd64', os.version: '6.3', java.version: '1.8.0_102'
Driver info: com.kms.katalon.selenium.driver.CChromeDriver
Capabilities {acceptSslCerts: true, applicationCacheEnabled: false, browserConnectionEnabled: false, browserName: chrome, chrome: {chromedriverVersion: 2.33.506120 (e3e53437346286..., userDataDir: C:\Users\Cornel\AppData\Loc...}, cssSelectorsEnabled: true, databaseEnabled: false, handlesAlerts: true, hasTouchScreen: false, javascriptEnabled: true, locationContextEnabled: true, mobileEmulationEnabled: false, nativeEvents: true, networkConnectionEnabled: false, pageLoadStrategy: normal, platform: XP, platformName: XP, rotatable: false, setWindowRect: true, takesHeapSnapshot: true, takesScreenshot: true, unexpectedAlertBehaviour: , unhandledPromptBehavior: , version: 62.0.3202.94, webStorageEnabled: true}
Session ID: 04d287e4259e4dd180c9abc663ffad9a)
[[ATTACHMENT|D:\\Software testing\\Tourpaq\\Automated Katalon tests\\Primo WB test\\Reports\\WB Primo From Excel URLs\\20171128_185633\\1511888308035.png]]

2017-11-28 18:58:28 - [TEST_STEP][PASSED] - Statement - Catch (Exception e): Object: 'Object Repository/PrimoTours/Old Objects/ThankYouPage/printTicketSpan' is clicked on

2017-11-28 18:58:28 - [TEST_STEP][PASSED] - click: Object: 'Object Repository/PrimoTours/Old Objects/ThankYouPage/printTicketSpan' is clicked on

2017-11-28 18:58:33 - [MESSAGE][PASSED] - Object: 'Object Repository/PrimoTours/Old Objects/ThankYouPage/printTicketSpan' is clicked on

2017-11-28 18:58:33 - [TEST_STEP][PASSED] - delay: Delayed 2 second(s)

2017-11-28 18:58:35 - [MESSAGE][PASSED] - Delayed 2 second(s)

2017-11-28 18:58:35 - [TEST_STEP][PASSED] - waitForElementVisible: Object 'Object Repository/PrimoTours/Old Objects/ThankYouPage/cCenterButton' is visible

2017-11-28 18:58:35 - [MESSAGE][PASSED] - Object 'Object Repository/PrimoTours/Old Objects/ThankYouPage/cCenterButton' is visible

2017-11-28 18:58:35 - [TEST_STEP][PASSED] - waitForElementClickable: Object 'Object Repository/PrimoTours/Old Objects/ThankYouPage/cCenterButton' is clickable

2017-11-28 18:58:35 - [MESSAGE][PASSED] - Object 'Object Repository/PrimoTours/Old Objects/ThankYouPage/cCenterButton' is clickable

2017-11-28 18:58:35 - [TEST_STEP][PASSED] - click: Object: 'Object Repository/PrimoTours/Old Objects/ThankYouPage/cCenterButton' is clicked on

2017-11-28 18:58:35 - [MESSAGE][PASSED] - Object: 'Object Repository/PrimoTours/Old Objects/ThankYouPage/cCenterButton' is clicked on

2017-11-28 18:58:35 - [TEST_STEP][PASSED] - waitForPageLoad: Wait for page load successfully

2017-11-28 18:58:35 - [MESSAGE][PASSED] - Wait for page load successfully

2017-11-28 18:58:35 - [TEST_STEP][PASSED] - waitForJQueryLoad: jQuery is ready.

2017-11-28 18:58:35 - [MESSAGE][PASSED] - jQuery is ready.

2017-11-28 18:58:35 - [TEST_STEP][PASSED] - waitForElementPresent: Object 'Object Repository/PrimoTours/Old Objects/CCenter/pageLoaderOverlayLayer' is present

2017-11-28 18:58:36 - [MESSAGE][PASSED] - Object 'Object Repository/PrimoTours/Old Objects/CCenter/pageLoaderOverlayLayer' is present

2017-11-28 18:58:36 - [TEST_STEP][PASSED] - waitForElementNotVisible: Object 'Object Repository/PrimoTours/Old Objects/CCenter/pageLoaderOverlayLayer' is NOT visible

2017-11-28 18:58:36 - [MESSAGE][PASSED] - Object 'Object Repository/PrimoTours/Old Objects/CCenter/pageLoaderOverlayLayer' is NOT visible

2017-11-28 18:58:36 - [TEST_STEP][PASSED] - verifyElementVisible: Object 'Object Repository/PrimoTours/Old Objects/ThankYouPage/bookingNoContainer' is visible

2017-11-28 18:58:36 - [MESSAGE][PASSED] - Object 'Object Repository/PrimoTours/Old Objects/ThankYouPage/bookingNoContainer' is visible

2017-11-28 18:58:36 - [TEST_STEP][PASSED] - verifyElementVisible: Object 'Object Repository/PrimoTours/Old Objects/ThankYouPage/bookingTotalPriceBar' is visible

2017-11-28 18:58:36 - [MESSAGE][PASSED] - Object 'Object Repository/PrimoTours/Old Objects/ThankYouPage/bookingTotalPriceBar' is visible

2017-11-28 18:58:36 - [TEST_STEP][PASSED] - delay: Delayed 1 second(s)

2017-11-28 18:58:37 - [MESSAGE][PASSED] - Delayed 1 second(s)]]></system-out>
         <system-err><![CDATA[2017-11-28 18:58:02 - [TEST_CASE][FAILED] - Test Cases/PrimoTours/WB Primo/WB Primo staging - place booking - Iteration 4: Unable to click on object 'Object Repository/PrimoTours/Old Objects/ThankYouPage/printTicketSpan' (Root cause: org.openqa.selenium.WebDriverException: unknown error: Element <span id="printTicketSpan" data-bind="text: tourpaq.bookingEngine.languageStaticResources.PrintReceipt">...</span> is not clickable at point (508, 319). Other element would receive the click: <div class="se-pre-con" id="booking-overlay" style="opacity: 0.901409;"></div>
  (Session info: chrome=62.0.3202.94)
  (Driver info: chromedriver=2.33.506120 (e3e53437346286c0bc2d2dc9aa4915ba81d9023f),platform=Windows NT 6.3.9600 x86_64) (WARNING: The server did not provide any stacktrace information)
Command duration or timeout: 0 milliseconds
Build info: version: '3.7.1', revision: '8a0099a', time: '2017-11-06T21:07:36.161Z'
System info: host: 'NEACSUNEW-PC', ip: '10.10.10.211', os.name: 'Windows 8.1', os.arch: 'amd64', os.version: '6.3', java.version: '1.8.0_102'
Driver info: com.kms.katalon.selenium.driver.CChromeDriver
Capabilities {acceptSslCerts: true, applicationCacheEnabled: false, browserConnectionEnabled: false, browserName: chrome, chrome: {chromedriverVersion: 2.33.506120 (e3e53437346286..., userDataDir: C:\Users\Cornel\AppData\Loc...}, cssSelectorsEnabled: true, databaseEnabled: false, handlesAlerts: true, hasTouchScreen: false, javascriptEnabled: true, locationContextEnabled: true, mobileEmulationEnabled: false, nativeEvents: true, networkConnectionEnabled: false, pageLoadStrategy: normal, platform: XP, platformName: XP, rotatable: false, setWindowRect: true, takesHeapSnapshot: true, takesScreenshot: true, unexpectedAlertBehaviour: , unhandledPromptBehavior: , version: 62.0.3202.94, webStorageEnabled: true}
Session ID: 04d287e4259e4dd180c9abc663ffad9a)]]></system-err>
      </testcase>
      <testcase name="Test Cases/PrimoTours/WB Primo/WB Primo staging - place booking - Iteration 5" classname="Test Cases/PrimoTours/WB Primo/WB Primo staging - place booking" status="FAILED">
         <failure type="FAILED" message="Unable to click on object 'Object Repository/PrimoTours/Old Objects/ThankYouPage/printTicketSpan' (Root cause: org.openqa.selenium.WebDriverException: unknown error: Element &lt;span id=&quot;printTicketSpan&quot; data-bind=&quot;text: tourpaq.bookingEngine.languageStaticResources.PrintReceipt&quot;>...&lt;/span> is not clickable at point (508, 319). Other element would receive the click: &lt;div class=&quot;se-pre-con&quot; id=&quot;booking-overlay&quot; style=&quot;opacity: 0.696169;&quot;>&lt;/div>
  (Session info: chrome=62.0.3202.94)
  (Driver info: chromedriver=2.33.506120 (e3e53437346286c0bc2d2dc9aa4915ba81d9023f),platform=Windows NT 6.3.9600 x86_64) (WARNING: The server did not provide any stacktrace information)
Command duration or timeout: 0 milliseconds
Build info: version: '3.7.1', revision: '8a0099a', time: '2017-11-06T21:07:36.161Z'
System info: host: 'NEACSUNEW-PC', ip: '10.10.10.211', os.name: 'Windows 8.1', os.arch: 'amd64', os.version: '6.3', java.version: '1.8.0_102'
Driver info: com.kms.katalon.selenium.driver.CChromeDriver
Capabilities {acceptSslCerts: true, applicationCacheEnabled: false, browserConnectionEnabled: false, browserName: chrome, chrome: {chromedriverVersion: 2.33.506120 (e3e53437346286..., userDataDir: C:\Users\Cornel\AppData\Loc...}, cssSelectorsEnabled: true, databaseEnabled: false, handlesAlerts: true, hasTouchScreen: false, javascriptEnabled: true, locationContextEnabled: true, mobileEmulationEnabled: false, nativeEvents: true, networkConnectionEnabled: false, pageLoadStrategy: normal, platform: XP, platformName: XP, rotatable: false, setWindowRect: true, takesHeapSnapshot: true, takesScreenshot: true, unexpectedAlertBehaviour: , unhandledPromptBehavior: , version: 62.0.3202.94, webStorageEnabled: true}
Session ID: d59183c47271e6a538790fc9b920ae6c)"/>
         <system-out><![CDATA[2017-11-28 18:58:37 - [TEST_CASE][FAILED] - Test Cases/PrimoTours/WB Primo/WB Primo staging - place booking - Iteration 5: Unable to click on object 'Object Repository/PrimoTours/Old Objects/ThankYouPage/printTicketSpan' (Root cause: org.openqa.selenium.WebDriverException: unknown error: Element <span id="printTicketSpan" data-bind="text: tourpaq.bookingEngine.languageStaticResources.PrintReceipt">...</span> is not clickable at point (508, 319). Other element would receive the click: <div class="se-pre-con" id="booking-overlay" style="opacity: 0.696169;"></div>
  (Session info: chrome=62.0.3202.94)
  (Driver info: chromedriver=2.33.506120 (e3e53437346286c0bc2d2dc9aa4915ba81d9023f),platform=Windows NT 6.3.9600 x86_64) (WARNING: The server did not provide any stacktrace information)
Command duration or timeout: 0 milliseconds
Build info: version: '3.7.1', revision: '8a0099a', time: '2017-11-06T21:07:36.161Z'
System info: host: 'NEACSUNEW-PC', ip: '10.10.10.211', os.name: 'Windows 8.1', os.arch: 'amd64', os.version: '6.3', java.version: '1.8.0_102'
Driver info: com.kms.katalon.selenium.driver.CChromeDriver
Capabilities {acceptSslCerts: true, applicationCacheEnabled: false, browserConnectionEnabled: false, browserName: chrome, chrome: {chromedriverVersion: 2.33.506120 (e3e53437346286..., userDataDir: C:\Users\Cornel\AppData\Loc...}, cssSelectorsEnabled: true, databaseEnabled: false, handlesAlerts: true, hasTouchScreen: false, javascriptEnabled: true, locationContextEnabled: true, mobileEmulationEnabled: false, nativeEvents: true, networkConnectionEnabled: false, pageLoadStrategy: normal, platform: XP, platformName: XP, rotatable: false, setWindowRect: true, takesHeapSnapshot: true, takesScreenshot: true, unexpectedAlertBehaviour: , unhandledPromptBehavior: , version: 62.0.3202.94, webStorageEnabled: true}
Session ID: d59183c47271e6a538790fc9b920ae6c)

2017-11-28 18:58:37 - [TEST_STEP][PASSED] - openBrowser: Browser is opened with url: ''

2017-11-28 18:58:37 - [MESSAGE][WARNING] - A browser is already opened. Closing browser and opening a new one

2017-11-28 18:58:40 - [MESSAGE][PASSED] - Browser is opened with url: ''

2017-11-28 18:58:40 - [TEST_STEP][PASSED] - maximizeWindow: Current window maximized

2017-11-28 18:58:41 - [MESSAGE][PASSED] - Current window maximized

2017-11-28 18:58:41 - [TEST_STEP][PASSED] - navigateToUrl: Navigate to 'https://staging-primotours-webbooking.tourpaq.com/DoBooking.aspx?pltaID=1480269,1480294&p=1&rno=1,1&pt=1,1&a=2,2&c=2,2&aa=&ca=1,4|0,5' successfully

2017-11-28 18:58:43 - [MESSAGE][PASSED] - Navigate to 'https://staging-primotours-webbooking.tourpaq.com/DoBooking.aspx?pltaID=1480269,1480294&p=1&rno=1,1&pt=1,1&a=2,2&c=2,2&aa=&ca=1,4|0,5' successfully

2017-11-28 18:58:43 - [TEST_STEP][PASSED] - setText: Text 'Pedersen AUT' is set on object 'Object Repository/PrimoTours/Old Objects/Coco/PrimoT/Page_Primo Tours  Danmarks bedste c/input_firstName'

2017-11-28 18:58:43 - [MESSAGE][PASSED] - Text 'Pedersen AUT' is set on object 'Object Repository/PrimoTours/Old Objects/Coco/PrimoT/Page_Primo Tours  Danmarks bedste c/input_firstName'

2017-11-28 18:58:43 - [TEST_STEP][PASSED] - setText: Text 'Vibe Dalby' is set on object 'Object Repository/PrimoTours/Old Objects/Coco/PrimoT/Page_Primo Tours  Danmarks bedste c/input_lastName'

2017-11-28 18:58:44 - [MESSAGE][PASSED] - Text 'Vibe Dalby' is set on object 'Object Repository/PrimoTours/Old Objects/Coco/PrimoT/Page_Primo Tours  Danmarks bedste c/input_lastName'

2017-11-28 18:58:44 - [TEST_STEP][PASSED] - setText: Text 'Home address' is set on object 'Object Repository/PrimoTours/Old Objects/Coco/PrimoT/Page_Primo Tours  Danmarks bedste c/input_customerAddress'

2017-11-28 18:58:44 - [MESSAGE][PASSED] - Text 'Home address' is set on object 'Object Repository/PrimoTours/Old Objects/Coco/PrimoT/Page_Primo Tours  Danmarks bedste c/input_customerAddress'

2017-11-28 18:58:44 - [TEST_STEP][PASSED] - setText: Text '6700' is set on object 'Object Repository/PrimoTours/Old Objects/Coco/PrimoT/Page_Primo Tours  Danmarks bedste c/input_customerPostcode'

2017-11-28 18:58:44 - [MESSAGE][PASSED] - Text '6700' is set on object 'Object Repository/PrimoTours/Old Objects/Coco/PrimoT/Page_Primo Tours  Danmarks bedste c/input_customerPostcode'

2017-11-28 18:58:44 - [TEST_STEP][PASSED] - setText: Text 'cornel.neacsu@roweb.ro' is set on object 'Object Repository/PrimoTours/Old Objects/Coco/PrimoT/Page_Primo Tours  Danmarks bedste c/input_customerEmail'

2017-11-28 18:58:45 - [MESSAGE][PASSED] - Text 'cornel.neacsu@roweb.ro' is set on object 'Object Repository/PrimoTours/Old Objects/Coco/PrimoT/Page_Primo Tours  Danmarks bedste c/input_customerEmail'

2017-11-28 18:58:45 - [TEST_STEP][PASSED] - setText: Text '12345678' is set on object 'Object Repository/PrimoTours/Old Objects/Coco/PrimoT/Page_Primo Tours  Danmarks bedste c/input_customerPhone'

2017-11-28 18:58:45 - [MESSAGE][PASSED] - Text '12345678' is set on object 'Object Repository/PrimoTours/Old Objects/Coco/PrimoT/Page_Primo Tours  Danmarks bedste c/input_customerPhone'

2017-11-28 18:58:45 - [TEST_STEP][PASSED] - Statement - excelInfo = ["fname":"", "lname":"", "pgender":"", "pday":"", "pmonth":"", "pyear":""]: null

2017-11-28 18:58:45 - [TEST_STEP][PASSED] - Statement - rawData = com.kms.katalon.core.testdata.TestDataFactory.findTestData("Data Files/WB_Primo/Passenger_details"): Reading excel file with source file 'D:\Software testing\Tourpaq\Automated Katalon tests\Primo WB test\Data Files\Primo_URLs_For_Automated_Test.xls' and sheet name 'Passenger Names'

2017-11-28 18:58:45 - [TEST_STEP][PASSED] - Statement - excelRowNo = rawData.getRowNumbers(): null

2017-11-28 18:58:45 - [TEST_STEP][PASSED] - Statement - randomPaxIndex = 1: null

2017-11-28 18:58:45 - [TEST_STEP][PASSED] - waitForElementClickable: Object 'Object Repository/PrimoTours/Old Objects/Coco/PrimoT/Page_Primo Tours  Danmarks bedste c/input_firstname-0_1' is clickable

2017-11-28 18:58:47 - [MESSAGE][PASSED] - Object 'Object Repository/PrimoTours/Old Objects/Coco/PrimoT/Page_Primo Tours  Danmarks bedste c/input_firstname-0_1' is clickable

2017-11-28 18:58:47 - [TEST_STEP][PASSED] - Statement - driver = com.kms.katalon.core.webui.driver.DriverFactory.getWebDriver(): null

2017-11-28 18:58:47 - [TEST_STEP][PASSED] - Statement - roomContainerXpath = "id("booking")/div[@class="wrapper second-bg"]/div[contains(@class,"container-mx")]/div[@class="row"]/div[@class="col-md-12 roomContainer"]": null

2017-11-28 18:58:47 - [TEST_STEP][PASSED] - Statement - roomsCount = driver.findElements(org.openqa.selenium.By.xpath(roomContainerXpath)).size(): null

2017-11-28 18:58:47 - [TEST_STEP][PASSED] - Statement - println("roomsCount=" + roomsCount): null

2017-11-28 18:58:47 - [TEST_STEP][PASSED] - Statement - For ([i = 1, i <= roomsCount, (i++)]): Text 'John Lisbjerg' is set on object 'Object Repository/PrimoTours/Old Objects/allPaxLastNameFields'

2017-11-28 18:58:47 - [TEST_STEP][PASSED] - Statement - paxInRoomXpath = roomContainerXpath + "[" + i + "]/div[@class="row"]/div[@class="col-md-12"]/div[@class="row"]": null

2017-11-28 18:58:47 - [TEST_STEP][PASSED] - Statement - paxInRoomCount = driver.findElements(org.openqa.selenium.By.xpath(paxInRoomXpath)).size(): null

2017-11-28 18:58:47 - [TEST_STEP][PASSED] - Statement - println("paxInRoomCount=" + paxInRoomCount): null

2017-11-28 18:58:47 - [TEST_STEP][PASSED] - Statement - For ([j = 1, j <= paxInRoomCount, (j++)]): Text 'Dorte' is set on object 'Object Repository/PrimoTours/Old Objects/allPaxLastNameFields'

2017-11-28 18:58:47 - [TEST_STEP][PASSED] - Statement - If (i == 1 & j == 1): null

2017-11-28 18:58:47 - [TEST_STEP][PASSED] - Statement - <not implemented yet for class: org.codehaus.groovy.ast.stmt.ContinueStatement>: null

2017-11-28 18:58:47 - [TEST_STEP][PASSED] - Statement - If (i == 1 & j == 1): null

2017-11-28 18:58:47 - [TEST_STEP][PASSED] - Statement - randomPaxIndex = java.lang.Math.abs(new java.util.Random().nextInt() % excelRowNo) + 1: null

2017-11-28 18:58:47 - [TEST_STEP][PASSED] - Statement - println(randomPaxIndex): null

2017-11-28 18:58:47 - [TEST_STEP][PASSED] - Statement - fname = rawData.getValue("FirstName", randomPaxIndex) + " AUT": null

2017-11-28 18:58:47 - [TEST_STEP][PASSED] - Statement - lname = rawData.getValue("LastName", randomPaxIndex): null

2017-11-28 18:58:47 - [TEST_STEP][PASSED] - Statement - pgender = rawData.getValue("Gender", randomPaxIndex): null

2017-11-28 18:58:47 - [TEST_STEP][PASSED] - Statement - pday = rawData.getValue("Day DOB", randomPaxIndex): null

2017-11-28 18:58:47 - [TEST_STEP][PASSED] - Statement - pmonth = rawData.getValue("Month DOB", randomPaxIndex): null

2017-11-28 18:58:47 - [TEST_STEP][PASSED] - Statement - pyear = rawData.getValue("Year DOB", randomPaxIndex): null

2017-11-28 18:58:47 - [TEST_STEP][PASSED] - Statement - paxDetailFields = paxInRoomXpath + "[" + j + "]/div[@class="col-md-x col-md-9"]/div[@class="row paxContainer"]/div[@class="col-md-5"]": null

2017-11-28 18:58:47 - [TEST_STEP][PASSED] - Statement - xpathval = paxDetailFields + "[1]/div[contains(@class,"form-group")]/input[@class="form-control paxFirstName"]": null

2017-11-28 18:58:47 - [TEST_STEP][PASSED] - Statement - println("fn: " + xpathval): null

2017-11-28 18:58:47 - [TEST_STEP][PASSED] - Statement - repObj = com.kms.katalon.core.testobject.ObjectRepository.findTestObject(Object Repository/PrimoTours/Old Objects/allPaxFirstNameFields): Finding Test Object with id 'Object Repository/PrimoTours/Old Objects/allPaxFirstNameFields'

2017-11-28 18:58:47 - [TEST_STEP][PASSED] - Statement - repObj.findProperty("xpath").setValue(xpathval): null

2017-11-28 18:58:47 - [TEST_STEP][PASSED] - setText: Text 'Juliussen AUT' is set on object 'Object Repository/PrimoTours/Old Objects/allPaxFirstNameFields'

2017-11-28 18:58:47 - [MESSAGE][PASSED] - Text 'Juliussen AUT' is set on object 'Object Repository/PrimoTours/Old Objects/allPaxFirstNameFields'

2017-11-28 18:58:47 - [TEST_STEP][PASSED] - Statement - xpathval = paxDetailFields + "[2]/div[contains(@class,"form-group")]/input[@class="form-control paxLastName"]": null

2017-11-28 18:58:47 - [TEST_STEP][PASSED] - Statement - println("ln: " + xpathval): null

2017-11-28 18:58:47 - [TEST_STEP][PASSED] - Statement - repObj = com.kms.katalon.core.testobject.ObjectRepository.findTestObject(Object Repository/PrimoTours/Old Objects/allPaxLastNameFields): Finding Test Object with id 'Object Repository/PrimoTours/Old Objects/allPaxLastNameFields'

2017-11-28 18:58:47 - [TEST_STEP][PASSED] - Statement - repObj.findProperty("xpath").setValue(xpathval): null

2017-11-28 18:58:47 - [TEST_STEP][PASSED] - setText: Text 'Trine Holm' is set on object 'Object Repository/PrimoTours/Old Objects/allPaxLastNameFields'

2017-11-28 18:58:48 - [MESSAGE][PASSED] - Text 'Trine Holm' is set on object 'Object Repository/PrimoTours/Old Objects/allPaxLastNameFields'

2017-11-28 18:58:48 - [TEST_STEP][PASSED] - Statement - If (i == 1 & j == 1): null

2017-11-28 18:58:48 - [TEST_STEP][PASSED] - Statement - randomPaxIndex = java.lang.Math.abs(new java.util.Random().nextInt() % excelRowNo) + 1: null

2017-11-28 18:58:48 - [TEST_STEP][PASSED] - Statement - println(randomPaxIndex): null

2017-11-28 18:58:48 - [TEST_STEP][PASSED] - Statement - fname = rawData.getValue("FirstName", randomPaxIndex) + " AUT": null

2017-11-28 18:58:48 - [TEST_STEP][PASSED] - Statement - lname = rawData.getValue("LastName", randomPaxIndex): null

2017-11-28 18:58:48 - [TEST_STEP][PASSED] - Statement - pgender = rawData.getValue("Gender", randomPaxIndex): null

2017-11-28 18:58:48 - [TEST_STEP][PASSED] - Statement - pday = rawData.getValue("Day DOB", randomPaxIndex): null

2017-11-28 18:58:48 - [TEST_STEP][PASSED] - Statement - pmonth = rawData.getValue("Month DOB", randomPaxIndex): null

2017-11-28 18:58:48 - [TEST_STEP][PASSED] - Statement - pyear = rawData.getValue("Year DOB", randomPaxIndex): null

2017-11-28 18:58:48 - [TEST_STEP][PASSED] - Statement - paxDetailFields = paxInRoomXpath + "[" + j + "]/div[@class="col-md-x col-md-9"]/div[@class="row paxContainer"]/div[@class="col-md-5"]": null

2017-11-28 18:58:48 - [TEST_STEP][PASSED] - Statement - xpathval = paxDetailFields + "[1]/div[contains(@class,"form-group")]/input[@class="form-control paxFirstName"]": null

2017-11-28 18:58:48 - [TEST_STEP][PASSED] - Statement - println("fn: " + xpathval): null

2017-11-28 18:58:48 - [TEST_STEP][PASSED] - Statement - repObj = com.kms.katalon.core.testobject.ObjectRepository.findTestObject(Object Repository/PrimoTours/Old Objects/allPaxFirstNameFields): Finding Test Object with id 'Object Repository/PrimoTours/Old Objects/allPaxFirstNameFields'

2017-11-28 18:58:48 - [TEST_STEP][PASSED] - Statement - repObj.findProperty("xpath").setValue(xpathval): null

2017-11-28 18:58:48 - [TEST_STEP][PASSED] - setText: Text 'Simmelkiær AUT' is set on object 'Object Repository/PrimoTours/Old Objects/allPaxFirstNameFields'

2017-11-28 18:58:48 - [MESSAGE][PASSED] - Text 'Simmelkiær AUT' is set on object 'Object Repository/PrimoTours/Old Objects/allPaxFirstNameFields'

2017-11-28 18:58:48 - [TEST_STEP][PASSED] - Statement - xpathval = paxDetailFields + "[2]/div[contains(@class,"form-group")]/input[@class="form-control paxLastName"]": null

2017-11-28 18:58:48 - [TEST_STEP][PASSED] - Statement - println("ln: " + xpathval): null

2017-11-28 18:58:48 - [TEST_STEP][PASSED] - Statement - repObj = com.kms.katalon.core.testobject.ObjectRepository.findTestObject(Object Repository/PrimoTours/Old Objects/allPaxLastNameFields): Finding Test Object with id 'Object Repository/PrimoTours/Old Objects/allPaxLastNameFields'

2017-11-28 18:58:48 - [TEST_STEP][PASSED] - Statement - repObj.findProperty("xpath").setValue(xpathval): null

2017-11-28 18:58:48 - [TEST_STEP][PASSED] - setText: Text 'Astrid' is set on object 'Object Repository/PrimoTours/Old Objects/allPaxLastNameFields'

2017-11-28 18:58:48 - [MESSAGE][PASSED] - Text 'Astrid' is set on object 'Object Repository/PrimoTours/Old Objects/allPaxLastNameFields'

2017-11-28 18:58:48 - [TEST_STEP][PASSED] - Statement - If (i == 1 & j == 1): null

2017-11-28 18:58:48 - [TEST_STEP][PASSED] - Statement - randomPaxIndex = java.lang.Math.abs(new java.util.Random().nextInt() % excelRowNo) + 1: null

2017-11-28 18:58:48 - [TEST_STEP][PASSED] - Statement - println(randomPaxIndex): null

2017-11-28 18:58:48 - [TEST_STEP][PASSED] - Statement - fname = rawData.getValue("FirstName", randomPaxIndex) + " AUT": null

2017-11-28 18:58:48 - [TEST_STEP][PASSED] - Statement - lname = rawData.getValue("LastName", randomPaxIndex): null

2017-11-28 18:58:48 - [TEST_STEP][PASSED] - Statement - pgender = rawData.getValue("Gender", randomPaxIndex): null

2017-11-28 18:58:48 - [TEST_STEP][PASSED] - Statement - pday = rawData.getValue("Day DOB", randomPaxIndex): null

2017-11-28 18:58:48 - [TEST_STEP][PASSED] - Statement - pmonth = rawData.getValue("Month DOB", randomPaxIndex): null

2017-11-28 18:58:48 - [TEST_STEP][PASSED] - Statement - pyear = rawData.getValue("Year DOB", randomPaxIndex): null

2017-11-28 18:58:48 - [TEST_STEP][PASSED] - Statement - paxDetailFields = paxInRoomXpath + "[" + j + "]/div[@class="col-md-x col-md-9"]/div[@class="row paxContainer"]/div[@class="col-md-5"]": null

2017-11-28 18:58:48 - [TEST_STEP][PASSED] - Statement - xpathval = paxDetailFields + "[1]/div[contains(@class,"form-group")]/input[@class="form-control paxFirstName"]": null

2017-11-28 18:58:48 - [TEST_STEP][PASSED] - Statement - println("fn: " + xpathval): null

2017-11-28 18:58:48 - [TEST_STEP][PASSED] - Statement - repObj = com.kms.katalon.core.testobject.ObjectRepository.findTestObject(Object Repository/PrimoTours/Old Objects/allPaxFirstNameFields): Finding Test Object with id 'Object Repository/PrimoTours/Old Objects/allPaxFirstNameFields'

2017-11-28 18:58:48 - [TEST_STEP][PASSED] - Statement - repObj.findProperty("xpath").setValue(xpathval): null

2017-11-28 18:58:48 - [TEST_STEP][PASSED] - setText: Text 'Spangsø AUT' is set on object 'Object Repository/PrimoTours/Old Objects/allPaxFirstNameFields'

2017-11-28 18:58:49 - [MESSAGE][PASSED] - Text 'Spangsø AUT' is set on object 'Object Repository/PrimoTours/Old Objects/allPaxFirstNameFields'

2017-11-28 18:58:49 - [TEST_STEP][PASSED] - Statement - xpathval = paxDetailFields + "[2]/div[contains(@class,"form-group")]/input[@class="form-control paxLastName"]": null

2017-11-28 18:58:49 - [TEST_STEP][PASSED] - Statement - println("ln: " + xpathval): null

2017-11-28 18:58:49 - [TEST_STEP][PASSED] - Statement - repObj = com.kms.katalon.core.testobject.ObjectRepository.findTestObject(Object Repository/PrimoTours/Old Objects/allPaxLastNameFields): Finding Test Object with id 'Object Repository/PrimoTours/Old Objects/allPaxLastNameFields'

2017-11-28 18:58:49 - [TEST_STEP][PASSED] - Statement - repObj.findProperty("xpath").setValue(xpathval): null

2017-11-28 18:58:49 - [TEST_STEP][PASSED] - setText: Text 'Dorte' is set on object 'Object Repository/PrimoTours/Old Objects/allPaxLastNameFields'

2017-11-28 18:58:49 - [MESSAGE][PASSED] - Text 'Dorte' is set on object 'Object Repository/PrimoTours/Old Objects/allPaxLastNameFields'

2017-11-28 18:58:49 - [TEST_STEP][PASSED] - Statement - paxInRoomXpath = roomContainerXpath + "[" + i + "]/div[@class="row"]/div[@class="col-md-12"]/div[@class="row"]": null

2017-11-28 18:58:49 - [TEST_STEP][PASSED] - Statement - paxInRoomCount = driver.findElements(org.openqa.selenium.By.xpath(paxInRoomXpath)).size(): null

2017-11-28 18:58:49 - [TEST_STEP][PASSED] - Statement - println("paxInRoomCount=" + paxInRoomCount): null

2017-11-28 18:58:49 - [TEST_STEP][PASSED] - Statement - For ([j = 1, j <= paxInRoomCount, (j++)]): Text 'John Lisbjerg' is set on object 'Object Repository/PrimoTours/Old Objects/allPaxLastNameFields'

2017-11-28 18:58:49 - [TEST_STEP][PASSED] - Statement - If (i == 1 & j == 1): null

2017-11-28 18:58:49 - [TEST_STEP][PASSED] - Statement - randomPaxIndex = java.lang.Math.abs(new java.util.Random().nextInt() % excelRowNo) + 1: null

2017-11-28 18:58:49 - [TEST_STEP][PASSED] - Statement - println(randomPaxIndex): null

2017-11-28 18:58:49 - [TEST_STEP][PASSED] - Statement - fname = rawData.getValue("FirstName", randomPaxIndex) + " AUT": null

2017-11-28 18:58:49 - [TEST_STEP][PASSED] - Statement - lname = rawData.getValue("LastName", randomPaxIndex): null

2017-11-28 18:58:49 - [TEST_STEP][PASSED] - Statement - pgender = rawData.getValue("Gender", randomPaxIndex): null

2017-11-28 18:58:49 - [TEST_STEP][PASSED] - Statement - pday = rawData.getValue("Day DOB", randomPaxIndex): null

2017-11-28 18:58:49 - [TEST_STEP][PASSED] - Statement - pmonth = rawData.getValue("Month DOB", randomPaxIndex): null

2017-11-28 18:58:49 - [TEST_STEP][PASSED] - Statement - pyear = rawData.getValue("Year DOB", randomPaxIndex): null

2017-11-28 18:58:49 - [TEST_STEP][PASSED] - Statement - paxDetailFields = paxInRoomXpath + "[" + j + "]/div[@class="col-md-x col-md-9"]/div[@class="row paxContainer"]/div[@class="col-md-5"]": null

2017-11-28 18:58:49 - [TEST_STEP][PASSED] - Statement - xpathval = paxDetailFields + "[1]/div[contains(@class,"form-group")]/input[@class="form-control paxFirstName"]": null

2017-11-28 18:58:49 - [TEST_STEP][PASSED] - Statement - println("fn: " + xpathval): null

2017-11-28 18:58:49 - [TEST_STEP][PASSED] - Statement - repObj = com.kms.katalon.core.testobject.ObjectRepository.findTestObject(Object Repository/PrimoTours/Old Objects/allPaxFirstNameFields): Finding Test Object with id 'Object Repository/PrimoTours/Old Objects/allPaxFirstNameFields'

2017-11-28 18:58:49 - [TEST_STEP][PASSED] - Statement - repObj.findProperty("xpath").setValue(xpathval): null

2017-11-28 18:58:49 - [TEST_STEP][PASSED] - setText: Text 'Rasmussen AUT' is set on object 'Object Repository/PrimoTours/Old Objects/allPaxFirstNameFields'

2017-11-28 18:58:49 - [MESSAGE][PASSED] - Text 'Rasmussen AUT' is set on object 'Object Repository/PrimoTours/Old Objects/allPaxFirstNameFields'

2017-11-28 18:58:49 - [TEST_STEP][PASSED] - Statement - xpathval = paxDetailFields + "[2]/div[contains(@class,"form-group")]/input[@class="form-control paxLastName"]": null

2017-11-28 18:58:49 - [TEST_STEP][PASSED] - Statement - println("ln: " + xpathval): null

2017-11-28 18:58:49 - [TEST_STEP][PASSED] - Statement - repObj = com.kms.katalon.core.testobject.ObjectRepository.findTestObject(Object Repository/PrimoTours/Old Objects/allPaxLastNameFields): Finding Test Object with id 'Object Repository/PrimoTours/Old Objects/allPaxLastNameFields'

2017-11-28 18:58:49 - [TEST_STEP][PASSED] - Statement - repObj.findProperty("xpath").setValue(xpathval): null

2017-11-28 18:58:49 - [TEST_STEP][PASSED] - setText: Text 'Johanne Astrup' is set on object 'Object Repository/PrimoTours/Old Objects/allPaxLastNameFields'

2017-11-28 18:58:50 - [MESSAGE][PASSED] - Text 'Johanne Astrup' is set on object 'Object Repository/PrimoTours/Old Objects/allPaxLastNameFields'

2017-11-28 18:58:50 - [TEST_STEP][PASSED] - Statement - If (i == 1 & j == 1): null

2017-11-28 18:58:50 - [TEST_STEP][PASSED] - Statement - randomPaxIndex = java.lang.Math.abs(new java.util.Random().nextInt() % excelRowNo) + 1: null

2017-11-28 18:58:50 - [TEST_STEP][PASSED] - Statement - println(randomPaxIndex): null

2017-11-28 18:58:50 - [TEST_STEP][PASSED] - Statement - fname = rawData.getValue("FirstName", randomPaxIndex) + " AUT": null

2017-11-28 18:58:50 - [TEST_STEP][PASSED] - Statement - lname = rawData.getValue("LastName", randomPaxIndex): null

2017-11-28 18:58:50 - [TEST_STEP][PASSED] - Statement - pgender = rawData.getValue("Gender", randomPaxIndex): null

2017-11-28 18:58:50 - [TEST_STEP][PASSED] - Statement - pday = rawData.getValue("Day DOB", randomPaxIndex): null

2017-11-28 18:58:50 - [TEST_STEP][PASSED] - Statement - pmonth = rawData.getValue("Month DOB", randomPaxIndex): null

2017-11-28 18:58:50 - [TEST_STEP][PASSED] - Statement - pyear = rawData.getValue("Year DOB", randomPaxIndex): null

2017-11-28 18:58:50 - [TEST_STEP][PASSED] - Statement - paxDetailFields = paxInRoomXpath + "[" + j + "]/div[@class="col-md-x col-md-9"]/div[@class="row paxContainer"]/div[@class="col-md-5"]": null

2017-11-28 18:58:50 - [TEST_STEP][PASSED] - Statement - xpathval = paxDetailFields + "[1]/div[contains(@class,"form-group")]/input[@class="form-control paxFirstName"]": null

2017-11-28 18:58:50 - [TEST_STEP][PASSED] - Statement - println("fn: " + xpathval): null

2017-11-28 18:58:50 - [TEST_STEP][PASSED] - Statement - repObj = com.kms.katalon.core.testobject.ObjectRepository.findTestObject(Object Repository/PrimoTours/Old Objects/allPaxFirstNameFields): Finding Test Object with id 'Object Repository/PrimoTours/Old Objects/allPaxFirstNameFields'

2017-11-28 18:58:50 - [TEST_STEP][PASSED] - Statement - repObj.findProperty("xpath").setValue(xpathval): null

2017-11-28 18:58:50 - [TEST_STEP][PASSED] - setText: Text 'Rebsdorf AUT' is set on object 'Object Repository/PrimoTours/Old Objects/allPaxFirstNameFields'

2017-11-28 18:58:50 - [MESSAGE][PASSED] - Text 'Rebsdorf AUT' is set on object 'Object Repository/PrimoTours/Old Objects/allPaxFirstNameFields'

2017-11-28 18:58:50 - [TEST_STEP][PASSED] - Statement - xpathval = paxDetailFields + "[2]/div[contains(@class,"form-group")]/input[@class="form-control paxLastName"]": null

2017-11-28 18:58:50 - [TEST_STEP][PASSED] - Statement - println("ln: " + xpathval): null

2017-11-28 18:58:50 - [TEST_STEP][PASSED] - Statement - repObj = com.kms.katalon.core.testobject.ObjectRepository.findTestObject(Object Repository/PrimoTours/Old Objects/allPaxLastNameFields): Finding Test Object with id 'Object Repository/PrimoTours/Old Objects/allPaxLastNameFields'

2017-11-28 18:58:50 - [TEST_STEP][PASSED] - Statement - repObj.findProperty("xpath").setValue(xpathval): null

2017-11-28 18:58:50 - [TEST_STEP][PASSED] - setText: Text 'Thomas' is set on object 'Object Repository/PrimoTours/Old Objects/allPaxLastNameFields'

2017-11-28 18:58:50 - [MESSAGE][PASSED] - Text 'Thomas' is set on object 'Object Repository/PrimoTours/Old Objects/allPaxLastNameFields'

2017-11-28 18:58:50 - [TEST_STEP][PASSED] - Statement - If (i == 1 & j == 1): null

2017-11-28 18:58:50 - [TEST_STEP][PASSED] - Statement - randomPaxIndex = java.lang.Math.abs(new java.util.Random().nextInt() % excelRowNo) + 1: null

2017-11-28 18:58:50 - [TEST_STEP][PASSED] - Statement - println(randomPaxIndex): null

2017-11-28 18:58:50 - [TEST_STEP][PASSED] - Statement - fname = rawData.getValue("FirstName", randomPaxIndex) + " AUT": null

2017-11-28 18:58:50 - [TEST_STEP][PASSED] - Statement - lname = rawData.getValue("LastName", randomPaxIndex): null

2017-11-28 18:58:50 - [TEST_STEP][PASSED] - Statement - pgender = rawData.getValue("Gender", randomPaxIndex): null

2017-11-28 18:58:50 - [TEST_STEP][PASSED] - Statement - pday = rawData.getValue("Day DOB", randomPaxIndex): null

2017-11-28 18:58:50 - [TEST_STEP][PASSED] - Statement - pmonth = rawData.getValue("Month DOB", randomPaxIndex): null

2017-11-28 18:58:50 - [TEST_STEP][PASSED] - Statement - pyear = rawData.getValue("Year DOB", randomPaxIndex): null

2017-11-28 18:58:50 - [TEST_STEP][PASSED] - Statement - paxDetailFields = paxInRoomXpath + "[" + j + "]/div[@class="col-md-x col-md-9"]/div[@class="row paxContainer"]/div[@class="col-md-5"]": null

2017-11-28 18:58:50 - [TEST_STEP][PASSED] - Statement - xpathval = paxDetailFields + "[1]/div[contains(@class,"form-group")]/input[@class="form-control paxFirstName"]": null

2017-11-28 18:58:50 - [TEST_STEP][PASSED] - Statement - println("fn: " + xpathval): null

2017-11-28 18:58:50 - [TEST_STEP][PASSED] - Statement - repObj = com.kms.katalon.core.testobject.ObjectRepository.findTestObject(Object Repository/PrimoTours/Old Objects/allPaxFirstNameFields): Finding Test Object with id 'Object Repository/PrimoTours/Old Objects/allPaxFirstNameFields'

2017-11-28 18:58:50 - [TEST_STEP][PASSED] - Statement - repObj.findProperty("xpath").setValue(xpathval): null

2017-11-28 18:58:50 - [TEST_STEP][PASSED] - setText: Text 'Olsen AUT' is set on object 'Object Repository/PrimoTours/Old Objects/allPaxFirstNameFields'

2017-11-28 18:58:50 - [MESSAGE][PASSED] - Text 'Olsen AUT' is set on object 'Object Repository/PrimoTours/Old Objects/allPaxFirstNameFields'

2017-11-28 18:58:50 - [TEST_STEP][PASSED] - Statement - xpathval = paxDetailFields + "[2]/div[contains(@class,"form-group")]/input[@class="form-control paxLastName"]": null

2017-11-28 18:58:50 - [TEST_STEP][PASSED] - Statement - println("ln: " + xpathval): null

2017-11-28 18:58:50 - [TEST_STEP][PASSED] - Statement - repObj = com.kms.katalon.core.testobject.ObjectRepository.findTestObject(Object Repository/PrimoTours/Old Objects/allPaxLastNameFields): Finding Test Object with id 'Object Repository/PrimoTours/Old Objects/allPaxLastNameFields'

2017-11-28 18:58:50 - [TEST_STEP][PASSED] - Statement - repObj.findProperty("xpath").setValue(xpathval): null

2017-11-28 18:58:50 - [TEST_STEP][PASSED] - setText: Text 'Ingeborg Buhr' is set on object 'Object Repository/PrimoTours/Old Objects/allPaxLastNameFields'

2017-11-28 18:58:51 - [MESSAGE][PASSED] - Text 'Ingeborg Buhr' is set on object 'Object Repository/PrimoTours/Old Objects/allPaxLastNameFields'

2017-11-28 18:58:51 - [TEST_STEP][PASSED] - Statement - If (i == 1 & j == 1): null

2017-11-28 18:58:51 - [TEST_STEP][PASSED] - Statement - randomPaxIndex = java.lang.Math.abs(new java.util.Random().nextInt() % excelRowNo) + 1: null

2017-11-28 18:58:51 - [TEST_STEP][PASSED] - Statement - println(randomPaxIndex): null

2017-11-28 18:58:51 - [TEST_STEP][PASSED] - Statement - fname = rawData.getValue("FirstName", randomPaxIndex) + " AUT": null

2017-11-28 18:58:51 - [TEST_STEP][PASSED] - Statement - lname = rawData.getValue("LastName", randomPaxIndex): null

2017-11-28 18:58:51 - [TEST_STEP][PASSED] - Statement - pgender = rawData.getValue("Gender", randomPaxIndex): null

2017-11-28 18:58:51 - [TEST_STEP][PASSED] - Statement - pday = rawData.getValue("Day DOB", randomPaxIndex): null

2017-11-28 18:58:51 - [TEST_STEP][PASSED] - Statement - pmonth = rawData.getValue("Month DOB", randomPaxIndex): null

2017-11-28 18:58:51 - [TEST_STEP][PASSED] - Statement - pyear = rawData.getValue("Year DOB", randomPaxIndex): null

2017-11-28 18:58:51 - [TEST_STEP][PASSED] - Statement - paxDetailFields = paxInRoomXpath + "[" + j + "]/div[@class="col-md-x col-md-9"]/div[@class="row paxContainer"]/div[@class="col-md-5"]": null

2017-11-28 18:58:51 - [TEST_STEP][PASSED] - Statement - xpathval = paxDetailFields + "[1]/div[contains(@class,"form-group")]/input[@class="form-control paxFirstName"]": null

2017-11-28 18:58:51 - [TEST_STEP][PASSED] - Statement - println("fn: " + xpathval): null

2017-11-28 18:58:51 - [TEST_STEP][PASSED] - Statement - repObj = com.kms.katalon.core.testobject.ObjectRepository.findTestObject(Object Repository/PrimoTours/Old Objects/allPaxFirstNameFields): Finding Test Object with id 'Object Repository/PrimoTours/Old Objects/allPaxFirstNameFields'

2017-11-28 18:58:51 - [TEST_STEP][PASSED] - Statement - repObj.findProperty("xpath").setValue(xpathval): null

2017-11-28 18:58:51 - [TEST_STEP][PASSED] - setText: Text 'Nielsen AUT' is set on object 'Object Repository/PrimoTours/Old Objects/allPaxFirstNameFields'

2017-11-28 18:58:51 - [MESSAGE][PASSED] - Text 'Nielsen AUT' is set on object 'Object Repository/PrimoTours/Old Objects/allPaxFirstNameFields'

2017-11-28 18:58:51 - [TEST_STEP][PASSED] - Statement - xpathval = paxDetailFields + "[2]/div[contains(@class,"form-group")]/input[@class="form-control paxLastName"]": null

2017-11-28 18:58:51 - [TEST_STEP][PASSED] - Statement - println("ln: " + xpathval): null

2017-11-28 18:58:51 - [TEST_STEP][PASSED] - Statement - repObj = com.kms.katalon.core.testobject.ObjectRepository.findTestObject(Object Repository/PrimoTours/Old Objects/allPaxLastNameFields): Finding Test Object with id 'Object Repository/PrimoTours/Old Objects/allPaxLastNameFields'

2017-11-28 18:58:51 - [TEST_STEP][PASSED] - Statement - repObj.findProperty("xpath").setValue(xpathval): null

2017-11-28 18:58:51 - [TEST_STEP][PASSED] - setText: Text 'John Lisbjerg' is set on object 'Object Repository/PrimoTours/Old Objects/allPaxLastNameFields'

2017-11-28 18:58:51 - [MESSAGE][PASSED] - Text 'John Lisbjerg' is set on object 'Object Repository/PrimoTours/Old Objects/allPaxLastNameFields'

2017-11-28 18:58:51 - [TEST_STEP][PASSED] - scrollToElement: Scroll to object 'Object Repository/PrimoTours/Old Objects/Coco (1)/PrimoT/SaveBooking2/Success/bookingTotalValue' successfully

2017-11-28 18:58:51 - [MESSAGE][PASSED] - Scroll to object 'Object Repository/PrimoTours/Old Objects/Coco (1)/PrimoT/SaveBooking2/Success/bookingTotalValue' successfully

2017-11-28 18:58:51 - [TEST_STEP][PASSED] - click: Object: 'Object Repository/PrimoTours/Old Objects/Coco (1)/PrimoT/SaveBooking2/Success/bookingTotalValue' is clicked on

2017-11-28 18:58:51 - [MESSAGE][PASSED] - Object: 'Object Repository/PrimoTours/Old Objects/Coco (1)/PrimoT/SaveBooking2/Success/bookingTotalValue' is clicked on

2017-11-28 18:58:51 - [TEST_STEP][PASSED] - scrollToElement: Scroll to object 'Object Repository/PrimoTours/Old Objects/Coco (1)/PrimoT/SaveBooking2/Success/Page_Primo Tours  Danmarks bedste c/i_fa fa-arrow-circle-right' successfully

2017-11-28 18:58:51 - [MESSAGE][PASSED] - Scroll to object 'Object Repository/PrimoTours/Old Objects/Coco (1)/PrimoT/SaveBooking2/Success/Page_Primo Tours  Danmarks bedste c/i_fa fa-arrow-circle-right' successfully

2017-11-28 18:58:51 - [TEST_STEP][PASSED] - waitForElementClickable: Object 'Object Repository/PrimoTours/Old Objects/Coco (1)/PrimoT/SaveBooking2/Success/Page_Primo Tours  Danmarks bedste c/i_fa fa-arrow-circle-right' is clickable

2017-11-28 18:58:51 - [MESSAGE][PASSED] - Object 'Object Repository/PrimoTours/Old Objects/Coco (1)/PrimoT/SaveBooking2/Success/Page_Primo Tours  Danmarks bedste c/i_fa fa-arrow-circle-right' is clickable

2017-11-28 18:58:51 - [TEST_STEP][PASSED] - waitForElementVisible: Object 'Object Repository/PrimoTours/Old Objects/Coco (1)/PrimoT/SaveBooking2/Success/Page_Primo Tours  Danmarks bedste c/i_fa fa-arrow-circle-right' is visible

2017-11-28 18:58:52 - [MESSAGE][PASSED] - Object 'Object Repository/PrimoTours/Old Objects/Coco (1)/PrimoT/SaveBooking2/Success/Page_Primo Tours  Danmarks bedste c/i_fa fa-arrow-circle-right' is visible

2017-11-28 18:58:52 - [TEST_STEP][PASSED] - scrollToElement: Scroll to object 'Object Repository/PrimoTours/Old Objects/Coco (1)/PrimoT/SaveBooking2/Success/Page_Primo Tours  Danmarks bedste c/i_fa fa-arrow-circle-right' successfully

2017-11-28 18:58:52 - [MESSAGE][PASSED] - Scroll to object 'Object Repository/PrimoTours/Old Objects/Coco (1)/PrimoT/SaveBooking2/Success/Page_Primo Tours  Danmarks bedste c/i_fa fa-arrow-circle-right' successfully

2017-11-28 18:58:52 - [TEST_STEP][PASSED] - click: Object: 'Object Repository/PrimoTours/Old Objects/Coco (1)/PrimoT/SaveBooking2/Success/Page_Primo Tours  Danmarks bedste c/i_fa fa-arrow-circle-right' is clicked on

2017-11-28 18:58:52 - [MESSAGE][PASSED] - Object: 'Object Repository/PrimoTours/Old Objects/Coco (1)/PrimoT/SaveBooking2/Success/Page_Primo Tours  Danmarks bedste c/i_fa fa-arrow-circle-right' is clicked on

2017-11-28 18:58:52 - [TEST_STEP][PASSED] - delay: Delayed 1 second(s)

2017-11-28 18:58:53 - [MESSAGE][PASSED] - Delayed 1 second(s)

2017-11-28 18:58:53 - [TEST_STEP][PASSED] - waitForElementNotVisible: Object 'Object Repository/PrimoTours/Old Objects/CCenter/pageLoaderOverlayLayer' is NOT visible

2017-11-28 18:58:54 - [MESSAGE][PASSED] - Object 'Object Repository/PrimoTours/Old Objects/CCenter/pageLoaderOverlayLayer' is NOT visible

2017-11-28 18:58:54 - [TEST_STEP][PASSED] - scrollToElement: Scroll to object 'Object Repository/PrimoTours/Old Objects/Coco/PrimoT/Ins2/Page_Primo Tours  Danmarks bedste c/travelInsuranceFirstPaxSelector' successfully

2017-11-28 18:58:54 - [MESSAGE][PASSED] - Scroll to object 'Object Repository/PrimoTours/Old Objects/Coco/PrimoT/Ins2/Page_Primo Tours  Danmarks bedste c/travelInsuranceFirstPaxSelector' successfully

2017-11-28 18:58:54 - [TEST_STEP][PASSED] - waitForElementPresent: Object 'Object Repository/PrimoTours/Old Objects/Coco/PrimoT/Ins2/Page_Primo Tours  Danmarks bedste c/travelInsuranceFirstPaxSelector' is present

2017-11-28 18:58:54 - [MESSAGE][PASSED] - Object 'Object Repository/PrimoTours/Old Objects/Coco/PrimoT/Ins2/Page_Primo Tours  Danmarks bedste c/travelInsuranceFirstPaxSelector' is present

2017-11-28 18:58:54 - [TEST_STEP][PASSED] - waitForElementVisible: Object 'Object Repository/PrimoTours/Old Objects/Coco/PrimoT/Ins2/Page_Primo Tours  Danmarks bedste c/travelInsuranceFirstPaxSelector' is visible

2017-11-28 18:58:54 - [MESSAGE][PASSED] - Object 'Object Repository/PrimoTours/Old Objects/Coco/PrimoT/Ins2/Page_Primo Tours  Danmarks bedste c/travelInsuranceFirstPaxSelector' is visible

2017-11-28 18:58:54 - [TEST_STEP][PASSED] - waitForElementClickable: Object 'Object Repository/PrimoTours/Old Objects/Coco/PrimoT/Ins2/Page_Primo Tours  Danmarks bedste c/travelInsuranceFirstPaxSelector' is clickable

2017-11-28 18:58:54 - [MESSAGE][PASSED] - Object 'Object Repository/PrimoTours/Old Objects/Coco/PrimoT/Ins2/Page_Primo Tours  Danmarks bedste c/travelInsuranceFirstPaxSelector' is clickable

2017-11-28 18:58:54 - [TEST_STEP][PASSED] - click: Object: 'Object Repository/PrimoTours/Old Objects/Coco/PrimoT/Ins2/Page_Primo Tours  Danmarks bedste c/travelInsuranceFirstPaxSelector' is clicked on

2017-11-28 18:58:54 - [MESSAGE][PASSED] - Object: 'Object Repository/PrimoTours/Old Objects/Coco/PrimoT/Ins2/Page_Primo Tours  Danmarks bedste c/travelInsuranceFirstPaxSelector' is clicked on

2017-11-28 18:58:54 - [TEST_STEP][PASSED] - click: Object: 'Object Repository/PrimoTours/Old Objects/Coco/PrimoT/Ins2/Page_Primo Tours  Danmarks bedste c/li_Har selv forsikring - kr. 0' is clicked on

2017-11-28 18:58:54 - [MESSAGE][PASSED] - Object: 'Object Repository/PrimoTours/Old Objects/Coco/PrimoT/Ins2/Page_Primo Tours  Danmarks bedste c/li_Har selv forsikring - kr. 0' is clicked on

2017-11-28 18:58:54 - [TEST_STEP][NOT_RUN] - click: NOT_RUN: click

2017-11-28 18:58:54 - [MESSAGE][NOT_RUN] - NOT_RUN: click

2017-11-28 18:58:54 - [TEST_STEP][NOT_RUN] - scrollToElement: NOT_RUN: scrollToElement

2017-11-28 18:58:54 - [MESSAGE][NOT_RUN] - NOT_RUN: scrollToElement

2017-11-28 18:58:54 - [TEST_STEP][NOT_RUN] - click: NOT_RUN: click

2017-11-28 18:58:54 - [MESSAGE][NOT_RUN] - NOT_RUN: click

2017-11-28 18:58:54 - [TEST_STEP][PASSED] - waitForElementVisible: Object 'Object Repository/PrimoTours/Old Objects/Coco (1)/PrimoT/SaveBooking2/Page_Primo Tours  Danmarks bedste c/individualInsuranceCheckbox' is visible

2017-11-28 18:58:54 - [MESSAGE][PASSED] - Object 'Object Repository/PrimoTours/Old Objects/Coco (1)/PrimoT/SaveBooking2/Page_Primo Tours  Danmarks bedste c/individualInsuranceCheckbox' is visible

2017-11-28 18:58:54 - [TEST_STEP][PASSED] - scrollToElement: Scroll to object 'Object Repository/PrimoTours/Old Objects/Coco (1)/PrimoT/SaveBooking2/Page_Primo Tours  Danmarks bedste c/individualInsuranceCheckbox' successfully

2017-11-28 18:58:54 - [MESSAGE][PASSED] - Scroll to object 'Object Repository/PrimoTours/Old Objects/Coco (1)/PrimoT/SaveBooking2/Page_Primo Tours  Danmarks bedste c/individualInsuranceCheckbox' successfully

2017-11-28 18:58:54 - [TEST_STEP][PASSED] - click: Object: 'Object Repository/PrimoTours/Old Objects/Coco (1)/PrimoT/SaveBooking2/Page_Primo Tours  Danmarks bedste c/individualInsuranceCheckbox' is clicked on

2017-11-28 18:58:54 - [MESSAGE][PASSED] - Object: 'Object Repository/PrimoTours/Old Objects/Coco (1)/PrimoT/SaveBooking2/Page_Primo Tours  Danmarks bedste c/individualInsuranceCheckbox' is clicked on

2017-11-28 18:58:54 - [TEST_STEP][PASSED] - scrollToElement: Scroll to object 'Object Repository/PrimoTours/Old Objects/Coco (1)/PrimoT/SaveBooking2/Success/firstProdCategIndividualSelectionRadioB' successfully

2017-11-28 18:58:55 - [MESSAGE][PASSED] - Scroll to object 'Object Repository/PrimoTours/Old Objects/Coco (1)/PrimoT/SaveBooking2/Success/firstProdCategIndividualSelectionRadioB' successfully

2017-11-28 18:58:55 - [TEST_STEP][PASSED] - waitForElementClickable: Object 'Object Repository/PrimoTours/Old Objects/Coco (1)/PrimoT/SaveBooking2/Success/firstProdCategIndividualSelectionRadioB' is clickable

2017-11-28 18:58:55 - [MESSAGE][PASSED] - Object 'Object Repository/PrimoTours/Old Objects/Coco (1)/PrimoT/SaveBooking2/Success/firstProdCategIndividualSelectionRadioB' is clickable

2017-11-28 18:58:55 - [TEST_STEP][PASSED] - scrollToElement: Scroll to object 'Object Repository/PrimoTours/Old Objects/Coco (1)/PrimoT/SaveBooking2/Success/firstProdCategIndividualSelectionRadioB' successfully

2017-11-28 18:58:55 - [MESSAGE][PASSED] - Scroll to object 'Object Repository/PrimoTours/Old Objects/Coco (1)/PrimoT/SaveBooking2/Success/firstProdCategIndividualSelectionRadioB' successfully

2017-11-28 18:58:55 - [TEST_STEP][PASSED] - click: Object: 'Object Repository/PrimoTours/Old Objects/Coco (1)/PrimoT/SaveBooking2/Success/firstProdCategIndividualSelectionRadioB' is clicked on

2017-11-28 18:58:55 - [MESSAGE][PASSED] - Object: 'Object Repository/PrimoTours/Old Objects/Coco (1)/PrimoT/SaveBooking2/Success/firstProdCategIndividualSelectionRadioB' is clicked on

2017-11-28 18:58:55 - [TEST_STEP][PASSED] - scrollToElement: Scroll to object 'Object Repository/PrimoTours/Old Objects/Coco (1)/PrimoT/SaveBooking2/Success/firstProdCategSelectForAllPaxCheckbox' successfully

2017-11-28 18:58:55 - [MESSAGE][PASSED] - Scroll to object 'Object Repository/PrimoTours/Old Objects/Coco (1)/PrimoT/SaveBooking2/Success/firstProdCategSelectForAllPaxCheckbox' successfully

2017-11-28 18:58:55 - [TEST_STEP][PASSED] - waitForElementClickable: Object 'Object Repository/PrimoTours/Old Objects/Coco (1)/PrimoT/SaveBooking2/Success/firstProdCategSelectForAllPaxCheckbox' is clickable

2017-11-28 18:58:55 - [MESSAGE][PASSED] - Object 'Object Repository/PrimoTours/Old Objects/Coco (1)/PrimoT/SaveBooking2/Success/firstProdCategSelectForAllPaxCheckbox' is clickable

2017-11-28 18:58:55 - [TEST_STEP][PASSED] - click: Object: 'Object Repository/PrimoTours/Old Objects/Coco (1)/PrimoT/SaveBooking2/Success/firstProdCategSelectForAllPaxCheckbox' is clicked on

2017-11-28 18:58:55 - [MESSAGE][PASSED] - Object: 'Object Repository/PrimoTours/Old Objects/Coco (1)/PrimoT/SaveBooking2/Success/firstProdCategSelectForAllPaxCheckbox' is clicked on

2017-11-28 18:58:55 - [TEST_STEP][NOT_RUN] - scrollToElement: NOT_RUN: scrollToElement

2017-11-28 18:58:55 - [MESSAGE][NOT_RUN] - NOT_RUN: scrollToElement

2017-11-28 18:58:55 - [TEST_STEP][NOT_RUN] - scrollToElement: NOT_RUN: scrollToElement

2017-11-28 18:58:55 - [MESSAGE][NOT_RUN] - NOT_RUN: scrollToElement

2017-11-28 18:58:55 - [TEST_STEP][NOT_RUN] - click: NOT_RUN: click

2017-11-28 18:58:55 - [MESSAGE][NOT_RUN] - NOT_RUN: click

2017-11-28 18:58:55 - [TEST_STEP][PASSED] - scrollToElement: Scroll to object 'Object Repository/PrimoTours/ConfirmationPage/agreeTermsAndCondCheckbox' successfully

2017-11-28 18:58:55 - [MESSAGE][PASSED] - Scroll to object 'Object Repository/PrimoTours/ConfirmationPage/agreeTermsAndCondCheckbox' successfully

2017-11-28 18:58:55 - [TEST_STEP][PASSED] - click: Object: 'Object Repository/PrimoTours/ConfirmationPage/agreeTermsAndCondCheckbox' is clicked on

2017-11-28 18:58:56 - [MESSAGE][PASSED] - Object: 'Object Repository/PrimoTours/ConfirmationPage/agreeTermsAndCondCheckbox' is clicked on

2017-11-28 18:58:56 - [TEST_STEP][PASSED] - waitForElementClickable: Object 'Object Repository/PrimoTours/ConfirmationPage/placeBookingButton' is clickable

2017-11-28 18:58:56 - [MESSAGE][PASSED] - Object 'Object Repository/PrimoTours/ConfirmationPage/placeBookingButton' is clickable

2017-11-28 18:58:56 - [TEST_STEP][PASSED] - scrollToElement: Scroll to object 'Object Repository/PrimoTours/ConfirmationPage/placeBookingButton' successfully

2017-11-28 18:58:56 - [MESSAGE][PASSED] - Scroll to object 'Object Repository/PrimoTours/ConfirmationPage/placeBookingButton' successfully

2017-11-28 18:58:56 - [TEST_STEP][PASSED] - Statement - Try: Object: 'Object Repository/PrimoTours/ConfirmationPage/placeBookingButton' is clicked on

2017-11-28 18:58:56 - [TEST_STEP][PASSED] - click: Object: 'Object Repository/PrimoTours/ConfirmationPage/placeBookingButton' is clicked on

2017-11-28 18:58:56 - [MESSAGE][PASSED] - Object: 'Object Repository/PrimoTours/ConfirmationPage/placeBookingButton' is clicked on

2017-11-28 18:58:56 - [TEST_STEP][PASSED] - delay: Delayed 2 second(s)

2017-11-28 18:58:58 - [MESSAGE][PASSED] - Delayed 2 second(s)

2017-11-28 18:58:58 - [TEST_STEP][PASSED] - waitForPageLoad: Wait for page load successfully

2017-11-28 18:58:58 - [MESSAGE][PASSED] - Wait for page load successfully

2017-11-28 18:58:58 - [TEST_STEP][PASSED] - waitForJQueryLoad: jQuery is ready.

2017-11-28 18:58:59 - [MESSAGE][PASSED] - jQuery is ready.

2017-11-28 18:58:59 - [TEST_STEP][NOT_RUN] - waitForElementPresent: NOT_RUN: waitForElementPresent

2017-11-28 18:58:59 - [MESSAGE][NOT_RUN] - NOT_RUN: waitForElementPresent

2017-11-28 18:58:59 - [TEST_STEP][NOT_RUN] - waitForElementNotVisible: NOT_RUN: waitForElementNotVisible

2017-11-28 18:58:59 - [MESSAGE][NOT_RUN] - NOT_RUN: waitForElementNotVisible

2017-11-28 18:58:59 - [TEST_STEP][PASSED] - waitForElementPresent: Object 'Object Repository/PrimoTours/Old Objects/ThankYouPage/bookingNoContainer' is present

2017-11-28 18:59:03 - [MESSAGE][PASSED] - Object 'Object Repository/PrimoTours/Old Objects/ThankYouPage/bookingNoContainer' is present

2017-11-28 18:59:03 - [TEST_STEP][PASSED] - waitForElementClickable: Object 'Object Repository/PrimoTours/Old Objects/ThankYouPage/bookingNoContainer' is clickable

2017-11-28 18:59:03 - [MESSAGE][PASSED] - Object 'Object Repository/PrimoTours/Old Objects/ThankYouPage/bookingNoContainer' is clickable

2017-11-28 18:59:03 - [TEST_STEP][PASSED] - verifyElementVisible: Object 'Object Repository/PrimoTours/Old Objects/ThankYouPage/bookingNoContainer' is visible

2017-11-28 18:59:03 - [MESSAGE][PASSED] - Object 'Object Repository/PrimoTours/Old Objects/ThankYouPage/bookingNoContainer' is visible

2017-11-28 18:59:03 - [TEST_STEP][PASSED] - verifyElementVisible: Object 'Object Repository/PrimoTours/Old Objects/ThankYouPage/bookingTotalInfo' is visible

2017-11-28 18:59:04 - [MESSAGE][PASSED] - Object 'Object Repository/PrimoTours/Old Objects/ThankYouPage/bookingTotalInfo' is visible

2017-11-28 18:59:04 - [TEST_STEP][PASSED] - verifyElementVisible: Object 'Object Repository/PrimoTours/Old Objects/ThankYouPage/bookingTotalPriceBar' is visible

2017-11-28 18:59:04 - [MESSAGE][PASSED] - Object 'Object Repository/PrimoTours/Old Objects/ThankYouPage/bookingTotalPriceBar' is visible

2017-11-28 18:59:04 - [TEST_STEP][PASSED] - verifyElementVisible: Object 'Object Repository/PrimoTours/Old Objects/ThankYouPage/printTicketSpan' is visible

2017-11-28 18:59:04 - [MESSAGE][PASSED] - Object 'Object Repository/PrimoTours/Old Objects/ThankYouPage/printTicketSpan' is visible

2017-11-28 18:59:04 - [TEST_STEP][PASSED] - waitForElementClickable: Object 'Object Repository/PrimoTours/Old Objects/ThankYouPage/printTicketSpan' is clickable

2017-11-28 18:59:04 - [MESSAGE][PASSED] - Object 'Object Repository/PrimoTours/Old Objects/ThankYouPage/printTicketSpan' is clickable

2017-11-28 18:59:04 - [TEST_STEP][FAILED] - Statement - Try: Unable to click on object 'Object Repository/PrimoTours/Old Objects/ThankYouPage/printTicketSpan' (Root cause: org.openqa.selenium.WebDriverException: unknown error: Element <span id="printTicketSpan" data-bind="text: tourpaq.bookingEngine.languageStaticResources.PrintReceipt">...</span> is not clickable at point (508, 319). Other element would receive the click: <div class="se-pre-con" id="booking-overlay" style="opacity: 0.696169;"></div>
  (Session info: chrome=62.0.3202.94)
  (Driver info: chromedriver=2.33.506120 (e3e53437346286c0bc2d2dc9aa4915ba81d9023f),platform=Windows NT 6.3.9600 x86_64) (WARNING: The server did not provide any stacktrace information)
Command duration or timeout: 0 milliseconds
Build info: version: '3.7.1', revision: '8a0099a', time: '2017-11-06T21:07:36.161Z'
System info: host: 'NEACSUNEW-PC', ip: '10.10.10.211', os.name: 'Windows 8.1', os.arch: 'amd64', os.version: '6.3', java.version: '1.8.0_102'
Driver info: com.kms.katalon.selenium.driver.CChromeDriver
Capabilities {acceptSslCerts: true, applicationCacheEnabled: false, browserConnectionEnabled: false, browserName: chrome, chrome: {chromedriverVersion: 2.33.506120 (e3e53437346286..., userDataDir: C:\Users\Cornel\AppData\Loc...}, cssSelectorsEnabled: true, databaseEnabled: false, handlesAlerts: true, hasTouchScreen: false, javascriptEnabled: true, locationContextEnabled: true, mobileEmulationEnabled: false, nativeEvents: true, networkConnectionEnabled: false, pageLoadStrategy: normal, platform: XP, platformName: XP, rotatable: false, setWindowRect: true, takesHeapSnapshot: true, takesScreenshot: true, unexpectedAlertBehaviour: , unhandledPromptBehavior: , version: 62.0.3202.94, webStorageEnabled: true}
Session ID: d59183c47271e6a538790fc9b920ae6c)

2017-11-28 18:59:04 - [TEST_STEP][FAILED] - click: Unable to click on object 'Object Repository/PrimoTours/Old Objects/ThankYouPage/printTicketSpan' (Root cause: org.openqa.selenium.WebDriverException: unknown error: Element <span id="printTicketSpan" data-bind="text: tourpaq.bookingEngine.languageStaticResources.PrintReceipt">...</span> is not clickable at point (508, 319). Other element would receive the click: <div class="se-pre-con" id="booking-overlay" style="opacity: 0.696169;"></div>
  (Session info: chrome=62.0.3202.94)
  (Driver info: chromedriver=2.33.506120 (e3e53437346286c0bc2d2dc9aa4915ba81d9023f),platform=Windows NT 6.3.9600 x86_64) (WARNING: The server did not provide any stacktrace information)
Command duration or timeout: 0 milliseconds
Build info: version: '3.7.1', revision: '8a0099a', time: '2017-11-06T21:07:36.161Z'
System info: host: 'NEACSUNEW-PC', ip: '10.10.10.211', os.name: 'Windows 8.1', os.arch: 'amd64', os.version: '6.3', java.version: '1.8.0_102'
Driver info: com.kms.katalon.selenium.driver.CChromeDriver
Capabilities {acceptSslCerts: true, applicationCacheEnabled: false, browserConnectionEnabled: false, browserName: chrome, chrome: {chromedriverVersion: 2.33.506120 (e3e53437346286..., userDataDir: C:\Users\Cornel\AppData\Loc...}, cssSelectorsEnabled: true, databaseEnabled: false, handlesAlerts: true, hasTouchScreen: false, javascriptEnabled: true, locationContextEnabled: true, mobileEmulationEnabled: false, nativeEvents: true, networkConnectionEnabled: false, pageLoadStrategy: normal, platform: XP, platformName: XP, rotatable: false, setWindowRect: true, takesHeapSnapshot: true, takesScreenshot: true, unexpectedAlertBehaviour: , unhandledPromptBehavior: , version: 62.0.3202.94, webStorageEnabled: true}
Session ID: d59183c47271e6a538790fc9b920ae6c)

2017-11-28 18:59:05 - [MESSAGE][FAILED] - Unable to click on object 'Object Repository/PrimoTours/Old Objects/ThankYouPage/printTicketSpan' (Root cause: org.openqa.selenium.WebDriverException: unknown error: Element <span id="printTicketSpan" data-bind="text: tourpaq.bookingEngine.languageStaticResources.PrintReceipt">...</span> is not clickable at point (508, 319). Other element would receive the click: <div class="se-pre-con" id="booking-overlay" style="opacity: 0.696169;"></div>
  (Session info: chrome=62.0.3202.94)
  (Driver info: chromedriver=2.33.506120 (e3e53437346286c0bc2d2dc9aa4915ba81d9023f),platform=Windows NT 6.3.9600 x86_64) (WARNING: The server did not provide any stacktrace information)
Command duration or timeout: 0 milliseconds
Build info: version: '3.7.1', revision: '8a0099a', time: '2017-11-06T21:07:36.161Z'
System info: host: 'NEACSUNEW-PC', ip: '10.10.10.211', os.name: 'Windows 8.1', os.arch: 'amd64', os.version: '6.3', java.version: '1.8.0_102'
Driver info: com.kms.katalon.selenium.driver.CChromeDriver
Capabilities {acceptSslCerts: true, applicationCacheEnabled: false, browserConnectionEnabled: false, browserName: chrome, chrome: {chromedriverVersion: 2.33.506120 (e3e53437346286..., userDataDir: C:\Users\Cornel\AppData\Loc...}, cssSelectorsEnabled: true, databaseEnabled: false, handlesAlerts: true, hasTouchScreen: false, javascriptEnabled: true, locationContextEnabled: true, mobileEmulationEnabled: false, nativeEvents: true, networkConnectionEnabled: false, pageLoadStrategy: normal, platform: XP, platformName: XP, rotatable: false, setWindowRect: true, takesHeapSnapshot: true, takesScreenshot: true, unexpectedAlertBehaviour: , unhandledPromptBehavior: , version: 62.0.3202.94, webStorageEnabled: true}
Session ID: d59183c47271e6a538790fc9b920ae6c)
[[ATTACHMENT|D:\\Software testing\\Tourpaq\\Automated Katalon tests\\Primo WB test\\Reports\\WB Primo From Excel URLs\\20171128_185633\\1511888344425.png]]

2017-11-28 18:59:05 - [TEST_STEP][PASSED] - Statement - Catch (Exception e): Object: 'Object Repository/PrimoTours/Old Objects/ThankYouPage/printTicketSpan' is clicked on

2017-11-28 18:59:05 - [TEST_STEP][PASSED] - click: Object: 'Object Repository/PrimoTours/Old Objects/ThankYouPage/printTicketSpan' is clicked on

2017-11-28 18:59:11 - [MESSAGE][PASSED] - Object: 'Object Repository/PrimoTours/Old Objects/ThankYouPage/printTicketSpan' is clicked on

2017-11-28 18:59:11 - [TEST_STEP][PASSED] - delay: Delayed 2 second(s)

2017-11-28 18:59:13 - [MESSAGE][PASSED] - Delayed 2 second(s)

2017-11-28 18:59:13 - [TEST_STEP][PASSED] - waitForElementVisible: Object 'Object Repository/PrimoTours/Old Objects/ThankYouPage/cCenterButton' is visible

2017-11-28 18:59:13 - [MESSAGE][PASSED] - Object 'Object Repository/PrimoTours/Old Objects/ThankYouPage/cCenterButton' is visible

2017-11-28 18:59:13 - [TEST_STEP][PASSED] - waitForElementClickable: Object 'Object Repository/PrimoTours/Old Objects/ThankYouPage/cCenterButton' is clickable

2017-11-28 18:59:13 - [MESSAGE][PASSED] - Object 'Object Repository/PrimoTours/Old Objects/ThankYouPage/cCenterButton' is clickable

2017-11-28 18:59:13 - [TEST_STEP][PASSED] - click: Object: 'Object Repository/PrimoTours/Old Objects/ThankYouPage/cCenterButton' is clicked on

2017-11-28 18:59:13 - [MESSAGE][PASSED] - Object: 'Object Repository/PrimoTours/Old Objects/ThankYouPage/cCenterButton' is clicked on

2017-11-28 18:59:13 - [TEST_STEP][PASSED] - waitForPageLoad: Wait for page load successfully

2017-11-28 18:59:13 - [MESSAGE][PASSED] - Wait for page load successfully

2017-11-28 18:59:13 - [TEST_STEP][PASSED] - waitForJQueryLoad: jQuery is ready.

2017-11-28 18:59:13 - [MESSAGE][PASSED] - jQuery is ready.

2017-11-28 18:59:13 - [TEST_STEP][PASSED] - waitForElementPresent: Object 'Object Repository/PrimoTours/Old Objects/CCenter/pageLoaderOverlayLayer' is present

2017-11-28 18:59:13 - [MESSAGE][PASSED] - Object 'Object Repository/PrimoTours/Old Objects/CCenter/pageLoaderOverlayLayer' is present

2017-11-28 18:59:13 - [TEST_STEP][PASSED] - waitForElementNotVisible: Object 'Object Repository/PrimoTours/Old Objects/CCenter/pageLoaderOverlayLayer' is NOT visible

2017-11-28 18:59:14 - [MESSAGE][PASSED] - Object 'Object Repository/PrimoTours/Old Objects/CCenter/pageLoaderOverlayLayer' is NOT visible

2017-11-28 18:59:14 - [TEST_STEP][PASSED] - verifyElementVisible: Object 'Object Repository/PrimoTours/Old Objects/ThankYouPage/bookingNoContainer' is visible

2017-11-28 18:59:14 - [MESSAGE][PASSED] - Object 'Object Repository/PrimoTours/Old Objects/ThankYouPage/bookingNoContainer' is visible

2017-11-28 18:59:14 - [TEST_STEP][PASSED] - verifyElementVisible: Object 'Object Repository/PrimoTours/Old Objects/ThankYouPage/bookingTotalPriceBar' is visible

2017-11-28 18:59:14 - [MESSAGE][PASSED] - Object 'Object Repository/PrimoTours/Old Objects/ThankYouPage/bookingTotalPriceBar' is visible

2017-11-28 18:59:14 - [TEST_STEP][PASSED] - delay: Delayed 1 second(s)

2017-11-28 18:59:15 - [MESSAGE][PASSED] - Delayed 1 second(s)]]></system-out>
         <system-err><![CDATA[2017-11-28 18:58:37 - [TEST_CASE][FAILED] - Test Cases/PrimoTours/WB Primo/WB Primo staging - place booking - Iteration 5: Unable to click on object 'Object Repository/PrimoTours/Old Objects/ThankYouPage/printTicketSpan' (Root cause: org.openqa.selenium.WebDriverException: unknown error: Element <span id="printTicketSpan" data-bind="text: tourpaq.bookingEngine.languageStaticResources.PrintReceipt">...</span> is not clickable at point (508, 319). Other element would receive the click: <div class="se-pre-con" id="booking-overlay" style="opacity: 0.696169;"></div>
  (Session info: chrome=62.0.3202.94)
  (Driver info: chromedriver=2.33.506120 (e3e53437346286c0bc2d2dc9aa4915ba81d9023f),platform=Windows NT 6.3.9600 x86_64) (WARNING: The server did not provide any stacktrace information)
Command duration or timeout: 0 milliseconds
Build info: version: '3.7.1', revision: '8a0099a', time: '2017-11-06T21:07:36.161Z'
System info: host: 'NEACSUNEW-PC', ip: '10.10.10.211', os.name: 'Windows 8.1', os.arch: 'amd64', os.version: '6.3', java.version: '1.8.0_102'
Driver info: com.kms.katalon.selenium.driver.CChromeDriver
Capabilities {acceptSslCerts: true, applicationCacheEnabled: false, browserConnectionEnabled: false, browserName: chrome, chrome: {chromedriverVersion: 2.33.506120 (e3e53437346286..., userDataDir: C:\Users\Cornel\AppData\Loc...}, cssSelectorsEnabled: true, databaseEnabled: false, handlesAlerts: true, hasTouchScreen: false, javascriptEnabled: true, locationContextEnabled: true, mobileEmulationEnabled: false, nativeEvents: true, networkConnectionEnabled: false, pageLoadStrategy: normal, platform: XP, platformName: XP, rotatable: false, setWindowRect: true, takesHeapSnapshot: true, takesScreenshot: true, unexpectedAlertBehaviour: , unhandledPromptBehavior: , version: 62.0.3202.94, webStorageEnabled: true}
Session ID: d59183c47271e6a538790fc9b920ae6c)]]></system-err>
      </testcase>
      <testcase name="Test Cases/PrimoTours/WB Primo/WB Primo staging - place booking - Iteration 6" classname="Test Cases/PrimoTours/WB Primo/WB Primo staging - place booking" status="FAILED">
         <failure type="FAILED" message="Test Cases/PrimoTours/WB Primo/WB Primo staging - place booking FAILED because (of) Unable to click on object 'Object Repository/PrimoTours/Old Objects/Coco/PrimoT/Ins2/Page_Primo Tours  Danmarks bedste c/li_Har selv forsikring - kr. 0' (Root cause: com.kms.katalon.core.webui.exception.WebElementNotFoundException: Web element with id: 'Object Repository/PrimoTours/Old Objects/Coco/PrimoT/Ins2/Page_Primo Tours  Danmarks bedste c/li_Har selv forsikring - kr. 0' located by 'By.xpath: //*[@class = 'select2-results__option'][1]' not found)"/>
         <system-out><![CDATA[2017-11-28 18:59:15 - [TEST_CASE][FAILED] - Test Cases/PrimoTours/WB Primo/WB Primo staging - place booking - Iteration 6: Test Cases/PrimoTours/WB Primo/WB Primo staging - place booking FAILED because (of) Unable to click on object 'Object Repository/PrimoTours/Old Objects/Coco/PrimoT/Ins2/Page_Primo Tours  Danmarks bedste c/li_Har selv forsikring - kr. 0' (Root cause: com.kms.katalon.core.webui.exception.WebElementNotFoundException: Web element with id: 'Object Repository/PrimoTours/Old Objects/Coco/PrimoT/Ins2/Page_Primo Tours  Danmarks bedste c/li_Har selv forsikring - kr. 0' located by 'By.xpath: //*[@class = 'select2-results__option'][1]' not found)

2017-11-28 18:59:15 - [TEST_STEP][PASSED] - openBrowser: Browser is opened with url: ''

2017-11-28 18:59:15 - [MESSAGE][WARNING] - A browser is already opened. Closing browser and opening a new one

2017-11-28 18:59:18 - [MESSAGE][PASSED] - Browser is opened with url: ''

2017-11-28 18:59:18 - [TEST_STEP][PASSED] - maximizeWindow: Current window maximized

2017-11-28 18:59:19 - [MESSAGE][PASSED] - Current window maximized

2017-11-28 18:59:19 - [TEST_STEP][PASSED] - navigateToUrl: Navigate to 'https://staging-primotours-webbooking.tourpaq.com/DoBooking.aspx?pltaID=1480269,1480294,1480269&p=1&rno=1,1,1&pt=1,1,2&a=2,2,2&c=2,2,0&aa=&ca=1,4|0,5|' successfully

2017-11-28 18:59:22 - [MESSAGE][PASSED] - Navigate to 'https://staging-primotours-webbooking.tourpaq.com/DoBooking.aspx?pltaID=1480269,1480294,1480269&p=1&rno=1,1,1&pt=1,1,2&a=2,2,2&c=2,2,0&aa=&ca=1,4|0,5|' successfully

2017-11-28 18:59:22 - [TEST_STEP][PASSED] - setText: Text 'Pedersen AUT' is set on object 'Object Repository/PrimoTours/Old Objects/Coco/PrimoT/Page_Primo Tours  Danmarks bedste c/input_firstName'

2017-11-28 18:59:22 - [MESSAGE][PASSED] - Text 'Pedersen AUT' is set on object 'Object Repository/PrimoTours/Old Objects/Coco/PrimoT/Page_Primo Tours  Danmarks bedste c/input_firstName'

2017-11-28 18:59:22 - [TEST_STEP][PASSED] - setText: Text 'Vibe Dalby' is set on object 'Object Repository/PrimoTours/Old Objects/Coco/PrimoT/Page_Primo Tours  Danmarks bedste c/input_lastName'

2017-11-28 18:59:22 - [MESSAGE][PASSED] - Text 'Vibe Dalby' is set on object 'Object Repository/PrimoTours/Old Objects/Coco/PrimoT/Page_Primo Tours  Danmarks bedste c/input_lastName'

2017-11-28 18:59:22 - [TEST_STEP][PASSED] - setText: Text 'Home address' is set on object 'Object Repository/PrimoTours/Old Objects/Coco/PrimoT/Page_Primo Tours  Danmarks bedste c/input_customerAddress'

2017-11-28 18:59:23 - [MESSAGE][PASSED] - Text 'Home address' is set on object 'Object Repository/PrimoTours/Old Objects/Coco/PrimoT/Page_Primo Tours  Danmarks bedste c/input_customerAddress'

2017-11-28 18:59:23 - [TEST_STEP][PASSED] - setText: Text '6700' is set on object 'Object Repository/PrimoTours/Old Objects/Coco/PrimoT/Page_Primo Tours  Danmarks bedste c/input_customerPostcode'

2017-11-28 18:59:23 - [MESSAGE][PASSED] - Text '6700' is set on object 'Object Repository/PrimoTours/Old Objects/Coco/PrimoT/Page_Primo Tours  Danmarks bedste c/input_customerPostcode'

2017-11-28 18:59:23 - [TEST_STEP][PASSED] - setText: Text 'cornel.neacsu@roweb.ro' is set on object 'Object Repository/PrimoTours/Old Objects/Coco/PrimoT/Page_Primo Tours  Danmarks bedste c/input_customerEmail'

2017-11-28 18:59:24 - [MESSAGE][PASSED] - Text 'cornel.neacsu@roweb.ro' is set on object 'Object Repository/PrimoTours/Old Objects/Coco/PrimoT/Page_Primo Tours  Danmarks bedste c/input_customerEmail'

2017-11-28 18:59:24 - [TEST_STEP][PASSED] - setText: Text '12345678' is set on object 'Object Repository/PrimoTours/Old Objects/Coco/PrimoT/Page_Primo Tours  Danmarks bedste c/input_customerPhone'

2017-11-28 18:59:24 - [MESSAGE][PASSED] - Text '12345678' is set on object 'Object Repository/PrimoTours/Old Objects/Coco/PrimoT/Page_Primo Tours  Danmarks bedste c/input_customerPhone'

2017-11-28 18:59:24 - [TEST_STEP][PASSED] - Statement - excelInfo = ["fname":"", "lname":"", "pgender":"", "pday":"", "pmonth":"", "pyear":""]: null

2017-11-28 18:59:24 - [TEST_STEP][PASSED] - Statement - rawData = com.kms.katalon.core.testdata.TestDataFactory.findTestData("Data Files/WB_Primo/Passenger_details"): Reading excel file with source file 'D:\Software testing\Tourpaq\Automated Katalon tests\Primo WB test\Data Files\Primo_URLs_For_Automated_Test.xls' and sheet name 'Passenger Names'

2017-11-28 18:59:24 - [TEST_STEP][PASSED] - Statement - excelRowNo = rawData.getRowNumbers(): null

2017-11-28 18:59:24 - [TEST_STEP][PASSED] - Statement - randomPaxIndex = 1: null

2017-11-28 18:59:24 - [TEST_STEP][PASSED] - waitForElementClickable: Object 'Object Repository/PrimoTours/Old Objects/Coco/PrimoT/Page_Primo Tours  Danmarks bedste c/input_firstname-0_1' is clickable

2017-11-28 18:59:26 - [MESSAGE][PASSED] - Object 'Object Repository/PrimoTours/Old Objects/Coco/PrimoT/Page_Primo Tours  Danmarks bedste c/input_firstname-0_1' is clickable

2017-11-28 18:59:26 - [TEST_STEP][PASSED] - Statement - driver = com.kms.katalon.core.webui.driver.DriverFactory.getWebDriver(): null

2017-11-28 18:59:26 - [TEST_STEP][PASSED] - Statement - roomContainerXpath = "id("booking")/div[@class="wrapper second-bg"]/div[contains(@class,"container-mx")]/div[@class="row"]/div[@class="col-md-12 roomContainer"]": null

2017-11-28 18:59:26 - [TEST_STEP][PASSED] - Statement - roomsCount = driver.findElements(org.openqa.selenium.By.xpath(roomContainerXpath)).size(): null

2017-11-28 18:59:26 - [TEST_STEP][PASSED] - Statement - println("roomsCount=" + roomsCount): null

2017-11-28 18:59:26 - [TEST_STEP][PASSED] - Statement - For ([i = 1, i <= roomsCount, (i++)]): Text 'Sven Carit Søgaard' is set on object 'Object Repository/PrimoTours/Old Objects/allPaxLastNameFields'

2017-11-28 18:59:26 - [TEST_STEP][PASSED] - Statement - paxInRoomXpath = roomContainerXpath + "[" + i + "]/div[@class="row"]/div[@class="col-md-12"]/div[@class="row"]": null

2017-11-28 18:59:26 - [TEST_STEP][PASSED] - Statement - paxInRoomCount = driver.findElements(org.openqa.selenium.By.xpath(paxInRoomXpath)).size(): null

2017-11-28 18:59:26 - [TEST_STEP][PASSED] - Statement - println("paxInRoomCount=" + paxInRoomCount): null

2017-11-28 18:59:26 - [TEST_STEP][PASSED] - Statement - For ([j = 1, j <= paxInRoomCount, (j++)]): Text 'Steen' is set on object 'Object Repository/PrimoTours/Old Objects/allPaxLastNameFields'

2017-11-28 18:59:26 - [TEST_STEP][PASSED] - Statement - If (i == 1 & j == 1): null

2017-11-28 18:59:26 - [TEST_STEP][PASSED] - Statement - <not implemented yet for class: org.codehaus.groovy.ast.stmt.ContinueStatement>: null

2017-11-28 18:59:26 - [TEST_STEP][PASSED] - Statement - If (i == 1 & j == 1): null

2017-11-28 18:59:26 - [TEST_STEP][PASSED] - Statement - randomPaxIndex = java.lang.Math.abs(new java.util.Random().nextInt() % excelRowNo) + 1: null

2017-11-28 18:59:26 - [TEST_STEP][PASSED] - Statement - println(randomPaxIndex): null

2017-11-28 18:59:26 - [TEST_STEP][PASSED] - Statement - fname = rawData.getValue("FirstName", randomPaxIndex) + " AUT": null

2017-11-28 18:59:26 - [TEST_STEP][PASSED] - Statement - lname = rawData.getValue("LastName", randomPaxIndex): null

2017-11-28 18:59:26 - [TEST_STEP][PASSED] - Statement - pgender = rawData.getValue("Gender", randomPaxIndex): null

2017-11-28 18:59:26 - [TEST_STEP][PASSED] - Statement - pday = rawData.getValue("Day DOB", randomPaxIndex): null

2017-11-28 18:59:26 - [TEST_STEP][PASSED] - Statement - pmonth = rawData.getValue("Month DOB", randomPaxIndex): null

2017-11-28 18:59:26 - [TEST_STEP][PASSED] - Statement - pyear = rawData.getValue("Year DOB", randomPaxIndex): null

2017-11-28 18:59:26 - [TEST_STEP][PASSED] - Statement - paxDetailFields = paxInRoomXpath + "[" + j + "]/div[@class="col-md-x col-md-9"]/div[@class="row paxContainer"]/div[@class="col-md-5"]": null

2017-11-28 18:59:26 - [TEST_STEP][PASSED] - Statement - xpathval = paxDetailFields + "[1]/div[contains(@class,"form-group")]/input[@class="form-control paxFirstName"]": null

2017-11-28 18:59:26 - [TEST_STEP][PASSED] - Statement - println("fn: " + xpathval): null

2017-11-28 18:59:26 - [TEST_STEP][PASSED] - Statement - repObj = com.kms.katalon.core.testobject.ObjectRepository.findTestObject(Object Repository/PrimoTours/Old Objects/allPaxFirstNameFields): Finding Test Object with id 'Object Repository/PrimoTours/Old Objects/allPaxFirstNameFields'

2017-11-28 18:59:26 - [TEST_STEP][PASSED] - Statement - repObj.findProperty("xpath").setValue(xpathval): null

2017-11-28 18:59:26 - [TEST_STEP][PASSED] - setText: Text 'Wfdwfd AUT' is set on object 'Object Repository/PrimoTours/Old Objects/allPaxFirstNameFields'

2017-11-28 18:59:26 - [MESSAGE][PASSED] - Text 'Wfdwfd AUT' is set on object 'Object Repository/PrimoTours/Old Objects/allPaxFirstNameFields'

2017-11-28 18:59:26 - [TEST_STEP][PASSED] - Statement - xpathval = paxDetailFields + "[2]/div[contains(@class,"form-group")]/input[@class="form-control paxLastName"]": null

2017-11-28 18:59:26 - [TEST_STEP][PASSED] - Statement - println("ln: " + xpathval): null

2017-11-28 18:59:26 - [TEST_STEP][PASSED] - Statement - repObj = com.kms.katalon.core.testobject.ObjectRepository.findTestObject(Object Repository/PrimoTours/Old Objects/allPaxLastNameFields): Finding Test Object with id 'Object Repository/PrimoTours/Old Objects/allPaxLastNameFields'

2017-11-28 18:59:26 - [TEST_STEP][PASSED] - Statement - repObj.findProperty("xpath").setValue(xpathval): null

2017-11-28 18:59:26 - [TEST_STEP][PASSED] - setText: Text 'Efffdd' is set on object 'Object Repository/PrimoTours/Old Objects/allPaxLastNameFields'

2017-11-28 18:59:26 - [MESSAGE][PASSED] - Text 'Efffdd' is set on object 'Object Repository/PrimoTours/Old Objects/allPaxLastNameFields'

2017-11-28 18:59:26 - [TEST_STEP][PASSED] - Statement - If (i == 1 & j == 1): null

2017-11-28 18:59:26 - [TEST_STEP][PASSED] - Statement - randomPaxIndex = java.lang.Math.abs(new java.util.Random().nextInt() % excelRowNo) + 1: null

2017-11-28 18:59:26 - [TEST_STEP][PASSED] - Statement - println(randomPaxIndex): null

2017-11-28 18:59:26 - [TEST_STEP][PASSED] - Statement - fname = rawData.getValue("FirstName", randomPaxIndex) + " AUT": null

2017-11-28 18:59:26 - [TEST_STEP][PASSED] - Statement - lname = rawData.getValue("LastName", randomPaxIndex): null

2017-11-28 18:59:26 - [TEST_STEP][PASSED] - Statement - pgender = rawData.getValue("Gender", randomPaxIndex): null

2017-11-28 18:59:26 - [TEST_STEP][PASSED] - Statement - pday = rawData.getValue("Day DOB", randomPaxIndex): null

2017-11-28 18:59:26 - [TEST_STEP][PASSED] - Statement - pmonth = rawData.getValue("Month DOB", randomPaxIndex): null

2017-11-28 18:59:26 - [TEST_STEP][PASSED] - Statement - pyear = rawData.getValue("Year DOB", randomPaxIndex): null

2017-11-28 18:59:26 - [TEST_STEP][PASSED] - Statement - paxDetailFields = paxInRoomXpath + "[" + j + "]/div[@class="col-md-x col-md-9"]/div[@class="row paxContainer"]/div[@class="col-md-5"]": null

2017-11-28 18:59:26 - [TEST_STEP][PASSED] - Statement - xpathval = paxDetailFields + "[1]/div[contains(@class,"form-group")]/input[@class="form-control paxFirstName"]": null

2017-11-28 18:59:26 - [TEST_STEP][PASSED] - Statement - println("fn: " + xpathval): null

2017-11-28 18:59:26 - [TEST_STEP][PASSED] - Statement - repObj = com.kms.katalon.core.testobject.ObjectRepository.findTestObject(Object Repository/PrimoTours/Old Objects/allPaxFirstNameFields): Finding Test Object with id 'Object Repository/PrimoTours/Old Objects/allPaxFirstNameFields'

2017-11-28 18:59:26 - [TEST_STEP][PASSED] - Statement - repObj.findProperty("xpath").setValue(xpathval): null

2017-11-28 18:59:26 - [TEST_STEP][PASSED] - setText: Text 'Pedersen AUT' is set on object 'Object Repository/PrimoTours/Old Objects/allPaxFirstNameFields'

2017-11-28 18:59:27 - [MESSAGE][PASSED] - Text 'Pedersen AUT' is set on object 'Object Repository/PrimoTours/Old Objects/allPaxFirstNameFields'

2017-11-28 18:59:27 - [TEST_STEP][PASSED] - Statement - xpathval = paxDetailFields + "[2]/div[contains(@class,"form-group")]/input[@class="form-control paxLastName"]": null

2017-11-28 18:59:27 - [TEST_STEP][PASSED] - Statement - println("ln: " + xpathval): null

2017-11-28 18:59:27 - [TEST_STEP][PASSED] - Statement - repObj = com.kms.katalon.core.testobject.ObjectRepository.findTestObject(Object Repository/PrimoTours/Old Objects/allPaxLastNameFields): Finding Test Object with id 'Object Repository/PrimoTours/Old Objects/allPaxLastNameFields'

2017-11-28 18:59:27 - [TEST_STEP][PASSED] - Statement - repObj.findProperty("xpath").setValue(xpathval): null

2017-11-28 18:59:27 - [TEST_STEP][PASSED] - setText: Text 'Vibe Dalby' is set on object 'Object Repository/PrimoTours/Old Objects/allPaxLastNameFields'

2017-11-28 18:59:27 - [MESSAGE][PASSED] - Text 'Vibe Dalby' is set on object 'Object Repository/PrimoTours/Old Objects/allPaxLastNameFields'

2017-11-28 18:59:27 - [TEST_STEP][PASSED] - Statement - If (i == 1 & j == 1): null

2017-11-28 18:59:27 - [TEST_STEP][PASSED] - Statement - randomPaxIndex = java.lang.Math.abs(new java.util.Random().nextInt() % excelRowNo) + 1: null

2017-11-28 18:59:27 - [TEST_STEP][PASSED] - Statement - println(randomPaxIndex): null

2017-11-28 18:59:27 - [TEST_STEP][PASSED] - Statement - fname = rawData.getValue("FirstName", randomPaxIndex) + " AUT": null

2017-11-28 18:59:27 - [TEST_STEP][PASSED] - Statement - lname = rawData.getValue("LastName", randomPaxIndex): null

2017-11-28 18:59:27 - [TEST_STEP][PASSED] - Statement - pgender = rawData.getValue("Gender", randomPaxIndex): null

2017-11-28 18:59:27 - [TEST_STEP][PASSED] - Statement - pday = rawData.getValue("Day DOB", randomPaxIndex): null

2017-11-28 18:59:27 - [TEST_STEP][PASSED] - Statement - pmonth = rawData.getValue("Month DOB", randomPaxIndex): null

2017-11-28 18:59:27 - [TEST_STEP][PASSED] - Statement - pyear = rawData.getValue("Year DOB", randomPaxIndex): null

2017-11-28 18:59:27 - [TEST_STEP][PASSED] - Statement - paxDetailFields = paxInRoomXpath + "[" + j + "]/div[@class="col-md-x col-md-9"]/div[@class="row paxContainer"]/div[@class="col-md-5"]": null

2017-11-28 18:59:27 - [TEST_STEP][PASSED] - Statement - xpathval = paxDetailFields + "[1]/div[contains(@class,"form-group")]/input[@class="form-control paxFirstName"]": null

2017-11-28 18:59:27 - [TEST_STEP][PASSED] - Statement - println("fn: " + xpathval): null

2017-11-28 18:59:27 - [TEST_STEP][PASSED] - Statement - repObj = com.kms.katalon.core.testobject.ObjectRepository.findTestObject(Object Repository/PrimoTours/Old Objects/allPaxFirstNameFields): Finding Test Object with id 'Object Repository/PrimoTours/Old Objects/allPaxFirstNameFields'

2017-11-28 18:59:27 - [TEST_STEP][PASSED] - Statement - repObj.findProperty("xpath").setValue(xpathval): null

2017-11-28 18:59:27 - [TEST_STEP][PASSED] - setText: Text 'Pedersen AUT' is set on object 'Object Repository/PrimoTours/Old Objects/allPaxFirstNameFields'

2017-11-28 18:59:27 - [MESSAGE][PASSED] - Text 'Pedersen AUT' is set on object 'Object Repository/PrimoTours/Old Objects/allPaxFirstNameFields'

2017-11-28 18:59:27 - [TEST_STEP][PASSED] - Statement - xpathval = paxDetailFields + "[2]/div[contains(@class,"form-group")]/input[@class="form-control paxLastName"]": null

2017-11-28 18:59:27 - [TEST_STEP][PASSED] - Statement - println("ln: " + xpathval): null

2017-11-28 18:59:27 - [TEST_STEP][PASSED] - Statement - repObj = com.kms.katalon.core.testobject.ObjectRepository.findTestObject(Object Repository/PrimoTours/Old Objects/allPaxLastNameFields): Finding Test Object with id 'Object Repository/PrimoTours/Old Objects/allPaxLastNameFields'

2017-11-28 18:59:27 - [TEST_STEP][PASSED] - Statement - repObj.findProperty("xpath").setValue(xpathval): null

2017-11-28 18:59:27 - [TEST_STEP][PASSED] - setText: Text 'Steen' is set on object 'Object Repository/PrimoTours/Old Objects/allPaxLastNameFields'

2017-11-28 18:59:28 - [MESSAGE][PASSED] - Text 'Steen' is set on object 'Object Repository/PrimoTours/Old Objects/allPaxLastNameFields'

2017-11-28 18:59:28 - [TEST_STEP][PASSED] - Statement - paxInRoomXpath = roomContainerXpath + "[" + i + "]/div[@class="row"]/div[@class="col-md-12"]/div[@class="row"]": null

2017-11-28 18:59:28 - [TEST_STEP][PASSED] - Statement - paxInRoomCount = driver.findElements(org.openqa.selenium.By.xpath(paxInRoomXpath)).size(): null

2017-11-28 18:59:28 - [TEST_STEP][PASSED] - Statement - println("paxInRoomCount=" + paxInRoomCount): null

2017-11-28 18:59:28 - [TEST_STEP][PASSED] - Statement - For ([j = 1, j <= paxInRoomCount, (j++)]): Text 'Magnus Vestergaard' is set on object 'Object Repository/PrimoTours/Old Objects/allPaxLastNameFields'

2017-11-28 18:59:28 - [TEST_STEP][PASSED] - Statement - If (i == 1 & j == 1): null

2017-11-28 18:59:28 - [TEST_STEP][PASSED] - Statement - randomPaxIndex = java.lang.Math.abs(new java.util.Random().nextInt() % excelRowNo) + 1: null

2017-11-28 18:59:28 - [TEST_STEP][PASSED] - Statement - println(randomPaxIndex): null

2017-11-28 18:59:28 - [TEST_STEP][PASSED] - Statement - fname = rawData.getValue("FirstName", randomPaxIndex) + " AUT": null

2017-11-28 18:59:28 - [TEST_STEP][PASSED] - Statement - lname = rawData.getValue("LastName", randomPaxIndex): null

2017-11-28 18:59:28 - [TEST_STEP][PASSED] - Statement - pgender = rawData.getValue("Gender", randomPaxIndex): null

2017-11-28 18:59:28 - [TEST_STEP][PASSED] - Statement - pday = rawData.getValue("Day DOB", randomPaxIndex): null

2017-11-28 18:59:28 - [TEST_STEP][PASSED] - Statement - pmonth = rawData.getValue("Month DOB", randomPaxIndex): null

2017-11-28 18:59:28 - [TEST_STEP][PASSED] - Statement - pyear = rawData.getValue("Year DOB", randomPaxIndex): null

2017-11-28 18:59:28 - [TEST_STEP][PASSED] - Statement - paxDetailFields = paxInRoomXpath + "[" + j + "]/div[@class="col-md-x col-md-9"]/div[@class="row paxContainer"]/div[@class="col-md-5"]": null

2017-11-28 18:59:28 - [TEST_STEP][PASSED] - Statement - xpathval = paxDetailFields + "[1]/div[contains(@class,"form-group")]/input[@class="form-control paxFirstName"]": null

2017-11-28 18:59:28 - [TEST_STEP][PASSED] - Statement - println("fn: " + xpathval): null

2017-11-28 18:59:28 - [TEST_STEP][PASSED] - Statement - repObj = com.kms.katalon.core.testobject.ObjectRepository.findTestObject(Object Repository/PrimoTours/Old Objects/allPaxFirstNameFields): Finding Test Object with id 'Object Repository/PrimoTours/Old Objects/allPaxFirstNameFields'

2017-11-28 18:59:28 - [TEST_STEP][PASSED] - Statement - repObj.findProperty("xpath").setValue(xpathval): null

2017-11-28 18:59:28 - [TEST_STEP][PASSED] - setText: Text 'Grønning Høier AUT' is set on object 'Object Repository/PrimoTours/Old Objects/allPaxFirstNameFields'

2017-11-28 18:59:28 - [MESSAGE][PASSED] - Text 'Grønning Høier AUT' is set on object 'Object Repository/PrimoTours/Old Objects/allPaxFirstNameFields'

2017-11-28 18:59:28 - [TEST_STEP][PASSED] - Statement - xpathval = paxDetailFields + "[2]/div[contains(@class,"form-group")]/input[@class="form-control paxLastName"]": null

2017-11-28 18:59:28 - [TEST_STEP][PASSED] - Statement - println("ln: " + xpathval): null

2017-11-28 18:59:28 - [TEST_STEP][PASSED] - Statement - repObj = com.kms.katalon.core.testobject.ObjectRepository.findTestObject(Object Repository/PrimoTours/Old Objects/allPaxLastNameFields): Finding Test Object with id 'Object Repository/PrimoTours/Old Objects/allPaxLastNameFields'

2017-11-28 18:59:28 - [TEST_STEP][PASSED] - Statement - repObj.findProperty("xpath").setValue(xpathval): null

2017-11-28 18:59:28 - [TEST_STEP][PASSED] - setText: Text 'Maria' is set on object 'Object Repository/PrimoTours/Old Objects/allPaxLastNameFields'

2017-11-28 18:59:28 - [MESSAGE][PASSED] - Text 'Maria' is set on object 'Object Repository/PrimoTours/Old Objects/allPaxLastNameFields'

2017-11-28 18:59:28 - [TEST_STEP][PASSED] - Statement - If (i == 1 & j == 1): null

2017-11-28 18:59:28 - [TEST_STEP][PASSED] - Statement - randomPaxIndex = java.lang.Math.abs(new java.util.Random().nextInt() % excelRowNo) + 1: null

2017-11-28 18:59:28 - [TEST_STEP][PASSED] - Statement - println(randomPaxIndex): null

2017-11-28 18:59:28 - [TEST_STEP][PASSED] - Statement - fname = rawData.getValue("FirstName", randomPaxIndex) + " AUT": null

2017-11-28 18:59:28 - [TEST_STEP][PASSED] - Statement - lname = rawData.getValue("LastName", randomPaxIndex): null

2017-11-28 18:59:28 - [TEST_STEP][PASSED] - Statement - pgender = rawData.getValue("Gender", randomPaxIndex): null

2017-11-28 18:59:28 - [TEST_STEP][PASSED] - Statement - pday = rawData.getValue("Day DOB", randomPaxIndex): null

2017-11-28 18:59:28 - [TEST_STEP][PASSED] - Statement - pmonth = rawData.getValue("Month DOB", randomPaxIndex): null

2017-11-28 18:59:28 - [TEST_STEP][PASSED] - Statement - pyear = rawData.getValue("Year DOB", randomPaxIndex): null

2017-11-28 18:59:28 - [TEST_STEP][PASSED] - Statement - paxDetailFields = paxInRoomXpath + "[" + j + "]/div[@class="col-md-x col-md-9"]/div[@class="row paxContainer"]/div[@class="col-md-5"]": null

2017-11-28 18:59:28 - [TEST_STEP][PASSED] - Statement - xpathval = paxDetailFields + "[1]/div[contains(@class,"form-group")]/input[@class="form-control paxFirstName"]": null

2017-11-28 18:59:28 - [TEST_STEP][PASSED] - Statement - println("fn: " + xpathval): null

2017-11-28 18:59:28 - [TEST_STEP][PASSED] - Statement - repObj = com.kms.katalon.core.testobject.ObjectRepository.findTestObject(Object Repository/PrimoTours/Old Objects/allPaxFirstNameFields): Finding Test Object with id 'Object Repository/PrimoTours/Old Objects/allPaxFirstNameFields'

2017-11-28 18:59:29 - [TEST_STEP][PASSED] - Statement - repObj.findProperty("xpath").setValue(xpathval): null

2017-11-28 18:59:29 - [TEST_STEP][PASSED] - setText: Text 'Kjær AUT' is set on object 'Object Repository/PrimoTours/Old Objects/allPaxFirstNameFields'

2017-11-28 18:59:29 - [MESSAGE][PASSED] - Text 'Kjær AUT' is set on object 'Object Repository/PrimoTours/Old Objects/allPaxFirstNameFields'

2017-11-28 18:59:29 - [TEST_STEP][PASSED] - Statement - xpathval = paxDetailFields + "[2]/div[contains(@class,"form-group")]/input[@class="form-control paxLastName"]": null

2017-11-28 18:59:29 - [TEST_STEP][PASSED] - Statement - println("ln: " + xpathval): null

2017-11-28 18:59:29 - [TEST_STEP][PASSED] - Statement - repObj = com.kms.katalon.core.testobject.ObjectRepository.findTestObject(Object Repository/PrimoTours/Old Objects/allPaxLastNameFields): Finding Test Object with id 'Object Repository/PrimoTours/Old Objects/allPaxLastNameFields'

2017-11-28 18:59:29 - [TEST_STEP][PASSED] - Statement - repObj.findProperty("xpath").setValue(xpathval): null

2017-11-28 18:59:29 - [TEST_STEP][PASSED] - setText: Text 'Magnus Vestergaard' is set on object 'Object Repository/PrimoTours/Old Objects/allPaxLastNameFields'

2017-11-28 18:59:29 - [MESSAGE][PASSED] - Text 'Magnus Vestergaard' is set on object 'Object Repository/PrimoTours/Old Objects/allPaxLastNameFields'

2017-11-28 18:59:29 - [TEST_STEP][PASSED] - Statement - paxInRoomXpath = roomContainerXpath + "[" + i + "]/div[@class="row"]/div[@class="col-md-12"]/div[@class="row"]": null

2017-11-28 18:59:29 - [TEST_STEP][PASSED] - Statement - paxInRoomCount = driver.findElements(org.openqa.selenium.By.xpath(paxInRoomXpath)).size(): null

2017-11-28 18:59:29 - [TEST_STEP][PASSED] - Statement - println("paxInRoomCount=" + paxInRoomCount): null

2017-11-28 18:59:29 - [TEST_STEP][PASSED] - Statement - For ([j = 1, j <= paxInRoomCount, (j++)]): Text 'Sven Carit Søgaard' is set on object 'Object Repository/PrimoTours/Old Objects/allPaxLastNameFields'

2017-11-28 18:59:29 - [TEST_STEP][PASSED] - Statement - If (i == 1 & j == 1): null

2017-11-28 18:59:29 - [TEST_STEP][PASSED] - Statement - randomPaxIndex = java.lang.Math.abs(new java.util.Random().nextInt() % excelRowNo) + 1: null

2017-11-28 18:59:29 - [TEST_STEP][PASSED] - Statement - println(randomPaxIndex): null

2017-11-28 18:59:29 - [TEST_STEP][PASSED] - Statement - fname = rawData.getValue("FirstName", randomPaxIndex) + " AUT": null

2017-11-28 18:59:29 - [TEST_STEP][PASSED] - Statement - lname = rawData.getValue("LastName", randomPaxIndex): null

2017-11-28 18:59:29 - [TEST_STEP][PASSED] - Statement - pgender = rawData.getValue("Gender", randomPaxIndex): null

2017-11-28 18:59:29 - [TEST_STEP][PASSED] - Statement - pday = rawData.getValue("Day DOB", randomPaxIndex): null

2017-11-28 18:59:29 - [TEST_STEP][PASSED] - Statement - pmonth = rawData.getValue("Month DOB", randomPaxIndex): null

2017-11-28 18:59:29 - [TEST_STEP][PASSED] - Statement - pyear = rawData.getValue("Year DOB", randomPaxIndex): null

2017-11-28 18:59:29 - [TEST_STEP][PASSED] - Statement - paxDetailFields = paxInRoomXpath + "[" + j + "]/div[@class="col-md-x col-md-9"]/div[@class="row paxContainer"]/div[@class="col-md-5"]": null

2017-11-28 18:59:29 - [TEST_STEP][PASSED] - Statement - xpathval = paxDetailFields + "[1]/div[contains(@class,"form-group")]/input[@class="form-control paxFirstName"]": null

2017-11-28 18:59:29 - [TEST_STEP][PASSED] - Statement - println("fn: " + xpathval): null

2017-11-28 18:59:29 - [TEST_STEP][PASSED] - Statement - repObj = com.kms.katalon.core.testobject.ObjectRepository.findTestObject(Object Repository/PrimoTours/Old Objects/allPaxFirstNameFields): Finding Test Object with id 'Object Repository/PrimoTours/Old Objects/allPaxFirstNameFields'

2017-11-28 18:59:29 - [TEST_STEP][PASSED] - Statement - repObj.findProperty("xpath").setValue(xpathval): null

2017-11-28 18:59:29 - [TEST_STEP][PASSED] - setText: Text 'Kanstrup AUT' is set on object 'Object Repository/PrimoTours/Old Objects/allPaxFirstNameFields'

2017-11-28 18:59:30 - [MESSAGE][PASSED] - Text 'Kanstrup AUT' is set on object 'Object Repository/PrimoTours/Old Objects/allPaxFirstNameFields'

2017-11-28 18:59:30 - [TEST_STEP][PASSED] - Statement - xpathval = paxDetailFields + "[2]/div[contains(@class,"form-group")]/input[@class="form-control paxLastName"]": null

2017-11-28 18:59:30 - [TEST_STEP][PASSED] - Statement - println("ln: " + xpathval): null

2017-11-28 18:59:30 - [TEST_STEP][PASSED] - Statement - repObj = com.kms.katalon.core.testobject.ObjectRepository.findTestObject(Object Repository/PrimoTours/Old Objects/allPaxLastNameFields): Finding Test Object with id 'Object Repository/PrimoTours/Old Objects/allPaxLastNameFields'

2017-11-28 18:59:30 - [TEST_STEP][PASSED] - Statement - repObj.findProperty("xpath").setValue(xpathval): null

2017-11-28 18:59:30 - [TEST_STEP][PASSED] - setText: Text 'Nicolai' is set on object 'Object Repository/PrimoTours/Old Objects/allPaxLastNameFields'

2017-11-28 18:59:30 - [MESSAGE][PASSED] - Text 'Nicolai' is set on object 'Object Repository/PrimoTours/Old Objects/allPaxLastNameFields'

2017-11-28 18:59:30 - [TEST_STEP][PASSED] - Statement - If (i == 1 & j == 1): null

2017-11-28 18:59:30 - [TEST_STEP][PASSED] - Statement - randomPaxIndex = java.lang.Math.abs(new java.util.Random().nextInt() % excelRowNo) + 1: null

2017-11-28 18:59:30 - [TEST_STEP][PASSED] - Statement - println(randomPaxIndex): null

2017-11-28 18:59:30 - [TEST_STEP][PASSED] - Statement - fname = rawData.getValue("FirstName", randomPaxIndex) + " AUT": null

2017-11-28 18:59:30 - [TEST_STEP][PASSED] - Statement - lname = rawData.getValue("LastName", randomPaxIndex): null

2017-11-28 18:59:30 - [TEST_STEP][PASSED] - Statement - pgender = rawData.getValue("Gender", randomPaxIndex): null

2017-11-28 18:59:30 - [TEST_STEP][PASSED] - Statement - pday = rawData.getValue("Day DOB", randomPaxIndex): null

2017-11-28 18:59:30 - [TEST_STEP][PASSED] - Statement - pmonth = rawData.getValue("Month DOB", randomPaxIndex): null

2017-11-28 18:59:30 - [TEST_STEP][PASSED] - Statement - pyear = rawData.getValue("Year DOB", randomPaxIndex): null

2017-11-28 18:59:30 - [TEST_STEP][PASSED] - Statement - paxDetailFields = paxInRoomXpath + "[" + j + "]/div[@class="col-md-x col-md-9"]/div[@class="row paxContainer"]/div[@class="col-md-5"]": null

2017-11-28 18:59:30 - [TEST_STEP][PASSED] - Statement - xpathval = paxDetailFields + "[1]/div[contains(@class,"form-group")]/input[@class="form-control paxFirstName"]": null

2017-11-28 18:59:30 - [TEST_STEP][PASSED] - Statement - println("fn: " + xpathval): null

2017-11-28 18:59:30 - [TEST_STEP][PASSED] - Statement - repObj = com.kms.katalon.core.testobject.ObjectRepository.findTestObject(Object Repository/PrimoTours/Old Objects/allPaxFirstNameFields): Finding Test Object with id 'Object Repository/PrimoTours/Old Objects/allPaxFirstNameFields'

2017-11-28 18:59:30 - [TEST_STEP][PASSED] - Statement - repObj.findProperty("xpath").setValue(xpathval): null

2017-11-28 18:59:30 - [TEST_STEP][PASSED] - setText: Text 'Petersen AUT' is set on object 'Object Repository/PrimoTours/Old Objects/allPaxFirstNameFields'

2017-11-28 18:59:30 - [MESSAGE][PASSED] - Text 'Petersen AUT' is set on object 'Object Repository/PrimoTours/Old Objects/allPaxFirstNameFields'

2017-11-28 18:59:30 - [TEST_STEP][PASSED] - Statement - xpathval = paxDetailFields + "[2]/div[contains(@class,"form-group")]/input[@class="form-control paxLastName"]": null

2017-11-28 18:59:30 - [TEST_STEP][PASSED] - Statement - println("ln: " + xpathval): null

2017-11-28 18:59:30 - [TEST_STEP][PASSED] - Statement - repObj = com.kms.katalon.core.testobject.ObjectRepository.findTestObject(Object Repository/PrimoTours/Old Objects/allPaxLastNameFields): Finding Test Object with id 'Object Repository/PrimoTours/Old Objects/allPaxLastNameFields'

2017-11-28 18:59:30 - [TEST_STEP][PASSED] - Statement - repObj.findProperty("xpath").setValue(xpathval): null

2017-11-28 18:59:30 - [TEST_STEP][PASSED] - setText: Text 'Sara Funch' is set on object 'Object Repository/PrimoTours/Old Objects/allPaxLastNameFields'

2017-11-28 18:59:31 - [MESSAGE][PASSED] - Text 'Sara Funch' is set on object 'Object Repository/PrimoTours/Old Objects/allPaxLastNameFields'

2017-11-28 18:59:31 - [TEST_STEP][PASSED] - Statement - If (i == 1 & j == 1): null

2017-11-28 18:59:31 - [TEST_STEP][PASSED] - Statement - randomPaxIndex = java.lang.Math.abs(new java.util.Random().nextInt() % excelRowNo) + 1: null

2017-11-28 18:59:31 - [TEST_STEP][PASSED] - Statement - println(randomPaxIndex): null

2017-11-28 18:59:31 - [TEST_STEP][PASSED] - Statement - fname = rawData.getValue("FirstName", randomPaxIndex) + " AUT": null

2017-11-28 18:59:31 - [TEST_STEP][PASSED] - Statement - lname = rawData.getValue("LastName", randomPaxIndex): null

2017-11-28 18:59:31 - [TEST_STEP][PASSED] - Statement - pgender = rawData.getValue("Gender", randomPaxIndex): null

2017-11-28 18:59:31 - [TEST_STEP][PASSED] - Statement - pday = rawData.getValue("Day DOB", randomPaxIndex): null

2017-11-28 18:59:31 - [TEST_STEP][PASSED] - Statement - pmonth = rawData.getValue("Month DOB", randomPaxIndex): null

2017-11-28 18:59:31 - [TEST_STEP][PASSED] - Statement - pyear = rawData.getValue("Year DOB", randomPaxIndex): null

2017-11-28 18:59:31 - [TEST_STEP][PASSED] - Statement - paxDetailFields = paxInRoomXpath + "[" + j + "]/div[@class="col-md-x col-md-9"]/div[@class="row paxContainer"]/div[@class="col-md-5"]": null

2017-11-28 18:59:31 - [TEST_STEP][PASSED] - Statement - xpathval = paxDetailFields + "[1]/div[contains(@class,"form-group")]/input[@class="form-control paxFirstName"]": null

2017-11-28 18:59:31 - [TEST_STEP][PASSED] - Statement - println("fn: " + xpathval): null

2017-11-28 18:59:31 - [TEST_STEP][PASSED] - Statement - repObj = com.kms.katalon.core.testobject.ObjectRepository.findTestObject(Object Repository/PrimoTours/Old Objects/allPaxFirstNameFields): Finding Test Object with id 'Object Repository/PrimoTours/Old Objects/allPaxFirstNameFields'

2017-11-28 18:59:31 - [TEST_STEP][PASSED] - Statement - repObj.findProperty("xpath").setValue(xpathval): null

2017-11-28 18:59:31 - [TEST_STEP][PASSED] - setText: Text 'Niculae AUT' is set on object 'Object Repository/PrimoTours/Old Objects/allPaxFirstNameFields'

2017-11-28 18:59:31 - [MESSAGE][PASSED] - Text 'Niculae AUT' is set on object 'Object Repository/PrimoTours/Old Objects/allPaxFirstNameFields'

2017-11-28 18:59:31 - [TEST_STEP][PASSED] - Statement - xpathval = paxDetailFields + "[2]/div[contains(@class,"form-group")]/input[@class="form-control paxLastName"]": null

2017-11-28 18:59:31 - [TEST_STEP][PASSED] - Statement - println("ln: " + xpathval): null

2017-11-28 18:59:31 - [TEST_STEP][PASSED] - Statement - repObj = com.kms.katalon.core.testobject.ObjectRepository.findTestObject(Object Repository/PrimoTours/Old Objects/allPaxLastNameFields): Finding Test Object with id 'Object Repository/PrimoTours/Old Objects/allPaxLastNameFields'

2017-11-28 18:59:31 - [TEST_STEP][PASSED] - Statement - repObj.findProperty("xpath").setValue(xpathval): null

2017-11-28 18:59:31 - [TEST_STEP][PASSED] - setText: Text 'Maria' is set on object 'Object Repository/PrimoTours/Old Objects/allPaxLastNameFields'

2017-11-28 18:59:31 - [MESSAGE][PASSED] - Text 'Maria' is set on object 'Object Repository/PrimoTours/Old Objects/allPaxLastNameFields'

2017-11-28 18:59:31 - [TEST_STEP][PASSED] - Statement - If (i == 1 & j == 1): null

2017-11-28 18:59:31 - [TEST_STEP][PASSED] - Statement - randomPaxIndex = java.lang.Math.abs(new java.util.Random().nextInt() % excelRowNo) + 1: null

2017-11-28 18:59:31 - [TEST_STEP][PASSED] - Statement - println(randomPaxIndex): null

2017-11-28 18:59:31 - [TEST_STEP][PASSED] - Statement - fname = rawData.getValue("FirstName", randomPaxIndex) + " AUT": null

2017-11-28 18:59:31 - [TEST_STEP][PASSED] - Statement - lname = rawData.getValue("LastName", randomPaxIndex): null

2017-11-28 18:59:31 - [TEST_STEP][PASSED] - Statement - pgender = rawData.getValue("Gender", randomPaxIndex): null

2017-11-28 18:59:31 - [TEST_STEP][PASSED] - Statement - pday = rawData.getValue("Day DOB", randomPaxIndex): null

2017-11-28 18:59:31 - [TEST_STEP][PASSED] - Statement - pmonth = rawData.getValue("Month DOB", randomPaxIndex): null

2017-11-28 18:59:31 - [TEST_STEP][PASSED] - Statement - pyear = rawData.getValue("Year DOB", randomPaxIndex): null

2017-11-28 18:59:31 - [TEST_STEP][PASSED] - Statement - paxDetailFields = paxInRoomXpath + "[" + j + "]/div[@class="col-md-x col-md-9"]/div[@class="row paxContainer"]/div[@class="col-md-5"]": null

2017-11-28 18:59:31 - [TEST_STEP][PASSED] - Statement - xpathval = paxDetailFields + "[1]/div[contains(@class,"form-group")]/input[@class="form-control paxFirstName"]": null

2017-11-28 18:59:31 - [TEST_STEP][PASSED] - Statement - println("fn: " + xpathval): null

2017-11-28 18:59:31 - [TEST_STEP][PASSED] - Statement - repObj = com.kms.katalon.core.testobject.ObjectRepository.findTestObject(Object Repository/PrimoTours/Old Objects/allPaxFirstNameFields): Finding Test Object with id 'Object Repository/PrimoTours/Old Objects/allPaxFirstNameFields'

2017-11-28 18:59:31 - [TEST_STEP][PASSED] - Statement - repObj.findProperty("xpath").setValue(xpathval): null

2017-11-28 18:59:31 - [TEST_STEP][PASSED] - setText: Text 'Jensen AUT' is set on object 'Object Repository/PrimoTours/Old Objects/allPaxFirstNameFields'

2017-11-28 18:59:32 - [MESSAGE][PASSED] - Text 'Jensen AUT' is set on object 'Object Repository/PrimoTours/Old Objects/allPaxFirstNameFields'

2017-11-28 18:59:32 - [TEST_STEP][PASSED] - Statement - xpathval = paxDetailFields + "[2]/div[contains(@class,"form-group")]/input[@class="form-control paxLastName"]": null

2017-11-28 18:59:32 - [TEST_STEP][PASSED] - Statement - println("ln: " + xpathval): null

2017-11-28 18:59:32 - [TEST_STEP][PASSED] - Statement - repObj = com.kms.katalon.core.testobject.ObjectRepository.findTestObject(Object Repository/PrimoTours/Old Objects/allPaxLastNameFields): Finding Test Object with id 'Object Repository/PrimoTours/Old Objects/allPaxLastNameFields'

2017-11-28 18:59:32 - [TEST_STEP][PASSED] - Statement - repObj.findProperty("xpath").setValue(xpathval): null

2017-11-28 18:59:32 - [TEST_STEP][PASSED] - setText: Text 'Sven Carit Søgaard' is set on object 'Object Repository/PrimoTours/Old Objects/allPaxLastNameFields'

2017-11-28 18:59:32 - [MESSAGE][PASSED] - Text 'Sven Carit Søgaard' is set on object 'Object Repository/PrimoTours/Old Objects/allPaxLastNameFields'

2017-11-28 18:59:32 - [TEST_STEP][PASSED] - scrollToElement: Scroll to object 'Object Repository/PrimoTours/Old Objects/Coco (1)/PrimoT/SaveBooking2/Success/bookingTotalValue' successfully

2017-11-28 18:59:32 - [MESSAGE][PASSED] - Scroll to object 'Object Repository/PrimoTours/Old Objects/Coco (1)/PrimoT/SaveBooking2/Success/bookingTotalValue' successfully

2017-11-28 18:59:32 - [TEST_STEP][PASSED] - click: Object: 'Object Repository/PrimoTours/Old Objects/Coco (1)/PrimoT/SaveBooking2/Success/bookingTotalValue' is clicked on

2017-11-28 18:59:32 - [MESSAGE][PASSED] - Object: 'Object Repository/PrimoTours/Old Objects/Coco (1)/PrimoT/SaveBooking2/Success/bookingTotalValue' is clicked on

2017-11-28 18:59:32 - [TEST_STEP][PASSED] - scrollToElement: Scroll to object 'Object Repository/PrimoTours/Old Objects/Coco (1)/PrimoT/SaveBooking2/Success/Page_Primo Tours  Danmarks bedste c/i_fa fa-arrow-circle-right' successfully

2017-11-28 18:59:32 - [MESSAGE][PASSED] - Scroll to object 'Object Repository/PrimoTours/Old Objects/Coco (1)/PrimoT/SaveBooking2/Success/Page_Primo Tours  Danmarks bedste c/i_fa fa-arrow-circle-right' successfully

2017-11-28 18:59:32 - [TEST_STEP][PASSED] - waitForElementClickable: Object 'Object Repository/PrimoTours/Old Objects/Coco (1)/PrimoT/SaveBooking2/Success/Page_Primo Tours  Danmarks bedste c/i_fa fa-arrow-circle-right' is clickable

2017-11-28 18:59:32 - [MESSAGE][PASSED] - Object 'Object Repository/PrimoTours/Old Objects/Coco (1)/PrimoT/SaveBooking2/Success/Page_Primo Tours  Danmarks bedste c/i_fa fa-arrow-circle-right' is clickable

2017-11-28 18:59:32 - [TEST_STEP][PASSED] - waitForElementVisible: Object 'Object Repository/PrimoTours/Old Objects/Coco (1)/PrimoT/SaveBooking2/Success/Page_Primo Tours  Danmarks bedste c/i_fa fa-arrow-circle-right' is visible

2017-11-28 18:59:32 - [MESSAGE][PASSED] - Object 'Object Repository/PrimoTours/Old Objects/Coco (1)/PrimoT/SaveBooking2/Success/Page_Primo Tours  Danmarks bedste c/i_fa fa-arrow-circle-right' is visible

2017-11-28 18:59:32 - [TEST_STEP][PASSED] - scrollToElement: Scroll to object 'Object Repository/PrimoTours/Old Objects/Coco (1)/PrimoT/SaveBooking2/Success/Page_Primo Tours  Danmarks bedste c/i_fa fa-arrow-circle-right' successfully

2017-11-28 18:59:32 - [MESSAGE][PASSED] - Scroll to object 'Object Repository/PrimoTours/Old Objects/Coco (1)/PrimoT/SaveBooking2/Success/Page_Primo Tours  Danmarks bedste c/i_fa fa-arrow-circle-right' successfully

2017-11-28 18:59:32 - [TEST_STEP][PASSED] - click: Object: 'Object Repository/PrimoTours/Old Objects/Coco (1)/PrimoT/SaveBooking2/Success/Page_Primo Tours  Danmarks bedste c/i_fa fa-arrow-circle-right' is clicked on

2017-11-28 18:59:32 - [MESSAGE][PASSED] - Object: 'Object Repository/PrimoTours/Old Objects/Coco (1)/PrimoT/SaveBooking2/Success/Page_Primo Tours  Danmarks bedste c/i_fa fa-arrow-circle-right' is clicked on

2017-11-28 18:59:32 - [TEST_STEP][PASSED] - delay: Delayed 1 second(s)

2017-11-28 18:59:33 - [MESSAGE][PASSED] - Delayed 1 second(s)

2017-11-28 18:59:33 - [TEST_STEP][PASSED] - waitForElementNotVisible: Object 'Object Repository/PrimoTours/Old Objects/CCenter/pageLoaderOverlayLayer' is NOT visible

2017-11-28 18:59:35 - [MESSAGE][PASSED] - Object 'Object Repository/PrimoTours/Old Objects/CCenter/pageLoaderOverlayLayer' is NOT visible

2017-11-28 18:59:35 - [TEST_STEP][PASSED] - scrollToElement: Scroll to object 'Object Repository/PrimoTours/Old Objects/Coco/PrimoT/Ins2/Page_Primo Tours  Danmarks bedste c/travelInsuranceFirstPaxSelector' successfully

2017-11-28 18:59:35 - [MESSAGE][PASSED] - Scroll to object 'Object Repository/PrimoTours/Old Objects/Coco/PrimoT/Ins2/Page_Primo Tours  Danmarks bedste c/travelInsuranceFirstPaxSelector' successfully

2017-11-28 18:59:35 - [TEST_STEP][PASSED] - waitForElementPresent: Object 'Object Repository/PrimoTours/Old Objects/Coco/PrimoT/Ins2/Page_Primo Tours  Danmarks bedste c/travelInsuranceFirstPaxSelector' is present

2017-11-28 18:59:35 - [MESSAGE][PASSED] - Object 'Object Repository/PrimoTours/Old Objects/Coco/PrimoT/Ins2/Page_Primo Tours  Danmarks bedste c/travelInsuranceFirstPaxSelector' is present

2017-11-28 18:59:35 - [TEST_STEP][PASSED] - waitForElementVisible: Object 'Object Repository/PrimoTours/Old Objects/Coco/PrimoT/Ins2/Page_Primo Tours  Danmarks bedste c/travelInsuranceFirstPaxSelector' is visible

2017-11-28 18:59:35 - [MESSAGE][PASSED] - Object 'Object Repository/PrimoTours/Old Objects/Coco/PrimoT/Ins2/Page_Primo Tours  Danmarks bedste c/travelInsuranceFirstPaxSelector' is visible

2017-11-28 18:59:35 - [TEST_STEP][PASSED] - waitForElementClickable: Object 'Object Repository/PrimoTours/Old Objects/Coco/PrimoT/Ins2/Page_Primo Tours  Danmarks bedste c/travelInsuranceFirstPaxSelector' is clickable

2017-11-28 18:59:35 - [MESSAGE][PASSED] - Object 'Object Repository/PrimoTours/Old Objects/Coco/PrimoT/Ins2/Page_Primo Tours  Danmarks bedste c/travelInsuranceFirstPaxSelector' is clickable

2017-11-28 18:59:35 - [TEST_STEP][PASSED] - click: Object: 'Object Repository/PrimoTours/Old Objects/Coco/PrimoT/Ins2/Page_Primo Tours  Danmarks bedste c/travelInsuranceFirstPaxSelector' is clicked on

2017-11-28 18:59:35 - [MESSAGE][PASSED] - Object: 'Object Repository/PrimoTours/Old Objects/Coco/PrimoT/Ins2/Page_Primo Tours  Danmarks bedste c/travelInsuranceFirstPaxSelector' is clicked on

2017-11-28 18:59:35 - [TEST_STEP][FAILED] - click: Unable to click on object 'Object Repository/PrimoTours/Old Objects/Coco/PrimoT/Ins2/Page_Primo Tours  Danmarks bedste c/li_Har selv forsikring - kr. 0' (Root cause: com.kms.katalon.core.webui.exception.WebElementNotFoundException: Web element with id: 'Object Repository/PrimoTours/Old Objects/Coco/PrimoT/Ins2/Page_Primo Tours  Danmarks bedste c/li_Har selv forsikring - kr. 0' located by 'By.xpath: //*[@class = 'select2-results__option'][1]' not found)

2017-11-28 18:59:52 - [MESSAGE][FAILED] - Unable to click on object 'Object Repository/PrimoTours/Old Objects/Coco/PrimoT/Ins2/Page_Primo Tours  Danmarks bedste c/li_Har selv forsikring - kr. 0' (Root cause: com.kms.katalon.core.webui.exception.WebElementNotFoundException: Web element with id: 'Object Repository/PrimoTours/Old Objects/Coco/PrimoT/Ins2/Page_Primo Tours  Danmarks bedste c/li_Har selv forsikring - kr. 0' located by 'By.xpath: //*[@class = 'select2-results__option'][1]' not found)
[[ATTACHMENT|D:\\Software testing\\Tourpaq\\Automated Katalon tests\\Primo WB test\\Reports\\WB Primo From Excel URLs\\20171128_185633\\1511888391545.png]]]]></system-out>
         <system-err><![CDATA[2017-11-28 18:59:15 - [TEST_CASE][FAILED] - Test Cases/PrimoTours/WB Primo/WB Primo staging - place booking - Iteration 6: Test Cases/PrimoTours/WB Primo/WB Primo staging - place booking FAILED because (of) Unable to click on object 'Object Repository/PrimoTours/Old Objects/Coco/PrimoT/Ins2/Page_Primo Tours  Danmarks bedste c/li_Har selv forsikring - kr. 0' (Root cause: com.kms.katalon.core.webui.exception.WebElementNotFoundException: Web element with id: 'Object Repository/PrimoTours/Old Objects/Coco/PrimoT/Ins2/Page_Primo Tours  Danmarks bedste c/li_Har selv forsikring - kr. 0' located by 'By.xpath: //*[@class = 'select2-results__option'][1]' not found)]]></system-err>
      </testcase>
      <testcase name="Test Cases/PrimoTours/WB Primo/WB Primo staging - place booking - Iteration 7" classname="Test Cases/PrimoTours/WB Primo/WB Primo staging - place booking" status="FAILED">
         <failure type="FAILED" message="Unable to click on object 'Object Repository/PrimoTours/Old Objects/ThankYouPage/printTicketSpan' (Root cause: org.openqa.selenium.WebDriverException: unknown error: Element &lt;span id=&quot;printTicketSpan&quot; data-bind=&quot;text: tourpaq.bookingEngine.languageStaticResources.PrintReceipt&quot;>...&lt;/span> is not clickable at point (508, 319). Other element would receive the click: &lt;div class=&quot;se-pre-con&quot; id=&quot;booking-overlay&quot; style=&quot;opacity: 0.616723;&quot;>&lt;/div>
  (Session info: chrome=62.0.3202.94)
  (Driver info: chromedriver=2.33.506120 (e3e53437346286c0bc2d2dc9aa4915ba81d9023f),platform=Windows NT 6.3.9600 x86_64) (WARNING: The server did not provide any stacktrace information)
Command duration or timeout: 0 milliseconds
Build info: version: '3.7.1', revision: '8a0099a', time: '2017-11-06T21:07:36.161Z'
System info: host: 'NEACSUNEW-PC', ip: '10.10.10.211', os.name: 'Windows 8.1', os.arch: 'amd64', os.version: '6.3', java.version: '1.8.0_102'
Driver info: com.kms.katalon.selenium.driver.CChromeDriver
Capabilities {acceptSslCerts: true, applicationCacheEnabled: false, browserConnectionEnabled: false, browserName: chrome, chrome: {chromedriverVersion: 2.33.506120 (e3e53437346286..., userDataDir: C:\Users\Cornel\AppData\Loc...}, cssSelectorsEnabled: true, databaseEnabled: false, handlesAlerts: true, hasTouchScreen: false, javascriptEnabled: true, locationContextEnabled: true, mobileEmulationEnabled: false, nativeEvents: true, networkConnectionEnabled: false, pageLoadStrategy: normal, platform: XP, platformName: XP, rotatable: false, setWindowRect: true, takesHeapSnapshot: true, takesScreenshot: true, unexpectedAlertBehaviour: , unhandledPromptBehavior: , version: 62.0.3202.94, webStorageEnabled: true}
Session ID: a27e3f1bdbffcbf9d0c48ce237cc6f5e)"/>
         <system-out><![CDATA[2017-11-28 18:59:52 - [TEST_CASE][FAILED] - Test Cases/PrimoTours/WB Primo/WB Primo staging - place booking - Iteration 7: Unable to click on object 'Object Repository/PrimoTours/Old Objects/ThankYouPage/printTicketSpan' (Root cause: org.openqa.selenium.WebDriverException: unknown error: Element <span id="printTicketSpan" data-bind="text: tourpaq.bookingEngine.languageStaticResources.PrintReceipt">...</span> is not clickable at point (508, 319). Other element would receive the click: <div class="se-pre-con" id="booking-overlay" style="opacity: 0.616723;"></div>
  (Session info: chrome=62.0.3202.94)
  (Driver info: chromedriver=2.33.506120 (e3e53437346286c0bc2d2dc9aa4915ba81d9023f),platform=Windows NT 6.3.9600 x86_64) (WARNING: The server did not provide any stacktrace information)
Command duration or timeout: 0 milliseconds
Build info: version: '3.7.1', revision: '8a0099a', time: '2017-11-06T21:07:36.161Z'
System info: host: 'NEACSUNEW-PC', ip: '10.10.10.211', os.name: 'Windows 8.1', os.arch: 'amd64', os.version: '6.3', java.version: '1.8.0_102'
Driver info: com.kms.katalon.selenium.driver.CChromeDriver
Capabilities {acceptSslCerts: true, applicationCacheEnabled: false, browserConnectionEnabled: false, browserName: chrome, chrome: {chromedriverVersion: 2.33.506120 (e3e53437346286..., userDataDir: C:\Users\Cornel\AppData\Loc...}, cssSelectorsEnabled: true, databaseEnabled: false, handlesAlerts: true, hasTouchScreen: false, javascriptEnabled: true, locationContextEnabled: true, mobileEmulationEnabled: false, nativeEvents: true, networkConnectionEnabled: false, pageLoadStrategy: normal, platform: XP, platformName: XP, rotatable: false, setWindowRect: true, takesHeapSnapshot: true, takesScreenshot: true, unexpectedAlertBehaviour: , unhandledPromptBehavior: , version: 62.0.3202.94, webStorageEnabled: true}
Session ID: a27e3f1bdbffcbf9d0c48ce237cc6f5e)

2017-11-28 18:59:52 - [TEST_STEP][PASSED] - openBrowser: Browser is opened with url: ''

2017-11-28 18:59:52 - [MESSAGE][WARNING] - A browser is already opened. Closing browser and opening a new one

2017-11-28 18:59:54 - [MESSAGE][PASSED] - Browser is opened with url: ''

2017-11-28 18:59:54 - [TEST_STEP][PASSED] - maximizeWindow: Current window maximized

2017-11-28 18:59:56 - [MESSAGE][PASSED] - Current window maximized

2017-11-28 18:59:56 - [TEST_STEP][PASSED] - navigateToUrl: Navigate to 'https://staging-primotours-webbooking.tourpaq.com/DoBooking.aspx?pltaID=1480269,1480294,1480269&p=2&rno=1,1,1&pt=1,1,2&a=2,2,2&c=2,2,0&aa=&ca=1,4|0,5|' successfully

2017-11-28 18:59:58 - [MESSAGE][PASSED] - Navigate to 'https://staging-primotours-webbooking.tourpaq.com/DoBooking.aspx?pltaID=1480269,1480294,1480269&p=2&rno=1,1,1&pt=1,1,2&a=2,2,2&c=2,2,0&aa=&ca=1,4|0,5|' successfully

2017-11-28 18:59:58 - [TEST_STEP][PASSED] - setText: Text 'Pedersen AUT' is set on object 'Object Repository/PrimoTours/Old Objects/Coco/PrimoT/Page_Primo Tours  Danmarks bedste c/input_firstName'

2017-11-28 18:59:58 - [MESSAGE][PASSED] - Text 'Pedersen AUT' is set on object 'Object Repository/PrimoTours/Old Objects/Coco/PrimoT/Page_Primo Tours  Danmarks bedste c/input_firstName'

2017-11-28 18:59:58 - [TEST_STEP][PASSED] - setText: Text 'Vibe Dalby' is set on object 'Object Repository/PrimoTours/Old Objects/Coco/PrimoT/Page_Primo Tours  Danmarks bedste c/input_lastName'

2017-11-28 18:59:59 - [MESSAGE][PASSED] - Text 'Vibe Dalby' is set on object 'Object Repository/PrimoTours/Old Objects/Coco/PrimoT/Page_Primo Tours  Danmarks bedste c/input_lastName'

2017-11-28 18:59:59 - [TEST_STEP][PASSED] - setText: Text 'Home address' is set on object 'Object Repository/PrimoTours/Old Objects/Coco/PrimoT/Page_Primo Tours  Danmarks bedste c/input_customerAddress'

2017-11-28 18:59:59 - [MESSAGE][PASSED] - Text 'Home address' is set on object 'Object Repository/PrimoTours/Old Objects/Coco/PrimoT/Page_Primo Tours  Danmarks bedste c/input_customerAddress'

2017-11-28 18:59:59 - [TEST_STEP][PASSED] - setText: Text '6700' is set on object 'Object Repository/PrimoTours/Old Objects/Coco/PrimoT/Page_Primo Tours  Danmarks bedste c/input_customerPostcode'

2017-11-28 18:59:59 - [MESSAGE][PASSED] - Text '6700' is set on object 'Object Repository/PrimoTours/Old Objects/Coco/PrimoT/Page_Primo Tours  Danmarks bedste c/input_customerPostcode'

2017-11-28 18:59:59 - [TEST_STEP][PASSED] - setText: Text 'cornel.neacsu@roweb.ro' is set on object 'Object Repository/PrimoTours/Old Objects/Coco/PrimoT/Page_Primo Tours  Danmarks bedste c/input_customerEmail'

2017-11-28 19:00:00 - [MESSAGE][PASSED] - Text 'cornel.neacsu@roweb.ro' is set on object 'Object Repository/PrimoTours/Old Objects/Coco/PrimoT/Page_Primo Tours  Danmarks bedste c/input_customerEmail'

2017-11-28 19:00:00 - [TEST_STEP][PASSED] - setText: Text '12345678' is set on object 'Object Repository/PrimoTours/Old Objects/Coco/PrimoT/Page_Primo Tours  Danmarks bedste c/input_customerPhone'

2017-11-28 19:00:00 - [MESSAGE][PASSED] - Text '12345678' is set on object 'Object Repository/PrimoTours/Old Objects/Coco/PrimoT/Page_Primo Tours  Danmarks bedste c/input_customerPhone'

2017-11-28 19:00:00 - [TEST_STEP][PASSED] - Statement - excelInfo = ["fname":"", "lname":"", "pgender":"", "pday":"", "pmonth":"", "pyear":""]: null

2017-11-28 19:00:00 - [TEST_STEP][PASSED] - Statement - rawData = com.kms.katalon.core.testdata.TestDataFactory.findTestData("Data Files/WB_Primo/Passenger_details"): Reading excel file with source file 'D:\Software testing\Tourpaq\Automated Katalon tests\Primo WB test\Data Files\Primo_URLs_For_Automated_Test.xls' and sheet name 'Passenger Names'

2017-11-28 19:00:00 - [TEST_STEP][PASSED] - Statement - excelRowNo = rawData.getRowNumbers(): null

2017-11-28 19:00:00 - [TEST_STEP][PASSED] - Statement - randomPaxIndex = 1: null

2017-11-28 19:00:00 - [TEST_STEP][PASSED] - waitForElementClickable: Object 'Object Repository/PrimoTours/Old Objects/Coco/PrimoT/Page_Primo Tours  Danmarks bedste c/input_firstname-0_1' is clickable

2017-11-28 19:00:02 - [MESSAGE][PASSED] - Object 'Object Repository/PrimoTours/Old Objects/Coco/PrimoT/Page_Primo Tours  Danmarks bedste c/input_firstname-0_1' is clickable

2017-11-28 19:00:02 - [TEST_STEP][PASSED] - Statement - driver = com.kms.katalon.core.webui.driver.DriverFactory.getWebDriver(): null

2017-11-28 19:00:02 - [TEST_STEP][PASSED] - Statement - roomContainerXpath = "id("booking")/div[@class="wrapper second-bg"]/div[contains(@class,"container-mx")]/div[@class="row"]/div[@class="col-md-12 roomContainer"]": null

2017-11-28 19:00:02 - [TEST_STEP][PASSED] - Statement - roomsCount = driver.findElements(org.openqa.selenium.By.xpath(roomContainerXpath)).size(): null

2017-11-28 19:00:02 - [TEST_STEP][PASSED] - Statement - println("roomsCount=" + roomsCount): null

2017-11-28 19:00:02 - [TEST_STEP][PASSED] - Statement - For ([i = 1, i <= roomsCount, (i++)]): Text 'Lise Lotte' is set on object 'Object Repository/PrimoTours/Old Objects/allPaxLastNameFields'

2017-11-28 19:00:02 - [TEST_STEP][PASSED] - Statement - paxInRoomXpath = roomContainerXpath + "[" + i + "]/div[@class="row"]/div[@class="col-md-12"]/div[@class="row"]": null

2017-11-28 19:00:02 - [TEST_STEP][PASSED] - Statement - paxInRoomCount = driver.findElements(org.openqa.selenium.By.xpath(paxInRoomXpath)).size(): null

2017-11-28 19:00:02 - [TEST_STEP][PASSED] - Statement - println("paxInRoomCount=" + paxInRoomCount): null

2017-11-28 19:00:02 - [TEST_STEP][PASSED] - Statement - For ([j = 1, j <= paxInRoomCount, (j++)]): Text 'Kristian Marinus Asbjerg' is set on object 'Object Repository/PrimoTours/Old Objects/allPaxLastNameFields'

2017-11-28 19:00:02 - [TEST_STEP][PASSED] - Statement - If (i == 1 & j == 1): null

2017-11-28 19:00:02 - [TEST_STEP][PASSED] - Statement - <not implemented yet for class: org.codehaus.groovy.ast.stmt.ContinueStatement>: null

2017-11-28 19:00:02 - [TEST_STEP][PASSED] - Statement - If (i == 1 & j == 1): null

2017-11-28 19:00:02 - [TEST_STEP][PASSED] - Statement - randomPaxIndex = java.lang.Math.abs(new java.util.Random().nextInt() % excelRowNo) + 1: null

2017-11-28 19:00:02 - [TEST_STEP][PASSED] - Statement - println(randomPaxIndex): null

2017-11-28 19:00:02 - [TEST_STEP][PASSED] - Statement - fname = rawData.getValue("FirstName", randomPaxIndex) + " AUT": null

2017-11-28 19:00:02 - [TEST_STEP][PASSED] - Statement - lname = rawData.getValue("LastName", randomPaxIndex): null

2017-11-28 19:00:02 - [TEST_STEP][PASSED] - Statement - pgender = rawData.getValue("Gender", randomPaxIndex): null

2017-11-28 19:00:02 - [TEST_STEP][PASSED] - Statement - pday = rawData.getValue("Day DOB", randomPaxIndex): null

2017-11-28 19:00:02 - [TEST_STEP][PASSED] - Statement - pmonth = rawData.getValue("Month DOB", randomPaxIndex): null

2017-11-28 19:00:02 - [TEST_STEP][PASSED] - Statement - pyear = rawData.getValue("Year DOB", randomPaxIndex): null

2017-11-28 19:00:02 - [TEST_STEP][PASSED] - Statement - paxDetailFields = paxInRoomXpath + "[" + j + "]/div[@class="col-md-x col-md-9"]/div[@class="row paxContainer"]/div[@class="col-md-5"]": null

2017-11-28 19:00:02 - [TEST_STEP][PASSED] - Statement - xpathval = paxDetailFields + "[1]/div[contains(@class,"form-group")]/input[@class="form-control paxFirstName"]": null

2017-11-28 19:00:02 - [TEST_STEP][PASSED] - Statement - println("fn: " + xpathval): null

2017-11-28 19:00:02 - [TEST_STEP][PASSED] - Statement - repObj = com.kms.katalon.core.testobject.ObjectRepository.findTestObject(Object Repository/PrimoTours/Old Objects/allPaxFirstNameFields): Finding Test Object with id 'Object Repository/PrimoTours/Old Objects/allPaxFirstNameFields'

2017-11-28 19:00:02 - [TEST_STEP][PASSED] - Statement - repObj.findProperty("xpath").setValue(xpathval): null

2017-11-28 19:00:02 - [TEST_STEP][PASSED] - setText: Text 'Larsen AUT' is set on object 'Object Repository/PrimoTours/Old Objects/allPaxFirstNameFields'

2017-11-28 19:00:02 - [MESSAGE][PASSED] - Text 'Larsen AUT' is set on object 'Object Repository/PrimoTours/Old Objects/allPaxFirstNameFields'

2017-11-28 19:00:02 - [TEST_STEP][PASSED] - Statement - xpathval = paxDetailFields + "[2]/div[contains(@class,"form-group")]/input[@class="form-control paxLastName"]": null

2017-11-28 19:00:02 - [TEST_STEP][PASSED] - Statement - println("ln: " + xpathval): null

2017-11-28 19:00:02 - [TEST_STEP][PASSED] - Statement - repObj = com.kms.katalon.core.testobject.ObjectRepository.findTestObject(Object Repository/PrimoTours/Old Objects/allPaxLastNameFields): Finding Test Object with id 'Object Repository/PrimoTours/Old Objects/allPaxLastNameFields'

2017-11-28 19:00:02 - [TEST_STEP][PASSED] - Statement - repObj.findProperty("xpath").setValue(xpathval): null

2017-11-28 19:00:02 - [TEST_STEP][PASSED] - setText: Text 'Martin Parzentny' is set on object 'Object Repository/PrimoTours/Old Objects/allPaxLastNameFields'

2017-11-28 19:00:02 - [MESSAGE][PASSED] - Text 'Martin Parzentny' is set on object 'Object Repository/PrimoTours/Old Objects/allPaxLastNameFields'

2017-11-28 19:00:02 - [TEST_STEP][PASSED] - Statement - If (i == 1 & j == 1): null

2017-11-28 19:00:02 - [TEST_STEP][PASSED] - Statement - randomPaxIndex = java.lang.Math.abs(new java.util.Random().nextInt() % excelRowNo) + 1: null

2017-11-28 19:00:02 - [TEST_STEP][PASSED] - Statement - println(randomPaxIndex): null

2017-11-28 19:00:02 - [TEST_STEP][PASSED] - Statement - fname = rawData.getValue("FirstName", randomPaxIndex) + " AUT": null

2017-11-28 19:00:02 - [TEST_STEP][PASSED] - Statement - lname = rawData.getValue("LastName", randomPaxIndex): null

2017-11-28 19:00:02 - [TEST_STEP][PASSED] - Statement - pgender = rawData.getValue("Gender", randomPaxIndex): null

2017-11-28 19:00:02 - [TEST_STEP][PASSED] - Statement - pday = rawData.getValue("Day DOB", randomPaxIndex): null

2017-11-28 19:00:02 - [TEST_STEP][PASSED] - Statement - pmonth = rawData.getValue("Month DOB", randomPaxIndex): null

2017-11-28 19:00:02 - [TEST_STEP][PASSED] - Statement - pyear = rawData.getValue("Year DOB", randomPaxIndex): null

2017-11-28 19:00:02 - [TEST_STEP][PASSED] - Statement - paxDetailFields = paxInRoomXpath + "[" + j + "]/div[@class="col-md-x col-md-9"]/div[@class="row paxContainer"]/div[@class="col-md-5"]": null

2017-11-28 19:00:02 - [TEST_STEP][PASSED] - Statement - xpathval = paxDetailFields + "[1]/div[contains(@class,"form-group")]/input[@class="form-control paxFirstName"]": null

2017-11-28 19:00:02 - [TEST_STEP][PASSED] - Statement - println("fn: " + xpathval): null

2017-11-28 19:00:02 - [TEST_STEP][PASSED] - Statement - repObj = com.kms.katalon.core.testobject.ObjectRepository.findTestObject(Object Repository/PrimoTours/Old Objects/allPaxFirstNameFields): Finding Test Object with id 'Object Repository/PrimoTours/Old Objects/allPaxFirstNameFields'

2017-11-28 19:00:02 - [TEST_STEP][PASSED] - Statement - repObj.findProperty("xpath").setValue(xpathval): null

2017-11-28 19:00:02 - [TEST_STEP][PASSED] - setText: Text 'Vistisen AUT' is set on object 'Object Repository/PrimoTours/Old Objects/allPaxFirstNameFields'

2017-11-28 19:00:03 - [MESSAGE][PASSED] - Text 'Vistisen AUT' is set on object 'Object Repository/PrimoTours/Old Objects/allPaxFirstNameFields'

2017-11-28 19:00:03 - [TEST_STEP][PASSED] - Statement - xpathval = paxDetailFields + "[2]/div[contains(@class,"form-group")]/input[@class="form-control paxLastName"]": null

2017-11-28 19:00:03 - [TEST_STEP][PASSED] - Statement - println("ln: " + xpathval): null

2017-11-28 19:00:03 - [TEST_STEP][PASSED] - Statement - repObj = com.kms.katalon.core.testobject.ObjectRepository.findTestObject(Object Repository/PrimoTours/Old Objects/allPaxLastNameFields): Finding Test Object with id 'Object Repository/PrimoTours/Old Objects/allPaxLastNameFields'

2017-11-28 19:00:03 - [TEST_STEP][PASSED] - Statement - repObj.findProperty("xpath").setValue(xpathval): null

2017-11-28 19:00:03 - [TEST_STEP][PASSED] - setText: Text 'Laura Kofoed ' is set on object 'Object Repository/PrimoTours/Old Objects/allPaxLastNameFields'

2017-11-28 19:00:03 - [MESSAGE][PASSED] - Text 'Laura Kofoed ' is set on object 'Object Repository/PrimoTours/Old Objects/allPaxLastNameFields'

2017-11-28 19:00:03 - [TEST_STEP][PASSED] - Statement - If (i == 1 & j == 1): null

2017-11-28 19:00:03 - [TEST_STEP][PASSED] - Statement - randomPaxIndex = java.lang.Math.abs(new java.util.Random().nextInt() % excelRowNo) + 1: null

2017-11-28 19:00:03 - [TEST_STEP][PASSED] - Statement - println(randomPaxIndex): null

2017-11-28 19:00:03 - [TEST_STEP][PASSED] - Statement - fname = rawData.getValue("FirstName", randomPaxIndex) + " AUT": null

2017-11-28 19:00:03 - [TEST_STEP][PASSED] - Statement - lname = rawData.getValue("LastName", randomPaxIndex): null

2017-11-28 19:00:03 - [TEST_STEP][PASSED] - Statement - pgender = rawData.getValue("Gender", randomPaxIndex): null

2017-11-28 19:00:03 - [TEST_STEP][PASSED] - Statement - pday = rawData.getValue("Day DOB", randomPaxIndex): null

2017-11-28 19:00:03 - [TEST_STEP][PASSED] - Statement - pmonth = rawData.getValue("Month DOB", randomPaxIndex): null

2017-11-28 19:00:03 - [TEST_STEP][PASSED] - Statement - pyear = rawData.getValue("Year DOB", randomPaxIndex): null

2017-11-28 19:00:03 - [TEST_STEP][PASSED] - Statement - paxDetailFields = paxInRoomXpath + "[" + j + "]/div[@class="col-md-x col-md-9"]/div[@class="row paxContainer"]/div[@class="col-md-5"]": null

2017-11-28 19:00:03 - [TEST_STEP][PASSED] - Statement - xpathval = paxDetailFields + "[1]/div[contains(@class,"form-group")]/input[@class="form-control paxFirstName"]": null

2017-11-28 19:00:03 - [TEST_STEP][PASSED] - Statement - println("fn: " + xpathval): null

2017-11-28 19:00:03 - [TEST_STEP][PASSED] - Statement - repObj = com.kms.katalon.core.testobject.ObjectRepository.findTestObject(Object Repository/PrimoTours/Old Objects/allPaxFirstNameFields): Finding Test Object with id 'Object Repository/PrimoTours/Old Objects/allPaxFirstNameFields'

2017-11-28 19:00:03 - [TEST_STEP][PASSED] - Statement - repObj.findProperty("xpath").setValue(xpathval): null

2017-11-28 19:00:03 - [TEST_STEP][PASSED] - setText: Text 'Hansen AUT' is set on object 'Object Repository/PrimoTours/Old Objects/allPaxFirstNameFields'

2017-11-28 19:00:03 - [MESSAGE][PASSED] - Text 'Hansen AUT' is set on object 'Object Repository/PrimoTours/Old Objects/allPaxFirstNameFields'

2017-11-28 19:00:03 - [TEST_STEP][PASSED] - Statement - xpathval = paxDetailFields + "[2]/div[contains(@class,"form-group")]/input[@class="form-control paxLastName"]": null

2017-11-28 19:00:03 - [TEST_STEP][PASSED] - Statement - println("ln: " + xpathval): null

2017-11-28 19:00:03 - [TEST_STEP][PASSED] - Statement - repObj = com.kms.katalon.core.testobject.ObjectRepository.findTestObject(Object Repository/PrimoTours/Old Objects/allPaxLastNameFields): Finding Test Object with id 'Object Repository/PrimoTours/Old Objects/allPaxLastNameFields'

2017-11-28 19:00:03 - [TEST_STEP][PASSED] - Statement - repObj.findProperty("xpath").setValue(xpathval): null

2017-11-28 19:00:03 - [TEST_STEP][PASSED] - setText: Text 'Kristian Marinus Asbjerg' is set on object 'Object Repository/PrimoTours/Old Objects/allPaxLastNameFields'

2017-11-28 19:00:04 - [MESSAGE][PASSED] - Text 'Kristian Marinus Asbjerg' is set on object 'Object Repository/PrimoTours/Old Objects/allPaxLastNameFields'

2017-11-28 19:00:04 - [TEST_STEP][PASSED] - Statement - paxInRoomXpath = roomContainerXpath + "[" + i + "]/div[@class="row"]/div[@class="col-md-12"]/div[@class="row"]": null

2017-11-28 19:00:04 - [TEST_STEP][PASSED] - Statement - paxInRoomCount = driver.findElements(org.openqa.selenium.By.xpath(paxInRoomXpath)).size(): null

2017-11-28 19:00:04 - [TEST_STEP][PASSED] - Statement - println("paxInRoomCount=" + paxInRoomCount): null

2017-11-28 19:00:04 - [TEST_STEP][PASSED] - Statement - For ([j = 1, j <= paxInRoomCount, (j++)]): Text 'Steffen' is set on object 'Object Repository/PrimoTours/Old Objects/allPaxLastNameFields'

2017-11-28 19:00:04 - [TEST_STEP][PASSED] - Statement - If (i == 1 & j == 1): null

2017-11-28 19:00:04 - [TEST_STEP][PASSED] - Statement - randomPaxIndex = java.lang.Math.abs(new java.util.Random().nextInt() % excelRowNo) + 1: null

2017-11-28 19:00:04 - [TEST_STEP][PASSED] - Statement - println(randomPaxIndex): null

2017-11-28 19:00:04 - [TEST_STEP][PASSED] - Statement - fname = rawData.getValue("FirstName", randomPaxIndex) + " AUT": null

2017-11-28 19:00:04 - [TEST_STEP][PASSED] - Statement - lname = rawData.getValue("LastName", randomPaxIndex): null

2017-11-28 19:00:04 - [TEST_STEP][PASSED] - Statement - pgender = rawData.getValue("Gender", randomPaxIndex): null

2017-11-28 19:00:04 - [TEST_STEP][PASSED] - Statement - pday = rawData.getValue("Day DOB", randomPaxIndex): null

2017-11-28 19:00:04 - [TEST_STEP][PASSED] - Statement - pmonth = rawData.getValue("Month DOB", randomPaxIndex): null

2017-11-28 19:00:04 - [TEST_STEP][PASSED] - Statement - pyear = rawData.getValue("Year DOB", randomPaxIndex): null

2017-11-28 19:00:04 - [TEST_STEP][PASSED] - Statement - paxDetailFields = paxInRoomXpath + "[" + j + "]/div[@class="col-md-x col-md-9"]/div[@class="row paxContainer"]/div[@class="col-md-5"]": null

2017-11-28 19:00:04 - [TEST_STEP][PASSED] - Statement - xpathval = paxDetailFields + "[1]/div[contains(@class,"form-group")]/input[@class="form-control paxFirstName"]": null

2017-11-28 19:00:04 - [TEST_STEP][PASSED] - Statement - println("fn: " + xpathval): null

2017-11-28 19:00:04 - [TEST_STEP][PASSED] - Statement - repObj = com.kms.katalon.core.testobject.ObjectRepository.findTestObject(Object Repository/PrimoTours/Old Objects/allPaxFirstNameFields): Finding Test Object with id 'Object Repository/PrimoTours/Old Objects/allPaxFirstNameFields'

2017-11-28 19:00:04 - [TEST_STEP][PASSED] - Statement - repObj.findProperty("xpath").setValue(xpathval): null

2017-11-28 19:00:04 - [TEST_STEP][PASSED] - setText: Text 'Clausen AUT' is set on object 'Object Repository/PrimoTours/Old Objects/allPaxFirstNameFields'

2017-11-28 19:00:04 - [MESSAGE][PASSED] - Text 'Clausen AUT' is set on object 'Object Repository/PrimoTours/Old Objects/allPaxFirstNameFields'

2017-11-28 19:00:04 - [TEST_STEP][PASSED] - Statement - xpathval = paxDetailFields + "[2]/div[contains(@class,"form-group")]/input[@class="form-control paxLastName"]": null

2017-11-28 19:00:04 - [TEST_STEP][PASSED] - Statement - println("ln: " + xpathval): null

2017-11-28 19:00:04 - [TEST_STEP][PASSED] - Statement - repObj = com.kms.katalon.core.testobject.ObjectRepository.findTestObject(Object Repository/PrimoTours/Old Objects/allPaxLastNameFields): Finding Test Object with id 'Object Repository/PrimoTours/Old Objects/allPaxLastNameFields'

2017-11-28 19:00:04 - [TEST_STEP][PASSED] - Statement - repObj.findProperty("xpath").setValue(xpathval): null

2017-11-28 19:00:04 - [TEST_STEP][PASSED] - setText: Text 'Carina' is set on object 'Object Repository/PrimoTours/Old Objects/allPaxLastNameFields'

2017-11-28 19:00:05 - [MESSAGE][PASSED] - Text 'Carina' is set on object 'Object Repository/PrimoTours/Old Objects/allPaxLastNameFields'

2017-11-28 19:00:05 - [TEST_STEP][PASSED] - Statement - If (i == 1 & j == 1): null

2017-11-28 19:00:05 - [TEST_STEP][PASSED] - Statement - randomPaxIndex = java.lang.Math.abs(new java.util.Random().nextInt() % excelRowNo) + 1: null

2017-11-28 19:00:05 - [TEST_STEP][PASSED] - Statement - println(randomPaxIndex): null

2017-11-28 19:00:05 - [TEST_STEP][PASSED] - Statement - fname = rawData.getValue("FirstName", randomPaxIndex) + " AUT": null

2017-11-28 19:00:05 - [TEST_STEP][PASSED] - Statement - lname = rawData.getValue("LastName", randomPaxIndex): null

2017-11-28 19:00:05 - [TEST_STEP][PASSED] - Statement - pgender = rawData.getValue("Gender", randomPaxIndex): null

2017-11-28 19:00:05 - [TEST_STEP][PASSED] - Statement - pday = rawData.getValue("Day DOB", randomPaxIndex): null

2017-11-28 19:00:05 - [TEST_STEP][PASSED] - Statement - pmonth = rawData.getValue("Month DOB", randomPaxIndex): null

2017-11-28 19:00:05 - [TEST_STEP][PASSED] - Statement - pyear = rawData.getValue("Year DOB", randomPaxIndex): null

2017-11-28 19:00:05 - [TEST_STEP][PASSED] - Statement - paxDetailFields = paxInRoomXpath + "[" + j + "]/div[@class="col-md-x col-md-9"]/div[@class="row paxContainer"]/div[@class="col-md-5"]": null

2017-11-28 19:00:05 - [TEST_STEP][PASSED] - Statement - xpathval = paxDetailFields + "[1]/div[contains(@class,"form-group")]/input[@class="form-control paxFirstName"]": null

2017-11-28 19:00:05 - [TEST_STEP][PASSED] - Statement - println("fn: " + xpathval): null

2017-11-28 19:00:05 - [TEST_STEP][PASSED] - Statement - repObj = com.kms.katalon.core.testobject.ObjectRepository.findTestObject(Object Repository/PrimoTours/Old Objects/allPaxFirstNameFields): Finding Test Object with id 'Object Repository/PrimoTours/Old Objects/allPaxFirstNameFields'

2017-11-28 19:00:05 - [TEST_STEP][PASSED] - Statement - repObj.findProperty("xpath").setValue(xpathval): null

2017-11-28 19:00:05 - [TEST_STEP][PASSED] - setText: Text 'Christensen AUT' is set on object 'Object Repository/PrimoTours/Old Objects/allPaxFirstNameFields'

2017-11-28 19:00:05 - [MESSAGE][PASSED] - Text 'Christensen AUT' is set on object 'Object Repository/PrimoTours/Old Objects/allPaxFirstNameFields'

2017-11-28 19:00:05 - [TEST_STEP][PASSED] - Statement - xpathval = paxDetailFields + "[2]/div[contains(@class,"form-group")]/input[@class="form-control paxLastName"]": null

2017-11-28 19:00:05 - [TEST_STEP][PASSED] - Statement - println("ln: " + xpathval): null

2017-11-28 19:00:05 - [TEST_STEP][PASSED] - Statement - repObj = com.kms.katalon.core.testobject.ObjectRepository.findTestObject(Object Repository/PrimoTours/Old Objects/allPaxLastNameFields): Finding Test Object with id 'Object Repository/PrimoTours/Old Objects/allPaxLastNameFields'

2017-11-28 19:00:05 - [TEST_STEP][PASSED] - Statement - repObj.findProperty("xpath").setValue(xpathval): null

2017-11-28 19:00:05 - [TEST_STEP][PASSED] - setText: Text 'Steffen' is set on object 'Object Repository/PrimoTours/Old Objects/allPaxLastNameFields'

2017-11-28 19:00:05 - [MESSAGE][PASSED] - Text 'Steffen' is set on object 'Object Repository/PrimoTours/Old Objects/allPaxLastNameFields'

2017-11-28 19:00:05 - [TEST_STEP][PASSED] - Statement - paxInRoomXpath = roomContainerXpath + "[" + i + "]/div[@class="row"]/div[@class="col-md-12"]/div[@class="row"]": null

2017-11-28 19:00:05 - [TEST_STEP][PASSED] - Statement - paxInRoomCount = driver.findElements(org.openqa.selenium.By.xpath(paxInRoomXpath)).size(): null

2017-11-28 19:00:05 - [TEST_STEP][PASSED] - Statement - println("paxInRoomCount=" + paxInRoomCount): null

2017-11-28 19:00:05 - [TEST_STEP][PASSED] - Statement - For ([j = 1, j <= paxInRoomCount, (j++)]): Text 'Lise Lotte' is set on object 'Object Repository/PrimoTours/Old Objects/allPaxLastNameFields'

2017-11-28 19:00:05 - [TEST_STEP][PASSED] - Statement - If (i == 1 & j == 1): null

2017-11-28 19:00:05 - [TEST_STEP][PASSED] - Statement - randomPaxIndex = java.lang.Math.abs(new java.util.Random().nextInt() % excelRowNo) + 1: null

2017-11-28 19:00:05 - [TEST_STEP][PASSED] - Statement - println(randomPaxIndex): null

2017-11-28 19:00:05 - [TEST_STEP][PASSED] - Statement - fname = rawData.getValue("FirstName", randomPaxIndex) + " AUT": null

2017-11-28 19:00:05 - [TEST_STEP][PASSED] - Statement - lname = rawData.getValue("LastName", randomPaxIndex): null

2017-11-28 19:00:05 - [TEST_STEP][PASSED] - Statement - pgender = rawData.getValue("Gender", randomPaxIndex): null

2017-11-28 19:00:05 - [TEST_STEP][PASSED] - Statement - pday = rawData.getValue("Day DOB", randomPaxIndex): null

2017-11-28 19:00:05 - [TEST_STEP][PASSED] - Statement - pmonth = rawData.getValue("Month DOB", randomPaxIndex): null

2017-11-28 19:00:05 - [TEST_STEP][PASSED] - Statement - pyear = rawData.getValue("Year DOB", randomPaxIndex): null

2017-11-28 19:00:05 - [TEST_STEP][PASSED] - Statement - paxDetailFields = paxInRoomXpath + "[" + j + "]/div[@class="col-md-x col-md-9"]/div[@class="row paxContainer"]/div[@class="col-md-5"]": null

2017-11-28 19:00:05 - [TEST_STEP][PASSED] - Statement - xpathval = paxDetailFields + "[1]/div[contains(@class,"form-group")]/input[@class="form-control paxFirstName"]": null

2017-11-28 19:00:05 - [TEST_STEP][PASSED] - Statement - println("fn: " + xpathval): null

2017-11-28 19:00:05 - [TEST_STEP][PASSED] - Statement - repObj = com.kms.katalon.core.testobject.ObjectRepository.findTestObject(Object Repository/PrimoTours/Old Objects/allPaxFirstNameFields): Finding Test Object with id 'Object Repository/PrimoTours/Old Objects/allPaxFirstNameFields'

2017-11-28 19:00:05 - [TEST_STEP][PASSED] - Statement - repObj.findProperty("xpath").setValue(xpathval): null

2017-11-28 19:00:05 - [TEST_STEP][PASSED] - setText: Text 'Mortensen AUT' is set on object 'Object Repository/PrimoTours/Old Objects/allPaxFirstNameFields'

2017-11-28 19:00:06 - [MESSAGE][PASSED] - Text 'Mortensen AUT' is set on object 'Object Repository/PrimoTours/Old Objects/allPaxFirstNameFields'

2017-11-28 19:00:06 - [TEST_STEP][PASSED] - Statement - xpathval = paxDetailFields + "[2]/div[contains(@class,"form-group")]/input[@class="form-control paxLastName"]": null

2017-11-28 19:00:06 - [TEST_STEP][PASSED] - Statement - println("ln: " + xpathval): null

2017-11-28 19:00:06 - [TEST_STEP][PASSED] - Statement - repObj = com.kms.katalon.core.testobject.ObjectRepository.findTestObject(Object Repository/PrimoTours/Old Objects/allPaxLastNameFields): Finding Test Object with id 'Object Repository/PrimoTours/Old Objects/allPaxLastNameFields'

2017-11-28 19:00:06 - [TEST_STEP][PASSED] - Statement - repObj.findProperty("xpath").setValue(xpathval): null

2017-11-28 19:00:06 - [TEST_STEP][PASSED] - setText: Text 'Bertel' is set on object 'Object Repository/PrimoTours/Old Objects/allPaxLastNameFields'

2017-11-28 19:00:06 - [MESSAGE][PASSED] - Text 'Bertel' is set on object 'Object Repository/PrimoTours/Old Objects/allPaxLastNameFields'

2017-11-28 19:00:06 - [TEST_STEP][PASSED] - Statement - If (i == 1 & j == 1): null

2017-11-28 19:00:06 - [TEST_STEP][PASSED] - Statement - randomPaxIndex = java.lang.Math.abs(new java.util.Random().nextInt() % excelRowNo) + 1: null

2017-11-28 19:00:06 - [TEST_STEP][PASSED] - Statement - println(randomPaxIndex): null

2017-11-28 19:00:06 - [TEST_STEP][PASSED] - Statement - fname = rawData.getValue("FirstName", randomPaxIndex) + " AUT": null

2017-11-28 19:00:06 - [TEST_STEP][PASSED] - Statement - lname = rawData.getValue("LastName", randomPaxIndex): null

2017-11-28 19:00:06 - [TEST_STEP][PASSED] - Statement - pgender = rawData.getValue("Gender", randomPaxIndex): null

2017-11-28 19:00:06 - [TEST_STEP][PASSED] - Statement - pday = rawData.getValue("Day DOB", randomPaxIndex): null

2017-11-28 19:00:06 - [TEST_STEP][PASSED] - Statement - pmonth = rawData.getValue("Month DOB", randomPaxIndex): null

2017-11-28 19:00:06 - [TEST_STEP][PASSED] - Statement - pyear = rawData.getValue("Year DOB", randomPaxIndex): null

2017-11-28 19:00:06 - [TEST_STEP][PASSED] - Statement - paxDetailFields = paxInRoomXpath + "[" + j + "]/div[@class="col-md-x col-md-9"]/div[@class="row paxContainer"]/div[@class="col-md-5"]": null

2017-11-28 19:00:06 - [TEST_STEP][PASSED] - Statement - xpathval = paxDetailFields + "[1]/div[contains(@class,"form-group")]/input[@class="form-control paxFirstName"]": null

2017-11-28 19:00:06 - [TEST_STEP][PASSED] - Statement - println("fn: " + xpathval): null

2017-11-28 19:00:06 - [TEST_STEP][PASSED] - Statement - repObj = com.kms.katalon.core.testobject.ObjectRepository.findTestObject(Object Repository/PrimoTours/Old Objects/allPaxFirstNameFields): Finding Test Object with id 'Object Repository/PrimoTours/Old Objects/allPaxFirstNameFields'

2017-11-28 19:00:06 - [TEST_STEP][PASSED] - Statement - repObj.findProperty("xpath").setValue(xpathval): null

2017-11-28 19:00:06 - [TEST_STEP][PASSED] - setText: Text 'Lauridsen AUT' is set on object 'Object Repository/PrimoTours/Old Objects/allPaxFirstNameFields'

2017-11-28 19:00:06 - [MESSAGE][PASSED] - Text 'Lauridsen AUT' is set on object 'Object Repository/PrimoTours/Old Objects/allPaxFirstNameFields'

2017-11-28 19:00:06 - [TEST_STEP][PASSED] - Statement - xpathval = paxDetailFields + "[2]/div[contains(@class,"form-group")]/input[@class="form-control paxLastName"]": null

2017-11-28 19:00:06 - [TEST_STEP][PASSED] - Statement - println("ln: " + xpathval): null

2017-11-28 19:00:06 - [TEST_STEP][PASSED] - Statement - repObj = com.kms.katalon.core.testobject.ObjectRepository.findTestObject(Object Repository/PrimoTours/Old Objects/allPaxLastNameFields): Finding Test Object with id 'Object Repository/PrimoTours/Old Objects/allPaxLastNameFields'

2017-11-28 19:00:06 - [TEST_STEP][PASSED] - Statement - repObj.findProperty("xpath").setValue(xpathval): null

2017-11-28 19:00:06 - [TEST_STEP][PASSED] - setText: Text 'Juline Kate' is set on object 'Object Repository/PrimoTours/Old Objects/allPaxLastNameFields'

2017-11-28 19:00:07 - [MESSAGE][PASSED] - Text 'Juline Kate' is set on object 'Object Repository/PrimoTours/Old Objects/allPaxLastNameFields'

2017-11-28 19:00:07 - [TEST_STEP][PASSED] - Statement - If (i == 1 & j == 1): null

2017-11-28 19:00:07 - [TEST_STEP][PASSED] - Statement - randomPaxIndex = java.lang.Math.abs(new java.util.Random().nextInt() % excelRowNo) + 1: null

2017-11-28 19:00:07 - [TEST_STEP][PASSED] - Statement - println(randomPaxIndex): null

2017-11-28 19:00:07 - [TEST_STEP][PASSED] - Statement - fname = rawData.getValue("FirstName", randomPaxIndex) + " AUT": null

2017-11-28 19:00:07 - [TEST_STEP][PASSED] - Statement - lname = rawData.getValue("LastName", randomPaxIndex): null

2017-11-28 19:00:07 - [TEST_STEP][PASSED] - Statement - pgender = rawData.getValue("Gender", randomPaxIndex): null

2017-11-28 19:00:07 - [TEST_STEP][PASSED] - Statement - pday = rawData.getValue("Day DOB", randomPaxIndex): null

2017-11-28 19:00:07 - [TEST_STEP][PASSED] - Statement - pmonth = rawData.getValue("Month DOB", randomPaxIndex): null

2017-11-28 19:00:07 - [TEST_STEP][PASSED] - Statement - pyear = rawData.getValue("Year DOB", randomPaxIndex): null

2017-11-28 19:00:07 - [TEST_STEP][PASSED] - Statement - paxDetailFields = paxInRoomXpath + "[" + j + "]/div[@class="col-md-x col-md-9"]/div[@class="row paxContainer"]/div[@class="col-md-5"]": null

2017-11-28 19:00:07 - [TEST_STEP][PASSED] - Statement - xpathval = paxDetailFields + "[1]/div[contains(@class,"form-group")]/input[@class="form-control paxFirstName"]": null

2017-11-28 19:00:07 - [TEST_STEP][PASSED] - Statement - println("fn: " + xpathval): null

2017-11-28 19:00:07 - [TEST_STEP][PASSED] - Statement - repObj = com.kms.katalon.core.testobject.ObjectRepository.findTestObject(Object Repository/PrimoTours/Old Objects/allPaxFirstNameFields): Finding Test Object with id 'Object Repository/PrimoTours/Old Objects/allPaxFirstNameFields'

2017-11-28 19:00:07 - [TEST_STEP][PASSED] - Statement - repObj.findProperty("xpath").setValue(xpathval): null

2017-11-28 19:00:07 - [TEST_STEP][PASSED] - setText: Text 'Carlsen AUT' is set on object 'Object Repository/PrimoTours/Old Objects/allPaxFirstNameFields'

2017-11-28 19:00:07 - [MESSAGE][PASSED] - Text 'Carlsen AUT' is set on object 'Object Repository/PrimoTours/Old Objects/allPaxFirstNameFields'

2017-11-28 19:00:07 - [TEST_STEP][PASSED] - Statement - xpathval = paxDetailFields + "[2]/div[contains(@class,"form-group")]/input[@class="form-control paxLastName"]": null

2017-11-28 19:00:07 - [TEST_STEP][PASSED] - Statement - println("ln: " + xpathval): null

2017-11-28 19:00:07 - [TEST_STEP][PASSED] - Statement - repObj = com.kms.katalon.core.testobject.ObjectRepository.findTestObject(Object Repository/PrimoTours/Old Objects/allPaxLastNameFields): Finding Test Object with id 'Object Repository/PrimoTours/Old Objects/allPaxLastNameFields'

2017-11-28 19:00:07 - [TEST_STEP][PASSED] - Statement - repObj.findProperty("xpath").setValue(xpathval): null

2017-11-28 19:00:07 - [TEST_STEP][PASSED] - setText: Text 'Victor Hastedt' is set on object 'Object Repository/PrimoTours/Old Objects/allPaxLastNameFields'

2017-11-28 19:00:07 - [MESSAGE][PASSED] - Text 'Victor Hastedt' is set on object 'Object Repository/PrimoTours/Old Objects/allPaxLastNameFields'

2017-11-28 19:00:07 - [TEST_STEP][PASSED] - Statement - If (i == 1 & j == 1): null

2017-11-28 19:00:07 - [TEST_STEP][PASSED] - Statement - randomPaxIndex = java.lang.Math.abs(new java.util.Random().nextInt() % excelRowNo) + 1: null

2017-11-28 19:00:07 - [TEST_STEP][PASSED] - Statement - println(randomPaxIndex): null

2017-11-28 19:00:07 - [TEST_STEP][PASSED] - Statement - fname = rawData.getValue("FirstName", randomPaxIndex) + " AUT": null

2017-11-28 19:00:07 - [TEST_STEP][PASSED] - Statement - lname = rawData.getValue("LastName", randomPaxIndex): null

2017-11-28 19:00:07 - [TEST_STEP][PASSED] - Statement - pgender = rawData.getValue("Gender", randomPaxIndex): null

2017-11-28 19:00:07 - [TEST_STEP][PASSED] - Statement - pday = rawData.getValue("Day DOB", randomPaxIndex): null

2017-11-28 19:00:07 - [TEST_STEP][PASSED] - Statement - pmonth = rawData.getValue("Month DOB", randomPaxIndex): null

2017-11-28 19:00:07 - [TEST_STEP][PASSED] - Statement - pyear = rawData.getValue("Year DOB", randomPaxIndex): null

2017-11-28 19:00:07 - [TEST_STEP][PASSED] - Statement - paxDetailFields = paxInRoomXpath + "[" + j + "]/div[@class="col-md-x col-md-9"]/div[@class="row paxContainer"]/div[@class="col-md-5"]": null

2017-11-28 19:00:07 - [TEST_STEP][PASSED] - Statement - xpathval = paxDetailFields + "[1]/div[contains(@class,"form-group")]/input[@class="form-control paxFirstName"]": null

2017-11-28 19:00:07 - [TEST_STEP][PASSED] - Statement - println("fn: " + xpathval): null

2017-11-28 19:00:07 - [TEST_STEP][PASSED] - Statement - repObj = com.kms.katalon.core.testobject.ObjectRepository.findTestObject(Object Repository/PrimoTours/Old Objects/allPaxFirstNameFields): Finding Test Object with id 'Object Repository/PrimoTours/Old Objects/allPaxFirstNameFields'

2017-11-28 19:00:07 - [TEST_STEP][PASSED] - Statement - repObj.findProperty("xpath").setValue(xpathval): null

2017-11-28 19:00:07 - [TEST_STEP][PASSED] - setText: Text 'Oldenstedt-Larsen AUT' is set on object 'Object Repository/PrimoTours/Old Objects/allPaxFirstNameFields'

2017-11-28 19:00:08 - [MESSAGE][PASSED] - Text 'Oldenstedt-Larsen AUT' is set on object 'Object Repository/PrimoTours/Old Objects/allPaxFirstNameFields'

2017-11-28 19:00:08 - [TEST_STEP][PASSED] - Statement - xpathval = paxDetailFields + "[2]/div[contains(@class,"form-group")]/input[@class="form-control paxLastName"]": null

2017-11-28 19:00:08 - [TEST_STEP][PASSED] - Statement - println("ln: " + xpathval): null

2017-11-28 19:00:08 - [TEST_STEP][PASSED] - Statement - repObj = com.kms.katalon.core.testobject.ObjectRepository.findTestObject(Object Repository/PrimoTours/Old Objects/allPaxLastNameFields): Finding Test Object with id 'Object Repository/PrimoTours/Old Objects/allPaxLastNameFields'

2017-11-28 19:00:08 - [TEST_STEP][PASSED] - Statement - repObj.findProperty("xpath").setValue(xpathval): null

2017-11-28 19:00:08 - [TEST_STEP][PASSED] - setText: Text 'Lise Lotte' is set on object 'Object Repository/PrimoTours/Old Objects/allPaxLastNameFields'

2017-11-28 19:00:08 - [MESSAGE][PASSED] - Text 'Lise Lotte' is set on object 'Object Repository/PrimoTours/Old Objects/allPaxLastNameFields'

2017-11-28 19:00:08 - [TEST_STEP][PASSED] - scrollToElement: Scroll to object 'Object Repository/PrimoTours/Old Objects/Coco (1)/PrimoT/SaveBooking2/Success/bookingTotalValue' successfully

2017-11-28 19:00:08 - [MESSAGE][PASSED] - Scroll to object 'Object Repository/PrimoTours/Old Objects/Coco (1)/PrimoT/SaveBooking2/Success/bookingTotalValue' successfully

2017-11-28 19:00:08 - [TEST_STEP][PASSED] - click: Object: 'Object Repository/PrimoTours/Old Objects/Coco (1)/PrimoT/SaveBooking2/Success/bookingTotalValue' is clicked on

2017-11-28 19:00:08 - [MESSAGE][PASSED] - Object: 'Object Repository/PrimoTours/Old Objects/Coco (1)/PrimoT/SaveBooking2/Success/bookingTotalValue' is clicked on

2017-11-28 19:00:08 - [TEST_STEP][PASSED] - scrollToElement: Scroll to object 'Object Repository/PrimoTours/Old Objects/Coco (1)/PrimoT/SaveBooking2/Success/Page_Primo Tours  Danmarks bedste c/i_fa fa-arrow-circle-right' successfully

2017-11-28 19:00:08 - [MESSAGE][PASSED] - Scroll to object 'Object Repository/PrimoTours/Old Objects/Coco (1)/PrimoT/SaveBooking2/Success/Page_Primo Tours  Danmarks bedste c/i_fa fa-arrow-circle-right' successfully

2017-11-28 19:00:08 - [TEST_STEP][PASSED] - waitForElementClickable: Object 'Object Repository/PrimoTours/Old Objects/Coco (1)/PrimoT/SaveBooking2/Success/Page_Primo Tours  Danmarks bedste c/i_fa fa-arrow-circle-right' is clickable

2017-11-28 19:00:08 - [MESSAGE][PASSED] - Object 'Object Repository/PrimoTours/Old Objects/Coco (1)/PrimoT/SaveBooking2/Success/Page_Primo Tours  Danmarks bedste c/i_fa fa-arrow-circle-right' is clickable

2017-11-28 19:00:08 - [TEST_STEP][PASSED] - waitForElementVisible: Object 'Object Repository/PrimoTours/Old Objects/Coco (1)/PrimoT/SaveBooking2/Success/Page_Primo Tours  Danmarks bedste c/i_fa fa-arrow-circle-right' is visible

2017-11-28 19:00:08 - [MESSAGE][PASSED] - Object 'Object Repository/PrimoTours/Old Objects/Coco (1)/PrimoT/SaveBooking2/Success/Page_Primo Tours  Danmarks bedste c/i_fa fa-arrow-circle-right' is visible

2017-11-28 19:00:08 - [TEST_STEP][PASSED] - scrollToElement: Scroll to object 'Object Repository/PrimoTours/Old Objects/Coco (1)/PrimoT/SaveBooking2/Success/Page_Primo Tours  Danmarks bedste c/i_fa fa-arrow-circle-right' successfully

2017-11-28 19:00:09 - [MESSAGE][PASSED] - Scroll to object 'Object Repository/PrimoTours/Old Objects/Coco (1)/PrimoT/SaveBooking2/Success/Page_Primo Tours  Danmarks bedste c/i_fa fa-arrow-circle-right' successfully

2017-11-28 19:00:09 - [TEST_STEP][PASSED] - click: Object: 'Object Repository/PrimoTours/Old Objects/Coco (1)/PrimoT/SaveBooking2/Success/Page_Primo Tours  Danmarks bedste c/i_fa fa-arrow-circle-right' is clicked on

2017-11-28 19:00:09 - [MESSAGE][PASSED] - Object: 'Object Repository/PrimoTours/Old Objects/Coco (1)/PrimoT/SaveBooking2/Success/Page_Primo Tours  Danmarks bedste c/i_fa fa-arrow-circle-right' is clicked on

2017-11-28 19:00:09 - [TEST_STEP][PASSED] - delay: Delayed 1 second(s)

2017-11-28 19:00:10 - [MESSAGE][PASSED] - Delayed 1 second(s)

2017-11-28 19:00:10 - [TEST_STEP][PASSED] - waitForElementNotVisible: Object 'Object Repository/PrimoTours/Old Objects/CCenter/pageLoaderOverlayLayer' is NOT visible

2017-11-28 19:00:11 - [MESSAGE][PASSED] - Object 'Object Repository/PrimoTours/Old Objects/CCenter/pageLoaderOverlayLayer' is NOT visible

2017-11-28 19:00:11 - [TEST_STEP][PASSED] - scrollToElement: Scroll to object 'Object Repository/PrimoTours/Old Objects/Coco/PrimoT/Ins2/Page_Primo Tours  Danmarks bedste c/travelInsuranceFirstPaxSelector' successfully

2017-11-28 19:00:11 - [MESSAGE][PASSED] - Scroll to object 'Object Repository/PrimoTours/Old Objects/Coco/PrimoT/Ins2/Page_Primo Tours  Danmarks bedste c/travelInsuranceFirstPaxSelector' successfully

2017-11-28 19:00:11 - [TEST_STEP][PASSED] - waitForElementPresent: Object 'Object Repository/PrimoTours/Old Objects/Coco/PrimoT/Ins2/Page_Primo Tours  Danmarks bedste c/travelInsuranceFirstPaxSelector' is present

2017-11-28 19:00:11 - [MESSAGE][PASSED] - Object 'Object Repository/PrimoTours/Old Objects/Coco/PrimoT/Ins2/Page_Primo Tours  Danmarks bedste c/travelInsuranceFirstPaxSelector' is present

2017-11-28 19:00:11 - [TEST_STEP][PASSED] - waitForElementVisible: Object 'Object Repository/PrimoTours/Old Objects/Coco/PrimoT/Ins2/Page_Primo Tours  Danmarks bedste c/travelInsuranceFirstPaxSelector' is visible

2017-11-28 19:00:11 - [MESSAGE][PASSED] - Object 'Object Repository/PrimoTours/Old Objects/Coco/PrimoT/Ins2/Page_Primo Tours  Danmarks bedste c/travelInsuranceFirstPaxSelector' is visible

2017-11-28 19:00:11 - [TEST_STEP][PASSED] - waitForElementClickable: Object 'Object Repository/PrimoTours/Old Objects/Coco/PrimoT/Ins2/Page_Primo Tours  Danmarks bedste c/travelInsuranceFirstPaxSelector' is clickable

2017-11-28 19:00:11 - [MESSAGE][PASSED] - Object 'Object Repository/PrimoTours/Old Objects/Coco/PrimoT/Ins2/Page_Primo Tours  Danmarks bedste c/travelInsuranceFirstPaxSelector' is clickable

2017-11-28 19:00:11 - [TEST_STEP][PASSED] - click: Object: 'Object Repository/PrimoTours/Old Objects/Coco/PrimoT/Ins2/Page_Primo Tours  Danmarks bedste c/travelInsuranceFirstPaxSelector' is clicked on

2017-11-28 19:00:11 - [MESSAGE][PASSED] - Object: 'Object Repository/PrimoTours/Old Objects/Coco/PrimoT/Ins2/Page_Primo Tours  Danmarks bedste c/travelInsuranceFirstPaxSelector' is clicked on

2017-11-28 19:00:11 - [TEST_STEP][PASSED] - click: Object: 'Object Repository/PrimoTours/Old Objects/Coco/PrimoT/Ins2/Page_Primo Tours  Danmarks bedste c/li_Har selv forsikring - kr. 0' is clicked on

2017-11-28 19:00:11 - [MESSAGE][PASSED] - Object: 'Object Repository/PrimoTours/Old Objects/Coco/PrimoT/Ins2/Page_Primo Tours  Danmarks bedste c/li_Har selv forsikring - kr. 0' is clicked on

2017-11-28 19:00:11 - [TEST_STEP][NOT_RUN] - click: NOT_RUN: click

2017-11-28 19:00:11 - [MESSAGE][NOT_RUN] - NOT_RUN: click

2017-11-28 19:00:11 - [TEST_STEP][NOT_RUN] - scrollToElement: NOT_RUN: scrollToElement

2017-11-28 19:00:11 - [MESSAGE][NOT_RUN] - NOT_RUN: scrollToElement

2017-11-28 19:00:11 - [TEST_STEP][NOT_RUN] - click: NOT_RUN: click

2017-11-28 19:00:11 - [MESSAGE][NOT_RUN] - NOT_RUN: click

2017-11-28 19:00:11 - [TEST_STEP][PASSED] - waitForElementVisible: Object 'Object Repository/PrimoTours/Old Objects/Coco (1)/PrimoT/SaveBooking2/Page_Primo Tours  Danmarks bedste c/individualInsuranceCheckbox' is visible

2017-11-28 19:00:12 - [MESSAGE][PASSED] - Object 'Object Repository/PrimoTours/Old Objects/Coco (1)/PrimoT/SaveBooking2/Page_Primo Tours  Danmarks bedste c/individualInsuranceCheckbox' is visible

2017-11-28 19:00:12 - [TEST_STEP][PASSED] - scrollToElement: Scroll to object 'Object Repository/PrimoTours/Old Objects/Coco (1)/PrimoT/SaveBooking2/Page_Primo Tours  Danmarks bedste c/individualInsuranceCheckbox' successfully

2017-11-28 19:00:12 - [MESSAGE][PASSED] - Scroll to object 'Object Repository/PrimoTours/Old Objects/Coco (1)/PrimoT/SaveBooking2/Page_Primo Tours  Danmarks bedste c/individualInsuranceCheckbox' successfully

2017-11-28 19:00:12 - [TEST_STEP][PASSED] - click: Object: 'Object Repository/PrimoTours/Old Objects/Coco (1)/PrimoT/SaveBooking2/Page_Primo Tours  Danmarks bedste c/individualInsuranceCheckbox' is clicked on

2017-11-28 19:00:12 - [MESSAGE][PASSED] - Object: 'Object Repository/PrimoTours/Old Objects/Coco (1)/PrimoT/SaveBooking2/Page_Primo Tours  Danmarks bedste c/individualInsuranceCheckbox' is clicked on

2017-11-28 19:00:12 - [TEST_STEP][PASSED] - scrollToElement: Scroll to object 'Object Repository/PrimoTours/Old Objects/Coco (1)/PrimoT/SaveBooking2/Success/firstProdCategIndividualSelectionRadioB' successfully

2017-11-28 19:00:12 - [MESSAGE][PASSED] - Scroll to object 'Object Repository/PrimoTours/Old Objects/Coco (1)/PrimoT/SaveBooking2/Success/firstProdCategIndividualSelectionRadioB' successfully

2017-11-28 19:00:12 - [TEST_STEP][PASSED] - waitForElementClickable: Object 'Object Repository/PrimoTours/Old Objects/Coco (1)/PrimoT/SaveBooking2/Success/firstProdCategIndividualSelectionRadioB' is clickable

2017-11-28 19:00:12 - [MESSAGE][PASSED] - Object 'Object Repository/PrimoTours/Old Objects/Coco (1)/PrimoT/SaveBooking2/Success/firstProdCategIndividualSelectionRadioB' is clickable

2017-11-28 19:00:12 - [TEST_STEP][PASSED] - scrollToElement: Scroll to object 'Object Repository/PrimoTours/Old Objects/Coco (1)/PrimoT/SaveBooking2/Success/firstProdCategIndividualSelectionRadioB' successfully

2017-11-28 19:00:12 - [MESSAGE][PASSED] - Scroll to object 'Object Repository/PrimoTours/Old Objects/Coco (1)/PrimoT/SaveBooking2/Success/firstProdCategIndividualSelectionRadioB' successfully

2017-11-28 19:00:12 - [TEST_STEP][PASSED] - click: Object: 'Object Repository/PrimoTours/Old Objects/Coco (1)/PrimoT/SaveBooking2/Success/firstProdCategIndividualSelectionRadioB' is clicked on

2017-11-28 19:00:12 - [MESSAGE][PASSED] - Object: 'Object Repository/PrimoTours/Old Objects/Coco (1)/PrimoT/SaveBooking2/Success/firstProdCategIndividualSelectionRadioB' is clicked on

2017-11-28 19:00:12 - [TEST_STEP][PASSED] - scrollToElement: Scroll to object 'Object Repository/PrimoTours/Old Objects/Coco (1)/PrimoT/SaveBooking2/Success/firstProdCategSelectForAllPaxCheckbox' successfully

2017-11-28 19:00:12 - [MESSAGE][PASSED] - Scroll to object 'Object Repository/PrimoTours/Old Objects/Coco (1)/PrimoT/SaveBooking2/Success/firstProdCategSelectForAllPaxCheckbox' successfully

2017-11-28 19:00:12 - [TEST_STEP][PASSED] - waitForElementClickable: Object 'Object Repository/PrimoTours/Old Objects/Coco (1)/PrimoT/SaveBooking2/Success/firstProdCategSelectForAllPaxCheckbox' is clickable

2017-11-28 19:00:12 - [MESSAGE][PASSED] - Object 'Object Repository/PrimoTours/Old Objects/Coco (1)/PrimoT/SaveBooking2/Success/firstProdCategSelectForAllPaxCheckbox' is clickable

2017-11-28 19:00:12 - [TEST_STEP][PASSED] - click: Object: 'Object Repository/PrimoTours/Old Objects/Coco (1)/PrimoT/SaveBooking2/Success/firstProdCategSelectForAllPaxCheckbox' is clicked on

2017-11-28 19:00:13 - [MESSAGE][PASSED] - Object: 'Object Repository/PrimoTours/Old Objects/Coco (1)/PrimoT/SaveBooking2/Success/firstProdCategSelectForAllPaxCheckbox' is clicked on

2017-11-28 19:00:13 - [TEST_STEP][NOT_RUN] - scrollToElement: NOT_RUN: scrollToElement

2017-11-28 19:00:13 - [MESSAGE][NOT_RUN] - NOT_RUN: scrollToElement

2017-11-28 19:00:13 - [TEST_STEP][NOT_RUN] - scrollToElement: NOT_RUN: scrollToElement

2017-11-28 19:00:13 - [MESSAGE][NOT_RUN] - NOT_RUN: scrollToElement

2017-11-28 19:00:13 - [TEST_STEP][NOT_RUN] - click: NOT_RUN: click

2017-11-28 19:00:13 - [MESSAGE][NOT_RUN] - NOT_RUN: click

2017-11-28 19:00:13 - [TEST_STEP][PASSED] - scrollToElement: Scroll to object 'Object Repository/PrimoTours/ConfirmationPage/agreeTermsAndCondCheckbox' successfully

2017-11-28 19:00:13 - [MESSAGE][PASSED] - Scroll to object 'Object Repository/PrimoTours/ConfirmationPage/agreeTermsAndCondCheckbox' successfully

2017-11-28 19:00:13 - [TEST_STEP][PASSED] - click: Object: 'Object Repository/PrimoTours/ConfirmationPage/agreeTermsAndCondCheckbox' is clicked on

2017-11-28 19:00:13 - [MESSAGE][PASSED] - Object: 'Object Repository/PrimoTours/ConfirmationPage/agreeTermsAndCondCheckbox' is clicked on

2017-11-28 19:00:13 - [TEST_STEP][PASSED] - waitForElementClickable: Object 'Object Repository/PrimoTours/ConfirmationPage/placeBookingButton' is clickable

2017-11-28 19:00:13 - [MESSAGE][PASSED] - Object 'Object Repository/PrimoTours/ConfirmationPage/placeBookingButton' is clickable

2017-11-28 19:00:13 - [TEST_STEP][PASSED] - scrollToElement: Scroll to object 'Object Repository/PrimoTours/ConfirmationPage/placeBookingButton' successfully

2017-11-28 19:00:13 - [MESSAGE][PASSED] - Scroll to object 'Object Repository/PrimoTours/ConfirmationPage/placeBookingButton' successfully

2017-11-28 19:00:13 - [TEST_STEP][PASSED] - Statement - Try: Object: 'Object Repository/PrimoTours/ConfirmationPage/placeBookingButton' is clicked on

2017-11-28 19:00:13 - [TEST_STEP][PASSED] - click: Object: 'Object Repository/PrimoTours/ConfirmationPage/placeBookingButton' is clicked on

2017-11-28 19:00:13 - [MESSAGE][PASSED] - Object: 'Object Repository/PrimoTours/ConfirmationPage/placeBookingButton' is clicked on

2017-11-28 19:00:13 - [TEST_STEP][PASSED] - delay: Delayed 2 second(s)

2017-11-28 19:00:15 - [MESSAGE][PASSED] - Delayed 2 second(s)

2017-11-28 19:00:15 - [TEST_STEP][PASSED] - waitForPageLoad: Wait for page load successfully

2017-11-28 19:00:15 - [MESSAGE][PASSED] - Wait for page load successfully

2017-11-28 19:00:15 - [TEST_STEP][PASSED] - waitForJQueryLoad: jQuery is ready.

2017-11-28 19:00:17 - [MESSAGE][PASSED] - jQuery is ready.

2017-11-28 19:00:17 - [TEST_STEP][NOT_RUN] - waitForElementPresent: NOT_RUN: waitForElementPresent

2017-11-28 19:00:17 - [MESSAGE][NOT_RUN] - NOT_RUN: waitForElementPresent

2017-11-28 19:00:17 - [TEST_STEP][NOT_RUN] - waitForElementNotVisible: NOT_RUN: waitForElementNotVisible

2017-11-28 19:00:17 - [MESSAGE][NOT_RUN] - NOT_RUN: waitForElementNotVisible

2017-11-28 19:00:17 - [TEST_STEP][PASSED] - waitForElementPresent: Object 'Object Repository/PrimoTours/Old Objects/ThankYouPage/bookingNoContainer' is present

2017-11-28 19:00:22 - [MESSAGE][PASSED] - Object 'Object Repository/PrimoTours/Old Objects/ThankYouPage/bookingNoContainer' is present

2017-11-28 19:00:22 - [TEST_STEP][PASSED] - waitForElementClickable: Object 'Object Repository/PrimoTours/Old Objects/ThankYouPage/bookingNoContainer' is clickable

2017-11-28 19:00:22 - [MESSAGE][PASSED] - Object 'Object Repository/PrimoTours/Old Objects/ThankYouPage/bookingNoContainer' is clickable

2017-11-28 19:00:22 - [TEST_STEP][PASSED] - verifyElementVisible: Object 'Object Repository/PrimoTours/Old Objects/ThankYouPage/bookingNoContainer' is visible

2017-11-28 19:00:22 - [MESSAGE][PASSED] - Object 'Object Repository/PrimoTours/Old Objects/ThankYouPage/bookingNoContainer' is visible

2017-11-28 19:00:22 - [TEST_STEP][PASSED] - verifyElementVisible: Object 'Object Repository/PrimoTours/Old Objects/ThankYouPage/bookingTotalInfo' is visible

2017-11-28 19:00:22 - [MESSAGE][PASSED] - Object 'Object Repository/PrimoTours/Old Objects/ThankYouPage/bookingTotalInfo' is visible

2017-11-28 19:00:22 - [TEST_STEP][PASSED] - verifyElementVisible: Object 'Object Repository/PrimoTours/Old Objects/ThankYouPage/bookingTotalPriceBar' is visible

2017-11-28 19:00:22 - [MESSAGE][PASSED] - Object 'Object Repository/PrimoTours/Old Objects/ThankYouPage/bookingTotalPriceBar' is visible

2017-11-28 19:00:22 - [TEST_STEP][PASSED] - verifyElementVisible: Object 'Object Repository/PrimoTours/Old Objects/ThankYouPage/printTicketSpan' is visible

2017-11-28 19:00:23 - [MESSAGE][PASSED] - Object 'Object Repository/PrimoTours/Old Objects/ThankYouPage/printTicketSpan' is visible

2017-11-28 19:00:23 - [TEST_STEP][PASSED] - waitForElementClickable: Object 'Object Repository/PrimoTours/Old Objects/ThankYouPage/printTicketSpan' is clickable

2017-11-28 19:00:23 - [MESSAGE][PASSED] - Object 'Object Repository/PrimoTours/Old Objects/ThankYouPage/printTicketSpan' is clickable

2017-11-28 19:00:23 - [TEST_STEP][FAILED] - Statement - Try: Unable to click on object 'Object Repository/PrimoTours/Old Objects/ThankYouPage/printTicketSpan' (Root cause: org.openqa.selenium.WebDriverException: unknown error: Element <span id="printTicketSpan" data-bind="text: tourpaq.bookingEngine.languageStaticResources.PrintReceipt">...</span> is not clickable at point (508, 319). Other element would receive the click: <div class="se-pre-con" id="booking-overlay" style="opacity: 0.616723;"></div>
  (Session info: chrome=62.0.3202.94)
  (Driver info: chromedriver=2.33.506120 (e3e53437346286c0bc2d2dc9aa4915ba81d9023f),platform=Windows NT 6.3.9600 x86_64) (WARNING: The server did not provide any stacktrace information)
Command duration or timeout: 0 milliseconds
Build info: version: '3.7.1', revision: '8a0099a', time: '2017-11-06T21:07:36.161Z'
System info: host: 'NEACSUNEW-PC', ip: '10.10.10.211', os.name: 'Windows 8.1', os.arch: 'amd64', os.version: '6.3', java.version: '1.8.0_102'
Driver info: com.kms.katalon.selenium.driver.CChromeDriver
Capabilities {acceptSslCerts: true, applicationCacheEnabled: false, browserConnectionEnabled: false, browserName: chrome, chrome: {chromedriverVersion: 2.33.506120 (e3e53437346286..., userDataDir: C:\Users\Cornel\AppData\Loc...}, cssSelectorsEnabled: true, databaseEnabled: false, handlesAlerts: true, hasTouchScreen: false, javascriptEnabled: true, locationContextEnabled: true, mobileEmulationEnabled: false, nativeEvents: true, networkConnectionEnabled: false, pageLoadStrategy: normal, platform: XP, platformName: XP, rotatable: false, setWindowRect: true, takesHeapSnapshot: true, takesScreenshot: true, unexpectedAlertBehaviour: , unhandledPromptBehavior: , version: 62.0.3202.94, webStorageEnabled: true}
Session ID: a27e3f1bdbffcbf9d0c48ce237cc6f5e)

2017-11-28 19:00:23 - [TEST_STEP][FAILED] - click: Unable to click on object 'Object Repository/PrimoTours/Old Objects/ThankYouPage/printTicketSpan' (Root cause: org.openqa.selenium.WebDriverException: unknown error: Element <span id="printTicketSpan" data-bind="text: tourpaq.bookingEngine.languageStaticResources.PrintReceipt">...</span> is not clickable at point (508, 319). Other element would receive the click: <div class="se-pre-con" id="booking-overlay" style="opacity: 0.616723;"></div>
  (Session info: chrome=62.0.3202.94)
  (Driver info: chromedriver=2.33.506120 (e3e53437346286c0bc2d2dc9aa4915ba81d9023f),platform=Windows NT 6.3.9600 x86_64) (WARNING: The server did not provide any stacktrace information)
Command duration or timeout: 0 milliseconds
Build info: version: '3.7.1', revision: '8a0099a', time: '2017-11-06T21:07:36.161Z'
System info: host: 'NEACSUNEW-PC', ip: '10.10.10.211', os.name: 'Windows 8.1', os.arch: 'amd64', os.version: '6.3', java.version: '1.8.0_102'
Driver info: com.kms.katalon.selenium.driver.CChromeDriver
Capabilities {acceptSslCerts: true, applicationCacheEnabled: false, browserConnectionEnabled: false, browserName: chrome, chrome: {chromedriverVersion: 2.33.506120 (e3e53437346286..., userDataDir: C:\Users\Cornel\AppData\Loc...}, cssSelectorsEnabled: true, databaseEnabled: false, handlesAlerts: true, hasTouchScreen: false, javascriptEnabled: true, locationContextEnabled: true, mobileEmulationEnabled: false, nativeEvents: true, networkConnectionEnabled: false, pageLoadStrategy: normal, platform: XP, platformName: XP, rotatable: false, setWindowRect: true, takesHeapSnapshot: true, takesScreenshot: true, unexpectedAlertBehaviour: , unhandledPromptBehavior: , version: 62.0.3202.94, webStorageEnabled: true}
Session ID: a27e3f1bdbffcbf9d0c48ce237cc6f5e)

2017-11-28 19:00:23 - [MESSAGE][FAILED] - Unable to click on object 'Object Repository/PrimoTours/Old Objects/ThankYouPage/printTicketSpan' (Root cause: org.openqa.selenium.WebDriverException: unknown error: Element <span id="printTicketSpan" data-bind="text: tourpaq.bookingEngine.languageStaticResources.PrintReceipt">...</span> is not clickable at point (508, 319). Other element would receive the click: <div class="se-pre-con" id="booking-overlay" style="opacity: 0.616723;"></div>
  (Session info: chrome=62.0.3202.94)
  (Driver info: chromedriver=2.33.506120 (e3e53437346286c0bc2d2dc9aa4915ba81d9023f),platform=Windows NT 6.3.9600 x86_64) (WARNING: The server did not provide any stacktrace information)
Command duration or timeout: 0 milliseconds
Build info: version: '3.7.1', revision: '8a0099a', time: '2017-11-06T21:07:36.161Z'
System info: host: 'NEACSUNEW-PC', ip: '10.10.10.211', os.name: 'Windows 8.1', os.arch: 'amd64', os.version: '6.3', java.version: '1.8.0_102'
Driver info: com.kms.katalon.selenium.driver.CChromeDriver
Capabilities {acceptSslCerts: true, applicationCacheEnabled: false, browserConnectionEnabled: false, browserName: chrome, chrome: {chromedriverVersion: 2.33.506120 (e3e53437346286..., userDataDir: C:\Users\Cornel\AppData\Loc...}, cssSelectorsEnabled: true, databaseEnabled: false, handlesAlerts: true, hasTouchScreen: false, javascriptEnabled: true, locationContextEnabled: true, mobileEmulationEnabled: false, nativeEvents: true, networkConnectionEnabled: false, pageLoadStrategy: normal, platform: XP, platformName: XP, rotatable: false, setWindowRect: true, takesHeapSnapshot: true, takesScreenshot: true, unexpectedAlertBehaviour: , unhandledPromptBehavior: , version: 62.0.3202.94, webStorageEnabled: true}
Session ID: a27e3f1bdbffcbf9d0c48ce237cc6f5e)
[[ATTACHMENT|D:\\Software testing\\Tourpaq\\Automated Katalon tests\\Primo WB test\\Reports\\WB Primo From Excel URLs\\20171128_185633\\1511888423266.png]]

2017-11-28 19:00:23 - [TEST_STEP][PASSED] - Statement - Catch (Exception e): Object: 'Object Repository/PrimoTours/Old Objects/ThankYouPage/printTicketSpan' is clicked on

2017-11-28 19:00:23 - [TEST_STEP][PASSED] - click: Object: 'Object Repository/PrimoTours/Old Objects/ThankYouPage/printTicketSpan' is clicked on

2017-11-28 19:00:30 - [MESSAGE][PASSED] - Object: 'Object Repository/PrimoTours/Old Objects/ThankYouPage/printTicketSpan' is clicked on

2017-11-28 19:00:30 - [TEST_STEP][PASSED] - delay: Delayed 2 second(s)

2017-11-28 19:00:32 - [MESSAGE][PASSED] - Delayed 2 second(s)

2017-11-28 19:00:32 - [TEST_STEP][PASSED] - waitForElementVisible: Object 'Object Repository/PrimoTours/Old Objects/ThankYouPage/cCenterButton' is visible

2017-11-28 19:00:32 - [MESSAGE][PASSED] - Object 'Object Repository/PrimoTours/Old Objects/ThankYouPage/cCenterButton' is visible

2017-11-28 19:00:32 - [TEST_STEP][PASSED] - waitForElementClickable: Object 'Object Repository/PrimoTours/Old Objects/ThankYouPage/cCenterButton' is clickable

2017-11-28 19:00:32 - [MESSAGE][PASSED] - Object 'Object Repository/PrimoTours/Old Objects/ThankYouPage/cCenterButton' is clickable

2017-11-28 19:00:32 - [TEST_STEP][PASSED] - click: Object: 'Object Repository/PrimoTours/Old Objects/ThankYouPage/cCenterButton' is clicked on

2017-11-28 19:00:32 - [MESSAGE][PASSED] - Object: 'Object Repository/PrimoTours/Old Objects/ThankYouPage/cCenterButton' is clicked on

2017-11-28 19:00:32 - [TEST_STEP][PASSED] - waitForPageLoad: Wait for page load successfully

2017-11-28 19:00:32 - [MESSAGE][PASSED] - Wait for page load successfully

2017-11-28 19:00:32 - [TEST_STEP][PASSED] - waitForJQueryLoad: jQuery is ready.

2017-11-28 19:00:32 - [MESSAGE][PASSED] - jQuery is ready.

2017-11-28 19:00:32 - [TEST_STEP][PASSED] - waitForElementPresent: Object 'Object Repository/PrimoTours/Old Objects/CCenter/pageLoaderOverlayLayer' is present

2017-11-28 19:00:32 - [MESSAGE][PASSED] - Object 'Object Repository/PrimoTours/Old Objects/CCenter/pageLoaderOverlayLayer' is present

2017-11-28 19:00:32 - [TEST_STEP][PASSED] - waitForElementNotVisible: Object 'Object Repository/PrimoTours/Old Objects/CCenter/pageLoaderOverlayLayer' is NOT visible

2017-11-28 19:00:32 - [MESSAGE][PASSED] - Object 'Object Repository/PrimoTours/Old Objects/CCenter/pageLoaderOverlayLayer' is NOT visible

2017-11-28 19:00:32 - [TEST_STEP][PASSED] - verifyElementVisible: Object 'Object Repository/PrimoTours/Old Objects/ThankYouPage/bookingNoContainer' is visible

2017-11-28 19:00:33 - [MESSAGE][PASSED] - Object 'Object Repository/PrimoTours/Old Objects/ThankYouPage/bookingNoContainer' is visible

2017-11-28 19:00:33 - [TEST_STEP][PASSED] - verifyElementVisible: Object 'Object Repository/PrimoTours/Old Objects/ThankYouPage/bookingTotalPriceBar' is visible

2017-11-28 19:00:33 - [MESSAGE][PASSED] - Object 'Object Repository/PrimoTours/Old Objects/ThankYouPage/bookingTotalPriceBar' is visible

2017-11-28 19:00:33 - [TEST_STEP][PASSED] - delay: Delayed 1 second(s)

2017-11-28 19:00:34 - [MESSAGE][PASSED] - Delayed 1 second(s)]]></system-out>
         <system-err><![CDATA[2017-11-28 18:59:52 - [TEST_CASE][FAILED] - Test Cases/PrimoTours/WB Primo/WB Primo staging - place booking - Iteration 7: Unable to click on object 'Object Repository/PrimoTours/Old Objects/ThankYouPage/printTicketSpan' (Root cause: org.openqa.selenium.WebDriverException: unknown error: Element <span id="printTicketSpan" data-bind="text: tourpaq.bookingEngine.languageStaticResources.PrintReceipt">...</span> is not clickable at point (508, 319). Other element would receive the click: <div class="se-pre-con" id="booking-overlay" style="opacity: 0.616723;"></div>
  (Session info: chrome=62.0.3202.94)
  (Driver info: chromedriver=2.33.506120 (e3e53437346286c0bc2d2dc9aa4915ba81d9023f),platform=Windows NT 6.3.9600 x86_64) (WARNING: The server did not provide any stacktrace information)
Command duration or timeout: 0 milliseconds
Build info: version: '3.7.1', revision: '8a0099a', time: '2017-11-06T21:07:36.161Z'
System info: host: 'NEACSUNEW-PC', ip: '10.10.10.211', os.name: 'Windows 8.1', os.arch: 'amd64', os.version: '6.3', java.version: '1.8.0_102'
Driver info: com.kms.katalon.selenium.driver.CChromeDriver
Capabilities {acceptSslCerts: true, applicationCacheEnabled: false, browserConnectionEnabled: false, browserName: chrome, chrome: {chromedriverVersion: 2.33.506120 (e3e53437346286..., userDataDir: C:\Users\Cornel\AppData\Loc...}, cssSelectorsEnabled: true, databaseEnabled: false, handlesAlerts: true, hasTouchScreen: false, javascriptEnabled: true, locationContextEnabled: true, mobileEmulationEnabled: false, nativeEvents: true, networkConnectionEnabled: false, pageLoadStrategy: normal, platform: XP, platformName: XP, rotatable: false, setWindowRect: true, takesHeapSnapshot: true, takesScreenshot: true, unexpectedAlertBehaviour: , unhandledPromptBehavior: , version: 62.0.3202.94, webStorageEnabled: true}
Session ID: a27e3f1bdbffcbf9d0c48ce237cc6f5e)]]></system-err>
      </testcase>
      <testcase name="Test Cases/PrimoTours/WB Primo/WB Primo staging - place booking - Iteration 8" classname="Test Cases/PrimoTours/WB Primo/WB Primo staging - place booking" status="FAILED">
         <failure type="FAILED" message="Unable to click on object 'Object Repository/PrimoTours/Old Objects/ThankYouPage/printTicketSpan' (Root cause: org.openqa.selenium.WebDriverException: unknown error: Element &lt;span id=&quot;printTicketSpan&quot; data-bind=&quot;text: tourpaq.bookingEngine.languageStaticResources.PrintReceipt&quot;>...&lt;/span> is not clickable at point (508, 319). Other element would receive the click: &lt;div class=&quot;se-pre-con&quot; id=&quot;booking-overlay&quot; style=&quot;opacity: 0.313506;&quot;>&lt;/div>
  (Session info: chrome=62.0.3202.94)
  (Driver info: chromedriver=2.33.506120 (e3e53437346286c0bc2d2dc9aa4915ba81d9023f),platform=Windows NT 6.3.9600 x86_64) (WARNING: The server did not provide any stacktrace information)
Command duration or timeout: 0 milliseconds
Build info: version: '3.7.1', revision: '8a0099a', time: '2017-11-06T21:07:36.161Z'
System info: host: 'NEACSUNEW-PC', ip: '10.10.10.211', os.name: 'Windows 8.1', os.arch: 'amd64', os.version: '6.3', java.version: '1.8.0_102'
Driver info: com.kms.katalon.selenium.driver.CChromeDriver
Capabilities {acceptSslCerts: true, applicationCacheEnabled: false, browserConnectionEnabled: false, browserName: chrome, chrome: {chromedriverVersion: 2.33.506120 (e3e53437346286..., userDataDir: C:\Users\Cornel\AppData\Loc...}, cssSelectorsEnabled: true, databaseEnabled: false, handlesAlerts: true, hasTouchScreen: false, javascriptEnabled: true, locationContextEnabled: true, mobileEmulationEnabled: false, nativeEvents: true, networkConnectionEnabled: false, pageLoadStrategy: normal, platform: XP, platformName: XP, rotatable: false, setWindowRect: true, takesHeapSnapshot: true, takesScreenshot: true, unexpectedAlertBehaviour: , unhandledPromptBehavior: , version: 62.0.3202.94, webStorageEnabled: true}
Session ID: 8b504480950047de6533e6b41af2b5e4)"/>
         <system-out><![CDATA[2017-11-28 19:00:34 - [TEST_CASE][FAILED] - Test Cases/PrimoTours/WB Primo/WB Primo staging - place booking - Iteration 8: Unable to click on object 'Object Repository/PrimoTours/Old Objects/ThankYouPage/printTicketSpan' (Root cause: org.openqa.selenium.WebDriverException: unknown error: Element <span id="printTicketSpan" data-bind="text: tourpaq.bookingEngine.languageStaticResources.PrintReceipt">...</span> is not clickable at point (508, 319). Other element would receive the click: <div class="se-pre-con" id="booking-overlay" style="opacity: 0.313506;"></div>
  (Session info: chrome=62.0.3202.94)
  (Driver info: chromedriver=2.33.506120 (e3e53437346286c0bc2d2dc9aa4915ba81d9023f),platform=Windows NT 6.3.9600 x86_64) (WARNING: The server did not provide any stacktrace information)
Command duration or timeout: 0 milliseconds
Build info: version: '3.7.1', revision: '8a0099a', time: '2017-11-06T21:07:36.161Z'
System info: host: 'NEACSUNEW-PC', ip: '10.10.10.211', os.name: 'Windows 8.1', os.arch: 'amd64', os.version: '6.3', java.version: '1.8.0_102'
Driver info: com.kms.katalon.selenium.driver.CChromeDriver
Capabilities {acceptSslCerts: true, applicationCacheEnabled: false, browserConnectionEnabled: false, browserName: chrome, chrome: {chromedriverVersion: 2.33.506120 (e3e53437346286..., userDataDir: C:\Users\Cornel\AppData\Loc...}, cssSelectorsEnabled: true, databaseEnabled: false, handlesAlerts: true, hasTouchScreen: false, javascriptEnabled: true, locationContextEnabled: true, mobileEmulationEnabled: false, nativeEvents: true, networkConnectionEnabled: false, pageLoadStrategy: normal, platform: XP, platformName: XP, rotatable: false, setWindowRect: true, takesHeapSnapshot: true, takesScreenshot: true, unexpectedAlertBehaviour: , unhandledPromptBehavior: , version: 62.0.3202.94, webStorageEnabled: true}
Session ID: 8b504480950047de6533e6b41af2b5e4)

2017-11-28 19:00:34 - [TEST_STEP][PASSED] - openBrowser: Browser is opened with url: ''

2017-11-28 19:00:34 - [MESSAGE][WARNING] - A browser is already opened. Closing browser and opening a new one

2017-11-28 19:00:37 - [MESSAGE][PASSED] - Browser is opened with url: ''

2017-11-28 19:00:37 - [TEST_STEP][PASSED] - maximizeWindow: Current window maximized

2017-11-28 19:00:38 - [MESSAGE][PASSED] - Current window maximized

2017-11-28 19:00:38 - [TEST_STEP][PASSED] - navigateToUrl: Navigate to 'https://staging-primotours-webbooking.tourpaq.com/DoBooking.aspx?pltaID=1480269&p=1&rno=3&pt=1&a=8&c=2&aa=&ca=0|1|6' successfully

2017-11-28 19:00:40 - [MESSAGE][PASSED] - Navigate to 'https://staging-primotours-webbooking.tourpaq.com/DoBooking.aspx?pltaID=1480269&p=1&rno=3&pt=1&a=8&c=2&aa=&ca=0|1|6' successfully

2017-11-28 19:00:40 - [TEST_STEP][PASSED] - setText: Text 'Pedersen AUT' is set on object 'Object Repository/PrimoTours/Old Objects/Coco/PrimoT/Page_Primo Tours  Danmarks bedste c/input_firstName'

2017-11-28 19:00:41 - [MESSAGE][PASSED] - Text 'Pedersen AUT' is set on object 'Object Repository/PrimoTours/Old Objects/Coco/PrimoT/Page_Primo Tours  Danmarks bedste c/input_firstName'

2017-11-28 19:00:41 - [TEST_STEP][PASSED] - setText: Text 'Vibe Dalby' is set on object 'Object Repository/PrimoTours/Old Objects/Coco/PrimoT/Page_Primo Tours  Danmarks bedste c/input_lastName'

2017-11-28 19:00:41 - [MESSAGE][PASSED] - Text 'Vibe Dalby' is set on object 'Object Repository/PrimoTours/Old Objects/Coco/PrimoT/Page_Primo Tours  Danmarks bedste c/input_lastName'

2017-11-28 19:00:41 - [TEST_STEP][PASSED] - setText: Text 'Home address' is set on object 'Object Repository/PrimoTours/Old Objects/Coco/PrimoT/Page_Primo Tours  Danmarks bedste c/input_customerAddress'

2017-11-28 19:00:42 - [MESSAGE][PASSED] - Text 'Home address' is set on object 'Object Repository/PrimoTours/Old Objects/Coco/PrimoT/Page_Primo Tours  Danmarks bedste c/input_customerAddress'

2017-11-28 19:00:42 - [TEST_STEP][PASSED] - setText: Text '6700' is set on object 'Object Repository/PrimoTours/Old Objects/Coco/PrimoT/Page_Primo Tours  Danmarks bedste c/input_customerPostcode'

2017-11-28 19:00:42 - [MESSAGE][PASSED] - Text '6700' is set on object 'Object Repository/PrimoTours/Old Objects/Coco/PrimoT/Page_Primo Tours  Danmarks bedste c/input_customerPostcode'

2017-11-28 19:00:42 - [TEST_STEP][PASSED] - setText: Text 'cornel.neacsu@roweb.ro' is set on object 'Object Repository/PrimoTours/Old Objects/Coco/PrimoT/Page_Primo Tours  Danmarks bedste c/input_customerEmail'

2017-11-28 19:00:42 - [MESSAGE][PASSED] - Text 'cornel.neacsu@roweb.ro' is set on object 'Object Repository/PrimoTours/Old Objects/Coco/PrimoT/Page_Primo Tours  Danmarks bedste c/input_customerEmail'

2017-11-28 19:00:42 - [TEST_STEP][PASSED] - setText: Text '12345678' is set on object 'Object Repository/PrimoTours/Old Objects/Coco/PrimoT/Page_Primo Tours  Danmarks bedste c/input_customerPhone'

2017-11-28 19:00:42 - [MESSAGE][PASSED] - Text '12345678' is set on object 'Object Repository/PrimoTours/Old Objects/Coco/PrimoT/Page_Primo Tours  Danmarks bedste c/input_customerPhone'

2017-11-28 19:00:42 - [TEST_STEP][PASSED] - Statement - excelInfo = ["fname":"", "lname":"", "pgender":"", "pday":"", "pmonth":"", "pyear":""]: null

2017-11-28 19:00:42 - [TEST_STEP][PASSED] - Statement - rawData = com.kms.katalon.core.testdata.TestDataFactory.findTestData("Data Files/WB_Primo/Passenger_details"): Reading excel file with source file 'D:\Software testing\Tourpaq\Automated Katalon tests\Primo WB test\Data Files\Primo_URLs_For_Automated_Test.xls' and sheet name 'Passenger Names'

2017-11-28 19:00:42 - [TEST_STEP][PASSED] - Statement - excelRowNo = rawData.getRowNumbers(): null

2017-11-28 19:00:42 - [TEST_STEP][PASSED] - Statement - randomPaxIndex = 1: null

2017-11-28 19:00:42 - [TEST_STEP][PASSED] - waitForElementClickable: Object 'Object Repository/PrimoTours/Old Objects/Coco/PrimoT/Page_Primo Tours  Danmarks bedste c/input_firstname-0_1' is clickable

2017-11-28 19:00:44 - [MESSAGE][PASSED] - Object 'Object Repository/PrimoTours/Old Objects/Coco/PrimoT/Page_Primo Tours  Danmarks bedste c/input_firstname-0_1' is clickable

2017-11-28 19:00:44 - [TEST_STEP][PASSED] - Statement - driver = com.kms.katalon.core.webui.driver.DriverFactory.getWebDriver(): null

2017-11-28 19:00:44 - [TEST_STEP][PASSED] - Statement - roomContainerXpath = "id("booking")/div[@class="wrapper second-bg"]/div[contains(@class,"container-mx")]/div[@class="row"]/div[@class="col-md-12 roomContainer"]": null

2017-11-28 19:00:44 - [TEST_STEP][PASSED] - Statement - roomsCount = driver.findElements(org.openqa.selenium.By.xpath(roomContainerXpath)).size(): null

2017-11-28 19:00:44 - [TEST_STEP][PASSED] - Statement - println("roomsCount=" + roomsCount): null

2017-11-28 19:00:44 - [TEST_STEP][PASSED] - Statement - For ([i = 1, i <= roomsCount, (i++)]): Text 'Magnus' is set on object 'Object Repository/PrimoTours/Old Objects/allPaxLastNameFields'

2017-11-28 19:00:44 - [TEST_STEP][PASSED] - Statement - paxInRoomXpath = roomContainerXpath + "[" + i + "]/div[@class="row"]/div[@class="col-md-12"]/div[@class="row"]": null

2017-11-28 19:00:44 - [TEST_STEP][PASSED] - Statement - paxInRoomCount = driver.findElements(org.openqa.selenium.By.xpath(paxInRoomXpath)).size(): null

2017-11-28 19:00:44 - [TEST_STEP][PASSED] - Statement - println("paxInRoomCount=" + paxInRoomCount): null

2017-11-28 19:00:44 - [TEST_STEP][PASSED] - Statement - For ([j = 1, j <= paxInRoomCount, (j++)]): Text 'Mikkel' is set on object 'Object Repository/PrimoTours/Old Objects/allPaxLastNameFields'

2017-11-28 19:00:44 - [TEST_STEP][PASSED] - Statement - If (i == 1 & j == 1): null

2017-11-28 19:00:44 - [TEST_STEP][PASSED] - Statement - <not implemented yet for class: org.codehaus.groovy.ast.stmt.ContinueStatement>: null

2017-11-28 19:00:44 - [TEST_STEP][PASSED] - Statement - If (i == 1 & j == 1): null

2017-11-28 19:00:44 - [TEST_STEP][PASSED] - Statement - randomPaxIndex = java.lang.Math.abs(new java.util.Random().nextInt() % excelRowNo) + 1: null

2017-11-28 19:00:44 - [TEST_STEP][PASSED] - Statement - println(randomPaxIndex): null

2017-11-28 19:00:44 - [TEST_STEP][PASSED] - Statement - fname = rawData.getValue("FirstName", randomPaxIndex) + " AUT": null

2017-11-28 19:00:44 - [TEST_STEP][PASSED] - Statement - lname = rawData.getValue("LastName", randomPaxIndex): null

2017-11-28 19:00:44 - [TEST_STEP][PASSED] - Statement - pgender = rawData.getValue("Gender", randomPaxIndex): null

2017-11-28 19:00:44 - [TEST_STEP][PASSED] - Statement - pday = rawData.getValue("Day DOB", randomPaxIndex): null

2017-11-28 19:00:44 - [TEST_STEP][PASSED] - Statement - pmonth = rawData.getValue("Month DOB", randomPaxIndex): null

2017-11-28 19:00:44 - [TEST_STEP][PASSED] - Statement - pyear = rawData.getValue("Year DOB", randomPaxIndex): null

2017-11-28 19:00:44 - [TEST_STEP][PASSED] - Statement - paxDetailFields = paxInRoomXpath + "[" + j + "]/div[@class="col-md-x col-md-9"]/div[@class="row paxContainer"]/div[@class="col-md-5"]": null

2017-11-28 19:00:44 - [TEST_STEP][PASSED] - Statement - xpathval = paxDetailFields + "[1]/div[contains(@class,"form-group")]/input[@class="form-control paxFirstName"]": null

2017-11-28 19:00:44 - [TEST_STEP][PASSED] - Statement - println("fn: " + xpathval): null

2017-11-28 19:00:44 - [TEST_STEP][PASSED] - Statement - repObj = com.kms.katalon.core.testobject.ObjectRepository.findTestObject(Object Repository/PrimoTours/Old Objects/allPaxFirstNameFields): Finding Test Object with id 'Object Repository/PrimoTours/Old Objects/allPaxFirstNameFields'

2017-11-28 19:00:44 - [TEST_STEP][PASSED] - Statement - repObj.findProperty("xpath").setValue(xpathval): null

2017-11-28 19:00:44 - [TEST_STEP][PASSED] - setText: Text 'Lindtofte AUT' is set on object 'Object Repository/PrimoTours/Old Objects/allPaxFirstNameFields'

2017-11-28 19:00:44 - [MESSAGE][PASSED] - Text 'Lindtofte AUT' is set on object 'Object Repository/PrimoTours/Old Objects/allPaxFirstNameFields'

2017-11-28 19:00:44 - [TEST_STEP][PASSED] - Statement - xpathval = paxDetailFields + "[2]/div[contains(@class,"form-group")]/input[@class="form-control paxLastName"]": null

2017-11-28 19:00:44 - [TEST_STEP][PASSED] - Statement - println("ln: " + xpathval): null

2017-11-28 19:00:44 - [TEST_STEP][PASSED] - Statement - repObj = com.kms.katalon.core.testobject.ObjectRepository.findTestObject(Object Repository/PrimoTours/Old Objects/allPaxLastNameFields): Finding Test Object with id 'Object Repository/PrimoTours/Old Objects/allPaxLastNameFields'

2017-11-28 19:00:44 - [TEST_STEP][PASSED] - Statement - repObj.findProperty("xpath").setValue(xpathval): null

2017-11-28 19:00:44 - [TEST_STEP][PASSED] - setText: Text 'Frederik Kjær' is set on object 'Object Repository/PrimoTours/Old Objects/allPaxLastNameFields'

2017-11-28 19:00:45 - [MESSAGE][PASSED] - Text 'Frederik Kjær' is set on object 'Object Repository/PrimoTours/Old Objects/allPaxLastNameFields'

2017-11-28 19:00:45 - [TEST_STEP][PASSED] - Statement - If (i == 1 & j == 1): null

2017-11-28 19:00:45 - [TEST_STEP][PASSED] - Statement - randomPaxIndex = java.lang.Math.abs(new java.util.Random().nextInt() % excelRowNo) + 1: null

2017-11-28 19:00:45 - [TEST_STEP][PASSED] - Statement - println(randomPaxIndex): null

2017-11-28 19:00:45 - [TEST_STEP][PASSED] - Statement - fname = rawData.getValue("FirstName", randomPaxIndex) + " AUT": null

2017-11-28 19:00:45 - [TEST_STEP][PASSED] - Statement - lname = rawData.getValue("LastName", randomPaxIndex): null

2017-11-28 19:00:45 - [TEST_STEP][PASSED] - Statement - pgender = rawData.getValue("Gender", randomPaxIndex): null

2017-11-28 19:00:45 - [TEST_STEP][PASSED] - Statement - pday = rawData.getValue("Day DOB", randomPaxIndex): null

2017-11-28 19:00:45 - [TEST_STEP][PASSED] - Statement - pmonth = rawData.getValue("Month DOB", randomPaxIndex): null

2017-11-28 19:00:45 - [TEST_STEP][PASSED] - Statement - pyear = rawData.getValue("Year DOB", randomPaxIndex): null

2017-11-28 19:00:45 - [TEST_STEP][PASSED] - Statement - paxDetailFields = paxInRoomXpath + "[" + j + "]/div[@class="col-md-x col-md-9"]/div[@class="row paxContainer"]/div[@class="col-md-5"]": null

2017-11-28 19:00:45 - [TEST_STEP][PASSED] - Statement - xpathval = paxDetailFields + "[1]/div[contains(@class,"form-group")]/input[@class="form-control paxFirstName"]": null

2017-11-28 19:00:45 - [TEST_STEP][PASSED] - Statement - println("fn: " + xpathval): null

2017-11-28 19:00:45 - [TEST_STEP][PASSED] - Statement - repObj = com.kms.katalon.core.testobject.ObjectRepository.findTestObject(Object Repository/PrimoTours/Old Objects/allPaxFirstNameFields): Finding Test Object with id 'Object Repository/PrimoTours/Old Objects/allPaxFirstNameFields'

2017-11-28 19:00:45 - [TEST_STEP][PASSED] - Statement - repObj.findProperty("xpath").setValue(xpathval): null

2017-11-28 19:00:45 - [TEST_STEP][PASSED] - setText: Text 'Christiansen AUT' is set on object 'Object Repository/PrimoTours/Old Objects/allPaxFirstNameFields'

2017-11-28 19:00:45 - [MESSAGE][PASSED] - Text 'Christiansen AUT' is set on object 'Object Repository/PrimoTours/Old Objects/allPaxFirstNameFields'

2017-11-28 19:00:45 - [TEST_STEP][PASSED] - Statement - xpathval = paxDetailFields + "[2]/div[contains(@class,"form-group")]/input[@class="form-control paxLastName"]": null

2017-11-28 19:00:45 - [TEST_STEP][PASSED] - Statement - println("ln: " + xpathval): null

2017-11-28 19:00:45 - [TEST_STEP][PASSED] - Statement - repObj = com.kms.katalon.core.testobject.ObjectRepository.findTestObject(Object Repository/PrimoTours/Old Objects/allPaxLastNameFields): Finding Test Object with id 'Object Repository/PrimoTours/Old Objects/allPaxLastNameFields'

2017-11-28 19:00:45 - [TEST_STEP][PASSED] - Statement - repObj.findProperty("xpath").setValue(xpathval): null

2017-11-28 19:00:45 - [TEST_STEP][PASSED] - setText: Text 'Henrik Lindtofte' is set on object 'Object Repository/PrimoTours/Old Objects/allPaxLastNameFields'

2017-11-28 19:00:45 - [MESSAGE][PASSED] - Text 'Henrik Lindtofte' is set on object 'Object Repository/PrimoTours/Old Objects/allPaxLastNameFields'

2017-11-28 19:00:45 - [TEST_STEP][PASSED] - Statement - If (i == 1 & j == 1): null

2017-11-28 19:00:45 - [TEST_STEP][PASSED] - Statement - randomPaxIndex = java.lang.Math.abs(new java.util.Random().nextInt() % excelRowNo) + 1: null

2017-11-28 19:00:45 - [TEST_STEP][PASSED] - Statement - println(randomPaxIndex): null

2017-11-28 19:00:45 - [TEST_STEP][PASSED] - Statement - fname = rawData.getValue("FirstName", randomPaxIndex) + " AUT": null

2017-11-28 19:00:45 - [TEST_STEP][PASSED] - Statement - lname = rawData.getValue("LastName", randomPaxIndex): null

2017-11-28 19:00:45 - [TEST_STEP][PASSED] - Statement - pgender = rawData.getValue("Gender", randomPaxIndex): null

2017-11-28 19:00:45 - [TEST_STEP][PASSED] - Statement - pday = rawData.getValue("Day DOB", randomPaxIndex): null

2017-11-28 19:00:45 - [TEST_STEP][PASSED] - Statement - pmonth = rawData.getValue("Month DOB", randomPaxIndex): null

2017-11-28 19:00:45 - [TEST_STEP][PASSED] - Statement - pyear = rawData.getValue("Year DOB", randomPaxIndex): null

2017-11-28 19:00:45 - [TEST_STEP][PASSED] - Statement - paxDetailFields = paxInRoomXpath + "[" + j + "]/div[@class="col-md-x col-md-9"]/div[@class="row paxContainer"]/div[@class="col-md-5"]": null

2017-11-28 19:00:45 - [TEST_STEP][PASSED] - Statement - xpathval = paxDetailFields + "[1]/div[contains(@class,"form-group")]/input[@class="form-control paxFirstName"]": null

2017-11-28 19:00:45 - [TEST_STEP][PASSED] - Statement - println("fn: " + xpathval): null

2017-11-28 19:00:45 - [TEST_STEP][PASSED] - Statement - repObj = com.kms.katalon.core.testobject.ObjectRepository.findTestObject(Object Repository/PrimoTours/Old Objects/allPaxFirstNameFields): Finding Test Object with id 'Object Repository/PrimoTours/Old Objects/allPaxFirstNameFields'

2017-11-28 19:00:45 - [TEST_STEP][PASSED] - Statement - repObj.findProperty("xpath").setValue(xpathval): null

2017-11-28 19:00:45 - [TEST_STEP][PASSED] - setText: Text 'Vester Gregersen AUT' is set on object 'Object Repository/PrimoTours/Old Objects/allPaxFirstNameFields'

2017-11-28 19:00:46 - [MESSAGE][PASSED] - Text 'Vester Gregersen AUT' is set on object 'Object Repository/PrimoTours/Old Objects/allPaxFirstNameFields'

2017-11-28 19:00:46 - [TEST_STEP][PASSED] - Statement - xpathval = paxDetailFields + "[2]/div[contains(@class,"form-group")]/input[@class="form-control paxLastName"]": null

2017-11-28 19:00:46 - [TEST_STEP][PASSED] - Statement - println("ln: " + xpathval): null

2017-11-28 19:00:46 - [TEST_STEP][PASSED] - Statement - repObj = com.kms.katalon.core.testobject.ObjectRepository.findTestObject(Object Repository/PrimoTours/Old Objects/allPaxLastNameFields): Finding Test Object with id 'Object Repository/PrimoTours/Old Objects/allPaxLastNameFields'

2017-11-28 19:00:46 - [TEST_STEP][PASSED] - Statement - repObj.findProperty("xpath").setValue(xpathval): null

2017-11-28 19:00:46 - [TEST_STEP][PASSED] - setText: Text 'Mikkel' is set on object 'Object Repository/PrimoTours/Old Objects/allPaxLastNameFields'

2017-11-28 19:00:46 - [MESSAGE][PASSED] - Text 'Mikkel' is set on object 'Object Repository/PrimoTours/Old Objects/allPaxLastNameFields'

2017-11-28 19:00:46 - [TEST_STEP][PASSED] - Statement - paxInRoomXpath = roomContainerXpath + "[" + i + "]/div[@class="row"]/div[@class="col-md-12"]/div[@class="row"]": null

2017-11-28 19:00:46 - [TEST_STEP][PASSED] - Statement - paxInRoomCount = driver.findElements(org.openqa.selenium.By.xpath(paxInRoomXpath)).size(): null

2017-11-28 19:00:46 - [TEST_STEP][PASSED] - Statement - println("paxInRoomCount=" + paxInRoomCount): null

2017-11-28 19:00:46 - [TEST_STEP][PASSED] - Statement - For ([j = 1, j <= paxInRoomCount, (j++)]): Text 'Kasper' is set on object 'Object Repository/PrimoTours/Old Objects/allPaxLastNameFields'

2017-11-28 19:00:46 - [TEST_STEP][PASSED] - Statement - If (i == 1 & j == 1): null

2017-11-28 19:00:46 - [TEST_STEP][PASSED] - Statement - randomPaxIndex = java.lang.Math.abs(new java.util.Random().nextInt() % excelRowNo) + 1: null

2017-11-28 19:00:46 - [TEST_STEP][PASSED] - Statement - println(randomPaxIndex): null

2017-11-28 19:00:46 - [TEST_STEP][PASSED] - Statement - fname = rawData.getValue("FirstName", randomPaxIndex) + " AUT": null

2017-11-28 19:00:46 - [TEST_STEP][PASSED] - Statement - lname = rawData.getValue("LastName", randomPaxIndex): null

2017-11-28 19:00:46 - [TEST_STEP][PASSED] - Statement - pgender = rawData.getValue("Gender", randomPaxIndex): null

2017-11-28 19:00:46 - [TEST_STEP][PASSED] - Statement - pday = rawData.getValue("Day DOB", randomPaxIndex): null

2017-11-28 19:00:46 - [TEST_STEP][PASSED] - Statement - pmonth = rawData.getValue("Month DOB", randomPaxIndex): null

2017-11-28 19:00:46 - [TEST_STEP][PASSED] - Statement - pyear = rawData.getValue("Year DOB", randomPaxIndex): null

2017-11-28 19:00:46 - [TEST_STEP][PASSED] - Statement - paxDetailFields = paxInRoomXpath + "[" + j + "]/div[@class="col-md-x col-md-9"]/div[@class="row paxContainer"]/div[@class="col-md-5"]": null

2017-11-28 19:00:46 - [TEST_STEP][PASSED] - Statement - xpathval = paxDetailFields + "[1]/div[contains(@class,"form-group")]/input[@class="form-control paxFirstName"]": null

2017-11-28 19:00:46 - [TEST_STEP][PASSED] - Statement - println("fn: " + xpathval): null

2017-11-28 19:00:46 - [TEST_STEP][PASSED] - Statement - repObj = com.kms.katalon.core.testobject.ObjectRepository.findTestObject(Object Repository/PrimoTours/Old Objects/allPaxFirstNameFields): Finding Test Object with id 'Object Repository/PrimoTours/Old Objects/allPaxFirstNameFields'

2017-11-28 19:00:46 - [TEST_STEP][PASSED] - Statement - repObj.findProperty("xpath").setValue(xpathval): null

2017-11-28 19:00:46 - [TEST_STEP][PASSED] - setText: Text 'Klausen AUT' is set on object 'Object Repository/PrimoTours/Old Objects/allPaxFirstNameFields'

2017-11-28 19:00:46 - [MESSAGE][PASSED] - Text 'Klausen AUT' is set on object 'Object Repository/PrimoTours/Old Objects/allPaxFirstNameFields'

2017-11-28 19:00:46 - [TEST_STEP][PASSED] - Statement - xpathval = paxDetailFields + "[2]/div[contains(@class,"form-group")]/input[@class="form-control paxLastName"]": null

2017-11-28 19:00:46 - [TEST_STEP][PASSED] - Statement - println("ln: " + xpathval): null

2017-11-28 19:00:46 - [TEST_STEP][PASSED] - Statement - repObj = com.kms.katalon.core.testobject.ObjectRepository.findTestObject(Object Repository/PrimoTours/Old Objects/allPaxLastNameFields): Finding Test Object with id 'Object Repository/PrimoTours/Old Objects/allPaxLastNameFields'

2017-11-28 19:00:46 - [TEST_STEP][PASSED] - Statement - repObj.findProperty("xpath").setValue(xpathval): null

2017-11-28 19:00:46 - [TEST_STEP][PASSED] - setText: Text 'Anne Sofie Fredsted' is set on object 'Object Repository/PrimoTours/Old Objects/allPaxLastNameFields'

2017-11-28 19:00:47 - [MESSAGE][PASSED] - Text 'Anne Sofie Fredsted' is set on object 'Object Repository/PrimoTours/Old Objects/allPaxLastNameFields'

2017-11-28 19:00:47 - [TEST_STEP][PASSED] - Statement - If (i == 1 & j == 1): null

2017-11-28 19:00:47 - [TEST_STEP][PASSED] - Statement - randomPaxIndex = java.lang.Math.abs(new java.util.Random().nextInt() % excelRowNo) + 1: null

2017-11-28 19:00:47 - [TEST_STEP][PASSED] - Statement - println(randomPaxIndex): null

2017-11-28 19:00:47 - [TEST_STEP][PASSED] - Statement - fname = rawData.getValue("FirstName", randomPaxIndex) + " AUT": null

2017-11-28 19:00:47 - [TEST_STEP][PASSED] - Statement - lname = rawData.getValue("LastName", randomPaxIndex): null

2017-11-28 19:00:47 - [TEST_STEP][PASSED] - Statement - pgender = rawData.getValue("Gender", randomPaxIndex): null

2017-11-28 19:00:47 - [TEST_STEP][PASSED] - Statement - pday = rawData.getValue("Day DOB", randomPaxIndex): null

2017-11-28 19:00:47 - [TEST_STEP][PASSED] - Statement - pmonth = rawData.getValue("Month DOB", randomPaxIndex): null

2017-11-28 19:00:47 - [TEST_STEP][PASSED] - Statement - pyear = rawData.getValue("Year DOB", randomPaxIndex): null

2017-11-28 19:00:47 - [TEST_STEP][PASSED] - Statement - paxDetailFields = paxInRoomXpath + "[" + j + "]/div[@class="col-md-x col-md-9"]/div[@class="row paxContainer"]/div[@class="col-md-5"]": null

2017-11-28 19:00:47 - [TEST_STEP][PASSED] - Statement - xpathval = paxDetailFields + "[1]/div[contains(@class,"form-group")]/input[@class="form-control paxFirstName"]": null

2017-11-28 19:00:47 - [TEST_STEP][PASSED] - Statement - println("fn: " + xpathval): null

2017-11-28 19:00:47 - [TEST_STEP][PASSED] - Statement - repObj = com.kms.katalon.core.testobject.ObjectRepository.findTestObject(Object Repository/PrimoTours/Old Objects/allPaxFirstNameFields): Finding Test Object with id 'Object Repository/PrimoTours/Old Objects/allPaxFirstNameFields'

2017-11-28 19:00:47 - [TEST_STEP][PASSED] - Statement - repObj.findProperty("xpath").setValue(xpathval): null

2017-11-28 19:00:47 - [TEST_STEP][PASSED] - setText: Text 'Olsen AUT' is set on object 'Object Repository/PrimoTours/Old Objects/allPaxFirstNameFields'

2017-11-28 19:00:47 - [MESSAGE][PASSED] - Text 'Olsen AUT' is set on object 'Object Repository/PrimoTours/Old Objects/allPaxFirstNameFields'

2017-11-28 19:00:47 - [TEST_STEP][PASSED] - Statement - xpathval = paxDetailFields + "[2]/div[contains(@class,"form-group")]/input[@class="form-control paxLastName"]": null

2017-11-28 19:00:47 - [TEST_STEP][PASSED] - Statement - println("ln: " + xpathval): null

2017-11-28 19:00:47 - [TEST_STEP][PASSED] - Statement - repObj = com.kms.katalon.core.testobject.ObjectRepository.findTestObject(Object Repository/PrimoTours/Old Objects/allPaxLastNameFields): Finding Test Object with id 'Object Repository/PrimoTours/Old Objects/allPaxLastNameFields'

2017-11-28 19:00:47 - [TEST_STEP][PASSED] - Statement - repObj.findProperty("xpath").setValue(xpathval): null

2017-11-28 19:00:47 - [TEST_STEP][PASSED] - setText: Text 'Camilla Helligsøe' is set on object 'Object Repository/PrimoTours/Old Objects/allPaxLastNameFields'

2017-11-28 19:00:47 - [MESSAGE][PASSED] - Text 'Camilla Helligsøe' is set on object 'Object Repository/PrimoTours/Old Objects/allPaxLastNameFields'

2017-11-28 19:00:47 - [TEST_STEP][PASSED] - Statement - If (i == 1 & j == 1): null

2017-11-28 19:00:47 - [TEST_STEP][PASSED] - Statement - randomPaxIndex = java.lang.Math.abs(new java.util.Random().nextInt() % excelRowNo) + 1: null

2017-11-28 19:00:47 - [TEST_STEP][PASSED] - Statement - println(randomPaxIndex): null

2017-11-28 19:00:47 - [TEST_STEP][PASSED] - Statement - fname = rawData.getValue("FirstName", randomPaxIndex) + " AUT": null

2017-11-28 19:00:47 - [TEST_STEP][PASSED] - Statement - lname = rawData.getValue("LastName", randomPaxIndex): null

2017-11-28 19:00:47 - [TEST_STEP][PASSED] - Statement - pgender = rawData.getValue("Gender", randomPaxIndex): null

2017-11-28 19:00:47 - [TEST_STEP][PASSED] - Statement - pday = rawData.getValue("Day DOB", randomPaxIndex): null

2017-11-28 19:00:47 - [TEST_STEP][PASSED] - Statement - pmonth = rawData.getValue("Month DOB", randomPaxIndex): null

2017-11-28 19:00:47 - [TEST_STEP][PASSED] - Statement - pyear = rawData.getValue("Year DOB", randomPaxIndex): null

2017-11-28 19:00:47 - [TEST_STEP][PASSED] - Statement - paxDetailFields = paxInRoomXpath + "[" + j + "]/div[@class="col-md-x col-md-9"]/div[@class="row paxContainer"]/div[@class="col-md-5"]": null

2017-11-28 19:00:47 - [TEST_STEP][PASSED] - Statement - xpathval = paxDetailFields + "[1]/div[contains(@class,"form-group")]/input[@class="form-control paxFirstName"]": null

2017-11-28 19:00:47 - [TEST_STEP][PASSED] - Statement - println("fn: " + xpathval): null

2017-11-28 19:00:47 - [TEST_STEP][PASSED] - Statement - repObj = com.kms.katalon.core.testobject.ObjectRepository.findTestObject(Object Repository/PrimoTours/Old Objects/allPaxFirstNameFields): Finding Test Object with id 'Object Repository/PrimoTours/Old Objects/allPaxFirstNameFields'

2017-11-28 19:00:47 - [TEST_STEP][PASSED] - Statement - repObj.findProperty("xpath").setValue(xpathval): null

2017-11-28 19:00:47 - [TEST_STEP][PASSED] - setText: Text 'Skovfo AUT' is set on object 'Object Repository/PrimoTours/Old Objects/allPaxFirstNameFields'

2017-11-28 19:00:48 - [MESSAGE][PASSED] - Text 'Skovfo AUT' is set on object 'Object Repository/PrimoTours/Old Objects/allPaxFirstNameFields'

2017-11-28 19:00:48 - [TEST_STEP][PASSED] - Statement - xpathval = paxDetailFields + "[2]/div[contains(@class,"form-group")]/input[@class="form-control paxLastName"]": null

2017-11-28 19:00:48 - [TEST_STEP][PASSED] - Statement - println("ln: " + xpathval): null

2017-11-28 19:00:48 - [TEST_STEP][PASSED] - Statement - repObj = com.kms.katalon.core.testobject.ObjectRepository.findTestObject(Object Repository/PrimoTours/Old Objects/allPaxLastNameFields): Finding Test Object with id 'Object Repository/PrimoTours/Old Objects/allPaxLastNameFields'

2017-11-28 19:00:48 - [TEST_STEP][PASSED] - Statement - repObj.findProperty("xpath").setValue(xpathval): null

2017-11-28 19:00:48 - [TEST_STEP][PASSED] - setText: Text 'Kasper' is set on object 'Object Repository/PrimoTours/Old Objects/allPaxLastNameFields'

2017-11-28 19:00:48 - [MESSAGE][PASSED] - Text 'Kasper' is set on object 'Object Repository/PrimoTours/Old Objects/allPaxLastNameFields'

2017-11-28 19:00:48 - [TEST_STEP][PASSED] - Statement - paxInRoomXpath = roomContainerXpath + "[" + i + "]/div[@class="row"]/div[@class="col-md-12"]/div[@class="row"]": null

2017-11-28 19:00:48 - [TEST_STEP][PASSED] - Statement - paxInRoomCount = driver.findElements(org.openqa.selenium.By.xpath(paxInRoomXpath)).size(): null

2017-11-28 19:00:48 - [TEST_STEP][PASSED] - Statement - println("paxInRoomCount=" + paxInRoomCount): null

2017-11-28 19:00:48 - [TEST_STEP][PASSED] - Statement - For ([j = 1, j <= paxInRoomCount, (j++)]): Text 'Magnus' is set on object 'Object Repository/PrimoTours/Old Objects/allPaxLastNameFields'

2017-11-28 19:00:48 - [TEST_STEP][PASSED] - Statement - If (i == 1 & j == 1): null

2017-11-28 19:00:48 - [TEST_STEP][PASSED] - Statement - randomPaxIndex = java.lang.Math.abs(new java.util.Random().nextInt() % excelRowNo) + 1: null

2017-11-28 19:00:48 - [TEST_STEP][PASSED] - Statement - println(randomPaxIndex): null

2017-11-28 19:00:48 - [TEST_STEP][PASSED] - Statement - fname = rawData.getValue("FirstName", randomPaxIndex) + " AUT": null

2017-11-28 19:00:48 - [TEST_STEP][PASSED] - Statement - lname = rawData.getValue("LastName", randomPaxIndex): null

2017-11-28 19:00:48 - [TEST_STEP][PASSED] - Statement - pgender = rawData.getValue("Gender", randomPaxIndex): null

2017-11-28 19:00:48 - [TEST_STEP][PASSED] - Statement - pday = rawData.getValue("Day DOB", randomPaxIndex): null

2017-11-28 19:00:48 - [TEST_STEP][PASSED] - Statement - pmonth = rawData.getValue("Month DOB", randomPaxIndex): null

2017-11-28 19:00:48 - [TEST_STEP][PASSED] - Statement - pyear = rawData.getValue("Year DOB", randomPaxIndex): null

2017-11-28 19:00:48 - [TEST_STEP][PASSED] - Statement - paxDetailFields = paxInRoomXpath + "[" + j + "]/div[@class="col-md-x col-md-9"]/div[@class="row paxContainer"]/div[@class="col-md-5"]": null

2017-11-28 19:00:48 - [TEST_STEP][PASSED] - Statement - xpathval = paxDetailFields + "[1]/div[contains(@class,"form-group")]/input[@class="form-control paxFirstName"]": null

2017-11-28 19:00:48 - [TEST_STEP][PASSED] - Statement - println("fn: " + xpathval): null

2017-11-28 19:00:48 - [TEST_STEP][PASSED] - Statement - repObj = com.kms.katalon.core.testobject.ObjectRepository.findTestObject(Object Repository/PrimoTours/Old Objects/allPaxFirstNameFields): Finding Test Object with id 'Object Repository/PrimoTours/Old Objects/allPaxFirstNameFields'

2017-11-28 19:00:48 - [TEST_STEP][PASSED] - Statement - repObj.findProperty("xpath").setValue(xpathval): null

2017-11-28 19:00:48 - [TEST_STEP][PASSED] - setText: Text 'Pedersen AUT' is set on object 'Object Repository/PrimoTours/Old Objects/allPaxFirstNameFields'

2017-11-28 19:00:48 - [MESSAGE][PASSED] - Text 'Pedersen AUT' is set on object 'Object Repository/PrimoTours/Old Objects/allPaxFirstNameFields'

2017-11-28 19:00:48 - [TEST_STEP][PASSED] - Statement - xpathval = paxDetailFields + "[2]/div[contains(@class,"form-group")]/input[@class="form-control paxLastName"]": null

2017-11-28 19:00:48 - [TEST_STEP][PASSED] - Statement - println("ln: " + xpathval): null

2017-11-28 19:00:48 - [TEST_STEP][PASSED] - Statement - repObj = com.kms.katalon.core.testobject.ObjectRepository.findTestObject(Object Repository/PrimoTours/Old Objects/allPaxLastNameFields): Finding Test Object with id 'Object Repository/PrimoTours/Old Objects/allPaxLastNameFields'

2017-11-28 19:00:48 - [TEST_STEP][PASSED] - Statement - repObj.findProperty("xpath").setValue(xpathval): null

2017-11-28 19:00:48 - [TEST_STEP][PASSED] - setText: Text 'Jeanie' is set on object 'Object Repository/PrimoTours/Old Objects/allPaxLastNameFields'

2017-11-28 19:00:49 - [MESSAGE][PASSED] - Text 'Jeanie' is set on object 'Object Repository/PrimoTours/Old Objects/allPaxLastNameFields'

2017-11-28 19:00:49 - [TEST_STEP][PASSED] - Statement - If (i == 1 & j == 1): null

2017-11-28 19:00:49 - [TEST_STEP][PASSED] - Statement - randomPaxIndex = java.lang.Math.abs(new java.util.Random().nextInt() % excelRowNo) + 1: null

2017-11-28 19:00:49 - [TEST_STEP][PASSED] - Statement - println(randomPaxIndex): null

2017-11-28 19:00:49 - [TEST_STEP][PASSED] - Statement - fname = rawData.getValue("FirstName", randomPaxIndex) + " AUT": null

2017-11-28 19:00:49 - [TEST_STEP][PASSED] - Statement - lname = rawData.getValue("LastName", randomPaxIndex): null

2017-11-28 19:00:49 - [TEST_STEP][PASSED] - Statement - pgender = rawData.getValue("Gender", randomPaxIndex): null

2017-11-28 19:00:49 - [TEST_STEP][PASSED] - Statement - pday = rawData.getValue("Day DOB", randomPaxIndex): null

2017-11-28 19:00:49 - [TEST_STEP][PASSED] - Statement - pmonth = rawData.getValue("Month DOB", randomPaxIndex): null

2017-11-28 19:00:49 - [TEST_STEP][PASSED] - Statement - pyear = rawData.getValue("Year DOB", randomPaxIndex): null

2017-11-28 19:00:49 - [TEST_STEP][PASSED] - Statement - paxDetailFields = paxInRoomXpath + "[" + j + "]/div[@class="col-md-x col-md-9"]/div[@class="row paxContainer"]/div[@class="col-md-5"]": null

2017-11-28 19:00:49 - [TEST_STEP][PASSED] - Statement - xpathval = paxDetailFields + "[1]/div[contains(@class,"form-group")]/input[@class="form-control paxFirstName"]": null

2017-11-28 19:00:49 - [TEST_STEP][PASSED] - Statement - println("fn: " + xpathval): null

2017-11-28 19:00:49 - [TEST_STEP][PASSED] - Statement - repObj = com.kms.katalon.core.testobject.ObjectRepository.findTestObject(Object Repository/PrimoTours/Old Objects/allPaxFirstNameFields): Finding Test Object with id 'Object Repository/PrimoTours/Old Objects/allPaxFirstNameFields'

2017-11-28 19:00:49 - [TEST_STEP][PASSED] - Statement - repObj.findProperty("xpath").setValue(xpathval): null

2017-11-28 19:00:49 - [TEST_STEP][PASSED] - setText: Text 'Moeslund AUT' is set on object 'Object Repository/PrimoTours/Old Objects/allPaxFirstNameFields'

2017-11-28 19:00:49 - [MESSAGE][PASSED] - Text 'Moeslund AUT' is set on object 'Object Repository/PrimoTours/Old Objects/allPaxFirstNameFields'

2017-11-28 19:00:49 - [TEST_STEP][PASSED] - Statement - xpathval = paxDetailFields + "[2]/div[contains(@class,"form-group")]/input[@class="form-control paxLastName"]": null

2017-11-28 19:00:49 - [TEST_STEP][PASSED] - Statement - println("ln: " + xpathval): null

2017-11-28 19:00:49 - [TEST_STEP][PASSED] - Statement - repObj = com.kms.katalon.core.testobject.ObjectRepository.findTestObject(Object Repository/PrimoTours/Old Objects/allPaxLastNameFields): Finding Test Object with id 'Object Repository/PrimoTours/Old Objects/allPaxLastNameFields'

2017-11-28 19:00:49 - [TEST_STEP][PASSED] - Statement - repObj.findProperty("xpath").setValue(xpathval): null

2017-11-28 19:00:49 - [TEST_STEP][PASSED] - setText: Text 'Magnus' is set on object 'Object Repository/PrimoTours/Old Objects/allPaxLastNameFields'

2017-11-28 19:00:49 - [MESSAGE][PASSED] - Text 'Magnus' is set on object 'Object Repository/PrimoTours/Old Objects/allPaxLastNameFields'

2017-11-28 19:00:49 - [TEST_STEP][PASSED] - scrollToElement: Scroll to object 'Object Repository/PrimoTours/Old Objects/Coco (1)/PrimoT/SaveBooking2/Success/bookingTotalValue' successfully

2017-11-28 19:00:49 - [MESSAGE][PASSED] - Scroll to object 'Object Repository/PrimoTours/Old Objects/Coco (1)/PrimoT/SaveBooking2/Success/bookingTotalValue' successfully

2017-11-28 19:00:49 - [TEST_STEP][PASSED] - click: Object: 'Object Repository/PrimoTours/Old Objects/Coco (1)/PrimoT/SaveBooking2/Success/bookingTotalValue' is clicked on

2017-11-28 19:00:49 - [MESSAGE][PASSED] - Object: 'Object Repository/PrimoTours/Old Objects/Coco (1)/PrimoT/SaveBooking2/Success/bookingTotalValue' is clicked on

2017-11-28 19:00:49 - [TEST_STEP][PASSED] - scrollToElement: Scroll to object 'Object Repository/PrimoTours/Old Objects/Coco (1)/PrimoT/SaveBooking2/Success/Page_Primo Tours  Danmarks bedste c/i_fa fa-arrow-circle-right' successfully

2017-11-28 19:00:49 - [MESSAGE][PASSED] - Scroll to object 'Object Repository/PrimoTours/Old Objects/Coco (1)/PrimoT/SaveBooking2/Success/Page_Primo Tours  Danmarks bedste c/i_fa fa-arrow-circle-right' successfully

2017-11-28 19:00:49 - [TEST_STEP][PASSED] - waitForElementClickable: Object 'Object Repository/PrimoTours/Old Objects/Coco (1)/PrimoT/SaveBooking2/Success/Page_Primo Tours  Danmarks bedste c/i_fa fa-arrow-circle-right' is clickable

2017-11-28 19:00:50 - [MESSAGE][PASSED] - Object 'Object Repository/PrimoTours/Old Objects/Coco (1)/PrimoT/SaveBooking2/Success/Page_Primo Tours  Danmarks bedste c/i_fa fa-arrow-circle-right' is clickable

2017-11-28 19:00:50 - [TEST_STEP][PASSED] - waitForElementVisible: Object 'Object Repository/PrimoTours/Old Objects/Coco (1)/PrimoT/SaveBooking2/Success/Page_Primo Tours  Danmarks bedste c/i_fa fa-arrow-circle-right' is visible

2017-11-28 19:00:50 - [MESSAGE][PASSED] - Object 'Object Repository/PrimoTours/Old Objects/Coco (1)/PrimoT/SaveBooking2/Success/Page_Primo Tours  Danmarks bedste c/i_fa fa-arrow-circle-right' is visible

2017-11-28 19:00:50 - [TEST_STEP][PASSED] - scrollToElement: Scroll to object 'Object Repository/PrimoTours/Old Objects/Coco (1)/PrimoT/SaveBooking2/Success/Page_Primo Tours  Danmarks bedste c/i_fa fa-arrow-circle-right' successfully

2017-11-28 19:00:50 - [MESSAGE][PASSED] - Scroll to object 'Object Repository/PrimoTours/Old Objects/Coco (1)/PrimoT/SaveBooking2/Success/Page_Primo Tours  Danmarks bedste c/i_fa fa-arrow-circle-right' successfully

2017-11-28 19:00:50 - [TEST_STEP][PASSED] - click: Object: 'Object Repository/PrimoTours/Old Objects/Coco (1)/PrimoT/SaveBooking2/Success/Page_Primo Tours  Danmarks bedste c/i_fa fa-arrow-circle-right' is clicked on

2017-11-28 19:00:50 - [MESSAGE][PASSED] - Object: 'Object Repository/PrimoTours/Old Objects/Coco (1)/PrimoT/SaveBooking2/Success/Page_Primo Tours  Danmarks bedste c/i_fa fa-arrow-circle-right' is clicked on

2017-11-28 19:00:50 - [TEST_STEP][PASSED] - delay: Delayed 1 second(s)

2017-11-28 19:00:51 - [MESSAGE][PASSED] - Delayed 1 second(s)

2017-11-28 19:00:51 - [TEST_STEP][PASSED] - waitForElementNotVisible: Object 'Object Repository/PrimoTours/Old Objects/CCenter/pageLoaderOverlayLayer' is NOT visible

2017-11-28 19:00:52 - [MESSAGE][PASSED] - Object 'Object Repository/PrimoTours/Old Objects/CCenter/pageLoaderOverlayLayer' is NOT visible

2017-11-28 19:00:52 - [TEST_STEP][PASSED] - scrollToElement: Scroll to object 'Object Repository/PrimoTours/Old Objects/Coco/PrimoT/Ins2/Page_Primo Tours  Danmarks bedste c/travelInsuranceFirstPaxSelector' successfully

2017-11-28 19:00:52 - [MESSAGE][PASSED] - Scroll to object 'Object Repository/PrimoTours/Old Objects/Coco/PrimoT/Ins2/Page_Primo Tours  Danmarks bedste c/travelInsuranceFirstPaxSelector' successfully

2017-11-28 19:00:52 - [TEST_STEP][PASSED] - waitForElementPresent: Object 'Object Repository/PrimoTours/Old Objects/Coco/PrimoT/Ins2/Page_Primo Tours  Danmarks bedste c/travelInsuranceFirstPaxSelector' is present

2017-11-28 19:00:52 - [MESSAGE][PASSED] - Object 'Object Repository/PrimoTours/Old Objects/Coco/PrimoT/Ins2/Page_Primo Tours  Danmarks bedste c/travelInsuranceFirstPaxSelector' is present

2017-11-28 19:00:52 - [TEST_STEP][PASSED] - waitForElementVisible: Object 'Object Repository/PrimoTours/Old Objects/Coco/PrimoT/Ins2/Page_Primo Tours  Danmarks bedste c/travelInsuranceFirstPaxSelector' is visible

2017-11-28 19:00:52 - [MESSAGE][PASSED] - Object 'Object Repository/PrimoTours/Old Objects/Coco/PrimoT/Ins2/Page_Primo Tours  Danmarks bedste c/travelInsuranceFirstPaxSelector' is visible

2017-11-28 19:00:52 - [TEST_STEP][PASSED] - waitForElementClickable: Object 'Object Repository/PrimoTours/Old Objects/Coco/PrimoT/Ins2/Page_Primo Tours  Danmarks bedste c/travelInsuranceFirstPaxSelector' is clickable

2017-11-28 19:00:52 - [MESSAGE][PASSED] - Object 'Object Repository/PrimoTours/Old Objects/Coco/PrimoT/Ins2/Page_Primo Tours  Danmarks bedste c/travelInsuranceFirstPaxSelector' is clickable

2017-11-28 19:00:52 - [TEST_STEP][PASSED] - click: Object: 'Object Repository/PrimoTours/Old Objects/Coco/PrimoT/Ins2/Page_Primo Tours  Danmarks bedste c/travelInsuranceFirstPaxSelector' is clicked on

2017-11-28 19:00:52 - [MESSAGE][PASSED] - Object: 'Object Repository/PrimoTours/Old Objects/Coco/PrimoT/Ins2/Page_Primo Tours  Danmarks bedste c/travelInsuranceFirstPaxSelector' is clicked on

2017-11-28 19:00:52 - [TEST_STEP][PASSED] - click: Object: 'Object Repository/PrimoTours/Old Objects/Coco/PrimoT/Ins2/Page_Primo Tours  Danmarks bedste c/li_Har selv forsikring - kr. 0' is clicked on

2017-11-28 19:00:53 - [MESSAGE][PASSED] - Object: 'Object Repository/PrimoTours/Old Objects/Coco/PrimoT/Ins2/Page_Primo Tours  Danmarks bedste c/li_Har selv forsikring - kr. 0' is clicked on

2017-11-28 19:00:53 - [TEST_STEP][NOT_RUN] - click: NOT_RUN: click

2017-11-28 19:00:53 - [MESSAGE][NOT_RUN] - NOT_RUN: click

2017-11-28 19:00:53 - [TEST_STEP][NOT_RUN] - scrollToElement: NOT_RUN: scrollToElement

2017-11-28 19:00:53 - [MESSAGE][NOT_RUN] - NOT_RUN: scrollToElement

2017-11-28 19:00:53 - [TEST_STEP][NOT_RUN] - click: NOT_RUN: click

2017-11-28 19:00:53 - [MESSAGE][NOT_RUN] - NOT_RUN: click

2017-11-28 19:00:53 - [TEST_STEP][PASSED] - waitForElementVisible: Object 'Object Repository/PrimoTours/Old Objects/Coco (1)/PrimoT/SaveBooking2/Page_Primo Tours  Danmarks bedste c/individualInsuranceCheckbox' is visible

2017-11-28 19:00:53 - [MESSAGE][PASSED] - Object 'Object Repository/PrimoTours/Old Objects/Coco (1)/PrimoT/SaveBooking2/Page_Primo Tours  Danmarks bedste c/individualInsuranceCheckbox' is visible

2017-11-28 19:00:53 - [TEST_STEP][PASSED] - scrollToElement: Scroll to object 'Object Repository/PrimoTours/Old Objects/Coco (1)/PrimoT/SaveBooking2/Page_Primo Tours  Danmarks bedste c/individualInsuranceCheckbox' successfully

2017-11-28 19:00:53 - [MESSAGE][PASSED] - Scroll to object 'Object Repository/PrimoTours/Old Objects/Coco (1)/PrimoT/SaveBooking2/Page_Primo Tours  Danmarks bedste c/individualInsuranceCheckbox' successfully

2017-11-28 19:00:53 - [TEST_STEP][PASSED] - click: Object: 'Object Repository/PrimoTours/Old Objects/Coco (1)/PrimoT/SaveBooking2/Page_Primo Tours  Danmarks bedste c/individualInsuranceCheckbox' is clicked on

2017-11-28 19:00:53 - [MESSAGE][PASSED] - Object: 'Object Repository/PrimoTours/Old Objects/Coco (1)/PrimoT/SaveBooking2/Page_Primo Tours  Danmarks bedste c/individualInsuranceCheckbox' is clicked on

2017-11-28 19:00:53 - [TEST_STEP][PASSED] - scrollToElement: Scroll to object 'Object Repository/PrimoTours/Old Objects/Coco (1)/PrimoT/SaveBooking2/Success/firstProdCategIndividualSelectionRadioB' successfully

2017-11-28 19:00:53 - [MESSAGE][PASSED] - Scroll to object 'Object Repository/PrimoTours/Old Objects/Coco (1)/PrimoT/SaveBooking2/Success/firstProdCategIndividualSelectionRadioB' successfully

2017-11-28 19:00:53 - [TEST_STEP][PASSED] - waitForElementClickable: Object 'Object Repository/PrimoTours/Old Objects/Coco (1)/PrimoT/SaveBooking2/Success/firstProdCategIndividualSelectionRadioB' is clickable

2017-11-28 19:00:53 - [MESSAGE][PASSED] - Object 'Object Repository/PrimoTours/Old Objects/Coco (1)/PrimoT/SaveBooking2/Success/firstProdCategIndividualSelectionRadioB' is clickable

2017-11-28 19:00:53 - [TEST_STEP][PASSED] - scrollToElement: Scroll to object 'Object Repository/PrimoTours/Old Objects/Coco (1)/PrimoT/SaveBooking2/Success/firstProdCategIndividualSelectionRadioB' successfully

2017-11-28 19:00:53 - [MESSAGE][PASSED] - Scroll to object 'Object Repository/PrimoTours/Old Objects/Coco (1)/PrimoT/SaveBooking2/Success/firstProdCategIndividualSelectionRadioB' successfully

2017-11-28 19:00:53 - [TEST_STEP][PASSED] - click: Object: 'Object Repository/PrimoTours/Old Objects/Coco (1)/PrimoT/SaveBooking2/Success/firstProdCategIndividualSelectionRadioB' is clicked on

2017-11-28 19:00:53 - [MESSAGE][PASSED] - Object: 'Object Repository/PrimoTours/Old Objects/Coco (1)/PrimoT/SaveBooking2/Success/firstProdCategIndividualSelectionRadioB' is clicked on

2017-11-28 19:00:53 - [TEST_STEP][PASSED] - scrollToElement: Scroll to object 'Object Repository/PrimoTours/Old Objects/Coco (1)/PrimoT/SaveBooking2/Success/firstProdCategSelectForAllPaxCheckbox' successfully

2017-11-28 19:00:53 - [MESSAGE][PASSED] - Scroll to object 'Object Repository/PrimoTours/Old Objects/Coco (1)/PrimoT/SaveBooking2/Success/firstProdCategSelectForAllPaxCheckbox' successfully

2017-11-28 19:00:53 - [TEST_STEP][PASSED] - waitForElementClickable: Object 'Object Repository/PrimoTours/Old Objects/Coco (1)/PrimoT/SaveBooking2/Success/firstProdCategSelectForAllPaxCheckbox' is clickable

2017-11-28 19:00:53 - [MESSAGE][PASSED] - Object 'Object Repository/PrimoTours/Old Objects/Coco (1)/PrimoT/SaveBooking2/Success/firstProdCategSelectForAllPaxCheckbox' is clickable

2017-11-28 19:00:53 - [TEST_STEP][PASSED] - click: Object: 'Object Repository/PrimoTours/Old Objects/Coco (1)/PrimoT/SaveBooking2/Success/firstProdCategSelectForAllPaxCheckbox' is clicked on

2017-11-28 19:00:54 - [MESSAGE][PASSED] - Object: 'Object Repository/PrimoTours/Old Objects/Coco (1)/PrimoT/SaveBooking2/Success/firstProdCategSelectForAllPaxCheckbox' is clicked on

2017-11-28 19:00:54 - [TEST_STEP][NOT_RUN] - scrollToElement: NOT_RUN: scrollToElement

2017-11-28 19:00:54 - [MESSAGE][NOT_RUN] - NOT_RUN: scrollToElement

2017-11-28 19:00:54 - [TEST_STEP][NOT_RUN] - scrollToElement: NOT_RUN: scrollToElement

2017-11-28 19:00:54 - [MESSAGE][NOT_RUN] - NOT_RUN: scrollToElement

2017-11-28 19:00:54 - [TEST_STEP][NOT_RUN] - click: NOT_RUN: click

2017-11-28 19:00:54 - [MESSAGE][NOT_RUN] - NOT_RUN: click

2017-11-28 19:00:54 - [TEST_STEP][PASSED] - scrollToElement: Scroll to object 'Object Repository/PrimoTours/ConfirmationPage/agreeTermsAndCondCheckbox' successfully

2017-11-28 19:00:54 - [MESSAGE][PASSED] - Scroll to object 'Object Repository/PrimoTours/ConfirmationPage/agreeTermsAndCondCheckbox' successfully

2017-11-28 19:00:54 - [TEST_STEP][PASSED] - click: Object: 'Object Repository/PrimoTours/ConfirmationPage/agreeTermsAndCondCheckbox' is clicked on

2017-11-28 19:00:54 - [MESSAGE][PASSED] - Object: 'Object Repository/PrimoTours/ConfirmationPage/agreeTermsAndCondCheckbox' is clicked on

2017-11-28 19:00:54 - [TEST_STEP][PASSED] - waitForElementClickable: Object 'Object Repository/PrimoTours/ConfirmationPage/placeBookingButton' is clickable

2017-11-28 19:00:54 - [MESSAGE][PASSED] - Object 'Object Repository/PrimoTours/ConfirmationPage/placeBookingButton' is clickable

2017-11-28 19:00:54 - [TEST_STEP][PASSED] - scrollToElement: Scroll to object 'Object Repository/PrimoTours/ConfirmationPage/placeBookingButton' successfully

2017-11-28 19:00:54 - [MESSAGE][PASSED] - Scroll to object 'Object Repository/PrimoTours/ConfirmationPage/placeBookingButton' successfully

2017-11-28 19:00:54 - [TEST_STEP][PASSED] - Statement - Try: Object: 'Object Repository/PrimoTours/ConfirmationPage/placeBookingButton' is clicked on

2017-11-28 19:00:54 - [TEST_STEP][PASSED] - click: Object: 'Object Repository/PrimoTours/ConfirmationPage/placeBookingButton' is clicked on

2017-11-28 19:00:54 - [MESSAGE][PASSED] - Object: 'Object Repository/PrimoTours/ConfirmationPage/placeBookingButton' is clicked on

2017-11-28 19:00:54 - [TEST_STEP][PASSED] - delay: Delayed 2 second(s)

2017-11-28 19:00:56 - [MESSAGE][PASSED] - Delayed 2 second(s)

2017-11-28 19:00:56 - [TEST_STEP][PASSED] - waitForPageLoad: Wait for page load successfully

2017-11-28 19:00:56 - [MESSAGE][PASSED] - Wait for page load successfully

2017-11-28 19:00:56 - [TEST_STEP][PASSED] - waitForJQueryLoad: jQuery is ready.

2017-11-28 19:00:57 - [MESSAGE][PASSED] - jQuery is ready.

2017-11-28 19:00:57 - [TEST_STEP][NOT_RUN] - waitForElementPresent: NOT_RUN: waitForElementPresent

2017-11-28 19:00:57 - [MESSAGE][NOT_RUN] - NOT_RUN: waitForElementPresent

2017-11-28 19:00:57 - [TEST_STEP][NOT_RUN] - waitForElementNotVisible: NOT_RUN: waitForElementNotVisible

2017-11-28 19:00:57 - [MESSAGE][NOT_RUN] - NOT_RUN: waitForElementNotVisible

2017-11-28 19:00:57 - [TEST_STEP][PASSED] - waitForElementPresent: Object 'Object Repository/PrimoTours/Old Objects/ThankYouPage/bookingNoContainer' is present

2017-11-28 19:01:01 - [MESSAGE][PASSED] - Object 'Object Repository/PrimoTours/Old Objects/ThankYouPage/bookingNoContainer' is present

2017-11-28 19:01:01 - [TEST_STEP][PASSED] - waitForElementClickable: Object 'Object Repository/PrimoTours/Old Objects/ThankYouPage/bookingNoContainer' is clickable

2017-11-28 19:01:01 - [MESSAGE][PASSED] - Object 'Object Repository/PrimoTours/Old Objects/ThankYouPage/bookingNoContainer' is clickable

2017-11-28 19:01:01 - [TEST_STEP][PASSED] - verifyElementVisible: Object 'Object Repository/PrimoTours/Old Objects/ThankYouPage/bookingNoContainer' is visible

2017-11-28 19:01:01 - [MESSAGE][PASSED] - Object 'Object Repository/PrimoTours/Old Objects/ThankYouPage/bookingNoContainer' is visible

2017-11-28 19:01:01 - [TEST_STEP][PASSED] - verifyElementVisible: Object 'Object Repository/PrimoTours/Old Objects/ThankYouPage/bookingTotalInfo' is visible

2017-11-28 19:01:01 - [MESSAGE][PASSED] - Object 'Object Repository/PrimoTours/Old Objects/ThankYouPage/bookingTotalInfo' is visible

2017-11-28 19:01:01 - [TEST_STEP][PASSED] - verifyElementVisible: Object 'Object Repository/PrimoTours/Old Objects/ThankYouPage/bookingTotalPriceBar' is visible

2017-11-28 19:01:02 - [MESSAGE][PASSED] - Object 'Object Repository/PrimoTours/Old Objects/ThankYouPage/bookingTotalPriceBar' is visible

2017-11-28 19:01:02 - [TEST_STEP][PASSED] - verifyElementVisible: Object 'Object Repository/PrimoTours/Old Objects/ThankYouPage/printTicketSpan' is visible

2017-11-28 19:01:02 - [MESSAGE][PASSED] - Object 'Object Repository/PrimoTours/Old Objects/ThankYouPage/printTicketSpan' is visible

2017-11-28 19:01:02 - [TEST_STEP][PASSED] - waitForElementClickable: Object 'Object Repository/PrimoTours/Old Objects/ThankYouPage/printTicketSpan' is clickable

2017-11-28 19:01:02 - [MESSAGE][PASSED] - Object 'Object Repository/PrimoTours/Old Objects/ThankYouPage/printTicketSpan' is clickable

2017-11-28 19:01:02 - [TEST_STEP][FAILED] - Statement - Try: Unable to click on object 'Object Repository/PrimoTours/Old Objects/ThankYouPage/printTicketSpan' (Root cause: org.openqa.selenium.WebDriverException: unknown error: Element <span id="printTicketSpan" data-bind="text: tourpaq.bookingEngine.languageStaticResources.PrintReceipt">...</span> is not clickable at point (508, 319). Other element would receive the click: <div class="se-pre-con" id="booking-overlay" style="opacity: 0.313506;"></div>
  (Session info: chrome=62.0.3202.94)
  (Driver info: chromedriver=2.33.506120 (e3e53437346286c0bc2d2dc9aa4915ba81d9023f),platform=Windows NT 6.3.9600 x86_64) (WARNING: The server did not provide any stacktrace information)
Command duration or timeout: 0 milliseconds
Build info: version: '3.7.1', revision: '8a0099a', time: '2017-11-06T21:07:36.161Z'
System info: host: 'NEACSUNEW-PC', ip: '10.10.10.211', os.name: 'Windows 8.1', os.arch: 'amd64', os.version: '6.3', java.version: '1.8.0_102'
Driver info: com.kms.katalon.selenium.driver.CChromeDriver
Capabilities {acceptSslCerts: true, applicationCacheEnabled: false, browserConnectionEnabled: false, browserName: chrome, chrome: {chromedriverVersion: 2.33.506120 (e3e53437346286..., userDataDir: C:\Users\Cornel\AppData\Loc...}, cssSelectorsEnabled: true, databaseEnabled: false, handlesAlerts: true, hasTouchScreen: false, javascriptEnabled: true, locationContextEnabled: true, mobileEmulationEnabled: false, nativeEvents: true, networkConnectionEnabled: false, pageLoadStrategy: normal, platform: XP, platformName: XP, rotatable: false, setWindowRect: true, takesHeapSnapshot: true, takesScreenshot: true, unexpectedAlertBehaviour: , unhandledPromptBehavior: , version: 62.0.3202.94, webStorageEnabled: true}
Session ID: 8b504480950047de6533e6b41af2b5e4)

2017-11-28 19:01:02 - [TEST_STEP][FAILED] - click: Unable to click on object 'Object Repository/PrimoTours/Old Objects/ThankYouPage/printTicketSpan' (Root cause: org.openqa.selenium.WebDriverException: unknown error: Element <span id="printTicketSpan" data-bind="text: tourpaq.bookingEngine.languageStaticResources.PrintReceipt">...</span> is not clickable at point (508, 319). Other element would receive the click: <div class="se-pre-con" id="booking-overlay" style="opacity: 0.313506;"></div>
  (Session info: chrome=62.0.3202.94)
  (Driver info: chromedriver=2.33.506120 (e3e53437346286c0bc2d2dc9aa4915ba81d9023f),platform=Windows NT 6.3.9600 x86_64) (WARNING: The server did not provide any stacktrace information)
Command duration or timeout: 0 milliseconds
Build info: version: '3.7.1', revision: '8a0099a', time: '2017-11-06T21:07:36.161Z'
System info: host: 'NEACSUNEW-PC', ip: '10.10.10.211', os.name: 'Windows 8.1', os.arch: 'amd64', os.version: '6.3', java.version: '1.8.0_102'
Driver info: com.kms.katalon.selenium.driver.CChromeDriver
Capabilities {acceptSslCerts: true, applicationCacheEnabled: false, browserConnectionEnabled: false, browserName: chrome, chrome: {chromedriverVersion: 2.33.506120 (e3e53437346286..., userDataDir: C:\Users\Cornel\AppData\Loc...}, cssSelectorsEnabled: true, databaseEnabled: false, handlesAlerts: true, hasTouchScreen: false, javascriptEnabled: true, locationContextEnabled: true, mobileEmulationEnabled: false, nativeEvents: true, networkConnectionEnabled: false, pageLoadStrategy: normal, platform: XP, platformName: XP, rotatable: false, setWindowRect: true, takesHeapSnapshot: true, takesScreenshot: true, unexpectedAlertBehaviour: , unhandledPromptBehavior: , version: 62.0.3202.94, webStorageEnabled: true}
Session ID: 8b504480950047de6533e6b41af2b5e4)

2017-11-28 19:01:02 - [MESSAGE][FAILED] - Unable to click on object 'Object Repository/PrimoTours/Old Objects/ThankYouPage/printTicketSpan' (Root cause: org.openqa.selenium.WebDriverException: unknown error: Element <span id="printTicketSpan" data-bind="text: tourpaq.bookingEngine.languageStaticResources.PrintReceipt">...</span> is not clickable at point (508, 319). Other element would receive the click: <div class="se-pre-con" id="booking-overlay" style="opacity: 0.313506;"></div>
  (Session info: chrome=62.0.3202.94)
  (Driver info: chromedriver=2.33.506120 (e3e53437346286c0bc2d2dc9aa4915ba81d9023f),platform=Windows NT 6.3.9600 x86_64) (WARNING: The server did not provide any stacktrace information)
Command duration or timeout: 0 milliseconds
Build info: version: '3.7.1', revision: '8a0099a', time: '2017-11-06T21:07:36.161Z'
System info: host: 'NEACSUNEW-PC', ip: '10.10.10.211', os.name: 'Windows 8.1', os.arch: 'amd64', os.version: '6.3', java.version: '1.8.0_102'
Driver info: com.kms.katalon.selenium.driver.CChromeDriver
Capabilities {acceptSslCerts: true, applicationCacheEnabled: false, browserConnectionEnabled: false, browserName: chrome, chrome: {chromedriverVersion: 2.33.506120 (e3e53437346286..., userDataDir: C:\Users\Cornel\AppData\Loc...}, cssSelectorsEnabled: true, databaseEnabled: false, handlesAlerts: true, hasTouchScreen: false, javascriptEnabled: true, locationContextEnabled: true, mobileEmulationEnabled: false, nativeEvents: true, networkConnectionEnabled: false, pageLoadStrategy: normal, platform: XP, platformName: XP, rotatable: false, setWindowRect: true, takesHeapSnapshot: true, takesScreenshot: true, unexpectedAlertBehaviour: , unhandledPromptBehavior: , version: 62.0.3202.94, webStorageEnabled: true}
Session ID: 8b504480950047de6533e6b41af2b5e4)
[[ATTACHMENT|D:\\Software testing\\Tourpaq\\Automated Katalon tests\\Primo WB test\\Reports\\WB Primo From Excel URLs\\20171128_185633\\1511888462293.png]]

2017-11-28 19:01:02 - [TEST_STEP][PASSED] - Statement - Catch (Exception e): Object: 'Object Repository/PrimoTours/Old Objects/ThankYouPage/printTicketSpan' is clicked on

2017-11-28 19:01:02 - [TEST_STEP][PASSED] - click: Object: 'Object Repository/PrimoTours/Old Objects/ThankYouPage/printTicketSpan' is clicked on

2017-11-28 19:01:08 - [MESSAGE][PASSED] - Object: 'Object Repository/PrimoTours/Old Objects/ThankYouPage/printTicketSpan' is clicked on

2017-11-28 19:01:08 - [TEST_STEP][PASSED] - delay: Delayed 2 second(s)

2017-11-28 19:01:10 - [MESSAGE][PASSED] - Delayed 2 second(s)

2017-11-28 19:01:10 - [TEST_STEP][PASSED] - waitForElementVisible: Object 'Object Repository/PrimoTours/Old Objects/ThankYouPage/cCenterButton' is visible

2017-11-28 19:01:10 - [MESSAGE][PASSED] - Object 'Object Repository/PrimoTours/Old Objects/ThankYouPage/cCenterButton' is visible

2017-11-28 19:01:10 - [TEST_STEP][PASSED] - waitForElementClickable: Object 'Object Repository/PrimoTours/Old Objects/ThankYouPage/cCenterButton' is clickable

2017-11-28 19:01:10 - [MESSAGE][PASSED] - Object 'Object Repository/PrimoTours/Old Objects/ThankYouPage/cCenterButton' is clickable

2017-11-28 19:01:10 - [TEST_STEP][PASSED] - click: Object: 'Object Repository/PrimoTours/Old Objects/ThankYouPage/cCenterButton' is clicked on

2017-11-28 19:01:10 - [MESSAGE][PASSED] - Object: 'Object Repository/PrimoTours/Old Objects/ThankYouPage/cCenterButton' is clicked on

2017-11-28 19:01:10 - [TEST_STEP][PASSED] - waitForPageLoad: Wait for page load successfully

2017-11-28 19:01:10 - [MESSAGE][PASSED] - Wait for page load successfully

2017-11-28 19:01:10 - [TEST_STEP][PASSED] - waitForJQueryLoad: jQuery is ready.

2017-11-28 19:01:10 - [MESSAGE][PASSED] - jQuery is ready.

2017-11-28 19:01:10 - [TEST_STEP][PASSED] - waitForElementPresent: Object 'Object Repository/PrimoTours/Old Objects/CCenter/pageLoaderOverlayLayer' is present

2017-11-28 19:01:10 - [MESSAGE][PASSED] - Object 'Object Repository/PrimoTours/Old Objects/CCenter/pageLoaderOverlayLayer' is present

2017-11-28 19:01:10 - [TEST_STEP][PASSED] - waitForElementNotVisible: Object 'Object Repository/PrimoTours/Old Objects/CCenter/pageLoaderOverlayLayer' is NOT visible

2017-11-28 19:01:11 - [MESSAGE][PASSED] - Object 'Object Repository/PrimoTours/Old Objects/CCenter/pageLoaderOverlayLayer' is NOT visible

2017-11-28 19:01:11 - [TEST_STEP][PASSED] - verifyElementVisible: Object 'Object Repository/PrimoTours/Old Objects/ThankYouPage/bookingNoContainer' is visible

2017-11-28 19:01:11 - [MESSAGE][PASSED] - Object 'Object Repository/PrimoTours/Old Objects/ThankYouPage/bookingNoContainer' is visible

2017-11-28 19:01:11 - [TEST_STEP][PASSED] - verifyElementVisible: Object 'Object Repository/PrimoTours/Old Objects/ThankYouPage/bookingTotalPriceBar' is visible

2017-11-28 19:01:11 - [MESSAGE][PASSED] - Object 'Object Repository/PrimoTours/Old Objects/ThankYouPage/bookingTotalPriceBar' is visible

2017-11-28 19:01:11 - [TEST_STEP][PASSED] - delay: Delayed 1 second(s)

2017-11-28 19:01:12 - [MESSAGE][PASSED] - Delayed 1 second(s)]]></system-out>
         <system-err><![CDATA[2017-11-28 19:00:34 - [TEST_CASE][FAILED] - Test Cases/PrimoTours/WB Primo/WB Primo staging - place booking - Iteration 8: Unable to click on object 'Object Repository/PrimoTours/Old Objects/ThankYouPage/printTicketSpan' (Root cause: org.openqa.selenium.WebDriverException: unknown error: Element <span id="printTicketSpan" data-bind="text: tourpaq.bookingEngine.languageStaticResources.PrintReceipt">...</span> is not clickable at point (508, 319). Other element would receive the click: <div class="se-pre-con" id="booking-overlay" style="opacity: 0.313506;"></div>
  (Session info: chrome=62.0.3202.94)
  (Driver info: chromedriver=2.33.506120 (e3e53437346286c0bc2d2dc9aa4915ba81d9023f),platform=Windows NT 6.3.9600 x86_64) (WARNING: The server did not provide any stacktrace information)
Command duration or timeout: 0 milliseconds
Build info: version: '3.7.1', revision: '8a0099a', time: '2017-11-06T21:07:36.161Z'
System info: host: 'NEACSUNEW-PC', ip: '10.10.10.211', os.name: 'Windows 8.1', os.arch: 'amd64', os.version: '6.3', java.version: '1.8.0_102'
Driver info: com.kms.katalon.selenium.driver.CChromeDriver
Capabilities {acceptSslCerts: true, applicationCacheEnabled: false, browserConnectionEnabled: false, browserName: chrome, chrome: {chromedriverVersion: 2.33.506120 (e3e53437346286..., userDataDir: C:\Users\Cornel\AppData\Loc...}, cssSelectorsEnabled: true, databaseEnabled: false, handlesAlerts: true, hasTouchScreen: false, javascriptEnabled: true, locationContextEnabled: true, mobileEmulationEnabled: false, nativeEvents: true, networkConnectionEnabled: false, pageLoadStrategy: normal, platform: XP, platformName: XP, rotatable: false, setWindowRect: true, takesHeapSnapshot: true, takesScreenshot: true, unexpectedAlertBehaviour: , unhandledPromptBehavior: , version: 62.0.3202.94, webStorageEnabled: true}
Session ID: 8b504480950047de6533e6b41af2b5e4)]]></system-err>
      </testcase>
      <testcase name="Test Cases/PrimoTours/WB Primo/WB Primo staging - place booking - Iteration 9" classname="Test Cases/PrimoTours/WB Primo/WB Primo staging - place booking" status="PASSED">
         <system-out><![CDATA[2017-11-28 19:01:12 - [TEST_CASE][PASSED] - Test Cases/PrimoTours/WB Primo/WB Primo staging - place booking - Iteration 9: Test Cases/PrimoTours/WB Primo/WB Primo staging - place booking

2017-11-28 19:01:12 - [TEST_STEP][PASSED] - openBrowser: Browser is opened with url: ''

2017-11-28 19:01:12 - [MESSAGE][WARNING] - A browser is already opened. Closing browser and opening a new one

2017-11-28 19:01:14 - [MESSAGE][PASSED] - Browser is opened with url: ''

2017-11-28 19:01:14 - [TEST_STEP][PASSED] - maximizeWindow: Current window maximized

2017-11-28 19:01:16 - [MESSAGE][PASSED] - Current window maximized

2017-11-28 19:01:16 - [TEST_STEP][PASSED] - navigateToUrl: Navigate to 'https://staging-primotours-webbooking.tourpaq.com/DoBooking.aspx?pltaID=1480269&p=2&rno=1&pt=1&a=2&c=0&aa=&ca=' successfully

2017-11-28 19:01:18 - [MESSAGE][PASSED] - Navigate to 'https://staging-primotours-webbooking.tourpaq.com/DoBooking.aspx?pltaID=1480269&p=2&rno=1&pt=1&a=2&c=0&aa=&ca=' successfully

2017-11-28 19:01:18 - [TEST_STEP][PASSED] - setText: Text 'Pedersen AUT' is set on object 'Object Repository/PrimoTours/Old Objects/Coco/PrimoT/Page_Primo Tours  Danmarks bedste c/input_firstName'

2017-11-28 19:01:18 - [MESSAGE][PASSED] - Text 'Pedersen AUT' is set on object 'Object Repository/PrimoTours/Old Objects/Coco/PrimoT/Page_Primo Tours  Danmarks bedste c/input_firstName'

2017-11-28 19:01:18 - [TEST_STEP][PASSED] - setText: Text 'Vibe Dalby' is set on object 'Object Repository/PrimoTours/Old Objects/Coco/PrimoT/Page_Primo Tours  Danmarks bedste c/input_lastName'

2017-11-28 19:01:19 - [MESSAGE][PASSED] - Text 'Vibe Dalby' is set on object 'Object Repository/PrimoTours/Old Objects/Coco/PrimoT/Page_Primo Tours  Danmarks bedste c/input_lastName'

2017-11-28 19:01:19 - [TEST_STEP][PASSED] - setText: Text 'Home address' is set on object 'Object Repository/PrimoTours/Old Objects/Coco/PrimoT/Page_Primo Tours  Danmarks bedste c/input_customerAddress'

2017-11-28 19:01:19 - [MESSAGE][PASSED] - Text 'Home address' is set on object 'Object Repository/PrimoTours/Old Objects/Coco/PrimoT/Page_Primo Tours  Danmarks bedste c/input_customerAddress'

2017-11-28 19:01:19 - [TEST_STEP][PASSED] - setText: Text '6700' is set on object 'Object Repository/PrimoTours/Old Objects/Coco/PrimoT/Page_Primo Tours  Danmarks bedste c/input_customerPostcode'

2017-11-28 19:01:19 - [MESSAGE][PASSED] - Text '6700' is set on object 'Object Repository/PrimoTours/Old Objects/Coco/PrimoT/Page_Primo Tours  Danmarks bedste c/input_customerPostcode'

2017-11-28 19:01:19 - [TEST_STEP][PASSED] - setText: Text 'cornel.neacsu@roweb.ro' is set on object 'Object Repository/PrimoTours/Old Objects/Coco/PrimoT/Page_Primo Tours  Danmarks bedste c/input_customerEmail'

2017-11-28 19:01:19 - [MESSAGE][PASSED] - Text 'cornel.neacsu@roweb.ro' is set on object 'Object Repository/PrimoTours/Old Objects/Coco/PrimoT/Page_Primo Tours  Danmarks bedste c/input_customerEmail'

2017-11-28 19:01:19 - [TEST_STEP][PASSED] - setText: Text '12345678' is set on object 'Object Repository/PrimoTours/Old Objects/Coco/PrimoT/Page_Primo Tours  Danmarks bedste c/input_customerPhone'

2017-11-28 19:01:20 - [MESSAGE][PASSED] - Text '12345678' is set on object 'Object Repository/PrimoTours/Old Objects/Coco/PrimoT/Page_Primo Tours  Danmarks bedste c/input_customerPhone'

2017-11-28 19:01:20 - [TEST_STEP][PASSED] - Statement - excelInfo = ["fname":"", "lname":"", "pgender":"", "pday":"", "pmonth":"", "pyear":""]: null

2017-11-28 19:01:20 - [TEST_STEP][PASSED] - Statement - rawData = com.kms.katalon.core.testdata.TestDataFactory.findTestData("Data Files/WB_Primo/Passenger_details"): Reading excel file with source file 'D:\Software testing\Tourpaq\Automated Katalon tests\Primo WB test\Data Files\Primo_URLs_For_Automated_Test.xls' and sheet name 'Passenger Names'

2017-11-28 19:01:20 - [TEST_STEP][PASSED] - Statement - excelRowNo = rawData.getRowNumbers(): null

2017-11-28 19:01:20 - [TEST_STEP][PASSED] - Statement - randomPaxIndex = 1: null

2017-11-28 19:01:20 - [TEST_STEP][PASSED] - waitForElementClickable: Object 'Object Repository/PrimoTours/Old Objects/Coco/PrimoT/Page_Primo Tours  Danmarks bedste c/input_firstname-0_1' is clickable

2017-11-28 19:01:21 - [MESSAGE][PASSED] - Object 'Object Repository/PrimoTours/Old Objects/Coco/PrimoT/Page_Primo Tours  Danmarks bedste c/input_firstname-0_1' is clickable

2017-11-28 19:01:21 - [TEST_STEP][PASSED] - Statement - driver = com.kms.katalon.core.webui.driver.DriverFactory.getWebDriver(): null

2017-11-28 19:01:21 - [TEST_STEP][PASSED] - Statement - roomContainerXpath = "id("booking")/div[@class="wrapper second-bg"]/div[contains(@class,"container-mx")]/div[@class="row"]/div[@class="col-md-12 roomContainer"]": null

2017-11-28 19:01:21 - [TEST_STEP][PASSED] - Statement - roomsCount = driver.findElements(org.openqa.selenium.By.xpath(roomContainerXpath)).size(): null

2017-11-28 19:01:21 - [TEST_STEP][PASSED] - Statement - println("roomsCount=" + roomsCount): null

2017-11-28 19:01:21 - [TEST_STEP][PASSED] - Statement - For ([i = 1, i <= roomsCount, (i++)]): Text 'Gudrun' is set on object 'Object Repository/PrimoTours/Old Objects/allPaxLastNameFields'

2017-11-28 19:01:21 - [TEST_STEP][PASSED] - Statement - paxInRoomXpath = roomContainerXpath + "[" + i + "]/div[@class="row"]/div[@class="col-md-12"]/div[@class="row"]": null

2017-11-28 19:01:21 - [TEST_STEP][PASSED] - Statement - paxInRoomCount = driver.findElements(org.openqa.selenium.By.xpath(paxInRoomXpath)).size(): null

2017-11-28 19:01:21 - [TEST_STEP][PASSED] - Statement - println("paxInRoomCount=" + paxInRoomCount): null

2017-11-28 19:01:21 - [TEST_STEP][PASSED] - Statement - For ([j = 1, j <= paxInRoomCount, (j++)]): Text 'Gudrun' is set on object 'Object Repository/PrimoTours/Old Objects/allPaxLastNameFields'

2017-11-28 19:01:21 - [TEST_STEP][PASSED] - Statement - If (i == 1 & j == 1): null

2017-11-28 19:01:21 - [TEST_STEP][PASSED] - Statement - <not implemented yet for class: org.codehaus.groovy.ast.stmt.ContinueStatement>: null

2017-11-28 19:01:21 - [TEST_STEP][PASSED] - Statement - If (i == 1 & j == 1): null

2017-11-28 19:01:21 - [TEST_STEP][PASSED] - Statement - randomPaxIndex = java.lang.Math.abs(new java.util.Random().nextInt() % excelRowNo) + 1: null

2017-11-28 19:01:21 - [TEST_STEP][PASSED] - Statement - println(randomPaxIndex): null

2017-11-28 19:01:21 - [TEST_STEP][PASSED] - Statement - fname = rawData.getValue("FirstName", randomPaxIndex) + " AUT": null

2017-11-28 19:01:21 - [TEST_STEP][PASSED] - Statement - lname = rawData.getValue("LastName", randomPaxIndex): null

2017-11-28 19:01:21 - [TEST_STEP][PASSED] - Statement - pgender = rawData.getValue("Gender", randomPaxIndex): null

2017-11-28 19:01:21 - [TEST_STEP][PASSED] - Statement - pday = rawData.getValue("Day DOB", randomPaxIndex): null

2017-11-28 19:01:21 - [TEST_STEP][PASSED] - Statement - pmonth = rawData.getValue("Month DOB", randomPaxIndex): null

2017-11-28 19:01:21 - [TEST_STEP][PASSED] - Statement - pyear = rawData.getValue("Year DOB", randomPaxIndex): null

2017-11-28 19:01:21 - [TEST_STEP][PASSED] - Statement - paxDetailFields = paxInRoomXpath + "[" + j + "]/div[@class="col-md-x col-md-9"]/div[@class="row paxContainer"]/div[@class="col-md-5"]": null

2017-11-28 19:01:21 - [TEST_STEP][PASSED] - Statement - xpathval = paxDetailFields + "[1]/div[contains(@class,"form-group")]/input[@class="form-control paxFirstName"]": null

2017-11-28 19:01:21 - [TEST_STEP][PASSED] - Statement - println("fn: " + xpathval): null

2017-11-28 19:01:21 - [TEST_STEP][PASSED] - Statement - repObj = com.kms.katalon.core.testobject.ObjectRepository.findTestObject(Object Repository/PrimoTours/Old Objects/allPaxFirstNameFields): Finding Test Object with id 'Object Repository/PrimoTours/Old Objects/allPaxFirstNameFields'

2017-11-28 19:01:21 - [TEST_STEP][PASSED] - Statement - repObj.findProperty("xpath").setValue(xpathval): null

2017-11-28 19:01:21 - [TEST_STEP][PASSED] - setText: Text 'Gudmundsdottir AUT' is set on object 'Object Repository/PrimoTours/Old Objects/allPaxFirstNameFields'

2017-11-28 19:01:22 - [MESSAGE][PASSED] - Text 'Gudmundsdottir AUT' is set on object 'Object Repository/PrimoTours/Old Objects/allPaxFirstNameFields'

2017-11-28 19:01:22 - [TEST_STEP][PASSED] - Statement - xpathval = paxDetailFields + "[2]/div[contains(@class,"form-group")]/input[@class="form-control paxLastName"]": null

2017-11-28 19:01:22 - [TEST_STEP][PASSED] - Statement - println("ln: " + xpathval): null

2017-11-28 19:01:22 - [TEST_STEP][PASSED] - Statement - repObj = com.kms.katalon.core.testobject.ObjectRepository.findTestObject(Object Repository/PrimoTours/Old Objects/allPaxLastNameFields): Finding Test Object with id 'Object Repository/PrimoTours/Old Objects/allPaxLastNameFields'

2017-11-28 19:01:22 - [TEST_STEP][PASSED] - Statement - repObj.findProperty("xpath").setValue(xpathval): null

2017-11-28 19:01:22 - [TEST_STEP][PASSED] - setText: Text 'Gudrun' is set on object 'Object Repository/PrimoTours/Old Objects/allPaxLastNameFields'

2017-11-28 19:01:22 - [MESSAGE][PASSED] - Text 'Gudrun' is set on object 'Object Repository/PrimoTours/Old Objects/allPaxLastNameFields'

2017-11-28 19:01:22 - [TEST_STEP][PASSED] - scrollToElement: Scroll to object 'Object Repository/PrimoTours/Old Objects/Coco (1)/PrimoT/SaveBooking2/Success/bookingTotalValue' successfully

2017-11-28 19:01:22 - [MESSAGE][PASSED] - Scroll to object 'Object Repository/PrimoTours/Old Objects/Coco (1)/PrimoT/SaveBooking2/Success/bookingTotalValue' successfully

2017-11-28 19:01:22 - [TEST_STEP][PASSED] - click: Object: 'Object Repository/PrimoTours/Old Objects/Coco (1)/PrimoT/SaveBooking2/Success/bookingTotalValue' is clicked on

2017-11-28 19:01:22 - [MESSAGE][PASSED] - Object: 'Object Repository/PrimoTours/Old Objects/Coco (1)/PrimoT/SaveBooking2/Success/bookingTotalValue' is clicked on

2017-11-28 19:01:22 - [TEST_STEP][PASSED] - scrollToElement: Scroll to object 'Object Repository/PrimoTours/Old Objects/Coco (1)/PrimoT/SaveBooking2/Success/Page_Primo Tours  Danmarks bedste c/i_fa fa-arrow-circle-right' successfully

2017-11-28 19:01:22 - [MESSAGE][PASSED] - Scroll to object 'Object Repository/PrimoTours/Old Objects/Coco (1)/PrimoT/SaveBooking2/Success/Page_Primo Tours  Danmarks bedste c/i_fa fa-arrow-circle-right' successfully

2017-11-28 19:01:22 - [TEST_STEP][PASSED] - waitForElementClickable: Object 'Object Repository/PrimoTours/Old Objects/Coco (1)/PrimoT/SaveBooking2/Success/Page_Primo Tours  Danmarks bedste c/i_fa fa-arrow-circle-right' is clickable

2017-11-28 19:01:22 - [MESSAGE][PASSED] - Object 'Object Repository/PrimoTours/Old Objects/Coco (1)/PrimoT/SaveBooking2/Success/Page_Primo Tours  Danmarks bedste c/i_fa fa-arrow-circle-right' is clickable

2017-11-28 19:01:22 - [TEST_STEP][PASSED] - waitForElementVisible: Object 'Object Repository/PrimoTours/Old Objects/Coco (1)/PrimoT/SaveBooking2/Success/Page_Primo Tours  Danmarks bedste c/i_fa fa-arrow-circle-right' is visible

2017-11-28 19:01:22 - [MESSAGE][PASSED] - Object 'Object Repository/PrimoTours/Old Objects/Coco (1)/PrimoT/SaveBooking2/Success/Page_Primo Tours  Danmarks bedste c/i_fa fa-arrow-circle-right' is visible

2017-11-28 19:01:22 - [TEST_STEP][PASSED] - scrollToElement: Scroll to object 'Object Repository/PrimoTours/Old Objects/Coco (1)/PrimoT/SaveBooking2/Success/Page_Primo Tours  Danmarks bedste c/i_fa fa-arrow-circle-right' successfully

2017-11-28 19:01:22 - [MESSAGE][PASSED] - Scroll to object 'Object Repository/PrimoTours/Old Objects/Coco (1)/PrimoT/SaveBooking2/Success/Page_Primo Tours  Danmarks bedste c/i_fa fa-arrow-circle-right' successfully

2017-11-28 19:01:22 - [TEST_STEP][PASSED] - click: Object: 'Object Repository/PrimoTours/Old Objects/Coco (1)/PrimoT/SaveBooking2/Success/Page_Primo Tours  Danmarks bedste c/i_fa fa-arrow-circle-right' is clicked on

2017-11-28 19:01:22 - [MESSAGE][PASSED] - Object: 'Object Repository/PrimoTours/Old Objects/Coco (1)/PrimoT/SaveBooking2/Success/Page_Primo Tours  Danmarks bedste c/i_fa fa-arrow-circle-right' is clicked on

2017-11-28 19:01:22 - [TEST_STEP][PASSED] - delay: Delayed 1 second(s)

2017-11-28 19:01:23 - [MESSAGE][PASSED] - Delayed 1 second(s)

2017-11-28 19:01:23 - [TEST_STEP][PASSED] - waitForElementNotVisible: Object 'Object Repository/PrimoTours/Old Objects/CCenter/pageLoaderOverlayLayer' is NOT visible

2017-11-28 19:01:23 - [MESSAGE][PASSED] - Object 'Object Repository/PrimoTours/Old Objects/CCenter/pageLoaderOverlayLayer' is NOT visible

2017-11-28 19:01:23 - [TEST_STEP][PASSED] - scrollToElement: Scroll to object 'Object Repository/PrimoTours/Old Objects/Coco/PrimoT/Ins2/Page_Primo Tours  Danmarks bedste c/travelInsuranceFirstPaxSelector' successfully

2017-11-28 19:01:23 - [MESSAGE][PASSED] - Scroll to object 'Object Repository/PrimoTours/Old Objects/Coco/PrimoT/Ins2/Page_Primo Tours  Danmarks bedste c/travelInsuranceFirstPaxSelector' successfully

2017-11-28 19:01:23 - [TEST_STEP][PASSED] - waitForElementPresent: Object 'Object Repository/PrimoTours/Old Objects/Coco/PrimoT/Ins2/Page_Primo Tours  Danmarks bedste c/travelInsuranceFirstPaxSelector' is present

2017-11-28 19:01:23 - [MESSAGE][PASSED] - Object 'Object Repository/PrimoTours/Old Objects/Coco/PrimoT/Ins2/Page_Primo Tours  Danmarks bedste c/travelInsuranceFirstPaxSelector' is present

2017-11-28 19:01:23 - [TEST_STEP][PASSED] - waitForElementVisible: Object 'Object Repository/PrimoTours/Old Objects/Coco/PrimoT/Ins2/Page_Primo Tours  Danmarks bedste c/travelInsuranceFirstPaxSelector' is visible

2017-11-28 19:01:23 - [MESSAGE][PASSED] - Object 'Object Repository/PrimoTours/Old Objects/Coco/PrimoT/Ins2/Page_Primo Tours  Danmarks bedste c/travelInsuranceFirstPaxSelector' is visible

2017-11-28 19:01:23 - [TEST_STEP][PASSED] - waitForElementClickable: Object 'Object Repository/PrimoTours/Old Objects/Coco/PrimoT/Ins2/Page_Primo Tours  Danmarks bedste c/travelInsuranceFirstPaxSelector' is clickable

2017-11-28 19:01:23 - [MESSAGE][PASSED] - Object 'Object Repository/PrimoTours/Old Objects/Coco/PrimoT/Ins2/Page_Primo Tours  Danmarks bedste c/travelInsuranceFirstPaxSelector' is clickable

2017-11-28 19:01:23 - [TEST_STEP][PASSED] - click: Object: 'Object Repository/PrimoTours/Old Objects/Coco/PrimoT/Ins2/Page_Primo Tours  Danmarks bedste c/travelInsuranceFirstPaxSelector' is clicked on

2017-11-28 19:01:23 - [MESSAGE][PASSED] - Object: 'Object Repository/PrimoTours/Old Objects/Coco/PrimoT/Ins2/Page_Primo Tours  Danmarks bedste c/travelInsuranceFirstPaxSelector' is clicked on

2017-11-28 19:01:23 - [TEST_STEP][PASSED] - click: Object: 'Object Repository/PrimoTours/Old Objects/Coco/PrimoT/Ins2/Page_Primo Tours  Danmarks bedste c/li_Har selv forsikring - kr. 0' is clicked on

2017-11-28 19:01:24 - [MESSAGE][PASSED] - Object: 'Object Repository/PrimoTours/Old Objects/Coco/PrimoT/Ins2/Page_Primo Tours  Danmarks bedste c/li_Har selv forsikring - kr. 0' is clicked on

2017-11-28 19:01:24 - [TEST_STEP][NOT_RUN] - click: NOT_RUN: click

2017-11-28 19:01:24 - [MESSAGE][NOT_RUN] - NOT_RUN: click

2017-11-28 19:01:24 - [TEST_STEP][NOT_RUN] - scrollToElement: NOT_RUN: scrollToElement

2017-11-28 19:01:24 - [MESSAGE][NOT_RUN] - NOT_RUN: scrollToElement

2017-11-28 19:01:24 - [TEST_STEP][NOT_RUN] - click: NOT_RUN: click

2017-11-28 19:01:24 - [MESSAGE][NOT_RUN] - NOT_RUN: click

2017-11-28 19:01:24 - [TEST_STEP][PASSED] - waitForElementVisible: Object 'Object Repository/PrimoTours/Old Objects/Coco (1)/PrimoT/SaveBooking2/Page_Primo Tours  Danmarks bedste c/individualInsuranceCheckbox' is visible

2017-11-28 19:01:24 - [MESSAGE][PASSED] - Object 'Object Repository/PrimoTours/Old Objects/Coco (1)/PrimoT/SaveBooking2/Page_Primo Tours  Danmarks bedste c/individualInsuranceCheckbox' is visible

2017-11-28 19:01:24 - [TEST_STEP][PASSED] - scrollToElement: Scroll to object 'Object Repository/PrimoTours/Old Objects/Coco (1)/PrimoT/SaveBooking2/Page_Primo Tours  Danmarks bedste c/individualInsuranceCheckbox' successfully

2017-11-28 19:01:24 - [MESSAGE][PASSED] - Scroll to object 'Object Repository/PrimoTours/Old Objects/Coco (1)/PrimoT/SaveBooking2/Page_Primo Tours  Danmarks bedste c/individualInsuranceCheckbox' successfully

2017-11-28 19:01:24 - [TEST_STEP][PASSED] - click: Object: 'Object Repository/PrimoTours/Old Objects/Coco (1)/PrimoT/SaveBooking2/Page_Primo Tours  Danmarks bedste c/individualInsuranceCheckbox' is clicked on

2017-11-28 19:01:24 - [MESSAGE][PASSED] - Object: 'Object Repository/PrimoTours/Old Objects/Coco (1)/PrimoT/SaveBooking2/Page_Primo Tours  Danmarks bedste c/individualInsuranceCheckbox' is clicked on

2017-11-28 19:01:24 - [TEST_STEP][PASSED] - scrollToElement: Scroll to object 'Object Repository/PrimoTours/Old Objects/Coco (1)/PrimoT/SaveBooking2/Success/firstProdCategIndividualSelectionRadioB' successfully

2017-11-28 19:01:24 - [MESSAGE][PASSED] - Scroll to object 'Object Repository/PrimoTours/Old Objects/Coco (1)/PrimoT/SaveBooking2/Success/firstProdCategIndividualSelectionRadioB' successfully

2017-11-28 19:01:24 - [TEST_STEP][PASSED] - waitForElementClickable: Object 'Object Repository/PrimoTours/Old Objects/Coco (1)/PrimoT/SaveBooking2/Success/firstProdCategIndividualSelectionRadioB' is clickable

2017-11-28 19:01:24 - [MESSAGE][PASSED] - Object 'Object Repository/PrimoTours/Old Objects/Coco (1)/PrimoT/SaveBooking2/Success/firstProdCategIndividualSelectionRadioB' is clickable

2017-11-28 19:01:24 - [TEST_STEP][PASSED] - scrollToElement: Scroll to object 'Object Repository/PrimoTours/Old Objects/Coco (1)/PrimoT/SaveBooking2/Success/firstProdCategIndividualSelectionRadioB' successfully

2017-11-28 19:01:24 - [MESSAGE][PASSED] - Scroll to object 'Object Repository/PrimoTours/Old Objects/Coco (1)/PrimoT/SaveBooking2/Success/firstProdCategIndividualSelectionRadioB' successfully

2017-11-28 19:01:24 - [TEST_STEP][PASSED] - click: Object: 'Object Repository/PrimoTours/Old Objects/Coco (1)/PrimoT/SaveBooking2/Success/firstProdCategIndividualSelectionRadioB' is clicked on

2017-11-28 19:01:24 - [MESSAGE][PASSED] - Object: 'Object Repository/PrimoTours/Old Objects/Coco (1)/PrimoT/SaveBooking2/Success/firstProdCategIndividualSelectionRadioB' is clicked on

2017-11-28 19:01:24 - [TEST_STEP][PASSED] - scrollToElement: Scroll to object 'Object Repository/PrimoTours/Old Objects/Coco (1)/PrimoT/SaveBooking2/Success/firstProdCategSelectForAllPaxCheckbox' successfully

2017-11-28 19:01:24 - [MESSAGE][PASSED] - Scroll to object 'Object Repository/PrimoTours/Old Objects/Coco (1)/PrimoT/SaveBooking2/Success/firstProdCategSelectForAllPaxCheckbox' successfully

2017-11-28 19:01:24 - [TEST_STEP][PASSED] - waitForElementClickable: Object 'Object Repository/PrimoTours/Old Objects/Coco (1)/PrimoT/SaveBooking2/Success/firstProdCategSelectForAllPaxCheckbox' is clickable

2017-11-28 19:01:24 - [MESSAGE][PASSED] - Object 'Object Repository/PrimoTours/Old Objects/Coco (1)/PrimoT/SaveBooking2/Success/firstProdCategSelectForAllPaxCheckbox' is clickable

2017-11-28 19:01:24 - [TEST_STEP][PASSED] - click: Object: 'Object Repository/PrimoTours/Old Objects/Coco (1)/PrimoT/SaveBooking2/Success/firstProdCategSelectForAllPaxCheckbox' is clicked on

2017-11-28 19:01:24 - [MESSAGE][PASSED] - Object: 'Object Repository/PrimoTours/Old Objects/Coco (1)/PrimoT/SaveBooking2/Success/firstProdCategSelectForAllPaxCheckbox' is clicked on

2017-11-28 19:01:24 - [TEST_STEP][NOT_RUN] - scrollToElement: NOT_RUN: scrollToElement

2017-11-28 19:01:24 - [MESSAGE][NOT_RUN] - NOT_RUN: scrollToElement

2017-11-28 19:01:24 - [TEST_STEP][NOT_RUN] - scrollToElement: NOT_RUN: scrollToElement

2017-11-28 19:01:24 - [MESSAGE][NOT_RUN] - NOT_RUN: scrollToElement

2017-11-28 19:01:24 - [TEST_STEP][NOT_RUN] - click: NOT_RUN: click

2017-11-28 19:01:24 - [MESSAGE][NOT_RUN] - NOT_RUN: click

2017-11-28 19:01:24 - [TEST_STEP][PASSED] - scrollToElement: Scroll to object 'Object Repository/PrimoTours/ConfirmationPage/agreeTermsAndCondCheckbox' successfully

2017-11-28 19:01:25 - [MESSAGE][PASSED] - Scroll to object 'Object Repository/PrimoTours/ConfirmationPage/agreeTermsAndCondCheckbox' successfully

2017-11-28 19:01:25 - [TEST_STEP][PASSED] - click: Object: 'Object Repository/PrimoTours/ConfirmationPage/agreeTermsAndCondCheckbox' is clicked on

2017-11-28 19:01:25 - [MESSAGE][PASSED] - Object: 'Object Repository/PrimoTours/ConfirmationPage/agreeTermsAndCondCheckbox' is clicked on

2017-11-28 19:01:25 - [TEST_STEP][PASSED] - waitForElementClickable: Object 'Object Repository/PrimoTours/ConfirmationPage/placeBookingButton' is clickable

2017-11-28 19:01:25 - [MESSAGE][PASSED] - Object 'Object Repository/PrimoTours/ConfirmationPage/placeBookingButton' is clickable

2017-11-28 19:01:25 - [TEST_STEP][PASSED] - scrollToElement: Scroll to object 'Object Repository/PrimoTours/ConfirmationPage/placeBookingButton' successfully

2017-11-28 19:01:25 - [MESSAGE][PASSED] - Scroll to object 'Object Repository/PrimoTours/ConfirmationPage/placeBookingButton' successfully

2017-11-28 19:01:25 - [TEST_STEP][PASSED] - Statement - Try: Object: 'Object Repository/PrimoTours/ConfirmationPage/placeBookingButton' is clicked on

2017-11-28 19:01:25 - [TEST_STEP][PASSED] - click: Object: 'Object Repository/PrimoTours/ConfirmationPage/placeBookingButton' is clicked on

2017-11-28 19:01:25 - [MESSAGE][PASSED] - Object: 'Object Repository/PrimoTours/ConfirmationPage/placeBookingButton' is clicked on

2017-11-28 19:01:25 - [TEST_STEP][PASSED] - delay: Delayed 2 second(s)

2017-11-28 19:01:27 - [MESSAGE][PASSED] - Delayed 2 second(s)

2017-11-28 19:01:27 - [TEST_STEP][PASSED] - waitForPageLoad: Wait for page load successfully

2017-11-28 19:01:27 - [MESSAGE][PASSED] - Wait for page load successfully

2017-11-28 19:01:27 - [TEST_STEP][PASSED] - waitForJQueryLoad: jQuery is ready.

2017-11-28 19:01:32 - [MESSAGE][PASSED] - jQuery is ready.

2017-11-28 19:01:32 - [TEST_STEP][NOT_RUN] - waitForElementPresent: NOT_RUN: waitForElementPresent

2017-11-28 19:01:32 - [MESSAGE][NOT_RUN] - NOT_RUN: waitForElementPresent

2017-11-28 19:01:32 - [TEST_STEP][NOT_RUN] - waitForElementNotVisible: NOT_RUN: waitForElementNotVisible

2017-11-28 19:01:32 - [MESSAGE][NOT_RUN] - NOT_RUN: waitForElementNotVisible

2017-11-28 19:01:32 - [TEST_STEP][PASSED] - waitForElementPresent: Object 'Object Repository/PrimoTours/Old Objects/ThankYouPage/bookingNoContainer' is present

2017-11-28 19:01:32 - [MESSAGE][PASSED] - Object 'Object Repository/PrimoTours/Old Objects/ThankYouPage/bookingNoContainer' is present

2017-11-28 19:01:32 - [TEST_STEP][PASSED] - waitForElementClickable: Object 'Object Repository/PrimoTours/Old Objects/ThankYouPage/bookingNoContainer' is clickable

2017-11-28 19:01:32 - [MESSAGE][PASSED] - Object 'Object Repository/PrimoTours/Old Objects/ThankYouPage/bookingNoContainer' is clickable

2017-11-28 19:01:32 - [TEST_STEP][PASSED] - verifyElementVisible: Object 'Object Repository/PrimoTours/Old Objects/ThankYouPage/bookingNoContainer' is visible

2017-11-28 19:01:32 - [MESSAGE][PASSED] - Object 'Object Repository/PrimoTours/Old Objects/ThankYouPage/bookingNoContainer' is visible

2017-11-28 19:01:32 - [TEST_STEP][PASSED] - verifyElementVisible: Object 'Object Repository/PrimoTours/Old Objects/ThankYouPage/bookingTotalInfo' is visible

2017-11-28 19:01:32 - [MESSAGE][PASSED] - Object 'Object Repository/PrimoTours/Old Objects/ThankYouPage/bookingTotalInfo' is visible

2017-11-28 19:01:32 - [TEST_STEP][PASSED] - verifyElementVisible: Object 'Object Repository/PrimoTours/Old Objects/ThankYouPage/bookingTotalPriceBar' is visible

2017-11-28 19:01:32 - [MESSAGE][PASSED] - Object 'Object Repository/PrimoTours/Old Objects/ThankYouPage/bookingTotalPriceBar' is visible

2017-11-28 19:01:32 - [TEST_STEP][PASSED] - verifyElementVisible: Object 'Object Repository/PrimoTours/Old Objects/ThankYouPage/printTicketSpan' is visible

2017-11-28 19:01:32 - [MESSAGE][PASSED] - Object 'Object Repository/PrimoTours/Old Objects/ThankYouPage/printTicketSpan' is visible

2017-11-28 19:01:32 - [TEST_STEP][PASSED] - waitForElementClickable: Object 'Object Repository/PrimoTours/Old Objects/ThankYouPage/printTicketSpan' is clickable

2017-11-28 19:01:32 - [MESSAGE][PASSED] - Object 'Object Repository/PrimoTours/Old Objects/ThankYouPage/printTicketSpan' is clickable

2017-11-28 19:01:32 - [TEST_STEP][PASSED] - Statement - Try: Object: 'Object Repository/PrimoTours/Old Objects/ThankYouPage/printTicketSpan' is clicked on

2017-11-28 19:01:32 - [TEST_STEP][PASSED] - click: Object: 'Object Repository/PrimoTours/Old Objects/ThankYouPage/printTicketSpan' is clicked on

2017-11-28 19:01:38 - [MESSAGE][PASSED] - Object: 'Object Repository/PrimoTours/Old Objects/ThankYouPage/printTicketSpan' is clicked on

2017-11-28 19:01:38 - [TEST_STEP][PASSED] - delay: Delayed 2 second(s)

2017-11-28 19:01:40 - [MESSAGE][PASSED] - Delayed 2 second(s)

2017-11-28 19:01:40 - [TEST_STEP][PASSED] - waitForElementVisible: Object 'Object Repository/PrimoTours/Old Objects/ThankYouPage/cCenterButton' is visible

2017-11-28 19:01:40 - [MESSAGE][PASSED] - Object 'Object Repository/PrimoTours/Old Objects/ThankYouPage/cCenterButton' is visible

2017-11-28 19:01:40 - [TEST_STEP][PASSED] - waitForElementClickable: Object 'Object Repository/PrimoTours/Old Objects/ThankYouPage/cCenterButton' is clickable

2017-11-28 19:01:40 - [MESSAGE][PASSED] - Object 'Object Repository/PrimoTours/Old Objects/ThankYouPage/cCenterButton' is clickable

2017-11-28 19:01:40 - [TEST_STEP][PASSED] - click: Object: 'Object Repository/PrimoTours/Old Objects/ThankYouPage/cCenterButton' is clicked on

2017-11-28 19:01:40 - [MESSAGE][PASSED] - Object: 'Object Repository/PrimoTours/Old Objects/ThankYouPage/cCenterButton' is clicked on

2017-11-28 19:01:40 - [TEST_STEP][PASSED] - waitForPageLoad: Wait for page load successfully

2017-11-28 19:01:40 - [MESSAGE][PASSED] - Wait for page load successfully

2017-11-28 19:01:40 - [TEST_STEP][PASSED] - waitForJQueryLoad: jQuery is ready.

2017-11-28 19:01:40 - [MESSAGE][PASSED] - jQuery is ready.

2017-11-28 19:01:40 - [TEST_STEP][PASSED] - waitForElementPresent: Object 'Object Repository/PrimoTours/Old Objects/CCenter/pageLoaderOverlayLayer' is present

2017-11-28 19:01:40 - [MESSAGE][PASSED] - Object 'Object Repository/PrimoTours/Old Objects/CCenter/pageLoaderOverlayLayer' is present

2017-11-28 19:01:40 - [TEST_STEP][PASSED] - waitForElementNotVisible: Object 'Object Repository/PrimoTours/Old Objects/CCenter/pageLoaderOverlayLayer' is NOT visible

2017-11-28 19:01:40 - [MESSAGE][PASSED] - Object 'Object Repository/PrimoTours/Old Objects/CCenter/pageLoaderOverlayLayer' is NOT visible

2017-11-28 19:01:40 - [TEST_STEP][PASSED] - verifyElementVisible: Object 'Object Repository/PrimoTours/Old Objects/ThankYouPage/bookingNoContainer' is visible

2017-11-28 19:01:40 - [MESSAGE][PASSED] - Object 'Object Repository/PrimoTours/Old Objects/ThankYouPage/bookingNoContainer' is visible

2017-11-28 19:01:40 - [TEST_STEP][PASSED] - verifyElementVisible: Object 'Object Repository/PrimoTours/Old Objects/ThankYouPage/bookingTotalPriceBar' is visible

2017-11-28 19:01:41 - [MESSAGE][PASSED] - Object 'Object Repository/PrimoTours/Old Objects/ThankYouPage/bookingTotalPriceBar' is visible

2017-11-28 19:01:41 - [TEST_STEP][PASSED] - delay: Delayed 1 second(s)

2017-11-28 19:01:42 - [MESSAGE][PASSED] - Delayed 1 second(s)]]></system-out>
         <system-err><![CDATA[]]></system-err>
      </testcase>
      <testcase name="Test Cases/PrimoTours/WB Primo/WB Primo staging - place booking - Iteration 10" classname="Test Cases/PrimoTours/WB Primo/WB Primo staging - place booking" status="FAILED">
         <failure type="FAILED" message="Test Cases/PrimoTours/WB Primo/WB Primo staging - place booking FAILED because (of) Unable to click on object 'Object Repository/PrimoTours/Old Objects/Coco/PrimoT/Ins2/Page_Primo Tours  Danmarks bedste c/li_Har selv forsikring - kr. 0' (Root cause: com.kms.katalon.core.webui.exception.WebElementNotFoundException: Web element with id: 'Object Repository/PrimoTours/Old Objects/Coco/PrimoT/Ins2/Page_Primo Tours  Danmarks bedste c/li_Har selv forsikring - kr. 0' located by 'By.xpath: //*[@class = 'select2-results__option'][1]' not found)"/>
         <system-out><![CDATA[2017-11-28 19:01:42 - [TEST_CASE][FAILED] - Test Cases/PrimoTours/WB Primo/WB Primo staging - place booking - Iteration 10: Test Cases/PrimoTours/WB Primo/WB Primo staging - place booking FAILED because (of) Unable to click on object 'Object Repository/PrimoTours/Old Objects/Coco/PrimoT/Ins2/Page_Primo Tours  Danmarks bedste c/li_Har selv forsikring - kr. 0' (Root cause: com.kms.katalon.core.webui.exception.WebElementNotFoundException: Web element with id: 'Object Repository/PrimoTours/Old Objects/Coco/PrimoT/Ins2/Page_Primo Tours  Danmarks bedste c/li_Har selv forsikring - kr. 0' located by 'By.xpath: //*[@class = 'select2-results__option'][1]' not found)

2017-11-28 19:01:42 - [TEST_STEP][PASSED] - openBrowser: Browser is opened with url: ''

2017-11-28 19:01:42 - [MESSAGE][WARNING] - A browser is already opened. Closing browser and opening a new one

2017-11-28 19:01:45 - [MESSAGE][PASSED] - Browser is opened with url: ''

2017-11-28 19:01:45 - [TEST_STEP][PASSED] - maximizeWindow: Current window maximized

2017-11-28 19:01:46 - [MESSAGE][PASSED] - Current window maximized

2017-11-28 19:01:46 - [TEST_STEP][PASSED] - navigateToUrl: Navigate to 'https://staging-primotours-webbooking.tourpaq.com/DoBooking.aspx?pltaID=1480269&p=2&rno=1&pt=1&a=2&c=2&aa=&ca=1%2C5' successfully

2017-11-28 19:01:48 - [MESSAGE][PASSED] - Navigate to 'https://staging-primotours-webbooking.tourpaq.com/DoBooking.aspx?pltaID=1480269&p=2&rno=1&pt=1&a=2&c=2&aa=&ca=1%2C5' successfully

2017-11-28 19:01:48 - [TEST_STEP][PASSED] - setText: Text 'Pedersen AUT' is set on object 'Object Repository/PrimoTours/Old Objects/Coco/PrimoT/Page_Primo Tours  Danmarks bedste c/input_firstName'

2017-11-28 19:01:49 - [MESSAGE][PASSED] - Text 'Pedersen AUT' is set on object 'Object Repository/PrimoTours/Old Objects/Coco/PrimoT/Page_Primo Tours  Danmarks bedste c/input_firstName'

2017-11-28 19:01:49 - [TEST_STEP][PASSED] - setText: Text 'Vibe Dalby' is set on object 'Object Repository/PrimoTours/Old Objects/Coco/PrimoT/Page_Primo Tours  Danmarks bedste c/input_lastName'

2017-11-28 19:01:49 - [MESSAGE][PASSED] - Text 'Vibe Dalby' is set on object 'Object Repository/PrimoTours/Old Objects/Coco/PrimoT/Page_Primo Tours  Danmarks bedste c/input_lastName'

2017-11-28 19:01:49 - [TEST_STEP][PASSED] - setText: Text 'Home address' is set on object 'Object Repository/PrimoTours/Old Objects/Coco/PrimoT/Page_Primo Tours  Danmarks bedste c/input_customerAddress'

2017-11-28 19:01:49 - [MESSAGE][PASSED] - Text 'Home address' is set on object 'Object Repository/PrimoTours/Old Objects/Coco/PrimoT/Page_Primo Tours  Danmarks bedste c/input_customerAddress'

2017-11-28 19:01:49 - [TEST_STEP][PASSED] - setText: Text '6700' is set on object 'Object Repository/PrimoTours/Old Objects/Coco/PrimoT/Page_Primo Tours  Danmarks bedste c/input_customerPostcode'

2017-11-28 19:01:50 - [MESSAGE][PASSED] - Text '6700' is set on object 'Object Repository/PrimoTours/Old Objects/Coco/PrimoT/Page_Primo Tours  Danmarks bedste c/input_customerPostcode'

2017-11-28 19:01:50 - [TEST_STEP][PASSED] - setText: Text 'cornel.neacsu@roweb.ro' is set on object 'Object Repository/PrimoTours/Old Objects/Coco/PrimoT/Page_Primo Tours  Danmarks bedste c/input_customerEmail'

2017-11-28 19:01:50 - [MESSAGE][PASSED] - Text 'cornel.neacsu@roweb.ro' is set on object 'Object Repository/PrimoTours/Old Objects/Coco/PrimoT/Page_Primo Tours  Danmarks bedste c/input_customerEmail'

2017-11-28 19:01:50 - [TEST_STEP][PASSED] - setText: Text '12345678' is set on object 'Object Repository/PrimoTours/Old Objects/Coco/PrimoT/Page_Primo Tours  Danmarks bedste c/input_customerPhone'

2017-11-28 19:01:50 - [MESSAGE][PASSED] - Text '12345678' is set on object 'Object Repository/PrimoTours/Old Objects/Coco/PrimoT/Page_Primo Tours  Danmarks bedste c/input_customerPhone'

2017-11-28 19:01:50 - [TEST_STEP][PASSED] - Statement - excelInfo = ["fname":"", "lname":"", "pgender":"", "pday":"", "pmonth":"", "pyear":""]: null

2017-11-28 19:01:50 - [TEST_STEP][PASSED] - Statement - rawData = com.kms.katalon.core.testdata.TestDataFactory.findTestData("Data Files/WB_Primo/Passenger_details"): Reading excel file with source file 'D:\Software testing\Tourpaq\Automated Katalon tests\Primo WB test\Data Files\Primo_URLs_For_Automated_Test.xls' and sheet name 'Passenger Names'

2017-11-28 19:01:50 - [TEST_STEP][PASSED] - Statement - excelRowNo = rawData.getRowNumbers(): null

2017-11-28 19:01:50 - [TEST_STEP][PASSED] - Statement - randomPaxIndex = 1: null

2017-11-28 19:01:50 - [TEST_STEP][PASSED] - waitForElementClickable: Object 'Object Repository/PrimoTours/Old Objects/Coco/PrimoT/Page_Primo Tours  Danmarks bedste c/input_firstname-0_1' is clickable

2017-11-28 19:01:52 - [MESSAGE][PASSED] - Object 'Object Repository/PrimoTours/Old Objects/Coco/PrimoT/Page_Primo Tours  Danmarks bedste c/input_firstname-0_1' is clickable

2017-11-28 19:01:52 - [TEST_STEP][PASSED] - Statement - driver = com.kms.katalon.core.webui.driver.DriverFactory.getWebDriver(): null

2017-11-28 19:01:52 - [TEST_STEP][PASSED] - Statement - roomContainerXpath = "id("booking")/div[@class="wrapper second-bg"]/div[contains(@class,"container-mx")]/div[@class="row"]/div[@class="col-md-12 roomContainer"]": null

2017-11-28 19:01:52 - [TEST_STEP][PASSED] - Statement - roomsCount = driver.findElements(org.openqa.selenium.By.xpath(roomContainerXpath)).size(): null

2017-11-28 19:01:52 - [TEST_STEP][PASSED] - Statement - println("roomsCount=" + roomsCount): null

2017-11-28 19:01:52 - [TEST_STEP][PASSED] - Statement - For ([i = 1, i <= roomsCount, (i++)]): Text 'Lene' is set on object 'Object Repository/PrimoTours/Old Objects/allPaxLastNameFields'

2017-11-28 19:01:52 - [TEST_STEP][PASSED] - Statement - paxInRoomXpath = roomContainerXpath + "[" + i + "]/div[@class="row"]/div[@class="col-md-12"]/div[@class="row"]": null

2017-11-28 19:01:52 - [TEST_STEP][PASSED] - Statement - paxInRoomCount = driver.findElements(org.openqa.selenium.By.xpath(paxInRoomXpath)).size(): null

2017-11-28 19:01:52 - [TEST_STEP][PASSED] - Statement - println("paxInRoomCount=" + paxInRoomCount): null

2017-11-28 19:01:52 - [TEST_STEP][PASSED] - Statement - For ([j = 1, j <= paxInRoomCount, (j++)]): Text 'Lene' is set on object 'Object Repository/PrimoTours/Old Objects/allPaxLastNameFields'

2017-11-28 19:01:52 - [TEST_STEP][PASSED] - Statement - If (i == 1 & j == 1): null

2017-11-28 19:01:52 - [TEST_STEP][PASSED] - Statement - <not implemented yet for class: org.codehaus.groovy.ast.stmt.ContinueStatement>: null

2017-11-28 19:01:52 - [TEST_STEP][PASSED] - Statement - If (i == 1 & j == 1): null

2017-11-28 19:01:52 - [TEST_STEP][PASSED] - Statement - randomPaxIndex = java.lang.Math.abs(new java.util.Random().nextInt() % excelRowNo) + 1: null

2017-11-28 19:01:52 - [TEST_STEP][PASSED] - Statement - println(randomPaxIndex): null

2017-11-28 19:01:52 - [TEST_STEP][PASSED] - Statement - fname = rawData.getValue("FirstName", randomPaxIndex) + " AUT": null

2017-11-28 19:01:52 - [TEST_STEP][PASSED] - Statement - lname = rawData.getValue("LastName", randomPaxIndex): null

2017-11-28 19:01:52 - [TEST_STEP][PASSED] - Statement - pgender = rawData.getValue("Gender", randomPaxIndex): null

2017-11-28 19:01:52 - [TEST_STEP][PASSED] - Statement - pday = rawData.getValue("Day DOB", randomPaxIndex): null

2017-11-28 19:01:52 - [TEST_STEP][PASSED] - Statement - pmonth = rawData.getValue("Month DOB", randomPaxIndex): null

2017-11-28 19:01:52 - [TEST_STEP][PASSED] - Statement - pyear = rawData.getValue("Year DOB", randomPaxIndex): null

2017-11-28 19:01:52 - [TEST_STEP][PASSED] - Statement - paxDetailFields = paxInRoomXpath + "[" + j + "]/div[@class="col-md-x col-md-9"]/div[@class="row paxContainer"]/div[@class="col-md-5"]": null

2017-11-28 19:01:52 - [TEST_STEP][PASSED] - Statement - xpathval = paxDetailFields + "[1]/div[contains(@class,"form-group")]/input[@class="form-control paxFirstName"]": null

2017-11-28 19:01:52 - [TEST_STEP][PASSED] - Statement - println("fn: " + xpathval): null

2017-11-28 19:01:52 - [TEST_STEP][PASSED] - Statement - repObj = com.kms.katalon.core.testobject.ObjectRepository.findTestObject(Object Repository/PrimoTours/Old Objects/allPaxFirstNameFields): Finding Test Object with id 'Object Repository/PrimoTours/Old Objects/allPaxFirstNameFields'

2017-11-28 19:01:52 - [TEST_STEP][PASSED] - Statement - repObj.findProperty("xpath").setValue(xpathval): null

2017-11-28 19:01:52 - [TEST_STEP][PASSED] - setText: Text 'Berwald AUT' is set on object 'Object Repository/PrimoTours/Old Objects/allPaxFirstNameFields'

2017-11-28 19:01:52 - [MESSAGE][PASSED] - Text 'Berwald AUT' is set on object 'Object Repository/PrimoTours/Old Objects/allPaxFirstNameFields'

2017-11-28 19:01:52 - [TEST_STEP][PASSED] - Statement - xpathval = paxDetailFields + "[2]/div[contains(@class,"form-group")]/input[@class="form-control paxLastName"]": null

2017-11-28 19:01:52 - [TEST_STEP][PASSED] - Statement - println("ln: " + xpathval): null

2017-11-28 19:01:52 - [TEST_STEP][PASSED] - Statement - repObj = com.kms.katalon.core.testobject.ObjectRepository.findTestObject(Object Repository/PrimoTours/Old Objects/allPaxLastNameFields): Finding Test Object with id 'Object Repository/PrimoTours/Old Objects/allPaxLastNameFields'

2017-11-28 19:01:52 - [TEST_STEP][PASSED] - Statement - repObj.findProperty("xpath").setValue(xpathval): null

2017-11-28 19:01:52 - [TEST_STEP][PASSED] - setText: Text 'Jane Dahlmann' is set on object 'Object Repository/PrimoTours/Old Objects/allPaxLastNameFields'

2017-11-28 19:01:52 - [MESSAGE][PASSED] - Text 'Jane Dahlmann' is set on object 'Object Repository/PrimoTours/Old Objects/allPaxLastNameFields'

2017-11-28 19:01:52 - [TEST_STEP][PASSED] - Statement - If (i == 1 & j == 1): null

2017-11-28 19:01:52 - [TEST_STEP][PASSED] - Statement - randomPaxIndex = java.lang.Math.abs(new java.util.Random().nextInt() % excelRowNo) + 1: null

2017-11-28 19:01:52 - [TEST_STEP][PASSED] - Statement - println(randomPaxIndex): null

2017-11-28 19:01:52 - [TEST_STEP][PASSED] - Statement - fname = rawData.getValue("FirstName", randomPaxIndex) + " AUT": null

2017-11-28 19:01:52 - [TEST_STEP][PASSED] - Statement - lname = rawData.getValue("LastName", randomPaxIndex): null

2017-11-28 19:01:52 - [TEST_STEP][PASSED] - Statement - pgender = rawData.getValue("Gender", randomPaxIndex): null

2017-11-28 19:01:52 - [TEST_STEP][PASSED] - Statement - pday = rawData.getValue("Day DOB", randomPaxIndex): null

2017-11-28 19:01:52 - [TEST_STEP][PASSED] - Statement - pmonth = rawData.getValue("Month DOB", randomPaxIndex): null

2017-11-28 19:01:52 - [TEST_STEP][PASSED] - Statement - pyear = rawData.getValue("Year DOB", randomPaxIndex): null

2017-11-28 19:01:52 - [TEST_STEP][PASSED] - Statement - paxDetailFields = paxInRoomXpath + "[" + j + "]/div[@class="col-md-x col-md-9"]/div[@class="row paxContainer"]/div[@class="col-md-5"]": null

2017-11-28 19:01:52 - [TEST_STEP][PASSED] - Statement - xpathval = paxDetailFields + "[1]/div[contains(@class,"form-group")]/input[@class="form-control paxFirstName"]": null

2017-11-28 19:01:52 - [TEST_STEP][PASSED] - Statement - println("fn: " + xpathval): null

2017-11-28 19:01:52 - [TEST_STEP][PASSED] - Statement - repObj = com.kms.katalon.core.testobject.ObjectRepository.findTestObject(Object Repository/PrimoTours/Old Objects/allPaxFirstNameFields): Finding Test Object with id 'Object Repository/PrimoTours/Old Objects/allPaxFirstNameFields'

2017-11-28 19:01:52 - [TEST_STEP][PASSED] - Statement - repObj.findProperty("xpath").setValue(xpathval): null

2017-11-28 19:01:52 - [TEST_STEP][PASSED] - setText: Text 'Hansen AUT' is set on object 'Object Repository/PrimoTours/Old Objects/allPaxFirstNameFields'

2017-11-28 19:01:53 - [MESSAGE][PASSED] - Text 'Hansen AUT' is set on object 'Object Repository/PrimoTours/Old Objects/allPaxFirstNameFields'

2017-11-28 19:01:53 - [TEST_STEP][PASSED] - Statement - xpathval = paxDetailFields + "[2]/div[contains(@class,"form-group")]/input[@class="form-control paxLastName"]": null

2017-11-28 19:01:53 - [TEST_STEP][PASSED] - Statement - println("ln: " + xpathval): null

2017-11-28 19:01:53 - [TEST_STEP][PASSED] - Statement - repObj = com.kms.katalon.core.testobject.ObjectRepository.findTestObject(Object Repository/PrimoTours/Old Objects/allPaxLastNameFields): Finding Test Object with id 'Object Repository/PrimoTours/Old Objects/allPaxLastNameFields'

2017-11-28 19:01:53 - [TEST_STEP][PASSED] - Statement - repObj.findProperty("xpath").setValue(xpathval): null

2017-11-28 19:01:53 - [TEST_STEP][PASSED] - setText: Text 'Jacob Sanggaard' is set on object 'Object Repository/PrimoTours/Old Objects/allPaxLastNameFields'

2017-11-28 19:01:53 - [MESSAGE][PASSED] - Text 'Jacob Sanggaard' is set on object 'Object Repository/PrimoTours/Old Objects/allPaxLastNameFields'

2017-11-28 19:01:53 - [TEST_STEP][PASSED] - Statement - If (i == 1 & j == 1): null

2017-11-28 19:01:53 - [TEST_STEP][PASSED] - Statement - randomPaxIndex = java.lang.Math.abs(new java.util.Random().nextInt() % excelRowNo) + 1: null

2017-11-28 19:01:53 - [TEST_STEP][PASSED] - Statement - println(randomPaxIndex): null

2017-11-28 19:01:53 - [TEST_STEP][PASSED] - Statement - fname = rawData.getValue("FirstName", randomPaxIndex) + " AUT": null

2017-11-28 19:01:53 - [TEST_STEP][PASSED] - Statement - lname = rawData.getValue("LastName", randomPaxIndex): null

2017-11-28 19:01:53 - [TEST_STEP][PASSED] - Statement - pgender = rawData.getValue("Gender", randomPaxIndex): null

2017-11-28 19:01:53 - [TEST_STEP][PASSED] - Statement - pday = rawData.getValue("Day DOB", randomPaxIndex): null

2017-11-28 19:01:53 - [TEST_STEP][PASSED] - Statement - pmonth = rawData.getValue("Month DOB", randomPaxIndex): null

2017-11-28 19:01:53 - [TEST_STEP][PASSED] - Statement - pyear = rawData.getValue("Year DOB", randomPaxIndex): null

2017-11-28 19:01:53 - [TEST_STEP][PASSED] - Statement - paxDetailFields = paxInRoomXpath + "[" + j + "]/div[@class="col-md-x col-md-9"]/div[@class="row paxContainer"]/div[@class="col-md-5"]": null

2017-11-28 19:01:53 - [TEST_STEP][PASSED] - Statement - xpathval = paxDetailFields + "[1]/div[contains(@class,"form-group")]/input[@class="form-control paxFirstName"]": null

2017-11-28 19:01:53 - [TEST_STEP][PASSED] - Statement - println("fn: " + xpathval): null

2017-11-28 19:01:53 - [TEST_STEP][PASSED] - Statement - repObj = com.kms.katalon.core.testobject.ObjectRepository.findTestObject(Object Repository/PrimoTours/Old Objects/allPaxFirstNameFields): Finding Test Object with id 'Object Repository/PrimoTours/Old Objects/allPaxFirstNameFields'

2017-11-28 19:01:53 - [TEST_STEP][PASSED] - Statement - repObj.findProperty("xpath").setValue(xpathval): null

2017-11-28 19:01:53 - [TEST_STEP][PASSED] - setText: Text 'Hansen AUT' is set on object 'Object Repository/PrimoTours/Old Objects/allPaxFirstNameFields'

2017-11-28 19:01:53 - [MESSAGE][PASSED] - Text 'Hansen AUT' is set on object 'Object Repository/PrimoTours/Old Objects/allPaxFirstNameFields'

2017-11-28 19:01:53 - [TEST_STEP][PASSED] - Statement - xpathval = paxDetailFields + "[2]/div[contains(@class,"form-group")]/input[@class="form-control paxLastName"]": null

2017-11-28 19:01:53 - [TEST_STEP][PASSED] - Statement - println("ln: " + xpathval): null

2017-11-28 19:01:53 - [TEST_STEP][PASSED] - Statement - repObj = com.kms.katalon.core.testobject.ObjectRepository.findTestObject(Object Repository/PrimoTours/Old Objects/allPaxLastNameFields): Finding Test Object with id 'Object Repository/PrimoTours/Old Objects/allPaxLastNameFields'

2017-11-28 19:01:53 - [TEST_STEP][PASSED] - Statement - repObj.findProperty("xpath").setValue(xpathval): null

2017-11-28 19:01:53 - [TEST_STEP][PASSED] - setText: Text 'Lene' is set on object 'Object Repository/PrimoTours/Old Objects/allPaxLastNameFields'

2017-11-28 19:01:53 - [MESSAGE][PASSED] - Text 'Lene' is set on object 'Object Repository/PrimoTours/Old Objects/allPaxLastNameFields'

2017-11-28 19:01:53 - [TEST_STEP][PASSED] - scrollToElement: Scroll to object 'Object Repository/PrimoTours/Old Objects/Coco (1)/PrimoT/SaveBooking2/Success/bookingTotalValue' successfully

2017-11-28 19:01:53 - [MESSAGE][PASSED] - Scroll to object 'Object Repository/PrimoTours/Old Objects/Coco (1)/PrimoT/SaveBooking2/Success/bookingTotalValue' successfully

2017-11-28 19:01:53 - [TEST_STEP][PASSED] - click: Object: 'Object Repository/PrimoTours/Old Objects/Coco (1)/PrimoT/SaveBooking2/Success/bookingTotalValue' is clicked on

2017-11-28 19:01:53 - [MESSAGE][PASSED] - Object: 'Object Repository/PrimoTours/Old Objects/Coco (1)/PrimoT/SaveBooking2/Success/bookingTotalValue' is clicked on

2017-11-28 19:01:53 - [TEST_STEP][PASSED] - scrollToElement: Scroll to object 'Object Repository/PrimoTours/Old Objects/Coco (1)/PrimoT/SaveBooking2/Success/Page_Primo Tours  Danmarks bedste c/i_fa fa-arrow-circle-right' successfully

2017-11-28 19:01:53 - [MESSAGE][PASSED] - Scroll to object 'Object Repository/PrimoTours/Old Objects/Coco (1)/PrimoT/SaveBooking2/Success/Page_Primo Tours  Danmarks bedste c/i_fa fa-arrow-circle-right' successfully

2017-11-28 19:01:53 - [TEST_STEP][PASSED] - waitForElementClickable: Object 'Object Repository/PrimoTours/Old Objects/Coco (1)/PrimoT/SaveBooking2/Success/Page_Primo Tours  Danmarks bedste c/i_fa fa-arrow-circle-right' is clickable

2017-11-28 19:01:53 - [MESSAGE][PASSED] - Object 'Object Repository/PrimoTours/Old Objects/Coco (1)/PrimoT/SaveBooking2/Success/Page_Primo Tours  Danmarks bedste c/i_fa fa-arrow-circle-right' is clickable

2017-11-28 19:01:53 - [TEST_STEP][PASSED] - waitForElementVisible: Object 'Object Repository/PrimoTours/Old Objects/Coco (1)/PrimoT/SaveBooking2/Success/Page_Primo Tours  Danmarks bedste c/i_fa fa-arrow-circle-right' is visible

2017-11-28 19:01:54 - [MESSAGE][PASSED] - Object 'Object Repository/PrimoTours/Old Objects/Coco (1)/PrimoT/SaveBooking2/Success/Page_Primo Tours  Danmarks bedste c/i_fa fa-arrow-circle-right' is visible

2017-11-28 19:01:54 - [TEST_STEP][PASSED] - scrollToElement: Scroll to object 'Object Repository/PrimoTours/Old Objects/Coco (1)/PrimoT/SaveBooking2/Success/Page_Primo Tours  Danmarks bedste c/i_fa fa-arrow-circle-right' successfully

2017-11-28 19:01:54 - [MESSAGE][PASSED] - Scroll to object 'Object Repository/PrimoTours/Old Objects/Coco (1)/PrimoT/SaveBooking2/Success/Page_Primo Tours  Danmarks bedste c/i_fa fa-arrow-circle-right' successfully

2017-11-28 19:01:54 - [TEST_STEP][PASSED] - click: Object: 'Object Repository/PrimoTours/Old Objects/Coco (1)/PrimoT/SaveBooking2/Success/Page_Primo Tours  Danmarks bedste c/i_fa fa-arrow-circle-right' is clicked on

2017-11-28 19:01:54 - [MESSAGE][PASSED] - Object: 'Object Repository/PrimoTours/Old Objects/Coco (1)/PrimoT/SaveBooking2/Success/Page_Primo Tours  Danmarks bedste c/i_fa fa-arrow-circle-right' is clicked on

2017-11-28 19:01:54 - [TEST_STEP][PASSED] - delay: Delayed 1 second(s)

2017-11-28 19:01:55 - [MESSAGE][PASSED] - Delayed 1 second(s)

2017-11-28 19:01:55 - [TEST_STEP][PASSED] - waitForElementNotVisible: Object 'Object Repository/PrimoTours/Old Objects/CCenter/pageLoaderOverlayLayer' is NOT visible

2017-11-28 19:01:55 - [MESSAGE][PASSED] - Object 'Object Repository/PrimoTours/Old Objects/CCenter/pageLoaderOverlayLayer' is NOT visible

2017-11-28 19:01:55 - [TEST_STEP][PASSED] - scrollToElement: Scroll to object 'Object Repository/PrimoTours/Old Objects/Coco/PrimoT/Ins2/Page_Primo Tours  Danmarks bedste c/travelInsuranceFirstPaxSelector' successfully

2017-11-28 19:01:55 - [MESSAGE][PASSED] - Scroll to object 'Object Repository/PrimoTours/Old Objects/Coco/PrimoT/Ins2/Page_Primo Tours  Danmarks bedste c/travelInsuranceFirstPaxSelector' successfully

2017-11-28 19:01:55 - [TEST_STEP][PASSED] - waitForElementPresent: Object 'Object Repository/PrimoTours/Old Objects/Coco/PrimoT/Ins2/Page_Primo Tours  Danmarks bedste c/travelInsuranceFirstPaxSelector' is present

2017-11-28 19:01:55 - [MESSAGE][PASSED] - Object 'Object Repository/PrimoTours/Old Objects/Coco/PrimoT/Ins2/Page_Primo Tours  Danmarks bedste c/travelInsuranceFirstPaxSelector' is present

2017-11-28 19:01:55 - [TEST_STEP][PASSED] - waitForElementVisible: Object 'Object Repository/PrimoTours/Old Objects/Coco/PrimoT/Ins2/Page_Primo Tours  Danmarks bedste c/travelInsuranceFirstPaxSelector' is visible

2017-11-28 19:01:55 - [MESSAGE][PASSED] - Object 'Object Repository/PrimoTours/Old Objects/Coco/PrimoT/Ins2/Page_Primo Tours  Danmarks bedste c/travelInsuranceFirstPaxSelector' is visible

2017-11-28 19:01:55 - [TEST_STEP][PASSED] - waitForElementClickable: Object 'Object Repository/PrimoTours/Old Objects/Coco/PrimoT/Ins2/Page_Primo Tours  Danmarks bedste c/travelInsuranceFirstPaxSelector' is clickable

2017-11-28 19:01:55 - [MESSAGE][PASSED] - Object 'Object Repository/PrimoTours/Old Objects/Coco/PrimoT/Ins2/Page_Primo Tours  Danmarks bedste c/travelInsuranceFirstPaxSelector' is clickable

2017-11-28 19:01:55 - [TEST_STEP][PASSED] - click: Object: 'Object Repository/PrimoTours/Old Objects/Coco/PrimoT/Ins2/Page_Primo Tours  Danmarks bedste c/travelInsuranceFirstPaxSelector' is clicked on

2017-11-28 19:01:55 - [MESSAGE][PASSED] - Object: 'Object Repository/PrimoTours/Old Objects/Coco/PrimoT/Ins2/Page_Primo Tours  Danmarks bedste c/travelInsuranceFirstPaxSelector' is clicked on

2017-11-28 19:01:55 - [TEST_STEP][FAILED] - click: Unable to click on object 'Object Repository/PrimoTours/Old Objects/Coco/PrimoT/Ins2/Page_Primo Tours  Danmarks bedste c/li_Har selv forsikring - kr. 0' (Root cause: com.kms.katalon.core.webui.exception.WebElementNotFoundException: Web element with id: 'Object Repository/PrimoTours/Old Objects/Coco/PrimoT/Ins2/Page_Primo Tours  Danmarks bedste c/li_Har selv forsikring - kr. 0' located by 'By.xpath: //*[@class = 'select2-results__option'][1]' not found)

2017-11-28 19:02:11 - [MESSAGE][FAILED] - Unable to click on object 'Object Repository/PrimoTours/Old Objects/Coco/PrimoT/Ins2/Page_Primo Tours  Danmarks bedste c/li_Har selv forsikring - kr. 0' (Root cause: com.kms.katalon.core.webui.exception.WebElementNotFoundException: Web element with id: 'Object Repository/PrimoTours/Old Objects/Coco/PrimoT/Ins2/Page_Primo Tours  Danmarks bedste c/li_Har selv forsikring - kr. 0' located by 'By.xpath: //*[@class = 'select2-results__option'][1]' not found)
[[ATTACHMENT|D:\\Software testing\\Tourpaq\\Automated Katalon tests\\Primo WB test\\Reports\\WB Primo From Excel URLs\\20171128_185633\\1511888531279.png]]]]></system-out>
         <system-err><![CDATA[2017-11-28 19:01:42 - [TEST_CASE][FAILED] - Test Cases/PrimoTours/WB Primo/WB Primo staging - place booking - Iteration 10: Test Cases/PrimoTours/WB Primo/WB Primo staging - place booking FAILED because (of) Unable to click on object 'Object Repository/PrimoTours/Old Objects/Coco/PrimoT/Ins2/Page_Primo Tours  Danmarks bedste c/li_Har selv forsikring - kr. 0' (Root cause: com.kms.katalon.core.webui.exception.WebElementNotFoundException: Web element with id: 'Object Repository/PrimoTours/Old Objects/Coco/PrimoT/Ins2/Page_Primo Tours  Danmarks bedste c/li_Har selv forsikring - kr. 0' located by 'By.xpath: //*[@class = 'select2-results__option'][1]' not found)]]></system-err>
      </testcase>
      <testcase name="Test Cases/PrimoTours/WB Primo/WB Primo staging - place booking - Iteration 11" classname="Test Cases/PrimoTours/WB Primo/WB Primo staging - place booking" status="FAILED">
         <failure type="FAILED" message="Test Cases/PrimoTours/WB Primo/WB Primo staging - place booking FAILED because (of) Unable to click on object 'Object Repository/PrimoTours/Old Objects/Coco/PrimoT/Ins2/Page_Primo Tours  Danmarks bedste c/li_Har selv forsikring - kr. 0' (Root cause: com.kms.katalon.core.webui.exception.WebElementNotFoundException: Web element with id: 'Object Repository/PrimoTours/Old Objects/Coco/PrimoT/Ins2/Page_Primo Tours  Danmarks bedste c/li_Har selv forsikring - kr. 0' located by 'By.xpath: //*[@class = 'select2-results__option'][1]' not found)"/>
         <system-out><![CDATA[2017-11-28 19:02:11 - [TEST_CASE][FAILED] - Test Cases/PrimoTours/WB Primo/WB Primo staging - place booking - Iteration 11: Test Cases/PrimoTours/WB Primo/WB Primo staging - place booking FAILED because (of) Unable to click on object 'Object Repository/PrimoTours/Old Objects/Coco/PrimoT/Ins2/Page_Primo Tours  Danmarks bedste c/li_Har selv forsikring - kr. 0' (Root cause: com.kms.katalon.core.webui.exception.WebElementNotFoundException: Web element with id: 'Object Repository/PrimoTours/Old Objects/Coco/PrimoT/Ins2/Page_Primo Tours  Danmarks bedste c/li_Har selv forsikring - kr. 0' located by 'By.xpath: //*[@class = 'select2-results__option'][1]' not found)

2017-11-28 19:02:11 - [TEST_STEP][PASSED] - openBrowser: Browser is opened with url: ''

2017-11-28 19:02:11 - [MESSAGE][WARNING] - A browser is already opened. Closing browser and opening a new one

2017-11-28 19:02:14 - [MESSAGE][PASSED] - Browser is opened with url: ''

2017-11-28 19:02:14 - [TEST_STEP][PASSED] - maximizeWindow: Current window maximized

2017-11-28 19:02:15 - [MESSAGE][PASSED] - Current window maximized

2017-11-28 19:02:15 - [TEST_STEP][PASSED] - navigateToUrl: Navigate to 'https://staging-primotours-webbooking.tourpaq.com/DoBooking.aspx?pltaID=1480269&p=2&rno=1&pt=2&a=2&c=2&aa=&ca=1%2C5' successfully

2017-11-28 19:02:17 - [MESSAGE][PASSED] - Navigate to 'https://staging-primotours-webbooking.tourpaq.com/DoBooking.aspx?pltaID=1480269&p=2&rno=1&pt=2&a=2&c=2&aa=&ca=1%2C5' successfully

2017-11-28 19:02:17 - [TEST_STEP][PASSED] - setText: Text 'Pedersen AUT' is set on object 'Object Repository/PrimoTours/Old Objects/Coco/PrimoT/Page_Primo Tours  Danmarks bedste c/input_firstName'

2017-11-28 19:02:18 - [MESSAGE][PASSED] - Text 'Pedersen AUT' is set on object 'Object Repository/PrimoTours/Old Objects/Coco/PrimoT/Page_Primo Tours  Danmarks bedste c/input_firstName'

2017-11-28 19:02:18 - [TEST_STEP][PASSED] - setText: Text 'Vibe Dalby' is set on object 'Object Repository/PrimoTours/Old Objects/Coco/PrimoT/Page_Primo Tours  Danmarks bedste c/input_lastName'

2017-11-28 19:02:18 - [MESSAGE][PASSED] - Text 'Vibe Dalby' is set on object 'Object Repository/PrimoTours/Old Objects/Coco/PrimoT/Page_Primo Tours  Danmarks bedste c/input_lastName'

2017-11-28 19:02:18 - [TEST_STEP][PASSED] - setText: Text 'Home address' is set on object 'Object Repository/PrimoTours/Old Objects/Coco/PrimoT/Page_Primo Tours  Danmarks bedste c/input_customerAddress'

2017-11-28 19:02:18 - [MESSAGE][PASSED] - Text 'Home address' is set on object 'Object Repository/PrimoTours/Old Objects/Coco/PrimoT/Page_Primo Tours  Danmarks bedste c/input_customerAddress'

2017-11-28 19:02:18 - [TEST_STEP][PASSED] - setText: Text '6700' is set on object 'Object Repository/PrimoTours/Old Objects/Coco/PrimoT/Page_Primo Tours  Danmarks bedste c/input_customerPostcode'

2017-11-28 19:02:19 - [MESSAGE][PASSED] - Text '6700' is set on object 'Object Repository/PrimoTours/Old Objects/Coco/PrimoT/Page_Primo Tours  Danmarks bedste c/input_customerPostcode'

2017-11-28 19:02:19 - [TEST_STEP][PASSED] - setText: Text 'cornel.neacsu@roweb.ro' is set on object 'Object Repository/PrimoTours/Old Objects/Coco/PrimoT/Page_Primo Tours  Danmarks bedste c/input_customerEmail'

2017-11-28 19:02:19 - [MESSAGE][PASSED] - Text 'cornel.neacsu@roweb.ro' is set on object 'Object Repository/PrimoTours/Old Objects/Coco/PrimoT/Page_Primo Tours  Danmarks bedste c/input_customerEmail'

2017-11-28 19:02:19 - [TEST_STEP][PASSED] - setText: Text '12345678' is set on object 'Object Repository/PrimoTours/Old Objects/Coco/PrimoT/Page_Primo Tours  Danmarks bedste c/input_customerPhone'

2017-11-28 19:02:19 - [MESSAGE][PASSED] - Text '12345678' is set on object 'Object Repository/PrimoTours/Old Objects/Coco/PrimoT/Page_Primo Tours  Danmarks bedste c/input_customerPhone'

2017-11-28 19:02:19 - [TEST_STEP][PASSED] - Statement - excelInfo = ["fname":"", "lname":"", "pgender":"", "pday":"", "pmonth":"", "pyear":""]: null

2017-11-28 19:02:19 - [TEST_STEP][PASSED] - Statement - rawData = com.kms.katalon.core.testdata.TestDataFactory.findTestData("Data Files/WB_Primo/Passenger_details"): Reading excel file with source file 'D:\Software testing\Tourpaq\Automated Katalon tests\Primo WB test\Data Files\Primo_URLs_For_Automated_Test.xls' and sheet name 'Passenger Names'

2017-11-28 19:02:19 - [TEST_STEP][PASSED] - Statement - excelRowNo = rawData.getRowNumbers(): null

2017-11-28 19:02:19 - [TEST_STEP][PASSED] - Statement - randomPaxIndex = 1: null

2017-11-28 19:02:19 - [TEST_STEP][PASSED] - waitForElementClickable: Object 'Object Repository/PrimoTours/Old Objects/Coco/PrimoT/Page_Primo Tours  Danmarks bedste c/input_firstname-0_1' is clickable

2017-11-28 19:02:21 - [MESSAGE][PASSED] - Object 'Object Repository/PrimoTours/Old Objects/Coco/PrimoT/Page_Primo Tours  Danmarks bedste c/input_firstname-0_1' is clickable

2017-11-28 19:02:21 - [TEST_STEP][PASSED] - Statement - driver = com.kms.katalon.core.webui.driver.DriverFactory.getWebDriver(): null

2017-11-28 19:02:21 - [TEST_STEP][PASSED] - Statement - roomContainerXpath = "id("booking")/div[@class="wrapper second-bg"]/div[contains(@class,"container-mx")]/div[@class="row"]/div[@class="col-md-12 roomContainer"]": null

2017-11-28 19:02:21 - [TEST_STEP][PASSED] - Statement - roomsCount = driver.findElements(org.openqa.selenium.By.xpath(roomContainerXpath)).size(): null

2017-11-28 19:02:21 - [TEST_STEP][PASSED] - Statement - println("roomsCount=" + roomsCount): null

2017-11-28 19:02:21 - [TEST_STEP][PASSED] - Statement - For ([i = 1, i <= roomsCount, (i++)]): Text 'Kristoffer' is set on object 'Object Repository/PrimoTours/Old Objects/allPaxLastNameFields'

2017-11-28 19:02:21 - [TEST_STEP][PASSED] - Statement - paxInRoomXpath = roomContainerXpath + "[" + i + "]/div[@class="row"]/div[@class="col-md-12"]/div[@class="row"]": null

2017-11-28 19:02:21 - [TEST_STEP][PASSED] - Statement - paxInRoomCount = driver.findElements(org.openqa.selenium.By.xpath(paxInRoomXpath)).size(): null

2017-11-28 19:02:21 - [TEST_STEP][PASSED] - Statement - println("paxInRoomCount=" + paxInRoomCount): null

2017-11-28 19:02:21 - [TEST_STEP][PASSED] - Statement - For ([j = 1, j <= paxInRoomCount, (j++)]): Text 'Kristoffer' is set on object 'Object Repository/PrimoTours/Old Objects/allPaxLastNameFields'

2017-11-28 19:02:21 - [TEST_STEP][PASSED] - Statement - If (i == 1 & j == 1): null

2017-11-28 19:02:21 - [TEST_STEP][PASSED] - Statement - <not implemented yet for class: org.codehaus.groovy.ast.stmt.ContinueStatement>: null

2017-11-28 19:02:21 - [TEST_STEP][PASSED] - Statement - If (i == 1 & j == 1): null

2017-11-28 19:02:21 - [TEST_STEP][PASSED] - Statement - randomPaxIndex = java.lang.Math.abs(new java.util.Random().nextInt() % excelRowNo) + 1: null

2017-11-28 19:02:21 - [TEST_STEP][PASSED] - Statement - println(randomPaxIndex): null

2017-11-28 19:02:21 - [TEST_STEP][PASSED] - Statement - fname = rawData.getValue("FirstName", randomPaxIndex) + " AUT": null

2017-11-28 19:02:21 - [TEST_STEP][PASSED] - Statement - lname = rawData.getValue("LastName", randomPaxIndex): null

2017-11-28 19:02:21 - [TEST_STEP][PASSED] - Statement - pgender = rawData.getValue("Gender", randomPaxIndex): null

2017-11-28 19:02:21 - [TEST_STEP][PASSED] - Statement - pday = rawData.getValue("Day DOB", randomPaxIndex): null

2017-11-28 19:02:21 - [TEST_STEP][PASSED] - Statement - pmonth = rawData.getValue("Month DOB", randomPaxIndex): null

2017-11-28 19:02:21 - [TEST_STEP][PASSED] - Statement - pyear = rawData.getValue("Year DOB", randomPaxIndex): null

2017-11-28 19:02:21 - [TEST_STEP][PASSED] - Statement - paxDetailFields = paxInRoomXpath + "[" + j + "]/div[@class="col-md-x col-md-9"]/div[@class="row paxContainer"]/div[@class="col-md-5"]": null

2017-11-28 19:02:21 - [TEST_STEP][PASSED] - Statement - xpathval = paxDetailFields + "[1]/div[contains(@class,"form-group")]/input[@class="form-control paxFirstName"]": null

2017-11-28 19:02:21 - [TEST_STEP][PASSED] - Statement - println("fn: " + xpathval): null

2017-11-28 19:02:21 - [TEST_STEP][PASSED] - Statement - repObj = com.kms.katalon.core.testobject.ObjectRepository.findTestObject(Object Repository/PrimoTours/Old Objects/allPaxFirstNameFields): Finding Test Object with id 'Object Repository/PrimoTours/Old Objects/allPaxFirstNameFields'

2017-11-28 19:02:21 - [TEST_STEP][PASSED] - Statement - repObj.findProperty("xpath").setValue(xpathval): null

2017-11-28 19:02:21 - [TEST_STEP][PASSED] - setText: Text 'Christensen AUT' is set on object 'Object Repository/PrimoTours/Old Objects/allPaxFirstNameFields'

2017-11-28 19:02:21 - [MESSAGE][PASSED] - Text 'Christensen AUT' is set on object 'Object Repository/PrimoTours/Old Objects/allPaxFirstNameFields'

2017-11-28 19:02:21 - [TEST_STEP][PASSED] - Statement - xpathval = paxDetailFields + "[2]/div[contains(@class,"form-group")]/input[@class="form-control paxLastName"]": null

2017-11-28 19:02:21 - [TEST_STEP][PASSED] - Statement - println("ln: " + xpathval): null

2017-11-28 19:02:21 - [TEST_STEP][PASSED] - Statement - repObj = com.kms.katalon.core.testobject.ObjectRepository.findTestObject(Object Repository/PrimoTours/Old Objects/allPaxLastNameFields): Finding Test Object with id 'Object Repository/PrimoTours/Old Objects/allPaxLastNameFields'

2017-11-28 19:02:21 - [TEST_STEP][PASSED] - Statement - repObj.findProperty("xpath").setValue(xpathval): null

2017-11-28 19:02:21 - [TEST_STEP][PASSED] - setText: Text 'Karl Ove' is set on object 'Object Repository/PrimoTours/Old Objects/allPaxLastNameFields'

2017-11-28 19:02:22 - [MESSAGE][PASSED] - Text 'Karl Ove' is set on object 'Object Repository/PrimoTours/Old Objects/allPaxLastNameFields'

2017-11-28 19:02:22 - [TEST_STEP][PASSED] - Statement - If (i == 1 & j == 1): null

2017-11-28 19:02:22 - [TEST_STEP][PASSED] - Statement - randomPaxIndex = java.lang.Math.abs(new java.util.Random().nextInt() % excelRowNo) + 1: null

2017-11-28 19:02:22 - [TEST_STEP][PASSED] - Statement - println(randomPaxIndex): null

2017-11-28 19:02:22 - [TEST_STEP][PASSED] - Statement - fname = rawData.getValue("FirstName", randomPaxIndex) + " AUT": null

2017-11-28 19:02:22 - [TEST_STEP][PASSED] - Statement - lname = rawData.getValue("LastName", randomPaxIndex): null

2017-11-28 19:02:22 - [TEST_STEP][PASSED] - Statement - pgender = rawData.getValue("Gender", randomPaxIndex): null

2017-11-28 19:02:22 - [TEST_STEP][PASSED] - Statement - pday = rawData.getValue("Day DOB", randomPaxIndex): null

2017-11-28 19:02:22 - [TEST_STEP][PASSED] - Statement - pmonth = rawData.getValue("Month DOB", randomPaxIndex): null

2017-11-28 19:02:22 - [TEST_STEP][PASSED] - Statement - pyear = rawData.getValue("Year DOB", randomPaxIndex): null

2017-11-28 19:02:22 - [TEST_STEP][PASSED] - Statement - paxDetailFields = paxInRoomXpath + "[" + j + "]/div[@class="col-md-x col-md-9"]/div[@class="row paxContainer"]/div[@class="col-md-5"]": null

2017-11-28 19:02:22 - [TEST_STEP][PASSED] - Statement - xpathval = paxDetailFields + "[1]/div[contains(@class,"form-group")]/input[@class="form-control paxFirstName"]": null

2017-11-28 19:02:22 - [TEST_STEP][PASSED] - Statement - println("fn: " + xpathval): null

2017-11-28 19:02:22 - [TEST_STEP][PASSED] - Statement - repObj = com.kms.katalon.core.testobject.ObjectRepository.findTestObject(Object Repository/PrimoTours/Old Objects/allPaxFirstNameFields): Finding Test Object with id 'Object Repository/PrimoTours/Old Objects/allPaxFirstNameFields'

2017-11-28 19:02:22 - [TEST_STEP][PASSED] - Statement - repObj.findProperty("xpath").setValue(xpathval): null

2017-11-28 19:02:22 - [TEST_STEP][PASSED] - setText: Text 'Gudmundsdottir AUT' is set on object 'Object Repository/PrimoTours/Old Objects/allPaxFirstNameFields'

2017-11-28 19:02:22 - [MESSAGE][PASSED] - Text 'Gudmundsdottir AUT' is set on object 'Object Repository/PrimoTours/Old Objects/allPaxFirstNameFields'

2017-11-28 19:02:22 - [TEST_STEP][PASSED] - Statement - xpathval = paxDetailFields + "[2]/div[contains(@class,"form-group")]/input[@class="form-control paxLastName"]": null

2017-11-28 19:02:22 - [TEST_STEP][PASSED] - Statement - println("ln: " + xpathval): null

2017-11-28 19:02:22 - [TEST_STEP][PASSED] - Statement - repObj = com.kms.katalon.core.testobject.ObjectRepository.findTestObject(Object Repository/PrimoTours/Old Objects/allPaxLastNameFields): Finding Test Object with id 'Object Repository/PrimoTours/Old Objects/allPaxLastNameFields'

2017-11-28 19:02:22 - [TEST_STEP][PASSED] - Statement - repObj.findProperty("xpath").setValue(xpathval): null

2017-11-28 19:02:22 - [TEST_STEP][PASSED] - setText: Text 'Gudrun' is set on object 'Object Repository/PrimoTours/Old Objects/allPaxLastNameFields'

2017-11-28 19:02:22 - [MESSAGE][PASSED] - Text 'Gudrun' is set on object 'Object Repository/PrimoTours/Old Objects/allPaxLastNameFields'

2017-11-28 19:02:22 - [TEST_STEP][PASSED] - Statement - If (i == 1 & j == 1): null

2017-11-28 19:02:22 - [TEST_STEP][PASSED] - Statement - randomPaxIndex = java.lang.Math.abs(new java.util.Random().nextInt() % excelRowNo) + 1: null

2017-11-28 19:02:22 - [TEST_STEP][PASSED] - Statement - println(randomPaxIndex): null

2017-11-28 19:02:22 - [TEST_STEP][PASSED] - Statement - fname = rawData.getValue("FirstName", randomPaxIndex) + " AUT": null

2017-11-28 19:02:22 - [TEST_STEP][PASSED] - Statement - lname = rawData.getValue("LastName", randomPaxIndex): null

2017-11-28 19:02:22 - [TEST_STEP][PASSED] - Statement - pgender = rawData.getValue("Gender", randomPaxIndex): null

2017-11-28 19:02:22 - [TEST_STEP][PASSED] - Statement - pday = rawData.getValue("Day DOB", randomPaxIndex): null

2017-11-28 19:02:22 - [TEST_STEP][PASSED] - Statement - pmonth = rawData.getValue("Month DOB", randomPaxIndex): null

2017-11-28 19:02:22 - [TEST_STEP][PASSED] - Statement - pyear = rawData.getValue("Year DOB", randomPaxIndex): null

2017-11-28 19:02:22 - [TEST_STEP][PASSED] - Statement - paxDetailFields = paxInRoomXpath + "[" + j + "]/div[@class="col-md-x col-md-9"]/div[@class="row paxContainer"]/div[@class="col-md-5"]": null

2017-11-28 19:02:22 - [TEST_STEP][PASSED] - Statement - xpathval = paxDetailFields + "[1]/div[contains(@class,"form-group")]/input[@class="form-control paxFirstName"]": null

2017-11-28 19:02:22 - [TEST_STEP][PASSED] - Statement - println("fn: " + xpathval): null

2017-11-28 19:02:22 - [TEST_STEP][PASSED] - Statement - repObj = com.kms.katalon.core.testobject.ObjectRepository.findTestObject(Object Repository/PrimoTours/Old Objects/allPaxFirstNameFields): Finding Test Object with id 'Object Repository/PrimoTours/Old Objects/allPaxFirstNameFields'

2017-11-28 19:02:22 - [TEST_STEP][PASSED] - Statement - repObj.findProperty("xpath").setValue(xpathval): null

2017-11-28 19:02:22 - [TEST_STEP][PASSED] - setText: Text 'Skovfo AUT' is set on object 'Object Repository/PrimoTours/Old Objects/allPaxFirstNameFields'

2017-11-28 19:02:22 - [MESSAGE][PASSED] - Text 'Skovfo AUT' is set on object 'Object Repository/PrimoTours/Old Objects/allPaxFirstNameFields'

2017-11-28 19:02:22 - [TEST_STEP][PASSED] - Statement - xpathval = paxDetailFields + "[2]/div[contains(@class,"form-group")]/input[@class="form-control paxLastName"]": null

2017-11-28 19:02:22 - [TEST_STEP][PASSED] - Statement - println("ln: " + xpathval): null

2017-11-28 19:02:22 - [TEST_STEP][PASSED] - Statement - repObj = com.kms.katalon.core.testobject.ObjectRepository.findTestObject(Object Repository/PrimoTours/Old Objects/allPaxLastNameFields): Finding Test Object with id 'Object Repository/PrimoTours/Old Objects/allPaxLastNameFields'

2017-11-28 19:02:22 - [TEST_STEP][PASSED] - Statement - repObj.findProperty("xpath").setValue(xpathval): null

2017-11-28 19:02:22 - [TEST_STEP][PASSED] - setText: Text 'Kristoffer' is set on object 'Object Repository/PrimoTours/Old Objects/allPaxLastNameFields'

2017-11-28 19:02:23 - [MESSAGE][PASSED] - Text 'Kristoffer' is set on object 'Object Repository/PrimoTours/Old Objects/allPaxLastNameFields'

2017-11-28 19:02:23 - [TEST_STEP][PASSED] - scrollToElement: Scroll to object 'Object Repository/PrimoTours/Old Objects/Coco (1)/PrimoT/SaveBooking2/Success/bookingTotalValue' successfully

2017-11-28 19:02:23 - [MESSAGE][PASSED] - Scroll to object 'Object Repository/PrimoTours/Old Objects/Coco (1)/PrimoT/SaveBooking2/Success/bookingTotalValue' successfully

2017-11-28 19:02:23 - [TEST_STEP][PASSED] - click: Object: 'Object Repository/PrimoTours/Old Objects/Coco (1)/PrimoT/SaveBooking2/Success/bookingTotalValue' is clicked on

2017-11-28 19:02:23 - [MESSAGE][PASSED] - Object: 'Object Repository/PrimoTours/Old Objects/Coco (1)/PrimoT/SaveBooking2/Success/bookingTotalValue' is clicked on

2017-11-28 19:02:23 - [TEST_STEP][PASSED] - scrollToElement: Scroll to object 'Object Repository/PrimoTours/Old Objects/Coco (1)/PrimoT/SaveBooking2/Success/Page_Primo Tours  Danmarks bedste c/i_fa fa-arrow-circle-right' successfully

2017-11-28 19:02:23 - [MESSAGE][PASSED] - Scroll to object 'Object Repository/PrimoTours/Old Objects/Coco (1)/PrimoT/SaveBooking2/Success/Page_Primo Tours  Danmarks bedste c/i_fa fa-arrow-circle-right' successfully

2017-11-28 19:02:23 - [TEST_STEP][PASSED] - waitForElementClickable: Object 'Object Repository/PrimoTours/Old Objects/Coco (1)/PrimoT/SaveBooking2/Success/Page_Primo Tours  Danmarks bedste c/i_fa fa-arrow-circle-right' is clickable

2017-11-28 19:02:23 - [MESSAGE][PASSED] - Object 'Object Repository/PrimoTours/Old Objects/Coco (1)/PrimoT/SaveBooking2/Success/Page_Primo Tours  Danmarks bedste c/i_fa fa-arrow-circle-right' is clickable

2017-11-28 19:02:23 - [TEST_STEP][PASSED] - waitForElementVisible: Object 'Object Repository/PrimoTours/Old Objects/Coco (1)/PrimoT/SaveBooking2/Success/Page_Primo Tours  Danmarks bedste c/i_fa fa-arrow-circle-right' is visible

2017-11-28 19:02:23 - [MESSAGE][PASSED] - Object 'Object Repository/PrimoTours/Old Objects/Coco (1)/PrimoT/SaveBooking2/Success/Page_Primo Tours  Danmarks bedste c/i_fa fa-arrow-circle-right' is visible

2017-11-28 19:02:23 - [TEST_STEP][PASSED] - scrollToElement: Scroll to object 'Object Repository/PrimoTours/Old Objects/Coco (1)/PrimoT/SaveBooking2/Success/Page_Primo Tours  Danmarks bedste c/i_fa fa-arrow-circle-right' successfully

2017-11-28 19:02:23 - [MESSAGE][PASSED] - Scroll to object 'Object Repository/PrimoTours/Old Objects/Coco (1)/PrimoT/SaveBooking2/Success/Page_Primo Tours  Danmarks bedste c/i_fa fa-arrow-circle-right' successfully

2017-11-28 19:02:23 - [TEST_STEP][PASSED] - click: Object: 'Object Repository/PrimoTours/Old Objects/Coco (1)/PrimoT/SaveBooking2/Success/Page_Primo Tours  Danmarks bedste c/i_fa fa-arrow-circle-right' is clicked on

2017-11-28 19:02:23 - [MESSAGE][PASSED] - Object: 'Object Repository/PrimoTours/Old Objects/Coco (1)/PrimoT/SaveBooking2/Success/Page_Primo Tours  Danmarks bedste c/i_fa fa-arrow-circle-right' is clicked on

2017-11-28 19:02:23 - [TEST_STEP][PASSED] - delay: Delayed 1 second(s)

2017-11-28 19:02:24 - [MESSAGE][PASSED] - Delayed 1 second(s)

2017-11-28 19:02:24 - [TEST_STEP][PASSED] - waitForElementNotVisible: Object 'Object Repository/PrimoTours/Old Objects/CCenter/pageLoaderOverlayLayer' is NOT visible

2017-11-28 19:02:24 - [MESSAGE][PASSED] - Object 'Object Repository/PrimoTours/Old Objects/CCenter/pageLoaderOverlayLayer' is NOT visible

2017-11-28 19:02:24 - [TEST_STEP][PASSED] - scrollToElement: Scroll to object 'Object Repository/PrimoTours/Old Objects/Coco/PrimoT/Ins2/Page_Primo Tours  Danmarks bedste c/travelInsuranceFirstPaxSelector' successfully

2017-11-28 19:02:24 - [MESSAGE][PASSED] - Scroll to object 'Object Repository/PrimoTours/Old Objects/Coco/PrimoT/Ins2/Page_Primo Tours  Danmarks bedste c/travelInsuranceFirstPaxSelector' successfully

2017-11-28 19:02:24 - [TEST_STEP][PASSED] - waitForElementPresent: Object 'Object Repository/PrimoTours/Old Objects/Coco/PrimoT/Ins2/Page_Primo Tours  Danmarks bedste c/travelInsuranceFirstPaxSelector' is present

2017-11-28 19:02:24 - [MESSAGE][PASSED] - Object 'Object Repository/PrimoTours/Old Objects/Coco/PrimoT/Ins2/Page_Primo Tours  Danmarks bedste c/travelInsuranceFirstPaxSelector' is present

2017-11-28 19:02:24 - [TEST_STEP][PASSED] - waitForElementVisible: Object 'Object Repository/PrimoTours/Old Objects/Coco/PrimoT/Ins2/Page_Primo Tours  Danmarks bedste c/travelInsuranceFirstPaxSelector' is visible

2017-11-28 19:02:24 - [MESSAGE][PASSED] - Object 'Object Repository/PrimoTours/Old Objects/Coco/PrimoT/Ins2/Page_Primo Tours  Danmarks bedste c/travelInsuranceFirstPaxSelector' is visible

2017-11-28 19:02:24 - [TEST_STEP][PASSED] - waitForElementClickable: Object 'Object Repository/PrimoTours/Old Objects/Coco/PrimoT/Ins2/Page_Primo Tours  Danmarks bedste c/travelInsuranceFirstPaxSelector' is clickable

2017-11-28 19:02:24 - [MESSAGE][PASSED] - Object 'Object Repository/PrimoTours/Old Objects/Coco/PrimoT/Ins2/Page_Primo Tours  Danmarks bedste c/travelInsuranceFirstPaxSelector' is clickable

2017-11-28 19:02:24 - [TEST_STEP][PASSED] - click: Object: 'Object Repository/PrimoTours/Old Objects/Coco/PrimoT/Ins2/Page_Primo Tours  Danmarks bedste c/travelInsuranceFirstPaxSelector' is clicked on

2017-11-28 19:02:24 - [MESSAGE][PASSED] - Object: 'Object Repository/PrimoTours/Old Objects/Coco/PrimoT/Ins2/Page_Primo Tours  Danmarks bedste c/travelInsuranceFirstPaxSelector' is clicked on

2017-11-28 19:02:24 - [TEST_STEP][FAILED] - click: Unable to click on object 'Object Repository/PrimoTours/Old Objects/Coco/PrimoT/Ins2/Page_Primo Tours  Danmarks bedste c/li_Har selv forsikring - kr. 0' (Root cause: com.kms.katalon.core.webui.exception.WebElementNotFoundException: Web element with id: 'Object Repository/PrimoTours/Old Objects/Coco/PrimoT/Ins2/Page_Primo Tours  Danmarks bedste c/li_Har selv forsikring - kr. 0' located by 'By.xpath: //*[@class = 'select2-results__option'][1]' not found)

2017-11-28 19:02:40 - [MESSAGE][FAILED] - Unable to click on object 'Object Repository/PrimoTours/Old Objects/Coco/PrimoT/Ins2/Page_Primo Tours  Danmarks bedste c/li_Har selv forsikring - kr. 0' (Root cause: com.kms.katalon.core.webui.exception.WebElementNotFoundException: Web element with id: 'Object Repository/PrimoTours/Old Objects/Coco/PrimoT/Ins2/Page_Primo Tours  Danmarks bedste c/li_Har selv forsikring - kr. 0' located by 'By.xpath: //*[@class = 'select2-results__option'][1]' not found)
[[ATTACHMENT|D:\\Software testing\\Tourpaq\\Automated Katalon tests\\Primo WB test\\Reports\\WB Primo From Excel URLs\\20171128_185633\\1511888560360.png]]]]></system-out>
         <system-err><![CDATA[2017-11-28 19:02:11 - [TEST_CASE][FAILED] - Test Cases/PrimoTours/WB Primo/WB Primo staging - place booking - Iteration 11: Test Cases/PrimoTours/WB Primo/WB Primo staging - place booking FAILED because (of) Unable to click on object 'Object Repository/PrimoTours/Old Objects/Coco/PrimoT/Ins2/Page_Primo Tours  Danmarks bedste c/li_Har selv forsikring - kr. 0' (Root cause: com.kms.katalon.core.webui.exception.WebElementNotFoundException: Web element with id: 'Object Repository/PrimoTours/Old Objects/Coco/PrimoT/Ins2/Page_Primo Tours  Danmarks bedste c/li_Har selv forsikring - kr. 0' located by 'By.xpath: //*[@class = 'select2-results__option'][1]' not found)]]></system-err>
      </testcase>
      <testcase name="Test Cases/PrimoTours/WB Primo/WB Primo staging - place booking - Iteration 12" classname="Test Cases/PrimoTours/WB Primo/WB Primo staging - place booking" status="FAILED">
         <failure type="FAILED" message="Unable to click on object 'Object Repository/PrimoTours/Old Objects/ThankYouPage/printTicketSpan' (Root cause: org.openqa.selenium.WebDriverException: unknown error: Element &lt;span id=&quot;printTicketSpan&quot; data-bind=&quot;text: tourpaq.bookingEngine.languageStaticResources.PrintReceipt&quot;>...&lt;/span> is not clickable at point (508, 319). Other element would receive the click: &lt;div class=&quot;se-pre-con&quot; id=&quot;booking-overlay&quot; style=&quot;opacity: 0.165435;&quot;>&lt;/div>
  (Session info: chrome=62.0.3202.94)
  (Driver info: chromedriver=2.33.506120 (e3e53437346286c0bc2d2dc9aa4915ba81d9023f),platform=Windows NT 6.3.9600 x86_64) (WARNING: The server did not provide any stacktrace information)
Command duration or timeout: 0 milliseconds
Build info: version: '3.7.1', revision: '8a0099a', time: '2017-11-06T21:07:36.161Z'
System info: host: 'NEACSUNEW-PC', ip: '10.10.10.211', os.name: 'Windows 8.1', os.arch: 'amd64', os.version: '6.3', java.version: '1.8.0_102'
Driver info: com.kms.katalon.selenium.driver.CChromeDriver
Capabilities {acceptSslCerts: true, applicationCacheEnabled: false, browserConnectionEnabled: false, browserName: chrome, chrome: {chromedriverVersion: 2.33.506120 (e3e53437346286..., userDataDir: C:\Users\Cornel\AppData\Loc...}, cssSelectorsEnabled: true, databaseEnabled: false, handlesAlerts: true, hasTouchScreen: false, javascriptEnabled: true, locationContextEnabled: true, mobileEmulationEnabled: false, nativeEvents: true, networkConnectionEnabled: false, pageLoadStrategy: normal, platform: XP, platformName: XP, rotatable: false, setWindowRect: true, takesHeapSnapshot: true, takesScreenshot: true, unexpectedAlertBehaviour: , unhandledPromptBehavior: , version: 62.0.3202.94, webStorageEnabled: true}
Session ID: 51c2fa112e425366e20010be667e2e9c)"/>
         <system-out><![CDATA[2017-11-28 19:02:40 - [TEST_CASE][FAILED] - Test Cases/PrimoTours/WB Primo/WB Primo staging - place booking - Iteration 12: Unable to click on object 'Object Repository/PrimoTours/Old Objects/ThankYouPage/printTicketSpan' (Root cause: org.openqa.selenium.WebDriverException: unknown error: Element <span id="printTicketSpan" data-bind="text: tourpaq.bookingEngine.languageStaticResources.PrintReceipt">...</span> is not clickable at point (508, 319). Other element would receive the click: <div class="se-pre-con" id="booking-overlay" style="opacity: 0.165435;"></div>
  (Session info: chrome=62.0.3202.94)
  (Driver info: chromedriver=2.33.506120 (e3e53437346286c0bc2d2dc9aa4915ba81d9023f),platform=Windows NT 6.3.9600 x86_64) (WARNING: The server did not provide any stacktrace information)
Command duration or timeout: 0 milliseconds
Build info: version: '3.7.1', revision: '8a0099a', time: '2017-11-06T21:07:36.161Z'
System info: host: 'NEACSUNEW-PC', ip: '10.10.10.211', os.name: 'Windows 8.1', os.arch: 'amd64', os.version: '6.3', java.version: '1.8.0_102'
Driver info: com.kms.katalon.selenium.driver.CChromeDriver
Capabilities {acceptSslCerts: true, applicationCacheEnabled: false, browserConnectionEnabled: false, browserName: chrome, chrome: {chromedriverVersion: 2.33.506120 (e3e53437346286..., userDataDir: C:\Users\Cornel\AppData\Loc...}, cssSelectorsEnabled: true, databaseEnabled: false, handlesAlerts: true, hasTouchScreen: false, javascriptEnabled: true, locationContextEnabled: true, mobileEmulationEnabled: false, nativeEvents: true, networkConnectionEnabled: false, pageLoadStrategy: normal, platform: XP, platformName: XP, rotatable: false, setWindowRect: true, takesHeapSnapshot: true, takesScreenshot: true, unexpectedAlertBehaviour: , unhandledPromptBehavior: , version: 62.0.3202.94, webStorageEnabled: true}
Session ID: 51c2fa112e425366e20010be667e2e9c)

2017-11-28 19:02:40 - [TEST_STEP][PASSED] - openBrowser: Browser is opened with url: ''

2017-11-28 19:02:40 - [MESSAGE][WARNING] - A browser is already opened. Closing browser and opening a new one

2017-11-28 19:02:43 - [MESSAGE][PASSED] - Browser is opened with url: ''

2017-11-28 19:02:43 - [TEST_STEP][PASSED] - maximizeWindow: Current window maximized

2017-11-28 19:02:45 - [MESSAGE][PASSED] - Current window maximized

2017-11-28 19:02:45 - [TEST_STEP][PASSED] - navigateToUrl: Navigate to 'https://staging-primotours-webbooking.tourpaq.com/DoBooking.aspx?pltaID=1480269&p=2&rno=2&pt=1&a=4&c=4&aa=&ca=1%2C5|0%2C7' successfully

2017-11-28 19:02:47 - [MESSAGE][PASSED] - Navigate to 'https://staging-primotours-webbooking.tourpaq.com/DoBooking.aspx?pltaID=1480269&p=2&rno=2&pt=1&a=4&c=4&aa=&ca=1%2C5|0%2C7' successfully

2017-11-28 19:02:47 - [TEST_STEP][PASSED] - setText: Text 'Pedersen AUT' is set on object 'Object Repository/PrimoTours/Old Objects/Coco/PrimoT/Page_Primo Tours  Danmarks bedste c/input_firstName'

2017-11-28 19:02:47 - [MESSAGE][PASSED] - Text 'Pedersen AUT' is set on object 'Object Repository/PrimoTours/Old Objects/Coco/PrimoT/Page_Primo Tours  Danmarks bedste c/input_firstName'

2017-11-28 19:02:47 - [TEST_STEP][PASSED] - setText: Text 'Vibe Dalby' is set on object 'Object Repository/PrimoTours/Old Objects/Coco/PrimoT/Page_Primo Tours  Danmarks bedste c/input_lastName'

2017-11-28 19:02:48 - [MESSAGE][PASSED] - Text 'Vibe Dalby' is set on object 'Object Repository/PrimoTours/Old Objects/Coco/PrimoT/Page_Primo Tours  Danmarks bedste c/input_lastName'

2017-11-28 19:02:48 - [TEST_STEP][PASSED] - setText: Text 'Home address' is set on object 'Object Repository/PrimoTours/Old Objects/Coco/PrimoT/Page_Primo Tours  Danmarks bedste c/input_customerAddress'

2017-11-28 19:02:48 - [MESSAGE][PASSED] - Text 'Home address' is set on object 'Object Repository/PrimoTours/Old Objects/Coco/PrimoT/Page_Primo Tours  Danmarks bedste c/input_customerAddress'

2017-11-28 19:02:48 - [TEST_STEP][PASSED] - setText: Text '6700' is set on object 'Object Repository/PrimoTours/Old Objects/Coco/PrimoT/Page_Primo Tours  Danmarks bedste c/input_customerPostcode'

2017-11-28 19:02:48 - [MESSAGE][PASSED] - Text '6700' is set on object 'Object Repository/PrimoTours/Old Objects/Coco/PrimoT/Page_Primo Tours  Danmarks bedste c/input_customerPostcode'

2017-11-28 19:02:48 - [TEST_STEP][PASSED] - setText: Text 'cornel.neacsu@roweb.ro' is set on object 'Object Repository/PrimoTours/Old Objects/Coco/PrimoT/Page_Primo Tours  Danmarks bedste c/input_customerEmail'

2017-11-28 19:02:49 - [MESSAGE][PASSED] - Text 'cornel.neacsu@roweb.ro' is set on object 'Object Repository/PrimoTours/Old Objects/Coco/PrimoT/Page_Primo Tours  Danmarks bedste c/input_customerEmail'

2017-11-28 19:02:49 - [TEST_STEP][PASSED] - setText: Text '12345678' is set on object 'Object Repository/PrimoTours/Old Objects/Coco/PrimoT/Page_Primo Tours  Danmarks bedste c/input_customerPhone'

2017-11-28 19:02:49 - [MESSAGE][PASSED] - Text '12345678' is set on object 'Object Repository/PrimoTours/Old Objects/Coco/PrimoT/Page_Primo Tours  Danmarks bedste c/input_customerPhone'

2017-11-28 19:02:49 - [TEST_STEP][PASSED] - Statement - excelInfo = ["fname":"", "lname":"", "pgender":"", "pday":"", "pmonth":"", "pyear":""]: null

2017-11-28 19:02:49 - [TEST_STEP][PASSED] - Statement - rawData = com.kms.katalon.core.testdata.TestDataFactory.findTestData("Data Files/WB_Primo/Passenger_details"): Reading excel file with source file 'D:\Software testing\Tourpaq\Automated Katalon tests\Primo WB test\Data Files\Primo_URLs_For_Automated_Test.xls' and sheet name 'Passenger Names'

2017-11-28 19:02:49 - [TEST_STEP][PASSED] - Statement - excelRowNo = rawData.getRowNumbers(): null

2017-11-28 19:02:49 - [TEST_STEP][PASSED] - Statement - randomPaxIndex = 1: null

2017-11-28 19:02:49 - [TEST_STEP][PASSED] - waitForElementClickable: Object 'Object Repository/PrimoTours/Old Objects/Coco/PrimoT/Page_Primo Tours  Danmarks bedste c/input_firstname-0_1' is clickable

2017-11-28 19:02:51 - [MESSAGE][PASSED] - Object 'Object Repository/PrimoTours/Old Objects/Coco/PrimoT/Page_Primo Tours  Danmarks bedste c/input_firstname-0_1' is clickable

2017-11-28 19:02:51 - [TEST_STEP][PASSED] - Statement - driver = com.kms.katalon.core.webui.driver.DriverFactory.getWebDriver(): null

2017-11-28 19:02:51 - [TEST_STEP][PASSED] - Statement - roomContainerXpath = "id("booking")/div[@class="wrapper second-bg"]/div[contains(@class,"container-mx")]/div[@class="row"]/div[@class="col-md-12 roomContainer"]": null

2017-11-28 19:02:51 - [TEST_STEP][PASSED] - Statement - roomsCount = driver.findElements(org.openqa.selenium.By.xpath(roomContainerXpath)).size(): null

2017-11-28 19:02:51 - [TEST_STEP][PASSED] - Statement - println("roomsCount=" + roomsCount): null

2017-11-28 19:02:51 - [TEST_STEP][PASSED] - Statement - For ([i = 1, i <= roomsCount, (i++)]): Text 'Birthe' is set on object 'Object Repository/PrimoTours/Old Objects/allPaxLastNameFields'

2017-11-28 19:02:51 - [TEST_STEP][PASSED] - Statement - paxInRoomXpath = roomContainerXpath + "[" + i + "]/div[@class="row"]/div[@class="col-md-12"]/div[@class="row"]": null

2017-11-28 19:02:51 - [TEST_STEP][PASSED] - Statement - paxInRoomCount = driver.findElements(org.openqa.selenium.By.xpath(paxInRoomXpath)).size(): null

2017-11-28 19:02:51 - [TEST_STEP][PASSED] - Statement - println("paxInRoomCount=" + paxInRoomCount): null

2017-11-28 19:02:51 - [TEST_STEP][PASSED] - Statement - For ([j = 1, j <= paxInRoomCount, (j++)]): Text 'Tinna' is set on object 'Object Repository/PrimoTours/Old Objects/allPaxLastNameFields'

2017-11-28 19:02:51 - [TEST_STEP][PASSED] - Statement - If (i == 1 & j == 1): null

2017-11-28 19:02:51 - [TEST_STEP][PASSED] - Statement - <not implemented yet for class: org.codehaus.groovy.ast.stmt.ContinueStatement>: null

2017-11-28 19:02:51 - [TEST_STEP][PASSED] - Statement - If (i == 1 & j == 1): null

2017-11-28 19:02:51 - [TEST_STEP][PASSED] - Statement - randomPaxIndex = java.lang.Math.abs(new java.util.Random().nextInt() % excelRowNo) + 1: null

2017-11-28 19:02:51 - [TEST_STEP][PASSED] - Statement - println(randomPaxIndex): null

2017-11-28 19:02:51 - [TEST_STEP][PASSED] - Statement - fname = rawData.getValue("FirstName", randomPaxIndex) + " AUT": null

2017-11-28 19:02:51 - [TEST_STEP][PASSED] - Statement - lname = rawData.getValue("LastName", randomPaxIndex): null

2017-11-28 19:02:51 - [TEST_STEP][PASSED] - Statement - pgender = rawData.getValue("Gender", randomPaxIndex): null

2017-11-28 19:02:51 - [TEST_STEP][PASSED] - Statement - pday = rawData.getValue("Day DOB", randomPaxIndex): null

2017-11-28 19:02:51 - [TEST_STEP][PASSED] - Statement - pmonth = rawData.getValue("Month DOB", randomPaxIndex): null

2017-11-28 19:02:51 - [TEST_STEP][PASSED] - Statement - pyear = rawData.getValue("Year DOB", randomPaxIndex): null

2017-11-28 19:02:51 - [TEST_STEP][PASSED] - Statement - paxDetailFields = paxInRoomXpath + "[" + j + "]/div[@class="col-md-x col-md-9"]/div[@class="row paxContainer"]/div[@class="col-md-5"]": null

2017-11-28 19:02:51 - [TEST_STEP][PASSED] - Statement - xpathval = paxDetailFields + "[1]/div[contains(@class,"form-group")]/input[@class="form-control paxFirstName"]": null

2017-11-28 19:02:51 - [TEST_STEP][PASSED] - Statement - println("fn: " + xpathval): null

2017-11-28 19:02:51 - [TEST_STEP][PASSED] - Statement - repObj = com.kms.katalon.core.testobject.ObjectRepository.findTestObject(Object Repository/PrimoTours/Old Objects/allPaxFirstNameFields): Finding Test Object with id 'Object Repository/PrimoTours/Old Objects/allPaxFirstNameFields'

2017-11-28 19:02:51 - [TEST_STEP][PASSED] - Statement - repObj.findProperty("xpath").setValue(xpathval): null

2017-11-28 19:02:51 - [TEST_STEP][PASSED] - setText: Text 'Jakobsen AUT' is set on object 'Object Repository/PrimoTours/Old Objects/allPaxFirstNameFields'

2017-11-28 19:02:51 - [MESSAGE][PASSED] - Text 'Jakobsen AUT' is set on object 'Object Repository/PrimoTours/Old Objects/allPaxFirstNameFields'

2017-11-28 19:02:51 - [TEST_STEP][PASSED] - Statement - xpathval = paxDetailFields + "[2]/div[contains(@class,"form-group")]/input[@class="form-control paxLastName"]": null

2017-11-28 19:02:51 - [TEST_STEP][PASSED] - Statement - println("ln: " + xpathval): null

2017-11-28 19:02:51 - [TEST_STEP][PASSED] - Statement - repObj = com.kms.katalon.core.testobject.ObjectRepository.findTestObject(Object Repository/PrimoTours/Old Objects/allPaxLastNameFields): Finding Test Object with id 'Object Repository/PrimoTours/Old Objects/allPaxLastNameFields'

2017-11-28 19:02:51 - [TEST_STEP][PASSED] - Statement - repObj.findProperty("xpath").setValue(xpathval): null

2017-11-28 19:02:51 - [TEST_STEP][PASSED] - setText: Text 'Mette Vinge' is set on object 'Object Repository/PrimoTours/Old Objects/allPaxLastNameFields'

2017-11-28 19:02:51 - [MESSAGE][PASSED] - Text 'Mette Vinge' is set on object 'Object Repository/PrimoTours/Old Objects/allPaxLastNameFields'

2017-11-28 19:02:51 - [TEST_STEP][PASSED] - Statement - If (i == 1 & j == 1): null

2017-11-28 19:02:51 - [TEST_STEP][PASSED] - Statement - randomPaxIndex = java.lang.Math.abs(new java.util.Random().nextInt() % excelRowNo) + 1: null

2017-11-28 19:02:51 - [TEST_STEP][PASSED] - Statement - println(randomPaxIndex): null

2017-11-28 19:02:51 - [TEST_STEP][PASSED] - Statement - fname = rawData.getValue("FirstName", randomPaxIndex) + " AUT": null

2017-11-28 19:02:51 - [TEST_STEP][PASSED] - Statement - lname = rawData.getValue("LastName", randomPaxIndex): null

2017-11-28 19:02:51 - [TEST_STEP][PASSED] - Statement - pgender = rawData.getValue("Gender", randomPaxIndex): null

2017-11-28 19:02:51 - [TEST_STEP][PASSED] - Statement - pday = rawData.getValue("Day DOB", randomPaxIndex): null

2017-11-28 19:02:51 - [TEST_STEP][PASSED] - Statement - pmonth = rawData.getValue("Month DOB", randomPaxIndex): null

2017-11-28 19:02:51 - [TEST_STEP][PASSED] - Statement - pyear = rawData.getValue("Year DOB", randomPaxIndex): null

2017-11-28 19:02:51 - [TEST_STEP][PASSED] - Statement - paxDetailFields = paxInRoomXpath + "[" + j + "]/div[@class="col-md-x col-md-9"]/div[@class="row paxContainer"]/div[@class="col-md-5"]": null

2017-11-28 19:02:51 - [TEST_STEP][PASSED] - Statement - xpathval = paxDetailFields + "[1]/div[contains(@class,"form-group")]/input[@class="form-control paxFirstName"]": null

2017-11-28 19:02:51 - [TEST_STEP][PASSED] - Statement - println("fn: " + xpathval): null

2017-11-28 19:02:51 - [TEST_STEP][PASSED] - Statement - repObj = com.kms.katalon.core.testobject.ObjectRepository.findTestObject(Object Repository/PrimoTours/Old Objects/allPaxFirstNameFields): Finding Test Object with id 'Object Repository/PrimoTours/Old Objects/allPaxFirstNameFields'

2017-11-28 19:02:51 - [TEST_STEP][PASSED] - Statement - repObj.findProperty("xpath").setValue(xpathval): null

2017-11-28 19:02:51 - [TEST_STEP][PASSED] - setText: Text 'Mouritzen AUT' is set on object 'Object Repository/PrimoTours/Old Objects/allPaxFirstNameFields'

2017-11-28 19:02:52 - [MESSAGE][PASSED] - Text 'Mouritzen AUT' is set on object 'Object Repository/PrimoTours/Old Objects/allPaxFirstNameFields'

2017-11-28 19:02:52 - [TEST_STEP][PASSED] - Statement - xpathval = paxDetailFields + "[2]/div[contains(@class,"form-group")]/input[@class="form-control paxLastName"]": null

2017-11-28 19:02:52 - [TEST_STEP][PASSED] - Statement - println("ln: " + xpathval): null

2017-11-28 19:02:52 - [TEST_STEP][PASSED] - Statement - repObj = com.kms.katalon.core.testobject.ObjectRepository.findTestObject(Object Repository/PrimoTours/Old Objects/allPaxLastNameFields): Finding Test Object with id 'Object Repository/PrimoTours/Old Objects/allPaxLastNameFields'

2017-11-28 19:02:52 - [TEST_STEP][PASSED] - Statement - repObj.findProperty("xpath").setValue(xpathval): null

2017-11-28 19:02:52 - [TEST_STEP][PASSED] - setText: Text 'Hanne' is set on object 'Object Repository/PrimoTours/Old Objects/allPaxLastNameFields'

2017-11-28 19:02:52 - [MESSAGE][PASSED] - Text 'Hanne' is set on object 'Object Repository/PrimoTours/Old Objects/allPaxLastNameFields'

2017-11-28 19:02:52 - [TEST_STEP][PASSED] - Statement - If (i == 1 & j == 1): null

2017-11-28 19:02:52 - [TEST_STEP][PASSED] - Statement - randomPaxIndex = java.lang.Math.abs(new java.util.Random().nextInt() % excelRowNo) + 1: null

2017-11-28 19:02:52 - [TEST_STEP][PASSED] - Statement - println(randomPaxIndex): null

2017-11-28 19:02:52 - [TEST_STEP][PASSED] - Statement - fname = rawData.getValue("FirstName", randomPaxIndex) + " AUT": null

2017-11-28 19:02:52 - [TEST_STEP][PASSED] - Statement - lname = rawData.getValue("LastName", randomPaxIndex): null

2017-11-28 19:02:52 - [TEST_STEP][PASSED] - Statement - pgender = rawData.getValue("Gender", randomPaxIndex): null

2017-11-28 19:02:52 - [TEST_STEP][PASSED] - Statement - pday = rawData.getValue("Day DOB", randomPaxIndex): null

2017-11-28 19:02:52 - [TEST_STEP][PASSED] - Statement - pmonth = rawData.getValue("Month DOB", randomPaxIndex): null

2017-11-28 19:02:52 - [TEST_STEP][PASSED] - Statement - pyear = rawData.getValue("Year DOB", randomPaxIndex): null

2017-11-28 19:02:52 - [TEST_STEP][PASSED] - Statement - paxDetailFields = paxInRoomXpath + "[" + j + "]/div[@class="col-md-x col-md-9"]/div[@class="row paxContainer"]/div[@class="col-md-5"]": null

2017-11-28 19:02:52 - [TEST_STEP][PASSED] - Statement - xpathval = paxDetailFields + "[1]/div[contains(@class,"form-group")]/input[@class="form-control paxFirstName"]": null

2017-11-28 19:02:52 - [TEST_STEP][PASSED] - Statement - println("fn: " + xpathval): null

2017-11-28 19:02:52 - [TEST_STEP][PASSED] - Statement - repObj = com.kms.katalon.core.testobject.ObjectRepository.findTestObject(Object Repository/PrimoTours/Old Objects/allPaxFirstNameFields): Finding Test Object with id 'Object Repository/PrimoTours/Old Objects/allPaxFirstNameFields'

2017-11-28 19:02:52 - [TEST_STEP][PASSED] - Statement - repObj.findProperty("xpath").setValue(xpathval): null

2017-11-28 19:02:52 - [TEST_STEP][PASSED] - setText: Text 'Christensen AUT' is set on object 'Object Repository/PrimoTours/Old Objects/allPaxFirstNameFields'

2017-11-28 19:02:52 - [MESSAGE][PASSED] - Text 'Christensen AUT' is set on object 'Object Repository/PrimoTours/Old Objects/allPaxFirstNameFields'

2017-11-28 19:02:52 - [TEST_STEP][PASSED] - Statement - xpathval = paxDetailFields + "[2]/div[contains(@class,"form-group")]/input[@class="form-control paxLastName"]": null

2017-11-28 19:02:52 - [TEST_STEP][PASSED] - Statement - println("ln: " + xpathval): null

2017-11-28 19:02:52 - [TEST_STEP][PASSED] - Statement - repObj = com.kms.katalon.core.testobject.ObjectRepository.findTestObject(Object Repository/PrimoTours/Old Objects/allPaxLastNameFields): Finding Test Object with id 'Object Repository/PrimoTours/Old Objects/allPaxLastNameFields'

2017-11-28 19:02:52 - [TEST_STEP][PASSED] - Statement - repObj.findProperty("xpath").setValue(xpathval): null

2017-11-28 19:02:52 - [TEST_STEP][PASSED] - setText: Text 'Tinna' is set on object 'Object Repository/PrimoTours/Old Objects/allPaxLastNameFields'

2017-11-28 19:02:52 - [MESSAGE][PASSED] - Text 'Tinna' is set on object 'Object Repository/PrimoTours/Old Objects/allPaxLastNameFields'

2017-11-28 19:02:52 - [TEST_STEP][PASSED] - Statement - paxInRoomXpath = roomContainerXpath + "[" + i + "]/div[@class="row"]/div[@class="col-md-12"]/div[@class="row"]": null

2017-11-28 19:02:52 - [TEST_STEP][PASSED] - Statement - paxInRoomCount = driver.findElements(org.openqa.selenium.By.xpath(paxInRoomXpath)).size(): null

2017-11-28 19:02:52 - [TEST_STEP][PASSED] - Statement - println("paxInRoomCount=" + paxInRoomCount): null

2017-11-28 19:02:52 - [TEST_STEP][PASSED] - Statement - For ([j = 1, j <= paxInRoomCount, (j++)]): Text 'Birthe' is set on object 'Object Repository/PrimoTours/Old Objects/allPaxLastNameFields'

2017-11-28 19:02:52 - [TEST_STEP][PASSED] - Statement - If (i == 1 & j == 1): null

2017-11-28 19:02:52 - [TEST_STEP][PASSED] - Statement - randomPaxIndex = java.lang.Math.abs(new java.util.Random().nextInt() % excelRowNo) + 1: null

2017-11-28 19:02:52 - [TEST_STEP][PASSED] - Statement - println(randomPaxIndex): null

2017-11-28 19:02:52 - [TEST_STEP][PASSED] - Statement - fname = rawData.getValue("FirstName", randomPaxIndex) + " AUT": null

2017-11-28 19:02:52 - [TEST_STEP][PASSED] - Statement - lname = rawData.getValue("LastName", randomPaxIndex): null

2017-11-28 19:02:52 - [TEST_STEP][PASSED] - Statement - pgender = rawData.getValue("Gender", randomPaxIndex): null

2017-11-28 19:02:52 - [TEST_STEP][PASSED] - Statement - pday = rawData.getValue("Day DOB", randomPaxIndex): null

2017-11-28 19:02:52 - [TEST_STEP][PASSED] - Statement - pmonth = rawData.getValue("Month DOB", randomPaxIndex): null

2017-11-28 19:02:52 - [TEST_STEP][PASSED] - Statement - pyear = rawData.getValue("Year DOB", randomPaxIndex): null

2017-11-28 19:02:52 - [TEST_STEP][PASSED] - Statement - paxDetailFields = paxInRoomXpath + "[" + j + "]/div[@class="col-md-x col-md-9"]/div[@class="row paxContainer"]/div[@class="col-md-5"]": null

2017-11-28 19:02:52 - [TEST_STEP][PASSED] - Statement - xpathval = paxDetailFields + "[1]/div[contains(@class,"form-group")]/input[@class="form-control paxFirstName"]": null

2017-11-28 19:02:52 - [TEST_STEP][PASSED] - Statement - println("fn: " + xpathval): null

2017-11-28 19:02:52 - [TEST_STEP][PASSED] - Statement - repObj = com.kms.katalon.core.testobject.ObjectRepository.findTestObject(Object Repository/PrimoTours/Old Objects/allPaxFirstNameFields): Finding Test Object with id 'Object Repository/PrimoTours/Old Objects/allPaxFirstNameFields'

2017-11-28 19:02:52 - [TEST_STEP][PASSED] - Statement - repObj.findProperty("xpath").setValue(xpathval): null

2017-11-28 19:02:52 - [TEST_STEP][PASSED] - setText: Text 'Bang AUT' is set on object 'Object Repository/PrimoTours/Old Objects/allPaxFirstNameFields'

2017-11-28 19:02:53 - [MESSAGE][PASSED] - Text 'Bang AUT' is set on object 'Object Repository/PrimoTours/Old Objects/allPaxFirstNameFields'

2017-11-28 19:02:53 - [TEST_STEP][PASSED] - Statement - xpathval = paxDetailFields + "[2]/div[contains(@class,"form-group")]/input[@class="form-control paxLastName"]": null

2017-11-28 19:02:53 - [TEST_STEP][PASSED] - Statement - println("ln: " + xpathval): null

2017-11-28 19:02:53 - [TEST_STEP][PASSED] - Statement - repObj = com.kms.katalon.core.testobject.ObjectRepository.findTestObject(Object Repository/PrimoTours/Old Objects/allPaxLastNameFields): Finding Test Object with id 'Object Repository/PrimoTours/Old Objects/allPaxLastNameFields'

2017-11-28 19:02:53 - [TEST_STEP][PASSED] - Statement - repObj.findProperty("xpath").setValue(xpathval): null

2017-11-28 19:02:53 - [TEST_STEP][PASSED] - setText: Text 'Marianne' is set on object 'Object Repository/PrimoTours/Old Objects/allPaxLastNameFields'

2017-11-28 19:02:53 - [MESSAGE][PASSED] - Text 'Marianne' is set on object 'Object Repository/PrimoTours/Old Objects/allPaxLastNameFields'

2017-11-28 19:02:53 - [TEST_STEP][PASSED] - Statement - If (i == 1 & j == 1): null

2017-11-28 19:02:53 - [TEST_STEP][PASSED] - Statement - randomPaxIndex = java.lang.Math.abs(new java.util.Random().nextInt() % excelRowNo) + 1: null

2017-11-28 19:02:53 - [TEST_STEP][PASSED] - Statement - println(randomPaxIndex): null

2017-11-28 19:02:53 - [TEST_STEP][PASSED] - Statement - fname = rawData.getValue("FirstName", randomPaxIndex) + " AUT": null

2017-11-28 19:02:53 - [TEST_STEP][PASSED] - Statement - lname = rawData.getValue("LastName", randomPaxIndex): null

2017-11-28 19:02:53 - [TEST_STEP][PASSED] - Statement - pgender = rawData.getValue("Gender", randomPaxIndex): null

2017-11-28 19:02:53 - [TEST_STEP][PASSED] - Statement - pday = rawData.getValue("Day DOB", randomPaxIndex): null

2017-11-28 19:02:53 - [TEST_STEP][PASSED] - Statement - pmonth = rawData.getValue("Month DOB", randomPaxIndex): null

2017-11-28 19:02:53 - [TEST_STEP][PASSED] - Statement - pyear = rawData.getValue("Year DOB", randomPaxIndex): null

2017-11-28 19:02:53 - [TEST_STEP][PASSED] - Statement - paxDetailFields = paxInRoomXpath + "[" + j + "]/div[@class="col-md-x col-md-9"]/div[@class="row paxContainer"]/div[@class="col-md-5"]": null

2017-11-28 19:02:53 - [TEST_STEP][PASSED] - Statement - xpathval = paxDetailFields + "[1]/div[contains(@class,"form-group")]/input[@class="form-control paxFirstName"]": null

2017-11-28 19:02:53 - [TEST_STEP][PASSED] - Statement - println("fn: " + xpathval): null

2017-11-28 19:02:53 - [TEST_STEP][PASSED] - Statement - repObj = com.kms.katalon.core.testobject.ObjectRepository.findTestObject(Object Repository/PrimoTours/Old Objects/allPaxFirstNameFields): Finding Test Object with id 'Object Repository/PrimoTours/Old Objects/allPaxFirstNameFields'

2017-11-28 19:02:53 - [TEST_STEP][PASSED] - Statement - repObj.findProperty("xpath").setValue(xpathval): null

2017-11-28 19:02:53 - [TEST_STEP][PASSED] - setText: Text 'Strandbygaard AUT' is set on object 'Object Repository/PrimoTours/Old Objects/allPaxFirstNameFields'

2017-11-28 19:02:53 - [MESSAGE][PASSED] - Text 'Strandbygaard AUT' is set on object 'Object Repository/PrimoTours/Old Objects/allPaxFirstNameFields'

2017-11-28 19:02:53 - [TEST_STEP][PASSED] - Statement - xpathval = paxDetailFields + "[2]/div[contains(@class,"form-group")]/input[@class="form-control paxLastName"]": null

2017-11-28 19:02:53 - [TEST_STEP][PASSED] - Statement - println("ln: " + xpathval): null

2017-11-28 19:02:53 - [TEST_STEP][PASSED] - Statement - repObj = com.kms.katalon.core.testobject.ObjectRepository.findTestObject(Object Repository/PrimoTours/Old Objects/allPaxLastNameFields): Finding Test Object with id 'Object Repository/PrimoTours/Old Objects/allPaxLastNameFields'

2017-11-28 19:02:53 - [TEST_STEP][PASSED] - Statement - repObj.findProperty("xpath").setValue(xpathval): null

2017-11-28 19:02:53 - [TEST_STEP][PASSED] - setText: Text 'Birthe' is set on object 'Object Repository/PrimoTours/Old Objects/allPaxLastNameFields'

2017-11-28 19:02:53 - [MESSAGE][PASSED] - Text 'Birthe' is set on object 'Object Repository/PrimoTours/Old Objects/allPaxLastNameFields'

2017-11-28 19:02:53 - [TEST_STEP][PASSED] - scrollToElement: Scroll to object 'Object Repository/PrimoTours/Old Objects/Coco (1)/PrimoT/SaveBooking2/Success/bookingTotalValue' successfully

2017-11-28 19:02:53 - [MESSAGE][PASSED] - Scroll to object 'Object Repository/PrimoTours/Old Objects/Coco (1)/PrimoT/SaveBooking2/Success/bookingTotalValue' successfully

2017-11-28 19:02:53 - [TEST_STEP][PASSED] - click: Object: 'Object Repository/PrimoTours/Old Objects/Coco (1)/PrimoT/SaveBooking2/Success/bookingTotalValue' is clicked on

2017-11-28 19:02:54 - [MESSAGE][PASSED] - Object: 'Object Repository/PrimoTours/Old Objects/Coco (1)/PrimoT/SaveBooking2/Success/bookingTotalValue' is clicked on

2017-11-28 19:02:54 - [TEST_STEP][PASSED] - scrollToElement: Scroll to object 'Object Repository/PrimoTours/Old Objects/Coco (1)/PrimoT/SaveBooking2/Success/Page_Primo Tours  Danmarks bedste c/i_fa fa-arrow-circle-right' successfully

2017-11-28 19:02:54 - [MESSAGE][PASSED] - Scroll to object 'Object Repository/PrimoTours/Old Objects/Coco (1)/PrimoT/SaveBooking2/Success/Page_Primo Tours  Danmarks bedste c/i_fa fa-arrow-circle-right' successfully

2017-11-28 19:02:54 - [TEST_STEP][PASSED] - waitForElementClickable: Object 'Object Repository/PrimoTours/Old Objects/Coco (1)/PrimoT/SaveBooking2/Success/Page_Primo Tours  Danmarks bedste c/i_fa fa-arrow-circle-right' is clickable

2017-11-28 19:02:54 - [MESSAGE][PASSED] - Object 'Object Repository/PrimoTours/Old Objects/Coco (1)/PrimoT/SaveBooking2/Success/Page_Primo Tours  Danmarks bedste c/i_fa fa-arrow-circle-right' is clickable

2017-11-28 19:02:54 - [TEST_STEP][PASSED] - waitForElementVisible: Object 'Object Repository/PrimoTours/Old Objects/Coco (1)/PrimoT/SaveBooking2/Success/Page_Primo Tours  Danmarks bedste c/i_fa fa-arrow-circle-right' is visible

2017-11-28 19:02:54 - [MESSAGE][PASSED] - Object 'Object Repository/PrimoTours/Old Objects/Coco (1)/PrimoT/SaveBooking2/Success/Page_Primo Tours  Danmarks bedste c/i_fa fa-arrow-circle-right' is visible

2017-11-28 19:02:54 - [TEST_STEP][PASSED] - scrollToElement: Scroll to object 'Object Repository/PrimoTours/Old Objects/Coco (1)/PrimoT/SaveBooking2/Success/Page_Primo Tours  Danmarks bedste c/i_fa fa-arrow-circle-right' successfully

2017-11-28 19:02:54 - [MESSAGE][PASSED] - Scroll to object 'Object Repository/PrimoTours/Old Objects/Coco (1)/PrimoT/SaveBooking2/Success/Page_Primo Tours  Danmarks bedste c/i_fa fa-arrow-circle-right' successfully

2017-11-28 19:02:54 - [TEST_STEP][PASSED] - click: Object: 'Object Repository/PrimoTours/Old Objects/Coco (1)/PrimoT/SaveBooking2/Success/Page_Primo Tours  Danmarks bedste c/i_fa fa-arrow-circle-right' is clicked on

2017-11-28 19:02:54 - [MESSAGE][PASSED] - Object: 'Object Repository/PrimoTours/Old Objects/Coco (1)/PrimoT/SaveBooking2/Success/Page_Primo Tours  Danmarks bedste c/i_fa fa-arrow-circle-right' is clicked on

2017-11-28 19:02:54 - [TEST_STEP][PASSED] - delay: Delayed 1 second(s)

2017-11-28 19:02:55 - [MESSAGE][PASSED] - Delayed 1 second(s)

2017-11-28 19:02:55 - [TEST_STEP][PASSED] - waitForElementNotVisible: Object 'Object Repository/PrimoTours/Old Objects/CCenter/pageLoaderOverlayLayer' is NOT visible

2017-11-28 19:02:56 - [MESSAGE][PASSED] - Object 'Object Repository/PrimoTours/Old Objects/CCenter/pageLoaderOverlayLayer' is NOT visible

2017-11-28 19:02:56 - [TEST_STEP][PASSED] - scrollToElement: Scroll to object 'Object Repository/PrimoTours/Old Objects/Coco/PrimoT/Ins2/Page_Primo Tours  Danmarks bedste c/travelInsuranceFirstPaxSelector' successfully

2017-11-28 19:02:56 - [MESSAGE][PASSED] - Scroll to object 'Object Repository/PrimoTours/Old Objects/Coco/PrimoT/Ins2/Page_Primo Tours  Danmarks bedste c/travelInsuranceFirstPaxSelector' successfully

2017-11-28 19:02:56 - [TEST_STEP][PASSED] - waitForElementPresent: Object 'Object Repository/PrimoTours/Old Objects/Coco/PrimoT/Ins2/Page_Primo Tours  Danmarks bedste c/travelInsuranceFirstPaxSelector' is present

2017-11-28 19:02:56 - [MESSAGE][PASSED] - Object 'Object Repository/PrimoTours/Old Objects/Coco/PrimoT/Ins2/Page_Primo Tours  Danmarks bedste c/travelInsuranceFirstPaxSelector' is present

2017-11-28 19:02:56 - [TEST_STEP][PASSED] - waitForElementVisible: Object 'Object Repository/PrimoTours/Old Objects/Coco/PrimoT/Ins2/Page_Primo Tours  Danmarks bedste c/travelInsuranceFirstPaxSelector' is visible

2017-11-28 19:02:56 - [MESSAGE][PASSED] - Object 'Object Repository/PrimoTours/Old Objects/Coco/PrimoT/Ins2/Page_Primo Tours  Danmarks bedste c/travelInsuranceFirstPaxSelector' is visible

2017-11-28 19:02:56 - [TEST_STEP][PASSED] - waitForElementClickable: Object 'Object Repository/PrimoTours/Old Objects/Coco/PrimoT/Ins2/Page_Primo Tours  Danmarks bedste c/travelInsuranceFirstPaxSelector' is clickable

2017-11-28 19:02:56 - [MESSAGE][PASSED] - Object 'Object Repository/PrimoTours/Old Objects/Coco/PrimoT/Ins2/Page_Primo Tours  Danmarks bedste c/travelInsuranceFirstPaxSelector' is clickable

2017-11-28 19:02:56 - [TEST_STEP][PASSED] - click: Object: 'Object Repository/PrimoTours/Old Objects/Coco/PrimoT/Ins2/Page_Primo Tours  Danmarks bedste c/travelInsuranceFirstPaxSelector' is clicked on

2017-11-28 19:02:56 - [MESSAGE][PASSED] - Object: 'Object Repository/PrimoTours/Old Objects/Coco/PrimoT/Ins2/Page_Primo Tours  Danmarks bedste c/travelInsuranceFirstPaxSelector' is clicked on

2017-11-28 19:02:56 - [TEST_STEP][PASSED] - click: Object: 'Object Repository/PrimoTours/Old Objects/Coco/PrimoT/Ins2/Page_Primo Tours  Danmarks bedste c/li_Har selv forsikring - kr. 0' is clicked on

2017-11-28 19:02:56 - [MESSAGE][PASSED] - Object: 'Object Repository/PrimoTours/Old Objects/Coco/PrimoT/Ins2/Page_Primo Tours  Danmarks bedste c/li_Har selv forsikring - kr. 0' is clicked on

2017-11-28 19:02:56 - [TEST_STEP][NOT_RUN] - click: NOT_RUN: click

2017-11-28 19:02:56 - [MESSAGE][NOT_RUN] - NOT_RUN: click

2017-11-28 19:02:56 - [TEST_STEP][NOT_RUN] - scrollToElement: NOT_RUN: scrollToElement

2017-11-28 19:02:56 - [MESSAGE][NOT_RUN] - NOT_RUN: scrollToElement

2017-11-28 19:02:56 - [TEST_STEP][NOT_RUN] - click: NOT_RUN: click

2017-11-28 19:02:56 - [MESSAGE][NOT_RUN] - NOT_RUN: click

2017-11-28 19:02:56 - [TEST_STEP][PASSED] - waitForElementVisible: Object 'Object Repository/PrimoTours/Old Objects/Coco (1)/PrimoT/SaveBooking2/Page_Primo Tours  Danmarks bedste c/individualInsuranceCheckbox' is visible

2017-11-28 19:02:56 - [MESSAGE][PASSED] - Object 'Object Repository/PrimoTours/Old Objects/Coco (1)/PrimoT/SaveBooking2/Page_Primo Tours  Danmarks bedste c/individualInsuranceCheckbox' is visible

2017-11-28 19:02:56 - [TEST_STEP][PASSED] - scrollToElement: Scroll to object 'Object Repository/PrimoTours/Old Objects/Coco (1)/PrimoT/SaveBooking2/Page_Primo Tours  Danmarks bedste c/individualInsuranceCheckbox' successfully

2017-11-28 19:02:56 - [MESSAGE][PASSED] - Scroll to object 'Object Repository/PrimoTours/Old Objects/Coco (1)/PrimoT/SaveBooking2/Page_Primo Tours  Danmarks bedste c/individualInsuranceCheckbox' successfully

2017-11-28 19:02:56 - [TEST_STEP][PASSED] - click: Object: 'Object Repository/PrimoTours/Old Objects/Coco (1)/PrimoT/SaveBooking2/Page_Primo Tours  Danmarks bedste c/individualInsuranceCheckbox' is clicked on

2017-11-28 19:02:56 - [MESSAGE][PASSED] - Object: 'Object Repository/PrimoTours/Old Objects/Coco (1)/PrimoT/SaveBooking2/Page_Primo Tours  Danmarks bedste c/individualInsuranceCheckbox' is clicked on

2017-11-28 19:02:56 - [TEST_STEP][PASSED] - scrollToElement: Scroll to object 'Object Repository/PrimoTours/Old Objects/Coco (1)/PrimoT/SaveBooking2/Success/firstProdCategIndividualSelectionRadioB' successfully

2017-11-28 19:02:56 - [MESSAGE][PASSED] - Scroll to object 'Object Repository/PrimoTours/Old Objects/Coco (1)/PrimoT/SaveBooking2/Success/firstProdCategIndividualSelectionRadioB' successfully

2017-11-28 19:02:56 - [TEST_STEP][PASSED] - waitForElementClickable: Object 'Object Repository/PrimoTours/Old Objects/Coco (1)/PrimoT/SaveBooking2/Success/firstProdCategIndividualSelectionRadioB' is clickable

2017-11-28 19:02:57 - [MESSAGE][PASSED] - Object 'Object Repository/PrimoTours/Old Objects/Coco (1)/PrimoT/SaveBooking2/Success/firstProdCategIndividualSelectionRadioB' is clickable

2017-11-28 19:02:57 - [TEST_STEP][PASSED] - scrollToElement: Scroll to object 'Object Repository/PrimoTours/Old Objects/Coco (1)/PrimoT/SaveBooking2/Success/firstProdCategIndividualSelectionRadioB' successfully

2017-11-28 19:02:57 - [MESSAGE][PASSED] - Scroll to object 'Object Repository/PrimoTours/Old Objects/Coco (1)/PrimoT/SaveBooking2/Success/firstProdCategIndividualSelectionRadioB' successfully

2017-11-28 19:02:57 - [TEST_STEP][PASSED] - click: Object: 'Object Repository/PrimoTours/Old Objects/Coco (1)/PrimoT/SaveBooking2/Success/firstProdCategIndividualSelectionRadioB' is clicked on

2017-11-28 19:02:57 - [MESSAGE][PASSED] - Object: 'Object Repository/PrimoTours/Old Objects/Coco (1)/PrimoT/SaveBooking2/Success/firstProdCategIndividualSelectionRadioB' is clicked on

2017-11-28 19:02:57 - [TEST_STEP][PASSED] - scrollToElement: Scroll to object 'Object Repository/PrimoTours/Old Objects/Coco (1)/PrimoT/SaveBooking2/Success/firstProdCategSelectForAllPaxCheckbox' successfully

2017-11-28 19:02:57 - [MESSAGE][PASSED] - Scroll to object 'Object Repository/PrimoTours/Old Objects/Coco (1)/PrimoT/SaveBooking2/Success/firstProdCategSelectForAllPaxCheckbox' successfully

2017-11-28 19:02:57 - [TEST_STEP][PASSED] - waitForElementClickable: Object 'Object Repository/PrimoTours/Old Objects/Coco (1)/PrimoT/SaveBooking2/Success/firstProdCategSelectForAllPaxCheckbox' is clickable

2017-11-28 19:02:57 - [MESSAGE][PASSED] - Object 'Object Repository/PrimoTours/Old Objects/Coco (1)/PrimoT/SaveBooking2/Success/firstProdCategSelectForAllPaxCheckbox' is clickable

2017-11-28 19:02:57 - [TEST_STEP][PASSED] - click: Object: 'Object Repository/PrimoTours/Old Objects/Coco (1)/PrimoT/SaveBooking2/Success/firstProdCategSelectForAllPaxCheckbox' is clicked on

2017-11-28 19:02:57 - [MESSAGE][PASSED] - Object: 'Object Repository/PrimoTours/Old Objects/Coco (1)/PrimoT/SaveBooking2/Success/firstProdCategSelectForAllPaxCheckbox' is clicked on

2017-11-28 19:02:57 - [TEST_STEP][NOT_RUN] - scrollToElement: NOT_RUN: scrollToElement

2017-11-28 19:02:57 - [MESSAGE][NOT_RUN] - NOT_RUN: scrollToElement

2017-11-28 19:02:57 - [TEST_STEP][NOT_RUN] - scrollToElement: NOT_RUN: scrollToElement

2017-11-28 19:02:57 - [MESSAGE][NOT_RUN] - NOT_RUN: scrollToElement

2017-11-28 19:02:57 - [TEST_STEP][NOT_RUN] - click: NOT_RUN: click

2017-11-28 19:02:57 - [MESSAGE][NOT_RUN] - NOT_RUN: click

2017-11-28 19:02:57 - [TEST_STEP][PASSED] - scrollToElement: Scroll to object 'Object Repository/PrimoTours/ConfirmationPage/agreeTermsAndCondCheckbox' successfully

2017-11-28 19:02:57 - [MESSAGE][PASSED] - Scroll to object 'Object Repository/PrimoTours/ConfirmationPage/agreeTermsAndCondCheckbox' successfully

2017-11-28 19:02:57 - [TEST_STEP][PASSED] - click: Object: 'Object Repository/PrimoTours/ConfirmationPage/agreeTermsAndCondCheckbox' is clicked on

2017-11-28 19:02:58 - [MESSAGE][PASSED] - Object: 'Object Repository/PrimoTours/ConfirmationPage/agreeTermsAndCondCheckbox' is clicked on

2017-11-28 19:02:58 - [TEST_STEP][PASSED] - waitForElementClickable: Object 'Object Repository/PrimoTours/ConfirmationPage/placeBookingButton' is clickable

2017-11-28 19:02:58 - [MESSAGE][PASSED] - Object 'Object Repository/PrimoTours/ConfirmationPage/placeBookingButton' is clickable

2017-11-28 19:02:58 - [TEST_STEP][PASSED] - scrollToElement: Scroll to object 'Object Repository/PrimoTours/ConfirmationPage/placeBookingButton' successfully

2017-11-28 19:02:58 - [MESSAGE][PASSED] - Scroll to object 'Object Repository/PrimoTours/ConfirmationPage/placeBookingButton' successfully

2017-11-28 19:02:58 - [TEST_STEP][PASSED] - Statement - Try: Object: 'Object Repository/PrimoTours/ConfirmationPage/placeBookingButton' is clicked on

2017-11-28 19:02:58 - [TEST_STEP][PASSED] - click: Object: 'Object Repository/PrimoTours/ConfirmationPage/placeBookingButton' is clicked on

2017-11-28 19:02:58 - [MESSAGE][PASSED] - Object: 'Object Repository/PrimoTours/ConfirmationPage/placeBookingButton' is clicked on

2017-11-28 19:02:58 - [TEST_STEP][PASSED] - delay: Delayed 2 second(s)

2017-11-28 19:03:00 - [MESSAGE][PASSED] - Delayed 2 second(s)

2017-11-28 19:03:00 - [TEST_STEP][PASSED] - waitForPageLoad: Wait for page load successfully

2017-11-28 19:03:00 - [MESSAGE][PASSED] - Wait for page load successfully

2017-11-28 19:03:00 - [TEST_STEP][PASSED] - waitForJQueryLoad: jQuery is ready.

2017-11-28 19:03:01 - [MESSAGE][PASSED] - jQuery is ready.

2017-11-28 19:03:01 - [TEST_STEP][NOT_RUN] - waitForElementPresent: NOT_RUN: waitForElementPresent

2017-11-28 19:03:01 - [MESSAGE][NOT_RUN] - NOT_RUN: waitForElementPresent

2017-11-28 19:03:01 - [TEST_STEP][NOT_RUN] - waitForElementNotVisible: NOT_RUN: waitForElementNotVisible

2017-11-28 19:03:01 - [MESSAGE][NOT_RUN] - NOT_RUN: waitForElementNotVisible

2017-11-28 19:03:01 - [TEST_STEP][PASSED] - waitForElementPresent: Object 'Object Repository/PrimoTours/Old Objects/ThankYouPage/bookingNoContainer' is present

2017-11-28 19:03:05 - [MESSAGE][PASSED] - Object 'Object Repository/PrimoTours/Old Objects/ThankYouPage/bookingNoContainer' is present

2017-11-28 19:03:05 - [TEST_STEP][PASSED] - waitForElementClickable: Object 'Object Repository/PrimoTours/Old Objects/ThankYouPage/bookingNoContainer' is clickable

2017-11-28 19:03:05 - [MESSAGE][PASSED] - Object 'Object Repository/PrimoTours/Old Objects/ThankYouPage/bookingNoContainer' is clickable

2017-11-28 19:03:05 - [TEST_STEP][PASSED] - verifyElementVisible: Object 'Object Repository/PrimoTours/Old Objects/ThankYouPage/bookingNoContainer' is visible

2017-11-28 19:03:05 - [MESSAGE][PASSED] - Object 'Object Repository/PrimoTours/Old Objects/ThankYouPage/bookingNoContainer' is visible

2017-11-28 19:03:05 - [TEST_STEP][PASSED] - verifyElementVisible: Object 'Object Repository/PrimoTours/Old Objects/ThankYouPage/bookingTotalInfo' is visible

2017-11-28 19:03:05 - [MESSAGE][PASSED] - Object 'Object Repository/PrimoTours/Old Objects/ThankYouPage/bookingTotalInfo' is visible

2017-11-28 19:03:05 - [TEST_STEP][PASSED] - verifyElementVisible: Object 'Object Repository/PrimoTours/Old Objects/ThankYouPage/bookingTotalPriceBar' is visible

2017-11-28 19:03:05 - [MESSAGE][PASSED] - Object 'Object Repository/PrimoTours/Old Objects/ThankYouPage/bookingTotalPriceBar' is visible

2017-11-28 19:03:05 - [TEST_STEP][PASSED] - verifyElementVisible: Object 'Object Repository/PrimoTours/Old Objects/ThankYouPage/printTicketSpan' is visible

2017-11-28 19:03:05 - [MESSAGE][PASSED] - Object 'Object Repository/PrimoTours/Old Objects/ThankYouPage/printTicketSpan' is visible

2017-11-28 19:03:05 - [TEST_STEP][PASSED] - waitForElementClickable: Object 'Object Repository/PrimoTours/Old Objects/ThankYouPage/printTicketSpan' is clickable

2017-11-28 19:03:05 - [MESSAGE][PASSED] - Object 'Object Repository/PrimoTours/Old Objects/ThankYouPage/printTicketSpan' is clickable

2017-11-28 19:03:05 - [TEST_STEP][FAILED] - Statement - Try: Unable to click on object 'Object Repository/PrimoTours/Old Objects/ThankYouPage/printTicketSpan' (Root cause: org.openqa.selenium.WebDriverException: unknown error: Element <span id="printTicketSpan" data-bind="text: tourpaq.bookingEngine.languageStaticResources.PrintReceipt">...</span> is not clickable at point (508, 319). Other element would receive the click: <div class="se-pre-con" id="booking-overlay" style="opacity: 0.165435;"></div>
  (Session info: chrome=62.0.3202.94)
  (Driver info: chromedriver=2.33.506120 (e3e53437346286c0bc2d2dc9aa4915ba81d9023f),platform=Windows NT 6.3.9600 x86_64) (WARNING: The server did not provide any stacktrace information)
Command duration or timeout: 0 milliseconds
Build info: version: '3.7.1', revision: '8a0099a', time: '2017-11-06T21:07:36.161Z'
System info: host: 'NEACSUNEW-PC', ip: '10.10.10.211', os.name: 'Windows 8.1', os.arch: 'amd64', os.version: '6.3', java.version: '1.8.0_102'
Driver info: com.kms.katalon.selenium.driver.CChromeDriver
Capabilities {acceptSslCerts: true, applicationCacheEnabled: false, browserConnectionEnabled: false, browserName: chrome, chrome: {chromedriverVersion: 2.33.506120 (e3e53437346286..., userDataDir: C:\Users\Cornel\AppData\Loc...}, cssSelectorsEnabled: true, databaseEnabled: false, handlesAlerts: true, hasTouchScreen: false, javascriptEnabled: true, locationContextEnabled: true, mobileEmulationEnabled: false, nativeEvents: true, networkConnectionEnabled: false, pageLoadStrategy: normal, platform: XP, platformName: XP, rotatable: false, setWindowRect: true, takesHeapSnapshot: true, takesScreenshot: true, unexpectedAlertBehaviour: , unhandledPromptBehavior: , version: 62.0.3202.94, webStorageEnabled: true}
Session ID: 51c2fa112e425366e20010be667e2e9c)

2017-11-28 19:03:05 - [TEST_STEP][FAILED] - click: Unable to click on object 'Object Repository/PrimoTours/Old Objects/ThankYouPage/printTicketSpan' (Root cause: org.openqa.selenium.WebDriverException: unknown error: Element <span id="printTicketSpan" data-bind="text: tourpaq.bookingEngine.languageStaticResources.PrintReceipt">...</span> is not clickable at point (508, 319). Other element would receive the click: <div class="se-pre-con" id="booking-overlay" style="opacity: 0.165435;"></div>
  (Session info: chrome=62.0.3202.94)
  (Driver info: chromedriver=2.33.506120 (e3e53437346286c0bc2d2dc9aa4915ba81d9023f),platform=Windows NT 6.3.9600 x86_64) (WARNING: The server did not provide any stacktrace information)
Command duration or timeout: 0 milliseconds
Build info: version: '3.7.1', revision: '8a0099a', time: '2017-11-06T21:07:36.161Z'
System info: host: 'NEACSUNEW-PC', ip: '10.10.10.211', os.name: 'Windows 8.1', os.arch: 'amd64', os.version: '6.3', java.version: '1.8.0_102'
Driver info: com.kms.katalon.selenium.driver.CChromeDriver
Capabilities {acceptSslCerts: true, applicationCacheEnabled: false, browserConnectionEnabled: false, browserName: chrome, chrome: {chromedriverVersion: 2.33.506120 (e3e53437346286..., userDataDir: C:\Users\Cornel\AppData\Loc...}, cssSelectorsEnabled: true, databaseEnabled: false, handlesAlerts: true, hasTouchScreen: false, javascriptEnabled: true, locationContextEnabled: true, mobileEmulationEnabled: false, nativeEvents: true, networkConnectionEnabled: false, pageLoadStrategy: normal, platform: XP, platformName: XP, rotatable: false, setWindowRect: true, takesHeapSnapshot: true, takesScreenshot: true, unexpectedAlertBehaviour: , unhandledPromptBehavior: , version: 62.0.3202.94, webStorageEnabled: true}
Session ID: 51c2fa112e425366e20010be667e2e9c)

2017-11-28 19:03:06 - [MESSAGE][FAILED] - Unable to click on object 'Object Repository/PrimoTours/Old Objects/ThankYouPage/printTicketSpan' (Root cause: org.openqa.selenium.WebDriverException: unknown error: Element <span id="printTicketSpan" data-bind="text: tourpaq.bookingEngine.languageStaticResources.PrintReceipt">...</span> is not clickable at point (508, 319). Other element would receive the click: <div class="se-pre-con" id="booking-overlay" style="opacity: 0.165435;"></div>
  (Session info: chrome=62.0.3202.94)
  (Driver info: chromedriver=2.33.506120 (e3e53437346286c0bc2d2dc9aa4915ba81d9023f),platform=Windows NT 6.3.9600 x86_64) (WARNING: The server did not provide any stacktrace information)
Command duration or timeout: 0 milliseconds
Build info: version: '3.7.1', revision: '8a0099a', time: '2017-11-06T21:07:36.161Z'
System info: host: 'NEACSUNEW-PC', ip: '10.10.10.211', os.name: 'Windows 8.1', os.arch: 'amd64', os.version: '6.3', java.version: '1.8.0_102'
Driver info: com.kms.katalon.selenium.driver.CChromeDriver
Capabilities {acceptSslCerts: true, applicationCacheEnabled: false, browserConnectionEnabled: false, browserName: chrome, chrome: {chromedriverVersion: 2.33.506120 (e3e53437346286..., userDataDir: C:\Users\Cornel\AppData\Loc...}, cssSelectorsEnabled: true, databaseEnabled: false, handlesAlerts: true, hasTouchScreen: false, javascriptEnabled: true, locationContextEnabled: true, mobileEmulationEnabled: false, nativeEvents: true, networkConnectionEnabled: false, pageLoadStrategy: normal, platform: XP, platformName: XP, rotatable: false, setWindowRect: true, takesHeapSnapshot: true, takesScreenshot: true, unexpectedAlertBehaviour: , unhandledPromptBehavior: , version: 62.0.3202.94, webStorageEnabled: true}
Session ID: 51c2fa112e425366e20010be667e2e9c)
[[ATTACHMENT|D:\\Software testing\\Tourpaq\\Automated Katalon tests\\Primo WB test\\Reports\\WB Primo From Excel URLs\\20171128_185633\\1511888586046.png]]

2017-11-28 19:03:06 - [TEST_STEP][PASSED] - Statement - Catch (Exception e): Object: 'Object Repository/PrimoTours/Old Objects/ThankYouPage/printTicketSpan' is clicked on

2017-11-28 19:03:06 - [TEST_STEP][PASSED] - click: Object: 'Object Repository/PrimoTours/Old Objects/ThankYouPage/printTicketSpan' is clicked on

2017-11-28 19:03:11 - [MESSAGE][PASSED] - Object: 'Object Repository/PrimoTours/Old Objects/ThankYouPage/printTicketSpan' is clicked on

2017-11-28 19:03:11 - [TEST_STEP][PASSED] - delay: Delayed 2 second(s)

2017-11-28 19:03:13 - [MESSAGE][PASSED] - Delayed 2 second(s)

2017-11-28 19:03:13 - [TEST_STEP][PASSED] - waitForElementVisible: Object 'Object Repository/PrimoTours/Old Objects/ThankYouPage/cCenterButton' is visible

2017-11-28 19:03:13 - [MESSAGE][PASSED] - Object 'Object Repository/PrimoTours/Old Objects/ThankYouPage/cCenterButton' is visible

2017-11-28 19:03:13 - [TEST_STEP][PASSED] - waitForElementClickable: Object 'Object Repository/PrimoTours/Old Objects/ThankYouPage/cCenterButton' is clickable

2017-11-28 19:03:13 - [MESSAGE][PASSED] - Object 'Object Repository/PrimoTours/Old Objects/ThankYouPage/cCenterButton' is clickable

2017-11-28 19:03:13 - [TEST_STEP][PASSED] - click: Object: 'Object Repository/PrimoTours/Old Objects/ThankYouPage/cCenterButton' is clicked on

2017-11-28 19:03:13 - [MESSAGE][PASSED] - Object: 'Object Repository/PrimoTours/Old Objects/ThankYouPage/cCenterButton' is clicked on

2017-11-28 19:03:13 - [TEST_STEP][PASSED] - waitForPageLoad: Wait for page load successfully

2017-11-28 19:03:13 - [MESSAGE][PASSED] - Wait for page load successfully

2017-11-28 19:03:13 - [TEST_STEP][PASSED] - waitForJQueryLoad: jQuery is ready.

2017-11-28 19:03:13 - [MESSAGE][PASSED] - jQuery is ready.

2017-11-28 19:03:13 - [TEST_STEP][PASSED] - waitForElementPresent: Object 'Object Repository/PrimoTours/Old Objects/CCenter/pageLoaderOverlayLayer' is present

2017-11-28 19:03:13 - [MESSAGE][PASSED] - Object 'Object Repository/PrimoTours/Old Objects/CCenter/pageLoaderOverlayLayer' is present

2017-11-28 19:03:13 - [TEST_STEP][PASSED] - waitForElementNotVisible: Object 'Object Repository/PrimoTours/Old Objects/CCenter/pageLoaderOverlayLayer' is NOT visible

2017-11-28 19:03:13 - [MESSAGE][PASSED] - Object 'Object Repository/PrimoTours/Old Objects/CCenter/pageLoaderOverlayLayer' is NOT visible

2017-11-28 19:03:13 - [TEST_STEP][PASSED] - verifyElementVisible: Object 'Object Repository/PrimoTours/Old Objects/ThankYouPage/bookingNoContainer' is visible

2017-11-28 19:03:14 - [MESSAGE][PASSED] - Object 'Object Repository/PrimoTours/Old Objects/ThankYouPage/bookingNoContainer' is visible

2017-11-28 19:03:14 - [TEST_STEP][PASSED] - verifyElementVisible: Object 'Object Repository/PrimoTours/Old Objects/ThankYouPage/bookingTotalPriceBar' is visible

2017-11-28 19:03:14 - [MESSAGE][PASSED] - Object 'Object Repository/PrimoTours/Old Objects/ThankYouPage/bookingTotalPriceBar' is visible

2017-11-28 19:03:14 - [TEST_STEP][PASSED] - delay: Delayed 1 second(s)

2017-11-28 19:03:15 - [MESSAGE][PASSED] - Delayed 1 second(s)]]></system-out>
         <system-err><![CDATA[2017-11-28 19:02:40 - [TEST_CASE][FAILED] - Test Cases/PrimoTours/WB Primo/WB Primo staging - place booking - Iteration 12: Unable to click on object 'Object Repository/PrimoTours/Old Objects/ThankYouPage/printTicketSpan' (Root cause: org.openqa.selenium.WebDriverException: unknown error: Element <span id="printTicketSpan" data-bind="text: tourpaq.bookingEngine.languageStaticResources.PrintReceipt">...</span> is not clickable at point (508, 319). Other element would receive the click: <div class="se-pre-con" id="booking-overlay" style="opacity: 0.165435;"></div>
  (Session info: chrome=62.0.3202.94)
  (Driver info: chromedriver=2.33.506120 (e3e53437346286c0bc2d2dc9aa4915ba81d9023f),platform=Windows NT 6.3.9600 x86_64) (WARNING: The server did not provide any stacktrace information)
Command duration or timeout: 0 milliseconds
Build info: version: '3.7.1', revision: '8a0099a', time: '2017-11-06T21:07:36.161Z'
System info: host: 'NEACSUNEW-PC', ip: '10.10.10.211', os.name: 'Windows 8.1', os.arch: 'amd64', os.version: '6.3', java.version: '1.8.0_102'
Driver info: com.kms.katalon.selenium.driver.CChromeDriver
Capabilities {acceptSslCerts: true, applicationCacheEnabled: false, browserConnectionEnabled: false, browserName: chrome, chrome: {chromedriverVersion: 2.33.506120 (e3e53437346286..., userDataDir: C:\Users\Cornel\AppData\Loc...}, cssSelectorsEnabled: true, databaseEnabled: false, handlesAlerts: true, hasTouchScreen: false, javascriptEnabled: true, locationContextEnabled: true, mobileEmulationEnabled: false, nativeEvents: true, networkConnectionEnabled: false, pageLoadStrategy: normal, platform: XP, platformName: XP, rotatable: false, setWindowRect: true, takesHeapSnapshot: true, takesScreenshot: true, unexpectedAlertBehaviour: , unhandledPromptBehavior: , version: 62.0.3202.94, webStorageEnabled: true}
Session ID: 51c2fa112e425366e20010be667e2e9c)]]></system-err>
      </testcase>
      <system-out><![CDATA[2017-11-28 18:56:35 - [TEST_SUITE][FAILED] - WB Primo From Excel URLs: Test Cases/PrimoTours/WB Primo/WB Primo staging - place booking FAILED because (of) Unable to click on object 'Object Repository/PrimoTours/ConfirmationPage/placeBookingButton' (Root cause: org.openqa.selenium.WebDriverException: unknown error: Element <a href="javascript:;" class="btn btn-success col-xs-12 step defaultButton disabledElement" data-validator="options" data-loader="true" id="placeBookingButton" data-bind="css: tourpaq.bookingEngine.confirmation.nextStepButtonStyle">...</a> is not clickable at point (1337, 729). Other element would receive the click: <div class="col-xs-12 col-md-4 col-md-offset-4 pull-right">...</div>
  (Session info: chrome=62.0.3202.94)
  (Driver info: chromedriver=2.33.506120 (e3e53437346286c0bc2d2dc9aa4915ba81d9023f),platform=Windows NT 6.3.9600 x86_64) (WARNING: The server did not provide any stacktrace information)
Command duration or timeout: 0 milliseconds
Build info: version: '3.7.1', revision: '8a0099a', time: '2017-11-06T21:07:36.161Z'
System info: host: 'NEACSUNEW-PC', ip: '10.10.10.211', os.name: 'Windows 8.1', os.arch: 'amd64', os.version: '6.3', java.version: '1.8.0_102'
Driver info: com.kms.katalon.selenium.driver.CChromeDriver
Capabilities {acceptSslCerts: true, applicationCacheEnabled: false, browserConnectionEnabled: false, browserName: chrome, chrome: {chromedriverVersion: 2.33.506120 (e3e53437346286..., userDataDir: C:\Users\Cornel\AppData\Loc...}, cssSelectorsEnabled: true, databaseEnabled: false, handlesAlerts: true, hasTouchScreen: false, javascriptEnabled: true, locationContextEnabled: true, mobileEmulationEnabled: false, nativeEvents: true, networkConnectionEnabled: false, pageLoadStrategy: normal, platform: XP, platformName: XP, rotatable: false, setWindowRect: true, takesHeapSnapshot: true, takesScreenshot: true, unexpectedAlertBehaviour: , unhandledPromptBehavior: , version: 62.0.3202.94, webStorageEnabled: true}
Session ID: 7c36feceae2cb5dd7b81b1ebc83caa07)]]></system-out>
      <system-err><![CDATA[2017-11-28 18:56:35 - [TEST_SUITE][FAILED] - WB Primo From Excel URLs: Test Cases/PrimoTours/WB Primo/WB Primo staging - place booking FAILED because (of) Unable to click on object 'Object Repository/PrimoTours/ConfirmationPage/placeBookingButton' (Root cause: org.openqa.selenium.WebDriverException: unknown error: Element <a href="javascript:;" class="btn btn-success col-xs-12 step defaultButton disabledElement" data-validator="options" data-loader="true" id="placeBookingButton" data-bind="css: tourpaq.bookingEngine.confirmation.nextStepButtonStyle">...</a> is not clickable at point (1337, 729). Other element would receive the click: <div class="col-xs-12 col-md-4 col-md-offset-4 pull-right">...</div>
  (Session info: chrome=62.0.3202.94)
  (Driver info: chromedriver=2.33.506120 (e3e53437346286c0bc2d2dc9aa4915ba81d9023f),platform=Windows NT 6.3.9600 x86_64) (WARNING: The server did not provide any stacktrace information)
Command duration or timeout: 0 milliseconds
Build info: version: '3.7.1', revision: '8a0099a', time: '2017-11-06T21:07:36.161Z'
System info: host: 'NEACSUNEW-PC', ip: '10.10.10.211', os.name: 'Windows 8.1', os.arch: 'amd64', os.version: '6.3', java.version: '1.8.0_102'
Driver info: com.kms.katalon.selenium.driver.CChromeDriver
Capabilities {acceptSslCerts: true, applicationCacheEnabled: false, browserConnectionEnabled: false, browserName: chrome, chrome: {chromedriverVersion: 2.33.506120 (e3e53437346286..., userDataDir: C:\Users\Cornel\AppData\Loc...}, cssSelectorsEnabled: true, databaseEnabled: false, handlesAlerts: true, hasTouchScreen: false, javascriptEnabled: true, locationContextEnabled: true, mobileEmulationEnabled: false, nativeEvents: true, networkConnectionEnabled: false, pageLoadStrategy: normal, platform: XP, platformName: XP, rotatable: false, setWindowRect: true, takesHeapSnapshot: true, takesScreenshot: true, unexpectedAlertBehaviour: , unhandledPromptBehavior: , version: 62.0.3202.94, webStorageEnabled: true}
Session ID: 7c36feceae2cb5dd7b81b1ebc83caa07)]]></system-err>
   </testsuite>
</testsuites>
